L 01/04/2020 - 19:04:58: Log file started (file "logs/L0104066.log") (game "cstrike") (version "48/1.1.2.7/Stdio/1621")
L 01/04/2020 - 19:04:58: Loading map "de_airninja"
L 01/04/2020 - 19:04:58: Server cvars start
L 01/04/2020 - 19:04:58: Server cvar "@BunnyHopper" = "3.x"
L 01/04/2020 - 19:04:58: Server cvar "@CRXGoSpec" = "1.1"
L 01/04/2020 - 19:04:58: Server cvar "@CRXRemoveImmunity" = "1.0"
L 01/04/2020 - 19:04:58: Server cvar "@D.I.C.E." = "1.1"
L 01/04/2020 - 19:04:58: Server cvar "@MOTDCommands" = "1.2"
L 01/04/2020 - 19:04:58: Server cvar "advanced_quake_sounds" = "5.0"
L 01/04/2020 - 19:04:58: Server cvar "AdvancedMute" = "1.0"
L 01/04/2020 - 19:04:58: Server cvar "aesp_version" = "1.3"
L 01/04/2020 - 19:04:58: Server cvar "allow_spectators" = "1.0"
L 01/04/2020 - 19:04:58: Server cvar "amx_client_languages" = "1"
L 01/04/2020 - 19:04:58: Server cvar "amx_language" = "en"
L 01/04/2020 - 19:04:58: Server cvar "amx_nextmap" = "de_airninja"
L 01/04/2020 - 19:04:58: Server cvar "amx_ptb_version" = "1.8b3"
L 01/04/2020 - 19:04:58: Server cvar "amx_timeleft" = "12:48"
L 01/04/2020 - 19:04:58: Server cvar "amxmodx_version" = "1.8.2"
L 01/04/2020 - 19:04:58: Server cvar "amxxbg_vip" = "1.0"
L 01/04/2020 - 19:04:58: Server cvar "asp_version" = "4.5.1"
L 01/04/2020 - 19:04:58: Server cvar "atac_version" = "3.0.1"
L 01/04/2020 - 19:04:58: Server cvar "badcamper_version" = "1.4 beta"
L 01/04/2020 - 19:04:58: Server cvar "blockmaker" = "4.01"
L 01/04/2020 - 19:04:58: Server cvar "c4 timer" = "1.1"
L 01/04/2020 - 19:04:58: Server cvar "coop" = "0"
L 01/04/2020 - 19:04:58: Server cvar "CRXAdminGroups" = "1.0"
L 01/04/2020 - 19:04:58: Server cvar "CRXCommandRestrictions" = "1.0"
L 01/04/2020 - 19:04:58: Server cvar "CRXFastKnife" = "1.0"
L 01/04/2020 - 19:04:58: Server cvar "CRXGametracker" = "2.0"
L 01/04/2020 - 19:04:58: Server cvar "CRXKnifeModels" = "2.5.7"
L 01/04/2020 - 19:04:58: Server cvar "CRXTeamAdvantage" = "1.0"
L 01/04/2020 - 19:04:58: Server cvar "CustomShop" = "4.2"
L 01/04/2020 - 19:04:58: Server cvar "deathmatch" = "1"
L 01/04/2020 - 19:04:58: Server cvar "decalfrequency" = "0"
L 01/04/2020 - 19:04:58: Server cvar "edgefriction" = "2"
L 01/04/2020 - 19:04:58: Server cvar "ers_version" = "2.3c"
L 01/04/2020 - 19:04:58: Server cvar "gagsystem_shoko" = "1.0"
L 01/04/2020 - 19:04:58: Server cvar "gal_mapcyclefile" = "mapcycle.txt"
L 01/04/2020 - 19:04:58: Server cvar "gal_version" = "v5.9.1-926"
L 01/04/2020 - 19:04:58: Server cvar "game_version" = "5.7.0.313-dev"
L 01/04/2020 - 19:04:58: Server cvar "humans_join_team" = "any"
L 01/04/2020 - 19:04:58: Server cvar "jtp10181" = "chute,gore"
L 01/04/2020 - 19:04:58: Server cvar "lawliet" = "ny_RainingSnow"
L 01/04/2020 - 19:04:58: Server cvar "LetitSnow" = "1.0"
L 01/04/2020 - 19:04:58: Server cvar "map_spawns" = "T(16) CT(16)"
L 01/04/2020 - 19:04:58: Server cvar "max_queries_sec" = "3"
L 01/04/2020 - 19:04:58: Server cvar "max_queries_sec_global" = "150"
L 01/04/2020 - 19:04:58: Server cvar "max_queries_window" = "60"
L 01/04/2020 - 19:04:58: Server cvar "mdbBans" = "4.8"
L 01/04/2020 - 19:04:58: Server cvar "metamod_version" = "1.21p37"
L 01/04/2020 - 19:04:58: Server cvar "mp_autokick" = "0"
L 01/04/2020 - 19:04:58: Server cvar "mp_autokick_timeout" = "-1"
L 01/04/2020 - 19:04:58: Server cvar "mp_autoteambalance" = "0"
L 01/04/2020 - 19:04:58: Server cvar "mp_buytime" = "0.25"
L 01/04/2020 - 19:04:58: Server cvar "mp_c4timer" = "35"
L 01/04/2020 - 19:04:58: Server cvar "mp_chattime" = "10.000000"
L 01/04/2020 - 19:04:58: Server cvar "mp_consistency" = "1"
L 01/04/2020 - 19:04:58: Server cvar "mp_fadetoblack" = "0"
L 01/04/2020 - 19:04:58: Server cvar "mp_flashlight" = "1"
L 01/04/2020 - 19:04:58: Server cvar "mp_footsteps" = "1"
L 01/04/2020 - 19:04:58: Server cvar "mp_forcecamera" = "0"
L 01/04/2020 - 19:04:58: Server cvar "mp_forcechasecam" = "0"
L 01/04/2020 - 19:04:58: Server cvar "mp_forcerespawn" = "0"
L 01/04/2020 - 19:04:58: Server cvar "mp_fraglimit" = "0"
L 01/04/2020 - 19:04:58: Server cvar "mp_fragsleft" = "0"
L 01/04/2020 - 19:04:58: Server cvar "mp_freeforall" = "0"
L 01/04/2020 - 19:04:58: Server cvar "mp_freezetime" = "1"
L 01/04/2020 - 19:04:58: Server cvar "mp_friendlyfire" = "1"
L 01/04/2020 - 19:04:58: Server cvar "mp_hostage_hurtable" = "1"
L 01/04/2020 - 19:04:58: Server cvar "mp_hostagepenalty" = "0"
L 01/04/2020 - 19:04:58: Server cvar "mp_item_staytime" = "300"
L 01/04/2020 - 19:04:58: Server cvar "mp_kickpercent" = "0.66"
L 01/04/2020 - 19:04:58: Server cvar "mp_legacy_bombtarget_touch" = "1"
L 01/04/2020 - 19:04:58: Server cvar "mp_limitteams" = "0"
L 01/04/2020 - 19:04:58: Server cvar "mp_logdetail" = "0"
L 01/04/2020 - 19:04:58: Server cvar "mp_logfile" = "1"
L 01/04/2020 - 19:04:58: Server cvar "mp_logmessages" = "1"
L 01/04/2020 - 19:04:58: Server cvar "mp_mapvoteratio" = "0.66"
L 01/04/2020 - 19:04:58: Server cvar "mp_maxmoney" = "999999"
L 01/04/2020 - 19:04:58: Server cvar "mp_maxrounds" = "0"
L 01/04/2020 - 19:04:58: Server cvar "mp_mirrordamage" = "0"
L 01/04/2020 - 19:04:58: Server cvar "mp_old_bomb_defused_sound" = "1"
L 01/04/2020 - 19:04:58: Server cvar "mp_playerid" = "0"
L 01/04/2020 - 19:04:58: Server cvar "mp_respawn_immunitytime" = "0"
L 01/04/2020 - 19:04:58: Server cvar "mp_round_infinite" = "0"
L 01/04/2020 - 19:04:58: Server cvar "mp_round_restart_delay" = "5"
L 01/04/2020 - 19:04:58: Server cvar "mp_roundover" = "0"
L 01/04/2020 - 19:04:58: Server cvar "mp_roundtime" = "2.3"
L 01/04/2020 - 19:04:58: Server cvar "mp_show_radioicon" = "1"
L 01/04/2020 - 19:04:58: Server cvar "mp_startmoney" = "850"
L 01/04/2020 - 19:04:58: Server cvar "mp_timeleft" = "12:48"
L 01/04/2020 - 19:04:58: Server cvar "mp_timelimit" = "20"
L 01/04/2020 - 19:04:58: Server cvar "mp_tkpunish" = "0"
L 01/04/2020 - 19:04:58: Server cvar "mp_windifference" = "1"
L 01/04/2020 - 19:04:58: Server cvar "mp_winlimit" = "0"
L 01/04/2020 - 19:04:58: Server cvar "NoWeaponsOnGround" = "1.0"
L 01/04/2020 - 19:04:58: Server cvar "pausable" = "0"
L 01/04/2020 - 19:04:58: Server cvar "present_version" = "2.01"
L 01/04/2020 - 19:04:58: Server cvar "RandomHP" = "2.2"
L 01/04/2020 - 19:04:58: Server cvar "reauthcheck_version" = "0.1.6"
L 01/04/2020 - 19:04:58: Server cvar "reconnect_features" = "0.3.1"
L 01/04/2020 - 19:04:58: Server cvar "report_system_version" = "3.1"
L 01/04/2020 - 19:04:58: Server cvar "resemiclip_version" = "2.3.9"
L 01/04/2020 - 19:04:58: Server cvar "reu_version" = "0.1.0.130"
L 01/04/2020 - 19:04:58: Server cvar "revoice_version" = "0.1.0.30"
L 01/04/2020 - 19:04:58: Server cvar "RRWM" = "2.0"
L 01/04/2020 - 19:04:58: Server cvar "sanksounds_version" = "1.8.6"
L 01/04/2020 - 19:04:58: Server cvar "SimpleMenu" = "1.1"
L 01/04/2020 - 19:04:58: Server cvar "SNAC_Version" = "1.1"
L 01/04/2020 - 19:04:58: Server cvar "SpecList" = "1.2a"
L 01/04/2020 - 19:04:58: Server cvar "sr_version" = "1.6"
L 01/04/2020 - 19:04:58: Server cvar "statsx_shell_ver" = "2.0.0 (BETA)"
L 01/04/2020 - 19:04:58: Server cvar "StyleC4Timer" = "2.1"
L 01/04/2020 - 19:04:58: Server cvar "sv_accelerate" = "5"
L 01/04/2020 - 19:04:58: Server cvar "sv_aim" = "1"
L 01/04/2020 - 19:04:58: Server cvar "sv_airaccelerate" = "100"
L 01/04/2020 - 19:04:58: Server cvar "sv_allowupload" = "1"
L 01/04/2020 - 19:04:58: Server cvar "sv_alltalk" = "1"
L 01/04/2020 - 19:04:58: Server cvar "sv_bounce" = "1"
L 01/04/2020 - 19:04:58: Server cvar "sv_cheats" = "0"
L 01/04/2020 - 19:04:58: Server cvar "sv_clienttrace" = "1"
L 01/04/2020 - 19:04:58: Server cvar "sv_contact" = "feruchio599@gmail.com"
L 01/04/2020 - 19:04:58: Server cvar "sv_friction" = "4"
L 01/04/2020 - 19:04:58: Server cvar "sv_gravity" = "800"
L 01/04/2020 - 19:04:58: Server cvar "sv_logblocks" = "0"
L 01/04/2020 - 19:04:58: Server cvar "sv_maxrate" = "50000"
L 01/04/2020 - 19:04:58: Server cvar "sv_maxspeed" = "0.000000"
L 01/04/2020 - 19:04:58: Server cvar "sv_minrate" = "10000"
L 01/04/2020 - 19:04:58: Server cvar "sv_password" = ""
L 01/04/2020 - 19:04:58: Server cvar "sv_proxies" = "1"
L 01/04/2020 - 19:04:58: Server cvar "sv_restart" = "0"
L 01/04/2020 - 19:04:58: Server cvar "sv_restartround" = "0"
L 01/04/2020 - 19:04:58: Server cvar "sv_stepsize" = "18"
L 01/04/2020 - 19:04:58: Server cvar "sv_stopspeed" = "75"
L 01/04/2020 - 19:04:58: Server cvar "sv_uploadmax" = "0.5"
L 01/04/2020 - 19:04:58: Server cvar "sv_version" = "1.1.2.7/Stdio,48,1621"
L 01/04/2020 - 19:04:58: Server cvar "sv_voiceenable" = "1"
L 01/04/2020 - 19:04:58: Server cvar "sv_wateraccelerate" = "10"
L 01/04/2020 - 19:04:58: Server cvar "sv_waterfriction" = "1"
L 01/04/2020 - 19:04:58: Server cvar "Team_Semiclip_version" = "3.3.1"
L 01/04/2020 - 19:04:58: Server cvar "vehicle_real_killer" = "1.1"
L 01/04/2020 - 19:04:58: Server cvar "WalkGuard" = "1.3.2"
L 01/04/2020 - 19:04:58: Server cvar "we_grenades" = "Huehue"
L 01/04/2020 - 19:04:58: Server cvar "we_player_models" = "Huehue"
L 01/04/2020 - 19:04:58: Server cvar "whb_version" = "1.5.692"
L 01/04/2020 - 19:04:58: Server cvar "zp_jp_version" = "Extra Item Jetpack+Bazooka v3.2"
L 01/04/2020 - 19:04:58: Server cvars end
L 01/04/2020 - 19:05:00: Server cvar "sv_maxspeed" = "900"
L 01/04/2020 - 19:05:00: Server cvar "mp_autoteambalance" = "1"
L 01/04/2020 - 19:05:01: Server cvar "mp_friendlyfire" = "0"
L 01/04/2020 - 19:05:01: Server cvar "mp_autoteambalance" = "0"
L 01/04/2020 - 19:05:01: Server cvar "amx_nextmap" = "[not yet voted on]"
L 01/04/2020 - 19:05:02: Started map "de_airninja" (CRC "1948477588")
L 01/04/2020 - 19:05:04: World triggered "Round_Start"
L 01/04/2020 - 19:05:05: [REUNION]: ____Tu_Cu_Slab_Bpat____ (94.155.74.182) authorized as RevEmu
L 01/04/2020 - 19:05:05: "____Tu_Cu_Slab_Bpat____<157><STEAM_1:0:233130864><>" connected, address "94.155.74.182:27005"
L 01/04/2020 - 19:05:06: "xXGhost_ReaperXx<152><STEAM_1:0:1874631957><>" entered the game
L 01/04/2020 - 19:05:06: ",<153><STEAM_1:1:25228615><>" entered the game
L 01/04/2020 - 19:05:07: "BAD BOY<141><STEAM_1:1:175462098><>" entered the game
L 01/04/2020 - 19:05:08: "cz512floverka [nay-dobriq]<156><STEAM_1:1:749420691><>" entered the game
L 01/04/2020 - 19:05:09: "xXGhost_ReaperXx<152><STEAM_1:0:1874631957><>" joined team "TERRORIST"
L 01/04/2020 - 19:05:10: "xXGhost_ReaperXx<152><STEAM_1:0:1874631957><TERRORIST>" triggered "Spawned_With_The_Bomb"
L 01/04/2020 - 19:05:11: "cz512floverka [nay-dobriq]<156><STEAM_1:1:749420691><>" joined team "CT"
L 01/04/2020 - 19:05:11: World triggered "Game_Commencing"
L 01/04/2020 - 19:05:11: World triggered "Game_Commencing" (CT "0") (T "0")
L 01/04/2020 - 19:05:11: World triggered "Round_End"
L 01/04/2020 - 19:05:14: "____Tu_Cu_Slab_Bpat____<157><STEAM_1:0:233130864><>" entered the game
L 01/04/2020 - 19:05:14: "xXGhost_ReaperXx<152><STEAM_1:0:1874631957><TERRORIST>" triggered "Spawned_With_The_Bomb"
L 01/04/2020 - 19:05:15: World triggered "Round_Start"
L 01/04/2020 - 19:05:16: ",<153><STEAM_1:1:25228615><>" joined team "CT"
L 01/04/2020 - 19:05:18: "____Tu_Cu_Slab_Bpat____<157><STEAM_1:0:233130864><>" joined team "TERRORIST"
L 01/04/2020 - 19:05:19: "Ganio96<148><VALVE_ID_LAN><>" entered the game
L 01/04/2020 - 19:05:20: "BAD BOY<141><STEAM_1:1:175462098><>" joined team "TERRORIST"
L 01/04/2020 - 19:05:26: "Ganio96<148><VALVE_ID_LAN><>" joined team "CT"
L 01/04/2020 - 19:05:31: "BAD BOY<141><STEAM_1:1:175462098><TERRORIST>" killed ",<153><STEAM_1:1:25228615><CT>" with "g3sg1"
L 01/04/2020 - 19:05:35: "BAD BOY<141><STEAM_1:1:175462098><TERRORIST>" killed "cz512floverka [nay-dobriq]<156><STEAM_1:1:749420691><CT>" with "g3sg1"
L 01/04/2020 - 19:05:40: "cz512floverka [nay-dobriq]<156><STEAM_1:1:749420691><CT>" joined team "TERRORIST"
L 01/04/2020 - 19:06:07: "xXGhost_ReaperXx<152><STEAM_1:0:1874631957><TERRORIST>" triggered "Planted_The_Bomb"
L 01/04/2020 - 19:06:28: "Ganio96<148><VALVE_ID_LAN><CT>" killed "____Tu_Cu_Slab_Bpat____<157><STEAM_1:0:233130864><TERRORIST>" with "deagle"
L 01/04/2020 - 19:06:31: [REUNION]: sunflower  :) (83.148.118.72) authorized as RevEmu
L 01/04/2020 - 19:06:31: "sunflower  :)<158><STEAM_1:1:1733388968><>" connected, address "83.148.118.72:27005"
L 01/04/2020 - 19:06:34: "Ganio96<148><VALVE_ID_LAN><CT>" killed "xXGhost_ReaperXx<152><STEAM_1:0:1874631957><TERRORIST>" with "deagle"
L 01/04/2020 - 19:06:36: "Ganio96<148><VALVE_ID_LAN><CT>" killed "BAD BOY<141><STEAM_1:1:175462098><TERRORIST>" with "knife"
L 01/04/2020 - 19:06:38: "Ganio96<148><VALVE_ID_LAN><CT>" triggered "Begin_Bomb_Defuse_With_Kit"
L 01/04/2020 - 19:06:42: Team "TERRORIST" triggered "Terrorists_Win" (CT "0") (T "1")
L 01/04/2020 - 19:06:42: World triggered "Round_End"
L 01/04/2020 - 19:06:47: "____Tu_Cu_Slab_Bpat____<157><STEAM_1:0:233130864><TERRORIST>" triggered "Spawned_With_The_Bomb"
L 01/04/2020 - 19:06:48: World triggered "Round_Start"
L 01/04/2020 - 19:07:00: "Ganio96<148><VALVE_ID_LAN><CT>" killed "xXGhost_ReaperXx<152><STEAM_1:0:1874631957><TERRORIST>" with "famas"
L 01/04/2020 - 19:07:10: ",<153><STEAM_1:1:25228615><CT>" killed "cz512floverka [nay-dobriq]<156><STEAM_1:1:749420691><TERRORIST>" with "famas"
L 01/04/2020 - 19:07:14: "BAD BOY<141><STEAM_1:1:175462098><TERRORIST>" committed suicide with "world"
L 01/04/2020 - 19:07:14: "BAD BOY<141><STEAM_1:1:175462098><TERRORIST>" joined team "SPECTATOR"
L 01/04/2020 - 19:07:14: "Ganio96<148><VALVE_ID_LAN><CT>" killed "____Tu_Cu_Slab_Bpat____<157><STEAM_1:0:233130864><TERRORIST>" with "famas"
L 01/04/2020 - 19:07:14: Team "CT" triggered "CTs_Win" (CT "1") (T "1")
L 01/04/2020 - 19:07:14: World triggered "Round_End"
L 01/04/2020 - 19:07:19: "cz512floverka [nay-dobriq]<156><STEAM_1:1:749420691><TERRORIST>" triggered "Spawned_With_The_Bomb"
L 01/04/2020 - 19:07:20: World triggered "Round_Start"
L 01/04/2020 - 19:07:32: ",<153><STEAM_1:1:25228615><CT>" killed "____Tu_Cu_Slab_Bpat____<157><STEAM_1:0:233130864><TERRORIST>" with "famas"
L 01/04/2020 - 19:08:04: "cz512floverka [nay-dobriq]<156><STEAM_1:1:749420691><TERRORIST>" committed suicide with "tracktrain" (world)
L 01/04/2020 - 19:08:04: "cz512floverka [nay-dobriq]<156><STEAM_1:1:749420691><TERRORIST>" triggered "Dropped_The_Bomb"
L 01/04/2020 - 19:08:34: "Ganio96<148><VALVE_ID_LAN><CT>" killed "xXGhost_ReaperXx<152><STEAM_1:0:1874631957><TERRORIST>" with "famas"
L 01/04/2020 - 19:08:34: Team "CT" triggered "CTs_Win" (CT "2") (T "1")
L 01/04/2020 - 19:08:34: World triggered "Round_End"
L 01/04/2020 - 19:08:39: "____Tu_Cu_Slab_Bpat____<157><STEAM_1:0:233130864><TERRORIST>" triggered "Spawned_With_The_Bomb"
L 01/04/2020 - 19:08:40: World triggered "Round_Start"
L 01/04/2020 - 19:08:43: "sunflower  :)<158><STEAM_1:1:1733388968><>" entered the game
L 01/04/2020 - 19:08:47: "BAD BOY<141><STEAM_1:1:175462098><SPECTATOR>" joined team "TERRORIST"
L 01/04/2020 - 19:08:57: "BAD BOY<141><STEAM_1:1:175462098><TERRORIST>" killed ",<153><STEAM_1:1:25228615><CT>" with "g3sg1"
L 01/04/2020 - 19:09:22: "____Tu_Cu_Slab_Bpat____<157><STEAM_1:0:233130864><TERRORIST>" triggered "Dropped_The_Bomb"
L 01/04/2020 - 19:09:22: "xXGhost_ReaperXx<152><STEAM_1:0:1874631957><TERRORIST>" triggered "Got_The_Bomb"
L 01/04/2020 - 19:09:26: "sunflower  :)<158><STEAM_1:1:1733388968><>" joined team "CT"
L 01/04/2020 - 19:09:40: "sunflower  :)<158><STEAM_1:1:1733388968><CT>" disconnected
L 01/04/2020 - 19:09:48: "xXGhost_ReaperXx<152><STEAM_1:0:1874631957><TERRORIST>" triggered "Planted_The_Bomb"
L 01/04/2020 - 19:10:16: "xXGhost_ReaperXx<152><STEAM_1:0:1874631957><TERRORIST>" killed "Ganio96<148><VALVE_ID_LAN><CT>" with "galil"
L 01/04/2020 - 19:10:16: Team "TERRORIST" triggered "Terrorists_Win" (CT "2") (T "2")
L 01/04/2020 - 19:10:16: World triggered "Round_End"
L 01/04/2020 - 19:10:21: "____Tu_Cu_Slab_Bpat____<157><STEAM_1:0:233130864><TERRORIST>" triggered "Spawned_With_The_Bomb"
L 01/04/2020 - 19:10:21: ",<153><STEAM_1:1:25228615><CT>" changed name to "*Mr.Fantastic*"
L 01/04/2020 - 19:10:22: World triggered "Round_Start"
L 01/04/2020 - 19:10:36: "BAD BOY<141><STEAM_1:1:175462098><TERRORIST>" killed "*Mr.Fantastic*<153><STEAM_1:1:25228615><CT>" with "galil"
L 01/04/2020 - 19:10:40: "____Tu_Cu_Slab_Bpat____<157><STEAM_1:0:233130864><TERRORIST>" killed "BAD BOY<141><STEAM_1:1:175462098><TERRORIST>" with "tracktrain"
L 01/04/2020 - 19:10:44: "Ganio96<148><VALVE_ID_LAN><CT>" killed "____Tu_Cu_Slab_Bpat____<157><STEAM_1:0:233130864><TERRORIST>" with "galil"
L 01/04/2020 - 19:10:44: "____Tu_Cu_Slab_Bpat____<157><STEAM_1:0:233130864><TERRORIST>" triggered "Dropped_The_Bomb"
L 01/04/2020 - 19:10:44: "cz512floverka [nay-dobriq]<156><STEAM_1:1:749420691><TERRORIST>" committed suicide with "worldspawn" (world)
L 01/04/2020 - 19:10:51: "Ganio96<148><VALVE_ID_LAN><CT>" killed "xXGhost_ReaperXx<152><STEAM_1:0:1874631957><TERRORIST>" with "galil"
L 01/04/2020 - 19:10:51: Team "CT" triggered "CTs_Win" (CT "3") (T "2")
L 01/04/2020 - 19:10:51: World triggered "Round_End"
L 01/04/2020 - 19:10:56: "xXGhost_ReaperXx<152><STEAM_1:0:1874631957><TERRORIST>" triggered "Spawned_With_The_Bomb"
L 01/04/2020 - 19:10:57: World triggered "Round_Start"
L 01/04/2020 - 19:11:21: "Ganio96<148><VALVE_ID_LAN><CT>" killed "xXGhost_ReaperXx<152><STEAM_1:0:1874631957><TERRORIST>" with "famas"
L 01/04/2020 - 19:11:21: "xXGhost_ReaperXx<152><STEAM_1:0:1874631957><TERRORIST>" triggered "Dropped_The_Bomb"
L 01/04/2020 - 19:11:21: "BAD BOY<141><STEAM_1:1:175462098><TERRORIST>" killed "Ganio96<148><VALVE_ID_LAN><CT>" with "g3sg1"
L 01/04/2020 - 19:11:46: "BAD BOY<141><STEAM_1:1:175462098><TERRORIST>" killed "*Mr.Fantastic*<153><STEAM_1:1:25228615><CT>" with "g3sg1"
L 01/04/2020 - 19:11:46: Team "TERRORIST" triggered "Terrorists_Win" (CT "3") (T "3")
L 01/04/2020 - 19:11:46: World triggered "Round_End"
L 01/04/2020 - 19:11:51: "xXGhost_ReaperXx<152><STEAM_1:0:1874631957><TERRORIST>" joined team "CT"
L 01/04/2020 - 19:11:51: "<><><>" triggered "amx_chat" (text "[PTB] Transfered xXGhost_ReaperXx to CT")
L 01/04/2020 - 19:11:51: "BAD BOY<141><STEAM_1:1:175462098><TERRORIST>" triggered "Spawned_With_The_Bomb"
L 01/04/2020 - 19:11:52: World triggered "Round_Start"
L 01/04/2020 - 19:12:09: [REUNION]: koko je kraljina (37.19.108.192) authorized as RevEmu
L 01/04/2020 - 19:12:09: "koko je kraljina<159><STEAM_1:1:1834348531><>" connected, address "37.19.108.192:22223"
L 01/04/2020 - 19:12:09: "xXGhost_ReaperXx<152><STEAM_1:0:1874631957><CT>" killed "BAD BOY<141><STEAM_1:1:175462098><TERRORIST>" with "p90"
L 01/04/2020 - 19:12:09: "BAD BOY<141><STEAM_1:1:175462098><TERRORIST>" triggered "Dropped_The_Bomb"
L 01/04/2020 - 19:12:10: "____Tu_Cu_Slab_Bpat____<157><STEAM_1:0:233130864><TERRORIST>" killed "xXGhost_ReaperXx<152><STEAM_1:0:1874631957><CT>" with "p90"
L 01/04/2020 - 19:12:16: "____Tu_Cu_Slab_Bpat____<157><STEAM_1:0:233130864><TERRORIST>" triggered "Got_The_Bomb"
L 01/04/2020 - 19:12:16: [REUNION]: koko je kraljina (37.19.108.192) authorized as RevEmu
L 01/04/2020 - 19:12:16: "koko je kraljina<160><STEAM_1:1:1834348531><>" connected, address "37.19.108.192:22223"
L 01/04/2020 - 19:12:26: "koko je kraljina<160><STEAM_1:1:1834348531><>" entered the game
L 01/04/2020 - 19:12:29: "cz512floverka [nay-dobriq]<156><STEAM_1:1:749420691><TERRORIST>" killed "Ganio96<148><VALVE_ID_LAN><CT>" with "p90"
L 01/04/2020 - 19:12:32: "koko je kraljina<160><STEAM_1:1:1834348531><>" joined team "TERRORIST"
L 01/04/2020 - 19:12:35: "____Tu_Cu_Slab_Bpat____<157><STEAM_1:0:233130864><TERRORIST>" triggered "Planted_The_Bomb"
L 01/04/2020 - 19:12:48: "*Mr.Fantastic*<153><STEAM_1:1:25228615><CT>" killed "____Tu_Cu_Slab_Bpat____<157><STEAM_1:0:233130864><TERRORIST>" with "p90"
L 01/04/2020 - 19:12:51: "*Mr.Fantastic*<153><STEAM_1:1:25228615><CT>" triggered "Begin_Bomb_Defuse_Without_Kit"
L 01/04/2020 - 19:12:58: "cz512floverka [nay-dobriq]<156><STEAM_1:1:749420691><TERRORIST>" killed "*Mr.Fantastic*<153><STEAM_1:1:25228615><CT>" with "p90"
L 01/04/2020 - 19:12:58: Team "TERRORIST" triggered "Terrorists_Win" (CT "3") (T "4")
L 01/04/2020 - 19:12:58: World triggered "Round_End"
L 01/04/2020 - 19:13:03: "BAD BOY<141><STEAM_1:1:175462098><TERRORIST>" triggered "Spawned_With_The_Bomb"
L 01/04/2020 - 19:13:04: World triggered "Round_Start"
L 01/04/2020 - 19:13:34: "koko je kraljina<160><STEAM_1:1:1834348531><TERRORIST>" killed "cz512floverka [nay-dobriq]<156><STEAM_1:1:749420691><TERRORIST>" with "tracktrain"
L 01/04/2020 - 19:13:40: "xXGhost_ReaperXx<152><STEAM_1:0:1874631957><CT>" killed "koko je kraljina<160><STEAM_1:1:1834348531><TERRORIST>" with "m4a1"
L 01/04/2020 - 19:13:50: "xXGhost_ReaperXx<152><STEAM_1:0:1874631957><CT>" killed "BAD BOY<141><STEAM_1:1:175462098><TERRORIST>" with "m4a1"
L 01/04/2020 - 19:13:50: "BAD BOY<141><STEAM_1:1:175462098><TERRORIST>" triggered "Dropped_The_Bomb"
L 01/04/2020 - 19:13:51: "____Tu_Cu_Slab_Bpat____<157><STEAM_1:0:233130864><TERRORIST>" committed suicide with "worldspawn" (world)
L 01/04/2020 - 19:13:51: Team "CT" triggered "CTs_Win" (CT "4") (T "4")
L 01/04/2020 - 19:13:51: World triggered "Round_End"
L 01/04/2020 - 19:13:53: "____Tu_Cu_Slab_Bpat____<157><STEAM_1:0:233130864><TERRORIST>" disconnected
L 01/04/2020 - 19:13:56: "cz512floverka [nay-dobriq]<156><STEAM_1:1:749420691><TERRORIST>" triggered "Spawned_With_The_Bomb"
L 01/04/2020 - 19:13:57: World triggered "Round_Start"
L 01/04/2020 - 19:13:57: "BAD BOY<141><STEAM_1:1:175462098><TERRORIST>" disconnected
L 01/04/2020 - 19:13:59: "cz512floverka [nay-dobriq]<156><STEAM_1:1:749420691><TERRORIST>" triggered "Dropped_The_Bomb"
L 01/04/2020 - 19:13:59: "cz512floverka [nay-dobriq]<156><STEAM_1:1:749420691><TERRORIST>" disconnected
L 01/04/2020 - 19:14:46: "Ganio96<148><VALVE_ID_LAN><CT>" killed "koko je kraljina<160><STEAM_1:1:1834348531><TERRORIST>" with "g3sg1"
L 01/04/2020 - 19:14:46: Team "CT" triggered "CTs_Win" (CT "5") (T "4")
L 01/04/2020 - 19:14:46: World triggered "Round_End"
L 01/04/2020 - 19:14:50: "Ganio96<148><VALVE_ID_LAN><CT>" joined team "TERRORIST"
L 01/04/2020 - 19:14:50: "<><><>" triggered "amx_chat" (text "[PTB] Transfered Ganio96 to TERRORIST")
L 01/04/2020 - 19:14:51: "koko je kraljina<160><STEAM_1:1:1834348531><TERRORIST>" triggered "Spawned_With_The_Bomb"
L 01/04/2020 - 19:14:52: World triggered "Round_Start"
L 01/04/2020 - 19:15:13: "*Mr.Fantastic*<153><STEAM_1:1:25228615><CT>" killed "koko je kraljina<160><STEAM_1:1:1834348531><TERRORIST>" with "m4a1"
L 01/04/2020 - 19:15:13: "koko je kraljina<160><STEAM_1:1:1834348531><TERRORIST>" triggered "Dropped_The_Bomb"
L 01/04/2020 - 19:15:18: "xXGhost_ReaperXx<152><STEAM_1:0:1874631957><CT>" committed suicide with "tracktrain"
L 01/04/2020 - 19:15:28: "*Mr.Fantastic*<153><STEAM_1:1:25228615><CT>" killed "Ganio96<148><VALVE_ID_LAN><TERRORIST>" with "m4a1"
L 01/04/2020 - 19:15:28: Team "CT" triggered "CTs_Win" (CT "6") (T "4")
L 01/04/2020 - 19:15:28: World triggered "Round_End"
L 01/04/2020 - 19:15:33: "Ganio96<148><VALVE_ID_LAN><TERRORIST>" triggered "Spawned_With_The_Bomb"
L 01/04/2020 - 19:15:34: World triggered "Round_Start"
L 01/04/2020 - 19:15:47: Server cvar "amx_nextmap" = "de_christmas"
L 01/04/2020 - 19:15:51: "Ganio96<148><VALVE_ID_LAN><TERRORIST>" killed "*Mr.Fantastic*<153><STEAM_1:1:25228615><CT>" with "ak47"
L 01/04/2020 - 19:16:10: "xXGhost_ReaperXx<152><STEAM_1:0:1874631957><CT>" killed "koko je kraljina<160><STEAM_1:1:1834348531><TERRORIST>" with "deagle"
L 01/04/2020 - 19:16:13: "Ganio96<148><VALVE_ID_LAN><TERRORIST>" triggered "Planted_The_Bomb"
L 01/04/2020 - 19:16:41: "xXGhost_ReaperXx<152><STEAM_1:0:1874631957><CT>" triggered "Begin_Bomb_Defuse_Without_Kit"
L 01/04/2020 - 19:16:45: "Ganio96<148><VALVE_ID_LAN><TERRORIST>" killed "xXGhost_ReaperXx<152><STEAM_1:0:1874631957><CT>" with "grenade"
L 01/04/2020 - 19:16:45: Team "TERRORIST" triggered "Terrorists_Win" (CT "6") (T "5")
L 01/04/2020 - 19:16:45: World triggered "Round_End"
L 01/04/2020 - 19:16:50: "koko je kraljina<160><STEAM_1:1:1834348531><TERRORIST>" triggered "Spawned_With_The_Bomb"
L 01/04/2020 - 19:16:51: World triggered "Round_Start"
L 01/04/2020 - 19:16:51: Server cvar "sv_maxspeed" = "0.000000"
L 01/04/2020 - 19:16:51: Server cvar "mp_friendlyfire" = "1"
L 01/04/2020 - 19:16:58: "koko je kraljina<160><STEAM_1:1:1834348531><TERRORIST>" killed "Ganio96<148><VALVE_ID_LAN><TERRORIST>" with "grenade"
L 01/04/2020 - 19:17:01: "*Mr.Fantastic*<153><STEAM_1:1:25228615><CT>" killed "xXGhost_ReaperXx<152><STEAM_1:0:1874631957><CT>" with "grenade"
L 01/04/2020 - 19:17:01: "koko je kraljina<160><STEAM_1:1:1834348531><TERRORIST>" committed suicide with "world"
L 01/04/2020 - 19:17:01: Team "CT" triggered "CTs_Win" (CT "7") (T "5")
L 01/04/2020 - 19:17:01: World triggered "Round_End"
L 01/04/2020 - 19:17:02: Server cvar "sv_maxspeed" = "900.000000"
L 01/04/2020 - 19:17:02: Server cvar "mp_friendlyfire" = "0"
L 01/04/2020 - 19:17:02: [META] ini: Begin re-reading plugins list: /home/rented/public9/cstrike/addons/metamod/plugins.ini
L 01/04/2020 - 19:17:02: [META] ini: Read plugin config for: SafeNameAndChat
L 01/04/2020 - 19:17:02: [META] ini: Read plugin config for: AMX Mod X
L 01/04/2020 - 19:17:02: [META] ini: Read plugin config for: Reunion
L 01/04/2020 - 19:17:02: [META] ini: Read plugin config for: ReAuthCheck
L 01/04/2020 - 19:17:02: [META] ini: Read plugin config for: WHBlocker
L 01/04/2020 - 19:17:02: [META] ini: Read plugin config for: ReSemiclip
L 01/04/2020 - 19:17:02: [META] ini: Read plugin config for: Revoice
L 01/04/2020 - 19:17:02: [META] ini: Finished reading plugins list: /home/rented/public9/cstrike/addons/metamod/plugins.ini; Found 7 plugins
L 01/04/2020 - 19:17:02: [META] dll: Updating plugins...
L 01/04/2020 - 19:17:02: [META] WARNING: Cannot clear plugin 'SafeNameAndChat'; not marked as failed, empty, or open (status=valid)
L 01/04/2020 - 19:17:02: [META] dll: Unloaded plugin 'SafeNameAndChat' for reason 'file on disk is newer'
L 01/04/2020 - 19:17:02: [META] dll: Loaded plugin 'SafeNameAndChat': SafeNameAndChat v1.1 2017.02.01, WPMG.PRoSToC0der
L 01/04/2020 - 19:17:02: [META] WARNING: Cannot clear plugin 'WHBlocker'; not marked as failed, empty, or open (status=valid)
L 01/04/2020 - 19:17:02: [META] dll: Unloaded plugin 'WHBlocker' for reason 'file on disk is newer'
L 01/04/2020 - 19:17:02: [META] dll: Loaded plugin 'WHBlocker': WHBlocker v1.5.692 2017-04-13, s1lent
L 01/04/2020 - 19:17:02: [META] WARNING: Cannot clear plugin 'ReSemiclip'; not marked as failed, empty, or open (status=valid)
L 01/04/2020 - 19:17:02: [META] dll: Unloaded plugin 'ReSemiclip' for reason 'file on disk is newer'
L 01/04/2020 - 19:17:02: [META] dll: Loaded plugin 'ReSemiclip': ReSemiclip v2.3.9 13/02/17, s1lent & Adidasman
L 01/04/2020 - 19:17:02: [META] dll: Finished updating 14 plugins; kept 0, loaded 0, unloaded 0, reloaded 3, delayed 0
L 01/04/2020 - 19:17:02: "koko je kraljina<160><STEAM_1:1:1834348531><TERRORIST>" disconnected
L 01/04/2020 - 19:17:02: "Ganio96<148><VALVE_ID_LAN><TERRORIST>" disconnected
L 01/04/2020 - 19:17:02: "*Mr.Fantastic*<153><STEAM_1:1:25228615><CT>" disconnected
L 01/04/2020 - 19:17:02: "xXGhost_ReaperXx<152><STEAM_1:0:1874631957><CT>" disconnected
L 01/04/2020 - 19:17:02: Log file closed
