L 01/07/2020 - 18:52:16: Log file started (file "logs/L0107069.log") (game "cstrike") (version "48/1.1.2.7/Stdio/1621")
L 01/07/2020 - 18:52:16: Server cvar "mp_buytime" = "1"
L 01/07/2020 - 18:52:16: Server cvar "mp_c4timer" = "35"
L 01/07/2020 - 18:52:16: Server cvar "mp_flashlight" = "1"
L 01/07/2020 - 18:52:16: Server cvar "mp_freezetime" = "1"
L 01/07/2020 - 18:52:16: Server cvar "mp_hostagepenalty" = "0"
L 01/07/2020 - 18:52:16: Server cvar "mp_limitteams" = "1"
L 01/07/2020 - 18:52:16: Server cvar "mp_roundtime" = "2.3"
L 01/07/2020 - 18:52:16: Server cvar "mp_startmoney" = "850"
L 01/07/2020 - 18:52:16: Server cvar "sv_contact" = "feruchio599@gmail.com"
L 01/07/2020 - 18:52:16: Server cvar "sv_maxrate" = "50000"
L 01/07/2020 - 18:52:16: Server cvar "sv_maxspeed" = "320"
L 01/07/2020 - 18:52:16: Server cvar "sv_minrate" = "10000"
L 01/07/2020 - 18:52:16: Server cvar "max_queries_sec_global" = "***PROTECTED***"
L 01/07/2020 - 18:52:16: Server cvar "max_queries_sec" = "***PROTECTED***"
L 01/07/2020 - 18:52:16: Server cvar "decalfrequency" = "0"
L 01/07/2020 - 18:52:16: Server cvar "sv_airaccelerate" = "100"
L 01/07/2020 - 18:52:16: Server cvar "sv_friction" = "3"
L 01/07/2020 - 18:52:17: Server cvar "sv_friction" = "4"
L 01/07/2020 - 18:52:20: [REUNION]: *Mr.Fantastic* (46.217.159.60) authorized as RevEmu
L 01/07/2020 - 18:52:20: "*Mr.Fantastic*<1><STEAM_1:1:25228615><>" connected, address "46.217.159.60:27005"
L 01/07/2020 - 18:52:21: "ok<2><STEAM_0:0:19903402><>" connected, address "78.157.91.203:27005"
L 01/07/2020 - 18:52:22: "ok<2><STEAM_0:0:19903402><>" STEAM USERID validated
L 01/07/2020 - 18:52:22: Server cvar "mp_timelimit" = "10"
L 01/07/2020 - 18:52:24: World triggered "Round_Start"
L 01/07/2020 - 18:52:24: "*Mr.Fantastic*<1><STEAM_1:1:25228615><>" entered the game
L 01/07/2020 - 18:52:26: "ok<2><STEAM_0:0:19903402><>" entered the game
L 01/07/2020 - 18:52:26: "*Mr.Fantastic*<1><STEAM_1:1:25228615><>" joined team "CT"
L 01/07/2020 - 18:52:27: [REUNION]: Creedow (188.24.213.205) authorized as RevEmu
L 01/07/2020 - 18:52:27: "Creedow<3><STEAM_2:0:779430359><>" connected, address "188.24.213.205:27005"
L 01/07/2020 - 18:52:30: [REUNION]: Creedow (188.24.213.205) authorized as RevEmu
L 01/07/2020 - 18:52:30: "Creedow<4><STEAM_2:0:779430359><>" connected, address "188.24.213.205:27005"
L 01/07/2020 - 18:52:34: "Creedow<4><STEAM_2:0:779430359><>" entered the game
L 01/07/2020 - 18:52:36: "ok<2><STEAM_0:0:19903402><>" disconnected
L 01/07/2020 - 18:53:00: "Creedow<4><STEAM_2:0:779430359><>" joined team "TERRORIST"
L 01/07/2020 - 18:53:01: World triggered "Game_Commencing"
L 01/07/2020 - 18:53:01: World triggered "Game_Commencing" (CT "0") (T "0")
L 01/07/2020 - 18:53:01: World triggered "Round_End"
L 01/07/2020 - 18:53:05: World triggered "Round_Start"
L 01/07/2020 - 18:53:52: "Creedow<4><STEAM_2:0:779430359><TERRORIST>" killed "*Mr.Fantastic*<1><STEAM_1:1:25228615><CT>" with "tracktrain"
L 01/07/2020 - 18:53:52: Team "TERRORIST" triggered "Terrorists_Win" (CT "0") (T "1")
L 01/07/2020 - 18:53:52: World triggered "Round_End"
L 01/07/2020 - 18:53:58: World triggered "Round_Start"
L 01/07/2020 - 18:54:56: "Creedow<4><STEAM_2:0:779430359><TERRORIST>" killed "*Mr.Fantastic*<1><STEAM_1:1:25228615><CT>" with "knife"
L 01/07/2020 - 18:54:56: Team "TERRORIST" triggered "Terrorists_Win" (CT "0") (T "2")
L 01/07/2020 - 18:54:56: World triggered "Round_End"
L 01/07/2020 - 18:55:02: World triggered "Round_Start"
L 01/07/2020 - 18:55:09: [REUNION]: Dima (82.208.100.183) authorized as RevEmu
L 01/07/2020 - 18:55:09: "Dima<5><STEAM_1:1:497993317><>" connected, address "82.208.100.183:46108"
L 01/07/2020 - 18:56:43: "Creedow<4><STEAM_2:0:779430359><TERRORIST>" killed "*Mr.Fantastic*<1><STEAM_1:1:25228615><CT>" with "knife"
L 01/07/2020 - 18:56:43: Team "TERRORIST" triggered "Terrorists_Win" (CT "0") (T "3")
L 01/07/2020 - 18:56:43: World triggered "Round_End"
L 01/07/2020 - 18:56:49: World triggered "Round_Start"
L 01/07/2020 - 18:57:14: [REUNION]: Dima (82.208.100.183) authorized as RevEmu
L 01/07/2020 - 18:57:14: "Dima<6><STEAM_1:1:497993317><>" connected, address "82.208.100.183:46108"
L 01/07/2020 - 18:57:23: "*Mr.Fantastic*<1><STEAM_1:1:25228615><CT>" killed "Creedow<4><STEAM_2:0:779430359><TERRORIST>" with "tracktrain"
L 01/07/2020 - 18:57:23: Team "CT" triggered "CTs_Win" (CT "1") (T "3")
L 01/07/2020 - 18:57:23: World triggered "Round_End"
L 01/07/2020 - 18:57:25: "Dima<6><STEAM_1:1:497993317><>" entered the game
L 01/07/2020 - 18:57:29: World triggered "Round_Start"
L 01/07/2020 - 18:57:32: "Dima<6><STEAM_1:1:497993317><>" joined team "CT"
L 01/07/2020 - 18:57:49: "*Mr.Fantastic*<1><STEAM_1:1:25228615><CT>" killed "Creedow<4><STEAM_2:0:779430359><TERRORIST>" with "knife"
L 01/07/2020 - 18:57:49: Team "CT" triggered "CTs_Win" (CT "2") (T "3")
L 01/07/2020 - 18:57:49: World triggered "Round_End"
L 01/07/2020 - 18:57:55: World triggered "Round_Start"
L 01/07/2020 - 18:59:26: "Creedow<4><STEAM_2:0:779430359><TERRORIST>" killed "Dima<6><STEAM_1:1:497993317><CT>" with "knife"
L 01/07/2020 - 18:59:57: "Dima<6><STEAM_1:1:497993317><CT>" disconnected
L 01/07/2020 - 19:00:13: "*Mr.Fantastic*<1><STEAM_1:1:25228615><CT>" committed suicide with "world"
L 01/07/2020 - 19:00:13: Team "TERRORIST" triggered "Terrorists_Win" (CT "2") (T "4")
L 01/07/2020 - 19:00:13: World triggered "Round_End"
L 01/07/2020 - 19:00:13: "Creedow<4><STEAM_2:0:779430359><TERRORIST>" committed suicide with "world"
L 01/07/2020 - 19:00:19: World triggered "Round_Start"
L 01/07/2020 - 19:00:38: [REUNION]: ＃-->Kllier`Boss<--＃ (82.205.52.169) authorized as RevEmu
L 01/07/2020 - 19:00:38: "＃-->Kllier`Boss<--＃<7><STEAM_1:1:1316058917><>" connected, address "82.205.52.169:11829"
L 01/07/2020 - 19:00:47: "＃-->Kllier`Boss<--＃<7><STEAM_1:1:1316058917><>" entered the game
L 01/07/2020 - 19:00:53: "＃-->Kllier`Boss<--＃<7><STEAM_1:1:1316058917><>" joined team "TERRORIST"
L 01/07/2020 - 19:01:20: "*Mr.Fantastic*<1><STEAM_1:1:25228615><CT>" killed "Creedow<4><STEAM_2:0:779430359><TERRORIST>" with "knife"
L 01/07/2020 - 19:01:20: Team "CT" triggered "CTs_Win" (CT "3") (T "4")
L 01/07/2020 - 19:01:20: World triggered "Round_End"
L 01/07/2020 - 19:01:26: World triggered "Round_Start"
L 01/07/2020 - 19:01:52: "*Mr.Fantastic*<1><STEAM_1:1:25228615><CT>" killed "＃-->Kllier`Boss<--＃<7><STEAM_1:1:1316058917><TERRORIST>" with "knife"
L 01/07/2020 - 19:02:10: "*Mr.Fantastic*<1><STEAM_1:1:25228615><CT>" killed "Creedow<4><STEAM_2:0:779430359><TERRORIST>" with "knife"
L 01/07/2020 - 19:02:10: Team "CT" triggered "CTs_Win" (CT "4") (T "4")
L 01/07/2020 - 19:02:10: World triggered "Round_End"
L 01/07/2020 - 19:02:16: World triggered "Round_Start"
L 01/07/2020 - 19:02:36: "＃-->Kllier`Boss<--＃<7><STEAM_1:1:1316058917><TERRORIST>" committed suicide with "the block of death" (world)
L 01/07/2020 - 19:02:44: "Creedow<4><STEAM_2:0:779430359><TERRORIST>" killed "*Mr.Fantastic*<1><STEAM_1:1:25228615><CT>" with "tracktrain"
L 01/07/2020 - 19:02:44: Team "TERRORIST" triggered "Terrorists_Win" (CT "4") (T "5")
L 01/07/2020 - 19:02:44: World triggered "Round_End"
L 01/07/2020 - 19:02:46: Server cvar "mp_timelimit" = "0.000000"
L 01/07/2020 - 19:02:47: Server cvar "amx_nextmap" = "4_houses"
L 01/07/2020 - 19:02:50: World triggered "Round_Start"
L 01/07/2020 - 19:03:35: "*Mr.Fantastic*<1><STEAM_1:1:25228615><CT>" killed "＃-->Kllier`Boss<--＃<7><STEAM_1:1:1316058917><TERRORIST>" with "knife"
L 01/07/2020 - 19:04:13: "*Mr.Fantastic*<1><STEAM_1:1:25228615><CT>" killed "Creedow<4><STEAM_2:0:779430359><TERRORIST>" with "knife"
L 01/07/2020 - 19:04:13: Team "CT" triggered "CTs_Win" (CT "5") (T "5")
L 01/07/2020 - 19:04:13: World triggered "Round_End"
L 01/07/2020 - 19:04:19: World triggered "Round_Start"
L 01/07/2020 - 19:04:19: Server cvar "sv_maxspeed" = "0.000000"
L 01/07/2020 - 19:04:19: Server cvar "mp_friendlyfire" = "1"
L 01/07/2020 - 19:04:30: Server cvar "sv_maxspeed" = "320.000000"
L 01/07/2020 - 19:04:30: Server cvar "mp_friendlyfire" = "0"
L 01/07/2020 - 19:04:30: Server cvar "mp_timelimit" = "10.000000"
L 01/07/2020 - 19:04:30: [META] ini: Begin re-reading plugins list: /home/rented/public9/cstrike/addons/metamod/plugins.ini
L 01/07/2020 - 19:04:30: [META] ini: Read plugin config for: SafeNameAndChat
L 01/07/2020 - 19:04:30: [META] ini: Read plugin config for: AMX Mod X
L 01/07/2020 - 19:04:30: [META] ini: Read plugin config for: Reunion
L 01/07/2020 - 19:04:30: [META] ini: Read plugin config for: ReAuthCheck
L 01/07/2020 - 19:04:30: [META] ini: Read plugin config for: WHBlocker
L 01/07/2020 - 19:04:30: [META] ini: Read plugin config for: ReSemiclip
L 01/07/2020 - 19:04:30: [META] ini: Read plugin config for: Revoice
L 01/07/2020 - 19:04:30: [META] ini: Finished reading plugins list: /home/rented/public9/cstrike/addons/metamod/plugins.ini; Found 7 plugins
L 01/07/2020 - 19:04:30: [META] dll: Updating plugins...
L 01/07/2020 - 19:04:30: [META] WARNING: Cannot clear plugin 'SafeNameAndChat'; not marked as failed, empty, or open (status=valid)
L 01/07/2020 - 19:04:30: [META] dll: Unloaded plugin 'SafeNameAndChat' for reason 'file on disk is newer'
L 01/07/2020 - 19:04:30: [META] dll: Loaded plugin 'SafeNameAndChat': SafeNameAndChat v1.1 2017.02.01, WPMG.PRoSToC0der
L 01/07/2020 - 19:04:30: [META] WARNING: Cannot clear plugin 'WHBlocker'; not marked as failed, empty, or open (status=valid)
L 01/07/2020 - 19:04:30: [META] dll: Unloaded plugin 'WHBlocker' for reason 'file on disk is newer'
L 01/07/2020 - 19:04:30: [META] dll: Loaded plugin 'WHBlocker': WHBlocker v1.5.692 2017-04-13, s1lent
L 01/07/2020 - 19:04:30: [META] WARNING: Cannot clear plugin 'ReSemiclip'; not marked as failed, empty, or open (status=valid)
L 01/07/2020 - 19:04:30: [META] dll: Unloaded plugin 'ReSemiclip' for reason 'file on disk is newer'
L 01/07/2020 - 19:04:30: [META] dll: Loaded plugin 'ReSemiclip': ReSemiclip v2.3.9 13/02/17, s1lent & Adidasman
L 01/07/2020 - 19:04:30: [META] dll: Finished updating 14 plugins; kept 0, loaded 0, unloaded 0, reloaded 3, delayed 0
L 01/07/2020 - 19:04:30: "*Mr.Fantastic*<1><STEAM_1:1:25228615><CT>" disconnected
L 01/07/2020 - 19:04:30: "＃-->Kllier`Boss<--＃<7><STEAM_1:1:1316058917><TERRORIST>" disconnected
L 01/07/2020 - 19:04:30: "Creedow<4><STEAM_2:0:779430359><TERRORIST>" disconnected
L 01/07/2020 - 19:04:30: World triggered "Round_Draw" (CT "5") (T "5")
L 01/07/2020 - 19:04:30: World triggered "Round_End"
L 01/07/2020 - 19:04:30: Log file closed
