L 01/02/2020 - 20:26:02: Log file started (file "logs/L0102073.log") (game "cstrike") (version "48/1.1.2.7/Stdio/1621")
L 01/02/2020 - 20:26:02: Loading map "minicity"
L 01/02/2020 - 20:26:02: Server cvars start
L 01/02/2020 - 20:26:02: Server cvar "@BunnyHopper" = "3.x"
L 01/02/2020 - 20:26:02: Server cvar "@CRXGoSpec" = "1.1"
L 01/02/2020 - 20:26:02: Server cvar "@CRXRemoveImmunity" = "1.0"
L 01/02/2020 - 20:26:02: Server cvar "@D.I.C.E." = "1.1"
L 01/02/2020 - 20:26:02: Server cvar "@MOTDCommands" = "1.2"
L 01/02/2020 - 20:26:02: Server cvar "advanced_quake_sounds" = "5.0"
L 01/02/2020 - 20:26:02: Server cvar "AdvancedMute" = "1.0"
L 01/02/2020 - 20:26:02: Server cvar "aesp_version" = "1.3"
L 01/02/2020 - 20:26:02: Server cvar "allow_spectators" = "1.0"
L 01/02/2020 - 20:26:02: Server cvar "amx_client_languages" = "1"
L 01/02/2020 - 20:26:02: Server cvar "amx_language" = "en"
L 01/02/2020 - 20:26:02: Server cvar "amx_nextmap" = "minicity"
L 01/02/2020 - 20:26:02: Server cvar "amx_ptb_version" = "1.8b3"
L 01/02/2020 - 20:26:02: Server cvar "amx_timeleft" = "04:49"
L 01/02/2020 - 20:26:02: Server cvar "amxmodx_version" = "1.8.2"
L 01/02/2020 - 20:26:02: Server cvar "amxxbg_vip" = "1.0"
L 01/02/2020 - 20:26:02: Server cvar "asp_version" = "4.5.1"
L 01/02/2020 - 20:26:02: Server cvar "atac_version" = "3.0.1"
L 01/02/2020 - 20:26:02: Server cvar "badcamper_version" = "1.4 beta"
L 01/02/2020 - 20:26:02: Server cvar "blockmaker" = "4.01"
L 01/02/2020 - 20:26:02: Server cvar "c4 timer" = "1.1"
L 01/02/2020 - 20:26:02: Server cvar "coop" = "0"
L 01/02/2020 - 20:26:02: Server cvar "CRXAdminGroups" = "1.0"
L 01/02/2020 - 20:26:02: Server cvar "CRXCommandRestrictions" = "1.0"
L 01/02/2020 - 20:26:02: Server cvar "CRXFastKnife" = "1.0"
L 01/02/2020 - 20:26:02: Server cvar "CRXGametracker" = "2.0"
L 01/02/2020 - 20:26:02: Server cvar "CRXKnifeModels" = "2.5.7"
L 01/02/2020 - 20:26:02: Server cvar "CRXTeamAdvantage" = "1.0"
L 01/02/2020 - 20:26:02: Server cvar "CustomShop" = "4.2"
L 01/02/2020 - 20:26:02: Server cvar "deathmatch" = "1"
L 01/02/2020 - 20:26:02: Server cvar "decalfrequency" = "0"
L 01/02/2020 - 20:26:02: Server cvar "edgefriction" = "2"
L 01/02/2020 - 20:26:02: Server cvar "ers_version" = "2.3c"
L 01/02/2020 - 20:26:02: Server cvar "gagsystem_shoko" = "1.0"
L 01/02/2020 - 20:26:02: Server cvar "gal_mapcyclefile" = "mapcycle.txt"
L 01/02/2020 - 20:26:02: Server cvar "gal_version" = "v5.9.1-926"
L 01/02/2020 - 20:26:02: Server cvar "game_version" = "5.7.0.313-dev"
L 01/02/2020 - 20:26:02: Server cvar "humans_join_team" = "any"
L 01/02/2020 - 20:26:02: Server cvar "jtp10181" = "chute,gore"
L 01/02/2020 - 20:26:02: Server cvar "lawliet" = "ny_RainingSnow"
L 01/02/2020 - 20:26:02: Server cvar "LetitSnow" = "1.0"
L 01/02/2020 - 20:26:02: Server cvar "map_spawns" = "T(16) CT(16)"
L 01/02/2020 - 20:26:02: Server cvar "max_queries_sec" = "3"
L 01/02/2020 - 20:26:02: Server cvar "max_queries_sec_global" = "150"
L 01/02/2020 - 20:26:02: Server cvar "max_queries_window" = "60"
L 01/02/2020 - 20:26:02: Server cvar "mdbBans" = "4.8"
L 01/02/2020 - 20:26:02: Server cvar "metamod_version" = "1.21p37"
L 01/02/2020 - 20:26:02: Server cvar "mp_autokick" = "0"
L 01/02/2020 - 20:26:02: Server cvar "mp_autokick_timeout" = "-1"
L 01/02/2020 - 20:26:02: Server cvar "mp_autoteambalance" = "0"
L 01/02/2020 - 20:26:02: Server cvar "mp_buytime" = "0.25"
L 01/02/2020 - 20:26:02: Server cvar "mp_c4timer" = "35"
L 01/02/2020 - 20:26:02: Server cvar "mp_chattime" = "10"
L 01/02/2020 - 20:26:02: Server cvar "mp_consistency" = "1"
L 01/02/2020 - 20:26:02: Server cvar "mp_fadetoblack" = "0"
L 01/02/2020 - 20:26:02: Server cvar "mp_flashlight" = "1"
L 01/02/2020 - 20:26:02: Server cvar "mp_footsteps" = "1"
L 01/02/2020 - 20:26:02: Server cvar "mp_forcecamera" = "0"
L 01/02/2020 - 20:26:02: Server cvar "mp_forcechasecam" = "0"
L 01/02/2020 - 20:26:02: Server cvar "mp_forcerespawn" = "0"
L 01/02/2020 - 20:26:02: Server cvar "mp_fraglimit" = "0"
L 01/02/2020 - 20:26:02: Server cvar "mp_fragsleft" = "0"
L 01/02/2020 - 20:26:02: Server cvar "mp_freeforall" = "0"
L 01/02/2020 - 20:26:02: Server cvar "mp_freezetime" = "1"
L 01/02/2020 - 20:26:02: Server cvar "mp_friendlyfire" = "0"
L 01/02/2020 - 20:26:02: Server cvar "mp_hostage_hurtable" = "1"
L 01/02/2020 - 20:26:02: Server cvar "mp_hostagepenalty" = "0"
L 01/02/2020 - 20:26:02: Server cvar "mp_item_staytime" = "300"
L 01/02/2020 - 20:26:02: Server cvar "mp_kickpercent" = "0.66"
L 01/02/2020 - 20:26:02: Server cvar "mp_legacy_bombtarget_touch" = "1"
L 01/02/2020 - 20:26:02: Server cvar "mp_limitteams" = "0"
L 01/02/2020 - 20:26:02: Server cvar "mp_logdetail" = "0"
L 01/02/2020 - 20:26:02: Server cvar "mp_logfile" = "1"
L 01/02/2020 - 20:26:02: Server cvar "mp_logmessages" = "1"
L 01/02/2020 - 20:26:02: Server cvar "mp_mapvoteratio" = "0.66"
L 01/02/2020 - 20:26:02: Server cvar "mp_maxmoney" = "999999"
L 01/02/2020 - 20:26:02: Server cvar "mp_maxrounds" = "0"
L 01/02/2020 - 20:26:02: Server cvar "mp_mirrordamage" = "0"
L 01/02/2020 - 20:26:02: Server cvar "mp_old_bomb_defused_sound" = "1"
L 01/02/2020 - 20:26:02: Server cvar "mp_playerid" = "0"
L 01/02/2020 - 20:26:02: Server cvar "mp_respawn_immunitytime" = "0"
L 01/02/2020 - 20:26:02: Server cvar "mp_round_infinite" = "0"
L 01/02/2020 - 20:26:02: Server cvar "mp_round_restart_delay" = "5"
L 01/02/2020 - 20:26:02: Server cvar "mp_roundover" = "0"
L 01/02/2020 - 20:26:02: Server cvar "mp_roundtime" = "2.3"
L 01/02/2020 - 20:26:02: Server cvar "mp_show_radioicon" = "1"
L 01/02/2020 - 20:26:02: Server cvar "mp_startmoney" = "850"
L 01/02/2020 - 20:26:02: Server cvar "mp_timeleft" = "04:49"
L 01/02/2020 - 20:26:02: Server cvar "mp_timelimit" = "20"
L 01/02/2020 - 20:26:02: Server cvar "mp_tkpunish" = "0"
L 01/02/2020 - 20:26:02: Server cvar "mp_windifference" = "1"
L 01/02/2020 - 20:26:02: Server cvar "mp_winlimit" = "0"
L 01/02/2020 - 20:26:02: Server cvar "NoWeaponsOnGround" = "1.0"
L 01/02/2020 - 20:26:02: Server cvar "pausable" = "0"
L 01/02/2020 - 20:26:02: Server cvar "present_version" = "2.01"
L 01/02/2020 - 20:26:02: Server cvar "RandomHP" = "2.2"
L 01/02/2020 - 20:26:02: Server cvar "reauthcheck_version" = "0.1.6"
L 01/02/2020 - 20:26:02: Server cvar "reconnect_features" = "0.3.1"
L 01/02/2020 - 20:26:02: Server cvar "report_system_version" = "3.1"
L 01/02/2020 - 20:26:02: Server cvar "resemiclip_version" = "2.3.9"
L 01/02/2020 - 20:26:02: Server cvar "reu_version" = "0.1.0.130"
L 01/02/2020 - 20:26:02: Server cvar "revoice_version" = "0.1.0.30"
L 01/02/2020 - 20:26:02: Server cvar "RRWM" = "2.0"
L 01/02/2020 - 20:26:02: Server cvar "sanksounds_version" = "1.8.6"
L 01/02/2020 - 20:26:02: Server cvar "SimpleMenu" = "1.1"
L 01/02/2020 - 20:26:02: Server cvar "SNAC_Version" = "1.1"
L 01/02/2020 - 20:26:02: Server cvar "SpecList" = "1.2a"
L 01/02/2020 - 20:26:02: Server cvar "sr_version" = "1.6"
L 01/02/2020 - 20:26:02: Server cvar "statsx_shell_ver" = "2.0.0 (BETA)"
L 01/02/2020 - 20:26:02: Server cvar "StyleC4Timer" = "2.1"
L 01/02/2020 - 20:26:02: Server cvar "sv_accelerate" = "5"
L 01/02/2020 - 20:26:02: Server cvar "sv_aim" = "1"
L 01/02/2020 - 20:26:02: Server cvar "sv_airaccelerate" = "100"
L 01/02/2020 - 20:26:02: Server cvar "sv_allowupload" = "1"
L 01/02/2020 - 20:26:02: Server cvar "sv_alltalk" = "1"
L 01/02/2020 - 20:26:02: Server cvar "sv_bounce" = "1"
L 01/02/2020 - 20:26:02: Server cvar "sv_cheats" = "0"
L 01/02/2020 - 20:26:02: Server cvar "sv_clienttrace" = "1"
L 01/02/2020 - 20:26:02: Server cvar "sv_contact" = "feruchio599@gmail.com"
L 01/02/2020 - 20:26:02: Server cvar "sv_friction" = "4"
L 01/02/2020 - 20:26:02: Server cvar "sv_gravity" = "800"
L 01/02/2020 - 20:26:02: Server cvar "sv_logblocks" = "0"
L 01/02/2020 - 20:26:02: Server cvar "sv_maxrate" = "50000"
L 01/02/2020 - 20:26:02: Server cvar "sv_maxspeed" = "900.000000"
L 01/02/2020 - 20:26:02: Server cvar "sv_minrate" = "10000"
L 01/02/2020 - 20:26:02: Server cvar "sv_password" = ""
L 01/02/2020 - 20:26:02: Server cvar "sv_proxies" = "1"
L 01/02/2020 - 20:26:02: Server cvar "sv_restart" = "0"
L 01/02/2020 - 20:26:02: Server cvar "sv_restartround" = "0"
L 01/02/2020 - 20:26:02: Server cvar "sv_stepsize" = "18"
L 01/02/2020 - 20:26:02: Server cvar "sv_stopspeed" = "75"
L 01/02/2020 - 20:26:02: Server cvar "sv_uploadmax" = "0.5"
L 01/02/2020 - 20:26:02: Server cvar "sv_version" = "1.1.2.7/Stdio,48,1621"
L 01/02/2020 - 20:26:02: Server cvar "sv_voiceenable" = "1"
L 01/02/2020 - 20:26:02: Server cvar "sv_wateraccelerate" = "10"
L 01/02/2020 - 20:26:02: Server cvar "sv_waterfriction" = "1"
L 01/02/2020 - 20:26:02: Server cvar "Team_Semiclip_version" = "3.3.1"
L 01/02/2020 - 20:26:02: Server cvar "vehicle_real_killer" = "1.1"
L 01/02/2020 - 20:26:02: Server cvar "WalkGuard" = "1.3.2"
L 01/02/2020 - 20:26:02: Server cvar "we_grenades" = "Huehue"
L 01/02/2020 - 20:26:02: Server cvar "we_player_models" = "Huehue"
L 01/02/2020 - 20:26:02: Server cvar "whb_version" = "1.5.692"
L 01/02/2020 - 20:26:02: Server cvar "zp_jp_version" = "Extra Item Jetpack+Bazooka v3.2"
L 01/02/2020 - 20:26:02: Server cvars end
L 01/02/2020 - 20:26:05: Server cvar "sv_maxspeed" = "900"
L 01/02/2020 - 20:26:05: Server cvar "mp_autoteambalance" = "1"
L 01/02/2020 - 20:26:05: Server cvar "mp_autoteambalance" = "0"
L 01/02/2020 - 20:26:05: Server cvar "amx_nextmap" = "[not yet voted on]"
L 01/02/2020 - 20:26:07: Started map "minicity" (CRC "-528624743")
L 01/02/2020 - 20:26:08: World triggered "Round_Start"
L 01/02/2020 - 20:26:09: "PLAMENA~~<28><STEAM_0:0:186939542><>" connected, address "46.237.123.235:27005"
L 01/02/2020 - 20:26:10: "PLAMENA~~<28><STEAM_0:0:186939542><>" STEAM USERID validated
L 01/02/2020 - 20:26:10: "XxXBadBoyXxX<24><STEAM_0:1:435231343><>" entered the game
L 01/02/2020 - 20:26:10: "BAD BOY<20><STEAM_1:1:175462098><>" entered the game
L 01/02/2020 - 20:26:10: "Mr.Knife<6><STEAM_1:1:1973042010><>" entered the game
L 01/02/2020 - 20:26:12: [REUNION]: Player-Fatal (109.120.243.92) authorized as RevEmu
L 01/02/2020 - 20:26:12: "Player-Fatal<29><STEAM_1:0:857294410><>" connected, address "109.120.243.92:27005"
L 01/02/2020 - 20:26:13: "PLAMENA~~<28><STEAM_0:0:186939542><>" entered the game
L 01/02/2020 - 20:26:14: "BAD BOY<20><STEAM_1:1:175462098><>" joined team "CT"
L 01/02/2020 - 20:26:16: "PLAMENA~~<28><STEAM_0:0:186939542><>" joined team "TERRORIST"
L 01/02/2020 - 20:26:16: World triggered "Game_Commencing"
L 01/02/2020 - 20:26:16: World triggered "Game_Commencing" (CT "0") (T "0")
L 01/02/2020 - 20:26:16: World triggered "Round_End"
L 01/02/2020 - 20:26:16: "Player-Fatal<29><STEAM_1:0:857294410><>" entered the game
L 01/02/2020 - 20:26:16: "Mr.Knife<6><STEAM_1:1:1973042010><>" joined team "TERRORIST"
L 01/02/2020 - 20:26:17: "Pasiciulpk.<22><STEAM_2:1:336787817><>" entered the game
L 01/02/2020 - 20:26:19: "Player-Fatal<29><STEAM_1:0:857294410><>" joined team "CT"
L 01/02/2020 - 20:26:20: World triggered "Round_Start"
L 01/02/2020 - 20:26:20: "2Pacalypse<23><VALVE_ID_LAN><>" entered the game
L 01/02/2020 - 20:26:20: "Pasiciulpk.<22><STEAM_2:1:336787817><>" joined team "TERRORIST"
L 01/02/2020 - 20:26:25: "2Pacalypse<23><VALVE_ID_LAN><>" joined team "CT"
L 01/02/2020 - 20:26:34: "BAD BOY<20><STEAM_1:1:175462098><CT>" killed "Mr.Knife<6><STEAM_1:1:1973042010><TERRORIST>" with "deagle"
L 01/02/2020 - 20:26:34: "2Pacalypse<23><VALVE_ID_LAN><CT>" disconnected
L 01/02/2020 - 20:26:36: "Player-Fatal<29><STEAM_1:0:857294410><CT>" killed "Pasiciulpk.<22><STEAM_2:1:336787817><TERRORIST>" with "deagle"
L 01/02/2020 - 20:26:51: "PLAMENA~~<28><STEAM_0:0:186939542><TERRORIST>" killed "Player-Fatal<29><STEAM_1:0:857294410><CT>" with "deagle"
L 01/02/2020 - 20:26:56: "BAD BOY<20><STEAM_1:1:175462098><CT>" killed "PLAMENA~~<28><STEAM_0:0:186939542><TERRORIST>" with "deagle"
L 01/02/2020 - 20:26:56: Team "CT" triggered "CTs_Win" (CT "1") (T "0")
L 01/02/2020 - 20:26:56: World triggered "Round_End"
L 01/02/2020 - 20:26:59: "XxXBadBoyXxX<24><STEAM_0:1:435231343><>" joined team "SPECTATOR"
L 01/02/2020 - 20:27:02: World triggered "Round_Start"
L 01/02/2020 - 20:27:23: "BAD BOY<20><STEAM_1:1:175462098><CT>" killed "PLAMENA~~<28><STEAM_0:0:186939542><TERRORIST>" with "deagle"
L 01/02/2020 - 20:27:26: "PLAMENA~~<28><STEAM_0:0:186939542><TERRORIST>" disconnected
L 01/02/2020 - 20:27:29: "Mr.Knife<6><STEAM_1:1:1973042010><TERRORIST>" killed "BAD BOY<20><STEAM_1:1:175462098><CT>" with "deagle"
L 01/02/2020 - 20:28:06: "Player-Fatal<29><STEAM_1:0:857294410><CT>" killed "Mr.Knife<6><STEAM_1:1:1973042010><TERRORIST>" with "deagle"
L 01/02/2020 - 20:28:19: "Expe<30><STEAM_0:1:357012><>" connected, address "85.163.27.254:27005"
L 01/02/2020 - 20:28:36: "Pasiciulpk.<22><STEAM_2:1:336787817><TERRORIST>" committed suicide with "world"
L 01/02/2020 - 20:28:36: Team "CT" triggered "CTs_Win" (CT "2") (T "0")
L 01/02/2020 - 20:28:36: World triggered "Round_End"
L 01/02/2020 - 20:28:37: "Player-Fatal<29><STEAM_1:0:857294410><CT>" committed suicide with "worldspawn" (world)
L 01/02/2020 - 20:28:40: "BAD BOY<20><STEAM_1:1:175462098><CT>" joined team "TERRORIST"
L 01/02/2020 - 20:28:40: "<><><>" triggered "amx_chat" (text "[PTB] Transfered BAD BOY to TERRORIST")
L 01/02/2020 - 20:28:42: World triggered "Round_Start"
L 01/02/2020 - 20:29:05: "Player-Fatal<29><STEAM_1:0:857294410><CT>" killed "Mr.Knife<6><STEAM_1:1:1973042010><TERRORIST>" with "deagle"
L 01/02/2020 - 20:29:21: "Player-Fatal<29><STEAM_1:0:857294410><CT>" killed "BAD BOY<20><STEAM_1:1:175462098><TERRORIST>" with "deagle"
L 01/02/2020 - 20:30:14: "Player-Fatal<29><STEAM_1:0:857294410><CT>" killed "Pasiciulpk.<22><STEAM_2:1:336787817><TERRORIST>" with "deagle"
L 01/02/2020 - 20:30:14: Team "CT" triggered "CTs_Win" (CT "3") (T "0")
L 01/02/2020 - 20:30:14: World triggered "Round_End"
L 01/02/2020 - 20:30:20: World triggered "Round_Start"
L 01/02/2020 - 20:30:48: "Player-Fatal<29><STEAM_1:0:857294410><CT>" killed "Mr.Knife<6><STEAM_1:1:1973042010><TERRORIST>" with "deagle"
L 01/02/2020 - 20:31:10: "Player-Fatal<29><STEAM_1:0:857294410><CT>" killed "Pasiciulpk.<22><STEAM_2:1:336787817><TERRORIST>" with "deagle"
L 01/02/2020 - 20:31:15: "BAD BOY<20><STEAM_1:1:175462098><TERRORIST>" killed "Player-Fatal<29><STEAM_1:0:857294410><CT>" with "knife"
L 01/02/2020 - 20:31:15: Team "TERRORIST" triggered "Terrorists_Win" (CT "3") (T "1")
L 01/02/2020 - 20:31:15: World triggered "Round_End"
L 01/02/2020 - 20:31:21: World triggered "Round_Start"
L 01/02/2020 - 20:31:59: "Pasiciulpk.<22><STEAM_2:1:336787817><TERRORIST>" killed "Player-Fatal<29><STEAM_1:0:857294410><CT>" with "knife"
L 01/02/2020 - 20:31:59: Team "TERRORIST" triggered "Terrorists_Win" (CT "3") (T "2")
L 01/02/2020 - 20:31:59: World triggered "Round_End"
L 01/02/2020 - 20:32:01: "Player-Fatal<29><STEAM_1:0:857294410><CT>" disconnected
L 01/02/2020 - 20:32:04: "BAD BOY<20><STEAM_1:1:175462098><TERRORIST>" joined team "CT"
L 01/02/2020 - 20:32:04: "<><><>" triggered "amx_chat" (text "[PTB] Transfered BAD BOY to CT")
L 01/02/2020 - 20:32:05: World triggered "Round_Start"
L 01/02/2020 - 20:32:13: "BAD BOY<20><STEAM_1:1:175462098><CT>" killed "Pasiciulpk.<22><STEAM_2:1:336787817><TERRORIST>" with "deagle"
L 01/02/2020 - 20:32:30: "BAD BOY<20><STEAM_1:1:175462098><CT>" killed "Mr.Knife<6><STEAM_1:1:1973042010><TERRORIST>" with "deagle"
L 01/02/2020 - 20:32:30: Team "CT" triggered "CTs_Win" (CT "4") (T "2")
L 01/02/2020 - 20:32:30: World triggered "Round_End"
L 01/02/2020 - 20:32:32: "Mr.Knife<6><STEAM_1:1:1973042010><TERRORIST>" joined team "CT"
L 01/02/2020 - 20:32:36: World triggered "Round_Start"
L 01/02/2020 - 20:33:04: "Pasiciulpk.<22><STEAM_2:1:336787817><TERRORIST>" killed "BAD BOY<20><STEAM_1:1:175462098><CT>" with "knife"
L 01/02/2020 - 20:33:51: "Mr.Knife<6><STEAM_1:1:1973042010><CT>" killed "Pasiciulpk.<22><STEAM_2:1:336787817><TERRORIST>" with "knife"
L 01/02/2020 - 20:33:51: Team "CT" triggered "CTs_Win" (CT "5") (T "2")
L 01/02/2020 - 20:33:51: World triggered "Round_End"
L 01/02/2020 - 20:33:57: "Maverick<31><STEAM_0:0:37264973><>" connected, address "130.204.36.29:27005"
L 01/02/2020 - 20:33:57: World triggered "Round_Start"
L 01/02/2020 - 20:33:57: "Maverick<31><STEAM_0:0:37264973><>" STEAM USERID validated
L 01/02/2020 - 20:34:03: "Maverick<31><STEAM_0:0:37264973><>" entered the game
L 01/02/2020 - 20:34:06: "Maverick<31><STEAM_0:0:37264973><>" joined team "TERRORIST"
L 01/02/2020 - 20:34:09: "Mr.Knife<6><STEAM_1:1:1973042010><CT>" killed "Pasiciulpk.<22><STEAM_2:1:336787817><TERRORIST>" with "knife"
L 01/02/2020 - 20:34:15: "Mr.Knife<6><STEAM_1:1:1973042010><CT>" killed "Maverick<31><STEAM_0:0:37264973><TERRORIST>" with "deagle"
L 01/02/2020 - 20:34:15: Team "CT" triggered "CTs_Win" (CT "6") (T "2")
L 01/02/2020 - 20:34:15: World triggered "Round_End"
L 01/02/2020 - 20:34:20: "BAD BOY<20><STEAM_1:1:175462098><CT>" joined team "TERRORIST"
L 01/02/2020 - 20:34:20: "<><><>" triggered "amx_chat" (text "[PTB] Transfered BAD BOY to TERRORIST")
L 01/02/2020 - 20:34:20: [REUNION]: IP 193.42.110.171 banned for 10 minutes for query flooding (PPS: 331)
L 01/02/2020 - 20:34:21: World triggered "Round_Start"
L 01/02/2020 - 20:34:33: "Mr.Knife<6><STEAM_1:1:1973042010><CT>" killed "BAD BOY<20><STEAM_1:1:175462098><TERRORIST>" with "deagle"
L 01/02/2020 - 20:34:38: "Mr.Knife<6><STEAM_1:1:1973042010><CT>" killed "Pasiciulpk.<22><STEAM_2:1:336787817><TERRORIST>" with "knife"
L 01/02/2020 - 20:34:55: "Mr.Knife<6><STEAM_1:1:1973042010><CT>" killed "Maverick<31><STEAM_0:0:37264973><TERRORIST>" with "deagle"
L 01/02/2020 - 20:34:55: Team "CT" triggered "CTs_Win" (CT "7") (T "2")
L 01/02/2020 - 20:34:55: World triggered "Round_End"
L 01/02/2020 - 20:34:59: "Pasiciulpk.<22><STEAM_2:1:336787817><TERRORIST>" joined team "CT"
L 01/02/2020 - 20:34:59: "<><><>" triggered "amx_chat" (text "[PTB] Transfered Pasiciulpk. to CT")
L 01/02/2020 - 20:35:01: World triggered "Round_Start"
L 01/02/2020 - 20:35:19: "BAD BOY<20><STEAM_1:1:175462098><TERRORIST>" killed "Mr.Knife<6><STEAM_1:1:1973042010><CT>" with "deagle"
L 01/02/2020 - 20:35:28: "Mr.Knife<6><STEAM_1:1:1973042010><CT>" joined team "TERRORIST"
L 01/02/2020 - 20:35:48: [REUNION]: Tr1Pk[0] (37.220.68.177) authorized as RevEmu
L 01/02/2020 - 20:35:48: "Tr1Pk[0]<32><STEAM_1:1:41823316><>" connected, address "37.220.68.177:26769"
L 01/02/2020 - 20:36:03: [REUNION]: RUsnak (77.78.38.4) authorized as RevEmu
L 01/02/2020 - 20:36:03: "RUsnak<33><STEAM_2:0:1730561053><>" connected, address "77.78.38.4:27005"
L 01/02/2020 - 20:36:09: [REUNION]: RUsnak (77.78.38.4) authorized as RevEmu
L 01/02/2020 - 20:36:09: "RUsnak<34><STEAM_2:0:1730561053><>" connected, address "77.78.38.4:27005"
L 01/02/2020 - 20:36:22: "RUsnak<34><STEAM_2:0:1730561053><>" entered the game
L 01/02/2020 - 20:36:35: [REUNION]: Tr1Pk[0] (37.220.68.177) authorized as RevEmu
L 01/02/2020 - 20:36:35: "Tr1Pk[0]<35><STEAM_1:1:41823316><>" connected, address "37.220.68.177:26769"
L 01/02/2020 - 20:36:44: "BAD BOY<20><STEAM_1:1:175462098><TERRORIST>" killed "Pasiciulpk.<22><STEAM_2:1:336787817><CT>" with "deagle"
L 01/02/2020 - 20:36:44: Team "TERRORIST" triggered "Terrorists_Win" (CT "7") (T "3")
L 01/02/2020 - 20:36:44: World triggered "Round_End"
L 01/02/2020 - 20:36:50: World triggered "Round_Start"
L 01/02/2020 - 20:37:18: "Mr.Knife<6><STEAM_1:1:1973042010><TERRORIST>" killed "Pasiciulpk.<22><STEAM_2:1:336787817><CT>" with "deagle"
L 01/02/2020 - 20:37:18: Team "TERRORIST" triggered "Terrorists_Win" (CT "7") (T "4")
L 01/02/2020 - 20:37:18: World triggered "Round_End"
L 01/02/2020 - 20:37:19: "RUsnak<34><STEAM_2:0:1730561053><>" joined team "SPECTATOR"
L 01/02/2020 - 20:37:23: "BAD BOY<20><STEAM_1:1:175462098><TERRORIST>" joined team "CT"
L 01/02/2020 - 20:37:23: "<><><>" triggered "amx_chat" (text "[PTB] Transfered BAD BOY to CT")
L 01/02/2020 - 20:37:24: World triggered "Round_Start"
L 01/02/2020 - 20:37:37: "BAD BOY<20><STEAM_1:1:175462098><CT>" killed "Maverick<31><STEAM_0:0:37264973><TERRORIST>" with "deagle"
L 01/02/2020 - 20:37:46: "Pasiciulpk.<22><STEAM_2:1:336787817><CT>" killed "Mr.Knife<6><STEAM_1:1:1973042010><TERRORIST>" with "knife"
L 01/02/2020 - 20:37:46: Team "CT" triggered "CTs_Win" (CT "8") (T "4")
L 01/02/2020 - 20:37:46: World triggered "Round_End"
L 01/02/2020 - 20:37:49: "Mr.Knife<6><STEAM_1:1:1973042010><TERRORIST>" joined team "CT"
L 01/02/2020 - 20:37:50: "Pasiciulpk.<22><STEAM_2:1:336787817><CT>" joined team "TERRORIST"
L 01/02/2020 - 20:37:50: "<><><>" triggered "amx_chat" (text "[PTB] Transfered Pasiciulpk. to TERRORIST")
L 01/02/2020 - 20:37:51: "RUsnak<34><STEAM_2:0:1730561053><SPECTATOR>" joined team "TERRORIST"
L 01/02/2020 - 20:37:52: World triggered "Round_Start"
L 01/02/2020 - 20:38:03: "BAD BOY<20><STEAM_1:1:175462098><CT>" killed "Pasiciulpk.<22><STEAM_2:1:336787817><TERRORIST>" with "knife"
L 01/02/2020 - 20:38:07: "Mr.Knife<6><STEAM_1:1:1973042010><CT>" killed "Maverick<31><STEAM_0:0:37264973><TERRORIST>" with "deagle"
L 01/02/2020 - 20:38:08: "BAD BOY<20><STEAM_1:1:175462098><CT>" killed "RUsnak<34><STEAM_2:0:1730561053><TERRORIST>" with "deagle"
L 01/02/2020 - 20:38:08: Team "CT" triggered "CTs_Win" (CT "9") (T "4")
L 01/02/2020 - 20:38:08: World triggered "Round_End"
L 01/02/2020 - 20:38:14: World triggered "Round_Start"
L 01/02/2020 - 20:38:31: "Mr.Knife<6><STEAM_1:1:1973042010><CT>" killed "Pasiciulpk.<22><STEAM_2:1:336787817><TERRORIST>" with "deagle"
L 01/02/2020 - 20:38:33: "BAD BOY<20><STEAM_1:1:175462098><CT>" killed "RUsnak<34><STEAM_2:0:1730561053><TERRORIST>" with "deagle"
L 01/02/2020 - 20:38:42: "BAD BOY<20><STEAM_1:1:175462098><CT>" killed "Maverick<31><STEAM_0:0:37264973><TERRORIST>" with "deagle"
L 01/02/2020 - 20:38:42: Team "CT" triggered "CTs_Win" (CT "10") (T "4")
L 01/02/2020 - 20:38:42: World triggered "Round_End"
L 01/02/2020 - 20:38:46: "BAD BOY<20><STEAM_1:1:175462098><CT>" joined team "TERRORIST"
L 01/02/2020 - 20:38:46: "<><><>" triggered "amx_chat" (text "[PTB] Transfered BAD BOY to TERRORIST")
L 01/02/2020 - 20:38:48: World triggered "Round_Start"
L 01/02/2020 - 20:39:01: "Mr.Knife<6><STEAM_1:1:1973042010><CT>" killed "Pasiciulpk.<22><STEAM_2:1:336787817><TERRORIST>" with "deagle"
L 01/02/2020 - 20:39:04: "BAD BOY<20><STEAM_1:1:175462098><TERRORIST>" killed "Mr.Knife<6><STEAM_1:1:1973042010><CT>" with "deagle"
L 01/02/2020 - 20:39:04: Team "TERRORIST" triggered "Terrorists_Win" (CT "10") (T "5")
L 01/02/2020 - 20:39:04: World triggered "Round_End"
L 01/02/2020 - 20:39:06: "BAD BOY<20><STEAM_1:1:175462098><TERRORIST>" committed suicide with "world"
L 01/02/2020 - 20:39:06: "BAD BOY<20><STEAM_1:1:175462098><TERRORIST>" joined team "CT"
L 01/02/2020 - 20:39:09: "Mr.Knife<6><STEAM_1:1:1973042010><CT>" joined team "TERRORIST"
L 01/02/2020 - 20:39:09: "<><><>" triggered "amx_chat" (text "[PTB] Transfered Mr.Knife to TERRORIST")
L 01/02/2020 - 20:39:09: "Tr1Pk[0]<35><STEAM_1:1:41823316><>" entered the game
L 01/02/2020 - 20:39:10: World triggered "Round_Start"
L 01/02/2020 - 20:39:24: "Pasiciulpk.<22><STEAM_2:1:336787817><TERRORIST>" killed "BAD BOY<20><STEAM_1:1:175462098><CT>" with "deagle"
L 01/02/2020 - 20:39:24: Team "TERRORIST" triggered "Terrorists_Win" (CT "10") (T "6")
L 01/02/2020 - 20:39:24: World triggered "Round_End"
L 01/02/2020 - 20:39:25: "Tr1Pk[0]<35><STEAM_1:1:41823316><>" joined team "CT"
L 01/02/2020 - 20:39:28: "Mr.Knife<6><STEAM_1:1:1973042010><TERRORIST>" committed suicide with "world"
L 01/02/2020 - 20:39:28: "Mr.Knife<6><STEAM_1:1:1973042010><TERRORIST>" joined team "CT"
L 01/02/2020 - 20:39:30: World triggered "Round_Start"
L 01/02/2020 - 20:39:37: "Mr.Knife<6><STEAM_1:1:1973042010><CT>" killed "RUsnak<34><STEAM_2:0:1730561053><TERRORIST>" with "deagle"
L 01/02/2020 - 20:39:42: "BAD BOY<20><STEAM_1:1:175462098><CT>" killed "Pasiciulpk.<22><STEAM_2:1:336787817><TERRORIST>" with "deagle"
L 01/02/2020 - 20:39:47: "Tr1Pk[0]<35><STEAM_1:1:41823316><CT>" killed "Maverick<31><STEAM_0:0:37264973><TERRORIST>" with "deagle"
L 01/02/2020 - 20:39:47: Team "CT" triggered "CTs_Win" (CT "11") (T "6")
L 01/02/2020 - 20:39:47: World triggered "Round_End"
L 01/02/2020 - 20:39:53: World triggered "Round_Start"
L 01/02/2020 - 20:40:05: "RUsnak<34><STEAM_2:0:1730561053><TERRORIST>" killed "BAD BOY<20><STEAM_1:1:175462098><CT>" with "deagle"
L 01/02/2020 - 20:40:14: "Tr1Pk[0]<35><STEAM_1:1:41823316><CT>" killed "RUsnak<34><STEAM_2:0:1730561053><TERRORIST>" with "deagle"
L 01/02/2020 - 20:40:16: "Mr.Knife<6><STEAM_1:1:1973042010><CT>" killed "Pasiciulpk.<22><STEAM_2:1:336787817><TERRORIST>" with "deagle"
L 01/02/2020 - 20:40:19: "Mr.Knife<6><STEAM_1:1:1973042010><CT>" killed "Maverick<31><STEAM_0:0:37264973><TERRORIST>" with "deagle"
L 01/02/2020 - 20:40:19: Team "CT" triggered "CTs_Win" (CT "12") (T "6")
L 01/02/2020 - 20:40:19: World triggered "Round_End"
L 01/02/2020 - 20:40:24: "BAD BOY<20><STEAM_1:1:175462098><CT>" joined team "TERRORIST"
L 01/02/2020 - 20:40:24: "<><><>" triggered "amx_chat" (text "[PTB] Transfered BAD BOY to TERRORIST")
L 01/02/2020 - 20:40:25: World triggered "Round_Start"
L 01/02/2020 - 20:40:54: "Tr1Pk[0]<35><STEAM_1:1:41823316><CT>" killed "RUsnak<34><STEAM_2:0:1730561053><TERRORIST>" with "deagle"
L 01/02/2020 - 20:41:00: "XxXBadBoyXxX<4><STEAM_0:1:435231343><>" triggered "amx_chat" (text "kwo stana sus toq xinored e")
L 01/02/2020 - 20:41:15: "Maverick<3><STEAM_0:0:37264973><>" triggered "amx_chat" (text "stana na pedal ve")
L 01/02/2020 - 20:41:16: "Tr1Pk[0]<35><STEAM_1:1:41823316><CT>" killed "Maverick<31><STEAM_0:0:37264973><TERRORIST>" with "deagle"
L 01/02/2020 - 20:41:23: "Mr.Knife<6><STEAM_1:1:1973042010><CT>" killed "BAD BOY<20><STEAM_1:1:175462098><TERRORIST>" with "deagle"
L 01/02/2020 - 20:41:23: "XxXBadBoyXxX<4><STEAM_0:1:435231343><>" triggered "amx_chat" (text "vie vobshte govorite li si sus nego e")
L 01/02/2020 - 20:41:25: "XxXBadBoyXxX<4><STEAM_0:1:435231343><>" triggered "amx_chat" (text "xd")
L 01/02/2020 - 20:41:41: "Maverick<3><STEAM_0:0:37264973><>" triggered "amx_chat" (text "pitai go, ili mu kaji da idva da igrai cs shtot ne sa tarpi veche bez nego ")
L 01/02/2020 - 20:41:55: "Tr1Pk[0]<35><STEAM_1:1:41823316><CT>" killed "Pasiciulpk.<22><STEAM_2:1:336787817><TERRORIST>" with "deagle"
L 01/02/2020 - 20:41:55: Team "CT" triggered "CTs_Win" (CT "13") (T "6")
L 01/02/2020 - 20:41:55: World triggered "Round_End"
L 01/02/2020 - 20:41:59: "Maverick<3><STEAM_0:0:37264973><>" triggered "amx_chat" (text "emi da ve nishto mu nqma ama ne idva da igrae tuka")
L 01/02/2020 - 20:42:01: World triggered "Round_Start"
L 01/02/2020 - 20:42:12: "Mr.Knife<6><STEAM_1:1:1973042010><CT>" killed "Maverick<31><STEAM_0:0:37264973><TERRORIST>" with "deagle"
L 01/02/2020 - 20:42:17: "BAD BOY<20><STEAM_1:1:175462098><TERRORIST>" killed "Mr.Knife<6><STEAM_1:1:1973042010><CT>" with "deagle"
L 01/02/2020 - 20:42:28: "BAD BOY<20><STEAM_1:1:175462098><TERRORIST>" killed "Tr1Pk[0]<35><STEAM_1:1:41823316><CT>" with "deagle"
L 01/02/2020 - 20:42:28: Team "TERRORIST" triggered "Terrorists_Win" (CT "13") (T "7")
L 01/02/2020 - 20:42:28: World triggered "Round_End"
L 01/02/2020 - 20:42:30: "BAD BOY<20><STEAM_1:1:175462098><TERRORIST>" committed suicide with "world"
L 01/02/2020 - 20:42:30: "BAD BOY<20><STEAM_1:1:175462098><TERRORIST>" joined team "CT"
L 01/02/2020 - 20:42:32: "Tr1Pk[0]<35><STEAM_1:1:41823316><CT>" joined team "TERRORIST"
L 01/02/2020 - 20:42:32: "<><><>" triggered "amx_chat" (text "[PTB] Transfered Tr1Pk[0] to TERRORIST")
L 01/02/2020 - 20:42:34: World triggered "Round_Start"
L 01/02/2020 - 20:42:41: "XxXBadBoyXxX<4><STEAM_0:1:435231343><>" triggered "amx_chat" (text "dneska go vidqh ch cukashe")
L 01/02/2020 - 20:42:48: "Mr.Knife<6><STEAM_1:1:1973042010><CT>" killed "Pasiciulpk.<22><STEAM_2:1:336787817><TERRORIST>" with "deagle"
L 01/02/2020 - 20:42:49: "Maverick<3><STEAM_0:0:37264973><>" triggered "amx_chat" (text "ko")
L 01/02/2020 - 20:42:53: "XxXBadBoyXxX<4><STEAM_0:1:435231343><>" triggered "amx_chat" (text "cs")
L 01/02/2020 - 20:42:58: "Maverick<3><STEAM_0:0:37264973><>" triggered "amx_chat" (text "go li")
L 01/02/2020 - 20:42:58: "Mr.Knife<6><STEAM_1:1:1973042010><CT>" killed "Tr1Pk[0]<35><STEAM_1:1:41823316><TERRORIST>" with "deagle"
L 01/02/2020 - 20:43:02: "RUsnak<34><STEAM_2:0:1730561053><TERRORIST>" killed "BAD BOY<20><STEAM_1:1:175462098><CT>" with "deagle"
L 01/02/2020 - 20:43:02: "XxXBadBoyXxX<4><STEAM_0:1:435231343><>" triggered "amx_chat" (text "i 1.6")
L 01/02/2020 - 20:43:07: "Maverick<3><STEAM_0:0:37264973><>" triggered "amx_chat" (text "aa")
L 01/02/2020 - 20:43:10: "Maverick<3><STEAM_0:0:37264973><>" triggered "amx_chat" (text "to chudo ve")
L 01/02/2020 - 20:43:17: "XxXBadBoyXxX<4><STEAM_0:1:435231343><>" triggered "amx_chat" (text "da e")
L 01/02/2020 - 20:43:21: "XxXBadBoyXxX<4><STEAM_0:1:435231343><>" triggered "amx_chat" (text "ot kakto stana tova sus dess")
L 01/02/2020 - 20:43:23: "Mr.Knife<6><STEAM_1:1:1973042010><CT>" killed "Maverick<31><STEAM_0:0:37264973><TERRORIST>" with "deagle"
L 01/02/2020 - 20:43:27: "XxXBadBoyXxX<4><STEAM_0:1:435231343><>" triggered "amx_chat" (text "momcheto zabravi za nas")
L 01/02/2020 - 20:43:34: "RUsnak<34><STEAM_2:0:1730561053><TERRORIST>" killed "Mr.Knife<6><STEAM_1:1:1973042010><CT>" with "deagle"
L 01/02/2020 - 20:43:34: Team "TERRORIST" triggered "Terrorists_Win" (CT "13") (T "8")
L 01/02/2020 - 20:43:34: World triggered "Round_End"
L 01/02/2020 - 20:43:38: "RUsnak<34><STEAM_2:0:1730561053><TERRORIST>" joined team "CT"
L 01/02/2020 - 20:43:38: "<><><>" triggered "amx_chat" (text "[PTB] Transfered RUsnak to CT")
L 01/02/2020 - 20:43:39: [REUNION]: DrilBaba (82.114.79.160) authorized as RevEmu
L 01/02/2020 - 20:43:39: "DrilBaba<36><STEAM_2:1:1957278449><>" connected, address "82.114.79.160:27005"
L 01/02/2020 - 20:43:40: World triggered "Round_Start"
L 01/02/2020 - 20:43:47: "Maverick<3><STEAM_0:0:37264973><>" triggered "amx_chat" (text "napravo ")
L 01/02/2020 - 20:43:49: "BAD BOY<20><STEAM_1:1:175462098><CT>" killed "Pasiciulpk.<22><STEAM_2:1:336787817><TERRORIST>" with "deagle"
L 01/02/2020 - 20:43:49: "RUsnak<34><STEAM_2:0:1730561053><CT>" killed "Maverick<31><STEAM_0:0:37264973><TERRORIST>" with "deagle"
L 01/02/2020 - 20:43:55: "Mr.Knife<6><STEAM_1:1:1973042010><CT>" killed "Tr1Pk[0]<35><STEAM_1:1:41823316><TERRORIST>" with "deagle"
L 01/02/2020 - 20:43:55: Team "CT" triggered "CTs_Win" (CT "14") (T "8")
L 01/02/2020 - 20:43:55: World triggered "Round_End"
L 01/02/2020 - 20:43:56: "Maverick<3><STEAM_0:0:37264973><>" triggered "amx_chat" (text "ma shi sa varni nqma kude da ide")
L 01/02/2020 - 20:44:00: "Mr.Knife<6><STEAM_1:1:1973042010><CT>" joined team "TERRORIST"
L 01/02/2020 - 20:44:00: "<><><>" triggered "amx_chat" (text "[PTB] Transfered Mr.Knife to TERRORIST")
L 01/02/2020 - 20:44:01: World triggered "Round_Start"
L 01/02/2020 - 20:44:05: "XxXBadBoyXxX<4><STEAM_0:1:435231343><>" triggered "amx_chat" (text "to weche meseci minaha :D")
L 01/02/2020 - 20:44:19: "Tr1Pk[0]<35><STEAM_1:1:41823316><TERRORIST>" committed suicide with "tracktrain"
L 01/02/2020 - 20:44:31: "BAD BOY<20><STEAM_1:1:175462098><CT>" killed "Maverick<31><STEAM_0:0:37264973><TERRORIST>" with "deagle"
L 01/02/2020 - 20:44:37: "RUsnak<34><STEAM_2:0:1730561053><CT>" killed "Pasiciulpk.<22><STEAM_2:1:336787817><TERRORIST>" with "deagle"
L 01/02/2020 - 20:44:38: "Maverick<3><STEAM_0:0:37264973><>" triggered "amx_chat" (text "pedalski meseci sa tova za nego ")
L 01/02/2020 - 20:44:39: "Mr.Knife<6><STEAM_1:1:1973042010><TERRORIST>" killed "BAD BOY<20><STEAM_1:1:175462098><CT>" with "deagle"
L 01/02/2020 - 20:44:45: [REUNION]: DrilBaba (82.114.79.160) authorized as RevEmu
L 01/02/2020 - 20:44:45: "DrilBaba<37><STEAM_2:1:1957278449><>" connected, address "82.114.79.160:27005"
L 01/02/2020 - 20:45:05: "Mr.Knife<6><STEAM_1:1:1973042010><TERRORIST>" killed "RUsnak<34><STEAM_2:0:1730561053><CT>" with "deagle"
L 01/02/2020 - 20:45:05: Team "TERRORIST" triggered "Terrorists_Win" (CT "14") (T "9")
L 01/02/2020 - 20:45:05: World triggered "Round_End"
L 01/02/2020 - 20:45:10: "Tr1Pk[0]<35><STEAM_1:1:41823316><TERRORIST>" joined team "CT"
L 01/02/2020 - 20:45:10: "<><><>" triggered "amx_chat" (text "[PTB] Transfered Tr1Pk[0] to CT")
L 01/02/2020 - 20:45:11: Server cvar "amx_nextmap" = "cc_secret_base"
L 01/02/2020 - 20:45:11: World triggered "Round_Start"
L 01/02/2020 - 20:45:21: "RUsnak<34><STEAM_2:0:1730561053><CT>" killed "Pasiciulpk.<22><STEAM_2:1:336787817><TERRORIST>" with "deagle"
L 01/02/2020 - 20:45:24: "Mr.Knife<6><STEAM_1:1:1973042010><TERRORIST>" killed "BAD BOY<20><STEAM_1:1:175462098><CT>" with "deagle"
L 01/02/2020 - 20:45:27: "RUsnak<34><STEAM_2:0:1730561053><CT>" killed "Mr.Knife<6><STEAM_1:1:1973042010><TERRORIST>" with "deagle"
L 01/02/2020 - 20:45:35: "RUsnak<34><STEAM_2:0:1730561053><CT>" killed "Maverick<31><STEAM_0:0:37264973><TERRORIST>" with "knife"
L 01/02/2020 - 20:45:35: Team "CT" triggered "CTs_Win" (CT "15") (T "9")
L 01/02/2020 - 20:45:35: World triggered "Round_End"
L 01/02/2020 - 20:45:40: "RUsnak<34><STEAM_2:0:1730561053><CT>" joined team "TERRORIST"
L 01/02/2020 - 20:45:40: "<><><>" triggered "amx_chat" (text "[PTB] Transfered RUsnak to TERRORIST")
L 01/02/2020 - 20:45:41: World triggered "Round_Start"
L 01/02/2020 - 20:45:51: Server cvar "mp_timelimit" = "0.000000"
L 01/02/2020 - 20:45:55: "BAD BOY<20><STEAM_1:1:175462098><CT>" killed "Mr.Knife<6><STEAM_1:1:1973042010><TERRORIST>" with "deagle"
L 01/02/2020 - 20:46:01: "RUsnak<34><STEAM_2:0:1730561053><TERRORIST>" killed "Tr1Pk[0]<35><STEAM_1:1:41823316><CT>" with "deagle"
L 01/02/2020 - 20:46:23: "RUsnak<34><STEAM_2:0:1730561053><TERRORIST>" killed "BAD BOY<20><STEAM_1:1:175462098><CT>" with "deagle"
L 01/02/2020 - 20:46:23: Team "TERRORIST" triggered "Terrorists_Win" (CT "15") (T "10")
L 01/02/2020 - 20:46:23: World triggered "Round_End"
L 01/02/2020 - 20:46:27: "Mr.Knife<6><STEAM_1:1:1973042010><TERRORIST>" joined team "CT"
L 01/02/2020 - 20:46:27: "<><><>" triggered "amx_chat" (text "[PTB] Transfered Mr.Knife to CT")
L 01/02/2020 - 20:46:29: World triggered "Round_Start"
L 01/02/2020 - 20:46:29: Server cvar "sv_maxspeed" = "0.000000"
L 01/02/2020 - 20:46:29: Server cvar "mp_friendlyfire" = "1"
L 01/02/2020 - 20:46:34: "Pasiciulpk.<22><STEAM_2:1:336787817><TERRORIST>" committed suicide with "worldspawn" (world)
L 01/02/2020 - 20:46:34: "Tr1Pk[0]<35><STEAM_1:1:41823316><CT>" committed suicide with "grenade"
L 01/02/2020 - 20:46:34: "Mr.Knife<6><STEAM_1:1:1973042010><CT>" committed suicide with "worldspawn" (world)
L 01/02/2020 - 20:46:40: Server cvar "sv_maxspeed" = "900.000000"
L 01/02/2020 - 20:46:40: Server cvar "mp_friendlyfire" = "0"
L 01/02/2020 - 20:46:40: Server cvar "mp_timelimit" = "20.000000"
L 01/02/2020 - 20:46:40: [META] ini: Begin re-reading plugins list: /home/rented/public9/cstrike/addons/metamod/plugins.ini
L 01/02/2020 - 20:46:40: [META] ini: Read plugin config for: SafeNameAndChat
L 01/02/2020 - 20:46:40: [META] ini: Read plugin config for: AMX Mod X
L 01/02/2020 - 20:46:40: [META] ini: Read plugin config for: Reunion
L 01/02/2020 - 20:46:40: [META] ini: Read plugin config for: ReAuthCheck
L 01/02/2020 - 20:46:40: [META] ini: Read plugin config for: WHBlocker
L 01/02/2020 - 20:46:40: [META] ini: Read plugin config for: ReSemiclip
L 01/02/2020 - 20:46:40: [META] ini: Read plugin config for: Revoice
L 01/02/2020 - 20:46:40: [META] ini: Finished reading plugins list: /home/rented/public9/cstrike/addons/metamod/plugins.ini; Found 7 plugins
L 01/02/2020 - 20:46:40: [META] dll: Updating plugins...
L 01/02/2020 - 20:46:40: [META] WARNING: Cannot clear plugin 'SafeNameAndChat'; not marked as failed, empty, or open (status=valid)
L 01/02/2020 - 20:46:40: [META] dll: Unloaded plugin 'SafeNameAndChat' for reason 'file on disk is newer'
L 01/02/2020 - 20:46:40: [META] dll: Loaded plugin 'SafeNameAndChat': SafeNameAndChat v1.1 2017.02.01, WPMG.PRoSToC0der
L 01/02/2020 - 20:46:40: [META] WARNING: Cannot clear plugin 'WHBlocker'; not marked as failed, empty, or open (status=valid)
L 01/02/2020 - 20:46:40: [META] dll: Unloaded plugin 'WHBlocker' for reason 'file on disk is newer'
L 01/02/2020 - 20:46:40: [META] dll: Loaded plugin 'WHBlocker': WHBlocker v1.5.692 2017-04-13, s1lent
L 01/02/2020 - 20:46:40: [META] WARNING: Cannot clear plugin 'ReSemiclip'; not marked as failed, empty, or open (status=valid)
L 01/02/2020 - 20:46:40: [META] dll: Unloaded plugin 'ReSemiclip' for reason 'file on disk is newer'
L 01/02/2020 - 20:46:40: [META] dll: Loaded plugin 'ReSemiclip': ReSemiclip v2.3.9 13/02/17, s1lent & Adidasman
L 01/02/2020 - 20:46:40: [META] dll: Finished updating 14 plugins; kept 0, loaded 0, unloaded 0, reloaded 3, delayed 0
L 01/02/2020 - 20:46:40: "BAD BOY<20><STEAM_1:1:175462098><CT>" disconnected
L 01/02/2020 - 20:46:40: Team "TERRORIST" triggered "Terrorists_Win" (CT "15") (T "11")
L 01/02/2020 - 20:46:40: World triggered "Round_End"
L 01/02/2020 - 20:46:40: "Mr.Knife<6><STEAM_1:1:1973042010><CT>" disconnected
L 01/02/2020 - 20:46:40: "Maverick<31><STEAM_0:0:37264973><TERRORIST>" disconnected
L 01/02/2020 - 20:46:40: "XxXBadBoyXxX<24><STEAM_0:1:435231343><SPECTATOR>" disconnected
L 01/02/2020 - 20:46:40: "RUsnak<34><STEAM_2:0:1730561053><TERRORIST>" disconnected
L 01/02/2020 - 20:46:40: "Pasiciulpk.<22><STEAM_2:1:336787817><TERRORIST>" disconnected
L 01/02/2020 - 20:46:40: "Tr1Pk[0]<35><STEAM_1:1:41823316><CT>" disconnected
L 01/02/2020 - 20:46:40: Log file closed
