L 01/08/2020 - 18:40:22: Log file started (file "logs/L0108058.log") (game "cstrike") (version "48/1.1.2.7/Stdio/1621")
L 01/08/2020 - 18:40:22: Loading map "ow_cc_crazytank"
L 01/08/2020 - 18:40:22: Server cvars start
L 01/08/2020 - 18:40:22: Server cvar "@BunnyHopper" = "3.x"
L 01/08/2020 - 18:40:22: Server cvar "@CRXGoSpec" = "1.1"
L 01/08/2020 - 18:40:22: Server cvar "@CRXRemoveImmunity" = "1.0"
L 01/08/2020 - 18:40:22: Server cvar "@D.I.C.E." = "1.1"
L 01/08/2020 - 18:40:22: Server cvar "@MOTDCommands" = "1.2"
L 01/08/2020 - 18:40:22: Server cvar "advanced_quake_sounds" = "5.0"
L 01/08/2020 - 18:40:22: Server cvar "AdvancedMute" = "1.0"
L 01/08/2020 - 18:40:22: Server cvar "aesp_version" = "1.3"
L 01/08/2020 - 18:40:22: Server cvar "allow_spectators" = "1.0"
L 01/08/2020 - 18:40:22: Server cvar "amx_client_languages" = "1"
L 01/08/2020 - 18:40:22: Server cvar "amx_language" = "en"
L 01/08/2020 - 18:40:22: Server cvar "amx_nextmap" = "ow_cc_crazytank"
L 01/08/2020 - 18:40:22: Server cvar "amx_ptb_version" = "1.8b3"
L 01/08/2020 - 18:40:22: Server cvar "amx_timeleft" = "00:00"
L 01/08/2020 - 18:40:22: Server cvar "amxmodx_version" = "1.8.2"
L 01/08/2020 - 18:40:22: Server cvar "amxxbg_vip" = "1.0"
L 01/08/2020 - 18:40:22: Server cvar "asp_version" = "4.5.1"
L 01/08/2020 - 18:40:22: Server cvar "atac_version" = "3.0.1"
L 01/08/2020 - 18:40:22: Server cvar "badcamper_version" = "1.4 beta"
L 01/08/2020 - 18:40:22: Server cvar "blockmaker" = "4.01"
L 01/08/2020 - 18:40:22: Server cvar "c4 timer" = "1.1"
L 01/08/2020 - 18:40:22: Server cvar "coop" = "0"
L 01/08/2020 - 18:40:22: Server cvar "CRXAdminGroups" = "1.0"
L 01/08/2020 - 18:40:22: Server cvar "CRXCommandRestrictions" = "1.0"
L 01/08/2020 - 18:40:22: Server cvar "CRXFastKnife" = "1.0"
L 01/08/2020 - 18:40:22: Server cvar "CRXGametracker" = "2.0"
L 01/08/2020 - 18:40:22: Server cvar "CRXKnifeModels" = "2.5.7"
L 01/08/2020 - 18:40:22: Server cvar "CRXTeamAdvantage" = "1.0"
L 01/08/2020 - 18:40:22: Server cvar "CustomShop" = "4.2"
L 01/08/2020 - 18:40:22: Server cvar "deathmatch" = "1"
L 01/08/2020 - 18:40:22: Server cvar "decalfrequency" = "0"
L 01/08/2020 - 18:40:22: Server cvar "edgefriction" = "2"
L 01/08/2020 - 18:40:22: Server cvar "ers_version" = "2.3c"
L 01/08/2020 - 18:40:22: Server cvar "gagsystem_shoko" = "1.0"
L 01/08/2020 - 18:40:22: Server cvar "gal_mapcyclefile" = "mapcycle.txt"
L 01/08/2020 - 18:40:22: Server cvar "gal_version" = "v5.9.1-926"
L 01/08/2020 - 18:40:22: Server cvar "game_version" = "5.7.0.313-dev"
L 01/08/2020 - 18:40:22: Server cvar "humans_join_team" = "any"
L 01/08/2020 - 18:40:22: Server cvar "jtp10181" = "chute,gore"
L 01/08/2020 - 18:40:22: Server cvar "lawliet" = "ny_RainingSnow"
L 01/08/2020 - 18:40:22: Server cvar "LetitSnow" = "1.0"
L 01/08/2020 - 18:40:22: Server cvar "map_spawns" = "T(16) CT(16)"
L 01/08/2020 - 18:40:22: Server cvar "max_queries_sec" = "3"
L 01/08/2020 - 18:40:22: Server cvar "max_queries_sec_global" = "150"
L 01/08/2020 - 18:40:22: Server cvar "max_queries_window" = "60"
L 01/08/2020 - 18:40:22: Server cvar "mdbBans" = "4.8"
L 01/08/2020 - 18:40:22: Server cvar "metamod_version" = "1.21p37"
L 01/08/2020 - 18:40:22: Server cvar "mp_autokick" = "0"
L 01/08/2020 - 18:40:22: Server cvar "mp_autokick_timeout" = "-1"
L 01/08/2020 - 18:40:22: Server cvar "mp_autoteambalance" = "0"
L 01/08/2020 - 18:40:22: Server cvar "mp_buytime" = "0.25"
L 01/08/2020 - 18:40:22: Server cvar "mp_c4timer" = "35"
L 01/08/2020 - 18:40:22: Server cvar "mp_chattime" = "5.000000"
L 01/08/2020 - 18:40:22: Server cvar "mp_consistency" = "1"
L 01/08/2020 - 18:40:22: Server cvar "mp_fadetoblack" = "0"
L 01/08/2020 - 18:40:22: Server cvar "mp_flashlight" = "1"
L 01/08/2020 - 18:40:22: Server cvar "mp_footsteps" = "1"
L 01/08/2020 - 18:40:22: Server cvar "mp_forcecamera" = "0"
L 01/08/2020 - 18:40:22: Server cvar "mp_forcechasecam" = "0"
L 01/08/2020 - 18:40:22: Server cvar "mp_forcerespawn" = "0"
L 01/08/2020 - 18:40:22: Server cvar "mp_fraglimit" = "0"
L 01/08/2020 - 18:40:22: Server cvar "mp_fragsleft" = "0"
L 01/08/2020 - 18:40:22: Server cvar "mp_freeforall" = "0"
L 01/08/2020 - 18:40:22: Server cvar "mp_freezetime" = "1"
L 01/08/2020 - 18:40:22: Server cvar "mp_friendlyfire" = "0"
L 01/08/2020 - 18:40:22: Server cvar "mp_hostage_hurtable" = "1"
L 01/08/2020 - 18:40:22: Server cvar "mp_hostagepenalty" = "0"
L 01/08/2020 - 18:40:22: Server cvar "mp_item_staytime" = "300"
L 01/08/2020 - 18:40:22: Server cvar "mp_kickpercent" = "0.66"
L 01/08/2020 - 18:40:22: Server cvar "mp_legacy_bombtarget_touch" = "1"
L 01/08/2020 - 18:40:22: Server cvar "mp_limitteams" = "0"
L 01/08/2020 - 18:40:22: Server cvar "mp_logdetail" = "0"
L 01/08/2020 - 18:40:22: Server cvar "mp_logfile" = "1"
L 01/08/2020 - 18:40:22: Server cvar "mp_logmessages" = "1"
L 01/08/2020 - 18:40:22: Server cvar "mp_mapvoteratio" = "0.66"
L 01/08/2020 - 18:40:22: Server cvar "mp_maxmoney" = "999999"
L 01/08/2020 - 18:40:22: Server cvar "mp_maxrounds" = "0"
L 01/08/2020 - 18:40:22: Server cvar "mp_mirrordamage" = "0"
L 01/08/2020 - 18:40:22: Server cvar "mp_old_bomb_defused_sound" = "1"
L 01/08/2020 - 18:40:22: Server cvar "mp_playerid" = "0"
L 01/08/2020 - 18:40:22: Server cvar "mp_respawn_immunitytime" = "0"
L 01/08/2020 - 18:40:22: Server cvar "mp_round_infinite" = "0"
L 01/08/2020 - 18:40:22: Server cvar "mp_round_restart_delay" = "5"
L 01/08/2020 - 18:40:22: Server cvar "mp_roundover" = "0"
L 01/08/2020 - 18:40:22: Server cvar "mp_roundtime" = "2.3"
L 01/08/2020 - 18:40:22: Server cvar "mp_show_radioicon" = "1"
L 01/08/2020 - 18:40:22: Server cvar "mp_startmoney" = "850"
L 01/08/2020 - 18:40:22: Server cvar "mp_timeleft" = "00:00"
L 01/08/2020 - 18:40:22: Server cvar "mp_timelimit" = "20"
L 01/08/2020 - 18:40:22: Server cvar "mp_tkpunish" = "0"
L 01/08/2020 - 18:40:22: Server cvar "mp_windifference" = "1"
L 01/08/2020 - 18:40:22: Server cvar "mp_winlimit" = "0"
L 01/08/2020 - 18:40:22: Server cvar "NoWeaponsOnGround" = "1.0"
L 01/08/2020 - 18:40:22: Server cvar "pausable" = "0"
L 01/08/2020 - 18:40:22: Server cvar "present_version" = "2.01"
L 01/08/2020 - 18:40:22: Server cvar "RandomHP" = "2.2"
L 01/08/2020 - 18:40:22: Server cvar "reauthcheck_version" = "0.1.6"
L 01/08/2020 - 18:40:22: Server cvar "reconnect_features" = "0.3.1"
L 01/08/2020 - 18:40:22: Server cvar "report_system_version" = "3.1"
L 01/08/2020 - 18:40:22: Server cvar "resemiclip_version" = "2.3.9"
L 01/08/2020 - 18:40:22: Server cvar "reu_version" = "0.1.0.130"
L 01/08/2020 - 18:40:22: Server cvar "revoice_version" = "0.1.0.30"
L 01/08/2020 - 18:40:22: Server cvar "RRWM" = "2.0"
L 01/08/2020 - 18:40:22: Server cvar "sanksounds_version" = "1.8.6"
L 01/08/2020 - 18:40:22: Server cvar "SimpleMenu" = "1.1"
L 01/08/2020 - 18:40:22: Server cvar "SNAC_Version" = "1.1"
L 01/08/2020 - 18:40:22: Server cvar "SpecList" = "1.2a"
L 01/08/2020 - 18:40:22: Server cvar "sr_version" = "1.6"
L 01/08/2020 - 18:40:22: Server cvar "statsx_shell_ver" = "2.0.0 (BETA)"
L 01/08/2020 - 18:40:22: Server cvar "StyleC4Timer" = "2.1"
L 01/08/2020 - 18:40:22: Server cvar "sv_accelerate" = "5"
L 01/08/2020 - 18:40:22: Server cvar "sv_aim" = "1"
L 01/08/2020 - 18:40:22: Server cvar "sv_airaccelerate" = "100"
L 01/08/2020 - 18:40:22: Server cvar "sv_allowupload" = "1"
L 01/08/2020 - 18:40:22: Server cvar "sv_alltalk" = "1"
L 01/08/2020 - 18:40:22: Server cvar "sv_bounce" = "1"
L 01/08/2020 - 18:40:22: Server cvar "sv_cheats" = "0"
L 01/08/2020 - 18:40:22: Server cvar "sv_clienttrace" = "1"
L 01/08/2020 - 18:40:22: Server cvar "sv_contact" = "feruchio599@gmail.com"
L 01/08/2020 - 18:40:22: Server cvar "sv_friction" = "4"
L 01/08/2020 - 18:40:22: Server cvar "sv_gravity" = "800"
L 01/08/2020 - 18:40:22: Server cvar "sv_logblocks" = "0"
L 01/08/2020 - 18:40:22: Server cvar "sv_maxrate" = "50000"
L 01/08/2020 - 18:40:22: Server cvar "sv_maxspeed" = "900"
L 01/08/2020 - 18:40:22: Server cvar "sv_minrate" = "10000"
L 01/08/2020 - 18:40:22: Server cvar "sv_password" = ""
L 01/08/2020 - 18:40:22: Server cvar "sv_proxies" = "1"
L 01/08/2020 - 18:40:22: Server cvar "sv_restart" = "0"
L 01/08/2020 - 18:40:22: Server cvar "sv_restartround" = "0"
L 01/08/2020 - 18:40:22: Server cvar "sv_stepsize" = "18"
L 01/08/2020 - 18:40:22: Server cvar "sv_stopspeed" = "75"
L 01/08/2020 - 18:40:22: Server cvar "sv_uploadmax" = "0.5"
L 01/08/2020 - 18:40:22: Server cvar "sv_version" = "1.1.2.7/Stdio,48,1621"
L 01/08/2020 - 18:40:22: Server cvar "sv_voiceenable" = "1"
L 01/08/2020 - 18:40:22: Server cvar "sv_wateraccelerate" = "10"
L 01/08/2020 - 18:40:22: Server cvar "sv_waterfriction" = "1"
L 01/08/2020 - 18:40:22: Server cvar "Team_Semiclip_version" = "3.3.1"
L 01/08/2020 - 18:40:22: Server cvar "vehicle_real_killer" = "1.1"
L 01/08/2020 - 18:40:22: Server cvar "WalkGuard" = "1.3.2"
L 01/08/2020 - 18:40:22: Server cvar "we_grenades" = "Huehue"
L 01/08/2020 - 18:40:22: Server cvar "we_player_models" = "Huehue"
L 01/08/2020 - 18:40:22: Server cvar "whb_version" = "1.5.692"
L 01/08/2020 - 18:40:22: Server cvar "zp_jp_version" = "Extra Item Jetpack+Bazooka v3.2"
L 01/08/2020 - 18:40:22: Server cvars end
L 01/08/2020 - 18:40:24: Server cvar "mp_autoteambalance" = "1"
L 01/08/2020 - 18:40:24: Server cvar "mp_autoteambalance" = "0"
L 01/08/2020 - 18:40:25: Server cvar "amx_nextmap" = "[not yet voted on]"
L 01/08/2020 - 18:40:26: Started map "ow_cc_crazytank" (CRC "-1701114937")
L 01/08/2020 - 18:40:28: World triggered "Round_Start"
L 01/08/2020 - 18:41:40: [REUNION]: Tedo2 (87.121.103.114) authorized as RevEmu
L 01/08/2020 - 18:41:40: "Tedo2<70><STEAM_1:0:908198505><>" connected, address "87.121.103.114:27005"
L 01/08/2020 - 18:41:42: [REUNION]: Tedo2 (87.121.103.114) authorized as RevEmu
L 01/08/2020 - 18:41:42: "Tedo2<71><STEAM_1:0:908198505><>" connected, address "87.121.103.114:27005"
L 01/08/2020 - 18:41:46: "Tedo2<71><STEAM_1:0:908198505><>" entered the game
L 01/08/2020 - 18:41:48: "Tedo2<71><STEAM_1:0:908198505><>" joined team "CT"
L 01/08/2020 - 18:42:46: Team "CT" triggered "Target_Saved" (CT "0") (T "0")
L 01/08/2020 - 18:42:46: World triggered "Round_End"
L 01/08/2020 - 18:42:52: World triggered "Round_Start"
L 01/08/2020 - 18:45:10: Team "CT" triggered "Target_Saved" (CT "0") (T "0")
L 01/08/2020 - 18:45:10: World triggered "Round_End"
L 01/08/2020 - 18:45:16: World triggered "Round_Start"
L 01/08/2020 - 18:47:34: Team "CT" triggered "Target_Saved" (CT "0") (T "0")
L 01/08/2020 - 18:47:34: World triggered "Round_End"
L 01/08/2020 - 18:47:40: World triggered "Round_Start"
L 01/08/2020 - 18:48:28: "Tedo2<71><STEAM_1:0:908198505><CT>" committed suicide with "world"
L 01/08/2020 - 18:48:28: World triggered "Round_Draw" (CT "0") (T "0")
L 01/08/2020 - 18:48:28: World triggered "Round_End"
L 01/08/2020 - 18:48:28: "Tedo2<71><STEAM_1:0:908198505><CT>" joined team "SPECTATOR"
L 01/08/2020 - 18:48:34: World triggered "Round_Start"
L 01/08/2020 - 18:50:30: [REUNION]: set-master (95.42.237.249) authorized as RevEmu
L 01/08/2020 - 18:50:30: "set-master<72><STEAM_1:1:1924879844><>" connected, address "95.42.237.249:27005"
L 01/08/2020 - 18:50:33: [REUNION]: set-master (95.42.237.249) authorized as RevEmu
L 01/08/2020 - 18:50:33: "set-master<73><STEAM_1:1:1924879844><>" connected, address "95.42.237.249:27005"
L 01/08/2020 - 18:50:42: "set-master<73><STEAM_1:1:1924879844><>" entered the game
L 01/08/2020 - 18:50:52: Team "CT" triggered "Target_Saved" (CT "0") (T "0")
L 01/08/2020 - 18:50:52: World triggered "Round_End"
L 01/08/2020 - 18:50:58: World triggered "Round_Start"
L 01/08/2020 - 18:51:10: "set-master<73><STEAM_1:1:1924879844><>" joined team "TERRORIST"
L 01/08/2020 - 18:51:11: "set-master<73><STEAM_1:1:1924879844><TERRORIST>" triggered "Spawned_With_The_Bomb"
L 01/08/2020 - 18:52:16: "set-master<73><STEAM_1:1:1924879844><TERRORIST>" triggered "Dropped_The_Bomb"
L 01/08/2020 - 18:52:16: "set-master<73><STEAM_1:1:1924879844><TERRORIST>" disconnected
L 01/08/2020 - 18:52:16: World triggered "Round_Draw" (CT "0") (T "0")
L 01/08/2020 - 18:52:16: World triggered "Round_End"
L 01/08/2020 - 18:52:19: [REUNION]: set-master (95.42.237.249) authorized as RevEmu
L 01/08/2020 - 18:52:19: "set-master<74><STEAM_1:1:1924879844><>" connected, address "95.42.237.249:27005"
L 01/08/2020 - 18:52:20: [REUNION]: ToSHkOPaTRoNa (217.174.154.184) authorized as NoSteam47
L 01/08/2020 - 18:52:20: "ToSHkOPaTRoNa<75><VALVE_ID_LAN><>" connected, address "217.174.154.184:27005"
L 01/08/2020 - 18:52:22: World triggered "Round_Start"
L 01/08/2020 - 18:52:23: "set-master<74><STEAM_1:1:1924879844><>" entered the game
L 01/08/2020 - 18:52:29: "set-master<74><STEAM_1:1:1924879844><>" joined team "TERRORIST"
L 01/08/2020 - 18:52:29: [REUNION]: mikaze (77.244.197.40) authorized as RevEmu
L 01/08/2020 - 18:52:29: "mikaze<76><STEAM_1:1:817775118><>" connected, address "77.244.197.40:27005"
L 01/08/2020 - 18:52:30: "set-master<74><STEAM_1:1:1924879844><TERRORIST>" triggered "Spawned_With_The_Bomb"
L 01/08/2020 - 18:52:43: [REUNION]: ToSHkOPaTRoNa (217.174.154.184) authorized as NoSteam47
L 01/08/2020 - 18:52:43: "ToSHkOPaTRoNa<77><VALVE_ID_LAN><>" connected, address "217.174.154.184:27005"
L 01/08/2020 - 18:52:51: "ToSHkOPaTRoNa<77><VALVE_ID_LAN><>" entered the game
L 01/08/2020 - 18:52:55: "ToSHkOPaTRoNa<77><VALVE_ID_LAN><>" joined team "CT"
L 01/08/2020 - 18:52:55: World triggered "Game_Commencing"
L 01/08/2020 - 18:52:55: World triggered "Game_Commencing" (CT "0") (T "0")
L 01/08/2020 - 18:52:55: World triggered "Round_End"
L 01/08/2020 - 18:52:58: "set-master<74><STEAM_1:1:1924879844><TERRORIST>" triggered "Spawned_With_The_Bomb"
L 01/08/2020 - 18:52:59: World triggered "Round_Start"
L 01/08/2020 - 18:53:00: [REUNION]: mikaze (77.244.197.40) authorized as RevEmu
L 01/08/2020 - 18:53:00: "mikaze<78><STEAM_1:1:817775118><>" connected, address "77.244.197.40:27005"
L 01/08/2020 - 18:53:03: "mikaze<78><STEAM_1:1:817775118><>" entered the game
L 01/08/2020 - 18:53:07: "mikaze<78><STEAM_1:1:817775118><>" joined team "CT"
L 01/08/2020 - 18:53:31: "ToSHkOPaTRoNa<77><VALVE_ID_LAN><CT>" committed suicide with "tracktrain"
L 01/08/2020 - 18:53:58: "set-master<74><STEAM_1:1:1924879844><TERRORIST>" killed "mikaze<78><STEAM_1:1:817775118><CT>" with "m3"
L 01/08/2020 - 18:53:58: Team "TERRORIST" triggered "Terrorists_Win" (CT "0") (T "1")
L 01/08/2020 - 18:53:58: World triggered "Round_End"
L 01/08/2020 - 18:54:03: "set-master<74><STEAM_1:1:1924879844><TERRORIST>" triggered "Spawned_With_The_Bomb"
L 01/08/2020 - 18:54:04: World triggered "Round_Start"
L 01/08/2020 - 18:54:16: "mikaze<78><STEAM_1:1:817775118><CT>" committed suicide with "trigger_hurt" (world)
L 01/08/2020 - 18:55:24: "ToSHkOPaTRoNa<77><VALVE_ID_LAN><CT>" killed "set-master<74><STEAM_1:1:1924879844><TERRORIST>" with "m3"
L 01/08/2020 - 18:55:24: Team "CT" triggered "CTs_Win" (CT "1") (T "1")
L 01/08/2020 - 18:55:24: World triggered "Round_End"
L 01/08/2020 - 18:55:29: "ToSHkOPaTRoNa<77><VALVE_ID_LAN><CT>" joined team "TERRORIST"
L 01/08/2020 - 18:55:29: "<><><>" triggered "amx_chat" (text "[PTB] Transfered ToSHkOPaTRoNa to TERRORIST")
L 01/08/2020 - 18:55:29: "ToSHkOPaTRoNa<77><VALVE_ID_LAN><TERRORIST>" triggered "Spawned_With_The_Bomb"
L 01/08/2020 - 18:55:30: World triggered "Round_Start"
L 01/08/2020 - 18:56:10: "ToSHkOPaTRoNa<77><VALVE_ID_LAN><TERRORIST>" triggered "Planted_The_Bomb"
L 01/08/2020 - 18:56:13: "mikaze<78><STEAM_1:1:817775118><CT>" killed "ToSHkOPaTRoNa<77><VALVE_ID_LAN><TERRORIST>" with "tracktrain"
L 01/08/2020 - 18:56:38: "set-master<74><STEAM_1:1:1924879844><TERRORIST>" killed "mikaze<78><STEAM_1:1:817775118><CT>" with "ak47"
L 01/08/2020 - 18:56:38: Team "TERRORIST" triggered "Terrorists_Win" (CT "1") (T "2")
L 01/08/2020 - 18:56:38: World triggered "Round_End"
L 01/08/2020 - 18:56:43: "set-master<74><STEAM_1:1:1924879844><TERRORIST>" joined team "CT"
L 01/08/2020 - 18:56:43: "<><><>" triggered "amx_chat" (text "[PTB] Transfered set-master to CT")
L 01/08/2020 - 18:56:43: "ToSHkOPaTRoNa<77><VALVE_ID_LAN><TERRORIST>" triggered "Spawned_With_The_Bomb"
L 01/08/2020 - 18:56:44: "ToSHkOPaTRoNa<77><VALVE_ID_LAN><TERRORIST>" triggered "Dropped_The_Bomb"
L 01/08/2020 - 18:56:44: World triggered "Round_Start"
L 01/08/2020 - 18:56:47: "ToSHkOPaTRoNa<77><VALVE_ID_LAN><TERRORIST>" triggered "Got_The_Bomb"
L 01/08/2020 - 18:57:50: "set-master<74><STEAM_1:1:1924879844><CT>" killed "ToSHkOPaTRoNa<77><VALVE_ID_LAN><TERRORIST>" with "m3"
L 01/08/2020 - 18:57:50: Team "CT" triggered "CTs_Win" (CT "2") (T "2")
L 01/08/2020 - 18:57:50: World triggered "Round_End"
L 01/08/2020 - 18:57:55: "mikaze<78><STEAM_1:1:817775118><CT>" joined team "TERRORIST"
L 01/08/2020 - 18:57:55: "<><><>" triggered "amx_chat" (text "[PTB] Transfered mikaze to TERRORIST")
L 01/08/2020 - 18:57:55: "mikaze<78><STEAM_1:1:817775118><TERRORIST>" triggered "Spawned_With_The_Bomb"
L 01/08/2020 - 18:57:56: World triggered "Round_Start"
L 01/08/2020 - 18:58:11: "ToSHkOPaTRoNa<77><VALVE_ID_LAN><TERRORIST>" committed suicide with "tracktrain"
L 01/08/2020 - 18:58:46: "mikaze<78><STEAM_1:1:817775118><TERRORIST>" killed "set-master<74><STEAM_1:1:1924879844><CT>" with "knife"
L 01/08/2020 - 18:58:46: Team "TERRORIST" triggered "Terrorists_Win" (CT "2") (T "3")
L 01/08/2020 - 18:58:46: World triggered "Round_End"
L 01/08/2020 - 18:58:51: "ToSHkOPaTRoNa<77><VALVE_ID_LAN><TERRORIST>" joined team "CT"
L 01/08/2020 - 18:58:51: "<><><>" triggered "amx_chat" (text "[PTB] Transfered ToSHkOPaTRoNa to CT")
L 01/08/2020 - 18:58:51: "mikaze<78><STEAM_1:1:817775118><TERRORIST>" triggered "Spawned_With_The_Bomb"
L 01/08/2020 - 18:58:52: World triggered "Round_Start"
L 01/08/2020 - 18:59:00: "Tedo2<71><STEAM_1:0:908198505><SPECTATOR>" joined team "TERRORIST"
L 01/08/2020 - 18:59:25: "mikaze<78><STEAM_1:1:817775118><TERRORIST>" triggered "Planted_The_Bomb"
L 01/08/2020 - 18:59:31: "ToSHkOPaTRoNa<77><VALVE_ID_LAN><CT>" killed "mikaze<78><STEAM_1:1:817775118><TERRORIST>" with "m3"
L 01/08/2020 - 18:59:33: "ToSHkOPaTRoNa<77><VALVE_ID_LAN><CT>" triggered "Begin_Bomb_Defuse_Without_Kit"
L 01/08/2020 - 18:59:43: "ToSHkOPaTRoNa<77><VALVE_ID_LAN><CT>" triggered "Defused_The_Bomb"
L 01/08/2020 - 18:59:43: Team "CT" triggered "Bomb_Defused" (CT "3") (T "3")
L 01/08/2020 - 18:59:43: World triggered "Round_End"
L 01/08/2020 - 18:59:48: "set-master<74><STEAM_1:1:1924879844><CT>" joined team "TERRORIST"
L 01/08/2020 - 18:59:48: "<><><>" triggered "amx_chat" (text "[PTB] Transfered set-master to TERRORIST")
L 01/08/2020 - 18:59:48: "set-master<74><STEAM_1:1:1924879844><TERRORIST>" triggered "Spawned_With_The_Bomb"
L 01/08/2020 - 18:59:49: World triggered "Round_Start"
L 01/08/2020 - 19:00:54: "set-master<74><STEAM_1:1:1924879844><TERRORIST>" killed "ToSHkOPaTRoNa<77><VALVE_ID_LAN><CT>" with "m3"
L 01/08/2020 - 19:00:54: Team "TERRORIST" triggered "Terrorists_Win" (CT "3") (T "4")
L 01/08/2020 - 19:00:54: World triggered "Round_End"
L 01/08/2020 - 19:00:56: "Tedo2<71><STEAM_1:0:908198505><TERRORIST>" committed suicide with "world"
L 01/08/2020 - 19:00:56: "Tedo2<71><STEAM_1:0:908198505><TERRORIST>" joined team "CT"
L 01/08/2020 - 19:00:58: "mikaze<78><STEAM_1:1:817775118><TERRORIST>" joined team "CT"
L 01/08/2020 - 19:00:58: "<><><>" triggered "amx_chat" (text "[PTB] Transfered mikaze to CT")
L 01/08/2020 - 19:00:59: "set-master<74><STEAM_1:1:1924879844><TERRORIST>" triggered "Spawned_With_The_Bomb"
L 01/08/2020 - 19:01:00: World triggered "Round_Start"
L 01/08/2020 - 19:02:00: "ToSHkOPaTRoNa<77><VALVE_ID_LAN><CT>" killed "set-master<74><STEAM_1:1:1924879844><TERRORIST>" with "m3"
L 01/08/2020 - 19:02:00: Team "CT" triggered "CTs_Win" (CT "4") (T "4")
L 01/08/2020 - 19:02:00: World triggered "Round_End"
L 01/08/2020 - 19:02:05: "ToSHkOPaTRoNa<77><VALVE_ID_LAN><CT>" joined team "TERRORIST"
L 01/08/2020 - 19:02:05: "<><><>" triggered "amx_chat" (text "[PTB] Transfered ToSHkOPaTRoNa to TERRORIST")
L 01/08/2020 - 19:02:05: "ToSHkOPaTRoNa<77><VALVE_ID_LAN><TERRORIST>" triggered "Spawned_With_The_Bomb"
L 01/08/2020 - 19:02:06: World triggered "Round_Start"
L 01/08/2020 - 19:02:34: "Tedo2<71><STEAM_1:0:908198505><CT>" committed suicide with "tracktrain"
L 01/08/2020 - 19:03:01: "ToSHkOPaTRoNa<77><VALVE_ID_LAN><TERRORIST>" triggered "Planted_The_Bomb"
L 01/08/2020 - 19:03:04: "set-master<74><STEAM_1:1:1924879844><TERRORIST>" killed "mikaze<78><STEAM_1:1:817775118><CT>" with "m3"
L 01/08/2020 - 19:03:04: Team "TERRORIST" triggered "Terrorists_Win" (CT "4") (T "5")
L 01/08/2020 - 19:03:04: World triggered "Round_End"
L 01/08/2020 - 19:03:09: "set-master<74><STEAM_1:1:1924879844><TERRORIST>" joined team "CT"
L 01/08/2020 - 19:03:09: "<><><>" triggered "amx_chat" (text "[PTB] Transfered set-master to CT")
L 01/08/2020 - 19:03:09: "ToSHkOPaTRoNa<77><VALVE_ID_LAN><TERRORIST>" triggered "Spawned_With_The_Bomb"
L 01/08/2020 - 19:03:10: World triggered "Round_Start"
L 01/08/2020 - 19:04:00: [REUNION]: ghost (88.80.119.182) authorized as NoSteam47
L 01/08/2020 - 19:04:00: "ghost<79><VALVE_ID_LAN><>" connected, address "88.80.119.182:27005"
L 01/08/2020 - 19:04:02: [REUNION]: ghost (88.80.119.182) authorized as NoSteam47
L 01/08/2020 - 19:04:02: "ghost<80><VALVE_ID_LAN><>" connected, address "88.80.119.182:27005"
L 01/08/2020 - 19:04:10: "ToSHkOPaTRoNa<77><VALVE_ID_LAN><TERRORIST>" killed "set-master<74><STEAM_1:1:1924879844><CT>" with "m3"
L 01/08/2020 - 19:04:11: "ghost<80><VALVE_ID_LAN><>" entered the game
L 01/08/2020 - 19:04:13: "ghost<80><VALVE_ID_LAN><>" joined team "TERRORIST"
L 01/08/2020 - 19:04:31: "ToSHkOPaTRoNa<77><VALVE_ID_LAN><TERRORIST>" killed "Tedo2<71><STEAM_1:0:908198505><CT>" with "m3"
L 01/08/2020 - 19:04:37: "mikaze<78><STEAM_1:1:817775118><CT>" killed "ToSHkOPaTRoNa<77><VALVE_ID_LAN><TERRORIST>" with "m3"
L 01/08/2020 - 19:04:37: Team "CT" triggered "CTs_Win" (CT "5") (T "5")
L 01/08/2020 - 19:04:37: World triggered "Round_End"
L 01/08/2020 - 19:04:41: "mikaze<78><STEAM_1:1:817775118><CT>" joined team "TERRORIST"
L 01/08/2020 - 19:04:41: "<><><>" triggered "amx_chat" (text "[PTB] Transfered mikaze to TERRORIST")
L 01/08/2020 - 19:04:42: "mikaze<78><STEAM_1:1:817775118><TERRORIST>" triggered "Spawned_With_The_Bomb"
L 01/08/2020 - 19:04:43: World triggered "Round_Start"
L 01/08/2020 - 19:05:05: "ToSHkOPaTRoNa<77><VALVE_ID_LAN><TERRORIST>" committed suicide with "trigger_hurt" (world)
L 01/08/2020 - 19:05:55: "mikaze<78><STEAM_1:1:817775118><TERRORIST>" killed "set-master<74><STEAM_1:1:1924879844><CT>" with "m3"
L 01/08/2020 - 19:06:15: "mikaze<78><STEAM_1:1:817775118><TERRORIST>" triggered "Planted_The_Bomb"
L 01/08/2020 - 19:06:18: "Tedo2<71><STEAM_1:0:908198505><CT>" killed "mikaze<78><STEAM_1:1:817775118><TERRORIST>" with "mac10"
L 01/08/2020 - 19:06:21: "Tedo2<71><STEAM_1:0:908198505><CT>" triggered "Begin_Bomb_Defuse_Without_Kit"
L 01/08/2020 - 19:06:23: "Tedo2<71><STEAM_1:0:908198505><CT>" triggered "Begin_Bomb_Defuse_Without_Kit"
L 01/08/2020 - 19:06:46: "Tedo2<71><STEAM_1:0:908198505><CT>" killed "ghost<80><VALVE_ID_LAN><TERRORIST>" with "knife"
L 01/08/2020 - 19:06:50: "Tedo2<71><STEAM_1:0:908198505><CT>" triggered "Begin_Bomb_Defuse_Without_Kit"
L 01/08/2020 - 19:06:50: Team "TERRORIST" triggered "Target_Bombed" (CT "5") (T "6")
L 01/08/2020 - 19:06:50: World triggered "Round_End"
L 01/08/2020 - 19:06:55: "ghost<80><VALVE_ID_LAN><TERRORIST>" triggered "Spawned_With_The_Bomb"
L 01/08/2020 - 19:06:56: World triggered "Round_Start"
L 01/08/2020 - 19:07:07: "Tedo2<71><STEAM_1:0:908198505><CT>" committed suicide with "world"
L 01/08/2020 - 19:07:25: "ToSHkOPaTRoNa<77><VALVE_ID_LAN><TERRORIST>" committed suicide with "trigger_hurt" (world)
L 01/08/2020 - 19:07:39: "ghost<80><VALVE_ID_LAN><TERRORIST>" triggered "Planted_The_Bomb"
L 01/08/2020 - 19:07:53: "set-master<74><STEAM_1:1:1924879844><CT>" triggered "Begin_Bomb_Defuse_Without_Kit"
L 01/08/2020 - 19:08:00: "set-master<74><STEAM_1:1:1924879844><CT>" killed "ghost<80><VALVE_ID_LAN><TERRORIST>" with "m3"
L 01/08/2020 - 19:08:04: "set-master<74><STEAM_1:1:1924879844><CT>" triggered "Begin_Bomb_Defuse_Without_Kit"
L 01/08/2020 - 19:08:05: "set-master<74><STEAM_1:1:1924879844><CT>" triggered "Begin_Bomb_Defuse_Without_Kit"
L 01/08/2020 - 19:08:08: "set-master<74><STEAM_1:1:1924879844><CT>" triggered "Begin_Bomb_Defuse_Without_Kit"
L 01/08/2020 - 19:08:12: "mikaze<78><STEAM_1:1:817775118><TERRORIST>" disconnected
L 01/08/2020 - 19:08:14: Team "TERRORIST" triggered "Target_Bombed" (CT "5") (T "7")
L 01/08/2020 - 19:08:14: World triggered "Round_End"
L 01/08/2020 - 19:08:19: "ToSHkOPaTRoNa<77><VALVE_ID_LAN><TERRORIST>" triggered "Spawned_With_The_Bomb"
L 01/08/2020 - 19:08:20: World triggered "Round_Start"
L 01/08/2020 - 19:08:49: [REUNION]: pshzyjd (178.186.139.49) authorized as RevEmu
L 01/08/2020 - 19:08:49: "pshzyjd<81><STEAM_2:1:1371409025><>" connected, address "178.186.139.49:27005"
L 01/08/2020 - 19:08:58: "set-master<74><STEAM_1:1:1924879844><CT>" killed "ToSHkOPaTRoNa<77><VALVE_ID_LAN><TERRORIST>" with "m3"
L 01/08/2020 - 19:08:58: "ToSHkOPaTRoNa<77><VALVE_ID_LAN><TERRORIST>" triggered "Dropped_The_Bomb"
L 01/08/2020 - 19:08:59: [REUNION]: pshzyjd (178.186.139.49) authorized as RevEmu
L 01/08/2020 - 19:08:59: "pshzyjd<82><STEAM_2:1:1371409025><>" connected, address "178.186.139.49:27005"
L 01/08/2020 - 19:09:13: "pshzyjd<82><STEAM_2:1:1371409025><>" entered the game
L 01/08/2020 - 19:09:19: "pshzyjd<82><STEAM_2:1:1371409025><>" joined team "TERRORIST"
L 01/08/2020 - 19:10:38: Team "CT" triggered "Target_Saved" (CT "6") (T "7")
L 01/08/2020 - 19:10:38: World triggered "Round_End"
L 01/08/2020 - 19:10:41: "set-master<74><STEAM_1:1:1924879844><CT>" killed "ghost<80><VALVE_ID_LAN><TERRORIST>" with "m3"
L 01/08/2020 - 19:10:43: "pshzyjd<82><STEAM_2:1:1371409025><TERRORIST>" triggered "Spawned_With_The_Bomb"
L 01/08/2020 - 19:10:44: World triggered "Round_Start"
L 01/08/2020 - 19:10:48: "set-master<74><STEAM_1:1:1924879844><CT>" disconnected
L 01/08/2020 - 19:10:52: "ToSHkOPaTRoNa<77><VALVE_ID_LAN><TERRORIST>" disconnected
L 01/08/2020 - 19:11:35: "Tedo2<71><STEAM_1:0:908198505><CT>" killed "pshzyjd<82><STEAM_2:1:1371409025><TERRORIST>" with "m3"
L 01/08/2020 - 19:11:35: "pshzyjd<82><STEAM_2:1:1371409025><TERRORIST>" triggered "Dropped_The_Bomb"
L 01/08/2020 - 19:11:50: Server cvar "amx_nextmap" = "cc_secret_base"
L 01/08/2020 - 19:12:10: "ghost<80><VALVE_ID_LAN><TERRORIST>" committed suicide with "world"
L 01/08/2020 - 19:12:10: Team "CT" triggered "CTs_Win" (CT "7") (T "7")
L 01/08/2020 - 19:12:10: World triggered "Round_End"
L 01/08/2020 - 19:12:15: "pshzyjd<82><STEAM_2:1:1371409025><TERRORIST>" triggered "Spawned_With_The_Bomb"
L 01/08/2020 - 19:12:16: World triggered "Round_Start"
L 01/08/2020 - 19:12:16: Server cvar "sv_maxspeed" = "0.000000"
L 01/08/2020 - 19:12:16: Server cvar "mp_friendlyfire" = "1"
L 01/08/2020 - 19:12:21: "pshzyjd<82><STEAM_2:1:1371409025><TERRORIST>" committed suicide with "worldspawn" (world)
L 01/08/2020 - 19:12:22: Server cvar "sv_maxspeed" = "900.000000"
L 01/08/2020 - 19:12:22: Server cvar "mp_friendlyfire" = "0"
L 01/08/2020 - 19:12:22: [META] ini: Begin re-reading plugins list: /home/rented/public9/cstrike/addons/metamod/plugins.ini
L 01/08/2020 - 19:12:22: [META] ini: Read plugin config for: SafeNameAndChat
L 01/08/2020 - 19:12:22: [META] ini: Read plugin config for: AMX Mod X
L 01/08/2020 - 19:12:22: [META] ini: Read plugin config for: Reunion
L 01/08/2020 - 19:12:22: [META] ini: Read plugin config for: ReAuthCheck
L 01/08/2020 - 19:12:22: [META] ini: Read plugin config for: WHBlocker
L 01/08/2020 - 19:12:22: [META] ini: Read plugin config for: ReSemiclip
L 01/08/2020 - 19:12:22: [META] ini: Read plugin config for: Revoice
L 01/08/2020 - 19:12:22: [META] ini: Finished reading plugins list: /home/rented/public9/cstrike/addons/metamod/plugins.ini; Found 7 plugins
L 01/08/2020 - 19:12:22: [META] dll: Updating plugins...
L 01/08/2020 - 19:12:22: [META] WARNING: Cannot clear plugin 'SafeNameAndChat'; not marked as failed, empty, or open (status=valid)
L 01/08/2020 - 19:12:22: [META] dll: Unloaded plugin 'SafeNameAndChat' for reason 'file on disk is newer'
L 01/08/2020 - 19:12:22: [META] dll: Loaded plugin 'SafeNameAndChat': SafeNameAndChat v1.1 2017.02.01, WPMG.PRoSToC0der
L 01/08/2020 - 19:12:22: [META] WARNING: Cannot clear plugin 'WHBlocker'; not marked as failed, empty, or open (status=valid)
L 01/08/2020 - 19:12:22: [META] dll: Unloaded plugin 'WHBlocker' for reason 'file on disk is newer'
L 01/08/2020 - 19:12:22: [META] dll: Loaded plugin 'WHBlocker': WHBlocker v1.5.692 2017-04-13, s1lent
L 01/08/2020 - 19:12:22: [META] WARNING: Cannot clear plugin 'ReSemiclip'; not marked as failed, empty, or open (status=valid)
L 01/08/2020 - 19:12:22: [META] dll: Unloaded plugin 'ReSemiclip' for reason 'file on disk is newer'
L 01/08/2020 - 19:12:22: [META] dll: Loaded plugin 'ReSemiclip': ReSemiclip v2.3.9 13/02/17, s1lent & Adidasman
L 01/08/2020 - 19:12:22: [META] dll: Finished updating 14 plugins; kept 0, loaded 0, unloaded 0, reloaded 3, delayed 0
L 01/08/2020 - 19:12:22: "Tedo2<71><STEAM_1:0:908198505><CT>" disconnected
L 01/08/2020 - 19:12:22: "pshzyjd<82><STEAM_2:1:1371409025><TERRORIST>" disconnected
L 01/08/2020 - 19:12:22: "ghost<80><VALVE_ID_LAN><TERRORIST>" disconnected
L 01/08/2020 - 19:12:22: World triggered "Round_Draw" (CT "7") (T "7")
L 01/08/2020 - 19:12:22: World triggered "Round_End"
L 01/08/2020 - 19:12:22: Log file closed
