L 01/02/2020 - 17:27:30: Log file started (file "logs/L0102060.log") (game "cstrike") (version "48/1.1.2.7/Stdio/1621")
L 01/02/2020 - 17:27:30: Loading map "nojarq_fun_zone"
L 01/02/2020 - 17:27:30: Server cvars start
L 01/02/2020 - 17:27:30: Server cvar "@BunnyHopper" = "3.x"
L 01/02/2020 - 17:27:30: Server cvar "@CRXGoSpec" = "1.1"
L 01/02/2020 - 17:27:30: Server cvar "@CRXRemoveImmunity" = "1.0"
L 01/02/2020 - 17:27:30: Server cvar "@D.I.C.E." = "1.1"
L 01/02/2020 - 17:27:30: Server cvar "@MOTDCommands" = "1.2"
L 01/02/2020 - 17:27:30: Server cvar "advanced_quake_sounds" = "5.0"
L 01/02/2020 - 17:27:30: Server cvar "AdvancedMute" = "1.0"
L 01/02/2020 - 17:27:30: Server cvar "aesp_version" = "1.3"
L 01/02/2020 - 17:27:30: Server cvar "allow_spectators" = "1.0"
L 01/02/2020 - 17:27:30: Server cvar "amx_client_languages" = "1"
L 01/02/2020 - 17:27:30: Server cvar "amx_language" = "en"
L 01/02/2020 - 17:27:30: Server cvar "amx_nextmap" = "nojarq_fun_zone"
L 01/02/2020 - 17:27:30: Server cvar "amx_ptb_version" = "1.8b3"
L 01/02/2020 - 17:27:30: Server cvar "amx_timeleft" = "12:34"
L 01/02/2020 - 17:27:30: Server cvar "amxmodx_version" = "1.8.2"
L 01/02/2020 - 17:27:30: Server cvar "amxxbg_vip" = "1.0"
L 01/02/2020 - 17:27:30: Server cvar "asp_version" = "4.5.1"
L 01/02/2020 - 17:27:30: Server cvar "atac_version" = "3.0.1"
L 01/02/2020 - 17:27:30: Server cvar "badcamper_version" = "1.4 beta"
L 01/02/2020 - 17:27:30: Server cvar "blockmaker" = "4.01"
L 01/02/2020 - 17:27:30: Server cvar "c4 timer" = "1.1"
L 01/02/2020 - 17:27:30: Server cvar "coop" = "0"
L 01/02/2020 - 17:27:30: Server cvar "CRXAdminGroups" = "1.0"
L 01/02/2020 - 17:27:30: Server cvar "CRXCommandRestrictions" = "1.0"
L 01/02/2020 - 17:27:30: Server cvar "CRXFastKnife" = "1.0"
L 01/02/2020 - 17:27:30: Server cvar "CRXGametracker" = "2.0"
L 01/02/2020 - 17:27:30: Server cvar "CRXKnifeModels" = "2.5.7"
L 01/02/2020 - 17:27:30: Server cvar "CRXTeamAdvantage" = "1.0"
L 01/02/2020 - 17:27:30: Server cvar "CustomShop" = "4.2"
L 01/02/2020 - 17:27:30: Server cvar "deathmatch" = "1"
L 01/02/2020 - 17:27:30: Server cvar "decalfrequency" = "0"
L 01/02/2020 - 17:27:30: Server cvar "edgefriction" = "2"
L 01/02/2020 - 17:27:30: Server cvar "ers_version" = "2.3c"
L 01/02/2020 - 17:27:30: Server cvar "gagsystem_shoko" = "1.0"
L 01/02/2020 - 17:27:30: Server cvar "gal_mapcyclefile" = "mapcycle.txt"
L 01/02/2020 - 17:27:30: Server cvar "gal_version" = "v5.9.1-926"
L 01/02/2020 - 17:27:30: Server cvar "game_version" = "5.7.0.313-dev"
L 01/02/2020 - 17:27:30: Server cvar "humans_join_team" = "any"
L 01/02/2020 - 17:27:30: Server cvar "jtp10181" = "chute,gore"
L 01/02/2020 - 17:27:30: Server cvar "lawliet" = "ny_RainingSnow"
L 01/02/2020 - 17:27:30: Server cvar "LetitSnow" = "1.0"
L 01/02/2020 - 17:27:30: Server cvar "map_spawns" = "T(16) CT(16)"
L 01/02/2020 - 17:27:30: Server cvar "max_queries_sec" = "3"
L 01/02/2020 - 17:27:30: Server cvar "max_queries_sec_global" = "150"
L 01/02/2020 - 17:27:30: Server cvar "max_queries_window" = "60"
L 01/02/2020 - 17:27:30: Server cvar "mdbBans" = "4.8"
L 01/02/2020 - 17:27:30: Server cvar "metamod_version" = "1.21p37"
L 01/02/2020 - 17:27:30: Server cvar "mp_autokick" = "0"
L 01/02/2020 - 17:27:30: Server cvar "mp_autokick_timeout" = "-1"
L 01/02/2020 - 17:27:30: Server cvar "mp_autoteambalance" = "0"
L 01/02/2020 - 17:27:30: Server cvar "mp_buytime" = "0.25"
L 01/02/2020 - 17:27:30: Server cvar "mp_c4timer" = "35"
L 01/02/2020 - 17:27:30: Server cvar "mp_chattime" = "10.000000"
L 01/02/2020 - 17:27:30: Server cvar "mp_consistency" = "1"
L 01/02/2020 - 17:27:30: Server cvar "mp_fadetoblack" = "0"
L 01/02/2020 - 17:27:30: Server cvar "mp_flashlight" = "1"
L 01/02/2020 - 17:27:30: Server cvar "mp_footsteps" = "1"
L 01/02/2020 - 17:27:30: Server cvar "mp_forcecamera" = "0"
L 01/02/2020 - 17:27:30: Server cvar "mp_forcechasecam" = "0"
L 01/02/2020 - 17:27:30: Server cvar "mp_forcerespawn" = "0"
L 01/02/2020 - 17:27:30: Server cvar "mp_fraglimit" = "0"
L 01/02/2020 - 17:27:30: Server cvar "mp_fragsleft" = "0"
L 01/02/2020 - 17:27:30: Server cvar "mp_freeforall" = "0"
L 01/02/2020 - 17:27:30: Server cvar "mp_freezetime" = "1"
L 01/02/2020 - 17:27:30: Server cvar "mp_friendlyfire" = "0"
L 01/02/2020 - 17:27:30: Server cvar "mp_hostage_hurtable" = "1"
L 01/02/2020 - 17:27:30: Server cvar "mp_hostagepenalty" = "0"
L 01/02/2020 - 17:27:30: Server cvar "mp_item_staytime" = "300"
L 01/02/2020 - 17:27:30: Server cvar "mp_kickpercent" = "0.66"
L 01/02/2020 - 17:27:30: Server cvar "mp_legacy_bombtarget_touch" = "1"
L 01/02/2020 - 17:27:30: Server cvar "mp_limitteams" = "0"
L 01/02/2020 - 17:27:30: Server cvar "mp_logdetail" = "0"
L 01/02/2020 - 17:27:30: Server cvar "mp_logfile" = "1"
L 01/02/2020 - 17:27:30: Server cvar "mp_logmessages" = "1"
L 01/02/2020 - 17:27:30: Server cvar "mp_mapvoteratio" = "0.66"
L 01/02/2020 - 17:27:30: Server cvar "mp_maxmoney" = "999999"
L 01/02/2020 - 17:27:30: Server cvar "mp_maxrounds" = "0"
L 01/02/2020 - 17:27:30: Server cvar "mp_mirrordamage" = "0"
L 01/02/2020 - 17:27:30: Server cvar "mp_old_bomb_defused_sound" = "1"
L 01/02/2020 - 17:27:30: Server cvar "mp_playerid" = "0"
L 01/02/2020 - 17:27:30: Server cvar "mp_respawn_immunitytime" = "0"
L 01/02/2020 - 17:27:30: Server cvar "mp_round_infinite" = "0"
L 01/02/2020 - 17:27:30: Server cvar "mp_round_restart_delay" = "5"
L 01/02/2020 - 17:27:30: Server cvar "mp_roundover" = "0"
L 01/02/2020 - 17:27:30: Server cvar "mp_roundtime" = "2.3"
L 01/02/2020 - 17:27:30: Server cvar "mp_show_radioicon" = "1"
L 01/02/2020 - 17:27:30: Server cvar "mp_startmoney" = "850"
L 01/02/2020 - 17:27:30: Server cvar "mp_timeleft" = "12:33"
L 01/02/2020 - 17:27:30: Server cvar "mp_timelimit" = "20"
L 01/02/2020 - 17:27:30: Server cvar "mp_tkpunish" = "0"
L 01/02/2020 - 17:27:30: Server cvar "mp_windifference" = "1"
L 01/02/2020 - 17:27:30: Server cvar "mp_winlimit" = "0"
L 01/02/2020 - 17:27:30: Server cvar "NoWeaponsOnGround" = "1.0"
L 01/02/2020 - 17:27:30: Server cvar "pausable" = "0"
L 01/02/2020 - 17:27:30: Server cvar "present_version" = "2.01"
L 01/02/2020 - 17:27:30: Server cvar "RandomHP" = "2.2"
L 01/02/2020 - 17:27:30: Server cvar "reauthcheck_version" = "0.1.6"
L 01/02/2020 - 17:27:30: Server cvar "reconnect_features" = "0.3.1"
L 01/02/2020 - 17:27:30: Server cvar "report_system_version" = "3.1"
L 01/02/2020 - 17:27:30: Server cvar "resemiclip_version" = "2.3.9"
L 01/02/2020 - 17:27:30: Server cvar "reu_version" = "0.1.0.130"
L 01/02/2020 - 17:27:30: Server cvar "revoice_version" = "0.1.0.30"
L 01/02/2020 - 17:27:30: Server cvar "RRWM" = "2.0"
L 01/02/2020 - 17:27:30: Server cvar "sanksounds_version" = "1.8.6"
L 01/02/2020 - 17:27:30: Server cvar "SimpleMenu" = "1.1"
L 01/02/2020 - 17:27:30: Server cvar "SNAC_Version" = "1.1"
L 01/02/2020 - 17:27:30: Server cvar "SpecList" = "1.2a"
L 01/02/2020 - 17:27:30: Server cvar "sr_version" = "1.6"
L 01/02/2020 - 17:27:30: Server cvar "statsx_shell_ver" = "2.0.0 (BETA)"
L 01/02/2020 - 17:27:30: Server cvar "StyleC4Timer" = "2.1"
L 01/02/2020 - 17:27:30: Server cvar "sv_accelerate" = "5"
L 01/02/2020 - 17:27:30: Server cvar "sv_aim" = "1"
L 01/02/2020 - 17:27:30: Server cvar "sv_airaccelerate" = "100"
L 01/02/2020 - 17:27:30: Server cvar "sv_allowupload" = "1"
L 01/02/2020 - 17:27:30: Server cvar "sv_alltalk" = "1"
L 01/02/2020 - 17:27:30: Server cvar "sv_bounce" = "1"
L 01/02/2020 - 17:27:30: Server cvar "sv_cheats" = "0"
L 01/02/2020 - 17:27:30: Server cvar "sv_clienttrace" = "1"
L 01/02/2020 - 17:27:30: Server cvar "sv_contact" = "feruchio599@gmail.com"
L 01/02/2020 - 17:27:30: Server cvar "sv_friction" = "4"
L 01/02/2020 - 17:27:30: Server cvar "sv_gravity" = "800"
L 01/02/2020 - 17:27:30: Server cvar "sv_logblocks" = "0"
L 01/02/2020 - 17:27:30: Server cvar "sv_maxrate" = "50000"
L 01/02/2020 - 17:27:30: Server cvar "sv_maxspeed" = "900.000000"
L 01/02/2020 - 17:27:30: Server cvar "sv_minrate" = "10000"
L 01/02/2020 - 17:27:30: Server cvar "sv_password" = ""
L 01/02/2020 - 17:27:30: Server cvar "sv_proxies" = "1"
L 01/02/2020 - 17:27:30: Server cvar "sv_restart" = "0"
L 01/02/2020 - 17:27:30: Server cvar "sv_restartround" = "0"
L 01/02/2020 - 17:27:30: Server cvar "sv_stepsize" = "18"
L 01/02/2020 - 17:27:30: Server cvar "sv_stopspeed" = "75"
L 01/02/2020 - 17:27:30: Server cvar "sv_uploadmax" = "0.5"
L 01/02/2020 - 17:27:30: Server cvar "sv_version" = "1.1.2.7/Stdio,48,1621"
L 01/02/2020 - 17:27:30: Server cvar "sv_voiceenable" = "1"
L 01/02/2020 - 17:27:30: Server cvar "sv_wateraccelerate" = "10"
L 01/02/2020 - 17:27:30: Server cvar "sv_waterfriction" = "1"
L 01/02/2020 - 17:27:30: Server cvar "Team_Semiclip_version" = "3.3.1"
L 01/02/2020 - 17:27:30: Server cvar "vehicle_real_killer" = "1.1"
L 01/02/2020 - 17:27:30: Server cvar "WalkGuard" = "1.3.2"
L 01/02/2020 - 17:27:30: Server cvar "we_grenades" = "Huehue"
L 01/02/2020 - 17:27:30: Server cvar "we_player_models" = "Huehue"
L 01/02/2020 - 17:27:30: Server cvar "whb_version" = "1.5.692"
L 01/02/2020 - 17:27:30: Server cvar "zp_jp_version" = "Extra Item Jetpack+Bazooka v3.2"
L 01/02/2020 - 17:27:30: Server cvars end
L 01/02/2020 - 17:27:33: Server cvar "sv_maxspeed" = "900"
L 01/02/2020 - 17:27:33: Server cvar "mp_autoteambalance" = "1"
L 01/02/2020 - 17:27:33: Server cvar "mp_autoteambalance" = "0"
L 01/02/2020 - 17:27:33: Server cvar "amx_nextmap" = "[not yet voted on]"
L 01/02/2020 - 17:27:34: Started map "nojarq_fun_zone" (CRC "-2030338303")
L 01/02/2020 - 17:27:36: World triggered "Round_Start"
L 01/02/2020 - 17:27:38: "go0dbye<75><STEAM_0:1:64247631><>" entered the game
L 01/02/2020 - 17:27:39: "NE MI SE PRAVI NA PRO<72><STEAM_2:1:1478724606><>" entered the game
L 01/02/2020 - 17:27:41: "sake<70><STEAM_1:0:1906787367><>" entered the game
L 01/02/2020 - 17:27:43: "go0dbye<75><STEAM_0:1:64247631><>" joined team "TERRORIST"
L 01/02/2020 - 17:27:44: "sake<70><STEAM_1:0:1906787367><>" joined team "CT"
L 01/02/2020 - 17:27:44: World triggered "Game_Commencing"
L 01/02/2020 - 17:27:44: World triggered "Game_Commencing" (CT "0") (T "0")
L 01/02/2020 - 17:27:44: World triggered "Round_End"
L 01/02/2020 - 17:27:45: "NE MI SE PRAVI NA PRO<72><STEAM_2:1:1478724606><>" joined team "TERRORIST"
L 01/02/2020 - 17:27:48: World triggered "Round_Start"
L 01/02/2020 - 17:27:55: "sake<70><STEAM_1:0:1906787367><CT>" killed "NE MI SE PRAVI NA PRO<72><STEAM_2:1:1478724606><TERRORIST>" with "knife"
L 01/02/2020 - 17:28:06: "sake<70><STEAM_1:0:1906787367><CT>" killed "go0dbye<75><STEAM_0:1:64247631><TERRORIST>" with "knife"
L 01/02/2020 - 17:28:06: Team "CT" triggered "CTs_Win" (CT "1") (T "0")
L 01/02/2020 - 17:28:06: World triggered "Round_End"
L 01/02/2020 - 17:28:10: "NE MI SE PRAVI NA PRO<72><STEAM_2:1:1478724606><TERRORIST>" joined team "CT"
L 01/02/2020 - 17:28:12: World triggered "Round_Start"
L 01/02/2020 - 17:28:14: "NE MI SE PRAVI NA PRO<72><STEAM_2:1:1478724606><CT>" committed suicide with "world"
L 01/02/2020 - 17:28:14: "NE MI SE PRAVI NA PRO<72><STEAM_2:1:1478724606><CT>" joined team "CT"
L 01/02/2020 - 17:28:15: "go0dbye<75><STEAM_0:1:64247631><TERRORIST>" committed suicide with "worldspawn" (world)
L 01/02/2020 - 17:28:15: Team "CT" triggered "CTs_Win" (CT "2") (T "0")
L 01/02/2020 - 17:28:15: World triggered "Round_End"
L 01/02/2020 - 17:28:21: World triggered "Round_Start"
L 01/02/2020 - 17:28:52: "go0dbye<75><STEAM_0:1:64247631><TERRORIST>" killed "NE MI SE PRAVI NA PRO<72><STEAM_2:1:1478724606><CT>" with "knife"
L 01/02/2020 - 17:28:56: "sake<70><STEAM_1:0:1906787367><CT>" killed "go0dbye<75><STEAM_0:1:64247631><TERRORIST>" with "knife"
L 01/02/2020 - 17:28:56: Team "CT" triggered "CTs_Win" (CT "3") (T "0")
L 01/02/2020 - 17:28:56: World triggered "Round_End"
L 01/02/2020 - 17:29:00: "sake<70><STEAM_1:0:1906787367><CT>" committed suicide with "world"
L 01/02/2020 - 17:29:00: "sake<70><STEAM_1:0:1906787367><CT>" joined team "TERRORIST"
L 01/02/2020 - 17:29:02: World triggered "Round_Start"
L 01/02/2020 - 17:29:15: "go0dbye<75><STEAM_0:1:64247631><TERRORIST>" killed "sake<70><STEAM_1:0:1906787367><TERRORIST>" with "tracktrain"
L 01/02/2020 - 17:29:35: "go0dbye<75><STEAM_0:1:64247631><TERRORIST>" killed "NE MI SE PRAVI NA PRO<72><STEAM_2:1:1478724606><CT>" with "knife"
L 01/02/2020 - 17:29:35: Team "TERRORIST" triggered "Terrorists_Win" (CT "3") (T "1")
L 01/02/2020 - 17:29:35: World triggered "Round_End"
L 01/02/2020 - 17:29:41: World triggered "Round_Start"
L 01/02/2020 - 17:29:43: "go0dbye<75><STEAM_0:1:64247631><TERRORIST>" committed suicide with "world"
L 01/02/2020 - 17:30:22: "NE MI SE PRAVI NA PRO<72><STEAM_2:1:1478724606><CT>" committed suicide with "trigger_hurt" (world)
L 01/02/2020 - 17:30:22: Team "TERRORIST" triggered "Terrorists_Win" (CT "3") (T "2")
L 01/02/2020 - 17:30:22: World triggered "Round_End"
L 01/02/2020 - 17:30:28: World triggered "Round_Start"
L 01/02/2020 - 17:31:11: "go0dbye<75><STEAM_0:1:64247631><TERRORIST>" committed suicide with "trigger_hurt" (world)
L 01/02/2020 - 17:31:21: "sake<70><STEAM_1:0:1906787367><TERRORIST>" killed "NE MI SE PRAVI NA PRO<72><STEAM_2:1:1478724606><CT>" with "knife"
L 01/02/2020 - 17:31:21: Team "TERRORIST" triggered "Terrorists_Win" (CT "3") (T "3")
L 01/02/2020 - 17:31:21: World triggered "Round_End"
L 01/02/2020 - 17:31:27: World triggered "Round_Start"
L 01/02/2020 - 17:32:12: "go0dbye<75><STEAM_0:1:64247631><TERRORIST>" disconnected
L 01/02/2020 - 17:32:40: "NE MI SE PRAVI NA PRO<72><STEAM_2:1:1478724606><CT>" committed suicide with "env_laser" (world)
L 01/02/2020 - 17:32:40: Team "TERRORIST" triggered "Terrorists_Win" (CT "3") (T "4")
L 01/02/2020 - 17:32:40: World triggered "Round_End"
L 01/02/2020 - 17:32:46: World triggered "Round_Start"
L 01/02/2020 - 17:32:55: "sake<70><STEAM_1:0:1906787367><TERRORIST>" killed "NE MI SE PRAVI NA PRO<72><STEAM_2:1:1478724606><CT>" with "knife"
L 01/02/2020 - 17:32:55: Team "TERRORIST" triggered "Terrorists_Win" (CT "3") (T "5")
L 01/02/2020 - 17:32:55: World triggered "Round_End"
L 01/02/2020 - 17:33:01: World triggered "Round_Start"
L 01/02/2020 - 17:33:38: [REUNION]: Pasiciulpk. (78.58.186.144) authorized as RevEmu
L 01/02/2020 - 17:33:38: "Pasiciulpk.<76><STEAM_2:1:336787817><>" connected, address "78.58.186.144:27005"
L 01/02/2020 - 17:33:48: [REUNION]: Pasiciulpk. (78.58.186.144) authorized as RevEmu
L 01/02/2020 - 17:33:48: "Pasiciulpk.<77><STEAM_2:1:336787817><>" connected, address "78.58.186.144:27005"
L 01/02/2020 - 17:34:07: "Pasiciulpk.<77><STEAM_2:1:336787817><>" entered the game
L 01/02/2020 - 17:34:10: "Pasiciulpk.<77><STEAM_2:1:336787817><>" joined team "CT"
L 01/02/2020 - 17:34:40: "NE MI SE PRAVI NA PRO<72><STEAM_2:1:1478724606><CT>" committed suicide with "worldspawn" (world)
L 01/02/2020 - 17:34:40: Team "TERRORIST" triggered "Terrorists_Win" (CT "3") (T "6")
L 01/02/2020 - 17:34:40: World triggered "Round_End"
L 01/02/2020 - 17:34:46: World triggered "Round_Start"
L 01/02/2020 - 17:35:01: "go0dbye<78><STEAM_0:1:64247631><>" connected, address "83.148.73.121:27005"
L 01/02/2020 - 17:35:04: "go0dbye<78><STEAM_0:1:64247631><>" entered the game
L 01/02/2020 - 17:35:07: "Pasiciulpk.<77><STEAM_2:1:336787817><CT>" committed suicide with "trigger_hurt" (world)
L 01/02/2020 - 17:35:13: "go0dbye<78><STEAM_0:1:64247631><>" disconnected
L 01/02/2020 - 17:35:47: "NE MI SE PRAVI NA PRO<72><STEAM_2:1:1478724606><CT>" killed "sake<70><STEAM_1:0:1906787367><TERRORIST>" with "knife"
L 01/02/2020 - 17:35:47: Team "CT" triggered "CTs_Win" (CT "4") (T "6")
L 01/02/2020 - 17:35:47: World triggered "Round_End"
L 01/02/2020 - 17:35:53: World triggered "Round_Start"
L 01/02/2020 - 17:36:05: "sake<70><STEAM_1:0:1906787367><TERRORIST>" killed "NE MI SE PRAVI NA PRO<72><STEAM_2:1:1478724606><CT>" with "knife"
L 01/02/2020 - 17:36:31: "sake<70><STEAM_1:0:1906787367><TERRORIST>" killed "Pasiciulpk.<77><STEAM_2:1:336787817><CT>" with "knife"
L 01/02/2020 - 17:36:31: Team "TERRORIST" triggered "Terrorists_Win" (CT "4") (T "7")
L 01/02/2020 - 17:36:31: World triggered "Round_End"
L 01/02/2020 - 17:36:37: World triggered "Round_Start"
L 01/02/2020 - 17:36:43: "Sco7ch<79><STEAM_0:0:523417429><>" connected, address "83.79.206.197:27005"
L 01/02/2020 - 17:36:43: "Sco7ch<79><STEAM_0:0:523417429><>" STEAM USERID validated
L 01/02/2020 - 17:37:07: "cala221<80><STEAM_0:1:204654532><>" connected, address "87.245.69.13:27005"
L 01/02/2020 - 17:37:08: "cala221<80><STEAM_0:1:204654532><>" STEAM USERID validated
L 01/02/2020 - 17:37:27: "Sco7ch<81><STEAM_0:0:523417429><>" connected, address "83.79.206.197:27005"
L 01/02/2020 - 17:37:28: "Sco7ch<81><STEAM_0:0:523417429><>" STEAM USERID validated
L 01/02/2020 - 17:37:43: "Pasiciulpk.<77><STEAM_2:1:336787817><CT>" killed "sake<70><STEAM_1:0:1906787367><TERRORIST>" with "knife"
L 01/02/2020 - 17:37:43: Team "CT" triggered "CTs_Win" (CT "5") (T "7")
L 01/02/2020 - 17:37:43: World triggered "Round_End"
L 01/02/2020 - 17:37:49: World triggered "Round_Start"
L 01/02/2020 - 17:37:52: "cala221<82><STEAM_0:1:204654532><>" connected, address "87.245.69.13:27005"
L 01/02/2020 - 17:37:52: "cala221<82><STEAM_0:1:204654532><>" STEAM USERID validated
L 01/02/2020 - 17:38:19: [REUNION]: IP 193.42.110.171 banned for 10 minutes for query flooding (PPS: 331)
L 01/02/2020 - 17:38:20: "sake<70><STEAM_1:0:1906787367><TERRORIST>" committed suicide with "trigger_hurt" (world)
L 01/02/2020 - 17:38:20: Team "CT" triggered "CTs_Win" (CT "6") (T "7")
L 01/02/2020 - 17:38:20: World triggered "Round_End"
L 01/02/2020 - 17:38:26: World triggered "Round_Start"
L 01/02/2020 - 17:39:31: "NE MI SE PRAVI NA PRO<72><STEAM_2:1:1478724606><CT>" committed suicide with "trigger_hurt" (world)
L 01/02/2020 - 17:39:33: "sake<70><STEAM_1:0:1906787367><TERRORIST>" committed suicide with "trigger_hurt" (world)
L 01/02/2020 - 17:39:33: Team "CT" triggered "CTs_Win" (CT "7") (T "7")
L 01/02/2020 - 17:39:33: World triggered "Round_End"
L 01/02/2020 - 17:39:39: World triggered "Round_Start"
L 01/02/2020 - 17:40:46: "NE MI SE PRAVI NA PRO<72><STEAM_2:1:1478724606><CT>" committed suicide with "trigger_hurt" (world)
L 01/02/2020 - 17:41:19: "Pasiciulpk.<77><STEAM_2:1:336787817><CT>" committed suicide with "trigger_hurt" (world)
L 01/02/2020 - 17:41:19: Team "TERRORIST" triggered "Terrorists_Win" (CT "7") (T "8")
L 01/02/2020 - 17:41:19: World triggered "Round_End"
L 01/02/2020 - 17:41:25: World triggered "Round_Start"
L 01/02/2020 - 17:41:26: "Saad<83><STEAM_0:1:113405507><>" connected, address "168.211.104.90:27005"
L 01/02/2020 - 17:41:26: "Saad<83><STEAM_0:1:113405507><>" STEAM USERID validated
L 01/02/2020 - 17:41:43: "Saad<83><STEAM_0:1:113405507><>" entered the game
L 01/02/2020 - 17:41:48: "Saad<83><STEAM_0:1:113405507><>" joined team "SPECTATOR"
L 01/02/2020 - 17:42:15: "sake<70><STEAM_1:0:1906787367><TERRORIST>" committed suicide with "trigger_hurt" (world)
L 01/02/2020 - 17:42:15: Team "CT" triggered "CTs_Win" (CT "8") (T "8")
L 01/02/2020 - 17:42:15: World triggered "Round_End"
L 01/02/2020 - 17:42:21: World triggered "Round_Start"
L 01/02/2020 - 17:42:34: "NE MI SE PRAVI NA PRO<72><STEAM_2:1:1478724606><CT>" committed suicide with "trigger_hurt" (world)
L 01/02/2020 - 17:42:58: [REUNION]: canm ben EL PATRON (85.96.218.51) authorized as RevEmu
L 01/02/2020 - 17:42:58: "canm ben EL PATRON<84><STEAM_1:1:748561017><>" connected, address "85.96.218.51:17237"
L 01/02/2020 - 17:43:04: "canm ben EL PATRON<84><STEAM_1:1:748561017><>" entered the game
L 01/02/2020 - 17:43:07: "canm ben EL PATRON<84><STEAM_1:1:748561017><>" joined team "TERRORIST"
L 01/02/2020 - 17:43:26: "sake<70><STEAM_1:0:1906787367><TERRORIST>" killed "Pasiciulpk.<77><STEAM_2:1:336787817><CT>" with "knife"
L 01/02/2020 - 17:43:26: Team "TERRORIST" triggered "Terrorists_Win" (CT "8") (T "9")
L 01/02/2020 - 17:43:26: World triggered "Round_End"
L 01/02/2020 - 17:43:32: World triggered "Round_Start"
L 01/02/2020 - 17:43:42: "canm ben EL PATRON<84><STEAM_1:1:748561017><TERRORIST>" killed "NE MI SE PRAVI NA PRO<72><STEAM_2:1:1478724606><CT>" with "tracktrain"
L 01/02/2020 - 17:44:05: "cala221<82><STEAM_0:1:204654532><>" entered the game
L 01/02/2020 - 17:44:10: "cala221<82><STEAM_0:1:204654532><>" joined team "TERRORIST"
L 01/02/2020 - 17:44:12: "Sco7ch<81><STEAM_0:0:523417429><>" entered the game
L 01/02/2020 - 17:44:15: "Sco7ch<81><STEAM_0:0:523417429><>" joined team "CT"
L 01/02/2020 - 17:44:38: "Pasiciulpk.<77><STEAM_2:1:336787817><CT>" killed "canm ben EL PATRON<84><STEAM_1:1:748561017><TERRORIST>" with "knife"
L 01/02/2020 - 17:44:59: "sake<70><STEAM_1:0:1906787367><TERRORIST>" killed "Pasiciulpk.<77><STEAM_2:1:336787817><CT>" with "knife"
L 01/02/2020 - 17:44:59: Team "TERRORIST" triggered "Terrorists_Win" (CT "8") (T "10")
L 01/02/2020 - 17:44:59: World triggered "Round_End"
L 01/02/2020 - 17:45:04: "sake<70><STEAM_1:0:1906787367><TERRORIST>" joined team "CT"
L 01/02/2020 - 17:45:04: "<><><>" triggered "amx_chat" (text "[PTB] Transfered sake to CT")
L 01/02/2020 - 17:45:05: World triggered "Round_Start"
L 01/02/2020 - 17:45:52: "xXMr.ONurXx_YT<85><STEAM_0:0:526678195><>" connected, address "79.132.24.44:27005"
L 01/02/2020 - 17:45:52: "xXMr.ONurXx_YT<85><STEAM_0:0:526678195><>" STEAM USERID validated
L 01/02/2020 - 17:46:02: "Pasiciulpk.<77><STEAM_2:1:336787817><CT>" committed suicide with "worldspawn" (world)
L 01/02/2020 - 17:46:07: "Sco7ch<81><STEAM_0:0:523417429><CT>" killed "cala221<82><STEAM_0:1:204654532><TERRORIST>" with "knife"
L 01/02/2020 - 17:46:27: Server cvar "amx_nextmap" = "climb"
L 01/02/2020 - 17:47:18: Server cvar "mp_timelimit" = "0.000000"
L 01/02/2020 - 17:47:23: "sake<70><STEAM_1:0:1906787367><CT>" committed suicide with "world"
L 01/02/2020 - 17:47:23: "NE MI SE PRAVI NA PRO<72><STEAM_2:1:1478724606><CT>" committed suicide with "world"
L 01/02/2020 - 17:47:23: Team "TERRORIST" triggered "Terrorists_Win" (CT "8") (T "11")
L 01/02/2020 - 17:47:23: World triggered "Round_End"
L 01/02/2020 - 17:47:23: "canm ben EL PATRON<84><STEAM_1:1:748561017><TERRORIST>" committed suicide with "world"
L 01/02/2020 - 17:47:28: "Pasiciulpk.<77><STEAM_2:1:336787817><CT>" joined team "TERRORIST"
L 01/02/2020 - 17:47:28: "<><><>" triggered "amx_chat" (text "[PTB] Transfered Pasiciulpk. to TERRORIST")
L 01/02/2020 - 17:47:29: World triggered "Round_Start"
L 01/02/2020 - 17:47:29: Server cvar "sv_maxspeed" = "0.000000"
L 01/02/2020 - 17:47:29: Server cvar "mp_friendlyfire" = "1"
L 01/02/2020 - 17:47:35: "NE MI SE PRAVI NA PRO<72><STEAM_2:1:1478724606><CT>" committed suicide with "worldspawn" (world)
L 01/02/2020 - 17:47:36: "cala221<82><STEAM_0:1:204654532><TERRORIST>" committed suicide with "worldspawn" (world)
L 01/02/2020 - 17:47:40: Server cvar "sv_maxspeed" = "900.000000"
L 01/02/2020 - 17:47:40: Server cvar "mp_friendlyfire" = "0"
L 01/02/2020 - 17:47:40: Server cvar "mp_timelimit" = "20.000000"
L 01/02/2020 - 17:47:41: [META] ini: Begin re-reading plugins list: /home/rented/public9/cstrike/addons/metamod/plugins.ini
L 01/02/2020 - 17:47:41: [META] ini: Read plugin config for: SafeNameAndChat
L 01/02/2020 - 17:47:41: [META] ini: Read plugin config for: AMX Mod X
L 01/02/2020 - 17:47:41: [META] ini: Read plugin config for: Reunion
L 01/02/2020 - 17:47:41: [META] ini: Read plugin config for: ReAuthCheck
L 01/02/2020 - 17:47:41: [META] ini: Read plugin config for: WHBlocker
L 01/02/2020 - 17:47:41: [META] ini: Read plugin config for: ReSemiclip
L 01/02/2020 - 17:47:41: [META] ini: Read plugin config for: Revoice
L 01/02/2020 - 17:47:41: [META] ini: Finished reading plugins list: /home/rented/public9/cstrike/addons/metamod/plugins.ini; Found 7 plugins
L 01/02/2020 - 17:47:41: [META] dll: Updating plugins...
L 01/02/2020 - 17:47:41: [META] WARNING: Cannot clear plugin 'SafeNameAndChat'; not marked as failed, empty, or open (status=valid)
L 01/02/2020 - 17:47:41: [META] dll: Unloaded plugin 'SafeNameAndChat' for reason 'file on disk is newer'
L 01/02/2020 - 17:47:41: [META] dll: Loaded plugin 'SafeNameAndChat': SafeNameAndChat v1.1 2017.02.01, WPMG.PRoSToC0der
L 01/02/2020 - 17:47:41: [META] WARNING: Cannot clear plugin 'WHBlocker'; not marked as failed, empty, or open (status=valid)
L 01/02/2020 - 17:47:41: [META] dll: Unloaded plugin 'WHBlocker' for reason 'file on disk is newer'
L 01/02/2020 - 17:47:41: [META] dll: Loaded plugin 'WHBlocker': WHBlocker v1.5.692 2017-04-13, s1lent
L 01/02/2020 - 17:47:41: [META] WARNING: Cannot clear plugin 'ReSemiclip'; not marked as failed, empty, or open (status=valid)
L 01/02/2020 - 17:47:41: [META] dll: Unloaded plugin 'ReSemiclip' for reason 'file on disk is newer'
L 01/02/2020 - 17:47:41: [META] dll: Loaded plugin 'ReSemiclip': ReSemiclip v2.3.9 13/02/17, s1lent & Adidasman
L 01/02/2020 - 17:47:41: [META] dll: Finished updating 14 plugins; kept 0, loaded 0, unloaded 0, reloaded 3, delayed 0
L 01/02/2020 - 17:47:41: "Pasiciulpk.<77><STEAM_2:1:336787817><TERRORIST>" disconnected
L 01/02/2020 - 17:47:41: "Sco7ch<81><STEAM_0:0:523417429><CT>" disconnected
L 01/02/2020 - 17:47:41: "sake<70><STEAM_1:0:1906787367><CT>" disconnected
L 01/02/2020 - 17:47:41: Team "TERRORIST" triggered "Terrorists_Win" (CT "8") (T "12")
L 01/02/2020 - 17:47:41: World triggered "Round_End"
L 01/02/2020 - 17:47:41: "cala221<82><STEAM_0:1:204654532><TERRORIST>" disconnected
L 01/02/2020 - 17:47:41: "NE MI SE PRAVI NA PRO<72><STEAM_2:1:1478724606><CT>" disconnected
L 01/02/2020 - 17:47:41: "Saad<83><STEAM_0:1:113405507><SPECTATOR>" disconnected
L 01/02/2020 - 17:47:41: "canm ben EL PATRON<84><STEAM_1:1:748561017><TERRORIST>" disconnected
L 01/02/2020 - 17:47:41: Log file closed
