L 01/05/2020 - 22:10:35: Log file started (file "logs/L0105088.log") (game "cstrike") (version "48/1.1.2.7/Stdio/1621")
L 01/05/2020 - 22:10:35: Loading map "cs_whiteXmas"
L 01/05/2020 - 22:10:35: Server cvars start
L 01/05/2020 - 22:10:35: Server cvar "@BunnyHopper" = "3.x"
L 01/05/2020 - 22:10:35: Server cvar "@CRXGoSpec" = "1.1"
L 01/05/2020 - 22:10:35: Server cvar "@CRXRemoveImmunity" = "1.0"
L 01/05/2020 - 22:10:35: Server cvar "@D.I.C.E." = "1.1"
L 01/05/2020 - 22:10:35: Server cvar "@MOTDCommands" = "1.2"
L 01/05/2020 - 22:10:35: Server cvar "advanced_quake_sounds" = "5.0"
L 01/05/2020 - 22:10:35: Server cvar "AdvancedMute" = "1.0"
L 01/05/2020 - 22:10:35: Server cvar "aesp_version" = "1.3"
L 01/05/2020 - 22:10:35: Server cvar "allow_spectators" = "1.0"
L 01/05/2020 - 22:10:35: Server cvar "amx_client_languages" = "1"
L 01/05/2020 - 22:10:35: Server cvar "amx_language" = "en"
L 01/05/2020 - 22:10:35: Server cvar "amx_nextmap" = "cs_whiteXmas"
L 01/05/2020 - 22:10:35: Server cvar "amx_ptb_version" = "1.8b3"
L 01/05/2020 - 22:10:35: Server cvar "amx_timeleft" = "00:00"
L 01/05/2020 - 22:10:35: Server cvar "amxmodx_version" = "1.8.2"
L 01/05/2020 - 22:10:35: Server cvar "amxxbg_vip" = "1.0"
L 01/05/2020 - 22:10:35: Server cvar "asp_version" = "4.5.1"
L 01/05/2020 - 22:10:35: Server cvar "atac_version" = "3.0.1"
L 01/05/2020 - 22:10:35: Server cvar "badcamper_version" = "1.4 beta"
L 01/05/2020 - 22:10:35: Server cvar "blockmaker" = "4.01"
L 01/05/2020 - 22:10:35: Server cvar "c4 timer" = "1.1"
L 01/05/2020 - 22:10:35: Server cvar "coop" = "0"
L 01/05/2020 - 22:10:35: Server cvar "CRXAdminGroups" = "1.0"
L 01/05/2020 - 22:10:35: Server cvar "CRXCommandRestrictions" = "1.0"
L 01/05/2020 - 22:10:35: Server cvar "CRXFastKnife" = "1.0"
L 01/05/2020 - 22:10:35: Server cvar "CRXGametracker" = "2.0"
L 01/05/2020 - 22:10:35: Server cvar "CRXKnifeModels" = "2.5.7"
L 01/05/2020 - 22:10:35: Server cvar "CRXTeamAdvantage" = "1.0"
L 01/05/2020 - 22:10:35: Server cvar "CustomShop" = "4.2"
L 01/05/2020 - 22:10:35: Server cvar "deathmatch" = "1"
L 01/05/2020 - 22:10:35: Server cvar "decalfrequency" = "0"
L 01/05/2020 - 22:10:35: Server cvar "edgefriction" = "2"
L 01/05/2020 - 22:10:35: Server cvar "ers_version" = "2.3c"
L 01/05/2020 - 22:10:35: Server cvar "gagsystem_shoko" = "1.0"
L 01/05/2020 - 22:10:35: Server cvar "gal_mapcyclefile" = "mapcycle.txt"
L 01/05/2020 - 22:10:35: Server cvar "gal_version" = "v5.9.1-926"
L 01/05/2020 - 22:10:35: Server cvar "game_version" = "5.7.0.313-dev"
L 01/05/2020 - 22:10:35: Server cvar "humans_join_team" = "any"
L 01/05/2020 - 22:10:35: Server cvar "jtp10181" = "chute,gore"
L 01/05/2020 - 22:10:35: Server cvar "lawliet" = "ny_RainingSnow"
L 01/05/2020 - 22:10:35: Server cvar "LetitSnow" = "1.0"
L 01/05/2020 - 22:10:35: Server cvar "map_spawns" = "T(16) CT(16)"
L 01/05/2020 - 22:10:35: Server cvar "max_queries_sec" = "3"
L 01/05/2020 - 22:10:35: Server cvar "max_queries_sec_global" = "150"
L 01/05/2020 - 22:10:35: Server cvar "max_queries_window" = "60"
L 01/05/2020 - 22:10:35: Server cvar "mdbBans" = "4.8"
L 01/05/2020 - 22:10:35: Server cvar "metamod_version" = "1.21p37"
L 01/05/2020 - 22:10:35: Server cvar "mp_autokick" = "0"
L 01/05/2020 - 22:10:35: Server cvar "mp_autokick_timeout" = "-1"
L 01/05/2020 - 22:10:35: Server cvar "mp_autoteambalance" = "0"
L 01/05/2020 - 22:10:35: Server cvar "mp_buytime" = "0.25"
L 01/05/2020 - 22:10:35: Server cvar "mp_c4timer" = "35"
L 01/05/2020 - 22:10:35: Server cvar "mp_chattime" = "10"
L 01/05/2020 - 22:10:35: Server cvar "mp_consistency" = "1"
L 01/05/2020 - 22:10:35: Server cvar "mp_fadetoblack" = "0"
L 01/05/2020 - 22:10:35: Server cvar "mp_flashlight" = "1"
L 01/05/2020 - 22:10:35: Server cvar "mp_footsteps" = "1"
L 01/05/2020 - 22:10:35: Server cvar "mp_forcecamera" = "0"
L 01/05/2020 - 22:10:35: Server cvar "mp_forcechasecam" = "0"
L 01/05/2020 - 22:10:35: Server cvar "mp_forcerespawn" = "0"
L 01/05/2020 - 22:10:35: Server cvar "mp_fraglimit" = "0"
L 01/05/2020 - 22:10:35: Server cvar "mp_fragsleft" = "0"
L 01/05/2020 - 22:10:35: Server cvar "mp_freeforall" = "0"
L 01/05/2020 - 22:10:35: Server cvar "mp_freezetime" = "1"
L 01/05/2020 - 22:10:35: Server cvar "mp_friendlyfire" = "0"
L 01/05/2020 - 22:10:35: Server cvar "mp_hostage_hurtable" = "1"
L 01/05/2020 - 22:10:35: Server cvar "mp_hostagepenalty" = "0"
L 01/05/2020 - 22:10:35: Server cvar "mp_item_staytime" = "300"
L 01/05/2020 - 22:10:35: Server cvar "mp_kickpercent" = "0.66"
L 01/05/2020 - 22:10:35: Server cvar "mp_legacy_bombtarget_touch" = "1"
L 01/05/2020 - 22:10:35: Server cvar "mp_limitteams" = "0"
L 01/05/2020 - 22:10:35: Server cvar "mp_logdetail" = "0"
L 01/05/2020 - 22:10:35: Server cvar "mp_logfile" = "1"
L 01/05/2020 - 22:10:35: Server cvar "mp_logmessages" = "1"
L 01/05/2020 - 22:10:35: Server cvar "mp_mapvoteratio" = "0.66"
L 01/05/2020 - 22:10:35: Server cvar "mp_maxmoney" = "999999"
L 01/05/2020 - 22:10:35: Server cvar "mp_maxrounds" = "0"
L 01/05/2020 - 22:10:35: Server cvar "mp_mirrordamage" = "0"
L 01/05/2020 - 22:10:35: Server cvar "mp_old_bomb_defused_sound" = "1"
L 01/05/2020 - 22:10:35: Server cvar "mp_playerid" = "0"
L 01/05/2020 - 22:10:35: Server cvar "mp_respawn_immunitytime" = "0"
L 01/05/2020 - 22:10:35: Server cvar "mp_round_infinite" = "0"
L 01/05/2020 - 22:10:35: Server cvar "mp_round_restart_delay" = "5"
L 01/05/2020 - 22:10:35: Server cvar "mp_roundover" = "0"
L 01/05/2020 - 22:10:35: Server cvar "mp_roundtime" = "2.3"
L 01/05/2020 - 22:10:35: Server cvar "mp_show_radioicon" = "1"
L 01/05/2020 - 22:10:35: Server cvar "mp_startmoney" = "850"
L 01/05/2020 - 22:10:35: Server cvar "mp_timeleft" = "00:00"
L 01/05/2020 - 22:10:35: Server cvar "mp_timelimit" = "20.000000"
L 01/05/2020 - 22:10:35: Server cvar "mp_tkpunish" = "0"
L 01/05/2020 - 22:10:35: Server cvar "mp_windifference" = "1"
L 01/05/2020 - 22:10:35: Server cvar "mp_winlimit" = "0"
L 01/05/2020 - 22:10:35: Server cvar "NoWeaponsOnGround" = "1.0"
L 01/05/2020 - 22:10:35: Server cvar "pausable" = "0"
L 01/05/2020 - 22:10:35: Server cvar "present_version" = "2.01"
L 01/05/2020 - 22:10:35: Server cvar "RandomHP" = "2.2"
L 01/05/2020 - 22:10:35: Server cvar "reauthcheck_version" = "0.1.6"
L 01/05/2020 - 22:10:35: Server cvar "reconnect_features" = "0.3.1"
L 01/05/2020 - 22:10:35: Server cvar "report_system_version" = "3.1"
L 01/05/2020 - 22:10:35: Server cvar "resemiclip_version" = "2.3.9"
L 01/05/2020 - 22:10:35: Server cvar "reu_version" = "0.1.0.130"
L 01/05/2020 - 22:10:35: Server cvar "revoice_version" = "0.1.0.30"
L 01/05/2020 - 22:10:35: Server cvar "RRWM" = "2.0"
L 01/05/2020 - 22:10:35: Server cvar "sanksounds_version" = "1.8.6"
L 01/05/2020 - 22:10:35: Server cvar "SimpleMenu" = "1.1"
L 01/05/2020 - 22:10:35: Server cvar "SNAC_Version" = "1.1"
L 01/05/2020 - 22:10:35: Server cvar "SpecList" = "1.2a"
L 01/05/2020 - 22:10:35: Server cvar "sr_version" = "1.6"
L 01/05/2020 - 22:10:35: Server cvar "statsx_shell_ver" = "2.0.0 (BETA)"
L 01/05/2020 - 22:10:35: Server cvar "StyleC4Timer" = "2.1"
L 01/05/2020 - 22:10:35: Server cvar "sv_accelerate" = "5"
L 01/05/2020 - 22:10:35: Server cvar "sv_aim" = "1"
L 01/05/2020 - 22:10:35: Server cvar "sv_airaccelerate" = "100"
L 01/05/2020 - 22:10:35: Server cvar "sv_allowupload" = "1"
L 01/05/2020 - 22:10:35: Server cvar "sv_alltalk" = "1"
L 01/05/2020 - 22:10:35: Server cvar "sv_bounce" = "1"
L 01/05/2020 - 22:10:35: Server cvar "sv_cheats" = "0"
L 01/05/2020 - 22:10:35: Server cvar "sv_clienttrace" = "1"
L 01/05/2020 - 22:10:35: Server cvar "sv_contact" = "feruchio599@gmail.com"
L 01/05/2020 - 22:10:35: Server cvar "sv_friction" = "4"
L 01/05/2020 - 22:10:35: Server cvar "sv_gravity" = "800"
L 01/05/2020 - 22:10:35: Server cvar "sv_logblocks" = "0"
L 01/05/2020 - 22:10:35: Server cvar "sv_maxrate" = "50000"
L 01/05/2020 - 22:10:35: Server cvar "sv_maxspeed" = "900.000000"
L 01/05/2020 - 22:10:35: Server cvar "sv_minrate" = "10000"
L 01/05/2020 - 22:10:35: Server cvar "sv_password" = ""
L 01/05/2020 - 22:10:35: Server cvar "sv_proxies" = "1"
L 01/05/2020 - 22:10:35: Server cvar "sv_restart" = "0"
L 01/05/2020 - 22:10:35: Server cvar "sv_restartround" = "0"
L 01/05/2020 - 22:10:35: Server cvar "sv_stepsize" = "18"
L 01/05/2020 - 22:10:35: Server cvar "sv_stopspeed" = "75"
L 01/05/2020 - 22:10:35: Server cvar "sv_uploadmax" = "0.5"
L 01/05/2020 - 22:10:35: Server cvar "sv_version" = "1.1.2.7/Stdio,48,1621"
L 01/05/2020 - 22:10:35: Server cvar "sv_voiceenable" = "1"
L 01/05/2020 - 22:10:35: Server cvar "sv_wateraccelerate" = "10"
L 01/05/2020 - 22:10:35: Server cvar "sv_waterfriction" = "1"
L 01/05/2020 - 22:10:35: Server cvar "Team_Semiclip_version" = "3.3.1"
L 01/05/2020 - 22:10:35: Server cvar "vehicle_real_killer" = "1.1"
L 01/05/2020 - 22:10:35: Server cvar "WalkGuard" = "1.3.2"
L 01/05/2020 - 22:10:35: Server cvar "we_grenades" = "Huehue"
L 01/05/2020 - 22:10:35: Server cvar "we_player_models" = "Huehue"
L 01/05/2020 - 22:10:35: Server cvar "whb_version" = "1.5.692"
L 01/05/2020 - 22:10:35: Server cvar "zp_jp_version" = "Extra Item Jetpack+Bazooka v3.2"
L 01/05/2020 - 22:10:35: Server cvars end
L 01/05/2020 - 22:10:38: Server cvar "sv_maxspeed" = "900"
L 01/05/2020 - 22:10:38: Server cvar "mp_autoteambalance" = "1"
L 01/05/2020 - 22:10:38: Server cvar "mp_timelimit" = "20"
L 01/05/2020 - 22:10:38: Server cvar "mp_autoteambalance" = "0"
L 01/05/2020 - 22:10:38: Server cvar "amx_nextmap" = "[not yet voted on]"
L 01/05/2020 - 22:10:40: Started map "cs_whiteXmas" (CRC "-1191165519")
L 01/05/2020 - 22:10:41: "Maverick<120><STEAM_0:0:37264973><>" connected, address "130.204.36.29:27005"
L 01/05/2020 - 22:10:42: World triggered "Round_Start"
L 01/05/2020 - 22:10:42: "Maverick<120><STEAM_0:0:37264973><>" STEAM USERID validated
L 01/05/2020 - 22:10:42: [REUNION]: BAD BOY (178.169.239.222) authorized as RevEmu
L 01/05/2020 - 22:10:42: "BAD BOY<121><STEAM_1:1:175462098><>" connected, address "178.169.239.222:27005"
L 01/05/2020 - 22:10:42: [REUNION]: W.T.F|NeaDekvaTen (77.77.166.176) authorized as RevEmu
L 01/05/2020 - 22:10:42: "W.T.F|NeaDekvaTen<122><STEAM_2:1:24722080><>" connected, address "77.77.166.176:27005"
L 01/05/2020 - 22:10:44: "Maverick<120><STEAM_0:0:37264973><>" entered the game
L 01/05/2020 - 22:10:44: "Saad<123><STEAM_0:1:113405507><>" connected, address "168.211.119.194:27005"
L 01/05/2020 - 22:10:45: "Saad<123><STEAM_0:1:113405507><>" STEAM USERID validated
L 01/05/2020 - 22:10:46: [REUNION]: Tedo2 (87.121.103.114) authorized as RevEmu
L 01/05/2020 - 22:10:46: "Tedo2<124><STEAM_1:0:908198505><>" connected, address "87.121.103.114:27005"
L 01/05/2020 - 22:10:46: "BAD BOY<121><STEAM_1:1:175462098><>" entered the game
L 01/05/2020 - 22:10:47: "W.T.F|NeaDekvaTen<122><STEAM_2:1:24722080><>" entered the game
L 01/05/2020 - 22:10:49: "Maverick<120><STEAM_0:0:37264973><>" disconnected
L 01/05/2020 - 22:10:49: World triggered "Round_Draw" (CT "0") (T "0")
L 01/05/2020 - 22:10:49: World triggered "Round_End"
L 01/05/2020 - 22:10:49: "Tedo2<124><STEAM_1:0:908198505><>" entered the game
L 01/05/2020 - 22:10:50: "W.T.F|NeaDekvaTen<122><STEAM_2:1:24722080><>" joined team "CT"
L 01/05/2020 - 22:10:50: "ok<125><STEAM_0:0:19903402><>" connected, address "78.157.91.203:27005"
L 01/05/2020 - 22:10:51: "ok<125><STEAM_0:0:19903402><>" STEAM USERID validated
L 01/05/2020 - 22:10:51: "BAD BOY<121><STEAM_1:1:175462098><>" joined team "SPECTATOR"
L 01/05/2020 - 22:10:51: [REUNION]: *Mr.Bombastic* (77.29.139.83) authorized as RevEmu
L 01/05/2020 - 22:10:51: "*Mr.Bombastic*<126><STEAM_1:1:25228615><>" connected, address "77.29.139.83:27005"
L 01/05/2020 - 22:10:52: "Saad<123><STEAM_0:1:113405507><>" entered the game
L 01/05/2020 - 22:10:54: "Tedo2<124><STEAM_1:0:908198505><>" joined team "TERRORIST"
L 01/05/2020 - 22:10:54: World triggered "Game_Commencing"
L 01/05/2020 - 22:10:54: World triggered "Game_Commencing" (CT "0") (T "0")
L 01/05/2020 - 22:10:54: World triggered "Round_End"
L 01/05/2020 - 22:10:55: "*Mr.Bombastic*<126><STEAM_1:1:25228615><>" entered the game
L 01/05/2020 - 22:10:55: "ok<125><STEAM_0:0:19903402><>" entered the game
L 01/05/2020 - 22:10:58: World triggered "Round_Start"
L 01/05/2020 - 22:10:58: "*Mr.Bombastic*<126><STEAM_1:1:25228615><>" joined team "CT"
L 01/05/2020 - 22:11:06: "ok<125><STEAM_0:0:19903402><>" joined team "TERRORIST"
L 01/05/2020 - 22:11:09: "Saad<123><STEAM_0:1:113405507><>" joined team "SPECTATOR"
L 01/05/2020 - 22:11:10: "Saad<123><STEAM_0:1:113405507><SPECTATOR>" disconnected
L 01/05/2020 - 22:11:11: "Tedo2<124><STEAM_1:0:908198505><TERRORIST>" killed "*Mr.Bombastic*<126><STEAM_1:1:25228615><CT>" with "mp5navy"
L 01/05/2020 - 22:11:15: "Tedo2<124><STEAM_1:0:908198505><TERRORIST>" killed "W.T.F|NeaDekvaTen<122><STEAM_2:1:24722080><CT>" with "mp5navy"
L 01/05/2020 - 22:11:15: Team "TERRORIST" triggered "Terrorists_Win" (CT "0") (T "1")
L 01/05/2020 - 22:11:15: World triggered "Round_End"
L 01/05/2020 - 22:11:21: World triggered "Round_Start"
L 01/05/2020 - 22:11:36: "*Mr.Bombastic*<126><STEAM_1:1:25228615><CT>" triggered "Touched_A_Hostage"
L 01/05/2020 - 22:11:36: "*Mr.Bombastic*<126><STEAM_1:1:25228615><CT>" triggered "Touched_A_Hostage"
L 01/05/2020 - 22:11:38: "*Mr.Bombastic*<126><STEAM_1:1:25228615><CT>" triggered "Touched_A_Hostage"
L 01/05/2020 - 22:11:39: "*Mr.Bombastic*<126><STEAM_1:1:25228615><CT>" triggered "Touched_A_Hostage"
L 01/05/2020 - 22:11:46: "W.T.F|NeaDekvaTen<122><STEAM_2:1:24722080><CT>" triggered "Killed_A_Hostage"
L 01/05/2020 - 22:11:47: "W.T.F|NeaDekvaTen<122><STEAM_2:1:24722080><CT>" triggered "Killed_A_Hostage"
L 01/05/2020 - 22:11:50: "W.T.F|NeaDekvaTen<122><STEAM_2:1:24722080><CT>" triggered "Killed_A_Hostage"
L 01/05/2020 - 22:11:52: "*Mr.Bombastic*<126><STEAM_1:1:25228615><CT>" triggered "Rescued_A_Hostage"
L 01/05/2020 - 22:11:54: "Tedo2<124><STEAM_1:0:908198505><TERRORIST>" killed "*Mr.Bombastic*<126><STEAM_1:1:25228615><CT>" with "mp5navy"
L 01/05/2020 - 22:11:55: "Tedo2<124><STEAM_1:0:908198505><TERRORIST>" killed "W.T.F|NeaDekvaTen<122><STEAM_2:1:24722080><CT>" with "mp5navy"
L 01/05/2020 - 22:11:55: Team "TERRORIST" triggered "Terrorists_Win" (CT "0") (T "2")
L 01/05/2020 - 22:11:55: World triggered "Round_End"
L 01/05/2020 - 22:12:01: World triggered "Round_Start"
L 01/05/2020 - 22:12:10: "W.T.F|NeaDekvaTen<122><STEAM_2:1:24722080><CT>" triggered "Killed_A_Hostage"
L 01/05/2020 - 22:12:19: "ok<125><STEAM_0:0:19903402><TERRORIST>" killed "W.T.F|NeaDekvaTen<122><STEAM_2:1:24722080><CT>" with "ak47"
L 01/05/2020 - 22:12:37: "Tedo2<124><STEAM_1:0:908198505><TERRORIST>" killed "*Mr.Bombastic*<126><STEAM_1:1:25228615><CT>" with "mp5navy"
L 01/05/2020 - 22:12:37: Team "TERRORIST" triggered "Terrorists_Win" (CT "0") (T "3")
L 01/05/2020 - 22:12:37: World triggered "Round_End"
L 01/05/2020 - 22:12:41: "Tedo2<124><STEAM_1:0:908198505><TERRORIST>" joined team "CT"
L 01/05/2020 - 22:12:41: "<><><>" triggered "amx_chat" (text "[PTB] Transfered Tedo2 to CT")
L 01/05/2020 - 22:12:43: World triggered "Round_Start"
L 01/05/2020 - 22:12:54: "Tedo2<124><STEAM_1:0:908198505><CT>" triggered "Touched_A_Hostage"
L 01/05/2020 - 22:12:55: "Tedo2<124><STEAM_1:0:908198505><CT>" triggered "Touched_A_Hostage"
L 01/05/2020 - 22:12:56: "Tedo2<124><STEAM_1:0:908198505><CT>" triggered "Touched_A_Hostage"
L 01/05/2020 - 22:12:57: "Tedo2<124><STEAM_1:0:908198505><CT>" triggered "Touched_A_Hostage"
L 01/05/2020 - 22:13:02: "W.T.F|NeaDekvaTen<122><STEAM_2:1:24722080><CT>" triggered "Killed_A_Hostage"
L 01/05/2020 - 22:13:03: "*Mr.Bombastic*<126><STEAM_1:1:25228615><CT>" triggered "Killed_A_Hostage"
L 01/05/2020 - 22:13:03: "W.T.F|NeaDekvaTen<122><STEAM_2:1:24722080><CT>" triggered "Killed_A_Hostage"
L 01/05/2020 - 22:13:04: "W.T.F|NeaDekvaTen<122><STEAM_2:1:24722080><CT>" triggered "Killed_A_Hostage"
L 01/05/2020 - 22:13:11: [REUNION]: IP 193.42.110.171 banned for 10 minutes for query flooding (PPS: 326)
L 01/05/2020 - 22:13:21: "ok<125><STEAM_0:0:19903402><TERRORIST>" killed "W.T.F|NeaDekvaTen<122><STEAM_2:1:24722080><CT>" with "ak47"
L 01/05/2020 - 22:14:15: "*Mr.Bombastic*<126><STEAM_1:1:25228615><CT>" disconnected
L 01/05/2020 - 22:14:32: "Tedo2<124><STEAM_1:0:908198505><CT>" killed "ok<125><STEAM_0:0:19903402><TERRORIST>" with "m4a1"
L 01/05/2020 - 22:14:32: Team "CT" triggered "CTs_Win" (CT "1") (T "3")
L 01/05/2020 - 22:14:32: World triggered "Round_End"
L 01/05/2020 - 22:14:33: [REUNION]: *Mr.Bombastic* (77.29.139.83) authorized as RevEmu
L 01/05/2020 - 22:14:33: "*Mr.Bombastic*<127><STEAM_1:1:25228615><>" connected, address "77.29.139.83:27005"
L 01/05/2020 - 22:14:36: [REUNION]: *Mr.Bombastic* (77.29.139.83) authorized as RevEmu
L 01/05/2020 - 22:14:36: "*Mr.Bombastic*<128><STEAM_1:1:25228615><>" connected, address "77.29.139.83:27005"
L 01/05/2020 - 22:14:38: World triggered "Round_Start"
L 01/05/2020 - 22:14:39: "*Mr.Bombastic*<128><STEAM_1:1:25228615><>" entered the game
L 01/05/2020 - 22:14:44: "*Mr.Bombastic*<128><STEAM_1:1:25228615><>" joined team "CT"
L 01/05/2020 - 22:14:58: "ok<125><STEAM_0:0:19903402><TERRORIST>" killed "Tedo2<124><STEAM_1:0:908198505><CT>" with "ak47"
L 01/05/2020 - 22:15:12: "Tedo2<124><STEAM_1:0:908198505><CT>" joined team "TERRORIST"
L 01/05/2020 - 22:15:18: "W.T.F|NeaDekvaTen<122><STEAM_2:1:24722080><CT>" triggered "Killed_A_Hostage"
L 01/05/2020 - 22:15:20: "W.T.F|NeaDekvaTen<122><STEAM_2:1:24722080><CT>" triggered "Killed_A_Hostage"
L 01/05/2020 - 22:15:23: "W.T.F|NeaDekvaTen<122><STEAM_2:1:24722080><CT>" triggered "Killed_A_Hostage"
L 01/05/2020 - 22:15:25: "W.T.F|NeaDekvaTen<122><STEAM_2:1:24722080><CT>" triggered "Killed_A_Hostage"
L 01/05/2020 - 22:15:55: "ok<125><STEAM_0:0:19903402><TERRORIST>" killed "W.T.F|NeaDekvaTen<122><STEAM_2:1:24722080><CT>" with "ak47"
L 01/05/2020 - 22:15:59: "*Mr.Bombastic*<128><STEAM_1:1:25228615><CT>" disconnected
L 01/05/2020 - 22:15:59: Team "TERRORIST" triggered "Terrorists_Win" (CT "1") (T "4")
L 01/05/2020 - 22:15:59: World triggered "Round_End"
L 01/05/2020 - 22:16:04: "ok<125><STEAM_0:0:19903402><TERRORIST>" joined team "CT"
L 01/05/2020 - 22:16:04: "<><><>" triggered "amx_chat" (text "[PTB] Transfered ok to CT")
L 01/05/2020 - 22:16:05: World triggered "Round_Start"
L 01/05/2020 - 22:16:21: "W.T.F|NeaDekvaTen<122><STEAM_2:1:24722080><CT>" triggered "Killed_A_Hostage"
L 01/05/2020 - 22:16:25: "W.T.F|NeaDekvaTen<122><STEAM_2:1:24722080><CT>" triggered "Killed_A_Hostage"
L 01/05/2020 - 22:16:28: "W.T.F|NeaDekvaTen<122><STEAM_2:1:24722080><CT>" triggered "Killed_A_Hostage"
L 01/05/2020 - 22:16:30: "W.T.F|NeaDekvaTen<122><STEAM_2:1:24722080><CT>" triggered "Killed_A_Hostage"
L 01/05/2020 - 22:16:53: "ok<125><STEAM_0:0:19903402><CT>" killed "Tedo2<124><STEAM_1:0:908198505><TERRORIST>" with "m4a1"
L 01/05/2020 - 22:16:53: Team "CT" triggered "CTs_Win" (CT "2") (T "4")
L 01/05/2020 - 22:16:53: World triggered "Round_End"
L 01/05/2020 - 22:16:59: World triggered "Round_Start"
L 01/05/2020 - 22:17:20: "W.T.F|NeaDekvaTen<122><STEAM_2:1:24722080><CT>" triggered "Killed_A_Hostage"
L 01/05/2020 - 22:17:21: "W.T.F|NeaDekvaTen<122><STEAM_2:1:24722080><CT>" triggered "Killed_A_Hostage"
L 01/05/2020 - 22:17:26: "W.T.F|NeaDekvaTen<122><STEAM_2:1:24722080><CT>" triggered "Killed_A_Hostage"
L 01/05/2020 - 22:17:35: "Tedo2<124><STEAM_1:0:908198505><TERRORIST>" killed "W.T.F|NeaDekvaTen<122><STEAM_2:1:24722080><CT>" with "mp5navy"
L 01/05/2020 - 22:17:46: "Tedo2<124><STEAM_1:0:908198505><TERRORIST>" killed "ok<125><STEAM_0:0:19903402><CT>" with "grenade"
L 01/05/2020 - 22:17:46: Team "TERRORIST" triggered "Terrorists_Win" (CT "2") (T "5")
L 01/05/2020 - 22:17:46: World triggered "Round_End"
L 01/05/2020 - 22:17:52: World triggered "Round_Start"
L 01/05/2020 - 22:18:09: "W.T.F|NeaDekvaTen<122><STEAM_2:1:24722080><CT>" triggered "Killed_A_Hostage"
L 01/05/2020 - 22:18:13: "W.T.F|NeaDekvaTen<122><STEAM_2:1:24722080><CT>" triggered "Killed_A_Hostage"
L 01/05/2020 - 22:18:19: "W.T.F|NeaDekvaTen<122><STEAM_2:1:24722080><CT>" triggered "Killed_A_Hostage"
L 01/05/2020 - 22:18:19: "Tedo2<124><STEAM_1:0:908198505><TERRORIST>" killed "W.T.F|NeaDekvaTen<122><STEAM_2:1:24722080><CT>" with "mp5navy"
L 01/05/2020 - 22:18:44: "W.T.F|NeaDekvaTen<122><STEAM_2:1:24722080><CT>" disconnected
L 01/05/2020 - 22:19:10: "Tedo2<124><STEAM_1:0:908198505><TERRORIST>" killed "ok<125><STEAM_0:0:19903402><CT>" with "mp5navy"
L 01/05/2020 - 22:19:10: Team "TERRORIST" triggered "Terrorists_Win" (CT "2") (T "6")
L 01/05/2020 - 22:19:10: World triggered "Round_End"
L 01/05/2020 - 22:19:16: World triggered "Round_Start"
L 01/05/2020 - 22:20:15: "ok<125><STEAM_0:0:19903402><CT>" killed "Tedo2<124><STEAM_1:0:908198505><TERRORIST>" with "grenade"
L 01/05/2020 - 22:20:15: Team "CT" triggered "CTs_Win" (CT "3") (T "6")
L 01/05/2020 - 22:20:15: World triggered "Round_End"
L 01/05/2020 - 22:20:21: World triggered "Round_Start"
L 01/05/2020 - 22:20:49: "ok<125><STEAM_0:0:19903402><CT>" killed "Tedo2<124><STEAM_1:0:908198505><TERRORIST>" with "m4a1"
L 01/05/2020 - 22:20:49: Team "CT" triggered "CTs_Win" (CT "4") (T "6")
L 01/05/2020 - 22:20:49: World triggered "Round_End"
L 01/05/2020 - 22:20:55: World triggered "Round_Start"
L 01/05/2020 - 22:21:30: "ok<125><STEAM_0:0:19903402><CT>" killed "Tedo2<124><STEAM_1:0:908198505><TERRORIST>" with "m4a1"
L 01/05/2020 - 22:21:30: Team "CT" triggered "CTs_Win" (CT "5") (T "6")
L 01/05/2020 - 22:21:30: World triggered "Round_End"
L 01/05/2020 - 22:21:36: World triggered "Round_Start"
L 01/05/2020 - 22:23:08: "Tedo2<124><STEAM_1:0:908198505><TERRORIST>" killed "ok<125><STEAM_0:0:19903402><CT>" with "fiveseven"
L 01/05/2020 - 22:23:08: Team "TERRORIST" triggered "Terrorists_Win" (CT "5") (T "7")
L 01/05/2020 - 22:23:08: World triggered "Round_End"
L 01/05/2020 - 22:23:14: World triggered "Round_Start"
L 01/05/2020 - 22:23:18: "ok<125><STEAM_0:0:19903402><CT>" disconnected
L 01/05/2020 - 22:23:35: Server cvar "amx_nextmap" = "fy_buzzkill"
L 01/05/2020 - 22:25:32: [REUNION]: short circuit (94.155.252.230) authorized as RevEmu
L 01/05/2020 - 22:25:32: "short circuit<129><STEAM_1:1:1245774753><>" connected, address "94.155.252.230:27005"
L 01/05/2020 - 22:25:32: Team "TERRORIST" triggered "Hostages_Not_Rescued" (CT "5") (T "7")
L 01/05/2020 - 22:25:32: World triggered "Round_End"
L 01/05/2020 - 22:25:35: "Tedo2<124><STEAM_1:0:908198505><TERRORIST>" triggered "Killed_A_Hostage"
L 01/05/2020 - 22:25:36: [REUNION]: short circuit (94.155.252.230) authorized as RevEmu
L 01/05/2020 - 22:25:36: "short circuit<130><STEAM_1:1:1245774753><>" connected, address "94.155.252.230:27005"
L 01/05/2020 - 22:25:36: "Tedo2<124><STEAM_1:0:908198505><TERRORIST>" triggered "Killed_A_Hostage"
L 01/05/2020 - 22:25:38: World triggered "Round_Start"
L 01/05/2020 - 22:25:39: Server cvar "sv_maxspeed" = "0.000000"
L 01/05/2020 - 22:25:39: Server cvar "mp_friendlyfire" = "1"
L 01/05/2020 - 22:25:41: "short circuit<130><STEAM_1:1:1245774753><>" entered the game
L 01/05/2020 - 22:25:45: "short circuit<130><STEAM_1:1:1245774753><>" joined team "CT"
L 01/05/2020 - 22:25:45: World triggered "Game_Commencing"
L 01/05/2020 - 22:25:45: World triggered "Game_Commencing" (CT "5") (T "7")
L 01/05/2020 - 22:25:45: World triggered "Round_End"
L 01/05/2020 - 22:25:49: World triggered "Round_Start"
L 01/05/2020 - 22:25:50: Server cvar "sv_maxspeed" = "900.000000"
L 01/05/2020 - 22:25:50: Server cvar "mp_friendlyfire" = "0"
L 01/05/2020 - 22:25:58: [REUNION]: *Mr.Bombastic* (77.29.139.83) authorized as RevEmu
L 01/05/2020 - 22:25:58: "*Mr.Bombastic*<131><STEAM_1:1:25228615><>" connected, address "77.29.139.83:27005"
L 01/05/2020 - 22:26:01: "*Mr.Bombastic*<131><STEAM_1:1:25228615><>" entered the game
L 01/05/2020 - 22:26:09: "*Mr.Bombastic*<131><STEAM_1:1:25228615><>" joined team "CT"
L 01/05/2020 - 22:26:22: "*Mr.Bombastic*<131><STEAM_1:1:25228615><CT>" triggered "Touched_A_Hostage"
L 01/05/2020 - 22:26:24: "*Mr.Bombastic*<131><STEAM_1:1:25228615><CT>" triggered "Touched_A_Hostage"
L 01/05/2020 - 22:26:29: "*Mr.Bombastic*<131><STEAM_1:1:25228615><CT>" triggered "Touched_A_Hostage"
L 01/05/2020 - 22:26:30: "*Mr.Bombastic*<131><STEAM_1:1:25228615><CT>" triggered "Touched_A_Hostage"
L 01/05/2020 - 22:26:45: "*Mr.Bombastic*<131><STEAM_1:1:25228615><CT>" triggered "Rescued_A_Hostage"
L 01/05/2020 - 22:26:45: "*Mr.Bombastic*<131><STEAM_1:1:25228615><CT>" triggered "Rescued_A_Hostage"
L 01/05/2020 - 22:26:45: "*Mr.Bombastic*<131><STEAM_1:1:25228615><CT>" triggered "Rescued_A_Hostage"
L 01/05/2020 - 22:26:45: "*Mr.Bombastic*<131><STEAM_1:1:25228615><CT>" triggered "Rescued_A_Hostage"
L 01/05/2020 - 22:26:45: Team "CT" triggered "All_Hostages_Rescued" (CT "1") (T "0")
L 01/05/2020 - 22:26:45: World triggered "Round_End"
L 01/05/2020 - 22:26:51: World triggered "Round_Start"
L 01/05/2020 - 22:27:01: "*Mr.Bombastic*<131><STEAM_1:1:25228615><CT>" killed "Tedo2<124><STEAM_1:0:908198505><TERRORIST>" with "m4a1"
L 01/05/2020 - 22:27:01: Team "CT" triggered "CTs_Win" (CT "2") (T "0")
L 01/05/2020 - 22:27:01: World triggered "Round_End"
L 01/05/2020 - 22:27:07: World triggered "Round_Start"
L 01/05/2020 - 22:27:11: "*Mr.Bombastic*<131><STEAM_1:1:25228615><CT>" changed name to "*Mr.Fantastic*"
L 01/05/2020 - 22:27:21: "*Mr.Fantastic*<131><STEAM_1:1:25228615><CT>" killed "Tedo2<124><STEAM_1:0:908198505><TERRORIST>" with "m4a1"
L 01/05/2020 - 22:27:21: Team "CT" triggered "CTs_Win" (CT "3") (T "0")
L 01/05/2020 - 22:27:21: World triggered "Round_End"
L 01/05/2020 - 22:27:27: World triggered "Round_Start"
L 01/05/2020 - 22:27:34: "short circuit<130><STEAM_1:1:1245774753><CT>" killed "Tedo2<124><STEAM_1:0:908198505><TERRORIST>" with "m4a1"
L 01/05/2020 - 22:27:34: Team "CT" triggered "CTs_Win" (CT "4") (T "0")
L 01/05/2020 - 22:27:34: World triggered "Round_End"
L 01/05/2020 - 22:27:39: "*Mr.Fantastic*<131><STEAM_1:1:25228615><CT>" joined team "TERRORIST"
L 01/05/2020 - 22:27:39: "<><><>" triggered "amx_chat" (text "[PTB] Transfered *Mr.Fantastic* to TERRORIST")
L 01/05/2020 - 22:27:40: World triggered "Round_Start"
L 01/05/2020 - 22:28:12: "short circuit<130><STEAM_1:1:1245774753><CT>" killed "*Mr.Fantastic*<131><STEAM_1:1:25228615><TERRORIST>" with "m4a1"
L 01/05/2020 - 22:28:17: "*Mr.Fantastic*<131><STEAM_1:1:25228615><TERRORIST>" disconnected
L 01/05/2020 - 22:28:22: "Tedo2<124><STEAM_1:0:908198505><TERRORIST>" killed "short circuit<130><STEAM_1:1:1245774753><CT>" with "deagle"
L 01/05/2020 - 22:28:22: Team "TERRORIST" triggered "Terrorists_Win" (CT "4") (T "1")
L 01/05/2020 - 22:28:22: World triggered "Round_End"
L 01/05/2020 - 22:28:28: World triggered "Round_Start"
L 01/05/2020 - 22:28:41: "Tedo2<124><STEAM_1:0:908198505><TERRORIST>" killed "short circuit<130><STEAM_1:1:1245774753><CT>" with "m4a1"
L 01/05/2020 - 22:28:41: Team "TERRORIST" triggered "Terrorists_Win" (CT "4") (T "2")
L 01/05/2020 - 22:28:41: World triggered "Round_End"
L 01/05/2020 - 22:28:47: World triggered "Round_Start"
L 01/05/2020 - 22:29:22: [REUNION]: IP 193.42.110.171 banned for 10 minutes for query flooding (PPS: 330)
L 01/05/2020 - 22:30:10: "Tedo2<124><STEAM_1:0:908198505><TERRORIST>" killed "short circuit<130><STEAM_1:1:1245774753><CT>" with "m4a1"
L 01/05/2020 - 22:30:10: Team "TERRORIST" triggered "Terrorists_Win" (CT "4") (T "3")
L 01/05/2020 - 22:30:10: World triggered "Round_End"
L 01/05/2020 - 22:30:16: World triggered "Round_Start"
L 01/05/2020 - 22:30:36: "short circuit<130><STEAM_1:1:1245774753><CT>" killed "Tedo2<124><STEAM_1:0:908198505><TERRORIST>" with "m4a1"
L 01/05/2020 - 22:30:36: Team "CT" triggered "CTs_Win" (CT "5") (T "3")
L 01/05/2020 - 22:30:36: World triggered "Round_End"
L 01/05/2020 - 22:30:42: Kick: "BAD BOY<121><STEAM_1:1:175462098><>" was kicked by "Console" (message ""Away From Keyboard (AFK)"")
L 01/05/2020 - 22:30:42: "BAD BOY<121><STEAM_1:1:175462098><SPECTATOR>" disconnected
L 01/05/2020 - 22:30:42: World triggered "Round_Start"
L 01/05/2020 - 22:31:24: "short circuit<130><STEAM_1:1:1245774753><CT>" killed "Tedo2<124><STEAM_1:0:908198505><TERRORIST>" with "m4a1"
L 01/05/2020 - 22:31:24: Team "CT" triggered "CTs_Win" (CT "6") (T "3")
L 01/05/2020 - 22:31:24: World triggered "Round_End"
L 01/05/2020 - 22:31:30: World triggered "Round_Start"
L 01/05/2020 - 22:31:44: "short circuit<130><STEAM_1:1:1245774753><CT>" triggered "Touched_A_Hostage"
L 01/05/2020 - 22:31:45: "short circuit<130><STEAM_1:1:1245774753><CT>" triggered "Touched_A_Hostage"
L 01/05/2020 - 22:31:47: "short circuit<130><STEAM_1:1:1245774753><CT>" triggered "Touched_A_Hostage"
L 01/05/2020 - 22:31:51: "short circuit<130><STEAM_1:1:1245774753><CT>" triggered "Touched_A_Hostage"
L 01/05/2020 - 22:31:56: Server cvar "amx_nextmap" = "GM_StarWars"
L 01/05/2020 - 22:31:57: "Tedo2<124><STEAM_1:0:908198505><TERRORIST>" killed "short circuit<130><STEAM_1:1:1245774753><CT>" with "m4a1"
L 01/05/2020 - 22:31:57: Team "TERRORIST" triggered "Terrorists_Win" (CT "6") (T "4")
L 01/05/2020 - 22:31:57: World triggered "Round_End"
L 01/05/2020 - 22:32:03: World triggered "Round_Start"
L 01/05/2020 - 22:32:03: Server cvar "sv_maxspeed" = "0.000000"
L 01/05/2020 - 22:32:03: Server cvar "mp_friendlyfire" = "1"
L 01/05/2020 - 22:32:09: "Tedo2<124><STEAM_1:0:908198505><TERRORIST>" committed suicide with "worldspawn" (world)
L 01/05/2020 - 22:32:09: Team "CT" triggered "CTs_Win" (CT "7") (T "4")
L 01/05/2020 - 22:32:09: World triggered "Round_End"
L 01/05/2020 - 22:32:14: Server cvar "sv_maxspeed" = "900.000000"
L 01/05/2020 - 22:32:14: Server cvar "mp_friendlyfire" = "0"
L 01/05/2020 - 22:32:14: [META] ini: Begin re-reading plugins list: /home/rented/public9/cstrike/addons/metamod/plugins.ini
L 01/05/2020 - 22:32:14: [META] ini: Read plugin config for: SafeNameAndChat
L 01/05/2020 - 22:32:14: [META] ini: Read plugin config for: AMX Mod X
L 01/05/2020 - 22:32:14: [META] ini: Read plugin config for: Reunion
L 01/05/2020 - 22:32:14: [META] ini: Read plugin config for: ReAuthCheck
L 01/05/2020 - 22:32:14: [META] ini: Read plugin config for: WHBlocker
L 01/05/2020 - 22:32:14: [META] ini: Read plugin config for: ReSemiclip
L 01/05/2020 - 22:32:14: [META] ini: Read plugin config for: Revoice
L 01/05/2020 - 22:32:14: [META] ini: Finished reading plugins list: /home/rented/public9/cstrike/addons/metamod/plugins.ini; Found 7 plugins
L 01/05/2020 - 22:32:14: [META] dll: Updating plugins...
L 01/05/2020 - 22:32:14: [META] WARNING: Cannot clear plugin 'SafeNameAndChat'; not marked as failed, empty, or open (status=valid)
L 01/05/2020 - 22:32:14: [META] dll: Unloaded plugin 'SafeNameAndChat' for reason 'file on disk is newer'
L 01/05/2020 - 22:32:14: [META] dll: Loaded plugin 'SafeNameAndChat': SafeNameAndChat v1.1 2017.02.01, WPMG.PRoSToC0der
L 01/05/2020 - 22:32:14: [META] WARNING: Cannot clear plugin 'WHBlocker'; not marked as failed, empty, or open (status=valid)
L 01/05/2020 - 22:32:14: [META] dll: Unloaded plugin 'WHBlocker' for reason 'file on disk is newer'
L 01/05/2020 - 22:32:14: [META] dll: Loaded plugin 'WHBlocker': WHBlocker v1.5.692 2017-04-13, s1lent
L 01/05/2020 - 22:32:14: [META] WARNING: Cannot clear plugin 'ReSemiclip'; not marked as failed, empty, or open (status=valid)
L 01/05/2020 - 22:32:14: [META] dll: Unloaded plugin 'ReSemiclip' for reason 'file on disk is newer'
L 01/05/2020 - 22:32:14: [META] dll: Loaded plugin 'ReSemiclip': ReSemiclip v2.3.9 13/02/17, s1lent & Adidasman
L 01/05/2020 - 22:32:14: [META] dll: Finished updating 14 plugins; kept 0, loaded 0, unloaded 0, reloaded 3, delayed 0
L 01/05/2020 - 22:32:14: "short circuit<130><STEAM_1:1:1245774753><CT>" disconnected
L 01/05/2020 - 22:32:14: "Tedo2<124><STEAM_1:0:908198505><TERRORIST>" disconnected
L 01/05/2020 - 22:32:14: World triggered "Round_Draw" (CT "7") (T "4")
L 01/05/2020 - 22:32:14: World triggered "Round_End"
L 01/05/2020 - 22:32:14: Log file closed
