L 01/02/2020 - 19:20:05: Log file started (file "logs/L0102069.log") (game "cstrike") (version "48/1.1.2.7/Stdio/1621")
L 01/02/2020 - 19:20:05: Loading map "bridge"
L 01/02/2020 - 19:20:05: Server cvars start
L 01/02/2020 - 19:20:05: Server cvar "@BunnyHopper" = "3.x"
L 01/02/2020 - 19:20:05: Server cvar "@CRXGoSpec" = "1.1"
L 01/02/2020 - 19:20:05: Server cvar "@CRXRemoveImmunity" = "1.0"
L 01/02/2020 - 19:20:05: Server cvar "@D.I.C.E." = "1.1"
L 01/02/2020 - 19:20:05: Server cvar "@MOTDCommands" = "1.2"
L 01/02/2020 - 19:20:05: Server cvar "advanced_quake_sounds" = "5.0"
L 01/02/2020 - 19:20:05: Server cvar "AdvancedMute" = "1.0"
L 01/02/2020 - 19:20:05: Server cvar "aesp_version" = "1.3"
L 01/02/2020 - 19:20:05: Server cvar "allow_spectators" = "1.0"
L 01/02/2020 - 19:20:05: Server cvar "amx_client_languages" = "1"
L 01/02/2020 - 19:20:05: Server cvar "amx_language" = "en"
L 01/02/2020 - 19:20:05: Server cvar "amx_nextmap" = "bridge"
L 01/02/2020 - 19:20:05: Server cvar "amx_ptb_version" = "1.8b3"
L 01/02/2020 - 19:20:05: Server cvar "amx_timeleft" = "00:00"
L 01/02/2020 - 19:20:05: Server cvar "amxmodx_version" = "1.8.2"
L 01/02/2020 - 19:20:05: Server cvar "amxxbg_vip" = "1.0"
L 01/02/2020 - 19:20:05: Server cvar "asp_version" = "4.5.1"
L 01/02/2020 - 19:20:05: Server cvar "atac_version" = "3.0.1"
L 01/02/2020 - 19:20:05: Server cvar "badcamper_version" = "1.4 beta"
L 01/02/2020 - 19:20:05: Server cvar "blockmaker" = "4.01"
L 01/02/2020 - 19:20:05: Server cvar "c4 timer" = "1.1"
L 01/02/2020 - 19:20:05: Server cvar "coop" = "0"
L 01/02/2020 - 19:20:05: Server cvar "CRXAdminGroups" = "1.0"
L 01/02/2020 - 19:20:05: Server cvar "CRXCommandRestrictions" = "1.0"
L 01/02/2020 - 19:20:05: Server cvar "CRXFastKnife" = "1.0"
L 01/02/2020 - 19:20:05: Server cvar "CRXGametracker" = "2.0"
L 01/02/2020 - 19:20:05: Server cvar "CRXKnifeModels" = "2.5.7"
L 01/02/2020 - 19:20:05: Server cvar "CRXTeamAdvantage" = "1.0"
L 01/02/2020 - 19:20:05: Server cvar "CustomShop" = "4.2"
L 01/02/2020 - 19:20:05: Server cvar "deathmatch" = "1"
L 01/02/2020 - 19:20:05: Server cvar "decalfrequency" = "0"
L 01/02/2020 - 19:20:05: Server cvar "edgefriction" = "2"
L 01/02/2020 - 19:20:05: Server cvar "ers_version" = "2.3c"
L 01/02/2020 - 19:20:05: Server cvar "gagsystem_shoko" = "1.0"
L 01/02/2020 - 19:20:05: Server cvar "gal_mapcyclefile" = "mapcycle.txt"
L 01/02/2020 - 19:20:05: Server cvar "gal_version" = "v5.9.1-926"
L 01/02/2020 - 19:20:05: Server cvar "game_version" = "5.7.0.313-dev"
L 01/02/2020 - 19:20:05: Server cvar "humans_join_team" = "any"
L 01/02/2020 - 19:20:05: Server cvar "jtp10181" = "chute,gore"
L 01/02/2020 - 19:20:05: Server cvar "lawliet" = "ny_RainingSnow"
L 01/02/2020 - 19:20:05: Server cvar "LetitSnow" = "1.0"
L 01/02/2020 - 19:20:05: Server cvar "map_spawns" = "T(16) CT(16)"
L 01/02/2020 - 19:20:05: Server cvar "max_queries_sec" = "3"
L 01/02/2020 - 19:20:05: Server cvar "max_queries_sec_global" = "150"
L 01/02/2020 - 19:20:05: Server cvar "max_queries_window" = "60"
L 01/02/2020 - 19:20:05: Server cvar "mdbBans" = "4.8"
L 01/02/2020 - 19:20:05: Server cvar "metamod_version" = "1.21p37"
L 01/02/2020 - 19:20:05: Server cvar "mp_autokick" = "0"
L 01/02/2020 - 19:20:05: Server cvar "mp_autokick_timeout" = "-1"
L 01/02/2020 - 19:20:05: Server cvar "mp_autoteambalance" = "0"
L 01/02/2020 - 19:20:05: Server cvar "mp_buytime" = "1"
L 01/02/2020 - 19:20:05: Server cvar "mp_c4timer" = "35"
L 01/02/2020 - 19:20:05: Server cvar "mp_chattime" = "10"
L 01/02/2020 - 19:20:05: Server cvar "mp_consistency" = "1"
L 01/02/2020 - 19:20:05: Server cvar "mp_fadetoblack" = "0"
L 01/02/2020 - 19:20:05: Server cvar "mp_flashlight" = "1"
L 01/02/2020 - 19:20:05: Server cvar "mp_footsteps" = "1"
L 01/02/2020 - 19:20:05: Server cvar "mp_forcecamera" = "0"
L 01/02/2020 - 19:20:05: Server cvar "mp_forcechasecam" = "0"
L 01/02/2020 - 19:20:05: Server cvar "mp_forcerespawn" = "0"
L 01/02/2020 - 19:20:05: Server cvar "mp_fraglimit" = "0"
L 01/02/2020 - 19:20:05: Server cvar "mp_fragsleft" = "0"
L 01/02/2020 - 19:20:05: Server cvar "mp_freeforall" = "0"
L 01/02/2020 - 19:20:05: Server cvar "mp_freezetime" = "1"
L 01/02/2020 - 19:20:05: Server cvar "mp_friendlyfire" = "0"
L 01/02/2020 - 19:20:05: Server cvar "mp_hostage_hurtable" = "1"
L 01/02/2020 - 19:20:05: Server cvar "mp_hostagepenalty" = "0"
L 01/02/2020 - 19:20:05: Server cvar "mp_item_staytime" = "300"
L 01/02/2020 - 19:20:05: Server cvar "mp_kickpercent" = "0.66"
L 01/02/2020 - 19:20:05: Server cvar "mp_legacy_bombtarget_touch" = "1"
L 01/02/2020 - 19:20:05: Server cvar "mp_limitteams" = "1"
L 01/02/2020 - 19:20:05: Server cvar "mp_logdetail" = "0"
L 01/02/2020 - 19:20:05: Server cvar "mp_logfile" = "1"
L 01/02/2020 - 19:20:05: Server cvar "mp_logmessages" = "1"
L 01/02/2020 - 19:20:05: Server cvar "mp_mapvoteratio" = "0.66"
L 01/02/2020 - 19:20:05: Server cvar "mp_maxmoney" = "999999"
L 01/02/2020 - 19:20:05: Server cvar "mp_maxrounds" = "0"
L 01/02/2020 - 19:20:05: Server cvar "mp_mirrordamage" = "0"
L 01/02/2020 - 19:20:05: Server cvar "mp_old_bomb_defused_sound" = "1"
L 01/02/2020 - 19:20:05: Server cvar "mp_playerid" = "0"
L 01/02/2020 - 19:20:05: Server cvar "mp_respawn_immunitytime" = "0"
L 01/02/2020 - 19:20:05: Server cvar "mp_round_infinite" = "0"
L 01/02/2020 - 19:20:05: Server cvar "mp_round_restart_delay" = "5"
L 01/02/2020 - 19:20:05: Server cvar "mp_roundover" = "0"
L 01/02/2020 - 19:20:05: Server cvar "mp_roundtime" = "2.3"
L 01/02/2020 - 19:20:05: Server cvar "mp_show_radioicon" = "1"
L 01/02/2020 - 19:20:05: Server cvar "mp_startmoney" = "850"
L 01/02/2020 - 19:20:05: Server cvar "mp_timeleft" = "00:00"
L 01/02/2020 - 19:20:05: Server cvar "mp_timelimit" = "10.000000"
L 01/02/2020 - 19:20:05: Server cvar "mp_tkpunish" = "0"
L 01/02/2020 - 19:20:05: Server cvar "mp_windifference" = "1"
L 01/02/2020 - 19:20:05: Server cvar "mp_winlimit" = "0"
L 01/02/2020 - 19:20:05: Server cvar "NoWeaponsOnGround" = "1.0"
L 01/02/2020 - 19:20:05: Server cvar "pausable" = "0"
L 01/02/2020 - 19:20:05: Server cvar "present_version" = "2.01"
L 01/02/2020 - 19:20:05: Server cvar "RandomHP" = "2.2"
L 01/02/2020 - 19:20:05: Server cvar "reauthcheck_version" = "0.1.6"
L 01/02/2020 - 19:20:05: Server cvar "reconnect_features" = "0.3.1"
L 01/02/2020 - 19:20:05: Server cvar "report_system_version" = "3.1"
L 01/02/2020 - 19:20:05: Server cvar "resemiclip_version" = "2.3.9"
L 01/02/2020 - 19:20:05: Server cvar "reu_version" = "0.1.0.130"
L 01/02/2020 - 19:20:05: Server cvar "revoice_version" = "0.1.0.30"
L 01/02/2020 - 19:20:05: Server cvar "sanksounds_version" = "1.8.6"
L 01/02/2020 - 19:20:05: Server cvar "SimpleMenu" = "1.1"
L 01/02/2020 - 19:20:05: Server cvar "SNAC_Version" = "1.1"
L 01/02/2020 - 19:20:05: Server cvar "SpecList" = "1.2a"
L 01/02/2020 - 19:20:05: Server cvar "sr_version" = "1.6"
L 01/02/2020 - 19:20:05: Server cvar "statsx_shell_ver" = "2.0.0 (BETA)"
L 01/02/2020 - 19:20:05: Server cvar "StyleC4Timer" = "2.1"
L 01/02/2020 - 19:20:05: Server cvar "sv_accelerate" = "5"
L 01/02/2020 - 19:20:05: Server cvar "sv_aim" = "1"
L 01/02/2020 - 19:20:05: Server cvar "sv_airaccelerate" = "100"
L 01/02/2020 - 19:20:05: Server cvar "sv_allowupload" = "1"
L 01/02/2020 - 19:20:05: Server cvar "sv_alltalk" = "1"
L 01/02/2020 - 19:20:05: Server cvar "sv_bounce" = "1"
L 01/02/2020 - 19:20:05: Server cvar "sv_cheats" = "0"
L 01/02/2020 - 19:20:05: Server cvar "sv_clienttrace" = "1"
L 01/02/2020 - 19:20:05: Server cvar "sv_contact" = "feruchio599@gmail.com"
L 01/02/2020 - 19:20:05: Server cvar "sv_friction" = "4"
L 01/02/2020 - 19:20:05: Server cvar "sv_gravity" = "800"
L 01/02/2020 - 19:20:05: Server cvar "sv_logblocks" = "0"
L 01/02/2020 - 19:20:05: Server cvar "sv_maxrate" = "50000"
L 01/02/2020 - 19:20:05: Server cvar "sv_maxspeed" = "320.000000"
L 01/02/2020 - 19:20:05: Server cvar "sv_minrate" = "10000"
L 01/02/2020 - 19:20:05: Server cvar "sv_password" = ""
L 01/02/2020 - 19:20:05: Server cvar "sv_proxies" = "1"
L 01/02/2020 - 19:20:05: Server cvar "sv_restart" = "0"
L 01/02/2020 - 19:20:05: Server cvar "sv_restartround" = "0"
L 01/02/2020 - 19:20:05: Server cvar "sv_stepsize" = "18"
L 01/02/2020 - 19:20:05: Server cvar "sv_stopspeed" = "75"
L 01/02/2020 - 19:20:05: Server cvar "sv_uploadmax" = "0.5"
L 01/02/2020 - 19:20:05: Server cvar "sv_version" = "1.1.2.7/Stdio,48,1621"
L 01/02/2020 - 19:20:05: Server cvar "sv_voiceenable" = "1"
L 01/02/2020 - 19:20:05: Server cvar "sv_wateraccelerate" = "10"
L 01/02/2020 - 19:20:05: Server cvar "sv_waterfriction" = "1"
L 01/02/2020 - 19:20:05: Server cvar "Team_Semiclip_version" = "3.3.1"
L 01/02/2020 - 19:20:05: Server cvar "vehicle_real_killer" = "1.1"
L 01/02/2020 - 19:20:05: Server cvar "WalkGuard" = "1.3.2"
L 01/02/2020 - 19:20:05: Server cvar "we_grenades" = "Huehue"
L 01/02/2020 - 19:20:05: Server cvar "we_player_models" = "Huehue"
L 01/02/2020 - 19:20:05: Server cvar "whb_version" = "1.5.692"
L 01/02/2020 - 19:20:05: Server cvar "zp_jp_version" = "Extra Item Jetpack+Bazooka v3.2"
L 01/02/2020 - 19:20:05: Server cvars end
L 01/02/2020 - 19:20:07: Server cvar "sv_maxspeed" = "900"
L 01/02/2020 - 19:20:07: Server cvar "mp_autoteambalance" = "1"
L 01/02/2020 - 19:20:07: Server cvar "mp_buytime" = "0.25"
L 01/02/2020 - 19:20:07: Server cvar "mp_timelimit" = "20"
L 01/02/2020 - 19:20:08: Server cvar "RRWM" = "2.0"
L 01/02/2020 - 19:20:08: Server cvar "mp_autoteambalance" = "0"
L 01/02/2020 - 19:20:08: Server cvar "mp_limitteams" = "0"
L 01/02/2020 - 19:20:08: Server cvar "amx_nextmap" = "[not yet voted on]"
L 01/02/2020 - 19:20:09: Started map "bridge" (CRC "980118759")
L 01/02/2020 - 19:20:11: World triggered "Round_Start"
L 01/02/2020 - 19:20:13: "W.T.F |NeaDekvaTen<3><STEAM_2:1:24722080><>" entered the game
L 01/02/2020 - 19:20:17: "W.T.F |NeaDekvaTen<3><STEAM_2:1:24722080><>" joined team "CT"
L 01/02/2020 - 19:21:29: "W.T.F |NeaDekvaTen<3><STEAM_2:1:24722080><CT>" disconnected
L 01/02/2020 - 19:21:29: World triggered "Round_Draw" (CT "0") (T "0")
L 01/02/2020 - 19:21:29: World triggered "Round_End"
L 01/02/2020 - 19:21:35: World triggered "Round_Start"
L 01/02/2020 - 19:22:20: [REUNION]: BAD BOY (178.169.239.222) authorized as RevEmu
L 01/02/2020 - 19:22:20: "BAD BOY<4><STEAM_1:1:175462098><>" connected, address "178.169.239.222:27005"
L 01/02/2020 - 19:22:23: [REUNION]: BAD BOY (178.169.239.222) authorized as RevEmu
L 01/02/2020 - 19:22:23: "BAD BOY<5><STEAM_1:1:175462098><>" connected, address "178.169.239.222:27005"
L 01/02/2020 - 19:22:24: [REUNION]: Mr.Knife (87.243.101.181) authorized as RevEmu
L 01/02/2020 - 19:22:24: "Mr.Knife<6><STEAM_1:1:1973042010><>" connected, address "87.243.101.181:27005"
L 01/02/2020 - 19:22:27: "Mr.Knife<6><STEAM_1:1:1973042010><>" entered the game
L 01/02/2020 - 19:22:32: "Mr.Knife<6><STEAM_1:1:1973042010><>" joined team "CT"
L 01/02/2020 - 19:22:37: "Mr.Knife<6><STEAM_1:1:1973042010><CT>" committed suicide with "world"
L 01/02/2020 - 19:22:37: World triggered "Round_Draw" (CT "0") (T "0")
L 01/02/2020 - 19:22:37: World triggered "Round_End"
L 01/02/2020 - 19:22:37: "Mr.Knife<6><STEAM_1:1:1973042010><CT>" joined team "TERRORIST"
L 01/02/2020 - 19:22:41: "BAD BOY<5><STEAM_1:1:175462098><>" entered the game
L 01/02/2020 - 19:22:43: World triggered "Round_Start"
L 01/02/2020 - 19:22:59: "-=[szurikáták]=-RoBIKa<7><STEAM_0:1:100284847><>" connected, address "62.165.225.249:32608"
L 01/02/2020 - 19:22:59: "-=[szurikáták]=-RoBIKa<7><STEAM_0:1:100284847><>" STEAM USERID validated
L 01/02/2020 - 19:23:03: "-=[szurikáták]=-  Kormi<8><STEAM_0:1:109001554><>" connected, address "84.225.212.96:48381"
L 01/02/2020 - 19:23:03: "-=[szurikáták]=-  Kormi<8><STEAM_0:1:109001554><>" STEAM USERID validated
L 01/02/2020 - 19:23:20: "-=[szurikáták]=-  Kormi<9><STEAM_0:1:109001554><>" connected, address "84.225.212.96:48381"
L 01/02/2020 - 19:23:20: "-=[szurikáták]=-  Kormi<9><STEAM_0:1:109001554><>" STEAM USERID validated
L 01/02/2020 - 19:23:22: "-=[szurikáták]=-RoBIKa<10><STEAM_0:1:100284847><>" connected, address "62.165.225.249:32608"
L 01/02/2020 - 19:23:23: "-=[szurikáták]=-RoBIKa<10><STEAM_0:1:100284847><>" STEAM USERID validated
L 01/02/2020 - 19:23:31: "-=[szurikáták]=-  Kormi<9><STEAM_0:1:109001554><>" entered the game
L 01/02/2020 - 19:23:35: "-=[szurikáták]=-RoBIKa<10><STEAM_0:1:100284847><>" entered the game
L 01/02/2020 - 19:23:36: "BAD BOY<5><STEAM_1:1:175462098><>" joined team "SPECTATOR"
L 01/02/2020 - 19:23:40: "-=[szurikáták]=-  Kormi<9><STEAM_0:1:109001554><>" joined team "CT"
L 01/02/2020 - 19:23:41: World triggered "Game_Commencing"
L 01/02/2020 - 19:23:41: World triggered "Game_Commencing" (CT "0") (T "0")
L 01/02/2020 - 19:23:41: World triggered "Round_End"
L 01/02/2020 - 19:23:45: World triggered "Round_Start"
L 01/02/2020 - 19:23:55: "-=[szurikáták]=-RoBIKa<10><STEAM_0:1:100284847><>" joined team "CT"
L 01/02/2020 - 19:24:25: "Mr.Knife<6><STEAM_1:1:1973042010><TERRORIST>" killed "-=[szurikáták]=-RoBIKa<10><STEAM_0:1:100284847><CT>" with "mp5navy"
L 01/02/2020 - 19:24:34: "-=[szurikáták]=-  Kormi<9><STEAM_0:1:109001554><CT>" killed "Mr.Knife<6><STEAM_1:1:1973042010><TERRORIST>" with "m3"
L 01/02/2020 - 19:24:34: Team "CT" triggered "CTs_Win" (CT "1") (T "0")
L 01/02/2020 - 19:24:34: World triggered "Round_End"
L 01/02/2020 - 19:24:40: World triggered "Round_Start"
L 01/02/2020 - 19:25:17: [REUNION]: robiin (212.233.134.230) authorized as NoSteam47
L 01/02/2020 - 19:25:17: "robiin<11><VALVE_ID_LAN><>" connected, address "212.233.134.230:27005"
L 01/02/2020 - 19:25:24: "Mr.Knife<6><STEAM_1:1:1973042010><TERRORIST>" killed "-=[szurikáták]=-RoBIKa<10><STEAM_0:1:100284847><CT>" with "xm1014"
L 01/02/2020 - 19:25:27: "-=[szurikáták]=-  Kormi<9><STEAM_0:1:109001554><CT>" killed "Mr.Knife<6><STEAM_1:1:1973042010><TERRORIST>" with "m3"
L 01/02/2020 - 19:25:27: Team "CT" triggered "CTs_Win" (CT "2") (T "0")
L 01/02/2020 - 19:25:27: World triggered "Round_End"
L 01/02/2020 - 19:25:32: "-=[szurikáták]=-  Kormi<9><STEAM_0:1:109001554><CT>" joined team "TERRORIST"
L 01/02/2020 - 19:25:32: "<><><>" triggered "amx_chat" (text "[PTB] Transfered -=[szurikáták]=-  Kormi to TERRORIST")
L 01/02/2020 - 19:25:32: [REUNION]: robiin (212.233.134.230) authorized as NoSteam47
L 01/02/2020 - 19:25:32: "robiin<12><VALVE_ID_LAN><>" connected, address "212.233.134.230:27005"
L 01/02/2020 - 19:25:33: World triggered "Round_Start"
L 01/02/2020 - 19:25:40: "BAD BOY<5><STEAM_1:1:175462098><SPECTATOR>" joined team "CT"
L 01/02/2020 - 19:25:42: "robiin<12><VALVE_ID_LAN><>" entered the game
L 01/02/2020 - 19:25:54: "robiin<12><VALVE_ID_LAN><>" joined team "TERRORIST"
L 01/02/2020 - 19:25:58: "-=[szurikáták]=-RoBIKa<10><STEAM_0:1:100284847><CT>" killed "-=[szurikáták]=-  Kormi<9><STEAM_0:1:109001554><TERRORIST>" with "mp5navy"
L 01/02/2020 - 19:26:15: "-=[szurikáták]=-RoBIKa<10><STEAM_0:1:100284847><CT>" killed "Mr.Knife<6><STEAM_1:1:1973042010><TERRORIST>" with "mp5navy"
L 01/02/2020 - 19:26:15: Team "CT" triggered "CTs_Win" (CT "3") (T "0")
L 01/02/2020 - 19:26:15: World triggered "Round_End"
L 01/02/2020 - 19:26:19: "Mr.Knife<6><STEAM_1:1:1973042010><TERRORIST>" joined team "CT"
L 01/02/2020 - 19:26:19: "<><><>" triggered "amx_chat" (text "[PTB] Transfered Mr.Knife to CT")
L 01/02/2020 - 19:26:20: "Mr.Knife<6><STEAM_1:1:1973042010><CT>" joined team "CT"
L 01/02/2020 - 19:26:21: World triggered "Round_Start"
L 01/02/2020 - 19:27:04: "BAD BOY<5><STEAM_1:1:175462098><CT>" killed "-=[szurikáták]=-  Kormi<9><STEAM_0:1:109001554><TERRORIST>" with "m3"
L 01/02/2020 - 19:27:14: [REUNION]: IcemaN (93.155.150.189) authorized as NoSteam47
L 01/02/2020 - 19:27:14: "IcemaN<13><VALVE_ID_LAN><>" connected, address "93.155.150.189:28029"
L 01/02/2020 - 19:27:17: [REUNION]: IcemaN (93.155.150.189) authorized as NoSteam47
L 01/02/2020 - 19:27:17: "IcemaN<14><VALVE_ID_LAN><>" connected, address "93.155.150.189:28029"
L 01/02/2020 - 19:27:23: "BAD BOY<5><STEAM_1:1:175462098><CT>" killed "robiin<12><VALVE_ID_LAN><TERRORIST>" with "m3"
L 01/02/2020 - 19:27:23: Team "CT" triggered "CTs_Win" (CT "4") (T "0")
L 01/02/2020 - 19:27:23: World triggered "Round_End"
L 01/02/2020 - 19:27:27: "-=[szurikáták]=-RoBIKa<10><STEAM_0:1:100284847><CT>" joined team "TERRORIST"
L 01/02/2020 - 19:27:27: "<><><>" triggered "amx_chat" (text "[PTB] Transfered -=[szurikáták]=-RoBIKa to TERRORIST")
L 01/02/2020 - 19:27:28: "IcemaN<14><VALVE_ID_LAN><>" entered the game
L 01/02/2020 - 19:27:29: World triggered "Round_Start"
L 01/02/2020 - 19:27:39: "IcemaN<14><VALVE_ID_LAN><>" joined team "CT"
L 01/02/2020 - 19:27:43: "IcemaN<14><VALVE_ID_LAN><CT>" disconnected
L 01/02/2020 - 19:27:47: "-=[szurikáták]=-RoBIKa<10><STEAM_0:1:100284847><TERRORIST>" killed "BAD BOY<5><STEAM_1:1:175462098><CT>" with "mp5navy"
L 01/02/2020 - 19:27:55: "-=[szurikáták]=-  Kormi<9><STEAM_0:1:109001554><TERRORIST>" killed "Mr.Knife<6><STEAM_1:1:1973042010><CT>" with "m3"
L 01/02/2020 - 19:27:55: Team "TERRORIST" triggered "Terrorists_Win" (CT "4") (T "1")
L 01/02/2020 - 19:27:55: World triggered "Round_End"
L 01/02/2020 - 19:28:01: World triggered "Round_Start"
L 01/02/2020 - 19:28:18: "Mr.Knife<6><STEAM_1:1:1973042010><CT>" killed "-=[szurikáták]=-  Kormi<9><STEAM_0:1:109001554><TERRORIST>" with "xm1014"
L 01/02/2020 - 19:28:27: "Mr.Knife<6><STEAM_1:1:1973042010><CT>" killed "robiin<12><VALVE_ID_LAN><TERRORIST>" with "xm1014"
L 01/02/2020 - 19:28:34: "BAD BOY<5><STEAM_1:1:175462098><CT>" killed "-=[szurikáták]=-RoBIKa<10><STEAM_0:1:100284847><TERRORIST>" with "m3"
L 01/02/2020 - 19:28:34: Team "CT" triggered "CTs_Win" (CT "5") (T "1")
L 01/02/2020 - 19:28:34: World triggered "Round_End"
L 01/02/2020 - 19:28:40: World triggered "Round_Start"
L 01/02/2020 - 19:28:57: "BAD BOY<5><STEAM_1:1:175462098><CT>" killed "robiin<12><VALVE_ID_LAN><TERRORIST>" with "m3"
L 01/02/2020 - 19:29:00: "robiin<12><VALVE_ID_LAN><TERRORIST>" disconnected
L 01/02/2020 - 19:29:03: "-=[szurikáták]=-  Kormi<9><STEAM_0:1:109001554><TERRORIST>" killed "Mr.Knife<6><STEAM_1:1:1973042010><CT>" with "xm1014"
L 01/02/2020 - 19:29:08: "-=[szurikáták]=-  Kormi<9><STEAM_0:1:109001554><TERRORIST>" killed "BAD BOY<5><STEAM_1:1:175462098><CT>" with "xm1014"
L 01/02/2020 - 19:29:08: Team "TERRORIST" triggered "Terrorists_Win" (CT "5") (T "2")
L 01/02/2020 - 19:29:08: World triggered "Round_End"
L 01/02/2020 - 19:29:14: World triggered "Round_Start"
L 01/02/2020 - 19:29:32: "BAD BOY<5><STEAM_1:1:175462098><CT>" killed "-=[szurikáták]=-  Kormi<9><STEAM_0:1:109001554><TERRORIST>" with "m3"
L 01/02/2020 - 19:29:37: "Mr.Knife<6><STEAM_1:1:1973042010><CT>" killed "-=[szurikáták]=-RoBIKa<10><STEAM_0:1:100284847><TERRORIST>" with "xm1014"
L 01/02/2020 - 19:29:37: Team "CT" triggered "CTs_Win" (CT "6") (T "2")
L 01/02/2020 - 19:29:37: World triggered "Round_End"
L 01/02/2020 - 19:29:43: World triggered "Round_Start"
L 01/02/2020 - 19:30:05: "BAD BOY<5><STEAM_1:1:175462098><CT>" killed "-=[szurikáták]=-  Kormi<9><STEAM_0:1:109001554><TERRORIST>" with "m3"
L 01/02/2020 - 19:30:13: "-=[szurikáták]=-RoBIKa<10><STEAM_0:1:100284847><TERRORIST>" killed "Mr.Knife<6><STEAM_1:1:1973042010><CT>" with "mp5navy"
L 01/02/2020 - 19:30:43: "BAD BOY<5><STEAM_1:1:175462098><CT>" killed "-=[szurikáták]=-RoBIKa<10><STEAM_0:1:100284847><TERRORIST>" with "m3"
L 01/02/2020 - 19:30:43: Team "CT" triggered "CTs_Win" (CT "7") (T "2")
L 01/02/2020 - 19:30:43: World triggered "Round_End"
L 01/02/2020 - 19:30:48: "Mr.Knife<6><STEAM_1:1:1973042010><CT>" joined team "TERRORIST"
L 01/02/2020 - 19:30:48: "<><><>" triggered "amx_chat" (text "[PTB] Transfered Mr.Knife to TERRORIST")
L 01/02/2020 - 19:30:49: World triggered "Round_Start"
L 01/02/2020 - 19:31:22: [REUNION]: IP 193.42.110.171 banned for 10 minutes for query flooding (PPS: 330)
L 01/02/2020 - 19:31:41: [REUNION]: sake (178.236.86.52) authorized as RevEmu
L 01/02/2020 - 19:31:41: "sake<15><STEAM_1:0:1906787367><>" connected, address "178.236.86.52:27005"
L 01/02/2020 - 19:31:42: "-=[szurikáták]=-RoBIKa<10><STEAM_0:1:100284847><TERRORIST>" killed "BAD BOY<5><STEAM_1:1:175462098><CT>" with "m3"
L 01/02/2020 - 19:31:42: Team "TERRORIST" triggered "Terrorists_Win" (CT "7") (T "3")
L 01/02/2020 - 19:31:42: World triggered "Round_End"
L 01/02/2020 - 19:31:47: "-=[szurikáták]=-RoBIKa<10><STEAM_0:1:100284847><TERRORIST>" joined team "CT"
L 01/02/2020 - 19:31:47: "<><><>" triggered "amx_chat" (text "[PTB] Transfered -=[szurikáták]=-RoBIKa to CT")
L 01/02/2020 - 19:31:47: "Mr.Knife<6><STEAM_1:1:1973042010><TERRORIST>" committed suicide with "world"
L 01/02/2020 - 19:31:47: "Mr.Knife<6><STEAM_1:1:1973042010><TERRORIST>" joined team "CT"
L 01/02/2020 - 19:31:48: World triggered "Round_Start"
L 01/02/2020 - 19:31:49: "sake<15><STEAM_1:0:1906787367><>" entered the game
L 01/02/2020 - 19:31:52: "sake<15><STEAM_1:0:1906787367><>" joined team "TERRORIST"
L 01/02/2020 - 19:32:07: "Mr.Knife<6><STEAM_1:1:1973042010><CT>" killed "sake<15><STEAM_1:0:1906787367><TERRORIST>" with "xm1014"
L 01/02/2020 - 19:32:12: "-=[szurikáták]=-  Kormi<9><STEAM_0:1:109001554><TERRORIST>" killed "-=[szurikáták]=-RoBIKa<10><STEAM_0:1:100284847><CT>" with "m3"
L 01/02/2020 - 19:32:16: "-=[szurikáták]=-  Kormi<9><STEAM_0:1:109001554><TERRORIST>" killed "Mr.Knife<6><STEAM_1:1:1973042010><CT>" with "m3"
L 01/02/2020 - 19:32:17: "BAD BOY<5><STEAM_1:1:175462098><CT>" killed "-=[szurikáták]=-  Kormi<9><STEAM_0:1:109001554><TERRORIST>" with "usp"
L 01/02/2020 - 19:32:17: Team "CT" triggered "CTs_Win" (CT "8") (T "3")
L 01/02/2020 - 19:32:17: World triggered "Round_End"
L 01/02/2020 - 19:32:21: "BAD BOY<5><STEAM_1:1:175462098><CT>" joined team "TERRORIST"
L 01/02/2020 - 19:32:21: "<><><>" triggered "amx_chat" (text "[PTB] Transfered BAD BOY to TERRORIST")
L 01/02/2020 - 19:32:23: World triggered "Round_Start"
L 01/02/2020 - 19:32:30: [REUNION]: Pasiciulpk. (78.58.186.144) authorized as RevEmu
L 01/02/2020 - 19:32:30: "Pasiciulpk.<16><STEAM_2:1:336787817><>" connected, address "78.58.186.144:27005"
L 01/02/2020 - 19:32:37: "BAD BOY<5><STEAM_1:1:175462098><TERRORIST>" killed "-=[szurikáták]=-RoBIKa<10><STEAM_0:1:100284847><CT>" with "m3"
L 01/02/2020 - 19:32:37: "sake<15><STEAM_1:0:1906787367><TERRORIST>" killed "Mr.Knife<6><STEAM_1:1:1973042010><CT>" with "m3"
L 01/02/2020 - 19:32:37: Team "TERRORIST" triggered "Terrorists_Win" (CT "8") (T "4")
L 01/02/2020 - 19:32:37: World triggered "Round_End"
L 01/02/2020 - 19:32:41: "-=[szurikáták]=-  Kormi<9><STEAM_0:1:109001554><TERRORIST>" committed suicide with "world"
L 01/02/2020 - 19:32:41: "-=[szurikáták]=-  Kormi<9><STEAM_0:1:109001554><TERRORIST>" joined team "CT"
L 01/02/2020 - 19:32:42: "Mr.Knife<6><STEAM_1:1:1973042010><CT>" joined team "CT"
L 01/02/2020 - 19:32:43: [REUNION]: Pasiciulpk. (78.58.186.144) authorized as RevEmu
L 01/02/2020 - 19:32:43: "Pasiciulpk.<17><STEAM_2:1:336787817><>" connected, address "78.58.186.144:27005"
L 01/02/2020 - 19:32:43: World triggered "Round_Start"
L 01/02/2020 - 19:33:00: "sake<15><STEAM_1:0:1906787367><TERRORIST>" killed "-=[szurikáták]=-RoBIKa<10><STEAM_0:1:100284847><CT>" with "p90"
L 01/02/2020 - 19:33:00: "BAD BOY<5><STEAM_1:1:175462098><TERRORIST>" killed "Mr.Knife<6><STEAM_1:1:1973042010><CT>" with "p90"
L 01/02/2020 - 19:33:03: "Mr.Knife<6><STEAM_1:1:1973042010><CT>" joined team "TERRORIST"
L 01/02/2020 - 19:33:15: "BAD BOY<5><STEAM_1:1:175462098><TERRORIST>" killed "-=[szurikáták]=-  Kormi<9><STEAM_0:1:109001554><CT>" with "grenade"
L 01/02/2020 - 19:33:15: Team "TERRORIST" triggered "Terrorists_Win" (CT "8") (T "5")
L 01/02/2020 - 19:33:15: World triggered "Round_End"
L 01/02/2020 - 19:33:21: World triggered "Round_Start"
L 01/02/2020 - 19:33:31: "sake<15><STEAM_1:0:1906787367><TERRORIST>" killed "-=[szurikáták]=-RoBIKa<10><STEAM_0:1:100284847><CT>" with "p90"
L 01/02/2020 - 19:33:34: "BAD BOY<5><STEAM_1:1:175462098><TERRORIST>" killed "-=[szurikáták]=-  Kormi<9><STEAM_0:1:109001554><CT>" with "p90"
L 01/02/2020 - 19:33:34: Team "TERRORIST" triggered "Terrorists_Win" (CT "8") (T "6")
L 01/02/2020 - 19:33:34: World triggered "Round_End"
L 01/02/2020 - 19:33:37: "Pasiciulpk.<17><STEAM_2:1:336787817><>" entered the game
L 01/02/2020 - 19:33:38: "BAD BOY<5><STEAM_1:1:175462098><TERRORIST>" joined team "CT"
L 01/02/2020 - 19:33:38: "<><><>" triggered "amx_chat" (text "[PTB] Transfered BAD BOY to CT")
L 01/02/2020 - 19:33:40: World triggered "Round_Start"
L 01/02/2020 - 19:33:42: "Pasiciulpk.<17><STEAM_2:1:336787817><>" joined team "TERRORIST"
L 01/02/2020 - 19:33:49: "sake<15><STEAM_1:0:1906787367><TERRORIST>" killed "-=[szurikáták]=-  Kormi<9><STEAM_0:1:109001554><CT>" with "p90"
L 01/02/2020 - 19:33:52: "sake<15><STEAM_1:0:1906787367><TERRORIST>" killed "-=[szurikáták]=-RoBIKa<10><STEAM_0:1:100284847><CT>" with "p90"
L 01/02/2020 - 19:33:54: "-=[szurikáták]=-RoBIKa<10><STEAM_0:1:100284847><CT>" disconnected
L 01/02/2020 - 19:33:55: "-=[szurikáták]=-  Kormi<9><STEAM_0:1:109001554><CT>" disconnected
L 01/02/2020 - 19:34:03: "BAD BOY<5><STEAM_1:1:175462098><CT>" killed "Pasiciulpk.<17><STEAM_2:1:336787817><TERRORIST>" with "p90"
L 01/02/2020 - 19:34:21: "BAD BOY<5><STEAM_1:1:175462098><CT>" killed "Mr.Knife<6><STEAM_1:1:1973042010><TERRORIST>" with "p90"
L 01/02/2020 - 19:34:25: "Mr.Knife<6><STEAM_1:1:1973042010><TERRORIST>" joined team "CT"
L 01/02/2020 - 19:34:59: "BAD BOY<5><STEAM_1:1:175462098><CT>" killed "sake<15><STEAM_1:0:1906787367><TERRORIST>" with "usp"
L 01/02/2020 - 19:34:59: Team "CT" triggered "CTs_Win" (CT "9") (T "6")
L 01/02/2020 - 19:34:59: World triggered "Round_End"
L 01/02/2020 - 19:35:01: [REUNION]: FIKIT (95.68.198.58) authorized as RevEmu
L 01/02/2020 - 19:35:01: "FIKIT<18><STEAM_2:0:1051435973><>" connected, address "95.68.198.58:27005"
L 01/02/2020 - 19:35:04: [REUNION]: Player (5.178.87.52) authorized as RevEmu
L 01/02/2020 - 19:35:04: "Player<19><STEAM_2:1:1822192329><>" connected, address "5.178.87.52:57333"
L 01/02/2020 - 19:35:05: World triggered "Round_Start"
L 01/02/2020 - 19:35:29: "BAD BOY<5><STEAM_1:1:175462098><CT>" killed "sake<15><STEAM_1:0:1906787367><TERRORIST>" with "usp"
L 01/02/2020 - 19:35:45: "BAD BOY<5><STEAM_1:1:175462098><CT>" killed "Pasiciulpk.<17><STEAM_2:1:336787817><TERRORIST>" with "m3"
L 01/02/2020 - 19:35:45: Team "CT" triggered "CTs_Win" (CT "10") (T "6")
L 01/02/2020 - 19:35:45: World triggered "Round_End"
L 01/02/2020 - 19:35:51: World triggered "Round_Start"
L 01/02/2020 - 19:35:53: Server cvar "amx_nextmap" = "Cb_Tanks"
L 01/02/2020 - 19:36:01: "sake<15><STEAM_1:0:1906787367><TERRORIST>" killed "BAD BOY<5><STEAM_1:1:175462098><CT>" with "m3"
L 01/02/2020 - 19:36:07: "sake<15><STEAM_1:0:1906787367><TERRORIST>" killed "Mr.Knife<6><STEAM_1:1:1973042010><CT>" with "m3"
L 01/02/2020 - 19:36:07: Team "TERRORIST" triggered "Terrorists_Win" (CT "10") (T "7")
L 01/02/2020 - 19:36:07: World triggered "Round_End"
L 01/02/2020 - 19:36:13: World triggered "Round_Start"
L 01/02/2020 - 19:36:13: Server cvar "sv_maxspeed" = "0.000000"
L 01/02/2020 - 19:36:13: Server cvar "mp_friendlyfire" = "1"
L 01/02/2020 - 19:36:17: "Mr.Knife<6><STEAM_1:1:1973042010><CT>" killed "BAD BOY<5><STEAM_1:1:175462098><CT>" with "ump45"
L 01/02/2020 - 19:36:24: Server cvar "sv_maxspeed" = "900.000000"
L 01/02/2020 - 19:36:24: Server cvar "mp_friendlyfire" = "0"
L 01/02/2020 - 19:36:24: [META] ini: Begin re-reading plugins list: /home/rented/public9/cstrike/addons/metamod/plugins.ini
L 01/02/2020 - 19:36:24: [META] ini: Read plugin config for: SafeNameAndChat
L 01/02/2020 - 19:36:24: [META] ini: Read plugin config for: AMX Mod X
L 01/02/2020 - 19:36:24: [META] ini: Read plugin config for: Reunion
L 01/02/2020 - 19:36:24: [META] ini: Read plugin config for: ReAuthCheck
L 01/02/2020 - 19:36:24: [META] ini: Read plugin config for: WHBlocker
L 01/02/2020 - 19:36:24: [META] ini: Read plugin config for: ReSemiclip
L 01/02/2020 - 19:36:24: [META] ini: Read plugin config for: Revoice
L 01/02/2020 - 19:36:24: [META] ini: Finished reading plugins list: /home/rented/public9/cstrike/addons/metamod/plugins.ini; Found 7 plugins
L 01/02/2020 - 19:36:24: [META] dll: Updating plugins...
L 01/02/2020 - 19:36:24: [META] WARNING: Cannot clear plugin 'SafeNameAndChat'; not marked as failed, empty, or open (status=valid)
L 01/02/2020 - 19:36:24: [META] dll: Unloaded plugin 'SafeNameAndChat' for reason 'file on disk is newer'
L 01/02/2020 - 19:36:24: [META] dll: Loaded plugin 'SafeNameAndChat': SafeNameAndChat v1.1 2017.02.01, WPMG.PRoSToC0der
L 01/02/2020 - 19:36:24: [META] WARNING: Cannot clear plugin 'WHBlocker'; not marked as failed, empty, or open (status=valid)
L 01/02/2020 - 19:36:24: [META] dll: Unloaded plugin 'WHBlocker' for reason 'file on disk is newer'
L 01/02/2020 - 19:36:24: [META] dll: Loaded plugin 'WHBlocker': WHBlocker v1.5.692 2017-04-13, s1lent
L 01/02/2020 - 19:36:24: [META] WARNING: Cannot clear plugin 'ReSemiclip'; not marked as failed, empty, or open (status=valid)
L 01/02/2020 - 19:36:24: [META] dll: Unloaded plugin 'ReSemiclip' for reason 'file on disk is newer'
L 01/02/2020 - 19:36:24: [META] dll: Loaded plugin 'ReSemiclip': ReSemiclip v2.3.9 13/02/17, s1lent & Adidasman
L 01/02/2020 - 19:36:24: [META] dll: Finished updating 14 plugins; kept 0, loaded 0, unloaded 0, reloaded 3, delayed 0
L 01/02/2020 - 19:36:24: "BAD BOY<5><STEAM_1:1:175462098><CT>" disconnected
L 01/02/2020 - 19:36:24: "Mr.Knife<6><STEAM_1:1:1973042010><CT>" disconnected
L 01/02/2020 - 19:36:24: "sake<15><STEAM_1:0:1906787367><TERRORIST>" disconnected
L 01/02/2020 - 19:36:24: "Pasiciulpk.<17><STEAM_2:1:336787817><TERRORIST>" disconnected
L 01/02/2020 - 19:36:24: World triggered "Round_Draw" (CT "10") (T "7")
L 01/02/2020 - 19:36:24: World triggered "Round_End"
L 01/02/2020 - 19:36:24: Log file closed
