L 01/04/2020 - 18:37:05: Log file started (file "logs/L0104064.log") (game "cstrike") (version "48/1.1.2.7/Stdio/1621")
L 01/04/2020 - 18:37:05: Loading map "de_lidl"
L 01/04/2020 - 18:37:05: Server cvars start
L 01/04/2020 - 18:37:05: Server cvar "@BunnyHopper" = "3.x"
L 01/04/2020 - 18:37:05: Server cvar "@CRXGoSpec" = "1.1"
L 01/04/2020 - 18:37:05: Server cvar "@CRXRemoveImmunity" = "1.0"
L 01/04/2020 - 18:37:05: Server cvar "@D.I.C.E." = "1.1"
L 01/04/2020 - 18:37:05: Server cvar "@MOTDCommands" = "1.2"
L 01/04/2020 - 18:37:05: Server cvar "advanced_quake_sounds" = "5.0"
L 01/04/2020 - 18:37:05: Server cvar "AdvancedMute" = "1.0"
L 01/04/2020 - 18:37:05: Server cvar "aesp_version" = "1.3"
L 01/04/2020 - 18:37:05: Server cvar "allow_spectators" = "1.0"
L 01/04/2020 - 18:37:05: Server cvar "amx_client_languages" = "1"
L 01/04/2020 - 18:37:05: Server cvar "amx_language" = "en"
L 01/04/2020 - 18:37:05: Server cvar "amx_nextmap" = "de_lidl"
L 01/04/2020 - 18:37:05: Server cvar "amx_ptb_version" = "1.8b3"
L 01/04/2020 - 18:37:05: Server cvar "amx_timeleft" = "09:29"
L 01/04/2020 - 18:37:05: Server cvar "amxmodx_version" = "1.8.2"
L 01/04/2020 - 18:37:05: Server cvar "amxxbg_vip" = "1.0"
L 01/04/2020 - 18:37:05: Server cvar "asp_version" = "4.5.1"
L 01/04/2020 - 18:37:05: Server cvar "atac_version" = "3.0.1"
L 01/04/2020 - 18:37:05: Server cvar "badcamper_version" = "1.4 beta"
L 01/04/2020 - 18:37:05: Server cvar "blockmaker" = "4.01"
L 01/04/2020 - 18:37:05: Server cvar "c4 timer" = "1.1"
L 01/04/2020 - 18:37:05: Server cvar "coop" = "0"
L 01/04/2020 - 18:37:05: Server cvar "CRXAdminGroups" = "1.0"
L 01/04/2020 - 18:37:05: Server cvar "CRXCommandRestrictions" = "1.0"
L 01/04/2020 - 18:37:05: Server cvar "CRXFastKnife" = "1.0"
L 01/04/2020 - 18:37:05: Server cvar "CRXGametracker" = "2.0"
L 01/04/2020 - 18:37:05: Server cvar "CRXKnifeModels" = "2.5.7"
L 01/04/2020 - 18:37:05: Server cvar "CRXTeamAdvantage" = "1.0"
L 01/04/2020 - 18:37:05: Server cvar "CustomShop" = "4.2"
L 01/04/2020 - 18:37:05: Server cvar "deathmatch" = "1"
L 01/04/2020 - 18:37:05: Server cvar "decalfrequency" = "0"
L 01/04/2020 - 18:37:05: Server cvar "edgefriction" = "2"
L 01/04/2020 - 18:37:05: Server cvar "ers_version" = "2.3c"
L 01/04/2020 - 18:37:05: Server cvar "gagsystem_shoko" = "1.0"
L 01/04/2020 - 18:37:05: Server cvar "gal_mapcyclefile" = "mapcycle.txt"
L 01/04/2020 - 18:37:05: Server cvar "gal_version" = "v5.9.1-926"
L 01/04/2020 - 18:37:05: Server cvar "game_version" = "5.7.0.313-dev"
L 01/04/2020 - 18:37:05: Server cvar "humans_join_team" = "any"
L 01/04/2020 - 18:37:05: Server cvar "jtp10181" = "chute,gore"
L 01/04/2020 - 18:37:05: Server cvar "lawliet" = "ny_RainingSnow"
L 01/04/2020 - 18:37:05: Server cvar "LetitSnow" = "1.0"
L 01/04/2020 - 18:37:05: Server cvar "map_spawns" = "T(16) CT(16)"
L 01/04/2020 - 18:37:05: Server cvar "max_queries_sec" = "3"
L 01/04/2020 - 18:37:05: Server cvar "max_queries_sec_global" = "150"
L 01/04/2020 - 18:37:05: Server cvar "max_queries_window" = "60"
L 01/04/2020 - 18:37:05: Server cvar "mdbBans" = "4.8"
L 01/04/2020 - 18:37:05: Server cvar "metamod_version" = "1.21p37"
L 01/04/2020 - 18:37:05: Server cvar "mp_autokick" = "0"
L 01/04/2020 - 18:37:05: Server cvar "mp_autokick_timeout" = "-1"
L 01/04/2020 - 18:37:05: Server cvar "mp_autoteambalance" = "0"
L 01/04/2020 - 18:37:05: Server cvar "mp_buytime" = "0.25"
L 01/04/2020 - 18:37:05: Server cvar "mp_c4timer" = "35"
L 01/04/2020 - 18:37:05: Server cvar "mp_chattime" = "10.000000"
L 01/04/2020 - 18:37:05: Server cvar "mp_consistency" = "1"
L 01/04/2020 - 18:37:05: Server cvar "mp_fadetoblack" = "0"
L 01/04/2020 - 18:37:05: Server cvar "mp_flashlight" = "1"
L 01/04/2020 - 18:37:05: Server cvar "mp_footsteps" = "1"
L 01/04/2020 - 18:37:05: Server cvar "mp_forcecamera" = "0"
L 01/04/2020 - 18:37:05: Server cvar "mp_forcechasecam" = "0"
L 01/04/2020 - 18:37:05: Server cvar "mp_forcerespawn" = "0"
L 01/04/2020 - 18:37:05: Server cvar "mp_fraglimit" = "0"
L 01/04/2020 - 18:37:05: Server cvar "mp_fragsleft" = "0"
L 01/04/2020 - 18:37:05: Server cvar "mp_freeforall" = "0"
L 01/04/2020 - 18:37:05: Server cvar "mp_freezetime" = "1"
L 01/04/2020 - 18:37:05: Server cvar "mp_friendlyfire" = "0"
L 01/04/2020 - 18:37:05: Server cvar "mp_hostage_hurtable" = "1"
L 01/04/2020 - 18:37:05: Server cvar "mp_hostagepenalty" = "0"
L 01/04/2020 - 18:37:05: Server cvar "mp_item_staytime" = "300"
L 01/04/2020 - 18:37:05: Server cvar "mp_kickpercent" = "0.66"
L 01/04/2020 - 18:37:05: Server cvar "mp_legacy_bombtarget_touch" = "1"
L 01/04/2020 - 18:37:05: Server cvar "mp_limitteams" = "0"
L 01/04/2020 - 18:37:05: Server cvar "mp_logdetail" = "0"
L 01/04/2020 - 18:37:05: Server cvar "mp_logfile" = "1"
L 01/04/2020 - 18:37:05: Server cvar "mp_logmessages" = "1"
L 01/04/2020 - 18:37:05: Server cvar "mp_mapvoteratio" = "0.66"
L 01/04/2020 - 18:37:05: Server cvar "mp_maxmoney" = "999999"
L 01/04/2020 - 18:37:05: Server cvar "mp_maxrounds" = "0"
L 01/04/2020 - 18:37:05: Server cvar "mp_mirrordamage" = "0"
L 01/04/2020 - 18:37:05: Server cvar "mp_old_bomb_defused_sound" = "1"
L 01/04/2020 - 18:37:05: Server cvar "mp_playerid" = "0"
L 01/04/2020 - 18:37:05: Server cvar "mp_respawn_immunitytime" = "0"
L 01/04/2020 - 18:37:05: Server cvar "mp_round_infinite" = "0"
L 01/04/2020 - 18:37:05: Server cvar "mp_round_restart_delay" = "5"
L 01/04/2020 - 18:37:05: Server cvar "mp_roundover" = "0"
L 01/04/2020 - 18:37:05: Server cvar "mp_roundtime" = "2.3"
L 01/04/2020 - 18:37:05: Server cvar "mp_show_radioicon" = "1"
L 01/04/2020 - 18:37:05: Server cvar "mp_startmoney" = "850"
L 01/04/2020 - 18:37:05: Server cvar "mp_timeleft" = "09:29"
L 01/04/2020 - 18:37:05: Server cvar "mp_timelimit" = "20"
L 01/04/2020 - 18:37:05: Server cvar "mp_tkpunish" = "0"
L 01/04/2020 - 18:37:05: Server cvar "mp_windifference" = "1"
L 01/04/2020 - 18:37:05: Server cvar "mp_winlimit" = "0"
L 01/04/2020 - 18:37:05: Server cvar "NoWeaponsOnGround" = "1.0"
L 01/04/2020 - 18:37:05: Server cvar "pausable" = "0"
L 01/04/2020 - 18:37:05: Server cvar "present_version" = "2.01"
L 01/04/2020 - 18:37:05: Server cvar "RandomHP" = "2.2"
L 01/04/2020 - 18:37:05: Server cvar "reauthcheck_version" = "0.1.6"
L 01/04/2020 - 18:37:05: Server cvar "reconnect_features" = "0.3.1"
L 01/04/2020 - 18:37:05: Server cvar "report_system_version" = "3.1"
L 01/04/2020 - 18:37:05: Server cvar "resemiclip_version" = "2.3.9"
L 01/04/2020 - 18:37:05: Server cvar "reu_version" = "0.1.0.130"
L 01/04/2020 - 18:37:05: Server cvar "revoice_version" = "0.1.0.30"
L 01/04/2020 - 18:37:05: Server cvar "RRWM" = "2.0"
L 01/04/2020 - 18:37:05: Server cvar "sanksounds_version" = "1.8.6"
L 01/04/2020 - 18:37:05: Server cvar "SimpleMenu" = "1.1"
L 01/04/2020 - 18:37:05: Server cvar "SNAC_Version" = "1.1"
L 01/04/2020 - 18:37:05: Server cvar "SpecList" = "1.2a"
L 01/04/2020 - 18:37:05: Server cvar "sr_version" = "1.6"
L 01/04/2020 - 18:37:05: Server cvar "statsx_shell_ver" = "2.0.0 (BETA)"
L 01/04/2020 - 18:37:05: Server cvar "StyleC4Timer" = "2.1"
L 01/04/2020 - 18:37:05: Server cvar "sv_accelerate" = "5"
L 01/04/2020 - 18:37:05: Server cvar "sv_aim" = "1"
L 01/04/2020 - 18:37:05: Server cvar "sv_airaccelerate" = "100"
L 01/04/2020 - 18:37:05: Server cvar "sv_allowupload" = "1"
L 01/04/2020 - 18:37:05: Server cvar "sv_alltalk" = "1"
L 01/04/2020 - 18:37:05: Server cvar "sv_bounce" = "1"
L 01/04/2020 - 18:37:05: Server cvar "sv_cheats" = "0"
L 01/04/2020 - 18:37:05: Server cvar "sv_clienttrace" = "1"
L 01/04/2020 - 18:37:05: Server cvar "sv_contact" = "feruchio599@gmail.com"
L 01/04/2020 - 18:37:05: Server cvar "sv_friction" = "4"
L 01/04/2020 - 18:37:05: Server cvar "sv_gravity" = "800"
L 01/04/2020 - 18:37:05: Server cvar "sv_logblocks" = "0"
L 01/04/2020 - 18:37:05: Server cvar "sv_maxrate" = "50000"
L 01/04/2020 - 18:37:05: Server cvar "sv_maxspeed" = "900.000000"
L 01/04/2020 - 18:37:05: Server cvar "sv_minrate" = "10000"
L 01/04/2020 - 18:37:05: Server cvar "sv_password" = ""
L 01/04/2020 - 18:37:05: Server cvar "sv_proxies" = "1"
L 01/04/2020 - 18:37:05: Server cvar "sv_restart" = "0"
L 01/04/2020 - 18:37:05: Server cvar "sv_restartround" = "0"
L 01/04/2020 - 18:37:05: Server cvar "sv_stepsize" = "18"
L 01/04/2020 - 18:37:05: Server cvar "sv_stopspeed" = "75"
L 01/04/2020 - 18:37:05: Server cvar "sv_uploadmax" = "0.5"
L 01/04/2020 - 18:37:05: Server cvar "sv_version" = "1.1.2.7/Stdio,48,1621"
L 01/04/2020 - 18:37:05: Server cvar "sv_voiceenable" = "1"
L 01/04/2020 - 18:37:05: Server cvar "sv_wateraccelerate" = "10"
L 01/04/2020 - 18:37:05: Server cvar "sv_waterfriction" = "1"
L 01/04/2020 - 18:37:05: Server cvar "Team_Semiclip_version" = "3.3.1"
L 01/04/2020 - 18:37:05: Server cvar "vehicle_real_killer" = "1.1"
L 01/04/2020 - 18:37:05: Server cvar "WalkGuard" = "1.3.2"
L 01/04/2020 - 18:37:05: Server cvar "we_grenades" = "Huehue"
L 01/04/2020 - 18:37:05: Server cvar "we_player_models" = "Huehue"
L 01/04/2020 - 18:37:05: Server cvar "whb_version" = "1.5.692"
L 01/04/2020 - 18:37:05: Server cvar "zp_jp_version" = "Extra Item Jetpack+Bazooka v3.2"
L 01/04/2020 - 18:37:05: Server cvars end
L 01/04/2020 - 18:37:08: Server cvar "sv_maxspeed" = "900"
L 01/04/2020 - 18:37:08: Server cvar "mp_autoteambalance" = "1"
L 01/04/2020 - 18:37:08: Server cvar "mp_autoteambalance" = "0"
L 01/04/2020 - 18:37:08: Server cvar "amx_nextmap" = "[not yet voted on]"
L 01/04/2020 - 18:37:10: Started map "de_lidl" (CRC "-830416388")
L 01/04/2020 - 18:37:11: World triggered "Round_Start"
L 01/04/2020 - 18:37:14: "*Mr.Bombastic*<142><STEAM_1:1:25228615><>" entered the game
L 01/04/2020 - 18:37:14: "Mr.Knife<140><STEAM_1:1:1973042010><>" entered the game
L 01/04/2020 - 18:37:14: "BAD BOY<141><STEAM_1:1:175462098><>" entered the game
L 01/04/2020 - 18:37:16: "HuNt3r<143><STEAM_1:1:1071071391><>" entered the game
L 01/04/2020 - 18:37:18: "*Mr.Bombastic*<142><STEAM_1:1:25228615><>" joined team "CT"
L 01/04/2020 - 18:37:19: "BAD BOY<141><STEAM_1:1:175462098><>" joined team "TERRORIST"
L 01/04/2020 - 18:37:19: World triggered "Game_Commencing"
L 01/04/2020 - 18:37:19: World triggered "Game_Commencing" (CT "0") (T "0")
L 01/04/2020 - 18:37:19: World triggered "Round_End"
L 01/04/2020 - 18:37:21: "Mr.Knife<140><STEAM_1:1:1973042010><>" joined team "TERRORIST"
L 01/04/2020 - 18:37:22: "BAD BOY<141><STEAM_1:1:175462098><TERRORIST>" triggered "Spawned_With_The_Bomb"
L 01/04/2020 - 18:37:23: World triggered "Round_Start"
L 01/04/2020 - 18:37:23: "HuNt3r<143><STEAM_1:1:1071071391><>" joined team "TERRORIST"
L 01/04/2020 - 18:37:40: "BAD BOY<141><STEAM_1:1:175462098><TERRORIST>" killed "*Mr.Bombastic*<142><STEAM_1:1:25228615><CT>" with "deagle"
L 01/04/2020 - 18:37:40: Team "TERRORIST" triggered "Terrorists_Win" (CT "0") (T "1")
L 01/04/2020 - 18:37:40: World triggered "Round_End"
L 01/04/2020 - 18:37:45: "BAD BOY<141><STEAM_1:1:175462098><TERRORIST>" triggered "Spawned_With_The_Bomb"
L 01/04/2020 - 18:37:46: World triggered "Round_Start"
L 01/04/2020 - 18:37:59: "BAD BOY<141><STEAM_1:1:175462098><TERRORIST>" killed "*Mr.Bombastic*<142><STEAM_1:1:25228615><CT>" with "ump45"
L 01/04/2020 - 18:37:59: Team "TERRORIST" triggered "Terrorists_Win" (CT "0") (T "2")
L 01/04/2020 - 18:37:59: World triggered "Round_End"
L 01/04/2020 - 18:38:04: "BAD BOY<141><STEAM_1:1:175462098><TERRORIST>" joined team "CT"
L 01/04/2020 - 18:38:04: "<><><>" triggered "amx_chat" (text "[PTB] Transfered BAD BOY to CT")
L 01/04/2020 - 18:38:04: "Mr.Knife<140><STEAM_1:1:1973042010><TERRORIST>" triggered "Spawned_With_The_Bomb"
L 01/04/2020 - 18:38:05: World triggered "Round_Start"
L 01/04/2020 - 18:38:26: "Mr.Knife<140><STEAM_1:1:1973042010><TERRORIST>" killed "*Mr.Bombastic*<142><STEAM_1:1:25228615><CT>" with "ump45"
L 01/04/2020 - 18:38:27: [REUNION]: ____Tu_Cu_Slab_Bpat____ (94.155.74.182) authorized as RevEmu
L 01/04/2020 - 18:38:27: "____Tu_Cu_Slab_Bpat____<144><STEAM_1:0:233130864><>" connected, address "94.155.74.182:27005"
L 01/04/2020 - 18:38:51: [REUNION]: ____Tu_Cu_Slab_Bpat____ (94.155.74.182) authorized as RevEmu
L 01/04/2020 - 18:38:51: "____Tu_Cu_Slab_Bpat____<145><STEAM_1:0:233130864><>" connected, address "94.155.74.182:27005"
L 01/04/2020 - 18:38:57: [REUNION]: ____Tu_Cu_Slab_Bpat____ (94.155.74.182) authorized as RevEmu
L 01/04/2020 - 18:38:57: "____Tu_Cu_Slab_Bpat____<146><STEAM_1:0:233130864><>" connected, address "94.155.74.182:27005"
L 01/04/2020 - 18:39:11: "____Tu_Cu_Slab_Bpat____<146><STEAM_1:0:233130864><>" entered the game
L 01/04/2020 - 18:39:16: "BAD BOY<141><STEAM_1:1:175462098><CT>" killed "HuNt3r<143><STEAM_1:1:1071071391><TERRORIST>" with "m4a1"
L 01/04/2020 - 18:39:26: "Mr.Knife<140><STEAM_1:1:1973042010><TERRORIST>" killed "BAD BOY<141><STEAM_1:1:175462098><CT>" with "ump45"
L 01/04/2020 - 18:39:26: Team "TERRORIST" triggered "Terrorists_Win" (CT "0") (T "3")
L 01/04/2020 - 18:39:26: World triggered "Round_End"
L 01/04/2020 - 18:39:29: "Mr.Knife<140><STEAM_1:1:1973042010><TERRORIST>" committed suicide with "world"
L 01/04/2020 - 18:39:29: "Mr.Knife<140><STEAM_1:1:1973042010><TERRORIST>" joined team "CT"
L 01/04/2020 - 18:39:30: "____Tu_Cu_Slab_Bpat____<146><STEAM_1:0:233130864><>" joined team "TERRORIST"
L 01/04/2020 - 18:39:31: "HuNt3r<143><STEAM_1:1:1071071391><TERRORIST>" triggered "Spawned_With_The_Bomb"
L 01/04/2020 - 18:39:32: World triggered "Round_Start"
L 01/04/2020 - 18:39:49: "*Mr.Bombastic*<142><STEAM_1:1:25228615><CT>" killed "HuNt3r<143><STEAM_1:1:1071071391><TERRORIST>" with "m4a1"
L 01/04/2020 - 18:39:49: "HuNt3r<143><STEAM_1:1:1071071391><TERRORIST>" triggered "Dropped_The_Bomb"
L 01/04/2020 - 18:39:51: "BAD BOY<141><STEAM_1:1:175462098><CT>" killed "____Tu_Cu_Slab_Bpat____<146><STEAM_1:0:233130864><TERRORIST>" with "m4a1"
L 01/04/2020 - 18:39:51: Team "CT" triggered "CTs_Win" (CT "1") (T "3")
L 01/04/2020 - 18:39:51: World triggered "Round_End"
L 01/04/2020 - 18:39:53: "HuNt3r<143><STEAM_1:1:1071071391><TERRORIST>" disconnected
L 01/04/2020 - 18:39:56: "*Mr.Bombastic*<142><STEAM_1:1:25228615><CT>" joined team "TERRORIST"
L 01/04/2020 - 18:39:56: "<><><>" triggered "amx_chat" (text "[PTB] Transfered *Mr.Bombastic* to TERRORIST")
L 01/04/2020 - 18:39:56: "____Tu_Cu_Slab_Bpat____<146><STEAM_1:0:233130864><TERRORIST>" triggered "Spawned_With_The_Bomb"
L 01/04/2020 - 18:39:57: World triggered "Round_Start"
L 01/04/2020 - 18:40:16: "____Tu_Cu_Slab_Bpat____<146><STEAM_1:0:233130864><TERRORIST>" killed "Mr.Knife<140><STEAM_1:1:1973042010><CT>" with "galil"
L 01/04/2020 - 18:40:22: "BAD BOY<141><STEAM_1:1:175462098><CT>" killed "*Mr.Bombastic*<142><STEAM_1:1:25228615><TERRORIST>" with "m4a1"
L 01/04/2020 - 18:40:54: "BAD BOY<141><STEAM_1:1:175462098><CT>" killed "____Tu_Cu_Slab_Bpat____<146><STEAM_1:0:233130864><TERRORIST>" with "m4a1"
L 01/04/2020 - 18:40:54: Team "CT" triggered "CTs_Win" (CT "2") (T "3")
L 01/04/2020 - 18:40:54: World triggered "Round_End"
L 01/04/2020 - 18:40:58: "BAD BOY<141><STEAM_1:1:175462098><CT>" joined team "TERRORIST"
L 01/04/2020 - 18:40:58: "<><><>" triggered "amx_chat" (text "[PTB] Transfered BAD BOY to TERRORIST")
L 01/04/2020 - 18:40:59: "____Tu_Cu_Slab_Bpat____<146><STEAM_1:0:233130864><TERRORIST>" triggered "Spawned_With_The_Bomb"
L 01/04/2020 - 18:41:00: World triggered "Round_Start"
L 01/04/2020 - 18:41:13: [REUNION]: HuNt3r (188.255.184.74) authorized as RevEmu
L 01/04/2020 - 18:41:13: "HuNt3r<147><STEAM_1:1:1071071391><>" connected, address "188.255.184.74:27005"
L 01/04/2020 - 18:41:19: "____Tu_Cu_Slab_Bpat____<146><STEAM_1:0:233130864><TERRORIST>" killed "Mr.Knife<140><STEAM_1:1:1973042010><CT>" with "scout"
L 01/04/2020 - 18:41:19: Team "TERRORIST" triggered "Terrorists_Win" (CT "2") (T "4")
L 01/04/2020 - 18:41:19: World triggered "Round_End"
L 01/04/2020 - 18:41:21: "HuNt3r<147><STEAM_1:1:1071071391><>" entered the game
L 01/04/2020 - 18:41:22: "BAD BOY<141><STEAM_1:1:175462098><TERRORIST>" committed suicide with "world"
L 01/04/2020 - 18:41:22: "BAD BOY<141><STEAM_1:1:175462098><TERRORIST>" joined team "CT"
L 01/04/2020 - 18:41:24: "Mr.Knife<140><STEAM_1:1:1973042010><CT>" joined team "TERRORIST"
L 01/04/2020 - 18:41:24: "<><><>" triggered "amx_chat" (text "[PTB] Transfered Mr.Knife to TERRORIST")
L 01/04/2020 - 18:41:24: "*Mr.Bombastic*<142><STEAM_1:1:25228615><TERRORIST>" triggered "Spawned_With_The_Bomb"
L 01/04/2020 - 18:41:25: World triggered "Round_Start"
L 01/04/2020 - 18:41:27: "HuNt3r<147><STEAM_1:1:1071071391><>" joined team "TERRORIST"
L 01/04/2020 - 18:41:54: "BAD BOY<141><STEAM_1:1:175462098><CT>" killed "*Mr.Bombastic*<142><STEAM_1:1:25228615><TERRORIST>" with "sg550"
L 01/04/2020 - 18:41:54: "*Mr.Bombastic*<142><STEAM_1:1:25228615><TERRORIST>" triggered "Dropped_The_Bomb"
L 01/04/2020 - 18:42:00: "HuNt3r<147><STEAM_1:1:1071071391><TERRORIST>" killed "BAD BOY<141><STEAM_1:1:175462098><CT>" with "ak47"
L 01/04/2020 - 18:42:00: Team "TERRORIST" triggered "Terrorists_Win" (CT "2") (T "5")
L 01/04/2020 - 18:42:00: World triggered "Round_End"
L 01/04/2020 - 18:42:03: "Mr.Knife<140><STEAM_1:1:1973042010><TERRORIST>" committed suicide with "world"
L 01/04/2020 - 18:42:03: "Mr.Knife<140><STEAM_1:1:1973042010><TERRORIST>" joined team "CT"
L 01/04/2020 - 18:42:05: "____Tu_Cu_Slab_Bpat____<146><STEAM_1:0:233130864><TERRORIST>" triggered "Spawned_With_The_Bomb"
L 01/04/2020 - 18:42:06: World triggered "Round_Start"
L 01/04/2020 - 18:42:25: "BAD BOY<141><STEAM_1:1:175462098><CT>" killed "____Tu_Cu_Slab_Bpat____<146><STEAM_1:0:233130864><TERRORIST>" with "m4a1"
L 01/04/2020 - 18:42:25: "____Tu_Cu_Slab_Bpat____<146><STEAM_1:0:233130864><TERRORIST>" triggered "Dropped_The_Bomb"
L 01/04/2020 - 18:42:35: "*Mr.Bombastic*<142><STEAM_1:1:25228615><TERRORIST>" killed "BAD BOY<141><STEAM_1:1:175462098><CT>" with "ak47"
L 01/04/2020 - 18:42:44: "Mr.Knife<140><STEAM_1:1:1973042010><CT>" killed "HuNt3r<147><STEAM_1:1:1071071391><TERRORIST>" with "m4a1"
L 01/04/2020 - 18:42:47: "Mr.Knife<140><STEAM_1:1:1973042010><CT>" killed "*Mr.Bombastic*<142><STEAM_1:1:25228615><TERRORIST>" with "m4a1"
L 01/04/2020 - 18:42:47: Team "CT" triggered "CTs_Win" (CT "3") (T "5")
L 01/04/2020 - 18:42:47: World triggered "Round_End"
L 01/04/2020 - 18:42:52: "*Mr.Bombastic*<142><STEAM_1:1:25228615><TERRORIST>" triggered "Spawned_With_The_Bomb"
L 01/04/2020 - 18:42:53: World triggered "Round_Start"
L 01/04/2020 - 18:43:13: "*Mr.Bombastic*<142><STEAM_1:1:25228615><TERRORIST>" killed "BAD BOY<141><STEAM_1:1:175462098><CT>" with "ak47"
L 01/04/2020 - 18:43:15: "Mr.Knife<140><STEAM_1:1:1973042010><CT>" killed "*Mr.Bombastic*<142><STEAM_1:1:25228615><TERRORIST>" with "m4a1"
L 01/04/2020 - 18:43:15: "*Mr.Bombastic*<142><STEAM_1:1:25228615><TERRORIST>" triggered "Dropped_The_Bomb"
L 01/04/2020 - 18:43:18: "Mr.Knife<140><STEAM_1:1:1973042010><CT>" killed "HuNt3r<147><STEAM_1:1:1071071391><TERRORIST>" with "m4a1"
L 01/04/2020 - 18:43:33: "HuNt3r<147><STEAM_1:1:1071071391><TERRORIST>" disconnected
L 01/04/2020 - 18:43:40: "Mr.Knife<140><STEAM_1:1:1973042010><CT>" killed "____Tu_Cu_Slab_Bpat____<146><STEAM_1:0:233130864><TERRORIST>" with "m4a1"
L 01/04/2020 - 18:43:40: Team "CT" triggered "CTs_Win" (CT "4") (T "5")
L 01/04/2020 - 18:43:40: World triggered "Round_End"
L 01/04/2020 - 18:43:45: "BAD BOY<141><STEAM_1:1:175462098><CT>" joined team "TERRORIST"
L 01/04/2020 - 18:43:45: "<><><>" triggered "amx_chat" (text "[PTB] Transfered BAD BOY to TERRORIST")
L 01/04/2020 - 18:43:45: "*Mr.Bombastic*<142><STEAM_1:1:25228615><TERRORIST>" triggered "Spawned_With_The_Bomb"
L 01/04/2020 - 18:43:46: World triggered "Round_Start"
L 01/04/2020 - 18:44:09: "____Tu_Cu_Slab_Bpat____<146><STEAM_1:0:233130864><TERRORIST>" killed "Mr.Knife<140><STEAM_1:1:1973042010><CT>" with "ak47"
L 01/04/2020 - 18:44:09: Team "TERRORIST" triggered "Terrorists_Win" (CT "4") (T "6")
L 01/04/2020 - 18:44:09: World triggered "Round_End"
L 01/04/2020 - 18:44:13: "BAD BOY<141><STEAM_1:1:175462098><TERRORIST>" committed suicide with "world"
L 01/04/2020 - 18:44:13: "BAD BOY<141><STEAM_1:1:175462098><TERRORIST>" joined team "CT"
L 01/04/2020 - 18:44:14: "Mr.Knife<140><STEAM_1:1:1973042010><CT>" joined team "TERRORIST"
L 01/04/2020 - 18:44:14: "<><><>" triggered "amx_chat" (text "[PTB] Transfered Mr.Knife to TERRORIST")
L 01/04/2020 - 18:44:14: "Mr.Knife<140><STEAM_1:1:1973042010><TERRORIST>" triggered "Spawned_With_The_Bomb"
L 01/04/2020 - 18:44:15: World triggered "Round_Start"
L 01/04/2020 - 18:44:29: "____Tu_Cu_Slab_Bpat____<146><STEAM_1:0:233130864><TERRORIST>" killed "BAD BOY<141><STEAM_1:1:175462098><CT>" with "ak47"
L 01/04/2020 - 18:44:29: Team "TERRORIST" triggered "Terrorists_Win" (CT "4") (T "7")
L 01/04/2020 - 18:44:29: World triggered "Round_End"
L 01/04/2020 - 18:44:32: "Mr.Knife<140><STEAM_1:1:1973042010><TERRORIST>" committed suicide with "world"
L 01/04/2020 - 18:44:32: "Mr.Knife<140><STEAM_1:1:1973042010><TERRORIST>" joined team "CT"
L 01/04/2020 - 18:44:34: "*Mr.Bombastic*<142><STEAM_1:1:25228615><TERRORIST>" triggered "Spawned_With_The_Bomb"
L 01/04/2020 - 18:44:35: World triggered "Round_Start"
L 01/04/2020 - 18:44:49: "____Tu_Cu_Slab_Bpat____<146><STEAM_1:0:233130864><TERRORIST>" killed "Mr.Knife<140><STEAM_1:1:1973042010><CT>" with "ak47"
L 01/04/2020 - 18:44:52: "BAD BOY<141><STEAM_1:1:175462098><CT>" killed "____Tu_Cu_Slab_Bpat____<146><STEAM_1:0:233130864><TERRORIST>" with "m3"
L 01/04/2020 - 18:45:09: "BAD BOY<141><STEAM_1:1:175462098><CT>" killed "*Mr.Bombastic*<142><STEAM_1:1:25228615><TERRORIST>" with "m3"
L 01/04/2020 - 18:45:09: Team "CT" triggered "CTs_Win" (CT "5") (T "7")
L 01/04/2020 - 18:45:09: World triggered "Round_End"
L 01/04/2020 - 18:45:14: "____Tu_Cu_Slab_Bpat____<146><STEAM_1:0:233130864><TERRORIST>" triggered "Spawned_With_The_Bomb"
L 01/04/2020 - 18:45:15: World triggered "Round_Start"
L 01/04/2020 - 18:45:29: "BAD BOY<141><STEAM_1:1:175462098><CT>" killed "*Mr.Bombastic*<142><STEAM_1:1:25228615><TERRORIST>" with "m3"
L 01/04/2020 - 18:45:31: "BAD BOY<141><STEAM_1:1:175462098><CT>" killed "____Tu_Cu_Slab_Bpat____<146><STEAM_1:0:233130864><TERRORIST>" with "m3"
L 01/04/2020 - 18:45:31: Team "CT" triggered "CTs_Win" (CT "6") (T "7")
L 01/04/2020 - 18:45:31: World triggered "Round_End"
L 01/04/2020 - 18:45:35: "BAD BOY<141><STEAM_1:1:175462098><CT>" joined team "TERRORIST"
L 01/04/2020 - 18:45:35: "<><><>" triggered "amx_chat" (text "[PTB] Transfered BAD BOY to TERRORIST")
L 01/04/2020 - 18:45:36: "____Tu_Cu_Slab_Bpat____<146><STEAM_1:0:233130864><TERRORIST>" triggered "Spawned_With_The_Bomb"
L 01/04/2020 - 18:45:37: World triggered "Round_Start"
L 01/04/2020 - 18:45:55: "Mr.Knife<140><STEAM_1:1:1973042010><CT>" killed "BAD BOY<141><STEAM_1:1:175462098><TERRORIST>" with "ak47"
L 01/04/2020 - 18:46:07: "*Mr.Bombastic*<142><STEAM_1:1:25228615><TERRORIST>" killed "Mr.Knife<140><STEAM_1:1:1973042010><CT>" with "glock18"
L 01/04/2020 - 18:46:07: Team "TERRORIST" triggered "Terrorists_Win" (CT "6") (T "8")
L 01/04/2020 - 18:46:07: World triggered "Round_End"
L 01/04/2020 - 18:46:12: "____Tu_Cu_Slab_Bpat____<146><STEAM_1:0:233130864><TERRORIST>" joined team "CT"
L 01/04/2020 - 18:46:12: "<><><>" triggered "amx_chat" (text "[PTB] Transfered ____Tu_Cu_Slab_Bpat____ to CT")
L 01/04/2020 - 18:46:12: "BAD BOY<141><STEAM_1:1:175462098><TERRORIST>" triggered "Spawned_With_The_Bomb"
L 01/04/2020 - 18:46:13: World triggered "Round_Start"
L 01/04/2020 - 18:46:45: "BAD BOY<141><STEAM_1:1:175462098><TERRORIST>" triggered "Planted_The_Bomb"
L 01/04/2020 - 18:46:49: "____Tu_Cu_Slab_Bpat____<146><STEAM_1:0:233130864><CT>" killed "*Mr.Bombastic*<142><STEAM_1:1:25228615><TERRORIST>" with "ak47"
L 01/04/2020 - 18:46:56: "BAD BOY<141><STEAM_1:1:175462098><TERRORIST>" killed "Mr.Knife<140><STEAM_1:1:1973042010><CT>" with "deagle"
L 01/04/2020 - 18:47:03: "____Tu_Cu_Slab_Bpat____<146><STEAM_1:0:233130864><CT>" killed "BAD BOY<141><STEAM_1:1:175462098><TERRORIST>" with "ak47"
L 01/04/2020 - 18:47:20: Team "TERRORIST" triggered "Target_Bombed" (CT "6") (T "9")
L 01/04/2020 - 18:47:20: World triggered "Round_End"
L 01/04/2020 - 18:47:21: "Mr.Knife<140><STEAM_1:1:1973042010><CT>" joined team "TERRORIST"
L 01/04/2020 - 18:47:25: "*Mr.Bombastic*<142><STEAM_1:1:25228615><TERRORIST>" joined team "CT"
L 01/04/2020 - 18:47:25: "<><><>" triggered "amx_chat" (text "[PTB] Transfered *Mr.Bombastic* to CT")
L 01/04/2020 - 18:47:25: "BAD BOY<141><STEAM_1:1:175462098><TERRORIST>" triggered "Spawned_With_The_Bomb"
L 01/04/2020 - 18:47:26: World triggered "Round_Start"
L 01/04/2020 - 18:47:37: "*Mr.Bombastic*<142><STEAM_1:1:25228615><CT>" killed "BAD BOY<141><STEAM_1:1:175462098><TERRORIST>" with "xm1014"
L 01/04/2020 - 18:47:37: "BAD BOY<141><STEAM_1:1:175462098><TERRORIST>" triggered "Dropped_The_Bomb"
L 01/04/2020 - 18:47:39: "Mr.Knife<140><STEAM_1:1:1973042010><TERRORIST>" triggered "Got_The_Bomb"
L 01/04/2020 - 18:47:40: "Mr.Knife<140><STEAM_1:1:1973042010><TERRORIST>" killed "*Mr.Bombastic*<142><STEAM_1:1:25228615><CT>" with "xm1014"
L 01/04/2020 - 18:47:52: "Mr.Knife<140><STEAM_1:1:1973042010><TERRORIST>" killed "____Tu_Cu_Slab_Bpat____<146><STEAM_1:0:233130864><CT>" with "xm1014"
L 01/04/2020 - 18:47:52: Team "TERRORIST" triggered "Terrorists_Win" (CT "6") (T "10")
L 01/04/2020 - 18:47:52: World triggered "Round_End"
L 01/04/2020 - 18:47:57: "BAD BOY<141><STEAM_1:1:175462098><TERRORIST>" joined team "CT"
L 01/04/2020 - 18:47:57: "<><><>" triggered "amx_chat" (text "[PTB] Transfered BAD BOY to CT")
L 01/04/2020 - 18:47:57: "Mr.Knife<140><STEAM_1:1:1973042010><TERRORIST>" triggered "Spawned_With_The_Bomb"
L 01/04/2020 - 18:47:58: World triggered "Round_Start"
L 01/04/2020 - 18:48:16: "____Tu_Cu_Slab_Bpat____<146><STEAM_1:0:233130864><CT>" killed "Mr.Knife<140><STEAM_1:1:1973042010><TERRORIST>" with "m4a1"
L 01/04/2020 - 18:48:16: Team "CT" triggered "CTs_Win" (CT "7") (T "10")
L 01/04/2020 - 18:48:16: World triggered "Round_End"
L 01/04/2020 - 18:48:20: "BAD BOY<141><STEAM_1:1:175462098><CT>" committed suicide with "world"
L 01/04/2020 - 18:48:20: "BAD BOY<141><STEAM_1:1:175462098><CT>" joined team "TERRORIST"
L 01/04/2020 - 18:48:21: "BAD BOY<141><STEAM_1:1:175462098><TERRORIST>" triggered "Spawned_With_The_Bomb"
L 01/04/2020 - 18:48:22: World triggered "Round_Start"
L 01/04/2020 - 18:48:51: "____Tu_Cu_Slab_Bpat____<146><STEAM_1:0:233130864><CT>" killed "Mr.Knife<140><STEAM_1:1:1973042010><TERRORIST>" with "m4a1"
L 01/04/2020 - 18:48:53: "*Mr.Bombastic*<142><STEAM_1:1:25228615><CT>" killed "BAD BOY<141><STEAM_1:1:175462098><TERRORIST>" with "m4a1"
L 01/04/2020 - 18:48:53: Team "CT" triggered "CTs_Win" (CT "8") (T "10")
L 01/04/2020 - 18:48:53: World triggered "Round_End"
L 01/04/2020 - 18:48:58: "Mr.Knife<140><STEAM_1:1:1973042010><TERRORIST>" triggered "Spawned_With_The_Bomb"
L 01/04/2020 - 18:48:59: World triggered "Round_Start"
L 01/04/2020 - 18:49:20: "Mr.Knife<140><STEAM_1:1:1973042010><TERRORIST>" killed "____Tu_Cu_Slab_Bpat____<146><STEAM_1:0:233130864><CT>" with "ak47"
L 01/04/2020 - 18:49:21: "*Mr.Bombastic*<142><STEAM_1:1:25228615><CT>" killed "Mr.Knife<140><STEAM_1:1:1973042010><TERRORIST>" with "m4a1"
L 01/04/2020 - 18:49:21: "Mr.Knife<140><STEAM_1:1:1973042010><TERRORIST>" triggered "Dropped_The_Bomb"
L 01/04/2020 - 18:49:29: [REUNION]: Ganio96 (130.185.211.206) authorized as NoSteam47
L 01/04/2020 - 18:49:29: "Ganio96<148><VALVE_ID_LAN><>" connected, address "130.185.211.206:27005"
L 01/04/2020 - 18:49:29: "BAD BOY<141><STEAM_1:1:175462098><TERRORIST>" killed "*Mr.Bombastic*<142><STEAM_1:1:25228615><CT>" with "ak47"
L 01/04/2020 - 18:49:29: Team "TERRORIST" triggered "Terrorists_Win" (CT "8") (T "11")
L 01/04/2020 - 18:49:29: World triggered "Round_End"
L 01/04/2020 - 18:49:31: "BAD BOY<141><STEAM_1:1:175462098><TERRORIST>" triggered "Got_The_Bomb"
L 01/04/2020 - 18:49:34: "BAD BOY<141><STEAM_1:1:175462098><TERRORIST>" triggered "Spawned_With_The_Bomb"
L 01/04/2020 - 18:49:35: World triggered "Round_Start"
L 01/04/2020 - 18:49:45: "Ganio96<148><VALVE_ID_LAN><>" entered the game
L 01/04/2020 - 18:49:49: "Ganio96<148><VALVE_ID_LAN><>" joined team "CT"
L 01/04/2020 - 18:49:58: "Mr.Knife<140><STEAM_1:1:1973042010><TERRORIST>" killed "____Tu_Cu_Slab_Bpat____<146><STEAM_1:0:233130864><CT>" with "ak47"
L 01/04/2020 - 18:50:01: "Mr.Knife<140><STEAM_1:1:1973042010><TERRORIST>" killed "*Mr.Bombastic*<142><STEAM_1:1:25228615><CT>" with "ak47"
L 01/04/2020 - 18:50:06: "BAD BOY<141><STEAM_1:1:175462098><TERRORIST>" killed "Ganio96<148><VALVE_ID_LAN><CT>" with "ak47"
L 01/04/2020 - 18:50:06: Team "TERRORIST" triggered "Terrorists_Win" (CT "8") (T "12")
L 01/04/2020 - 18:50:06: World triggered "Round_End"
L 01/04/2020 - 18:50:11: "Mr.Knife<140><STEAM_1:1:1973042010><TERRORIST>" triggered "Spawned_With_The_Bomb"
L 01/04/2020 - 18:50:12: World triggered "Round_Start"
L 01/04/2020 - 18:50:29: "*Mr.Bombastic*<142><STEAM_1:1:25228615><CT>" killed "Mr.Knife<140><STEAM_1:1:1973042010><TERRORIST>" with "m4a1"
L 01/04/2020 - 18:50:29: "Mr.Knife<140><STEAM_1:1:1973042010><TERRORIST>" triggered "Dropped_The_Bomb"
L 01/04/2020 - 18:50:31: "Ganio96<148><VALVE_ID_LAN><CT>" killed "BAD BOY<141><STEAM_1:1:175462098><TERRORIST>" with "famas"
L 01/04/2020 - 18:50:31: Team "CT" triggered "CTs_Win" (CT "9") (T "12")
L 01/04/2020 - 18:50:31: World triggered "Round_End"
L 01/04/2020 - 18:50:36: "BAD BOY<141><STEAM_1:1:175462098><TERRORIST>" triggered "Spawned_With_The_Bomb"
L 01/04/2020 - 18:50:37: World triggered "Round_Start"
L 01/04/2020 - 18:50:59: "Mr.Knife<140><STEAM_1:1:1973042010><TERRORIST>" killed "Ganio96<148><VALVE_ID_LAN><CT>" with "ak47"
L 01/04/2020 - 18:51:02: "Mr.Knife<140><STEAM_1:1:1973042010><TERRORIST>" killed "*Mr.Bombastic*<142><STEAM_1:1:25228615><CT>" with "ak47"
L 01/04/2020 - 18:51:19: "BAD BOY<141><STEAM_1:1:175462098><TERRORIST>" triggered "Planted_The_Bomb"
L 01/04/2020 - 18:51:22: "____Tu_Cu_Slab_Bpat____<146><STEAM_1:0:233130864><CT>" killed "BAD BOY<141><STEAM_1:1:175462098><TERRORIST>" with "m4a1"
L 01/04/2020 - 18:51:24: "____Tu_Cu_Slab_Bpat____<146><STEAM_1:0:233130864><CT>" killed "Mr.Knife<140><STEAM_1:1:1973042010><TERRORIST>" with "m4a1"
L 01/04/2020 - 18:51:28: "____Tu_Cu_Slab_Bpat____<146><STEAM_1:0:233130864><CT>" triggered "Begin_Bomb_Defuse_Without_Kit"
L 01/04/2020 - 18:51:38: "____Tu_Cu_Slab_Bpat____<146><STEAM_1:0:233130864><CT>" triggered "Defused_The_Bomb"
L 01/04/2020 - 18:51:38: Team "CT" triggered "Bomb_Defused" (CT "10") (T "12")
L 01/04/2020 - 18:51:38: World triggered "Round_End"
L 01/04/2020 - 18:51:43: "Mr.Knife<140><STEAM_1:1:1973042010><TERRORIST>" triggered "Spawned_With_The_Bomb"
L 01/04/2020 - 18:51:44: World triggered "Round_Start"
L 01/04/2020 - 18:52:02: "Mr.Knife<140><STEAM_1:1:1973042010><TERRORIST>" killed "*Mr.Bombastic*<142><STEAM_1:1:25228615><CT>" with "glock18"
L 01/04/2020 - 18:52:11: "Ganio96<148><VALVE_ID_LAN><CT>" killed "Mr.Knife<140><STEAM_1:1:1973042010><TERRORIST>" with "m4a1"
L 01/04/2020 - 18:52:11: "Mr.Knife<140><STEAM_1:1:1973042010><TERRORIST>" triggered "Dropped_The_Bomb"
L 01/04/2020 - 18:52:13: "BAD BOY<141><STEAM_1:1:175462098><TERRORIST>" killed "Ganio96<148><VALVE_ID_LAN><CT>" with "ak47"
L 01/04/2020 - 18:52:26: "BAD BOY<141><STEAM_1:1:175462098><TERRORIST>" triggered "Got_The_Bomb"
L 01/04/2020 - 18:52:27: "BAD BOY<141><STEAM_1:1:175462098><TERRORIST>" killed "____Tu_Cu_Slab_Bpat____<146><STEAM_1:0:233130864><CT>" with "ak47"
L 01/04/2020 - 18:52:27: Team "TERRORIST" triggered "Terrorists_Win" (CT "10") (T "13")
L 01/04/2020 - 18:52:27: World triggered "Round_End"
L 01/04/2020 - 18:52:32: "BAD BOY<141><STEAM_1:1:175462098><TERRORIST>" triggered "Spawned_With_The_Bomb"
L 01/04/2020 - 18:52:33: World triggered "Round_Start"
L 01/04/2020 - 18:52:42: [REUNION]: xXGhost_ReaperXx (212.25.57.169) authorized as RevEmu
L 01/04/2020 - 18:52:42: "xXGhost_ReaperXx<149><STEAM_1:0:1874631957><>" connected, address "212.25.57.169:27005"
L 01/04/2020 - 18:52:48: "*Mr.Bombastic*<142><STEAM_1:1:25228615><CT>" killed "BAD BOY<141><STEAM_1:1:175462098><TERRORIST>" with "ak47"
L 01/04/2020 - 18:52:48: "BAD BOY<141><STEAM_1:1:175462098><TERRORIST>" triggered "Dropped_The_Bomb"
L 01/04/2020 - 18:52:53: "Ganio96<148><VALVE_ID_LAN><CT>" killed "Mr.Knife<140><STEAM_1:1:1973042010><TERRORIST>" with "ak47"
L 01/04/2020 - 18:52:53: Team "CT" triggered "CTs_Win" (CT "11") (T "13")
L 01/04/2020 - 18:52:53: World triggered "Round_End"
L 01/04/2020 - 18:52:58: "Mr.Knife<140><STEAM_1:1:1973042010><TERRORIST>" triggered "Spawned_With_The_Bomb"
L 01/04/2020 - 18:52:59: World triggered "Round_Start"
L 01/04/2020 - 18:53:00: [REUNION]: xXGhost_ReaperXx (212.25.57.169) authorized as RevEmu
L 01/04/2020 - 18:53:00: "xXGhost_ReaperXx<150><STEAM_1:0:1874631957><>" connected, address "212.25.57.169:27005"
L 01/04/2020 - 18:53:07: "xXGhost_ReaperXx<150><STEAM_1:0:1874631957><>" entered the game
L 01/04/2020 - 18:53:10: "Mr.Knife<140><STEAM_1:1:1973042010><TERRORIST>" killed "____Tu_Cu_Slab_Bpat____<146><STEAM_1:0:233130864><CT>" with "m249"
L 01/04/2020 - 18:53:12: "xXGhost_ReaperXx<150><STEAM_1:0:1874631957><>" joined team "TERRORIST"
L 01/04/2020 - 18:53:15: "Ganio96<148><VALVE_ID_LAN><CT>" killed "Mr.Knife<140><STEAM_1:1:1973042010><TERRORIST>" with "m249"
L 01/04/2020 - 18:53:15: "Mr.Knife<140><STEAM_1:1:1973042010><TERRORIST>" triggered "Dropped_The_Bomb"
L 01/04/2020 - 18:53:16: "BAD BOY<141><STEAM_1:1:175462098><TERRORIST>" killed "Ganio96<148><VALVE_ID_LAN><CT>" with "m249"
L 01/04/2020 - 18:53:18: "BAD BOY<141><STEAM_1:1:175462098><TERRORIST>" killed "*Mr.Bombastic*<142><STEAM_1:1:25228615><CT>" with "m249"
L 01/04/2020 - 18:53:18: Team "TERRORIST" triggered "Terrorists_Win" (CT "11") (T "14")
L 01/04/2020 - 18:53:18: World triggered "Round_End"
L 01/04/2020 - 18:53:23: "BAD BOY<141><STEAM_1:1:175462098><TERRORIST>" triggered "Spawned_With_The_Bomb"
L 01/04/2020 - 18:53:24: World triggered "Round_Start"
L 01/04/2020 - 18:53:44: "BAD BOY<141><STEAM_1:1:175462098><TERRORIST>" killed "*Mr.Bombastic*<142><STEAM_1:1:25228615><CT>" with "xm1014"
L 01/04/2020 - 18:53:47: "Ganio96<148><VALVE_ID_LAN><CT>" killed "Mr.Knife<140><STEAM_1:1:1973042010><TERRORIST>" with "xm1014"
L 01/04/2020 - 18:53:48: "Ganio96<148><VALVE_ID_LAN><CT>" killed "BAD BOY<141><STEAM_1:1:175462098><TERRORIST>" with "xm1014"
L 01/04/2020 - 18:53:48: "BAD BOY<141><STEAM_1:1:175462098><TERRORIST>" triggered "Dropped_The_Bomb"
L 01/04/2020 - 18:53:50: "____Tu_Cu_Slab_Bpat____<146><STEAM_1:0:233130864><CT>" killed "xXGhost_ReaperXx<150><STEAM_1:0:1874631957><TERRORIST>" with "xm1014"
L 01/04/2020 - 18:53:50: Team "CT" triggered "CTs_Win" (CT "12") (T "14")
L 01/04/2020 - 18:53:50: World triggered "Round_End"
L 01/04/2020 - 18:53:55: "xXGhost_ReaperXx<150><STEAM_1:0:1874631957><TERRORIST>" triggered "Spawned_With_The_Bomb"
L 01/04/2020 - 18:53:56: World triggered "Round_Start"
L 01/04/2020 - 18:54:16: "____Tu_Cu_Slab_Bpat____<146><STEAM_1:0:233130864><CT>" killed "Mr.Knife<140><STEAM_1:1:1973042010><TERRORIST>" with "xm1014"
L 01/04/2020 - 18:54:20: "*Mr.Bombastic*<142><STEAM_1:1:25228615><CT>" killed "xXGhost_ReaperXx<150><STEAM_1:0:1874631957><TERRORIST>" with "m4a1"
L 01/04/2020 - 18:54:20: "xXGhost_ReaperXx<150><STEAM_1:0:1874631957><TERRORIST>" triggered "Dropped_The_Bomb"
L 01/04/2020 - 18:54:24: "Ganio96<148><VALVE_ID_LAN><CT>" killed "BAD BOY<141><STEAM_1:1:175462098><TERRORIST>" with "m4a1"
L 01/04/2020 - 18:54:24: Team "CT" triggered "CTs_Win" (CT "13") (T "14")
L 01/04/2020 - 18:54:24: World triggered "Round_End"
L 01/04/2020 - 18:54:29: "Mr.Knife<140><STEAM_1:1:1973042010><TERRORIST>" triggered "Spawned_With_The_Bomb"
L 01/04/2020 - 18:54:30: World triggered "Round_Start"
L 01/04/2020 - 18:54:44: "____Tu_Cu_Slab_Bpat____<146><STEAM_1:0:233130864><CT>" killed "Mr.Knife<140><STEAM_1:1:1973042010><TERRORIST>" with "m4a1"
L 01/04/2020 - 18:54:44: "Mr.Knife<140><STEAM_1:1:1973042010><TERRORIST>" triggered "Dropped_The_Bomb"
L 01/04/2020 - 18:54:55: "BAD BOY<141><STEAM_1:1:175462098><TERRORIST>" killed "*Mr.Bombastic*<142><STEAM_1:1:25228615><CT>" with "glock18"
L 01/04/2020 - 18:54:55: "____Tu_Cu_Slab_Bpat____<146><STEAM_1:0:233130864><CT>" killed "BAD BOY<141><STEAM_1:1:175462098><TERRORIST>" with "m4a1"
L 01/04/2020 - 18:54:56: "xXGhost_ReaperXx<150><STEAM_1:0:1874631957><TERRORIST>" killed "____Tu_Cu_Slab_Bpat____<146><STEAM_1:0:233130864><CT>" with "ak47"
L 01/04/2020 - 18:55:32: "Ganio96<148><VALVE_ID_LAN><CT>" killed "xXGhost_ReaperXx<150><STEAM_1:0:1874631957><TERRORIST>" with "m4a1"
L 01/04/2020 - 18:55:32: Team "CT" triggered "CTs_Win" (CT "14") (T "14")
L 01/04/2020 - 18:55:32: World triggered "Round_End"
L 01/04/2020 - 18:55:37: "BAD BOY<141><STEAM_1:1:175462098><TERRORIST>" triggered "Spawned_With_The_Bomb"
L 01/04/2020 - 18:55:38: World triggered "Round_Start"
L 01/04/2020 - 18:55:54: "Ganio96<148><VALVE_ID_LAN><CT>" killed "BAD BOY<141><STEAM_1:1:175462098><TERRORIST>" with "m4a1"
L 01/04/2020 - 18:55:54: "BAD BOY<141><STEAM_1:1:175462098><TERRORIST>" triggered "Dropped_The_Bomb"
L 01/04/2020 - 18:55:55: "Ganio96<148><VALVE_ID_LAN><CT>" killed "Mr.Knife<140><STEAM_1:1:1973042010><TERRORIST>" with "m4a1"
L 01/04/2020 - 18:56:10: "xXGhost_ReaperXx<150><STEAM_1:0:1874631957><TERRORIST>" killed "Ganio96<148><VALVE_ID_LAN><CT>" with "ak47"
L 01/04/2020 - 18:56:15: "____Tu_Cu_Slab_Bpat____<146><STEAM_1:0:233130864><CT>" killed "xXGhost_ReaperXx<150><STEAM_1:0:1874631957><TERRORIST>" with "m4a1"
L 01/04/2020 - 18:56:15: Team "CT" triggered "CTs_Win" (CT "15") (T "14")
L 01/04/2020 - 18:56:15: World triggered "Round_End"
L 01/04/2020 - 18:56:20: "xXGhost_ReaperXx<150><STEAM_1:0:1874631957><TERRORIST>" triggered "Spawned_With_The_Bomb"
L 01/04/2020 - 18:56:21: World triggered "Round_Start"
L 01/04/2020 - 18:56:34: "*Mr.Bombastic*<142><STEAM_1:1:25228615><CT>" killed "xXGhost_ReaperXx<150><STEAM_1:0:1874631957><TERRORIST>" with "galil"
L 01/04/2020 - 18:56:34: "xXGhost_ReaperXx<150><STEAM_1:0:1874631957><TERRORIST>" triggered "Dropped_The_Bomb"
L 01/04/2020 - 18:56:37: "BAD BOY<141><STEAM_1:1:175462098><TERRORIST>" killed "*Mr.Bombastic*<142><STEAM_1:1:25228615><CT>" with "galil"
L 01/04/2020 - 18:56:44: "BAD BOY<141><STEAM_1:1:175462098><TERRORIST>" triggered "Got_The_Bomb"
L 01/04/2020 - 18:56:47: Server cvar "amx_nextmap" = "de_lostcars"
L 01/04/2020 - 18:56:54: Server cvar "mp_timelimit" = "0.000000"
L 01/04/2020 - 18:56:54: "Ganio96<148><VALVE_ID_LAN><CT>" killed "Mr.Knife<140><STEAM_1:1:1973042010><TERRORIST>" with "galil"
L 01/04/2020 - 18:56:59: "____Tu_Cu_Slab_Bpat____<146><STEAM_1:0:233130864><CT>" killed "BAD BOY<141><STEAM_1:1:175462098><TERRORIST>" with "galil"
L 01/04/2020 - 18:56:59: Team "CT" triggered "CTs_Win" (CT "16") (T "14")
L 01/04/2020 - 18:56:59: World triggered "Round_End"
L 01/04/2020 - 18:57:04: "Mr.Knife<140><STEAM_1:1:1973042010><TERRORIST>" triggered "Spawned_With_The_Bomb"
L 01/04/2020 - 18:57:05: World triggered "Round_Start"
L 01/04/2020 - 18:57:05: Server cvar "sv_maxspeed" = "0.000000"
L 01/04/2020 - 18:57:05: Server cvar "mp_friendlyfire" = "1"
L 01/04/2020 - 18:57:09: "BAD BOY<141><STEAM_1:1:175462098><TERRORIST>" killed "Mr.Knife<140><STEAM_1:1:1973042010><TERRORIST>" with "ak47"
L 01/04/2020 - 18:57:16: Server cvar "sv_maxspeed" = "900.000000"
L 01/04/2020 - 18:57:16: Server cvar "mp_friendlyfire" = "0"
L 01/04/2020 - 18:57:16: Server cvar "mp_timelimit" = "20.000000"
L 01/04/2020 - 18:57:16: [META] ini: Begin re-reading plugins list: /home/rented/public9/cstrike/addons/metamod/plugins.ini
L 01/04/2020 - 18:57:16: [META] ini: Read plugin config for: SafeNameAndChat
L 01/04/2020 - 18:57:16: [META] ini: Read plugin config for: AMX Mod X
L 01/04/2020 - 18:57:16: [META] ini: Read plugin config for: Reunion
L 01/04/2020 - 18:57:16: [META] ini: Read plugin config for: ReAuthCheck
L 01/04/2020 - 18:57:16: [META] ini: Read plugin config for: WHBlocker
L 01/04/2020 - 18:57:16: [META] ini: Read plugin config for: ReSemiclip
L 01/04/2020 - 18:57:16: [META] ini: Read plugin config for: Revoice
L 01/04/2020 - 18:57:16: [META] ini: Finished reading plugins list: /home/rented/public9/cstrike/addons/metamod/plugins.ini; Found 7 plugins
L 01/04/2020 - 18:57:16: [META] dll: Updating plugins...
L 01/04/2020 - 18:57:16: [META] WARNING: Cannot clear plugin 'SafeNameAndChat'; not marked as failed, empty, or open (status=valid)
L 01/04/2020 - 18:57:16: [META] dll: Unloaded plugin 'SafeNameAndChat' for reason 'file on disk is newer'
L 01/04/2020 - 18:57:16: [META] dll: Loaded plugin 'SafeNameAndChat': SafeNameAndChat v1.1 2017.02.01, WPMG.PRoSToC0der
L 01/04/2020 - 18:57:16: [META] WARNING: Cannot clear plugin 'WHBlocker'; not marked as failed, empty, or open (status=valid)
L 01/04/2020 - 18:57:16: [META] dll: Unloaded plugin 'WHBlocker' for reason 'file on disk is newer'
L 01/04/2020 - 18:57:16: [META] dll: Loaded plugin 'WHBlocker': WHBlocker v1.5.692 2017-04-13, s1lent
L 01/04/2020 - 18:57:16: [META] WARNING: Cannot clear plugin 'ReSemiclip'; not marked as failed, empty, or open (status=valid)
L 01/04/2020 - 18:57:16: [META] dll: Unloaded plugin 'ReSemiclip' for reason 'file on disk is newer'
L 01/04/2020 - 18:57:16: [META] dll: Loaded plugin 'ReSemiclip': ReSemiclip v2.3.9 13/02/17, s1lent & Adidasman
L 01/04/2020 - 18:57:16: [META] dll: Finished updating 14 plugins; kept 0, loaded 0, unloaded 0, reloaded 3, delayed 0
L 01/04/2020 - 18:57:16: "Mr.Knife<140><STEAM_1:1:1973042010><TERRORIST>" disconnected
L 01/04/2020 - 18:57:16: "BAD BOY<141><STEAM_1:1:175462098><TERRORIST>" disconnected
L 01/04/2020 - 18:57:16: "____Tu_Cu_Slab_Bpat____<146><STEAM_1:0:233130864><CT>" disconnected
L 01/04/2020 - 18:57:16: "Ganio96<148><VALVE_ID_LAN><CT>" disconnected
L 01/04/2020 - 18:57:16: "*Mr.Bombastic*<142><STEAM_1:1:25228615><CT>" disconnected
L 01/04/2020 - 18:57:16: "xXGhost_ReaperXx<150><STEAM_1:0:1874631957><TERRORIST>" disconnected
L 01/04/2020 - 18:57:16: World triggered "Round_Draw" (CT "16") (T "14")
L 01/04/2020 - 18:57:16: World triggered "Round_End"
L 01/04/2020 - 18:57:16: Log file closed
