L 01/09/2020 - 21:14:37: Log file started (file "logs/L0109077.log") (game "cstrike") (version "48/1.1.2.7/Stdio/1621")
L 01/09/2020 - 21:14:37: Loading map "lakehouse"
L 01/09/2020 - 21:14:37: Server cvars start
L 01/09/2020 - 21:14:37: Server cvar "@BunnyHopper" = "3.x"
L 01/09/2020 - 21:14:37: Server cvar "@CRXGoSpec" = "1.1"
L 01/09/2020 - 21:14:37: Server cvar "@CRXRemoveImmunity" = "1.0"
L 01/09/2020 - 21:14:37: Server cvar "@D.I.C.E." = "1.1"
L 01/09/2020 - 21:14:37: Server cvar "@MOTDCommands" = "1.2"
L 01/09/2020 - 21:14:37: Server cvar "advanced_quake_sounds" = "5.0"
L 01/09/2020 - 21:14:37: Server cvar "AdvancedMute" = "1.0"
L 01/09/2020 - 21:14:37: Server cvar "aesp_version" = "1.3"
L 01/09/2020 - 21:14:37: Server cvar "allow_spectators" = "1.0"
L 01/09/2020 - 21:14:37: Server cvar "amx_client_languages" = "1"
L 01/09/2020 - 21:14:37: Server cvar "amx_language" = "en"
L 01/09/2020 - 21:14:37: Server cvar "amx_nextmap" = "lakehouse"
L 01/09/2020 - 21:14:37: Server cvar "amx_ptb_version" = "1.8b3"
L 01/09/2020 - 21:14:37: Server cvar "amx_timeleft" = "05:46"
L 01/09/2020 - 21:14:37: Server cvar "amxmodx_version" = "1.8.2"
L 01/09/2020 - 21:14:37: Server cvar "amxxbg_vip" = "1.0"
L 01/09/2020 - 21:14:37: Server cvar "asp_version" = "4.5.1"
L 01/09/2020 - 21:14:37: Server cvar "atac_version" = "3.0.1"
L 01/09/2020 - 21:14:37: Server cvar "badcamper_version" = "1.4 beta"
L 01/09/2020 - 21:14:37: Server cvar "blockmaker" = "4.01"
L 01/09/2020 - 21:14:37: Server cvar "c4 timer" = "1.1"
L 01/09/2020 - 21:14:37: Server cvar "coop" = "0"
L 01/09/2020 - 21:14:37: Server cvar "CRXAdminGroups" = "1.0"
L 01/09/2020 - 21:14:37: Server cvar "CRXCommandRestrictions" = "1.0"
L 01/09/2020 - 21:14:37: Server cvar "CRXFastKnife" = "1.0"
L 01/09/2020 - 21:14:37: Server cvar "CRXGametracker" = "2.0"
L 01/09/2020 - 21:14:37: Server cvar "CRXKnifeModels" = "2.5.7"
L 01/09/2020 - 21:14:37: Server cvar "CRXTeamAdvantage" = "1.0"
L 01/09/2020 - 21:14:37: Server cvar "CustomShop" = "4.2"
L 01/09/2020 - 21:14:37: Server cvar "deathmatch" = "1"
L 01/09/2020 - 21:14:37: Server cvar "decalfrequency" = "0"
L 01/09/2020 - 21:14:37: Server cvar "edgefriction" = "2"
L 01/09/2020 - 21:14:37: Server cvar "ers_version" = "2.3c"
L 01/09/2020 - 21:14:37: Server cvar "gagsystem_shoko" = "1.0"
L 01/09/2020 - 21:14:37: Server cvar "gal_mapcyclefile" = "mapcycle.txt"
L 01/09/2020 - 21:14:37: Server cvar "gal_version" = "v5.9.1-926"
L 01/09/2020 - 21:14:37: Server cvar "game_version" = "5.7.0.313-dev"
L 01/09/2020 - 21:14:37: Server cvar "humans_join_team" = "any"
L 01/09/2020 - 21:14:37: Server cvar "jtp10181" = "chute,gore"
L 01/09/2020 - 21:14:37: Server cvar "lawliet" = "ny_RainingSnow"
L 01/09/2020 - 21:14:37: Server cvar "LetitSnow" = "1.0"
L 01/09/2020 - 21:14:37: Server cvar "map_spawns" = "T(16) CT(16)"
L 01/09/2020 - 21:14:37: Server cvar "max_queries_sec" = "3"
L 01/09/2020 - 21:14:37: Server cvar "max_queries_sec_global" = "150"
L 01/09/2020 - 21:14:37: Server cvar "max_queries_window" = "60"
L 01/09/2020 - 21:14:37: Server cvar "mdbBans" = "4.8"
L 01/09/2020 - 21:14:37: Server cvar "metamod_version" = "1.21p37"
L 01/09/2020 - 21:14:37: Server cvar "mp_autokick" = "0"
L 01/09/2020 - 21:14:37: Server cvar "mp_autokick_timeout" = "-1"
L 01/09/2020 - 21:14:37: Server cvar "mp_autoteambalance" = "0"
L 01/09/2020 - 21:14:37: Server cvar "mp_buytime" = "0.25"
L 01/09/2020 - 21:14:37: Server cvar "mp_c4timer" = "35"
L 01/09/2020 - 21:14:37: Server cvar "mp_chattime" = "10"
L 01/09/2020 - 21:14:37: Server cvar "mp_consistency" = "1"
L 01/09/2020 - 21:14:37: Server cvar "mp_fadetoblack" = "0"
L 01/09/2020 - 21:14:37: Server cvar "mp_flashlight" = "1"
L 01/09/2020 - 21:14:37: Server cvar "mp_footsteps" = "1"
L 01/09/2020 - 21:14:37: Server cvar "mp_forcecamera" = "0"
L 01/09/2020 - 21:14:37: Server cvar "mp_forcechasecam" = "0"
L 01/09/2020 - 21:14:37: Server cvar "mp_forcerespawn" = "0"
L 01/09/2020 - 21:14:37: Server cvar "mp_fraglimit" = "0"
L 01/09/2020 - 21:14:37: Server cvar "mp_fragsleft" = "0"
L 01/09/2020 - 21:14:37: Server cvar "mp_freeforall" = "0"
L 01/09/2020 - 21:14:37: Server cvar "mp_freezetime" = "1"
L 01/09/2020 - 21:14:37: Server cvar "mp_friendlyfire" = "0"
L 01/09/2020 - 21:14:37: Server cvar "mp_hostage_hurtable" = "1"
L 01/09/2020 - 21:14:37: Server cvar "mp_hostagepenalty" = "0"
L 01/09/2020 - 21:14:37: Server cvar "mp_item_staytime" = "300"
L 01/09/2020 - 21:14:37: Server cvar "mp_kickpercent" = "0.66"
L 01/09/2020 - 21:14:37: Server cvar "mp_legacy_bombtarget_touch" = "1"
L 01/09/2020 - 21:14:37: Server cvar "mp_limitteams" = "0"
L 01/09/2020 - 21:14:37: Server cvar "mp_logdetail" = "0"
L 01/09/2020 - 21:14:37: Server cvar "mp_logfile" = "1"
L 01/09/2020 - 21:14:37: Server cvar "mp_logmessages" = "1"
L 01/09/2020 - 21:14:37: Server cvar "mp_mapvoteratio" = "0.66"
L 01/09/2020 - 21:14:37: Server cvar "mp_maxmoney" = "999999"
L 01/09/2020 - 21:14:37: Server cvar "mp_maxrounds" = "0"
L 01/09/2020 - 21:14:37: Server cvar "mp_mirrordamage" = "0"
L 01/09/2020 - 21:14:37: Server cvar "mp_old_bomb_defused_sound" = "1"
L 01/09/2020 - 21:14:37: Server cvar "mp_playerid" = "0"
L 01/09/2020 - 21:14:37: Server cvar "mp_respawn_immunitytime" = "0"
L 01/09/2020 - 21:14:37: Server cvar "mp_round_infinite" = "0"
L 01/09/2020 - 21:14:37: Server cvar "mp_round_restart_delay" = "5"
L 01/09/2020 - 21:14:37: Server cvar "mp_roundover" = "0"
L 01/09/2020 - 21:14:37: Server cvar "mp_roundtime" = "2.3"
L 01/09/2020 - 21:14:37: Server cvar "mp_show_radioicon" = "1"
L 01/09/2020 - 21:14:37: Server cvar "mp_startmoney" = "850"
L 01/09/2020 - 21:14:37: Server cvar "mp_timeleft" = "05:46"
L 01/09/2020 - 21:14:37: Server cvar "mp_timelimit" = "20"
L 01/09/2020 - 21:14:37: Server cvar "mp_tkpunish" = "0"
L 01/09/2020 - 21:14:37: Server cvar "mp_windifference" = "1"
L 01/09/2020 - 21:14:37: Server cvar "mp_winlimit" = "0"
L 01/09/2020 - 21:14:37: Server cvar "NoWeaponsOnGround" = "1.0"
L 01/09/2020 - 21:14:37: Server cvar "pausable" = "0"
L 01/09/2020 - 21:14:37: Server cvar "present_version" = "2.01"
L 01/09/2020 - 21:14:37: Server cvar "RandomHP" = "2.2"
L 01/09/2020 - 21:14:37: Server cvar "reauthcheck_version" = "0.1.6"
L 01/09/2020 - 21:14:37: Server cvar "reconnect_features" = "0.3.1"
L 01/09/2020 - 21:14:37: Server cvar "report_system_version" = "3.1"
L 01/09/2020 - 21:14:37: Server cvar "resemiclip_version" = "2.3.9"
L 01/09/2020 - 21:14:37: Server cvar "reu_version" = "0.1.0.130"
L 01/09/2020 - 21:14:37: Server cvar "revoice_version" = "0.1.0.30"
L 01/09/2020 - 21:14:37: Server cvar "RRWM" = "2.0"
L 01/09/2020 - 21:14:37: Server cvar "sanksounds_version" = "1.8.6"
L 01/09/2020 - 21:14:37: Server cvar "SimpleMenu" = "1.1"
L 01/09/2020 - 21:14:37: Server cvar "SNAC_Version" = "1.1"
L 01/09/2020 - 21:14:37: Server cvar "SpecList" = "1.2a"
L 01/09/2020 - 21:14:37: Server cvar "sr_version" = "1.6"
L 01/09/2020 - 21:14:37: Server cvar "statsx_shell_ver" = "2.0.0 (BETA)"
L 01/09/2020 - 21:14:37: Server cvar "StyleC4Timer" = "2.1"
L 01/09/2020 - 21:14:37: Server cvar "sv_accelerate" = "5"
L 01/09/2020 - 21:14:37: Server cvar "sv_aim" = "1"
L 01/09/2020 - 21:14:37: Server cvar "sv_airaccelerate" = "100"
L 01/09/2020 - 21:14:37: Server cvar "sv_allowupload" = "1"
L 01/09/2020 - 21:14:37: Server cvar "sv_alltalk" = "1"
L 01/09/2020 - 21:14:37: Server cvar "sv_bounce" = "1"
L 01/09/2020 - 21:14:37: Server cvar "sv_cheats" = "0"
L 01/09/2020 - 21:14:37: Server cvar "sv_clienttrace" = "1"
L 01/09/2020 - 21:14:37: Server cvar "sv_contact" = "feruchio599@gmail.com"
L 01/09/2020 - 21:14:37: Server cvar "sv_friction" = "4"
L 01/09/2020 - 21:14:37: Server cvar "sv_gravity" = "800"
L 01/09/2020 - 21:14:37: Server cvar "sv_logblocks" = "0"
L 01/09/2020 - 21:14:37: Server cvar "sv_maxrate" = "50000"
L 01/09/2020 - 21:14:37: Server cvar "sv_maxspeed" = "900.000000"
L 01/09/2020 - 21:14:37: Server cvar "sv_minrate" = "10000"
L 01/09/2020 - 21:14:37: Server cvar "sv_password" = ""
L 01/09/2020 - 21:14:37: Server cvar "sv_proxies" = "1"
L 01/09/2020 - 21:14:37: Server cvar "sv_restart" = "0"
L 01/09/2020 - 21:14:37: Server cvar "sv_restartround" = "0"
L 01/09/2020 - 21:14:37: Server cvar "sv_stepsize" = "18"
L 01/09/2020 - 21:14:37: Server cvar "sv_stopspeed" = "75"
L 01/09/2020 - 21:14:37: Server cvar "sv_uploadmax" = "0.5"
L 01/09/2020 - 21:14:37: Server cvar "sv_version" = "1.1.2.7/Stdio,48,1621"
L 01/09/2020 - 21:14:37: Server cvar "sv_voiceenable" = "1"
L 01/09/2020 - 21:14:37: Server cvar "sv_wateraccelerate" = "10"
L 01/09/2020 - 21:14:37: Server cvar "sv_waterfriction" = "1"
L 01/09/2020 - 21:14:37: Server cvar "Team_Semiclip_version" = "3.3.1"
L 01/09/2020 - 21:14:37: Server cvar "vehicle_real_killer" = "1.1"
L 01/09/2020 - 21:14:37: Server cvar "WalkGuard" = "1.3.2"
L 01/09/2020 - 21:14:37: Server cvar "we_grenades" = "Huehue"
L 01/09/2020 - 21:14:37: Server cvar "we_player_models" = "Huehue"
L 01/09/2020 - 21:14:37: Server cvar "whb_version" = "1.5.692"
L 01/09/2020 - 21:14:37: Server cvar "zp_jp_version" = "Extra Item Jetpack+Bazooka v3.2"
L 01/09/2020 - 21:14:37: Server cvars end
L 01/09/2020 - 21:14:40: Server cvar "sv_maxspeed" = "900"
L 01/09/2020 - 21:14:40: Server cvar "mp_autoteambalance" = "1"
L 01/09/2020 - 21:14:40: Server cvar "mp_autoteambalance" = "0"
L 01/09/2020 - 21:14:40: Server cvar "amx_nextmap" = "[not yet voted on]"
L 01/09/2020 - 21:14:41: Started map "lakehouse" (CRC "-706263483")
L 01/09/2020 - 21:14:43: World triggered "Round_Start"
L 01/09/2020 - 21:14:43: "jesse_pinkman<20><STEAM_0:1:526796648><>" connected, address "91.148.164.81:27005"
L 01/09/2020 - 21:14:44: [REUNION]: cala221 (87.245.69.13) authorized as RevEmu
L 01/09/2020 - 21:14:44: "cala221<21><STEAM_1:1:110586922><>" connected, address "87.245.69.13:27005"
L 01/09/2020 - 21:14:44: "jesse_pinkman<20><STEAM_0:1:526796648><>" STEAM USERID validated
L 01/09/2020 - 21:14:45: "Sco7ch<9><STEAM_0:0:523417429><>" entered the game
L 01/09/2020 - 21:14:45: "2Pacalypse<13><VALVE_ID_LAN><>" entered the game
L 01/09/2020 - 21:14:47: "jesse_pinkman<20><STEAM_0:1:526796648><>" entered the game
L 01/09/2020 - 21:14:48: "cala221<21><STEAM_1:1:110586922><>" entered the game
L 01/09/2020 - 21:14:48: "jesse_pinkman<20><STEAM_0:1:526796648><>" joined team "TERRORIST"
L 01/09/2020 - 21:14:49: "jesse_pinkman<20><STEAM_0:1:526796648><TERRORIST>" triggered "Spawned_With_The_Bomb"
L 01/09/2020 - 21:14:49: "Sco7ch<9><STEAM_0:0:523417429><>" joined team "CT"
L 01/09/2020 - 21:14:50: World triggered "Game_Commencing"
L 01/09/2020 - 21:14:50: World triggered "Game_Commencing" (CT "0") (T "0")
L 01/09/2020 - 21:14:50: World triggered "Round_End"
L 01/09/2020 - 21:14:50: "ok<17><STEAM_0:0:19903402><>" entered the game
L 01/09/2020 - 21:14:51: "cala221<21><STEAM_1:1:110586922><>" joined team "TERRORIST"
L 01/09/2020 - 21:14:53: "cala221<21><STEAM_1:1:110586922><TERRORIST>" triggered "Spawned_With_The_Bomb"
L 01/09/2020 - 21:14:54: "ok<17><STEAM_0:0:19903402><>" joined team "CT"
L 01/09/2020 - 21:14:54: World triggered "Round_Start"
L 01/09/2020 - 21:14:55: "cala221<21><STEAM_1:1:110586922><TERRORIST>" triggered "Dropped_The_Bomb"
L 01/09/2020 - 21:14:55: "jesse_pinkman<20><STEAM_0:1:526796648><TERRORIST>" triggered "Got_The_Bomb"
L 01/09/2020 - 21:14:57: "2Pacalypse<13><VALVE_ID_LAN><>" joined team "TERRORIST"
L 01/09/2020 - 21:15:18: "Sco7ch<9><STEAM_0:0:523417429><CT>" killed "jesse_pinkman<20><STEAM_0:1:526796648><TERRORIST>" with "usp"
L 01/09/2020 - 21:15:18: "jesse_pinkman<20><STEAM_0:1:526796648><TERRORIST>" triggered "Dropped_The_Bomb"
L 01/09/2020 - 21:15:27: "cala221<21><STEAM_1:1:110586922><TERRORIST>" killed "Sco7ch<9><STEAM_0:0:523417429><CT>" with "deagle"
L 01/09/2020 - 21:15:34: "cala221<21><STEAM_1:1:110586922><TERRORIST>" triggered "Got_The_Bomb"
L 01/09/2020 - 21:15:43: "ok<17><STEAM_0:0:19903402><CT>" killed "cala221<21><STEAM_1:1:110586922><TERRORIST>" with "usp"
L 01/09/2020 - 21:15:43: "cala221<21><STEAM_1:1:110586922><TERRORIST>" triggered "Dropped_The_Bomb"
L 01/09/2020 - 21:16:18: "2Pacalypse<13><VALVE_ID_LAN><TERRORIST>" triggered "Got_The_Bomb"
L 01/09/2020 - 21:16:37: "2Pacalypse<13><VALVE_ID_LAN><TERRORIST>" triggered "Planted_The_Bomb"
L 01/09/2020 - 21:16:37: "ok<17><STEAM_0:0:19903402><CT>" killed "2Pacalypse<13><VALVE_ID_LAN><TERRORIST>" with "usp"
L 01/09/2020 - 21:16:39: "ok<17><STEAM_0:0:19903402><CT>" triggered "Begin_Bomb_Defuse_Without_Kit"
L 01/09/2020 - 21:16:49: "ok<17><STEAM_0:0:19903402><CT>" triggered "Defused_The_Bomb"
L 01/09/2020 - 21:16:49: Team "CT" triggered "Bomb_Defused" (CT "1") (T "0")
L 01/09/2020 - 21:16:49: World triggered "Round_End"
L 01/09/2020 - 21:16:54: "2Pacalypse<13><VALVE_ID_LAN><TERRORIST>" triggered "Spawned_With_The_Bomb"
L 01/09/2020 - 21:16:55: World triggered "Round_Start"
L 01/09/2020 - 21:17:13: "ok<17><STEAM_0:0:19903402><CT>" killed "jesse_pinkman<20><STEAM_0:1:526796648><TERRORIST>" with "ak47"
L 01/09/2020 - 21:17:23: "2Pacalypse<13><VALVE_ID_LAN><TERRORIST>" killed "Sco7ch<9><STEAM_0:0:523417429><CT>" with "galil"
L 01/09/2020 - 21:17:29: "ok<17><STEAM_0:0:19903402><CT>" killed "2Pacalypse<13><VALVE_ID_LAN><TERRORIST>" with "ak47"
L 01/09/2020 - 21:17:29: "2Pacalypse<13><VALVE_ID_LAN><TERRORIST>" triggered "Dropped_The_Bomb"
L 01/09/2020 - 21:17:41: "cala221<21><STEAM_1:1:110586922><TERRORIST>" triggered "Got_The_Bomb"
L 01/09/2020 - 21:17:50: "ok<17><STEAM_0:0:19903402><CT>" killed "cala221<21><STEAM_1:1:110586922><TERRORIST>" with "ak47"
L 01/09/2020 - 21:17:50: Team "CT" triggered "CTs_Win" (CT "2") (T "0")
L 01/09/2020 - 21:17:50: World triggered "Round_End"
L 01/09/2020 - 21:17:54: "Sco7ch<9><STEAM_0:0:523417429><CT>" joined team "TERRORIST"
L 01/09/2020 - 21:17:54: "<><><>" triggered "amx_chat" (text "[PTB] Transfered Sco7ch to TERRORIST")
L 01/09/2020 - 21:17:55: "2Pacalypse<13><VALVE_ID_LAN><TERRORIST>" triggered "Spawned_With_The_Bomb"
L 01/09/2020 - 21:17:56: World triggered "Round_Start"
L 01/09/2020 - 21:18:11: "ok<17><STEAM_0:0:19903402><CT>" killed "jesse_pinkman<20><STEAM_0:1:526796648><TERRORIST>" with "ak47"
L 01/09/2020 - 21:18:28: "Sco7ch<9><STEAM_0:0:523417429><TERRORIST>" killed "ok<17><STEAM_0:0:19903402><CT>" with "deagle"
L 01/09/2020 - 21:18:28: Team "TERRORIST" triggered "Terrorists_Win" (CT "2") (T "1")
L 01/09/2020 - 21:18:28: World triggered "Round_End"
L 01/09/2020 - 21:18:33: "jesse_pinkman<20><STEAM_0:1:526796648><TERRORIST>" triggered "Spawned_With_The_Bomb"
L 01/09/2020 - 21:18:34: World triggered "Round_Start"
L 01/09/2020 - 21:19:15: "jesse_pinkman<20><STEAM_0:1:526796648><TERRORIST>" triggered "Planted_The_Bomb"
L 01/09/2020 - 21:19:16: "ok<17><STEAM_0:0:19903402><CT>" killed "Sco7ch<9><STEAM_0:0:523417429><TERRORIST>" with "m4a1"
L 01/09/2020 - 21:19:28: "cala221<21><STEAM_1:1:110586922><TERRORIST>" killed "ok<17><STEAM_0:0:19903402><CT>" with "ak47"
L 01/09/2020 - 21:19:28: Team "TERRORIST" triggered "Terrorists_Win" (CT "2") (T "2")
L 01/09/2020 - 21:19:28: World triggered "Round_End"
L 01/09/2020 - 21:19:33: "cala221<21><STEAM_1:1:110586922><TERRORIST>" joined team "CT"
L 01/09/2020 - 21:19:33: "<><><>" triggered "amx_chat" (text "[PTB] Transfered cala221 to CT")
L 01/09/2020 - 21:19:33: "Sco7ch<9><STEAM_0:0:523417429><TERRORIST>" triggered "Spawned_With_The_Bomb"
L 01/09/2020 - 21:19:34: World triggered "Round_Start"
L 01/09/2020 - 21:19:36: "Sco7ch<9><STEAM_0:0:523417429><TERRORIST>" triggered "Dropped_The_Bomb"
L 01/09/2020 - 21:19:36: "jesse_pinkman<20><STEAM_0:1:526796648><TERRORIST>" triggered "Got_The_Bomb"
L 01/09/2020 - 21:19:50: "Sco7ch<9><STEAM_0:0:523417429><TERRORIST>" killed "ok<17><STEAM_0:0:19903402><CT>" with "awp"
L 01/09/2020 - 21:20:05: "Sco7ch<9><STEAM_0:0:523417429><TERRORIST>" killed "cala221<21><STEAM_1:1:110586922><CT>" with "awp"
L 01/09/2020 - 21:20:05: Team "TERRORIST" triggered "Terrorists_Win" (CT "2") (T "3")
L 01/09/2020 - 21:20:05: World triggered "Round_End"
L 01/09/2020 - 21:20:10: "2Pacalypse<13><VALVE_ID_LAN><TERRORIST>" triggered "Spawned_With_The_Bomb"
L 01/09/2020 - 21:20:11: World triggered "Round_Start"
L 01/09/2020 - 21:20:19: "2Pacalypse<13><VALVE_ID_LAN><TERRORIST>" killed "cala221<21><STEAM_1:1:110586922><CT>" with "awp"
L 01/09/2020 - 21:21:15: "2Pacalypse<13><VALVE_ID_LAN><TERRORIST>" triggered "Dropped_The_Bomb"
L 01/09/2020 - 21:21:15: "jesse_pinkman<20><STEAM_0:1:526796648><TERRORIST>" triggered "Got_The_Bomb"
L 01/09/2020 - 21:21:20: "jesse_pinkman<20><STEAM_0:1:526796648><TERRORIST>" killed "ok<17><STEAM_0:0:19903402><CT>" with "ak47"
L 01/09/2020 - 21:21:20: Team "TERRORIST" triggered "Terrorists_Win" (CT "2") (T "4")
L 01/09/2020 - 21:21:20: World triggered "Round_End"
L 01/09/2020 - 21:21:24: "2Pacalypse<13><VALVE_ID_LAN><TERRORIST>" joined team "CT"
L 01/09/2020 - 21:21:24: "<><><>" triggered "amx_chat" (text "[PTB] Transfered 2Pacalypse to CT")
L 01/09/2020 - 21:21:25: "jesse_pinkman<20><STEAM_0:1:526796648><TERRORIST>" triggered "Spawned_With_The_Bomb"
L 01/09/2020 - 21:21:26: World triggered "Round_Start"
L 01/09/2020 - 21:21:31: "2Pacalypse<13><VALVE_ID_LAN><CT>" committed suicide with "world"
L 01/09/2020 - 21:21:31: "2Pacalypse<13><VALVE_ID_LAN><CT>" joined team "TERRORIST"
L 01/09/2020 - 21:21:38: "cala221<21><STEAM_1:1:110586922><CT>" killed "Sco7ch<9><STEAM_0:0:523417429><TERRORIST>" with "awp"
L 01/09/2020 - 21:21:47: "jesse_pinkman<20><STEAM_0:1:526796648><TERRORIST>" killed "ok<17><STEAM_0:0:19903402><CT>" with "ak47"
L 01/09/2020 - 21:21:58: "cala221<21><STEAM_1:1:110586922><CT>" killed "jesse_pinkman<20><STEAM_0:1:526796648><TERRORIST>" with "awp"
L 01/09/2020 - 21:21:58: Team "CT" triggered "CTs_Win" (CT "3") (T "4")
L 01/09/2020 - 21:21:58: World triggered "Round_End"
L 01/09/2020 - 21:22:03: "Sco7ch<9><STEAM_0:0:523417429><TERRORIST>" triggered "Spawned_With_The_Bomb"
L 01/09/2020 - 21:22:04: World triggered "Round_Start"
L 01/09/2020 - 21:22:15: "2Pacalypse<13><VALVE_ID_LAN><TERRORIST>" killed "ok<17><STEAM_0:0:19903402><CT>" with "awp"
L 01/09/2020 - 21:22:16: "cala221<21><STEAM_1:1:110586922><CT>" killed "Sco7ch<9><STEAM_0:0:523417429><TERRORIST>" with "awp"
L 01/09/2020 - 21:22:16: "Sco7ch<9><STEAM_0:0:523417429><TERRORIST>" triggered "Dropped_The_Bomb"
L 01/09/2020 - 21:22:21: "2Pacalypse<13><VALVE_ID_LAN><TERRORIST>" killed "cala221<21><STEAM_1:1:110586922><CT>" with "awp"
L 01/09/2020 - 21:22:21: Team "TERRORIST" triggered "Terrorists_Win" (CT "3") (T "5")
L 01/09/2020 - 21:22:21: World triggered "Round_End"
L 01/09/2020 - 21:22:26: "Sco7ch<9><STEAM_0:0:523417429><TERRORIST>" joined team "CT"
L 01/09/2020 - 21:22:26: "<><><>" triggered "amx_chat" (text "[PTB] Transfered Sco7ch to CT")
L 01/09/2020 - 21:22:26: "jesse_pinkman<20><STEAM_0:1:526796648><TERRORIST>" triggered "Spawned_With_The_Bomb"
L 01/09/2020 - 21:22:27: World triggered "Round_Start"
L 01/09/2020 - 21:22:40: "cala221<21><STEAM_1:1:110586922><CT>" killed "2Pacalypse<13><VALVE_ID_LAN><TERRORIST>" with "awp"
L 01/09/2020 - 21:23:05: "Sco7ch<9><STEAM_0:0:523417429><CT>" killed "jesse_pinkman<20><STEAM_0:1:526796648><TERRORIST>" with "aug"
L 01/09/2020 - 21:23:05: Team "CT" triggered "CTs_Win" (CT "4") (T "5")
L 01/09/2020 - 21:23:05: World triggered "Round_End"
L 01/09/2020 - 21:23:10: "cala221<21><STEAM_1:1:110586922><CT>" joined team "TERRORIST"
L 01/09/2020 - 21:23:10: "<><><>" triggered "amx_chat" (text "[PTB] Transfered cala221 to TERRORIST")
L 01/09/2020 - 21:23:10: "cala221<21><STEAM_1:1:110586922><TERRORIST>" triggered "Spawned_With_The_Bomb"
L 01/09/2020 - 21:23:11: World triggered "Round_Start"
L 01/09/2020 - 21:23:22: "2Pacalypse<13><VALVE_ID_LAN><TERRORIST>" killed "Sco7ch<9><STEAM_0:0:523417429><CT>" with "awp"
L 01/09/2020 - 21:23:54: "Sco7ch<9><STEAM_0:0:523417429><CT>" joined team "SPECTATOR"
L 01/09/2020 - 21:24:07: "2Pacalypse<13><VALVE_ID_LAN><TERRORIST>" killed "ok<17><STEAM_0:0:19903402><CT>" with "awp"
L 01/09/2020 - 21:24:07: Team "TERRORIST" triggered "Terrorists_Win" (CT "4") (T "6")
L 01/09/2020 - 21:24:07: World triggered "Round_End"
L 01/09/2020 - 21:24:12: "2Pacalypse<13><VALVE_ID_LAN><TERRORIST>" joined team "CT"
L 01/09/2020 - 21:24:12: "<><><>" triggered "amx_chat" (text "[PTB] Transfered 2Pacalypse to CT")
L 01/09/2020 - 21:24:12: "jesse_pinkman<20><STEAM_0:1:526796648><TERRORIST>" triggered "Spawned_With_The_Bomb"
L 01/09/2020 - 21:24:13: World triggered "Round_Start"
L 01/09/2020 - 21:24:30: "2Pacalypse<13><VALVE_ID_LAN><CT>" killed "cala221<21><STEAM_1:1:110586922><TERRORIST>" with "awp"
L 01/09/2020 - 21:24:42: "ok<17><STEAM_0:0:19903402><CT>" killed "jesse_pinkman<20><STEAM_0:1:526796648><TERRORIST>" with "mp5navy"
L 01/09/2020 - 21:24:42: Team "CT" triggered "CTs_Win" (CT "5") (T "6")
L 01/09/2020 - 21:24:42: World triggered "Round_End"
L 01/09/2020 - 21:24:47: "cala221<21><STEAM_1:1:110586922><TERRORIST>" triggered "Spawned_With_The_Bomb"
L 01/09/2020 - 21:24:48: World triggered "Round_Start"
L 01/09/2020 - 21:25:01: "2Pacalypse<13><VALVE_ID_LAN><CT>" disconnected
L 01/09/2020 - 21:25:12: "ok<17><STEAM_0:0:19903402><CT>" killed "cala221<21><STEAM_1:1:110586922><TERRORIST>" with "m4a1"
L 01/09/2020 - 21:25:12: "cala221<21><STEAM_1:1:110586922><TERRORIST>" triggered "Dropped_The_Bomb"
L 01/09/2020 - 21:26:08: "cala221<21><STEAM_1:1:110586922><TERRORIST>" joined team "SPECTATOR"
L 01/09/2020 - 21:26:19: "jesse_pinkman<20><STEAM_0:1:526796648><TERRORIST>" killed "ok<17><STEAM_0:0:19903402><CT>" with "grenade"
L 01/09/2020 - 21:26:19: Team "TERRORIST" triggered "Terrorists_Win" (CT "5") (T "7")
L 01/09/2020 - 21:26:19: World triggered "Round_End"
L 01/09/2020 - 21:26:24: "jesse_pinkman<20><STEAM_0:1:526796648><TERRORIST>" triggered "Spawned_With_The_Bomb"
L 01/09/2020 - 21:26:25: World triggered "Round_Start"
L 01/09/2020 - 21:26:30: "cala221<21><STEAM_1:1:110586922><SPECTATOR>" joined team "CT"
L 01/09/2020 - 21:27:05: "jesse_pinkman<20><STEAM_0:1:526796648><TERRORIST>" killed "ok<17><STEAM_0:0:19903402><CT>" with "ak47"
L 01/09/2020 - 21:27:33: "cala221<21><STEAM_1:1:110586922><CT>" killed "jesse_pinkman<20><STEAM_0:1:526796648><TERRORIST>" with "knife"
L 01/09/2020 - 21:27:33: Team "CT" triggered "CTs_Win" (CT "6") (T "7")
L 01/09/2020 - 21:27:33: World triggered "Round_End"
L 01/09/2020 - 21:27:37: "ok<17><STEAM_0:0:19903402><CT>" joined team "TERRORIST"
L 01/09/2020 - 21:27:37: "<><><>" triggered "amx_chat" (text "[PTB] Transfered ok to TERRORIST")
L 01/09/2020 - 21:27:38: "ok<17><STEAM_0:0:19903402><TERRORIST>" triggered "Spawned_With_The_Bomb"
L 01/09/2020 - 21:27:39: World triggered "Round_Start"
L 01/09/2020 - 21:28:02: "ok<17><STEAM_0:0:19903402><TERRORIST>" triggered "Dropped_The_Bomb"
L 01/09/2020 - 21:28:02: "jesse_pinkman<20><STEAM_0:1:526796648><TERRORIST>" triggered "Got_The_Bomb"
L 01/09/2020 - 21:28:06: "cala221<21><STEAM_1:1:110586922><CT>" killed "jesse_pinkman<20><STEAM_0:1:526796648><TERRORIST>" with "deagle"
L 01/09/2020 - 21:28:06: "jesse_pinkman<20><STEAM_0:1:526796648><TERRORIST>" triggered "Dropped_The_Bomb"
L 01/09/2020 - 21:28:07: "ok<17><STEAM_0:0:19903402><TERRORIST>" killed "cala221<21><STEAM_1:1:110586922><CT>" with "deagle"
L 01/09/2020 - 21:28:07: Team "TERRORIST" triggered "Terrorists_Win" (CT "6") (T "8")
L 01/09/2020 - 21:28:07: World triggered "Round_End"
L 01/09/2020 - 21:28:09: "ok<17><STEAM_0:0:19903402><TERRORIST>" triggered "Got_The_Bomb"
L 01/09/2020 - 21:28:12: "jesse_pinkman<20><STEAM_0:1:526796648><TERRORIST>" joined team "CT"
L 01/09/2020 - 21:28:12: "<><><>" triggered "amx_chat" (text "[PTB] Transfered jesse_pinkman to CT")
L 01/09/2020 - 21:28:12: "ok<17><STEAM_0:0:19903402><TERRORIST>" triggered "Spawned_With_The_Bomb"
L 01/09/2020 - 21:28:13: World triggered "Round_Start"
L 01/09/2020 - 21:28:26: "ok<17><STEAM_0:0:19903402><TERRORIST>" killed "jesse_pinkman<20><STEAM_0:1:526796648><CT>" with "ak47"
L 01/09/2020 - 21:28:36: "cala221<21><STEAM_1:1:110586922><CT>" killed "ok<17><STEAM_0:0:19903402><TERRORIST>" with "awp"
L 01/09/2020 - 21:28:36: Team "CT" triggered "CTs_Win" (CT "7") (T "8")
L 01/09/2020 - 21:28:36: World triggered "Round_End"
L 01/09/2020 - 21:28:37: Server cvar "amx_nextmap" = "de_lidl"
L 01/09/2020 - 21:28:40: "cala221<21><STEAM_1:1:110586922><CT>" committed suicide with "world"
L 01/09/2020 - 21:28:40: "cala221<21><STEAM_1:1:110586922><CT>" joined team "TERRORIST"
L 01/09/2020 - 21:28:41: "ok<17><STEAM_0:0:19903402><TERRORIST>" triggered "Spawned_With_The_Bomb"
L 01/09/2020 - 21:28:42: World triggered "Round_Start"
L 01/09/2020 - 21:28:54: "ok<17><STEAM_0:0:19903402><TERRORIST>" killed "jesse_pinkman<20><STEAM_0:1:526796648><CT>" with "awp"
L 01/09/2020 - 21:28:54: Team "TERRORIST" triggered "Terrorists_Win" (CT "7") (T "9")
L 01/09/2020 - 21:28:54: World triggered "Round_End"
L 01/09/2020 - 21:28:57: "jesse_pinkman<20><STEAM_0:1:526796648><CT>" disconnected
L 01/09/2020 - 21:28:59: "cala221<21><STEAM_1:1:110586922><TERRORIST>" triggered "Spawned_With_The_Bomb"
L 01/09/2020 - 21:29:00: World triggered "Round_Start"
L 01/09/2020 - 21:29:00: Server cvar "sv_maxspeed" = "0.000000"
L 01/09/2020 - 21:29:00: Server cvar "mp_friendlyfire" = "1"
L 01/09/2020 - 21:29:03: "cala221<21><STEAM_1:1:110586922><TERRORIST>" killed "ok<17><STEAM_0:0:19903402><TERRORIST>" with "deagle"
L 01/09/2020 - 21:29:07: "cala221<21><STEAM_1:1:110586922><TERRORIST>" committed suicide with "world"
L 01/09/2020 - 21:29:07: World triggered "Round_Draw" (CT "7") (T "9")
L 01/09/2020 - 21:29:07: World triggered "Round_End"
L 01/09/2020 - 21:29:11: Server cvar "sv_maxspeed" = "900.000000"
L 01/09/2020 - 21:29:11: Server cvar "mp_friendlyfire" = "0"
L 01/09/2020 - 21:29:11: [META] ini: Begin re-reading plugins list: /home/rented/public9/cstrike/addons/metamod/plugins.ini
L 01/09/2020 - 21:29:11: [META] ini: Read plugin config for: SafeNameAndChat
L 01/09/2020 - 21:29:11: [META] ini: Read plugin config for: AMX Mod X
L 01/09/2020 - 21:29:11: [META] ini: Read plugin config for: Reunion
L 01/09/2020 - 21:29:11: [META] ini: Read plugin config for: ReAuthCheck
L 01/09/2020 - 21:29:11: [META] ini: Read plugin config for: WHBlocker
L 01/09/2020 - 21:29:11: [META] ini: Read plugin config for: ReSemiclip
L 01/09/2020 - 21:29:11: [META] ini: Read plugin config for: Revoice
L 01/09/2020 - 21:29:11: [META] ini: Finished reading plugins list: /home/rented/public9/cstrike/addons/metamod/plugins.ini; Found 7 plugins
L 01/09/2020 - 21:29:11: [META] dll: Updating plugins...
L 01/09/2020 - 21:29:11: [META] WARNING: Cannot clear plugin 'SafeNameAndChat'; not marked as failed, empty, or open (status=valid)
L 01/09/2020 - 21:29:11: [META] dll: Unloaded plugin 'SafeNameAndChat' for reason 'file on disk is newer'
L 01/09/2020 - 21:29:11: [META] dll: Loaded plugin 'SafeNameAndChat': SafeNameAndChat v1.1 2017.02.01, WPMG.PRoSToC0der
L 01/09/2020 - 21:29:11: [META] WARNING: Cannot clear plugin 'WHBlocker'; not marked as failed, empty, or open (status=valid)
L 01/09/2020 - 21:29:11: [META] dll: Unloaded plugin 'WHBlocker' for reason 'file on disk is newer'
L 01/09/2020 - 21:29:11: [META] dll: Loaded plugin 'WHBlocker': WHBlocker v1.5.692 2017-04-13, s1lent
L 01/09/2020 - 21:29:11: [META] WARNING: Cannot clear plugin 'ReSemiclip'; not marked as failed, empty, or open (status=valid)
L 01/09/2020 - 21:29:11: [META] dll: Unloaded plugin 'ReSemiclip' for reason 'file on disk is newer'
L 01/09/2020 - 21:29:11: [META] dll: Loaded plugin 'ReSemiclip': ReSemiclip v2.3.9 13/02/17, s1lent & Adidasman
L 01/09/2020 - 21:29:11: [META] dll: Finished updating 14 plugins; kept 0, loaded 0, unloaded 0, reloaded 3, delayed 0
L 01/09/2020 - 21:29:11: "Sco7ch<9><STEAM_0:0:523417429><SPECTATOR>" disconnected
L 01/09/2020 - 21:29:11: "cala221<21><STEAM_1:1:110586922><TERRORIST>" disconnected
L 01/09/2020 - 21:29:11: "ok<17><STEAM_0:0:19903402><TERRORIST>" disconnected
L 01/09/2020 - 21:29:11: Log file closed
