L 01/02/2020 - 13:29:17: Log file started (file "logs/L0102047.log") (game "cstrike") (version "48/1.1.2.7/Stdio/1621")
L 01/02/2020 - 13:29:17: Loading map "awesome_cars2"
L 01/02/2020 - 13:29:17: Server cvars start
L 01/02/2020 - 13:29:17: Server cvar "@BunnyHopper" = "3.x"
L 01/02/2020 - 13:29:17: Server cvar "@CRXGoSpec" = "1.1"
L 01/02/2020 - 13:29:17: Server cvar "@CRXRemoveImmunity" = "1.0"
L 01/02/2020 - 13:29:17: Server cvar "@D.I.C.E." = "1.1"
L 01/02/2020 - 13:29:17: Server cvar "@MOTDCommands" = "1.2"
L 01/02/2020 - 13:29:17: Server cvar "advanced_quake_sounds" = "5.0"
L 01/02/2020 - 13:29:17: Server cvar "AdvancedMute" = "1.0"
L 01/02/2020 - 13:29:17: Server cvar "aesp_version" = "1.3"
L 01/02/2020 - 13:29:17: Server cvar "allow_spectators" = "1.0"
L 01/02/2020 - 13:29:17: Server cvar "amx_client_languages" = "1"
L 01/02/2020 - 13:29:17: Server cvar "amx_language" = "en"
L 01/02/2020 - 13:29:17: Server cvar "amx_nextmap" = "awesome_cars2"
L 01/02/2020 - 13:29:17: Server cvar "amx_ptb_version" = "1.8b3"
L 01/02/2020 - 13:29:17: Server cvar "amx_timeleft" = "00:00"
L 01/02/2020 - 13:29:17: Server cvar "amxmodx_version" = "1.8.2"
L 01/02/2020 - 13:29:17: Server cvar "amxxbg_vip" = "1.0"
L 01/02/2020 - 13:29:17: Server cvar "asp_version" = "4.5.1"
L 01/02/2020 - 13:29:17: Server cvar "atac_version" = "3.0.1"
L 01/02/2020 - 13:29:17: Server cvar "badcamper_version" = "1.4 beta"
L 01/02/2020 - 13:29:17: Server cvar "blockmaker" = "4.01"
L 01/02/2020 - 13:29:17: Server cvar "c4 timer" = "1.1"
L 01/02/2020 - 13:29:17: Server cvar "coop" = "0"
L 01/02/2020 - 13:29:17: Server cvar "CRXAdminGroups" = "1.0"
L 01/02/2020 - 13:29:17: Server cvar "CRXCommandRestrictions" = "1.0"
L 01/02/2020 - 13:29:17: Server cvar "CRXFastKnife" = "1.0"
L 01/02/2020 - 13:29:17: Server cvar "CRXGametracker" = "2.0"
L 01/02/2020 - 13:29:17: Server cvar "CRXKnifeModels" = "2.5.7"
L 01/02/2020 - 13:29:17: Server cvar "CRXTeamAdvantage" = "1.0"
L 01/02/2020 - 13:29:17: Server cvar "CustomShop" = "4.2"
L 01/02/2020 - 13:29:17: Server cvar "deathmatch" = "1"
L 01/02/2020 - 13:29:17: Server cvar "decalfrequency" = "0"
L 01/02/2020 - 13:29:17: Server cvar "edgefriction" = "2"
L 01/02/2020 - 13:29:17: Server cvar "ers_version" = "2.3c"
L 01/02/2020 - 13:29:17: Server cvar "gagsystem_shoko" = "1.0"
L 01/02/2020 - 13:29:17: Server cvar "gal_mapcyclefile" = "mapcycle.txt"
L 01/02/2020 - 13:29:17: Server cvar "gal_version" = "v5.9.1-926"
L 01/02/2020 - 13:29:17: Server cvar "game_version" = "5.7.0.313-dev"
L 01/02/2020 - 13:29:17: Server cvar "humans_join_team" = "any"
L 01/02/2020 - 13:29:17: Server cvar "jtp10181" = "chute,gore"
L 01/02/2020 - 13:29:17: Server cvar "lawliet" = "ny_RainingSnow"
L 01/02/2020 - 13:29:17: Server cvar "LetitSnow" = "1.0"
L 01/02/2020 - 13:29:17: Server cvar "map_spawns" = "T(16) CT(16)"
L 01/02/2020 - 13:29:17: Server cvar "max_queries_sec" = "3"
L 01/02/2020 - 13:29:17: Server cvar "max_queries_sec_global" = "150"
L 01/02/2020 - 13:29:17: Server cvar "max_queries_window" = "60"
L 01/02/2020 - 13:29:17: Server cvar "mdbBans" = "4.8"
L 01/02/2020 - 13:29:17: Server cvar "metamod_version" = "1.21p37"
L 01/02/2020 - 13:29:17: Server cvar "mp_autokick" = "0"
L 01/02/2020 - 13:29:17: Server cvar "mp_autokick_timeout" = "-1"
L 01/02/2020 - 13:29:17: Server cvar "mp_autoteambalance" = "0"
L 01/02/2020 - 13:29:17: Server cvar "mp_buytime" = "0.25"
L 01/02/2020 - 13:29:17: Server cvar "mp_c4timer" = "35"
L 01/02/2020 - 13:29:17: Server cvar "mp_chattime" = "10.000000"
L 01/02/2020 - 13:29:17: Server cvar "mp_consistency" = "1"
L 01/02/2020 - 13:29:17: Server cvar "mp_fadetoblack" = "0"
L 01/02/2020 - 13:29:17: Server cvar "mp_flashlight" = "1"
L 01/02/2020 - 13:29:17: Server cvar "mp_footsteps" = "1"
L 01/02/2020 - 13:29:17: Server cvar "mp_forcecamera" = "0"
L 01/02/2020 - 13:29:17: Server cvar "mp_forcechasecam" = "0"
L 01/02/2020 - 13:29:17: Server cvar "mp_forcerespawn" = "0"
L 01/02/2020 - 13:29:17: Server cvar "mp_fraglimit" = "0"
L 01/02/2020 - 13:29:17: Server cvar "mp_fragsleft" = "0"
L 01/02/2020 - 13:29:17: Server cvar "mp_freeforall" = "0"
L 01/02/2020 - 13:29:17: Server cvar "mp_freezetime" = "1"
L 01/02/2020 - 13:29:17: Server cvar "mp_friendlyfire" = "0"
L 01/02/2020 - 13:29:17: Server cvar "mp_hostage_hurtable" = "1"
L 01/02/2020 - 13:29:17: Server cvar "mp_hostagepenalty" = "0"
L 01/02/2020 - 13:29:17: Server cvar "mp_item_staytime" = "300"
L 01/02/2020 - 13:29:17: Server cvar "mp_kickpercent" = "0.66"
L 01/02/2020 - 13:29:17: Server cvar "mp_legacy_bombtarget_touch" = "1"
L 01/02/2020 - 13:29:17: Server cvar "mp_limitteams" = "0"
L 01/02/2020 - 13:29:17: Server cvar "mp_logdetail" = "0"
L 01/02/2020 - 13:29:17: Server cvar "mp_logfile" = "1"
L 01/02/2020 - 13:29:17: Server cvar "mp_logmessages" = "1"
L 01/02/2020 - 13:29:17: Server cvar "mp_mapvoteratio" = "0.66"
L 01/02/2020 - 13:29:17: Server cvar "mp_maxmoney" = "999999"
L 01/02/2020 - 13:29:17: Server cvar "mp_maxrounds" = "0"
L 01/02/2020 - 13:29:17: Server cvar "mp_mirrordamage" = "0"
L 01/02/2020 - 13:29:17: Server cvar "mp_old_bomb_defused_sound" = "1"
L 01/02/2020 - 13:29:17: Server cvar "mp_playerid" = "0"
L 01/02/2020 - 13:29:17: Server cvar "mp_respawn_immunitytime" = "0"
L 01/02/2020 - 13:29:17: Server cvar "mp_round_infinite" = "0"
L 01/02/2020 - 13:29:17: Server cvar "mp_round_restart_delay" = "5"
L 01/02/2020 - 13:29:17: Server cvar "mp_roundover" = "0"
L 01/02/2020 - 13:29:17: Server cvar "mp_roundtime" = "2.3"
L 01/02/2020 - 13:29:17: Server cvar "mp_show_radioicon" = "1"
L 01/02/2020 - 13:29:17: Server cvar "mp_startmoney" = "850"
L 01/02/2020 - 13:29:17: Server cvar "mp_timeleft" = "00:00"
L 01/02/2020 - 13:29:17: Server cvar "mp_timelimit" = "20"
L 01/02/2020 - 13:29:17: Server cvar "mp_tkpunish" = "0"
L 01/02/2020 - 13:29:17: Server cvar "mp_windifference" = "1"
L 01/02/2020 - 13:29:17: Server cvar "mp_winlimit" = "0"
L 01/02/2020 - 13:29:17: Server cvar "NoWeaponsOnGround" = "1.0"
L 01/02/2020 - 13:29:17: Server cvar "pausable" = "0"
L 01/02/2020 - 13:29:17: Server cvar "present_version" = "2.01"
L 01/02/2020 - 13:29:17: Server cvar "RandomHP" = "2.2"
L 01/02/2020 - 13:29:17: Server cvar "reauthcheck_version" = "0.1.6"
L 01/02/2020 - 13:29:17: Server cvar "reconnect_features" = "0.3.1"
L 01/02/2020 - 13:29:17: Server cvar "report_system_version" = "3.1"
L 01/02/2020 - 13:29:17: Server cvar "resemiclip_version" = "2.3.9"
L 01/02/2020 - 13:29:17: Server cvar "reu_version" = "0.1.0.130"
L 01/02/2020 - 13:29:17: Server cvar "revoice_version" = "0.1.0.30"
L 01/02/2020 - 13:29:17: Server cvar "RRWM" = "2.0"
L 01/02/2020 - 13:29:17: Server cvar "sanksounds_version" = "1.8.6"
L 01/02/2020 - 13:29:17: Server cvar "SimpleMenu" = "1.1"
L 01/02/2020 - 13:29:17: Server cvar "SNAC_Version" = "1.1"
L 01/02/2020 - 13:29:17: Server cvar "SpecList" = "1.2a"
L 01/02/2020 - 13:29:17: Server cvar "sr_version" = "1.6"
L 01/02/2020 - 13:29:17: Server cvar "statsx_shell_ver" = "2.0.0 (BETA)"
L 01/02/2020 - 13:29:17: Server cvar "StyleC4Timer" = "2.1"
L 01/02/2020 - 13:29:17: Server cvar "sv_accelerate" = "5"
L 01/02/2020 - 13:29:17: Server cvar "sv_aim" = "1"
L 01/02/2020 - 13:29:17: Server cvar "sv_airaccelerate" = "100"
L 01/02/2020 - 13:29:17: Server cvar "sv_allowupload" = "1"
L 01/02/2020 - 13:29:17: Server cvar "sv_alltalk" = "1"
L 01/02/2020 - 13:29:17: Server cvar "sv_bounce" = "1"
L 01/02/2020 - 13:29:17: Server cvar "sv_cheats" = "0"
L 01/02/2020 - 13:29:17: Server cvar "sv_clienttrace" = "1"
L 01/02/2020 - 13:29:17: Server cvar "sv_contact" = "feruchio599@gmail.com"
L 01/02/2020 - 13:29:17: Server cvar "sv_friction" = "4"
L 01/02/2020 - 13:29:17: Server cvar "sv_gravity" = "800"
L 01/02/2020 - 13:29:17: Server cvar "sv_logblocks" = "0"
L 01/02/2020 - 13:29:17: Server cvar "sv_maxrate" = "50000"
L 01/02/2020 - 13:29:17: Server cvar "sv_maxspeed" = "900"
L 01/02/2020 - 13:29:17: Server cvar "sv_minrate" = "10000"
L 01/02/2020 - 13:29:17: Server cvar "sv_password" = ""
L 01/02/2020 - 13:29:17: Server cvar "sv_proxies" = "1"
L 01/02/2020 - 13:29:17: Server cvar "sv_restart" = "0"
L 01/02/2020 - 13:29:17: Server cvar "sv_restartround" = "0"
L 01/02/2020 - 13:29:17: Server cvar "sv_stepsize" = "18"
L 01/02/2020 - 13:29:17: Server cvar "sv_stopspeed" = "75"
L 01/02/2020 - 13:29:17: Server cvar "sv_uploadmax" = "0.5"
L 01/02/2020 - 13:29:17: Server cvar "sv_version" = "1.1.2.7/Stdio,48,1621"
L 01/02/2020 - 13:29:17: Server cvar "sv_voiceenable" = "1"
L 01/02/2020 - 13:29:17: Server cvar "sv_wateraccelerate" = "10"
L 01/02/2020 - 13:29:17: Server cvar "sv_waterfriction" = "1"
L 01/02/2020 - 13:29:17: Server cvar "Team_Semiclip_version" = "3.3.1"
L 01/02/2020 - 13:29:17: Server cvar "vehicle_real_killer" = "1.1"
L 01/02/2020 - 13:29:17: Server cvar "WalkGuard" = "1.3.2"
L 01/02/2020 - 13:29:17: Server cvar "we_grenades" = "Huehue"
L 01/02/2020 - 13:29:17: Server cvar "we_player_models" = "Huehue"
L 01/02/2020 - 13:29:17: Server cvar "whb_version" = "1.5.692"
L 01/02/2020 - 13:29:17: Server cvar "zp_jp_version" = "Extra Item Jetpack+Bazooka v3.2"
L 01/02/2020 - 13:29:17: Server cvars end
L 01/02/2020 - 13:29:19: Server cvar "mp_autoteambalance" = "1"
L 01/02/2020 - 13:29:19: Server cvar "mp_autoteambalance" = "0"
L 01/02/2020 - 13:29:20: Server cvar "amx_nextmap" = "[not yet voted on]"
L 01/02/2020 - 13:29:21: Started map "awesome_cars2" (CRC "-1530699201")
L 01/02/2020 - 13:29:23: World triggered "Round_Start"
L 01/02/2020 - 13:29:26: Server cvar "mp_timelimit" = "10"
L 01/02/2020 - 13:32:12: [REUNION]: *ТшПрЕ (185.120.89.138) authorized as RevEmu
L 01/02/2020 - 13:32:12: "*ТшПрЕ<28><STEAM_1:1:258591581><>" connected, address "185.120.89.138:30135"
L 01/02/2020 - 13:32:17: [REUNION]: *ТшПрЕ (185.120.89.138) authorized as RevEmu
L 01/02/2020 - 13:32:17: "*ТшПрЕ<29><STEAM_1:1:258591581><>" connected, address "185.120.89.138:30135"
L 01/02/2020 - 13:32:22: "*ТшПрЕ<29><STEAM_1:1:258591581><>" entered the game
L 01/02/2020 - 13:32:26: "*ТшПрЕ<29><STEAM_1:1:258591581><>" joined team "TERRORIST"
L 01/02/2020 - 13:32:49: [REUNION]: *NiGhT (185.120.89.138) authorized as RevEmu
L 01/02/2020 - 13:32:49: "*NiGhT<30><STEAM_2:0:1888876602><>" connected, address "185.120.89.138:62894"
L 01/02/2020 - 13:32:56: "*NiGhT<30><STEAM_2:0:1888876602><>" entered the game
L 01/02/2020 - 13:32:59: "*NiGhT<30><STEAM_2:0:1888876602><>" joined team "TERRORIST"
L 01/02/2020 - 13:33:10: "*ТшПрЕ<29><STEAM_1:1:258591581><TERRORIST>" committed suicide with "world"
L 01/02/2020 - 13:33:10: "*ТшПрЕ<29><STEAM_1:1:258591581><TERRORIST>" joined team "CT"
L 01/02/2020 - 13:33:11: "*NiGhT<30><STEAM_2:0:1888876602><TERRORIST>" committed suicide with "world"
L 01/02/2020 - 13:33:11: World triggered "Round_Draw" (CT "0") (T "0")
L 01/02/2020 - 13:33:11: World triggered "Round_End"
L 01/02/2020 - 13:33:11: "*NiGhT<30><STEAM_2:0:1888876602><TERRORIST>" joined team "CT"
L 01/02/2020 - 13:33:17: World triggered "Round_Start"
L 01/02/2020 - 13:33:17: "*ТшПрЕ<29><STEAM_1:1:258591581><CT>" committed suicide with "world"
L 01/02/2020 - 13:33:17: "*ТшПрЕ<29><STEAM_1:1:258591581><CT>" joined team "TERRORIST"
L 01/02/2020 - 13:33:17: World triggered "Game_Commencing"
L 01/02/2020 - 13:33:17: World triggered "Game_Commencing" (CT "0") (T "0")
L 01/02/2020 - 13:33:17: World triggered "Round_End"
L 01/02/2020 - 13:33:21: World triggered "Round_Start"
L 01/02/2020 - 13:33:59: "*NiGhT<30><STEAM_2:0:1888876602><CT>" killed "*ТшПрЕ<29><STEAM_1:1:258591581><TERRORIST>" with "tracktrain"
L 01/02/2020 - 13:33:59: Team "CT" triggered "CTs_Win" (CT "1") (T "0")
L 01/02/2020 - 13:33:59: World triggered "Round_End"
L 01/02/2020 - 13:34:05: World triggered "Round_Start"
L 01/02/2020 - 13:34:18: "*ТшПрЕ<29><STEAM_1:1:258591581><TERRORIST>" killed "*NiGhT<30><STEAM_2:0:1888876602><CT>" with "knife"
L 01/02/2020 - 13:34:18: Team "TERRORIST" triggered "Terrorists_Win" (CT "1") (T "1")
L 01/02/2020 - 13:34:18: World triggered "Round_End"
L 01/02/2020 - 13:34:24: World triggered "Round_Start"
L 01/02/2020 - 13:36:42: "*ТшПрЕ<29><STEAM_1:1:258591581><TERRORIST>" committed suicide with "world"
L 01/02/2020 - 13:36:42: Team "CT" triggered "CTs_Win" (CT "2") (T "1")
L 01/02/2020 - 13:36:42: World triggered "Round_End"
L 01/02/2020 - 13:36:42: "*NiGhT<30><STEAM_2:0:1888876602><CT>" committed suicide with "world"
L 01/02/2020 - 13:36:48: World triggered "Round_Start"
L 01/02/2020 - 13:37:27: [REUNION]: Mr.Skeleton (62.221.159.64) authorized as NoSteam47
L 01/02/2020 - 13:37:27: "Mr.Skeleton<31><VALVE_ID_LAN><>" connected, address "62.221.159.64:27005"
L 01/02/2020 - 13:37:32: "Mr.Skeleton<31><VALVE_ID_LAN><>" entered the game
L 01/02/2020 - 13:37:35: "*ТшПрЕ<29><STEAM_1:1:258591581><TERRORIST>" killed "*NiGhT<30><STEAM_2:0:1888876602><CT>" with "knife"
L 01/02/2020 - 13:37:35: Team "TERRORIST" triggered "Terrorists_Win" (CT "2") (T "2")
L 01/02/2020 - 13:37:35: World triggered "Round_End"
L 01/02/2020 - 13:37:40: World triggered "Round_Start"
L 01/02/2020 - 13:37:44: "Mr.Skeleton<31><VALVE_ID_LAN><>" joined team "CT"
L 01/02/2020 - 13:38:35: [REUNION]: IP 193.42.110.171 banned for 10 minutes for query flooding (PPS: 331)
L 01/02/2020 - 13:38:42: "*ТшПрЕ<29><STEAM_1:1:258591581><TERRORIST>" killed "Mr.Skeleton<31><VALVE_ID_LAN><CT>" with "knife"
L 01/02/2020 - 13:38:43: "*ТшПрЕ<29><STEAM_1:1:258591581><TERRORIST>" committed suicide with "worldspawn" (world)
L 01/02/2020 - 13:38:43: Team "CT" triggered "CTs_Win" (CT "3") (T "2")
L 01/02/2020 - 13:38:43: World triggered "Round_End"
L 01/02/2020 - 13:38:48: World triggered "Round_Start"
L 01/02/2020 - 13:38:53: [REUNION]: Master4Counter (178.148.158.77) authorized as RevEmu
L 01/02/2020 - 13:38:53: "Master4Counter<32><STEAM_1:0:91179968><>" connected, address "178.148.158.77:27005"
L 01/02/2020 - 13:38:59: [REUNION]: Master4Counter (178.148.158.77) authorized as RevEmu
L 01/02/2020 - 13:38:59: "Master4Counter<33><STEAM_1:0:91179968><>" connected, address "178.148.158.77:27005"
L 01/02/2020 - 13:39:10: "Mr.Skeleton<31><VALVE_ID_LAN><CT>" committed suicide with "the block of death" (world)
L 01/02/2020 - 13:39:15: "Master4Counter<33><STEAM_1:0:91179968><>" entered the game
L 01/02/2020 - 13:39:16: "*ТшПрЕ<29><STEAM_1:1:258591581><TERRORIST>" killed "*NiGhT<30><STEAM_2:0:1888876602><CT>" with "knife"
L 01/02/2020 - 13:39:16: Team "TERRORIST" triggered "Terrorists_Win" (CT "3") (T "3")
L 01/02/2020 - 13:39:16: World triggered "Round_End"
L 01/02/2020 - 13:39:22: World triggered "Round_Start"
L 01/02/2020 - 13:39:26: "Master4Counter<33><STEAM_1:0:91179968><>" joined team "CT"
L 01/02/2020 - 13:39:32: "*NiGhT<30><STEAM_2:0:1888876602><CT>" committed suicide with "world"
L 01/02/2020 - 13:39:32: "*NiGhT<30><STEAM_2:0:1888876602><CT>" joined team "TERRORIST"
L 01/02/2020 - 13:39:47: "*ТшПрЕ<29><STEAM_1:1:258591581><TERRORIST>" killed "Mr.Skeleton<31><VALVE_ID_LAN><CT>" with "knife"
L 01/02/2020 - 13:40:05: "*ТшПрЕ<29><STEAM_1:1:258591581><TERRORIST>" killed "Master4Counter<33><STEAM_1:0:91179968><CT>" with "knife"
L 01/02/2020 - 13:40:05: Team "TERRORIST" triggered "Terrorists_Win" (CT "3") (T "4")
L 01/02/2020 - 13:40:05: World triggered "Round_End"
L 01/02/2020 - 13:40:11: World triggered "Round_Start"
L 01/02/2020 - 13:40:51: "*ТшПрЕ<29><STEAM_1:1:258591581><TERRORIST>" killed "Master4Counter<33><STEAM_1:0:91179968><CT>" with "knife"
L 01/02/2020 - 13:40:56: "*NiGhT<30><STEAM_2:0:1888876602><TERRORIST>" killed "Mr.Skeleton<31><VALVE_ID_LAN><CT>" with "knife"
L 01/02/2020 - 13:40:56: Team "TERRORIST" triggered "Terrorists_Win" (CT "3") (T "5")
L 01/02/2020 - 13:40:56: World triggered "Round_End"
L 01/02/2020 - 13:41:01: "*ТшПрЕ<29><STEAM_1:1:258591581><TERRORIST>" joined team "CT"
L 01/02/2020 - 13:41:01: "<><><>" triggered "amx_chat" (text "[PTB] Transfered *ТшПрЕ to CT")
L 01/02/2020 - 13:41:02: Server cvar "amx_nextmap" = "cs_whiteXmas"
L 01/02/2020 - 13:41:02: World triggered "Round_Start"
L 01/02/2020 - 13:41:34: "Mr.Skeleton<31><VALVE_ID_LAN><CT>" killed "*NiGhT<30><STEAM_2:0:1888876602><TERRORIST>" with "knife"
L 01/02/2020 - 13:41:34: Team "CT" triggered "CTs_Win" (CT "4") (T "5")
L 01/02/2020 - 13:41:34: World triggered "Round_End"
L 01/02/2020 - 13:41:37: "*ТшПрЕ<29><STEAM_1:1:258591581><CT>" committed suicide with "world"
L 01/02/2020 - 13:41:37: "*ТшПрЕ<29><STEAM_1:1:258591581><CT>" joined team "TERRORIST"
L 01/02/2020 - 13:41:40: World triggered "Round_Start"
L 01/02/2020 - 13:41:57: "*ТшПрЕ<29><STEAM_1:1:258591581><TERRORIST>" killed "Master4Counter<33><STEAM_1:0:91179968><CT>" with "knife"
L 01/02/2020 - 13:42:14: "*ТшПрЕ<29><STEAM_1:1:258591581><TERRORIST>" committed suicide with "worldspawn" (world)
L 01/02/2020 - 13:42:35: "Mr.Skeleton<31><VALVE_ID_LAN><CT>" killed "*NiGhT<30><STEAM_2:0:1888876602><TERRORIST>" with "knife"
L 01/02/2020 - 13:42:35: Team "CT" triggered "CTs_Win" (CT "5") (T "5")
L 01/02/2020 - 13:42:35: World triggered "Round_End"
L 01/02/2020 - 13:42:40: "*NiGhT<30><STEAM_2:0:1888876602><TERRORIST>" joined team "CT"
L 01/02/2020 - 13:42:40: "<><><>" triggered "amx_chat" (text "[PTB] Transfered *NiGhT to CT")
L 01/02/2020 - 13:42:41: World triggered "Round_Start"
L 01/02/2020 - 13:42:47: [REUNION]: sLaB sYm :d (213.167.9.197) authorized as RevEmu
L 01/02/2020 - 13:42:47: "sLaB sYm :d<34><STEAM_2:1:190285650><>" connected, address "213.167.9.197:27005"
L 01/02/2020 - 13:42:51: [REUNION]: sLaB sYm :d (213.167.9.197) authorized as RevEmu
L 01/02/2020 - 13:42:51: "sLaB sYm :d<35><STEAM_2:1:190285650><>" connected, address "213.167.9.197:27005"
L 01/02/2020 - 13:42:56: "sLaB sYm :d<35><STEAM_2:1:190285650><>" entered the game
L 01/02/2020 - 13:42:58: "sLaB sYm :d<35><STEAM_2:1:190285650><>" joined team "TERRORIST"
L 01/02/2020 - 13:43:05: Server cvar "mp_timelimit" = "0.000000"
L 01/02/2020 - 13:43:14: "sLaB sYm :d<35><STEAM_2:1:190285650><TERRORIST>" killed "*NiGhT<30><STEAM_2:0:1888876602><CT>" with "knife"
L 01/02/2020 - 13:43:15: "Mr.Skeleton<31><VALVE_ID_LAN><CT>" killed "*ТшПрЕ<29><STEAM_1:1:258591581><TERRORIST>" with "knife"
L 01/02/2020 - 13:43:22: "*NiGhT<30><STEAM_2:0:1888876602><CT>" disconnected
L 01/02/2020 - 13:43:25: "*ТшПрЕ<29><STEAM_1:1:258591581><TERRORIST>" disconnected
L 01/02/2020 - 13:43:41: "sLaB sYm :d<35><STEAM_2:1:190285650><TERRORIST>" killed "Mr.Skeleton<31><VALVE_ID_LAN><CT>" with "knife"
L 01/02/2020 - 13:43:55: "sLaB sYm :d<35><STEAM_2:1:190285650><TERRORIST>" committed suicide with "worldspawn" (world)
L 01/02/2020 - 13:43:55: Team "CT" triggered "CTs_Win" (CT "6") (T "5")
L 01/02/2020 - 13:43:55: World triggered "Round_End"
L 01/02/2020 - 13:44:01: World triggered "Round_Start"
L 01/02/2020 - 13:44:01: Server cvar "sv_maxspeed" = "0.000000"
L 01/02/2020 - 13:44:01: Server cvar "mp_friendlyfire" = "1"
L 01/02/2020 - 13:44:07: "Mr.Skeleton<31><VALVE_ID_LAN><CT>" committed suicide with "worldspawn" (world)
L 01/02/2020 - 13:44:12: Server cvar "sv_maxspeed" = "900.000000"
L 01/02/2020 - 13:44:12: Server cvar "mp_friendlyfire" = "0"
L 01/02/2020 - 13:44:12: Server cvar "mp_timelimit" = "10.000000"
L 01/02/2020 - 13:44:12: [META] ini: Begin re-reading plugins list: /home/rented/public9/cstrike/addons/metamod/plugins.ini
L 01/02/2020 - 13:44:12: [META] ini: Read plugin config for: SafeNameAndChat
L 01/02/2020 - 13:44:12: [META] ini: Read plugin config for: AMX Mod X
L 01/02/2020 - 13:44:12: [META] ini: Read plugin config for: Reunion
L 01/02/2020 - 13:44:12: [META] ini: Read plugin config for: ReAuthCheck
L 01/02/2020 - 13:44:12: [META] ini: Read plugin config for: WHBlocker
L 01/02/2020 - 13:44:12: [META] ini: Read plugin config for: ReSemiclip
L 01/02/2020 - 13:44:12: [META] ini: Read plugin config for: Revoice
L 01/02/2020 - 13:44:12: [META] ini: Finished reading plugins list: /home/rented/public9/cstrike/addons/metamod/plugins.ini; Found 7 plugins
L 01/02/2020 - 13:44:12: [META] dll: Updating plugins...
L 01/02/2020 - 13:44:12: [META] WARNING: Cannot clear plugin 'SafeNameAndChat'; not marked as failed, empty, or open (status=valid)
L 01/02/2020 - 13:44:12: [META] dll: Unloaded plugin 'SafeNameAndChat' for reason 'file on disk is newer'
L 01/02/2020 - 13:44:12: [META] dll: Loaded plugin 'SafeNameAndChat': SafeNameAndChat v1.1 2017.02.01, WPMG.PRoSToC0der
L 01/02/2020 - 13:44:12: [META] WARNING: Cannot clear plugin 'WHBlocker'; not marked as failed, empty, or open (status=valid)
L 01/02/2020 - 13:44:12: [META] dll: Unloaded plugin 'WHBlocker' for reason 'file on disk is newer'
L 01/02/2020 - 13:44:12: [META] dll: Loaded plugin 'WHBlocker': WHBlocker v1.5.692 2017-04-13, s1lent
L 01/02/2020 - 13:44:12: [META] WARNING: Cannot clear plugin 'ReSemiclip'; not marked as failed, empty, or open (status=valid)
L 01/02/2020 - 13:44:12: [META] dll: Unloaded plugin 'ReSemiclip' for reason 'file on disk is newer'
L 01/02/2020 - 13:44:12: [META] dll: Loaded plugin 'ReSemiclip': ReSemiclip v2.3.9 13/02/17, s1lent & Adidasman
L 01/02/2020 - 13:44:12: [META] dll: Finished updating 14 plugins; kept 0, loaded 0, unloaded 0, reloaded 3, delayed 0
L 01/02/2020 - 13:44:12: "Mr.Skeleton<31><VALVE_ID_LAN><CT>" disconnected
L 01/02/2020 - 13:44:12: "Master4Counter<33><STEAM_1:0:91179968><CT>" disconnected
L 01/02/2020 - 13:44:12: "sLaB sYm :d<35><STEAM_2:1:190285650><TERRORIST>" disconnected
L 01/02/2020 - 13:44:12: World triggered "Round_Draw" (CT "6") (T "5")
L 01/02/2020 - 13:44:12: World triggered "Round_End"
L 01/02/2020 - 13:44:12: Log file closed
