L 01/07/2020 - 18:41:45: Log file started (file "logs/L0107068.log") (game "cstrike") (version "48/1.1.2.7/Stdio/1621")
L 01/07/2020 - 18:41:45: Loading map "cherryclan_hq"
L 01/07/2020 - 18:41:45: Server cvars start
L 01/07/2020 - 18:41:45: Server cvar "@BunnyHopper" = "3.x"
L 01/07/2020 - 18:41:45: Server cvar "@CRXGoSpec" = "1.1"
L 01/07/2020 - 18:41:45: Server cvar "@CRXRemoveImmunity" = "1.0"
L 01/07/2020 - 18:41:45: Server cvar "@D.I.C.E." = "1.1"
L 01/07/2020 - 18:41:45: Server cvar "@MOTDCommands" = "1.2"
L 01/07/2020 - 18:41:45: Server cvar "advanced_quake_sounds" = "5.0"
L 01/07/2020 - 18:41:45: Server cvar "AdvancedMute" = "1.0"
L 01/07/2020 - 18:41:45: Server cvar "aesp_version" = "1.3"
L 01/07/2020 - 18:41:45: Server cvar "allow_spectators" = "1.0"
L 01/07/2020 - 18:41:45: Server cvar "amx_client_languages" = "1"
L 01/07/2020 - 18:41:45: Server cvar "amx_language" = "en"
L 01/07/2020 - 18:41:45: Server cvar "amx_nextmap" = "Cb_Tanks"
L 01/07/2020 - 18:41:45: Server cvar "amx_ptb_version" = "1.8b3"
L 01/07/2020 - 18:41:45: Server cvar "amx_timeleft" = "19:57"
L 01/07/2020 - 18:41:45: Server cvar "amxmodx_version" = "1.8.2"
L 01/07/2020 - 18:41:45: Server cvar "amxxbg_vip" = "1.0"
L 01/07/2020 - 18:41:45: Server cvar "asp_version" = "4.5.1"
L 01/07/2020 - 18:41:45: Server cvar "atac_version" = "3.0.1"
L 01/07/2020 - 18:41:45: Server cvar "badcamper_version" = "1.4 beta"
L 01/07/2020 - 18:41:45: Server cvar "blockmaker" = "4.01"
L 01/07/2020 - 18:41:45: Server cvar "c4 timer" = "1.1"
L 01/07/2020 - 18:41:45: Server cvar "coop" = "0"
L 01/07/2020 - 18:41:45: Server cvar "CRXAdminGroups" = "1.0"
L 01/07/2020 - 18:41:45: Server cvar "CRXCommandRestrictions" = "1.0"
L 01/07/2020 - 18:41:45: Server cvar "CRXFastKnife" = "1.0"
L 01/07/2020 - 18:41:45: Server cvar "CRXGametracker" = "2.0"
L 01/07/2020 - 18:41:45: Server cvar "CRXKnifeModels" = "2.5.7"
L 01/07/2020 - 18:41:45: Server cvar "CRXTeamAdvantage" = "1.0"
L 01/07/2020 - 18:41:45: Server cvar "CustomShop" = "4.2"
L 01/07/2020 - 18:41:45: Server cvar "deathmatch" = "1"
L 01/07/2020 - 18:41:45: Server cvar "decalfrequency" = "0"
L 01/07/2020 - 18:41:45: Server cvar "edgefriction" = "2"
L 01/07/2020 - 18:41:45: Server cvar "ers_version" = "2.3c"
L 01/07/2020 - 18:41:45: Server cvar "gagsystem_shoko" = "1.0"
L 01/07/2020 - 18:41:45: Server cvar "gal_mapcyclefile" = "mapcycle.txt"
L 01/07/2020 - 18:41:45: Server cvar "gal_version" = "v5.9.1-926"
L 01/07/2020 - 18:41:45: Server cvar "game_version" = "5.7.0.313-dev"
L 01/07/2020 - 18:41:45: Server cvar "humans_join_team" = "any"
L 01/07/2020 - 18:41:45: Server cvar "jtp10181" = "chute,gore"
L 01/07/2020 - 18:41:45: Server cvar "lawliet" = "ny_RainingSnow"
L 01/07/2020 - 18:41:45: Server cvar "LetitSnow" = "1.0"
L 01/07/2020 - 18:41:45: Server cvar "map_spawns" = "T(16) CT(16)"
L 01/07/2020 - 18:41:45: Server cvar "max_queries_sec" = "3"
L 01/07/2020 - 18:41:45: Server cvar "max_queries_sec_global" = "150"
L 01/07/2020 - 18:41:45: Server cvar "max_queries_window" = "60"
L 01/07/2020 - 18:41:45: Server cvar "mdbBans" = "4.8"
L 01/07/2020 - 18:41:45: Server cvar "metamod_version" = "1.21p37"
L 01/07/2020 - 18:41:45: Server cvar "mp_autokick" = "0"
L 01/07/2020 - 18:41:45: Server cvar "mp_autokick_timeout" = "-1"
L 01/07/2020 - 18:41:45: Server cvar "mp_autoteambalance" = "0"
L 01/07/2020 - 18:41:45: Server cvar "mp_buytime" = "1"
L 01/07/2020 - 18:41:45: Server cvar "mp_c4timer" = "35"
L 01/07/2020 - 18:41:45: Server cvar "mp_chattime" = "10"
L 01/07/2020 - 18:41:45: Server cvar "mp_consistency" = "1"
L 01/07/2020 - 18:41:45: Server cvar "mp_fadetoblack" = "0"
L 01/07/2020 - 18:41:45: Server cvar "mp_flashlight" = "1"
L 01/07/2020 - 18:41:45: Server cvar "mp_footsteps" = "1"
L 01/07/2020 - 18:41:45: Server cvar "mp_forcecamera" = "0"
L 01/07/2020 - 18:41:45: Server cvar "mp_forcechasecam" = "0"
L 01/07/2020 - 18:41:45: Server cvar "mp_forcerespawn" = "0"
L 01/07/2020 - 18:41:45: Server cvar "mp_fraglimit" = "0"
L 01/07/2020 - 18:41:45: Server cvar "mp_fragsleft" = "0"
L 01/07/2020 - 18:41:45: Server cvar "mp_freeforall" = "0"
L 01/07/2020 - 18:41:45: Server cvar "mp_freezetime" = "1"
L 01/07/2020 - 18:41:45: Server cvar "mp_friendlyfire" = "0"
L 01/07/2020 - 18:41:45: Server cvar "mp_hostage_hurtable" = "1"
L 01/07/2020 - 18:41:45: Server cvar "mp_hostagepenalty" = "0"
L 01/07/2020 - 18:41:45: Server cvar "mp_item_staytime" = "300"
L 01/07/2020 - 18:41:45: Server cvar "mp_kickpercent" = "0.66"
L 01/07/2020 - 18:41:45: Server cvar "mp_legacy_bombtarget_touch" = "1"
L 01/07/2020 - 18:41:45: Server cvar "mp_limitteams" = "1"
L 01/07/2020 - 18:41:45: Server cvar "mp_logdetail" = "0"
L 01/07/2020 - 18:41:45: Server cvar "mp_logfile" = "1"
L 01/07/2020 - 18:41:45: Server cvar "mp_logmessages" = "1"
L 01/07/2020 - 18:41:45: Server cvar "mp_mapvoteratio" = "0.66"
L 01/07/2020 - 18:41:45: Server cvar "mp_maxmoney" = "999999"
L 01/07/2020 - 18:41:45: Server cvar "mp_maxrounds" = "0"
L 01/07/2020 - 18:41:45: Server cvar "mp_mirrordamage" = "0"
L 01/07/2020 - 18:41:45: Server cvar "mp_old_bomb_defused_sound" = "1"
L 01/07/2020 - 18:41:45: Server cvar "mp_playerid" = "0"
L 01/07/2020 - 18:41:45: Server cvar "mp_respawn_immunitytime" = "0"
L 01/07/2020 - 18:41:45: Server cvar "mp_round_infinite" = "0"
L 01/07/2020 - 18:41:45: Server cvar "mp_round_restart_delay" = "5"
L 01/07/2020 - 18:41:45: Server cvar "mp_roundover" = "0"
L 01/07/2020 - 18:41:45: Server cvar "mp_roundtime" = "2.3"
L 01/07/2020 - 18:41:45: Server cvar "mp_show_radioicon" = "1"
L 01/07/2020 - 18:41:45: Server cvar "mp_startmoney" = "850"
L 01/07/2020 - 18:41:45: Server cvar "mp_timeleft" = "19:56"
L 01/07/2020 - 18:41:45: Server cvar "mp_timelimit" = "20"
L 01/07/2020 - 18:41:45: Server cvar "mp_tkpunish" = "0"
L 01/07/2020 - 18:41:45: Server cvar "mp_windifference" = "1"
L 01/07/2020 - 18:41:45: Server cvar "mp_winlimit" = "0"
L 01/07/2020 - 18:41:45: Server cvar "NoWeaponsOnGround" = "1.0"
L 01/07/2020 - 18:41:45: Server cvar "pausable" = "0"
L 01/07/2020 - 18:41:45: Server cvar "present_version" = "2.01"
L 01/07/2020 - 18:41:45: Server cvar "RandomHP" = "2.2"
L 01/07/2020 - 18:41:45: Server cvar "reauthcheck_version" = "0.1.6"
L 01/07/2020 - 18:41:45: Server cvar "reconnect_features" = "0.3.1"
L 01/07/2020 - 18:41:45: Server cvar "report_system_version" = "3.1"
L 01/07/2020 - 18:41:45: Server cvar "resemiclip_version" = "2.3.9"
L 01/07/2020 - 18:41:45: Server cvar "reu_version" = "0.1.0.130"
L 01/07/2020 - 18:41:45: Server cvar "revoice_version" = "0.1.0.30"
L 01/07/2020 - 18:41:45: Server cvar "sanksounds_version" = "1.8.6"
L 01/07/2020 - 18:41:45: Server cvar "SimpleMenu" = "1.1"
L 01/07/2020 - 18:41:45: Server cvar "SNAC_Version" = "1.1"
L 01/07/2020 - 18:41:45: Server cvar "SpecList" = "1.2a"
L 01/07/2020 - 18:41:45: Server cvar "sr_version" = "1.6"
L 01/07/2020 - 18:41:45: Server cvar "statsx_shell_ver" = "2.0.0 (BETA)"
L 01/07/2020 - 18:41:45: Server cvar "StyleC4Timer" = "2.1"
L 01/07/2020 - 18:41:45: Server cvar "sv_accelerate" = "5"
L 01/07/2020 - 18:41:45: Server cvar "sv_aim" = "1"
L 01/07/2020 - 18:41:45: Server cvar "sv_airaccelerate" = "100"
L 01/07/2020 - 18:41:45: Server cvar "sv_allowupload" = "1"
L 01/07/2020 - 18:41:45: Server cvar "sv_alltalk" = "1"
L 01/07/2020 - 18:41:45: Server cvar "sv_bounce" = "1"
L 01/07/2020 - 18:41:45: Server cvar "sv_cheats" = "0"
L 01/07/2020 - 18:41:45: Server cvar "sv_clienttrace" = "1"
L 01/07/2020 - 18:41:45: Server cvar "sv_contact" = "feruchio599@gmail.com"
L 01/07/2020 - 18:41:45: Server cvar "sv_friction" = "4"
L 01/07/2020 - 18:41:45: Server cvar "sv_gravity" = "800"
L 01/07/2020 - 18:41:45: Server cvar "sv_logblocks" = "0"
L 01/07/2020 - 18:41:45: Server cvar "sv_maxrate" = "50000"
L 01/07/2020 - 18:41:45: Server cvar "sv_maxspeed" = "320"
L 01/07/2020 - 18:41:45: Server cvar "sv_minrate" = "10000"
L 01/07/2020 - 18:41:45: Server cvar "sv_password" = ""
L 01/07/2020 - 18:41:45: Server cvar "sv_proxies" = "1"
L 01/07/2020 - 18:41:45: Server cvar "sv_restart" = "0"
L 01/07/2020 - 18:41:45: Server cvar "sv_restartround" = "0"
L 01/07/2020 - 18:41:45: Server cvar "sv_stepsize" = "18"
L 01/07/2020 - 18:41:45: Server cvar "sv_stopspeed" = "75"
L 01/07/2020 - 18:41:45: Server cvar "sv_uploadmax" = "0.5"
L 01/07/2020 - 18:41:45: Server cvar "sv_version" = "1.1.2.7/Stdio,48,1621"
L 01/07/2020 - 18:41:45: Server cvar "sv_voiceenable" = "1"
L 01/07/2020 - 18:41:45: Server cvar "sv_wateraccelerate" = "10"
L 01/07/2020 - 18:41:45: Server cvar "sv_waterfriction" = "1"
L 01/07/2020 - 18:41:45: Server cvar "Team_Semiclip_version" = "3.3.1"
L 01/07/2020 - 18:41:45: Server cvar "vehicle_real_killer" = "1.1"
L 01/07/2020 - 18:41:45: Server cvar "WalkGuard" = "1.3.2"
L 01/07/2020 - 18:41:45: Server cvar "we_grenades" = "Huehue"
L 01/07/2020 - 18:41:45: Server cvar "we_player_models" = "Huehue"
L 01/07/2020 - 18:41:45: Server cvar "whb_version" = "1.5.692"
L 01/07/2020 - 18:41:45: Server cvar "zp_jp_version" = "Extra Item Jetpack+Bazooka v3.2"
L 01/07/2020 - 18:41:45: Server cvars end
L 01/07/2020 - 18:41:48: Server cvar "sv_maxspeed" = "900"
L 01/07/2020 - 18:41:48: Server cvar "mp_autoteambalance" = "1"
L 01/07/2020 - 18:41:48: Server cvar "mp_buytime" = "0.25"
L 01/07/2020 - 18:41:48: Server cvar "RRWM" = "2.0"
L 01/07/2020 - 18:41:48: Server cvar "mp_autoteambalance" = "0"
L 01/07/2020 - 18:41:48: Server cvar "mp_limitteams" = "0"
L 01/07/2020 - 18:41:48: Server cvar "amx_nextmap" = "[not yet voted on]"
L 01/07/2020 - 18:41:50: Started map "cherryclan_hq" (CRC "460005990")
L 01/07/2020 - 18:41:51: "ok<1><STEAM_0:0:19903402><>" connected, address "78.157.91.203:27005"
L 01/07/2020 - 18:41:52: World triggered "Round_Start"
L 01/07/2020 - 18:41:52: "ok<1><STEAM_0:0:19903402><>" STEAM USERID validated
L 01/07/2020 - 18:41:52: [REUNION]: *Mr.Fantastic* (46.217.159.60) authorized as RevEmu
L 01/07/2020 - 18:41:52: "*Mr.Fantastic*<2><STEAM_1:1:25228615><>" connected, address "46.217.159.60:27005"
L 01/07/2020 - 18:41:56: "ok<1><STEAM_0:0:19903402><>" entered the game
L 01/07/2020 - 18:41:56: [REUNION]: *Mr.Fantastic* (46.217.159.60) authorized as RevEmu
L 01/07/2020 - 18:41:56: "*Mr.Fantastic*<3><STEAM_1:1:25228615><>" connected, address "46.217.159.60:27005"
L 01/07/2020 - 18:41:58: "ok<1><STEAM_0:0:19903402><>" joined team "TERRORIST"
L 01/07/2020 - 18:41:58: "ok<1><STEAM_0:0:19903402><TERRORIST>" triggered "Spawned_With_The_Bomb"
L 01/07/2020 - 18:42:00: "*Mr.Fantastic*<3><STEAM_1:1:25228615><>" entered the game
L 01/07/2020 - 18:42:03: "*Mr.Fantastic*<3><STEAM_1:1:25228615><>" joined team "CT"
L 01/07/2020 - 18:42:03: World triggered "Game_Commencing"
L 01/07/2020 - 18:42:03: World triggered "Game_Commencing" (CT "0") (T "0")
L 01/07/2020 - 18:42:03: World triggered "Round_End"
L 01/07/2020 - 18:42:06: "ok<1><STEAM_0:0:19903402><TERRORIST>" triggered "Spawned_With_The_Bomb"
L 01/07/2020 - 18:42:07: World triggered "Round_Start"
L 01/07/2020 - 18:42:16: [REUNION]: Creedow (188.24.213.205) authorized as RevEmu
L 01/07/2020 - 18:42:16: "Creedow<4><STEAM_2:0:779430359><>" connected, address "188.24.213.205:27005"
L 01/07/2020 - 18:42:19: [REUNION]: [DEA].AIM.PALESTINE (82.205.52.169) authorized as RevEmu
L 01/07/2020 - 18:42:19: "[DEA].AIM.PALESTINE<5><STEAM_1:1:1316058917><>" connected, address "82.205.52.169:27330"
L 01/07/2020 - 18:42:19: [REUNION]: Creedow (188.24.213.205) authorized as RevEmu
L 01/07/2020 - 18:42:19: "Creedow<6><STEAM_2:0:779430359><>" connected, address "188.24.213.205:27005"
L 01/07/2020 - 18:42:28: "[DEA].AIM.PALESTINE<5><STEAM_1:1:1316058917><>" entered the game
L 01/07/2020 - 18:42:32: "[DEA].AIM.PALESTINE<5><STEAM_1:1:1316058917><>" joined team "TERRORIST"
L 01/07/2020 - 18:42:34: "Creedow<6><STEAM_2:0:779430359><>" entered the game
L 01/07/2020 - 18:42:40: "ok<1><STEAM_0:0:19903402><TERRORIST>" triggered "Planted_The_Bomb"
L 01/07/2020 - 18:42:46: "[DEA].AIM.PALESTINE<5><STEAM_1:1:1316058917><TERRORIST>" disconnected
L 01/07/2020 - 18:42:58: "*Mr.Fantastic*<3><STEAM_1:1:25228615><CT>" killed "ok<1><STEAM_0:0:19903402><TERRORIST>" with "deagle"
L 01/07/2020 - 18:43:01: "Creedow<6><STEAM_2:0:779430359><>" joined team "CT"
L 01/07/2020 - 18:43:15: Team "TERRORIST" triggered "Target_Bombed" (CT "0") (T "1")
L 01/07/2020 - 18:43:15: World triggered "Round_End"
L 01/07/2020 - 18:43:20: "ok<1><STEAM_0:0:19903402><TERRORIST>" triggered "Spawned_With_The_Bomb"
L 01/07/2020 - 18:43:21: World triggered "Round_Start"
L 01/07/2020 - 18:43:49: "ok<1><STEAM_0:0:19903402><TERRORIST>" triggered "Planted_The_Bomb"
L 01/07/2020 - 18:44:06: "ok<1><STEAM_0:0:19903402><TERRORIST>" killed "*Mr.Fantastic*<3><STEAM_1:1:25228615><CT>" with "ak47"
L 01/07/2020 - 18:44:24: Team "TERRORIST" triggered "Target_Bombed" (CT "0") (T "2")
L 01/07/2020 - 18:44:24: World triggered "Round_End"
L 01/07/2020 - 18:44:29: "ok<1><STEAM_0:0:19903402><TERRORIST>" triggered "Spawned_With_The_Bomb"
L 01/07/2020 - 18:44:30: World triggered "Round_Start"
L 01/07/2020 - 18:45:08: "ok<1><STEAM_0:0:19903402><TERRORIST>" killed "*Mr.Fantastic*<3><STEAM_1:1:25228615><CT>" with "ak47"
L 01/07/2020 - 18:45:38: "ok<1><STEAM_0:0:19903402><TERRORIST>" triggered "Planted_The_Bomb"
L 01/07/2020 - 18:45:42: "ok<1><STEAM_0:0:19903402><TERRORIST>" killed "Creedow<6><STEAM_2:0:779430359><CT>" with "ak47"
L 01/07/2020 - 18:45:42: Team "TERRORIST" triggered "Terrorists_Win" (CT "0") (T "3")
L 01/07/2020 - 18:45:42: World triggered "Round_End"
L 01/07/2020 - 18:45:47: "ok<1><STEAM_0:0:19903402><TERRORIST>" triggered "Spawned_With_The_Bomb"
L 01/07/2020 - 18:45:48: World triggered "Round_Start"
L 01/07/2020 - 18:46:33: "Creedow<6><STEAM_2:0:779430359><CT>" killed "ok<1><STEAM_0:0:19903402><TERRORIST>" with "m4a1"
L 01/07/2020 - 18:46:33: Team "CT" triggered "CTs_Win" (CT "1") (T "3")
L 01/07/2020 - 18:46:33: World triggered "Round_End"
L 01/07/2020 - 18:46:38: "ok<1><STEAM_0:0:19903402><TERRORIST>" triggered "Spawned_With_The_Bomb"
L 01/07/2020 - 18:46:39: World triggered "Round_Start"
L 01/07/2020 - 18:47:37: "XxXBadBoyXxX<7><STEAM_0:1:435231343><>" connected, address "46.10.243.153:27005"
L 01/07/2020 - 18:47:38: "XxXBadBoyXxX<7><STEAM_0:1:435231343><>" STEAM USERID validated
L 01/07/2020 - 18:47:48: "*Mr.Fantastic*<3><STEAM_1:1:25228615><CT>" killed "ok<1><STEAM_0:0:19903402><TERRORIST>" with "g3sg1"
L 01/07/2020 - 18:47:48: Team "CT" triggered "CTs_Win" (CT "2") (T "3")
L 01/07/2020 - 18:47:48: World triggered "Round_End"
L 01/07/2020 - 18:47:50: "XxXBadBoyXxX<7><STEAM_0:1:435231343><>" entered the game
L 01/07/2020 - 18:47:52: "*Mr.Fantastic*<3><STEAM_1:1:25228615><CT>" joined team "TERRORIST"
L 01/07/2020 - 18:47:52: "<><><>" triggered "amx_chat" (text "[PTB] Transfered *Mr.Fantastic* to TERRORIST")
L 01/07/2020 - 18:47:53: "*Mr.Fantastic*<3><STEAM_1:1:25228615><TERRORIST>" triggered "Spawned_With_The_Bomb"
L 01/07/2020 - 18:47:54: World triggered "Round_Start"
L 01/07/2020 - 18:47:56: "XxXBadBoyXxX<7><STEAM_0:1:435231343><>" joined team "SPECTATOR"
L 01/07/2020 - 18:48:09: "*Mr.Fantastic*<3><STEAM_1:1:25228615><TERRORIST>" killed "Creedow<6><STEAM_2:0:779430359><CT>" with "g3sg1"
L 01/07/2020 - 18:48:09: Team "TERRORIST" triggered "Terrorists_Win" (CT "2") (T "4")
L 01/07/2020 - 18:48:09: World triggered "Round_End"
L 01/07/2020 - 18:48:14: "ok<1><STEAM_0:0:19903402><TERRORIST>" joined team "CT"
L 01/07/2020 - 18:48:14: "<><><>" triggered "amx_chat" (text "[PTB] Transfered ok to CT")
L 01/07/2020 - 18:48:14: "*Mr.Fantastic*<3><STEAM_1:1:25228615><TERRORIST>" triggered "Spawned_With_The_Bomb"
L 01/07/2020 - 18:48:15: World triggered "Round_Start"
L 01/07/2020 - 18:48:43: "XxXBadBoyXxX<7><STEAM_0:1:435231343><SPECTATOR>" disconnected
L 01/07/2020 - 18:48:45: "Creedow<6><STEAM_2:0:779430359><CT>" killed "*Mr.Fantastic*<3><STEAM_1:1:25228615><TERRORIST>" with "sg552"
L 01/07/2020 - 18:48:45: Team "CT" triggered "CTs_Win" (CT "3") (T "4")
L 01/07/2020 - 18:48:45: World triggered "Round_End"
L 01/07/2020 - 18:48:50: "*Mr.Fantastic*<3><STEAM_1:1:25228615><TERRORIST>" triggered "Spawned_With_The_Bomb"
L 01/07/2020 - 18:48:51: World triggered "Round_Start"
L 01/07/2020 - 18:49:25: "*Mr.Fantastic*<3><STEAM_1:1:25228615><TERRORIST>" killed "ok<1><STEAM_0:0:19903402><CT>" with "ump45"
L 01/07/2020 - 18:50:32: "Creedow<6><STEAM_2:0:779430359><CT>" killed "*Mr.Fantastic*<3><STEAM_1:1:25228615><TERRORIST>" with "ump45"
L 01