L 01/01/2020 - 19:10:03: Log file started (file "logs/L0101056.log") (game "cstrike") (version "48/1.1.2.7/Stdio/1621")
L 01/01/2020 - 19:10:03: Loading map "4_houses"
L 01/01/2020 - 19:10:03: Server cvars start
L 01/01/2020 - 19:10:03: Server cvar "@BunnyHopper" = "3.x"
L 01/01/2020 - 19:10:03: Server cvar "@CRXGoSpec" = "1.1"
L 01/01/2020 - 19:10:03: Server cvar "@CRXRemoveImmunity" = "1.0"
L 01/01/2020 - 19:10:03: Server cvar "@D.I.C.E." = "1.1"
L 01/01/2020 - 19:10:03: Server cvar "@MOTDCommands" = "1.2"
L 01/01/2020 - 19:10:03: Server cvar "advanced_quake_sounds" = "5.0"
L 01/01/2020 - 19:10:03: Server cvar "AdvancedMute" = "1.0"
L 01/01/2020 - 19:10:03: Server cvar "aesp_version" = "1.3"
L 01/01/2020 - 19:10:03: Server cvar "allow_spectators" = "1.0"
L 01/01/2020 - 19:10:03: Server cvar "amx_client_languages" = "1"
L 01/01/2020 - 19:10:03: Server cvar "amx_language" = "en"
L 01/01/2020 - 19:10:03: Server cvar "amx_nextmap" = "4_houses"
L 01/01/2020 - 19:10:03: Server cvar "amx_ptb_version" = "1.8b3"
L 01/01/2020 - 19:10:03: Server cvar "amx_timeleft" = "09:23"
L 01/01/2020 - 19:10:03: Server cvar "amxmodx_version" = "1.8.2"
L 01/01/2020 - 19:10:03: Server cvar "amxxbg_vip" = "1.0"
L 01/01/2020 - 19:10:03: Server cvar "asp_version" = "4.5.1"
L 01/01/2020 - 19:10:03: Server cvar "atac_version" = "3.0.1"
L 01/01/2020 - 19:10:03: Server cvar "badcamper_version" = "1.4 beta"
L 01/01/2020 - 19:10:03: Server cvar "blockmaker" = "4.01"
L 01/01/2020 - 19:10:03: Server cvar "c4 timer" = "1.1"
L 01/01/2020 - 19:10:03: Server cvar "coop" = "0"
L 01/01/2020 - 19:10:03: Server cvar "CRXAdminGroups" = "1.0"
L 01/01/2020 - 19:10:03: Server cvar "CRXCommandRestrictions" = "1.0"
L 01/01/2020 - 19:10:03: Server cvar "CRXFastKnife" = "1.0"
L 01/01/2020 - 19:10:03: Server cvar "CRXGametracker" = "2.0"
L 01/01/2020 - 19:10:03: Server cvar "CRXKnifeModels" = "2.5.7"
L 01/01/2020 - 19:10:03: Server cvar "CRXTeamAdvantage" = "1.0"
L 01/01/2020 - 19:10:03: Server cvar "CustomShop" = "4.2"
L 01/01/2020 - 19:10:03: Server cvar "deathmatch" = "1"
L 01/01/2020 - 19:10:03: Server cvar "decalfrequency" = "0"
L 01/01/2020 - 19:10:03: Server cvar "edgefriction" = "2"
L 01/01/2020 - 19:10:03: Server cvar "ers_version" = "2.3c"
L 01/01/2020 - 19:10:03: Server cvar "gagsystem_shoko" = "1.0"
L 01/01/2020 - 19:10:03: Server cvar "gal_mapcyclefile" = "mapcycle.txt"
L 01/01/2020 - 19:10:03: Server cvar "gal_version" = "v5.9.1-926"
L 01/01/2020 - 19:10:03: Server cvar "game_version" = "5.7.0.313-dev"
L 01/01/2020 - 19:10:03: Server cvar "humans_join_team" = "any"
L 01/01/2020 - 19:10:03: Server cvar "jtp10181" = "chute,gore"
L 01/01/2020 - 19:10:03: Server cvar "lawliet" = "ny_RainingSnow"
L 01/01/2020 - 19:10:03: Server cvar "LetitSnow" = "1.0"
L 01/01/2020 - 19:10:03: Server cvar "map_spawns" = "T(16) CT(16)"
L 01/01/2020 - 19:10:03: Server cvar "max_queries_sec" = "3"
L 01/01/2020 - 19:10:03: Server cvar "max_queries_sec_global" = "150"
L 01/01/2020 - 19:10:03: Server cvar "max_queries_window" = "60"
L 01/01/2020 - 19:10:03: Server cvar "mdbBans" = "4.8"
L 01/01/2020 - 19:10:03: Server cvar "metamod_version" = "1.21p37"
L 01/01/2020 - 19:10:03: Server cvar "mp_autokick" = "0"
L 01/01/2020 - 19:10:03: Server cvar "mp_autokick_timeout" = "-1"
L 01/01/2020 - 19:10:03: Server cvar "mp_autoteambalance" = "0"
L 01/01/2020 - 19:10:03: Server cvar "mp_buytime" = "0.25"
L 01/01/2020 - 19:10:03: Server cvar "mp_c4timer" = "35"
L 01/01/2020 - 19:10:03: Server cvar "mp_chattime" = "5.000000"
L 01/01/2020 - 19:10:03: Server cvar "mp_consistency" = "1"
L 01/01/2020 - 19:10:03: Server cvar "mp_fadetoblack" = "0"
L 01/01/2020 - 19:10:03: Server cvar "mp_flashlight" = "1"
L 01/01/2020 - 19:10:03: Server cvar "mp_footsteps" = "1"
L 01/01/2020 - 19:10:03: Server cvar "mp_forcecamera" = "0"
L 01/01/2020 - 19:10:03: Server cvar "mp_forcechasecam" = "0"
L 01/01/2020 - 19:10:03: Server cvar "mp_forcerespawn" = "0"
L 01/01/2020 - 19:10:03: Server cvar "mp_fraglimit" = "0"
L 01/01/2020 - 19:10:03: Server cvar "mp_fragsleft" = "0"
L 01/01/2020 - 19:10:03: Server cvar "mp_freeforall" = "0"
L 01/01/2020 - 19:10:03: Server cvar "mp_freezetime" = "1"
L 01/01/2020 - 19:10:03: Server cvar "mp_friendlyfire" = "0"
L 01/01/2020 - 19:10:03: Server cvar "mp_hostage_hurtable" = "1"
L 01/01/2020 - 19:10:03: Server cvar "mp_hostagepenalty" = "0"
L 01/01/2020 - 19:10:03: Server cvar "mp_item_staytime" = "300"
L 01/01/2020 - 19:10:03: Server cvar "mp_kickpercent" = "0.66"
L 01/01/2020 - 19:10:03: Server cvar "mp_legacy_bombtarget_touch" = "1"
L 01/01/2020 - 19:10:03: Server cvar "mp_limitteams" = "0"
L 01/01/2020 - 19:10:03: Server cvar "mp_logdetail" = "0"
L 01/01/2020 - 19:10:03: Server cvar "mp_logfile" = "1"
L 01/01/2020 - 19:10:03: Server cvar "mp_logmessages" = "1"
L 01/01/2020 - 19:10:03: Server cvar "mp_mapvoteratio" = "0.66"
L 01/01/2020 - 19:10:03: Server cvar "mp_maxmoney" = "999999"
L 01/01/2020 - 19:10:03: Server cvar "mp_maxrounds" = "0"
L 01/01/2020 - 19:10:03: Server cvar "mp_mirrordamage" = "0"
L 01/01/2020 - 19:10:03: Server cvar "mp_old_bomb_defused_sound" = "1"
L 01/01/2020 - 19:10:03: Server cvar "mp_playerid" = "0"
L 01/01/2020 - 19:10:03: Server cvar "mp_respawn_immunitytime" = "0"
L 01/01/2020 - 19:10:03: Server cvar "mp_round_infinite" = "0"
L 01/01/2020 - 19:10:03: Server cvar "mp_round_restart_delay" = "5"
L 01/01/2020 - 19:10:03: Server cvar "mp_roundover" = "0"
L 01/01/2020 - 19:10:03: Server cvar "mp_roundtime" = "2.3"
L 01/01/2020 - 19:10:03: Server cvar "mp_show_radioicon" = "1"
L 01/01/2020 - 19:10:03: Server cvar "mp_startmoney" = "850"
L 01/01/2020 - 19:10:03: Server cvar "mp_timeleft" = "09:22"
L 01/01/2020 - 19:10:03: Server cvar "mp_timelimit" = "20"
L 01/01/2020 - 19:10:03: Server cvar "mp_tkpunish" = "0"
L 01/01/2020 - 19:10:03: Server cvar "mp_windifference" = "1"
L 01/01/2020 - 19:10:03: Server cvar "mp_winlimit" = "0"
L 01/01/2020 - 19:10:03: Server cvar "NoWeaponsOnGround" = "1.0"
L 01/01/2020 - 19:10:03: Server cvar "pausable" = "0"
L 01/01/2020 - 19:10:03: Server cvar "present_version" = "2.01"
L 01/01/2020 - 19:10:03: Server cvar "RandomHP" = "2.2"
L 01/01/2020 - 19:10:03: Server cvar "reauthcheck_version" = "0.1.6"
L 01/01/2020 - 19:10:03: Server cvar "reconnect_features" = "0.3.1"
L 01/01/2020 - 19:10:03: Server cvar "report_system_version" = "3.1"
L 01/01/2020 - 19:10:03: Server cvar "resemiclip_version" = "2.3.9"
L 01/01/2020 - 19:10:03: Server cvar "reu_version" = "0.1.0.130"
L 01/01/2020 - 19:10:03: Server cvar "revoice_version" = "0.1.0.30"
L 01/01/2020 - 19:10:03: Server cvar "RRWM" = "2.0"
L 01/01/2020 - 19:10:03: Server cvar "sanksounds_version" = "1.8.6"
L 01/01/2020 - 19:10:03: Server cvar "SimpleMenu" = "1.1"
L 01/01/2020 - 19:10:03: Server cvar "SNAC_Version" = "1.1"
L 01/01/2020 - 19:10:03: Server cvar "SpecList" = "1.2a"
L 01/01/2020 - 19:10:03: Server cvar "sr_version" = "1.6"
L 01/01/2020 - 19:10:03: Server cvar "statsx_shell_ver" = "2.0.0 (BETA)"
L 01/01/2020 - 19:10:03: Server cvar "StyleC4Timer" = "2.1"
L 01/01/2020 - 19:10:03: Server cvar "sv_accelerate" = "5"
L 01/01/2020 - 19:10:03: Server cvar "sv_aim" = "1"
L 01/01/2020 - 19:10:03: Server cvar "sv_airaccelerate" = "100"
L 01/01/2020 - 19:10:03: Server cvar "sv_allowupload" = "1"
L 01/01/2020 - 19:10:03: Server cvar "sv_alltalk" = "1"
L 01/01/2020 - 19:10:03: Server cvar "sv_bounce" = "1"
L 01/01/2020 - 19:10:03: Server cvar "sv_cheats" = "0"
L 01/01/2020 - 19:10:03: Server cvar "sv_clienttrace" = "1"
L 01/01/2020 - 19:10:03: Server cvar "sv_contact" = "feruchio599@gmail.com"
L 01/01/2020 - 19:10:03: Server cvar "sv_friction" = "4"
L 01/01/2020 - 19:10:03: Server cvar "sv_gravity" = "800"
L 01/01/2020 - 19:10:03: Server cvar "sv_logblocks" = "0"
L 01/01/2020 - 19:10:03: Server cvar "sv_maxrate" = "50000"
L 01/01/2020 - 19:10:03: Server cvar "sv_maxspeed" = "900.000000"
L 01/01/2020 - 19:10:03: Server cvar "sv_minrate" = "10000"
L 01/01/2020 - 19:10:03: Server cvar "sv_password" = ""
L 01/01/2020 - 19:10:03: Server cvar "sv_proxies" = "1"
L 01/01/2020 - 19:10:03: Server cvar "sv_restart" = "0"
L 01/01/2020 - 19:10:03: Server cvar "sv_restartround" = "0"
L 01/01/2020 - 19:10:03: Server cvar "sv_stepsize" = "18"
L 01/01/2020 - 19:10:03: Server cvar "sv_stopspeed" = "75"
L 01/01/2020 - 19:10:03: Server cvar "sv_uploadmax" = "0.5"
L 01/01/2020 - 19:10:03: Server cvar "sv_version" = "1.1.2.7/Stdio,48,1621"
L 01/01/2020 - 19:10:03: Server cvar "sv_voiceenable" = "1"
L 01/01/2020 - 19:10:03: Server cvar "sv_wateraccelerate" = "10"
L 01/01/2020 - 19:10:03: Server cvar "sv_waterfriction" = "1"
L 01/01/2020 - 19:10:03: Server cvar "Team_Semiclip_version" = "3.3.1"
L 01/01/2020 - 19:10:03: Server cvar "vehicle_real_killer" = "1.1"
L 01/01/2020 - 19:10:03: Server cvar "WalkGuard" = "1.3.2"
L 01/01/2020 - 19:10:03: Server cvar "we_grenades" = "Huehue"
L 01/01/2020 - 19:10:03: Server cvar "we_player_models" = "Huehue"
L 01/01/2020 - 19:10:03: Server cvar "whb_version" = "1.5.692"
L 01/01/2020 - 19:10:03: Server cvar "zp_jp_version" = "Extra Item Jetpack+Bazooka v3.2"
L 01/01/2020 - 19:10:03: Server cvars end
L 01/01/2020 - 19:10:06: Server cvar "sv_maxspeed" = "900"
L 01/01/2020 - 19:10:06: Server cvar "mp_autoteambalance" = "1"
L 01/01/2020 - 19:10:06: Server cvar "mp_autoteambalance" = "0"
L 01/01/2020 - 19:10:06: Server cvar "amx_nextmap" = "[not yet voted on]"
L 01/01/2020 - 19:10:07: Started map "4_houses" (CRC "451486053")
L 01/01/2020 - 19:10:09: World triggered "Round_Start"
L 01/01/2020 - 19:10:11: "Mr.Knife<274><STEAM_1:1:1973042010><>" entered the game
L 01/01/2020 - 19:10:13: "NE MI SE PRAVI NA PRO<282><STEAM_2:1:1478724606><>" entered the game
L 01/01/2020 - 19:10:14: "Mr.Knife<274><STEAM_1:1:1973042010><>" joined team "CT"
L 01/01/2020 - 19:10:15: "NE MI SE PRAVI NA PRO<282><STEAM_2:1:1478724606><>" joined team "TERRORIST"
L 01/01/2020 - 19:10:17: World triggered "Game_Commencing"
L 01/01/2020 - 19:10:17: World triggered "Game_Commencing" (CT "0") (T "0")
L 01/01/2020 - 19:10:17: World triggered "Round_End"
L 01/01/2020 - 19:10:21: World triggered "Round_Start"
L 01/01/2020 - 19:10:32: "BAD BOY<276><STEAM_1:1:175462098><>" entered the game
L 01/01/2020 - 19:10:34: "Mr.Knife<274><STEAM_1:1:1973042010><CT>" killed "NE MI SE PRAVI NA PRO<282><STEAM_2:1:1478724606><TERRORIST>" with "deagle"
L 01/01/2020 - 19:10:34: Team "CT" triggered "CTs_Win" (CT "1") (T "0")
L 01/01/2020 - 19:10:34: World triggered "Round_End"
L 01/01/2020 - 19:10:38: "BAD BOY<276><STEAM_1:1:175462098><>" joined team "CT"
L 01/01/2020 - 19:10:40: World triggered "Round_Start"
L 01/01/2020 - 19:11:00: "NE MI SE PRAVI NA PRO<282><STEAM_2:1:1478724606><TERRORIST>" killed "BAD BOY<276><STEAM_1:1:175462098><CT>" with "galil"
L 01/01/2020 - 19:11:36: "Mr.Knife<274><STEAM_1:1:1973042010><CT>" killed "NE MI SE PRAVI NA PRO<282><STEAM_2:1:1478724606><TERRORIST>" with "scout"
L 01/01/2020 - 19:11:36: Team "CT" triggered "CTs_Win" (CT "2") (T "0")
L 01/01/2020 - 19:11:36: World triggered "Round_End"
L 01/01/2020 - 19:11:39: [REUNION]: IP 193.42.110.171 banned for 10 minutes for query flooding (PPS: 334)
L 01/01/2020 - 19:11:42: World triggered "Round_Start"
L 01/01/2020 - 19:12:06: "Mr.Knife<274><STEAM_1:1:1973042010><CT>" killed "NE MI SE PRAVI NA PRO<282><STEAM_2:1:1478724606><TERRORIST>" with "m4a1"
L 01/01/2020 - 19:12:06: Team "CT" triggered "CTs_Win" (CT "3") (T "0")
L 01/01/2020 - 19:12:06: World triggered "Round_End"
L 01/01/2020 - 19:12:12: World triggered "Round_Start"
L 01/01/2020 - 19:12:29: "BAD BOY<276><STEAM_1:1:175462098><CT>" killed "NE MI SE PRAVI NA PRO<282><STEAM_2:1:1478724606><TERRORIST>" with "ak47"
L 01/01/2020 - 19:12:29: Team "CT" triggered "CTs_Win" (CT "4") (T "0")
L 01/01/2020 - 19:12:29: World triggered "Round_End"
L 01/01/2020 - 19:12:35: World triggered "Round_Start"
L 01/01/2020 - 19:12:56: "BAD BOY<276><STEAM_1:1:175462098><CT>" killed "NE MI SE PRAVI NA PRO<282><STEAM_2:1:1478724606><TERRORIST>" with "ak47"
L 01/01/2020 - 19:12:56: Team "CT" triggered "CTs_Win" (CT "5") (T "0")
L 01/01/2020 - 19:12:56: World triggered "Round_End"
L 01/01/2020 - 19:13:02: World triggered "Round_Start"
L 01/01/2020 - 19:13:07: [REUNION]: Zombator (212.142.79.71) authorized as RevEmu
L 01/01/2020 - 19:13:07: "Zombator<283><STEAM_1:0:423905296><>" connected, address "212.142.79.71:27005"
L 01/01/2020 - 19:13:30: "Mr.Knife<274><STEAM_1:1:1973042010><CT>" killed "NE MI SE PRAVI NA PRO<282><STEAM_2:1:1478724606><TERRORIST>" with "m4a1"
L 01/01/2020 - 19:13:30: Team "CT" triggered "CTs_Win" (CT "6") (T "0")
L 01/01/2020 - 19:13:30: World triggered "Round_End"
L 01/01/2020 - 19:13:36: World triggered "Round_Start"
L 01/01/2020 - 19:13:41: "BAD BOY<276><STEAM_1:1:175462098><CT>" killed "NE MI SE PRAVI NA PRO<282><STEAM_2:1:1478724606><TERRORIST>" with "ak47"
L 01/01/2020 - 19:13:41: Team "CT" triggered "CTs_Win" (CT "7") (T "0")
L 01/01/2020 - 19:13:41: World triggered "Round_End"
L 01/01/2020 - 19:13:47: World triggered "Round_Start"
L 01/01/2020 - 19:13:51: "NE MI SE PRAVI NA PRO<282><STEAM_2:1:1478724606><TERRORIST>" killed "BAD BOY<276><STEAM_1:1:175462098><CT>" with "ak47"
L 01/01/2020 - 19:13:52: "NE MI SE PRAVI NA PRO<282><STEAM_2:1:1478724606><TERRORIST>" killed "Mr.Knife<274><STEAM_1:1:1973042010><CT>" with "ak47"
L 01/01/2020 - 19:13:52: Team "TERRORIST" triggered "Terrorists_Win" (CT "7") (T "1")
L 01/01/2020 - 19:13:52: World triggered "Round_End"
L 01/01/2020 - 19:13:58: World triggered "Round_Start"
L 01/01/2020 - 19:14:26: "Mr.Knife<274><STEAM_1:1:1973042010><CT>" killed "NE MI SE PRAVI NA PRO<282><STEAM_2:1:1478724606><TERRORIST>" with "m4a1"
L 01/01/2020 - 19:14:26: Team "CT" triggered "CTs_Win" (CT "8") (T "1")
L 01/01/2020 - 19:14:26: World triggered "Round_End"
L 01/01/2020 - 19:14:26: "NE MI SE PRAVI NA PRO<282><STEAM_2:1:1478724606><TERRORIST>" killed "Mr.Knife<274><STEAM_1:1:1973042010><CT>" with "grenade"
L 01/01/2020 - 19:14:28: "NE MI SE PRAVI NA PRO<282><STEAM_2:1:1478724606><TERRORIST>" killed "BAD BOY<276><STEAM_1:1:175462098><CT>" with "grenade"
L 01/01/2020 - 19:14:32: World triggered "Round_Start"
L 01/01/2020 - 19:14:48: "BAD BOY<276><STEAM_1:1:175462098><CT>" killed "NE MI SE PRAVI NA PRO<282><STEAM_2:1:1478724606><TERRORIST>" with "awp"
L 01/01/2020 - 19:14:48: Team "CT" triggered "CTs_Win" (CT "9") (T "1")
L 01/01/2020 - 19:14:48: World triggered "Round_End"
L 01/01/2020 - 19:14:54: World triggered "Round_Start"
L 01/01/2020 - 19:15:16: "BAD BOY<276><STEAM_1:1:175462098><CT>" killed "NE MI SE PRAVI NA PRO<282><STEAM_2:1:1478724606><TERRORIST>" with "m4a1"
L 01/01/2020 - 19:15:16: Team "CT" triggered "CTs_Win" (CT "10") (T "1")
L 01/01/2020 - 19:15:16: World triggered "Round_End"
L 01/01/2020 - 19:15:22: World triggered "Round_Start"
L 01/01/2020 - 19:15:32: "BAD BOY<276><STEAM_1:1:175462098><CT>" killed "NE MI SE PRAVI NA PRO<282><STEAM_2:1:1478724606><TERRORIST>" with "ak47"
L 01/01/2020 - 19:15:32: Team "CT" triggered "CTs_Win" (CT "11") (T "1")
L 01/01/2020 - 19:15:32: World triggered "Round_End"
L 01/01/2020 - 19:15:38: World triggered "Round_Start"
L 01/01/2020 - 19:15:42: "BAD BOY<276><STEAM_1:1:175462098><CT>" killed "NE MI SE PRAVI NA PRO<282><STEAM_2:1:1478724606><TERRORIST>" with "ak47"
L 01/01/2020 - 19:15:42: Team "CT" triggered "CTs_Win" (CT "12") (T "1")
L 01/01/2020 - 19:15:42: World triggered "Round_End"
L 01/01/2020 - 19:15:48: World triggered "Round_Start"
L 01/01/2020 - 19:16:05: "Mr.Knife<274><STEAM_1:1:1973042010><CT>" killed "NE MI SE PRAVI NA PRO<282><STEAM_2:1:1478724606><TERRORIST>" with "ak47"
L 01/01/2020 - 19:16:05: Team "CT" triggered "CTs_Win" (CT "13") (T "1")
L 01/01/2020 - 19:16:05: World triggered "Round_End"
L 01/01/2020 - 19:16:07: "dependentu40<284><STEAM_0:0:176236770><>" connected, address "78.149.228.228:27005"
L 01/01/2020 - 19:16:07: "dependentu40<284><STEAM_0:0:176236770><>" STEAM USERID validated
L 01/01/2020 - 19:16:11: World triggered "Round_Start"
L 01/01/2020 - 19:16:26: "NE MI SE PRAVI NA PRO<282><STEAM_2:1:1478724606><TERRORIST>" killed "Mr.Knife<274><STEAM_1:1:1973042010><CT>" with "ak47"
L 01/01/2020 - 19:16:32: "BAD BOY<276><STEAM_1:1:175462098><CT>" killed "NE MI SE PRAVI NA PRO<282><STEAM_2:1:1478724606><TERRORIST>" with "knife"
L 01/01/2020 - 19:16:32: Team "CT" triggered "CTs_Win" (CT "14") (T "1")
L 01/01/2020 - 19:16:32: World triggered "Round_End"
L 01/01/2020 - 19:16:38: World triggered "Round_Start"
L 01/01/2020 - 19:16:54: "NE MI SE PRAVI NA PRO<282><STEAM_2:1:1478724606><TERRORIST>" killed "Mr.Knife<274><STEAM_1:1:1973042010><CT>" with "ak47"
L 01/01/2020 - 19:16:57: "BAD BOY<276><STEAM_1:1:175462098><CT>" killed "NE MI SE PRAVI NA PRO<282><STEAM_2:1:1478724606><TERRORIST>" with "knife"
L 01/01/2020 - 19:16:57: Team "CT" triggered "CTs_Win" (CT "15") (T "1")
L 01/01/2020 - 19:16:57: World triggered "Round_End"
L 01/01/2020 - 19:17:03: World triggered "Round_Start"
L 01/01/2020 - 19:17:19: "NE MI SE PRAVI NA PRO<282><STEAM_2:1:1478724606><TERRORIST>" killed "BAD BOY<276><STEAM_1:1:175462098><CT>" with "ak47"
L 01/01/2020 - 19:17:24: "NE MI SE PRAVI NA PRO<282><STEAM_2:1:1478724606><TERRORIST>" killed "Mr.Knife<274><STEAM_1:1:1973042010><CT>" with "ak47"
L 01/01/2020 - 19:17:24: Team "TERRORIST" triggered "Terrorists_Win" (CT "15") (T "2")
L 01/01/2020 - 19:17:24: World triggered "Round_End"
L 01/01/2020 - 19:17:29: "NE MI SE PRAVI NA PRO<282><STEAM_2:1:1478724606><TERRORIST>" disconnected
L 01/01/2020 - 19:17:30: World triggered "Round_Start"
L 01/01/2020 - 19:17:51: "Mr.Knife<274><STEAM_1:1:1973042010><CT>" committed suicide with "world"
L 01/01/2020 - 19:17:51: "Mr.Knife<274><STEAM_1:1:1973042010><CT>" joined team "TERRORIST"
L 01/01/2020 - 19:17:52: World triggered "Game_Commencing"
L 01/01/2020 - 19:17:52: World triggered "Game_Commencing" (CT "15") (T "2")
L 01/01/2020 - 19:17:52: World triggered "Round_End"
L 01/01/2020 - 19:17:56: World triggered "Round_Start"
L 01/01/2020 - 19:17:59: "BAD BOY<276><STEAM_1:1:175462098><CT>" killed "Mr.Knife<274><STEAM_1:1:1973042010><TERRORIST>" with "g3sg1"
L 01/01/2020 - 19:17:59: Team "CT" triggered "CTs_Win" (CT "1") (T "0")
L 01/01/2020 - 19:17:59: World triggered "Round_End"
L 01/01/2020 - 19:18:05: World triggered "Round_Start"
L 01/01/2020 - 19:18:16: "BAD BOY<276><STEAM_1:1:175462098><CT>" killed "Mr.Knife<274><STEAM_1:1:1973042010><TERRORIST>" with "m4a1"
L 01/01/2020 - 19:18:16: Team "CT" triggered "CTs_Win" (CT "2") (T "0")
L 01/01/2020 - 19:18:16: World triggered "Round_End"
L 01/01/2020 - 19:18:22: World triggered "Round_Start"
L 01/01/2020 - 19:18:29: "BAD BOY<276><STEAM_1:1:175462098><CT>" killed "Mr.Knife<274><STEAM_1:1:1973042010><TERRORIST>" with "m4a1"
L 01/01/2020 - 19:18:29: Team "CT" triggered "CTs_Win" (CT "3") (T "0")
L 01/01/2020 - 19:18:29: World triggered "Round_End"
L 01/01/2020 - 19:18:35: World triggered "Round_Start"
L 01/01/2020 - 19:19:04: "BAD BOY<276><STEAM_1:1:175462098><CT>" killed "Mr.Knife<274><STEAM_1:1:1973042010><TERRORIST>" with "m4a1"
L 01/01/2020 - 19:19:04: Team "CT" triggered "CTs_Win" (CT "4") (T "0")
L 01/01/2020 - 19:19:04: World triggered "Round_End"
L 01/01/2020 - 19:19:10: World triggered "Round_Start"
L 01/01/2020 - 19:19:49: "Mr.Knife<274><STEAM_1:1:1973042010><TERRORIST>" killed "BAD BOY<276><STEAM_1:1:175462098><CT>" with "knife"
L 01/01/2020 - 19:19:49: Team "TERRORIST" triggered "Terrorists_Win" (CT "4") (T "1")
L 01/01/2020 - 19:19:49: World triggered "Round_End"
L 01/01/2020 - 19:19:55: World triggered "Round_Start"
L 01/01/2020 - 19:20:11: "Mr.Knife<274><STEAM_1:1:1973042010><TERRORIST>" killed "BAD BOY<276><STEAM_1:1:175462098><CT>" with "m4a1"
L 01/01/2020 - 19:20:11: Team "TERRORIST" triggered "Terrorists_Win" (CT "4") (T "2")
L 01/01/2020 - 19:20:11: World triggered "Round_End"
L 01/01/2020 - 19:20:17: World triggered "Round_Start"
L 01/01/2020 - 19:20:24: "BAD BOY<276><STEAM_1:1:175462098><CT>" killed "Mr.Knife<274><STEAM_1:1:1973042010><TERRORIST>" with "m4a1"
L 01/01/2020 - 19:20:24: Team "CT" triggered "CTs_Win" (CT "5") (T "2")
L 01/01/2020 - 19:20:24: World triggered "Round_End"
L 01/01/2020 - 19:20:30: World triggered "Round_Start"
L 01/01/2020 - 19:20:32: [REUNION]: ＃-->Kllier`Boss<--＃ (82.205.72.82) authorized as RevEmu
L 01/01/2020 - 19:20:32: "＃-->Kllier`Boss<--＃<285><STEAM_1:1:1316058917><>" connected, address "82.205.72.82:21906"
L 01/01/2020 - 19:20:39: "BAD BOY<276><STEAM_1:1:175462098><CT>" killed "Mr.Knife<274><STEAM_1:1:1973042010><TERRORIST>" with "usp"
L 01/01/2020 - 19:20:39: Team "CT" triggered "CTs_Win" (CT "6") (T "2")
L 01/01/2020 - 19:20:39: World triggered "Round_End"
L 01/01/2020 - 19:20:40: "＃-->Kllier`Boss<--＃<285><STEAM_1:1:1316058917><>" entered the game
L 01/01/2020 - 19:20:45: World triggered "Round_Start"
L 01/01/2020 - 19:20:46: "＃-->Kllier`Boss<--＃<285><STEAM_1:1:1316058917><>" joined team "CT"
L 01/01/2020 - 19:20:55: "BAD BOY<276><STEAM_1:1:175462098><CT>" killed "Mr.Knife<274><STEAM_1:1:1973042010><TERRORIST>" with "m4a1"
L 01/01/2020 - 19:20:55: Team "CT" triggered "CTs_Win" (CT "7") (T "2")
L 01/01/2020 - 19:20:55: World triggered "Round_End"
L 01/01/2020 - 19:20:57: "BAD BOY<276><STEAM_1:1:175462098><CT>" committed suicide with "world"
L 01/01/2020 - 19:20:57: "BAD BOY<276><STEAM_1:1:175462098><CT>" joined team "TERRORIST"
L 01/01/2020 - 19:21:01: World triggered "Round_Start"
L 01/01/2020 - 19:21:13: "BAD BOY<276><STEAM_1:1:175462098><TERRORIST>" killed "＃-->Kllier`Boss<--＃<285><STEAM_1:1:1316058917><CT>" with "ak47"
L 01/01/2020 - 19:21:13: Team "TERRORIST" triggered "Terrorists_Win" (CT "7") (T "3")
L 01/01/2020 - 19:21:13: World triggered "Round_End"
L 01/01/2020 - 19:21:19: World triggered "Round_Start"
L 01/01/2020 - 19:21:54: "＃-->Kllier`Boss<--＃<285><STEAM_1:1:1316058917><CT>" killed "Mr.Knife<274><STEAM_1:1:1973042010><TERRORIST>" with "mp5navy"
L 01/01/2020 - 19:21:55: "BAD BOY<276><STEAM_1:1:175462098><TERRORIST>" killed "＃-->Kllier`Boss<--＃<285><STEAM_1:1:1316058917><CT>" with "ak47"
L 01/01/2020 - 19:21:55: Team "TERRORIST" triggered "Terrorists_Win" (CT "7") (T "4")
L 01/01/2020 - 19:21:55: World triggered "Round_End"
L 01/01/2020 - 19:22:01: World triggered "Round_Start"
L 01/01/2020 - 19:22:23: "BAD BOY<276><STEAM_1:1:175462098><TERRORIST>" killed "＃-->Kllier`Boss<--＃<285><STEAM_1:1:1316058917><CT>" with "ak47"
L 01/01/2020 - 19:22:23: Team "TERRORIST" triggered "Terrorists_Win" (CT "7") (T "5")
L 01/01/2020 - 19:22:23: World triggered "Round_End"
L 01/01/2020 - 19:22:29: World triggered "Round_Start"
L 01/01/2020 - 19:22:58: "Mr.Knife<274><STEAM_1:1:1973042010><TERRORIST>" killed "＃-->Kllier`Boss<--＃<285><STEAM_1:1:1316058917><CT>" with "glock18"
L 01/01/2020 - 19:22:58: Team "TERRORIST" triggered "Terrorists_Win" (CT "7") (T "6")
L 01/01/2020 - 19:22:58: World triggered "Round_End"
L 01/01/2020 - 19:23:04: World triggered "Round_Start"
L 01/01/2020 - 19:23:19: "BAD BOY<276><STEAM_1:1:175462098><TERRORIST>" killed "＃-->Kllier`Boss<--＃<285><STEAM_1:1:1316058917><CT>" with "ak47"
L 01/01/2020 - 19:23:19: Team "TERRORIST" triggered "Terrorists_Win" (CT "7") (T "7")
L 01/01/2020 - 19:23:19: World triggered "Round_End"
L 01/01/2020 - 19:23:23: "＃-->Kllier`Boss<--＃<285><STEAM_1:1:1316058917><CT>" joined team "TERRORIST"
L 01/01/2020 - 19:23:25: World triggered "Round_Start"
L 01/01/2020 - 19:23:26: "＃-->Kllier`Boss<--＃<285><STEAM_1:1:1316058917><TERRORIST>" committed suicide with "world"
L 01/01/2020 - 19:23:26: "＃-->Kllier`Boss<--＃<285><STEAM_1:1:1316058917><TERRORIST>" joined team "CT"
L 01/01/2020 - 19:23:26: World triggered "Game_Commencing"
L 01/01/2020 - 19:23:26: World triggered "Game_Commencing" (CT "7") (T "7")
L 01/01/2020 - 19:23:26: World triggered "Round_End"
L 01/01/2020 - 19:23:30: World triggered "Round_Start"
L 01/01/2020 - 19:23:46: [REUNION]: RUsnak (77.78.38.4) authorized as RevEmu
L 01/01/2020 - 19:23:46: "RUsnak<286><STEAM_2:0:1730561053><>" connected, address "77.78.38.4:27005"
L 01/01/2020 - 19:23:47: "＃-->Kllier`Boss<--＃<285><STEAM_1:1:1316058917><CT>" killed "Mr.Knife<274><STEAM_1:1:1973042010><TERRORIST>" with "fiveseven"
L 01/01/2020 - 19:23:53: "RUsnak<286><STEAM_2:0:1730561053><>" entered the game
L 01/01/2020 - 19:23:54: "Saad<287><STEAM_0:1:113405507><>" connected, address "168.211.104.90:27005"
L 01/01/2020 - 19:23:54: "Saad<287><STEAM_0:1:113405507><>" STEAM USERID validated
L 01/01/2020 - 19:23:56: "RUsnak<286><STEAM_2:0:1730561053><>" joined team "CT"
L 01/01/2020 - 19:24:02: "BAD BOY<276><STEAM_1:1:175462098><TERRORIST>" killed "＃-->Kllier`Boss<--＃<285><STEAM_1:1:1316058917><CT>" with "knife"
L 01/01/2020 - 19:24:02: Team "TERRORIST" triggered "Terrorists_Win" (CT "0") (T "1")
L 01/01/2020 - 19:24:02: World triggered "Round_End"
L 01/01/2020 - 19:24:08: World triggered "Round_Start"
L 01/01/2020 - 19:24:09: "Saad<287><STEAM_0:1:113405507><>" entered the game
L 01/01/2020 - 19:24:20: "BAD BOY<276><STEAM_1:1:175462098><TERRORIST>" killed "RUsnak<286><STEAM_2:0:1730561053><CT>" with "deagle"
L 01/01/2020 - 19:24:29: "BAD BOY<276><STEAM_1:1:175462098><TERRORIST>" killed "＃-->Kllier`Boss<--＃<285><STEAM_1:1:1316058917><CT>" with "mac10"
L 01/01/2020 - 19:24:29: Team "TERRORIST" triggered "Terrorists_Win" (CT "0") (T "2")
L 01/01/2020 - 19:24:29: World triggered "Round_End"
L 01/01/2020 - 19:24:35: World triggered "Round_Start"
L 01/01/2020 - 19:24:38: "Saad<287><STEAM_0:1:113405507><>" joined team "SPECTATOR"
L 01/01/2020 - 19:24:43: "RUsnak<286><STEAM_2:0:1730561053><CT>" killed "Mr.Knife<274><STEAM_1:1:1973042010><TERRORIST>" with "m4a1"
L 01/01/2020 - 19:24:50: "＃-->Kllier`Boss<--＃<285><STEAM_1:1:1316058917><CT>" killed "BAD BOY<276><STEAM_1:1:175462098><TERRORIST>" with "m4a1"
L 01/01/2020 - 19:24:50: Team "CT" triggered "CTs_Win" (CT "1") (T "2")
L 01/01/2020 - 19:24:50: World triggered "Round_End"
L 01/01/2020 - 19:24:56: [REUNION]: OverlordD (213.167.9.197) authorized as RevEmu
L 01/01/2020 - 19:24:56: "OverlordD<288><STEAM_2:1:190285650><>" connected, address "213.167.9.197:27005"
L 01/01/2020 - 19:24:56: World triggered "Round_Start"
L 01/01/2020 - 19:25:07: [REUNION]: 341 (213.167.9.197) authorized as RevEmu
L 01/01/2020 - 19:25:07: "341<289><STEAM_2:1:190285650><>" connected, address "213.167.9.197:27005"
L 01/01/2020 - 19:25:10: "＃-->Kllier`Boss<--＃<285><STEAM_1:1:1316058917><CT>" killed "Mr.Knife<274><STEAM_1:1:1973042010><TERRORIST>" with "knife"
L 01/01/2020 - 19:25:13: [REUNION]: 341 (213.167.9.197) authorized as RevEmu
L 01/01/2020 - 19:25:13: "341<290><STEAM_2:1:190285650><>" connected, address "213.167.9.197:27005"
L 01/01/2020 - 19:25:14: "Mr.Knife<274><STEAM_1:1:1973042010><TERRORIST>" disconnected
L 01/01/2020 - 19:25:16: [REUNION]: 341 (213.167.9.197) authorized as RevEmu
L 01/01/2020 - 19:25:16: "341<291><STEAM_2:1:190285650><>" connected, address "213.167.9.197:27005"
L 01/01/2020 - 19:25:19: [REUNION]: Mr.Knife (87.243.102.193) authorized as RevEmu
L 01/01/2020 - 19:25:19: "Mr.Knife<292><STEAM_1:1:1973042010><>" connected, address "87.243.102.193:27005"
L 01/01/2020 - 19:25:22: "Mr.Knife<292><STEAM_1:1:1973042010><>" entered the game
L 01/01/2020 - 19:25:23: "341<291><STEAM_2:1:190285650><>" entered the game
L 01/01/2020 - 19:25:24: "RUsnak<286><STEAM_2:0:1730561053><CT>" killed "BAD BOY<276><STEAM_1:1:175462098><TERRORIST>" with "m3"
L 01/01/2020 - 19:25:24: Team "CT" triggered "CTs_Win" (CT "2") (T "2")
L 01/01/2020 - 19:25:24: World triggered "Round_End"
L 01/01/2020 - 19:25:27: "Mr.Knife<292><STEAM_1:1:1973042010><>" joined team "TERRORIST"
L 01/01/2020 - 19:25:28: "＃-->Kllier`Boss<--＃<285><STEAM_1:1:1316058917><CT>" joined team "TERRORIST"
L 01/01/2020 - 19:25:28: "<><><>" triggered "amx_chat" (text "[PTB] Transfered ＃-->Kllier`Boss<--＃ to TERRORIST")
L 01/01/2020 - 19:25:30: World triggered "Round_Start"
L 01/01/2020 - 19:25:34: "BAD BOY<276><STEAM_1:1:175462098><TERRORIST>" killed "RUsnak<286><STEAM_2:0:1730561053><CT>" with "ak47"
L 01/01/2020 - 19:25:34: Team "TERRORIST" triggered "Terrorists_Win" (CT "2") (T "3")
L 01/01/2020 - 19:25:34: World triggered "Round_End"
L 01/01/2020 - 19:25:36: "341<291><STEAM_2:1:190285650><>" joined team "CT"
L 01/01/2020 - 19:25:39: "BAD BOY<276><STEAM_1:1:175462098><TERRORIST>" joined team "CT"
L 01/01/2020 - 19:25:39: "<><><>" triggered "amx_chat" (text "[PTB] Transfered BAD BOY to CT")
L 01/01/2020 - 19:25:40: World triggered "Round_Start"
L 01/01/2020 - 19:25:45: "BAD BOY<276><STEAM_1:1:175462098><CT>" killed "Mr.Knife<292><STEAM_1:1:1973042010><TERRORIST>" with "ak47"
L 01/01/2020 - 19:25:53: "Mr.Knife<292><STEAM_1:1:1973042010><TERRORIST>" joined team "CT"
L 01/01/2020 - 19:25:56: "BAD BOY<276><STEAM_1:1:175462098><CT>" killed "＃-->Kllier`Boss<--＃<285><STEAM_1:1:1316058917><TERRORIST>" with "ak47"
L 01/01/2020 - 19:25:56: Team "CT" triggered "CTs_Win" (CT "3") (T "3")
L 01/01/2020 - 19:25:56: World triggered "Round_End"
L 01/01/2020 - 19:26:01: "RUsnak<286><STEAM_2:0:1730561053><CT>" joined team "TERRORIST"
L 01/01/2020 - 19:26:01: "<><><>" triggered "amx_chat" (text "[PTB] Transfered RUsnak to TERRORIST")
L 01/01/2020 - 19:26:02: World triggered "Round_Start"
L 01/01/2020 - 19:26:07: "BAD BOY<276><STEAM_1:1:175462098><CT>" killed "RUsnak<286><STEAM_2:0:1730561053><TERRORIST>" with "famas"
L 01/01/2020 - 19:26:15: "BAD BOY<276><STEAM_1:1:175462098><CT>" killed "＃-->Kllier`Boss<--＃<285><STEAM_1:1:1316058917><TERRORIST>" with "famas"
L 01/01/2020 - 19:26:15: Team "CT" triggered "CTs_Win" (CT "4") (T "3")
L 01/01/2020 - 19:26:15: World triggered "Round_End"
L 01/01/2020 - 19:26:17: "Saad<287><STEAM_0:1:113405507><SPECTATOR>" disconnected
L 01/01/2020 - 19:26:21: World triggered "Round_Start"
L 01/01/2020 - 19:26:29: "BAD BOY<276><STEAM_1:1:175462098><CT>" killed "RUsnak<286><STEAM_2:0:1730561053><TERRORIST>" with "m4a1"
L 01/01/2020 - 19:26:49: "341<291><STEAM_2:1:190285650><CT>" killed "＃-->Kllier`Boss<--＃<285><STEAM_1:1:1316058917><TERRORIST>" with "m4a1"
L 01/01/2020 - 19:26:49: Team "CT" triggered "CTs_Win" (CT "5") (T "3")
L 01/01/2020 - 19:26:49: World triggered "Round_End"
L 01/01/2020 - 19:26:54: "BAD BOY<276><STEAM_1:1:175462098><CT>" joined team "TERRORIST"
L 01/01/2020 - 19:26:54: "<><><>" triggered "amx_chat" (text "[PTB] Transfered BAD BOY to TERRORIST")
L 01/01/2020 - 19:26:55: World triggered "Round_Start"
L 01/01/2020 - 19:27:00: "BAD BOY<276><STEAM_1:1:175462098><TERRORIST>" killed "Mr.Knife<292><STEAM_1:1:1973042010><CT>" with "m4a1"
L 01/01/2020 - 19:27:00: "341<291><STEAM_2:1:190285650><CT>" killed "BAD BOY<276><STEAM_1:1:175462098><TERRORIST>" with "ak47"
L 01/01/2020 - 19:27:04: "Mr.Knife<292><STEAM_1:1:1973042010><CT>" joined team "TERRORIST"
L 01/01/2020 - 19:27:10: "341<291><STEAM_2:1:190285650><CT>" killed "＃-->Kllier`Boss<--＃<285><STEAM_1:1:1316058917><TERRORIST>" with "ak47"
L 01/01/2020 - 19:27:10: "RUsnak<286><STEAM_2:0:1730561053><TERRORIST>" killed "341<291><STEAM_2:1:190285650><CT>" with "ak47"
L 01/01/2020 - 19:27:10: Team "TERRORIST" triggered "Terrorists_Win" (CT "5") (T "4")
L 01/01/2020 - 19:27:10: World triggered "Round_End"
L 01/01/2020 - 19:27:14: "＃-->Kllier`Boss<--＃<285><STEAM_1:1:1316058917><TERRORIST>" joined team "CT"
L 01/01/2020 - 19:27:16: World triggered "Round_Start"
L 01/01/2020 - 19:27:31: "＃-->Kllier`Boss<--＃<285><STEAM_1:1:1316058917><CT>" killed "BAD BOY<276><STEAM_1:1:175462098><TERRORIST>" with "knife"
L 01/01/2020 - 19:27:32: "RUsnak<286><STEAM_2:0:1730561053><TERRORIST>" killed "＃-->Kllier`Boss<--＃<285><STEAM_1:1:1316058917><CT>" with "ak47"
L 01/01/2020 - 19:27:39: "341<291><STEAM_2:1:190285650><CT>" killed "RUsnak<286><STEAM_2:0:1730561053><TERRORIST>" with "m4a1"
L 01/01/2020 - 19:28:17: [REUNION]: IP 193.42.110.171 banned for 10 minutes for query flooding (PPS: 326)
L 01/01/2020 - 19:28:21: "Saad<293><STEAM_0:1:113405507><>" connected, address "168.211.104.90:27005"
L 01/01/2020 - 19:28:22: "Saad<293><STEAM_0:1:113405507><>" STEAM USERID validated
L 01/01/2020 - 19:28:26: "341<291><STEAM_2:1:190285650><CT>" killed "Mr.Knife<292><STEAM_1:1:1973042010><TERRORIST>" with "usp"
L 01/01/2020 - 19:28:26: Team "CT" triggered "CTs_Win" (CT "6") (T "4")
L 01/01/2020 - 19:28:26: World triggered "Round_End"
L 01/01/2020 - 19:28:29: "Saad<293><STEAM_0:1:113405507><>" entered the game
L 01/01/2020 - 19:28:32: "Saad<293><STEAM_0:1:113405507><>" joined team "CT"
L 01/01/2020 - 19:28:32: World triggered "Round_Start"
L 01/01/2020 - 19:28:45: "341<291><STEAM_2:1:190285650><CT>" killed "RUsnak<286><STEAM_2:0:1730561053><TERRORIST>" with "usp"
L 01/01/2020 - 19:28:48: "BAD BOY<276><STEAM_1:1:175462098><TERRORIST>" killed "＃-->Kllier`Boss<--＃<285><STEAM_1:1:1316058917><CT>" with "ak47"
L 01/01/2020 - 19:29:33: "341<291><STEAM_2:1:190285650><CT>" killed "Mr.Knife<292><STEAM_1:1:1973042010><TERRORIST>" with "m4a1"
L 01/01/2020 - 19:29:42: "Saad<293><STEAM_0:1:113405507><CT>" committed suicide with "world"
L 01/01/2020 - 19:29:49: "BAD BOY<276><STEAM_1:1:175462098><TERRORIST>" killed "341<291><STEAM_2:1:190285650><CT>" with "ak47"
L 01/01/2020 - 19:29:49: Team "TERRORIST" triggered "Terrorists_Win" (CT "6") (T "5")
L 01/01/2020 - 19:29:49: World triggered "Round_End"
L 01/01/2020 - 19:29:55: World triggered "Round_Start"
L 01/01/2020 - 19:29:58: [REUNION]: |VoivoditE|_uBaHoB_ (151.237.109.143) authorized as RevEmu
L 01/01/2020 - 19:29:58: "|VoivoditE|_uBaHoB_<294><STEAM_1:0:941659031><>" connected, address "151.237.109.143:27005"
L 01/01/2020 - 19:30:13: [REUNION]: |VoivoditE|_uBaHoB_ (151.237.109.143) authorized as RevEmu
L 01/01/2020 - 19:30:13: "|VoivoditE|_uBaHoB_<295><STEAM_1:0:941659031><>" connected, address "151.237.109.143:27005"
L 01/01/2020 - 19:30:18: "|VoivoditE|_uBaHoB_<295><STEAM_1:0:941659031><>" entered the game
L 01/01/2020 - 19:30:22: "|VoivoditE|_uBaHoB_<295><STEAM_1:0:941659031><>" joined team "TERRORIST"
L 01/01/2020 - 19:30:24: "BAD BOY<276><STEAM_1:1:175462098><TERRORIST>" killed "＃-->Kllier`Boss<--＃<285><STEAM_1:1:1316058917><CT>" with "ak47"
L 01/01/2020 - 19:30:32: "|VoivoditE|_uBaHoB_<295><STEAM_1:0:941659031><TERRORIST>" disconnected
L 01/01/2020 - 19:30:33: [REUNION]: Bajheera (158.58.250.106) authorized as NoSteam47
L 01/01/2020 - 19:30:33: "Bajheera<296><VALVE_ID_LAN><>" connected, address "158.58.250.106:27005"
L 01/01/2020 - 19:30:34: "Mr.Knife<292><STEAM_1:1:1973042010><TERRORIST>" killed "341<291><STEAM_2:1:190285650><CT>" with "scout"
L 01/01/2020 - 19:30:35: [REUNION]: Bajheera (158.58.250.106) authorized as NoSteam47
L 01/01/2020 - 19:30:35: "Bajheera<297><VALVE_ID_LAN><>" connected, address "158.58.250.106:27005"
L 01/01/2020 - 19:30:36: "＃-->Kllier`Boss<--＃<285><STEAM_1:1:1316058917><CT>" disconnected
L 01/01/2020 - 19:30:40: "Bajheera<297><VALVE_ID_LAN><>" entered the game
L 01/01/2020 - 19:30:44: "Bajheera<297><VALVE_ID_LAN><>" joined team "CT"
L 01/01/2020 - 19:30:45: "BAD BOY<276><STEAM_1:1:175462098><TERRORIST>" killed "Saad<293><STEAM_0:1:113405507><CT>" with "ak47"
L 01/01/2020 - 19:30:45: Team "TERRORIST" triggered "Terrorists_Win" (CT "6") (T "6")
L 01/01/2020 - 19:30:45: World triggered "Round_End"
L 01/01/2020 - 19:30:51: World triggered "Round_Start"
L 01/01/2020 - 19:31:04: "341<291><STEAM_2:1:190285650><CT>" killed "Mr.Knife<292><STEAM_1:1:1973042010><TERRORIST>" with "m4a1"
L 01/01/2020 - 19:31:06: "BAD BOY<276><STEAM_1:1:175462098><TERRORIST>" killed "Bajheera<297><VALVE_ID_LAN><CT>" with "ak47"
L 01/01/2020 - 19:31:09: "341<291><STEAM_2:1:190285650><CT>" killed "BAD BOY<276><STEAM_1:1:175462098><TERRORIST>" with "m4a1"
L 01/01/2020 - 19:31:10: "Saad<293><STEAM_0:1:113405507><CT>" committed suicide with "world"
L 01/01/2020 - 19:31:10: "Saad<293><STEAM_0:1:113405507><CT>" joined team "SPECTATOR"
L 01/01/2020 - 19:31:14: "341<291><STEAM_2:1:190285650><CT>" killed "RUsnak<286><STEAM_2:0:1730561053><TERRORIST>" with "ak47"
L 01/01/2020 - 19:31:14: Team "CT" triggered "CTs_Win" (CT "7") (T "6")
L 01/01/2020 - 19:31:14: World triggered "Round_End"
L 01/01/2020 - 19:31:20: World triggered "Round_Start"
L 01/01/2020 - 19:31:24: "BAD BOY<276><STEAM_1:1:175462098><TERRORIST>" killed "341<291><STEAM_2:1:190285650><CT>" with "ak47"
L 01/01/2020 - 19:31:35: "BAD BOY<276><STEAM_1:1:175462098><TERRORIST>" killed "Bajheera<297><VALVE_ID_LAN><CT>" with "ak47"
L 01/01/2020 - 19:31:35: Team "TERRORIST" triggered "Terrorists_Win" (CT "7") (T "7")
L 01/01/2020 - 19:31:35: World triggered "Round_End"
L 01/01/2020 - 19:31:40: "RUsnak<286><STEAM_2:0:1730561053><TERRORIST>" joined team "CT"
L 01/01/2020 - 19:31:40: "<><><>" triggered "amx_chat" (text "[PTB] Transfered RUsnak to CT")
L 01/01/2020 - 19:31:41: World triggered "Round_Start"
L 01/01/2020 - 19:31:47: "341<291><STEAM_2:1:190285650><CT>" killed "BAD BOY<276><STEAM_1:1:175462098><TERRORIST>" with "xm1014"
L 01/01/2020 - 19:32:16: "Mr.Knife<292><STEAM_1:1:1973042010><TERRORIST>" killed "Bajheera<297><VALVE_ID_LAN><CT>" with "usp"
L 01/01/2020 - 19:32:19: "Mr.Knife<292><STEAM_1:1:1973042010><TERRORIST>" killed "RUsnak<286><STEAM_2:0:1730561053><CT>" with "xm1014"
L 01/01/2020 - 19:32:31: "341<291><STEAM_2:1:190285650><CT>" killed "Mr.Knife<292><STEAM_1:1:1973042010><TERRORIST>" with "usp"
L 01/01/2020 - 19:32:31: Team "CT" triggered "CTs_Win" (CT "8") (T "7")
L 01/01/2020 - 19:32:31: World triggered "Round_End"
L 01/01/2020 - 19:32:37: World triggered "Round_Start"
L 01/01/2020 - 19:32:47: "341<291><STEAM_2:1:190285650><CT>" killed "Mr.Knife<292><STEAM_1:1:1973042010><TERRORIST>" with "m4a1"
L 01/01/2020 - 19:33:02: "341<291><STEAM_2:1:190285650><CT>" killed "BAD BOY<276><STEAM_1:1:175462098><TERRORIST>" with "m4a1"
L 01/01/2020 - 19:33:02: Team "CT" triggered "CTs_Win" (CT "9") (T "7")
L 01/01/2020 - 19:33:02: World triggered "Round_End"
L 01/01/2020 - 19:33:08: World triggered "Round_Start"
L 01/01/2020 - 19:33:19: "RUsnak<286><STEAM_2:0:1730561053><CT>" killed "Mr.Knife<292><STEAM_1:1:1973042010><TERRORIST>" with "m4a1"
L 01/01/2020 - 19:33:30: "BAD BOY<276><STEAM_1:1:175462098><TERRORIST>" killed "RUsnak<286><STEAM_2:0:1730561053><CT>" with "ak47"
L 01/01/2020 - 19:33:43: "341<291><STEAM_2:1:190285650><CT>" killed "BAD BOY<276><STEAM_1:1:175462098><TERRORIST>" with "m4a1"
L 01/01/2020 - 19:33:43: Team "CT" triggered "CTs_Win" (CT "10") (T "7")
L 01/01/2020 - 19:33:43: World triggered "Round_End"
L 01/01/2020 - 19:33:47: "RUsnak<286><STEAM_2:0:1730561053><CT>" joined team "TERRORIST"
L 01/01/2020 - 19:33:47: "<><><>" triggered "amx_chat" (text "[PTB] Transfered RUsnak to TERRORIST")
L 01/01/2020 - 19:33:49: World triggered "Round_Start"
L 01/01/2020 - 19:33:55: "Exodus<298><STEAM_0:1:123699866><>" connected, address "84.43.181.48:27005"
L 01/01/2020 - 19:33:55: "Exodus<298><STEAM_0:1:123699866><>" STEAM USERID validated
L 01/01/2020 - 19:34:03: "RUsnak<286><STEAM_2:0:1730561053><TERRORIST>" killed "Bajheera<297><VALVE_ID_LAN><CT>" with "ak47"
L 01/01/2020 - 19:34:11: "RUsnak<286><STEAM_2:0:1730561053><TERRORIST>" killed "341<291><STEAM_2:1:190285650><CT>" with "ak47"
L 01/01/2020 - 19:34:11: Team "TERRORIST" triggered "Terrorists_Win" (CT "10") (T "8")
L 01/01/2020 - 19:34:11: World triggered "Round_End"
L 01/01/2020 - 19:34:11: "Exodus<298><STEAM_0:1:123699866><>" entered the game
L 01/01/2020 - 19:34:16: "Exodus<298><STEAM_0:1:123699866><>" joined team "CT"
L 01/01/2020 - 19:34:17: World triggered "Round_Start"
L 01/01/2020 - 19:34:32: "341<291><STEAM_2:1:190285650><CT>" killed "Mr.Knife<292><STEAM_1:1:1973042010><TERRORIST>" with "m4a1"
L 01/01/2020 - 19:34:35: "Exodus<298><STEAM_0:1:123699866><CT>" killed "BAD BOY<276><STEAM_1:1:175462098><TERRORIST>" with "mac10"
L 01/01/2020 - 19:34:38: "RUsnak<286><STEAM_2:0:1730561053><TERRORIST>" killed "Bajheera<297><VALVE_ID_LAN><CT>" with "ak47"
L 01/01/2020 - 19:35:02: "341<291><STEAM_2:1:190285650><CT>" killed "RUsnak<286><STEAM_2:0:1730561053><TERRORIST>" with "usp"
L 01/01/2020 - 19:35:02: Team "CT" triggered "CTs_Win" (CT "11") (T "8")
L 01/01/2020 - 19:35:02: World triggered "Round_End"
L 01/01/2020 - 19:35:08: World triggered "Round_Start"
L 01/01/2020 - 19:35:18: "BAD BOY<276><STEAM_1:1:175462098><TERRORIST>" killed "341<291><STEAM_2:1:190285650><CT>" with "ak47"
L 01/01/2020 - 19:35:31: "Bajheera<297><VALVE_ID_LAN><CT>" disconnected
L 01/01/2020 - 19:35:46: "RUsnak<286><STEAM_2:0:1730561053><TERRORIST>" killed "Exodus<298><STEAM_0:1:123699866><CT>" with "knife"
L 01/01/2020 - 19:35:46: Team "TERRORIST" triggered "Terrorists_Win" (CT "11") (T "9")
L 01/01/2020 - 19:35:46: World triggered "Round_End"
L 01/01/2020 - 19:35:50: "Exodus<298><STEAM_0:1:123699866><CT>" disconnected
L 01/01/2020 - 19:35:50: "BAD BOY<276><STEAM_1:1:175462098><TERRORIST>" joined team "CT"
L 01/01/2020 - 19:35:50: "<><><>" triggered "amx_chat" (text "[PTB] Transfered BAD BOY to CT")
L 01/01/2020 - 19:35:52: World triggered "Round_Start"
L 01/01/2020 - 19:36:00: "BAD BOY<276><STEAM_1:1:175462098><CT>" killed "RUsnak<286><STEAM_2:0:1730561053><TERRORIST>" with "ak47"
L 01/01/2020 - 19:36:05: "BAD BOY<276><STEAM_1:1:175462098><CT>" killed "Mr.Knife<292><STEAM_1:1:1973042010><TERRORIST>" with "ak47"
L 01/01/2020 - 19:36:05: Team "CT" triggered "CTs_Win" (CT "12") (T "9")
L 01/01/2020 - 19:36:05: World triggered "Round_End"
L 01/01/2020 - 19:36:10: "341<291><STEAM_2:1:190285650><CT>" joined team "TERRORIST"
L 01/01/2020 - 19:36:10: "<><><>" triggered "amx_chat" (text "[PTB] Transfered 341 to TERRORIST")
L 01/01/2020 - 19:36:11: World triggered "Round_Start"
L 01/01/2020 - 19:36:20: "341<291><STEAM_2:1:190285650><TERRORIST>" killed "BAD BOY<276><STEAM_1:1:175462098><CT>" with "m4a1"
L 01/01/2020 - 19:36:20: Team "TERRORIST" triggered "Terrorists_Win" (CT "12") (T "10")
L 01/01/2020 - 19:36:20: World triggered "Round_End"
L 01/01/2020 - 19:36:24: "RUsnak<286><STEAM_2:0:1730561053><TERRORIST>" joined team "CT"
L 01/01/2020 - 19:36:24: "<><><>" triggered "amx_chat" (text "[PTB] Transfered RUsnak to CT")
L 01/01/2020 - 19:36:26: World triggered "Round_Start"
L 01/01/2020 - 19:36:34: "BAD BOY<276><STEAM_1:1:175462098><CT>" killed "Mr.Knife<292><STEAM_1:1:1973042010><TERRORIST>" with "awp"
L 01/01/2020 - 19:36:48: "341<291><STEAM_2:1:190285650><TERRORIST>" killed "BAD BOY<276><STEAM_1:1:175462098><CT>" with "m4a1"
L 01/01/2020 - 19:36:51: "341<291><STEAM_2:1:190285650><TERRORIST>" killed "RUsnak<286><STEAM_2:0:1730561053><CT>" with "m4a1"
L 01/01/2020 - 19:36:51: Team "TERRORIST" triggered "Terrorists_Win" (CT "12") (T "11")
L 01/01/2020 - 19:36:51: World triggered "Round_End"
L 01/01/2020 - 19:36:57: World triggered "Round_Start"
L 01/01/2020 - 19:37:14: "341<291><STEAM_2:1:190285650><TERRORIST>" killed "RUsnak<286><STEAM_2:0:1730561053><CT>" with "awp"
L 01/01/2020 - 19:37:27: "BAD BOY<276><STEAM_1:1:175462098><CT>" killed "341<291><STEAM_2:1:190285650><TERRORIST>" with "awp"
L 01/01/2020 - 19:37:51: "Mr.Knife<292><STEAM_1:1:1973042010><TERRORIST>" killed "BAD BOY<276><STEAM_1:1:175462098><CT>" with "glock18"
L 01/01/2020 - 19:37:51: Team "TERRORIST" triggered "Terrorists_Win" (CT "12") (T "12")
L 01/01/2020 - 19:37:51: World triggered "Round_End"
L 01/01/2020 - 19:37:57: World triggered "Round_Start"
L 01/01/2020 - 19:38:12: "341<291><STEAM_2:1:190285650><TERRORIST>" killed "RUsnak<286><STEAM_2:0:1730561053><CT>" with "awp"
L 01/01/2020 - 19:38:35: "BAD BOY<276><STEAM_1:1:175462098><CT>" killed "Mr.Knife<292><STEAM_1:1:1973042010><TERRORIST>" with "m4a1"
L 01/01/2020 - 19:38:50: "BAD BOY<276><STEAM_1:1:175462098><CT>" killed "341<291><STEAM_2:1:190285650><TERRORIST>" with "m4a1"
L 01/01/2020 - 19:38:50: Team "CT" triggered "CTs_Win" (CT "13") (T "12")
L 01/01/2020 - 19:38:50: World triggered "Round_End"
L 01/01/2020 - 19:38:56: World triggered "Round_Start"
L 01/01/2020 - 19:39:03: "Mr.Knife<292><STEAM_1:1:1973042010><TERRORIST>" killed "BAD BOY<276><STEAM_1:1:175462098><CT>" with "awp"
L 01/01/2020 - 19:39:21: "341<291><STEAM_2:1:190285650><TERRORIST>" killed "RUsnak<286><STEAM_2:0:1730561053><CT>" with "knife"
L 01/01/2020 - 19:39:21: Team "TERRORIST" triggered "Terrorists_Win" (CT "13") (T "13")
L 01/01/2020 - 19:39:21: World triggered "Round_End"
L 01/01/2020 - 19:39:26: "RUsnak<286><STEAM_2:0:1730561053><CT>" disconnected
L 01/01/2020 - 19:39:27: World triggered "Round_Start"
L 01/01/2020 - 19:39:35: "BAD BOY<276><STEAM_1:1:175462098><CT>" killed "Mr.Knife<292><STEAM_1:1:1973042010><TERRORIST>" with "awp"
L 01/01/2020 - 19:39:47: "341<291><STEAM_2:1:190285650><TERRORIST>" killed "BAD BOY<276><STEAM_1:1:175462098><CT>" with "ak47"
L 01/01/2020 - 19:39:47: Team "TERRORIST" triggered "Terrorists_Win" (CT "13") (T "14")
L 01/01/2020 - 19:39:47: World triggered "Round_End"
L 01/01/2020 - 19:39:51: "Mr.Knife<292><STEAM_1:1:1973042010><TERRORIST>" joined team "CT"
L 01/01/2020 - 19:39:51: "<><><>" triggered "amx_chat" (text "[PTB] Transfered Mr.Knife to CT")
L 01/01/2020 - 19:39:53: World triggered "Round_Start"
L 01/01/2020 - 19:40:04: "341<291><STEAM_2:1:190285650><TERRORIST>" killed "Mr.Knife<292><STEAM_1:1:1973042010><CT>" with "awp"
L 01/01/2020 - 19:40:25: "341<291><STEAM_2:1:190285650><TERRORIST>" killed "BAD BOY<276><STEAM_1:1:175462098><CT>" with "knife"
L 01/01/2020 - 19:40:25: Team "TERRORIST" triggered "Terrorists_Win" (CT "13") (T "15")
L 01/01/2020 - 19:40:25: World triggered "Round_End"
L 01/01/2020 - 19:40:31: World triggered "Round_Start"
L 01/01/2020 - 19:40:37: "BAD BOY<276><STEAM_1:1:175462098><CT>" killed "341<291><STEAM_2:1:190285650><TERRORIST>" with "m4a1"
L 01/01/2020 - 19:40:37: Team "CT" triggered "CTs_Win" (CT "14") (T "15")
L 01/01/2020 - 19:40:37: World triggered "Round_End"
L 01/01/2020 - 19:40:43: World triggered "Round_Start"
L 01/01/2020 - 19:41:04: "Mr.Knife<292><STEAM_1:1:1973042010><CT>" killed "341<291><STEAM_2:1:190285650><TERRORIST>" with "sg550"
L 01/01/2020 - 19:41:04: Team "CT" triggered "CTs_Win" (CT "15") (T "15")
L 01/01/2020 - 19:41:04: World triggered "Round_End"
L 01/01/2020 - 19:41:08: "Mr.Knife<292><STEAM_1:1:1973042010><CT>" joined team "TERRORIST"
L 01/01/2020 - 19:41:08: "<><><>" triggered "amx_chat" (text "[PTB] Transfered Mr.Knife to TERRORIST")
L 01/01/2020 - 19:41:10: World triggered "Round_Start"
L 01/01/2020 - 19:41:34: "341<291><STEAM_2:1:190285650><TERRORIST>" killed "BAD BOY<276><STEAM_1:1:175462098><CT>" with "m4a1"
L 01/01/2020 - 19:41:34: Team "TERRORIST" triggered "Terrorists_Win" (CT "15") (T "16")
L 01/01/2020 - 19:41:34: World triggered "Round_End"
L 01/01/2020 - 19:41:38: "341<291><STEAM_2:1:190285650><TERRORIST>" joined team "CT"
L 01/01/2020 - 19:41:38: "<><><>" triggered "amx_chat" (text "[PTB] Transfered 341 to CT")
L 01/01/2020 - 19:41:40: World triggered "Round_Start"
L 01/01/2020 - 19:41:45: "BAD BOY<276><STEAM_1:1:175462098><CT>" killed "Mr.Knife<292><STEAM_1:1:1973042010><TERRORIST>" with "m4a1"
L 01/01/2020 - 19:41:45: Team "CT" triggered "CTs_Win" (CT "16") (T "16")
L 01/01/2020 - 19:41:45: World triggered "Round_End"
L 01/01/2020 - 19:41:50: "BAD BOY<276><STEAM_1:1:175462098><CT>" joined team "TERRORIST"
L 01/01/2020 - 19:41:50: "<><><>" triggered "amx_chat" (text "[PTB] Transfered BAD BOY to TERRORIST")
L 01/01/2020 - 19:41:51: "Mr.Knife<292><STEAM_1:1:1973042010><TERRORIST>" committed suicide with "world"
L 01/01/2020 - 19:41:51: "Mr.Knife<292><STEAM_1:1:1973042010><TERRORIST>" joined team "CT"
L 01/01/2020 - 19:41:51: World triggered "Round_Start"
L 01/01/2020 - 19:41:58: "341<291><STEAM_2:1:190285650><CT>" killed "BAD BOY<276><STEAM_1:1:175462098><TERRORIST>" with "m4a1"
L 01/01/2020 - 19:41:58: Team "CT" triggered "CTs_Win" (CT "17") (T "16")
L 01/01/2020 - 19:41:58: World triggered "Round_End"
L 01/01/2020 - 19:42:04: World triggered "Round_Start"
L 01/01/2020 - 19:42:12: "BAD BOY<276><STEAM_1:1:175462098><TERRORIST>" killed "Mr.Knife<292><STEAM_1:1:1973042010><CT>" with "ak47"
L 01/01/2020 - 19:42:17: "Mr.Knife<292><STEAM_1:1:1973042010><CT>" joined team "TERRORIST"
L 01/01/2020 - 19:42:18: Server cvar "amx_nextmap" = "de_airninja"
L 01/01/2020 - 19:42:32: [REUNION]: NE MI SE PRAVI NA PRO (46.10.202.234) authorized as RevEmu
L 01/01/2020 - 19:42:32: "NE MI SE PRAVI NA PRO<299><STEAM_2:1:1478724606><>" connected, address "46.10.202.234:27005"
L 01/01/2020 - 19:42:33: "BAD BOY<276><STEAM_1:1:175462098><TERRORIST>" killed "341<291><STEAM_2:1:190285650><CT>" with "ak47"
L 01/01/2020 - 19:42:33: Team "TERRORIST" triggered "Terrorists_Win" (CT "17") (T "17")
L 01/01/2020 - 19:42:33: World triggered "Round_End"
L 01/01/2020 - 19:42:39: World triggered "Round_Start"
L 01/01/2020 - 19:42:45: "341<291><STEAM_2:1:190285650><CT>" killed "BAD BOY<276><STEAM_1:1:175462098><TERRORIST>" with "m4a1"
L 01/01/2020 - 19:42:58: "341<291><STEAM_2:1:190285650><CT>" killed "Mr.Knife<292><STEAM_1:1:1973042010><TERRORIST>" with "m4a1"
L 01/01/2020 - 19:42:58: Team "CT" triggered "CTs_Win" (CT "18") (T "17")
L 01/01/2020 - 19:42:58: World triggered "Round_End"
L 01/01/2020 - 19:42:59: "NE MI SE PRAVI NA PRO<299><STEAM_2:1:1478724606><>" entered the game
L 01/01/2020 - 19:43:04: "NE MI SE PRAVI NA PRO<299><STEAM_2:1:1478724606><>" joined team "CT"
L 01/01/2020 - 19:43:04: World triggered "Round_Start"
L 01/01/2020 - 19:43:06: Server cvar "mp_timelimit" = "0.000000"
L 01/01/2020 - 19:43:12: "341<291><STEAM_2:1:190285650><CT>" killed "Mr.Knife<292><STEAM_1:1:1973042010><TERRORIST>" with "m4a1"
L 01/01/2020 - 19:43:23: "BAD BOY<276><STEAM_1:1:175462098><TERRORIST>" killed "NE MI SE PRAVI NA PRO<299><STEAM_2:1:1478724606><CT>" with "ak47"
L 01/01/2020 - 19:43:29: "341<291><STEAM_2:1:190285650><CT>" killed "BAD BOY<276><STEAM_1:1:175462098><TERRORIST>" with "m4a1"
L 01/01/2020 - 19:43:29: Team "CT" triggered "CTs_Win" (CT "19") (T "17")
L 01/01/2020 - 19:43:29: World triggered "Round_End"
L 01/01/2020 - 19:43:35: World triggered "Round_Start"
L 01/01/2020 - 19:43:35: Server cvar "sv_maxspeed" = "0.000000"
L 01/01/2020 - 19:43:35: Server cvar "mp_friendlyfire" = "1"
L 01/01/2020 - 19:43:38: "341<291><STEAM_2:1:190285650><CT>" killed "NE MI SE PRAVI NA PRO<299><STEAM_2:1:1478724606><CT>" with "grenade"
L 01/01/2020 - 19:43:41: Server cvar "sv_maxspeed" = "900.000000"
L 01/01/2020 - 19:43:41: Server cvar "mp_friendlyfire" = "0"
L 01/01/2020 - 19:43:41: Server cvar "mp_timelimit" = "20.000000"
L 01/01/2020 - 19:43:41: [META] ini: Begin re-reading plugins list: /home/rented/public9/cstrike/addons/metamod/plugins.ini
L 01/01/2020 - 19:43:41: [META] ini: Read plugin config for: SafeNameAndChat
L 01/01/2020 - 19:43:41: [META] ini: Read plugin config for: AMX Mod X
L 01/01/2020 - 19:43:41: [META] ini: Read plugin config for: Reunion
L 01/01/2020 - 19:43:41: [META] ini: Read plugin config for: ReAuthCheck
L 01/01/2020 - 19:43:41: [META] ini: Read plugin config for: WHBlocker
L 01/01/2020 - 19:43:41: [META] ini: Read plugin config for: ReSemiclip
L 01/01/2020 - 19:43:41: [META] ini: Read plugin config for: Revoice
L 01/01/2020 - 19:43:41: [META] ini: Finished reading plugins list: /home/rented/public9/cstrike/addons/metamod/plugins.ini; Found 7 plugins
L 01/01/2020 - 19:43:41: [META] dll: Updating plugins...
L 01/01/2020 - 19:43:41: [META] WARNING: Cannot clear plugin 'SafeNameAndChat'; not marked as failed, empty, or open (status=valid)
L 01/01/2020 - 19:43:41: [META] dll: Unloaded plugin 'SafeNameAndChat' for reason 'file on disk is newer'
L 01/01/2020 - 19:43:41: [META] dll: Loaded plugin 'SafeNameAndChat': SafeNameAndChat v1.1 2017.02.01, WPMG.PRoSToC0der
L 01/01/2020 - 19:43:41: [META] WARNING: Cannot clear plugin 'WHBlocker'; not marked as failed, empty, or open (status=valid)
L 01/01/2020 - 19:43:41: [META] dll: Unloaded plugin 'WHBlocker' for reason 'file on disk is newer'
L 01/01/2020 - 19:43:41: [META] dll: Loaded plugin 'WHBlocker': WHBlocker v1.5.692 2017-04-13, s1lent
L 01/01/2020 - 19:43:41: [META] WARNING: Cannot clear plugin 'ReSemiclip'; not marked as failed, empty, or open (status=valid)
L 01/01/2020 - 19:43:41: [META] dll: Unloaded plugin 'ReSemiclip' for reason 'file on disk is newer'
L 01/01/2020 - 19:43:41: [META] dll: Loaded plugin 'ReSemiclip': ReSemiclip v2.3.9 13/02/17, s1lent & Adidasman
L 01/01/2020 - 19:43:41: [META] dll: Finished updating 14 plugins; kept 0, loaded 0, unloaded 0, reloaded 3, delayed 0
L 01/01/2020 - 19:43:41: "NE MI SE PRAVI NA PRO<299><STEAM_2:1:1478724606><CT>" disconnected
L 01/01/2020 - 19:43:41: "BAD BOY<276><STEAM_1:1:175462098><TERRORIST>" disconnected
L 01/01/2020 - 19:43:41: "Mr.Knife<292><STEAM_1:1:1973042010><TERRORIST>" disconnected
L 01/01/2020 - 19:43:41: "Saad<293><STEAM_0:1:113405507><SPECTATOR>" disconnected
L 01/01/2020 - 19:43:41: "341<291><STEAM_2:1:190285650><CT>" disconnected
L 01/01/2020 - 19:43:41: World triggered "Round_Draw" (CT "19") (T "17")
L 01/01/2020 - 19:43:41: World triggered "Round_End"
L 01/01/2020 - 19:43:41: Log file closed
