L 01/04/2020 - 11:59:33: Log file started (file "logs/L0104041.log") (game "cstrike") (version "48/1.1.2.7/Stdio/1621")
L 01/04/2020 - 11:59:33: Loading map "nipperhouse"
L 01/04/2020 - 11:59:33: Server cvars start
L 01/04/2020 - 11:59:33: Server cvar "@BunnyHopper" = "3.x"
L 01/04/2020 - 11:59:33: Server cvar "@CRXGoSpec" = "1.1"
L 01/04/2020 - 11:59:33: Server cvar "@CRXRemoveImmunity" = "1.0"
L 01/04/2020 - 11:59:33: Server cvar "@D.I.C.E." = "1.1"
L 01/04/2020 - 11:59:33: Server cvar "@MOTDCommands" = "1.2"
L 01/04/2020 - 11:59:33: Server cvar "advanced_quake_sounds" = "5.0"
L 01/04/2020 - 11:59:33: Server cvar "AdvancedMute" = "1.0"
L 01/04/2020 - 11:59:33: Server cvar "aesp_version" = "1.3"
L 01/04/2020 - 11:59:33: Server cvar "allow_spectators" = "1.0"
L 01/04/2020 - 11:59:33: Server cvar "amx_client_languages" = "1"
L 01/04/2020 - 11:59:33: Server cvar "amx_language" = "en"
L 01/04/2020 - 11:59:33: Server cvar "amx_nextmap" = "nipperhouse"
L 01/04/2020 - 11:59:33: Server cvar "amx_ptb_version" = "1.8b3"
L 01/04/2020 - 11:59:33: Server cvar "amx_timeleft" = "00:00"
L 01/04/2020 - 11:59:33: Server cvar "amxmodx_version" = "1.8.2"
L 01/04/2020 - 11:59:33: Server cvar "amxxbg_vip" = "1.0"
L 01/04/2020 - 11:59:33: Server cvar "asp_version" = "4.5.1"
L 01/04/2020 - 11:59:33: Server cvar "atac_version" = "3.0.1"
L 01/04/2020 - 11:59:33: Server cvar "badcamper_version" = "1.4 beta"
L 01/04/2020 - 11:59:33: Server cvar "blockmaker" = "4.01"
L 01/04/2020 - 11:59:33: Server cvar "c4 timer" = "1.1"
L 01/04/2020 - 11:59:33: Server cvar "coop" = "0"
L 01/04/2020 - 11:59:33: Server cvar "CRXAdminGroups" = "1.0"
L 01/04/2020 - 11:59:33: Server cvar "CRXCommandRestrictions" = "1.0"
L 01/04/2020 - 11:59:33: Server cvar "CRXFastKnife" = "1.0"
L 01/04/2020 - 11:59:33: Server cvar "CRXGametracker" = "2.0"
L 01/04/2020 - 11:59:33: Server cvar "CRXKnifeModels" = "2.5.7"
L 01/04/2020 - 11:59:33: Server cvar "CRXTeamAdvantage" = "1.0"
L 01/04/2020 - 11:59:33: Server cvar "CustomShop" = "4.2"
L 01/04/2020 - 11:59:33: Server cvar "deathmatch" = "1"
L 01/04/2020 - 11:59:33: Server cvar "decalfrequency" = "0"
L 01/04/2020 - 11:59:33: Server cvar "edgefriction" = "2"
L 01/04/2020 - 11:59:33: Server cvar "ers_version" = "2.3c"
L 01/04/2020 - 11:59:33: Server cvar "gagsystem_shoko" = "1.0"
L 01/04/2020 - 11:59:33: Server cvar "gal_mapcyclefile" = "mapcycle.txt"
L 01/04/2020 - 11:59:33: Server cvar "gal_version" = "v5.9.1-926"
L 01/04/2020 - 11:59:33: Server cvar "game_version" = "5.7.0.313-dev"
L 01/04/2020 - 11:59:33: Server cvar "humans_join_team" = "any"
L 01/04/2020 - 11:59:33: Server cvar "jtp10181" = "chute,gore"
L 01/04/2020 - 11:59:33: Server cvar "lawliet" = "ny_RainingSnow"
L 01/04/2020 - 11:59:33: Server cvar "LetitSnow" = "1.0"
L 01/04/2020 - 11:59:33: Server cvar "map_spawns" = "T(16) CT(16)"
L 01/04/2020 - 11:59:33: Server cvar "max_queries_sec" = "3"
L 01/04/2020 - 11:59:33: Server cvar "max_queries_sec_global" = "150"
L 01/04/2020 - 11:59:33: Server cvar "max_queries_window" = "60"
L 01/04/2020 - 11:59:33: Server cvar "mdbBans" = "4.8"
L 01/04/2020 - 11:59:33: Server cvar "metamod_version" = "1.21p37"
L 01/04/2020 - 11:59:33: Server cvar "mp_autokick" = "0"
L 01/04/2020 - 11:59:33: Server cvar "mp_autokick_timeout" = "-1"
L 01/04/2020 - 11:59:33: Server cvar "mp_autoteambalance" = "0"
L 01/04/2020 - 11:59:33: Server cvar "mp_buytime" = "0.25"
L 01/04/2020 - 11:59:33: Server cvar "mp_c4timer" = "35"
L 01/04/2020 - 11:59:33: Server cvar "mp_chattime" = "5.000000"
L 01/04/2020 - 11:59:33: Server cvar "mp_consistency" = "1"
L 01/04/2020 - 11:59:33: Server cvar "mp_fadetoblack" = "0"
L 01/04/2020 - 11:59:33: Server cvar "mp_flashlight" = "1"
L 01/04/2020 - 11:59:33: Server cvar "mp_footsteps" = "1"
L 01/04/2020 - 11:59:33: Server cvar "mp_forcecamera" = "0"
L 01/04/2020 - 11:59:33: Server cvar "mp_forcechasecam" = "0"
L 01/04/2020 - 11:59:33: Server cvar "mp_forcerespawn" = "0"
L 01/04/2020 - 11:59:33: Server cvar "mp_fraglimit" = "0"
L 01/04/2020 - 11:59:33: Server cvar "mp_fragsleft" = "0"
L 01/04/2020 - 11:59:33: Server cvar "mp_freeforall" = "0"
L 01/04/2020 - 11:59:33: Server cvar "mp_freezetime" = "1"
L 01/04/2020 - 11:59:33: Server cvar "mp_friendlyfire" = "0"
L 01/04/2020 - 11:59:33: Server cvar "mp_hostage_hurtable" = "1"
L 01/04/2020 - 11:59:33: Server cvar "mp_hostagepenalty" = "0"
L 01/04/2020 - 11:59:33: Server cvar "mp_item_staytime" = "300"
L 01/04/2020 - 11:59:33: Server cvar "mp_kickpercent" = "0.66"
L 01/04/2020 - 11:59:33: Server cvar "mp_legacy_bombtarget_touch" = "1"
L 01/04/2020 - 11:59:33: Server cvar "mp_limitteams" = "0"
L 01/04/2020 - 11:59:33: Server cvar "mp_logdetail" = "0"
L 01/04/2020 - 11:59:33: Server cvar "mp_logfile" = "1"
L 01/04/2020 - 11:59:33: Server cvar "mp_logmessages" = "1"
L 01/04/2020 - 11:59:33: Server cvar "mp_mapvoteratio" = "0.66"
L 01/04/2020 - 11:59:33: Server cvar "mp_maxmoney" = "999999"
L 01/04/2020 - 11:59:33: Server cvar "mp_maxrounds" = "0"
L 01/04/2020 - 11:59:33: Server cvar "mp_mirrordamage" = "0"
L 01/04/2020 - 11:59:33: Server cvar "mp_old_bomb_defused_sound" = "1"
L 01/04/2020 - 11:59:33: Server cvar "mp_playerid" = "0"
L 01/04/2020 - 11:59:33: Server cvar "mp_respawn_immunitytime" = "0"
L 01/04/2020 - 11:59:33: Server cvar "mp_round_infinite" = "0"
L 01/04/2020 - 11:59:33: Server cvar "mp_round_restart_delay" = "5"
L 01/04/2020 - 11:59:33: Server cvar "mp_roundover" = "0"
L 01/04/2020 - 11:59:33: Server cvar "mp_roundtime" = "2.3"
L 01/04/2020 - 11:59:33: Server cvar "mp_show_radioicon" = "1"
L 01/04/2020 - 11:59:33: Server cvar "mp_startmoney" = "850"
L 01/04/2020 - 11:59:33: Server cvar "mp_timeleft" = "00:00"
L 01/04/2020 - 11:59:33: Server cvar "mp_timelimit" = "20"
L 01/04/2020 - 11:59:33: Server cvar "mp_tkpunish" = "0"
L 01/04/2020 - 11:59:33: Server cvar "mp_windifference" = "1"
L 01/04/2020 - 11:59:33: Server cvar "mp_winlimit" = "0"
L 01/04/2020 - 11:59:33: Server cvar "NoWeaponsOnGround" = "1.0"
L 01/04/2020 - 11:59:33: Server cvar "pausable" = "0"
L 01/04/2020 - 11:59:33: Server cvar "present_version" = "2.01"
L 01/04/2020 - 11:59:33: Server cvar "RandomHP" = "2.2"
L 01/04/2020 - 11:59:33: Server cvar "reauthcheck_version" = "0.1.6"
L 01/04/2020 - 11:59:33: Server cvar "reconnect_features" = "0.3.1"
L 01/04/2020 - 11:59:33: Server cvar "report_system_version" = "3.1"
L 01/04/2020 - 11:59:33: Server cvar "resemiclip_version" = "2.3.9"
L 01/04/2020 - 11:59:33: Server cvar "reu_version" = "0.1.0.130"
L 01/04/2020 - 11:59:33: Server cvar "revoice_version" = "0.1.0.30"
L 01/04/2020 - 11:59:33: Server cvar "RRWM" = "2.0"
L 01/04/2020 - 11:59:33: Server cvar "sanksounds_version" = "1.8.6"
L 01/04/2020 - 11:59:33: Server cvar "SimpleMenu" = "1.1"
L 01/04/2020 - 11:59:33: Server cvar "SNAC_Version" = "1.1"
L 01/04/2020 - 11:59:33: Server cvar "SpecList" = "1.2a"
L 01/04/2020 - 11:59:33: Server cvar "sr_version" = "1.6"
L 01/04/2020 - 11:59:33: Server cvar "statsx_shell_ver" = "2.0.0 (BETA)"
L 01/04/2020 - 11:59:33: Server cvar "StyleC4Timer" = "2.1"
L 01/04/2020 - 11:59:33: Server cvar "sv_accelerate" = "5"
L 01/04/2020 - 11:59:33: Server cvar "sv_aim" = "1"
L 01/04/2020 - 11:59:33: Server cvar "sv_airaccelerate" = "100"
L 01/04/2020 - 11:59:33: Server cvar "sv_allowupload" = "1"
L 01/04/2020 - 11:59:33: Server cvar "sv_alltalk" = "1"
L 01/04/2020 - 11:59:33: Server cvar "sv_bounce" = "1"
L 01/04/2020 - 11:59:33: Server cvar "sv_cheats" = "0"
L 01/04/2020 - 11:59:33: Server cvar "sv_clienttrace" = "1"
L 01/04/2020 - 11:59:33: Server cvar "sv_contact" = "feruchio599@gmail.com"
L 01/04/2020 - 11:59:33: Server cvar "sv_friction" = "4"
L 01/04/2020 - 11:59:33: Server cvar "sv_gravity" = "800"
L 01/04/2020 - 11:59:33: Server cvar "sv_logblocks" = "0"
L 01/04/2020 - 11:59:33: Server cvar "sv_maxrate" = "50000"
L 01/04/2020 - 11:59:33: Server cvar "sv_maxspeed" = "900"
L 01/04/2020 - 11:59:33: Server cvar "sv_minrate" = "10000"
L 01/04/2020 - 11:59:33: Server cvar "sv_password" = ""
L 01/04/2020 - 11:59:33: Server cvar "sv_proxies" = "1"
L 01/04/2020 - 11:59:33: Server cvar "sv_restart" = "0"
L 01/04/2020 - 11:59:33: Server cvar "sv_restartround" = "0"
L 01/04/2020 - 11:59:33: Server cvar "sv_stepsize" = "18"
L 01/04/2020 - 11:59:33: Server cvar "sv_stopspeed" = "75"
L 01/04/2020 - 11:59:33: Server cvar "sv_uploadmax" = "0.5"
L 01/04/2020 - 11:59:33: Server cvar "sv_version" = "1.1.2.7/Stdio,48,1621"
L 01/04/2020 - 11:59:33: Server cvar "sv_voiceenable" = "1"
L 01/04/2020 - 11:59:33: Server cvar "sv_wateraccelerate" = "10"
L 01/04/2020 - 11:59:33: Server cvar "sv_waterfriction" = "1"
L 01/04/2020 - 11:59:33: Server cvar "Team_Semiclip_version" = "3.3.1"
L 01/04/2020 - 11:59:33: Server cvar "vehicle_real_killer" = "1.1"
L 01/04/2020 - 11:59:33: Server cvar "WalkGuard" = "1.3.2"
L 01/04/2020 - 11:59:33: Server cvar "we_grenades" = "Huehue"
L 01/04/2020 - 11:59:33: Server cvar "we_player_models" = "Huehue"
L 01/04/2020 - 11:59:33: Server cvar "whb_version" = "1.5.692"
L 01/04/2020 - 11:59:33: Server cvar "zp_jp_version" = "Extra Item Jetpack+Bazooka v3.2"
L 01/04/2020 - 11:59:33: Server cvars end
L 01/04/2020 - 11:59:36: Server cvar "mp_autoteambalance" = "1"
L 01/04/2020 - 11:59:36: Server cvar "mp_autoteambalance" = "0"
L 01/04/2020 - 11:59:36: Server cvar "amx_nextmap" = "[not yet voted on]"
L 01/04/2020 - 11:59:38: Started map "nipperhouse" (CRC "1926171002")
L 01/04/2020 - 11:59:40: World triggered "Round_Start"
L 01/04/2020 - 12:01:58: Team "CT" triggered "Target_Saved" (CT "1") (T "0")
L 01/04/2020 - 12:01:58: World triggered "Round_End"
L 01/04/2020 - 12:02:04: World triggered "Round_Start"
L 01/04/2020 - 12:03:37: Server cvar "amx_nextmap" = "de_tesco"
L 01/04/2020 - 12:04:22: Team "CT" triggered "Target_Saved" (CT "2") (T "0")
L 01/04/2020 - 12:04:22: World triggered "Round_End"
L 01/04/2020 - 12:04:28: World triggered "Round_Start"
L 01/04/2020 - 12:06:46: Team "CT" triggered "Target_Saved" (CT "3") (T "0")
L 01/04/2020 - 12:06:46: World triggered "Round_End"
L 01/04/2020 - 12:06:52: World triggered "Round_Start"
L 01/04/2020 - 12:09:10: Team "CT" triggered "Target_Saved" (CT "4") (T "0")
L 01/04/2020 - 12:09:10: World triggered "Round_End"
L 01/04/2020 - 12:09:14: [REUNION]: [DEA].AIM.PALESTINE (37.8.64.213) authorized as RevEmu
L 01/04/2020 - 12:09:14: "[DEA].AIM.PALESTINE<120><STEAM_1:1:1316058917><>" connected, address "37.8.64.213:23686"
L 01/04/2020 - 12:09:16: World triggered "Round_Start"
L 01/04/2020 - 12:09:28: "[DEA].AIM.PALESTINE<120><STEAM_1:1:1316058917><>" entered the game
L 01/04/2020 - 12:09:33: "[DEA].AIM.PALESTINE<120><STEAM_1:1:1316058917><>" joined team "TERRORIST"
L 01/04/2020 - 12:09:34: "[DEA].AIM.PALESTINE<120><STEAM_1:1:1316058917><TERRORIST>" triggered "Spawned_With_The_Bomb"
L 01/04/2020 - 12:10:40: [REUNION]: INCO808 (89.46.58.243) authorized as RevEmu
L 01/04/2020 - 12:10:40: "INCO808<121><STEAM_1:0:85984480><>" connected, address "89.46.58.243:27777"
L 01/04/2020 - 12:10:49: [REUNION]: INCO808 (89.46.58.243) authorized as RevEmu
L 01/04/2020 - 12:10:49: "INCO808<122><STEAM_1:0:85984480><>" connected, address "89.46.58.243:27777"
L 01/04/2020 - 12:11:03: "INCO808<122><STEAM_1:0:85984480><>" entered the game
L 01/04/2020 - 12:11:08: "INCO808<122><STEAM_1:0:85984480><>" joined team "CT"
L 01/04/2020 - 12:11:09: World triggered "Game_Commencing"
L 01/04/2020 - 12:11:09: World triggered "Game_Commencing" (CT "4") (T "0")
L 01/04/2020 - 12:11:09: World triggered "Round_End"
L 01/04/2020 - 12:11:12: "[DEA].AIM.PALESTINE<120><STEAM_1:1:1316058917><TERRORIST>" triggered "Spawned_With_The_Bomb"
L 01/04/2020 - 12:11:13: World triggered "Round_Start"
L 01/04/2020 - 12:11:14: "INCO808<122><STEAM_1:0:85984480><CT>" committed suicide with "world"
L 01/04/2020 - 12:11:14: "INCO808<122><STEAM_1:0:85984480><CT>" joined team "TERRORIST"
L 01/04/2020 - 12:11:19: "[DEA].AIM.PALESTINE<120><STEAM_1:1:1316058917><TERRORIST>" committed suicide with "world"
L 01/04/2020 - 12:11:19: World triggered "Round_Draw" (CT "0") (T "0")
L 01/04/2020 - 12:11:19: World triggered "Round_End"
L 01/04/2020 - 12:11:19: "[DEA].AIM.PALESTINE<120><STEAM_1:1:1316058917><TERRORIST>" joined team "TERRORIST"
L 01/04/2020 - 12:11:24: "INCO808<122><STEAM_1:0:85984480><TERRORIST>" triggered "Spawned_With_The_Bomb"
L 01/04/2020 - 12:11:25: World triggered "Round_Start"
L 01/04/2020 - 12:11:31: "[DEA].AIM.PALESTINE<120><STEAM_1:1:1316058917><TERRORIST>" committed suicide with "world"
L 01/04/2020 - 12:11:31: "[DEA].AIM.PALESTINE<120><STEAM_1:1:1316058917><TERRORIST>" joined team "CT"
L 01/04/2020 - 12:11:31: World triggered "Game_Commencing"
L 01/04/2020 - 12:11:31: World triggered "Game_Commencing" (CT "0") (T "0")
L 01/04/2020 - 12:11:31: World triggered "Round_End"
L 01/04/2020 - 12:11:33: "INCO808<122><STEAM_1:0:85984480><TERRORIST>" committed suicide with "world"
L 01/04/2020 - 12:11:33: "INCO808<122><STEAM_1:0:85984480><TERRORIST>" joined team "CT"
L 01/04/2020 - 12:11:35: World triggered "Round_Start"
L 01/04/2020 - 12:12:40: "INCO808<122><STEAM_1:0:85984480><CT>" committed suicide with "the block of death" (world)
L 01/04/2020 - 12:12:52: "INCO808<122><STEAM_1:0:85984480><CT>" joined team "TERRORIST"
L 01/04/2020 - 12:12:57: World triggered "Game_Commencing"
L 01/04/2020 - 12:12:57: World triggered "Game_Commencing" (CT "0") (T "0")
L 01/04/2020 - 12:12:57: World triggered "Round_End"
L 01/04/2020 - 12:13:00: "INCO808<122><STEAM_1:0:85984480><TERRORIST>" triggered "Spawned_With_The_Bomb"
L 01/04/2020 - 12:13:01: World triggered "Round_Start"
L 01/04/2020 - 12:13:17: "INCO808<122><STEAM_1:0:85984480><TERRORIST>" committed suicide with "the block of death" (world)
L 01/04/2020 - 12:13:17: Team "CT" triggered "CTs_Win" (CT "1") (T "0")
L 01/04/2020 - 12:13:17: World triggered "Round_End"
L 01/04/2020 - 12:13:22: "INCO808<122><STEAM_1:0:85984480><TERRORIST>" triggered "Spawned_With_The_Bomb"
L 01/04/2020 - 12:13:23: World triggered "Round_Start"
L 01/04/2020 - 12:13:37: [REUNION]: IP 193.42.110.171 banned for 10 minutes for query flooding (PPS: 335)
L 01/04/2020 - 12:15:14: "[DEA].AIM.PALESTINE<120><STEAM_1:1:1316058917><CT>" killed "INCO808<122><STEAM_1:0:85984480><TERRORIST>" with "usp"
L 01/04/2020 - 12:15:14: Team "CT" triggered "CTs_Win" (CT "2") (T "0")
L 01/04/2020 - 12:15:14: World triggered "Round_End"
L 01/04/2020 - 12:15:19: "INCO808<122><STEAM_1:0:85984480><TERRORIST>" triggered "Spawned_With_The_Bomb"
L 01/04/2020 - 12:15:20: World triggered "Round_Start"
L 01/04/2020 - 12:16:48: "INCO808<122><STEAM_1:0:85984480><TERRORIST>" killed "[DEA].AIM.PALESTINE<120><STEAM_1:1:1316058917><CT>" with "m3"
L 01/04/2020 - 12:16:48: Team "TERRORIST" triggered "Terrorists_Win" (CT "2") (T "1")
L 01/04/2020 - 12:16:48: World triggered "Round_End"
L 01/04/2020 - 12:16:53: "INCO808<122><STEAM_1:0:85984480><TERRORIST>" triggered "Spawned_With_The_Bomb"
L 01/04/2020 - 12:16:54: World triggered "Round_Start"
L 01/04/2020 - 12:17:41: "[DEA].AIM.PALESTINE<120><STEAM_1:1:1316058917><CT>" killed "INCO808<122><STEAM_1:0:85984480><TERRORIST>" with "m4a1"
L 01/04/2020 - 12:17:41: Team "CT" triggered "CTs_Win" (CT "3") (T "1")
L 01/04/2020 - 12:17:41: World triggered "Round_End"
L 01/04/2020 - 12:17:46: "INCO808<122><STEAM_1:0:85984480><TERRORIST>" triggered "Spawned_With_The_Bomb"
L 01/04/2020 - 12:17:47: World triggered "Round_Start"
L 01/04/2020 - 12:17:57: "INCO808<122><STEAM_1:0:85984480><TERRORIST>" killed "[DEA].AIM.PALESTINE<120><STEAM_1:1:1316058917><CT>" with "xm1014"
L 01/04/2020 - 12:17:57: Team "TERRORIST" triggered "Terrorists_Win" (CT "3") (T "2")
L 01/04/2020 - 12:17:57: World triggered "Round_End"
L 01/04/2020 - 12:18:02: "INCO808<122><STEAM_1:0:85984480><TERRORIST>" triggered "Spawned_With_The_Bomb"
L 01/04/2020 - 12:18:03: World triggered "Round_Start"
L 01/04/2020 - 12:18:19: "INCO808<122><STEAM_1:0:85984480><TERRORIST>" killed "[DEA].AIM.PALESTINE<120><STEAM_1:1:1316058917><CT>" with "sg550"
L 01/04/2020 - 12:18:19: Team "TERRORIST" triggered "Terrorists_Win" (CT "3") (T "3")
L 01/04/2020 - 12:18:19: World triggered "Round_End"
L 01/04/2020 - 12:18:24: "INCO808<122><STEAM_1:0:85984480><TERRORIST>" triggered "Spawned_With_The_Bomb"
L 01/04/2020 - 12:18:25: World triggered "Round_Start"
L 01/04/2020 - 12:19:04: "[DEA].AIM.PALESTINE<120><STEAM_1:1:1316058917><CT>" killed "INCO808<122><STEAM_1:0:85984480><TERRORIST>" with "fiveseven"
L 01/04/2020 - 12:19:04: Team "CT" triggered "CTs_Win" (CT "4") (T "3")
L 01/04/2020 - 12:19:04: World triggered "Round_End"
L 01/04/2020 - 12:19:09: "INCO808<122><STEAM_1:0:85984480><TERRORIST>" triggered "Spawned_With_The_Bomb"
L 01/04/2020 - 12:19:10: World triggered "Round_Start"
L 01/04/2020 - 12:19:21: "[DEA].AIM.PALESTINE<120><STEAM_1:1:1316058917><CT>" killed "INCO808<122><STEAM_1:0:85984480><TERRORIST>" with "m4a1"
L 01/04/2020 - 12:19:21: Team "CT" triggered "CTs_Win" (CT "5") (T "3")
L 01/04/2020 - 12:19:21: World triggered "Round_End"
L 01/04/2020 - 12:19:26: "INCO808<122><STEAM_1:0:85984480><TERRORIST>" triggered "Spawned_With_The_Bomb"
L 01/04/2020 - 12:19:27: World triggered "Round_Start"
L 01/04/2020 - 12:19:46: "[DEA].AIM.PALESTINE<120><STEAM_1:1:1316058917><CT>" killed "INCO808<122><STEAM_1:0:85984480><TERRORIST>" with "m4a1"
L 01/04/2020 - 12:19:46: Team "CT" triggered "CTs_Win" (CT "6") (T "3")
L 01/04/2020 - 12:19:46: World triggered "Round_End"
L 01/04/2020 - 12:19:51: "INCO808<122><STEAM_1:0:85984480><TERRORIST>" triggered "Spawned_With_The_Bomb"
L 01/04/2020 - 12:19:52: World triggered "Round_Start"
L 01/04/2020 - 12:20:33: "[DEA].AIM.PALESTINE<120><STEAM_1:1:1316058917><CT>" killed "INCO808<122><STEAM_1:0:85984480><TERRORIST>" with "fiveseven"
L 01/04/2020 - 12:20:33: Team "CT" triggered "CTs_Win" (CT "7") (T "3")
L 01/04/2020 - 12:20:33: World triggered "Round_End"
L 01/04/2020 - 12:20:38: "INCO808<122><STEAM_1:0:85984480><TERRORIST>" triggered "Spawned_With_The_Bomb"
L 01/04/2020 - 12:20:39: World triggered "Round_Start"
L 01/04/2020 - 12:21:04: "[DEA].AIM.PALESTINE<120><STEAM_1:1:1316058917><CT>" killed "INCO808<122><STEAM_1:0:85984480><TERRORIST>" with "m4a1"
L 01/04/2020 - 12:21:04: Team "CT" triggered "CTs_Win" (CT "8") (T "3")
L 01/04/2020 - 12:21:04: World triggered "Round_End"
L 01/04/2020 - 12:21:09: "INCO808<122><STEAM_1:0:85984480><TERRORIST>" triggered "Spawned_With_The_Bomb"
L 01/04/2020 - 12:21:10: World triggered "Round_Start"
L 01/04/2020 - 12:22:08: "[DEA].AIM.PALESTINE<120><STEAM_1:1:1316058917><CT>" killed "INCO808<122><STEAM_1:0:85984480><TERRORIST>" with "m4a1"
L 01/04/2020 - 12:22:08: Team "CT" triggered "CTs_Win" (CT "9") (T "3")
L 01/04/2020 - 12:22:08: World triggered "Round_End"
L 01/04/2020 - 12:22:13: "INCO808<122><STEAM_1:0:85984480><TERRORIST>" triggered "Spawned_With_The_Bomb"
L 01/04/2020 - 12:22:14: World triggered "Round_Start"
L 01/04/2020 - 12:22:40: "[DEA].AIM.PALESTINE<120><STEAM_1:1:1316058917><CT>" killed "INCO808<122><STEAM_1:0:85984480><TERRORIST>" with "knife"
L 01/04/2020 - 12:22:40: Team "CT" triggered "CTs_Win" (CT "10") (T "3")
L 01/04/2020 - 12:22:40: World triggered "Round_End"
L 01/04/2020 - 12:22:45: "INCO808<122><STEAM_1:0:85984480><TERRORIST>" triggered "Spawned_With_The_Bomb"
L 01/04/2020 - 12:22:46: World triggered "Round_Start"
L 01/04/2020 - 12:23:15: "INCO808<122><STEAM_1:0:85984480><TERRORIST>" killed "[DEA].AIM.PALESTINE<120><STEAM_1:1:1316058917><CT>" with "ak47"
L 01/04/2020 - 12:23:15: Team "TERRORIST" triggered "Terrorists_Win" (CT "10") (T "4")
L 01/04/2020 - 12:23:15: World triggered "Round_End"
L 01/04/2020 - 12:23:20: "INCO808<122><STEAM_1:0:85984480><TERRORIST>" triggered "Spawned_With_The_Bomb"
L 01/04/2020 - 12:23:21: World triggered "Round_Start"
L 01/04/2020 - 12:24:15: "[DEA].AIM.PALESTINE<120><STEAM_1:1:1316058917><CT>" killed "INCO808<122><STEAM_1:0:85984480><TERRORIST>" with "ump45"
L 01/04/2020 - 12:24:15: Team "CT" triggered "CTs_Win" (CT "11") (T "4")
L 01/04/2020 - 12:24:15: World triggered "Round_End"
L 01/04/2020 - 12:24:20: "INCO808<122><STEAM_1:0:85984480><TERRORIST>" triggered "Spawned_With_The_Bomb"
L 01/04/2020 - 12:24:21: World triggered "Round_Start"
L 01/04/2020 - 12:24:41: "[DEA].AIM.PALESTINE<120><STEAM_1:1:1316058917><CT>" killed "INCO808<122><STEAM_1:0:85984480><TERRORIST>" with "knife"
L 01/04/2020 - 12:24:41: Team "CT" triggered "CTs_Win" (CT "12") (T "4")
L 01/04/2020 - 12:24:41: World triggered "Round_End"
L 01/04/2020 - 12:24:45: "INCO808<122><STEAM_1:0:85984480><TERRORIST>" joined team "SPECTATOR"
L 01/04/2020 - 12:24:45: "INCO808<122><STEAM_1:0:85984480><SPECTATOR>" disconnected
L 01/04/2020 - 12:24:47: World triggered "Round_Start"
L 01/04/2020 - 12:24:51: "[DEA].AIM.PALESTINE<120><STEAM_1:1:1316058917><CT>" disconnected
L 01/04/2020 - 12:24:51: World triggered "Round_Draw" (CT "12") (T "4")
L 01/04/2020 - 12:24:51: World triggered "Round_End"
L 01/04/2020 - 12:24:57: World triggered "Round_Start"
L 01/04/2020 - 12:27:15: Team "CT" triggered "Target_Saved" (CT "12") (T "4")
L 01/04/2020 - 12:27:15: World triggered "Round_End"
L 01/04/2020 - 12:27:21: World triggered "Round_Start"
L 01/04/2020 - 12:29:39: Team "CT" triggered "Target_Saved" (CT "12") (T "4")
L 01/04/2020 - 12:29:39: World triggered "Round_End"
L 01/04/2020 - 12:29:45: World triggered "Round_Start"
L 01/04/2020 - 12:30:10: [REUNION]: IP 193.42.110.171 banned for 10 minutes for query flooding (PPS: 330)
L 01/04/2020 - 12:32:03: Team "CT" triggered "Target_Saved" (CT "12") (T "4")
L 01/04/2020 - 12:32:03: World triggered "Round_End"
L 01/04/2020 - 12:32:09: World triggered "Round_Start"
L 01/04/2020 - 12:33:00: Server cvar "mp_chattime" = "7.000000"
L 01/04/2020 - 12:33:00: Team "CT" scored "12" with "0" players
L 01/04/2020 - 12:33:00: Team "TERRORIST" scored "4" with "0" players
L 01/04/2020 - 12:33:05: Server cvar "mp_chattime" = "5.000000"
L 01/04/2020 - 12:33:05: [META] ini: Begin re-reading plugins list: /home/rented/public9/cstrike/addons/metamod/plugins.ini
L 01/04/2020 - 12:33:05: [META] ini: Read plugin config for: SafeNameAndChat
L 01/04/2020 - 12:33:05: [META] ini: Read plugin config for: AMX Mod X
L 01/04/2020 - 12:33:05: [META] ini: Read plugin config for: Reunion
L 01/04/2020 - 12:33:05: [META] ini: Read plugin config for: ReAuthCheck
L 01/04/2020 - 12:33:05: [META] ini: Read plugin config for: WHBlocker
L 01/04/2020 - 12:33:05: [META] ini: Read plugin config for: ReSemiclip
L 01/04/2020 - 12:33:05: [META] ini: Read plugin config for: Revoice
L 01/04/2020 - 12:33:05: [META] ini: Finished reading plugins list: /home/rented/public9/cstrike/addons/metamod/plugins.ini; Found 7 plugins
L 01/04/2020 - 12:33:05: [META] dll: Updating plugins...
L 01/04/2020 - 12:33:05: [META] WARNING: Cannot clear plugin 'SafeNameAndChat'; not marked as failed, empty, or open (status=valid)
L 01/04/2020 - 12:33:05: [META] dll: Unloaded plugin 'SafeNameAndChat' for reason 'file on disk is newer'
L 01/04/2020 - 12:33:05: [META] dll: Loaded plugin 'SafeNameAndChat': SafeNameAndChat v1.1 2017.02.01, WPMG.PRoSToC0der
L 01/04/2020 - 12:33:05: [META] WARNING: Cannot clear plugin 'WHBlocker'; not marked as failed, empty, or open (status=valid)
L 01/04/2020 - 12:33:05: [META] dll: Unloaded plugin 'WHBlocker' for reason 'file on disk is newer'
L 01/04/2020 - 12:33:05: [META] dll: Loaded plugin 'WHBlocker': WHBlocker v1.5.692 2017-04-13, s1lent
L 01/04/2020 - 12:33:05: [META] WARNING: Cannot clear plugin 'ReSemiclip'; not marked as failed, empty, or open (status=valid)
L 01/04/2020 - 12:33:05: [META] dll: Unloaded plugin 'ReSemiclip' for reason 'file on disk is newer'
L 01/04/2020 - 12:33:05: [META] dll: Loaded plugin 'ReSemiclip': ReSemiclip v2.3.9 13/02/17, s1lent & Adidasman
L 01/04/2020 - 12:33:05: [META] dll: Finished updating 14 plugins; kept 0, loaded 0, unloaded 0, reloaded 3, delayed 0
L 01/04/2020 - 12:33:05: Log file closed
