L 01/09/2020 - 14:55:15: Log file started (file "logs/L0109046.log") (game "cstrike") (version "48/1.1.2.7/Stdio/1621")
L 01/09/2020 - 14:55:15: Loading map "awesome_cars"
L 01/09/2020 - 14:55:15: Server cvars start
L 01/09/2020 - 14:55:15: Server cvar "@BunnyHopper" = "3.x"
L 01/09/2020 - 14:55:15: Server cvar "@CRXGoSpec" = "1.1"
L 01/09/2020 - 14:55:15: Server cvar "@CRXRemoveImmunity" = "1.0"
L 01/09/2020 - 14:55:15: Server cvar "@D.I.C.E." = "1.1"
L 01/09/2020 - 14:55:15: Server cvar "@MOTDCommands" = "1.2"
L 01/09/2020 - 14:55:15: Server cvar "advanced_quake_sounds" = "5.0"
L 01/09/2020 - 14:55:15: Server cvar "AdvancedMute" = "1.0"
L 01/09/2020 - 14:55:15: Server cvar "aesp_version" = "1.3"
L 01/09/2020 - 14:55:15: Server cvar "allow_spectators" = "1.0"
L 01/09/2020 - 14:55:15: Server cvar "amx_client_languages" = "1"
L 01/09/2020 - 14:55:15: Server cvar "amx_language" = "en"
L 01/09/2020 - 14:55:15: Server cvar "amx_nextmap" = "awesome_cars"
L 01/09/2020 - 14:55:15: Server cvar "amx_ptb_version" = "1.8b3"
L 01/09/2020 - 14:55:15: Server cvar "amx_timeleft" = "11:38"
L 01/09/2020 - 14:55:15: Server cvar "amxmodx_version" = "1.8.2"
L 01/09/2020 - 14:55:15: Server cvar "amxxbg_vip" = "1.0"
L 01/09/2020 - 14:55:15: Server cvar "asp_version" = "4.5.1"
L 01/09/2020 - 14:55:15: Server cvar "atac_version" = "3.0.1"
L 01/09/2020 - 14:55:15: Server cvar "badcamper_version" = "1.4 beta"
L 01/09/2020 - 14:55:15: Server cvar "blockmaker" = "4.01"
L 01/09/2020 - 14:55:15: Server cvar "c4 timer" = "1.1"
L 01/09/2020 - 14:55:15: Server cvar "coop" = "0"
L 01/09/2020 - 14:55:15: Server cvar "CRXAdminGroups" = "1.0"
L 01/09/2020 - 14:55:15: Server cvar "CRXCommandRestrictions" = "1.0"
L 01/09/2020 - 14:55:15: Server cvar "CRXFastKnife" = "1.0"
L 01/09/2020 - 14:55:15: Server cvar "CRXGametracker" = "2.0"
L 01/09/2020 - 14:55:15: Server cvar "CRXKnifeModels" = "2.5.7"
L 01/09/2020 - 14:55:15: Server cvar "CRXTeamAdvantage" = "1.0"
L 01/09/2020 - 14:55:15: Server cvar "CustomShop" = "4.2"
L 01/09/2020 - 14:55:15: Server cvar "deathmatch" = "1"
L 01/09/2020 - 14:55:15: Server cvar "decalfrequency" = "0"
L 01/09/2020 - 14:55:15: Server cvar "edgefriction" = "2"
L 01/09/2020 - 14:55:15: Server cvar "ers_version" = "2.3c"
L 01/09/2020 - 14:55:15: Server cvar "gagsystem_shoko" = "1.0"
L 01/09/2020 - 14:55:15: Server cvar "gal_mapcyclefile" = "mapcycle.txt"
L 01/09/2020 - 14:55:15: Server cvar "gal_version" = "v5.9.1-926"
L 01/09/2020 - 14:55:15: Server cvar "game_version" = "5.7.0.313-dev"
L 01/09/2020 - 14:55:15: Server cvar "humans_join_team" = "any"
L 01/09/2020 - 14:55:15: Server cvar "jtp10181" = "chute,gore"
L 01/09/2020 - 14:55:15: Server cvar "lawliet" = "ny_RainingSnow"
L 01/09/2020 - 14:55:15: Server cvar "LetitSnow" = "1.0"
L 01/09/2020 - 14:55:15: Server cvar "map_spawns" = "T(16) CT(16)"
L 01/09/2020 - 14:55:15: Server cvar "max_queries_sec" = "3"
L 01/09/2020 - 14:55:15: Server cvar "max_queries_sec_global" = "150"
L 01/09/2020 - 14:55:15: Server cvar "max_queries_window" = "60"
L 01/09/2020 - 14:55:15: Server cvar "mdbBans" = "4.8"
L 01/09/2020 - 14:55:15: Server cvar "metamod_version" = "1.21p37"
L 01/09/2020 - 14:55:15: Server cvar "mp_autokick" = "0"
L 01/09/2020 - 14:55:15: Server cvar "mp_autokick_timeout" = "-1"
L 01/09/2020 - 14:55:15: Server cvar "mp_autoteambalance" = "0"
L 01/09/2020 - 14:55:15: Server cvar "mp_buytime" = "0.25"
L 01/09/2020 - 14:55:15: Server cvar "mp_c4timer" = "35"
L 01/09/2020 - 14:55:15: Server cvar "mp_chattime" = "5.000000"
L 01/09/2020 - 14:55:15: Server cvar "mp_consistency" = "1"
L 01/09/2020 - 14:55:15: Server cvar "mp_fadetoblack" = "0"
L 01/09/2020 - 14:55:15: Server cvar "mp_flashlight" = "1"
L 01/09/2020 - 14:55:15: Server cvar "mp_footsteps" = "1"
L 01/09/2020 - 14:55:15: Server cvar "mp_forcecamera" = "0"
L 01/09/2020 - 14:55:15: Server cvar "mp_forcechasecam" = "0"
L 01/09/2020 - 14:55:15: Server cvar "mp_forcerespawn" = "0"
L 01/09/2020 - 14:55:15: Server cvar "mp_fraglimit" = "0"
L 01/09/2020 - 14:55:15: Server cvar "mp_fragsleft" = "0"
L 01/09/2020 - 14:55:15: Server cvar "mp_freeforall" = "0"
L 01/09/2020 - 14:55:15: Server cvar "mp_freezetime" = "1"
L 01/09/2020 - 14:55:15: Server cvar "mp_friendlyfire" = "0"
L 01/09/2020 - 14:55:15: Server cvar "mp_hostage_hurtable" = "1"
L 01/09/2020 - 14:55:15: Server cvar "mp_hostagepenalty" = "0"
L 01/09/2020 - 14:55:15: Server cvar "mp_item_staytime" = "300"
L 01/09/2020 - 14:55:15: Server cvar "mp_kickpercent" = "0.66"
L 01/09/2020 - 14:55:15: Server cvar "mp_legacy_bombtarget_touch" = "1"
L 01/09/2020 - 14:55:15: Server cvar "mp_limitteams" = "0"
L 01/09/2020 - 14:55:15: Server cvar "mp_logdetail" = "0"
L 01/09/2020 - 14:55:15: Server cvar "mp_logfile" = "1"
L 01/09/2020 - 14:55:15: Server cvar "mp_logmessages" = "1"
L 01/09/2020 - 14:55:15: Server cvar "mp_mapvoteratio" = "0.66"
L 01/09/2020 - 14:55:15: Server cvar "mp_maxmoney" = "999999"
L 01/09/2020 - 14:55:15: Server cvar "mp_maxrounds" = "0"
L 01/09/2020 - 14:55:15: Server cvar "mp_mirrordamage" = "0"
L 01/09/2020 - 14:55:15: Server cvar "mp_old_bomb_defused_sound" = "1"
L 01/09/2020 - 14:55:15: Server cvar "mp_playerid" = "0"
L 01/09/2020 - 14:55:15: Server cvar "mp_respawn_immunitytime" = "0"
L 01/09/2020 - 14:55:15: Server cvar "mp_round_infinite" = "0"
L 01/09/2020 - 14:55:15: Server cvar "mp_round_restart_delay" = "5"
L 01/09/2020 - 14:55:15: Server cvar "mp_roundover" = "0"
L 01/09/2020 - 14:55:15: Server cvar "mp_roundtime" = "2.3"
L 01/09/2020 - 14:55:15: Server cvar "mp_show_radioicon" = "1"
L 01/09/2020 - 14:55:15: Server cvar "mp_startmoney" = "850"
L 01/09/2020 - 14:55:15: Server cvar "mp_timeleft" = "11:38"
L 01/09/2020 - 14:55:15: Server cvar "mp_timelimit" = "20"
L 01/09/2020 - 14:55:15: Server cvar "mp_tkpunish" = "0"
L 01/09/2020 - 14:55:15: Server cvar "mp_windifference" = "1"
L 01/09/2020 - 14:55:15: Server cvar "mp_winlimit" = "0"
L 01/09/2020 - 14:55:15: Server cvar "NoWeaponsOnGround" = "1.0"
L 01/09/2020 - 14:55:15: Server cvar "pausable" = "0"
L 01/09/2020 - 14:55:15: Server cvar "present_version" = "2.01"
L 01/09/2020 - 14:55:15: Server cvar "RandomHP" = "2.2"
L 01/09/2020 - 14:55:15: Server cvar "reauthcheck_version" = "0.1.6"
L 01/09/2020 - 14:55:15: Server cvar "reconnect_features" = "0.3.1"
L 01/09/2020 - 14:55:15: Server cvar "report_system_version" = "3.1"
L 01/09/2020 - 14:55:15: Server cvar "resemiclip_version" = "2.3.9"
L 01/09/2020 - 14:55:15: Server cvar "reu_version" = "0.1.0.130"
L 01/09/2020 - 14:55:15: Server cvar "revoice_version" = "0.1.0.30"
L 01/09/2020 - 14:55:15: Server cvar "RRWM" = "2.0"
L 01/09/2020 - 14:55:15: Server cvar "sanksounds_version" = "1.8.6"
L 01/09/2020 - 14:55:15: Server cvar "SimpleMenu" = "1.1"
L 01/09/2020 - 14:55:15: Server cvar "SNAC_Version" = "1.1"
L 01/09/2020 - 14:55:15: Server cvar "SpecList" = "1.2a"
L 01/09/2020 - 14:55:15: Server cvar "sr_version" = "1.6"
L 01/09/2020 - 14:55:15: Server cvar "statsx_shell_ver" = "2.0.0 (BETA)"
L 01/09/2020 - 14:55:15: Server cvar "StyleC4Timer" = "2.1"
L 01/09/2020 - 14:55:15: Server cvar "sv_accelerate" = "5"
L 01/09/2020 - 14:55:15: Server cvar "sv_aim" = "1"
L 01/09/2020 - 14:55:15: Server cvar "sv_airaccelerate" = "100"
L 01/09/2020 - 14:55:15: Server cvar "sv_allowupload" = "1"
L 01/09/2020 - 14:55:15: Server cvar "sv_alltalk" = "1"
L 01/09/2020 - 14:55:15: Server cvar "sv_bounce" = "1"
L 01/09/2020 - 14:55:15: Server cvar "sv_cheats" = "0"
L 01/09/2020 - 14:55:15: Server cvar "sv_clienttrace" = "1"
L 01/09/2020 - 14:55:15: Server cvar "sv_contact" = "feruchio599@gmail.com"
L 01/09/2020 - 14:55:15: Server cvar "sv_friction" = "4"
L 01/09/2020 - 14:55:15: Server cvar "sv_gravity" = "800"
L 01/09/2020 - 14:55:15: Server cvar "sv_logblocks" = "0"
L 01/09/2020 - 14:55:15: Server cvar "sv_maxrate" = "50000"
L 01/09/2020 - 14:55:15: Server cvar "sv_maxspeed" = "900.000000"
L 01/09/2020 - 14:55:15: Server cvar "sv_minrate" = "10000"
L 01/09/2020 - 14:55:15: Server cvar "sv_password" = ""
L 01/09/2020 - 14:55:15: Server cvar "sv_proxies" = "1"
L 01/09/2020 - 14:55:15: Server cvar "sv_restart" = "0"
L 01/09/2020 - 14:55:15: Server cvar "sv_restartround" = "0"
L 01/09/2020 - 14:55:15: Server cvar "sv_stepsize" = "18"
L 01/09/2020 - 14:55:15: Server cvar "sv_stopspeed" = "75"
L 01/09/2020 - 14:55:15: Server cvar "sv_uploadmax" = "0.5"
L 01/09/2020 - 14:55:15: Server cvar "sv_version" = "1.1.2.7/Stdio,48,1621"
L 01/09/2020 - 14:55:15: Server cvar "sv_voiceenable" = "1"
L 01/09/2020 - 14:55:15: Server cvar "sv_wateraccelerate" = "10"
L 01/09/2020 - 14:55:15: Server cvar "sv_waterfriction" = "1"
L 01/09/2020 - 14:55:15: Server cvar "Team_Semiclip_version" = "3.3.1"
L 01/09/2020 - 14:55:15: Server cvar "vehicle_real_killer" = "1.1"
L 01/09/2020 - 14:55:15: Server cvar "WalkGuard" = "1.3.2"
L 01/09/2020 - 14:55:15: Server cvar "we_grenades" = "Huehue"
L 01/09/2020 - 14:55:15: Server cvar "we_player_models" = "Huehue"
L 01/09/2020 - 14:55:15: Server cvar "whb_version" = "1.5.692"
L 01/09/2020 - 14:55:15: Server cvar "zp_jp_version" = "Extra Item Jetpack+Bazooka v3.2"
L 01/09/2020 - 14:55:15: Server cvars end
L 01/09/2020 - 14:55:18: Server cvar "sv_maxspeed" = "900"
L 01/09/2020 - 14:55:18: Server cvar "mp_autoteambalance" = "1"
L 01/09/2020 - 14:55:18: Server cvar "mp_autoteambalance" = "0"
L 01/09/2020 - 14:55:18: Server cvar "amx_nextmap" = "[not yet voted on]"
L 01/09/2020 - 14:55:19: Started map "awesome_cars" (CRC "1378370526")
L 01/09/2020 - 14:55:21: World triggered "Round_Start"
L 01/09/2020 - 14:55:24: "Player<87><STEAM_2:0:1886291632><>" entered the game
L 01/09/2020 - 14:55:25: "canm ben EL PATRON<80><STEAM_1:1:748561017><>" entered the game
L 01/09/2020 - 14:55:26: "sake<93><STEAM_1:0:1906787367><>" entered the game
L 01/09/2020 - 14:55:27: "＃-->Kllier`Boss<--＃<92><STEAM_1:1:1316058917><>" entered the game
L 01/09/2020 - 14:55:28: "Player<87><STEAM_2:0:1886291632><>" joined team "CT"
L 01/09/2020 - 14:55:28: "sake<93><STEAM_1:0:1906787367><>" joined team "CT"
L 01/09/2020 - 14:55:28: "koko je kraljina<91><STEAM_1:1:1834348531><>" entered the game
L 01/09/2020 - 14:55:32: "＃-->Kllier`Boss<--＃<92><STEAM_1:1:1316058917><>" joined team "TERRORIST"
L 01/09/2020 - 14:55:32: World triggered "Game_Commencing"
L 01/09/2020 - 14:55:32: World triggered "Game_Commencing" (CT "0") (T "0")
L 01/09/2020 - 14:55:32: World triggered "Round_End"
L 01/09/2020 - 14:55:36: "canm ben EL PATRON<80><STEAM_1:1:748561017><>" joined team "TERRORIST"
L 01/09/2020 - 14:55:36: World triggered "Round_Start"
L 01/09/2020 - 14:55:39: "koko je kraljina<91><STEAM_1:1:1834348531><>" joined team "TERRORIST"
L 01/09/2020 - 14:55:54: "＃-->Kllier`Boss<--＃<92><STEAM_1:1:1316058917><TERRORIST>" killed "sake<93><STEAM_1:0:1906787367><CT>" with "knife"
L 01/09/2020 - 14:55:57: "Player<87><STEAM_2:0:1886291632><CT>" killed "koko je kraljina<91><STEAM_1:1:1834348531><TERRORIST>" with "tracktrain"
L 01/09/2020 - 14:56:01: "sake<93><STEAM_1:0:1906787367><CT>" disconnected
L 01/09/2020 - 14:56:11: [REUNION]: ghost (88.80.119.182) authorized as NoSteam47
L 01/09/2020 - 14:56:11: "ghost<94><VALVE_ID_LAN><>" connected, address "88.80.119.182:27005"
L 01/09/2020 - 14:56:20: "ghost<94><VALVE_ID_LAN><>" entered the game
L 01/09/2020 - 14:56:22: "ghost<94><VALVE_ID_LAN><>" joined team "CT"
L 01/09/2020 - 14:56:23: "＃-->Kllier`Boss<--＃<92><STEAM_1:1:1316058917><TERRORIST>" killed "canm ben EL PATRON<80><STEAM_1:1:748561017><TERRORIST>" with "tracktrain"
L 01/09/2020 - 14:56:42: "Player<87><STEAM_2:0:1886291632><CT>" killed "＃-->Kllier`Boss<--＃<92><STEAM_1:1:1316058917><TERRORIST>" with "knife"
L 01/09/2020 - 14:56:42: Team "CT" triggered "CTs_Win" (CT "1") (T "0")
L 01/09/2020 - 14:56:42: World triggered "Round_End"
L 01/09/2020 - 14:56:48: World triggered "Round_Start"
L 01/09/2020 - 14:57:03: "Player<87><STEAM_2:0:1886291632><CT>" killed "canm ben EL PATRON<80><STEAM_1:1:748561017><TERRORIST>" with "tracktrain"
L 01/09/2020 - 14:57:15: "Player<87><STEAM_2:0:1886291632><CT>" killed "＃-->Kllier`Boss<--＃<92><STEAM_1:1:1316058917><TERRORIST>" with "knife"
L 01/09/2020 - 14:57:25: "＃-->Kllier`Boss<--＃<92><STEAM_1:1:1316058917><TERRORIST>" disconnected
L 01/09/2020 - 14:57:38: [REUNION]: Ulysses (176.105.193.245) authorized as RevEmu
L 01/09/2020 - 14:57:38: "Ulysses<95><STEAM_1:1:1097612082><>" connected, address "176.105.193.245:63418"
L 01/09/2020 - 14:57:58: "ghost<94><VALVE_ID_LAN><CT>" killed "koko je kraljina<91><STEAM_1:1:1834348531><TERRORIST>" with "tracktrain"
L 01/09/2020 - 14:57:58: Team "CT" triggered "CTs_Win" (CT "2") (T "0")
L 01/09/2020 - 14:57:58: World triggered "Round_End"
L 01/09/2020 - 14:58:03: "Player<87><STEAM_2:0:1886291632><CT>" joined team "TERRORIST"
L 01/09/2020 - 14:58:03: "<><><>" triggered "amx_chat" (text "[PTB] Transfered Player to TERRORIST")
L 01/09/2020 - 14:58:04: World triggered "Round_Start"
L 01/09/2020 - 14:58:19: "ghost<94><VALVE_ID_LAN><CT>" killed "koko je kraljina<91><STEAM_1:1:1834348531><TERRORIST>" with "tracktrain"
L 01/09/2020 - 14:58:24: "ghost<94><VALVE_ID_LAN><CT>" killed "canm ben EL PATRON<80><STEAM_1:1:748561017><TERRORIST>" with "tracktrain"
L 01/09/2020 - 14:58:31: "koko je kraljina<91><STEAM_1:1:1834348531><TERRORIST>" joined team "CT"
L 01/09/2020 - 14:59:03: [REUNION]: Ulysses (176.105.193.245) authorized as RevEmu
L 01/09/2020 - 14:59:03: "Ulysses<96><STEAM_1:1:1097612082><>" connected, address "176.105.193.245:49521"
L 01/09/2020 - 14:59:16: "Ulysses<96><STEAM_1:1:1097612082><>" entered the game
L 01/09/2020 - 14:59:25: "Ulysses<96><STEAM_1:1:1097612082><>" joined team "TERRORIST"
L 01/09/2020 - 14:59:40: "ghost<94><VALVE_ID_LAN><CT>" killed "Player<87><STEAM_2:0:1886291632><TERRORIST>" with "knife"
L 01/09/2020 - 14:59:40: Team "CT" triggered "CTs_Win" (CT "3") (T "0")
L 01/09/2020 - 14:59:40: World triggered "Round_End"
L 01/09/2020 - 14:59:46: World triggered "Round_Start"
L 01/09/2020 - 15:00:05: [REUNION]: JoHn_SpLeNdOuR_^ (83.222.176.81) authorized as RevEmu
L 01/09/2020 - 15:00:05: "JoHn_SpLeNdOuR_^<97><STEAM_2:1:233969738><>" connected, address "83.222.176.81:26265"
L 01/09/2020 - 15:00:09: "JoHn_SpLeNdOuR_^<97><STEAM_2:1:233969738><>" entered the game
L 01/09/2020 - 15:00:16: "JoHn_SpLeNdOuR_^<97><STEAM_2:1:233969738><>" joined team "CT"
L 01/09/2020 - 15:00:20: "ghost<94><VALVE_ID_LAN><CT>" killed "canm ben EL PATRON<80><STEAM_1:1:748561017><TERRORIST>" with "tracktrain"
L 01/09/2020 - 15:00:23: "Player<87><STEAM_2:0:1886291632><TERRORIST>" committed suicide with "tracktrain"
L 01/09/2020 - 15:00:40: "ghost<94><VALVE_ID_LAN><CT>" killed "Ulysses<96><STEAM_1:1:1097612082><TERRORIST>" with "knife"
L 01/09/2020 - 15:00:40: Team "CT" triggered "CTs_Win" (CT "4") (T "0")
L 01/09/2020 - 15:00:40: World triggered "Round_End"
L 01/09/2020 - 15:00:46: World triggered "Round_Start"
L 01/09/2020 - 15:01:06: "JoHn_SpLeNdOuR_^<97><STEAM_2:1:233969738><CT>" killed "canm ben EL PATRON<80><STEAM_1:1:748561017><TERRORIST>" with "knife"
L 01/09/2020 - 15:01:13: "ghost<94><VALVE_ID_LAN><CT>" killed "Player<87><STEAM_2:0:1886291632><TERRORIST>" with "knife"
L 01/09/2020 - 15:01:16: "Ulysses<96><STEAM_1:1:1097612082><TERRORIST>" killed "JoHn_SpLeNdOuR_^<97><STEAM_2:1:233969738><CT>" with "knife"
L 01/09/2020 - 15:01:31: "koko je kraljina<91><STEAM_1:1:1834348531><CT>" killed "Ulysses<96><STEAM_1:1:1097612082><TERRORIST>" with "knife"
L 01/09/2020 - 15:01:31: Team "CT" triggered "CTs_Win" (CT "5") (T "0")
L 01/09/2020 - 15:01:31: World triggered "Round_End"
L 01/09/2020 - 15:01:37: World triggered "Round_Start"
L 01/09/2020 - 15:02:00: "Ulysses<96><STEAM_1:1:1097612082><TERRORIST>" killed "JoHn_SpLeNdOuR_^<97><STEAM_2:1:233969738><CT>" with "knife"
L 01/09/2020 - 15:02:05: "ghost<94><VALVE_ID_LAN><CT>" killed "canm ben EL PATRON<80><STEAM_1:1:748561017><TERRORIST>" with "knife"
L 01/09/2020 - 15:02:25: "Ulysses<96><STEAM_1:1:1097612082><TERRORIST>" killed "ghost<94><VALVE_ID_LAN><CT>" with "knife"
L 01/09/2020 - 15:02:29: "koko je kraljina<91><STEAM_1:1:1834348531><CT>" killed "Ulysses<96><STEAM_1:1:1097612082><TERRORIST>" with "knife"
L 01/09/2020 - 15:03:06: "koko je kraljina<91><STEAM_1:1:1834348531><CT>" killed "Player<87><STEAM_2:0:1886291632><TERRORIST>" with "knife"
L 01/09/2020 - 15:03:06: Team "CT" triggered "CTs_Win" (CT "6") (T "0")
L 01/09/2020 - 15:03:06: World triggered "Round_End"
L 01/09/2020 - 15:03:10: "koko je kraljina<91><STEAM_1:1:1834348531><CT>" joined team "TERRORIST"
L 01/09/2020 - 15:03:10: "<><><>" triggered "amx_chat" (text "[PTB] Transfered koko je kraljina to TERRORIST")
L 01/09/2020 - 15:03:12: World triggered "Round_Start"
L 01/09/2020 - 15:03:32: "JoHn_SpLeNdOuR_^<97><STEAM_2:1:233969738><CT>" killed "Player<87><STEAM_2:0:1886291632><TERRORIST>" with "knife"
L 01/09/2020 - 15:03:37: "ghost<94><VALVE_ID_LAN><CT>" killed "canm ben EL PATRON<80><STEAM_1:1:748561017><TERRORIST>" with "tracktrain"
L 01/09/2020 - 15:03:44: "ghost<94><VALVE_ID_LAN><CT>" killed "Ulysses<96><STEAM_1:1:1097612082><TERRORIST>" with "tracktrain"
L 01/09/2020 - 15:03:48: "koko je kraljina<91><STEAM_1:1:1834348531><TERRORIST>" killed "JoHn_SpLeNdOuR_^<97><STEAM_2:1:233969738><CT>" with "tracktrain"
L 01/09/2020 - 15:04:10: "ghost<94><VALVE_ID_LAN><CT>" killed "koko je kraljina<91><STEAM_1:1:1834348531><TERRORIST>" with "knife"
L 01/09/2020 - 15:04:10: Team "CT" triggered "CTs_Win" (CT "7") (T "0")
L 01/09/2020 - 15:04:10: World triggered "Round_End"
L 01/09/2020 - 15:04:14: "canm ben EL PATRON<80><STEAM_1:1:748561017><TERRORIST>" joined team "CT"
L 01/09/2020 - 15:04:14: "<><><>" triggered "amx_chat" (text "[PTB] Transfered canm ben EL PATRON to CT")
L 01/09/2020 - 15:04:14: "JoHn_SpLeNdOuR_^<97><STEAM_2:1:233969738><CT>" joined team "TERRORIST"
L 01/09/2020 - 15:04:14: "<><><>" triggered "amx_chat" (text "[PTB] Transfered JoHn_SpLeNdOuR_^ to TERRORIST")
L 01/09/2020 - 15:04:16: World triggered "Round_Start"
L 01/09/2020 - 15:04:43: "canm ben EL PATRON<80><STEAM_1:1:748561017><CT>" killed "JoHn_SpLeNdOuR_^<97><STEAM_2:1:233969738><TERRORIST>" with "knife"
L 01/09/2020 - 15:04:52: "JoHn_SpLeNdOuR_^<97><STEAM_2:1:233969738><TERRORIST>" disconnected
L 01/09/2020 - 15:05:29: "ghost<94><VALVE_ID_LAN><CT>" killed "Ulysses<96><STEAM_1:1:1097612082><TERRORIST>" with "knife"
L 01/09/2020 - 15:05:32: "ghost<94><VALVE_ID_LAN><CT>" killed "koko je kraljina<91><STEAM_1:1:1834348531><TERRORIST>" with "knife"
L 01/09/2020 - 15:05:47: "Player<87><STEAM_2:0:1886291632><TERRORIST>" killed "ghost<94><VALVE_ID_LAN><CT>" with "knife"
L 01/09/2020 - 15:06:15: "canm ben EL PATRON<80><STEAM_1:1:748561017><CT>" killed "Player<87><STEAM_2:0:1886291632><TERRORIST>" with "knife"
L 01/09/2020 - 15:06:15: Team "CT" triggered "CTs_Win" (CT "8") (T "0")
L 01/09/2020 - 15:06:15: World triggered "Round_End"
L 01/09/2020 - 15:06:21: World triggered "Round_Start"
L 01/09/2020 - 15:06:48: "ghost<94><VALVE_ID_LAN><CT>" killed "koko je kraljina<91><STEAM_1:1:1834348531><TERRORIST>" with "tracktrain"
L 01/09/2020 - 15:06:53: "ghost<94><VALVE_ID_LAN><CT>" committed suicide with "tracktrain"
L 01/09/2020 - 15:07:14: "Player<87><STEAM_2:0:1886291632><TERRORIST>" killed "canm ben EL PATRON<80><STEAM_1:1:748561017><CT>" with "knife"
L 01/09/2020 - 15:07:14: Team "TERRORIST" triggered "Terrorists_Win" (CT "8") (T "1")
L 01/09/2020 - 15:07:14: World triggered "Round_End"
L 01/09/2020 - 15:07:20: World triggered "Round_Start"
L 01/09/2020 - 15:07:22: Server cvar "amx_nextmap" = "fy_buzzkill"
L 01/09/2020 - 15:07:37: "Ulysses<96><STEAM_1:1:1097612082><TERRORIST>" killed "canm ben EL PATRON<80><STEAM_1:1:748561017><CT>" with "tracktrain"
L 01/09/2020 - 15:07:39: "ghost<94><VALVE_ID_LAN><CT>" killed "koko je kraljina<91><STEAM_1:1:1834348531><TERRORIST>" with "knife"
L 01/09/2020 - 15:07:56: [REUNION]: Nike :DD (5.20.130.171) authorized as RevEmu
L 01/09/2020 - 15:07:56: "Nike :DD<98><STEAM_1:1:1361332181><>" connected, address "5.20.130.171:27005"
L 01/09/2020 - 15:07:58: [REUNION]: Begedis (90.131.44.103) authorized as RevEmu
L 01/09/2020 - 15:07:58: "Begedis<99><STEAM_1:1:2113318318><>" connected, address "90.131.44.103:26981"
L 01/09/2020 - 15:08:03: "Ulysses<96><STEAM_1:1:1097612082><TERRORIST>" killed "ghost<94><VALVE_ID_LAN><CT>" with "knife"
L 01/09/2020 - 15:08:03: Team "TERRORIST" triggered "Terrorists_Win" (CT "8") (T "2")
L 01/09/2020 - 15:08:03: World triggered "Round_End"
L 01/09/2020 - 15:08:09: World triggered "Round_Start"
L 01/09/2020 - 15:08:09: Server cvar "sv_maxspeed" = "0.000000"
L 01/09/2020 - 15:08:09: Server cvar "mp_friendlyfire" = "1"
L 01/09/2020 - 15:08:12: "koko je kraljina<91><STEAM_1:1:1834348531><TERRORIST>" killed "Player<87><STEAM_2:0:1886291632><TERRORIST>" with "grenade"
L 01/09/2020 - 15:08:13: "ghost<94><VALVE_ID_LAN><CT>" killed "canm ben EL PATRON<80><STEAM_1:1:748561017><CT>" with "grenade"
L 01/09/2020 - 15:08:15: Server cvar "sv_maxspeed" = "900.000000"
L 01/09/2020 - 15:08:15: Server cvar "mp_friendlyfire" = "0"
L 01/09/2020 - 15:08:15: [META] ini: Begin re-reading plugins list: /home/rented/public9/cstrike/addons/metamod/plugins.ini
L 01/09/2020 - 15:08:15: [META] ini: Read plugin config for: SafeNameAndChat
L 01/09/2020 - 15:08:15: [META] ini: Read plugin config for: AMX Mod X
L 01/09/2020 - 15:08:15: [META] ini: Read plugin config for: Reunion
L 01/09/2020 - 15:08:15: [META] ini: Read plugin config for: ReAuthCheck
L 01/09/2020 - 15:08:15: [META] ini: Read plugin config for: WHBlocker
L 01/09/2020 - 15:08:15: [META] ini: Read plugin config for: ReSemiclip
L 01/09/2020 - 15:08:15: [META] ini: Read plugin config for: Revoice
L 01/09/2020 - 15:08:15: [META] ini: Finished reading plugins list: /home/rented/public9/cstrike/addons/metamod/plugins.ini; Found 7 plugins
L 01/09/2020 - 15:08:15: [META] dll: Updating plugins...
L 01/09/2020 - 15:08:15: [META] WARNING: Cannot clear plugin 'SafeNameAndChat'; not marked as failed, empty, or open (status=valid)
L 01/09/2020 - 15:08:15: [META] dll: Unloaded plugin 'SafeNameAndChat' for reason 'file on disk is newer'
L 01/09/2020 - 15:08:15: [META] dll: Loaded plugin 'SafeNameAndChat': SafeNameAndChat v1.1 2017.02.01, WPMG.PRoSToC0der
L 01/09/2020 - 15:08:15: [META] WARNING: Cannot clear plugin 'WHBlocker'; not marked as failed, empty, or open (status=valid)
L 01/09/2020 - 15:08:15: [META] dll: Unloaded plugin 'WHBlocker' for reason 'file on disk is newer'
L 01/09/2020 - 15:08:15: [META] dll: Loaded plugin 'WHBlocker': WHBlocker v1.5.692 2017-04-13, s1lent
L 01/09/2020 - 15:08:15: [META] WARNING: Cannot clear plugin 'ReSemiclip'; not marked as failed, empty, or open (status=valid)
L 01/09/2020 - 15:08:15: [META] dll: Unloaded plugin 'ReSemiclip' for reason 'file on disk is newer'
L 01/09/2020 - 15:08:15: [META] dll: Loaded plugin 'ReSemiclip': ReSemiclip v2.3.9 13/02/17, s1lent & Adidasman
L 01/09/2020 - 15:08:15: [META] dll: Finished updating 14 plugins; kept 0, loaded 0, unloaded 0, reloaded 3, delayed 0
L 01/09/2020 - 15:08:15: "ghost<94><VALVE_ID_LAN><CT>" disconnected
L 01/09/2020 - 15:08:15: Team "TERRORIST" triggered "Terrorists_Win" (CT "8") (T "3")
L 01/09/2020 - 15:08:15: World triggered "Round_End"
L 01/09/2020 - 15:08:15: "Ulysses<96><STEAM_1:1:1097612082><TERRORIST>" disconnected
L 01/09/2020 - 15:08:15: "Player<87><STEAM_2:0:1886291632><TERRORIST>" disconnected
L 01/09/2020 - 15:08:15: "koko je kraljina<91><STEAM_1:1:1834348531><TERRORIST>" disconnected
L 01/09/2020 - 15:08:15: "canm ben EL PATRON<80><STEAM_1:1:748561017><CT>" disconnected
L 01/09/2020 - 15:08:15: Log file closed
