L 01/01/2020 - 18:44:15: Log file started (file "logs/L0101055.log") (game "cstrike") (version "48/1.1.2.7/Stdio/1621")
L 01/01/2020 - 18:44:15: Loading map "xmas_lodge"
L 01/01/2020 - 18:44:15: Server cvars start
L 01/01/2020 - 18:44:15: Server cvar "@BunnyHopper" = "3.x"
L 01/01/2020 - 18:44:15: Server cvar "@CRXGoSpec" = "1.1"
L 01/01/2020 - 18:44:15: Server cvar "@CRXRemoveImmunity" = "1.0"
L 01/01/2020 - 18:44:15: Server cvar "@D.I.C.E." = "1.1"
L 01/01/2020 - 18:44:15: Server cvar "@MOTDCommands" = "1.2"
L 01/01/2020 - 18:44:15: Server cvar "advanced_quake_sounds" = "5.0"
L 01/01/2020 - 18:44:15: Server cvar "AdvancedMute" = "1.0"
L 01/01/2020 - 18:44:15: Server cvar "aesp_version" = "1.3"
L 01/01/2020 - 18:44:15: Server cvar "allow_spectators" = "1.0"
L 01/01/2020 - 18:44:15: Server cvar "amx_client_languages" = "1"
L 01/01/2020 - 18:44:15: Server cvar "amx_language" = "en"
L 01/01/2020 - 18:44:15: Server cvar "amx_nextmap" = "xmas_lodge"
L 01/01/2020 - 18:44:15: Server cvar "amx_ptb_version" = "1.8b3"
L 01/01/2020 - 18:44:15: Server cvar "amx_timeleft" = "00:00"
L 01/01/2020 - 18:44:15: Server cvar "amxmodx_version" = "1.8.2"
L 01/01/2020 - 18:44:15: Server cvar "amxxbg_vip" = "1.0"
L 01/01/2020 - 18:44:15: Server cvar "asp_version" = "4.5.1"
L 01/01/2020 - 18:44:15: Server cvar "atac_version" = "3.0.1"
L 01/01/2020 - 18:44:15: Server cvar "badcamper_version" = "1.4 beta"
L 01/01/2020 - 18:44:15: Server cvar "blockmaker" = "4.01"
L 01/01/2020 - 18:44:15: Server cvar "c4 timer" = "1.1"
L 01/01/2020 - 18:44:15: Server cvar "coop" = "0"
L 01/01/2020 - 18:44:15: Server cvar "CRXAdminGroups" = "1.0"
L 01/01/2020 - 18:44:15: Server cvar "CRXCommandRestrictions" = "1.0"
L 01/01/2020 - 18:44:15: Server cvar "CRXFastKnife" = "1.0"
L 01/01/2020 - 18:44:15: Server cvar "CRXGametracker" = "2.0"
L 01/01/2020 - 18:44:15: Server cvar "CRXKnifeModels" = "2.5.7"
L 01/01/2020 - 18:44:15: Server cvar "CRXTeamAdvantage" = "1.0"
L 01/01/2020 - 18:44:15: Server cvar "CustomShop" = "4.2"
L 01/01/2020 - 18:44:15: Server cvar "deathmatch" = "1"
L 01/01/2020 - 18:44:15: Server cvar "decalfrequency" = "0"
L 01/01/2020 - 18:44:15: Server cvar "edgefriction" = "2"
L 01/01/2020 - 18:44:15: Server cvar "ers_version" = "2.3c"
L 01/01/2020 - 18:44:15: Server cvar "gagsystem_shoko" = "1.0"
L 01/01/2020 - 18:44:15: Server cvar "gal_mapcyclefile" = "mapcycle.txt"
L 01/01/2020 - 18:44:15: Server cvar "gal_version" = "v5.9.1-926"
L 01/01/2020 - 18:44:15: Server cvar "game_version" = "5.7.0.313-dev"
L 01/01/2020 - 18:44:15: Server cvar "humans_join_team" = "any"
L 01/01/2020 - 18:44:15: Server cvar "jtp10181" = "chute,gore"
L 01/01/2020 - 18:44:15: Server cvar "lawliet" = "ny_RainingSnow"
L 01/01/2020 - 18:44:15: Server cvar "LetitSnow" = "1.0"
L 01/01/2020 - 18:44:15: Server cvar "map_spawns" = "T(16) CT(16)"
L 01/01/2020 - 18:44:15: Server cvar "max_queries_sec" = "3"
L 01/01/2020 - 18:44:15: Server cvar "max_queries_sec_global" = "150"
L 01/01/2020 - 18:44:15: Server cvar "max_queries_window" = "60"
L 01/01/2020 - 18:44:15: Server cvar "mdbBans" = "4.8"
L 01/01/2020 - 18:44:15: Server cvar "metamod_version" = "1.21p37"
L 01/01/2020 - 18:44:15: Server cvar "mp_autokick" = "0"
L 01/01/2020 - 18:44:15: Server cvar "mp_autokick_timeout" = "-1"
L 01/01/2020 - 18:44:15: Server cvar "mp_autoteambalance" = "0"
L 01/01/2020 - 18:44:15: Server cvar "mp_buytime" = "0.25"
L 01/01/2020 - 18:44:15: Server cvar "mp_c4timer" = "35"
L 01/01/2020 - 18:44:15: Server cvar "mp_chattime" = "5.000000"
L 01/01/2020 - 18:44:15: Server cvar "mp_consistency" = "1"
L 01/01/2020 - 18:44:15: Server cvar "mp_fadetoblack" = "0"
L 01/01/2020 - 18:44:15: Server cvar "mp_flashlight" = "1"
L 01/01/2020 - 18:44:15: Server cvar "mp_footsteps" = "1"
L 01/01/2020 - 18:44:15: Server cvar "mp_forcecamera" = "0"
L 01/01/2020 - 18:44:15: Server cvar "mp_forcechasecam" = "0"
L 01/01/2020 - 18:44:15: Server cvar "mp_forcerespawn" = "0"
L 01/01/2020 - 18:44:15: Server cvar "mp_fraglimit" = "0"
L 01/01/2020 - 18:44:15: Server cvar "mp_fragsleft" = "0"
L 01/01/2020 - 18:44:15: Server cvar "mp_freeforall" = "0"
L 01/01/2020 - 18:44:15: Server cvar "mp_freezetime" = "1"
L 01/01/2020 - 18:44:15: Server cvar "mp_friendlyfire" = "0"
L 01/01/2020 - 18:44:15: Server cvar "mp_hostage_hurtable" = "1"
L 01/01/2020 - 18:44:15: Server cvar "mp_hostagepenalty" = "0"
L 01/01/2020 - 18:44:15: Server cvar "mp_item_staytime" = "300"
L 01/01/2020 - 18:44:15: Server cvar "mp_kickpercent" = "0.66"
L 01/01/2020 - 18:44:15: Server cvar "mp_legacy_bombtarget_touch" = "1"
L 01/01/2020 - 18:44:15: Server cvar "mp_limitteams" = "0"
L 01/01/2020 - 18:44:15: Server cvar "mp_logdetail" = "0"
L 01/01/2020 - 18:44:15: Server cvar "mp_logfile" = "1"
L 01/01/2020 - 18:44:15: Server cvar "mp_logmessages" = "1"
L 01/01/2020 - 18:44:15: Server cvar "mp_mapvoteratio" = "0.66"
L 01/01/2020 - 18:44:15: Server cvar "mp_maxmoney" = "999999"
L 01/01/2020 - 18:44:15: Server cvar "mp_maxrounds" = "0"
L 01/01/2020 - 18:44:15: Server cvar "mp_mirrordamage" = "0"
L 01/01/2020 - 18:44:15: Server cvar "mp_old_bomb_defused_sound" = "1"
L 01/01/2020 - 18:44:15: Server cvar "mp_playerid" = "0"
L 01/01/2020 - 18:44:15: Server cvar "mp_respawn_immunitytime" = "0"
L 01/01/2020 - 18:44:15: Server cvar "mp_round_infinite" = "0"
L 01/01/2020 - 18:44:15: Server cvar "mp_round_restart_delay" = "5"
L 01/01/2020 - 18:44:15: Server cvar "mp_roundover" = "0"
L 01/01/2020 - 18:44:15: Server cvar "mp_roundtime" = "2.3"
L 01/01/2020 - 18:44:15: Server cvar "mp_show_radioicon" = "1"
L 01/01/2020 - 18:44:15: Server cvar "mp_startmoney" = "850"
L 01/01/2020 - 18:44:15: Server cvar "mp_timeleft" = "00:00"
L 01/01/2020 - 18:44:15: Server cvar "mp_timelimit" = "20.000000"
L 01/01/2020 - 18:44:15: Server cvar "mp_tkpunish" = "0"
L 01/01/2020 - 18:44:15: Server cvar "mp_windifference" = "1"
L 01/01/2020 - 18:44:15: Server cvar "mp_winlimit" = "0"
L 01/01/2020 - 18:44:15: Server cvar "NoWeaponsOnGround" = "1.0"
L 01/01/2020 - 18:44:15: Server cvar "pausable" = "0"
L 01/01/2020 - 18:44:15: Server cvar "present_version" = "2.01"
L 01/01/2020 - 18:44:15: Server cvar "RandomHP" = "2.2"
L 01/01/2020 - 18:44:15: Server cvar "reauthcheck_version" = "0.1.6"
L 01/01/2020 - 18:44:15: Server cvar "reconnect_features" = "0.3.1"
L 01/01/2020 - 18:44:15: Server cvar "report_system_version" = "3.1"
L 01/01/2020 - 18:44:15: Server cvar "resemiclip_version" = "2.3.9"
L 01/01/2020 - 18:44:15: Server cvar "reu_version" = "0.1.0.130"
L 01/01/2020 - 18:44:15: Server cvar "revoice_version" = "0.1.0.30"
L 01/01/2020 - 18:44:15: Server cvar "RRWM" = "2.0"
L 01/01/2020 - 18:44:15: Server cvar "sanksounds_version" = "1.8.6"
L 01/01/2020 - 18:44:15: Server cvar "SimpleMenu" = "1.1"
L 01/01/2020 - 18:44:15: Server cvar "SNAC_Version" = "1.1"
L 01/01/2020 - 18:44:15: Server cvar "SpecList" = "1.2a"
L 01/01/2020 - 18:44:15: Server cvar "sr_version" = "1.6"
L 01/01/2020 - 18:44:15: Server cvar "statsx_shell_ver" = "2.0.0 (BETA)"
L 01/01/2020 - 18:44:15: Server cvar "StyleC4Timer" = "2.1"
L 01/01/2020 - 18:44:15: Server cvar "sv_accelerate" = "5"
L 01/01/2020 - 18:44:15: Server cvar "sv_aim" = "1"
L 01/01/2020 - 18:44:15: Server cvar "sv_airaccelerate" = "100"
L 01/01/2020 - 18:44:15: Server cvar "sv_allowupload" = "1"
L 01/01/2020 - 18:44:15: Server cvar "sv_alltalk" = "1"
L 01/01/2020 - 18:44:15: Server cvar "sv_bounce" = "1"
L 01/01/2020 - 18:44:15: Server cvar "sv_cheats" = "0"
L 01/01/2020 - 18:44:15: Server cvar "sv_clienttrace" = "1"
L 01/01/2020 - 18:44:15: Server cvar "sv_contact" = "feruchio599@gmail.com"
L 01/01/2020 - 18:44:15: Server cvar "sv_friction" = "4"
L 01/01/2020 - 18:44:15: Server cvar "sv_gravity" = "800"
L 01/01/2020 - 18:44:15: Server cvar "sv_logblocks" = "0"
L 01/01/2020 - 18:44:15: Server cvar "sv_maxrate" = "50000"
L 01/01/2020 - 18:44:15: Server cvar "sv_maxspeed" = "900.000000"
L 01/01/2020 - 18:44:15: Server cvar "sv_minrate" = "10000"
L 01/01/2020 - 18:44:15: Server cvar "sv_password" = ""
L 01/01/2020 - 18:44:15: Server cvar "sv_proxies" = "1"
L 01/01/2020 - 18:44:15: Server cvar "sv_restart" = "0"
L 01/01/2020 - 18:44:15: Server cvar "sv_restartround" = "0"
L 01/01/2020 - 18:44:15: Server cvar "sv_stepsize" = "18"
L 01/01/2020 - 18:44:15: Server cvar "sv_stopspeed" = "75"
L 01/01/2020 - 18:44:15: Server cvar "sv_uploadmax" = "0.5"
L 01/01/2020 - 18:44:15: Server cvar "sv_version" = "1.1.2.7/Stdio,48,1621"
L 01/01/2020 - 18:44:15: Server cvar "sv_voiceenable" = "1"
L 01/01/2020 - 18:44:15: Server cvar "sv_wateraccelerate" = "10"
L 01/01/2020 - 18:44:15: Server cvar "sv_waterfriction" = "1"
L 01/01/2020 - 18:44:15: Server cvar "Team_Semiclip_version" = "3.3.1"
L 01/01/2020 - 18:44:15: Server cvar "vehicle_real_killer" = "1.1"
L 01/01/2020 - 18:44:15: Server cvar "WalkGuard" = "1.3.2"
L 01/01/2020 - 18:44:15: Server cvar "we_grenades" = "Huehue"
L 01/01/2020 - 18:44:15: Server cvar "we_player_models" = "Huehue"
L 01/01/2020 - 18:44:15: Server cvar "whb_version" = "1.5.692"
L 01/01/2020 - 18:44:15: Server cvar "zp_jp_version" = "Extra Item Jetpack+Bazooka v3.2"
L 01/01/2020 - 18:44:15: Server cvars end
L 01/01/2020 - 18:44:18: Server cvar "sv_maxspeed" = "900"
L 01/01/2020 - 18:44:18: Server cvar "mp_autoteambalance" = "1"
L 01/01/2020 - 18:44:18: Server cvar "mp_timelimit" = "20"
L 01/01/2020 - 18:44:18: Server cvar "mp_autoteambalance" = "0"
L 01/01/2020 - 18:44:18: Server cvar "amx_nextmap" = "[not yet voted on]"
L 01/01/2020 - 18:44:19: Started map "xmas_lodge" (CRC "-317315302")
L 01/01/2020 - 18:44:21: World triggered "Round_Start"
L 01/01/2020 - 18:44:22: "Maverick<270><STEAM_0:0:37264973><>" entered the game
L 01/01/2020 - 18:44:22: "ＴＲＡＳＨ<266><STEAM_0:1:507815102><>" entered the game
L 01/01/2020 - 18:44:26: "Maverick<270><STEAM_0:0:37264973><>" joined team "TERRORIST"
L 01/01/2020 - 18:44:26: "ＴＲＡＳＨ<266><STEAM_0:1:507815102><>" joined team "CT"
L 01/01/2020 - 18:44:27: World triggered "Game_Commencing"
L 01/01/2020 - 18:44:27: World triggered "Game_Commencing" (CT "0") (T "0")
L 01/01/2020 - 18:44:27: World triggered "Round_End"
L 01/01/2020 - 18:44:27: "＃-->Kllier`Boss<--＃<269><STEAM_1:1:1316058917><>" entered the game
L 01/01/2020 - 18:44:30: "Maverick<270><STEAM_0:0:37264973><TERRORIST>" triggered "Spawned_With_The_Bomb"
L 01/01/2020 - 18:44:31: World triggered "Round_Start"
L 01/01/2020 - 18:44:33: "＃-->Kllier`Boss<--＃<269><STEAM_1:1:1316058917><>" joined team "CT"
L 01/01/2020 - 18:44:34: "Maverick<270><STEAM_0:0:37264973><TERRORIST>" triggered "Spawned_With_The_Bomb"
L 01/01/2020 - 18:44:44: "xXMr.ONurXx_YT<271><STEAM_0:0:526678195><>" connected, address "37.209.172.139:27005"
L 01/01/2020 - 18:44:45: "xXMr.ONurXx_YT<271><STEAM_0:0:526678195><>" STEAM USERID validated
L 01/01/2020 - 18:45:07: "＃-->Kllier`Boss<--＃<269><STEAM_1:1:1316058917><CT>" killed "Maverick<270><STEAM_0:0:37264973><TERRORIST>" with "ump45"
L 01/01/2020 - 18:45:07: Team "CT" triggered "CTs_Win" (CT "1") (T "0")
L 01/01/2020 - 18:45:07: World triggered "Round_End"
L 01/01/2020 - 18:45:12: "Maverick<270><STEAM_0:0:37264973><TERRORIST>" triggered "Spawned_With_The_Bomb"
L 01/01/2020 - 18:45:13: World triggered "Round_Start"
L 01/01/2020 - 18:45:31: "ＴＲＡＳＨ<266><STEAM_0:1:507815102><CT>" killed "Maverick<270><STEAM_0:0:37264973><TERRORIST>" with "m4a1"
L 01/01/2020 - 18:45:31: Team "CT" triggered "CTs_Win" (CT "2") (T "0")
L 01/01/2020 - 18:45:31: World triggered "Round_End"
L 01/01/2020 - 18:45:36: "Maverick<270><STEAM_0:0:37264973><TERRORIST>" triggered "Spawned_With_The_Bomb"
L 01/01/2020 - 18:45:37: World triggered "Round_Start"
L 01/01/2020 - 18:46:56: "ＴＲＡＳＨ<266><STEAM_0:1:507815102><CT>" killed "Maverick<270><STEAM_0:0:37264973><TERRORIST>" with "knife"
L 01/01/2020 - 18:46:56: Team "CT" triggered "CTs_Win" (CT "3") (T "0")
L 01/01/2020 - 18:46:56: World triggered "Round_End"
L 01/01/2020 - 18:47:01: "Maverick<270><STEAM_0:0:37264973><TERRORIST>" triggered "Spawned_With_The_Bomb"
L 01/01/2020 - 18:47:02: World triggered "Round_Start"
L 01/01/2020 - 18:47:39: "＃-->Kllier`Boss<--＃<269><STEAM_1:1:1316058917><CT>" killed "Maverick<270><STEAM_0:0:37264973><TERRORIST>" with "m4a1"
L 01/01/2020 - 18:47:39: Team "CT" triggered "CTs_Win" (CT "4") (T "0")
L 01/01/2020 - 18:47:39: World triggered "Round_End"
L 01/01/2020 - 18:47:44: "Maverick<270><STEAM_0:0:37264973><TERRORIST>" triggered "Spawned_With_The_Bomb"
L 01/01/2020 - 18:47:45: World triggered "Round_Start"
L 01/01/2020 - 18:48:55: "＃-->Kllier`Boss<--＃<269><STEAM_1:1:1316058917><CT>" killed "Maverick<270><STEAM_0:0:37264973><TERRORIST>" with "knife"
L 01/01/2020 - 18:48:55: Team "CT" triggered "CTs_Win" (CT "5") (T "0")
L 01/01/2020 - 18:48:55: World triggered "Round_End"
L 01/01/2020 - 18:48:58: "ＴＲＡＳＨ<266><STEAM_0:1:507815102><CT>" disconnected
L 01/01/2020 - 18:49:00: "Maverick<270><STEAM_0:0:37264973><TERRORIST>" triggered "Spawned_With_The_Bomb"
L 01/01/2020 - 18:49:01: World triggered "Round_Start"
L 01/01/2020 - 18:49:34: "Maverick<270><STEAM_0:0:37264973><TERRORIST>" killed "＃-->Kllier`Boss<--＃<269><STEAM_1:1:1316058917><CT>" with "m3"
L 01/01/2020 - 18:49:34: Team "TERRORIST" triggered "Terrorists_Win" (CT "5") (T "1")
L 01/01/2020 - 18:49:34: World triggered "Round_End"
L 01/01/2020 - 18:49:39: "Maverick<270><STEAM_0:0:37264973><TERRORIST>" triggered "Spawned_With_The_Bomb"
L 01/01/2020 - 18:49:40: World triggered "Round_Start"
L 01/01/2020 - 18:50:03: "＃-->Kllier`Boss<--＃<269><STEAM_1:1:1316058917><CT>" killed "Maverick<270><STEAM_0:0:37264973><TERRORIST>" with "m4a1"
L 01/01/2020 - 18:50:03: Team "CT" triggered "CTs_Win" (CT "6") (T "1")
L 01/01/2020 - 18:50:03: World triggered "Round_End"
L 01/01/2020 - 18:50:08: "Maverick<270><STEAM_0:0:37264973><TERRORIST>" triggered "Spawned_With_The_Bomb"
L 01/01/2020 - 18:50:09: World triggered "Round_Start"
L 01/01/2020 - 18:50:31: "Maverick<270><STEAM_0:0:37264973><TERRORIST>" killed "＃-->Kllier`Boss<--＃<269><STEAM_1:1:1316058917><CT>" with "glock18"
L 01/01/2020 - 18:50:31: Team "TERRORIST" triggered "Terrorists_Win" (CT "6") (T "2")
L 01/01/2020 - 18:50:31: World triggered "Round_End"
L 01/01/2020 - 18:50:36: "Maverick<270><STEAM_0:0:37264973><TERRORIST>" triggered "Spawned_With_The_Bomb"
L 01/01/2020 - 18:50:37: World triggered "Round_Start"
L 01/01/2020 - 18:51:25: "＃-->Kllier`Boss<--＃<269><STEAM_1:1:1316058917><CT>" killed "Maverick<270><STEAM_0:0:37264973><TERRORIST>" with "m4a1"
L 01/01/2020 - 18:51:25: Team "CT" triggered "CTs_Win" (CT "7") (T "2")
L 01/01/2020 - 18:51:25: World triggered "Round_End"
L 01/01/2020 - 18:51:30: "Maverick<270><STEAM_0:0:37264973><TERRORIST>" triggered "Spawned_With_The_Bomb"
L 01/01/2020 - 18:51:31: World triggered "Round_Start"
L 01/01/2020 - 18:51:59: "＃-->Kllier`Boss<--＃<269><STEAM_1:1:1316058917><CT>" killed "Maverick<270><STEAM_0:0:37264973><TERRORIST>" with "knife"
L 01/01/2020 - 18:51:59: Team "CT" triggered "CTs_Win" (CT "8") (T "2")
L 01/01/2020 - 18:51:59: World triggered "Round_End"
L 01/01/2020 - 18:52:04: "Maverick<270><STEAM_0:0:37264973><TERRORIST>" triggered "Spawned_With_The_Bomb"
L 01/01/2020 - 18:52:05: World triggered "Round_Start"
L 01/01/2020 - 18:52:31: "＃-->Kllier`Boss<--＃<269><STEAM_1:1:1316058917><CT>" killed "Maverick<270><STEAM_0:0:37264973><TERRORIST>" with "knife"
L 01/01/2020 - 18:52:31: Team "CT" triggered "CTs_Win" (CT "9") (T "2")
L 01/01/2020 - 18:52:31: World triggered "Round_End"
L 01/01/2020 - 18:52:36: "Maverick<270><STEAM_0:0:37264973><TERRORIST>" triggered "Spawned_With_The_Bomb"
L 01/01/2020 - 18:52:37: World triggered "Round_Start"
L 01/01/2020 - 18:52:46: "＃-->Kllier`Boss<--＃<269><STEAM_1:1:1316058917><CT>" disconnected
L 01/01/2020 - 18:54:55: Team "CT" triggered "Target_Saved" (CT "9") (T "2")
L 01/01/2020 - 18:54:55: World triggered "Round_End"
L 01/01/2020 - 18:55:00: "Maverick<270><STEAM_0:0:37264973><TERRORIST>" triggered "Spawned_With_The_Bomb"
L 01/01/2020 - 18:55:01: World triggered "Round_Start"
L 01/01/2020 - 18:55:43: [REUNION]: IP 193.42.110.171 banned for 10 minutes for query flooding (PPS: 327)
L 01/01/2020 - 18:57:19: Team "CT" triggered "Target_Saved" (CT "9") (T "2")
L 01/01/2020 - 18:57:19: World triggered "Round_End"
L 01/01/2020 - 18:57:22: [REUNION]: BAD BOY (178.169.239.222) authorized as RevEmu
L 01/01/2020 - 18:57:22: "BAD BOY<272><STEAM_1:1:175462098><>" connected, address "178.169.239.222:27005"
L 01/01/2020 - 18:57:24: "Maverick<270><STEAM_0:0:37264973><TERRORIST>" triggered "Spawned_With_The_Bomb"
L 01/01/2020 - 18:57:25: World triggered "Round_Start"
L 01/01/2020 - 18:57:36: Kick: "BAD BOY<272><STEAM_1:1:175462098><>" was kicked by "Console" (message "Error! Idle Timeout (2).")
L 01/01/2020 - 18:57:58: [REUNION]: Mr.Knife (87.243.102.193) authorized as RevEmu
L 01/01/2020 - 18:57:58: "Mr.Knife<273><STEAM_1:1:1973042010><>" connected, address "87.243.102.193:27005"
L 01/01/2020 - 18:58:00: [REUNION]: Mr.Knife (87.243.102.193) authorized as RevEmu
L 01/01/2020 - 18:58:00: "Mr.Knife<274><STEAM_1:1:1973042010><>" connected, address "87.243.102.193:27005"
L 01/01/2020 - 18:58:03: "Mr.Knife<274><STEAM_1:1:1973042010><>" entered the game
L 01/01/2020 - 18:58:14: "Mr.Knife<274><STEAM_1:1:1973042010><>" joined team "TERRORIST"
L 01/01/2020 - 18:58:37: [REUNION]: BAD BOY (178.169.239.222) authorized as RevEmu
L 01/01/2020 - 18:58:37: "BAD BOY<275><STEAM_1:1:175462098><>" connected, address "178.169.239.222:27005"
L 01/01/2020 - 18:58:45: [REUNION]: BAD BOY (178.169.239.222) authorized as RevEmu
L 01/01/2020 - 18:58:45: "BAD BOY<276><STEAM_1:1:175462098><>" connected, address "178.169.239.222:27005"
L 01/01/2020 - 18:59:11: "BAD BOY<276><STEAM_1:1:175462098><>" entered the game
L 01/01/2020 - 18:59:21: "BAD BOY<276><STEAM_1:1:175462098><>" joined team "CT"
L 01/01/2020 - 18:59:22: World triggered "Game_Commencing"
L 01/01/2020 - 18:59:22: World triggered "Game_Commencing" (CT "9") (T "2")
L 01/01/2020 - 18:59:22: World triggered "Round_End"
L 01/01/2020 - 18:59:25: "Mr.Knife<274><STEAM_1:1:1973042010><TERRORIST>" triggered "Spawned_With_The_Bomb"
L 01/01/2020 - 18:59:26: World triggered "Round_Start"
L 01/01/2020 - 19:00:24: "Maverick<270><STEAM_0:0:37264973><TERRORIST>" committed suicide with "world"
L 01/01/2020 - 19:01:42: [REUNION]: OwO (46.211.148.123) authorized as RevEmu
L 01/01/2020 - 19:01:42: "OwO<277><STEAM_2:0:2052157424><>" connected, address "46.211.148.123:29037"
L 01/01/2020 - 19:01:44: Team "CT" triggered "Target_Saved" (CT "1") (T "0")
L 01/01/2020 - 19:01:44: World triggered "Round_End"
L 01/01/2020 - 19:01:49: "Maverick<270><STEAM_0:0:37264973><TERRORIST>" triggered "Spawned_With_The_Bomb"
L 01/01/2020 - 19:01:50: World triggered "Round_Start"
L 01/01/2020 - 19:02:01: [REUNION]: OwO (46.211.148.123) authorized as RevEmu
L 01/01/2020 - 19:02:01: "OwO<278><STEAM_2:0:2052157424><>" connected, address "46.211.148.123:29037"
L 01/01/2020 - 19:02:26: "OwO<278><STEAM_2:0:2052157424><>" entered the game
L 01/01/2020 - 19:02:27: [REUNION]: Zombator (212.142.79.71) authorized as RevEmu
L 01/01/2020 - 19:02:27: "Zombator<279><STEAM_1:0:423905296><>" connected, address "212.142.79.71:27005"
L 01/01/2020 - 19:02:34: "Maverick<270><STEAM_0:0:37264973><TERRORIST>" triggered "Dropped_The_Bomb"
L 01/01/2020 - 19:02:34: "Maverick<270><STEAM_0:0:37264973><TERRORIST>" disconnected
L 01/01/2020 - 19:03:02: "OwO<278><STEAM_2:0:2052157424><>" joined team "TERRORIST"
L 01/01/2020 - 19:03:04: [REUNION]: Zombator (212.142.79.71) authorized as RevEmu
L 01/01/2020 - 19:03:04: "Zombator<280><STEAM_1:0:423905296><>" connected, address "212.142.79.71:27005"
L 01/01/2020 - 19:04:08: Team "CT" triggered "Target_Saved" (CT "2") (T "0")
L 01/01/2020 - 19:04:08: World triggered "Round_End"
L 01/01/2020 - 19:04:13: "Mr.Knife<274><STEAM_1:1:1973042010><TERRORIST>" triggered "Spawned_With_The_Bomb"
L 01/01/2020 - 19:04:14: World triggered "Round_Start"
L 01/01/2020 - 19:05:30: "BAD BOY<276><STEAM_1:1:175462098><CT>" killed "Mr.Knife<274><STEAM_1:1:1973042010><TERRORIST>" with "g3sg1"
L 01/01/2020 - 19:05:36: [REUNION]: NE MI SE PRAVI NA PRO (46.10.202.234) authorized as RevEmu
L 01/01/2020 - 19:05:36: "NE MI SE PRAVI NA PRO<281><STEAM_2:1:1478724606><>" connected, address "46.10.202.234:27005"
L 01/01/2020 - 19:05:42: [REUNION]: NE MI SE PRAVI NA PRO (46.10.202.234) authorized as RevEmu
L 01/01/2020 - 19:05:42: "NE MI SE PRAVI NA PRO<282><STEAM_2:1:1478724606><>" connected, address "46.10.202.234:27005"
L 01/01/2020 - 19:05:50: "NE MI SE PRAVI NA PRO<282><STEAM_2:1:1478724606><>" entered the game
L 01/01/2020 - 19:05:53: "NE MI SE PRAVI NA PRO<282><STEAM_2:1:1478724606><>" joined team "CT"
L 01/01/2020 - 19:06:23: "BAD BOY<276><STEAM_1:1:175462098><CT>" killed "OwO<278><STEAM_2:0:2052157424><TERRORIST>" with "g3sg1"
L 01/01/2020 - 19:06:23: Team "CT" triggered "CTs_Win" (CT "3") (T "0")
L 01/01/2020 - 19:06:23: World triggered "Round_End"
L 01/01/2020 - 19:06:28: "OwO<278><STEAM_2:0:2052157424><TERRORIST>" triggered "Spawned_With_The_Bomb"
L 01/01/2020 - 19:06:29: World triggered "Round_Start"
L 01/01/2020 - 19:07:20: "NE MI SE PRAVI NA PRO<282><STEAM_2:1:1478724606><CT>" committed suicide with "worldspawn" (world)
L 01/01/2020 - 19:08:07: "OwO<278><STEAM_2:0:2052157424><TERRORIST>" killed "BAD BOY<276><STEAM_1:1:175462098><CT>" with "famas"
L 01/01/2020 - 19:08:07: Team "TERRORIST" triggered "Terrorists_Win" (CT "3") (T "1")
L 01/01/2020 - 19:08:07: World triggered "Round_End"
L 01/01/2020 - 19:08:12: "Mr.Knife<274><STEAM_1:1:1973042010><TERRORIST>" triggered "Spawned_With_The_Bomb"
L 01/01/2020 - 19:08:13: World triggered "Round_Start"
L 01/01/2020 - 19:08:42: "BAD BOY<276><STEAM_1:1:175462098><CT>" killed "OwO<278><STEAM_2:0:2052157424><TERRORIST>" with "m4a1"
L 01/01/2020 - 19:09:00: Server cvar "amx_nextmap" = "4_houses"
L 01/01/2020 - 19:09:00: "OwO<278><STEAM_2:0:2052157424><TERRORIST>" disconnected
L 01/01/2020 - 19:09:22: "Mr.Knife<274><STEAM_1:1:1973042010><TERRORIST>" killed "BAD BOY<276><STEAM_1:1:175462098><CT>" with "knife"
L 01/01/2020 - 19:09:51: "Mr.Knife<274><STEAM_1:1:1973042010><TERRORIST>" killed "NE MI SE PRAVI NA PRO<282><STEAM_2:1:1478724606><CT>" with "knife"
L 01/01/2020 - 19:09:51: Team "TERRORIST" triggered "Terrorists_Win" (CT "3") (T "2")
L 01/01/2020 - 19:09:51: World triggered "Round_End"
L 01/01/2020 - 19:09:56: "Mr.Knife<274><STEAM_1:1:1973042010><TERRORIST>" triggered "Spawned_With_The_Bomb"
L 01/01/2020 - 19:09:57: World triggered "Round_Start"
L 01/01/2020 - 19:09:57: Server cvar "sv_maxspeed" = "0.000000"
L 01/01/2020 - 19:09:57: Server cvar "mp_friendlyfire" = "1"
L 01/01/2020 - 19:09:58: "BAD BOY<276><STEAM_1:1:175462098><CT>" killed "NE MI SE PRAVI NA PRO<282><STEAM_2:1:1478724606><CT>" with "m4a1"
L 01/01/2020 - 19:10:03: Server cvar "sv_maxspeed" = "900.000000"
L 01/01/2020 - 19:10:03: Server cvar "mp_friendlyfire" = "0"
L 01/01/2020 - 19:10:03: [META] ini: Begin re-reading plugins list: /home/rented/public9/cstrike/addons/metamod/plugins.ini
L 01/01/2020 - 19:10:03: [META] ini: Read plugin config for: SafeNameAndChat
L 01/01/2020 - 19:10:03: [META] ini: Read plugin config for: AMX Mod X
L 01/01/2020 - 19:10:03: [META] ini: Read plugin config for: Reunion
L 01/01/2020 - 19:10:03: [META] ini: Read plugin config for: ReAuthCheck
L 01/01/2020 - 19:10:03: [META] ini: Read plugin config for: WHBlocker
L 01/01/2020 - 19:10:03: [META] ini: Read plugin config for: ReSemiclip
L 01/01/2020 - 19:10:03: [META] ini: Read plugin config for: Revoice
L 01/01/2020 - 19:10:03: [META] ini: Finished reading plugins list: /home/rented/public9/cstrike/addons/metamod/plugins.ini; Found 7 plugins
L 01/01/2020 - 19:10:03: [META] dll: Updating plugins...
L 01/01/2020 - 19:10:03: [META] WARNING: Cannot clear plugin 'SafeNameAndChat'; not marked as failed, empty, or open (status=valid)
L 01/01/2020 - 19:10:03: [META] dll: Unloaded plugin 'SafeNameAndChat' for reason 'file on disk is newer'
L 01/01/2020 - 19:10:03: [META] dll: Loaded plugin 'SafeNameAndChat': SafeNameAndChat v1.1 2017.02.01, WPMG.PRoSToC0der
L 01/01/2020 - 19:10:03: [META] WARNING: Cannot clear plugin 'WHBlocker'; not marked as failed, empty, or open (status=valid)
L 01/01/2020 - 19:10:03: [META] dll: Unloaded plugin 'WHBlocker' for reason 'file on disk is newer'
L 01/01/2020 - 19:10:03: [META] dll: Loaded plugin 'WHBlocker': WHBlocker v1.5.692 2017-04-13, s1lent
L 01/01/2020 - 19:10:03: [META] WARNING: Cannot clear plugin 'ReSemiclip'; not marked as failed, empty, or open (status=valid)
L 01/01/2020 - 19:10:03: [META] dll: Unloaded plugin 'ReSemiclip' for reason 'file on disk is newer'
L 01/01/2020 - 19:10:03: [META] dll: Loaded plugin 'ReSemiclip': ReSemiclip v2.3.9 13/02/17, s1lent & Adidasman
L 01/01/2020 - 19:10:03: [META] dll: Finished updating 14 plugins; kept 0, loaded 0, unloaded 0, reloaded 3, delayed 0
L 01/01/2020 - 19:10:03: "NE MI SE PRAVI NA PRO<282><STEAM_2:1:1478724606><CT>" disconnected
L 01/01/2020 - 19:10:03: "BAD BOY<276><STEAM_1:1:175462098><CT>" disconnected
L 01/01/2020 - 19:10:03: "Mr.Knife<274><STEAM_1:1:1973042010><TERRORIST>" disconnected
L 01/01/2020 - 19:10:03: World triggered "Round_Draw" (CT "3") (T "2")
L 01/01/2020 - 19:10:03: World triggered "Round_End"
L 01/01/2020 - 19:10:03: "Zombator<280><STEAM_1:0:423905296><CT>" disconnected
L 01/01/2020 - 19:10:03: Log file closed
