L 01/09/2020 - 12:13:08: Log file started (file "logs/L0109037.log") (game "cstrike") (version "48/1.1.2.7/Stdio/1621")
L 01/09/2020 - 12:13:08: Loading map "big_city"
L 01/09/2020 - 12:13:08: Server cvars start
L 01/09/2020 - 12:13:08: Server cvar "@BunnyHopper" = "3.x"
L 01/09/2020 - 12:13:08: Server cvar "@CRXGoSpec" = "1.1"
L 01/09/2020 - 12:13:08: Server cvar "@CRXRemoveImmunity" = "1.0"
L 01/09/2020 - 12:13:08: Server cvar "@D.I.C.E." = "1.1"
L 01/09/2020 - 12:13:08: Server cvar "@MOTDCommands" = "1.2"
L 01/09/2020 - 12:13:08: Server cvar "advanced_quake_sounds" = "5.0"
L 01/09/2020 - 12:13:08: Server cvar "AdvancedMute" = "1.0"
L 01/09/2020 - 12:13:08: Server cvar "aesp_version" = "1.3"
L 01/09/2020 - 12:13:08: Server cvar "allow_spectators" = "1.0"
L 01/09/2020 - 12:13:08: Server cvar "amx_client_languages" = "1"
L 01/09/2020 - 12:13:08: Server cvar "amx_language" = "en"
L 01/09/2020 - 12:13:08: Server cvar "amx_nextmap" = "big_city"
L 01/09/2020 - 12:13:08: Server cvar "amx_ptb_version" = "1.8b3"
L 01/09/2020 - 12:13:08: Server cvar "amx_timeleft" = "00:00"
L 01/09/2020 - 12:13:08: Server cvar "amxmodx_version" = "1.8.2"
L 01/09/2020 - 12:13:08: Server cvar "amxxbg_vip" = "1.0"
L 01/09/2020 - 12:13:08: Server cvar "asp_version" = "4.5.1"
L 01/09/2020 - 12:13:08: Server cvar "atac_version" = "3.0.1"
L 01/09/2020 - 12:13:08: Server cvar "badcamper_version" = "1.4 beta"
L 01/09/2020 - 12:13:08: Server cvar "blockmaker" = "4.01"
L 01/09/2020 - 12:13:08: Server cvar "c4 timer" = "1.1"
L 01/09/2020 - 12:13:08: Server cvar "coop" = "0"
L 01/09/2020 - 12:13:08: Server cvar "CRXAdminGroups" = "1.0"
L 01/09/2020 - 12:13:08: Server cvar "CRXCommandRestrictions" = "1.0"
L 01/09/2020 - 12:13:08: Server cvar "CRXFastKnife" = "1.0"
L 01/09/2020 - 12:13:08: Server cvar "CRXGametracker" = "2.0"
L 01/09/2020 - 12:13:08: Server cvar "CRXKnifeModels" = "2.5.7"
L 01/09/2020 - 12:13:08: Server cvar "CRXTeamAdvantage" = "1.0"
L 01/09/2020 - 12:13:08: Server cvar "CustomShop" = "4.2"
L 01/09/2020 - 12:13:08: Server cvar "deathmatch" = "1"
L 01/09/2020 - 12:13:08: Server cvar "decalfrequency" = "0"
L 01/09/2020 - 12:13:08: Server cvar "edgefriction" = "2"
L 01/09/2020 - 12:13:08: Server cvar "ers_version" = "2.3c"
L 01/09/2020 - 12:13:08: Server cvar "gagsystem_shoko" = "1.0"
L 01/09/2020 - 12:13:08: Server cvar "gal_mapcyclefile" = "mapcycle.txt"
L 01/09/2020 - 12:13:08: Server cvar "gal_version" = "v5.9.1-926"
L 01/09/2020 - 12:13:08: Server cvar "game_version" = "5.7.0.313-dev"
L 01/09/2020 - 12:13:08: Server cvar "humans_join_team" = "any"
L 01/09/2020 - 12:13:08: Server cvar "jtp10181" = "chute,gore"
L 01/09/2020 - 12:13:08: Server cvar "lawliet" = "ny_RainingSnow"
L 01/09/2020 - 12:13:09: Server cvar "LetitSnow" = "1.0"
L 01/09/2020 - 12:13:09: Server cvar "map_spawns" = "T(16) CT(16)"
L 01/09/2020 - 12:13:09: Server cvar "max_queries_sec" = "3"
L 01/09/2020 - 12:13:09: Server cvar "max_queries_sec_global" = "150"
L 01/09/2020 - 12:13:09: Server cvar "max_queries_window" = "60"
L 01/09/2020 - 12:13:09: Server cvar "mdbBans" = "4.8"
L 01/09/2020 - 12:13:09: Server cvar "metamod_version" = "1.21p37"
L 01/09/2020 - 12:13:09: Server cvar "mp_autokick" = "0"
L 01/09/2020 - 12:13:09: Server cvar "mp_autokick_timeout" = "-1"
L 01/09/2020 - 12:13:09: Server cvar "mp_autoteambalance" = "0"
L 01/09/2020 - 12:13:09: Server cvar "mp_buytime" = "0.25"
L 01/09/2020 - 12:13:09: Server cvar "mp_c4timer" = "35"
L 01/09/2020 - 12:13:09: Server cvar "mp_chattime" = "5.000000"
L 01/09/2020 - 12:13:09: Server cvar "mp_consistency" = "1"
L 01/09/2020 - 12:13:09: Server cvar "mp_fadetoblack" = "0"
L 01/09/2020 - 12:13:09: Server cvar "mp_flashlight" = "1"
L 01/09/2020 - 12:13:09: Server cvar "mp_footsteps" = "1"
L 01/09/2020 - 12:13:09: Server cvar "mp_forcecamera" = "0"
L 01/09/2020 - 12:13:09: Server cvar "mp_forcechasecam" = "0"
L 01/09/2020 - 12:13:09: Server cvar "mp_forcerespawn" = "0"
L 01/09/2020 - 12:13:09: Server cvar "mp_fraglimit" = "0"
L 01/09/2020 - 12:13:09: Server cvar "mp_fragsleft" = "0"
L 01/09/2020 - 12:13:09: Server cvar "mp_freeforall" = "0"
L 01/09/2020 - 12:13:09: Server cvar "mp_freezetime" = "1"
L 01/09/2020 - 12:13:09: Server cvar "mp_friendlyfire" = "0"
L 01/09/2020 - 12:13:09: Server cvar "mp_hostage_hurtable" = "1"
L 01/09/2020 - 12:13:09: Server cvar "mp_hostagepenalty" = "0"
L 01/09/2020 - 12:13:09: Server cvar "mp_item_staytime" = "300"
L 01/09/2020 - 12:13:09: Server cvar "mp_kickpercent" = "0.66"
L 01/09/2020 - 12:13:09: Server cvar "mp_legacy_bombtarget_touch" = "1"
L 01/09/2020 - 12:13:09: Server cvar "mp_limitteams" = "0"
L 01/09/2020 - 12:13:09: Server cvar "mp_logdetail" = "0"
L 01/09/2020 - 12:13:09: Server cvar "mp_logfile" = "1"
L 01/09/2020 - 12:13:09: Server cvar "mp_logmessages" = "1"
L 01/09/2020 - 12:13:09: Server cvar "mp_mapvoteratio" = "0.66"
L 01/09/2020 - 12:13:09: Server cvar "mp_maxmoney" = "999999"
L 01/09/2020 - 12:13:09: Server cvar "mp_maxrounds" = "0"
L 01/09/2020 - 12:13:09: Server cvar "mp_mirrordamage" = "0"
L 01/09/2020 - 12:13:09: Server cvar "mp_old_bomb_defused_sound" = "1"
L 01/09/2020 - 12:13:09: Server cvar "mp_playerid" = "0"
L 01/09/2020 - 12:13:09: Server cvar "mp_respawn_immunitytime" = "0"
L 01/09/2020 - 12:13:09: Server cvar "mp_round_infinite" = "0"
L 01/09/2020 - 12:13:09: Server cvar "mp_round_restart_delay" = "5"
L 01/09/2020 - 12:13:09: Server cvar "mp_roundover" = "0"
L 01/09/2020 - 12:13:09: Server cvar "mp_roundtime" = "2.3"
L 01/09/2020 - 12:13:09: Server cvar "mp_show_radioicon" = "1"
L 01/09/2020 - 12:13:09: Server cvar "mp_startmoney" = "850"
L 01/09/2020 - 12:13:09: Server cvar "mp_timeleft" = "00:00"
L 01/09/2020 - 12:13:09: Server cvar "mp_timelimit" = "20"
L 01/09/2020 - 12:13:09: Server cvar "mp_tkpunish" = "0"
L 01/09/2020 - 12:13:09: Server cvar "mp_windifference" = "1"
L 01/09/2020 - 12:13:09: Server cvar "mp_winlimit" = "0"
L 01/09/2020 - 12:13:09: Server cvar "NoWeaponsOnGround" = "1.0"
L 01/09/2020 - 12:13:09: Server cvar "pausable" = "0"
L 01/09/2020 - 12:13:09: Server cvar "present_version" = "2.01"
L 01/09/2020 - 12:13:09: Server cvar "RandomHP" = "2.2"
L 01/09/2020 - 12:13:09: Server cvar "reauthcheck_version" = "0.1.6"
L 01/09/2020 - 12:13:09: Server cvar "reconnect_features" = "0.3.1"
L 01/09/2020 - 12:13:09: Server cvar "report_system_version" = "3.1"
L 01/09/2020 - 12:13:09: Server cvar "resemiclip_version" = "2.3.9"
L 01/09/2020 - 12:13:09: Server cvar "reu_version" = "0.1.0.130"
L 01/09/2020 - 12:13:09: Server cvar "revoice_version" = "0.1.0.30"
L 01/09/2020 - 12:13:09: Server cvar "RRWM" = "2.0"
L 01/09/2020 - 12:13:09: Server cvar "sanksounds_version" = "1.8.6"
L 01/09/2020 - 12:13:09: Server cvar "SimpleMenu" = "1.1"
L 01/09/2020 - 12:13:09: Server cvar "SNAC_Version" = "1.1"
L 01/09/2020 - 12:13:09: Server cvar "SpecList" = "1.2a"
L 01/09/2020 - 12:13:09: Server cvar "sr_version" = "1.6"
L 01/09/2020 - 12:13:09: Server cvar "statsx_shell_ver" = "2.0.0 (BETA)"
L 01/09/2020 - 12:13:09: Server cvar "StyleC4Timer" = "2.1"
L 01/09/2020 - 12:13:09: Server cvar "sv_accelerate" = "5"
L 01/09/2020 - 12:13:09: Server cvar "sv_aim" = "1"
L 01/09/2020 - 12:13:09: Server cvar "sv_airaccelerate" = "100"
L 01/09/2020 - 12:13:09: Server cvar "sv_allowupload" = "1"
L 01/09/2020 - 12:13:09: Server cvar "sv_alltalk" = "1"
L 01/09/2020 - 12:13:09: Server cvar "sv_bounce" = "1"
L 01/09/2020 - 12:13:09: Server cvar "sv_cheats" = "0"
L 01/09/2020 - 12:13:09: Server cvar "sv_clienttrace" = "1"
L 01/09/2020 - 12:13:09: Server cvar "sv_contact" = "feruchio599@gmail.com"
L 01/09/2020 - 12:13:09: Server cvar "sv_friction" = "4"
L 01/09/2020 - 12:13:09: Server cvar "sv_gravity" = "800"
L 01/09/2020 - 12:13:09: Server cvar "sv_logblocks" = "0"
L 01/09/2020 - 12:13:09: Server cvar "sv_maxrate" = "50000"
L 01/09/2020 - 12:13:09: Server cvar "sv_maxspeed" = "900"
L 01/09/2020 - 12:13:09: Server cvar "sv_minrate" = "10000"
L 01/09/2020 - 12:13:09: Server cvar "sv_password" = ""
L 01/09/2020 - 12:13:09: Server cvar "sv_proxies" = "1"
L 01/09/2020 - 12:13:09: Server cvar "sv_restart" = "0"
L 01/09/2020 - 12:13:09: Server cvar "sv_restartround" = "0"
L 01/09/2020 - 12:13:09: Server cvar "sv_stepsize" = "18"
L 01/09/2020 - 12:13:09: Server cvar "sv_stopspeed" = "75"
L 01/09/2020 - 12:13:09: Server cvar "sv_uploadmax" = "0.5"
L 01/09/2020 - 12:13:09: Server cvar "sv_version" = "1.1.2.7/Stdio,48,1621"
L 01/09/2020 - 12:13:09: Server cvar "sv_voiceenable" = "1"
L 01/09/2020 - 12:13:09: Server cvar "sv_wateraccelerate" = "10"
L 01/09/2020 - 12:13:09: Server cvar "sv_waterfriction" = "1"
L 01/09/2020 - 12:13:09: Server cvar "Team_Semiclip_version" = "3.3.1"
L 01/09/2020 - 12:13:09: Server cvar "vehicle_real_killer" = "1.1"
L 01/09/2020 - 12:13:09: Server cvar "WalkGuard" = "1.3.2"
L 01/09/2020 - 12:13:09: Server cvar "we_grenades" = "Huehue"
L 01/09/2020 - 12:13:09: Server cvar "we_player_models" = "Huehue"
L 01/09/2020 - 12:13:09: Server cvar "whb_version" = "1.5.692"
L 01/09/2020 - 12:13:09: Server cvar "zp_jp_version" = "Extra Item Jetpack+Bazooka v3.2"
L 01/09/2020 - 12:13:09: Server cvars end
L 01/09/2020 - 12:13:11: Server cvar "mp_autoteambalance" = "1"
L 01/09/2020 - 12:13:11: Server cvar "mp_autoteambalance" = "0"
L 01/09/2020 - 12:13:11: Server cvar "amx_nextmap" = "[not yet voted on]"
L 01/09/2020 - 12:13:13: Started map "big_city" (CRC "-1756351155")
L 01/09/2020 - 12:13:15: World triggered "Round_Start"
L 01/09/2020 - 12:15:33: Team "TERRORIST" triggered "Hostages_Not_Rescued" (CT "0") (T "1")
L 01/09/2020 - 12:15:33: World triggered "Round_End"
L 01/09/2020 - 12:15:39: World triggered "Round_Start"
L 01/09/2020 - 12:17:12: Server cvar "amx_nextmap" = "de_airninja"
L 01/09/2020 - 12:17:57: Team "TERRORIST" triggered "Hostages_Not_Rescued" (CT "0") (T "2")
L 01/09/2020 - 12:17:57: World triggered "Round_End"
L 01/09/2020 - 12:18:03: World triggered "Round_Start"
L 01/09/2020 - 12:19:44: [REUNION]: [DEA].AIM.PALESTINE (82.205.68.148) authorized as RevEmu
L 01/09/2020 - 12:19:44: "[DEA].AIM.PALESTINE<47><STEAM_1:1:1316058917><>" connected, address "82.205.68.148:11192"
L 01/09/2020 - 12:20:21: Team "TERRORIST" triggered "Hostages_Not_Rescued" (CT "0") (T "3")
L 01/09/2020 - 12:20:21: World triggered "Round_End"
L 01/09/2020 - 12:20:27: World triggered "Round_Start"
L 01/09/2020 - 12:22:45: Team "TERRORIST" triggered "Hostages_Not_Rescued" (CT "0") (T "4")
L 01/09/2020 - 12:22:45: World triggered "Round_End"
L 01/09/2020 - 12:22:51: World triggered "Round_Start"
L 01/09/2020 - 12:24:27: [REUNION]: HuNt3r (188.255.184.74) authorized as RevEmu
L 01/09/2020 - 12:24:27: "HuNt3r<48><STEAM_1:1:1071071391><>" connected, address "188.255.184.74:27005"
L 01/09/2020 - 12:24:37: "HuNt3r<48><STEAM_1:1:1071071391><>" entered the game
L 01/09/2020 - 12:24:41: "HuNt3r<48><STEAM_1:1:1071071391><>" joined team "TERRORIST"
L 01/09/2020 - 12:25:09: Team "TERRORIST" triggered "Hostages_Not_Rescued" (CT "0") (T "4")
L 01/09/2020 - 12:25:09: World triggered "Round_End"
L 01/09/2020 - 12:25:15: World triggered "Round_Start"
L 01/09/2020 - 12:27:33: Team "TERRORIST" triggered "Hostages_Not_Rescued" (CT "0") (T "4")
L 01/09/2020 - 12:27:33: World triggered "Round_End"
L 01/09/2020 - 12:27:39: World triggered "Round_Start"
L 01/09/2020 - 12:29:05: "HuNt3r<48><STEAM_1:1:1071071391><TERRORIST>" disconnected
L 01/09/2020 - 12:29:05: World triggered "Round_Draw" (CT "0") (T "4")
L 01/09/2020 - 12:29:05: World triggered "Round_End"
L 01/09/2020 - 12:29:11: World triggered "Round_Start"
L 01/09/2020 - 12:29:53: [REUNION]: [DEA].AIM.PALESTINE (82.205.68.148) authorized as RevEmu
L 01/09/2020 - 12:29:53: "[DEA].AIM.PALESTINE<49><STEAM_1:1:1316058917><>" connected, address "82.205.68.148:11192"
L 01/09/2020 - 12:30:08: "[DEA].AIM.PALESTINE<49><STEAM_1:1:1316058917><>" entered the game
L 01/09/2020 - 12:30:13: "[DEA].AIM.PALESTINE<49><STEAM_1:1:1316058917><>" joined team "CT"
L 01/09/2020 - 12:31:29: Team "TERRORIST" triggered "Hostages_Not_Rescued" (CT "0") (T "4")
L 01/09/2020 - 12:31:29: World triggered "Round_End"
L 01/09/2020 - 12:31:35: World triggered "Round_Start"
L 01/09/2020 - 12:32:42: Server cvar "mp_timelimit" = "0.000000"
L 01/09/2020 - 12:33:30: "[DEA].AIM.PALESTINE<49><STEAM_1:1:1316058917><CT>" committed suicide with "world"
L 01/09/2020 - 12:33:30: World triggered "Round_Draw" (CT "0") (T "4")
L 01/09/2020 - 12:33:30: World triggered "Round_End"
L 01/09/2020 - 12:33:30: "[DEA].AIM.PALESTINE<49><STEAM_1:1:1316058917><CT>" joined team "SPECTATOR"
L 01/09/2020 - 12:33:36: World triggered "Round_Start"
L 01/09/2020 - 12:33:36: Server cvar "sv_maxspeed" = "0.000000"
L 01/09/2020 - 12:33:36: Server cvar "mp_friendlyfire" = "1"
L 01/09/2020 - 12:33:42: Server cvar "sv_maxspeed" = "900.000000"
L 01/09/2020 - 12:33:42: Server cvar "mp_friendlyfire" = "0"
L 01/09/2020 - 12:33:42: Server cvar "mp_timelimit" = "20.000000"
L 01/09/2020 - 12:33:42: [META] ini: Begin re-reading plugins list: /home/rented/public9/cstrike/addons/metamod/plugins.ini
L 01/09/2020 - 12:33:42: [META] ini: Read plugin config for: SafeNameAndChat
L 01/09/2020 - 12:33:42: [META] ini: Read plugin config for: AMX Mod X
L 01/09/2020 - 12:33:42: [META] ini: Read plugin config for: Reunion
L 01/09/2020 - 12:33:42: [META] ini: Read plugin config for: ReAuthCheck
L 01/09/2020 - 12:33:42: [META] ini: Read plugin config for: WHBlocker
L 01/09/2020 - 12:33:42: [META] ini: Read plugin config for: ReSemiclip
L 01/09/2020 - 12:33:42: [META] ini: Read plugin config for: Revoice
L 01/09/2020 - 12:33:42: [META] ini: Finished reading plugins list: /home/rented/public9/cstrike/addons/metamod/plugins.ini; Found 7 plugins
L 01/09/2020 - 12:33:42: [META] dll: Updating plugins...
L 01/09/2020 - 12:33:42: [META] WARNING: Cannot clear plugin 'SafeNameAndChat'; not marked as failed, empty, or open (status=valid)
L 01/09/2020 - 12:33:42: [META] dll: Unloaded plugin 'SafeNameAndChat' for reason 'file on disk is newer'
L 01/09/2020 - 12:33:42: [META] dll: Loaded plugin 'SafeNameAndChat': SafeNameAndChat v1.1 2017.02.01, WPMG.PRoSToC0der
L 01/09/2020 - 12:33:42: [META] WARNING: Cannot clear plugin 'WHBlocker'; not marked as failed, empty, or open (status=valid)
L 01/09/2020 - 12:33:42: [META] dll: Unloaded plugin 'WHBlocker' for reason 'file on disk is newer'
L 01/09/2020 - 12:33:42: [META] dll: Loaded plugin 'WHBlocker': WHBlocker v1.5.692 2017-04-13, s1lent
L 01/09/2020 - 12:33:42: [META] WARNING: Cannot clear plugin 'ReSemiclip'; not marked as failed, empty, or open (status=valid)
L 01/09/2020 - 12:33:42: [META] dll: Unloaded plugin 'ReSemiclip' for reason 'file on disk is newer'
L 01/09/2020 - 12:33:42: [META] dll: Loaded plugin 'ReSemiclip': ReSemiclip v2.3.9 13/02/17, s1lent & Adidasman
L 01/09/2020 - 12:33:42: [META] dll: Finished updating 14 plugins; kept 0, loaded 0, unloaded 0, reloaded 3, delayed 0
L 01/09/2020 - 12:33:42: "[DEA].AIM.PALESTINE<49><STEAM_1:1:1316058917><SPECTATOR>" disconnected
L 01/09/2020 - 12:33:42: World triggered "Round_Draw" (CT "0") (T "4")
L 01/09/2020 - 12:33:42: World triggered "Round_End"
L 01/09/2020 - 12:33:42: Log file closed
