L 01/03/2020 - 23:12:53: Log file started (file "logs/L0103091.log") (game "cstrike") (version "48/1.1.2.7/Stdio/1621")
L 01/03/2020 - 23:12:53: Loading map "de_eldorado"
L 01/03/2020 - 23:12:53: Server cvars start
L 01/03/2020 - 23:12:53: Server cvar "@BunnyHopper" = "3.x"
L 01/03/2020 - 23:12:53: Server cvar "@CRXGoSpec" = "1.1"
L 01/03/2020 - 23:12:53: Server cvar "@CRXRemoveImmunity" = "1.0"
L 01/03/2020 - 23:12:53: Server cvar "@D.I.C.E." = "1.1"
L 01/03/2020 - 23:12:53: Server cvar "@MOTDCommands" = "1.2"
L 01/03/2020 - 23:12:53: Server cvar "advanced_quake_sounds" = "5.0"
L 01/03/2020 - 23:12:53: Server cvar "AdvancedMute" = "1.0"
L 01/03/2020 - 23:12:53: Server cvar "aesp_version" = "1.3"
L 01/03/2020 - 23:12:53: Server cvar "allow_spectators" = "1.0"
L 01/03/2020 - 23:12:53: Server cvar "amx_client_languages" = "1"
L 01/03/2020 - 23:12:53: Server cvar "amx_language" = "en"
L 01/03/2020 - 23:12:53: Server cvar "amx_nextmap" = "de_eldorado"
L 01/03/2020 - 23:12:53: Server cvar "amx_ptb_version" = "1.8b3"
L 01/03/2020 - 23:12:53: Server cvar "amx_timeleft" = "00:00"
L 01/03/2020 - 23:12:53: Server cvar "amxmodx_version" = "1.8.2"
L 01/03/2020 - 23:12:53: Server cvar "amxxbg_vip" = "1.0"
L 01/03/2020 - 23:12:53: Server cvar "asp_version" = "4.5.1"
L 01/03/2020 - 23:12:53: Server cvar "atac_version" = "3.0.1"
L 01/03/2020 - 23:12:53: Server cvar "badcamper_version" = "1.4 beta"
L 01/03/2020 - 23:12:53: Server cvar "blockmaker" = "4.01"
L 01/03/2020 - 23:12:53: Server cvar "c4 timer" = "1.1"
L 01/03/2020 - 23:12:53: Server cvar "coop" = "0"
L 01/03/2020 - 23:12:53: Server cvar "CRXAdminGroups" = "1.0"
L 01/03/2020 - 23:12:53: Server cvar "CRXCommandRestrictions" = "1.0"
L 01/03/2020 - 23:12:53: Server cvar "CRXFastKnife" = "1.0"
L 01/03/2020 - 23:12:53: Server cvar "CRXGametracker" = "2.0"
L 01/03/2020 - 23:12:53: Server cvar "CRXKnifeModels" = "2.5.7"
L 01/03/2020 - 23:12:53: Server cvar "CRXTeamAdvantage" = "1.0"
L 01/03/2020 - 23:12:53: Server cvar "CustomShop" = "4.2"
L 01/03/2020 - 23:12:53: Server cvar "deathmatch" = "1"
L 01/03/2020 - 23:12:53: Server cvar "decalfrequency" = "0"
L 01/03/2020 - 23:12:53: Server cvar "edgefriction" = "2"
L 01/03/2020 - 23:12:53: Server cvar "ers_version" = "2.3c"
L 01/03/2020 - 23:12:53: Server cvar "gagsystem_shoko" = "1.0"
L 01/03/2020 - 23:12:53: Server cvar "gal_mapcyclefile" = "mapcycle.txt"
L 01/03/2020 - 23:12:53: Server cvar "gal_version" = "v5.9.1-926"
L 01/03/2020 - 23:12:53: Server cvar "game_version" = "5.7.0.313-dev"
L 01/03/2020 - 23:12:53: Server cvar "humans_join_team" = "any"
L 01/03/2020 - 23:12:53: Server cvar "jtp10181" = "chute,gore"
L 01/03/2020 - 23:12:53: Server cvar "lawliet" = "ny_RainingSnow"
L 01/03/2020 - 23:12:53: Server cvar "LetitSnow" = "1.0"
L 01/03/2020 - 23:12:53: Server cvar "map_spawns" = "T(16) CT(16)"
L 01/03/2020 - 23:12:53: Server cvar "max_queries_sec" = "3"
L 01/03/2020 - 23:12:53: Server cvar "max_queries_sec_global" = "150"
L 01/03/2020 - 23:12:53: Server cvar "max_queries_window" = "60"
L 01/03/2020 - 23:12:53: Server cvar "mdbBans" = "4.8"
L 01/03/2020 - 23:12:53: Server cvar "metamod_version" = "1.21p37"
L 01/03/2020 - 23:12:53: Server cvar "mp_autokick" = "0"
L 01/03/2020 - 23:12:53: Server cvar "mp_autokick_timeout" = "-1"
L 01/03/2020 - 23:12:53: Server cvar "mp_autoteambalance" = "0"
L 01/03/2020 - 23:12:53: Server cvar "mp_buytime" = "0.25"
L 01/03/2020 - 23:12:53: Server cvar "mp_c4timer" = "35"
L 01/03/2020 - 23:12:53: Server cvar "mp_chattime" = "10"
L 01/03/2020 - 23:12:53: Server cvar "mp_consistency" = "1"
L 01/03/2020 - 23:12:53: Server cvar "mp_fadetoblack" = "0"
L 01/03/2020 - 23:12:53: Server cvar "mp_flashlight" = "1"
L 01/03/2020 - 23:12:53: Server cvar "mp_footsteps" = "1"
L 01/03/2020 - 23:12:53: Server cvar "mp_forcecamera" = "0"
L 01/03/2020 - 23:12:53: Server cvar "mp_forcechasecam" = "0"
L 01/03/2020 - 23:12:53: Server cvar "mp_forcerespawn" = "0"
L 01/03/2020 - 23:12:53: Server cvar "mp_fraglimit" = "0"
L 01/03/2020 - 23:12:53: Server cvar "mp_fragsleft" = "0"
L 01/03/2020 - 23:12:53: Server cvar "mp_freeforall" = "0"
L 01/03/2020 - 23:12:53: Server cvar "mp_freezetime" = "1"
L 01/03/2020 - 23:12:53: Server cvar "mp_friendlyfire" = "0"
L 01/03/2020 - 23:12:53: Server cvar "mp_hostage_hurtable" = "1"
L 01/03/2020 - 23:12:53: Server cvar "mp_hostagepenalty" = "0"
L 01/03/2020 - 23:12:53: Server cvar "mp_item_staytime" = "300"
L 01/03/2020 - 23:12:53: Server cvar "mp_kickpercent" = "0.66"
L 01/03/2020 - 23:12:53: Server cvar "mp_legacy_bombtarget_touch" = "1"
L 01/03/2020 - 23:12:53: Server cvar "mp_limitteams" = "0"
L 01/03/2020 - 23:12:53: Server cvar "mp_logdetail" = "0"
L 01/03/2020 - 23:12:53: Server cvar "mp_logfile" = "1"
L 01/03/2020 - 23:12:53: Server cvar "mp_logmessages" = "1"
L 01/03/2020 - 23:12:53: Server cvar "mp_mapvoteratio" = "0.66"
L 01/03/2020 - 23:12:53: Server cvar "mp_maxmoney" = "999999"
L 01/03/2020 - 23:12:53: Server cvar "mp_maxrounds" = "0"
L 01/03/2020 - 23:12:53: Server cvar "mp_mirrordamage" = "0"
L 01/03/2020 - 23:12:53: Server cvar "mp_old_bomb_defused_sound" = "1"
L 01/03/2020 - 23:12:53: Server cvar "mp_playerid" = "0"
L 01/03/2020 - 23:12:53: Server cvar "mp_respawn_immunitytime" = "0"
L 01/03/2020 - 23:12:53: Server cvar "mp_round_infinite" = "0"
L 01/03/2020 - 23:12:53: Server cvar "mp_round_restart_delay" = "5"
L 01/03/2020 - 23:12:53: Server cvar "mp_roundover" = "0"
L 01/03/2020 - 23:12:53: Server cvar "mp_roundtime" = "2.3"
L 01/03/2020 - 23:12:53: Server cvar "mp_show_radioicon" = "1"
L 01/03/2020 - 23:12:53: Server cvar "mp_startmoney" = "850"
L 01/03/2020 - 23:12:53: Server cvar "mp_timeleft" = "00:00"
L 01/03/2020 - 23:12:53: Server cvar "mp_timelimit" = "20.000000"
L 01/03/2020 - 23:12:53: Server cvar "mp_tkpunish" = "0"
L 01/03/2020 - 23:12:53: Server cvar "mp_windifference" = "1"
L 01/03/2020 - 23:12:53: Server cvar "mp_winlimit" = "0"
L 01/03/2020 - 23:12:53: Server cvar "NoWeaponsOnGround" = "1.0"
L 01/03/2020 - 23:12:53: Server cvar "pausable" = "0"
L 01/03/2020 - 23:12:53: Server cvar "present_version" = "2.01"
L 01/03/2020 - 23:12:53: Server cvar "RandomHP" = "2.2"
L 01/03/2020 - 23:12:53: Server cvar "reauthcheck_version" = "0.1.6"
L 01/03/2020 - 23:12:53: Server cvar "reconnect_features" = "0.3.1"
L 01/03/2020 - 23:12:53: Server cvar "report_system_version" = "3.1"
L 01/03/2020 - 23:12:53: Server cvar "resemiclip_version" = "2.3.9"
L 01/03/2020 - 23:12:53: Server cvar "reu_version" = "0.1.0.130"
L 01/03/2020 - 23:12:53: Server cvar "revoice_version" = "0.1.0.30"
L 01/03/2020 - 23:12:53: Server cvar "RRWM" = "2.0"
L 01/03/2020 - 23:12:53: Server cvar "sanksounds_version" = "1.8.6"
L 01/03/2020 - 23:12:53: Server cvar "SimpleMenu" = "1.1"
L 01/03/2020 - 23:12:53: Server cvar "SNAC_Version" = "1.1"
L 01/03/2020 - 23:12:53: Server cvar "SpecList" = "1.2a"
L 01/03/2020 - 23:12:53: Server cvar "sr_version" = "1.6"
L 01/03/2020 - 23:12:53: Server cvar "statsx_shell_ver" = "2.0.0 (BETA)"
L 01/03/2020 - 23:12:53: Server cvar "StyleC4Timer" = "2.1"
L 01/03/2020 - 23:12:53: Server cvar "sv_accelerate" = "5"
L 01/03/2020 - 23:12:53: Server cvar "sv_aim" = "1"
L 01/03/2020 - 23:12:53: Server cvar "sv_airaccelerate" = "100"
L 01/03/2020 - 23:12:53: Server cvar "sv_allowupload" = "1"
L 01/03/2020 - 23:12:53: Server cvar "sv_alltalk" = "1"
L 01/03/2020 - 23:12:53: Server cvar "sv_bounce" = "1"
L 01/03/2020 - 23:12:53: Server cvar "sv_cheats" = "0"
L 01/03/2020 - 23:12:53: Server cvar "sv_clienttrace" = "1"
L 01/03/2020 - 23:12:53: Server cvar "sv_contact" = "feruchio599@gmail.com"
L 01/03/2020 - 23:12:53: Server cvar "sv_friction" = "4"
L 01/03/2020 - 23:12:53: Server cvar "sv_gravity" = "800"
L 01/03/2020 - 23:12:53: Server cvar "sv_logblocks" = "0"
L 01/03/2020 - 23:12:53: Server cvar "sv_maxrate" = "50000"
L 01/03/2020 - 23:12:53: Server cvar "sv_maxspeed" = "900.000000"
L 01/03/2020 - 23:12:53: Server cvar "sv_minrate" = "10000"
L 01/03/2020 - 23:12:53: Server cvar "sv_password" = ""
L 01/03/2020 - 23:12:53: Server cvar "sv_proxies" = "1"
L 01/03/2020 - 23:12:53: Server cvar "sv_restart" = "0"
L 01/03/2020 - 23:12:53: Server cvar "sv_restartround" = "0"
L 01/03/2020 - 23:12:53: Server cvar "sv_stepsize" = "18"
L 01/03/2020 - 23:12:53: Server cvar "sv_stopspeed" = "75"
L 01/03/2020 - 23:12:53: Server cvar "sv_uploadmax" = "0.5"
L 01/03/2020 - 23:12:53: Server cvar "sv_version" = "1.1.2.7/Stdio,48,1621"
L 01/03/2020 - 23:12:53: Server cvar "sv_voiceenable" = "1"
L 01/03/2020 - 23:12:53: Server cvar "sv_wateraccelerate" = "10"
L 01/03/2020 - 23:12:53: Server cvar "sv_waterfriction" = "1"
L 01/03/2020 - 23:12:53: Server cvar "Team_Semiclip_version" = "3.3.1"
L 01/03/2020 - 23:12:53: Server cvar "vehicle_real_killer" = "1.1"
L 01/03/2020 - 23:12:53: Server cvar "WalkGuard" = "1.3.2"
L 01/03/2020 - 23:12:53: Server cvar "we_grenades" = "Huehue"
L 01/03/2020 - 23:12:53: Server cvar "we_player_models" = "Huehue"
L 01/03/2020 - 23:12:53: Server cvar "whb_version" = "1.5.692"
L 01/03/2020 - 23:12:53: Server cvar "zp_jp_version" = "Extra Item Jetpack+Bazooka v3.2"
L 01/03/2020 - 23:12:53: Server cvars end
L 01/03/2020 - 23:12:56: Server cvar "sv_maxspeed" = "900"
L 01/03/2020 - 23:12:56: Server cvar "mp_autoteambalance" = "1"
L 01/03/2020 - 23:12:56: Server cvar "mp_timelimit" = "20"
L 01/03/2020 - 23:12:56: Server cvar "mp_autoteambalance" = "0"
L 01/03/2020 - 23:12:57: Server cvar "amx_nextmap" = "[not yet voted on]"
L 01/03/2020 - 23:12:58: Started map "de_eldorado" (CRC "107007239")
L 01/03/2020 - 23:13:00: World triggered "Round_Start"
L 01/03/2020 - 23:13:02: "Ludia :D<1><STEAM_1:0:186885685><>" entered the game
L 01/03/2020 - 23:13:03: "19 Panzerwaffe 14<7><VALVE_ID_LAN><>" entered the game
L 01/03/2020 - 23:13:04: "Ludia :D<1><STEAM_1:0:186885685><>" joined team "TERRORIST"
L 01/03/2020 - 23:13:05: "vis2<8><STEAM_1:0:889748961><>" entered the game
L 01/03/2020 - 23:13:06: "Ludia :D<1><STEAM_1:0:186885685><TERRORIST>" triggered "Spawned_With_The_Bomb"
L 01/03/2020 - 23:13:08: "vis2<8><STEAM_1:0:889748961><>" joined team "CT"
L 01/03/2020 - 23:13:08: World triggered "Game_Commencing"
L 01/03/2020 - 23:13:08: World triggered "Game_Commencing" (CT "0") (T "0")
L 01/03/2020 - 23:13:08: World triggered "Round_End"
L 01/03/2020 - 23:13:09: "19 Panzerwaffe 14<7><VALVE_ID_LAN><>" joined team "CT"
L 01/03/2020 - 23:13:11: "Ludia :D<1><STEAM_1:0:186885685><TERRORIST>" triggered "Spawned_With_The_Bomb"
L 01/03/2020 - 23:13:12: World triggered "Round_Start"
L 01/03/2020 - 23:13:23: "Ludia :D<1><STEAM_1:0:186885685><TERRORIST>" killed "vis2<8><STEAM_1:0:889748961><CT>" with "deagle"
L 01/03/2020 - 23:13:45: "19 Panzerwaffe 14<7><VALVE_ID_LAN><CT>" killed "Ludia :D<1><STEAM_1:0:186885685><TERRORIST>" with "deagle"
L 01/03/2020 - 23:13:45: Team "CT" triggered "CTs_Win" (CT "1") (T "0")
L 01/03/2020 - 23:13:45: World triggered "Round_End"
L 01/03/2020 - 23:13:50: "Ludia :D<1><STEAM_1:0:186885685><TERRORIST>" triggered "Spawned_With_The_Bomb"
L 01/03/2020 - 23:13:51: World triggered "Round_Start"
L 01/03/2020 - 23:14:05: "Ludia :D<1><STEAM_1:0:186885685><TERRORIST>" killed "19 Panzerwaffe 14<7><VALVE_ID_LAN><CT>" with "ak47"
L 01/03/2020 - 23:14:36: "vis2<8><STEAM_1:0:889748961><CT>" killed "Ludia :D<1><STEAM_1:0:186885685><TERRORIST>" with "deagle"
L 01/03/2020 - 23:14:36: Team "CT" triggered "CTs_Win" (CT "2") (T "0")
L 01/03/2020 - 23:14:36: World triggered "Round_End"
L 01/03/2020 - 23:14:41: "Ludia :D<1><STEAM_1:0:186885685><TERRORIST>" triggered "Spawned_With_The_Bomb"
L 01/03/2020 - 23:14:42: World triggered "Round_Start"
L 01/03/2020 - 23:15:03: "19 Panzerwaffe 14<7><VALVE_ID_LAN><CT>" killed "Ludia :D<1><STEAM_1:0:186885685><TERRORIST>" with "m4a1"
L 01/03/2020 - 23:15:03: Team "CT" triggered "CTs_Win" (CT "3") (T "0")
L 01/03/2020 - 23:15:03: World triggered "Round_End"
L 01/03/2020 - 23:15:08: "Ludia :D<1><STEAM_1:0:186885685><TERRORIST>" triggered "Spawned_With_The_Bomb"
L 01/03/2020 - 23:15:09: World triggered "Round_Start"
L 01/03/2020 - 23:15:22: "19 Panzerwaffe 14<7><VALVE_ID_LAN><CT>" killed "Ludia :D<1><STEAM_1:0:186885685><TERRORIST>" with "m4a1"
L 01/03/2020 - 23:15:22: Team "CT" triggered "CTs_Win" (CT "4") (T "0")
L 01/03/2020 - 23:15:22: World triggered "Round_End"
L 01/03/2020 - 23:15:27: "Ludia :D<1><STEAM_1:0:186885685><TERRORIST>" triggered "Spawned_With_The_Bomb"
L 01/03/2020 - 23:15:28: World triggered "Round_Start"
L 01/03/2020 - 23:15:40: "Ludia :D<1><STEAM_1:0:186885685><TERRORIST>" killed "19 Panzerwaffe 14<7><VALVE_ID_LAN><CT>" with "ak47"
L 01/03/2020 - 23:15:43: "vis2<8><STEAM_1:0:889748961><CT>" killed "Ludia :D<1><STEAM_1:0:186885685><TERRORIST>" with "m4a1"
L 01/03/2020 - 23:15:43: Team "CT" triggered "CTs_Win" (CT "5") (T "0")
L 01/03/2020 - 23:15:43: World triggered "Round_End"
L 01/03/2020 - 23:15:48: "Ludia :D<1><STEAM_1:0:186885685><TERRORIST>" triggered "Spawned_With_The_Bomb"
L 01/03/2020 - 23:15:49: World triggered "Round_Start"
L 01/03/2020 - 23:16:06: "19 Panzerwaffe 14<7><VALVE_ID_LAN><CT>" killed "Ludia :D<1><STEAM_1:0:186885685><TERRORIST>" with "aug"
L 01/03/2020 - 23:16:06: Team "CT" triggered "CTs_Win" (CT "6") (T "0")
L 01/03/2020 - 23:16:06: World triggered "Round_End"
L 01/03/2020 - 23:16:11: "Ludia :D<1><STEAM_1:0:186885685><TERRORIST>" triggered "Spawned_With_The_Bomb"
L 01/03/2020 - 23:16:12: World triggered "Round_Start"
L 01/03/2020 - 23:16:27: "Ludia :D<1><STEAM_1:0:186885685><TERRORIST>" killed "19 Panzerwaffe 14<7><VALVE_ID_LAN><CT>" with "ak47"
L 01/03/2020 - 23:16:33: "Ludia :D<1><STEAM_1:0:186885685><TERRORIST>" killed "vis2<8><STEAM_1:0:889748961><CT>" with "ak47"
L 01/03/2020 - 23:16:33: Team "TERRORIST" triggered "Terrorists_Win" (CT "6") (T "1")
L 01/03/2020 - 23:16:33: World triggered "Round_End"
L 01/03/2020 - 23:16:38: "Ludia :D<1><STEAM_1:0:186885685><TERRORIST>" triggered "Spawned_With_The_Bomb"
L 01/03/2020 - 23:16:39: World triggered "Round_Start"
L 01/03/2020 - 23:16:56: "Ludia :D<1><STEAM_1:0:186885685><TERRORIST>" killed "vis2<8><STEAM_1:0:889748961><CT>" with "ak47"
L 01/03/2020 - 23:16:58: "19 Panzerwaffe 14<7><VALVE_ID_LAN><CT>" killed "Ludia :D<1><STEAM_1:0:186885685><TERRORIST>" with "m4a1"
L 01/03/2020 - 23:16:58: Team "CT" triggered "CTs_Win" (CT "7") (T "1")
L 01/03/2020 - 23:16:58: World triggered "Round_End"
L 01/03/2020 - 23:17:03: "Ludia :D<1><STEAM_1:0:186885685><TERRORIST>" triggered "Spawned_With_The_Bomb"
L 01/03/2020 - 23:17:04: World triggered "Round_Start"
L 01/03/2020 - 23:17:24: "Ludia :D<1><STEAM_1:0:186885685><TERRORIST>" killed "19 Panzerwaffe 14<7><VALVE_ID_LAN><CT>" with "ak47"
L 01/03/2020 - 23:17:25: "vis2<8><STEAM_1:0:889748961><CT>" killed "Ludia :D<1><STEAM_1:0:186885685><TERRORIST>" with "deagle"
L 01/03/2020 - 23:17:25: Team "CT" triggered "CTs_Win" (CT "8") (T "1")
L 01/03/2020 - 23:17:25: World triggered "Round_End"
L 01/03/2020 - 23:17:30: "Ludia :D<1><STEAM_1:0:186885685><TERRORIST>" triggered "Spawned_With_The_Bomb"
L 01/03/2020 - 23:17:31: World triggered "Round_Start"
L 01/03/2020 - 23:17:43: "Ludia :D<1><STEAM_1:0:186885685><TERRORIST>" killed "19 Panzerwaffe 14<7><VALVE_ID_LAN><CT>" with "ak47"
L 01/03/2020 - 23:17:46: "vis2<8><STEAM_1:0:889748961><CT>" killed "Ludia :D<1><STEAM_1:0:186885685><TERRORIST>" with "deagle"
L 01/03/2020 - 23:17:46: Team "CT" triggered "CTs_Win" (CT "9") (T "1")
L 01/03/2020 - 23:17:46: World triggered "Round_End"
L 01/03/2020 - 23:17:51: "Ludia :D<1><STEAM_1:0:186885685><TERRORIST>" triggered "Spawned_With_The_Bomb"
L 01/03/2020 - 23:17:52: World triggered "Round_Start"
L 01/03/2020 - 23:18:13: "19 Panzerwaffe 14<7><VALVE_ID_LAN><CT>" killed "Ludia :D<1><STEAM_1:0:186885685><TERRORIST>" with "m4a1"
L 01/03/2020 - 23:18:13: Team "CT" triggered "CTs_Win" (CT "10") (T "1")
L 01/03/2020 - 23:18:13: World triggered "Round_End"
L 01/03/2020 - 23:18:18: "Ludia :D<1><STEAM_1:0:186885685><TERRORIST>" triggered "Spawned_With_The_Bomb"
L 01/03/2020 - 23:18:19: World triggered "Round_Start"
L 01/03/2020 - 23:18:30: "Ludia :D<1><STEAM_1:0:186885685><TERRORIST>" killed "19 Panzerwaffe 14<7><VALVE_ID_LAN><CT>" with "ak47"
L 01/03/2020 - 23:18:32: "Ludia :D<1><STEAM_1:0:186885685><TERRORIST>" killed "vis2<8><STEAM_1:0:889748961><CT>" with "ak47"
L 01/03/2020 - 23:18:32: Team "TERRORIST" triggered "Terrorists_Win" (CT "10") (T "2")
L 01/03/2020 - 23:18:32: World triggered "Round_End"
L 01/03/2020 - 23:18:37: "Ludia :D<1><STEAM_1:0:186885685><TERRORIST>" triggered "Spawned_With_The_Bomb"
L 01/03/2020 - 23:18:38: World triggered "Round_Start"
L 01/03/2020 - 23:18:54: "vis2<8><STEAM_1:0:889748961><CT>" killed "Ludia :D<1><STEAM_1:0:186885685><TERRORIST>" with "deagle"
L 01/03/2020 - 23:18:54: Team "CT" triggered "CTs_Win" (CT "11") (T "2")
L 01/03/2020 - 23:18:54: World triggered "Round_End"
L 01/03/2020 - 23:18:58: "Ludia :D<1><STEAM_1:0:186885685><TERRORIST>" triggered "Spawned_With_The_Bomb"
L 01/03/2020 - 23:18:59: World triggered "Round_Start"
L 01/03/2020 - 23:19:12: "19 Panzerwaffe 14<7><VALVE_ID_LAN><CT>" killed "Ludia :D<1><STEAM_1:0:186885685><TERRORIST>" with "m4a1"
L 01/03/2020 - 23:19:12: Team "CT" triggered "CTs_Win" (CT "12") (T "2")
L 01/03/2020 - 23:19:12: World triggered "Round_End"
L 01/03/2020 - 23:19:17: "Ludia :D<1><STEAM_1:0:186885685><TERRORIST>" triggered "Spawned_With_The_Bomb"
L 01/03/2020 - 23:19:18: World triggered "Round_Start"
L 01/03/2020 - 23:19:42: "H3ADROOM<10><STEAM_0:0:150924950><>" connected, address "176.105.192.208:52688"
L 01/03/2020 - 23:19:42: "H3ADROOM<10><STEAM_0:0:150924950><>" STEAM USERID validated
L 01/03/2020 - 23:19:50: "Ludia :D<1><STEAM_1:0:186885685><TERRORIST>" killed "vis2<8><STEAM_1:0:889748961><CT>" with "ak47"
L 01/03/2020 - 23:19:51: "19 Panzerwaffe 14<7><VALVE_ID_LAN><CT>" killed "Ludia :D<1><STEAM_1:0:186885685><TERRORIST>" with "ak47"
L 01/03/2020 - 23:19:51: Team "CT" triggered "CTs_Win" (CT "13") (T "2")
L 01/03/2020 - 23:19:51: World triggered "Round_End"
L 01/03/2020 - 23:19:56: "Ludia :D<1><STEAM_1:0:186885685><TERRORIST>" triggered "Spawned_With_The_Bomb"
L 01/03/2020 - 23:19:57: World triggered "Round_Start"
L 01/03/2020 - 23:19:58: "H3ADROOM<10><STEAM_0:0:150924950><>" entered the game
L 01/03/2020 - 23:20:06: "H3ADROOM<10><STEAM_0:0:150924950><>" joined team "CT"
L 01/03/2020 - 23:20:10: "19 Panzerwaffe 14<7><VALVE_ID_LAN><CT>" killed "Ludia :D<1><STEAM_1:0:186885685><TERRORIST>" with "awp"
L 01/03/2020 - 23:20:10: Team "CT" triggered "CTs_Win" (CT "14") (T "2")
L 01/03/2020 - 23:20:10: World triggered "Round_End"
L 01/03/2020 - 23:20:14: "19 Panzerwaffe 14<7><VALVE_ID_LAN><CT>" joined team "TERRORIST"
L 01/03/2020 - 23:20:14: "<><><>" triggered "amx_chat" (text "[PTB] Transfered 19 Panzerwaffe 14 to TERRORIST")
L 01/03/2020 - 23:20:15: "19 Panzerwaffe 14<7><VALVE_ID_LAN><TERRORIST>" triggered "Spawned_With_The_Bomb"
L 01/03/2020 - 23:20:16: World triggered "Round_Start"
L 01/03/2020 - 23:20:25: "H3ADROOM<10><STEAM_0:0:150924950><CT>" killed "Ludia :D<1><STEAM_1:0:186885685><TERRORIST>" with "aug"
L 01/03/2020 - 23:20:27: [REUNION]: unnamed (31.13.145.165) authorized as RevEmu
L 01/03/2020 - 23:20:27: "<11><STEAM_1:1:2140055920><>" connected, address "31.13.145.165:60865"
L 01/03/2020 - 23:20:32: "19 Panzerwaffe 14<7><VALVE_ID_LAN><TERRORIST>" killed "vis2<8><STEAM_1:0:889748961><CT>" with "awp"
L 01/03/2020 - 23:20:34: [REUNION]: Player (5.58.180.59) authorized as RevEmu
L 01/03/2020 - 23:20:34: "Player<12><STEAM_2:0:1886291632><>" connected, address "5.58.180.59:27005"
L 01/03/2020 - 23:21:22: "H3ADROOM<10><STEAM_0:0:150924950><CT>" killed "19 Panzerwaffe 14<7><VALVE_ID_LAN><TERRORIST>" with "aug"
L 01/03/2020 - 23:21:22: Team "CT" triggered "CTs_Win" (CT "15") (T "2")
L 01/03/2020 - 23:21:22: World triggered "Round_End"
L 01/03/2020 - 23:21:27: "Ludia :D<1><STEAM_1:0:186885685><TERRORIST>" triggered "Spawned_With_The_Bomb"
L 01/03/2020 - 23:21:28: World triggered "Round_Start"
L 01/03/2020 - 23:21:40: "H3ADROOM<10><STEAM_0:0:150924950><CT>" killed "Ludia :D<1><STEAM_1:0:186885685><TERRORIST>" with "deagle"
L 01/03/2020 - 23:21:40: "Ludia :D<1><STEAM_1:0:186885685><TERRORIST>" triggered "Dropped_The_Bomb"
L 01/03/2020 - 23:21:50: [REUNION]: unnamed (31.13.145.165) authorized as RevEmu
L 01/03/2020 - 23:21:50: "<13><STEAM_1:1:2140055920><>" connected, address "31.13.145.165:60865"
L 01/03/2020 - 23:21:56: "vis2<8><STEAM_1:0:889748961><CT>" killed "19 Panzerwaffe 14<7><VALVE_ID_LAN><TERRORIST>" with "m4a1"
L 01/03/2020 - 23:21:56: Team "CT" triggered "CTs_Win" (CT "16") (T "2")
L 01/03/2020 - 23:21:56: World triggered "Round_End"
L 01/03/2020 - 23:22:00: "vis2<8><STEAM_1:0:889748961><CT>" joined team "TERRORIST"
L 01/03/2020 - 23:22:00: "<><><>" triggered "amx_chat" (text "[PTB] Transfered vis2 to TERRORIST")
L 01/03/2020 - 23:22:01: "vis2<8><STEAM_1:0:889748961><TERRORIST>" triggered "Spawned_With_The_Bomb"
L 01/03/2020 - 23:22:02: World triggered "Round_Start"
L 01/03/2020 - 23:22:13: "H3ADROOM<10><STEAM_0:0:150924950><CT>" killed "Ludia :D<1><STEAM_1:0:186885685><TERRORIST>" with "ak47"
L 01/03/2020 - 23:22:19: "H3ADROOM<10><STEAM_0:0:150924950><CT>" killed "19 Panzerwaffe 14<7><VALVE_ID_LAN><TERRORIST>" with "ak47"
L 01/03/2020 - 23:22:26: "vis2<8><STEAM_1:0:889748961><TERRORIST>" killed "H3ADROOM<10><STEAM_0:0:150924950><CT>" with "m4a1"
L 01/03/2020 - 23:22:26: Team "TERRORIST" triggered "Terrorists_Win" (CT "16") (T "3")
L 01/03/2020 - 23:22:26: World triggered "Round_End"
L 01/03/2020 - 23:22:31: "H3ADROOM<10><STEAM_0:0:150924950><CT>" disconnected
L 01/03/2020 - 23:22:31: "19 Panzerwaffe 14<7><VALVE_ID_LAN><TERRORIST>" triggered "Spawned_With_The_Bomb"
L 01/03/2020 - 23:22:32: World triggered "Round_Start"
L 01/03/2020 - 23:22:38: "19 Panzerwaffe 14<7><VALVE_ID_LAN><TERRORIST>" committed suicide with "world"
L 01/03/2020 - 23:22:38: "19 Panzerwaffe 14<7><VALVE_ID_LAN><TERRORIST>" triggered "Dropped_The_Bomb"
L 01/03/2020 - 23:22:38: "19 Panzerwaffe 14<7><VALVE_ID_LAN><TERRORIST>" joined team "CT"
L 01/03/2020 - 23:22:39: World triggered "Game_Commencing"
L 01/03/2020 - 23:22:39: World triggered "Game_Commencing" (CT "16") (T "3")
L 01/03/2020 - 23:22:39: World triggered "Round_End"
L 01/03/2020 - 23:22:42: "Ludia :D<1><STEAM_1:0:186885685><TERRORIST>" triggered "Spawned_With_The_Bomb"
L 01/03/2020 - 23:22:43: World triggered "Round_Start"
L 01/03/2020 - 23:22:54: "19 Panzerwaffe 14<7><VALVE_ID_LAN><CT>" killed "Ludia :D<1><STEAM_1:0:186885685><TERRORIST>" with "deagle"
L 01/03/2020 - 23:22:54: "Ludia :D<1><STEAM_1:0:186885685><TERRORIST>" triggered "Dropped_The_Bomb"
L 01/03/2020 - 23:23:05: [REUNION]: Player (5.58.180.59) authorized as RevEmu
L 01/03/2020 - 23:23:05: "Player<14><STEAM_2:0:1886291632><>" connected, address "5.58.180.59:27005"
L 01/03/2020 - 23:23:08: "vis2<8><STEAM_1:0:889748961><TERRORIST>" killed "19 Panzerwaffe 14<7><VALVE_ID_LAN><CT>" with "deagle"
L 01/03/2020 - 23:23:08: Team "TERRORIST" triggered "Terrorists_Win" (CT "0") (T "1")
L 01/03/2020 - 23:23:08: World triggered "Round_End"
L 01/03/2020 - 23:23:13: "vis2<8><STEAM_1:0:889748961><TERRORIST>" triggered "Spawned_With_The_Bomb"
L 01/03/2020 - 23:23:14: World triggered "Round_Start"
L 01/03/2020 - 23:23:35: "vis2<8><STEAM_1:0:889748961><TERRORIST>" killed "19 Panzerwaffe 14<7><VALVE_ID_LAN><CT>" with "deagle"
L 01/03/2020 - 23:23:35: Team "TERRORIST" triggered "Terrorists_Win" (CT "0") (T "2")
L 01/03/2020 - 23:23:35: World triggered "Round_End"
L 01/03/2020 - 23:23:40: "Ludia :D<1><STEAM_1:0:186885685><TERRORIST>" triggered "Spawned_With_The_Bomb"
L 01/03/2020 - 23:23:41: World triggered "Round_Start"
L 01/03/2020 - 23:23:56: "xXMr.ONurXx_YT<15><STEAM_0:0:526678195><>" connected, address "84.54.153.154:26036"
L 01/03/2020 - 23:23:56: "xXMr.ONurXx_YT<15><STEAM_0:0:526678195><>" STEAM USERID validated
L 01/03/2020 - 23:23:59: "19 Panzerwaffe 14<7><VALVE_ID_LAN><CT>" killed "vis2<8><STEAM_1:0:889748961><TERRORIST>" with "m4a1"
L 01/03/2020 - 23:24:08: [REUNION]: unnamed (31.13.145.165) authorized as RevEmu
L 01/03/2020 - 23:24:08: "<16><STEAM_1:1:2140055920><>" connected, address "31.13.145.165:60867"
L 01/03/2020 - 23:24:09: "H3ADROOM<17><STEAM_0:0:150924950><>" connected, address "176.105.192.208:53314"
L 01/03/2020 - 23:24:09: "H3ADROOM<17><STEAM_0:0:150924950><>" STEAM USERID validated
L 01/03/2020 - 23:24:10: "Ludia :D<1><STEAM_1:0:186885685><TERRORIST>" killed "19 Panzerwaffe 14<7><VALVE_ID_LAN><CT>" with "ak47"
L 01/03/2020 - 23:24:10: Team "TERRORIST" triggered "Terrorists_Win" (CT "0") (T "3")
L 01/03/2020 - 23:24:10: World triggered "Round_End"
L 01/03/2020 - 23:24:12: "H3ADROOM<17><STEAM_0:0:150924950><>" entered the game
L 01/03/2020 - 23:24:15: "vis2<8><STEAM_1:0:889748961><TERRORIST>" joined team "CT"
L 01/03/2020 - 23:24:15: "<><><>" triggered "amx_chat" (text "[PTB] Transfered vis2 to CT")
L 01/03/2020 - 23:24:15: "Ludia :D<1><STEAM_1:0:186885685><TERRORIST>" triggered "Spawned_With_The_Bomb"
L 01/03/2020 - 23:24:16: World triggered "Round_Start"
L 01/03/2020 - 23:24:19: "H3ADROOM<17><STEAM_0:0:150924950><>" joined team "TERRORIST"
L 01/03/2020 - 23:24:30: "Ludia :D<1><STEAM_1:0:186885685><TERRORIST>" killed "19 Panzerwaffe 14<7><VALVE_ID_LAN><CT>" with "grenade"
L 01/03/2020 - 23:24:36: "Ludia :D<1><STEAM_1:0:186885685><TERRORIST>" killed "vis2<8><STEAM_1:0:889748961><CT>" with "mac10"
L 01/03/2020 - 23:24:36: Team "TERRORIST" triggered "Terrorists_Win" (CT "0") (T "4")
L 01/03/2020 - 23:24:36: World triggered "Round_End"
L 01/03/2020 - 23:24:41: "H3ADROOM<17><STEAM_0:0:150924950><TERRORIST>" triggered "Spawned_With_The_Bomb"
L 01/03/2020 - 23:24:42: World triggered "Round_Start"
L 01/03/2020 - 23:24:45: "unnamed<16><STEAM_1:1:2140055920><>" entered the game
L 01/03/2020 - 23:24:56: "H3ADROOM<17><STEAM_0:0:150924950><TERRORIST>" killed "vis2<8><STEAM_1:0:889748961><CT>" with "ak47"
L 01/03/2020 - 23:25:11: "H3ADROOM<17><STEAM_0:0:150924950><TERRORIST>" killed "19 Panzerwaffe 14<7><VALVE_ID_LAN><CT>" with "ak47"
L 01/03/2020 - 23:25:11: Team "TERRORIST" triggered "Terrorists_Win" (CT "0") (T "5")
L 01/03/2020 - 23:25:11: World triggered "Round_End"
L 01/03/2020 - 23:25:16: "Ludia :D<1><STEAM_1:0:186885685><TERRORIST>" joined team "CT"
L 01/03/2020 - 23:25:16: "<><><>" triggered "amx_chat" (text "[PTB] Transfered Ludia :D to CT")
L 01/03/2020 - 23:25:16: "H3ADROOM<17><STEAM_0:0:150924950><TERRORIST>" triggered "Spawned_With_The_Bomb"
L 01/03/2020 - 23:25:17: World triggered "Round_Start"
L 01/03/2020 - 23:25:23: "19 Panzerwaffe 14<7><VALVE_ID_LAN><CT>" committed suicide with "world"
L 01/03/2020 - 23:25:23: "19 Panzerwaffe 14<7><VALVE_ID_LAN><CT>" joined team "TERRORIST"
L 01/03/2020 - 23:25:40: "unnamed<16><STEAM_1:1:2140055920><>" joined team "SPECTATOR"
L 01/03/2020 - 23:25:46: [REUNION]: IP 193.42.110.171 banned for 10 minutes for query flooding (PPS: 331)
L 01/03/2020 - 23:25:50: "H3ADROOM<17><STEAM_0:0:150924950><TERRORIST>" killed "Ludia :D<1><STEAM_1:0:186885685><CT>" with "ak47"
L 01/03/2020 - 23:25:52: "H3ADROOM<17><STEAM_0:0:150924950><TERRORIST>" killed "vis2<8><STEAM_1:0:889748961><CT>" with "ak47"
L 01/03/2020 - 23:25:52: Team "TERRORIST" triggered "Terrorists_Win" (CT "0") (T "6")
L 01/03/2020 - 23:25:52: World triggered "Round_End"
L 01/03/2020 - 23:25:57: "H3ADROOM<17><STEAM_0:0:150924950><TERRORIST>" triggered "Spawned_With_The_Bomb"
L 01/03/2020 - 23:25:58: World triggered "Round_Start"
L 01/03/2020 - 23:26:01: "H3ADROOM<17><STEAM_0:0:150924950><TERRORIST>" triggered "Dropped_The_Bomb"
L 01/03/2020 - 23:26:03: "H3ADROOM<17><STEAM_0:0:150924950><TERRORIST>" triggered "Got_The_Bomb"
L 01/03/2020 - 23:26:11: "H3ADROOM<17><STEAM_0:0:150924950><TERRORIST>" killed "Ludia :D<1><STEAM_1:0:186885685><CT>" with "ak47"
L 01/03/2020 - 23:26:20: "vis2<8><STEAM_1:0:889748961><CT>" killed "19 Panzerwaffe 14<7><VALVE_ID_LAN><TERRORIST>" with "m4a1"
L 01/03/2020 - 23:26:36: "vis2<8><STEAM_1:0:889748961><CT>" killed "H3ADROOM<17><STEAM_0:0:150924950><TERRORIST>" with "m4a1"
L 01/03/2020 - 23:26:36: Team "CT" triggered "CTs_Win" (CT "1") (T "6")
L 01/03/2020 - 23:26:36: World triggered "Round_End"
L 01/03/2020 - 23:26:41: "19 Panzerwaffe 14<7><VALVE_ID_LAN><TERRORIST>" triggered "Spawned_With_The_Bomb"
L 01/03/2020 - 23:26:42: World triggered "Round_Start"
L 01/03/2020 - 23:26:52: "H3ADROOM<17><STEAM_0:0:150924950><TERRORIST>" killed "Ludia :D<1><STEAM_1:0:186885685><CT>" with "xm1014"
L 01/03/2020 - 23:26:59: "Player<14><STEAM_2:0:1886291632><>" entered the game
L 01/03/2020 - 23:27:10: "Player<14><STEAM_2:0:1886291632><>" joined team "TERRORIST"
L 01/03/2020 - 23:27:15: "vis2<8><STEAM_1:0:889748961><CT>" killed "H3ADROOM<17><STEAM_0:0:150924950><TERRORIST>" with "xm1014"
L 01/03/2020 - 23:27:17: "19 Panzerwaffe 14<7><VALVE_ID_LAN><TERRORIST>" killed "vis2<8><STEAM_1:0:889748961><CT>" with "elite"
L 01/03/2020 - 23:27:17: Team "TERRORIST" triggered "Terrorists_Win" (CT "1") (T "7")
L 01/03/2020 - 23:27:17: World triggered "Round_End"
L 01/03/2020 - 23:27:22: "Player<14><STEAM_2:0:1886291632><TERRORIST>" triggered "Spawned_With_The_Bomb"
L 01/03/2020 - 23:27:23: World triggered "Round_Start"
L 01/03/2020 - 23:27:39: "19 Panzerwaffe 14<7><VALVE_ID_LAN><TERRORIST>" killed "vis2<8><STEAM_1:0:889748961><CT>" with "ak47"
L 01/03/2020 - 23:27:41: "19 Panzerwaffe 14<7><VALVE_ID_LAN><TERRORIST>" killed "Ludia :D<1><STEAM_1:0:186885685><CT>" with "ak47"
L 01/03/2020 - 23:27:41: Team "TERRORIST" triggered "Terrorists_Win" (CT "1") (T "8")
L 01/03/2020 - 23:27:41: World triggered "Round_End"
L 01/03/2020 - 23:27:46: "19 Panzerwaffe 14<7><VALVE_ID_LAN><TERRORIST>" joined team "CT"
L 01/03/2020 - 23:27:46: "<><><>" triggered "amx_chat" (text "[PTB] Transfered 19 Panzerwaffe 14 to CT")
L 01/03/2020 - 23:27:46: "Player<14><STEAM_2:0:1886291632><TERRORIST>" triggered "Spawned_With_The_Bomb"
L 01/03/2020 - 23:27:47: World triggered "Round_Start"
L 01/03/2020 - 23:27:56: "vis2<8><STEAM_1:0:889748961><CT>" killed "Player<14><STEAM_2:0:1886291632><TERRORIST>" with "m4a1"
L 01/03/2020 - 23:27:56: "Player<14><STEAM_2:0:1886291632><TERRORIST>" triggered "Dropped_The_Bomb"
L 01/03/2020 - 23:28:03: "H3ADROOM<17><STEAM_0:0:150924950><TERRORIST>" killed "Ludia :D<1><STEAM_1:0:186885685><CT>" with "ak47"
L 01/03/2020 - 23:28:06: "vis2<8><STEAM_1:0:889748961><CT>" killed "H3ADROOM<17><STEAM_0:0:150924950><TERRORIST>" with "m4a1"
L 01/03/2020 - 23:28:06: Team "CT" triggered "CTs_Win" (CT "2") (T "8")
L 01/03/2020 - 23:28:06: World triggered "Round_End"
L 01/03/2020 - 23:28:09: "Sco7ch<18><STEAM_0:0:523417429><>" connected, address "85.0.231.88:27005"
L 01/03/2020 - 23:28:10: "Sco7ch<18><STEAM_0:0:523417429><>" STEAM USERID validated
L 01/03/2020 - 23:28:11: "H3ADROOM<17><STEAM_0:0:150924950><TERRORIST>" triggered "Spawned_With_The_Bomb"
L 01/03/2020 - 23:28:12: World triggered "Round_Start"
L 01/03/2020 - 23:28:15: "Sco7ch<18><STEAM_0:0:523417429><>" entered the game
L 01/03/2020 - 23:28:17: "Sco7ch<18><STEAM_0:0:523417429><>" joined team "TERRORIST"
L 01/03/2020 - 23:28:27: "Jason Statham<19><STEAM_0:1:65160151><>" connected, address "46.160.40.89:27005"
L 01/03/2020 - 23:28:27: "Jason Statham<19><STEAM_0:1:65160151><>" STEAM USERID validated
L 01/03/2020 - 23:28:28: "vis2<8><STEAM_1:0:889748961><CT>" killed "Sco7ch<18><STEAM_0:0:523417429><TERRORIST>" with "m4a1"
L 01/03/2020 - 23:28:29: "H3ADROOM<17><STEAM_0:0:150924950><TERRORIST>" killed "Ludia :D<1><STEAM_1:0:186885685><CT>" with "ak47"
L 01/03/2020 - 23:28:33: "Jason Statham<20><STEAM_0:1:65160151><>" connected, address "46.160.40.89:27005"
L 01/03/2020 - 23:28:33: "Jason Statham<20><STEAM_0:1:65160151><>" STEAM USERID validated
L 01/03/2020 - 23:28:38: "Jason Statham<20><STEAM_0:1:65160151><>" entered the game
L 01/03/2020 - 23:28:40: "Jason Statham<20><STEAM_0:1:65160151><>" joined team "CT"
L 01/03/2020 - 23:28:47: "19 Panzerwaffe 14<7><VALVE_ID_LAN><CT>" killed "H3ADROOM<17><STEAM_0:0:150924950><TERRORIST>" with "m4a1"
L 01/03/2020 - 23:28:47: "H3ADROOM<17><STEAM_0:0:150924950><TERRORIST>" triggered "Dropped_The_Bomb"
L 01/03/2020 - 23:28:51: "vis2<8><STEAM_1:0:889748961><CT>" killed "Player<14><STEAM_2:0:1886291632><TERRORIST>" with "m4a1"
L 01/03/2020 - 23:28:51: Team "CT" triggered "CTs_Win" (CT "3") (T "8")
L 01/03/2020 - 23:28:51: World triggered "Round_End"
L 01/03/2020 - 23:28:56: "Ludia :D<1><STEAM_1:0:186885685><CT>" joined team "TERRORIST"
L 01/03/2020 - 23:28:56: "<><><>" triggered "amx_chat" (text "[PTB] Transfered Ludia :D to TERRORIST")
L 01/03/2020 - 23:28:56: "Sco7ch<18><STEAM_0:0:523417429><TERRORIST>" triggered "Spawned_With_The_Bomb"
L 01/03/2020 - 23:28:57: World triggered "Round_Start"
L 01/03/2020 - 23:28:58: [REUNION]: cala221 (87.245.69.13) authorized as RevEmu
L 01/03/2020 - 23:28:58: "cala221<21><STEAM_1:1:110586922><>" connected, address "87.245.69.13:27005"
L 01/03/2020 - 23:29:02: [REUNION]: cala221 (87.245.69.13) authorized as RevEmu
L 01/03/2020 - 23:29:02: "cala221<22><STEAM_1:1:110586922><>" connected, address "87.245.69.13:27005"
L 01/03/2020 - 23:29:08: "H3ADROOM<17><STEAM_0:0:150924950><TERRORIST>" killed "19 Panzerwaffe 14<7><VALVE_ID_LAN><CT>" with "ak47"
L 01/03/2020 - 23:29:08: "cala221<22><STEAM_1:1:110586922><>" entered the game
L 01/03/2020 - 23:29:11: "cala221<22><STEAM_1:1:110586922><>" joined team "CT"
L 01/03/2020 - 23:29:14: "Jason Statham<20><STEAM_0:1:65160151><CT>" killed "Player<14><STEAM_2:0:1886291632><TERRORIST>" with "m4a1"
L 01/03/2020 - 23:29:15: "Ludia :D<1><STEAM_1:0:186885685><TERRORIST>" killed "cala221<22><STEAM_1:1:110586922><CT>" with "ak47"
L 01/03/2020 - 23:29:17: "Z1k<23><STEAM_0:1:52698078><>" connected, address "46.160.40.89:1024"
L 01/03/2020 - 23:29:17: "Z1k<23><STEAM_0:1:52698078><>" STEAM USERID validated
L 01/03/2020 - 23:29:18: "Sco7ch<18><STEAM_0:0:523417429><TERRORIST>" killed "vis2<8><STEAM_1:0:889748961><CT>" with "ak47"
L 01/03/2020 - 23:29:19: "Jason Statham<20><STEAM_0:1:65160151><CT>" killed "Sco7ch<18><STEAM_0:0:523417429><TERRORIST>" with "m4a1"
L 01/03/2020 - 23:29:19: "Sco7ch<18><STEAM_0:0:523417429><TERRORIST>" triggered "Dropped_The_Bomb"
L 01/03/2020 - 23:29:24: "Jason Statham<20><STEAM_0:1:65160151><CT>" killed "Ludia :D<1><STEAM_1:0:186885685><TERRORIST>" with "m4a1"
L 01/03/2020 - 23:29:31: "Z1k<24><STEAM_0:1:52698078><>" connected, address "46.160.40.89:1024"
L 01/03/2020 - 23:29:31: "Z1k<24><STEAM_0:1:52698078><>" STEAM USERID validated
L 01/03/2020 - 23:29:35: "H3ADROOM<17><STEAM_0:0:150924950><TERRORIST>" killed "Jason Statham<20><STEAM_0:1:65160151><CT>" with "grenade"
L 01/03/2020 - 23:29:35: Team "TERRORIST" triggered "Terrorists_Win" (CT "3") (T "9")
L 01/03/2020 - 23:29:35: World triggered "Round_End"
L 01/03/2020 - 23:29:39: "Егорь<25><STEAM_0:1:156837511><>" connected, address "2.93.232.196:27005"
L 01/03/2020 - 23:29:40: "Егорь<25><STEAM_0:1:156837511><>" STEAM USERID validated
L 01/03/2020 - 23:29:40: "H3ADROOM<17><STEAM_0:0:150924950><TERRORIST>" triggered "Spawned_With_The_Bomb"
L 01/03/2020 - 23:29:41: World triggered "Round_Start"
L 01/03/2020 - 23:29:41: "Z1k<24><STEAM_0:1:52698078><>" entered the game
L 01/03/2020 - 23:29:44: "Егорь<26><STEAM_0:1:156837511><>" connected, address "2.93.232.196:27005"
L 01/03/2020 - 23:29:44: "Егорь<26><STEAM_0:1:156837511><>" STEAM USERID validated
L 01/03/2020 - 23:29:48: "Z1k<24><STEAM_0:1:52698078><>" joined team "CT"
L 01/03/2020 - 23:29:52: "Егорь<26><STEAM_0:1:156837511><>" entered the game
L 01/03/2020 - 23:29:56: "Егорь<26><STEAM_0:1:156837511><>" joined team "TERRORIST"
L 01/03/2020 - 23:29:58: "cala221<22><STEAM_1:1:110586922><CT>" killed "Ludia :D<1><STEAM_1:0:186885685><TERRORIST>" with "awp"
L 01/03/2020 - 23:30:01: "Jason Statham<20><STEAM_0:1:65160151><CT>" killed "Player<14><STEAM_2:0:1886291632><TERRORIST>" with "awp"
L 01/03/2020 - 23:30:04: "Sco7ch<18><STEAM_0:0:523417429><TERRORIST>" killed "Jason Statham<20><STEAM_0:1:65160151><CT>" with "awp"
L 01/03/2020 - 23:30:09: "Егорь<26><STEAM_0:1:156837511><TERRORIST>" killed "19 Panzerwaffe 14<7><VALVE_ID_LAN><CT>" with "famas"
L 01/03/2020 - 23:30:09: "Z1k<24><STEAM_0:1:52698078><CT>" killed "Егорь<26><STEAM_0:1:156837511><TERRORIST>" with "aug"
L 01/03/2020 - 23:30:14: "Sco7ch<18><STEAM_0:0:523417429><TERRORIST>" killed "cala221<22><STEAM_1:1:110586922><CT>" with "awp"
L 01/03/2020 - 23:31:00: "H3ADROOM<17><STEAM_0:0:150924950><TERRORIST>" killed "vis2<8><STEAM_1:0:889748961><CT>" with "p228"
L 01/03/2020 - 23:31:02: "Sco7ch<18><STEAM_0:0:523417429><TERRORIST>" killed "Z1k<24><STEAM_0:1:52698078><CT>" with "awp"
L 01/03/2020 - 23:31:02: Team "TERRORIST" triggered "Terrorists_Win" (CT "3") (T "10")
L 01/03/2020 - 23:31:02: World triggered "Round_End"
L 01/03/2020 - 23:31:07: "Егорь<26><STEAM_0:1:156837511><TERRORIST>" triggered "Spawned_With_The_Bomb"
L 01/03/2020 - 23:31:08: World triggered "Round_Start"
L 01/03/2020 - 23:31:17: "H3ADROOM<17><STEAM_0:0:150924950><TERRORIST>" killed "Z1k<24><STEAM_0:1:52698078><CT>" with "ak47"
L 01/03/2020 - 23:31:19: "H3ADROOM<17><STEAM_0:0:150924950><TERRORIST>" killed "Jason Statham<20><STEAM_0:1:65160151><CT>" with "ak47"
L 01/03/2020 - 23:31:21: "Егорь<26><STEAM_0:1:156837511><TERRORIST>" killed "19 Panzerwaffe 14<7><VALVE_ID_LAN><CT>" with "ak47"
L 01/03/2020 - 23:31:21: "Егорь<26><STEAM_0:1:156837511><TERRORIST>" killed "cala221<22><STEAM_1:1:110586922><CT>" with "ak47"
L 01/03/2020 - 23:31:25: "vis2<8><STEAM_1:0:889748961><CT>" killed "Ludia :D<1><STEAM_1:0:186885685><TERRORIST>" with "m4a1"
L 01/03/2020 - 23:31:29: "H3ADROOM<17><STEAM_0:0:150924950><TERRORIST>" killed "vis2<8><STEAM_1:0:889748961><CT>" with "ak47"
L 01/03/2020 - 23:31:29: Team "TERRORIST" triggered "Terrorists_Win" (CT "3") (T "11")
L 01/03/2020 - 23:31:29: World triggered "Round_End"
L 01/03/2020 - 23:31:33: "Sco7ch<18><STEAM_0:0:523417429><TERRORIST>" joined team "CT"
L 01/03/2020 - 23:31:33: "<><><>" triggered "amx_chat" (text "[PTB] Transfered Sco7ch to CT")
L 01/03/2020 - 23:31:34: "Ludia :D<1><STEAM_1:0:186885685><TERRORIST>" triggered "Spawned_With_The_Bomb"
L 01/03/2020 - 23:31:34: "МЕГАПЫХАРЬ<27><STEAM_0:1:30770046><>" connected, address "213.141.129.246:27005"
L 01/03/2020 - 23:31:34: "МЕГАПЫХАРЬ<27><STEAM_0:1:30770046><>" STEAM USERID validated
L 01/03/2020 - 23:31:35: World triggered "Round_Start"
L 01/03/2020 - 23:31:44: "vis2<8><STEAM_1:0:889748961><CT>" killed "Ludia :D<1><STEAM_1:0:186885685><TERRORIST>" with "m4a1"
L 01/03/2020 - 23:31:44: "Ludia :D<1><STEAM_1:0:186885685><TERRORIST>" triggered "Dropped_The_Bomb"
L 01/03/2020 - 23:31:46: "Z1k<24><STEAM_0:1:52698078><CT>" killed "Player<14><STEAM_2:0:1886291632><TERRORIST>" with "deagle"
L 01/03/2020 - 23:31:49: "name1<28><STEAM_0:0:156582294><>" connected, address "188.170.82.214:56792"
L 01/03/2020 - 23:31:49: "Егорь<26><STEAM_0:1:156837511><TERRORIST>" killed "Jason Statham<20><STEAM_0:1:65160151><CT>" with "ak47"
L 01/03/2020 - 23:31:49: "name1<28><STEAM_0:0:156582294><>" STEAM USERID validated
L 01/03/2020 - 23:31:49: "H3ADROOM<17><STEAM_0:0:150924950><TERRORIST>" killed "Sco7ch<18><STEAM_0:0:523417429><CT>" with "ak47"
L 01/03/2020 - 23:31:52: "H3ADROOM<17><STEAM_0:0:150924950><TERRORIST>" killed "cala221<22><STEAM_1:1:110586922><CT>" with "ak47"
L 01/03/2020 - 23:31:56: "Егорь<26><STEAM_0:1:156837511><TERRORIST>" killed "19 Panzerwaffe 14<7><VALVE_ID_LAN><CT>" with "ak47"
L 01/03/2020 - 23:31:56: "Z1k<24><STEAM_0:1:52698078><CT>" killed "Егорь<26><STEAM_0:1:156837511><TERRORIST>" with "ak47"
L 01/03/2020 - 23:32:05: "H3ADROOM<17><STEAM_0:0:150924950><TERRORIST>" killed "vis2<8><STEAM_1:0:889748961><CT>" with "sg550"
L 01/03/2020 - 23:32:16: "H3ADROOM<17><STEAM_0:0:150924950><TERRORIST>" killed "Z1k<24><STEAM_0:1:52698078><CT>" with "sg550"
L 01/03/2020 - 23:32:16: Team "TERRORIST" triggered "Terrorists_Win" (CT "3") (T "12")
L 01/03/2020 - 23:32:16: World triggered "Round_End"
L 01/03/2020 - 23:32:18: "МЕГАПЫХАРЬ<29><STEAM_0:1:30770046><>" connected, address "213.141.129.246:27005"
L 01/03/2020 - 23:32:18: "МЕГАПЫХАРЬ<29><STEAM_0:1:30770046><>" STEAM USERID validated
L 01/03/2020 - 23:32:21: "Player<14><STEAM_2:0:1886291632><TERRORIST>" triggered "Spawned_With_The_Bomb"
L 01/03/2020 - 23:32:22: World triggered "Round_Start"
L 01/03/2020 - 23:32:25: "МЕГАПЫХАРЬ<29><STEAM_0:1:30770046><>" entered the game
L 01/03/2020 - 23:32:33: "19 Panzerwaffe 14<7><VALVE_ID_LAN><CT>" killed "Player<14><STEAM_2:0:1886291632><TERRORIST>" with "ump45"
L 01/03/2020 - 23:32:33: "Player<14><STEAM_2:0:1886291632><TERRORIST>" triggered "Dropped_The_Bomb"
L 01/03/2020 - 23:32:34: "19 Panzerwaffe 14<7><VALVE_ID_LAN><CT>" killed "H3ADROOM<17><STEAM_0:0:150924950><TERRORIST>" with "ump45"
L 01/03/2020 - 23:32:34: "Егорь<26><STEAM_0:1:156837511><TERRORIST>" killed "19 Panzerwaffe 14<7><VALVE_ID_LAN><CT>" with "ump45"
L 01/03/2020 - 23:32:35: "Егорь<26><STEAM_0:1:156837511><TERRORIST>" triggered "Got_The_Bomb"
L 01/03/2020 - 23:32:36: "Z1k<24><STEAM_0:1:52698078><CT>" killed "Егорь<26><STEAM_0:1:156837511><TERRORIST>" with "ump45"
L 01/03/2020 - 23:32:36: "Егорь<26><STEAM_0:1:156837511><TERRORIST>" triggered "Dropped_The_Bomb"
L 01/03/2020 - 23:32:38: "МЕГАПЫХАРЬ<29><STEAM_0:1:30770046><>" joined team "SPECTATOR"
L 01/03/2020 - 23:32:38: "Jason Statham<20><STEAM_0:1:65160151><CT>" killed "Ludia :D<1><STEAM_1:0:186885685><TERRORIST>" with "fiveseven"
L 01/03/2020 - 23:32:38: Team "CT" triggered "CTs_Win" (CT "4") (T "12")
L 01/03/2020 - 23:32:38: World triggered "Round_End"
L 01/03/2020 - 23:32:43: "H3ADROOM<17><STEAM_0:0:150924950><TERRORIST>" triggered "Spawned_With_The_Bomb"
L 01/03/2020 - 23:32:44: World triggered "Round_Start"
L 01/03/2020 - 23:32:56: "Z1k<24><STEAM_0:1:52698078><CT>" killed "Ludia :D<1><STEAM_1:0:186885685><TERRORIST>" with "ump45"
L 01/03/2020 - 23:32:56: "H3ADROOM<17><STEAM_0:0:150924950><TERRORIST>" killed "vis2<8><STEAM_1:0:889748961><CT>" with "ak47"
L 01/03/2020 - 23:33:00: "Егорь<26><STEAM_0:1:156837511><TERRORIST>" killed "Sco7ch<18><STEAM_0:0:523417429><CT>" with "ak47"
L 01/03/2020 - 23:33:01: "name1<30><STEAM_0:0:156582294><>" connected, address "188.170.82.214:56792"
L 01/03/2020 - 23:33:01: "name1<30><STEAM_0:0:156582294><>" STEAM USERID validated
L 01/03/2020 - 23:33:05: "Егорь<26><STEAM_0:1:156837511><TERRORIST>" killed "cala221<22><STEAM_1:1:110586922><CT>" with "ak47"
L 01/03/2020 - 23:33:07: "name1<30><STEAM_0:0:156582294><>" entered the game
L 01/03/2020 - 23:33:10: "Jason Statham<20><STEAM_0:1:65160151><CT>" killed "H3ADROOM<17><STEAM_0:0:150924950><TERRORIST>" with "m4a1"
L 01/03/2020 - 23:33:10: "H3ADROOM<17><STEAM_0:0:150924950><TERRORIST>" triggered "Dropped_The_Bomb"
L 01/03/2020 - 23:33:11: "19 Panzerwaffe 14<7><VALVE_ID_LAN><CT>" killed "Егорь<26><STEAM_0:1:156837511><TERRORIST>" with "m4a1"
L 01/03/2020 - 23:33:14: "name1<30><STEAM_0:0:156582294><>" joined team "TERRORIST"
L 01/03/2020 - 23:33:23: "Player<14><STEAM_2:0:1886291632><TERRORIST>" killed "19 Panzerwaffe 14<7><VALVE_ID_LAN><CT>" with "ak47"
L 01/03/2020 - 23:33:25: "Jason Statham<20><STEAM_0:1:65160151><CT>" killed "Player<14><STEAM_2:0:1886291632><TERRORIST>" with "m4a1"
L 01/03/2020 - 23:33:25: Team "CT" triggered "CTs_Win" (CT "5") (T "12")
L 01/03/2020 - 23:33:25: World triggered "Round_End"
L 01/03/2020 - 23:33:30: "Егорь<26><STEAM_0:1:156837511><TERRORIST>" triggered "Spawned_With_The_Bomb"
L 01/03/2020 - 23:33:31: World triggered "Round_Start"
L 01/03/2020 - 23:33:45: "Sco7ch<18><STEAM_0:0:523417429><CT>" killed "Player<14><STEAM_2:0:1886291632><TERRORIST>" with "awp"
L 01/03/2020 - 23:33:47: "Jason Statham<20><STEAM_0:1:65160151><CT>" killed "H3ADROOM<17><STEAM_0:0:150924950><TERRORIST>" with "awp"
L 01/03/2020 - 23:33:54: "Z1k<24><STEAM_0:1:52698078><CT>" killed "Егорь<26><STEAM_0:1:156837511><TERRORIST>" with "awp"
L 01/03/2020 - 23:33:54: "Егорь<26><STEAM_0:1:156837511><TERRORIST>" triggered "Dropped_The_Bomb"
L 01/03/2020 - 23:33:57: "vis2<8><STEAM_1:0:889748961><CT>" killed "name1<30><STEAM_0:0:156582294><TERRORIST>" with "awp"
L 01/03/2020 - 23:34:03: "Sco7ch<18><STEAM_0:0:523417429><CT>" killed "Ludia :D<1><STEAM_1:0:186885685><TERRORIST>" with "awp"
L 01/03/2020 - 23:34:03: Team "CT" triggered "CTs_Win" (CT "6") (T "12")
L 01/03/2020 - 23:34:03: World triggered "Round_End"
L 01/03/2020 - 23:34:08: "Jason Statham<20><STEAM_0:1:65160151><CT>" joined team "TERRORIST"
L 01/03/2020 - 23:34:08: "<><><>" triggered "amx_chat" (text "[PTB] Transfered Jason Statham to TERRORIST")
L 01/03/2020 - 23:34:08: "Егорь<26><STEAM_0:1:156837511><TERRORIST>" triggered "Spawned_With_The_Bomb"
L 01/03/2020 - 23:34:09: World triggered "Round_Start"
L 01/03/2020 - 23:34:18: "Ludia :D<1><STEAM_1:0:186885685><TERRORIST>" killed "Z1k<24><STEAM_0:1:52698078><CT>" with "ak47"
L 01/03/2020 - 23:34:20: "Егорь<26><STEAM_0:1:156837511><TERRORIST>" killed "19 Panzerwaffe 14<7><VALVE_ID_LAN><CT>" with "ak47"
L 01/03/2020 - 23:34:20: "Player<14><STEAM_2:0:1886291632><TERRORIST>" killed "vis2<8><STEAM_1:0:889748961><CT>" with "ak47"
L 01/03/2020 - 23:34:20: "Sco7ch<18><STEAM_0:0:523417429><CT>" killed "H3ADROOM<17><STEAM_0:0:150924950><TERRORIST>" with "awp"
L 01/03/2020 - 23:34:23: "Sco7ch<18><STEAM_0:0:523417429><CT>" killed "Егорь<26><STEAM_0:1:156837511><TERRORIST>" with "awp"
L 01/03/2020 - 23:34:23: "Егорь<26><STEAM_0:1:156837511><TERRORIST>" triggered "Dropped_The_Bomb"
L 01/03/2020 - 23:34:28: "Sco7ch<18><STEAM_0:0:523417429><CT>" killed "Player<14><STEAM_2:0:1886291632><TERRORIST>" with "deagle"
L 01/03/2020 - 23:34:35: "Ludia :D<1><STEAM_1:0:186885685><TERRORIST>" killed "Sco7ch<18><STEAM_0:0:523417429><CT>" with "ak47"
L 01/03/2020 - 23:34:36: "Ludia :D<1><STEAM_1:0:186885685><TERRORIST>" killed "cala221<22><STEAM_1:1:110586922><CT>" with "ak47"
L 01/03/2020 - 23:34:36: Team "TERRORIST" triggered "Terrorists_Win" (CT "6") (T "13")
L 01/03/2020 - 23:34:36: World triggered "Round_End"
L 01/03/2020 - 23:34:40: "Егорь<26><STEAM_0:1:156837511><TERRORIST>" joined team "CT"
L 01/03/2020 - 23:34:40: "<><><>" triggered "amx_chat" (text "[PTB] Transfered Егорь to CT")
L 01/03/2020 - 23:34:41: "Ludia :D<1><STEAM_1:0:186885685><TERRORIST>" triggered "Spawned_With_The_Bomb"
L 01/03/2020 - 23:34:42: World triggered "Round_Start"
L 01/03/2020 - 23:34:52: "Sco7ch<18><STEAM_0:0:523417429><CT>" killed "H3ADROOM<17><STEAM_0:0:150924950><TERRORIST>" with "m4a1"
L 01/03/2020 - 23:34:52: "Z1k<24><STEAM_0:1:52698078><CT>" killed "Ludia :D<1><STEAM_1:0:186885685><TERRORIST>" with "m4a1"
L 01/03/2020 - 23:34:52: "Ludia :D<1><STEAM_1:0:186885685><TERRORIST>" triggered "Dropped_The_Bomb"
L 01/03/2020 - 23:35:01: "Jason Statham<20><STEAM_0:1:65160151><TERRORIST>" killed "vis2<8><STEAM_1:0:889748961><CT>" with "awp"
L 01/03/2020 - 23:35:01: "19 Panzerwaffe 14<7><VALVE_ID_LAN><CT>" killed "Jason Statham<20><STEAM_0:1:65160151><TERRORIST>" with "m4a1"
L 01/03/2020 - 23:35:10: "МЕГАПЫХАРЬ<29><STEAM_0:1:30770046><SPECTATOR>" joined team "TERRORIST"
L 01/03/2020 - 23:35:11: "name1<30><STEAM_0:0:156582294><TERRORIST>" killed "Z1k<24><STEAM_0:1:52698078><CT>" with "ak47"
L 01/03/2020 - 23:35:19: "name1<30><STEAM_0:0:156582294><TERRORIST>" killed "19 Panzerwaffe 14<7><VALVE_ID_LAN><CT>" with "ak47"
L 01/03/2020 - 23:35:20: "Sco7ch<18><STEAM_0:0:523417429><CT>" killed "name1<30><STEAM_0:0:156582294><TERRORIST>" with "ak47"
L 01/03/2020 - 23:35:39: "Player<14><STEAM_2:0:1886291632><TERRORIST>" triggered "Got_The_Bomb"
L 01/03/2020 - 23:35:41: "Егорь<26><STEAM_0:1:156837511><CT>" killed "Player<14><STEAM_2:0:1886291632><TERRORIST>" with "m4a1"
L 01/03/2020 - 23:35:41: Team "CT" triggered "CTs_Win" (CT "7") (T "13")
L 01/03/2020 - 23:35:41: World triggered "Round_End"
L 01/03/2020 - 23:35:46: "Player<14><STEAM_2:0:1886291632><TERRORIST>" triggered "Spawned_With_The_Bomb"
L 01/03/2020 - 23:35:47: World triggered "Round_Start"
L 01/03/2020 - 23:35:56: "Sco7ch<18><STEAM_0:0:523417429><CT>" killed "Player<14><STEAM_2:0:1886291632><TERRORIST>" with "ak47"
L 01/03/2020 - 23:35:56: "Player<14><STEAM_2:0:1886291632><TERRORIST>" triggered "Dropped_The_Bomb"
L 01/03/2020 - 23:35:57: "Z1k<24><STEAM_0:1:52698078><CT>" killed "Jason Statham<20><STEAM_0:1:65160151><TERRORIST>" with "m4a1"
L 01/03/2020 - 23:35:57: "H3ADROOM<17><STEAM_0:0:150924950><TERRORIST>" killed "19 Panzerwaffe 14<7><VALVE_ID_LAN><CT>" with "ak47"
L 01/03/2020 - 23:36:00: "Егорь<26><STEAM_0:1:156837511><CT>" killed "H3ADROOM<17><STEAM_0:0:150924950><TERRORIST>" with "m4a1"
L 01/03/2020 - 23:36:02: "Егорь<26><STEAM_0:1:156837511><CT>" killed "name1<30><STEAM_0:0:156582294><TERRORIST>" with "m4a1"
L 01/03/2020 - 23:36:04: "Sco7ch<18><STEAM_0:0:523417429><CT>" killed "МЕГАПЫХАРЬ<29><STEAM_0:1:30770046><TERRORIST>" with "ak47"
L 01/03/2020 - 23:36:08: "Sco7ch<18><STEAM_0:0:523417429><CT>" killed "Ludia :D<1><STEAM_1:0:186885685><TERRORIST>" with "ak47"
L 01/03/2020 - 23:36:08: Team "CT" triggered "CTs_Win" (CT "8") (T "13")
L 01/03/2020 - 23:36:08: World triggered "Round_End"
L 01/03/2020 - 23:36:13: "H3ADROOM<17><STEAM_0:0:150924950><TERRORIST>" triggered "Spawned_With_The_Bomb"
L 01/03/2020 - 23:36:14: World triggered "Round_Start"
L 01/03/2020 - 23:36:25: "Егорь<26><STEAM_0:1:156837511><CT>" killed "МЕГАПЫХАРЬ<29><STEAM_0:1:30770046><TERRORIST>" with "ak47"
L 01/03/2020 - 23:36:27: "Ludia :D<1><STEAM_1:0:186885685><TERRORIST>" killed "19 Panzerwaffe 14<7><VALVE_ID_LAN><CT>" with "ak47"
L 01/03/2020 - 23:36:28: "Егорь<26><STEAM_0:1:156837511><CT>" killed "Jason Statham<20><STEAM_0:1:65160151><TERRORIST>" with "ak47"
L 01/03/2020 - 23:36:28: "Sco7ch<18><STEAM_0:0:523417429><CT>" killed "Ludia :D<1><STEAM_1:0:186885685><TERRORIST>" with "ak47"
L 01/03/2020 - 23:36:33: "H3ADROOM<17><STEAM_0:0:150924950><TERRORIST>" killed "Егорь<26><STEAM_0:1:156837511><CT>" with "ak47"
L 01/03/2020 - 23:36:36: "cala221<22><STEAM_1:1:110586922><CT>" killed "Player<14><STEAM_2:0:1886291632><TERRORIST>" with "ak47"
L 01/03/2020 - 23:36:40: "Z1k<24><STEAM_0:1:52698078><CT>" killed "name1<30><STEAM_0:0:156582294><TERRORIST>" with "m4a1"
L 01/03/2020 - 23:36:40: "H3ADROOM<17><STEAM_0:0:150924950><TERRORIST>" killed "Sco7ch<18><STEAM_0:0:523417429><CT>" with "ak47"
L 01/03/2020 - 23:36:44: "cala221<22><STEAM_1:1:110586922><CT>" killed "H3ADROOM<17><STEAM_0:0:150924950><TERRORIST>" with "ak47"
L 01/03/2020 - 23:36:44: Team "CT" triggered "CTs_Win" (CT "9") (T "13")
L 01/03/2020 - 23:36:44: World triggered "Round_End"
L 01/03/2020 - 23:36:49: "Jason Statham<20><STEAM_0:1:65160151><TERRORIST>" triggered "Spawned_With_The_Bomb"
L 01/03/2020 - 23:36:50: World triggered "Round_Start"
L 01/03/2020 - 23:36:59: "Sco7ch<18><STEAM_0:0:523417429><CT>" killed "H3ADROOM<17><STEAM_0:0:150924950><TERRORIST>" with "m4a1"
L 01/03/2020 - 23:37:04: "Егорь<26><STEAM_0:1:156837511><CT>" committed suicide with "worldspawn" (world)
L 01/03/2020 - 23:37:04: "name1<30><STEAM_0:0:156582294><TERRORIST>" killed "cala221<22><STEAM_1:1:110586922><CT>" with "ak47"
L 01/03/2020 - 23:37:08: "name1<30><STEAM_0:0:156582294><TERRORIST>" killed "Sco7ch<18><STEAM_0:0:523417429><CT>" with "ak47"
L 01/03/2020 - 23:37:10: "Ludia :D<1><STEAM_1:0:186885685><TERRORIST>" killed "19 Panzerwaffe 14<7><VALVE_ID_LAN><CT>" with "ak47"
L 01/03/2020 - 23:37:18: "name1<30><STEAM_0:0:156582294><TERRORIST>" killed "Z1k<24><STEAM_0:1:52698078><CT>" with "ak47"
L 01/03/2020 - 23:37:24: "Player<14><STEAM_2:0:1886291632><TERRORIST>" disconnected
L 01/03/2020 - 23:37:24: [REUNION]: Player (5.58.180.59) authorized as RevEmu
L 01/03/2020 - 23:37:24: "Player<31><STEAM_2:0:1886291632><>" connected, address "5.58.180.59:27005"
L 01/03/2020 - 23:37:30: "vis2<8><STEAM_1:0:889748961><CT>" killed "Jason Statham<20><STEAM_0:1:65160151><TERRORIST>" with "m4a1"
L 01/03/2020 - 23:37:30: "Jason Statham<20><STEAM_0:1:65160151><TERRORIST>" triggered "Dropped_The_Bomb"
L 01/03/2020 - 23:37:32: "Player<31><STEAM_2:0:1886291632><>" entered the game
L 01/03/2020 - 23:37:32: "name1<30><STEAM_0:0:156582294><TERRORIST>" killed "vis2<8><STEAM_1:0:889748961><CT>" with "ak47"
L 01/03/2020 - 23:37:32: Team "TERRORIST" triggered "Terrorists_Win" (CT "9") (T "14")
L 01/03/2020 - 23:37:32: World triggered "Round_End"
L 01/03/2020 - 23:37:37: "name1<30><STEAM_0:0:156582294><TERRORIST>" triggered "Spawned_With_The_Bomb"
L 01/03/2020 - 23:37:38: World triggered "Round_Start"
L 01/03/2020 - 23:37:45: "H3ADROOM<17><STEAM_0:0:150924950><TERRORIST>" killed "Егорь<26><STEAM_0:1:156837511><CT>" with "ak47"
L 01/03/2020 - 23:37:51: "19 Panzerwaffe 14<7><VALVE_ID_LAN><CT>" killed "Ludia :D<1><STEAM_1:0:186885685><TERRORIST>" with "m4a1"
L 01/03/2020 - 23:37:52: "19 Panzerwaffe 14<7><VALVE_ID_LAN><CT>" killed "Jason Statham<20><STEAM_0:1:65160151><TERRORIST>" with "m4a1"
L 01/03/2020 - 23:37:52: "name1<30><STEAM_0:0:156582294><TERRORIST>" killed "cala221<22><STEAM_1:1:110586922><CT>" with "ak47"
L 01/03/2020 - 23:37:58: "onur_ilqzov<32><STEAM_0:0:526678195><>" connected, address "84.54.153.154:25846"
L 01/03/2020 - 23:37:58: "onur_ilqzov<32><STEAM_0:0:526678195><>" STEAM USERID validated
L 01/03/2020 - 23:37:58: "Player<31><STEAM_2:0:1886291632><>" joined team "TERRORIST"
L 01/03/2020 - 23:37:58: "19 Panzerwaffe 14<7><VALVE_ID_LAN><CT>" killed "H3ADROOM<17><STEAM_0:0:150924950><TERRORIST>" with "m4a1"
L 01/03/2020 - 23:38:03: "МЕГАПЫХАРЬ<29><STEAM_0:1:30770046><TERRORIST>" killed "Sco7ch<18><STEAM_0:0:523417429><CT>" with "m4a1"
L 01/03/2020 - 23:38:05: "19 Panzerwaffe 14<7><VALVE_ID_LAN><CT>" killed "МЕГАПЫХАРЬ<29><STEAM_0:1:30770046><TERRORIST>" with "m4a1"
L 01/03/2020 - 23:38:06: "name1<30><STEAM_0:0:156582294><TERRORIST>" killed "19 Panzerwaffe 14<7><VALVE_ID_LAN><CT>" with "ak47"
L 01/03/2020 - 23:38:13: "vis2<8><STEAM_1:0:889748961><CT>" killed "name1<30><STEAM_0:0:156582294><TERRORIST>" with "m4a1"
L 01/03/2020 - 23:38:13: Team "CT" triggered "CTs_Win" (CT "10") (T "14")
L 01/03/2020 - 23:38:13: World triggered "Round_End"
L 01/03/2020 - 23:38:17: "onur_ilqzov<32><STEAM_0:0:526678195><>" entered the game
L 01/03/2020 - 23:38:18: "name1<30><STEAM_0:0:156582294><TERRORIST>" triggered "Spawned_With_The_Bomb"
L 01/03/2020 - 23:38:19: World triggered "Round_Start"
L 01/03/2020 - 23:38:19: "onur_ilqzov<32><STEAM_0:0:526678195><>" joined team "CT"
L 01/03/2020 - 23:38:24: "onur_ilqzov<32><STEAM_0:0:526678195><CT>" changed name to "xXMr.ONurXx_YT"
L 01/03/2020 - 23:38:31: "Sco7ch<18><STEAM_0:0:523417429><CT>" killed "Player<31><STEAM_2:0:1886291632><TERRORIST>" with "m4a1"
L 01/03/2020 - 23:38:31: "H3ADROOM<17><STEAM_0:0:150924950><TERRORIST>" killed "19 Panzerwaffe 14<7><VALVE_ID_LAN><CT>" with "ak47"
L 01/03/2020 - 23:38:35: "name1<30><STEAM_0:0:156582294><TERRORIST>" killed "cala221<22><STEAM_1:1:110586922><CT>" with "ak47"
L 01/03/2020 - 23:38:36: "МЕГАПЫХАРЬ<29><STEAM_0:1:30770046><TERRORIST>" disconnected
L 01/03/2020 - 23:38:42: "vis2<8><STEAM_1:0:889748961><CT>" killed "Ludia :D<1><STEAM_1:0:186885685><TERRORIST>" with "m4a1"
L 01/03/2020 - 23:38:47: "Jason Statham<20><STEAM_0:1:65160151><TERRORIST>" killed "Егорь<26><STEAM_0:1:156837511><CT>" with "sg552"
L 01/03/2020 - 23:38:51: "Sco7ch<18><STEAM_0:0:523417429><CT>" killed "Jason Statham<20><STEAM_0:1:65160151><TERRORIST>" with "m4a1"
L 01/03/2020 - 23:38:55: "H3ADROOM<17><STEAM_0:0:150924950><TERRORIST>" killed "Sco7ch<18><STEAM_0:0:523417429><CT>" with "ak47"
L 01/03/2020 - 23:39:00: "Z1k<24><STEAM_0:1:52698078><CT>" killed "name1<30><STEAM_0:0:156582294><TERRORIST>" with "m4a1"
L 01/03/2020 - 23:39:00: "name1<30><STEAM_0:0:156582294><TERRORIST>" triggered "Dropped_The_Bomb"
L 01/03/2020 - 23:39:02: "name1<30><STEAM_0:0:156582294><TERRORIST>" disconnected
L 01/03/2020 - 23:39:04: "H3ADROOM<17><STEAM_0:0:150924950><TERRORIST>" killed "vis2<8><STEAM_1:0:889748961><CT>" with "ak47"
L 01/03/2020 - 23:39:06: "unnamed<16><STEAM_1:1:2140055920><SPECTATOR>" joined team "TERRORIST"
L 01/03/2020 - 23:39:08: "Z1k<24><STEAM_0:1:52698078><CT>" killed "H3ADROOM<17><STEAM_0:0:150924950><TERRORIST>" with "m4a1"
L 01/03/2020 - 23:39:08: Team "CT" triggered "CTs_Win" (CT "11") (T "14")
L 01/03/2020 - 23:39:08: World triggered "Round_End"
L 01/03/2020 - 23:39:13: "Sco7ch<18><STEAM_0:0:523417429><CT>" joined team "TERRORIST"
L 01/03/2020 - 23:39:13: "<><><>" triggered "amx_chat" (text "[PTB] Transfered Sco7ch to TERRORIST")
L 01/03/2020 - 23:39:13: "Ludia :D<1><STEAM_1:0:186885685><TERRORIST>" triggered "Spawned_With_The_Bomb"
L 01/03/2020 - 23:39:14: World triggered "Round_Start"
L 01/03/2020 - 23:39:22: "Егорь<26><STEAM_0:1:156837511><CT>" killed "Player<31><STEAM_2:0:1886291632><TERRORIST>" with "m4a1"
L 01/03/2020 - 23:39:22: "Sco7ch<18><STEAM_0:0:523417429><TERRORIST>" killed "Егорь<26><STEAM_0:1:156837511><CT>" with "ak47"
L 01/03/2020 - 23:39:23: "H3ADROOM<17><STEAM_0:0:150924950><TERRORIST>" killed "cala221<22><STEAM_1:1:110586922><CT>" with "ak47"
L 01/03/2020 - 23:39:27: "19 Panzerwaffe 14<7><VALVE_ID_LAN><CT>" killed "H3ADROOM<17><STEAM_0:0:150924950><TERRORIST>" with "m4a1"
L 01/03/2020 - 23:39:36: "Sco7ch<18><STEAM_0:0:523417429><TERRORIST>" killed "19 Panzerwaffe 14<7><VALVE_ID_LAN><CT>" with "ak47"
L 01/03/2020 - 23:39:46: "Z1k<24><STEAM_0:1:52698078><CT>" killed "Jason Statham<20><STEAM_0:1:65160151><TERRORIST>" with "m4a1"
L 01/03/2020 - 23:39:47: "unnamed<16><STEAM_1:1:2140055920><TERRORIST>" killed "Z1k<24><STEAM_0:1:52698078><CT>" with "ak47"
L 01/03/2020 - 23:39:50: "unnamed<16><STEAM_1:1:2140055920><TERRORIST>" killed "vis2<8><STEAM_1:0:889748961><CT>" with "ak47"
L 01/03/2020 - 23:40:07: "Ludia :D<1><STEAM_1:0:186885685><TERRORIST>" killed "xXMr.ONurXx_YT<32><STEAM_0:0:526678195><CT>" with "ak47"
L 01/03/2020 - 23:40:07: Team "TERRORIST" triggered "Terrorists_Win" (CT "11") (T "15")
L 01/03/2020 - 23:40:07: World triggered "Round_End"
L 01/03/2020 - 23:40:12: "Player<31><STEAM_2:0:1886291632><TERRORIST>" triggered "Spawned_With_The_Bomb"
L 01/03/2020 - 23:40:13: World triggered "Round_Start"
L 01/03/2020 - 23:40:32: "Jason Statham<20><STEAM_0:1:65160151><TERRORIST>" killed "19 Panzerwaffe 14<7><VALVE_ID_LAN><CT>" with "ak47"
L 01/03/2020 - 23:40:34: "Ludia :D<1><STEAM_1:0:186885685><TERRORIST>" killed "xXMr.ONurXx_YT<32><STEAM_0:0:526678195><CT>" with "ak47"
L 01/03/2020 - 23:40:34: "Ludia :D<1><STEAM_1:0:186885685><TERRORIST>" killed "cala221<22><STEAM_1:1:110586922><CT>" with "ak47"
L 01/03/2020 - 23:40:35: "Егорь<26><STEAM_0:1:156837511><CT>" killed "Ludia :D<1><STEAM_1:0:186885685><TERRORIST>" with "m4a1"
L 01/03/2020 - 23:40:38: "unnamed<16><STEAM_1:1:2140055920><TERRORIST>" killed "vis2<8><STEAM_1:0:889748961><CT>" with "ak47"
L 01/03/2020 - 23:40:44: "Sco7ch<18><STEAM_0:0:523417429><TERRORIST>" killed "Егорь<26><STEAM_0:1:156837511><CT>" with "ak47"
L 01/03/2020 - 23:40:48: "H3ADROOM<17><STEAM_0:0:150924950><TERRORIST>" killed "Z1k<24><STEAM_0:1:52698078><CT>" with "ak47"
L 01/03/2020 - 23:40:48: Team "TERRORIST" triggered "Terrorists_Win" (CT "11") (T "16")
L 01/03/2020 - 23:40:48: World triggered "Round_End"
L 01/03/2020 - 23:40:50: Kick: "19 Panzerwaffe 14<7><VALVE_ID_LAN><>" was kicked by "Console" (message ""You have been Kicked for Spamming"")
L 01/03/2020 - 23:40:50: "19 Panzerwaffe 14<7><VALVE_ID_LAN><CT>" disconnected
L 01/03/2020 - 23:40:52: "H3ADROOM<17><STEAM_0:0:150924950><TERRORIST>" joined team "CT"
L 01/03/2020 - 23:40:52: "<><><>" triggered "amx_chat" (text "[PTB] Transfered H3ADROOM to CT")
L 01/03/2020 - 23:40:53: "Sco7ch<18><STEAM_0:0:523417429><TERRORIST>" triggered "Spawned_With_The_Bomb"
L 01/03/2020 - 23:40:54: World triggered "Round_Start"
L 01/03/2020 - 23:40:55: "H3ADROOM<17><STEAM_0:0:150924950><CT>" committed suicide with "world"
L 01/03/2020 - 23:40:55: "H3ADROOM<17><STEAM_0:0:150924950><CT>" joined team "TERRORIST"
L 01/03/2020 - 23:41:08: "Егорь<26><STEAM_0:1:156837511><CT>" killed "Sco7ch<18><STEAM_0:0:523417429><TERRORIST>" with "m4a1"
L 01/03/2020 - 23:41:08: "Sco7ch<18><STEAM_0:0:523417429><TERRORIST>" triggered "Dropped_The_Bomb"
L 01/03/2020 - 23:41:10: "xXMr.ONurXx_YT<32><STEAM_0:0:526678195><CT>" killed "Ludia :D<1><STEAM_1:0:186885685><TERRORIST>" with "deagle"
L 01/03/2020 - 23:41:10: "Z1k<24><STEAM_0:1:52698078><CT>" killed "unnamed<16><STEAM_1:1:2140055920><TERRORIST>" with "m4a1"
L 01/03/2020 - 23:41:11: "Player<31><STEAM_2:0:1886291632><TERRORIST>" killed "xXMr.ONurXx_YT<32><STEAM_0:0:526678195><CT>" with "ak47"
L 01/03/2020 - 23:41:13: "Player<31><STEAM_2:0:1886291632><TERRORIST>" killed "cala221<22><STEAM_1:1:110586922><CT>" with "ak47"
L 01/03/2020 - 23:41:14: "Jason Statham<20><STEAM_0:1:65160151><TERRORIST>" killed "Z1k<24><STEAM_0:1:52698078><CT>" with "ak47"
L 01/03/2020 - 23:41:26: "vis2<8><STEAM_1:0:889748961><CT>" killed "Player<31><STEAM_2:0:1886291632><TERRORIST>" with "deagle"
L 01/03/2020 - 23:41:32: [REUNION]: 19 Panzerwaffe 14 (77.76.47.141) authorized as NoSteam47
L 01/03/2020 - 23:41:32: "19 Panzerwaffe 14<33><VALVE_ID_LAN><>" connected, address "77.76.47.141:27005"
L 01/03/2020 - 23:41:37: "19 Panzerwaffe 14<33><VALVE_ID_LAN><>" entered the game
L 01/03/2020 - 23:41:41: "Jason Statham<20><STEAM_0:1:65160151><TERRORIST>" killed "vis2<8><STEAM_1:0:889748961><CT>" with "ak47"
L 01/03/2020 - 23:41:43: "19 Panzerwaffe 14<33><VALVE_ID_LAN><>" joined team "TERRORIST"
L 01/03/2020 - 23:42:01: "Jason Statham<20><STEAM_0:1:65160151><TERRORIST>" killed "Егорь<26><STEAM_0:1:156837511><CT>" with "knife"
L 01/03/2020 - 23:42:01: Team "TERRORIST" triggered "Terrorists_Win" (CT "11") (T "17")
L 01/03/2020 - 23:42:01: World triggered "Round_End"
L 01/03/2020 - 23:42:03: Server cvar "amx_nextmap" = "city_of_roadrage"
L 01/03/2020 - 23:42:06: "unnamed<16><STEAM_1:1:2140055920><TERRORIST>" joined team "CT"
L 01/03/2020 - 23:42:06: "<><><>" triggered "amx_chat" (text "[PTB] Transfered unnamed to CT")
L 01/03/2020 - 23:42:06: "Sco7ch<18><STEAM_0:0:523417429><TERRORIST>" triggered "Spawned_With_The_Bomb"
L 01/03/2020 - 23:42:07: World triggered "Round_Start"
L 01/03/2020 - 23:42:10: "cala221<22><STEAM_1:1:110586922><CT>" committed suicide with "world"
L 01/03/2020 - 23:42:10: "cala221<22><STEAM_1:1:110586922><CT>" joined team "SPECTATOR"
L 01/03/2020 - 23:42:12: Server cvar "mp_timelimit" = "0.000000"
L 01/03/2020 - 23:42:15: "Player<31><STEAM_2:0:1886291632><TERRORIST>" killed "vis2<8><STEAM_1:0:889748961><CT>" with "ak47"
L 01/03/2020 - 23:42:15: "Sco7ch<18><STEAM_0:0:523417429><TERRORIST>" killed "Егорь<26><STEAM_0:1:156837511><CT>" with "ak47"
L 01/03/2020 - 23:42:17: "unnamed<16><STEAM_1:1:2140055920><CT>" killed "19 Panzerwaffe 14<33><VALVE_ID_LAN><TERRORIST>" with "deagle"
L 01/03/2020 - 23:42:20: "Sco7ch<18><STEAM_0:0:523417429><TERRORIST>" killed "xXMr.ONurXx_YT<32><STEAM_0:0:526678195><CT>" with "ak47"
L 01/03/2020 - 23:42:22: "Sco7ch<18><STEAM_0:0:523417429><TERRORIST>" killed "unnamed<16><STEAM_1:1:2140055920><CT>" with "ak47"
L 01/03/2020 - 23:42:24: "Z1k<24><STEAM_0:1:52698078><CT>" killed "Sco7ch<18><STEAM_0:0:523417429><TERRORIST>" with "m4a1"
L 01/03/2020 - 23:42:24: "Sco7ch<18><STEAM_0:0:523417429><TERRORIST>" triggered "Dropped_The_Bomb"
L 01/03/2020 - 23:42:28: [REUNION]: IP 193.42.110.171 banned for 10 minutes for query flooding (PPS: 326)
L 01/03/2020 - 23:42:33: "Player<31><STEAM_2:0:1886291632><TERRORIST>" killed "Z1k<24><STEAM_0:1:52698078><CT>" with "ak47"
L 01/03/2020 - 23:42:33: Team "TERRORIST" triggered "Terrorists_Win" (CT "11") (T "18")
L 01/03/2020 - 23:42:33: World triggered "Round_End"
L 01/03/2020 - 23:42:38: "H3ADROOM<17><STEAM_0:0:150924950><TERRORIST>" triggered "Spawned_With_The_Bomb"
L 01/03/2020 - 23:42:39: World triggered "Round_Start"
L 01/03/2020 - 23:42:39: Server cvar "sv_maxspeed" = "0.000000"
L 01/03/2020 - 23:42:39: Server cvar "mp_friendlyfire" = "1"
L 01/03/2020 - 23:42:41: "Ludia :D<1><STEAM_1:0:186885685><TERRORIST>" killed "19 Panzerwaffe 14<33><VALVE_ID_LAN><TERRORIST>" with "ak47"
L 01/03/2020 - 23:42:43: "Player<31><STEAM_2:0:1886291632><TERRORIST>" killed "Sco7ch<18><STEAM_0:0:523417429><TERRORIST>" with "ak47"
L 01/03/2020 - 23:42:44: "Ludia :D<1><STEAM_1:0:186885685><TERRORIST>" killed "Jason Statham<20><STEAM_0:1:65160151><TERRORIST>" with "ak47"
L 01/03/2020 - 23:42:46: "Z1k<24><STEAM_0:1:52698078><CT>" killed "xXMr.ONurXx_YT<32><STEAM_0:0:526678195><CT>" with "m4a1"
L 01/03/2020 - 23:42:48: "Z1k<24><STEAM_0:1:52698078><CT>" killed "unnamed<16><STEAM_1:1:2140055920><CT>" with "m4a1"
L 01/03/2020 - 23:42:48: "H3ADROOM<17><STEAM_0:0:150924950><TERRORIST>" killed "vis2<8><STEAM_1:0:889748961><CT>" with "ak47"
L 01/03/2020 - 23:42:50: "Z1k<24><STEAM_0:1:52698078><CT>" committed suicide with "world"
L 01/03/2020 - 23:42:51: Server cvar "sv_maxspeed" = "900.000000"
L 01/03/2020 - 23:42:51: Server cvar "mp_friendlyfire" = "0"
L 01/03/2020 - 23:42:51: Server cvar "mp_timelimit" = "20.000000"
L 01/03/2020 - 23:42:51: [META] ini: Begin re-reading plugins list: /home/rented/public9/cstrike/addons/metamod/plugins.ini
L 01/03/2020 - 23:42:51: [META] ini: Read plugin config for: SafeNameAndChat
L 01/03/2020 - 23:42:51: [META] ini: Read plugin config for: AMX Mod X
L 01/03/2020 - 23:42:51: [META] ini: Read plugin config for: Reunion
L 01/03/2020 - 23:42:51: [META] ini: Read plugin config for: ReAuthCheck
L 01/03/2020 - 23:42:51: [META] ini: Read plugin config for: WHBlocker
L 01/03/2020 - 23:42:51: [META] ini: Read plugin config for: ReSemiclip
L 01/03/2020 - 23:42:51: [META] ini: Read plugin config for: Revoice
L 01/03/2020 - 23:42:51: [META] ini: Finished reading plugins list: /home/rented/public9/cstrike/addons/metamod/plugins.ini; Found 7 plugins
L 01/03/2020 - 23:42:51: [META] dll: Updating plugins...
L 01/03/2020 - 23:42:51: [META] WARNING: Cannot clear plugin 'SafeNameAndChat'; not marked as failed, empty, or open (status=valid)
L 01/03/2020 - 23:42:51: [META] dll: Unloaded plugin 'SafeNameAndChat' for reason 'file on disk is newer'
L 01/03/2020 - 23:42:51: [META] dll: Loaded plugin 'SafeNameAndChat': SafeNameAndChat v1.1 2017.02.01, WPMG.PRoSToC0der
L 01/03/2020 - 23:42:51: [META] WARNING: Cannot clear plugin 'WHBlocker'; not marked as failed, empty, or open (status=valid)
L 01/03/2020 - 23:42:51: [META] dll: Unloaded plugin 'WHBlocker' for reason 'file on disk is newer'
L 01/03/2020 - 23:42:51: [META] dll: Loaded plugin 'WHBlocker': WHBlocker v1.5.692 2017-04-13, s1lent
L 01/03/2020 - 23:42:51: [META] WARNING: Cannot clear plugin 'ReSemiclip'; not marked as failed, empty, or open (status=valid)
L 01/03/2020 - 23:42:51: [META] dll: Unloaded plugin 'ReSemiclip' for reason 'file on disk is newer'
L 01/03/2020 - 23:42:51: [META] dll: Loaded plugin 'ReSemiclip': ReSemiclip v2.3.9 13/02/17, s1lent & Adidasman
L 01/03/2020 - 23:42:51: [META] dll: Finished updating 14 plugins; kept 0, loaded 0, unloaded 0, reloaded 3, delayed 0
L 01/03/2020 - 23:42:51: "Ludia :D<1><STEAM_1:0:186885685><TERRORIST>" disconnected
L 01/03/2020 - 23:42:51: "vis2<8><STEAM_1:0:889748961><CT>" disconnected
L 01/03/2020 - 23:42:51: "19 Panzerwaffe 14<33><VALVE_ID_LAN><TERRORIST>" disconnected
L 01/03/2020 - 23:42:51: "Player<31><STEAM_2:0:1886291632><TERRORIST>" disconnected
L 01/03/2020 - 23:42:51: "Sco7ch<18><STEAM_0:0:523417429><TERRORIST>" disconnected
L 01/03/2020 - 23:42:51: "unnamed<16><STEAM_1:1:2140055920><CT>" disconnected
L 01/03/2020 - 23:42:51: "H3ADROOM<17><STEAM_0:0:150924950><TERRORIST>" disconnected
L 01/03/2020 - 23:42:51: Team "CT" triggered "CTs_Win" (CT "12") (T "18")
L 01/03/2020 - 23:42:51: World triggered "Round_End"
L 01/03/2020 - 23:42:51: "Jason Statham<20><STEAM_0:1:65160151><TERRORIST>" disconnected
L 01/03/2020 - 23:42:51: "cala221<22><STEAM_1:1:110586922><SPECTATOR>" disconnected
L 01/03/2020 - 23:42:51: "Z1k<24><STEAM_0:1:52698078><CT>" disconnected
L 01/03/2020 - 23:42:51: "Егорь<26><STEAM_0:1:156837511><CT>" disconnected
L 01/03/2020 - 23:42:51: "xXMr.ONurXx_YT<32><STEAM_0:0:526678195><CT>" disconnected
L 01/03/2020 - 23:42:51: Log file closed
