L 01/09/2020 - 16:56:52: Log file started (file "logs/L0109056.log") (game "cstrike") (version "48/1.1.2.7/Stdio/1621")
L 01/09/2020 - 16:56:52: Loading map "nojarq_fun_zone"
L 01/09/2020 - 16:56:52: Server cvars start
L 01/09/2020 - 16:56:52: Server cvar "@BunnyHopper" = "3.x"
L 01/09/2020 - 16:56:52: Server cvar "@CRXGoSpec" = "1.1"
L 01/09/2020 - 16:56:52: Server cvar "@CRXRemoveImmunity" = "1.0"
L 01/09/2020 - 16:56:52: Server cvar "@D.I.C.E." = "1.1"
L 01/09/2020 - 16:56:52: Server cvar "@MOTDCommands" = "1.2"
L 01/09/2020 - 16:56:52: Server cvar "advanced_quake_sounds" = "5.0"
L 01/09/2020 - 16:56:52: Server cvar "AdvancedMute" = "1.0"
L 01/09/2020 - 16:56:52: Server cvar "aesp_version" = "1.3"
L 01/09/2020 - 16:56:52: Server cvar "allow_spectators" = "1.0"
L 01/09/2020 - 16:56:52: Server cvar "amx_client_languages" = "1"
L 01/09/2020 - 16:56:52: Server cvar "amx_language" = "en"
L 01/09/2020 - 16:56:52: Server cvar "amx_nextmap" = "nojarq_fun_zone"
L 01/09/2020 - 16:56:52: Server cvar "amx_ptb_version" = "1.8b3"
L 01/09/2020 - 16:56:52: Server cvar "amx_timeleft" = "05:25"
L 01/09/2020 - 16:56:52: Server cvar "amxmodx_version" = "1.8.2"
L 01/09/2020 - 16:56:52: Server cvar "amxxbg_vip" = "1.0"
L 01/09/2020 - 16:56:52: Server cvar "asp_version" = "4.5.1"
L 01/09/2020 - 16:56:52: Server cvar "atac_version" = "3.0.1"
L 01/09/2020 - 16:56:52: Server cvar "badcamper_version" = "1.4 beta"
L 01/09/2020 - 16:56:52: Server cvar "blockmaker" = "4.01"
L 01/09/2020 - 16:56:52: Server cvar "c4 timer" = "1.1"
L 01/09/2020 - 16:56:52: Server cvar "coop" = "0"
L 01/09/2020 - 16:56:52: Server cvar "CRXAdminGroups" = "1.0"
L 01/09/2020 - 16:56:52: Server cvar "CRXCommandRestrictions" = "1.0"
L 01/09/2020 - 16:56:52: Server cvar "CRXFastKnife" = "1.0"
L 01/09/2020 - 16:56:52: Server cvar "CRXGametracker" = "2.0"
L 01/09/2020 - 16:56:52: Server cvar "CRXKnifeModels" = "2.5.7"
L 01/09/2020 - 16:56:52: Server cvar "CRXTeamAdvantage" = "1.0"
L 01/09/2020 - 16:56:52: Server cvar "CustomShop" = "4.2"
L 01/09/2020 - 16:56:52: Server cvar "deathmatch" = "1"
L 01/09/2020 - 16:56:52: Server cvar "decalfrequency" = "0"
L 01/09/2020 - 16:56:52: Server cvar "edgefriction" = "2"
L 01/09/2020 - 16:56:52: Server cvar "ers_version" = "2.3c"
L 01/09/2020 - 16:56:52: Server cvar "gagsystem_shoko" = "1.0"
L 01/09/2020 - 16:56:52: Server cvar "gal_mapcyclefile" = "mapcycle.txt"
L 01/09/2020 - 16:56:52: Server cvar "gal_version" = "v5.9.1-926"
L 01/09/2020 - 16:56:52: Server cvar "game_version" = "5.7.0.313-dev"
L 01/09/2020 - 16:56:52: Server cvar "humans_join_team" = "any"
L 01/09/2020 - 16:56:52: Server cvar "jtp10181" = "chute,gore"
L 01/09/2020 - 16:56:52: Server cvar "lawliet" = "ny_RainingSnow"
L 01/09/2020 - 16:56:52: Server cvar "LetitSnow" = "1.0"
L 01/09/2020 - 16:56:52: Server cvar "map_spawns" = "T(16) CT(16)"
L 01/09/2020 - 16:56:52: Server cvar "max_queries_sec" = "3"
L 01/09/2020 - 16:56:52: Server cvar "max_queries_sec_global" = "150"
L 01/09/2020 - 16:56:52: Server cvar "max_queries_window" = "60"
L 01/09/2020 - 16:56:52: Server cvar "mdbBans" = "4.8"
L 01/09/2020 - 16:56:52: Server cvar "metamod_version" = "1.21p37"
L 01/09/2020 - 16:56:52: Server cvar "mp_autokick" = "0"
L 01/09/2020 - 16:56:52: Server cvar "mp_autokick_timeout" = "-1"
L 01/09/2020 - 16:56:52: Server cvar "mp_autoteambalance" = "0"
L 01/09/2020 - 16:56:52: Server cvar "mp_buytime" = "0.25"
L 01/09/2020 - 16:56:52: Server cvar "mp_c4timer" = "35"
L 01/09/2020 - 16:56:52: Server cvar "mp_chattime" = "10.000000"
L 01/09/2020 - 16:56:52: Server cvar "mp_consistency" = "1"
L 01/09/2020 - 16:56:52: Server cvar "mp_fadetoblack" = "0"
L 01/09/2020 - 16:56:52: Server cvar "mp_flashlight" = "1"
L 01/09/2020 - 16:56:52: Server cvar "mp_footsteps" = "1"
L 01/09/2020 - 16:56:52: Server cvar "mp_forcecamera" = "0"
L 01/09/2020 - 16:56:52: Server cvar "mp_forcechasecam" = "0"
L 01/09/2020 - 16:56:52: Server cvar "mp_forcerespawn" = "0"
L 01/09/2020 - 16:56:52: Server cvar "mp_fraglimit" = "0"
L 01/09/2020 - 16:56:52: Server cvar "mp_fragsleft" = "0"
L 01/09/2020 - 16:56:52: Server cvar "mp_freeforall" = "0"
L 01/09/2020 - 16:56:52: Server cvar "mp_freezetime" = "1"
L 01/09/2020 - 16:56:52: Server cvar "mp_friendlyfire" = "0"
L 01/09/2020 - 16:56:52: Server cvar "mp_hostage_hurtable" = "1"
L 01/09/2020 - 16:56:52: Server cvar "mp_hostagepenalty" = "0"
L 01/09/2020 - 16:56:52: Server cvar "mp_item_staytime" = "300"
L 01/09/2020 - 16:56:52: Server cvar "mp_kickpercent" = "0.66"
L 01/09/2020 - 16:56:52: Server cvar "mp_legacy_bombtarget_touch" = "1"
L 01/09/2020 - 16:56:52: Server cvar "mp_limitteams" = "0"
L 01/09/2020 - 16:56:52: Server cvar "mp_logdetail" = "0"
L 01/09/2020 - 16:56:52: Server cvar "mp_logfile" = "1"
L 01/09/2020 - 16:56:52: Server cvar "mp_logmessages" = "1"
L 01/09/2020 - 16:56:52: Server cvar "mp_mapvoteratio" = "0.66"
L 01/09/2020 - 16:56:52: Server cvar "mp_maxmoney" = "999999"
L 01/09/2020 - 16:56:52: Server cvar "mp_maxrounds" = "0"
L 01/09/2020 - 16:56:52: Server cvar "mp_mirrordamage" = "0"
L 01/09/2020 - 16:56:52: Server cvar "mp_old_bomb_defused_sound" = "1"
L 01/09/2020 - 16:56:52: Server cvar "mp_playerid" = "0"
L 01/09/2020 - 16:56:52: Server cvar "mp_respawn_immunitytime" = "0"
L 01/09/2020 - 16:56:52: Server cvar "mp_round_infinite" = "0"
L 01/09/2020 - 16:56:52: Server cvar "mp_round_restart_delay" = "5"
L 01/09/2020 - 16:56:52: Server cvar "mp_roundover" = "0"
L 01/09/2020 - 16:56:52: Server cvar "mp_roundtime" = "2.3"
L 01/09/2020 - 16:56:52: Server cvar "mp_show_radioicon" = "1"
L 01/09/2020 - 16:56:52: Server cvar "mp_startmoney" = "850"
L 01/09/2020 - 16:56:52: Server cvar "mp_timeleft" = "05:24"
L 01/09/2020 - 16:56:52: Server cvar "mp_timelimit" = "20"
L 01/09/2020 - 16:56:52: Server cvar "mp_tkpunish" = "0"
L 01/09/2020 - 16:56:52: Server cvar "mp_windifference" = "1"
L 01/09/2020 - 16:56:52: Server cvar "mp_winlimit" = "0"
L 01/09/2020 - 16:56:52: Server cvar "NoWeaponsOnGround" = "1.0"
L 01/09/2020 - 16:56:52: Server cvar "pausable" = "0"
L 01/09/2020 - 16:56:52: Server cvar "present_version" = "2.01"
L 01/09/2020 - 16:56:52: Server cvar "RandomHP" = "2.2"
L 01/09/2020 - 16:56:52: Server cvar "reauthcheck_version" = "0.1.6"
L 01/09/2020 - 16:56:52: Server cvar "reconnect_features" = "0.3.1"
L 01/09/2020 - 16:56:52: Server cvar "report_system_version" = "3.1"
L 01/09/2020 - 16:56:52: Server cvar "resemiclip_version" = "2.3.9"
L 01/09/2020 - 16:56:52: Server cvar "reu_version" = "0.1.0.130"
L 01/09/2020 - 16:56:52: Server cvar "revoice_version" = "0.1.0.30"
L 01/09/2020 - 16:56:52: Server cvar "RRWM" = "2.0"
L 01/09/2020 - 16:56:52: Server cvar "sanksounds_version" = "1.8.6"
L 01/09/2020 - 16:56:52: Server cvar "SimpleMenu" = "1.1"
L 01/09/2020 - 16:56:52: Server cvar "SNAC_Version" = "1.1"
L 01/09/2020 - 16:56:52: Server cvar "SpecList" = "1.2a"
L 01/09/2020 - 16:56:52: Server cvar "sr_version" = "1.6"
L 01/09/2020 - 16:56:52: Server cvar "statsx_shell_ver" = "2.0.0 (BETA)"
L 01/09/2020 - 16:56:52: Server cvar "StyleC4Timer" = "2.1"
L 01/09/2020 - 16:56:52: Server cvar "sv_accelerate" = "5"
L 01/09/2020 - 16:56:52: Server cvar "sv_aim" = "1"
L 01/09/2020 - 16:56:52: Server cvar "sv_airaccelerate" = "100"
L 01/09/2020 - 16:56:52: Server cvar "sv_allowupload" = "1"
L 01/09/2020 - 16:56:52: Server cvar "sv_alltalk" = "1"
L 01/09/2020 - 16:56:52: Server cvar "sv_bounce" = "1"
L 01/09/2020 - 16:56:52: Server cvar "sv_cheats" = "0"
L 01/09/2020 - 16:56:52: Server cvar "sv_clienttrace" = "1"
L 01/09/2020 - 16:56:52: Server cvar "sv_contact" = "feruchio599@gmail.com"
L 01/09/2020 - 16:56:52: Server cvar "sv_friction" = "4"
L 01/09/2020 - 16:56:52: Server cvar "sv_gravity" = "800"
L 01/09/2020 - 16:56:52: Server cvar "sv_logblocks" = "0"
L 01/09/2020 - 16:56:52: Server cvar "sv_maxrate" = "50000"
L 01/09/2020 - 16:56:52: Server cvar "sv_maxspeed" = "900.000000"
L 01/09/2020 - 16:56:52: Server cvar "sv_minrate" = "10000"
L 01/09/2020 - 16:56:52: Server cvar "sv_password" = ""
L 01/09/2020 - 16:56:52: Server cvar "sv_proxies" = "1"
L 01/09/2020 - 16:56:52: Server cvar "sv_restart" = "0"
L 01/09/2020 - 16:56:52: Server cvar "sv_restartround" = "0"
L 01/09/2020 - 16:56:52: Server cvar "sv_stepsize" = "18"
L 01/09/2020 - 16:56:52: Server cvar "sv_stopspeed" = "75"
L 01/09/2020 - 16:56:52: Server cvar "sv_uploadmax" = "0.5"
L 01/09/2020 - 16:56:52: Server cvar "sv_version" = "1.1.2.7/Stdio,48,1621"
L 01/09/2020 - 16:56:52: Server cvar "sv_voiceenable" = "1"
L 01/09/2020 - 16:56:52: Server cvar "sv_wateraccelerate" = "10"
L 01/09/2020 - 16:56:52: Server cvar "sv_waterfriction" = "1"
L 01/09/2020 - 16:56:52: Server cvar "Team_Semiclip_version" = "3.3.1"
L 01/09/2020 - 16:56:52: Server cvar "vehicle_real_killer" = "1.1"
L 01/09/2020 - 16:56:52: Server cvar "WalkGuard" = "1.3.2"
L 01/09/2020 - 16:56:52: Server cvar "we_grenades" = "Huehue"
L 01/09/2020 - 16:56:52: Server cvar "we_player_models" = "Huehue"
L 01/09/2020 - 16:56:52: Server cvar "whb_version" = "1.5.692"
L 01/09/2020 - 16:56:52: Server cvar "zp_jp_version" = "Extra Item Jetpack+Bazooka v3.2"
L 01/09/2020 - 16:56:52: Server cvars end
L 01/09/2020 - 16:56:54: Server cvar "sv_maxspeed" = "900"
L 01/09/2020 - 16:56:54: Server cvar "mp_autoteambalance" = "1"
L 01/09/2020 - 16:56:55: Server cvar "mp_autoteambalance" = "0"
L 01/09/2020 - 16:56:55: Server cvar "amx_nextmap" = "[not yet voted on]"
L 01/09/2020 - 16:56:56: Started map "nojarq_fun_zone" (CRC "-2030338303")
L 01/09/2020 - 16:56:58: World triggered "Round_Start"
L 01/09/2020 - 16:57:15: "fun da king<34><STEAM_1:0:1655898477><>" entered the game
L 01/09/2020 - 16:57:16: "2Pacalypse<32><VALVE_ID_LAN><>" entered the game
L 01/09/2020 - 16:57:21: "fun da king<34><STEAM_1:0:1655898477><>" joined team "CT"
L 01/09/2020 - 16:57:21: "2Pacalypse<32><VALVE_ID_LAN><>" joined team "CT"
L 01/09/2020 - 16:57:23: "2Pacalypse<32><VALVE_ID_LAN><CT>" committed suicide with "world"
L 01/09/2020 - 16:57:23: "2Pacalypse<32><VALVE_ID_LAN><CT>" joined team "TERRORIST"
L 01/09/2020 - 16:57:23: World triggered "Game_Commencing"
L 01/09/2020 - 16:57:23: World triggered "Game_Commencing" (CT "0") (T "0")
L 01/09/2020 - 16:57:23: World triggered "Round_End"
L 01/09/2020 - 16:57:27: World triggered "Round_Start"
L 01/09/2020 - 16:57:34: "fun da king<34><STEAM_1:0:1655898477><CT>" committed suicide with "worldspawn" (world)
L 01/09/2020 - 16:57:34: Team "TERRORIST" triggered "Terrorists_Win" (CT "0") (T "1")
L 01/09/2020 - 16:57:34: World triggered "Round_End"
L 01/09/2020 - 16:57:40: World triggered "Round_Start"
L 01/09/2020 - 16:57:55: "2Pacalypse<32><VALVE_ID_LAN><TERRORIST>" killed "fun da king<34><STEAM_1:0:1655898477><CT>" with "knife"
L 01/09/2020 - 16:57:55: Team "TERRORIST" triggered "Terrorists_Win" (CT "0") (T "2")
L 01/09/2020 - 16:57:55: World triggered "Round_End"
L 01/09/2020 - 16:58:01: World triggered "Round_Start"
L 01/09/2020 - 16:58:12: "2Pacalypse<32><VALVE_ID_LAN><TERRORIST>" killed "fun da king<34><STEAM_1:0:1655898477><CT>" with "knife"
L 01/09/2020 - 16:58:12: Team "TERRORIST" triggered "Terrorists_Win" (CT "0") (T "3")
L 01/09/2020 - 16:58:12: World triggered "Round_End"
L 01/09/2020 - 16:58:18: World triggered "Round_Start"
L 01/09/2020 - 16:58:27: "fun da king<34><STEAM_1:0:1655898477><CT>" killed "2Pacalypse<32><VALVE_ID_LAN><TERRORIST>" with "knife"
L 01/09/2020 - 16:58:27: Team "CT" triggered "CTs_Win" (CT "1") (T "3")
L 01/09/2020 - 16:58:27: World triggered "Round_End"
L 01/09/2020 - 16:58:33: World triggered "Round_Start"
L 01/09/2020 - 16:59:13: "2Pacalypse<32><VALVE_ID_LAN><TERRORIST>" killed "fun da king<34><STEAM_1:0:1655898477><CT>" with "knife"
L 01/09/2020 - 16:59:13: Team "TERRORIST" triggered "Terrorists_Win" (CT "1") (T "4")
L 01/09/2020 - 16:59:13: World triggered "Round_End"
L 01/09/2020 - 16:59:19: World triggered "Round_Start"
L 01/09/2020 - 16:59:56: "2Pacalypse<32><VALVE_ID_LAN><TERRORIST>" killed "fun da king<34><STEAM_1:0:1655898477><CT>" with "knife"
L 01/09/2020 - 16:59:56: Team "TERRORIST" triggered "Terrorists_Win" (CT "1") (T "5")
L 01/09/2020 - 16:59:56: World triggered "Round_End"
L 01/09/2020 - 17:00:02: World triggered "Round_Start"
L 01/09/2020 - 17:00:21: "2Pacalypse<32><VALVE_ID_LAN><TERRORIST>" killed "fun da king<34><STEAM_1:0:1655898477><CT>" with "deagle"
L 01/09/2020 - 17:00:21: Team "TERRORIST" triggered "Terrorists_Win" (CT "1") (T "6")
L 01/09/2020 - 17:00:21: World triggered "Round_End"
L 01/09/2020 - 17:00:27: World triggered "Round_Start"
L 01/09/2020 - 17:00:28: "2Pacalypse<32><VALVE_ID_LAN><TERRORIST>" killed "fun da king<34><STEAM_1:0:1655898477><CT>" with "awp"
L 01/09/2020 - 17:00:28: Team "TERRORIST" triggered "Terrorists_Win" (CT "1") (T "7")
L 01/09/2020 - 17:00:28: World triggered "Round_End"
L 01/09/2020 - 17:00:34: World triggered "Round_Start"
L 01/09/2020 - 17:00:37: "fun da king<34><STEAM_1:0:1655898477><CT>" committed suicide with "worldspawn" (world)
L 01/09/2020 - 17:00:37: Team "TERRORIST" triggered "Terrorists_Win" (CT "1") (T "8")
L 01/09/2020 - 17:00:37: World triggered "Round_End"
L 01/09/2020 - 17:00:43: World triggered "Round_Start"
L 01/09/2020 - 17:00:47: "2Pacalypse<32><VALVE_ID_LAN><TERRORIST>" killed "fun da king<34><STEAM_1:0:1655898477><CT>" with "awp"
L 01/09/2020 - 17:00:47: Team "TERRORIST" triggered "Terrorists_Win" (CT "1") (T "9")
L 01/09/2020 - 17:00:47: World triggered "Round_End"
L 01/09/2020 - 17:00:51: "fun da king<34><STEAM_1:0:1655898477><CT>" joined team "CT"
L 01/09/2020 - 17:00:53: World triggered "Round_Start"
L 01/09/2020 - 17:00:54: "fun da king<34><STEAM_1:0:1655898477><CT>" committed suicide with "world"
L 01/09/2020 - 17:00:54: "fun da king<34><STEAM_1:0:1655898477><CT>" joined team "CT"
L 01/09/2020 - 17:00:54: World triggered "Game_Commencing"
L 01/09/2020 - 17:00:54: World triggered "Game_Commencing" (CT "1") (T "9")
L 01/09/2020 - 17:00:54: World triggered "Round_End"
L 01/09/2020 - 17:00:58: World triggered "Round_Start"
L 01/09/2020 - 17:00:59: "2Pacalypse<32><VALVE_ID_LAN><TERRORIST>" killed "fun da king<34><STEAM_1:0:1655898477><CT>" with "awp"
L 01/09/2020 - 17:00:59: Team "TERRORIST" triggered "Terrorists_Win" (CT "0") (T "1")
L 01/09/2020 - 17:00:59: World triggered "Round_End"
L 01/09/2020 - 17:01:04: "fun da king<34><STEAM_1:0:1655898477><CT>" committed suicide with "world"
L 01/09/2020 - 17:01:04: "fun da king<34><STEAM_1:0:1655898477><CT>" joined team "CT"
L 01/09/2020 - 17:01:04: World triggered "Game_Commencing"
L 01/09/2020 - 17:01:04: World triggered "Game_Commencing" (CT "0") (T "1")
L 01/09/2020 - 17:01:04: World triggered "Round_End"
L 01/09/2020 - 17:01:08: World triggered "Round_Start"
L 01/09/2020 - 17:01:17: "fun da king<34><STEAM_1:0:1655898477><CT>" committed suicide with "grenade"
L 01/09/2020 - 17:01:17: Team "TERRORIST" triggered "Terrorists_Win" (CT "0") (T "1")
L 01/09/2020 - 17:01:17: World triggered "Round_End"
L 01/09/2020 - 17:01:23: World triggered "Round_Start"
L 01/09/2020 - 17:01:38: "2Pacalypse<32><VALVE_ID_LAN><TERRORIST>" killed "fun da king<34><STEAM_1:0:1655898477><CT>" with "awp"
L 01/09/2020 - 17:01:38: Team "TERRORIST" triggered "Terrorists_Win" (CT "0") (T "2")
L 01/09/2020 - 17:01:38: World triggered "Round_End"
L 01/09/2020 - 17:01:44: World triggered "Round_Start"
L 01/09/2020 - 17:02:24: "2Pacalypse<32><VALVE_ID_LAN><TERRORIST>" killed "fun da king<34><STEAM_1:0:1655898477><CT>" with "awp"
L 01/09/2020 - 17:02:24: Team "TERRORIST" triggered "Terrorists_Win" (CT "0") (T "3")
L 01/09/2020 - 17:02:24: World triggered "Round_End"
L 01/09/2020 - 17:02:30: World triggered "Round_Start"
L 01/09/2020 - 17:03:05: "2Pacalypse<32><VALVE_ID_LAN><TERRORIST>" killed "fun da king<34><STEAM_1:0:1655898477><CT>" with "knife"
L 01/09/2020 - 17:03:05: Team "TERRORIST" triggered "Terrorists_Win" (CT "0") (T "4")
L 01/09/2020 - 17:03:05: World triggered "Round_End"
L 01/09/2020 - 17:03:11: World triggered "Round_Start"
L 01/09/2020 - 17:03:13: "fun da king<34><STEAM_1:0:1655898477><CT>" committed suicide with "world"
L 01/09/2020 - 17:03:13: Team "TERRORIST" triggered "Terrorists_Win" (CT "0") (T "5")
L 01/09/2020 - 17:03:13: World triggered "Round_End"
L 01/09/2020 - 17:03:13: "fun da king<34><STEAM_1:0:1655898477><CT>" joined team "SPECTATOR"
L 01/09/2020 - 17:03:19: World triggered "Round_Start"
L 01/09/2020 - 17:03:22: "2Pacalypse<32><VALVE_ID_LAN><TERRORIST>" disconnected
L 01/09/2020 - 17:03:22: World triggered "Round_Draw" (CT "0") (T "5")
L 01/09/2020 - 17:03:22: World triggered "Round_End"
L 01/09/2020 - 17:03:28: World triggered "Round_Start"
L 01/09/2020 - 17:03:38: [REUNION]: .=(AwPeR)=. (41.142.93.119) authorized as RevEmu
L 01/09/2020 - 17:03:38: ".=(AwPeR)=.<43><STEAM_1:1:735138494><>" connected, address "41.142.93.119:13287"
L 01/09/2020 - 17:03:58: "fun da king<34><STEAM_1:0:1655898477><SPECTATOR>" joined team "CT"
L 01/09/2020 - 17:04:04: [REUNION]: .=(AwPeR)=. (41.142.93.119) authorized as RevEmu
L 01/09/2020 - 17:04:04: ".=(AwPeR)=.<44><STEAM_1:1:735138494><>" connected, address "41.142.93.119:13287"
L 01/09/2020 - 17:04:26: ".=(AwPeR)=.<44><STEAM_1:1:735138494><>" entered the game
L 01/09/2020 - 17:04:33: ".=(AwPeR)=.<44><STEAM_1:1:735138494><>" joined team "CT"
L 01/09/2020 - 17:04:34: Server cvar "amx_nextmap" = "ow_cc_crazytank"
L 01/09/2020 - 17:04:40: Server cvar "sv_maxspeed" = "0.000000"
L 01/09/2020 - 17:04:40: Server cvar "mp_friendlyfire" = "1"
L 01/09/2020 - 17:04:51: Server cvar "sv_maxspeed" = "900.000000"
L 01/09/2020 - 17:04:51: Server cvar "mp_friendlyfire" = "0"
L 01/09/2020 - 17:04:51: [META] ini: Begin re-reading plugins list: /home/rented/public9/cstrike/addons/metamod/plugins.ini
L 01/09/2020 - 17:04:51: [META] ini: Read plugin config for: SafeNameAndChat
L 01/09/2020 - 17:04:51: [META] ini: Read plugin config for: AMX Mod X
L 01/09/2020 - 17:04:51: [META] ini: Read plugin config for: Reunion
L 01/09/2020 - 17:04:51: [META] ini: Read plugin config for: ReAuthCheck
L 01/09/2020 - 17:04:51: [META] ini: Read plugin config for: WHBlocker
L 01/09/2020 - 17:04:51: [META] ini: Read plugin config for: ReSemiclip
L 01/09/2020 - 17:04:51: [META] ini: Read plugin config for: Revoice
L 01/09/2020 - 17:04:51: [META] ini: Finished reading plugins list: /home/rented/public9/cstrike/addons/metamod/plugins.ini; Found 7 plugins
L 01/09/2020 - 17:04:51: [META] dll: Updating plugins...
L 01/09/2020 - 17:04:51: [META] WARNING: Cannot clear plugin 'SafeNameAndChat'; not marked as failed, empty, or open (status=valid)
L 01/09/2020 - 17:04:51: [META] dll: Unloaded plugin 'SafeNameAndChat' for reason 'file on disk is newer'
L 01/09/2020 - 17:04:51: [META] dll: Loaded plugin 'SafeNameAndChat': SafeNameAndChat v1.1 2017.02.01, WPMG.PRoSToC0der
L 01/09/2020 - 17:04:51: [META] WARNING: Cannot clear plugin 'WHBlocker'; not marked as failed, empty, or open (status=valid)
L 01/09/2020 - 17:04:51: [META] dll: Unloaded plugin 'WHBlocker' for reason 'file on disk is newer'
L 01/09/2020 - 17:04:51: [META] dll: Loaded plugin 'WHBlocker': WHBlocker v1.5.692 2017-04-13, s1lent
L 01/09/2020 - 17:04:51: [META] WARNING: Cannot clear plugin 'ReSemiclip'; not marked as failed, empty, or open (status=valid)
L 01/09/2020 - 17:04:51: [META] dll: Unloaded plugin 'ReSemiclip' for reason 'file on disk is newer'
L 01/09/2020 - 17:04:51: [META] dll: Loaded plugin 'ReSemiclip': ReSemiclip v2.3.9 13/02/17, s1lent & Adidasman
L 01/09/2020 - 17:04:51: [META] dll: Finished updating 14 plugins; kept 0, loaded 0, unloaded 0, reloaded 3, delayed 0
L 01/09/2020 - 17:04:51: ".=(AwPeR)=.<44><STEAM_1:1:735138494><CT>" disconnected
L 01/09/2020 - 17:04:51: "fun da king<34><STEAM_1:0:1655898477><CT>" disconnected
L 01/09/2020 - 17:04:51: World triggered "Round_Draw" (CT "0") (T "5")
L 01/09/2020 - 17:04:51: World triggered "Round_End"
L 01/09/2020 - 17:04:51: Log file closed
