L 01/02/2020 - 18:34:40: Log file started (file "logs/L0102064.log") (game "cstrike") (version "48/1.1.2.7/Stdio/1621")
L 01/02/2020 - 18:34:40: Server cvar "mp_buytime" = "1"
L 01/02/2020 - 18:34:40: Server cvar "mp_c4timer" = "35"
L 01/02/2020 - 18:34:40: Server cvar "mp_flashlight" = "1"
L 01/02/2020 - 18:34:40: Server cvar "mp_freezetime" = "1"
L 01/02/2020 - 18:34:40: Server cvar "mp_hostagepenalty" = "0"
L 01/02/2020 - 18:34:40: Server cvar "mp_limitteams" = "1"
L 01/02/2020 - 18:34:40: Server cvar "mp_roundtime" = "2.3"
L 01/02/2020 - 18:34:40: Server cvar "mp_startmoney" = "850"
L 01/02/2020 - 18:34:40: Server cvar "sv_contact" = "feruchio599@gmail.com"
L 01/02/2020 - 18:34:40: Server cvar "sv_maxrate" = "50000"
L 01/02/2020 - 18:34:40: Server cvar "sv_maxspeed" = "320"
L 01/02/2020 - 18:34:40: Server cvar "sv_minrate" = "10000"
L 01/02/2020 - 18:34:40: Server cvar "max_queries_sec_global" = "***PROTECTED***"
L 01/02/2020 - 18:34:40: Server cvar "max_queries_sec" = "***PROTECTED***"
L 01/02/2020 - 18:34:40: Server cvar "decalfrequency" = "0"
L 01/02/2020 - 18:34:40: Server cvar "sv_airaccelerate" = "100"
L 01/02/2020 - 18:34:40: Server cvar "sv_friction" = "3"
L 01/02/2020 - 18:34:41: Server cvar "sv_friction" = "4"
L 01/02/2020 - 18:34:46: Server cvar "mp_timelimit" = "10"
L 01/02/2020 - 18:34:48: World triggered "Round_Start"
L 01/02/2020 - 18:34:49: "Sco7ch<1><STEAM_0:0:523417429><>" connected, address "83.79.206.197:27005"
L 01/02/2020 - 18:34:49: "Sco7ch<1><STEAM_0:0:523417429><>" STEAM USERID validated
L 01/02/2020 - 18:34:52: "Sco7ch<1><STEAM_0:0:523417429><>" entered the game
L 01/02/2020 - 18:34:54: "cala221<2><STEAM_0:1:204654532><>" connected, address "87.245.69.13:27005"
L 01/02/2020 - 18:34:54: "cala221<2><STEAM_0:1:204654532><>" STEAM USERID validated
L 01/02/2020 - 18:34:54: "Sco7ch<1><STEAM_0:0:523417429><>" joined team "CT"
L 01/02/2020 - 18:34:58: "cala221<2><STEAM_0:1:204654532><>" entered the game
L 01/02/2020 - 18:35:27: "Sco7ch<1><STEAM_0:0:523417429><CT>" committed suicide with "the block of death" (world)
L 01/02/2020 - 18:35:27: World triggered "Round_Draw" (CT "0") (T "0")
L 01/02/2020 - 18:35:27: World triggered "Round_End"
L 01/02/2020 - 18:35:27: [REUNION]: HuNt3r (188.255.184.74) authorized as RevEmu
L 01/02/2020 - 18:35:27: "HuNt3r<3><STEAM_1:1:1071071391><>" connected, address "188.255.184.74:27005"
L 01/02/2020 - 18:35:33: [REUNION]: HuNt3r (188.255.184.74) authorized as RevEmu
L 01/02/2020 - 18:35:33: "HuNt3r<4><STEAM_1:1:1071071391><>" connected, address "188.255.184.74:27005"
L 01/02/2020 - 18:35:33: World triggered "Round_Start"
L 01/02/2020 - 18:35:39: "HuNt3r<4><STEAM_1:1:1071071391><>" entered the game
L 01/02/2020 - 18:35:40: Server cvar "mp_timelimit" = "5.000000"
L 01/02/2020 - 18:35:48: "HuNt3r<4><STEAM_1:1:1071071391><>" joined team "TERRORIST"
L 01/02/2020 - 18:35:48: World triggered "Game_Commencing"
L 01/02/2020 - 18:35:48: World triggered "Game_Commencing" (CT "0") (T "0")
L 01/02/2020 - 18:35:48: World triggered "Round_End"
L 01/02/2020 - 18:35:52: World triggered "Round_Start"
L 01/02/2020 - 18:35:53: Server cvar "mp_timelimit" = "10.000000"
L 01/02/2020 - 18:35:58: "cala221<2><STEAM_0:1:204654532><>" joined team "TERRORIST"
L 01/02/2020 - 18:36:29: [REUNION]: tarikata (77.85.78.27) authorized as RevEmu
L 01/02/2020 - 18:36:29: "tarikata<5><STEAM_1:0:1570248414><>" connected, address "77.85.78.27:10814"
L 01/02/2020 - 18:36:39: "cala221<2><STEAM_0:1:204654532><TERRORIST>" killed "Sco7ch<1><STEAM_0:0:523417429><CT>" with "knife"
L 01/02/2020 - 18:36:39: Team "TERRORIST" triggered "Terrorists_Win" (CT "0") (T "1")
L 01/02/2020 - 18:36:39: World triggered "Round_End"
L 01/02/2020 - 18:36:45: World triggered "Round_Start"
L 01/02/2020 - 18:36:59: [REUNION]: Player (87.121.76.3) authorized as NoSteam47
L 01/02/2020 - 18:36:59: "Player<6><VALVE_ID_LAN><>" connected, address "87.121.76.3:27005"
L 01/02/2020 - 18:37:02: [REUNION]: Player (87.121.76.3) authorized as NoSteam47
L 01/02/2020 - 18:37:02: "Player<7><VALVE_ID_LAN><>" connected, address "87.121.76.3:27005"
L 01/02/2020 - 18:37:06: [REUNION]: tarikata (77.85.78.27) authorized as RevEmu
L 01/02/2020 - 18:37:06: "tarikata<8><STEAM_1:0:1570248414><>" connected, address "77.85.78.27:10814"
L 01/02/2020 - 18:37:06: "Player<7><VALVE_ID_LAN><>" entered the game
L 01/02/2020 - 18:37:06: "Sco7ch<1><STEAM_0:0:523417429><CT>" killed "cala221<2><STEAM_0:1:204654532><TERRORIST>" with "knife"
L 01/02/2020 - 18:37:12: "Player<7><VALVE_ID_LAN><>" joined team "CT"
L 01/02/2020 - 18:37:12: "tarikata<8><STEAM_1:0:1570248414><>" entered the game
L 01/02/2020 - 18:37:19: "tarikata<8><STEAM_1:0:1570248414><>" joined team "CT"
L 01/02/2020 - 18:37:46: "HuNt3r<4><STEAM_1:1:1071071391><TERRORIST>" killed "Sco7ch<1><STEAM_0:0:523417429><CT>" with "knife"
L 01/02/2020 - 18:37:46: Team "TERRORIST" triggered "Terrorists_Win" (CT "0") (T "2")
L 01/02/2020 - 18:37:46: World triggered "Round_End"
L 01/02/2020 - 18:37:52: World triggered "Round_Start"
L 01/02/2020 - 18:38:09: "HuNt3r<4><STEAM_1:1:1071071391><TERRORIST>" killed "Player<7><VALVE_ID_LAN><CT>" with "knife"
L 01/02/2020 - 18:38:31: "Sco7ch<1><STEAM_0:0:523417429><CT>" killed "cala221<2><STEAM_0:1:204654532><TERRORIST>" with "knife"
L 01/02/2020 - 18:38:34: "HuNt3r<4><STEAM_1:1:1071071391><TERRORIST>" killed "Sco7ch<1><STEAM_0:0:523417429><CT>" with "knife"
L 01/02/2020 - 18:38:41: [REUNION]: killer boss (178.217.89.3) authorized as RevEmu
L 01/02/2020 - 18:38:41: "killer boss<9><STEAM_1:0:280969512><>" connected, address "178.217.89.3:40032"
L 01/02/2020 - 18:38:45: "killer boss<9><STEAM_1:0:280969512><>" entered the game
L 01/02/2020 - 18:38:49: "tarikata<8><STEAM_1:0:1570248414><CT>" killed "HuNt3r<4><STEAM_1:1:1071071391><TERRORIST>" with "tracktrain"
L 01/02/2020 - 18:38:49: Team "CT" triggered "CTs_Win" (CT "1") (T "2")
L 01/02/2020 - 18:38:49: World triggered "Round_End"
L 01/02/2020 - 18:38:50: "killer boss<9><STEAM_1:0:280969512><>" joined team "TERRORIST"
L 01/02/2020 - 18:38:55: World triggered "Round_Start"
L 01/02/2020 - 18:39:06: "Sco7ch<1><STEAM_0:0:523417429><CT>" killed "cala221<2><STEAM_0:1:204654532><TERRORIST>" with "knife"
L 01/02/2020 - 18:39:25: "Sco7ch<1><STEAM_0:0:523417429><CT>" killed "HuNt3r<4><STEAM_1:1:1071071391><TERRORIST>" with "knife"
L 01/02/2020 - 18:39:45: "killer boss<9><STEAM_1:0:280969512><TERRORIST>" killed "tarikata<8><STEAM_1:0:1570248414><CT>" with "tracktrain"
L 01/02/2020 - 18:39:49: "tarikata<8><STEAM_1:0:1570248414><CT>" disconnected
L 01/02/2020 - 18:39:55: "killer boss<9><STEAM_1:0:280969512><TERRORIST>" killed "Sco7ch<1><STEAM_0:0:523417429><CT>" with "knife"
L 01/02/2020 - 18:39:57: [REUNION]: IP 193.42.110.171 banned for 10 minutes for query flooding (PPS: 331)
L 01/02/2020 - 18:40:38: "Player<7><VALVE_ID_LAN><CT>" killed "killer boss<9><STEAM_1:0:280969512><TERRORIST>" with "knife"
L 01/02/2020 - 18:40:38: Team "CT" triggered "CTs_Win" (CT "2") (T "2")
L 01/02/2020 - 18:40:38: World triggered "Round_End"
L 01/02/2020 - 18:40:42: "HuNt3r<4><STEAM_1:1:1071071391><TERRORIST>" joined team "CT"
L 01/02/2020 - 18:40:42: "<><><>" triggered "amx_chat" (text "[PTB] Transfered HuNt3r to CT")
L 01/02/2020 - 18:40:44: World triggered "Round_Start"
L 01/02/2020 - 18:41:16: "killer boss<9><STEAM_1:0:280969512><TERRORIST>" killed "HuNt3r<4><STEAM_1:1:1071071391><CT>" with "knife"
L 01/02/2020 - 18:41:18: "killer boss<9><STEAM_1:0:280969512><TERRORIST>" killed "Player<7><VALVE_ID_LAN><CT>" with "knife"
L 01/02/2020 - 18:41:19: "HuNt3r<4><STEAM_1:1:1071071391><CT>" joined team "CT"
L 01/02/2020 - 18:41:20: "Sco7ch<1><STEAM_0:0:523417429><CT>" killed "cala221<2><STEAM_0:1:204654532><TERRORIST>" with "knife"
L 01/02/2020 - 18:41:26: "Sco7ch<1><STEAM_0:0:523417429><CT>" killed "killer boss<9><STEAM_1:0:280969512><TERRORIST>" with "knife"
L 01/02/2020 - 18:41:26: Team "CT" triggered "CTs_Win" (CT "3") (T "2")
L 01/02/2020 - 18:41:26: World triggered "Round_End"
L 01/02/2020 - 18:41:30: "Player<7><VALVE_ID_LAN><CT>" joined team "TERRORIST"
L 01/02/2020 - 18:41:30: "<><><>" triggered "amx_chat" (text "[PTB] Transfered Player to TERRORIST")
L 01/02/2020 - 18:41:31: "killer boss<9><STEAM_1:0:280969512><TERRORIST>" disconnected
L 01/02/2020 - 18:41:32: World triggered "Round_Start"
L 01/02/2020 - 18:41:42: "Sco7ch<1><STEAM_0:0:523417429><CT>" killed "Player<7><VALVE_ID_LAN><TERRORIST>" with "knife"
L 01/02/2020 - 18:41:53: "Sco7ch<1><STEAM_0:0:523417429><CT>" killed "cala221<2><STEAM_0:1:204654532><TERRORIST>" with "tracktrain"
L 01/02/2020 - 18:41:53: Team "CT" triggered "CTs_Win" (CT "4") (T "2")
L 01/02/2020 - 18:41:53: World triggered "Round_End"
L 01/02/2020 - 18:41:58: "Sco7ch<1><STEAM_0:0:523417429><CT>" joined team "TERRORIST"
L 01/02/2020 - 18:41:58: "<><><>" triggered "amx_chat" (text "[PTB] Transfered Sco7ch to TERRORIST")
L 01/02/2020 - 18:41:59: World triggered "Round_Start"
L 01/02/2020 - 18:42:27: "Sco7ch<1><STEAM_0:0:523417429><TERRORIST>" killed "HuNt3r<4><STEAM_1:1:1071071391><CT>" with "knife"
L 01/02/2020 - 18:42:27: Team "TERRORIST" triggered "Terrorists_Win" (CT "4") (T "3")
L 01/02/2020 - 18:42:27: World triggered "Round_End"
L 01/02/2020 - 18:42:31: "cala221<2><STEAM_0:1:204654532><TERRORIST>" joined team "CT"
L 01/02/2020 - 18:42:31: "<><><>" triggered "amx_chat" (text "[PTB] Transfered cala221 to CT")
L 01/02/2020 - 18:42:33: World triggered "Round_Start"
L 01/02/2020 - 18:42:55: "Sco7ch<1><STEAM_0:0:523417429><TERRORIST>" killed "HuNt3r<4><STEAM_1:1:1071071391><CT>" with "tracktrain"
L 01/02/2020 - 18:42:55: "cala221<2><STEAM_0:1:204654532><CT>" committed suicide with "the block of death" (world)
L 01/02/2020 - 18:42:55: Team "TERRORIST" triggered "Terrorists_Win" (CT "4") (T "4")
L 01/02/2020 - 18:42:55: World triggered "Round_End"
L 01/02/2020 - 18:43:00: "Player<7><VALVE_ID_LAN><TERRORIST>" joined team "CT"
L 01/02/2020 - 18:43:00: "<><><>" triggered "amx_chat" (text "[PTB] Transfered Player to CT")
L 01/02/2020 - 18:43:01: World triggered "Round_Start"
L 01/02/2020 - 18:43:12: Server cvar "amx_nextmap" = "nojarq_neighborhood"
L 01/02/2020 - 18:43:19: "Sco7ch<1><STEAM_0:0:523417429><TERRORIST>" committed suicide with "world"
L 01/02/2020 - 18:43:19: Team "CT" triggered "CTs_Win" (CT "5") (T "4")
L 01/02/2020 - 18:43:19: World triggered "Round_End"
L 01/02/2020 - 18:43:25: World triggered "Round_Start"
L 01/02/2020 - 18:43:25: Server cvar "sv_maxspeed" = "0.000000"
L 01/02/2020 - 18:43:25: Server cvar "mp_friendlyfire" = "1"
L 01/02/2020 - 18:43:30: "Sco7ch<1><STEAM_0:0:523417429><TERRORIST>" committed suicide with "worldspawn" (world)
L 01/02/2020 - 18:43:30: Team "CT" triggered "CTs_Win" (CT "6") (T "4")
L 01/02/2020 - 18:43:30: World triggered "Round_End"
L 01/02/2020 - 18:43:35: [REUNION]: turbo (77.77.166.176) authorized as RevEmu
L 01/02/2020 - 18:43:35: "turbo<10><STEAM_2:1:24722080><>" connected, address "77.77.166.176:27005"
L 01/02/2020 - 18:43:36: Server cvar "sv_maxspeed" = "320.000000"
L 01/02/2020 - 18:43:36: Server cvar "mp_friendlyfire" = "0"
L 01/02/2020 - 18:43:36: [META] ini: Begin re-reading plugins list: /home/rented/public9/cstrike/addons/metamod/plugins.ini
L 01/02/2020 - 18:43:36: [META] ini: Read plugin config for: SafeNameAndChat
L 01/02/2020 - 18:43:36: [META] ini: Read plugin config for: AMX Mod X
L 01/02/2020 - 18:43:36: [META] ini: Read plugin config for: Reunion
L 01/02/2020 - 18:43:36: [META] ini: Read plugin config for: ReAuthCheck
L 01/02/2020 - 18:43:36: [META] ini: Read plugin config for: WHBlocker
L 01/02/2020 - 18:43:36: [META] ini: Read plugin config for: ReSemiclip
L 01/02/2020 - 18:43:36: [META] ini: Read plugin config for: Revoice
L 01/02/2020 - 18:43:36: [META] ini: Finished reading plugins list: /home/rented/public9/cstrike/addons/metamod/plugins.ini; Found 7 plugins
L 01/02/2020 - 18:43:36: [META] dll: Updating plugins...
L 01/02/2020 - 18:43:36: [META] WARNING: Cannot clear plugin 'SafeNameAndChat'; not marked as failed, empty, or open (status=valid)
L 01/02/2020 - 18:43:36: [META] dll: Unloaded plugin 'SafeNameAndChat' for reason 'file on disk is newer'
L 01/02/2020 - 18:43:36: [META] dll: Loaded plugin 'SafeNameAndChat': SafeNameAndChat v1.1 2017.02.01, WPMG.PRoSToC0der
L 01/02/2020 - 18:43:36: [META] WARNING: Cannot clear plugin 'WHBlocker'; not marked as failed, empty, or open (status=valid)
L 01/02/2020 - 18:43:36: [META] dll: Unloaded plugin 'WHBlocker' for reason 'file on disk is newer'
L 01/02/2020 - 18:43:36: [META] dll: Loaded plugin 'WHBlocker': WHBlocker v1.5.692 2017-04-13, s1lent
L 01/02/2020 - 18:43:36: [META] WARNING: Cannot clear plugin 'ReSemiclip'; not marked as failed, empty, or open (status=valid)
L 01/02/2020 - 18:43:36: [META] dll: Unloaded plugin 'ReSemiclip' for reason 'file on disk is newer'
L 01/02/2020 - 18:43:36: [META] dll: Loaded plugin 'ReSemiclip': ReSemiclip v2.3.9 13/02/17, s1lent & Adidasman
L 01/02/2020 - 18:43:36: [META] dll: Finished updating 14 plugins; kept 0, loaded 0, unloaded 0, reloaded 3, delayed 0
L 01/02/2020 - 18:43:36: "Sco7ch<1><STEAM_0:0:523417429><TERRORIST>" disconnected
L 01/02/2020 - 18:43:36: "cala221<2><STEAM_0:1:204654532><CT>" disconnected
L 01/02/2020 - 18:43:36: "HuNt3r<4><STEAM_1:1:1071071391><CT>" disconnected
L 01/02/2020 - 18:43:36: "Player<7><VALVE_ID_LAN><CT>" disconnected
L 01/02/2020 - 18:43:36: World triggered "Round_Draw" (CT "6") (T "4")
L 01/02/2020 - 18:43:36: World triggered "Round_End"
L 01/02/2020 - 18:43:36: "turbo<10><STEAM_2:1:24722080><CT>" disconnected
L 01/02/2020 - 18:43:36: Log file closed
