L 01/01/2020 - 19:55:39: Log file started (file "logs/L0101058.log") (game "cstrike") (version "48/1.1.2.7/Stdio/1621")
L 01/01/2020 - 19:55:39: Loading map "big_city"
L 01/01/2020 - 19:55:39: Server cvars start
L 01/01/2020 - 19:55:39: Server cvar "@BunnyHopper" = "3.x"
L 01/01/2020 - 19:55:39: Server cvar "@CRXGoSpec" = "1.1"
L 01/01/2020 - 19:55:39: Server cvar "@CRXRemoveImmunity" = "1.0"
L 01/01/2020 - 19:55:39: Server cvar "@D.I.C.E." = "1.1"
L 01/01/2020 - 19:55:39: Server cvar "@MOTDCommands" = "1.2"
L 01/01/2020 - 19:55:39: Server cvar "advanced_quake_sounds" = "5.0"
L 01/01/2020 - 19:55:39: Server cvar "AdvancedMute" = "1.0"
L 01/01/2020 - 19:55:39: Server cvar "aesp_version" = "1.3"
L 01/01/2020 - 19:55:39: Server cvar "allow_spectators" = "1.0"
L 01/01/2020 - 19:55:39: Server cvar "amx_client_languages" = "1"
L 01/01/2020 - 19:55:39: Server cvar "amx_language" = "en"
L 01/01/2020 - 19:55:39: Server cvar "amx_nextmap" = "big_city"
L 01/01/2020 - 19:55:39: Server cvar "amx_ptb_version" = "1.8b3"
L 01/01/2020 - 19:55:39: Server cvar "amx_timeleft" = "10:56"
L 01/01/2020 - 19:55:39: Server cvar "amxmodx_version" = "1.8.2"
L 01/01/2020 - 19:55:39: Server cvar "amxxbg_vip" = "1.0"
L 01/01/2020 - 19:55:39: Server cvar "asp_version" = "4.5.1"
L 01/01/2020 - 19:55:39: Server cvar "atac_version" = "3.0.1"
L 01/01/2020 - 19:55:39: Server cvar "badcamper_version" = "1.4 beta"
L 01/01/2020 - 19:55:39: Server cvar "blockmaker" = "4.01"
L 01/01/2020 - 19:55:39: Server cvar "c4 timer" = "1.1"
L 01/01/2020 - 19:55:39: Server cvar "coop" = "0"
L 01/01/2020 - 19:55:39: Server cvar "CRXAdminGroups" = "1.0"
L 01/01/2020 - 19:55:39: Server cvar "CRXCommandRestrictions" = "1.0"
L 01/01/2020 - 19:55:39: Server cvar "CRXFastKnife" = "1.0"
L 01/01/2020 - 19:55:39: Server cvar "CRXGametracker" = "2.0"
L 01/01/2020 - 19:55:39: Server cvar "CRXKnifeModels" = "2.5.7"
L 01/01/2020 - 19:55:39: Server cvar "CRXTeamAdvantage" = "1.0"
L 01/01/2020 - 19:55:39: Server cvar "CustomShop" = "4.2"
L 01/01/2020 - 19:55:39: Server cvar "deathmatch" = "1"
L 01/01/2020 - 19:55:39: Server cvar "decalfrequency" = "0"
L 01/01/2020 - 19:55:39: Server cvar "edgefriction" = "2"
L 01/01/2020 - 19:55:39: Server cvar "ers_version" = "2.3c"
L 01/01/2020 - 19:55:39: Server cvar "gagsystem_shoko" = "1.0"
L 01/01/2020 - 19:55:39: Server cvar "gal_mapcyclefile" = "mapcycle.txt"
L 01/01/2020 - 19:55:39: Server cvar "gal_version" = "v5.9.1-926"
L 01/01/2020 - 19:55:39: Server cvar "game_version" = "5.7.0.313-dev"
L 01/01/2020 - 19:55:39: Server cvar "humans_join_team" = "any"
L 01/01/2020 - 19:55:39: Server cvar "jtp10181" = "chute,gore"
L 01/01/2020 - 19:55:39: Server cvar "lawliet" = "ny_RainingSnow"
L 01/01/2020 - 19:55:39: Server cvar "LetitSnow" = "1.0"
L 01/01/2020 - 19:55:39: Server cvar "map_spawns" = "T(16) CT(16)"
L 01/01/2020 - 19:55:39: Server cvar "max_queries_sec" = "3"
L 01/01/2020 - 19:55:39: Server cvar "max_queries_sec_global" = "150"
L 01/01/2020 - 19:55:39: Server cvar "max_queries_window" = "60"
L 01/01/2020 - 19:55:39: Server cvar "mdbBans" = "4.8"
L 01/01/2020 - 19:55:39: Server cvar "metamod_version" = "1.21p37"
L 01/01/2020 - 19:55:39: Server cvar "mp_autokick" = "0"
L 01/01/2020 - 19:55:39: Server cvar "mp_autokick_timeout" = "-1"
L 01/01/2020 - 19:55:39: Server cvar "mp_autoteambalance" = "0"
L 01/01/2020 - 19:55:39: Server cvar "mp_buytime" = "0.25"
L 01/01/2020 - 19:55:39: Server cvar "mp_c4timer" = "35"
L 01/01/2020 - 19:55:39: Server cvar "mp_chattime" = "5.000000"
L 01/01/2020 - 19:55:39: Server cvar "mp_consistency" = "1"
L 01/01/2020 - 19:55:39: Server cvar "mp_fadetoblack" = "0"
L 01/01/2020 - 19:55:39: Server cvar "mp_flashlight" = "1"
L 01/01/2020 - 19:55:39: Server cvar "mp_footsteps" = "1"
L 01/01/2020 - 19:55:39: Server cvar "mp_forcecamera" = "0"
L 01/01/2020 - 19:55:39: Server cvar "mp_forcechasecam" = "0"
L 01/01/2020 - 19:55:39: Server cvar "mp_forcerespawn" = "0"
L 01/01/2020 - 19:55:39: Server cvar "mp_fraglimit" = "0"
L 01/01/2020 - 19:55:39: Server cvar "mp_fragsleft" = "0"
L 01/01/2020 - 19:55:39: Server cvar "mp_freeforall" = "0"
L 01/01/2020 - 19:55:39: Server cvar "mp_freezetime" = "1"
L 01/01/2020 - 19:55:39: Server cvar "mp_friendlyfire" = "0"
L 01/01/2020 - 19:55:39: Server cvar "mp_hostage_hurtable" = "1"
L 01/01/2020 - 19:55:39: Server cvar "mp_hostagepenalty" = "0"
L 01/01/2020 - 19:55:39: Server cvar "mp_item_staytime" = "300"
L 01/01/2020 - 19:55:39: Server cvar "mp_kickpercent" = "0.66"
L 01/01/2020 - 19:55:39: Server cvar "mp_legacy_bombtarget_touch" = "1"
L 01/01/2020 - 19:55:39: Server cvar "mp_limitteams" = "0"
L 01/01/2020 - 19:55:39: Server cvar "mp_logdetail" = "0"
L 01/01/2020 - 19:55:39: Server cvar "mp_logfile" = "1"
L 01/01/2020 - 19:55:39: Server cvar "mp_logmessages" = "1"
L 01/01/2020 - 19:55:39: Server cvar "mp_mapvoteratio" = "0.66"
L 01/01/2020 - 19:55:39: Server cvar "mp_maxmoney" = "999999"
L 01/01/2020 - 19:55:39: Server cvar "mp_maxrounds" = "0"
L 01/01/2020 - 19:55:39: Server cvar "mp_mirrordamage" = "0"
L 01/01/2020 - 19:55:39: Server cvar "mp_old_bomb_defused_sound" = "1"
L 01/01/2020 - 19:55:39: Server cvar "mp_playerid" = "0"
L 01/01/2020 - 19:55:39: Server cvar "mp_respawn_immunitytime" = "0"
L 01/01/2020 - 19:55:39: Server cvar "mp_round_infinite" = "0"
L 01/01/2020 - 19:55:39: Server cvar "mp_round_restart_delay" = "5"
L 01/01/2020 - 19:55:39: Server cvar "mp_roundover" = "0"
L 01/01/2020 - 19:55:39: Server cvar "mp_roundtime" = "2.3"
L 01/01/2020 - 19:55:39: Server cvar "mp_show_radioicon" = "1"
L 01/01/2020 - 19:55:39: Server cvar "mp_startmoney" = "850"
L 01/01/2020 - 19:55:39: Server cvar "mp_timeleft" = "10:56"
L 01/01/2020 - 19:55:39: Server cvar "mp_timelimit" = "20"
L 01/01/2020 - 19:55:39: Server cvar "mp_tkpunish" = "0"
L 01/01/2020 - 19:55:39: Server cvar "mp_windifference" = "1"
L 01/01/2020 - 19:55:39: Server cvar "mp_winlimit" = "0"
L 01/01/2020 - 19:55:39: Server cvar "NoWeaponsOnGround" = "1.0"
L 01/01/2020 - 19:55:39: Server cvar "pausable" = "0"
L 01/01/2020 - 19:55:39: Server cvar "present_version" = "2.01"
L 01/01/2020 - 19:55:39: Server cvar "RandomHP" = "2.2"
L 01/01/2020 - 19:55:39: Server cvar "reauthcheck_version" = "0.1.6"
L 01/01/2020 - 19:55:39: Server cvar "reconnect_features" = "0.3.1"
L 01/01/2020 - 19:55:39: Server cvar "report_system_version" = "3.1"
L 01/01/2020 - 19:55:39: Server cvar "resemiclip_version" = "2.3.9"
L 01/01/2020 - 19:55:39: Server cvar "reu_version" = "0.1.0.130"
L 01/01/2020 - 19:55:39: Server cvar "revoice_version" = "0.1.0.30"
L 01/01/2020 - 19:55:39: Server cvar "RRWM" = "2.0"
L 01/01/2020 - 19:55:39: Server cvar "sanksounds_version" = "1.8.6"
L 01/01/2020 - 19:55:39: Server cvar "SimpleMenu" = "1.1"
L 01/01/2020 - 19:55:39: Server cvar "SNAC_Version" = "1.1"
L 01/01/2020 - 19:55:39: Server cvar "SpecList" = "1.2a"
L 01/01/2020 - 19:55:39: Server cvar "sr_version" = "1.6"
L 01/01/2020 - 19:55:39: Server cvar "statsx_shell_ver" = "2.0.0 (BETA)"
L 01/01/2020 - 19:55:39: Server cvar "StyleC4Timer" = "2.1"
L 01/01/2020 - 19:55:39: Server cvar "sv_accelerate" = "5"
L 01/01/2020 - 19:55:39: Server cvar "sv_aim" = "1"
L 01/01/2020 - 19:55:39: Server cvar "sv_airaccelerate" = "100"
L 01/01/2020 - 19:55:39: Server cvar "sv_allowupload" = "1"
L 01/01/2020 - 19:55:39: Server cvar "sv_alltalk" = "1"
L 01/01/2020 - 19:55:39: Server cvar "sv_bounce" = "1"
L 01/01/2020 - 19:55:39: Server cvar "sv_cheats" = "0"
L 01/01/2020 - 19:55:39: Server cvar "sv_clienttrace" = "1"
L 01/01/2020 - 19:55:39: Server cvar "sv_contact" = "feruchio599@gmail.com"
L 01/01/2020 - 19:55:39: Server cvar "sv_friction" = "4"
L 01/01/2020 - 19:55:39: Server cvar "sv_gravity" = "800"
L 01/01/2020 - 19:55:39: Server cvar "sv_logblocks" = "0"
L 01/01/2020 - 19:55:39: Server cvar "sv_maxrate" = "50000"
L 01/01/2020 - 19:55:39: Server cvar "sv_maxspeed" = "900.000000"
L 01/01/2020 - 19:55:39: Server cvar "sv_minrate" = "10000"
L 01/01/2020 - 19:55:39: Server cvar "sv_password" = ""
L 01/01/2020 - 19:55:39: Server cvar "sv_proxies" = "1"
L 01/01/2020 - 19:55:39: Server cvar "sv_restart" = "0"
L 01/01/2020 - 19:55:39: Server cvar "sv_restartround" = "0"
L 01/01/2020 - 19:55:39: Server cvar "sv_stepsize" = "18"
L 01/01/2020 - 19:55:39: Server cvar "sv_stopspeed" = "75"
L 01/01/2020 - 19:55:39: Server cvar "sv_uploadmax" = "0.5"
L 01/01/2020 - 19:55:39: Server cvar "sv_version" = "1.1.2.7/Stdio,48,1621"
L 01/01/2020 - 19:55:39: Server cvar "sv_voiceenable" = "1"
L 01/01/2020 - 19:55:39: Server cvar "sv_wateraccelerate" = "10"
L 01/01/2020 - 19:55:39: Server cvar "sv_waterfriction" = "1"
L 01/01/2020 - 19:55:39: Server cvar "Team_Semiclip_version" = "3.3.1"
L 01/01/2020 - 19:55:39: Server cvar "vehicle_real_killer" = "1.1"
L 01/01/2020 - 19:55:39: Server cvar "WalkGuard" = "1.3.2"
L 01/01/2020 - 19:55:39: Server cvar "we_grenades" = "Huehue"
L 01/01/2020 - 19:55:39: Server cvar "we_player_models" = "Huehue"
L 01/01/2020 - 19:55:39: Server cvar "whb_version" = "1.5.692"
L 01/01/2020 - 19:55:39: Server cvar "zp_jp_version" = "Extra Item Jetpack+Bazooka v3.2"
L 01/01/2020 - 19:55:39: Server cvars end
L 01/01/2020 - 19:55:42: Server cvar "sv_maxspeed" = "900"
L 01/01/2020 - 19:55:42: Server cvar "mp_autoteambalance" = "1"
L 01/01/2020 - 19:55:42: Server cvar "mp_autoteambalance" = "0"
L 01/01/2020 - 19:55:42: Server cvar "amx_nextmap" = "[not yet voted on]"
L 01/01/2020 - 19:55:43: Started map "big_city" (CRC "-1756351155")
L 01/01/2020 - 19:55:45: World triggered "Round_Start"
L 01/01/2020 - 19:55:47: "Maverick<304><STEAM_0:0:37264973><>" entered the game
L 01/01/2020 - 19:55:48: [REUNION]: 341 (213.167.9.197) authorized as RevEmu
L 01/01/2020 - 19:55:48: "341<305><STEAM_2:1:190285650><>" connected, address "213.167.9.197:27005"
L 01/01/2020 - 19:55:49: "NE MI SE PRAVI NA PRO<300><STEAM_2:1:1478724606><>" entered the game
L 01/01/2020 - 19:55:52: "Saad<293><STEAM_0:1:113405507><>" entered the game
L 01/01/2020 - 19:55:53: "341<305><STEAM_2:1:190285650><>" entered the game
L 01/01/2020 - 19:55:57: "NE MI SE PRAVI NA PRO<300><STEAM_2:1:1478724606><>" joined team "TERRORIST"
L 01/01/2020 - 19:55:57: "341<305><STEAM_2:1:190285650><>" joined team "CT"
L 01/01/2020 - 19:55:57: World triggered "Game_Commencing"
L 01/01/2020 - 19:55:57: World triggered "Game_Commencing" (CT "0") (T "0")
L 01/01/2020 - 19:55:57: World triggered "Round_End"
L 01/01/2020 - 19:55:59: "Saad<293><STEAM_0:1:113405507><>" joined team "CT"
L 01/01/2020 - 19:56:00: "Maverick<304><STEAM_0:0:37264973><>" joined team "TERRORIST"
L 01/01/2020 - 19:56:01: "Yashveer<303><STEAM_0:1:160665695><>" entered the game
L 01/01/2020 - 19:56:01: World triggered "Round_Start"
L 01/01/2020 - 19:56:07: "Yashveer<303><STEAM_0:1:160665695><>" joined team "CT"
L 01/01/2020 - 19:56:21: "Saad<5><STEAM_0:1:113405507><>" triggered "amx_chat" (text "una? lithaunia?")
L 01/01/2020 - 19:56:27: "Saad<5><STEAM_0:1:113405507><>" triggered "amx_chat" (text "the one with insta ?")
L 01/01/2020 - 19:56:28: "Maverick<3><STEAM_0:0:37264973><>" triggered "amx_chat" (text "latvia it is")
L 01/01/2020 - 19:56:31: "Saad<5><STEAM_0:1:113405507><>" triggered "amx_chat" (text "oh yes")
L 01/01/2020 - 19:56:33: "Saad<5><STEAM_0:1:113405507><>" triggered "amx_chat" (text "yes")
L 01/01/2020 - 19:56:41: "Saad<5><STEAM_0:1:113405507><>" triggered "amx_chat" (text "ehmmm ,P")
L 01/01/2020 - 19:56:45: "Maverick<304><STEAM_0:0:37264973><TERRORIST>" killed "NE MI SE PRAVI NA PRO<300><STEAM_2:1:1478724606><TERRORIST>" with "tracktrain"
L 01/01/2020 - 19:56:55: "Saad<293><STEAM_0:1:113405507><CT>" committed suicide with "world"
L 01/01/2020 - 19:57:05: "Maverick<304><STEAM_0:0:37264973><TERRORIST>" committed suicide with "world"
L 01/01/2020 - 19:57:05: Team "CT" triggered "CTs_Win" (CT "1") (T "0")
L 01/01/2020 - 19:57:05: World triggered "Round_End"
L 01/01/2020 - 19:57:11: World triggered "Round_Start"
L 01/01/2020 - 19:57:36: "Yashveer<303><STEAM_0:1:160665695><CT>" killed "NE MI SE PRAVI NA PRO<300><STEAM_2:1:1478724606><TERRORIST>" with "deagle"
L 01/01/2020 - 19:57:43: "341<305><STEAM_2:1:190285650><CT>" killed "Maverick<304><STEAM_0:0:37264973><TERRORIST>" with "usp"
L 01/01/2020 - 19:57:43: Team "CT" triggered "CTs_Win" (CT "2") (T "0")
L 01/01/2020 - 19:57:43: World triggered "Round_End"
L 01/01/2020 - 19:57:46: "NE MI SE PRAVI NA PRO<300><STEAM_2:1:1478724606><TERRORIST>" disconnected
L 01/01/2020 - 19:57:47: "341<305><STEAM_2:1:190285650><CT>" joined team "TERRORIST"
L 01/01/2020 - 19:57:47: "<><><>" triggered "amx_chat" (text "[PTB] Transfered 341 to TERRORIST")
L 01/01/2020 - 19:57:49: World triggered "Round_Start"
L 01/01/2020 - 19:58:12: "Maverick<304><STEAM_0:0:37264973><TERRORIST>" killed "Yashveer<303><STEAM_0:1:160665695><CT>" with "tracktrain"
L 01/01/2020 - 19:58:28: "341<305><STEAM_2:1:190285650><TERRORIST>" killed "Saad<293><STEAM_0:1:113405507><CT>" with "knife"
L 01/01/2020 - 19:58:28: Team "TERRORIST" triggered "Terrorists_Win" (CT "2") (T "1")
L 01/01/2020 - 19:58:28: World triggered "Round_End"
L 01/01/2020 - 19:58:33: "Maverick<304><STEAM_0:0:37264973><TERRORIST>" joined team "CT"
L 01/01/2020 - 19:58:33: "<><><>" triggered "amx_chat" (text "[PTB] Transfered Maverick to CT")
L 01/01/2020 - 19:58:34: World triggered "Round_Start"
L 01/01/2020 - 19:58:42: "Maverick<3><STEAM_0:0:37264973><>" triggered "amx_chat" (text "I will tel more now talk to mom")
L 01/01/2020 - 19:58:58: "Saad<5><STEAM_0:1:113405507><>" triggered "amx_chat" (text "kk :D")
L 01/01/2020 - 19:59:21: "341<305><STEAM_2:1:190285650><TERRORIST>" killed "Yashveer<303><STEAM_0:1:160665695><CT>" with "deagle"
L 01/01/2020 - 19:59:34: "341<305><STEAM_2:1:190285650><TERRORIST>" killed "Maverick<304><STEAM_0:0:37264973><CT>" with "deagle"
L 01/01/2020 - 19:59:46: "341<305><STEAM_2:1:190285650><TERRORIST>" killed "Saad<293><STEAM_0:1:113405507><CT>" with "awp"
L 01/01/2020 - 19:59:46: Team "TERRORIST" triggered "Terrorists_Win" (CT "2") (T "2")
L 01/01/2020 - 19:59:46: World triggered "Round_End"
L 01/01/2020 - 19:59:52: World triggered "Round_Start"
L 01/01/2020 - 20:00:16: "341<305><STEAM_2:1:190285650><TERRORIST>" killed "Saad<293><STEAM_0:1:113405507><CT>" with "deagle"
L 01/01/2020 - 20:00:26: "341<305><STEAM_2:1:190285650><TERRORIST>" killed "Yashveer<303><STEAM_0:1:160665695><CT>" with "awp"
L 01/01/2020 - 20:00:54: [REUNION]: X EKO X (151.237.70.16) authorized as RevEmu
L 01/01/2020 - 20:00:54: "X EKO X<306><STEAM_1:0:700894237><>" connected, address "151.237.70.16:27005"
L 01/01/2020 - 20:01:00: "Saad<293><STEAM_0:1:113405507><CT>" disconnected
L 01/01/2020 - 20:01:06: "X EKO X<306><STEAM_1:0:700894237><>" entered the game
L 01/01/2020 - 20:01:12: "Maverick<304><STEAM_0:0:37264973><CT>" committed suicide with "world"
L 01/01/2020 - 20:01:12: Team "TERRORIST" triggered "Terrorists_Win" (CT "2") (T "3")
L 01/01/2020 - 20:01:12: World triggered "Round_End"
L 01/01/2020 - 20:01:14: "X EKO X<306><STEAM_1:0:700894237><>" joined team "TERRORIST"
L 01/01/2020 - 20:01:18: World triggered "Round_Start"
L 01/01/2020 - 20:01:35: "X EKO X<306><STEAM_1:0:700894237><TERRORIST>" committed suicide with "tracktrain"
L 01/01/2020 - 20:01:44: [REUNION]: IP 193.42.110.171 banned for 10 minutes for query flooding (PPS: 335)
L 01/01/2020 - 20:03:13: "341<305><STEAM_2:1:190285650><TERRORIST>" killed "Maverick<304><STEAM_0:0:37264973><CT>" with "awp"
L 01/01/2020 - 20:03:36: Team "TERRORIST" triggered "Hostages_Not_Rescued" (CT "2") (T "4")
L 01/01/2020 - 20:03:36: World triggered "Round_End"
L 01/01/2020 - 20:03:42: World triggered "Round_Start"
L 01/01/2020 - 20:04:02: "Maverick<304><STEAM_0:0:37264973><CT>" killed "341<305><STEAM_2:1:190285650><TERRORIST>" with "mac10"
L 01/01/2020 - 20:04:13: "X EKO X<306><STEAM_1:0:700894237><TERRORIST>" killed "Yashveer<303><STEAM_0:1:160665695><CT>" with "ak47"
L 01/01/2020 - 20:04:18: "X EKO X<306><STEAM_1:0:700894237><TERRORIST>" killed "Maverick<304><STEAM_0:0:37264973><CT>" with "ak47"
L 01/01/2020 - 20:04:18: Team "TERRORIST" triggered "Terrorists_Win" (CT "2") (T "5")
L 01/01/2020 - 20:04:18: World triggered "Round_End"
L 01/01/2020 - 20:04:18: "Maverick<304><STEAM_0:0:37264973><CT>" killed "X EKO X<306><STEAM_1:0:700894237><TERRORIST>" with "tracktrain"
L 01/01/2020 - 20:04:22: "341<305><STEAM_2:1:190285650><TERRORIST>" joined team "CT"
L 01/01/2020 - 20:04:22: "<><><>" triggered "amx_chat" (text "[PTB] Transfered 341 to CT")
L 01/01/2020 - 20:04:24: World triggered "Round_Start"
L 01/01/2020 - 20:05:16: "341<305><STEAM_2:1:190285650><CT>" killed "X EKO X<306><STEAM_1:0:700894237><TERRORIST>" with "m4a1"
L 01/01/2020 - 20:05:16: Team "CT" triggered "CTs_Win" (CT "3") (T "5")
L 01/01/2020 - 20:05:16: World triggered "Round_End"
L 01/01/2020 - 20:05:18: [REUNION]: HuNt3r (188.255.184.74) authorized as RevEmu
L 01/01/2020 - 20:05:18: "HuNt3r<307><STEAM_1:1:1071071391><>" connected, address "188.255.184.74:27005"
L 01/01/2020 - 20:05:20: "Maverick<304><STEAM_0:0:37264973><CT>" joined team "TERRORIST"
L 01/01/2020 - 20:05:20: "<><><>" triggered "amx_chat" (text "[PTB] Transfered Maverick to TERRORIST")
L 01/01/2020 - 20:05:22: World triggered "Round_Start"
L 01/01/2020 - 20:05:36: "HuNt3r<307><STEAM_1:1:1071071391><>" entered the game
L 01/01/2020 - 20:05:45: "HuNt3r<307><STEAM_1:1:1071071391><>" joined team "TERRORIST"
L 01/01/2020 - 20:05:49: "Maverick<304><STEAM_0:0:37264973><TERRORIST>" killed "Yashveer<303><STEAM_0:1:160665695><CT>" with "m4a1"
L 01/01/2020 - 20:06:12: "341<305><STEAM_2:1:190285650><CT>" killed "Maverick<304><STEAM_0:0:37264973><TERRORIST>" with "m4a1"
L 01/01/2020 - 20:06:24: "341<305><STEAM_2:1:190285650><CT>" killed "X EKO X<306><STEAM_1:0:700894237><TERRORIST>" with "m4a1"
L 01/01/2020 - 20:06:24: Team "CT" triggered "CTs_Win" (CT "4") (T "5")
L 01/01/2020 - 20:06:24: World triggered "Round_End"
L 01/01/2020 - 20:06:29: "Yashveer<303><STEAM_0:1:160665695><CT>" joined team "TERRORIST"
L 01/01/2020 - 20:06:29: "<><><>" triggered "amx_chat" (text "[PTB] Transfered Yashveer to TERRORIST")
L 01/01/2020 - 20:06:30: World triggered "Round_Start"
L 01/01/2020 - 20:06:50: "Yashveer<303><STEAM_0:1:160665695><TERRORIST>" killed "HuNt3r<307><STEAM_1:1:1071071391><TERRORIST>" with "tracktrain"
L 01/01/2020 - 20:06:56: "341<305><STEAM_2:1:190285650><CT>" triggered "Touched_A_Hostage"
L 01/01/2020 - 20:06:59: "341<305><STEAM_2:1:190285650><CT>" killed "X EKO X<306><STEAM_1:0:700894237><TERRORIST>" with "elite"
L 01/01/2020 - 20:07:01: "Yashveer<303><STEAM_0:1:160665695><TERRORIST>" killed "Maverick<304><STEAM_0:0:37264973><TERRORIST>" with "tracktrain"
L 01/01/2020 - 20:07:04: "X EKO X<306><STEAM_1:0:700894237><TERRORIST>" joined team "CT"
L 01/01/2020 - 20:07:14: "341<305><STEAM_2:1:190285650><CT>" killed "Yashveer<303><STEAM_0:1:160665695><TERRORIST>" with "elite"
L 01/01/2020 - 20:07:14: Team "CT" triggered "CTs_Win" (CT "5") (T "5")
L 01/01/2020 - 20:07:14: World triggered "Round_End"
L 01/01/2020 - 20:07:20: World triggered "Round_Start"
L 01/01/2020 - 20:07:33: "Yashveer<303><STEAM_0:1:160665695><TERRORIST>" killed "Maverick<304><STEAM_0:0:37264973><TERRORIST>" with "tracktrain"
L 01/01/2020 - 20:07:59: "341<305><STEAM_2:1:190285650><CT>" killed "HuNt3r<307><STEAM_1:1:1071071391><TERRORIST>" with "elite"
L 01/01/2020 - 20:08:37: "341<305><STEAM_2:1:190285650><CT>" killed "Yashveer<303><STEAM_0:1:160665695><TERRORIST>" with "elite"
L 01/01/2020 - 20:08:37: Team "CT" triggered "CTs_Win" (CT "6") (T "5")
L 01/01/2020 - 20:08:37: World triggered "Round_End"
L 01/01/2020 - 20:08:43: World triggered "Round_Start"
L 01/01/2020 - 20:09:12: "X EKO X<306><STEAM_1:0:700894237><CT>" triggered "Killed_A_Hostage"
L 01/01/2020 - 20:09:12: "Maverick<304><STEAM_0:0:37264973><TERRORIST>" committed suicide with "tracktrain"
L 01/01/2020 - 20:09:16: "341<305><STEAM_2:1:190285650><CT>" killed "Yashveer<303><STEAM_0:1:160665695><TERRORIST>" with "elite"
L 01/01/2020 - 20:09:18: "X EKO X<306><STEAM_1:0:700894237><CT>" triggered "Killed_A_Hostage"
L 01/01/2020 - 20:09:24: "Yashveer<303><STEAM_0:1:160665695><TERRORIST>" disconnected
L 01/01/2020 - 20:09:28: "HuNt3r<307><STEAM_1:1:1071071391><TERRORIST>" killed "X EKO X<306><STEAM_1:0:700894237><CT>" with "ak47"
L 01/01/2020 - 20:10:07: "341<305><STEAM_2:1:190285650><CT>" killed "HuNt3r<307><STEAM_1:1:1071071391><TERRORIST>" with "knife"
L 01/01/2020 - 20:10:07: Team "CT" triggered "CTs_Win" (CT "7") (T "5")
L 01/01/2020 - 20:10:07: World triggered "Round_End"
L 01/01/2020 - 20:10:13: World triggered "Round_Start"
L 01/01/2020 - 20:10:39: "X EKO X<306><STEAM_1:0:700894237><CT>" killed "HuNt3r<307><STEAM_1:1:1071071391><TERRORIST>" with "m4a1"
L 01/01/2020 - 20:10:47: "341<305><STEAM_2:1:190285650><CT>" killed "Maverick<304><STEAM_0:0:37264973><TERRORIST>" with "elite"
L 01/01/2020 - 20:10:47: Team "CT" triggered "CTs_Win" (CT "8") (T "5")
L 01/01/2020 - 20:10:47: World triggered "Round_End"
L 01/01/2020 - 20:10:51: "X EKO X<306><STEAM_1:0:700894237><CT>" joined team "TERRORIST"
L 01/01/2020 - 20:10:51: "<><><>" triggered "amx_chat" (text "[PTB] Transfered X EKO X to TERRORIST")
L 01/01/2020 - 20:10:53: World triggered "Round_Start"
L 01/01/2020 - 20:11:19: "341<305><STEAM_2:1:190285650><CT>" killed "HuNt3r<307><STEAM_1:1:1071071391><TERRORIST>" with "m3"
L 01/01/2020 - 20:11:21: "341<305><STEAM_2:1:190285650><CT>" killed "Maverick<304><STEAM_0:0:37264973><TERRORIST>" with "m3"
L 01/01/2020 - 20:11:22: "341<305><STEAM_2:1:190285650><CT>" killed "X EKO X<306><STEAM_1:0:700894237><TERRORIST>" with "m3"
L 01/01/2020 - 20:11:22: Team "CT" triggered "CTs_Win" (CT "9") (T "5")
L 01/01/2020 - 20:11:22: World triggered "Round_End"
L 01/01/2020 - 20:11:28: World triggered "Round_Start"
L 01/01/2020 - 20:11:41: "Maverick<304><STEAM_0:0:37264973><TERRORIST>" killed "HuNt3r<307><STEAM_1:1:1071071391><TERRORIST>" with "tracktrain"
L 01/01/2020 - 20:12:11: "X EKO X<306><STEAM_1:0:700894237><TERRORIST>" triggered "Killed_A_Hostage"
L 01/01/2020 - 20:12:56: "341<305><STEAM_2:1:190285650><CT>" killed "Maverick<304><STEAM_0:0:37264973><TERRORIST>" with "elite"
L 01/01/2020 - 20:12:57: "X EKO X<306><STEAM_1:0:700894237><TERRORIST>" disconnected
L 01/01/2020 - 20:12:57: Team "CT" triggered "CTs_Win" (CT "10") (T "5")
L 01/01/2020 - 20:12:57: World triggered "Round_End"
L 01/01/2020 - 20:13:03: World triggered "Round_Start"
L 01/01/2020 - 20:13:30: "HuNt3r<307><STEAM_1:1:1071071391><TERRORIST>" disconnected
L 01/01/2020 - 20:13:54: Server cvar "amx_nextmap" = "gijoe_cars"
L 01/01/2020 - 20:14:55: "Maverick<304><STEAM_0:0:37264973><TERRORIST>" committed suicide with "world"
L 01/01/2020 - 20:14:55: Team "CT" triggered "CTs_Win" (CT "11") (T "5")
L 01/01/2020 - 20:14:55: World triggered "Round_End"
L 01/01/2020 - 20:15:01: World triggered "Round_Start"
L 01/01/2020 - 20:15:14: "Smartmachine |R|<308><STEAM_0:1:46508633><>" connected, address "78.29.137.159:27005"
L 01/01/2020 - 20:15:14: "Smartmachine |R|<308><STEAM_0:1:46508633><>" STEAM USERID validated
L 01/01/2020 - 20:15:24: "Smartmachine |R|<309><STEAM_0:1:46508633><>" connected, address "78.29.137.159:27005"
L 01/01/2020 - 20:15:24: "Smartmachine |R|<309><STEAM_0:1:46508633><>" STEAM USERID validated
L 01/01/2020 - 20:15:42: Server cvar "mp_timelimit" = "0.000000"
L 01/01/2020 - 20:15:44: "Smartmachine |R|<309><STEAM_0:1:46508633><>" entered the game
L 01/01/2020 - 20:15:47: "Smartmachine |R|<309><STEAM_0:1:46508633><>" joined team "CT"
L 01/01/2020 - 20:15:55: "341<305><STEAM_2:1:190285650><CT>" killed "Maverick<304><STEAM_0:0:37264973><TERRORIST>" with "knife"
L 01/01/2020 - 20:15:55: Team "CT" triggered "CTs_Win" (CT "12") (T "5")
L 01/01/2020 - 20:15:55: World triggered "Round_End"
L 01/01/2020 - 20:16:01: World triggered "Round_Start"
L 01/01/2020 - 20:16:01: Server cvar "sv_maxspeed" = "0.000000"
L 01/01/2020 - 20:16:01: Server cvar "mp_friendlyfire" = "1"
L 01/01/2020 - 20:16:04: "341<305><STEAM_2:1:190285650><CT>" killed "Smartmachine |R|<309><STEAM_0:1:46508633><CT>" with "m4a1"
L 01/01/2020 - 20:16:06: "Maverick<304><STEAM_0:0:37264973><TERRORIST>" committed suicide with "worldspawn" (world)
L 01/01/2020 - 20:16:06: Team "CT" triggered "CTs_Win" (CT "13") (T "5")
L 01/01/2020 - 20:16:06: World triggered "Round_End"
L 01/01/2020 - 20:16:07: Server cvar "sv_maxspeed" = "900.000000"
L 01/01/2020 - 20:16:07: Server cvar "mp_friendlyfire" = "0"
L 01/01/2020 - 20:16:07: Server cvar "mp_timelimit" = "20.000000"
L 01/01/2020 - 20:16:07: [META] ini: Begin re-reading plugins list: /home/rented/public9/cstrike/addons/metamod/plugins.ini
L 01/01/2020 - 20:16:07: [META] ini: Read plugin config for: SafeNameAndChat
L 01/01/2020 - 20:16:07: [META] ini: Read plugin config for: AMX Mod X
L 01/01/2020 - 20:16:07: [META] ini: Read plugin config for: Reunion
L 01/01/2020 - 20:16:07: [META] ini: Read plugin config for: ReAuthCheck
L 01/01/2020 - 20:16:07: [META] ini: Read plugin config for: WHBlocker
L 01/01/2020 - 20:16:07: [META] ini: Read plugin config for: ReSemiclip
L 01/01/2020 - 20:16:07: [META] ini: Read plugin config for: Revoice
L 01/01/2020 - 20:16:07: [META] ini: Finished reading plugins list: /home/rented/public9/cstrike/addons/metamod/plugins.ini; Found 7 plugins
L 01/01/2020 - 20:16:07: [META] dll: Updating plugins...
L 01/01/2020 - 20:16:07: [META] WARNING: Cannot clear plugin 'SafeNameAndChat'; not marked as failed, empty, or open (status=valid)
L 01/01/2020 - 20:16:07: [META] dll: Unloaded plugin 'SafeNameAndChat' for reason 'file on disk is newer'
L 01/01/2020 - 20:16:07: [META] dll: Loaded plugin 'SafeNameAndChat': SafeNameAndChat v1.1 2017.02.01, WPMG.PRoSToC0der
L 01/01/2020 - 20:16:07: [META] WARNING: Cannot clear plugin 'WHBlocker'; not marked as failed, empty, or open (status=valid)
L 01/01/2020 - 20:16:07: [META] dll: Unloaded plugin 'WHBlocker' for reason 'file on disk is newer'
L 01/01/2020 - 20:16:07: [META] dll: Loaded plugin 'WHBlocker': WHBlocker v1.5.692 2017-04-13, s1lent
L 01/01/2020 - 20:16:07: [META] WARNING: Cannot clear plugin 'ReSemiclip'; not marked as failed, empty, or open (status=valid)
L 01/01/2020 - 20:16:07: [META] dll: Unloaded plugin 'ReSemiclip' for reason 'file on disk is newer'
L 01/01/2020 - 20:16:07: [META] dll: Loaded plugin 'ReSemiclip': ReSemiclip v2.3.9 13/02/17, s1lent & Adidasman
L 01/01/2020 - 20:16:07: [META] dll: Finished updating 14 plugins; kept 0, loaded 0, unloaded 0, reloaded 3, delayed 0
L 01/01/2020 - 20:16:07: "Smartmachine |R|<309><STEAM_0:1:46508633><CT>" disconnected
L 01/01/2020 - 20:16:07: "Maverick<304><STEAM_0:0:37264973><TERRORIST>" disconnected
L 01/01/2020 - 20:16:07: "341<305><STEAM_2:1:190285650><CT>" disconnected
L 01/01/2020 - 20:16:07: Log file closed
