L 01/05/2020 - 16:29:00: Log file started (file "logs/L0105064.log") (game "cstrike") (version "48/1.1.2.7/Stdio/1621")
L 01/05/2020 - 16:29:00: Loading map "supercrazycars"
L 01/05/2020 - 16:29:00: Server cvars start
L 01/05/2020 - 16:29:00: Server cvar "@BunnyHopper" = "3.x"
L 01/05/2020 - 16:29:00: Server cvar "@CRXGoSpec" = "1.1"
L 01/05/2020 - 16:29:00: Server cvar "@CRXRemoveImmunity" = "1.0"
L 01/05/2020 - 16:29:00: Server cvar "@D.I.C.E." = "1.1"
L 01/05/2020 - 16:29:00: Server cvar "@MOTDCommands" = "1.2"
L 01/05/2020 - 16:29:00: Server cvar "advanced_quake_sounds" = "5.0"
L 01/05/2020 - 16:29:00: Server cvar "AdvancedMute" = "1.0"
L 01/05/2020 - 16:29:00: Server cvar "aesp_version" = "1.3"
L 01/05/2020 - 16:29:00: Server cvar "allow_spectators" = "1.0"
L 01/05/2020 - 16:29:00: Server cvar "amx_client_languages" = "1"
L 01/05/2020 - 16:29:00: Server cvar "amx_language" = "en"
L 01/05/2020 - 16:29:00: Server cvar "amx_nextmap" = "supercrazycars"
L 01/05/2020 - 16:29:00: Server cvar "amx_ptb_version" = "1.8b3"
L 01/05/2020 - 16:29:00: Server cvar "amx_timeleft" = "18:51"
L 01/05/2020 - 16:29:00: Server cvar "amxmodx_version" = "1.8.2"
L 01/05/2020 - 16:29:00: Server cvar "amxxbg_vip" = "1.0"
L 01/05/2020 - 16:29:00: Server cvar "asp_version" = "4.5.1"
L 01/05/2020 - 16:29:00: Server cvar "atac_version" = "3.0.1"
L 01/05/2020 - 16:29:00: Server cvar "badcamper_version" = "1.4 beta"
L 01/05/2020 - 16:29:00: Server cvar "blockmaker" = "4.01"
L 01/05/2020 - 16:29:00: Server cvar "c4 timer" = "1.1"
L 01/05/2020 - 16:29:00: Server cvar "coop" = "0"
L 01/05/2020 - 16:29:00: Server cvar "CRXAdminGroups" = "1.0"
L 01/05/2020 - 16:29:00: Server cvar "CRXCommandRestrictions" = "1.0"
L 01/05/2020 - 16:29:00: Server cvar "CRXFastKnife" = "1.0"
L 01/05/2020 - 16:29:00: Server cvar "CRXGametracker" = "2.0"
L 01/05/2020 - 16:29:00: Server cvar "CRXKnifeModels" = "2.5.7"
L 01/05/2020 - 16:29:00: Server cvar "CRXTeamAdvantage" = "1.0"
L 01/05/2020 - 16:29:00: Server cvar "CustomShop" = "4.2"
L 01/05/2020 - 16:29:00: Server cvar "deathmatch" = "1"
L 01/05/2020 - 16:29:00: Server cvar "decalfrequency" = "0"
L 01/05/2020 - 16:29:00: Server cvar "edgefriction" = "2"
L 01/05/2020 - 16:29:00: Server cvar "ers_version" = "2.3c"
L 01/05/2020 - 16:29:00: Server cvar "gagsystem_shoko" = "1.0"
L 01/05/2020 - 16:29:00: Server cvar "gal_mapcyclefile" = "mapcycle.txt"
L 01/05/2020 - 16:29:00: Server cvar "gal_version" = "v5.9.1-926"
L 01/05/2020 - 16:29:00: Server cvar "game_version" = "5.7.0.313-dev"
L 01/05/2020 - 16:29:00: Server cvar "humans_join_team" = "any"
L 01/05/2020 - 16:29:00: Server cvar "jtp10181" = "chute,gore"
L 01/05/2020 - 16:29:00: Server cvar "lawliet" = "ny_RainingSnow"
L 01/05/2020 - 16:29:00: Server cvar "LetitSnow" = "1.0"
L 01/05/2020 - 16:29:00: Server cvar "map_spawns" = "T(16) CT(16)"
L 01/05/2020 - 16:29:00: Server cvar "max_queries_sec" = "3"
L 01/05/2020 - 16:29:00: Server cvar "max_queries_sec_global" = "150"
L 01/05/2020 - 16:29:00: Server cvar "max_queries_window" = "60"
L 01/05/2020 - 16:29:00: Server cvar "mdbBans" = "4.8"
L 01/05/2020 - 16:29:00: Server cvar "metamod_version" = "1.21p37"
L 01/05/2020 - 16:29:00: Server cvar "mp_autokick" = "0"
L 01/05/2020 - 16:29:00: Server cvar "mp_autokick_timeout" = "-1"
L 01/05/2020 - 16:29:00: Server cvar "mp_autoteambalance" = "0"
L 01/05/2020 - 16:29:00: Server cvar "mp_buytime" = "0.25"
L 01/05/2020 - 16:29:00: Server cvar "mp_c4timer" = "35"
L 01/05/2020 - 16:29:00: Server cvar "mp_chattime" = "5.000000"
L 01/05/2020 - 16:29:00: Server cvar "mp_consistency" = "1"
L 01/05/2020 - 16:29:00: Server cvar "mp_fadetoblack" = "0"
L 01/05/2020 - 16:29:00: Server cvar "mp_flashlight" = "1"
L 01/05/2020 - 16:29:00: Server cvar "mp_footsteps" = "1"
L 01/05/2020 - 16:29:00: Server cvar "mp_forcecamera" = "0"
L 01/05/2020 - 16:29:00: Server cvar "mp_forcechasecam" = "0"
L 01/05/2020 - 16:29:00: Server cvar "mp_forcerespawn" = "0"
L 01/05/2020 - 16:29:00: Server cvar "mp_fraglimit" = "0"
L 01/05/2020 - 16:29:00: Server cvar "mp_fragsleft" = "0"
L 01/05/2020 - 16:29:00: Server cvar "mp_freeforall" = "0"
L 01/05/2020 - 16:29:00: Server cvar "mp_freezetime" = "1"
L 01/05/2020 - 16:29:00: Server cvar "mp_friendlyfire" = "0"
L 01/05/2020 - 16:29:00: Server cvar "mp_hostage_hurtable" = "1"
L 01/05/2020 - 16:29:00: Server cvar "mp_hostagepenalty" = "0"
L 01/05/2020 - 16:29:00: Server cvar "mp_item_staytime" = "300"
L 01/05/2020 - 16:29:00: Server cvar "mp_kickpercent" = "0.66"
L 01/05/2020 - 16:29:00: Server cvar "mp_legacy_bombtarget_touch" = "1"
L 01/05/2020 - 16:29:00: Server cvar "mp_limitteams" = "0"
L 01/05/2020 - 16:29:00: Server cvar "mp_logdetail" = "0"
L 01/05/2020 - 16:29:00: Server cvar "mp_logfile" = "1"
L 01/05/2020 - 16:29:00: Server cvar "mp_logmessages" = "1"
L 01/05/2020 - 16:29:00: Server cvar "mp_mapvoteratio" = "0.66"
L 01/05/2020 - 16:29:00: Server cvar "mp_maxmoney" = "999999"
L 01/05/2020 - 16:29:00: Server cvar "mp_maxrounds" = "0"
L 01/05/2020 - 16:29:00: Server cvar "mp_mirrordamage" = "0"
L 01/05/2020 - 16:29:00: Server cvar "mp_old_bomb_defused_sound" = "1"
L 01/05/2020 - 16:29:00: Server cvar "mp_playerid" = "0"
L 01/05/2020 - 16:29:00: Server cvar "mp_respawn_immunitytime" = "0"
L 01/05/2020 - 16:29:00: Server cvar "mp_round_infinite" = "0"
L 01/05/2020 - 16:29:00: Server cvar "mp_round_restart_delay" = "5"
L 01/05/2020 - 16:29:00: Server cvar "mp_roundover" = "0"
L 01/05/2020 - 16:29:00: Server cvar "mp_roundtime" = "2.3"
L 01/05/2020 - 16:29:00: Server cvar "mp_show_radioicon" = "1"
L 01/05/2020 - 16:29:00: Server cvar "mp_startmoney" = "850"
L 01/05/2020 - 16:29:00: Server cvar "mp_timeleft" = "18:51"
L 01/05/2020 - 16:29:00: Server cvar "mp_timelimit" = "20"
L 01/05/2020 - 16:29:00: Server cvar "mp_tkpunish" = "0"
L 01/05/2020 - 16:29:00: Server cvar "mp_windifference" = "1"
L 01/05/2020 - 16:29:00: Server cvar "mp_winlimit" = "0"
L 01/05/2020 - 16:29:00: Server cvar "NoWeaponsOnGround" = "1.0"
L 01/05/2020 - 16:29:00: Server cvar "pausable" = "0"
L 01/05/2020 - 16:29:00: Server cvar "present_version" = "2.01"
L 01/05/2020 - 16:29:00: Server cvar "RandomHP" = "2.2"
L 01/05/2020 - 16:29:00: Server cvar "reauthcheck_version" = "0.1.6"
L 01/05/2020 - 16:29:00: Server cvar "reconnect_features" = "0.3.1"
L 01/05/2020 - 16:29:00: Server cvar "report_system_version" = "3.1"
L 01/05/2020 - 16:29:00: Server cvar "resemiclip_version" = "2.3.9"
L 01/05/2020 - 16:29:00: Server cvar "reu_version" = "0.1.0.130"
L 01/05/2020 - 16:29:00: Server cvar "revoice_version" = "0.1.0.30"
L 01/05/2020 - 16:29:00: Server cvar "RRWM" = "2.0"
L 01/05/2020 - 16:29:00: Server cvar "sanksounds_version" = "1.8.6"
L 01/05/2020 - 16:29:00: Server cvar "SimpleMenu" = "1.1"
L 01/05/2020 - 16:29:00: Server cvar "SNAC_Version" = "1.1"
L 01/05/2020 - 16:29:00: Server cvar "SpecList" = "1.2a"
L 01/05/2020 - 16:29:00: Server cvar "sr_version" = "1.6"
L 01/05/2020 - 16:29:00: Server cvar "statsx_shell_ver" = "2.0.0 (BETA)"
L 01/05/2020 - 16:29:00: Server cvar "StyleC4Timer" = "2.1"
L 01/05/2020 - 16:29:00: Server cvar "sv_accelerate" = "5"
L 01/05/2020 - 16:29:00: Server cvar "sv_aim" = "1"
L 01/05/2020 - 16:29:00: Server cvar "sv_airaccelerate" = "100"
L 01/05/2020 - 16:29:00: Server cvar "sv_allowupload" = "1"
L 01/05/2020 - 16:29:00: Server cvar "sv_alltalk" = "1"
L 01/05/2020 - 16:29:00: Server cvar "sv_bounce" = "1"
L 01/05/2020 - 16:29:00: Server cvar "sv_cheats" = "0"
L 01/05/2020 - 16:29:00: Server cvar "sv_clienttrace" = "1"
L 01/05/2020 - 16:29:00: Server cvar "sv_contact" = "feruchio599@gmail.com"
L 01/05/2020 - 16:29:00: Server cvar "sv_friction" = "4"
L 01/05/2020 - 16:29:00: Server cvar "sv_gravity" = "800"
L 01/05/2020 - 16:29:00: Server cvar "sv_logblocks" = "0"
L 01/05/2020 - 16:29:00: Server cvar "sv_maxrate" = "50000"
L 01/05/2020 - 16:29:00: Server cvar "sv_maxspeed" = "900.000000"
L 01/05/2020 - 16:29:00: Server cvar "sv_minrate" = "10000"
L 01/05/2020 - 16:29:00: Server cvar "sv_password" = ""
L 01/05/2020 - 16:29:00: Server cvar "sv_proxies" = "1"
L 01/05/2020 - 16:29:00: Server cvar "sv_restart" = "0"
L 01/05/2020 - 16:29:00: Server cvar "sv_restartround" = "0"
L 01/05/2020 - 16:29:00: Server cvar "sv_stepsize" = "18"
L 01/05/2020 - 16:29:00: Server cvar "sv_stopspeed" = "75"
L 01/05/2020 - 16:29:00: Server cvar "sv_uploadmax" = "0.5"
L 01/05/2020 - 16:29:00: Server cvar "sv_version" = "1.1.2.7/Stdio,48,1621"
L 01/05/2020 - 16:29:00: Server cvar "sv_voiceenable" = "1"
L 01/05/2020 - 16:29:00: Server cvar "sv_wateraccelerate" = "10"
L 01/05/2020 - 16:29:00: Server cvar "sv_waterfriction" = "1"
L 01/05/2020 - 16:29:00: Server cvar "Team_Semiclip_version" = "3.3.1"
L 01/05/2020 - 16:29:00: Server cvar "vehicle_real_killer" = "1.1"
L 01/05/2020 - 16:29:00: Server cvar "WalkGuard" = "1.3.2"
L 01/05/2020 - 16:29:00: Server cvar "we_grenades" = "Huehue"
L 01/05/2020 - 16:29:00: Server cvar "we_player_models" = "Huehue"
L 01/05/2020 - 16:29:00: Server cvar "whb_version" = "1.5.692"
L 01/05/2020 - 16:29:00: Server cvar "zp_jp_version" = "Extra Item Jetpack+Bazooka v3.2"
L 01/05/2020 - 16:29:00: Server cvars end
L 01/05/2020 - 16:29:02: Server cvar "sv_maxspeed" = "900"
L 01/05/2020 - 16:29:02: Server cvar "mp_autoteambalance" = "1"
L 01/05/2020 - 16:29:03: Server cvar "mp_autoteambalance" = "0"
L 01/05/2020 - 16:29:03: Server cvar "amx_nextmap" = "[not yet voted on]"
L 01/05/2020 - 16:29:04: Started map "supercrazycars" (CRC "1225159448")
L 01/05/2020 - 16:29:06: World triggered "Round_Start"
L 01/05/2020 - 16:29:08: "2Pacalypse<164><VALVE_ID_LAN><>" entered the game
L 01/05/2020 - 16:29:11: "ROXELNATOR<165><STEAM_0:1:443567484><>" connected, address "46.40.14.72:27005"
L 01/05/2020 - 16:29:11: "ROXELNATOR<165><STEAM_0:1:443567484><>" STEAM USERID validated
L 01/05/2020 - 16:29:14: "2Pacalypse<164><VALVE_ID_LAN><>" joined team "CT"
L 01/05/2020 - 16:29:40: "ROXELNATOR<166><STEAM_0:1:443567484><>" connected, address "46.40.14.72:27005"
L 01/05/2020 - 16:29:41: "ROXELNATOR<166><STEAM_0:1:443567484><>" STEAM USERID validated
L 01/05/2020 - 16:29:48: [REUNION]: Punisher (81.24.242.96) authorized as RevEmu
L 01/05/2020 - 16:29:48: "Punisher<167><STEAM_1:1:1331625618><>" connected, address "81.24.242.96:27005"
L 01/05/2020 - 16:30:04: "ROXELNATOR<168><STEAM_0:1:443567484><>" connected, address "46.40.14.72:27005"
L 01/05/2020 - 16:30:05: "ROXELNATOR<168><STEAM_0:1:443567484><>" STEAM USERID validated
L 01/05/2020 - 16:30:29: "2Pacalypse<164><VALVE_ID_LAN><CT>" disconnected
L 01/05/2020 - 16:30:29: World triggered "Round_Draw" (CT "0") (T "0")
L 01/05/2020 - 16:30:29: World triggered "Round_End"
L 01/05/2020 - 16:30:35: World triggered "Round_Start"
L 01/05/2020 - 16:30:51: [REUNION]: Punisher (81.24.242.96) authorized as RevEmu
L 01/05/2020 - 16:30:51: "Punisher<169><STEAM_1:1:1331625618><>" connected, address "81.24.242.96:27005"
L 01/05/2020 - 16:31:15: [REUNION]: sluncho (77.78.132.177) authorized as RevEmu
L 01/05/2020 - 16:31:15: "sluncho<170><STEAM_1:1:1691027622><>" connected, address "77.78.132.177:27005"
L 01/05/2020 - 16:31:48: "ROXELNATOR<168><STEAM_0:1:443567484><>" entered the game
L 01/05/2020 - 16:32:04: [REUNION]: sluncho (77.78.132.177) authorized as RevEmu
L 01/05/2020 - 16:32:04: "sluncho<171><STEAM_1:1:1691027622><>" connected, address "77.78.132.177:27005"
L 01/05/2020 - 16:32:39: "ROXELNATOR<168><STEAM_0:1:443567484><>" joined team "TERRORIST"
L 01/05/2020 - 16:32:43: [REUNION]: ZAICEV (77.78.132.177) authorized as RevEmu
L 01/05/2020 - 16:32:43: "ZAICEV<172><STEAM_2:1:1379228811><>" connected, address "77.78.132.177:27006"
L 01/05/2020 - 16:32:53: "ROXELNATOR<168><STEAM_0:1:443567484><TERRORIST>" committed suicide with "world"
L 01/05/2020 - 16:32:53: World triggered "Round_Draw" (CT "0") (T "0")
L 01/05/2020 - 16:32:53: World triggered "Round_End"
L 01/05/2020 - 16:32:59: World triggered "Round_Start"
L 01/05/2020 - 16:33:19: "sluncho<171><STEAM_1:1:1691027622><>" entered the game
L 01/05/2020 - 16:33:20: [REUNION]: YOUSIF QADI (46.32.216.122) authorized as RevEmu
L 01/05/2020 - 16:33:20: "YOUSIF QADI<173><STEAM_1:0:1518124784><>" connected, address "46.32.216.122:27005"
L 01/05/2020 - 16:33:33: "sluncho<171><STEAM_1:1:1691027622><>" joined team "CT"
L 01/05/2020 - 16:33:34: World triggered "Game_Commencing"
L 01/05/2020 - 16:33:34: World triggered "Game_Commencing" (CT "0") (T "0")
L 01/05/2020 - 16:33:34: World triggered "Round_End"
L 01/05/2020 - 16:33:38: World triggered "Round_Start"
L 01/05/2020 - 16:33:40: [REUNION]: Zoras_ (78.30.165.210) authorized as RevEmu
L 01/05/2020 - 16:33:40: "Zoras_<174><STEAM_1:0:1144401391><>" connected, address "78.30.165.210:29369"
L 01/05/2020 - 16:33:49: [REUNION]: ZAICEV (77.78.132.177) authorized as RevEmu
L 01/05/2020 - 16:33:49: "ZAICEV<175><STEAM_2:1:1379228811><>" connected, address "77.78.132.177:27006"
L 01/05/2020 - 16:34:22: "ROXELNATOR<168><STEAM_0:1:443567484><TERRORIST>" killed "sluncho<171><STEAM_1:1:1691027622><CT>" with "awp"
L 01/05/2020 - 16:34:22: Team "TERRORIST" triggered "Terrorists_Win" (CT "0") (T "1")
L 01/05/2020 - 16:34:22: World triggered "Round_End"
L 01/05/2020 - 16:34:23: [REUNION]: Zoras_ (78.30.165.210) authorized as RevEmu
L 01/05/2020 - 16:34:23: "Zoras_<176><STEAM_1:0:1144401391><>" connected, address "78.30.165.210:29369"
L 01/05/2020 - 16:34:28: World triggered "Round_Start"
L 01/05/2020 - 16:35:06: "ROXELNATOR<168><STEAM_0:1:443567484><TERRORIST>" killed "sluncho<171><STEAM_1:1:1691027622><CT>" with "awp"
L 01/05/2020 - 16:35:06: Team "TERRORIST" triggered "Terrorists_Win" (CT "0") (T "2")
L 01/05/2020 - 16:35:06: World triggered "Round_End"
L 01/05/2020 - 16:35:09: "ZAICEV<175><STEAM_2:1:1379228811><>" entered the game
L 01/05/2020 - 16:35:12: World triggered "Round_Start"
L 01/05/2020 - 16:35:44: "ZAICEV<175><STEAM_2:1:1379228811><>" joined team "CT"
L 01/05/2020 - 16:35:47: "Maverick<177><STEAM_0:0:37264973><>" connected, address "130.204.36.29:27005"
L 01/05/2020 - 16:35:47: "Maverick<177><STEAM_0:0:37264973><>" STEAM USERID validated
L 01/05/2020 - 16:35:49: "ROXELNATOR<168><STEAM_0:1:443567484><TERRORIST>" killed "sluncho<171><STEAM_1:1:1691027622><CT>" with "awp"
L 01/05/2020 - 16:35:49: Team "TERRORIST" triggered "Terrorists_Win" (CT "0") (T "3")
L 01/05/2020 - 16:35:49: World triggered "Round_End"
L 01/05/2020 - 16:35:52: "Maverick<177><STEAM_0:0:37264973><>" entered the game
L 01/05/2020 - 16:35:55: World triggered "Round_Start"
L 01/05/2020 - 16:35:55: "Maverick<177><STEAM_0:0:37264973><>" joined team "TERRORIST"
L 01/05/2020 - 16:36:01: [REUNION]: Punisher (81.24.242.96) authorized as RevEmu
L 01/05/2020 - 16:36:01: "Punisher<178><STEAM_1:1:1331625618><>" connected, address "81.24.242.96:27005"
L 01/05/2020 - 16:36:38: "ROXELNATOR<168><STEAM_0:1:443567484><TERRORIST>" killed "ZAICEV<175><STEAM_2:1:1379228811><CT>" with "awp"
L 01/05/2020 - 16:36:53: [REUNION]: Punisher (81.24.242.96) authorized as RevEmu
L 01/05/2020 - 16:36:53: "Punisher<179><STEAM_1:1:1331625618><>" connected, address "81.24.242.96:27005"
L 01/05/2020 - 16:37:10: "Punisher<179><STEAM_1:1:1331625618><>" entered the game
L 01/05/2020 - 16:37:15: "sluncho<171><STEAM_1:1:1691027622><CT>" committed suicide with "world"
L 01/05/2020 - 16:37:15: Team "TERRORIST" triggered "Terrorists_Win" (CT "0") (T "4")
L 01/05/2020 - 16:37:15: World triggered "Round_End"
L 01/05/2020 - 16:37:16: "Punisher<179><STEAM_1:1:1331625618><>" joined team "CT"
L 01/05/2020 - 16:37:21: World triggered "Round_Start"
L 01/05/2020 - 16:37:41: "sluncho<171><STEAM_1:1:1691027622><CT>" committed suicide with "world"
L 01/05/2020 - 16:37:41: "sluncho<171><STEAM_1:1:1691027622><CT>" joined team "SPECTATOR"
L 01/05/2020 - 16:37:47: [REUNION]: Zoras_ (78.30.165.210) authorized as RevEmu
L 01/05/2020 - 16:37:47: "Zoras_<180><STEAM_1:0:1144401391><>" connected, address "78.30.165.210:29369"
L 01/05/2020 - 16:38:07: [REUNION]: Mr.Knife (87.116.85.118) authorized as RevEmu
L 01/05/2020 - 16:38:07: "Mr.Knife<181><STEAM_1:1:1973042010><>" connected, address "87.116.85.118:27005"
L 01/05/2020 - 16:38:21: [REUNION]: BAD BOY (178.169.239.222) authorized as RevEmu
L 01/05/2020 - 16:38:21: "BAD BOY<182><STEAM_1:1:175462098><>" connected, address "178.169.239.222:27005"
L 01/05/2020 - 16:38:21: [REUNION]: Mr.Knife (87.116.85.118) authorized as RevEmu
L 01/05/2020 - 16:38:21: "Mr.Knife<183><STEAM_1:1:1973042010><>" connected, address "87.116.85.118:27005"
L 01/05/2020 - 16:38:36: "ZAICEV<175><STEAM_2:1:1379228811><CT>" killed "Maverick<177><STEAM_0:0:37264973><TERRORIST>" with "aug"
L 01/05/2020 - 16:38:42: "ZAICEV<175><STEAM_2:1:1379228811><CT>" killed "ROXELNATOR<168><STEAM_0:1:443567484><TERRORIST>" with "aug"
L 01/05/2020 - 16:38:42: Team "CT" triggered "CTs_Win" (CT "1") (T "4")
L 01/05/2020 - 16:38:42: World triggered "Round_End"
L 01/05/2020 - 16:38:48: World triggered "Round_Start"
L 01/05/2020 - 16:38:55: [REUNION]: BAD BOY (178.169.239.222) authorized as RevEmu
L 01/05/2020 - 16:38:55: "BAD BOY<184><STEAM_1:1:175462098><>" connected, address "178.169.239.222:27005"
L 01/05/2020 - 16:39:10: "Mr.Knife<183><STEAM_1:1:1973042010><>" entered the game
L 01/05/2020 - 16:39:24: "Mr.Knife<183><STEAM_1:1:1973042010><>" joined team "TERRORIST"
L 01/05/2020 - 16:39:24: "ZAICEV<175><STEAM_2:1:1379228811><CT>" killed "Maverick<177><STEAM_0:0:37264973><TERRORIST>" with "tracktrain"
L 01/05/2020 - 16:40:02: "ROXELNATOR<168><STEAM_0:1:443567484><TERRORIST>" killed "Punisher<179><STEAM_1:1:1331625618><CT>" with "usp"
L 01/05/2020 - 16:40:17: "BAD BOY<184><STEAM_1:1:175462098><>" entered the game
L 01/05/2020 - 16:40:25: "BAD BOY<184><STEAM_1:1:175462098><>" joined team "CT"
L 01/05/2020 - 16:40:38: "ROXELNATOR<168><STEAM_0:1:443567484><TERRORIST>" killed "ZAICEV<175><STEAM_2:1:1379228811><CT>" with "usp"
L 01/05/2020 - 16:40:38: Team "TERRORIST" triggered "Terrorists_Win" (CT "1") (T "5")
L 01/05/2020 - 16:40:38: World triggered "Round_End"
L 01/05/2020 - 16:40:44: World triggered "Round_Start"
L 01/05/2020 - 16:40:57: "jesse_pinkman<185><STEAM_0:1:526796648><>" connected, address "91.148.164.81:27005"
L 01/05/2020 - 16:40:57: "jesse_pinkman<185><STEAM_0:1:526796648><>" STEAM USERID validated
L 01/05/2020 - 16:41:17: "ZAICEV<175><STEAM_2:1:1379228811><CT>" killed "Maverick<177><STEAM_0:0:37264973><TERRORIST>" with "aug"
L 01/05/2020 - 16:41:20: "jesse_pinkman<186><STEAM_0:1:526796648><>" connected, address "91.148.164.81:27005"
L 01/05/2020 - 16:41:20: "jesse_pinkman<186><STEAM_0:1:526796648><>" STEAM USERID validated
L 01/05/2020 - 16:41:23: "BAD BOY<184><STEAM_1:1:175462098><CT>" killed "Mr.Knife<183><STEAM_1:1:1973042010><TERRORIST>" with "m4a1"
L 01/05/2020 - 16:41:26: "Mr.Knife<183><STEAM_1:1:1973042010><TERRORIST>" joined team "TERRORIST"
L 01/05/2020 - 16:41:31: "ROXELNATOR<168><STEAM_0:1:443567484><TERRORIST>" killed "BAD BOY<184><STEAM_1:1:175462098><CT>" with "ak47"
L 01/05/2020 - 16:41:41: "ZAICEV<175><STEAM_2:1:1379228811><CT>" killed "ROXELNATOR<168><STEAM_0:1:443567484><TERRORIST>" with "aug"
L 01/05/2020 - 16:41:41: Team "CT" triggered "CTs_Win" (CT "2") (T "5")
L 01/05/2020 - 16:41:41: World triggered "Round_End"
L 01/05/2020 - 16:41:47: World triggered "Round_Start"
L 01/05/2020 - 16:42:09: "ZAICEV<175><STEAM_2:1:1379228811><CT>" killed "ROXELNATOR<168><STEAM_0:1:443567484><TERRORIST>" with "aug"
L 01/05/2020 - 16:42:10: "jesse_pinkman<186><STEAM_0:1:526796648><>" entered the game
L 01/05/2020 - 16:42:14: "jesse_pinkman<186><STEAM_0:1:526796648><>" joined team "CT"
L 01/05/2020 - 16:42:36: "BAD BOY<184><STEAM_1:1:175462098><CT>" killed "Maverick<177><STEAM_0:0:37264973><TERRORIST>" with "awp"
L 01/05/2020 - 16:42:39: "Mr.Knife<183><STEAM_1:1:1973042010><TERRORIST>" killed "BAD BOY<184><STEAM_1:1:175462098><CT>" with "m249"
L 01/05/2020 - 16:42:41: "ZAICEV<175><STEAM_2:1:1379228811><CT>" killed "Mr.Knife<183><STEAM_1:1:1973042010><TERRORIST>" with "aug"
L 01/05/2020 - 16:42:41: Team "CT" triggered "CTs_Win" (CT "3") (T "5")
L 01/05/2020 - 16:42:41: World triggered "Round_End"
L 01/05/2020 - 16:42:45: "Mr.Knife<183><STEAM_1:1:1973042010><TERRORIST>" joined team "CT"
L 01/05/2020 - 16:42:46: "ZAICEV<175><STEAM_2:1:1379228811><CT>" joined team "TERRORIST"
L 01/05/2020 - 16:42:46: "<><><>" triggered "amx_chat" (text "[PTB] Transfered ZAICEV to TERRORIST")
L 01/05/2020 - 16:42:47: World triggered "Round_Start"
L 01/05/2020 - 16:43:04: "jesse_pinkman<186><STEAM_0:1:526796648><CT>" killed "Maverick<177><STEAM_0:0:37264973><TERRORIST>" with "m4a1"
L 01/05/2020 - 16:43:08: "ROXELNATOR<168><STEAM_0:1:443567484><TERRORIST>" killed "BAD BOY<184><STEAM_1:1:175462098><CT>" with "ak47"
L 01/05/2020 - 16:43:15: "ZAICEV<175><STEAM_2:1:1379228811><TERRORIST>" killed "Mr.Knife<183><STEAM_1:1:1973042010><CT>" with "aug"
L 01/05/2020 - 16:43:27: "ROXELNATOR<168><STEAM_0:1:443567484><TERRORIST>" killed "Punisher<179><STEAM_1:1:1331625618><CT>" with "ak47"
L 01/05/2020 - 16:43:55: "jesse_pinkman<186><STEAM_0:1:526796648><CT>" killed "ZAICEV<175><STEAM_2:1:1379228811><TERRORIST>" with "m4a1"
L 01/05/2020 - 16:44:04: "sluncho<171><STEAM_1:1:1691027622><SPECTATOR>" disconnected
L 01/05/2020 - 16:44:04: [REUNION]: sluncho (77.78.132.177) authorized as RevEmu
L 01/05/2020 - 16:44:04: "sluncho<187><STEAM_1:1:1691027622><>" connected, address "77.78.132.177:27005"
L 01/05/2020 - 16:44:14: "ROXELNATOR<168><STEAM_0:1:443567484><TERRORIST>" killed "jesse_pinkman<186><STEAM_0:1:526796648><CT>" with "knife"
L 01/05/2020 - 16:44:14: Team "TERRORIST" triggered "Terrorists_Win" (CT "3") (T "6")
L 01/05/2020 - 16:44:14: World triggered "Round_End"
L 01/05/2020 - 16:44:20: World triggered "Round_Start"
L 01/05/2020 - 16:44:28: "sluncho<187><STEAM_1:1:1691027622><>" entered the game
L 01/05/2020 - 16:44:31: "ROXELNATOR<168><STEAM_0:1:443567484><TERRORIST>" killed "Mr.Knife<183><STEAM_1:1:1973042010><CT>" with "awp"
L 01/05/2020 - 16:44:32: "sluncho<187><STEAM_1:1:1691027622><>" joined team "TERRORIST"
L 01/05/2020 - 16:44:44: "jesse_pinkman<186><STEAM_0:1:526796648><CT>" killed "sluncho<187><STEAM_1:1:1691027622><TERRORIST>" with "tracktrain"
L 01/05/2020 - 16:44:46: "BAD BOY<184><STEAM_1:1:175462098><CT>" killed "ZAICEV<175><STEAM_2:1:1379228811><TERRORIST>" with "awp"
L 01/05/2020 - 16:44:47: "jesse_pinkman<186><STEAM_0:1:526796648><CT>" killed "ROXELNATOR<168><STEAM_0:1:443567484><TERRORIST>" with "tracktrain"
L 01/05/2020 - 16:45:00: "jesse_pinkman<186><STEAM_0:1:526796648><CT>" killed "Maverick<177><STEAM_0:0:37264973><TERRORIST>" with "m4a1"
L 01/05/2020 - 16:45:00: Team "CT" triggered "CTs_Win" (CT "4") (T "6")
L 01/05/2020 - 16:45:00: World triggered "Round_End"
L 01/05/2020 - 16:45:06: World triggered "Round_Start"
L 01/05/2020 - 16:45:10: "ROXELNATOR<168><STEAM_0:1:443567484><TERRORIST>" disconnected
L 01/05/2020 - 16:45:10: "ROXELNATOR<188><STEAM_0:1:443567484><>" connected, address "46.40.14.72:27005"
L 01/05/2020 - 16:45:10: "ROXELNATOR<188><STEAM_0:1:443567484><>" STEAM USERID validated
L 01/05/2020 - 16:45:19: "ROXELNATOR<188><STEAM_0:1:443567484><>" entered the game
L 01/05/2020 - 16:45:24: "ROXELNATOR<188><STEAM_0:1:443567484><>" joined team "TERRORIST"
L 01/05/2020 - 16:45:32: "ZAICEV<175><STEAM_2:1:1379228811><TERRORIST>" killed "jesse_pinkman<186><STEAM_0:1:526796648><CT>" with "sg552"
L 01/05/2020 - 16:45:32: "BAD BOY<184><STEAM_1:1:175462098><CT>" killed "ZAICEV<175><STEAM_2:1:1379228811><TERRORIST>" with "awp"
L 01/05/2020 - 16:45:38: "BAD BOY<184><STEAM_1:1:175462098><CT>" killed "sluncho<187><STEAM_1:1:1691027622><TERRORIST>" with "awp"
L 01/05/2020 - 16:45:39: "sluncho<187><STEAM_1:1:1691027622><TERRORIST>" disconnected
L 01/05/2020 - 16:45:42: "BAD BOY<184><STEAM_1:1:175462098><CT>" killed "Maverick<177><STEAM_0:0:37264973><TERRORIST>" with "awp"
L 01/05/2020 - 16:45:42: Team "CT" triggered "CTs_Win" (CT "5") (T "6")
L 01/05/2020 - 16:45:42: World triggered "Round_End"
L 01/05/2020 - 16:45:47: "BAD BOY<184><STEAM_1:1:175462098><CT>" joined team "TERRORIST"
L 01/05/2020 - 16:45:47: "<><><>" triggered "amx_chat" (text "[PTB] Transfered BAD BOY to TERRORIST")
L 01/05/2020 - 16:45:48: World triggered "Round_Start"
L 01/05/2020 - 16:46:08: "BAD BOY<184><STEAM_1:1:175462098><TERRORIST>" killed "Punisher<179><STEAM_1:1:1331625618><CT>" with "awp"
L 01/05/2020 - 16:46:12: "BAD BOY<184><STEAM_1:1:175462098><TERRORIST>" killed "Mr.Knife<183><STEAM_1:1:1973042010><CT>" with "awp"
L 01/05/2020 - 16:46:15: "BAD BOY<184><STEAM_1:1:175462098><TERRORIST>" killed "jesse_pinkman<186><STEAM_0:1:526796648><CT>" with "awp"
L 01/05/2020 - 16:46:15: Team "TERRORIST" triggered "Terrorists_Win" (CT "5") (T "7")
L 01/05/2020 - 16:46:15: World triggered "Round_End"
L 01/05/2020 - 16:46:17: "ZAICEV<175><STEAM_2:1:1379228811><TERRORIST>" disconnected
L 01/05/2020 - 16:46:21: World triggered "Round_Start"
L 01/05/2020 - 16:46:47: "BAD BOY<184><STEAM_1:1:175462098><TERRORIST>" killed "Punisher<179><STEAM_1:1:1331625618><CT>" with "usp"
L 01/05/2020 - 16:46:59: "BAD BOY<184><STEAM_1:1:175462098><TERRORIST>" killed "jesse_pinkman<186><STEAM_0:1:526796648><CT>" with "awp"
L 01/05/2020 - 16:47:04: "BAD BOY<184><STEAM_1:1:175462098><TERRORIST>" killed "Mr.Knife<183><STEAM_1:1:1973042010><CT>" with "awp"
L 01/05/2020 - 16:47:04: Team "TERRORIST" triggered "Terrorists_Win" (CT "5") (T "8")
L 01/05/2020 - 16:47:04: World triggered "Round_End"
L 01/05/2020 - 16:47:10: World triggered "Round_Start"
L 01/05/2020 - 16:47:10: [REUNION]: Gladiator (194.135.170.5) authorized as RevEmu
L 01/05/2020 - 16:47:10: "Gladiator<189><STEAM_2:0:602812274><>" connected, address "194.135.170.5:52680"
L 01/05/2020 - 16:47:18: "Player<190><STEAM_0:1:527599690><>" connected, address "84.237.169.142:50514"
L 01/05/2020 - 16:47:18: "Player<190><STEAM_0:1:527599690><>" STEAM USERID validated
L 01/05/2020 - 16:47:36: "ROXELNATOR<188><STEAM_0:1:443567484><TERRORIST>" killed "Mr.Knife<183><STEAM_1:1:1973042010><CT>" with "ak47"
L 01/05/2020 - 16:47:46: "ROXELNATOR<188><STEAM_0:1:443567484><TERRORIST>" killed "Punisher<179><STEAM_1:1:1331625618><CT>" with "ak47"
L 01/05/2020 - 16:48:00: "ROXELNATOR<188><STEAM_0:1:443567484><TERRORIST>" killed "jesse_pinkman<186><STEAM_0:1:526796648><CT>" with "ak47"
L 01/05/2020 - 16:48:00: Team "TERRORIST" triggered "Terrorists_Win" (CT "5") (T "9")
L 01/05/2020 - 16:48:00: World triggered "Round_End"
L 01/05/2020 - 16:48:04: "ROXELNATOR<188><STEAM_0:1:443567484><TERRORIST>" joined team "CT"
L 01/05/2020 - 16:48:04: "<><><>" triggered "amx_chat" (text "[PTB] Transfered ROXELNATOR to CT")
L 01/05/2020 - 16:48:06: World triggered "Round_Start"
L 01/05/2020 - 16:48:06: "Mr.Knife<183><STEAM_1:1:1973042010><CT>" committed suicide with "world"
L 01/05/2020 - 16:48:06: "Mr.Knife<183><STEAM_1:1:1973042010><CT>" joined team "TERRORIST"
L 01/05/2020 - 16:48:25: "BAD BOY<184><STEAM_1:1:175462098><TERRORIST>" killed "Punisher<179><STEAM_1:1:1331625618><CT>" with "awp"
L 01/05/2020 - 16:48:41: "BAD BOY<184><STEAM_1:1:175462098><TERRORIST>" killed "ROXELNATOR<188><STEAM_0:1:443567484><CT>" with "usp"
L 01/05/2020 - 16:49:18: "BAD BOY<184><STEAM_1:1:175462098><TERRORIST>" killed "jesse_pinkman<186><STEAM_0:1:526796648><CT>" with "awp"
L 01/05/2020 - 16:49:18: Team "TERRORIST" triggered "Terrorists_Win" (CT "5") (T "10")
L 01/05/2020 - 16:49:18: World triggered "Round_End"
L 01/05/2020 - 16:49:24: [REUNION]: Gladiator (194.135.170.5) authorized as RevEmu
L 01/05/2020 - 16:49:24: "Gladiator<191><STEAM_2:0:602812274><>" connected, address "194.135.170.5:26984"
L 01/05/2020 - 16:49:24: World triggered "Round_Start"
L 01/05/2020 - 16:49:49: "jesse_pinkman<186><STEAM_0:1:526796648><CT>" killed "BAD BOY<184><STEAM_1:1:175462098><TERRORIST>" with "m4a1"
L 01/05/2020 - 16:50:01: "Mr.Knife<183><STEAM_1:1:1973042010><TERRORIST>" killed "jesse_pinkman<186><STEAM_0:1:526796648><CT>" with "awp"
L 01/05/2020 - 16:50:16: "Mr.Knife<183><STEAM_1:1:1973042010><TERRORIST>" killed "Punisher<179><STEAM_1:1:1331625618><CT>" with "awp"
L 01/05/2020 - 16:50:18: "ROXELNATOR<188><STEAM_0:1:443567484><CT>" killed "Mr.Knife<183><STEAM_1:1:1973042010><TERRORIST>" with "m4a1"
L 01/05/2020 - 16:50:47: "ROXELNATOR<188><STEAM_0:1:443567484><CT>" killed "Maverick<177><STEAM_0:0:37264973><TERRORIST>" with "awp"
L 01/05/2020 - 16:50:47: Team "CT" triggered "CTs_Win" (CT "6") (T "10")
L 01/05/2020 - 16:50:47: World triggered "Round_End"
L 01/05/2020 - 16:50:53: World triggered "Round_Start"
L 01/05/2020 - 16:51:17: "ROXELNATOR<188><STEAM_0:1:443567484><CT>" killed "Maverick<177><STEAM_0:0:37264973><TERRORIST>" with "awp"
L 01/05/2020 - 16:51:24: "BAD BOY<184><STEAM_1:1:175462098><TERRORIST>" killed "jesse_pinkman<186><STEAM_0:1:526796648><CT>" with "awp"
L 01/05/2020 - 16:51:40: "ROXELNATOR<188><STEAM_0:1:443567484><CT>" killed "Mr.Knife<183><STEAM_1:1:1973042010><TERRORIST>" with "awp"
L 01/05/2020 - 16:52:09: "Gladiator<191><STEAM_2:0:602812274><>" entered the game
L 01/05/2020 - 16:52:14: Server cvar "amx_nextmap" = "de_tesco"
L 01/05/2020 - 16:52:17: "Gladiator<191><STEAM_2:0:602812274><>" joined team "TERRORIST"
L 01/05/2020 - 16:52:19: "ROXELNATOR<188><STEAM_0:1:443567484><CT>" killed "BAD BOY<184><STEAM_1:1:175462098><TERRORIST>" with "awp"
L 01/05/2020 - 16:52:19: Team "CT" triggered "CTs_Win" (CT "7") (T "10")
L 01/05/2020 - 16:52:19: World triggered "Round_End"
L 01/05/2020 - 16:52:25: World triggered "Round_Start"
L 01/05/2020 - 16:52:47: "ROXELNATOR<188><STEAM_0:1:443567484><CT>" killed "Maverick<177><STEAM_0:0:37264973><TERRORIST>" with "usp"
L 01/05/2020 - 16:52:52: Kick: "Zoras_<180><STEAM_1:0:1144401391><>" was kicked by "Console" (message "Error! Idle Timeout (6).")
L 01/05/2020 - 16:52:56: "Gladiator<191><STEAM_2:0:602812274><TERRORIST>" killed "Punisher<179><STEAM_1:1:1331625618><CT>" with "ak47"
L 01/05/2020 - 16:53:02: "ROXELNATOR<188><STEAM_0:1:443567484><CT>" killed "BAD BOY<184><STEAM_1:1:175462098><TERRORIST>" with "awp"
L 01/05/2020 - 16:53:11: "Gladiator<191><STEAM_2:0:602812274><TERRORIST>" killed "ROXELNATOR<188><STEAM_0:1:443567484><CT>" with "ak47"
L 01/05/2020 - 16:53:15: "Mr.Knife<183><STEAM_1:1:1973042010><TERRORIST>" killed "jesse_pinkman<186><STEAM_0:1:526796648><CT>" with "awp"
L 01/05/2020 - 16:53:15: Team "TERRORIST" triggered "Terrorists_Win" (CT "7") (T "11")
L 01/05/2020 - 16:53:15: World triggered "Round_End"
L 01/05/2020 - 16:53:18: Server cvar "mp_timelimit" = "0.000000"
L 01/05/2020 - 16:53:21: World triggered "Round_Start"
L 01/05/2020 - 16:53:38: "BAD BOY<184><STEAM_1:1:175462098><TERRORIST>" killed "jesse_pinkman<186><STEAM_0:1:526796648><CT>" with "awp"
L 01/05/2020 - 16:53:52: "BAD BOY<184><STEAM_1:1:175462098><TERRORIST>" killed "ROXELNATOR<188><STEAM_0:1:443567484><CT>" with "awp"
L 01/05/2020 - 16:54:00: "Mr.Knife<183><STEAM_1:1:1973042010><TERRORIST>" killed "Punisher<179><STEAM_1:1:1331625618><CT>" with "awp"
L 01/05/2020 - 16:54:00: Team "TERRORIST" triggered "Terrorists_Win" (CT "7") (T "12")
L 01/05/2020 - 16:54:00: World triggered "Round_End"
L 01/05/2020 - 16:54:04: "Mr.Knife<183><STEAM_1:1:1973042010><TERRORIST>" joined team "CT"
L 01/05/2020 - 16:54:04: "<><><>" triggered "amx_chat" (text "[PTB] Transfered Mr.Knife to CT")
L 01/05/2020 - 16:54:06: World triggered "Round_Start"
L 01/05/2020 - 16:54:06: Server cvar "sv_maxspeed" = "0.000000"
L 01/05/2020 - 16:54:06: Server cvar "mp_friendlyfire" = "1"
L 01/05/2020 - 16:54:12: Server cvar "sv_maxspeed" = "900.000000"
L 01/05/2020 - 16:54:12: Server cvar "mp_friendlyfire" = "0"
L 01/05/2020 - 16:54:12: Server cvar "mp_timelimit" = "20.000000"
L 01/05/2020 - 16:54:12: [META] ini: Begin re-reading plugins list: /home/rented/public9/cstrike/addons/metamod/plugins.ini
L 01/05/2020 - 16:54:12: [META] ini: Read plugin config for: SafeNameAndChat
L 01/05/2020 - 16:54:12: [META] ini: Read plugin config for: AMX Mod X
L 01/05/2020 - 16:54:12: [META] ini: Read plugin config for: Reunion
L 01/05/2020 - 16:54:12: [META] ini: Read plugin config for: ReAuthCheck
L 01/05/2020 - 16:54:12: [META] ini: Read plugin config for: WHBlocker
L 01/05/2020 - 16:54:12: [META] ini: Read plugin config for: ReSemiclip
L 01/05/2020 - 16:54:12: [META] ini: Read plugin config for: Revoice
L 01/05/2020 - 16:54:12: [META] ini: Finished reading plugins list: /home/rented/public9/cstrike/addons/metamod/plugins.ini; Found 7 plugins
L 01/05/2020 - 16:54:12: [META] dll: Updating plugins...
L 01/05/2020 - 16:54:12: [META] WARNING: Cannot clear plugin 'SafeNameAndChat'; not marked as failed, empty, or open (status=valid)
L 01/05/2020 - 16:54:12: [META] dll: Unloaded plugin 'SafeNameAndChat' for reason 'file on disk is newer'
L 01/05/2020 - 16:54:12: [META] dll: Loaded plugin 'SafeNameAndChat': SafeNameAndChat v1.1 2017.02.01, WPMG.PRoSToC0der
L 01/05/2020 - 16:54:12: [META] WARNING: Cannot clear plugin 'WHBlocker'; not marked as failed, empty, or open (status=valid)
L 01/05/2020 - 16:54:12: [META] dll: Unloaded plugin 'WHBlocker' for reason 'file on disk is newer'
L 01/05/2020 - 16:54:12: [META] dll: Loaded plugin 'WHBlocker': WHBlocker v1.5.692 2017-04-13, s1lent
L 01/05/2020 - 16:54:12: [META] WARNING: Cannot clear plugin 'ReSemiclip'; not marked as failed, empty, or open (status=valid)
L 01/05/2020 - 16:54:12: [META] dll: Unloaded plugin 'ReSemiclip' for reason 'file on disk is newer'
L 01/05/2020 - 16:54:12: [META] dll: Loaded plugin 'ReSemiclip': ReSemiclip v2.3.9 13/02/17, s1lent & Adidasman
L 01/05/2020 - 16:54:12: [META] dll: Finished updating 14 plugins; kept 0, loaded 0, unloaded 0, reloaded 3, delayed 0
L 01/05/2020 - 16:54:12: "Punisher<179><STEAM_1:1:1331625618><CT>" disconnected
L 01/05/2020 - 16:54:12: "ROXELNATOR<188><STEAM_0:1:443567484><CT>" disconnected
L 01/05/2020 - 16:54:12: "Gladiator<191><STEAM_2:0:602812274><TERRORIST>" disconnected
L 01/05/2020 - 16:54:12: "Maverick<177><STEAM_0:0:37264973><TERRORIST>" disconnected
L 01/05/2020 - 16:54:12: "BAD BOY<184><STEAM_1:1:175462098><TERRORIST>" disconnected
L 01/05/2020 - 16:54:12: "Mr.Knife<183><STEAM_1:1:1973042010><CT>" disconnected
L 01/05/2020 - 16:54:12: "jesse_pinkman<186><STEAM_0:1:526796648><CT>" disconnected
L 01/05/2020 - 16:54:12: World triggered "Round_Draw" (CT "7") (T "12")
L 01/05/2020 - 16:54:12: World triggered "Round_End"
L 01/05/2020 - 16:54:12: Log file closed
