L 01/05/2020 - 12:37:31: Log file started (file "logs/L0105043.log") (game "cstrike") (version "48/1.1.2.7/Stdio/1621")
L 01/05/2020 - 12:37:31: Loading map "awesome_cars2"
L 01/05/2020 - 12:37:31: Server cvars start
L 01/05/2020 - 12:37:31: Server cvar "@BunnyHopper" = "3.x"
L 01/05/2020 - 12:37:31: Server cvar "@CRXGoSpec" = "1.1"
L 01/05/2020 - 12:37:31: Server cvar "@CRXRemoveImmunity" = "1.0"
L 01/05/2020 - 12:37:31: Server cvar "@D.I.C.E." = "1.1"
L 01/05/2020 - 12:37:31: Server cvar "@MOTDCommands" = "1.2"
L 01/05/2020 - 12:37:31: Server cvar "advanced_quake_sounds" = "5.0"
L 01/05/2020 - 12:37:31: Server cvar "AdvancedMute" = "1.0"
L 01/05/2020 - 12:37:31: Server cvar "aesp_version" = "1.3"
L 01/05/2020 - 12:37:31: Server cvar "allow_spectators" = "1.0"
L 01/05/2020 - 12:37:31: Server cvar "amx_client_languages" = "1"
L 01/05/2020 - 12:37:31: Server cvar "amx_language" = "en"
L 01/05/2020 - 12:37:31: Server cvar "amx_nextmap" = "awesome_cars2"
L 01/05/2020 - 12:37:31: Server cvar "amx_ptb_version" = "1.8b3"
L 01/05/2020 - 12:37:31: Server cvar "amx_timeleft" = "09:06"
L 01/05/2020 - 12:37:31: Server cvar "amxmodx_version" = "1.8.2"
L 01/05/2020 - 12:37:31: Server cvar "amxxbg_vip" = "1.0"
L 01/05/2020 - 12:37:31: Server cvar "asp_version" = "4.5.1"
L 01/05/2020 - 12:37:31: Server cvar "atac_version" = "3.0.1"
L 01/05/2020 - 12:37:31: Server cvar "badcamper_version" = "1.4 beta"
L 01/05/2020 - 12:37:31: Server cvar "blockmaker" = "4.01"
L 01/05/2020 - 12:37:31: Server cvar "c4 timer" = "1.1"
L 01/05/2020 - 12:37:31: Server cvar "coop" = "0"
L 01/05/2020 - 12:37:31: Server cvar "CRXAdminGroups" = "1.0"
L 01/05/2020 - 12:37:31: Server cvar "CRXCommandRestrictions" = "1.0"
L 01/05/2020 - 12:37:31: Server cvar "CRXFastKnife" = "1.0"
L 01/05/2020 - 12:37:31: Server cvar "CRXGametracker" = "2.0"
L 01/05/2020 - 12:37:31: Server cvar "CRXKnifeModels" = "2.5.7"
L 01/05/2020 - 12:37:31: Server cvar "CRXTeamAdvantage" = "1.0"
L 01/05/2020 - 12:37:31: Server cvar "CustomShop" = "4.2"
L 01/05/2020 - 12:37:31: Server cvar "deathmatch" = "1"
L 01/05/2020 - 12:37:31: Server cvar "decalfrequency" = "0"
L 01/05/2020 - 12:37:31: Server cvar "edgefriction" = "2"
L 01/05/2020 - 12:37:31: Server cvar "ers_version" = "2.3c"
L 01/05/2020 - 12:37:31: Server cvar "gagsystem_shoko" = "1.0"
L 01/05/2020 - 12:37:31: Server cvar "gal_mapcyclefile" = "mapcycle.txt"
L 01/05/2020 - 12:37:31: Server cvar "gal_version" = "v5.9.1-926"
L 01/05/2020 - 12:37:31: Server cvar "game_version" = "5.7.0.313-dev"
L 01/05/2020 - 12:37:31: Server cvar "humans_join_team" = "any"
L 01/05/2020 - 12:37:31: Server cvar "jtp10181" = "chute,gore"
L 01/05/2020 - 12:37:31: Server cvar "lawliet" = "ny_RainingSnow"
L 01/05/2020 - 12:37:31: Server cvar "LetitSnow" = "1.0"
L 01/05/2020 - 12:37:31: Server cvar "map_spawns" = "T(16) CT(16)"
L 01/05/2020 - 12:37:31: Server cvar "max_queries_sec" = "3"
L 01/05/2020 - 12:37:31: Server cvar "max_queries_sec_global" = "150"
L 01/05/2020 - 12:37:31: Server cvar "max_queries_window" = "60"
L 01/05/2020 - 12:37:31: Server cvar "mdbBans" = "4.8"
L 01/05/2020 - 12:37:31: Server cvar "metamod_version" = "1.21p37"
L 01/05/2020 - 12:37:31: Server cvar "mp_autokick" = "0"
L 01/05/2020 - 12:37:31: Server cvar "mp_autokick_timeout" = "-1"
L 01/05/2020 - 12:37:31: Server cvar "mp_autoteambalance" = "0"
L 01/05/2020 - 12:37:31: Server cvar "mp_buytime" = "0.25"
L 01/05/2020 - 12:37:31: Server cvar "mp_c4timer" = "35"
L 01/05/2020 - 12:37:31: Server cvar "mp_chattime" = "5.000000"
L 01/05/2020 - 12:37:31: Server cvar "mp_consistency" = "1"
L 01/05/2020 - 12:37:31: Server cvar "mp_fadetoblack" = "0"
L 01/05/2020 - 12:37:31: Server cvar "mp_flashlight" = "1"
L 01/05/2020 - 12:37:31: Server cvar "mp_footsteps" = "1"
L 01/05/2020 - 12:37:31: Server cvar "mp_forcecamera" = "0"
L 01/05/2020 - 12:37:31: Server cvar "mp_forcechasecam" = "0"
L 01/05/2020 - 12:37:31: Server cvar "mp_forcerespawn" = "0"
L 01/05/2020 - 12:37:31: Server cvar "mp_fraglimit" = "0"
L 01/05/2020 - 12:37:31: Server cvar "mp_fragsleft" = "0"
L 01/05/2020 - 12:37:31: Server cvar "mp_freeforall" = "0"
L 01/05/2020 - 12:37:31: Server cvar "mp_freezetime" = "1"
L 01/05/2020 - 12:37:31: Server cvar "mp_friendlyfire" = "0"
L 01/05/2020 - 12:37:31: Server cvar "mp_hostage_hurtable" = "1"
L 01/05/2020 - 12:37:31: Server cvar "mp_hostagepenalty" = "0"
L 01/05/2020 - 12:37:31: Server cvar "mp_item_staytime" = "300"
L 01/05/2020 - 12:37:31: Server cvar "mp_kickpercent" = "0.66"
L 01/05/2020 - 12:37:31: Server cvar "mp_legacy_bombtarget_touch" = "1"
L 01/05/2020 - 12:37:31: Server cvar "mp_limitteams" = "0"
L 01/05/2020 - 12:37:31: Server cvar "mp_logdetail" = "0"
L 01/05/2020 - 12:37:31: Server cvar "mp_logfile" = "1"
L 01/05/2020 - 12:37:31: Server cvar "mp_logmessages" = "1"
L 01/05/2020 - 12:37:31: Server cvar "mp_mapvoteratio" = "0.66"
L 01/05/2020 - 12:37:31: Server cvar "mp_maxmoney" = "999999"
L 01/05/2020 - 12:37:31: Server cvar "mp_maxrounds" = "0"
L 01/05/2020 - 12:37:31: Server cvar "mp_mirrordamage" = "0"
L 01/05/2020 - 12:37:31: Server cvar "mp_old_bomb_defused_sound" = "1"
L 01/05/2020 - 12:37:31: Server cvar "mp_playerid" = "0"
L 01/05/2020 - 12:37:31: Server cvar "mp_respawn_immunitytime" = "0"
L 01/05/2020 - 12:37:31: Server cvar "mp_round_infinite" = "0"
L 01/05/2020 - 12:37:31: Server cvar "mp_round_restart_delay" = "5"
L 01/05/2020 - 12:37:31: Server cvar "mp_roundover" = "0"
L 01/05/2020 - 12:37:31: Server cvar "mp_roundtime" = "2.3"
L 01/05/2020 - 12:37:31: Server cvar "mp_show_radioicon" = "1"
L 01/05/2020 - 12:37:31: Server cvar "mp_startmoney" = "850"
L 01/05/2020 - 12:37:31: Server cvar "mp_timeleft" = "09:06"
L 01/05/2020 - 12:37:31: Server cvar "mp_timelimit" = "20"
L 01/05/2020 - 12:37:31: Server cvar "mp_tkpunish" = "0"
L 01/05/2020 - 12:37:31: Server cvar "mp_windifference" = "1"
L 01/05/2020 - 12:37:31: Server cvar "mp_winlimit" = "0"
L 01/05/2020 - 12:37:31: Server cvar "NoWeaponsOnGround" = "1.0"
L 01/05/2020 - 12:37:31: Server cvar "pausable" = "0"
L 01/05/2020 - 12:37:31: Server cvar "present_version" = "2.01"
L 01/05/2020 - 12:37:31: Server cvar "RandomHP" = "2.2"
L 01/05/2020 - 12:37:31: Server cvar "reauthcheck_version" = "0.1.6"
L 01/05/2020 - 12:37:31: Server cvar "reconnect_features" = "0.3.1"
L 01/05/2020 - 12:37:31: Server cvar "report_system_version" = "3.1"
L 01/05/2020 - 12:37:31: Server cvar "resemiclip_version" = "2.3.9"
L 01/05/2020 - 12:37:31: Server cvar "reu_version" = "0.1.0.130"
L 01/05/2020 - 12:37:31: Server cvar "revoice_version" = "0.1.0.30"
L 01/05/2020 - 12:37:31: Server cvar "RRWM" = "2.0"
L 01/05/2020 - 12:37:31: Server cvar "sanksounds_version" = "1.8.6"
L 01/05/2020 - 12:37:31: Server cvar "SimpleMenu" = "1.1"
L 01/05/2020 - 12:37:31: Server cvar "SNAC_Version" = "1.1"
L 01/05/2020 - 12:37:31: Server cvar "SpecList" = "1.2a"
L 01/05/2020 - 12:37:31: Server cvar "sr_version" = "1.6"
L 01/05/2020 - 12:37:31: Server cvar "statsx_shell_ver" = "2.0.0 (BETA)"
L 01/05/2020 - 12:37:31: Server cvar "StyleC4Timer" = "2.1"
L 01/05/2020 - 12:37:31: Server cvar "sv_accelerate" = "5"
L 01/05/2020 - 12:37:31: Server cvar "sv_aim" = "1"
L 01/05/2020 - 12:37:31: Server cvar "sv_airaccelerate" = "100"
L 01/05/2020 - 12:37:31: Server cvar "sv_allowupload" = "1"
L 01/05/2020 - 12:37:31: Server cvar "sv_alltalk" = "1"
L 01/05/2020 - 12:37:31: Server cvar "sv_bounce" = "1"
L 01/05/2020 - 12:37:31: Server cvar "sv_cheats" = "0"
L 01/05/2020 - 12:37:31: Server cvar "sv_clienttrace" = "1"
L 01/05/2020 - 12:37:31: Server cvar "sv_contact" = "feruchio599@gmail.com"
L 01/05/2020 - 12:37:31: Server cvar "sv_friction" = "4"
L 01/05/2020 - 12:37:31: Server cvar "sv_gravity" = "800"
L 01/05/2020 - 12:37:31: Server cvar "sv_logblocks" = "0"
L 01/05/2020 - 12:37:31: Server cvar "sv_maxrate" = "50000"
L 01/05/2020 - 12:37:31: Server cvar "sv_maxspeed" = "900.000000"
L 01/05/2020 - 12:37:31: Server cvar "sv_minrate" = "10000"
L 01/05/2020 - 12:37:31: Server cvar "sv_password" = ""
L 01/05/2020 - 12:37:31: Server cvar "sv_proxies" = "1"
L 01/05/2020 - 12:37:31: Server cvar "sv_restart" = "0"
L 01/05/2020 - 12:37:31: Server cvar "sv_restartround" = "0"
L 01/05/2020 - 12:37:31: Server cvar "sv_stepsize" = "18"
L 01/05/2020 - 12:37:31: Server cvar "sv_stopspeed" = "75"
L 01/05/2020 - 12:37:31: Server cvar "sv_uploadmax" = "0.5"
L 01/05/2020 - 12:37:31: Server cvar "sv_version" = "1.1.2.7/Stdio,48,1621"
L 01/05/2020 - 12:37:31: Server cvar "sv_voiceenable" = "1"
L 01/05/2020 - 12:37:31: Server cvar "sv_wateraccelerate" = "10"
L 01/05/2020 - 12:37:31: Server cvar "sv_waterfriction" = "1"
L 01/05/2020 - 12:37:31: Server cvar "Team_Semiclip_version" = "3.3.1"
L 01/05/2020 - 12:37:31: Server cvar "vehicle_real_killer" = "1.1"
L 01/05/2020 - 12:37:31: Server cvar "WalkGuard" = "1.3.2"
L 01/05/2020 - 12:37:31: Server cvar "we_grenades" = "Huehue"
L 01/05/2020 - 12:37:31: Server cvar "we_player_models" = "Huehue"
L 01/05/2020 - 12:37:31: Server cvar "whb_version" = "1.5.692"
L 01/05/2020 - 12:37:31: Server cvar "zp_jp_version" = "Extra Item Jetpack+Bazooka v3.2"
L 01/05/2020 - 12:37:31: Server cvars end
L 01/05/2020 - 12:37:34: Server cvar "sv_maxspeed" = "900"
L 01/05/2020 - 12:37:34: Server cvar "mp_autoteambalance" = "1"
L 01/05/2020 - 12:37:34: Server cvar "mp_autoteambalance" = "0"
L 01/05/2020 - 12:37:34: Server cvar "amx_nextmap" = "[not yet voted on]"
L 01/05/2020 - 12:37:36: Started map "awesome_cars2" (CRC "-1530699201")
L 01/05/2020 - 12:37:37: World triggered "Round_Start"
L 01/05/2020 - 12:37:38: "xXGhost_ReaperXx<70><STEAM_1:0:1874631957><>" entered the game
L 01/05/2020 - 12:37:40: [REUNION]: IP 193.42.110.171 banned for 10 minutes for query flooding (PPS: 326)
L 01/05/2020 - 12:37:41: Server cvar "mp_timelimit" = "10"
L 01/05/2020 - 12:37:41: "HuNt3r<69><STEAM_1:1:1071071391><>" entered the game
L 01/05/2020 - 12:37:44: "GaGa^<72><STEAM_1:1:945840876><>" entered the game
L 01/05/2020 - 12:37:45: "xXGhost_ReaperXx<70><STEAM_1:0:1874631957><>" joined team "TERRORIST"
L 01/05/2020 - 12:37:48: "HuNt3r<69><STEAM_1:1:1071071391><>" joined team "TERRORIST"
L 01/05/2020 - 12:37:52: "GaGa^<72><STEAM_1:1:945840876><>" joined team "TERRORIST"
L 01/05/2020 - 12:38:09: "HuNt3r<69><STEAM_1:1:1071071391><TERRORIST>" committed suicide with "world"
L 01/05/2020 - 12:38:09: "HuNt3r<69><STEAM_1:1:1071071391><TERRORIST>" joined team "CT"
L 01/05/2020 - 12:38:09: World triggered "Game_Commencing"
L 01/05/2020 - 12:38:09: World triggered "Game_Commencing" (CT "0") (T "0")
L 01/05/2020 - 12:38:09: World triggered "Round_End"
L 01/05/2020 - 12:38:13: World triggered "Round_Start"
L 01/05/2020 - 12:38:52: "xXGhost_ReaperXx<70><STEAM_1:0:1874631957><TERRORIST>" killed "HuNt3r<69><STEAM_1:1:1071071391><CT>" with "tracktrain"
L 01/05/2020 - 12:38:52: Team "TERRORIST" triggered "Terrorists_Win" (CT "0") (T "1")
L 01/05/2020 - 12:38:52: World triggered "Round_End"
L 01/05/2020 - 12:38:58: World triggered "Round_Start"
L 01/05/2020 - 12:39:41: "xXGhost_ReaperXx<70><STEAM_1:0:1874631957><TERRORIST>" killed "HuNt3r<69><STEAM_1:1:1071071391><CT>" with "knife"
L 01/05/2020 - 12:39:41: Team "TERRORIST" triggered "Terrorists_Win" (CT "0") (T "2")
L 01/05/2020 - 12:39:41: World triggered "Round_End"
L 01/05/2020 - 12:39:47: World triggered "Round_Start"
L 01/05/2020 - 12:39:49: "HuNt3r<69><STEAM_1:1:1071071391><CT>" disconnected
L 01/05/2020 - 12:40:18: "xXGhost_ReaperXx<70><STEAM_1:0:1874631957><TERRORIST>" killed "GaGa^<72><STEAM_1:1:945840876><TERRORIST>" with "tracktrain"
L 01/05/2020 - 12:40:25: "xXGhost_ReaperXx<70><STEAM_1:0:1874631957><TERRORIST>" committed suicide with "world"
L 01/05/2020 - 12:40:25: World triggered "Round_Draw" (CT "0") (T "2")
L 01/05/2020 - 12:40:25: World triggered "Round_End"
L 01/05/2020 - 12:40:25: "xXGhost_ReaperXx<70><STEAM_1:0:1874631957><TERRORIST>" joined team "CT"
L 01/05/2020 - 12:40:31: World triggered "Round_Start"
L 01/05/2020 - 12:40:58: "xXGhost_ReaperXx<70><STEAM_1:0:1874631957><CT>" killed "GaGa^<72><STEAM_1:1:945840876><TERRORIST>" with "tracktrain"
L 01/05/2020 - 12:40:58: World triggered "Game_Commencing"
L 01/05/2020 - 12:40:58: World triggered "Game_Commencing" (CT "0") (T "2")
L 01/05/2020 - 12:40:58: World triggered "Round_End"
L 01/05/2020 - 12:41:02: World triggered "Round_Start"
L 01/05/2020 - 12:41:50: "xXGhost_ReaperXx<70><STEAM_1:0:1874631957><CT>" killed "GaGa^<72><STEAM_1:1:945840876><TERRORIST>" with "knife"
L 01/05/2020 - 12:41:50: Team "CT" triggered "CTs_Win" (CT "1") (T "0")
L 01/05/2020 - 12:41:50: World triggered "Round_End"
L 01/05/2020 - 12:41:56: World triggered "Round_Start"
L 01/05/2020 - 12:42:04: "jesse_pinkman<75><STEAM_0:1:526796648><>" connected, address "91.148.164.81:27005"
L 01/05/2020 - 12:42:05: "jesse_pinkman<75><STEAM_0:1:526796648><>" STEAM USERID validated
L 01/05/2020 - 12:42:10: "jesse_pinkman<75><STEAM_0:1:526796648><>" entered the game
L 01/05/2020 - 12:42:14: "jesse_pinkman<75><STEAM_0:1:526796648><>" joined team "TERRORIST"
L 01/05/2020 - 12:42:31: "jesse_pinkman<75><STEAM_0:1:526796648><TERRORIST>" killed "xXGhost_ReaperXx<70><STEAM_1:0:1874631957><CT>" with "tracktrain"
L 01/05/2020 - 12:42:31: Team "TERRORIST" triggered "Terrorists_Win" (CT "1") (T "1")
L 01/05/2020 - 12:42:31: World triggered "Round_End"
L 01/05/2020 - 12:42:37: World triggered "Round_Start"
L 01/05/2020 - 12:43:00: "jesse_pinkman<75><STEAM_0:1:526796648><TERRORIST>" killed "xXGhost_ReaperXx<70><STEAM_1:0:1874631957><CT>" with "tracktrain"
L 01/05/2020 - 12:43:00: Team "TERRORIST" triggered "Terrorists_Win" (CT "1") (T "2")
L 01/05/2020 - 12:43:00: World triggered "Round_End"
L 01/05/2020 - 12:43:06: World triggered "Round_Start"
L 01/05/2020 - 12:43:25: "xXGhost_ReaperXx<70><STEAM_1:0:1874631957><CT>" killed "GaGa^<72><STEAM_1:1:945840876><TERRORIST>" with "knife"
L 01/05/2020 - 12:43:40: "xXGhost_ReaperXx<70><STEAM_1:0:1874631957><CT>" killed "jesse_pinkman<75><STEAM_0:1:526796648><TERRORIST>" with "knife"
L 01/05/2020 - 12:43:40: Team "CT" triggered "CTs_Win" (CT "2") (T "2")
L 01/05/2020 - 12:43:40: World triggered "Round_End"
L 01/05/2020 - 12:43:46: World triggered "Round_Start"
L 01/05/2020 - 12:44:34: "jesse_pinkman<75><STEAM_0:1:526796648><TERRORIST>" killed "xXGhost_ReaperXx<70><STEAM_1:0:1874631957><CT>" with "tracktrain"
L 01/05/2020 - 12:44:34: Team "TERRORIST" triggered "Terrorists_Win" (CT "2") (T "3")
L 01/05/2020 - 12:44:34: World triggered "Round_End"
L 01/05/2020 - 12:44:34: "xXGhost_ReaperXx<70><STEAM_1:0:1874631957><CT>" killed "jesse_pinkman<75><STEAM_0:1:526796648><TERRORIST>" with "tracktrain"
L 01/05/2020 - 12:44:40: World triggered "Round_Start"
L 01/05/2020 - 12:44:51: [REUNION]: HuNt3r (188.255.184.74) authorized as RevEmu
L 01/05/2020 - 12:44:51: "HuNt3r<76><STEAM_1:1:1071071391><>" connected, address "188.255.184.74:27005"
L 01/05/2020 - 12:44:58: "xXGhost_ReaperXx<70><STEAM_1:0:1874631957><CT>" killed "GaGa^<72><STEAM_1:1:945840876><TERRORIST>" with "knife"
L 01/05/2020 - 12:45:04: "HuNt3r<76><STEAM_1:1:1071071391><>" entered the game
L 01/05/2020 - 12:45:08: "jesse_pinkman<75><STEAM_0:1:526796648><TERRORIST>" killed "xXGhost_ReaperXx<70><STEAM_1:0:1874631957><CT>" with "tracktrain"
L 01/05/2020 - 12:45:08: Team "TERRORIST" triggered "Terrorists_Win" (CT "2") (T "4")
L 01/05/2020 - 12:45:08: World triggered "Round_End"
L 01/05/2020 - 12:45:13: "jesse_pinkman<75><STEAM_0:1:526796648><TERRORIST>" joined team "CT"
L 01/05/2020 - 12:45:13: "<><><>" triggered "amx_chat" (text "[PTB] Transfered jesse_pinkman to CT")
L 01/05/2020 - 12:45:14: World triggered "Round_Start"
L 01/05/2020 - 12:45:22: "HuNt3r<76><STEAM_1:1:1071071391><>" joined team "TERRORIST"
L 01/05/2020 - 12:45:34: "GaGa^<72><STEAM_1:1:945840876><TERRORIST>" disconnected
L 01/05/2020 - 12:46:02: "HuNt3r<76><STEAM_1:1:1071071391><TERRORIST>" killed "jesse_pinkman<75><STEAM_0:1:526796648><CT>" with "knife"
L 01/05/2020 - 12:46:04: "jesse_pinkman<75><STEAM_0:1:526796648><CT>" joined team "TERRORIST"
L 01/05/2020 - 12:46:18: "HuNt3r<76><STEAM_1:1:1071071391><TERRORIST>" killed "xXGhost_ReaperXx<70><STEAM_1:0:1874631957><CT>" with "knife"
L 01/05/2020 - 12:46:18: Team "TERRORIST" triggered "Terrorists_Win" (CT "2") (T "5")
L 01/05/2020 - 12:46:18: World triggered "Round_End"
L 01/05/2020 - 12:46:24: World triggered "Round_Start"
L 01/05/2020 - 12:46:52: "jesse_pinkman<75><STEAM_0:1:526796648><TERRORIST>" killed "xXGhost_ReaperXx<70><STEAM_1:0:1874631957><CT>" with "knife"
L 01/05/2020 - 12:46:52: Team "TERRORIST" triggered "Terrorists_Win" (CT "2") (T "6")
L 01/05/2020 - 12:46:52: World triggered "Round_End"
L 01/05/2020 - 12:46:58: World triggered "Round_Start"
L 01/05/2020 - 12:47:17: "jesse_pinkman<75><STEAM_0:1:526796648><TERRORIST>" killed "xXGhost_ReaperXx<70><STEAM_1:0:1874631957><CT>" with "tracktrain"
L 01/05/2020 - 12:47:17: Team "TERRORIST" triggered "Terrorists_Win" (CT "2") (T "7")
L 01/05/2020 - 12:47:17: World triggered "Round_End"
L 01/05/2020 - 12:47:22: [REUNION]: ViVaplay＃ Player (93.183.144.208) authorized as RevEmu
L 01/05/2020 - 12:47:22: "ViVaplay＃ Player<77><STEAM_1:0:1973726945><>" connected, address "93.183.144.208:27005"
L 01/05/2020 - 12:47:23: World triggered "Round_Start"
L 01/05/2020 - 12:47:34: [REUNION]: JoHn_SpLeNdOuR_^ (83.222.176.81) authorized as RevEmu
L 01/05/2020 - 12:47:34: "JoHn_SpLeNdOuR_^<78><STEAM_2:1:233969738><>" connected, address "83.222.176.81:26265"
L 01/05/2020 - 12:47:40: [REUNION]: ViVaplay＃ Player (93.183.144.208) authorized as RevEmu
L 01/05/2020 - 12:47:40: "ViVaplay＃ Player<79><STEAM_1:0:1973726945><>" connected, address "93.183.144.208:27005"
L 01/05/2020 - 12:47:45: "HuNt3r<76><STEAM_1:1:1071071391><TERRORIST>" killed "xXGhost_ReaperXx<70><STEAM_1:0:1874631957><CT>" with "knife"
L 01/05/2020 - 12:47:45: Team "TERRORIST" triggered "Terrorists_Win" (CT "2") (T "8")
L 01/05/2020 - 12:47:45: World triggered "Round_End"
L 01/05/2020 - 12:47:46: "ViVaplay＃ Player<79><STEAM_1:0:1973726945><>" entered the game
L 01/05/2020 - 12:47:50: "HuNt3r<76><STEAM_1:1:1071071391><TERRORIST>" joined team "CT"
L 01/05/2020 - 12:47:50: "<><><>" triggered "amx_chat" (text "[PTB] Transfered HuNt3r to CT")
L 01/05/2020 - 12:47:51: World triggered "Round_Start"
L 01/05/2020 - 12:47:55: "ViVaplay＃ Player<79><STEAM_1:0:1973726945><>" joined team "TERRORIST"
L 01/05/2020 - 12:48:03: [REUNION]: JoHn_SpLeNdOuR_^ (83.222.176.81) authorized as RevEmu
L 01/05/2020 - 12:48:03: "JoHn_SpLeNdOuR_^<80><STEAM_2:1:233969738><>" connected, address "83.222.176.81:26265"
L 01/05/2020 - 12:48:09: "JoHn_SpLeNdOuR_^<80><STEAM_2:1:233969738><>" entered the game
L 01/05/2020 - 12:48:10: [REUNION]: GaGa^ (24.135.239.241) authorized as RevEmu
L 01/05/2020 - 12:48:10: "GaGa^<81><STEAM_1:1:945840876><>" connected, address "24.135.239.241:27005"
L 01/05/2020 - 12:48:19: "JoHn_SpLeNdOuR_^<80><STEAM_2:1:233969738><>" joined team "CT"
L 01/05/2020 - 12:48:37: "HuNt3r<76><STEAM_1:1:1071071391><CT>" killed "jesse_pinkman<75><STEAM_0:1:526796648><TERRORIST>" with "knife"
L 01/05/2020 - 12:48:48: [REUNION]: [DEA].AIM.PALESTINE (85.113.97.115) authorized as RevEmu
L 01/05/2020 - 12:48:48: "[DEA].AIM.PALESTINE<82><STEAM_1:1:1316058917><>" connected, address "85.113.97.115:20981"
L 01/05/2020 - 12:48:51: "ViVaplay＃ Player<79><STEAM_1:0:1973726945><TERRORIST>" killed "HuNt3r<76><STEAM_1:1:1071071391><CT>" with "knife"
L 01/05/2020 - 12:48:53: "xXGhost_ReaperXx<70><STEAM_1:0:1874631957><CT>" killed "ViVaplay＃ Player<79><STEAM_1:0:1973726945><TERRORIST>" with "tracktrain"
L 01/05/2020 - 12:48:53: Team "CT" triggered "CTs_Win" (CT "3") (T "8")
L 01/05/2020 - 12:48:53: World triggered "Round_End"
L 01/05/2020 - 12:48:57: "HuNt3r<76><STEAM_1:1:1071071391><CT>" joined team "TERRORIST"
L 01/05/2020 - 12:48:58: "jesse_pinkman<75><STEAM_0:1:526796648><TERRORIST>" joined team "CT"
L 01/05/2020 - 12:48:58: "<><><>" triggered "amx_chat" (text "[PTB] Transfered jesse_pinkman to CT")
L 01/05/2020 - 12:48:59: "[DEA].AIM.PALESTINE<82><STEAM_1:1:1316058917><>" entered the game
L 01/05/2020 - 12:48:59: World triggered "Round_Start"
L 01/05/2020 - 12:49:04: "[DEA].AIM.PALESTINE<82><STEAM_1:1:1316058917><>" joined team "TERRORIST"
L 01/05/2020 - 12:49:12: "jesse_pinkman<75><STEAM_0:1:526796648><CT>" killed "xXGhost_ReaperXx<70><STEAM_1:0:1874631957><CT>" with "tracktrain"
L 01/05/2020 - 12:49:35: [REUNION]: W.T.F|NeaDekvaTen (77.77.166.176) authorized as RevEmu
L 01/05/2020 - 12:49:35: "W.T.F|NeaDekvaTen<83><STEAM_2:1:24722080><>" connected, address "77.77.166.176:27005"
L 01/05/2020 - 12:49:38: Server cvar "amx_nextmap" = "climb"
L 01/05/2020 - 12:49:52: "W.T.F|NeaDekvaTen<83><STEAM_2:1:24722080><>" entered the game
L 01/05/2020 - 12:49:54: "JoHn_SpLeNdOuR_^<80><STEAM_2:1:233969738><CT>" committed suicide with "tracktrain"
L 01/05/2020 - 12:49:55: "W.T.F|NeaDekvaTen<83><STEAM_2:1:24722080><>" joined team "CT"
L 01/05/2020 - 12:50:05: "[DEA].AIM.PALESTINE<82><STEAM_1:1:1316058917><TERRORIST>" killed "jesse_pinkman<75><STEAM_0:1:526796648><CT>" with "knife"
L 01/05/2020 - 12:50:05: Team "TERRORIST" triggered "Terrorists_Win" (CT "3") (T "9")
L 01/05/2020 - 12:50:05: World triggered "Round_End"
L 01/05/2020 - 12:50:11: World triggered "Round_Start"
L 01/05/2020 - 12:50:18: "W.T.F|NeaDekvaTen<83><STEAM_2:1:24722080><CT>" killed "jesse_pinkman<75><STEAM_0:1:526796648><CT>" with "tracktrain"
L 01/05/2020 - 12:50:35: Server cvar "mp_timelimit" = "0.000000"
L 01/05/2020 - 12:50:47: "xXGhost_ReaperXx<70><STEAM_1:0:1874631957><CT>" killed "ViVaplay＃ Player<79><STEAM_1:0:1973726945><TERRORIST>" with "knife"
L 01/05/2020 - 12:50:49: "[DEA].AIM.PALESTINE<82><STEAM_1:1:1316058917><TERRORIST>" killed "xXGhost_ReaperXx<70><STEAM_1:0:1874631957><CT>" with "knife"
L 01/05/2020 - 12:51:02: "HuNt3r<76><STEAM_1:1:1071071391><TERRORIST>" killed "W.T.F|NeaDekvaTen<83><STEAM_2:1:24722080><CT>" with "knife"
L 01/05/2020 - 12:51:07: "W.T.F|NeaDekvaTen<83><STEAM_2:1:24722080><CT>" say_team "weapon: knife, ammo: 0/0, health: 1, armor: 0" (dead)
L 01/05/2020 - 12:51:14: "[DEA].AIM.PALESTINE<82><STEAM_1:1:1316058917><TERRORIST>" killed "JoHn_SpLeNdOuR_^<80><STEAM_2:1:233969738><CT>" with "tracktrain"
L 01/05/2020 - 12:51:14: Team "TERRORIST" triggered "Terrorists_Win" (CT "3") (T "10")
L 01/05/2020 - 12:51:14: World triggered "Round_End"
L 01/05/2020 - 12:51:20: World triggered "Round_Start"
L 01/05/2020 - 12:51:20: Server cvar "sv_maxspeed" = "0.000000"
L 01/05/2020 - 12:51:20: Server cvar "mp_friendlyfire" = "1"
L 01/05/2020 - 12:51:24: "xXGhost_ReaperXx<70><STEAM_1:0:1874631957><CT>" killed "JoHn_SpLeNdOuR_^<80><STEAM_2:1:233969738><CT>" with "grenade"
L 01/05/2020 - 12:51:26: Server cvar "sv_maxspeed" = "900.000000"
L 01/05/2020 - 12:51:26: Server cvar "mp_friendlyfire" = "0"
L 01/05/2020 - 12:51:26: Server cvar "mp_timelimit" = "10.000000"
L 01/05/2020 - 12:51:26: [META] ini: Begin re-reading plugins list: /home/rented/public9/cstrike/addons/metamod/plugins.ini
L 01/05/2020 - 12:51:26: [META] ini: Read plugin config for: SafeNameAndChat
L 01/05/2020 - 12:51:26: [META] ini: Read plugin config for: AMX Mod X
L 01/05/2020 - 12:51:26: [META] ini: Read plugin config for: Reunion
L 01/05/2020 - 12:51:26: [META] ini: Read plugin config for: ReAuthCheck
L 01/05/2020 - 12:51:26: [META] ini: Read plugin config for: WHBlocker
L 01/05/2020 - 12:51:26: [META] ini: Read plugin config for: ReSemiclip
L 01/05/2020 - 12:51:26: [META] ini: Read plugin config for: Revoice
L 01/05/2020 - 12:51:26: [META] ini: Finished reading plugins list: /home/rented/public9/cstrike/addons/metamod/plugins.ini; Found 7 plugins
L 01/05/2020 - 12:51:26: [META] dll: Updating plugins...
L 01/05/2020 - 12:51:26: [META] WARNING: Cannot clear plugin 'SafeNameAndChat'; not marked as failed, empty, or open (status=valid)
L 01/05/2020 - 12:51:26: [META] dll: Unloaded plugin 'SafeNameAndChat' for reason 'file on disk is newer'
L 01/05/2020 - 12:51:26: [META] dll: Loaded plugin 'SafeNameAndChat': SafeNameAndChat v1.1 2017.02.01, WPMG.PRoSToC0der
L 01/05/2020 - 12:51:26: [META] WARNING: Cannot clear plugin 'WHBlocker'; not marked as failed, empty, or open (status=valid)
L 01/05/2020 - 12:51:26: [META] dll: Unloaded plugin 'WHBlocker' for reason 'file on disk is newer'
L 01/05/2020 - 12:51:26: [META] dll: Loaded plugin 'WHBlocker': WHBlocker v1.5.692 2017-04-13, s1lent
L 01/05/2020 - 12:51:26: [META] WARNING: Cannot clear plugin 'ReSemiclip'; not marked as failed, empty, or open (status=valid)
L 01/05/2020 - 12:51:26: [META] dll: Unloaded plugin 'ReSemiclip' for reason 'file on disk is newer'
L 01/05/2020 - 12:51:26: [META] dll: Loaded plugin 'ReSemiclip': ReSemiclip v2.3.9 13/02/17, s1lent & Adidasman
L 01/05/2020 - 12:51:26: [META] dll: Finished updating 14 plugins; kept 0, loaded 0, unloaded 0, reloaded 3, delayed 0
L 01/05/2020 - 12:51:26: "jesse_pinkman<75><STEAM_0:1:526796648><CT>" disconnected
L 01/05/2020 - 12:51:26: "xXGhost_ReaperXx<70><STEAM_1:0:1874631957><CT>" disconnected
L 01/05/2020 - 12:51:26: "ViVaplay＃ Player<79><STEAM_1:0:1973726945><TERRORIST>" disconnected
L 01/05/2020 - 12:51:26: "HuNt3r<76><STEAM_1:1:1071071391><TERRORIST>" disconnected
L 01/05/2020 - 12:51:26: "JoHn_SpLeNdOuR_^<80><STEAM_2:1:233969738><CT>" disconnected
L 01/05/2020 - 12:51:26: "[DEA].AIM.PALESTINE<82><STEAM_1:1:1316058917><TERRORIST>" disconnected
L 01/05/2020 - 12:51:26: "W.T.F|NeaDekvaTen<83><STEAM_2:1:24722080><CT>" disconnected
L 01/05/2020 - 12:51:26: World triggered "Round_Draw" (CT "3") (T "10")
L 01/05/2020 - 12:51:26: World triggered "Round_End"
L 01/05/2020 - 12:51:26: Log file closed
