L 01/06/2020 - 19:37:04: Log file started (file "logs/L0106062.log") (game "cstrike") (version "48/1.1.2.7/Stdio/1621")
L 01/06/2020 - 19:37:04: Loading map "big_city"
L 01/06/2020 - 19:37:04: Server cvars start
L 01/06/2020 - 19:37:04: Server cvar "@BunnyHopper" = "3.x"
L 01/06/2020 - 19:37:04: Server cvar "@CRXGoSpec" = "1.1"
L 01/06/2020 - 19:37:04: Server cvar "@CRXRemoveImmunity" = "1.0"
L 01/06/2020 - 19:37:04: Server cvar "@D.I.C.E." = "1.1"
L 01/06/2020 - 19:37:04: Server cvar "@MOTDCommands" = "1.2"
L 01/06/2020 - 19:37:04: Server cvar "advanced_quake_sounds" = "5.0"
L 01/06/2020 - 19:37:04: Server cvar "AdvancedMute" = "1.0"
L 01/06/2020 - 19:37:04: Server cvar "aesp_version" = "1.3"
L 01/06/2020 - 19:37:04: Server cvar "allow_spectators" = "1.0"
L 01/06/2020 - 19:37:04: Server cvar "amx_client_languages" = "1"
L 01/06/2020 - 19:37:04: Server cvar "amx_language" = "en"
L 01/06/2020 - 19:37:04: Server cvar "amx_nextmap" = "big_city"
L 01/06/2020 - 19:37:04: Server cvar "amx_ptb_version" = "1.8b3"
L 01/06/2020 - 19:37:04: Server cvar "amx_timeleft" = "00:00"
L 01/06/2020 - 19:37:04: Server cvar "amxmodx_version" = "1.8.2"
L 01/06/2020 - 19:37:04: Server cvar "amxxbg_vip" = "1.0"
L 01/06/2020 - 19:37:04: Server cvar "asp_version" = "4.5.1"
L 01/06/2020 - 19:37:04: Server cvar "atac_version" = "3.0.1"
L 01/06/2020 - 19:37:04: Server cvar "badcamper_version" = "1.4 beta"
L 01/06/2020 - 19:37:04: Server cvar "blockmaker" = "4.01"
L 01/06/2020 - 19:37:04: Server cvar "c4 timer" = "1.1"
L 01/06/2020 - 19:37:04: Server cvar "coop" = "0"
L 01/06/2020 - 19:37:04: Server cvar "CRXAdminGroups" = "1.0"
L 01/06/2020 - 19:37:04: Server cvar "CRXCommandRestrictions" = "1.0"
L 01/06/2020 - 19:37:04: Server cvar "CRXFastKnife" = "1.0"
L 01/06/2020 - 19:37:04: Server cvar "CRXGametracker" = "2.0"
L 01/06/2020 - 19:37:04: Server cvar "CRXKnifeModels" = "2.5.7"
L 01/06/2020 - 19:37:04: Server cvar "CRXTeamAdvantage" = "1.0"
L 01/06/2020 - 19:37:04: Server cvar "CustomShop" = "4.2"
L 01/06/2020 - 19:37:04: Server cvar "deathmatch" = "1"
L 01/06/2020 - 19:37:04: Server cvar "decalfrequency" = "0"
L 01/06/2020 - 19:37:04: Server cvar "edgefriction" = "2"
L 01/06/2020 - 19:37:04: Server cvar "ers_version" = "2.3c"
L 01/06/2020 - 19:37:04: Server cvar "gagsystem_shoko" = "1.0"
L 01/06/2020 - 19:37:04: Server cvar "gal_mapcyclefile" = "mapcycle.txt"
L 01/06/2020 - 19:37:04: Server cvar "gal_version" = "v5.9.1-926"
L 01/06/2020 - 19:37:04: Server cvar "game_version" = "5.7.0.313-dev"
L 01/06/2020 - 19:37:04: Server cvar "humans_join_team" = "any"
L 01/06/2020 - 19:37:04: Server cvar "jtp10181" = "chute,gore"
L 01/06/2020 - 19:37:04: Server cvar "lawliet" = "ny_RainingSnow"
L 01/06/2020 - 19:37:04: Server cvar "LetitSnow" = "1.0"
L 01/06/2020 - 19:37:04: Server cvar "map_spawns" = "T(16) CT(16)"
L 01/06/2020 - 19:37:04: Server cvar "max_queries_sec" = "3"
L 01/06/2020 - 19:37:04: Server cvar "max_queries_sec_global" = "150"
L 01/06/2020 - 19:37:04: Server cvar "max_queries_window" = "60"
L 01/06/2020 - 19:37:04: Server cvar "mdbBans" = "4.8"
L 01/06/2020 - 19:37:04: Server cvar "metamod_version" = "1.21p37"
L 01/06/2020 - 19:37:04: Server cvar "mp_autokick" = "0"
L 01/06/2020 - 19:37:04: Server cvar "mp_autokick_timeout" = "-1"
L 01/06/2020 - 19:37:04: Server cvar "mp_autoteambalance" = "0"
L 01/06/2020 - 19:37:04: Server cvar "mp_buytime" = "0.25"
L 01/06/2020 - 19:37:04: Server cvar "mp_c4timer" = "35"
L 01/06/2020 - 19:37:04: Server cvar "mp_chattime" = "5.000000"
L 01/06/2020 - 19:37:04: Server cvar "mp_consistency" = "1"
L 01/06/2020 - 19:37:04: Server cvar "mp_fadetoblack" = "0"
L 01/06/2020 - 19:37:04: Server cvar "mp_flashlight" = "1"
L 01/06/2020 - 19:37:04: Server cvar "mp_footsteps" = "1"
L 01/06/2020 - 19:37:04: Server cvar "mp_forcecamera" = "0"
L 01/06/2020 - 19:37:04: Server cvar "mp_forcechasecam" = "0"
L 01/06/2020 - 19:37:04: Server cvar "mp_forcerespawn" = "0"
L 01/06/2020 - 19:37:04: Server cvar "mp_fraglimit" = "0"
L 01/06/2020 - 19:37:04: Server cvar "mp_fragsleft" = "0"
L 01/06/2020 - 19:37:04: Server cvar "mp_freeforall" = "0"
L 01/06/2020 - 19:37:04: Server cvar "mp_freezetime" = "1"
L 01/06/2020 - 19:37:04: Server cvar "mp_friendlyfire" = "0"
L 01/06/2020 - 19:37:04: Server cvar "mp_hostage_hurtable" = "1"
L 01/06/2020 - 19:37:04: Server cvar "mp_hostagepenalty" = "0"
L 01/06/2020 - 19:37:04: Server cvar "mp_item_staytime" = "300"
L 01/06/2020 - 19:37:04: Server cvar "mp_kickpercent" = "0.66"
L 01/06/2020 - 19:37:04: Server cvar "mp_legacy_bombtarget_touch" = "1"
L 01/06/2020 - 19:37:04: Server cvar "mp_limitteams" = "0"
L 01/06/2020 - 19:37:04: Server cvar "mp_logdetail" = "0"
L 01/06/2020 - 19:37:04: Server cvar "mp_logfile" = "1"
L 01/06/2020 - 19:37:04: Server cvar "mp_logmessages" = "1"
L 01/06/2020 - 19:37:04: Server cvar "mp_mapvoteratio" = "0.66"
L 01/06/2020 - 19:37:04: Server cvar "mp_maxmoney" = "999999"
L 01/06/2020 - 19:37:04: Server cvar "mp_maxrounds" = "0"
L 01/06/2020 - 19:37:04: Server cvar "mp_mirrordamage" = "0"
L 01/06/2020 - 19:37:04: Server cvar "mp_old_bomb_defused_sound" = "1"
L 01/06/2020 - 19:37:04: Server cvar "mp_playerid" = "0"
L 01/06/2020 - 19:37:04: Server cvar "mp_respawn_immunitytime" = "0"
L 01/06/2020 - 19:37:04: Server cvar "mp_round_infinite" = "0"
L 01/06/2020 - 19:37:04: Server cvar "mp_round_restart_delay" = "5"
L 01/06/2020 - 19:37:04: Server cvar "mp_roundover" = "0"
L 01/06/2020 - 19:37:04: Server cvar "mp_roundtime" = "2.3"
L 01/06/2020 - 19:37:04: Server cvar "mp_show_radioicon" = "1"
L 01/06/2020 - 19:37:04: Server cvar "mp_startmoney" = "850"
L 01/06/2020 - 19:37:04: Server cvar "mp_timeleft" = "00:00"
L 01/06/2020 - 19:37:04: Server cvar "mp_timelimit" = "20"
L 01/06/2020 - 19:37:04: Server cvar "mp_tkpunish" = "0"
L 01/06/2020 - 19:37:04: Server cvar "mp_windifference" = "1"
L 01/06/2020 - 19:37:04: Server cvar "mp_winlimit" = "0"
L 01/06/2020 - 19:37:04: Server cvar "NoWeaponsOnGround" = "1.0"
L 01/06/2020 - 19:37:04: Server cvar "pausable" = "0"
L 01/06/2020 - 19:37:04: Server cvar "present_version" = "2.01"
L 01/06/2020 - 19:37:04: Server cvar "RandomHP" = "2.2"
L 01/06/2020 - 19:37:04: Server cvar "reauthcheck_version" = "0.1.6"
L 01/06/2020 - 19:37:04: Server cvar "reconnect_features" = "0.3.1"
L 01/06/2020 - 19:37:04: Server cvar "report_system_version" = "3.1"
L 01/06/2020 - 19:37:04: Server cvar "resemiclip_version" = "2.3.9"
L 01/06/2020 - 19:37:04: Server cvar "reu_version" = "0.1.0.130"
L 01/06/2020 - 19:37:04: Server cvar "revoice_version" = "0.1.0.30"
L 01/06/2020 - 19:37:04: Server cvar "RRWM" = "2.0"
L 01/06/2020 - 19:37:04: Server cvar "sanksounds_version" = "1.8.6"
L 01/06/2020 - 19:37:04: Server cvar "SimpleMenu" = "1.1"
L 01/06/2020 - 19:37:04: Server cvar "SNAC_Version" = "1.1"
L 01/06/2020 - 19:37:04: Server cvar "SpecList" = "1.2a"
L 01/06/2020 - 19:37:04: Server cvar "sr_version" = "1.6"
L 01/06/2020 - 19:37:04: Server cvar "statsx_shell_ver" = "2.0.0 (BETA)"
L 01/06/2020 - 19:37:04: Server cvar "StyleC4Timer" = "2.1"
L 01/06/2020 - 19:37:04: Server cvar "sv_accelerate" = "5"
L 01/06/2020 - 19:37:04: Server cvar "sv_aim" = "1"
L 01/06/2020 - 19:37:04: Server cvar "sv_airaccelerate" = "100"
L 01/06/2020 - 19:37:04: Server cvar "sv_allowupload" = "1"
L 01/06/2020 - 19:37:04: Server cvar "sv_alltalk" = "1"
L 01/06/2020 - 19:37:04: Server cvar "sv_bounce" = "1"
L 01/06/2020 - 19:37:04: Server cvar "sv_cheats" = "0"
L 01/06/2020 - 19:37:04: Server cvar "sv_clienttrace" = "1"
L 01/06/2020 - 19:37:04: Server cvar "sv_contact" = "feruchio599@gmail.com"
L 01/06/2020 - 19:37:04: Server cvar "sv_friction" = "4"
L 01/06/2020 - 19:37:04: Server cvar "sv_gravity" = "800"
L 01/06/2020 - 19:37:04: Server cvar "sv_logblocks" = "0"
L 01/06/2020 - 19:37:04: Server cvar "sv_maxrate" = "50000"
L 01/06/2020 - 19:37:04: Server cvar "sv_maxspeed" = "900"
L 01/06/2020 - 19:37:04: Server cvar "sv_minrate" = "10000"
L 01/06/2020 - 19:37:04: Server cvar "sv_password" = ""
L 01/06/2020 - 19:37:04: Server cvar "sv_proxies" = "1"
L 01/06/2020 - 19:37:04: Server cvar "sv_restart" = "0"
L 01/06/2020 - 19:37:04: Server cvar "sv_restartround" = "0"
L 01/06/2020 - 19:37:04: Server cvar "sv_stepsize" = "18"
L 01/06/2020 - 19:37:04: Server cvar "sv_stopspeed" = "75"
L 01/06/2020 - 19:37:04: Server cvar "sv_uploadmax" = "0.5"
L 01/06/2020 - 19:37:04: Server cvar "sv_version" = "1.1.2.7/Stdio,48,1621"
L 01/06/2020 - 19:37:04: Server cvar "sv_voiceenable" = "1"
L 01/06/2020 - 19:37:04: Server cvar "sv_wateraccelerate" = "10"
L 01/06/2020 - 19:37:04: Server cvar "sv_waterfriction" = "1"
L 01/06/2020 - 19:37:04: Server cvar "Team_Semiclip_version" = "3.3.1"
L 01/06/2020 - 19:37:04: Server cvar "vehicle_real_killer" = "1.1"
L 01/06/2020 - 19:37:04: Server cvar "WalkGuard" = "1.3.2"
L 01/06/2020 - 19:37:04: Server cvar "we_grenades" = "Huehue"
L 01/06/2020 - 19:37:04: Server cvar "we_player_models" = "Huehue"
L 01/06/2020 - 19:37:04: Server cvar "whb_version" = "1.5.692"
L 01/06/2020 - 19:37:04: Server cvar "zp_jp_version" = "Extra Item Jetpack+Bazooka v3.2"
L 01/06/2020 - 19:37:04: Server cvars end
L 01/06/2020 - 19:37:07: Server cvar "mp_autoteambalance" = "1"
L 01/06/2020 - 19:37:07: Server cvar "mp_autoteambalance" = "0"
L 01/06/2020 - 19:37:07: Server cvar "amx_nextmap" = "[not yet voted on]"
L 01/06/2020 - 19:37:09: Started map "big_city" (CRC "-1756351155")
L 01/06/2020 - 19:37:11: World triggered "Round_Start"
L 01/06/2020 - 19:37:12: [REUNION]: DzIBy (93.86.227.143) authorized as RevEmu
L 01/06/2020 - 19:37:12: "DzIBy<264><STEAM_1:0:1326514608><>" connected, address "93.86.227.143:27005"
L 01/06/2020 - 19:37:22: [REUNION]: zelkus (178.221.197.220) authorized as RevEmu
L 01/06/2020 - 19:37:22: "zelkus<265><STEAM_1:1:581713397><>" connected, address "178.221.197.220:27005"
L 01/06/2020 - 19:38:09: [REUNION]: zelkus (178.221.197.220) authorized as RevEmu
L 01/06/2020 - 19:38:09: "zelkus<266><STEAM_1:1:581713397><>" connected, address "178.221.197.220:27005"
L 01/06/2020 - 19:38:17: "zelkus<266><STEAM_1:1:581713397><>" entered the game
L 01/06/2020 - 19:38:23: "zelkus<266><STEAM_1:1:581713397><>" joined team "TERRORIST"
L 01/06/2020 - 19:38:55: [REUNION]: DzIBy (93.86.227.143) authorized as RevEmu
L 01/06/2020 - 19:38:55: "DzIBy<267><STEAM_1:0:1326514608><>" connected, address "93.86.227.143:27005"
L 01/06/2020 - 19:39:08: "DzIBy<267><STEAM_1:0:1326514608><>" entered the game
L 01/06/2020 - 19:39:15: "DzIBy<267><STEAM_1:0:1326514608><>" joined team "CT"
L 01/06/2020 - 19:39:16: World triggered "Game_Commencing"
L 01/06/2020 - 19:39:16: World triggered "Game_Commencing" (CT "0") (T "0")
L 01/06/2020 - 19:39:16: World triggered "Round_End"
L 01/06/2020 - 19:39:20: World triggered "Round_Start"
L 01/06/2020 - 19:40:26: "zelkus<266><STEAM_1:1:581713397><TERRORIST>" triggered "Killed_A_Hostage"
L 01/06/2020 - 19:41:00: "DzIBy<267><STEAM_1:0:1326514608><CT>" killed "zelkus<266><STEAM_1:1:581713397><TERRORIST>" with "mp5navy"
L 01/06/2020 - 19:41:00: Team "CT" triggered "CTs_Win" (CT "1") (T "0")
L 01/06/2020 - 19:41:00: World triggered "Round_End"
L 01/06/2020 - 19:41:06: World triggered "Round_Start"
L 01/06/2020 - 19:42:12: "DzIBy<267><STEAM_1:0:1326514608><CT>" triggered "Touched_A_Hostage"
L 01/06/2020 - 19:42:15: [REUNION]: HNS.PROSERVER-CODAT (77.243.25.57) authorized as RevEmu
L 01/06/2020 - 19:42:15: "HNS.PROSERVER-CODAT<268><STEAM_1:1:1834348531><>" connected, address "77.243.25.57:24494"
L 01/06/2020 - 19:42:35: "DzIBy<267><STEAM_1:0:1326514608><CT>" killed "zelkus<266><STEAM_1:1:581713397><TERRORIST>" with "m4a1"
L 01/06/2020 - 19:42:35: Team "CT" triggered "CTs_Win" (CT "2") (T "0")
L 01/06/2020 - 19:42:35: World triggered "Round_End"
L 01/06/2020 - 19:42:41: World triggered "Round_Start"
L 01/06/2020 - 19:43:16: "DzIBy<267><STEAM_1:0:1326514608><CT>" killed "zelkus<266><STEAM_1:1:581713397><TERRORIST>" with "m4a1"
L 01/06/2020 - 19:43:16: Team "CT" triggered "CTs_Win" (CT "3") (T "0")
L 01/06/2020 - 19:43:16: World triggered "Round_End"
L 01/06/2020 - 19:43:22: World triggered "Round_Start"
L 01/06/2020 - 19:44:07: "DzIBy<267><STEAM_1:0:1326514608><CT>" killed "zelkus<266><STEAM_1:1:581713397><TERRORIST>" with "m4a1"
L 01/06/2020 - 19:44:07: Team "CT" triggered "CTs_Win" (CT "4") (T "0")
L 01/06/2020 - 19:44:07: World triggered "Round_End"
L 01/06/2020 - 19:44:08: [REUNION]: /// M5 (151.237.37.93) authorized as RevEmu
L 01/06/2020 - 19:44:08: "/// M5<269><STEAM_1:0:603964278><>" connected, address "151.237.37.93:27005"
L 01/06/2020 - 19:44:12: "/// M5<269><STEAM_1:0:603964278><>" entered the game
L 01/06/2020 - 19:44:13: World triggered "Round_Start"
L 01/06/2020 - 19:44:21: "/// M5<269><STEAM_1:0:603964278><>" joined team "TERRORIST"
L 01/06/2020 - 19:44:41: [REUNION]: IP 193.42.110.171 banned for 10 minutes for query flooding (PPS: 331)
L 01/06/2020 - 19:44:44: "/// M5<269><STEAM_1:0:603964278><TERRORIST>" killed "DzIBy<267><STEAM_1:0:1326514608><CT>" with "m4a1"
L 01/06/2020 - 19:44:44: Team "TERRORIST" triggered "Terrorists_Win" (CT "4") (T "1")
L 01/06/2020 - 19:44:44: World triggered "Round_End"
L 01/06/2020 - 19:44:50: World triggered "Round_Start"
L 01/06/2020 - 19:45:15: "zelkus<266><STEAM_1:1:581713397><TERRORIST>" killed "DzIBy<267><STEAM_1:0:1326514608><CT>" with "sg550"
L 01/06/2020 - 19:45:15: Team "TERRORIST" triggered "Terrorists_Win" (CT "4") (T "2")
L 01/06/2020 - 19:45:15: World triggered "Round_End"
L 01/06/2020 - 19:45:21: World triggered "Round_Start"
L 01/06/2020 - 19:46:58: "DzIBy<267><STEAM_1:0:1326514608><CT>" killed "/// M5<269><STEAM_1:0:603964278><TERRORIST>" with "scout"
L 01/06/2020 - 19:47:08: "DzIBy<267><STEAM_1:0:1326514608><CT>" killed "zelkus<266><STEAM_1:1:581713397><TERRORIST>" with "usp"
L 01/06/2020 - 19:47:08: Team "CT" triggered "CTs_Win" (CT "5") (T "2")
L 01/06/2020 - 19:47:08: World triggered "Round_End"
L 01/06/2020 - 19:47:14: World triggered "Round_Start"
L 01/06/2020 - 19:48:07: "/// M5<269><STEAM_1:0:603964278><TERRORIST>" killed "DzIBy<267><STEAM_1:0:1326514608><CT>" with "ak47"
L 01/06/2020 - 19:48:07: Team "TERRORIST" triggered "Terrorists_Win" (CT "5") (T "3")
L 01/06/2020 - 19:48:07: World triggered "Round_End"
L 01/06/2020 - 19:48:09: "zelkus<266><STEAM_1:1:581713397><TERRORIST>" committed suicide with "world"
L 01/06/2020 - 19:48:09: "zelkus<266><STEAM_1:1:581713397><TERRORIST>" joined team "CT"
L 01/06/2020 - 19:48:13: "DzIBy<267><STEAM_1:0:1326514608><CT>" disconnected
L 01/06/2020 - 19:48:13: World triggered "Round_Start"
L 01/06/2020 - 19:48:19: "zelkus<266><STEAM_1:1:581713397><CT>" disconnected
L 01/06/2020 - 19:48:19: [REUNION]: zelkus (178.221.197.220) authorized as RevEmu
L 01/06/2020 - 19:48:19: "zelkus<270><STEAM_1:1:581713397><>" connected, address "178.221.197.220:27005"
L 01/06/2020 - 19:49:28: "/// M5<269><STEAM_1:0:603964278><TERRORIST>" disconnected
L 01/06/2020 - 19:49:28: World triggered "Round_Draw" (CT "5") (T "3")
L 01/06/2020 - 19:49:28: World triggered "Round_End"
L 01/06/2020 - 19:49:34: World triggered "Round_Start"
L 01/06/2020 - 19:51:52: Team "TERRORIST" triggered "Hostages_Not_Rescued" (CT "5") (T "3")
L 01/06/2020 - 19:51:52: World triggered "Round_End"
L 01/06/2020 - 19:51:58: World triggered "Round_Start"
L 01/06/2020 - 19:54:16: Team "TERRORIST" triggered "Hostages_Not_Rescued" (CT "5") (T "3")
L 01/06/2020 - 19:54:16: World triggered "Round_End"
L 01/06/2020 - 19:54:22: World triggered "Round_Start"
L 01/06/2020 - 19:56:40: Team "TERRORIST" triggered "Hostages_Not_Rescued" (CT "5") (T "3")
L 01/06/2020 - 19:56:40: World triggered "Round_End"
L 01/06/2020 - 19:56:46: World triggered "Round_Start"
L 01/06/2020 - 19:59:04: Team "TERRORIST" triggered "Hostages_Not_Rescued" (CT "5") (T "3")
L 01/06/2020 - 19:59:04: World triggered "Round_End"
L 01/06/2020 - 19:59:10: World triggered "Round_Start"
L 01/06/2020 - 19:59:19: Server cvar "mp_chattime" = "7.000000"
L 01/06/2020 - 19:59:19: Server cvar "amx_nextmap" = "big_city2"
L 01/06/2020 - 19:59:19: Team "CT" scored "5" with "0" players
L 01/06/2020 - 19:59:19: Team "TERRORIST" scored "3" with "0" players
L 01/06/2020 - 19:59:24: Server cvar "mp_chattime" = "5.000000"
L 01/06/2020 - 19:59:24: [META] ini: Begin re-reading plugins list: /home/rented/public9/cstrike/addons/metamod/plugins.ini
L 01/06/2020 - 19:59:24: [META] ini: Read plugin config for: SafeNameAndChat
L 01/06/2020 - 19:59:24: [META] ini: Read plugin config for: AMX Mod X
L 01/06/2020 - 19:59:24: [META] ini: Read plugin config for: Reunion
L 01/06/2020 - 19:59:24: [META] ini: Read plugin config for: ReAuthCheck
L 01/06/2020 - 19:59:24: [META] ini: Read plugin config for: WHBlocker
L 01/06/2020 - 19:59:24: [META] ini: Read plugin config for: ReSemiclip
L 01/06/2020 - 19:59:24: [META] ini: Read plugin config for: Revoice
L 01/06/2020 - 19:59:24: [META] ini: Finished reading plugins list: /home/rented/public9/cstrike/addons/metamod/plugins.ini; Found 7 plugins
L 01/06/2020 - 19:59:24: [META] dll: Updating plugins...
L 01/06/2020 - 19:59:24: [META] WARNING: Cannot clear plugin 'SafeNameAndChat'; not marked as failed, empty, or open (status=valid)
L 01/06/2020 - 19:59:24: [META] dll: Unloaded plugin 'SafeNameAndChat' for reason 'file on disk is newer'
L 01/06/2020 - 19:59:24: [META] dll: Loaded plugin 'SafeNameAndChat': SafeNameAndChat v1.1 2017.02.01, WPMG.PRoSToC0der
L 01/06/2020 - 19:59:24: [META] WARNING: Cannot clear plugin 'WHBlocker'; not marked as failed, empty, or open (status=valid)
L 01/06/2020 - 19:59:24: [META] dll: Unloaded plugin 'WHBlocker' for reason 'file on disk is newer'
L 01/06/2020 - 19:59:24: [META] dll: Loaded plugin 'WHBlocker': WHBlocker v1.5.692 2017-04-13, s1lent
L 01/06/2020 - 19:59:24: [META] WARNING: Cannot clear plugin 'ReSemiclip'; not marked as failed, empty, or open (status=valid)
L 01/06/2020 - 19:59:24: [META] dll: Unloaded plugin 'ReSemiclip' for reason 'file on disk is newer'
L 01/06/2020 - 19:59:24: [META] dll: Loaded plugin 'ReSemiclip': ReSemiclip v2.3.9 13/02/17, s1lent & Adidasman
L 01/06/2020 - 19:59:24: [META] dll: Finished updating 14 plugins; kept 0, loaded 0, unloaded 0, reloaded 3, delayed 0
L 01/06/2020 - 19:59:24: Log file closed
