L 01/06/2020 - 23:29:43: Log file started (file "logs/L0106075.log") (game "cstrike") (version "48/1.1.2.7/Stdio/1621")
L 01/06/2020 - 23:29:43: Loading map "de_lidl"
L 01/06/2020 - 23:29:43: Server cvars start
L 01/06/2020 - 23:29:43: Server cvar "@BunnyHopper" = "3.x"
L 01/06/2020 - 23:29:43: Server cvar "@CRXGoSpec" = "1.1"
L 01/06/2020 - 23:29:43: Server cvar "@CRXRemoveImmunity" = "1.0"
L 01/06/2020 - 23:29:43: Server cvar "@D.I.C.E." = "1.1"
L 01/06/2020 - 23:29:43: Server cvar "@MOTDCommands" = "1.2"
L 01/06/2020 - 23:29:43: Server cvar "advanced_quake_sounds" = "5.0"
L 01/06/2020 - 23:29:43: Server cvar "AdvancedMute" = "1.0"
L 01/06/2020 - 23:29:43: Server cvar "aesp_version" = "1.3"
L 01/06/2020 - 23:29:43: Server cvar "allow_spectators" = "1.0"
L 01/06/2020 - 23:29:43: Server cvar "amx_client_languages" = "1"
L 01/06/2020 - 23:29:43: Server cvar "amx_language" = "en"
L 01/06/2020 - 23:29:43: Server cvar "amx_nextmap" = "de_lidl"
L 01/06/2020 - 23:29:43: Server cvar "amx_ptb_version" = "1.8b3"
L 01/06/2020 - 23:29:43: Server cvar "amx_timeleft" = "13:39"
L 01/06/2020 - 23:29:43: Server cvar "amxmodx_version" = "1.8.2"
L 01/06/2020 - 23:29:43: Server cvar "amxxbg_vip" = "1.0"
L 01/06/2020 - 23:29:43: Server cvar "asp_version" = "4.5.1"
L 01/06/2020 - 23:29:43: Server cvar "atac_version" = "3.0.1"
L 01/06/2020 - 23:29:43: Server cvar "badcamper_version" = "1.4 beta"
L 01/06/2020 - 23:29:43: Server cvar "blockmaker" = "4.01"
L 01/06/2020 - 23:29:43: Server cvar "c4 timer" = "1.1"
L 01/06/2020 - 23:29:43: Server cvar "coop" = "0"
L 01/06/2020 - 23:29:43: Server cvar "CRXAdminGroups" = "1.0"
L 01/06/2020 - 23:29:43: Server cvar "CRXCommandRestrictions" = "1.0"
L 01/06/2020 - 23:29:43: Server cvar "CRXFastKnife" = "1.0"
L 01/06/2020 - 23:29:43: Server cvar "CRXGametracker" = "2.0"
L 01/06/2020 - 23:29:43: Server cvar "CRXKnifeModels" = "2.5.7"
L 01/06/2020 - 23:29:43: Server cvar "CRXTeamAdvantage" = "1.0"
L 01/06/2020 - 23:29:43: Server cvar "CustomShop" = "4.2"
L 01/06/2020 - 23:29:43: Server cvar "deathmatch" = "1"
L 01/06/2020 - 23:29:43: Server cvar "decalfrequency" = "0"
L 01/06/2020 - 23:29:43: Server cvar "edgefriction" = "2"
L 01/06/2020 - 23:29:43: Server cvar "ers_version" = "2.3c"
L 01/06/2020 - 23:29:43: Server cvar "gagsystem_shoko" = "1.0"
L 01/06/2020 - 23:29:43: Server cvar "gal_mapcyclefile" = "mapcycle.txt"
L 01/06/2020 - 23:29:43: Server cvar "gal_version" = "v5.9.1-926"
L 01/06/2020 - 23:29:43: Server cvar "game_version" = "5.7.0.313-dev"
L 01/06/2020 - 23:29:43: Server cvar "humans_join_team" = "any"
L 01/06/2020 - 23:29:43: Server cvar "jtp10181" = "chute,gore"
L 01/06/2020 - 23:29:43: Server cvar "lawliet" = "ny_RainingSnow"
L 01/06/2020 - 23:29:43: Server cvar "LetitSnow" = "1.0"
L 01/06/2020 - 23:29:43: Server cvar "map_spawns" = "T(16) CT(16)"
L 01/06/2020 - 23:29:43: Server cvar "max_queries_sec" = "3"
L 01/06/2020 - 23:29:43: Server cvar "max_queries_sec_global" = "150"
L 01/06/2020 - 23:29:43: Server cvar "max_queries_window" = "60"
L 01/06/2020 - 23:29:43: Server cvar "mdbBans" = "4.8"
L 01/06/2020 - 23:29:43: Server cvar "metamod_version" = "1.21p37"
L 01/06/2020 - 23:29:43: Server cvar "mp_autokick" = "0"
L 01/06/2020 - 23:29:43: Server cvar "mp_autokick_timeout" = "-1"
L 01/06/2020 - 23:29:43: Server cvar "mp_autoteambalance" = "0"
L 01/06/2020 - 23:29:43: Server cvar "mp_buytime" = "0.25"
L 01/06/2020 - 23:29:43: Server cvar "mp_c4timer" = "35"
L 01/06/2020 - 23:29:43: Server cvar "mp_chattime" = "5.000000"
L 01/06/2020 - 23:29:43: Server cvar "mp_consistency" = "1"
L 01/06/2020 - 23:29:43: Server cvar "mp_fadetoblack" = "0"
L 01/06/2020 - 23:29:43: Server cvar "mp_flashlight" = "1"
L 01/06/2020 - 23:29:43: Server cvar "mp_footsteps" = "1"
L 01/06/2020 - 23:29:43: Server cvar "mp_forcecamera" = "0"
L 01/06/2020 - 23:29:43: Server cvar "mp_forcechasecam" = "0"
L 01/06/2020 - 23:29:43: Server cvar "mp_forcerespawn" = "0"
L 01/06/2020 - 23:29:43: Server cvar "mp_fraglimit" = "0"
L 01/06/2020 - 23:29:43: Server cvar "mp_fragsleft" = "0"
L 01/06/2020 - 23:29:43: Server cvar "mp_freeforall" = "0"
L 01/06/2020 - 23:29:43: Server cvar "mp_freezetime" = "1"
L 01/06/2020 - 23:29:43: Server cvar "mp_friendlyfire" = "0"
L 01/06/2020 - 23:29:43: Server cvar "mp_hostage_hurtable" = "1"
L 01/06/2020 - 23:29:43: Server cvar "mp_hostagepenalty" = "0"
L 01/06/2020 - 23:29:43: Server cvar "mp_item_staytime" = "300"
L 01/06/2020 - 23:29:43: Server cvar "mp_kickpercent" = "0.66"
L 01/06/2020 - 23:29:43: Server cvar "mp_legacy_bombtarget_touch" = "1"
L 01/06/2020 - 23:29:43: Server cvar "mp_limitteams" = "0"
L 01/06/2020 - 23:29:43: Server cvar "mp_logdetail" = "0"
L 01/06/2020 - 23:29:43: Server cvar "mp_logfile" = "1"
L 01/06/2020 - 23:29:43: Server cvar "mp_logmessages" = "1"
L 01/06/2020 - 23:29:43: Server cvar "mp_mapvoteratio" = "0.66"
L 01/06/2020 - 23:29:43: Server cvar "mp_maxmoney" = "999999"
L 01/06/2020 - 23:29:43: Server cvar "mp_maxrounds" = "0"
L 01/06/2020 - 23:29:43: Server cvar "mp_mirrordamage" = "0"
L 01/06/2020 - 23:29:43: Server cvar "mp_old_bomb_defused_sound" = "1"
L 01/06/2020 - 23:29:43: Server cvar "mp_playerid" = "0"
L 01/06/2020 - 23:29:43: Server cvar "mp_respawn_immunitytime" = "0"
L 01/06/2020 - 23:29:43: Server cvar "mp_round_infinite" = "0"
L 01/06/2020 - 23:29:43: Server cvar "mp_round_restart_delay" = "5"
L 01/06/2020 - 23:29:43: Server cvar "mp_roundover" = "0"
L 01/06/2020 - 23:29:43: Server cvar "mp_roundtime" = "2.3"
L 01/06/2020 - 23:29:43: Server cvar "mp_show_radioicon" = "1"
L 01/06/2020 - 23:29:43: Server cvar "mp_startmoney" = "850"
L 01/06/2020 - 23:29:43: Server cvar "mp_timeleft" = "13:39"
L 01/06/2020 - 23:29:43: Server cvar "mp_timelimit" = "20"
L 01/06/2020 - 23:29:43: Server cvar "mp_tkpunish" = "0"
L 01/06/2020 - 23:29:43: Server cvar "mp_windifference" = "1"
L 01/06/2020 - 23:29:43: Server cvar "mp_winlimit" = "0"
L 01/06/2020 - 23:29:43: Server cvar "NoWeaponsOnGround" = "1.0"
L 01/06/2020 - 23:29:43: Server cvar "pausable" = "0"
L 01/06/2020 - 23:29:43: Server cvar "present_version" = "2.01"
L 01/06/2020 - 23:29:43: Server cvar "RandomHP" = "2.2"
L 01/06/2020 - 23:29:43: Server cvar "reauthcheck_version" = "0.1.6"
L 01/06/2020 - 23:29:43: Server cvar "reconnect_features" = "0.3.1"
L 01/06/2020 - 23:29:43: Server cvar "report_system_version" = "3.1"
L 01/06/2020 - 23:29:43: Server cvar "resemiclip_version" = "2.3.9"
L 01/06/2020 - 23:29:43: Server cvar "reu_version" = "0.1.0.130"
L 01/06/2020 - 23:29:43: Server cvar "revoice_version" = "0.1.0.30"
L 01/06/2020 - 23:29:43: Server cvar "RRWM" = "2.0"
L 01/06/2020 - 23:29:43: Server cvar "sanksounds_version" = "1.8.6"
L 01/06/2020 - 23:29:43: Server cvar "SimpleMenu" = "1.1"
L 01/06/2020 - 23:29:43: Server cvar "SNAC_Version" = "1.1"
L 01/06/2020 - 23:29:43: Server cvar "SpecList" = "1.2a"
L 01/06/2020 - 23:29:43: Server cvar "sr_version" = "1.6"
L 01/06/2020 - 23:29:43: Server cvar "statsx_shell_ver" = "2.0.0 (BETA)"
L 01/06/2020 - 23:29:43: Server cvar "StyleC4Timer" = "2.1"
L 01/06/2020 - 23:29:43: Server cvar "sv_accelerate" = "5"
L 01/06/2020 - 23:29:43: Server cvar "sv_aim" = "1"
L 01/06/2020 - 23:29:43: Server cvar "sv_airaccelerate" = "100"
L 01/06/2020 - 23:29:43: Server cvar "sv_allowupload" = "1"
L 01/06/2020 - 23:29:43: Server cvar "sv_alltalk" = "1"
L 01/06/2020 - 23:29:43: Server cvar "sv_bounce" = "1"
L 01/06/2020 - 23:29:43: Server cvar "sv_cheats" = "0"
L 01/06/2020 - 23:29:43: Server cvar "sv_clienttrace" = "1"
L 01/06/2020 - 23:29:43: Server cvar "sv_contact" = "feruchio599@gmail.com"
L 01/06/2020 - 23:29:43: Server cvar "sv_friction" = "4"
L 01/06/2020 - 23:29:43: Server cvar "sv_gravity" = "800"
L 01/06/2020 - 23:29:43: Server cvar "sv_logblocks" = "0"
L 01/06/2020 - 23:29:43: Server cvar "sv_maxrate" = "50000"
L 01/06/2020 - 23:29:43: Server cvar "sv_maxspeed" = "900.000000"
L 01/06/2020 - 23:29:43: Server cvar "sv_minrate" = "10000"
L 01/06/2020 - 23:29:43: Server cvar "sv_password" = ""
L 01/06/2020 - 23:29:43: Server cvar "sv_proxies" = "1"
L 01/06/2020 - 23:29:43: Server cvar "sv_restart" = "0"
L 01/06/2020 - 23:29:43: Server cvar "sv_restartround" = "0"
L 01/06/2020 - 23:29:43: Server cvar "sv_stepsize" = "18"
L 01/06/2020 - 23:29:43: Server cvar "sv_stopspeed" = "75"
L 01/06/2020 - 23:29:43: Server cvar "sv_uploadmax" = "0.5"
L 01/06/2020 - 23:29:43: Server cvar "sv_version" = "1.1.2.7/Stdio,48,1621"
L 01/06/2020 - 23:29:43: Server cvar "sv_voiceenable" = "1"
L 01/06/2020 - 23:29:43: Server cvar "sv_wateraccelerate" = "10"
L 01/06/2020 - 23:29:43: Server cvar "sv_waterfriction" = "1"
L 01/06/2020 - 23:29:43: Server cvar "Team_Semiclip_version" = "3.3.1"
L 01/06/2020 - 23:29:43: Server cvar "vehicle_real_killer" = "1.1"
L 01/06/2020 - 23:29:43: Server cvar "WalkGuard" = "1.3.2"
L 01/06/2020 - 23:29:43: Server cvar "we_grenades" = "Huehue"
L 01/06/2020 - 23:29:43: Server cvar "we_player_models" = "Huehue"
L 01/06/2020 - 23:29:43: Server cvar "whb_version" = "1.5.692"
L 01/06/2020 - 23:29:43: Server cvar "zp_jp_version" = "Extra Item Jetpack+Bazooka v3.2"
L 01/06/2020 - 23:29:43: Server cvars end
L 01/06/2020 - 23:29:46: Server cvar "sv_maxspeed" = "900"
L 01/06/2020 - 23:29:46: Server cvar "mp_autoteambalance" = "1"
L 01/06/2020 - 23:29:46: Server cvar "mp_autoteambalance" = "0"
L 01/06/2020 - 23:29:46: Server cvar "amx_nextmap" = "[not yet voted on]"
L 01/06/2020 - 23:29:47: Started map "de_lidl" (CRC "-830416388")
L 01/06/2020 - 23:29:49: World triggered "Round_Start"
L 01/06/2020 - 23:29:51: "*Mr.Bombastic*<355><STEAM_1:1:25228615><>" entered the game
L 01/06/2020 - 23:29:52: "ok<361><STEAM_0:0:19903402><>" entered the game
L 01/06/2020 - 23:29:56: "*Mr.Bombastic*<355><STEAM_1:1:25228615><>" joined team "TERRORIST"
L 01/06/2020 - 23:29:57: "*Mr.Bombastic*<355><STEAM_1:1:25228615><TERRORIST>" triggered "Spawned_With_The_Bomb"
L 01/06/2020 - 23:29:57: "ok<361><STEAM_0:0:19903402><>" joined team "TERRORIST"
L 01/06/2020 - 23:30:00: "*Mr.Bombastic*<355><STEAM_1:1:25228615><TERRORIST>" committed suicide with "world"
L 01/06/2020 - 23:30:00: "*Mr.Bombastic*<355><STEAM_1:1:25228615><TERRORIST>" triggered "Dropped_The_Bomb"
L 01/06/2020 - 23:30:00: "*Mr.Bombastic*<355><STEAM_1:1:25228615><TERRORIST>" joined team "CT"
L 01/06/2020 - 23:30:00: World triggered "Game_Commencing"
L 01/06/2020 - 23:30:00: World triggered "Game_Commencing" (CT "0") (T "0")
L 01/06/2020 - 23:30:00: World triggered "Round_End"
L 01/06/2020 - 23:30:03: "ok<361><STEAM_0:0:19903402><TERRORIST>" triggered "Spawned_With_The_Bomb"
L 01/06/2020 - 23:30:04: World triggered "Round_Start"
L 01/06/2020 - 23:31:29: "ok<361><STEAM_0:0:19903402><TERRORIST>" triggered "Planted_The_Bomb"
L 01/06/2020 - 23:31:34: "*Mr.Bombastic*<355><STEAM_1:1:25228615><CT>" killed "ok<361><STEAM_0:0:19903402><TERRORIST>" with "deagle"
L 01/06/2020 - 23:31:38: "*Mr.Bombastic*<355><STEAM_1:1:25228615><CT>" triggered "Begin_Bomb_Defuse_Without_Kit"
L 01/06/2020 - 23:31:48: "*Mr.Bombastic*<355><STEAM_1:1:25228615><CT>" triggered "Defused_The_Bomb"
L 01/06/2020 - 23:31:48: Team "CT" triggered "Bomb_Defused" (CT "1") (T "0")
L 01/06/2020 - 23:31:48: World triggered "Round_End"
L 01/06/2020 - 23:31:53: "ok<361><STEAM_0:0:19903402><TERRORIST>" triggered "Spawned_With_The_Bomb"
L 01/06/2020 - 23:31:54: World triggered "Round_Start"
L 01/06/2020 - 23:33:52: "ok<361><STEAM_0:0:19903402><TERRORIST>" triggered "Planted_The_Bomb"
L 01/06/2020 - 23:34:27: Team "TERRORIST" triggered "Target_Bombed" (CT "1") (T "1")
L 01/06/2020 - 23:34:27: World triggered "Round_End"
L 01/06/2020 - 23:34:32: "ok<361><STEAM_0:0:19903402><TERRORIST>" triggered "Spawned_With_The_Bomb"
L 01/06/2020 - 23:34:33: World triggered "Round_Start"
L 01/06/2020 - 23:35:10: "ok<361><STEAM_0:0:19903402><TERRORIST>" triggered "Planted_The_Bomb"
L 01/06/2020 - 23:35:16: "ok<361><STEAM_0:0:19903402><TERRORIST>" killed "*Mr.Bombastic*<355><STEAM_1:1:25228615><CT>" with "ak47"
L 01/06/2020 - 23:35:16: Team "TERRORIST" triggered "Terrorists_Win" (CT "1") (T "2")
L 01/06/2020 - 23:35:16: World triggered "Round_End"
L 01/06/2020 - 23:35:21: "ok<361><STEAM_0:0:19903402><TERRORIST>" triggered "Spawned_With_The_Bomb"
L 01/06/2020 - 23:35:22: World triggered "Round_Start"
L 01/06/2020 - 23:35:56: [REUNION]: IP 193.42.110.171 banned for 10 minutes for query flooding (PPS: 330)
L 01/06/2020 - 23:36:27: "ok<361><STEAM_0:0:19903402><TERRORIST>" killed "*Mr.Bombastic*<355><STEAM_1:1:25228615><CT>" with "ak47"
L 01/06/2020 - 23:36:27: Team "TERRORIST" triggered "Terrorists_Win" (CT "1") (T "3")
L 01/06/2020 - 23:36:27: World triggered "Round_End"
L 01/06/2020 - 23:36:32: "ok<361><STEAM_0:0:19903402><TERRORIST>" triggered "Spawned_With_The_Bomb"
L 01/06/2020 - 23:36:33: World triggered "Round_Start"
L 01/06/2020 - 23:38:27: "*Mr.Bombastic*<355><STEAM_1:1:25228615><CT>" killed "ok<361><STEAM_0:0:19903402><TERRORIST>" with "m4a1"
L 01/06/2020 - 23:38:27: Team "CT" triggered "CTs_Win" (CT "2") (T "3")
L 01/06/2020 - 23:38:27: World triggered "Round_End"
L 01/06/2020 - 23:38:32: "ok<361><STEAM_0:0:19903402><TERRORIST>" triggered "Spawned_With_The_Bomb"
L 01/06/2020 - 23:38:33: World triggered "Round_Start"
L 01/06/2020 - 23:39:02: "ok<361><STEAM_0:0:19903402><TERRORIST>" triggered "Planted_The_Bomb"
L 01/06/2020 - 23:39:37: Team "TERRORIST" triggered "Target_Bombed" (CT "2") (T "4")
L 01/06/2020 - 23:39:37: World triggered "Round_End"
L 01/06/2020 - 23:39:42: "ok<361><STEAM_0:0:19903402><TERRORIST>" triggered "Spawned_With_The_Bomb"
L 01/06/2020 - 23:39:43: World triggered "Round_Start"
L 01/06/2020 - 23:40:05: "ok<361><STEAM_0:0:19903402><TERRORIST>" triggered "Planted_The_Bomb"
L 01/06/2020 - 23:40:10: "ok<361><STEAM_0:0:19903402><TERRORIST>" killed "*Mr.Bombastic*<355><STEAM_1:1:25228615><CT>" with "ak47"
L 01/06/2020 - 23:40:10: Team "TERRORIST" triggered "Terrorists_Win" (CT "2") (T "5")
L 01/06/2020 - 23:40:10: World triggered "Round_End"
L 01/06/2020 - 23:40:15: "ok<361><STEAM_0:0:19903402><TERRORIST>" triggered "Spawned_With_The_Bomb"
L 01/06/2020 - 23:40:16: World triggered "Round_Start"
L 01/06/2020 - 23:40:28: "ok<361><STEAM_0:0:19903402><TERRORIST>" killed "*Mr.Bombastic*<355><STEAM_1:1:25228615><CT>" with "p90"
L 01/06/2020 - 23:40:28: Team "TERRORIST" triggered "Terrorists_Win" (CT "2") (T "6")
L 01/06/2020 - 23:40:28: World triggered "Round_End"
L 01/06/2020 - 23:40:33: "ok<361><STEAM_0:0:19903402><TERRORIST>" triggered "Spawned_With_The_Bomb"
L 01/06/2020 - 23:40:34: World triggered "Round_Start"
L 01/06/2020 - 23:41:17: "ok<361><STEAM_0:0:19903402><TERRORIST>" killed "*Mr.Bombastic*<355><STEAM_1:1:25228615><CT>" with "ak47"
L 01/06/2020 - 23:41:17: Team "TERRORIST" triggered "Terrorists_Win" (CT "2") (T "7")
L 01/06/2020 - 23:41:17: World triggered "Round_End"
L 01/06/2020 - 23:41:22: "ok<361><STEAM_0:0:19903402><TERRORIST>" triggered "Spawned_With_The_Bomb"
L 01/06/2020 - 23:41:23: World triggered "Round_Start"
L 01/06/2020 - 23:43:41: Team "CT" triggered "Target_Saved" (CT "3") (T "7")
L 01/06/2020 - 23:43:41: World triggered "Round_End"
L 01/06/2020 - 23:43:46: "ok<361><STEAM_0:0:19903402><TERRORIST>" triggered "Spawned_With_The_Bomb"
L 01/06/2020 - 23:43:47: World triggered "Round_Start"
L 01/06/2020 - 23:45:27: "ok<361><STEAM_0:0:19903402><TERRORIST>" killed "*Mr.Bombastic*<355><STEAM_1:1:25228615><CT>" with "m4a1"
L 01/06/2020 - 23:45:27: Team "TERRORIST" triggered "Terrorists_Win" (CT "3") (T "8")
L 01/06/2020 - 23:45:27: World triggered "Round_End"
L 01/06/2020 - 23:45:32: "ok<361><STEAM_0:0:19903402><TERRORIST>" triggered "Spawned_With_The_Bomb"
L 01/06/2020 - 23:45:33: World triggered "Round_Start"
L 01/06/2020 - 23:46:07: "ok<361><STEAM_0:0:19903402><TERRORIST>" killed "*Mr.Bombastic*<355><STEAM_1:1:25228615><CT>" with "m4a1"
L 01/06/2020 - 23:46:07: Team "TERRORIST" triggered "Terrorists_Win" (CT "3") (T "9")
L 01/06/2020 - 23:46:07: World triggered "Round_End"
L 01/06/2020 - 23:46:12: "ok<361><STEAM_0:0:19903402><TERRORIST>" triggered "Spawned_With_The_Bomb"
L 01/06/2020 - 23:46:13: World triggered "Round_Start"
L 01/06/2020 - 23:48:30: "*Mr.Bombastic*<355><STEAM_1:1:25228615><CT>" killed "ok<361><STEAM_0:0:19903402><TERRORIST>" with "m4a1"
L 01/06/2020 - 23:48:30: Team "CT" triggered "CTs_Win" (CT "4") (T "9")
L 01/06/2020 - 23:48:30: World triggered "Round_End"
L 01/06/2020 - 23:48:35: "ok<361><STEAM_0:0:19903402><TERRORIST>" triggered "Spawned_With_The_Bomb"
L 01/06/2020 - 23:48:36: World triggered "Round_Start"
L 01/06/2020 - 23:49:13: "ok<361><STEAM_0:0:19903402><TERRORIST>" killed "*Mr.Bombastic*<355><STEAM_1:1:25228615><CT>" with "ak47"
L 01/06/2020 - 23:49:13: Team "TERRORIST" triggered "Terrorists_Win" (CT "4") (T "10")
L 01/06/2020 - 23:49:13: World triggered "Round_End"
L 01/06/2020 - 23:49:18: "ok<361><STEAM_0:0:19903402><TERRORIST>" triggered "Spawned_With_The_Bomb"
L 01/06/2020 - 23:49:19: World triggered "Round_Start"
L 01/06/2020 - 23:49:35: "ok<361><STEAM_0:0:19903402><TERRORIST>" killed "*Mr.Bombastic*<355><STEAM_1:1:25228615><CT>" with "ak47"
L 01/06/2020 - 23:49:35: Team "TERRORIST" triggered "Terrorists_Win" (CT "4") (T "11")
L 01/06/2020 - 23:49:35: World triggered "Round_End"
L 01/06/2020 - 23:49:40: "ok<361><STEAM_0:0:19903402><TERRORIST>" triggered "Spawned_With_The_Bomb"
L 01/06/2020 - 23:49:41: World triggered "Round_Start"
L 01/06/2020 - 23:49:46: Server cvar "mp_timelimit" = "0.000000"
L 01/06/2020 - 23:49:58: Server cvar "amx_nextmap" = "de_mon"
L 01/06/2020 - 23:50:11: "ok<361><STEAM_0:0:19903402><TERRORIST>" killed "*Mr.Bombastic*<355><STEAM_1:1:25228615><CT>" with "ak47"
L 01/06/2020 - 23:50:11: Team "TERRORIST" triggered "Terrorists_Win" (CT "4") (T "12")
L 01/06/2020 - 23:50:11: World triggered "Round_End"
L 01/06/2020 - 23:50:16: "ok<361><STEAM_0:0:19903402><TERRORIST>" triggered "Spawned_With_The_Bomb"
L 01/06/2020 - 23:50:17: World triggered "Round_Start"
L 01/06/2020 - 23:50:17: Server cvar "sv_maxspeed" = "0.000000"
L 01/06/2020 - 23:50:17: Server cvar "mp_friendlyfire" = "1"
L 01/06/2020 - 23:50:23: Server cvar "sv_maxspeed" = "900.000000"
L 01/06/2020 - 23:50:23: Server cvar "mp_friendlyfire" = "0"
L 01/06/2020 - 23:50:23: Server cvar "mp_timelimit" = "20.000000"
L 01/06/2020 - 23:50:23: [META] ini: Begin re-reading plugins list: /home/rented/public9/cstrike/addons/metamod/plugins.ini
L 01/06/2020 - 23:50:23: [META] ini: Read plugin config for: SafeNameAndChat
L 01/06/2020 - 23:50:23: [META] ini: Read plugin config for: AMX Mod X
L 01/06/2020 - 23:50:23: [META] ini: Read plugin config for: Reunion
L 01/06/2020 - 23:50:23: [META] ini: Read plugin config for: ReAuthCheck
L 01/06/2020 - 23:50:23: [META] ini: Read plugin config for: WHBlocker
L 01/06/2020 - 23:50:23: [META] ini: Read plugin config for: ReSemiclip
L 01/06/2020 - 23:50:23: [META] ini: Read plugin config for: Revoice
L 01/06/2020 - 23:50:23: [META] ini: Finished reading plugins list: /home/rented/public9/cstrike/addons/metamod/plugins.ini; Found 7 plugins
L 01/06/2020 - 23:50:23: [META] dll: Updating plugins...
L 01/06/2020 - 23:50:23: [META] WARNING: Cannot clear plugin 'SafeNameAndChat'; not marked as failed, empty, or open (status=valid)
L 01/06/2020 - 23:50:23: [META] dll: Unloaded plugin 'SafeNameAndChat' for reason 'file on disk is newer'
L 01/06/2020 - 23:50:23: [META] dll: Loaded plugin 'SafeNameAndChat': SafeNameAndChat v1.1 2017.02.01, WPMG.PRoSToC0der
L 01/06/2020 - 23:50:23: [META] WARNING: Cannot clear plugin 'WHBlocker'; not marked as failed, empty, or open (status=valid)
L 01/06/2020 - 23:50:23: [META] dll: Unloaded plugin 'WHBlocker' for reason 'file on disk is newer'
L 01/06/2020 - 23:50:23: [META] dll: Loaded plugin 'WHBlocker': WHBlocker v1.5.692 2017-04-13, s1lent
L 01/06/2020 - 23:50:23: [META] WARNING: Cannot clear plugin 'ReSemiclip'; not marked as failed, empty, or open (status=valid)
L 01/06/2020 - 23:50:23: [META] dll: Unloaded plugin 'ReSemiclip' for reason 'file on disk is newer'
L 01/06/2020 - 23:50:23: [META] dll: Loaded plugin 'ReSemiclip': ReSemiclip v2.3.9 13/02/17, s1lent & Adidasman
L 01/06/2020 - 23:50:23: [META] dll: Finished updating 14 plugins; kept 0, loaded 0, unloaded 0, reloaded 3, delayed 0
L 01/06/2020 - 23:50:23: "ok<361><STEAM_0:0:19903402><TERRORIST>" disconnected
L 01/06/2020 - 23:50:23: "*Mr.Bombastic*<355><STEAM_1:1:25228615><CT>" disconnected
L 01/06/2020 - 23:50:23: World triggered "Round_Draw" (CT "4") (T "12")
L 01/06/2020 - 23:50:23: World triggered "Round_End"
L 01/06/2020 - 23:50:23: Log file closed
