L 01/07/2020 - 15:21:45: Log file started (file "logs/L0107051.log") (game "cstrike") (version "48/1.1.2.7/Stdio/1621")
L 01/07/2020 - 15:21:45: Loading map "de_tesco"
L 01/07/2020 - 15:21:45: Server cvars start
L 01/07/2020 - 15:21:45: Server cvar "@BunnyHopper" = "3.x"
L 01/07/2020 - 15:21:45: Server cvar "@CRXGoSpec" = "1.1"
L 01/07/2020 - 15:21:45: Server cvar "@CRXRemoveImmunity" = "1.0"
L 01/07/2020 - 15:21:45: Server cvar "@D.I.C.E." = "1.1"
L 01/07/2020 - 15:21:45: Server cvar "@MOTDCommands" = "1.2"
L 01/07/2020 - 15:21:45: Server cvar "advanced_quake_sounds" = "5.0"
L 01/07/2020 - 15:21:45: Server cvar "AdvancedMute" = "1.0"
L 01/07/2020 - 15:21:45: Server cvar "aesp_version" = "1.3"
L 01/07/2020 - 15:21:45: Server cvar "allow_spectators" = "1.0"
L 01/07/2020 - 15:21:45: Server cvar "amx_client_languages" = "1"
L 01/07/2020 - 15:21:45: Server cvar "amx_language" = "en"
L 01/07/2020 - 15:21:45: Server cvar "amx_nextmap" = "de_tesco"
L 01/07/2020 - 15:21:45: Server cvar "amx_ptb_version" = "1.8b3"
L 01/07/2020 - 15:21:45: Server cvar "amx_timeleft" = "08:45"
L 01/07/2020 - 15:21:45: Server cvar "amxmodx_version" = "1.8.2"
L 01/07/2020 - 15:21:45: Server cvar "amxxbg_vip" = "1.0"
L 01/07/2020 - 15:21:45: Server cvar "asp_version" = "4.5.1"
L 01/07/2020 - 15:21:45: Server cvar "atac_version" = "3.0.1"
L 01/07/2020 - 15:21:45: Server cvar "badcamper_version" = "1.4 beta"
L 01/07/2020 - 15:21:45: Server cvar "blockmaker" = "4.01"
L 01/07/2020 - 15:21:45: Server cvar "c4 timer" = "1.1"
L 01/07/2020 - 15:21:45: Server cvar "coop" = "0"
L 01/07/2020 - 15:21:45: Server cvar "CRXAdminGroups" = "1.0"
L 01/07/2020 - 15:21:45: Server cvar "CRXCommandRestrictions" = "1.0"
L 01/07/2020 - 15:21:45: Server cvar "CRXFastKnife" = "1.0"
L 01/07/2020 - 15:21:45: Server cvar "CRXGametracker" = "2.0"
L 01/07/2020 - 15:21:45: Server cvar "CRXKnifeModels" = "2.5.7"
L 01/07/2020 - 15:21:45: Server cvar "CRXTeamAdvantage" = "1.0"
L 01/07/2020 - 15:21:45: Server cvar "CustomShop" = "4.2"
L 01/07/2020 - 15:21:45: Server cvar "deathmatch" = "1"
L 01/07/2020 - 15:21:45: Server cvar "decalfrequency" = "0"
L 01/07/2020 - 15:21:45: Server cvar "edgefriction" = "2"
L 01/07/2020 - 15:21:45: Server cvar "ers_version" = "2.3c"
L 01/07/2020 - 15:21:45: Server cvar "gagsystem_shoko" = "1.0"
L 01/07/2020 - 15:21:45: Server cvar "gal_mapcyclefile" = "mapcycle.txt"
L 01/07/2020 - 15:21:45: Server cvar "gal_version" = "v5.9.1-926"
L 01/07/2020 - 15:21:45: Server cvar "game_version" = "5.7.0.313-dev"
L 01/07/2020 - 15:21:45: Server cvar "humans_join_team" = "any"
L 01/07/2020 - 15:21:45: Server cvar "jtp10181" = "chute,gore"
L 01/07/2020 - 15:21:45: Server cvar "lawliet" = "ny_RainingSnow"
L 01/07/2020 - 15:21:45: Server cvar "LetitSnow" = "1.0"
L 01/07/2020 - 15:21:45: Server cvar "map_spawns" = "T(16) CT(16)"
L 01/07/2020 - 15:21:45: Server cvar "max_queries_sec" = "3"
L 01/07/2020 - 15:21:45: Server cvar "max_queries_sec_global" = "150"
L 01/07/2020 - 15:21:45: Server cvar "max_queries_window" = "60"
L 01/07/2020 - 15:21:45: Server cvar "mdbBans" = "4.8"
L 01/07/2020 - 15:21:45: Server cvar "metamod_version" = "1.21p37"
L 01/07/2020 - 15:21:45: Server cvar "mp_autokick" = "0"
L 01/07/2020 - 15:21:45: Server cvar "mp_autokick_timeout" = "-1"
L 01/07/2020 - 15:21:45: Server cvar "mp_autoteambalance" = "0"
L 01/07/2020 - 15:21:45: Server cvar "mp_buytime" = "0.25"
L 01/07/2020 - 15:21:45: Server cvar "mp_c4timer" = "35"
L 01/07/2020 - 15:21:45: Server cvar "mp_chattime" = "10.000000"
L 01/07/2020 - 15:21:45: Server cvar "mp_consistency" = "1"
L 01/07/2020 - 15:21:45: Server cvar "mp_fadetoblack" = "0"
L 01/07/2020 - 15:21:45: Server cvar "mp_flashlight" = "1"
L 01/07/2020 - 15:21:45: Server cvar "mp_footsteps" = "1"
L 01/07/2020 - 15:21:45: Server cvar "mp_forcecamera" = "0"
L 01/07/2020 - 15:21:45: Server cvar "mp_forcechasecam" = "0"
L 01/07/2020 - 15:21:45: Server cvar "mp_forcerespawn" = "0"
L 01/07/2020 - 15:21:45: Server cvar "mp_fraglimit" = "0"
L 01/07/2020 - 15:21:45: Server cvar "mp_fragsleft" = "0"
L 01/07/2020 - 15:21:45: Server cvar "mp_freeforall" = "0"
L 01/07/2020 - 15:21:45: Server cvar "mp_freezetime" = "1"
L 01/07/2020 - 15:21:45: Server cvar "mp_friendlyfire" = "0"
L 01/07/2020 - 15:21:45: Server cvar "mp_hostage_hurtable" = "1"
L 01/07/2020 - 15:21:45: Server cvar "mp_hostagepenalty" = "0"
L 01/07/2020 - 15:21:45: Server cvar "mp_item_staytime" = "300"
L 01/07/2020 - 15:21:45: Server cvar "mp_kickpercent" = "0.66"
L 01/07/2020 - 15:21:45: Server cvar "mp_legacy_bombtarget_touch" = "1"
L 01/07/2020 - 15:21:45: Server cvar "mp_limitteams" = "0"
L 01/07/2020 - 15:21:45: Server cvar "mp_logdetail" = "0"
L 01/07/2020 - 15:21:45: Server cvar "mp_logfile" = "1"
L 01/07/2020 - 15:21:45: Server cvar "mp_logmessages" = "1"
L 01/07/2020 - 15:21:45: Server cvar "mp_mapvoteratio" = "0.66"
L 01/07/2020 - 15:21:45: Server cvar "mp_maxmoney" = "999999"
L 01/07/2020 - 15:21:45: Server cvar "mp_maxrounds" = "0"
L 01/07/2020 - 15:21:45: Server cvar "mp_mirrordamage" = "0"
L 01/07/2020 - 15:21:45: Server cvar "mp_old_bomb_defused_sound" = "1"
L 01/07/2020 - 15:21:45: Server cvar "mp_playerid" = "0"
L 01/07/2020 - 15:21:45: Server cvar "mp_respawn_immunitytime" = "0"
L 01/07/2020 - 15:21:45: Server cvar "mp_round_infinite" = "0"
L 01/07/2020 - 15:21:45: Server cvar "mp_round_restart_delay" = "5"
L 01/07/2020 - 15:21:45: Server cvar "mp_roundover" = "0"
L 01/07/2020 - 15:21:45: Server cvar "mp_roundtime" = "2.3"
L 01/07/2020 - 15:21:45: Server cvar "mp_show_radioicon" = "1"
L 01/07/2020 - 15:21:45: Server cvar "mp_startmoney" = "850"
L 01/07/2020 - 15:21:45: Server cvar "mp_timeleft" = "08:45"
L 01/07/2020 - 15:21:45: Server cvar "mp_timelimit" = "20"
L 01/07/2020 - 15:21:45: Server cvar "mp_tkpunish" = "0"
L 01/07/2020 - 15:21:45: Server cvar "mp_windifference" = "1"
L 01/07/2020 - 15:21:45: Server cvar "mp_winlimit" = "0"
L 01/07/2020 - 15:21:45: Server cvar "NoWeaponsOnGround" = "1.0"
L 01/07/2020 - 15:21:45: Server cvar "pausable" = "0"
L 01/07/2020 - 15:21:45: Server cvar "present_version" = "2.01"
L 01/07/2020 - 15:21:45: Server cvar "RandomHP" = "2.2"
L 01/07/2020 - 15:21:45: Server cvar "reauthcheck_version" = "0.1.6"
L 01/07/2020 - 15:21:45: Server cvar "reconnect_features" = "0.3.1"
L 01/07/2020 - 15:21:45: Server cvar "report_system_version" = "3.1"
L 01/07/2020 - 15:21:45: Server cvar "resemiclip_version" = "2.3.9"
L 01/07/2020 - 15:21:45: Server cvar "reu_version" = "0.1.0.130"
L 01/07/2020 - 15:21:45: Server cvar "revoice_version" = "0.1.0.30"
L 01/07/2020 - 15:21:45: Server cvar "RRWM" = "2.0"
L 01/07/2020 - 15:21:45: Server cvar "sanksounds_version" = "1.8.6"
L 01/07/2020 - 15:21:45: Server cvar "SimpleMenu" = "1.1"
L 01/07/2020 - 15:21:45: Server cvar "SNAC_Version" = "1.1"
L 01/07/2020 - 15:21:45: Server cvar "SpecList" = "1.2a"
L 01/07/2020 - 15:21:45: Server cvar "sr_version" = "1.6"
L 01/07/2020 - 15:21:45: Server cvar "statsx_shell_ver" = "2.0.0 (BETA)"
L 01/07/2020 - 15:21:45: Server cvar "StyleC4Timer" = "2.1"
L 01/07/2020 - 15:21:45: Server cvar "sv_accelerate" = "5"
L 01/07/2020 - 15:21:45: Server cvar "sv_aim" = "1"
L 01/07/2020 - 15:21:45: Server cvar "sv_airaccelerate" = "100"
L 01/07/2020 - 15:21:45: Server cvar "sv_allowupload" = "1"
L 01/07/2020 - 15:21:45: Server cvar "sv_alltalk" = "1"
L 01/07/2020 - 15:21:45: Server cvar "sv_bounce" = "1"
L 01/07/2020 - 15:21:45: Server cvar "sv_cheats" = "0"
L 01/07/2020 - 15:21:45: Server cvar "sv_clienttrace" = "1"
L 01/07/2020 - 15:21:45: Server cvar "sv_contact" = "feruchio599@gmail.com"
L 01/07/2020 - 15:21:45: Server cvar "sv_friction" = "4"
L 01/07/2020 - 15:21:45: Server cvar "sv_gravity" = "800"
L 01/07/2020 - 15:21:45: Server cvar "sv_logblocks" = "0"
L 01/07/2020 - 15:21:45: Server cvar "sv_maxrate" = "50000"
L 01/07/2020 - 15:21:45: Server cvar "sv_maxspeed" = "900.000000"
L 01/07/2020 - 15:21:45: Server cvar "sv_minrate" = "10000"
L 01/07/2020 - 15:21:45: Server cvar "sv_password" = ""
L 01/07/2020 - 15:21:45: Server cvar "sv_proxies" = "1"
L 01/07/2020 - 15:21:45: Server cvar "sv_restart" = "0"
L 01/07/2020 - 15:21:45: Server cvar "sv_restartround" = "0"
L 01/07/2020 - 15:21:45: Server cvar "sv_stepsize" = "18"
L 01/07/2020 - 15:21:45: Server cvar "sv_stopspeed" = "75"
L 01/07/2020 - 15:21:45: Server cvar "sv_uploadmax" = "0.5"
L 01/07/2020 - 15:21:45: Server cvar "sv_version" = "1.1.2.7/Stdio,48,1621"
L 01/07/2020 - 15:21:45: Server cvar "sv_voiceenable" = "1"
L 01/07/2020 - 15:21:45: Server cvar "sv_wateraccelerate" = "10"
L 01/07/2020 - 15:21:45: Server cvar "sv_waterfriction" = "1"
L 01/07/2020 - 15:21:45: Server cvar "Team_Semiclip_version" = "3.3.1"
L 01/07/2020 - 15:21:45: Server cvar "vehicle_real_killer" = "1.1"
L 01/07/2020 - 15:21:45: Server cvar "WalkGuard" = "1.3.2"
L 01/07/2020 - 15:21:45: Server cvar "we_grenades" = "Huehue"
L 01/07/2020 - 15:21:45: Server cvar "we_player_models" = "Huehue"
L 01/07/2020 - 15:21:45: Server cvar "whb_version" = "1.5.692"
L 01/07/2020 - 15:21:45: Server cvar "zp_jp_version" = "Extra Item Jetpack+Bazooka v3.2"
L 01/07/2020 - 15:21:45: Server cvars end
L 01/07/2020 - 15:21:48: Server cvar "sv_maxspeed" = "900"
L 01/07/2020 - 15:21:48: Server cvar "mp_autoteambalance" = "1"
L 01/07/2020 - 15:21:48: Server cvar "mp_autoteambalance" = "0"
L 01/07/2020 - 15:21:48: Server cvar "amx_nextmap" = "[not yet voted on]"
L 01/07/2020 - 15:21:50: Started map "de_tesco" (CRC "989781486")
L 01/07/2020 - 15:21:52: World triggered "Round_Start"
L 01/07/2020 - 15:22:13: [REUNION]: fun da king (85.130.9.158) authorized as RevEmu
L 01/07/2020 - 15:22:13: "fun da king<21><STEAM_1:0:1655898477><>" connected, address "85.130.9.158:27005"
L 01/07/2020 - 15:22:13: "ok<22><STEAM_0:0:19903402><>" connected, address "78.157.91.203:27005"
L 01/07/2020 - 15:22:14: "ok<22><STEAM_0:0:19903402><>" STEAM USERID validated
L 01/07/2020 - 15:22:18: "ok<22><STEAM_0:0:19903402><>" entered the game
L 01/07/2020 - 15:22:20: "fun da king<21><STEAM_1:0:1655898477><>" entered the game
L 01/07/2020 - 15:22:30: "fun da king<21><STEAM_1:0:1655898477><>" joined team "TERRORIST"
L 01/07/2020 - 15:22:30: "fun da king<21><STEAM_1:0:1655898477><TERRORIST>" triggered "Spawned_With_The_Bomb"
L 01/07/2020 - 15:23:12: "ok<22><STEAM_0:0:19903402><>" joined team "TERRORIST"
L 01/07/2020 - 15:23:16: "ok<22><STEAM_0:0:19903402><TERRORIST>" committed suicide with "world"
L 01/07/2020 - 15:23:16: "ok<22><STEAM_0:0:19903402><TERRORIST>" joined team "CT"
L 01/07/2020 - 15:23:17: World triggered "Game_Commencing"
L 01/07/2020 - 15:23:17: World triggered "Game_Commencing" (CT "0") (T "0")
L 01/07/2020 - 15:23:17: World triggered "Round_End"
L 01/07/2020 - 15:23:20: "fun da king<21><STEAM_1:0:1655898477><TERRORIST>" triggered "Spawned_With_The_Bomb"
L 01/07/2020 - 15:23:21: World triggered "Round_Start"
L 01/07/2020 - 15:23:49: "ok<22><STEAM_0:0:19903402><CT>" killed "fun da king<21><STEAM_1:0:1655898477><TERRORIST>" with "usp"
L 01/07/2020 - 15:23:49: Team "CT" triggered "CTs_Win" (CT "1") (T "0")
L 01/07/2020 - 15:23:49: World triggered "Round_End"
L 01/07/2020 - 15:23:54: "fun da king<21><STEAM_1:0:1655898477><TERRORIST>" triggered "Spawned_With_The_Bomb"
L 01/07/2020 - 15:23:55: World triggered "Round_Start"
L 01/07/2020 - 15:24:59: "fun da king<21><STEAM_1:0:1655898477><TERRORIST>" killed "ok<22><STEAM_0:0:19903402><CT>" with "knife"
L 01/07/2020 - 15:24:59: Team "TERRORIST" triggered "Terrorists_Win" (CT "1") (T "1")
L 01/07/2020 - 15:24:59: World triggered "Round_End"
L 01/07/2020 - 15:25:04: "fun da king<21><STEAM_1:0:1655898477><TERRORIST>" triggered "Spawned_With_The_Bomb"
L 01/07/2020 - 15:25:05: World triggered "Round_Start"
L 01/07/2020 - 15:25:20: "ok<22><STEAM_0:0:19903402><CT>" killed "fun da king<21><STEAM_1:0:1655898477><TERRORIST>" with "knife"
L 01/07/2020 - 15:25:20: Team "CT" triggered "CTs_Win" (CT "2") (T "1")
L 01/07/2020 - 15:25:20: World triggered "Round_End"
L 01/07/2020 - 15:25:25: "fun da king<21><STEAM_1:0:1655898477><TERRORIST>" triggered "Spawned_With_The_Bomb"
L 01/07/2020 - 15:25:26: World triggered "Round_Start"
L 01/07/2020 - 15:25:33: "ok<22><STEAM_0:0:19903402><CT>" killed "fun da king<21><STEAM_1:0:1655898477><TERRORIST>" with "m4a1"
L 01/07/2020 - 15:25:33: Team "CT" triggered "CTs_Win" (CT "3") (T "1")
L 01/07/2020 - 15:25:33: World triggered "Round_End"
L 01/07/2020 - 15:25:35: "fun da king<21><STEAM_1:0:1655898477><TERRORIST>" disconnected
L 01/07/2020 - 15:25:39: World triggered "Round_Start"
L 01/07/2020 - 15:27:26: "ok<22><STEAM_0:0:19903402><CT>" disconnected
L 01/07/2020 - 15:27:26: World triggered "Round_Draw" (CT "3") (T "1")
L 01/07/2020 - 15:27:26: World triggered "Round_End"
L 01/07/2020 - 15:27:32: World triggered "Round_Start"
L 01/07/2020 - 15:29:50: Team "CT" triggered "Target_Saved" (CT "3") (T "1")
L 01/07/2020 - 15:29:50: World triggered "Round_End"
L 01/07/2020 - 15:29:56: World triggered "Round_Start"
L 01/07/2020 - 15:32:14: Team "CT" triggered "Target_Saved" (CT "3") (T "1")
L 01/07/2020 - 15:32:14: World triggered "Round_End"
L 01/07/2020 - 15:32:20: World triggered "Round_Start"
L 01/07/2020 - 15:34:38: Team "CT" triggered "Target_Saved" (CT "3") (T "1")
L 01/07/2020 - 15:34:38: World triggered "Round_End"
L 01/07/2020 - 15:34:44: World triggered "Round_Start"
L 01/07/2020 - 15:34:48: [REUNION]: IP 193.42.110.171 banned for 10 minutes for query flooding (PPS: 334)
L 01/07/2020 - 15:37:02: Team "CT" triggered "Target_Saved" (CT "3") (T "1")
L 01/07/2020 - 15:37:02: World triggered "Round_End"
L 01/07/2020 - 15:37:08: World triggered "Round_Start"
L 01/07/2020 - 15:39:26: Team "CT" triggered "Target_Saved" (CT "3") (T "1")
L 01/07/2020 - 15:39:26: World triggered "Round_End"
L 01/07/2020 - 15:39:32: World triggered "Round_Start"
L 01/07/2020 - 15:41:50: Team "CT" triggered "Target_Saved" (CT "3") (T "1")
L 01/07/2020 - 15:41:50: World triggered "Round_End"
L 01/07/2020 - 15:41:56: World triggered "Round_Start"
L 01/07/2020 - 15:43:19: [REUNION]: KRISZ1010 (195.199.250.150) authorized as RevEmu
L 01/07/2020 - 15:43:19: "KRISZ1010<23><STEAM_1:0:1736285087><>" connected, address "195.199.250.150:25938"
L 01/07/2020 - 15:43:20: Server cvar "mp_chattime" = "12.000000"
L 01/07/2020 - 15:43:20: Server cvar "amx_nextmap" = "fun_cars"
L 01/07/2020 - 15:43:20: Team "CT" scored "3" with "0" players
L 01/07/2020 - 15:43:20: Team "TERRORIST" scored "1" with "0" players
L 01/07/2020 - 15:43:30: Server cvar "mp_chattime" = "10.000000"
L 01/07/2020 - 15:43:30: [META] ini: Begin re-reading plugins list: /home/rented/public9/cstrike/addons/metamod/plugins.ini
L 01/07/2020 - 15:43:30: [META] ini: Read plugin config for: SafeNameAndChat
L 01/07/2020 - 15:43:30: [META] ini: Read plugin config for: AMX Mod X
L 01/07/2020 - 15:43:30: [META] ini: Read plugin config for: Reunion
L 01/07/2020 - 15:43:30: [META] ini: Read plugin config for: ReAuthCheck
L 01/07/2020 - 15:43:30: [META] ini: Read plugin config for: WHBlocker
L 01/07/2020 - 15:43:30: [META] ini: Read plugin config for: ReSemiclip
L 01/07/2020 - 15:43:30: [META] ini: Read plugin config for: Revoice
L 01/07/2020 - 15:43:30: [META] ini: Finished reading plugins list: /home/rented/public9/cstrike/addons/metamod/plugins.ini; Found 7 plugins
L 01/07/2020 - 15:43:30: [META] dll: Updating plugins...
L 01/07/2020 - 15:43:30: [META] WARNING: Cannot clear plugin 'SafeNameAndChat'; not marked as failed, empty, or open (status=valid)
L 01/07/2020 - 15:43:30: [META] dll: Unloaded plugin 'SafeNameAndChat' for reason 'file on disk is newer'
L 01/07/2020 - 15:43:30: [META] dll: Loaded plugin 'SafeNameAndChat': SafeNameAndChat v1.1 2017.02.01, WPMG.PRoSToC0der
L 01/07/2020 - 15:43:30: [META] WARNING: Cannot clear plugin 'WHBlocker'; not marked as failed, empty, or open (status=valid)
L 01/07/2020 - 15:43:30: [META] dll: Unloaded plugin 'WHBlocker' for reason 'file on disk is newer'
L 01/07/2020 - 15:43:30: [META] dll: Loaded plugin 'WHBlocker': WHBlocker v1.5.692 2017-04-13, s1lent
L 01/07/2020 - 15:43:30: [META] WARNING: Cannot clear plugin 'ReSemiclip'; not marked as failed, empty, or open (status=valid)
L 01/07/2020 - 15:43:30: [META] dll: Unloaded plugin 'ReSemiclip' for reason 'file on disk is newer'
L 01/07/2020 - 15:43:30: [META] dll: Loaded plugin 'ReSemiclip': ReSemiclip v2.3.9 13/02/17, s1lent & Adidasman
L 01/07/2020 - 15:43:30: [META] dll: Finished updating 14 plugins; kept 0, loaded 0, unloaded 0, reloaded 3, delayed 0
L 01/07/2020 - 15:43:30: Log file closed
