L 01/10/2020 - 20:49:17: Log file started (file "logs/L0110062.log") (game "cstrike") (version "48/1.1.2.7/Stdio/1621")
L 01/10/2020 - 20:49:17: Loading map "GM_StarWars"
L 01/10/2020 - 20:49:17: Server cvars start
L 01/10/2020 - 20:49:17: Server cvar "@BunnyHopper" = "3.x"
L 01/10/2020 - 20:49:17: Server cvar "@CRXGoSpec" = "1.1"
L 01/10/2020 - 20:49:17: Server cvar "@CRXRemoveImmunity" = "1.0"
L 01/10/2020 - 20:49:17: Server cvar "@D.I.C.E." = "1.1"
L 01/10/2020 - 20:49:17: Server cvar "@MOTDCommands" = "1.2"
L 01/10/2020 - 20:49:17: Server cvar "advanced_quake_sounds" = "5.0"
L 01/10/2020 - 20:49:17: Server cvar "AdvancedMute" = "1.0"
L 01/10/2020 - 20:49:17: Server cvar "aesp_version" = "1.3"
L 01/10/2020 - 20:49:17: Server cvar "allow_spectators" = "1.0"
L 01/10/2020 - 20:49:17: Server cvar "amx_client_languages" = "1"
L 01/10/2020 - 20:49:17: Server cvar "amx_language" = "en"
L 01/10/2020 - 20:49:17: Server cvar "amx_nextmap" = "GM_StarWars"
L 01/10/2020 - 20:49:17: Server cvar "amx_ptb_version" = "1.8b3"
L 01/10/2020 - 20:49:17: Server cvar "amx_timeleft" = "06:10"
L 01/10/2020 - 20:49:17: Server cvar "amxmodx_version" = "1.8.2"
L 01/10/2020 - 20:49:17: Server cvar "amxxbg_vip" = "1.0"
L 01/10/2020 - 20:49:17: Server cvar "asp_version" = "4.5.1"
L 01/10/2020 - 20:49:17: Server cvar "atac_version" = "3.0.1"
L 01/10/2020 - 20:49:17: Server cvar "badcamper_version" = "1.4 beta"
L 01/10/2020 - 20:49:17: Server cvar "blockmaker" = "4.01"
L 01/10/2020 - 20:49:17: Server cvar "c4 timer" = "1.1"
L 01/10/2020 - 20:49:17: Server cvar "coop" = "0"
L 01/10/2020 - 20:49:17: Server cvar "CRXAdminGroups" = "1.0"
L 01/10/2020 - 20:49:17: Server cvar "CRXCommandRestrictions" = "1.0"
L 01/10/2020 - 20:49:17: Server cvar "CRXFastKnife" = "1.0"
L 01/10/2020 - 20:49:17: Server cvar "CRXGametracker" = "2.0"
L 01/10/2020 - 20:49:17: Server cvar "CRXKnifeModels" = "2.5.7"
L 01/10/2020 - 20:49:17: Server cvar "CRXTeamAdvantage" = "1.0"
L 01/10/2020 - 20:49:17: Server cvar "CustomShop" = "4.2"
L 01/10/2020 - 20:49:17: Server cvar "deathmatch" = "1"
L 01/10/2020 - 20:49:17: Server cvar "decalfrequency" = "0"
L 01/10/2020 - 20:49:17: Server cvar "edgefriction" = "2"
L 01/10/2020 - 20:49:17: Server cvar "ers_version" = "2.3c"
L 01/10/2020 - 20:49:17: Server cvar "gagsystem_shoko" = "1.0"
L 01/10/2020 - 20:49:17: Server cvar "gal_mapcyclefile" = "mapcycle.txt"
L 01/10/2020 - 20:49:17: Server cvar "gal_version" = "v5.9.1-926"
L 01/10/2020 - 20:49:17: Server cvar "game_version" = "5.7.0.313-dev"
L 01/10/2020 - 20:49:17: Server cvar "humans_join_team" = "any"
L 01/10/2020 - 20:49:17: Server cvar "jtp10181" = "chute,gore"
L 01/10/2020 - 20:49:17: Server cvar "lawliet" = "ny_RainingSnow"
L 01/10/2020 - 20:49:17: Server cvar "LetitSnow" = "1.0"
L 01/10/2020 - 20:49:17: Server cvar "map_spawns" = "T(16) CT(16)"
L 01/10/2020 - 20:49:17: Server cvar "max_queries_sec" = "3"
L 01/10/2020 - 20:49:17: Server cvar "max_queries_sec_global" = "150"
L 01/10/2020 - 20:49:17: Server cvar "max_queries_window" = "60"
L 01/10/2020 - 20:49:17: Server cvar "mdbBans" = "4.8"
L 01/10/2020 - 20:49:17: Server cvar "metamod_version" = "1.21p37"
L 01/10/2020 - 20:49:17: Server cvar "mp_autokick" = "0"
L 01/10/2020 - 20:49:17: Server cvar "mp_autokick_timeout" = "-1"
L 01/10/2020 - 20:49:17: Server cvar "mp_autoteambalance" = "0"
L 01/10/2020 - 20:49:17: Server cvar "mp_buytime" = "0.25"
L 01/10/2020 - 20:49:17: Server cvar "mp_c4timer" = "35"
L 01/10/2020 - 20:49:17: Server cvar "mp_chattime" = "5.000000"
L 01/10/2020 - 20:49:17: Server cvar "mp_consistency" = "1"
L 01/10/2020 - 20:49:17: Server cvar "mp_fadetoblack" = "0"
L 01/10/2020 - 20:49:17: Server cvar "mp_flashlight" = "1"
L 01/10/2020 - 20:49:17: Server cvar "mp_footsteps" = "1"
L 01/10/2020 - 20:49:17: Server cvar "mp_forcecamera" = "0"
L 01/10/2020 - 20:49:17: Server cvar "mp_forcechasecam" = "0"
L 01/10/2020 - 20:49:17: Server cvar "mp_forcerespawn" = "0"
L 01/10/2020 - 20:49:17: Server cvar "mp_fraglimit" = "0"
L 01/10/2020 - 20:49:17: Server cvar "mp_fragsleft" = "0"
L 01/10/2020 - 20:49:17: Server cvar "mp_freeforall" = "0"
L 01/10/2020 - 20:49:17: Server cvar "mp_freezetime" = "1"
L 01/10/2020 - 20:49:17: Server cvar "mp_friendlyfire" = "0"
L 01/10/2020 - 20:49:17: Server cvar "mp_hostage_hurtable" = "1"
L 01/10/2020 - 20:49:17: Server cvar "mp_hostagepenalty" = "0"
L 01/10/2020 - 20:49:17: Server cvar "mp_item_staytime" = "300"
L 01/10/2020 - 20:49:17: Server cvar "mp_kickpercent" = "0.66"
L 01/10/2020 - 20:49:17: Server cvar "mp_legacy_bombtarget_touch" = "1"
L 01/10/2020 - 20:49:17: Server cvar "mp_limitteams" = "0"
L 01/10/2020 - 20:49:17: Server cvar "mp_logdetail" = "0"
L 01/10/2020 - 20:49:17: Server cvar "mp_logfile" = "1"
L 01/10/2020 - 20:49:17: Server cvar "mp_logmessages" = "1"
L 01/10/2020 - 20:49:17: Server cvar "mp_mapvoteratio" = "0.66"
L 01/10/2020 - 20:49:17: Server cvar "mp_maxmoney" = "999999"
L 01/10/2020 - 20:49:17: Server cvar "mp_maxrounds" = "0"
L 01/10/2020 - 20:49:17: Server cvar "mp_mirrordamage" = "0"
L 01/10/2020 - 20:49:17: Server cvar "mp_old_bomb_defused_sound" = "1"
L 01/10/2020 - 20:49:17: Server cvar "mp_playerid" = "0"
L 01/10/2020 - 20:49:17: Server cvar "mp_respawn_immunitytime" = "0"
L 01/10/2020 - 20:49:17: Server cvar "mp_round_infinite" = "0"
L 01/10/2020 - 20:49:17: Server cvar "mp_round_restart_delay" = "5"
L 01/10/2020 - 20:49:17: Server cvar "mp_roundover" = "0"
L 01/10/2020 - 20:49:17: Server cvar "mp_roundtime" = "2.3"
L 01/10/2020 - 20:49:17: Server cvar "mp_show_radioicon" = "1"
L 01/10/2020 - 20:49:17: Server cvar "mp_startmoney" = "850"
L 01/10/2020 - 20:49:17: Server cvar "mp_timeleft" = "06:10"
L 01/10/2020 - 20:49:17: Server cvar "mp_timelimit" = "20"
L 01/10/2020 - 20:49:17: Server cvar "mp_tkpunish" = "0"
L 01/10/2020 - 20:49:17: Server cvar "mp_windifference" = "1"
L 01/10/2020 - 20:49:17: Server cvar "mp_winlimit" = "0"
L 01/10/2020 - 20:49:17: Server cvar "NoWeaponsOnGround" = "1.0"
L 01/10/2020 - 20:49:17: Server cvar "pausable" = "0"
L 01/10/2020 - 20:49:17: Server cvar "present_version" = "2.01"
L 01/10/2020 - 20:49:17: Server cvar "RandomHP" = "2.2"
L 01/10/2020 - 20:49:17: Server cvar "reauthcheck_version" = "0.1.6"
L 01/10/2020 - 20:49:17: Server cvar "reconnect_features" = "0.3.1"
L 01/10/2020 - 20:49:17: Server cvar "report_system_version" = "3.1"
L 01/10/2020 - 20:49:17: Server cvar "resemiclip_version" = "2.3.9"
L 01/10/2020 - 20:49:17: Server cvar "reu_version" = "0.1.0.130"
L 01/10/2020 - 20:49:17: Server cvar "revoice_version" = "0.1.0.30"
L 01/10/2020 - 20:49:17: Server cvar "RRWM" = "2.0"
L 01/10/2020 - 20:49:17: Server cvar "sanksounds_version" = "1.8.6"
L 01/10/2020 - 20:49:17: Server cvar "SimpleMenu" = "1.1"
L 01/10/2020 - 20:49:17: Server cvar "SNAC_Version" = "1.1"
L 01/10/2020 - 20:49:17: Server cvar "SpecList" = "1.2a"
L 01/10/2020 - 20:49:17: Server cvar "sr_version" = "1.6"
L 01/10/2020 - 20:49:17: Server cvar "statsx_shell_ver" = "2.0.0 (BETA)"
L 01/10/2020 - 20:49:17: Server cvar "StyleC4Timer" = "2.1"
L 01/10/2020 - 20:49:17: Server cvar "sv_accelerate" = "5"
L 01/10/2020 - 20:49:17: Server cvar "sv_aim" = "1"
L 01/10/2020 - 20:49:17: Server cvar "sv_airaccelerate" = "100"
L 01/10/2020 - 20:49:17: Server cvar "sv_allowupload" = "1"
L 01/10/2020 - 20:49:17: Server cvar "sv_alltalk" = "1"
L 01/10/2020 - 20:49:17: Server cvar "sv_bounce" = "1"
L 01/10/2020 - 20:49:17: Server cvar "sv_cheats" = "0"
L 01/10/2020 - 20:49:17: Server cvar "sv_clienttrace" = "1"
L 01/10/2020 - 20:49:17: Server cvar "sv_contact" = "feruchio599@gmail.com"
L 01/10/2020 - 20:49:17: Server cvar "sv_friction" = "4"
L 01/10/2020 - 20:49:17: Server cvar "sv_gravity" = "800"
L 01/10/2020 - 20:49:17: Server cvar "sv_logblocks" = "0"
L 01/10/2020 - 20:49:17: Server cvar "sv_maxrate" = "50000"
L 01/10/2020 - 20:49:17: Server cvar "sv_maxspeed" = "900.000000"
L 01/10/2020 - 20:49:17: Server cvar "sv_minrate" = "10000"
L 01/10/2020 - 20:49:17: Server cvar "sv_password" = ""
L 01/10/2020 - 20:49:17: Server cvar "sv_proxies" = "1"
L 01/10/2020 - 20:49:17: Server cvar "sv_restart" = "0"
L 01/10/2020 - 20:49:17: Server cvar "sv_restartround" = "0"
L 01/10/2020 - 20:49:17: Server cvar "sv_stepsize" = "18"
L 01/10/2020 - 20:49:17: Server cvar "sv_stopspeed" = "75"
L 01/10/2020 - 20:49:17: Server cvar "sv_uploadmax" = "0.5"
L 01/10/2020 - 20:49:17: Server cvar "sv_version" = "1.1.2.7/Stdio,48,1621"
L 01/10/2020 - 20:49:17: Server cvar "sv_voiceenable" = "1"
L 01/10/2020 - 20:49:17: Server cvar "sv_wateraccelerate" = "10"
L 01/10/2020 - 20:49:17: Server cvar "sv_waterfriction" = "1"
L 01/10/2020 - 20:49:17: Server cvar "Team_Semiclip_version" = "3.3.1"
L 01/10/2020 - 20:49:17: Server cvar "vehicle_real_killer" = "1.1"
L 01/10/2020 - 20:49:17: Server cvar "WalkGuard" = "1.3.2"
L 01/10/2020 - 20:49:17: Server cvar "we_grenades" = "Huehue"
L 01/10/2020 - 20:49:17: Server cvar "we_player_models" = "Huehue"
L 01/10/2020 - 20:49:17: Server cvar "whb_version" = "1.5.692"
L 01/10/2020 - 20:49:17: Server cvar "zp_jp_version" = "Extra Item Jetpack+Bazooka v3.2"
L 01/10/2020 - 20:49:17: Server cvars end
L 01/10/2020 - 20:49:20: Server cvar "sv_maxspeed" = "900"
L 01/10/2020 - 20:49:20: Server cvar "mp_autoteambalance" = "1"
L 01/10/2020 - 20:49:20: Server cvar "mp_autoteambalance" = "0"
L 01/10/2020 - 20:49:20: Server cvar "amx_nextmap" = "[not yet voted on]"
L 01/10/2020 - 20:49:22: Started map "GM_StarWars" (CRC "1861694934")
L 01/10/2020 - 20:49:24: World triggered "Round_Start"
L 01/10/2020 - 20:49:25: "b28v/double.dll<157><STEAM_0:0:132347840><>" entered the game
L 01/10/2020 - 20:49:25: "BAD BOY<155><STEAM_1:1:175462098><>" entered the game
L 01/10/2020 - 20:49:27: "He@DshoT|Not Leon<146><STEAM_1:1:41823316><>" entered the game
L 01/10/2020 - 20:49:28: "sake<148><STEAM_1:0:1906787367><>" entered the game
L 01/10/2020 - 20:49:29: "BAD BOY<155><STEAM_1:1:175462098><>" joined team "TERRORIST"
L 01/10/2020 - 20:49:30: "b28v/double.dll<157><STEAM_0:0:132347840><>" joined team "CT"
L 01/10/2020 - 20:49:30: "He@DshoT|Not Leon<146><STEAM_1:1:41823316><>" joined team "CT"
L 01/10/2020 - 20:49:30: World triggered "Game_Commencing"
L 01/10/2020 - 20:49:30: World triggered "Game_Commencing" (CT "0") (T "0")
L 01/10/2020 - 20:49:30: World triggered "Round_End"
L 01/10/2020 - 20:49:30: "sake<148><STEAM_1:0:1906787367><>" joined team "TERRORIST"
L 01/10/2020 - 20:49:31: "KoKo jE kRaLJinA :<149><STEAM_1:1:1834348531><>" entered the game
L 01/10/2020 - 20:49:33: "b28v/double.dll<157><STEAM_0:0:132347840><CT>" committed suicide with "world"
L 01/10/2020 - 20:49:33: "b28v/double.dll<157><STEAM_0:0:132347840><CT>" joined team "TERRORIST"
L 01/10/2020 - 20:49:34: World triggered "Round_Start"
L 01/10/2020 - 20:49:37: "KoKo jE kRaLJinA :<149><STEAM_1:1:1834348531><>" joined team "TERRORIST"
L 01/10/2020 - 20:50:11: "KoKo jE kRaLJinA :<149><STEAM_1:1:1834348531><TERRORIST>" committed suicide with "world"
L 01/10/2020 - 20:50:11: "KoKo jE kRaLJinA :<149><STEAM_1:1:1834348531><TERRORIST>" joined team "CT"
L 01/10/2020 - 20:50:11: "b28v/double.dll<157><STEAM_0:0:132347840><TERRORIST>" killed "He@DshoT|Not Leon<146><STEAM_1:1:41823316><CT>" with "glock18"
L 01/10/2020 - 20:50:11: Team "TERRORIST" triggered "Terrorists_Win" (CT "0") (T "1")
L 01/10/2020 - 20:50:11: World triggered "Round_End"
L 01/10/2020 - 20:50:17: World triggered "Round_Start"
L 01/10/2020 - 20:50:27: [REUNION]: Mr.Knife (87.243.98.59) authorized as RevEmu
L 01/10/2020 - 20:50:27: "Mr.Knife<158><STEAM_1:1:1973042010><>" connected, address "87.243.98.59:27005"
L 01/10/2020 - 20:50:34: "Mr.Knife<158><STEAM_1:1:1973042010><>" entered the game
L 01/10/2020 - 20:50:34: "sake<148><STEAM_1:0:1906787367><TERRORIST>" killed "KoKo jE kRaLJinA :<149><STEAM_1:1:1834348531><CT>" with "ak47"
L 01/10/2020 - 20:50:39: "sake<148><STEAM_1:0:1906787367><TERRORIST>" killed "He@DshoT|Not Leon<146><STEAM_1:1:41823316><CT>" with "ak47"
L 01/10/2020 - 20:50:39: Team "TERRORIST" triggered "Terrorists_Win" (CT "0") (T "2")
L 01/10/2020 - 20:50:39: World triggered "Round_End"
L 01/10/2020 - 20:50:39: "Mr.Knife<158><STEAM_1:1:1973042010><>" joined team "TERRORIST"
L 01/10/2020 - 20:50:45: World triggered "Round_Start"
L 01/10/2020 - 20:51:02: "sake<148><STEAM_1:0:1906787367><TERRORIST>" killed "He@DshoT|Not Leon<146><STEAM_1:1:41823316><CT>" with "ak47"
L 01/10/2020 - 20:51:29: "sake<148><STEAM_1:0:1906787367><TERRORIST>" killed "KoKo jE kRaLJinA :<149><STEAM_1:1:1834348531><CT>" with "ak47"
L 01/10/2020 - 20:51:29: Team "TERRORIST" triggered "Terrorists_Win" (CT "0") (T "3")
L 01/10/2020 - 20:51:29: World triggered "Round_End"
L 01/10/2020 - 20:51:34: "sake<148><STEAM_1:0:1906787367><TERRORIST>" joined team "CT"
L 01/10/2020 - 20:51:34: "<><><>" triggered "amx_chat" (text "[PTB] Transfered sake to CT")
L 01/10/2020 - 20:51:35: World triggered "Round_Start"
L 01/10/2020 - 20:51:42: "He@DshoT|Not Leon<146><STEAM_1:1:41823316><CT>" disconnected
L 01/10/2020 - 20:51:44: "sake<148><STEAM_1:0:1906787367><CT>" killed "BAD BOY<155><STEAM_1:1:175462098><TERRORIST>" with "ak47"
L 01/10/2020 - 20:51:48: "KoKo jE kRaLJinA :<149><STEAM_1:1:1834348531><CT>" disconnected
L 01/10/2020 - 20:51:58: "b28v/double.dll<157><STEAM_0:0:132347840><TERRORIST>" killed "sake<148><STEAM_1:0:1906787367><CT>" with "ak47"
L 01/10/2020 - 20:51:58: Team "TERRORIST" triggered "Terrorists_Win" (CT "0") (T "4")
L 01/10/2020 - 20:51:58: World triggered "Round_End"
L 01/10/2020 - 20:52:04: World triggered "Round_Start"
L 01/10/2020 - 20:52:17: "sake<148><STEAM_1:0:1906787367><CT>" killed "b28v/double.dll<157><STEAM_0:0:132347840><TERRORIST>" with "m4a1"
L 01/10/2020 - 20:52:25: "b28v/double.dll<157><STEAM_0:0:132347840><TERRORIST>" disconnected
L 01/10/2020 - 20:52:44: "Mr.Knife<158><STEAM_1:1:1973042010><TERRORIST>" killed "sake<148><STEAM_1:0:1906787367><CT>" with "awp"
L 01/10/2020 - 20:52:44: Team "TERRORIST" triggered "Terrorists_Win" (CT "0") (T "5")
L 01/10/2020 - 20:52:44: World triggered "Round_End"
L 01/10/2020 - 20:52:50: World triggered "Round_Start"
L 01/10/2020 - 20:53:09: "sake<148><STEAM_1:0:1906787367><CT>" killed "Mr.Knife<158><STEAM_1:1:1973042010><TERRORIST>" with "awp"
L 01/10/2020 - 20:53:53: "BAD BOY<155><STEAM_1:1:175462098><TERRORIST>" killed "sake<148><STEAM_1:0:1906787367><CT>" with "ak47"
L 01/10/2020 - 20:53:53: Team "TERRORIST" triggered "Terrorists_Win" (CT "0") (T "6")
L 01/10/2020 - 20:53:53: World triggered "Round_End"
L 01/10/2020 - 20:53:59: World triggered "Round_Start"
L 01/10/2020 - 20:54:40: "sake<148><STEAM_1:0:1906787367><CT>" killed "BAD BOY<155><STEAM_1:1:175462098><TERRORIST>" with "awp"
L 01/10/2020 - 20:55:00: "sake<148><STEAM_1:0:1906787367><CT>" killed "Mr.Knife<158><STEAM_1:1:1973042010><TERRORIST>" with "awp"
L 01/10/2020 - 20:55:00: Team "CT" triggered "CTs_Win" (CT "1") (T "6")
L 01/10/2020 - 20:55:00: World triggered "Round_End"
L 01/10/2020 - 20:55:06: World triggered "Round_Start"
L 01/10/2020 - 20:55:20: "sake<148><STEAM_1:0:1906787367><CT>" killed "BAD BOY<155><STEAM_1:1:175462098><TERRORIST>" with "awp"
L 01/10/2020 - 20:55:24: "sake<148><STEAM_1:0:1906787367><CT>" killed "Mr.Knife<158><STEAM_1:1:1973042010><TERRORIST>" with "awp"
L 01/10/2020 - 20:55:24: Team "CT" triggered "CTs_Win" (CT "2") (T "6")
L 01/10/2020 - 20:55:24: World triggered "Round_End"
L 01/10/2020 - 20:55:30: World triggered "Round_Start"
L 01/10/2020 - 20:55:57: "sake<148><STEAM_1:0:1906787367><CT>" killed "Mr.Knife<158><STEAM_1:1:1973042010><TERRORIST>" with "glock18"
L 01/10/2020 - 20:56:42: "BAD BOY<155><STEAM_1:1:175462098><TERRORIST>" committed suicide with "world"
L 01/10/2020 - 20:56:42: Team "CT" triggered "CTs_Win" (CT "3") (T "6")
L 01/10/2020 - 20:56:42: World triggered "Round_End"
L 01/10/2020 - 20:56:48: World triggered "Round_Start"
L 01/10/2020 - 20:56:51: "BAD BOY<155><STEAM_1:1:175462098><TERRORIST>" disconnected
L 01/10/2020 - 20:57:02: "sake<148><STEAM_1:0:1906787367><CT>" killed "Mr.Knife<158><STEAM_1:1:1973042010><TERRORIST>" with "awp"
L 01/10/2020 - 20:57:02: Team "CT" triggered "CTs_Win" (CT "4") (T "6")
L 01/10/2020 - 20:57:02: World triggered "Round_End"
L 01/10/2020 - 20:57:06: "Mr.Knife<158><STEAM_1:1:1973042010><TERRORIST>" disconnected
L 01/10/2020 - 20:57:08: World triggered "Round_Start"
L 01/10/2020 - 20:58:28: "sake<148><STEAM_1:0:1906787367><CT>" disconnected
L 01/10/2020 - 20:58:28: World triggered "Round_Draw" (CT "4") (T "6")
L 01/10/2020 - 20:58:28: World triggered "Round_End"
L 01/10/2020 - 20:58:34: World triggered "Round_Start"
L 01/10/2020 - 21:01:24: [REUNION]: KoKo jE kRaLJinA : (37.19.109.199) authorized as RevEmu
L 01/10/2020 - 21:01:24: "KoKo jE kRaLJinA :<159><STEAM_1:1:1834348531><>" connected, address "37.19.109.199:7564"
L 01/10/2020 - 21:01:32: "KoKo jE kRaLJinA :<159><STEAM_1:1:1834348531><>" entered the game
L 01/10/2020 - 21:01:35: "KoKo jE kRaLJinA :<159><STEAM_1:1:1834348531><>" joined team "TERRORIST"
L 01/10/2020 - 21:01:55: [REUNION]: XxXBadBoyXxX (37.220.68.177) authorized as RevEmu
L 01/10/2020 - 21:01:55: "XxXBadBoyXxX<160><STEAM_1:1:41823316><>" connected, address "37.220.68.177:26769"
L 01/10/2020 - 21:01:55: Kick: "XxXBadBoyXxX<160><STEAM_1:1:41823316><>" was kicked by "Console" (message ""You have no entry to the server..."")
L 01/10/2020 - 21:02:10: [REUNION]: XxXBadBoyXxX (37.220.68.177) authorized as RevEmu
L 01/10/2020 - 21:02:10: "XxXBadBoyXxX<161><STEAM_1:1:41823316><>" connected, address "37.220.68.177:26769"
L 01/10/2020 - 21:02:10: Kick: "XxXBadBoyXxX<161><STEAM_1:1:41823316><>" was kicked by "Console" (message ""You have no entry to the server..."")
L 01/10/2020 - 21:03:54: "KoKo jE kRaLJinA :<159><STEAM_1:1:1834348531><TERRORIST>" committed suicide with "world"
L 01/10/2020 - 21:03:54: World triggered "Round_Draw" (CT "4") (T "6")
L 01/10/2020 - 21:03:54: World triggered "Round_End"
L 01/10/2020 - 21:03:54: "KoKo jE kRaLJinA :<159><STEAM_1:1:1834348531><TERRORIST>" joined team "SPECTATOR"
L 01/10/2020 - 21:04:00: World triggered "Round_Start"
L 01/10/2020 - 21:04:00: [REUNION]: BAD BOY (178.169.239.222) authorized as RevEmu
L 01/10/2020 - 21:04:00: "BAD BOY<162><STEAM_1:1:175462098><>" connected, address "178.169.239.222:27005"
L 01/10/2020 - 21:04:15: Kick: "BAD BOY<162><STEAM_1:1:175462098><>" was kicked by "Console" (message "Error! Idle Timeout (2).")
L 01/10/2020 - 21:05:22: "KoKo jE kRaLJinA :<159><STEAM_1:1:1834348531><SPECTATOR>" disconnected
L 01/10/2020 - 21:05:22: World triggered "Round_Draw" (CT "4") (T "6")
L 01/10/2020 - 21:05:22: World triggered "Round_End"
L 01/10/2020 - 21:05:28: World triggered "Round_Start"
L 01/10/2020 - 21:05:38: [REUNION]: BAD BOY (178.169.239.222) authorized as RevEmu
L 01/10/2020 - 21:05:38: "BAD BOY<163><STEAM_1:1:175462098><>" connected, address "178.169.239.222:27005"
L 01/10/2020 - 21:06:13: "BAD BOY<163><STEAM_1:1:175462098><>" entered the game
L 01/10/2020 - 21:06:19: "BAD BOY<163><STEAM_1:1:175462098><>" joined team "TERRORIST"
L 01/10/2020 - 21:07:26: [REUNION]: Mr.Knife (87.243.98.59) authorized as RevEmu
L 01/10/2020 - 21:07:26: "Mr.Knife<164><STEAM_1:1:1973042010><>" connected, address "87.243.98.59:27005"
L 01/10/2020 - 21:07:32: [REUNION]: Mr.Knife (87.243.98.59) authorized as RevEmu
L 01/10/2020 - 21:07:32: "Mr.Knife<165><STEAM_1:1:1973042010><>" connected, address "87.243.98.59:27005"
L 01/10/2020 - 21:07:35: "Mr.Knife<165><STEAM_1:1:1973042010><>" entered the game
L 01/10/2020 - 21:07:38: "Mr.Knife<165><STEAM_1:1:1973042010><>" joined team "CT"
L 01/10/2020 - 21:07:38: World triggered "Game_Commencing"
L 01/10/2020 - 21:07:38: World triggered "Game_Commencing" (CT "4") (T "6")
L 01/10/2020 - 21:07:38: World triggered "Round_End"
L 01/10/2020 - 21:07:42: World triggered "Round_Start"
L 01/10/2020 - 21:08:14: "BAD BOY<163><STEAM_1:1:175462098><TERRORIST>" killed "Mr.Knife<165><STEAM_1:1:1973042010><CT>" with "deagle"
L 01/10/2020 - 21:08:14: Team "TERRORIST" triggered "Terrorists_Win" (CT "0") (T "1")
L 01/10/2020 - 21:08:14: World triggered "Round_End"
L 01/10/2020 - 21:08:20: World triggered "Round_Start"
L 01/10/2020 - 21:08:41: "BAD BOY<163><STEAM_1:1:175462098><TERRORIST>" killed "Mr.Knife<165><STEAM_1:1:1973042010><CT>" with "ak47"
L 01/10/2020 - 21:08:41: Team "TERRORIST" triggered "Terrorists_Win" (CT "0") (T "2")
L 01/10/2020 - 21:08:41: World triggered "Round_End"
L 01/10/2020 - 21:08:47: World triggered "Round_Start"
L 01/10/2020 - 21:09:19: "Mr.Knife<165><STEAM_1:1:1973042010><CT>" killed "BAD BOY<163><STEAM_1:1:175462098><TERRORIST>" with "m3"
L 01/10/2020 - 21:09:19: Team "CT" triggered "CTs_Win" (CT "1") (T "2")
L 01/10/2020 - 21:09:19: World triggered "Round_End"
L 01/10/2020 - 21:09:25: World triggered "Round_Start"
L 01/10/2020 - 21:09:48: "BAD BOY<163><STEAM_1:1:175462098><TERRORIST>" killed "Mr.Knife<165><STEAM_1:1:1973042010><CT>" with "m3"
L 01/10/2020 - 21:09:48: Team "TERRORIST" triggered "Terrorists_Win" (CT "1") (T "3")
L 01/10/2020 - 21:09:48: World triggered "Round_End"
L 01/10/2020 - 21:09:54: World triggered "Round_Start"
L 01/10/2020 - 21:10:10: "BAD BOY<163><STEAM_1:1:175462098><TERRORIST>" killed "Mr.Knife<165><STEAM_1:1:1973042010><CT>" with "m3"
L 01/10/2020 - 21:10:10: Team "TERRORIST" triggered "Terrorists_Win" (CT "1") (T "4")
L 01/10/2020 - 21:10:10: World triggered "Round_End"
L 01/10/2020 - 21:10:16: World triggered "Round_Start"
L 01/10/2020 - 21:10:33: "BAD BOY<163><STEAM_1:1:175462098><TERRORIST>" killed "Mr.Knife<165><STEAM_1:1:1973042010><CT>" with "m3"
L 01/10/2020 - 21:10:33: Team "TERRORIST" triggered "Terrorists_Win" (CT "1") (T "5")
L 01/10/2020 - 21:10:33: World triggered "Round_End"
L 01/10/2020 - 21:10:39: World triggered "Round_Start"
L 01/10/2020 - 21:10:59: "BAD BOY<163><STEAM_1:1:175462098><TERRORIST>" killed "Mr.Knife<165><STEAM_1:1:1973042010><CT>" with "m3"
L 01/10/2020 - 21:10:59: Team "TERRORIST" triggered "Terrorists_Win" (CT "1") (T "6")
L 01/10/2020 - 21:10:59: World triggered "Round_End"
L 01/10/2020 - 21:11:05: World triggered "Round_Start"
L 01/10/2020 - 21:11:31: "BAD BOY<163><STEAM_1:1:175462098><TERRORIST>" killed "Mr.Knife<165><STEAM_1:1:1973042010><CT>" with "m3"
L 01/10/2020 - 21:11:31: Team "TERRORIST" triggered "Terrorists_Win" (CT "1") (T "7")
L 01/10/2020 - 21:11:31: World triggered "Round_End"
L 01/10/2020 - 21:11:37: World triggered "Round_Start"
L 01/10/2020 - 21:11:54: "BAD BOY<163><STEAM_1:1:175462098><TERRORIST>" killed "Mr.Knife<165><STEAM_1:1:1973042010><CT>" with "m3"
L 01/10/2020 - 21:11:54: Team "TERRORIST" triggered "Terrorists_Win" (CT "1") (T "8")
L 01/10/2020 - 21:11:54: World triggered "Round_End"
L 01/10/2020 - 21:12:00: World triggered "Round_Start"
L 01/10/2020 - 21:12:20: "Mr.Knife<165><STEAM_1:1:1973042010><CT>" killed "BAD BOY<163><STEAM_1:1:175462098><TERRORIST>" with "m3"
L 01/10/2020 - 21:12:20: Team "CT" triggered "CTs_Win" (CT "2") (T "8")
L 01/10/2020 - 21:12:20: World triggered "Round_End"
L 01/10/2020 - 21:12:26: World triggered "Round_Start"
L 01/10/2020 - 21:12:53: "BAD BOY<163><STEAM_1:1:175462098><TERRORIST>" killed "Mr.Knife<165><STEAM_1:1:1973042010><CT>" with "ak47"
L 01/10/2020 - 21:12:53: Team "TERRORIST" triggered "Terrorists_Win" (CT "2") (T "9")
L 01/10/2020 - 21:12:53: World triggered "Round_End"
L 01/10/2020 - 21:12:59: World triggered "Round_Start"
L 01/10/2020 - 21:14:11: "BAD BOY<163><STEAM_1:1:175462098><TERRORIST>" killed "Mr.Knife<165><STEAM_1:1:1973042010><CT>" with "glock18"
L 01/10/2020 - 21:14:11: Team "TERRORIST" triggered "Terrorists_Win" (CT "2") (T "10")
L 01/10/2020 - 21:14:11: World triggered "Round_End"
L 01/10/2020 - 21:14:17: World triggered "Round_Start"
L 01/10/2020 - 21:15:27: "Mr.Knife<165><STEAM_1:1:1973042010><CT>" killed "BAD BOY<163><STEAM_1:1:175462098><TERRORIST>" with "scout"
L 01/10/2020 - 21:15:27: Team "CT" triggered "CTs_Win" (CT "3") (T "10")
L 01/10/2020 - 21:15:27: World triggered "Round_End"
L 01/10/2020 - 21:15:33: World triggered "Round_Start"
L 01/10/2020 - 21:16:21: "BAD BOY<163><STEAM_1:1:175462098><TERRORIST>" killed "Mr.Knife<165><STEAM_1:1:1973042010><CT>" with "awp"
L 01/10/2020 - 21:16:21: Team "TERRORIST" triggered "Terrorists_Win" (CT "3") (T "11")
L 01/10/2020 - 21:16:21: World triggered "Round_End"
L 01/10/2020 - 21:16:27: World triggered "Round_Start"
L 01/10/2020 - 21:17:05: "BAD BOY<163><STEAM_1:1:175462098><TERRORIST>" killed "Mr.Knife<165><STEAM_1:1:1973042010><CT>" with "awp"
L 01/10/2020 - 21:17:05: Team "TERRORIST" triggered "Terrorists_Win" (CT "3") (T "12")
L 01/10/2020 - 21:17:05: World triggered "Round_End"
L 01/10/2020 - 21:17:11: World triggered "Round_Start"
L 01/10/2020 - 21:18:44: "BAD BOY<163><STEAM_1:1:175462098><TERRORIST>" killed "Mr.Knife<165><STEAM_1:1:1973042010><CT>" with "awp"
L 01/10/2020 - 21:18:44: Team "TERRORIST" triggered "Terrorists_Win" (CT "3") (T "13")
L 01/10/2020 - 21:18:44: World triggered "Round_End"
L 01/10/2020 - 21:18:50: World triggered "Round_Start"
L 01/10/2020 - 21:19:46: "BAD BOY<163><STEAM_1:1:175462098><TERRORIST>" killed "Mr.Knife<165><STEAM_1:1:1973042010><CT>" with "awp"
L 01/10/2020 - 21:19:46: Team "TERRORIST" triggered "Terrorists_Win" (CT "3") (T "14")
L 01/10/2020 - 21:19:46: World triggered "Round_End"
L 01/10/2020 - 21:19:52: World triggered "Round_Start"
L 01/10/2020 - 21:20:39: "Mr.Knife<165><STEAM_1:1:1973042010><CT>" killed "BAD BOY<163><STEAM_1:1:175462098><TERRORIST>" with "usp"
L 01/10/2020 - 21:20:39: Team "CT" triggered "CTs_Win" (CT "4") (T "14")
L 01/10/2020 - 21:20:39: World triggered "Round_End"
L 01/10/2020 - 21:20:45: World triggered "Round_Start"
L 01/10/2020 - 21:21:30: "Mr.Knife<165><STEAM_1:1:1973042010><CT>" killed "BAD BOY<163><STEAM_1:1:175462098><TERRORIST>" with "p90"
L 01/10/2020 - 21:21:30: Team "CT" triggered "CTs_Win" (CT "5") (T "14")
L 01/10/2020 - 21:21:30: World triggered "Round_End"
L 01/10/2020 - 21:21:36: World triggered "Round_Start"
L 01/10/2020 - 21:21:36: "Maverick<166><STEAM_0:0:37264973><>" connected, address "130.204.36.29:27005"
L 01/10/2020 - 21:21:37: "Maverick<166><STEAM_0:0:37264973><>" STEAM USERID validated
L 01/10/2020 - 21:21:41: "Maverick<166><STEAM_0:0:37264973><>" entered the game
L 01/10/2020 - 21:21:45: "Maverick<166><STEAM_0:0:37264973><>" joined team "CT"
L 01/10/2020 - 21:22:11: "Mr.Knife<165><STEAM_1:1:1973042010><CT>" killed "BAD BOY<163><STEAM_1:1:175462098><TERRORIST>" with "scout"
L 01/10/2020 - 21:22:11: Team "CT" triggered "CTs_Win" (CT "6") (T "14")
L 01/10/2020 - 21:22:11: World triggered "Round_End"
L 01/10/2020 - 21:22:17: World triggered "Round_Start"
L 01/10/2020 - 21:22:50: "BAD BOY<163><STEAM_1:1:175462098><TERRORIST>" killed "Mr.Knife<165><STEAM_1:1:1973042010><CT>" with "awp"
L 01/10/2020 - 21:22:56: "BAD BOY<163><STEAM_1:1:175462098><TERRORIST>" killed "Maverick<166><STEAM_0:0:37264973><CT>" with "awp"
L 01/10/2020 - 21:22:56: Team "TERRORIST" triggered "Terrorists_Win" (CT "6") (T "15")
L 01/10/2020 - 21:22:56: World triggered "Round_End"
L 01/10/2020 - 21:23:02: World triggered "Round_Start"
L 01/10/2020 - 21:23:25: "Mr.Knife<165><STEAM_1:1:1973042010><CT>" killed "BAD BOY<163><STEAM_1:1:175462098><TERRORIST>" with "m4a1"
L 01/10/2020 - 21:23:25: Team "CT" triggered "CTs_Win" (CT "7") (T "15")
L 01/10/2020 - 21:23:25: World triggered "Round_End"
L 01/10/2020 - 21:23:31: World triggered "Round_Start"
L 01/10/2020 - 21:23:49: "BAD BOY<163><STEAM_1:1:175462098><TERRORIST>" killed "Mr.Knife<165><STEAM_1:1:1973042010><CT>" with "ak47"
L 01/10/2020 - 21:23:53: "BAD BOY<163><STEAM_1:1:175462098><TERRORIST>" killed "Maverick<166><STEAM_0:0:37264973><CT>" with "ak47"
L 01/10/2020 - 21:23:53: Team "TERRORIST" triggered "Terrorists_Win" (CT "7") (T "16")
L 01/10/2020 - 21:23:53: World triggered "Round_End"
L 01/10/2020 - 21:23:59: World triggered "Round_Start"
L 01/10/2020 - 21:24:09: "BAD BOY<163><STEAM_1:1:175462098><TERRORIST>" killed "Mr.Knife<165><STEAM_1:1:1973042010><CT>" with "ak47"
L 01/10/2020 - 21:24:33: "BAD BOY<163><STEAM_1:1:175462098><TERRORIST>" killed "Maverick<166><STEAM_0:0:37264973><CT>" with "ak47"
L 01/10/2020 - 21:24:33: Team "TERRORIST" triggered "Terrorists_Win" (CT "7") (T "17")
L 01/10/2020 - 21:24:33: World triggered "Round_End"
L 01/10/2020 - 21:24:39: World triggered "Round_Start"
L 01/10/2020 - 21:24:56: "BAD BOY<163><STEAM_1:1:175462098><TERRORIST>" killed "Maverick<166><STEAM_0:0:37264973><CT>" with "ak47"
L 01/10/2020 - 21:24:56: "scroll新<167><STEAM_0:1:435231343><>" connected, address "94.236.173.168:27005"
L 01/10/2020 - 21:24:57: "scroll新<167><STEAM_0:1:435231343><>" STEAM USERID validated
L 01/10/2020 - 21:25:03: "BAD BOY<163><STEAM_1:1:175462098><TERRORIST>" killed "Mr.Knife<165><STEAM_1:1:1973042010><CT>" with "ak47"
L 01/10/2020 - 21:25:03: Team "TERRORIST" triggered "Terrorists_Win" (CT "7") (T "18")
L 01/10/2020 - 21:25:03: World triggered "Round_End"
L 01/10/2020 - 21:25:09: "scroll新<167><STEAM_0:1:435231343><>" entered the game
L 01/10/2020 - 21:25:09: World triggered "Round_Start"
L 01/10/2020 - 21:25:13: "scroll新<167><STEAM_0:1:435231343><>" joined team "TERRORIST"
L 01/10/2020 - 21:25:26: "BAD BOY<163><STEAM_1:1:175462098><TERRORIST>" killed "Maverick<166><STEAM_0:0:37264973><CT>" with "ak47"
L 01/10/2020 - 21:25:59: "scroll新<167><STEAM_0:1:435231343><TERRORIST>" killed "Mr.Knife<165><STEAM_1:1:1973042010><CT>" with "deagle"
L 01/10/2020 - 21:25:59: Team "TERRORIST" triggered "Terrorists_Win" (CT "7") (T "19")
L 01/10/2020 - 21:25:59: World triggered "Round_End"
L 01/10/2020 - 21:26:04: "BAD BOY<163><STEAM_1:1:175462098><TERRORIST>" joined team "CT"
L 01/10/2020 - 21:26:04: "<><><>" triggered "amx_chat" (text "[PTB] Transfered BAD BOY to CT")
L 01/10/2020 - 21:26:05: World triggered "Round_Start"
L 01/10/2020 - 21:26:23: "scroll新<167><STEAM_0:1:435231343><TERRORIST>" killed "BAD BOY<163><STEAM_1:1:175462098><CT>" with "ak47"
L 01/10/2020 - 21:27:15: Server cvar "amx_nextmap" = "cs_whiteXmas"
L 01/10/2020 - 21:27:18: "scroll新<167><STEAM_0:1:435231343><TERRORIST>" killed "Mr.Knife<165><STEAM_1:1:1973042010><CT>" with "ak47"
L 01/10/2020 - 21:27:21: Server cvar "mp_timelimit" = "0.000000"
L 01/10/2020 - 21:27:30: "scroll新<167><STEAM_0:1:435231343><TERRORIST>" killed "Maverick<166><STEAM_0:0:37264973><CT>" with "ak47"
L 01/10/2020 - 21:27:30: Team "TERRORIST" triggered "Terrorists_Win" (CT "7") (T "20")
L 01/10/2020 - 21:27:30: World triggered "Round_End"
L 01/10/2020 - 21:27:35: "Mr.Knife<165><STEAM_1:1:1973042010><CT>" joined team "TERRORIST"
L 01/10/2020 - 21:27:35: "<><><>" triggered "amx_chat" (text "[PTB] Transfered Mr.Knife to TERRORIST")
L 01/10/2020 - 21:27:36: World triggered "Round_Start"
L 01/10/2020 - 21:27:36: Server cvar "sv_maxspeed" = "0.000000"
L 01/10/2020 - 21:27:36: Server cvar "mp_friendlyfire" = "1"
L 01/10/2020 - 21:27:42: Server cvar "sv_maxspeed" = "900.000000"
L 01/10/2020 - 21:27:42: Server cvar "mp_friendlyfire" = "0"
L 01/10/2020 - 21:27:42: Server cvar "mp_timelimit" = "20.000000"
L 01/10/2020 - 21:27:43: [META] ini: Begin re-reading plugins list: /home/rented/public9/cstrike/addons/metamod/plugins.ini
L 01/10/2020 - 21:27:43: [META] ini: Read plugin config for: SafeNameAndChat
L 01/10/2020 - 21:27:43: [META] ini: Read plugin config for: AMX Mod X
L 01/10/2020 - 21:27:43: [META] ini: Read plugin config for: Reunion
L 01/10/2020 - 21:27:43: [META] ini: Read plugin config for: ReAuthCheck
L 01/10/2020 - 21:27:43: [META] ini: Read plugin config for: WHBlocker
L 01/10/2020 - 21:27:43: [META] ini: Read plugin config for: ReSemiclip
L 01/10/2020 - 21:27:43: [META] ini: Read plugin config for: Revoice
L 01/10/2020 - 21:27:43: [META] ini: Finished reading plugins list: /home/rented/public9/cstrike/addons/metamod/plugins.ini; Found 7 plugins
L 01/10/2020 - 21:27:43: [META] dll: Updating plugins...
L 01/10/2020 - 21:27:43: [META] WARNING: Cannot clear plugin 'SafeNameAndChat'; not marked as failed, empty, or open (status=valid)
L 01/10/2020 - 21:27:43: [META] dll: Unloaded plugin 'SafeNameAndChat' for reason 'file on disk is newer'
L 01/10/2020 - 21:27:43: [META] dll: Loaded plugin 'SafeNameAndChat': SafeNameAndChat v1.1 2017.02.01, WPMG.PRoSToC0der
L 01/10/2020 - 21:27:43: [META] WARNING: Cannot clear plugin 'WHBlocker'; not marked as failed, empty, or open (status=valid)
L 01/10/2020 - 21:27:43: [META] dll: Unloaded plugin 'WHBlocker' for reason 'file on disk is newer'
L 01/10/2020 - 21:27:43: [META] dll: Loaded plugin 'WHBlocker': WHBlocker v1.5.692 2017-04-13, s1lent
L 01/10/2020 - 21:27:43: [META] WARNING: Cannot clear plugin 'ReSemiclip'; not marked as failed, empty, or open (status=valid)
L 01/10/2020 - 21:27:43: [META] dll: Unloaded plugin 'ReSemiclip' for reason 'file on disk is newer'
L 01/10/2020 - 21:27:43: [META] dll: Loaded plugin 'ReSemiclip': ReSemiclip v2.3.9 13/02/17, s1lent & Adidasman
L 01/10/2020 - 21:27:43: [META] dll: Finished updating 14 plugins; kept 0, loaded 0, unloaded 0, reloaded 3, delayed 0
L 01/10/2020 - 21:27:43: "Maverick<166><STEAM_0:0:37264973><CT>" disconnected
L 01/10/2020 - 21:27:43: "scroll新<167><STEAM_0:1:435231343><TERRORIST>" disconnected
L 01/10/2020 - 21:27:43: "BAD BOY<163><STEAM_1:1:175462098><CT>" disconnected
L 01/10/2020 - 21:27:43: "Mr.Knife<165><STEAM_1:1:1973042010><TERRORIST>" disconnected
L 01/10/2020 - 21:27:43: World triggered "Round_Draw" (CT "7") (T "20")
L 01/10/2020 - 21:27:43: World triggered "Round_End"
L 01/10/2020 - 21:27:43: Log file closed
