L 01/19/2020 - 16:59:15: Log file started (file "logs/L0119049.log") (game "cstrike") (version "48/1.1.2.7/Stdio/1621")
L 01/19/2020 - 16:59:15: Loading map "space_battle_beta"
L 01/19/2020 - 16:59:15: Server cvars start
L 01/19/2020 - 16:59:15: Server cvar "@BunnyHopper" = "3.x"
L 01/19/2020 - 16:59:15: Server cvar "@CRXGoSpec" = "1.1"
L 01/19/2020 - 16:59:15: Server cvar "@CRXRemoveImmunity" = "1.0"
L 01/19/2020 - 16:59:15: Server cvar "@D.I.C.E." = "1.1"
L 01/19/2020 - 16:59:15: Server cvar "@MOTDCommands" = "1.2"
L 01/19/2020 - 16:59:15: Server cvar "advanced_quake_sounds" = "5.0"
L 01/19/2020 - 16:59:15: Server cvar "AdvancedMute" = "1.0"
L 01/19/2020 - 16:59:15: Server cvar "aesp_version" = "1.3"
L 01/19/2020 - 16:59:15: Server cvar "allow_spectators" = "1.0"
L 01/19/2020 - 16:59:15: Server cvar "amx_client_languages" = "1"
L 01/19/2020 - 16:59:15: Server cvar "amx_language" = "en"
L 01/19/2020 - 16:59:15: Server cvar "amx_nextmap" = "space_battle_beta"
L 01/19/2020 - 16:59:15: Server cvar "amx_ptb_version" = "1.8b3"
L 01/19/2020 - 16:59:15: Server cvar "amx_timeleft" = "10:36"
L 01/19/2020 - 16:59:15: Server cvar "amxmodx_version" = "1.8.2"
L 01/19/2020 - 16:59:15: Server cvar "amxxbg_vip" = "1.0"
L 01/19/2020 - 16:59:15: Server cvar "asp_version" = "4.5.1"
L 01/19/2020 - 16:59:15: Server cvar "atac_version" = "3.0.1"
L 01/19/2020 - 16:59:15: Server cvar "badcamper_version" = "1.4 beta"
L 01/19/2020 - 16:59:15: Server cvar "blockmaker" = "4.01"
L 01/19/2020 - 16:59:15: Server cvar "c4 timer" = "1.1"
L 01/19/2020 - 16:59:15: Server cvar "coop" = "0"
L 01/19/2020 - 16:59:15: Server cvar "CRXAdminGroups" = "1.0"
L 01/19/2020 - 16:59:15: Server cvar "CRXCommandRestrictions" = "1.0"
L 01/19/2020 - 16:59:15: Server cvar "CRXFastKnife" = "1.0"
L 01/19/2020 - 16:59:15: Server cvar "CRXGametracker" = "2.0"
L 01/19/2020 - 16:59:15: Server cvar "CRXKnifeModels" = "2.5.7"
L 01/19/2020 - 16:59:15: Server cvar "CRXTeamAdvantage" = "1.0"
L 01/19/2020 - 16:59:15: Server cvar "CustomShop" = "4.2"
L 01/19/2020 - 16:59:15: Server cvar "deathmatch" = "1"
L 01/19/2020 - 16:59:15: Server cvar "decalfrequency" = "0"
L 01/19/2020 - 16:59:15: Server cvar "edgefriction" = "2"
L 01/19/2020 - 16:59:15: Server cvar "ers_version" = "2.3c"
L 01/19/2020 - 16:59:15: Server cvar "gagsystem_shoko" = "1.0"
L 01/19/2020 - 16:59:15: Server cvar "gal_mapcyclefile" = "mapcycle.txt"
L 01/19/2020 - 16:59:15: Server cvar "gal_version" = "v5.9.1-926"
L 01/19/2020 - 16:59:15: Server cvar "game_version" = "5.7.0.313-dev"
L 01/19/2020 - 16:59:15: Server cvar "humans_join_team" = "any"
L 01/19/2020 - 16:59:15: Server cvar "jtp10181" = "chute,gore"
L 01/19/2020 - 16:59:15: Server cvar "lawliet" = "ny_RainingSnow"
L 01/19/2020 - 16:59:15: Server cvar "LetitSnow" = "1.0"
L 01/19/2020 - 16:59:15: Server cvar "map_spawns" = "T(16) CT(16)"
L 01/19/2020 - 16:59:15: Server cvar "max_queries_sec" = "3"
L 01/19/2020 - 16:59:15: Server cvar "max_queries_sec_global" = "150"
L 01/19/2020 - 16:59:15: Server cvar "max_queries_window" = "60"
L 01/19/2020 - 16:59:15: Server cvar "mdbBans" = "4.8"
L 01/19/2020 - 16:59:15: Server cvar "metamod_version" = "1.21p37"
L 01/19/2020 - 16:59:15: Server cvar "mp_autokick" = "0"
L 01/19/2020 - 16:59:15: Server cvar "mp_autokick_timeout" = "-1"
L 01/19/2020 - 16:59:15: Server cvar "mp_autoteambalance" = "0"
L 01/19/2020 - 16:59:15: Server cvar "mp_buytime" = "0.25"
L 01/19/2020 - 16:59:15: Server cvar "mp_c4timer" = "35"
L 01/19/2020 - 16:59:15: Server cvar "mp_chattime" = "5.000000"
L 01/19/2020 - 16:59:15: Server cvar "mp_consistency" = "1"
L 01/19/2020 - 16:59:15: Server cvar "mp_fadetoblack" = "0"
L 01/19/2020 - 16:59:15: Server cvar "mp_flashlight" = "1"
L 01/19/2020 - 16:59:15: Server cvar "mp_footsteps" = "1"
L 01/19/2020 - 16:59:15: Server cvar "mp_forcecamera" = "0"
L 01/19/2020 - 16:59:15: Server cvar "mp_forcechasecam" = "0"
L 01/19/2020 - 16:59:15: Server cvar "mp_forcerespawn" = "0"
L 01/19/2020 - 16:59:15: Server cvar "mp_fraglimit" = "0"
L 01/19/2020 - 16:59:15: Server cvar "mp_fragsleft" = "0"
L 01/19/2020 - 16:59:15: Server cvar "mp_freeforall" = "0"
L 01/19/2020 - 16:59:15: Server cvar "mp_freezetime" = "1"
L 01/19/2020 - 16:59:15: Server cvar "mp_friendlyfire" = "0"
L 01/19/2020 - 16:59:15: Server cvar "mp_hostage_hurtable" = "1"
L 01/19/2020 - 16:59:15: Server cvar "mp_hostagepenalty" = "0"
L 01/19/2020 - 16:59:15: Server cvar "mp_item_staytime" = "300"
L 01/19/2020 - 16:59:15: Server cvar "mp_kickpercent" = "0.66"
L 01/19/2020 - 16:59:15: Server cvar "mp_legacy_bombtarget_touch" = "1"
L 01/19/2020 - 16:59:15: Server cvar "mp_limitteams" = "0"
L 01/19/2020 - 16:59:15: Server cvar "mp_logdetail" = "0"
L 01/19/2020 - 16:59:15: Server cvar "mp_logfile" = "1"
L 01/19/2020 - 16:59:15: Server cvar "mp_logmessages" = "1"
L 01/19/2020 - 16:59:15: Server cvar "mp_mapvoteratio" = "0.66"
L 01/19/2020 - 16:59:15: Server cvar "mp_maxmoney" = "999999"
L 01/19/2020 - 16:59:15: Server cvar "mp_maxrounds" = "0"
L 01/19/2020 - 16:59:15: Server cvar "mp_mirrordamage" = "0"
L 01/19/2020 - 16:59:15: Server cvar "mp_old_bomb_defused_sound" = "1"
L 01/19/2020 - 16:59:15: Server cvar "mp_playerid" = "0"
L 01/19/2020 - 16:59:15: Server cvar "mp_respawn_immunitytime" = "0"
L 01/19/2020 - 16:59:15: Server cvar "mp_round_infinite" = "0"
L 01/19/2020 - 16:59:15: Server cvar "mp_round_restart_delay" = "5"
L 01/19/2020 - 16:59:15: Server cvar "mp_roundover" = "0"
L 01/19/2020 - 16:59:15: Server cvar "mp_roundtime" = "2.3"
L 01/19/2020 - 16:59:15: Server cvar "mp_show_radioicon" = "1"
L 01/19/2020 - 16:59:15: Server cvar "mp_startmoney" = "850"
L 01/19/2020 - 16:59:15: Server cvar "mp_timeleft" = "10:36"
L 01/19/2020 - 16:59:15: Server cvar "mp_timelimit" = "20"
L 01/19/2020 - 16:59:15: Server cvar "mp_tkpunish" = "0"
L 01/19/2020 - 16:59:15: Server cvar "mp_windifference" = "1"
L 01/19/2020 - 16:59:15: Server cvar "mp_winlimit" = "0"
L 01/19/2020 - 16:59:15: Server cvar "NoWeaponsOnGround" = "1.0"
L 01/19/2020 - 16:59:15: Server cvar "pausable" = "0"
L 01/19/2020 - 16:59:15: Server cvar "present_version" = "2.01"
L 01/19/2020 - 16:59:15: Server cvar "RandomHP" = "2.2"
L 01/19/2020 - 16:59:15: Server cvar "reauthcheck_version" = "0.1.6"
L 01/19/2020 - 16:59:15: Server cvar "reconnect_features" = "0.3.1"
L 01/19/2020 - 16:59:15: Server cvar "report_system_version" = "3.1"
L 01/19/2020 - 16:59:15: Server cvar "resemiclip_version" = "2.3.9"
L 01/19/2020 - 16:59:15: Server cvar "reu_version" = "0.1.0.130"
L 01/19/2020 - 16:59:15: Server cvar "revoice_version" = "0.1.0.30"
L 01/19/2020 - 16:59:15: Server cvar "RRWM" = "2.0"
L 01/19/2020 - 16:59:15: Server cvar "sanksounds_version" = "1.8.6"
L 01/19/2020 - 16:59:15: Server cvar "SimpleMenu" = "1.1"
L 01/19/2020 - 16:59:15: Server cvar "SNAC_Version" = "1.1"
L 01/19/2020 - 16:59:15: Server cvar "SpecList" = "1.2a"
L 01/19/2020 - 16:59:15: Server cvar "sr_version" = "1.6"
L 01/19/2020 - 16:59:15: Server cvar "statsx_shell_ver" = "2.0.0 (BETA)"
L 01/19/2020 - 16:59:15: Server cvar "StyleC4Timer" = "2.1"
L 01/19/2020 - 16:59:15: Server cvar "sv_accelerate" = "5"
L 01/19/2020 - 16:59:15: Server cvar "sv_aim" = "1"
L 01/19/2020 - 16:59:15: Server cvar "sv_airaccelerate" = "100"
L 01/19/2020 - 16:59:15: Server cvar "sv_allowupload" = "1"
L 01/19/2020 - 16:59:15: Server cvar "sv_alltalk" = "1"
L 01/19/2020 - 16:59:15: Server cvar "sv_bounce" = "1"
L 01/19/2020 - 16:59:15: Server cvar "sv_cheats" = "0"
L 01/19/2020 - 16:59:15: Server cvar "sv_clienttrace" = "1"
L 01/19/2020 - 16:59:15: Server cvar "sv_contact" = "feruchio599@gmail.com"
L 01/19/2020 - 16:59:15: Server cvar "sv_friction" = "4"
L 01/19/2020 - 16:59:15: Server cvar "sv_gravity" = "800"
L 01/19/2020 - 16:59:15: Server cvar "sv_logblocks" = "0"
L 01/19/2020 - 16:59:15: Server cvar "sv_maxrate" = "50000"
L 01/19/2020 - 16:59:15: Server cvar "sv_maxspeed" = "900.000000"
L 01/19/2020 - 16:59:15: Server cvar "sv_minrate" = "10000"
L 01/19/2020 - 16:59:15: Server cvar "sv_password" = ""
L 01/19/2020 - 16:59:15: Server cvar "sv_proxies" = "1"
L 01/19/2020 - 16:59:15: Server cvar "sv_restart" = "0"
L 01/19/2020 - 16:59:15: Server cvar "sv_restartround" = "0"
L 01/19/2020 - 16:59:15: Server cvar "sv_stepsize" = "18"
L 01/19/2020 - 16:59:15: Server cvar "sv_stopspeed" = "75"
L 01/19/2020 - 16:59:15: Server cvar "sv_uploadmax" = "0.5"
L 01/19/2020 - 16:59:15: Server cvar "sv_version" = "1.1.2.7/Stdio,48,1621"
L 01/19/2020 - 16:59:15: Server cvar "sv_voiceenable" = "1"
L 01/19/2020 - 16:59:15: Server cvar "sv_wateraccelerate" = "10"
L 01/19/2020 - 16:59:15: Server cvar "sv_waterfriction" = "1"
L 01/19/2020 - 16:59:15: Server cvar "Team_Semiclip_version" = "3.3.1"
L 01/19/2020 - 16:59:15: Server cvar "vehicle_real_killer" = "1.1"
L 01/19/2020 - 16:59:15: Server cvar "WalkGuard" = "1.3.2"
L 01/19/2020 - 16:59:15: Server cvar "we_grenades" = "Huehue"
L 01/19/2020 - 16:59:15: Server cvar "we_player_models" = "Huehue"
L 01/19/2020 - 16:59:15: Server cvar "whb_version" = "1.5.692"
L 01/19/2020 - 16:59:15: Server cvar "zp_jp_version" = "Extra Item Jetpack+Bazooka v3.2"
L 01/19/2020 - 16:59:15: Server cvars end
L 01/19/2020 - 16:59:18: Server cvar "sv_maxspeed" = "900"
L 01/19/2020 - 16:59:18: Server cvar "mp_autoteambalance" = "1"
L 01/19/2020 - 16:59:18: Server cvar "mp_autoteambalance" = "0"
L 01/19/2020 - 16:59:18: Server cvar "amx_nextmap" = "[not yet voted on]"
L 01/19/2020 - 16:59:20: Started map "space_battle_beta" (CRC "638335016")
L 01/19/2020 - 16:59:22: World triggered "Round_Start"
L 01/19/2020 - 16:59:24: [REUNION]: S!cKeR D!cKeR (79.126.136.16) authorized as RevEmu
L 01/19/2020 - 16:59:24: "S!cKeR D!cKeR<120><STEAM_1:0:1304638082><>" connected, address "79.126.136.16:27005"
L 01/19/2020 - 16:59:24: [REUNION]: Bonno (46.217.23.118) authorized as RevEmu
L 01/19/2020 - 16:59:24: "Bonno<121><STEAM_1:1:794573339><>" connected, address "46.217.23.118:27005"
L 01/19/2020 - 16:59:27: "Bonno<121><STEAM_1:1:794573339><>" entered the game
L 01/19/2020 - 16:59:31: "Bonno<121><STEAM_1:1:794573339><>" joined team "CT"
L 01/19/2020 - 16:59:32: "OdorbobDayn<122><STEAM_0:1:219565788><>" connected, address "95.47.111.105:54541"
L 01/19/2020 - 16:59:32: "S!cKeR D!cKeR<120><STEAM_1:0:1304638082><>" entered the game
L 01/19/2020 - 16:59:32: "OdorbobDayn<122><STEAM_0:1:219565788><>" STEAM USERID validated
L 01/19/2020 - 16:59:37: "OdorbobDayn<122><STEAM_0:1:219565788><>" entered the game
L 01/19/2020 - 16:59:39: "OdorbobDayn<122><STEAM_0:1:219565788><>" joined team "TERRORIST"
L 01/19/2020 - 16:59:39: World triggered "Game_Commencing"
L 01/19/2020 - 16:59:39: World triggered "Game_Commencing" (CT "0") (T "0")
L 01/19/2020 - 16:59:39: World triggered "Round_End"
L 01/19/2020 - 16:59:42: "OdorbobDayn<122><STEAM_0:1:219565788><TERRORIST>" committed suicide with "world"
L 01/19/2020 - 16:59:42: "OdorbobDayn<122><STEAM_0:1:219565788><TERRORIST>" joined team "CT"
L 01/19/2020 - 16:59:43: World triggered "Round_Start"
L 01/19/2020 - 16:59:50: "S!cKeR D!cKeR<120><STEAM_1:0:1304638082><>" joined team "CT"
L 01/19/2020 - 17:00:24: "OdorbobDayn<122><STEAM_0:1:219565788><CT>" committed suicide with "world"
L 01/19/2020 - 17:00:24: "OdorbobDayn<122><STEAM_0:1:219565788><CT>" joined team "TERRORIST"
L 01/19/2020 - 17:00:24: World triggered "Game_Commencing"
L 01/19/2020 - 17:00:24: World triggered "Game_Commencing" (CT "0") (T "0")
L 01/19/2020 - 17:00:24: World triggered "Round_End"
L 01/19/2020 - 17:00:26: "S!cKeR D!cKeR<120><STEAM_1:0:1304638082><CT>" committed suicide with "trigger_hurt" (world)
L 01/19/2020 - 17:00:28: World triggered "Round_Start"
L 01/19/2020 - 17:01:22: "OdorbobDayn<122><STEAM_0:1:219565788><TERRORIST>" killed "Bonno<121><STEAM_1:1:794573339><CT>" with "ak47"
L 01/19/2020 - 17:01:51: "S!cKeR D!cKeR<120><STEAM_1:0:1304638082><CT>" killed "OdorbobDayn<122><STEAM_0:1:219565788><TERRORIST>" with "knife"
L 01/19/2020 - 17:01:51: Team "CT" triggered "CTs_Win" (CT "1") (T "0")
L 01/19/2020 - 17:01:51: World triggered "Round_End"
L 01/19/2020 - 17:01:57: World triggered "Round_Start"
L 01/19/2020 - 17:02:30: "OdorbobDayn<122><STEAM_0:1:219565788><TERRORIST>" killed "Bonno<121><STEAM_1:1:794573339><CT>" with "awp"
L 01/19/2020 - 17:02:32: "S!cKeR D!cKeR<120><STEAM_1:0:1304638082><CT>" killed "OdorbobDayn<122><STEAM_0:1:219565788><TERRORIST>" with "m4a1"
L 01/19/2020 - 17:02:32: Team "CT" triggered "CTs_Win" (CT "2") (T "0")
L 01/19/2020 - 17:02:32: World triggered "Round_End"
L 01/19/2020 - 17:02:38: World triggered "Round_Start"
L 01/19/2020 - 17:03:29: "OdorbobDayn<122><STEAM_0:1:219565788><TERRORIST>" killed "Bonno<121><STEAM_1:1:794573339><CT>" with "ak47"
L 01/19/2020 - 17:03:37: "OdorbobDayn<122><STEAM_0:1:219565788><TERRORIST>" killed "S!cKeR D!cKeR<120><STEAM_1:0:1304638082><CT>" with "ak47"
L 01/19/2020 - 17:03:37: Team "TERRORIST" triggered "Terrorists_Win" (CT "2") (T "1")
L 01/19/2020 - 17:03:37: World triggered "Round_End"
L 01/19/2020 - 17:03:43: World triggered "Round_Start"
L 01/19/2020 - 17:03:46: "OdorbobDayn<122><STEAM_0:1:219565788><TERRORIST>" disconnected
L 01/19/2020 - 17:03:55: "S!cKeR D!cKeR<120><STEAM_1:0:1304638082><CT>" committed suicide with "world"
L 01/19/2020 - 17:03:55: "S!cKeR D!cKeR<120><STEAM_1:0:1304638082><CT>" joined team "TERRORIST"
L 01/19/2020 - 17:03:55: World triggered "Game_Commencing"
L 01/19/2020 - 17:03:55: World triggered "Game_Commencing" (CT "2") (T "1")
L 01/19/2020 - 17:03:55: World triggered "Round_End"
L 01/19/2020 - 17:03:59: World triggered "Round_Start"
L 01/19/2020 - 17:04:23: "S!cKeR D!cKeR<120><STEAM_1:0:1304638082><TERRORIST>" killed "Bonno<121><STEAM_1:1:794573339><CT>" with "ak47"
L 01/19/2020 - 17:04:23: Team "TERRORIST" triggered "Terrorists_Win" (CT "0") (T "1")
L 01/19/2020 - 17:04:23: World triggered "Round_End"
L 01/19/2020 - 17:04:29: World triggered "Round_Start"
L 01/19/2020 - 17:04:48: "Bonno<121><STEAM_1:1:794573339><CT>" killed "S!cKeR D!cKeR<120><STEAM_1:0:1304638082><TERRORIST>" with "awp"
L 01/19/2020 - 17:04:48: Team "CT" triggered "CTs_Win" (CT "1") (T "1")
L 01/19/2020 - 17:04:48: World triggered "Round_End"
L 01/19/2020 - 17:04:54: World triggered "Round_Start"
L 01/19/2020 - 17:05:54: "Bonno<121><STEAM_1:1:794573339><CT>" committed suicide with "trigger_hurt" (world)
L 01/19/2020 - 17:05:54: Team "TERRORIST" triggered "Terrorists_Win" (CT "1") (T "2")
L 01/19/2020 - 17:05:54: World triggered "Round_End"
L 01/19/2020 - 17:06:00: World triggered "Round_Start"
L 01/19/2020 - 17:06:26: "S!cKeR D!cKeR<120><STEAM_1:0:1304638082><TERRORIST>" killed "Bonno<121><STEAM_1:1:794573339><CT>" with "ak47"
L 01/19/2020 - 17:06:26: Team "TERRORIST" triggered "Terrorists_Win" (CT "1") (T "3")
L 01/19/2020 - 17:06:26: World triggered "Round_End"
L 01/19/2020 - 17:06:32: World triggered "Round_Start"
L 01/19/2020 - 17:06:53: "S!cKeR D!cKeR<120><STEAM_1:0:1304638082><TERRORIST>" killed "Bonno<121><STEAM_1:1:794573339><CT>" with "ak47"
L 01/19/2020 - 17:06:53: Team "TERRORIST" triggered "Terrorists_Win" (CT "1") (T "4")
L 01/19/2020 - 17:06:53: World triggered "Round_End"
L 01/19/2020 - 17:06:59: World triggered "Round_Start"
L 01/19/2020 - 17:07:18: "Bonno<121><STEAM_1:1:794573339><CT>" killed "S!cKeR D!cKeR<120><STEAM_1:0:1304638082><TERRORIST>" with "m4a1"
L 01/19/2020 - 17:07:18: Team "CT" triggered "CTs_Win" (CT "2") (T "4")
L 01/19/2020 - 17:07:18: World triggered "Round_End"
L 01/19/2020 - 17:07:24: World triggered "Round_Start"
L 01/19/2020 - 17:08:05: "Bonno<121><STEAM_1:1:794573339><CT>" killed "S!cKeR D!cKeR<120><STEAM_1:0:1304638082><TERRORIST>" with "m4a1"
L 01/19/2020 - 17:08:05: Team "CT" triggered "CTs_Win" (CT "3") (T "4")
L 01/19/2020 - 17:08:05: World triggered "Round_End"
L 01/19/2020 - 17:08:11: World triggered "Round_Start"
L 01/19/2020 - 17:08:32: "S!cKeR D!cKeR<120><STEAM_1:0:1304638082><TERRORIST>" killed "Bonno<121><STEAM_1:1:794573339><CT>" with "ak47"
L 01/19/2020 - 17:08:32: Team "TERRORIST" triggered "Terrorists_Win" (CT "3") (T "5")
L 01/19/2020 - 17:08:32: World triggered "Round_End"
L 01/19/2020 - 17:08:38: World triggered "Round_Start"
L 01/19/2020 - 17:09:22: "S!cKeR D!cKeR<120><STEAM_1:0:1304638082><TERRORIST>" killed "Bonno<121><STEAM_1:1:794573339><CT>" with "ak47"
L 01/19/2020 - 17:09:22: Team "TERRORIST" triggered "Terrorists_Win" (CT "3") (T "6")
L 01/19/2020 - 17:09:22: World triggered "Round_End"
L 01/19/2020 - 17:09:28: World triggered "Round_Start"
L 01/19/2020 - 17:09:47: "Bonno<121><STEAM_1:1:794573339><CT>" committed suicide with "trigger_hurt" (world)
L 01/19/2020 - 17:09:47: Team "TERRORIST" triggered "Terrorists_Win" (CT "3") (T "7")
L 01/19/2020 - 17:09:47: World triggered "Round_End"
L 01/19/2020 - 17:09:53: World triggered "Round_Start"
L 01/19/2020 - 17:10:16: "Bonno<121><STEAM_1:1:794573339><CT>" killed "S!cKeR D!cKeR<120><STEAM_1:0:1304638082><TERRORIST>" with "m4a1"
L 01/19/2020 - 17:10:16: Team "CT" triggered "CTs_Win" (CT "4") (T "7")
L 01/19/2020 - 17:10:16: World triggered "Round_End"
L 01/19/2020 - 17:10:22: World triggered "Round_Start"
L 01/19/2020 - 17:11:52: "Bonno<121><STEAM_1:1:794573339><CT>" killed "S!cKeR D!cKeR<120><STEAM_1:0:1304638082><TERRORIST>" with "grenade"
L 01/19/2020 - 17:11:52: Team "CT" triggered "CTs_Win" (CT "5") (T "7")
L 01/19/2020 - 17:11:52: World triggered "Round_End"
L 01/19/2020 - 17:11:58: World triggered "Round_Start"
L 01/19/2020 - 17:13:18: "Bonno<121><STEAM_1:1:794573339><CT>" killed "S!cKeR D!cKeR<120><STEAM_1:0:1304638082><TERRORIST>" with "knife"
L 01/19/2020 - 17:13:18: Team "CT" triggered "CTs_Win" (CT "6") (T "7")
L 01/19/2020 - 17:13:18: World triggered "Round_End"
L 01/19/2020 - 17:13:24: World triggered "Round_Start"
L 01/19/2020 - 17:13:52: "Bonno<121><STEAM_1:1:794573339><CT>" killed "S!cKeR D!cKeR<120><STEAM_1:0:1304638082><TERRORIST>" with "knife"
L 01/19/2020 - 17:13:52: Team "CT" triggered "CTs_Win" (CT "7") (T "7")
L 01/19/2020 - 17:13:52: World triggered "Round_End"
L 01/19/2020 - 17:13:58: World triggered "Round_Start"
L 01/19/2020 - 17:13:58: Server cvar "amx_nextmap" = "gijoe_cars"
L 01/19/2020 - 17:14:40: "S!cKeR D!cKeR<120><STEAM_1:0:1304638082><TERRORIST>" killed "Bonno<121><STEAM_1:1:794573339><CT>" with "knife"
L 01/19/2020 - 17:14:40: Team "TERRORIST" triggered "Terrorists_Win" (CT "7") (T "8")
L 01/19/2020 - 17:14:40: World triggered "Round_End"
L 01/19/2020 - 17:14:46: World triggered "Round_Start"
L 01/19/2020 - 17:14:46: Server cvar "sv_maxspeed" = "0.000000"
L 01/19/2020 - 17:14:46: Server cvar "mp_friendlyfire" = "1"
L 01/19/2020 - 17:14:52: Server cvar "sv_maxspeed" = "900.000000"
L 01/19/2020 - 17:14:52: Server cvar "mp_friendlyfire" = "0"
L 01/19/2020 - 17:14:52: [META] ini: Begin re-reading plugins list: /home/rented/public9/cstrike/addons/metamod/plugins.ini
L 01/19/2020 - 17:14:52: [META] ini: Read plugin config for: SafeNameAndChat
L 01/19/2020 - 17:14:52: [META] ini: Read plugin config for: AMX Mod X
L 01/19/2020 - 17:14:52: [META] ini: Read plugin config for: Reunion
L 01/19/2020 - 17:14:52: [META] ini: Read plugin config for: ReAuthCheck
L 01/19/2020 - 17:14:52: [META] ini: Read plugin config for: WHBlocker
L 01/19/2020 - 17:14:52: [META] ini: Read plugin config for: ReSemiclip
L 01/19/2020 - 17:14:52: [META] ini: Read plugin config for: Revoice
L 01/19/2020 - 17:14:52: [META] ini: Finished reading plugins list: /home/rented/public9/cstrike/addons/metamod/plugins.ini; Found 7 plugins
L 01/19/2020 - 17:14:52: [META] dll: Updating plugins...
L 01/19/2020 - 17:14:52: [META] WARNING: Cannot clear plugin 'SafeNameAndChat'; not marked as failed, empty, or open (status=valid)
L 01/19/2020 - 17:14:52: [META] dll: Unloaded plugin 'SafeNameAndChat' for reason 'file on disk is newer'
L 01/19/2020 - 17:14:52: [META] dll: Loaded plugin 'SafeNameAndChat': SafeNameAndChat v1.1 2017.02.01, WPMG.PRoSToC0der
L 01/19/2020 - 17:14:52: [META] WARNING: Cannot clear plugin 'WHBlocker'; not marked as failed, empty, or open (status=valid)
L 01/19/2020 - 17:14:52: [META] dll: Unloaded plugin 'WHBlocker' for reason 'file on disk is newer'
L 01/19/2020 - 17:14:52: [META] dll: Loaded plugin 'WHBlocker': WHBlocker v1.5.692 2017-04-13, s1lent
L 01/19/2020 - 17:14:52: [META] WARNING: Cannot clear plugin 'ReSemiclip'; not marked as failed, empty, or open (status=valid)
L 01/19/2020 - 17:14:52: [META] dll: Unloaded plugin 'ReSemiclip' for reason 'file on disk is newer'
L 01/19/2020 - 17:14:52: [META] dll: Loaded plugin 'ReSemiclip': ReSemiclip v2.3.9 13/02/17, s1lent & Adidasman
L 01/19/2020 - 17:14:52: [META] dll: Finished updating 14 plugins; kept 0, loaded 0, unloaded 0, reloaded 3, delayed 0
L 01/19/2020 - 17:14:52: "S!cKeR D!cKeR<120><STEAM_1:0:1304638082><TERRORIST>" disconnected
L 01/19/2020 - 17:14:52: "Bonno<121><STEAM_1:1:794573339><CT>" disconnected
L 01/19/2020 - 17:14:52: World triggered "Round_Draw" (CT "7") (T "8")
L 01/19/2020 - 17:14:52: World triggered "Round_End"
L 01/19/2020 - 17:14:52: Log file closed
