L 01/12/2020 - 18:47:43: Log file started (file "logs/L0112065.log") (game "cstrike") (version "48/1.1.2.7/Stdio/1621")
L 01/12/2020 - 18:47:43: Loading map "air_fight2"
L 01/12/2020 - 18:47:43: Server cvars start
L 01/12/2020 - 18:47:43: Server cvar "@BunnyHopper" = "3.x"
L 01/12/2020 - 18:47:43: Server cvar "@CRXGoSpec" = "1.1"
L 01/12/2020 - 18:47:43: Server cvar "@CRXRemoveImmunity" = "1.0"
L 01/12/2020 - 18:47:43: Server cvar "@D.I.C.E." = "1.1"
L 01/12/2020 - 18:47:43: Server cvar "@MOTDCommands" = "1.2"
L 01/12/2020 - 18:47:43: Server cvar "advanced_quake_sounds" = "5.0"
L 01/12/2020 - 18:47:43: Server cvar "AdvancedMute" = "1.0"
L 01/12/2020 - 18:47:43: Server cvar "aesp_version" = "1.3"
L 01/12/2020 - 18:47:43: Server cvar "allow_spectators" = "1.0"
L 01/12/2020 - 18:47:43: Server cvar "amx_client_languages" = "1"
L 01/12/2020 - 18:47:43: Server cvar "amx_language" = "en"
L 01/12/2020 - 18:47:43: Server cvar "amx_nextmap" = "air_fight2"
L 01/12/2020 - 18:47:43: Server cvar "amx_ptb_version" = "1.8b3"
L 01/12/2020 - 18:47:43: Server cvar "amx_timeleft" = "01:36"
L 01/12/2020 - 18:47:43: Server cvar "amxmodx_version" = "1.8.2"
L 01/12/2020 - 18:47:43: Server cvar "amxxbg_vip" = "1.0"
L 01/12/2020 - 18:47:43: Server cvar "asp_version" = "4.5.1"
L 01/12/2020 - 18:47:43: Server cvar "atac_version" = "3.0.1"
L 01/12/2020 - 18:47:43: Server cvar "badcamper_version" = "1.4 beta"
L 01/12/2020 - 18:47:43: Server cvar "blockmaker" = "4.01"
L 01/12/2020 - 18:47:43: Server cvar "c4 timer" = "1.1"
L 01/12/2020 - 18:47:43: Server cvar "coop" = "0"
L 01/12/2020 - 18:47:43: Server cvar "CRXAdminGroups" = "1.0"
L 01/12/2020 - 18:47:43: Server cvar "CRXCommandRestrictions" = "1.0"
L 01/12/2020 - 18:47:43: Server cvar "CRXFastKnife" = "1.0"
L 01/12/2020 - 18:47:43: Server cvar "CRXGametracker" = "2.0"
L 01/12/2020 - 18:47:43: Server cvar "CRXKnifeModels" = "2.5.7"
L 01/12/2020 - 18:47:43: Server cvar "CRXTeamAdvantage" = "1.0"
L 01/12/2020 - 18:47:43: Server cvar "CustomShop" = "4.2"
L 01/12/2020 - 18:47:43: Server cvar "deathmatch" = "1"
L 01/12/2020 - 18:47:43: Server cvar "decalfrequency" = "0"
L 01/12/2020 - 18:47:43: Server cvar "edgefriction" = "2"
L 01/12/2020 - 18:47:43: Server cvar "ers_version" = "2.3c"
L 01/12/2020 - 18:47:43: Server cvar "gagsystem_shoko" = "1.0"
L 01/12/2020 - 18:47:43: Server cvar "gal_mapcyclefile" = "mapcycle.txt"
L 01/12/2020 - 18:47:43: Server cvar "gal_version" = "v5.9.1-926"
L 01/12/2020 - 18:47:43: Server cvar "game_version" = "5.7.0.313-dev"
L 01/12/2020 - 18:47:43: Server cvar "humans_join_team" = "any"
L 01/12/2020 - 18:47:43: Server cvar "jtp10181" = "chute,gore"
L 01/12/2020 - 18:47:43: Server cvar "lawliet" = "ny_RainingSnow"
L 01/12/2020 - 18:47:43: Server cvar "LetitSnow" = "1.0"
L 01/12/2020 - 18:47:43: Server cvar "map_spawns" = "T(16) CT(16)"
L 01/12/2020 - 18:47:43: Server cvar "max_queries_sec" = "3"
L 01/12/2020 - 18:47:43: Server cvar "max_queries_sec_global" = "150"
L 01/12/2020 - 18:47:43: Server cvar "max_queries_window" = "60"
L 01/12/2020 - 18:47:43: Server cvar "mdbBans" = "4.8"
L 01/12/2020 - 18:47:43: Server cvar "metamod_version" = "1.21p37"
L 01/12/2020 - 18:47:43: Server cvar "mp_autokick" = "0"
L 01/12/2020 - 18:47:43: Server cvar "mp_autokick_timeout" = "-1"
L 01/12/2020 - 18:47:43: Server cvar "mp_autoteambalance" = "0"
L 01/12/2020 - 18:47:43: Server cvar "mp_buytime" = "0.25"
L 01/12/2020 - 18:47:43: Server cvar "mp_c4timer" = "35"
L 01/12/2020 - 18:47:43: Server cvar "mp_chattime" = "5.000000"
L 01/12/2020 - 18:47:43: Server cvar "mp_consistency" = "1"
L 01/12/2020 - 18:47:43: Server cvar "mp_fadetoblack" = "0"
L 01/12/2020 - 18:47:43: Server cvar "mp_flashlight" = "1"
L 01/12/2020 - 18:47:43: Server cvar "mp_footsteps" = "1"
L 01/12/2020 - 18:47:43: Server cvar "mp_forcecamera" = "0"
L 01/12/2020 - 18:47:43: Server cvar "mp_forcechasecam" = "0"
L 01/12/2020 - 18:47:43: Server cvar "mp_forcerespawn" = "0"
L 01/12/2020 - 18:47:43: Server cvar "mp_fraglimit" = "0"
L 01/12/2020 - 18:47:43: Server cvar "mp_fragsleft" = "0"
L 01/12/2020 - 18:47:43: Server cvar "mp_freeforall" = "0"
L 01/12/2020 - 18:47:43: Server cvar "mp_freezetime" = "1"
L 01/12/2020 - 18:47:43: Server cvar "mp_friendlyfire" = "0"
L 01/12/2020 - 18:47:43: Server cvar "mp_hostage_hurtable" = "1"
L 01/12/2020 - 18:47:43: Server cvar "mp_hostagepenalty" = "0"
L 01/12/2020 - 18:47:43: Server cvar "mp_item_staytime" = "300"
L 01/12/2020 - 18:47:43: Server cvar "mp_kickpercent" = "0.66"
L 01/12/2020 - 18:47:43: Server cvar "mp_legacy_bombtarget_touch" = "1"
L 01/12/2020 - 18:47:43: Server cvar "mp_limitteams" = "0"
L 01/12/2020 - 18:47:43: Server cvar "mp_logdetail" = "0"
L 01/12/2020 - 18:47:43: Server cvar "mp_logfile" = "1"
L 01/12/2020 - 18:47:43: Server cvar "mp_logmessages" = "1"
L 01/12/2020 - 18:47:43: Server cvar "mp_mapvoteratio" = "0.66"
L 01/12/2020 - 18:47:43: Server cvar "mp_maxmoney" = "999999"
L 01/12/2020 - 18:47:43: Server cvar "mp_maxrounds" = "0"
L 01/12/2020 - 18:47:43: Server cvar "mp_mirrordamage" = "0"
L 01/12/2020 - 18:47:43: Server cvar "mp_old_bomb_defused_sound" = "1"
L 01/12/2020 - 18:47:43: Server cvar "mp_playerid" = "0"
L 01/12/2020 - 18:47:43: Server cvar "mp_respawn_immunitytime" = "0"
L 01/12/2020 - 18:47:43: Server cvar "mp_round_infinite" = "0"
L 01/12/2020 - 18:47:43: Server cvar "mp_round_restart_delay" = "5"
L 01/12/2020 - 18:47:43: Server cvar "mp_roundover" = "0"
L 01/12/2020 - 18:47:43: Server cvar "mp_roundtime" = "2.3"
L 01/12/2020 - 18:47:43: Server cvar "mp_show_radioicon" = "1"
L 01/12/2020 - 18:47:43: Server cvar "mp_startmoney" = "850"
L 01/12/2020 - 18:47:43: Server cvar "mp_timeleft" = "01:36"
L 01/12/2020 - 18:47:43: Server cvar "mp_timelimit" = "20"
L 01/12/2020 - 18:47:43: Server cvar "mp_tkpunish" = "0"
L 01/12/2020 - 18:47:43: Server cvar "mp_windifference" = "1"
L 01/12/2020 - 18:47:43: Server cvar "mp_winlimit" = "0"
L 01/12/2020 - 18:47:43: Server cvar "NoWeaponsOnGround" = "1.0"
L 01/12/2020 - 18:47:43: Server cvar "pausable" = "0"
L 01/12/2020 - 18:47:43: Server cvar "present_version" = "2.01"
L 01/12/2020 - 18:47:43: Server cvar "RandomHP" = "2.2"
L 01/12/2020 - 18:47:43: Server cvar "reauthcheck_version" = "0.1.6"
L 01/12/2020 - 18:47:43: Server cvar "reconnect_features" = "0.3.1"
L 01/12/2020 - 18:47:43: Server cvar "report_system_version" = "3.1"
L 01/12/2020 - 18:47:43: Server cvar "resemiclip_version" = "2.3.9"
L 01/12/2020 - 18:47:43: Server cvar "reu_version" = "0.1.0.130"
L 01/12/2020 - 18:47:43: Server cvar "revoice_version" = "0.1.0.30"
L 01/12/2020 - 18:47:43: Server cvar "RRWM" = "2.0"
L 01/12/2020 - 18:47:43: Server cvar "sanksounds_version" = "1.8.6"
L 01/12/2020 - 18:47:43: Server cvar "SimpleMenu" = "1.1"
L 01/12/2020 - 18:47:43: Server cvar "SNAC_Version" = "1.1"
L 01/12/2020 - 18:47:43: Server cvar "SpecList" = "1.2a"
L 01/12/2020 - 18:47:43: Server cvar "sr_version" = "1.6"
L 01/12/2020 - 18:47:43: Server cvar "statsx_shell_ver" = "2.0.0 (BETA)"
L 01/12/2020 - 18:47:43: Server cvar "StyleC4Timer" = "2.1"
L 01/12/2020 - 18:47:43: Server cvar "sv_accelerate" = "5"
L 01/12/2020 - 18:47:43: Server cvar "sv_aim" = "1"
L 01/12/2020 - 18:47:43: Server cvar "sv_airaccelerate" = "100"
L 01/12/2020 - 18:47:43: Server cvar "sv_allowupload" = "1"
L 01/12/2020 - 18:47:43: Server cvar "sv_alltalk" = "1"
L 01/12/2020 - 18:47:43: Server cvar "sv_bounce" = "1"
L 01/12/2020 - 18:47:43: Server cvar "sv_cheats" = "0"
L 01/12/2020 - 18:47:43: Server cvar "sv_clienttrace" = "1"
L 01/12/2020 - 18:47:43: Server cvar "sv_contact" = "feruchio599@gmail.com"
L 01/12/2020 - 18:47:43: Server cvar "sv_friction" = "4"
L 01/12/2020 - 18:47:43: Server cvar "sv_gravity" = "800"
L 01/12/2020 - 18:47:43: Server cvar "sv_logblocks" = "0"
L 01/12/2020 - 18:47:43: Server cvar "sv_maxrate" = "50000"
L 01/12/2020 - 18:47:43: Server cvar "sv_maxspeed" = "900.000000"
L 01/12/2020 - 18:47:43: Server cvar "sv_minrate" = "10000"
L 01/12/2020 - 18:47:43: Server cvar "sv_password" = ""
L 01/12/2020 - 18:47:43: Server cvar "sv_proxies" = "1"
L 01/12/2020 - 18:47:43: Server cvar "sv_restart" = "0"
L 01/12/2020 - 18:47:43: Server cvar "sv_restartround" = "0"
L 01/12/2020 - 18:47:43: Server cvar "sv_stepsize" = "18"
L 01/12/2020 - 18:47:43: Server cvar "sv_stopspeed" = "75"
L 01/12/2020 - 18:47:43: Server cvar "sv_uploadmax" = "0.5"
L 01/12/2020 - 18:47:43: Server cvar "sv_version" = "1.1.2.7/Stdio,48,1621"
L 01/12/2020 - 18:47:43: Server cvar "sv_voiceenable" = "1"
L 01/12/2020 - 18:47:43: Server cvar "sv_wateraccelerate" = "10"
L 01/12/2020 - 18:47:43: Server cvar "sv_waterfriction" = "1"
L 01/12/2020 - 18:47:43: Server cvar "Team_Semiclip_version" = "3.3.1"
L 01/12/2020 - 18:47:43: Server cvar "vehicle_real_killer" = "1.1"
L 01/12/2020 - 18:47:43: Server cvar "WalkGuard" = "1.3.2"
L 01/12/2020 - 18:47:43: Server cvar "we_grenades" = "Huehue"
L 01/12/2020 - 18:47:43: Server cvar "we_player_models" = "Huehue"
L 01/12/2020 - 18:47:43: Server cvar "whb_version" = "1.5.692"
L 01/12/2020 - 18:47:43: Server cvar "zp_jp_version" = "Extra Item Jetpack+Bazooka v3.2"
L 01/12/2020 - 18:47:43: Server cvars end
L 01/12/2020 - 18:47:46: Server cvar "sv_maxspeed" = "900"
L 01/12/2020 - 18:47:46: Server cvar "mp_autoteambalance" = "1"
L 01/12/2020 - 18:47:46: Server cvar "mp_autoteambalance" = "0"
L 01/12/2020 - 18:47:46: Server cvar "amx_nextmap" = "[not yet voted on]"
L 01/12/2020 - 18:47:47: Started map "air_fight2" (CRC "-1788665057")
L 01/12/2020 - 18:47:49: World triggered "Round_Start"
L 01/12/2020 - 18:47:52: [REUNION]: GAME OVER 6 (31.25.27.212) authorized as RevEmu
L 01/12/2020 - 18:47:52: "GAME OVER 6<86><STEAM_1:1:636467087><>" connected, address "31.25.27.212:27005"
L 01/12/2020 - 18:47:54: "HuNt3r<82><STEAM_1:1:1071071391><>" entered the game
L 01/12/2020 - 18:47:54: "ok<83><STEAM_0:0:19903402><>" entered the game
L 01/12/2020 - 18:47:58: "GAME OVER 6<86><STEAM_1:1:636467087><>" entered the game
L 01/12/2020 - 18:47:58: "HuNt3r<82><STEAM_1:1:1071071391><>" joined team "TERRORIST"
L 01/12/2020 - 18:48:02: "ok<83><STEAM_0:0:19903402><>" joined team "CT"
L 01/12/2020 - 18:48:02: "GAME OVER 6<86><STEAM_1:1:636467087><>" joined team "CT"
L 01/12/2020 - 18:48:02: World triggered "Game_Commencing"
L 01/12/2020 - 18:48:02: World triggered "Game_Commencing" (CT "0") (T "0")
L 01/12/2020 - 18:48:02: World triggered "Round_End"
L 01/12/2020 - 18:48:06: World triggered "Round_Start"
L 01/12/2020 - 18:48:32: "ok<83><STEAM_0:0:19903402><CT>" killed "HuNt3r<82><STEAM_1:1:1071071391><TERRORIST>" with "m4a1"
L 01/12/2020 - 18:48:32: Team "CT" triggered "CTs_Win" (CT "1") (T "0")
L 01/12/2020 - 18:48:32: World triggered "Round_End"
L 01/12/2020 - 18:48:38: World triggered "Round_Start"
L 01/12/2020 - 18:49:02: "HuNt3r<82><STEAM_1:1:1071071391><TERRORIST>" killed "ok<83><STEAM_0:0:19903402><CT>" with "sg550"
L 01/12/2020 - 18:49:25: "HuNt3r<82><STEAM_1:1:1071071391><TERRORIST>" killed "GAME OVER 6<86><STEAM_1:1:636467087><CT>" with "sg550"
L 01/12/2020 - 18:49:25: Team "TERRORIST" triggered "Terrorists_Win" (CT "1") (T "1")
L 01/12/2020 - 18:49:25: World triggered "Round_End"
L 01/12/2020 - 18:49:31: World triggered "Round_Start"
L 01/12/2020 - 18:50:03: "HuNt3r<82><STEAM_1:1:1071071391><TERRORIST>" killed "GAME OVER 6<86><STEAM_1:1:636467087><CT>" with "tracktrain"
L 01/12/2020 - 18:50:21: "ok<83><STEAM_0:0:19903402><CT>" killed "HuNt3r<82><STEAM_1:1:1071071391><TERRORIST>" with "m4a1"
L 01/12/2020 - 18:50:21: Team "CT" triggered "CTs_Win" (CT "2") (T "1")
L 01/12/2020 - 18:50:21: World triggered "Round_End"
L 01/12/2020 - 18:50:22: "HuNt3r<82><STEAM_1:1:1071071391><TERRORIST>" killed "ok<83><STEAM_0:0:19903402><CT>" with "tracktrain"
L 01/12/2020 - 18:50:27: World triggered "Round_Start"
L 01/12/2020 - 18:50:45: [REUNION]: 88888888888888 (87.116.67.148) authorized as NoSteam47
L 01/12/2020 - 18:50:45: "88888888888888<87><VALVE_ID_LAN><>" connected, address "87.116.67.148:27005"
L 01/12/2020 - 18:50:47: [REUNION]: 88888888888888 (87.116.67.148) authorized as NoSteam47
L 01/12/2020 - 18:50:47: "88888888888888<88><VALVE_ID_LAN><>" connected, address "87.116.67.148:27005"
L 01/12/2020 - 18:50:52: "88888888888888<88><VALVE_ID_LAN><>" entered the game
L 01/12/2020 - 18:50:59: "88888888888888<88><VALVE_ID_LAN><>" joined team "CT"
L 01/12/2020 - 18:51:01: "HuNt3r<82><STEAM_1:1:1071071391><TERRORIST>" killed "GAME OVER 6<86><STEAM_1:1:636467087><CT>" with "tracktrain"
L 01/12/2020 - 18:51:08: "ok<83><STEAM_0:0:19903402><CT>" killed "HuNt3r<82><STEAM_1:1:1071071391><TERRORIST>" with "m4a1"
L 01/12/2020 - 18:51:08: Team "CT" triggered "CTs_Win" (CT "3") (T "1")
L 01/12/2020 - 18:51:08: World triggered "Round_End"
L 01/12/2020 - 18:51:10: "GAME OVER 6<86><STEAM_1:1:636467087><CT>" joined team "TERRORIST"
L 01/12/2020 - 18:51:14: World triggered "Round_Start"
L 01/12/2020 - 18:51:51: "ok<83><STEAM_0:0:19903402><CT>" killed "GAME OVER 6<86><STEAM_1:1:636467087><TERRORIST>" with "m4a1"
L 01/12/2020 - 18:52:04: "ok<83><STEAM_0:0:19903402><CT>" killed "HuNt3r<82><STEAM_1:1:1071071391><TERRORIST>" with "m4a1"
L 01/12/2020 - 18:52:04: Team "CT" triggered "CTs_Win" (CT "4") (T "1")
L 01/12/2020 - 18:52:04: World triggered "Round_End"
L 01/12/2020 - 18:52:10: World triggered "Round_Start"
L 01/12/2020 - 18:52:34: "88888888888888<88><VALVE_ID_LAN><CT>" committed suicide with "worldspawn" (world)
L 01/12/2020 - 18:52:40: "88888888888888<88><VALVE_ID_LAN><CT>" disconnected
L 01/12/2020 - 18:52:40: [REUNION]: 88888888888888 (87.116.67.148) authorized as NoSteam47
L 01/12/2020 - 18:52:40: "88888888888888<89><VALVE_ID_LAN><>" connected, address "87.116.67.148:27005"
L 01/12/2020 - 18:52:43: "GAME OVER 6<86><STEAM_1:1:636467087><TERRORIST>" committed suicide with "worldspawn" (world)
L 01/12/2020 - 18:52:43: "88888888888888<89><VALVE_ID_LAN><>" entered the game
L 01/12/2020 - 18:52:46: "88888888888888<89><VALVE_ID_LAN><>" joined team "CT"
L 01/12/2020 - 18:52:51: "ok<83><STEAM_0:0:19903402><CT>" killed "HuNt3r<82><STEAM_1:1:1071071391><TERRORIST>" with "m4a1"
L 01/12/2020 - 18:52:51: Team "CT" triggered "CTs_Win" (CT "5") (T "1")
L 01/12/2020 - 18:52:51: World triggered "Round_End"
L 01/12/2020 - 18:52:57: World triggered "Round_Start"
L 01/12/2020 - 18:53:32: "HuNt3r<82><STEAM_1:1:1071071391><TERRORIST>" killed "ok<83><STEAM_0:0:19903402><CT>" with "scout"
L 01/12/2020 - 18:53:40: "GAME OVER 6<86><STEAM_1:1:636467087><TERRORIST>" killed "HuNt3r<82><STEAM_1:1:1071071391><TERRORIST>" with "tracktrain"
L 01/12/2020 - 18:53:43: "GAME OVER 6<86><STEAM_1:1:636467087><TERRORIST>" killed "88888888888888<89><VALVE_ID_LAN><CT>" with "tracktrain"
L 01/12/2020 - 18:53:43: Team "TERRORIST" triggered "Terrorists_Win" (CT "5") (T "2")
L 01/12/2020 - 18:53:43: World triggered "Round_End"
L 01/12/2020 - 18:53:43: "88888888888888<89><VALVE_ID_LAN><CT>" killed "GAME OVER 6<86><STEAM_1:1:636467087><TERRORIST>" with "tracktrain"
L 01/12/2020 - 18:53:49: World triggered "Round_Start"
L 01/12/2020 - 18:54:02: "88888888888888<89><VALVE_ID_LAN><CT>" disconnected
L 01/12/2020 - 18:54:06: "ok<83><STEAM_0:0:19903402><CT>" killed "GAME OVER 6<86><STEAM_1:1:636467087><TERRORIST>" with "mp5navy"
L 01/12/2020 - 18:54:22: "ok<83><STEAM_0:0:19903402><CT>" killed "HuNt3r<82><STEAM_1:1:1071071391><TERRORIST>" with "mp5navy"
L 01/12/2020 - 18:54:22: Team "CT" triggered "CTs_Win" (CT "6") (T "2")
L 01/12/2020 - 18:54:22: World triggered "Round_End"
L 01/12/2020 - 18:54:28: World triggered "Round_Start"
L 01/12/2020 - 18:55:01: "HuNt3r<82><STEAM_1:1:1071071391><TERRORIST>" killed "GAME OVER 6<86><STEAM_1:1:636467087><TERRORIST>" with "tracktrain"
L 01/12/2020 - 18:55:10: "HuNt3r<82><STEAM_1:1:1071071391><TERRORIST>" committed suicide with "tracktrain"
L 01/12/2020 - 18:55:10: Team "CT" triggered "CTs_Win" (CT "7") (T "2")
L 01/12/2020 - 18:55:10: World triggered "Round_End"
L 01/12/2020 - 18:55:16: World triggered "Round_Start"
L 01/12/2020 - 18:56:09: "ok<83><STEAM_0:0:19903402><CT>" committed suicide with "trigger_hurt" (world)
L 01/12/2020 - 18:56:09: Team "TERRORIST" triggered "Terrorists_Win" (CT "7") (T "3")
L 01/12/2020 - 18:56:09: World triggered "Round_End"
L 01/12/2020 - 18:56:15: World triggered "Round_Start"
L 01/12/2020 - 18:56:39: "ok<83><STEAM_0:0:19903402><CT>" killed "HuNt3r<82><STEAM_1:1:1071071391><TERRORIST>" with "m4a1"
L 01/12/2020 - 18:56:45: "HuNt3r<82><STEAM_1:1:1071071391><TERRORIST>" joined team "CT"
L 01/12/2020 - 18:57:12: [REUNION]: Senzo YT (41.248.35.87) authorized as RevEmu
L 01/12/2020 - 18:57:12: "Senzo YT<90><STEAM_1:1:543367074><>" connected, address "41.248.35.87:27005"
L 01/12/2020 - 18:57:19: [REUNION]: Senzo YT (41.248.35.87) authorized as RevEmu
L 01/12/2020 - 18:57:19: "Senzo YT<91><STEAM_1:1:543367074><>" connected, address "41.248.35.87:27005"
L 01/12/2020 - 18:57:28: "GAME OVER 6<86><STEAM_1:1:636467087><TERRORIST>" killed "ok<83><STEAM_0:0:19903402><CT>" with "tracktrain"
L 01/12/2020 - 18:57:28: Team "TERRORIST" triggered "Terrorists_Win" (CT "7") (T "4")
L 01/12/2020 - 18:57:28: World triggered "Round_End"
L 01/12/2020 - 18:57:29: "Senzo YT<91><STEAM_1:1:543367074><>" entered the game
L 01/12/2020 - 18:57:33: "ok<83><STEAM_0:0:19903402><CT>" joined team "TERRORIST"
L 01/12/2020 - 18:57:33: "<><><>" triggered "amx_chat" (text "[PTB] Transfered ok to TERRORIST")
L 01/12/2020 - 18:57:33: "Senzo YT<91><STEAM_1:1:543367074><>" joined team "CT"
L 01/12/2020 - 18:57:34: World triggered "Round_Start"
L 01/12/2020 - 18:57:58: "ok<83><STEAM_0:0:19903402><TERRORIST>" killed "HuNt3r<82><STEAM_1:1:1071071391><CT>" with "p90"
L 01/12/2020 - 18:57:59: "GAME OVER 6<86><STEAM_1:1:636467087><TERRORIST>" killed "Senzo YT<91><STEAM_1:1:543367074><CT>" with "p90"
L 01/12/2020 - 18:57:59: Team "TERRORIST" triggered "Terrorists_Win" (CT "7") (T "5")
L 01/12/2020 - 18:57:59: World triggered "Round_End"
L 01/12/2020 - 18:58:03: "GAME OVER 6<86><STEAM_1:1:636467087><TERRORIST>" joined team "CT"
L 01/12/2020 - 18:58:03: "<><><>" triggered "amx_chat" (text "[PTB] Transfered GAME OVER 6 to CT")
L 01/12/2020 - 18:58:05: World triggered "Round_Start"
L 01/12/2020 - 18:58:09: "GAME OVER 6<86><STEAM_1:1:636467087><CT>" committed suicide with "world"
L 01/12/2020 - 18:58:09: "GAME OVER 6<86><STEAM_1:1:636467087><CT>" joined team "TERRORIST"
L 01/12/2020 - 18:58:52: "ok<83><STEAM_0:0:19903402><TERRORIST>" killed "HuNt3r<82><STEAM_1:1:1071071391><CT>" with "ak47"
L 01/12/2020 - 18:58:58: "Senzo YT<91><STEAM_1:1:543367074><CT>" committed suicide with "worldspawn" (world)
L 01/12/2020 - 18:58:58: Team "TERRORIST" triggered "Terrorists_Win" (CT "7") (T "6")
L 01/12/2020 - 18:58:58: World triggered "Round_End"
L 01/12/2020 - 18:59:00: "Senzo YT<91><STEAM_1:1:543367074><CT>" disconnected
L 01/12/2020 - 18:59:00: [REUNION]: Senzo YT (41.248.35.87) authorized as RevEmu
L 01/12/2020 - 18:59:00: "Senzo YT<92><STEAM_1:1:543367074><>" connected, address "41.248.35.87:27005"
L 01/12/2020 - 18:59:04: World triggered "Round_Start"
L 01/12/2020 - 18:59:07: "Senzo YT<92><STEAM_1:1:543367074><>" entered the game
L 01/12/2020 - 18:59:11: "Senzo YT<92><STEAM_1:1:543367074><>" joined team "CT"
L 01/12/2020 - 18:59:31: "ok<83><STEAM_0:0:19903402><TERRORIST>" killed "Senzo YT<92><STEAM_1:1:543367074><CT>" with "ak47"
L 01/12/2020 - 18:59:33: "Senzo YT<92><STEAM_1:1:543367074><CT>" disconnected
L 01/12/2020 - 18:59:33: [REUNION]: Senzo YT (41.248.35.87) authorized as RevEmu
L 01/12/2020 - 18:59:33: "Senzo YT<93><STEAM_1:1:543367074><>" connected, address "41.248.35.87:27005"
L 01/12/2020 - 18:59:40: "ok<83><STEAM_0:0:19903402><TERRORIST>" killed "HuNt3r<82><STEAM_1:1:1071071391><CT>" with "ak47"
L 01/12/2020 - 18:59:40: Team "TERRORIST" triggered "Terrorists_Win" (CT "7") (T "7")
L 01/12/2020 - 18:59:40: World triggered "Round_End"
L 01/12/2020 - 18:59:41: "Senzo YT<93><STEAM_1:1:543367074><>" entered the game
L 01/12/2020 - 18:59:44: "Senzo YT<93><STEAM_1:1:543367074><>" joined team "CT"
L 01/12/2020 - 18:59:46: World triggered "Round_Start"
L 01/12/2020 - 18:59:54: Server cvar "amx_nextmap" = "crazycar_v2"
L 01/12/2020 - 19:00:06: "ok<83><STEAM_0:0:19903402><TERRORIST>" killed "Senzo YT<93><STEAM_1:1:543367074><CT>" with "ak47"
L 01/12/2020 - 19:00:08: "GAME OVER 6<86><STEAM_1:1:636467087><TERRORIST>" committed suicide with "tracktrain"
L 01/12/2020 - 19:00:16: "GAME OVER 6<86><STEAM_1:1:636467087><TERRORIST>" joined team "CT"
L 01/12/2020 - 19:00:26: "ok<83><STEAM_0:0:19903402><TERRORIST>" killed "HuNt3r<82><STEAM_1:1:1071071391><CT>" with "ak47"
L 01/12/2020 - 19:00:26: Team "TERRORIST" triggered "Terrorists_Win" (CT "7") (T "8")
L 01/12/2020 - 19:00:26: World triggered "Round_End"
L 01/12/2020 - 19:00:32: World triggered "Round_Start"
L 01/12/2020 - 19:00:32: Server cvar "sv_maxspeed" = "0.000000"
L 01/12/2020 - 19:00:32: Server cvar "mp_friendlyfire" = "1"
L 01/12/2020 - 19:00:37: "HuNt3r<82><STEAM_1:1:1071071391><CT>" killed "Senzo YT<93><STEAM_1:1:543367074><CT>" with "m3"
L 01/12/2020 - 19:00:38: Server cvar "sv_maxspeed" = "900.000000"
L 01/12/2020 - 19:00:38: Server cvar "mp_friendlyfire" = "0"
L 01/12/2020 - 19:00:38: [META] ini: Begin re-reading plugins list: /home/rented/public9/cstrike/addons/metamod/plugins.ini
L 01/12/2020 - 19:00:38: [META] ini: Read plugin config for: SafeNameAndChat
L 01/12/2020 - 19:00:38: [META] ini: Read plugin config for: AMX Mod X
L 01/12/2020 - 19:00:38: [META] ini: Read plugin config for: Reunion
L 01/12/2020 - 19:00:38: [META] ini: Read plugin config for: ReAuthCheck
L 01/12/2020 - 19:00:38: [META] ini: Read plugin config for: WHBlocker
L 01/12/2020 - 19:00:38: [META] ini: Read plugin config for: ReSemiclip
L 01/12/2020 - 19:00:38: [META] ini: Read plugin config for: Revoice
L 01/12/2020 - 19:00:38: [META] ini: Finished reading plugins list: /home/rented/public9/cstrike/addons/metamod/plugins.ini; Found 7 plugins
L 01/12/2020 - 19:00:38: [META] dll: Updating plugins...
L 01/12/2020 - 19:00:38: [META] WARNING: Cannot clear plugin 'SafeNameAndChat'; not marked as failed, empty, or open (status=valid)
L 01/12/2020 - 19:00:38: [META] dll: Unloaded plugin 'SafeNameAndChat' for reason 'file on disk is newer'
L 01/12/2020 - 19:00:38: [META] dll: Loaded plugin 'SafeNameAndChat': SafeNameAndChat v1.1 2017.02.01, WPMG.PRoSToC0der
L 01/12/2020 - 19:00:38: [META] WARNING: Cannot clear plugin 'WHBlocker'; not marked as failed, empty, or open (status=valid)
L 01/12/2020 - 19:00:38: [META] dll: Unloaded plugin 'WHBlocker' for reason 'file on disk is newer'
L 01/12/2020 - 19:00:38: [META] dll: Loaded plugin 'WHBlocker': WHBlocker v1.5.692 2017-04-13, s1lent
L 01/12/2020 - 19:00:38: [META] WARNING: Cannot clear plugin 'ReSemiclip'; not marked as failed, empty, or open (status=valid)
L 01/12/2020 - 19:00:38: [META] dll: Unloaded plugin 'ReSemiclip' for reason 'file on disk is newer'
L 01/12/2020 - 19:00:38: [META] dll: Loaded plugin 'ReSemiclip': ReSemiclip v2.3.9 13/02/17, s1lent & Adidasman
L 01/12/2020 - 19:00:38: [META] dll: Finished updating 14 plugins; kept 0, loaded 0, unloaded 0, reloaded 3, delayed 0
L 01/12/2020 - 19:00:38: "HuNt3r<82><STEAM_1:1:1071071391><CT>" disconnected
L 01/12/2020 - 19:00:38: "ok<83><STEAM_0:0:19903402><TERRORIST>" disconnected
L 01/12/2020 - 19:00:38: "Senzo YT<93><STEAM_1:1:543367074><CT>" disconnected
L 01/12/2020 - 19:00:38: "GAME OVER 6<86><STEAM_1:1:636467087><CT>" disconnected
L 01/12/2020 - 19:00:38: World triggered "Round_Draw" (CT "7") (T "8")
L 01/12/2020 - 19:00:38: World triggered "Round_End"
L 01/12/2020 - 19:00:38: Log file closed
