L 01/15/2020 - 20:52:33: Log file started (file "logs/L0115063.log") (game "cstrike") (version "48/1.1.2.7/Stdio/1621")
L 01/15/2020 - 20:52:33: Loading map "de_christmas"
L 01/15/2020 - 20:52:33: Server cvars start
L 01/15/2020 - 20:52:33: Server cvar "@BunnyHopper" = "3.x"
L 01/15/2020 - 20:52:33: Server cvar "@CRXGoSpec" = "1.1"
L 01/15/2020 - 20:52:33: Server cvar "@CRXRemoveImmunity" = "1.0"
L 01/15/2020 - 20:52:33: Server cvar "@D.I.C.E." = "1.1"
L 01/15/2020 - 20:52:33: Server cvar "@MOTDCommands" = "1.2"
L 01/15/2020 - 20:52:33: Server cvar "advanced_quake_sounds" = "5.0"
L 01/15/2020 - 20:52:33: Server cvar "AdvancedMute" = "1.0"
L 01/15/2020 - 20:52:33: Server cvar "aesp_version" = "1.3"
L 01/15/2020 - 20:52:33: Server cvar "allow_spectators" = "1.0"
L 01/15/2020 - 20:52:33: Server cvar "amx_client_languages" = "1"
L 01/15/2020 - 20:52:33: Server cvar "amx_language" = "en"
L 01/15/2020 - 20:52:33: Server cvar "amx_nextmap" = "de_christmas"
L 01/15/2020 - 20:52:33: Server cvar "amx_ptb_version" = "1.8b3"
L 01/15/2020 - 20:52:33: Server cvar "amx_timeleft" = "00:00"
L 01/15/2020 - 20:52:33: Server cvar "amxmodx_version" = "1.8.2"
L 01/15/2020 - 20:52:33: Server cvar "amxxbg_vip" = "1.0"
L 01/15/2020 - 20:52:33: Server cvar "asp_version" = "4.5.1"
L 01/15/2020 - 20:52:33: Server cvar "atac_version" = "3.0.1"
L 01/15/2020 - 20:52:33: Server cvar "badcamper_version" = "1.4 beta"
L 01/15/2020 - 20:52:33: Server cvar "blockmaker" = "4.01"
L 01/15/2020 - 20:52:33: Server cvar "c4 timer" = "1.1"
L 01/15/2020 - 20:52:33: Server cvar "coop" = "0"
L 01/15/2020 - 20:52:33: Server cvar "CRXAdminGroups" = "1.0"
L 01/15/2020 - 20:52:33: Server cvar "CRXCommandRestrictions" = "1.0"
L 01/15/2020 - 20:52:33: Server cvar "CRXFastKnife" = "1.0"
L 01/15/2020 - 20:52:33: Server cvar "CRXGametracker" = "2.0"
L 01/15/2020 - 20:52:33: Server cvar "CRXKnifeModels" = "2.5.7"
L 01/15/2020 - 20:52:33: Server cvar "CRXTeamAdvantage" = "1.0"
L 01/15/2020 - 20:52:33: Server cvar "CustomShop" = "4.2"
L 01/15/2020 - 20:52:33: Server cvar "deathmatch" = "1"
L 01/15/2020 - 20:52:33: Server cvar "decalfrequency" = "0"
L 01/15/2020 - 20:52:33: Server cvar "edgefriction" = "2"
L 01/15/2020 - 20:52:33: Server cvar "ers_version" = "2.3c"
L 01/15/2020 - 20:52:33: Server cvar "gagsystem_shoko" = "1.0"
L 01/15/2020 - 20:52:33: Server cvar "gal_mapcyclefile" = "mapcycle.txt"
L 01/15/2020 - 20:52:33: Server cvar "gal_version" = "v5.9.1-926"
L 01/15/2020 - 20:52:33: Server cvar "game_version" = "5.7.0.313-dev"
L 01/15/2020 - 20:52:33: Server cvar "humans_join_team" = "any"
L 01/15/2020 - 20:52:33: Server cvar "jtp10181" = "chute,gore"
L 01/15/2020 - 20:52:33: Server cvar "lawliet" = "ny_RainingSnow"
L 01/15/2020 - 20:52:33: Server cvar "LetitSnow" = "1.0"
L 01/15/2020 - 20:52:33: Server cvar "map_spawns" = "T(16) CT(16)"
L 01/15/2020 - 20:52:33: Server cvar "max_queries_sec" = "3"
L 01/15/2020 - 20:52:33: Server cvar "max_queries_sec_global" = "150"
L 01/15/2020 - 20:52:33: Server cvar "max_queries_window" = "60"
L 01/15/2020 - 20:52:33: Server cvar "mdbBans" = "4.8"
L 01/15/2020 - 20:52:33: Server cvar "metamod_version" = "1.21p37"
L 01/15/2020 - 20:52:33: Server cvar "mp_autokick" = "0"
L 01/15/2020 - 20:52:33: Server cvar "mp_autokick_timeout" = "-1"
L 01/15/2020 - 20:52:33: Server cvar "mp_autoteambalance" = "0"
L 01/15/2020 - 20:52:33: Server cvar "mp_buytime" = "0.25"
L 01/15/2020 - 20:52:33: Server cvar "mp_c4timer" = "35"
L 01/15/2020 - 20:52:33: Server cvar "mp_chattime" = "5.000000"
L 01/15/2020 - 20:52:33: Server cvar "mp_consistency" = "1"
L 01/15/2020 - 20:52:33: Server cvar "mp_fadetoblack" = "0"
L 01/15/2020 - 20:52:33: Server cvar "mp_flashlight" = "1"
L 01/15/2020 - 20:52:33: Server cvar "mp_footsteps" = "1"
L 01/15/2020 - 20:52:33: Server cvar "mp_forcecamera" = "0"
L 01/15/2020 - 20:52:33: Server cvar "mp_forcechasecam" = "0"
L 01/15/2020 - 20:52:33: Server cvar "mp_forcerespawn" = "0"
L 01/15/2020 - 20:52:33: Server cvar "mp_fraglimit" = "0"
L 01/15/2020 - 20:52:33: Server cvar "mp_fragsleft" = "0"
L 01/15/2020 - 20:52:33: Server cvar "mp_freeforall" = "0"
L 01/15/2020 - 20:52:33: Server cvar "mp_freezetime" = "1"
L 01/15/2020 - 20:52:33: Server cvar "mp_friendlyfire" = "0"
L 01/15/2020 - 20:52:33: Server cvar "mp_hostage_hurtable" = "1"
L 01/15/2020 - 20:52:33: Server cvar "mp_hostagepenalty" = "0"
L 01/15/2020 - 20:52:33: Server cvar "mp_item_staytime" = "300"
L 01/15/2020 - 20:52:33: Server cvar "mp_kickpercent" = "0.66"
L 01/15/2020 - 20:52:33: Server cvar "mp_legacy_bombtarget_touch" = "1"
L 01/15/2020 - 20:52:33: Server cvar "mp_limitteams" = "0"
L 01/15/2020 - 20:52:33: Server cvar "mp_logdetail" = "0"
L 01/15/2020 - 20:52:33: Server cvar "mp_logfile" = "1"
L 01/15/2020 - 20:52:33: Server cvar "mp_logmessages" = "1"
L 01/15/2020 - 20:52:33: Server cvar "mp_mapvoteratio" = "0.66"
L 01/15/2020 - 20:52:33: Server cvar "mp_maxmoney" = "999999"
L 01/15/2020 - 20:52:33: Server cvar "mp_maxrounds" = "0"
L 01/15/2020 - 20:52:33: Server cvar "mp_mirrordamage" = "0"
L 01/15/2020 - 20:52:33: Server cvar "mp_old_bomb_defused_sound" = "1"
L 01/15/2020 - 20:52:33: Server cvar "mp_playerid" = "0"
L 01/15/2020 - 20:52:33: Server cvar "mp_respawn_immunitytime" = "0"
L 01/15/2020 - 20:52:33: Server cvar "mp_round_infinite" = "0"
L 01/15/2020 - 20:52:33: Server cvar "mp_round_restart_delay" = "5"
L 01/15/2020 - 20:52:33: Server cvar "mp_roundover" = "0"
L 01/15/2020 - 20:52:33: Server cvar "mp_roundtime" = "2.3"
L 01/15/2020 - 20:52:33: Server cvar "mp_show_radioicon" = "1"
L 01/15/2020 - 20:52:33: Server cvar "mp_startmoney" = "850"
L 01/15/2020 - 20:52:33: Server cvar "mp_timeleft" = "00:00"
L 01/15/2020 - 20:52:33: Server cvar "mp_timelimit" = "20.000000"
L 01/15/2020 - 20:52:33: Server cvar "mp_tkpunish" = "0"
L 01/15/2020 - 20:52:33: Server cvar "mp_windifference" = "1"
L 01/15/2020 - 20:52:33: Server cvar "mp_winlimit" = "0"
L 01/15/2020 - 20:52:33: Server cvar "NoWeaponsOnGround" = "1.0"
L 01/15/2020 - 20:52:33: Server cvar "pausable" = "0"
L 01/15/2020 - 20:52:33: Server cvar "present_version" = "2.01"
L 01/15/2020 - 20:52:33: Server cvar "RandomHP" = "2.2"
L 01/15/2020 - 20:52:33: Server cvar "reauthcheck_version" = "0.1.6"
L 01/15/2020 - 20:52:33: Server cvar "reconnect_features" = "0.3.1"
L 01/15/2020 - 20:52:33: Server cvar "report_system_version" = "3.1"
L 01/15/2020 - 20:52:33: Server cvar "resemiclip_version" = "2.3.9"
L 01/15/2020 - 20:52:33: Server cvar "reu_version" = "0.1.0.130"
L 01/15/2020 - 20:52:33: Server cvar "revoice_version" = "0.1.0.30"
L 01/15/2020 - 20:52:33: Server cvar "RRWM" = "2.0"
L 01/15/2020 - 20:52:33: Server cvar "sanksounds_version" = "1.8.6"
L 01/15/2020 - 20:52:33: Server cvar "SimpleMenu" = "1.1"
L 01/15/2020 - 20:52:33: Server cvar "SNAC_Version" = "1.1"
L 01/15/2020 - 20:52:33: Server cvar "SpecList" = "1.2a"
L 01/15/2020 - 20:52:33: Server cvar "sr_version" = "1.6"
L 01/15/2020 - 20:52:33: Server cvar "statsx_shell_ver" = "2.0.0 (BETA)"
L 01/15/2020 - 20:52:33: Server cvar "StyleC4Timer" = "2.1"
L 01/15/2020 - 20:52:33: Server cvar "sv_accelerate" = "5"
L 01/15/2020 - 20:52:33: Server cvar "sv_aim" = "1"
L 01/15/2020 - 20:52:33: Server cvar "sv_airaccelerate" = "100"
L 01/15/2020 - 20:52:33: Server cvar "sv_allowupload" = "1"
L 01/15/2020 - 20:52:33: Server cvar "sv_alltalk" = "1"
L 01/15/2020 - 20:52:33: Server cvar "sv_bounce" = "1"
L 01/15/2020 - 20:52:33: Server cvar "sv_cheats" = "0"
L 01/15/2020 - 20:52:33: Server cvar "sv_clienttrace" = "1"
L 01/15/2020 - 20:52:33: Server cvar "sv_contact" = "feruchio599@gmail.com"
L 01/15/2020 - 20:52:33: Server cvar "sv_friction" = "4"
L 01/15/2020 - 20:52:33: Server cvar "sv_gravity" = "800"
L 01/15/2020 - 20:52:33: Server cvar "sv_logblocks" = "0"
L 01/15/2020 - 20:52:33: Server cvar "sv_maxrate" = "50000"
L 01/15/2020 - 20:52:33: Server cvar "sv_maxspeed" = "900.000000"
L 01/15/2020 - 20:52:33: Server cvar "sv_minrate" = "10000"
L 01/15/2020 - 20:52:33: Server cvar "sv_password" = ""
L 01/15/2020 - 20:52:33: Server cvar "sv_proxies" = "1"
L 01/15/2020 - 20:52:33: Server cvar "sv_restart" = "0"
L 01/15/2020 - 20:52:33: Server cvar "sv_restartround" = "0"
L 01/15/2020 - 20:52:33: Server cvar "sv_stepsize" = "18"
L 01/15/2020 - 20:52:33: Server cvar "sv_stopspeed" = "75"
L 01/15/2020 - 20:52:33: Server cvar "sv_uploadmax" = "0.5"
L 01/15/2020 - 20:52:33: Server cvar "sv_version" = "1.1.2.7/Stdio,48,1621"
L 01/15/2020 - 20:52:33: Server cvar "sv_voiceenable" = "1"
L 01/15/2020 - 20:52:33: Server cvar "sv_wateraccelerate" = "10"
L 01/15/2020 - 20:52:33: Server cvar "sv_waterfriction" = "1"
L 01/15/2020 - 20:52:33: Server cvar "Team_Semiclip_version" = "3.3.1"
L 01/15/2020 - 20:52:33: Server cvar "vehicle_real_killer" = "1.1"
L 01/15/2020 - 20:52:33: Server cvar "WalkGuard" = "1.3.2"
L 01/15/2020 - 20:52:33: Server cvar "we_grenades" = "Huehue"
L 01/15/2020 - 20:52:33: Server cvar "we_player_models" = "Huehue"
L 01/15/2020 - 20:52:33: Server cvar "whb_version" = "1.5.692"
L 01/15/2020 - 20:52:33: Server cvar "zp_jp_version" = "Extra Item Jetpack+Bazooka v3.2"
L 01/15/2020 - 20:52:33: Server cvars end
L 01/15/2020 - 20:52:36: Server cvar "sv_maxspeed" = "900"
L 01/15/2020 - 20:52:36: Server cvar "mp_autoteambalance" = "1"
L 01/15/2020 - 20:52:36: Server cvar "mp_timelimit" = "20"
L 01/15/2020 - 20:52:36: Server cvar "mp_autoteambalance" = "0"
L 01/15/2020 - 20:52:36: Server cvar "amx_nextmap" = "[not yet voted on]"
L 01/15/2020 - 20:52:37: Started map "de_christmas" (CRC "-1946001720")
L 01/15/2020 - 20:52:39: World triggered "Round_Start"
L 01/15/2020 - 20:52:40: [REUNION]: BAD BOY (178.169.239.222) authorized as RevEmu
L 01/15/2020 - 20:52:40: "BAD BOY<118><STEAM_1:1:175462098><>" connected, address "178.169.239.222:27005"
L 01/15/2020 - 20:52:41: "Redwenace<119><STEAM_0:1:459709824><>" connected, address "212.73.151.75:27005"
L 01/15/2020 - 20:52:44: "BAD BOY<118><STEAM_1:1:175462098><>" entered the game
L 01/15/2020 - 20:52:45: "Redwenace<119><STEAM_0:1:459709824><>" entered the game
L 01/15/2020 - 20:52:52: "BAD BOY<118><STEAM_1:1:175462098><>" joined team "TERRORIST"
L 01/15/2020 - 20:52:52: "BAD BOY<118><STEAM_1:1:175462098><TERRORIST>" triggered "Spawned_With_The_Bomb"
L 01/15/2020 - 20:52:54: "Redwenace<119><STEAM_0:1:459709824><>" joined team "CT"
L 01/15/2020 - 20:52:54: World triggered "Game_Commencing"
L 01/15/2020 - 20:52:54: World triggered "Game_Commencing" (CT "0") (T "0")
L 01/15/2020 - 20:52:54: World triggered "Round_End"
L 01/15/2020 - 20:52:56: [REUNION]: swatch + ` (185.200.215.193) authorized as RevEmu
L 01/15/2020 - 20:52:56: "swatch + `<120><STEAM_1:0:264257695><>" connected, address "185.200.215.193:27005"
L 01/15/2020 - 20:52:57: "BAD BOY<118><STEAM_1:1:175462098><TERRORIST>" triggered "Spawned_With_The_Bomb"
L 01/15/2020 - 20:52:58: World triggered "Round_Start"
L 01/15/2020 - 20:53:02: "swatch + `<120><STEAM_1:0:264257695><>" entered the game
L 01/15/2020 - 20:53:06: "swatch + `<120><STEAM_1:0:264257695><>" joined team "TERRORIST"
L 01/15/2020 - 20:53:14: "Redwenace<119><STEAM_0:1:459709824><>" STEAM USERID validated
L 01/15/2020 - 20:53:14: "swatch + `<120><STEAM_1:0:264257695><TERRORIST>" disconnected
L 01/15/2020 - 20:53:19: "BAD BOY<118><STEAM_1:1:175462098><TERRORIST>" killed "Redwenace<119><STEAM_0:1:459709824><CT>" with "deagle"
L 01/15/2020 - 20:53:19: Team "TERRORIST" triggered "Terrorists_Win" (CT "0") (T "1")
L 01/15/2020 - 20:53:19: World triggered "Round_End"
L 01/15/2020 - 20:53:23: [REUNION]: Fury/Mumya (93.155.222.106) authorized as RevEmu
L 01/15/2020 - 20:53:23: "Fury/Mumya<121><STEAM_1:1:81589675><>" connected, address "93.155.222.106:26769"
L 01/15/2020 - 20:53:24: "BAD BOY<118><STEAM_1:1:175462098><TERRORIST>" triggered "Spawned_With_The_Bomb"
L 01/15/2020 - 20:53:25: World triggered "Round_Start"
L 01/15/2020 - 20:53:30: "Fury/Mumya<121><STEAM_1:1:81589675><>" entered the game
L 01/15/2020 - 20:53:39: "Fury/Mumya<121><STEAM_1:1:81589675><>" joined team "CT"
L 01/15/2020 - 20:53:44: "BAD BOY<118><STEAM_1:1:175462098><TERRORIST>" killed "Fury/Mumya<121><STEAM_1:1:81589675><CT>" with "ak47"
L 01/15/2020 - 20:53:47: "BAD BOY<118><STEAM_1:1:175462098><TERRORIST>" killed "Redwenace<119><STEAM_0:1:459709824><CT>" with "knife"
L 01/15/2020 - 20:53:47: Team "TERRORIST" triggered "Terrorists_Win" (CT "0") (T "2")
L 01/15/2020 - 20:53:47: World triggered "Round_End"
L 01/15/2020 - 20:53:52: "BAD BOY<118><STEAM_1:1:175462098><TERRORIST>" triggered "Spawned_With_The_Bomb"
L 01/15/2020 - 20:53:53: World triggered "Round_Start"
L 01/15/2020 - 20:54:09: "BAD BOY<118><STEAM_1:1:175462098><TERRORIST>" killed "Fury/Mumya<121><STEAM_1:1:81589675><CT>" with "ak47"
L 01/15/2020 - 20:54:11: "BAD BOY<118><STEAM_1:1:175462098><TERRORIST>" killed "Redwenace<119><STEAM_0:1:459709824><CT>" with "ak47"
L 01/15/2020 - 20:54:11: Team "TERRORIST" triggered "Terrorists_Win" (CT "0") (T "3")
L 01/15/2020 - 20:54:11: World triggered "Round_End"
L 01/15/2020 - 20:54:16: "BAD BOY<118><STEAM_1:1:175462098><TERRORIST>" triggered "Spawned_With_The_Bomb"
L 01/15/2020 - 20:54:17: World triggered "Round_Start"
L 01/15/2020 - 20:54:52: "BAD BOY<118><STEAM_1:1:175462098><TERRORIST>" triggered "Planted_The_Bomb"
L 01/15/2020 - 20:55:00: "Fury/Mumya<121><STEAM_1:1:81589675><CT>" killed "BAD BOY<118><STEAM_1:1:175462098><TERRORIST>" with "g3sg1"
L 01/15/2020 - 20:55:03: "Fury/Mumya<121><STEAM_1:1:81589675><CT>" triggered "Begin_Bomb_Defuse_Without_Kit"
L 01/15/2020 - 20:55:13: "Fury/Mumya<121><STEAM_1:1:81589675><CT>" triggered "Defused_The_Bomb"
L 01/15/2020 - 20:55:13: Team "CT" triggered "Bomb_Defused" (CT "1") (T "3")
L 01/15/2020 - 20:55:13: World triggered "Round_End"
L 01/15/2020 - 20:55:18: "BAD BOY<118><STEAM_1:1:175462098><TERRORIST>" triggered "Spawned_With_The_Bomb"
L 01/15/2020 - 20:55:19: World triggered "Round_Start"
L 01/15/2020 - 20:55:44: "Fury/Mumya<121><STEAM_1:1:81589675><CT>" killed "BAD BOY<118><STEAM_1:1:175462098><TERRORIST>" with "g3sg1"
L 01/15/2020 - 20:55:44: Team "CT" triggered "CTs_Win" (CT "2") (T "3")
L 01/15/2020 - 20:55:44: World triggered "Round_End"
L 01/15/2020 - 20:55:49: "BAD BOY<118><STEAM_1:1:175462098><TERRORIST>" triggered "Spawned_With_The_Bomb"
L 01/15/2020 - 20:55:50: World triggered "Round_Start"
L 01/15/2020 - 20:56:13: "BAD BOY<118><STEAM_1:1:175462098><TERRORIST>" killed "Redwenace<119><STEAM_0:1:459709824><CT>" with "glock18"
L 01/15/2020 - 20:56:48: "BAD BOY<118><STEAM_1:1:175462098><TERRORIST>" triggered "Planted_The_Bomb"
L 01/15/2020 - 20:57:23: Team "TERRORIST" triggered "Target_Bombed" (CT "2") (T "4")
L 01/15/2020 - 20:57:23: World triggered "Round_End"
L 01/15/2020 - 20:57:24: "BAD BOY<118><STEAM_1:1:175462098><TERRORIST>" killed "Fury/Mumya<121><STEAM_1:1:81589675><CT>" with "ak47"
L 01/15/2020 - 20:57:28: "BAD BOY<118><STEAM_1:1:175462098><TERRORIST>" triggered "Spawned_With_The_Bomb"
L 01/15/2020 - 20:57:29: World triggered "Round_Start"
L 01/15/2020 - 20:57:50: "Redwenace<119><STEAM_0:1:459709824><CT>" killed "BAD BOY<118><STEAM_1:1:175462098><TERRORIST>" with "elite"
L 01/15/2020 - 20:57:50: Team "CT" triggered "CTs_Win" (CT "3") (T "4")
L 01/15/2020 - 20:57:50: World triggered "Round_End"
L 01/15/2020 - 20:57:53: "Redwenace<119><STEAM_0:1:459709824><CT>" committed suicide with "world"
L 01/15/2020 - 20:57:53: "Redwenace<119><STEAM_0:1:459709824><CT>" joined team "TERRORIST"
L 01/15/2020 - 20:57:55: "BAD BOY<118><STEAM_1:1:175462098><TERRORIST>" triggered "Spawned_With_The_Bomb"
L 01/15/2020 - 20:57:56: World triggered "Round_Start"
L 01/15/2020 - 20:58:27: "Fury/Mumya<121><STEAM_1:1:81589675><CT>" killed "Redwenace<119><STEAM_0:1:459709824><TERRORIST>" with "sg552"
L 01/15/2020 - 20:59:06: "BAD BOY<118><STEAM_1:1:175462098><TERRORIST>" committed suicide with "trigger_hurt" (world)
L 01/15/2020 - 20:59:06: Team "CT" triggered "CTs_Win" (CT "4") (T "4")
L 01/15/2020 - 20:59:06: World triggered "Round_End"
L 01/15/2020 - 20:59:11: "Redwenace<119><STEAM_0:1:459709824><TERRORIST>" triggered "Spawned_With_The_Bomb"
L 01/15/2020 - 20:59:12: World triggered "Round_Start"
L 01/15/2020 - 20:59:25: "BAD BOY<118><STEAM_1:1:175462098><TERRORIST>" killed "Fury/Mumya<121><STEAM_1:1:81589675><CT>" with "ak47"
L 01/15/2020 - 20:59:25: Team "TERRORIST" triggered "Terrorists_Win" (CT "4") (T "5")
L 01/15/2020 - 20:59:25: World triggered "Round_End"
L 01/15/2020 - 20:59:30: "BAD BOY<118><STEAM_1:1:175462098><TERRORIST>" triggered "Spawned_With_The_Bomb"
L 01/15/2020 - 20:59:31: World triggered "Round_Start"
L 01/15/2020 - 20:59:52: "Fury/Mumya<121><STEAM_1:1:81589675><CT>" killed "Redwenace<119><STEAM_0:1:459709824><TERRORIST>" with "aug"
L 01/15/2020 - 21:00:05: "BAD BOY<118><STEAM_1:1:175462098><TERRORIST>" killed "Fury/Mumya<121><STEAM_1:1:81589675><CT>" with "knife"
L 01/15/2020 - 21:00:05: Team "TERRORIST" triggered "Terrorists_Win" (CT "4") (T "6")
L 01/15/2020 - 21:00:05: World triggered "Round_End"
L 01/15/2020 - 21:00:10: "Redwenace<119><STEAM_0:1:459709824><TERRORIST>" triggered "Spawned_With_The_Bomb"
L 01/15/2020 - 21:00:11: World triggered "Round_Start"
L 01/15/2020 - 21:00:28: "Fury/Mumya<121><STEAM_1:1:81589675><CT>" killed "Redwenace<119><STEAM_0:1:459709824><TERRORIST>" with "aug"
L 01/15/2020 - 21:00:28: "Redwenace<119><STEAM_0:1:459709824><TERRORIST>" triggered "Dropped_The_Bomb"
L 01/15/2020 - 21:00:37: "Fury/Mumya<121><STEAM_1:1:81589675><CT>" killed "BAD BOY<118><STEAM_1:1:175462098><TERRORIST>" with "knife"
L 01/15/2020 - 21:00:37: Team "CT" triggered "CTs_Win" (CT "5") (T "6")
L 01/15/2020 - 21:00:37: World triggered "Round_End"
L 01/15/2020 - 21:00:42: "BAD BOY<118><STEAM_1:1:175462098><TERRORIST>" triggered "Spawned_With_The_Bomb"
L 01/15/2020 - 21:00:43: World triggered "Round_Start"
L 01/15/2020 - 21:00:55: "Fury/Mumya<121><STEAM_1:1:81589675><CT>" killed "BAD BOY<118><STEAM_1:1:175462098><TERRORIST>" with "aug"
L 01/15/2020 - 21:00:55: "BAD BOY<118><STEAM_1:1:175462098><TERRORIST>" triggered "Dropped_The_Bomb"
L 01/15/2020 - 21:01:13: "Redwenace<119><STEAM_0:1:459709824><TERRORIST>" triggered "Got_The_Bomb"
L 01/15/2020 - 21:01:43: "Redwenace<119><STEAM_0:1:459709824><TERRORIST>" committed suicide with "worldspawn" (world)
L 01/15/2020 - 21:01:43: Team "CT" triggered "CTs_Win" (CT "6") (T "6")
L 01/15/2020 - 21:01:43: World triggered "Round_End"
L 01/15/2020 - 21:01:48: "Redwenace<119><STEAM_0:1:459709824><TERRORIST>" triggered "Spawned_With_The_Bomb"
L 01/15/2020 - 21:01:49: World triggered "Round_Start"
L 01/15/2020 - 21:02:04: "Redwenace<119><STEAM_0:1:459709824><TERRORIST>" triggered "Dropped_The_Bomb"
L 01/15/2020 - 21:02:04: "BAD BOY<118><STEAM_1:1:175462098><TERRORIST>" triggered "Got_The_Bomb"
L 01/15/2020 - 21:02:10: "Fury/Mumya<121><STEAM_1:1:81589675><CT>" killed "BAD BOY<118><STEAM_1:1:175462098><TERRORIST>" with "aug"
L 01/15/2020 - 21:02:10: "BAD BOY<118><STEAM_1:1:175462098><TERRORIST>" triggered "Dropped_The_Bomb"
L 01/15/2020 - 21:02:17: "Fury/Mumya<121><STEAM_1:1:81589675><CT>" killed "Redwenace<119><STEAM_0:1:459709824><TERRORIST>" with "aug"
L 01/15/2020 - 21:02:17: Team "CT" triggered "CTs_Win" (CT "7") (T "6")
L 01/15/2020 - 21:02:17: World triggered "Round_End"
L 01/15/2020 - 21:02:22: "BAD BOY<118><STEAM_1:1:175462098><TERRORIST>" triggered "Spawned_With_The_Bomb"
L 01/15/2020 - 21:02:23: World triggered "Round_Start"
L 01/15/2020 - 21:02:35: "Fury/Mumya<121><STEAM_1:1:81589675><CT>" killed "Redwenace<119><STEAM_0:1:459709824><TERRORIST>" with "aug"
L 01/15/2020 - 21:02:38: "BAD BOY<118><STEAM_1:1:175462098><TERRORIST>" killed "Fury/Mumya<121><STEAM_1:1:81589675><CT>" with "ak47"
L 01/15/2020 - 21:02:38: Team "TERRORIST" triggered "Terrorists_Win" (CT "7") (T "7")
L 01/15/2020 - 21:02:38: World triggered "Round_End"
L 01/15/2020 - 21:02:43: "Redwenace<119><STEAM_0:1:459709824><TERRORIST>" triggered "Spawned_With_The_Bomb"
L 01/15/2020 - 21:02:44: World triggered "Round_Start"
L 01/15/2020 - 21:02:56: "Redwenace<119><STEAM_0:1:459709824><TERRORIST>" killed "Fury/Mumya<121><STEAM_1:1:81589675><CT>" with "ak47"
L 01/15/2020 - 21:02:56: Team "TERRORIST" triggered "Terrorists_Win" (CT "7") (T "8")
L 01/15/2020 - 21:02:56: World triggered "Round_End"
L 01/15/2020 - 21:03:01: "BAD BOY<118><STEAM_1:1:175462098><TERRORIST>" triggered "Spawned_With_The_Bomb"
L 01/15/2020 - 21:03:02: World triggered "Round_Start"
L 01/15/2020 - 21:03:25: "Redwenace<119><STEAM_0:1:459709824><TERRORIST>" killed "Fury/Mumya<121><STEAM_1:1:81589675><CT>" with "aug"
L 01/15/2020 - 21:03:25: Team "TERRORIST" triggered "Terrorists_Win" (CT "7") (T "9")
L 01/15/2020 - 21:03:25: World triggered "Round_End"
L 01/15/2020 - 21:03:30: "Redwenace<119><STEAM_0:1:459709824><TERRORIST>" triggered "Spawned_With_The_Bomb"
L 01/15/2020 - 21:03:31: World triggered "Round_Start"
L 01/15/2020 - 21:03:43: "Redwenace<119><STEAM_0:1:459709824><TERRORIST>" killed "Fury/Mumya<121><STEAM_1:1:81589675><CT>" with "aug"
L 01/15/2020 - 21:03:43: Team "TERRORIST" triggered "Terrorists_Win" (CT "7") (T "10")
L 01/15/2020 - 21:03:43: World triggered "Round_End"
L 01/15/2020 - 21:03:48: "BAD BOY<118><STEAM_1:1:175462098><TERRORIST>" triggered "Spawned_With_The_Bomb"
L 01/15/2020 - 21:03:49: World triggered "Round_Start"
L 01/15/2020 - 21:04:20: "Fury/Mumya<121><STEAM_1:1:81589675><CT>" killed "BAD BOY<118><STEAM_1:1:175462098><TERRORIST>" with "aug"
L 01/15/2020 - 21:04:20: "BAD BOY<118><STEAM_1:1:175462098><TERRORIST>" triggered "Dropped_The_Bomb"
L 01/15/2020 - 21:04:24: "Fury/Mumya<121><STEAM_1:1:81589675><CT>" killed "Redwenace<119><STEAM_0:1:459709824><TERRORIST>" with "aug"
L 01/15/2020 - 21:04:24: Team "CT" triggered "CTs_Win" (CT "8") (T "10")
L 01/15/2020 - 21:04:24: World triggered "Round_End"
L 01/15/2020 - 21:04:29: "Redwenace<119><STEAM_0:1:459709824><TERRORIST>" triggered "Spawned_With_The_Bomb"
L 01/15/2020 - 21:04:30: World triggered "Round_Start"
L 01/15/2020 - 21:05:39: "Redwenace<119><STEAM_0:1:459709824><TERRORIST>" triggered "Dropped_The_Bomb"
L 01/15/2020 - 21:05:48: "Fury/Mumya<121><STEAM_1:1:81589675><CT>" killed "Redwenace<119><STEAM_0:1:459709824><TERRORIST>" with "aug"
L 01/15/2020 - 21:05:55: "Fury/Mumya<121><STEAM_1:1:81589675><CT>" killed "BAD BOY<118><STEAM_1:1:175462098><TERRORIST>" with "aug"
L 01/15/2020 - 21:05:55: Team "CT" triggered "CTs_Win" (CT "9") (T "10")
L 01/15/2020 - 21:05:55: World triggered "Round_End"
L 01/15/2020 - 21:06:00: "BAD BOY<118><STEAM_1:1:175462098><TERRORIST>" triggered "Spawned_With_The_Bomb"
L 01/15/2020 - 21:06:01: World triggered "Round_Start"
L 01/15/2020 - 21:06:32: "Fury/Mumya<121><STEAM_1:1:81589675><CT>" killed "Redwenace<119><STEAM_0:1:459709824><TERRORIST>" with "usp"
L 01/15/2020 - 21:06:46: "BAD BOY<118><STEAM_1:1:175462098><TERRORIST>" killed "Fury/Mumya<121><STEAM_1:1:81589675><CT>" with "ak47"
L 01/15/2020 - 21:06:46: Team "TERRORIST" triggered "Terrorists_Win" (CT "9") (T "11")
L 01/15/2020 - 21:06:46: World triggered "Round_End"
L 01/15/2020 - 21:06:51: "Redwenace<119><STEAM_0:1:459709824><TERRORIST>" triggered "Spawned_With_The_Bomb"
L 01/15/2020 - 21:06:52: World triggered "Round_Start"
L 01/15/2020 - 21:07:11: Server cvar "amx_nextmap" = "4_houses"
L 01/15/2020 - 21:07:23: "BAD BOY<118><STEAM_1:1:175462098><TERRORIST>" killed "Fury/Mumya<121><STEAM_1:1:81589675><CT>" with "ak47"
L 01/15/2020 - 21:07:23: Team "TERRORIST" triggered "Terrorists_Win" (CT "9") (T "12")
L 01/15/2020 - 21:07:23: World triggered "Round_End"
L 01/15/2020 - 21:07:28: "BAD BOY<118><STEAM_1:1:175462098><TERRORIST>" triggered "Spawned_With_The_Bomb"
L 01/15/2020 - 21:07:29: World triggered "Round_Start"
L 01/15/2020 - 21:07:29: Server cvar "sv_maxspeed" = "0.000000"
L 01/15/2020 - 21:07:29: Server cvar "mp_friendlyfire" = "1"
L 01/15/2020 - 21:07:35: Server cvar "sv_maxspeed" = "900.000000"
L 01/15/2020 - 21:07:35: Server cvar "mp_friendlyfire" = "0"
L 01/15/2020 - 21:07:35: [META] ini: Begin re-reading plugins list: /home/rented/public9/cstrike/addons/metamod/plugins.ini
L 01/15/2020 - 21:07:35: [META] ini: Read plugin config for: SafeNameAndChat
L 01/15/2020 - 21:07:35: [META] ini: Read plugin config for: AMX Mod X
L 01/15/2020 - 21:07:35: [META] ini: Read plugin config for: Reunion
L 01/15/2020 - 21:07:35: [META] ini: Read plugin config for: ReAuthCheck
L 01/15/2020 - 21:07:35: [META] ini: Read plugin config for: WHBlocker
L 01/15/2020 - 21:07:35: [META] ini: Read plugin config for: ReSemiclip
L 01/15/2020 - 21:07:35: [META] ini: Read plugin config for: Revoice
L 01/15/2020 - 21:07:35: [META] ini: Finished reading plugins list: /home/rented/public9/cstrike/addons/metamod/plugins.ini; Found 7 plugins
L 01/15/2020 - 21:07:35: [META] dll: Updating plugins...
L 01/15/2020 - 21:07:35: [META] WARNING: Cannot clear plugin 'SafeNameAndChat'; not marked as failed, empty, or open (status=valid)
L 01/15/2020 - 21:07:35: [META] dll: Unloaded plugin 'SafeNameAndChat' for reason 'file on disk is newer'
L 01/15/2020 - 21:07:35: [META] dll: Loaded plugin 'SafeNameAndChat': SafeNameAndChat v1.1 2017.02.01, WPMG.PRoSToC0der
L 01/15/2020 - 21:07:35: [META] WARNING: Cannot clear plugin 'WHBlocker'; not marked as failed, empty, or open (status=valid)
L 01/15/2020 - 21:07:35: [META] dll: Unloaded plugin 'WHBlocker' for reason 'file on disk is newer'
L 01/15/2020 - 21:07:35: [META] dll: Loaded plugin 'WHBlocker': WHBlocker v1.5.692 2017-04-13, s1lent
L 01/15/2020 - 21:07:35: [META] WARNING: Cannot clear plugin 'ReSemiclip'; not marked as failed, empty, or open (status=valid)
L 01/15/2020 - 21:07:35: [META] dll: Unloaded plugin 'ReSemiclip' for reason 'file on disk is newer'
L 01/15/2020 - 21:07:35: [META] dll: Loaded plugin 'ReSemiclip': ReSemiclip v2.3.9 13/02/17, s1lent & Adidasman
L 01/15/2020 - 21:07:35: [META] dll: Finished updating 14 plugins; kept 0, loaded 0, unloaded 0, reloaded 3, delayed 0
L 01/15/2020 - 21:07:35: "Fury/Mumya<121><STEAM_1:1:81589675><CT>" disconnected
L 01/15/2020 - 21:07:35: "Redwenace<119><STEAM_0:1:459709824><TERRORIST>" disconnected
L 01/15/2020 - 21:07:35: "BAD BOY<118><STEAM_1:1:175462098><TERRORIST>" disconnected
L 01/15/2020 - 21:07:35: World triggered "Round_Draw" (CT "9") (T "12")
L 01/15/2020 - 21:07:35: World triggered "Round_End"
L 01/15/2020 - 21:07:35: Log file closed
