L 01/11/2020 - 16:30:41: Log file started (file "logs/L0111052.log") (game "cstrike") (version "48/1.1.2.7/Stdio/1621")
L 01/11/2020 - 16:30:41: Loading map "awp_snowfun2"
L 01/11/2020 - 16:30:41: Server cvars start
L 01/11/2020 - 16:30:41: Server cvar "@BunnyHopper" = "3.x"
L 01/11/2020 - 16:30:41: Server cvar "@CRXGoSpec" = "1.1"
L 01/11/2020 - 16:30:41: Server cvar "@CRXRemoveImmunity" = "1.0"
L 01/11/2020 - 16:30:41: Server cvar "@D.I.C.E." = "1.1"
L 01/11/2020 - 16:30:41: Server cvar "@MOTDCommands" = "1.2"
L 01/11/2020 - 16:30:41: Server cvar "advanced_quake_sounds" = "5.0"
L 01/11/2020 - 16:30:41: Server cvar "AdvancedMute" = "1.0"
L 01/11/2020 - 16:30:41: Server cvar "aesp_version" = "1.3"
L 01/11/2020 - 16:30:41: Server cvar "allow_spectators" = "1.0"
L 01/11/2020 - 16:30:41: Server cvar "amx_client_languages" = "1"
L 01/11/2020 - 16:30:41: Server cvar "amx_language" = "en"
L 01/11/2020 - 16:30:41: Server cvar "amx_nextmap" = "awp_snowfun2"
L 01/11/2020 - 16:30:41: Server cvar "amx_ptb_version" = "1.8b3"
L 01/11/2020 - 16:30:41: Server cvar "amx_timeleft" = "00:00"
L 01/11/2020 - 16:30:41: Server cvar "amxmodx_version" = "1.8.2"
L 01/11/2020 - 16:30:41: Server cvar "amxxbg_vip" = "1.0"
L 01/11/2020 - 16:30:41: Server cvar "asp_version" = "4.5.1"
L 01/11/2020 - 16:30:41: Server cvar "atac_version" = "3.0.1"
L 01/11/2020 - 16:30:41: Server cvar "badcamper_version" = "1.4 beta"
L 01/11/2020 - 16:30:41: Server cvar "blockmaker" = "4.01"
L 01/11/2020 - 16:30:41: Server cvar "c4 timer" = "1.1"
L 01/11/2020 - 16:30:41: Server cvar "coop" = "0"
L 01/11/2020 - 16:30:41: Server cvar "CRXAdminGroups" = "1.0"
L 01/11/2020 - 16:30:41: Server cvar "CRXCommandRestrictions" = "1.0"
L 01/11/2020 - 16:30:41: Server cvar "CRXFastKnife" = "1.0"
L 01/11/2020 - 16:30:41: Server cvar "CRXGametracker" = "2.0"
L 01/11/2020 - 16:30:41: Server cvar "CRXKnifeModels" = "2.5.7"
L 01/11/2020 - 16:30:41: Server cvar "CRXTeamAdvantage" = "1.0"
L 01/11/2020 - 16:30:41: Server cvar "CustomShop" = "4.2"
L 01/11/2020 - 16:30:41: Server cvar "deathmatch" = "1"
L 01/11/2020 - 16:30:41: Server cvar "decalfrequency" = "0"
L 01/11/2020 - 16:30:41: Server cvar "edgefriction" = "2"
L 01/11/2020 - 16:30:41: Server cvar "ers_version" = "2.3c"
L 01/11/2020 - 16:30:41: Server cvar "gagsystem_shoko" = "1.0"
L 01/11/2020 - 16:30:41: Server cvar "gal_mapcyclefile" = "mapcycle.txt"
L 01/11/2020 - 16:30:41: Server cvar "gal_version" = "v5.9.1-926"
L 01/11/2020 - 16:30:41: Server cvar "game_version" = "5.7.0.313-dev"
L 01/11/2020 - 16:30:41: Server cvar "humans_join_team" = "any"
L 01/11/2020 - 16:30:41: Server cvar "jtp10181" = "chute,gore"
L 01/11/2020 - 16:30:41: Server cvar "lawliet" = "ny_RainingSnow"
L 01/11/2020 - 16:30:41: Server cvar "LetitSnow" = "1.0"
L 01/11/2020 - 16:30:41: Server cvar "map_spawns" = "T(16) CT(16)"
L 01/11/2020 - 16:30:41: Server cvar "max_queries_sec" = "3"
L 01/11/2020 - 16:30:41: Server cvar "max_queries_sec_global" = "150"
L 01/11/2020 - 16:30:41: Server cvar "max_queries_window" = "60"
L 01/11/2020 - 16:30:41: Server cvar "mdbBans" = "4.8"
L 01/11/2020 - 16:30:41: Server cvar "metamod_version" = "1.21p37"
L 01/11/2020 - 16:30:41: Server cvar "mp_autokick" = "0"
L 01/11/2020 - 16:30:41: Server cvar "mp_autokick_timeout" = "-1"
L 01/11/2020 - 16:30:41: Server cvar "mp_autoteambalance" = "0"
L 01/11/2020 - 16:30:41: Server cvar "mp_buytime" = "0.25"
L 01/11/2020 - 16:30:41: Server cvar "mp_c4timer" = "35"
L 01/11/2020 - 16:30:41: Server cvar "mp_chattime" = "5.000000"
L 01/11/2020 - 16:30:41: Server cvar "mp_consistency" = "1"
L 01/11/2020 - 16:30:41: Server cvar "mp_fadetoblack" = "0"
L 01/11/2020 - 16:30:41: Server cvar "mp_flashlight" = "1"
L 01/11/2020 - 16:30:41: Server cvar "mp_footsteps" = "1"
L 01/11/2020 - 16:30:41: Server cvar "mp_forcecamera" = "0"
L 01/11/2020 - 16:30:41: Server cvar "mp_forcechasecam" = "0"
L 01/11/2020 - 16:30:41: Server cvar "mp_forcerespawn" = "0"
L 01/11/2020 - 16:30:41: Server cvar "mp_fraglimit" = "0"
L 01/11/2020 - 16:30:41: Server cvar "mp_fragsleft" = "0"
L 01/11/2020 - 16:30:41: Server cvar "mp_freeforall" = "0"
L 01/11/2020 - 16:30:41: Server cvar "mp_freezetime" = "1"
L 01/11/2020 - 16:30:41: Server cvar "mp_friendlyfire" = "0"
L 01/11/2020 - 16:30:41: Server cvar "mp_hostage_hurtable" = "1"
L 01/11/2020 - 16:30:41: Server cvar "mp_hostagepenalty" = "0"
L 01/11/2020 - 16:30:41: Server cvar "mp_item_staytime" = "300"
L 01/11/2020 - 16:30:41: Server cvar "mp_kickpercent" = "0.66"
L 01/11/2020 - 16:30:41: Server cvar "mp_legacy_bombtarget_touch" = "1"
L 01/11/2020 - 16:30:41: Server cvar "mp_limitteams" = "0"
L 01/11/2020 - 16:30:41: Server cvar "mp_logdetail" = "0"
L 01/11/2020 - 16:30:41: Server cvar "mp_logfile" = "1"
L 01/11/2020 - 16:30:41: Server cvar "mp_logmessages" = "1"
L 01/11/2020 - 16:30:41: Server cvar "mp_mapvoteratio" = "0.66"
L 01/11/2020 - 16:30:41: Server cvar "mp_maxmoney" = "999999"
L 01/11/2020 - 16:30:41: Server cvar "mp_maxrounds" = "0"
L 01/11/2020 - 16:30:41: Server cvar "mp_mirrordamage" = "0"
L 01/11/2020 - 16:30:41: Server cvar "mp_old_bomb_defused_sound" = "1"
L 01/11/2020 - 16:30:41: Server cvar "mp_playerid" = "0"
L 01/11/2020 - 16:30:41: Server cvar "mp_respawn_immunitytime" = "0"
L 01/11/2020 - 16:30:41: Server cvar "mp_round_infinite" = "0"
L 01/11/2020 - 16:30:41: Server cvar "mp_round_restart_delay" = "5"
L 01/11/2020 - 16:30:41: Server cvar "mp_roundover" = "0"
L 01/11/2020 - 16:30:41: Server cvar "mp_roundtime" = "2.3"
L 01/11/2020 - 16:30:41: Server cvar "mp_show_radioicon" = "1"
L 01/11/2020 - 16:30:41: Server cvar "mp_startmoney" = "850"
L 01/11/2020 - 16:30:41: Server cvar "mp_timeleft" = "00:00"
L 01/11/2020 - 16:30:41: Server cvar "mp_timelimit" = "20"
L 01/11/2020 - 16:30:41: Server cvar "mp_tkpunish" = "0"
L 01/11/2020 - 16:30:41: Server cvar "mp_windifference" = "1"
L 01/11/2020 - 16:30:41: Server cvar "mp_winlimit" = "0"
L 01/11/2020 - 16:30:41: Server cvar "NoWeaponsOnGround" = "1.0"
L 01/11/2020 - 16:30:41: Server cvar "pausable" = "0"
L 01/11/2020 - 16:30:41: Server cvar "present_version" = "2.01"
L 01/11/2020 - 16:30:41: Server cvar "RandomHP" = "2.2"
L 01/11/2020 - 16:30:41: Server cvar "reauthcheck_version" = "0.1.6"
L 01/11/2020 - 16:30:41: Server cvar "reconnect_features" = "0.3.1"
L 01/11/2020 - 16:30:41: Server cvar "report_system_version" = "3.1"
L 01/11/2020 - 16:30:41: Server cvar "resemiclip_version" = "2.3.9"
L 01/11/2020 - 16:30:41: Server cvar "reu_version" = "0.1.0.130"
L 01/11/2020 - 16:30:41: Server cvar "revoice_version" = "0.1.0.30"
L 01/11/2020 - 16:30:41: Server cvar "RRWM" = "2.0"
L 01/11/2020 - 16:30:41: Server cvar "sanksounds_version" = "1.8.6"
L 01/11/2020 - 16:30:41: Server cvar "SimpleMenu" = "1.1"
L 01/11/2020 - 16:30:41: Server cvar "SNAC_Version" = "1.1"
L 01/11/2020 - 16:30:41: Server cvar "SpecList" = "1.2a"
L 01/11/2020 - 16:30:41: Server cvar "sr_version" = "1.6"
L 01/11/2020 - 16:30:41: Server cvar "statsx_shell_ver" = "2.0.0 (BETA)"
L 01/11/2020 - 16:30:41: Server cvar "StyleC4Timer" = "2.1"
L 01/11/2020 - 16:30:41: Server cvar "sv_accelerate" = "5"
L 01/11/2020 - 16:30:41: Server cvar "sv_aim" = "1"
L 01/11/2020 - 16:30:41: Server cvar "sv_airaccelerate" = "100"
L 01/11/2020 - 16:30:41: Server cvar "sv_allowupload" = "1"
L 01/11/2020 - 16:30:41: Server cvar "sv_alltalk" = "1"
L 01/11/2020 - 16:30:41: Server cvar "sv_bounce" = "1"
L 01/11/2020 - 16:30:41: Server cvar "sv_cheats" = "0"
L 01/11/2020 - 16:30:41: Server cvar "sv_clienttrace" = "1"
L 01/11/2020 - 16:30:41: Server cvar "sv_contact" = "feruchio599@gmail.com"
L 01/11/2020 - 16:30:41: Server cvar "sv_friction" = "4"
L 01/11/2020 - 16:30:41: Server cvar "sv_gravity" = "800"
L 01/11/2020 - 16:30:41: Server cvar "sv_logblocks" = "0"
L 01/11/2020 - 16:30:41: Server cvar "sv_maxrate" = "50000"
L 01/11/2020 - 16:30:41: Server cvar "sv_maxspeed" = "900"
L 01/11/2020 - 16:30:41: Server cvar "sv_minrate" = "10000"
L 01/11/2020 - 16:30:41: Server cvar "sv_password" = ""
L 01/11/2020 - 16:30:41: Server cvar "sv_proxies" = "1"
L 01/11/2020 - 16:30:41: Server cvar "sv_restart" = "0"
L 01/11/2020 - 16:30:41: Server cvar "sv_restartround" = "0"
L 01/11/2020 - 16:30:41: Server cvar "sv_stepsize" = "18"
L 01/11/2020 - 16:30:41: Server cvar "sv_stopspeed" = "75"
L 01/11/2020 - 16:30:41: Server cvar "sv_uploadmax" = "0.5"
L 01/11/2020 - 16:30:41: Server cvar "sv_version" = "1.1.2.7/Stdio,48,1621"
L 01/11/2020 - 16:30:41: Server cvar "sv_voiceenable" = "1"
L 01/11/2020 - 16:30:41: Server cvar "sv_wateraccelerate" = "10"
L 01/11/2020 - 16:30:41: Server cvar "sv_waterfriction" = "1"
L 01/11/2020 - 16:30:41: Server cvar "Team_Semiclip_version" = "3.3.1"
L 01/11/2020 - 16:30:41: Server cvar "vehicle_real_killer" = "1.1"
L 01/11/2020 - 16:30:41: Server cvar "WalkGuard" = "1.3.2"
L 01/11/2020 - 16:30:41: Server cvar "we_grenades" = "Huehue"
L 01/11/2020 - 16:30:41: Server cvar "we_player_models" = "Huehue"
L 01/11/2020 - 16:30:41: Server cvar "whb_version" = "1.5.692"
L 01/11/2020 - 16:30:41: Server cvar "zp_jp_version" = "Extra Item Jetpack+Bazooka v3.2"
L 01/11/2020 - 16:30:41: Server cvars end
L 01/11/2020 - 16:30:43: Server cvar "mp_autoteambalance" = "1"
L 01/11/2020 - 16:30:44: Server cvar "mp_autoteambalance" = "0"
L 01/11/2020 - 16:30:44: Server cvar "amx_nextmap" = "[not yet voted on]"
L 01/11/2020 - 16:30:45: Started map "awp_snowfun2" (CRC "1799787328")
L 01/11/2020 - 16:30:47: World triggered "Round_Start"
L 01/11/2020 - 16:33:05: Team "CT" triggered "Target_Saved" (CT "1") (T "0")
L 01/11/2020 - 16:33:05: World triggered "Round_End"
L 01/11/2020 - 16:33:11: World triggered "Round_Start"
L 01/11/2020 - 16:34:44: Server cvar "amx_nextmap" = "chopper_attack"
L 01/11/2020 - 16:35:29: Team "CT" triggered "Target_Saved" (CT "2") (T "0")
L 01/11/2020 - 16:35:29: World triggered "Round_End"
L 01/11/2020 - 16:35:35: World triggered "Round_Start"
L 01/11/2020 - 16:37:53: Team "CT" triggered "Target_Saved" (CT "3") (T "0")
L 01/11/2020 - 16:37:53: World triggered "Round_End"
L 01/11/2020 - 16:37:59: World triggered "Round_Start"
L 01/11/2020 - 16:40:17: Team "CT" triggered "Target_Saved" (CT "4") (T "0")
L 01/11/2020 - 16:40:17: World triggered "Round_End"
L 01/11/2020 - 16:40:23: World triggered "Round_Start"
L 01/11/2020 - 16:42:41: Team "CT" triggered "Target_Saved" (CT "5") (T "0")
L 01/11/2020 - 16:42:41: World triggered "Round_End"
L 01/11/2020 - 16:42:47: World triggered "Round_Start"
L 01/11/2020 - 16:44:57: [REUNION]: HuNt3r (188.255.184.74) authorized as RevEmu
L 01/11/2020 - 16:44:57: "HuNt3r<28><STEAM_1:1:1071071391><>" connected, address "188.255.184.74:27005"
L 01/11/2020 - 16:45:05: Team "CT" triggered "Target_Saved" (CT "6") (T "0")
L 01/11/2020 - 16:45:05: World triggered "Round_End"
L 01/11/2020 - 16:45:06: "HuNt3r<28><STEAM_1:1:1071071391><>" entered the game
L 01/11/2020 - 16:45:11: World triggered "Round_Start"
L 01/11/2020 - 16:45:16: "HuNt3r<28><STEAM_1:1:1071071391><>" joined team "TERRORIST"
L 01/11/2020 - 16:45:17: "HuNt3r<28><STEAM_1:1:1071071391><TERRORIST>" triggered "Spawned_With_The_Bomb"
L 01/11/2020 - 16:45:38: "HuNt3r<28><STEAM_1:1:1071071391><TERRORIST>" triggered "Planted_The_Bomb"
L 01/11/2020 - 16:46:13: Team "TERRORIST" triggered "Target_Bombed" (CT "6") (T "0")
L 01/11/2020 - 16:46:13: World triggered "Round_End"
L 01/11/2020 - 16:46:18: "HuNt3r<28><STEAM_1:1:1071071391><TERRORIST>" triggered "Spawned_With_The_Bomb"
L 01/11/2020 - 16:46:19: World triggered "Round_Start"
L 01/11/2020 - 16:46:34: "HuNt3r<28><STEAM_1:1:1071071391><TERRORIST>" triggered "Planted_The_Bomb"
L 01/11/2020 - 16:47:09: Team "TERRORIST" triggered "Target_Bombed" (CT "6") (T "0")
L 01/11/2020 - 16:47:09: World triggered "Round_End"
L 01/11/2020 - 16:47:14: "HuNt3r<28><STEAM_1:1:1071071391><TERRORIST>" triggered "Spawned_With_The_Bomb"
L 01/11/2020 - 16:47:14: [REUNION]: *Mr.Bombastic* (46.217.159.63) authorized as RevEmu
L 01/11/2020 - 16:47:14: "*Mr.Bombastic*<29><STEAM_1:1:25228615><>" connected, address "46.217.159.63:27005"
L 01/11/2020 - 16:47:15: World triggered "Round_Start"
L 01/11/2020 - 16:47:20: "*Mr.Bombastic*<29><STEAM_1:1:25228615><>" entered the game
L 01/11/2020 - 16:47:25: "*Mr.Bombastic*<29><STEAM_1:1:25228615><>" joined team "CT"
L 01/11/2020 - 16:47:25: World triggered "Game_Commencing"
L 01/11/2020 - 16:47:25: World triggered "Game_Commencing" (CT "6") (T "0")
L 01/11/2020 - 16:47:25: World triggered "Round_End"
L 01/11/2020 - 16:47:28: "HuNt3r<28><STEAM_1:1:1071071391><TERRORIST>" triggered "Spawned_With_The_Bomb"
L 01/11/2020 - 16:47:29: World triggered "Round_Start"
L 01/11/2020 - 16:47:45: "HuNt3r<28><STEAM_1:1:1071071391><TERRORIST>" triggered "Planted_The_Bomb"
L 01/11/2020 - 16:47:52: "*Mr.Bombastic*<29><STEAM_1:1:25228615><CT>" killed "HuNt3r<28><STEAM_1:1:1071071391><TERRORIST>" with "deagle"
L 01/11/2020 - 16:47:58: "*Mr.Bombastic*<29><STEAM_1:1:25228615><CT>" triggered "Begin_Bomb_Defuse_Without_Kit"
L 01/11/2020 - 16:48:08: "*Mr.Bombastic*<29><STEAM_1:1:25228615><CT>" triggered "Defused_The_Bomb"
L 01/11/2020 - 16:48:08: Team "CT" triggered "Bomb_Defused" (CT "1") (T "0")
L 01/11/2020 - 16:48:08: World triggered "Round_End"
L 01/11/2020 - 16:48:13: "HuNt3r<28><STEAM_1:1:1071071391><TERRORIST>" triggered "Spawned_With_The_Bomb"
L 01/11/2020 - 16:48:14: World triggered "Round_Start"
L 01/11/2020 - 16:48:59: "*Mr.Bombastic*<29><STEAM_1:1:25228615><CT>" killed "HuNt3r<28><STEAM_1:1:1071071391><TERRORIST>" with "p228"
L 01/11/2020 - 16:48:59: Team "CT" triggered "CTs_Win" (CT "2") (T "0")
L 01/11/2020 - 16:48:59: World triggered "Round_End"
L 01/11/2020 - 16:49:04: "HuNt3r<28><STEAM_1:1:1071071391><TERRORIST>" triggered "Spawned_With_The_Bomb"
L 01/11/2020 - 16:49:05: World triggered "Round_Start"
L 01/11/2020 - 16:49:22: "HuNt3r<28><STEAM_1:1:1071071391><TERRORIST>" killed "*Mr.Bombastic*<29><STEAM_1:1:25228615><CT>" with "ak47"
L 01/11/2020 - 16:49:22: Team "TERRORIST" triggered "Terrorists_Win" (CT "2") (T "1")
L 01/11/2020 - 16:49:22: World triggered "Round_End"
L 01/11/2020 - 16:49:27: "HuNt3r<28><STEAM_1:1:1071071391><TERRORIST>" triggered "Spawned_With_The_Bomb"
L 01/11/2020 - 16:49:28: World triggered "Round_Start"
L 01/11/2020 - 16:49:47: "*Mr.Bombastic*<29><STEAM_1:1:25228615><CT>" killed "HuNt3r<28><STEAM_1:1:1071071391><TERRORIST>" with "m4a1"
L 01/11/2020 - 16:49:47: Team "CT" triggered "CTs_Win" (CT "3") (T "1")
L 01/11/2020 - 16:49:47: World triggered "Round_End"
L 01/11/2020 - 16:49:52: "HuNt3r<28><STEAM_1:1:1071071391><TERRORIST>" triggered "Spawned_With_The_Bomb"
L 01/11/2020 - 16:49:53: World triggered "Round_Start"
L 01/11/2020 - 16:50:03: "*Mr.Bombastic*<29><STEAM_1:1:25228615><CT>" killed "HuNt3r<28><STEAM_1:1:1071071391><TERRORIST>" with "m4a1"
L 01/11/2020 - 16:50:03: Team "CT" triggered "CTs_Win" (CT "4") (T "1")
L 01/11/2020 - 16:50:03: World triggered "Round_End"
L 01/11/2020 - 16:50:08: "HuNt3r<28><STEAM_1:1:1071071391><TERRORIST>" triggered "Spawned_With_The_Bomb"
L 01/11/2020 - 16:50:09: World triggered "Round_Start"
L 01/11/2020 - 16:50:23: "*Mr.Bombastic*<29><STEAM_1:1:25228615><CT>" killed "HuNt3r<28><STEAM_1:1:1071071391><TERRORIST>" with "m4a1"
L 01/11/2020 - 16:50:23: Team "CT" triggered "CTs_Win" (CT "5") (T "1")
L 01/11/2020 - 16:50:23: World triggered "Round_End"
L 01/11/2020 - 16:50:28: "HuNt3r<28><STEAM_1:1:1071071391><TERRORIST>" triggered "Spawned_With_The_Bomb"
L 01/11/2020 - 16:50:29: World triggered "Round_Start"
L 01/11/2020 - 16:50:34: "*Mr.Bombastic*<29><STEAM_1:1:25228615><CT>" killed "HuNt3r<28><STEAM_1:1:1071071391><TERRORIST>" with "m4a1"
L 01/11/2020 - 16:50:34: Team "CT" triggered "CTs_Win" (CT "6") (T "1")
L 01/11/2020 - 16:50:34: World triggered "Round_End"
L 01/11/2020 - 16:50:39: "HuNt3r<28><STEAM_1:1:1071071391><TERRORIST>" triggered "Spawned_With_The_Bomb"
L 01/11/2020 - 16:50:40: World triggered "Round_Start"
L 01/11/2020 - 16:50:46: "*Mr.Bombastic*<29><STEAM_1:1:25228615><CT>" killed "HuNt3r<28><STEAM_1:1:1071071391><TERRORIST>" with "m4a1"
L 01/11/2020 - 16:50:46: Team "CT" triggered "CTs_Win" (CT "7") (T "1")
L 01/11/2020 - 16:50:46: World triggered "Round_End"
L 01/11/2020 - 16:50:48: "*Mr.Bombastic*<29><STEAM_1:1:25228615><CT>" disconnected
L 01/11/2020 - 16:50:51: "HuNt3r<28><STEAM_1:1:1071071391><TERRORIST>" triggered "Spawned_With_The_Bomb"
L 01/11/2020 - 16:50:52: World triggered "Round_Start"
L 01/11/2020 - 16:52:46: "HuNt3r<28><STEAM_1:1:1071071391><TERRORIST>" committed suicide with "worldspawn" (world)
L 01/11/2020 - 16:52:46: World triggered "Round_Draw" (CT "7") (T "1")
L 01/11/2020 - 16:52:46: World triggered "Round_End"
L 01/11/2020 - 16:52:48: "HuNt3r<28><STEAM_1:1:1071071391><TERRORIST>" disconnected
L 01/11/2020 - 16:52:52: World triggered "Round_Start"
L 01/11/2020 - 16:55:10: Team "CT" triggered "Target_Saved" (CT "7") (T "1")
L 01/11/2020 - 16:55:10: World triggered "Round_End"
L 01/11/2020 - 16:55:16: World triggered "Round_Start"
L 01/11/2020 - 16:57:34: Team "CT" triggered "Target_Saved" (CT "7") (T "1")
L 01/11/2020 - 16:57:34: World triggered "Round_End"
L 01/11/2020 - 16:57:40: World triggered "Round_Start"
L 01/11/2020 - 16:59:58: Team "CT" triggered "Target_Saved" (CT "7") (T "1")
L 01/11/2020 - 16:59:58: World triggered "Round_End"
L 01/11/2020 - 17:00:04: World triggered "Round_Start"
L 01/11/2020 - 17:02:22: Team "CT" triggered "Target_Saved" (CT "7") (T "1")
L 01/11/2020 - 17:02:22: World triggered "Round_End"
L 01/11/2020 - 17:02:28: World triggered "Round_Start"
L 01/11/2020 - 17:04:46: Team "CT" triggered "Target_Saved" (CT "7") (T "1")
L 01/11/2020 - 17:04:46: World triggered "Round_End"
L 01/11/2020 - 17:04:52: World triggered "Round_Start"
L 01/11/2020 - 17:07:10: Team "CT" triggered "Target_Saved" (CT "7") (T "1")
L 01/11/2020 - 17:07:10: World triggered "Round_End"
L 01/11/2020 - 17:07:16: World triggered "Round_Start"
L 01/11/2020 - 17:07:28: Server cvar "mp_chattime" = "7.000000"
L 01/11/2020 - 17:07:28: Team "CT" scored "7" with "0" players
L 01/11/2020 - 17:07:28: Team "TERRORIST" scored "1" with "0" players
L 01/11/2020 - 17:07:33: Server cvar "mp_chattime" = "5.000000"
L 01/11/2020 - 17:07:33: [META] ini: Begin re-reading plugins list: /home/rented/public9/cstrike/addons/metamod/plugins.ini
L 01/11/2020 - 17:07:33: [META] ini: Read plugin config for: SafeNameAndChat
L 01/11/2020 - 17:07:33: [META] ini: Read plugin config for: AMX Mod X
L 01/11/2020 - 17:07:33: [META] ini: Read plugin config for: Reunion
L 01/11/2020 - 17:07:33: [META] ini: Read plugin config for: ReAuthCheck
L 01/11/2020 - 17:07:33: [META] ini: Read plugin config for: WHBlocker
L 01/11/2020 - 17:07:33: [META] ini: Read plugin config for: ReSemiclip
L 01/11/2020 - 17:07:33: [META] ini: Read plugin config for: Revoice
L 01/11/2020 - 17:07:33: [META] ini: Finished reading plugins list: /home/rented/public9/cstrike/addons/metamod/plugins.ini; Found 7 plugins
L 01/11/2020 - 17:07:33: [META] dll: Updating plugins...
L 01/11/2020 - 17:07:33: [META] WARNING: Cannot clear plugin 'SafeNameAndChat'; not marked as failed, empty, or open (status=valid)
L 01/11/2020 - 17:07:33: [META] dll: Unloaded plugin 'SafeNameAndChat' for reason 'file on disk is newer'
L 01/11/2020 - 17:07:33: [META] dll: Loaded plugin 'SafeNameAndChat': SafeNameAndChat v1.1 2017.02.01, WPMG.PRoSToC0der
L 01/11/2020 - 17:07:33: [META] WARNING: Cannot clear plugin 'WHBlocker'; not marked as failed, empty, or open (status=valid)
L 01/11/2020 - 17:07:33: [META] dll: Unloaded plugin 'WHBlocker' for reason 'file on disk is newer'
L 01/11/2020 - 17:07:33: [META] dll: Loaded plugin 'WHBlocker': WHBlocker v1.5.692 2017-04-13, s1lent
L 01/11/2020 - 17:07:33: [META] WARNING: Cannot clear plugin 'ReSemiclip'; not marked as failed, empty, or open (status=valid)
L 01/11/2020 - 17:07:33: [META] dll: Unloaded plugin 'ReSemiclip' for reason 'file on disk is newer'
L 01/11/2020 - 17:07:33: [META] dll: Loaded plugin 'ReSemiclip': ReSemiclip v2.3.9 13/02/17, s1lent & Adidasman
L 01/11/2020 - 17:07:33: [META] dll: Finished updating 14 plugins; kept 0, loaded 0, unloaded 0, reloaded 3, delayed 0
L 01/11/2020 - 17:07:33: Log file closed
