L 01/12/2020 - 16:42:16: Log file started (file "logs/L0112058.log") (game "cstrike") (version "48/1.1.2.7/Stdio/1621")
L 01/12/2020 - 16:42:16: Loading map "cart_attack"
L 01/12/2020 - 16:42:16: Server cvars start
L 01/12/2020 - 16:42:16: Server cvar "@BunnyHopper" = "3.x"
L 01/12/2020 - 16:42:16: Server cvar "@CRXGoSpec" = "1.1"
L 01/12/2020 - 16:42:16: Server cvar "@CRXRemoveImmunity" = "1.0"
L 01/12/2020 - 16:42:16: Server cvar "@D.I.C.E." = "1.1"
L 01/12/2020 - 16:42:16: Server cvar "@MOTDCommands" = "1.2"
L 01/12/2020 - 16:42:16: Server cvar "advanced_quake_sounds" = "5.0"
L 01/12/2020 - 16:42:16: Server cvar "AdvancedMute" = "1.0"
L 01/12/2020 - 16:42:16: Server cvar "aesp_version" = "1.3"
L 01/12/2020 - 16:42:16: Server cvar "allow_spectators" = "1.0"
L 01/12/2020 - 16:42:16: Server cvar "amx_client_languages" = "1"
L 01/12/2020 - 16:42:16: Server cvar "amx_language" = "en"
L 01/12/2020 - 16:42:16: Server cvar "amx_nextmap" = "cart_attack"
L 01/12/2020 - 16:42:16: Server cvar "amx_ptb_version" = "1.8b3"
L 01/12/2020 - 16:42:16: Server cvar "amx_timeleft" = "00:00"
L 01/12/2020 - 16:42:16: Server cvar "amxmodx_version" = "1.8.2"
L 01/12/2020 - 16:42:16: Server cvar "amxxbg_vip" = "1.0"
L 01/12/2020 - 16:42:16: Server cvar "asp_version" = "4.5.1"
L 01/12/2020 - 16:42:16: Server cvar "atac_version" = "3.0.1"
L 01/12/2020 - 16:42:16: Server cvar "badcamper_version" = "1.4 beta"
L 01/12/2020 - 16:42:16: Server cvar "blockmaker" = "4.01"
L 01/12/2020 - 16:42:16: Server cvar "c4 timer" = "1.1"
L 01/12/2020 - 16:42:16: Server cvar "coop" = "0"
L 01/12/2020 - 16:42:16: Server cvar "CRXAdminGroups" = "1.0"
L 01/12/2020 - 16:42:16: Server cvar "CRXCommandRestrictions" = "1.0"
L 01/12/2020 - 16:42:16: Server cvar "CRXFastKnife" = "1.0"
L 01/12/2020 - 16:42:16: Server cvar "CRXGametracker" = "2.0"
L 01/12/2020 - 16:42:16: Server cvar "CRXKnifeModels" = "2.5.7"
L 01/12/2020 - 16:42:16: Server cvar "CRXTeamAdvantage" = "1.0"
L 01/12/2020 - 16:42:16: Server cvar "CustomShop" = "4.2"
L 01/12/2020 - 16:42:16: Server cvar "deathmatch" = "1"
L 01/12/2020 - 16:42:16: Server cvar "decalfrequency" = "0"
L 01/12/2020 - 16:42:16: Server cvar "edgefriction" = "2"
L 01/12/2020 - 16:42:16: Server cvar "ers_version" = "2.3c"
L 01/12/2020 - 16:42:16: Server cvar "gagsystem_shoko" = "1.0"
L 01/12/2020 - 16:42:16: Server cvar "gal_mapcyclefile" = "mapcycle.txt"
L 01/12/2020 - 16:42:16: Server cvar "gal_version" = "v5.9.1-926"
L 01/12/2020 - 16:42:16: Server cvar "game_version" = "5.7.0.313-dev"
L 01/12/2020 - 16:42:16: Server cvar "humans_join_team" = "any"
L 01/12/2020 - 16:42:16: Server cvar "jtp10181" = "chute,gore"
L 01/12/2020 - 16:42:16: Server cvar "lawliet" = "ny_RainingSnow"
L 01/12/2020 - 16:42:16: Server cvar "LetitSnow" = "1.0"
L 01/12/2020 - 16:42:16: Server cvar "map_spawns" = "T(16) CT(16)"
L 01/12/2020 - 16:42:16: Server cvar "max_queries_sec" = "3"
L 01/12/2020 - 16:42:16: Server cvar "max_queries_sec_global" = "150"
L 01/12/2020 - 16:42:16: Server cvar "max_queries_window" = "60"
L 01/12/2020 - 16:42:16: Server cvar "mdbBans" = "4.8"
L 01/12/2020 - 16:42:16: Server cvar "metamod_version" = "1.21p37"
L 01/12/2020 - 16:42:16: Server cvar "mp_autokick" = "0"
L 01/12/2020 - 16:42:16: Server cvar "mp_autokick_timeout" = "-1"
L 01/12/2020 - 16:42:16: Server cvar "mp_autoteambalance" = "0"
L 01/12/2020 - 16:42:16: Server cvar "mp_buytime" = "0.25"
L 01/12/2020 - 16:42:16: Server cvar "mp_c4timer" = "35"
L 01/12/2020 - 16:42:16: Server cvar "mp_chattime" = "5.000000"
L 01/12/2020 - 16:42:16: Server cvar "mp_consistency" = "1"
L 01/12/2020 - 16:42:16: Server cvar "mp_fadetoblack" = "0"
L 01/12/2020 - 16:42:16: Server cvar "mp_flashlight" = "1"
L 01/12/2020 - 16:42:16: Server cvar "mp_footsteps" = "1"
L 01/12/2020 - 16:42:16: Server cvar "mp_forcecamera" = "0"
L 01/12/2020 - 16:42:16: Server cvar "mp_forcechasecam" = "0"
L 01/12/2020 - 16:42:16: Server cvar "mp_forcerespawn" = "0"
L 01/12/2020 - 16:42:16: Server cvar "mp_fraglimit" = "0"
L 01/12/2020 - 16:42:16: Server cvar "mp_fragsleft" = "0"
L 01/12/2020 - 16:42:16: Server cvar "mp_freeforall" = "0"
L 01/12/2020 - 16:42:16: Server cvar "mp_freezetime" = "1"
L 01/12/2020 - 16:42:16: Server cvar "mp_friendlyfire" = "0"
L 01/12/2020 - 16:42:16: Server cvar "mp_hostage_hurtable" = "1"
L 01/12/2020 - 16:42:16: Server cvar "mp_hostagepenalty" = "0"
L 01/12/2020 - 16:42:16: Server cvar "mp_item_staytime" = "300"
L 01/12/2020 - 16:42:16: Server cvar "mp_kickpercent" = "0.66"
L 01/12/2020 - 16:42:16: Server cvar "mp_legacy_bombtarget_touch" = "1"
L 01/12/2020 - 16:42:16: Server cvar "mp_limitteams" = "0"
L 01/12/2020 - 16:42:16: Server cvar "mp_logdetail" = "0"
L 01/12/2020 - 16:42:16: Server cvar "mp_logfile" = "1"
L 01/12/2020 - 16:42:16: Server cvar "mp_logmessages" = "1"
L 01/12/2020 - 16:42:16: Server cvar "mp_mapvoteratio" = "0.66"
L 01/12/2020 - 16:42:16: Server cvar "mp_maxmoney" = "999999"
L 01/12/2020 - 16:42:16: Server cvar "mp_maxrounds" = "0"
L 01/12/2020 - 16:42:16: Server cvar "mp_mirrordamage" = "0"
L 01/12/2020 - 16:42:16: Server cvar "mp_old_bomb_defused_sound" = "1"
L 01/12/2020 - 16:42:16: Server cvar "mp_playerid" = "0"
L 01/12/2020 - 16:42:16: Server cvar "mp_respawn_immunitytime" = "0"
L 01/12/2020 - 16:42:16: Server cvar "mp_round_infinite" = "0"
L 01/12/2020 - 16:42:16: Server cvar "mp_round_restart_delay" = "5"
L 01/12/2020 - 16:42:16: Server cvar "mp_roundover" = "0"
L 01/12/2020 - 16:42:16: Server cvar "mp_roundtime" = "2.3"
L 01/12/2020 - 16:42:16: Server cvar "mp_show_radioicon" = "1"
L 01/12/2020 - 16:42:16: Server cvar "mp_startmoney" = "850"
L 01/12/2020 - 16:42:16: Server cvar "mp_timeleft" = "00:00"
L 01/12/2020 - 16:42:16: Server cvar "mp_timelimit" = "20"
L 01/12/2020 - 16:42:16: Server cvar "mp_tkpunish" = "0"
L 01/12/2020 - 16:42:16: Server cvar "mp_windifference" = "1"
L 01/12/2020 - 16:42:16: Server cvar "mp_winlimit" = "0"
L 01/12/2020 - 16:42:16: Server cvar "NoWeaponsOnGround" = "1.0"
L 01/12/2020 - 16:42:16: Server cvar "pausable" = "0"
L 01/12/2020 - 16:42:16: Server cvar "present_version" = "2.01"
L 01/12/2020 - 16:42:16: Server cvar "RandomHP" = "2.2"
L 01/12/2020 - 16:42:16: Server cvar "reauthcheck_version" = "0.1.6"
L 01/12/2020 - 16:42:16: Server cvar "reconnect_features" = "0.3.1"
L 01/12/2020 - 16:42:16: Server cvar "report_system_version" = "3.1"
L 01/12/2020 - 16:42:16: Server cvar "resemiclip_version" = "2.3.9"
L 01/12/2020 - 16:42:16: Server cvar "reu_version" = "0.1.0.130"
L 01/12/2020 - 16:42:16: Server cvar "revoice_version" = "0.1.0.30"
L 01/12/2020 - 16:42:16: Server cvar "RRWM" = "2.0"
L 01/12/2020 - 16:42:16: Server cvar "sanksounds_version" = "1.8.6"
L 01/12/2020 - 16:42:16: Server cvar "SimpleMenu" = "1.1"
L 01/12/2020 - 16:42:16: Server cvar "SNAC_Version" = "1.1"
L 01/12/2020 - 16:42:16: Server cvar "SpecList" = "1.2a"
L 01/12/2020 - 16:42:16: Server cvar "sr_version" = "1.6"
L 01/12/2020 - 16:42:16: Server cvar "statsx_shell_ver" = "2.0.0 (BETA)"
L 01/12/2020 - 16:42:16: Server cvar "StyleC4Timer" = "2.1"
L 01/12/2020 - 16:42:16: Server cvar "sv_accelerate" = "5"
L 01/12/2020 - 16:42:16: Server cvar "sv_aim" = "1"
L 01/12/2020 - 16:42:16: Server cvar "sv_airaccelerate" = "100"
L 01/12/2020 - 16:42:16: Server cvar "sv_allowupload" = "1"
L 01/12/2020 - 16:42:16: Server cvar "sv_alltalk" = "1"
L 01/12/2020 - 16:42:16: Server cvar "sv_bounce" = "1"
L 01/12/2020 - 16:42:16: Server cvar "sv_cheats" = "0"
L 01/12/2020 - 16:42:16: Server cvar "sv_clienttrace" = "1"
L 01/12/2020 - 16:42:16: Server cvar "sv_contact" = "feruchio599@gmail.com"
L 01/12/2020 - 16:42:16: Server cvar "sv_friction" = "4"
L 01/12/2020 - 16:42:16: Server cvar "sv_gravity" = "800"
L 01/12/2020 - 16:42:16: Server cvar "sv_logblocks" = "0"
L 01/12/2020 - 16:42:16: Server cvar "sv_maxrate" = "50000"
L 01/12/2020 - 16:42:16: Server cvar "sv_maxspeed" = "900"
L 01/12/2020 - 16:42:16: Server cvar "sv_minrate" = "10000"
L 01/12/2020 - 16:42:16: Server cvar "sv_password" = ""
L 01/12/2020 - 16:42:16: Server cvar "sv_proxies" = "1"
L 01/12/2020 - 16:42:16: Server cvar "sv_restart" = "0"
L 01/12/2020 - 16:42:16: Server cvar "sv_restartround" = "0"
L 01/12/2020 - 16:42:16: Server cvar "sv_stepsize" = "18"
L 01/12/2020 - 16:42:16: Server cvar "sv_stopspeed" = "75"
L 01/12/2020 - 16:42:16: Server cvar "sv_uploadmax" = "0.5"
L 01/12/2020 - 16:42:16: Server cvar "sv_version" = "1.1.2.7/Stdio,48,1621"
L 01/12/2020 - 16:42:16: Server cvar "sv_voiceenable" = "1"
L 01/12/2020 - 16:42:16: Server cvar "sv_wateraccelerate" = "10"
L 01/12/2020 - 16:42:16: Server cvar "sv_waterfriction" = "1"
L 01/12/2020 - 16:42:16: Server cvar "Team_Semiclip_version" = "3.3.1"
L 01/12/2020 - 16:42:16: Server cvar "vehicle_real_killer" = "1.1"
L 01/12/2020 - 16:42:16: Server cvar "WalkGuard" = "1.3.2"
L 01/12/2020 - 16:42:16: Server cvar "we_grenades" = "Huehue"
L 01/12/2020 - 16:42:16: Server cvar "we_player_models" = "Huehue"
L 01/12/2020 - 16:42:16: Server cvar "whb_version" = "1.5.692"
L 01/12/2020 - 16:42:16: Server cvar "zp_jp_version" = "Extra Item Jetpack+Bazooka v3.2"
L 01/12/2020 - 16:42:16: Server cvars end
L 01/12/2020 - 16:42:19: Server cvar "mp_autoteambalance" = "1"
L 01/12/2020 - 16:42:19: Server cvar "mp_autoteambalance" = "0"
L 01/12/2020 - 16:42:19: Server cvar "amx_nextmap" = "[not yet voted on]"
L 01/12/2020 - 16:42:20: Started map "cart_attack" (CRC "-607986547")
L 01/12/2020 - 16:42:22: World triggered "Round_Start"
L 01/12/2020 - 16:44:18: [REUNION]: Zoras_ (213.198.224.1) authorized as RevEmu
L 01/12/2020 - 16:44:18: "Zoras_<49><STEAM_1:0:1144401391><>" connected, address "213.198.224.1:24807"
L 01/12/2020 - 16:44:22: [REUNION]: Zoras_ (213.198.224.1) authorized as RevEmu
L 01/12/2020 - 16:44:22: "Zoras_<50><STEAM_1:0:1144401391><>" connected, address "213.198.224.1:24807"
L 01/12/2020 - 16:44:26: "ROXELNATOR<51><STEAM_0:1:443567484><>" connected, address "46.40.14.72:27005"
L 01/12/2020 - 16:44:27: "ROXELNATOR<51><STEAM_0:1:443567484><>" STEAM USERID validated
L 01/12/2020 - 16:44:31: "ROXELNATOR<51><STEAM_0:1:443567484><>" entered the game
L 01/12/2020 - 16:44:36: [REUNION]: Zoras_ (213.198.224.1) authorized as RevEmu
L 01/12/2020 - 16:44:36: "Zoras_<52><STEAM_1:0:1144401391><>" connected, address "213.198.224.1:24807"
L 01/12/2020 - 16:44:38: "ROXELNATOR<51><STEAM_0:1:443567484><>" joined team "CT"
L 01/12/2020 - 16:44:40: "Zoras_<52><STEAM_1:0:1144401391><>" entered the game
L 01/12/2020 - 16:44:40: Team "CT" triggered "Target_Saved" (CT "0") (T "0")
L 01/12/2020 - 16:44:40: World triggered "Round_End"
L 01/12/2020 - 16:44:44: "Zoras_<52><STEAM_1:0:1144401391><>" joined team "CT"
L 01/12/2020 - 16:44:46: World triggered "Round_Start"
L 01/12/2020 - 16:45:39: [REUNION]: Punisher (81.24.242.96) authorized as RevEmu
L 01/12/2020 - 16:45:39: "Punisher<53><STEAM_1:1:1331625618><>" connected, address "81.24.242.96:27005"
L 01/12/2020 - 16:45:43: [REUNION]: Punisher (81.24.242.96) authorized as RevEmu
L 01/12/2020 - 16:45:43: "Punisher<54><STEAM_1:1:1331625618><>" connected, address "81.24.242.96:27005"
L 01/12/2020 - 16:45:56: "Punisher<54><STEAM_1:1:1331625618><>" entered the game
L 01/12/2020 - 16:45:59: "Punisher<54><STEAM_1:1:1331625618><>" joined team "CT"
L 01/12/2020 - 16:46:06: "Zoras_<52><STEAM_1:0:1144401391><CT>" committed suicide with "world"
L 01/12/2020 - 16:46:06: "Zoras_<52><STEAM_1:0:1144401391><CT>" joined team "TERRORIST"
L 01/12/2020 - 16:46:07: World triggered "Game_Commencing"
L 01/12/2020 - 16:46:07: World triggered "Game_Commencing" (CT "0") (T "0")
L 01/12/2020 - 16:46:07: World triggered "Round_End"
L 01/12/2020 - 16:46:10: "Zoras_<52><STEAM_1:0:1144401391><TERRORIST>" triggered "Spawned_With_The_Bomb"
L 01/12/2020 - 16:46:11: World triggered "Round_Start"
L 01/12/2020 - 16:46:14: "Punisher<54><STEAM_1:1:1331625618><CT>" committed suicide with "world"
L 01/12/2020 - 16:46:14: "Punisher<54><STEAM_1:1:1331625618><CT>" joined team "TERRORIST"
L 01/12/2020 - 16:46:49: "ROXELNATOR<51><STEAM_0:1:443567484><CT>" killed "Zoras_<52><STEAM_1:0:1144401391><TERRORIST>" with "usp"
L 01/12/2020 - 16:46:49: Team "CT" triggered "CTs_Win" (CT "1") (T "0")
L 01/12/2020 - 16:46:49: World triggered "Round_End"
L 01/12/2020 - 16:46:54: "Punisher<54><STEAM_1:1:1331625618><TERRORIST>" triggered "Spawned_With_The_Bomb"
L 01/12/2020 - 16:46:55: World triggered "Round_Start"
L 01/12/2020 - 16:47:33: "ROXELNATOR<51><STEAM_0:1:443567484><CT>" killed "Zoras_<52><STEAM_1:0:1144401391><TERRORIST>" with "usp"
L 01/12/2020 - 16:47:53: "ROXELNATOR<51><STEAM_0:1:443567484><CT>" killed "Punisher<54><STEAM_1:1:1331625618><TERRORIST>" with "ak47"
L 01/12/2020 - 16:47:53: Team "CT" triggered "CTs_Win" (CT "2") (T "0")
L 01/12/2020 - 16:47:53: World triggered "Round_End"
L 01/12/2020 - 16:47:58: "Zoras_<52><STEAM_1:0:1144401391><TERRORIST>" triggered "Spawned_With_The_Bomb"
L 01/12/2020 - 16:47:59: World triggered "Round_Start"
L 01/12/2020 - 16:48:30: [REUNION]: CR7 (130.185.211.206) authorized as NoSteam47
L 01/12/2020 - 16:48:30: "CR7<55><VALVE_ID_LAN><>" connected, address "130.185.211.206:27005"
L 01/12/2020 - 16:48:36: "ROXELNATOR<51><STEAM_0:1:443567484><CT>" killed "Zoras_<52><STEAM_1:0:1144401391><TERRORIST>" with "scout"
L 01/12/2020 - 16:48:38: "ROXELNATOR<51><STEAM_0:1:443567484><CT>" killed "Punisher<54><STEAM_1:1:1331625618><TERRORIST>" with "scout"
L 01/12/2020 - 16:48:38: Team "CT" triggered "CTs_Win" (CT "3") (T "0")
L 01/12/2020 - 16:48:38: World triggered "Round_End"
L 01/12/2020 - 16:48:43: "Punisher<54><STEAM_1:1:1331625618><TERRORIST>" triggered "Spawned_With_The_Bomb"
L 01/12/2020 - 16:48:44: World triggered "Round_Start"
L 01/12/2020 - 16:48:48: "CR7<55><VALVE_ID_LAN><>" entered the game
L 01/12/2020 - 16:48:54: "CR7<55><VALVE_ID_LAN><>" joined team "CT"
L 01/12/2020 - 16:49:22: "Zoras_<52><STEAM_1:0:1144401391><TERRORIST>" committed suicide with "tracktrain"
L 01/12/2020 - 16:49:25: "CR7<55><VALVE_ID_LAN><CT>" killed "Punisher<54><STEAM_1:1:1331625618><TERRORIST>" with "m4a1"
L 01/12/2020 - 16:49:25: Team "CT" triggered "CTs_Win" (CT "4") (T "0")
L 01/12/2020 - 16:49:25: World triggered "Round_End"
L 01/12/2020 - 16:49:29: "ROXELNATOR<51><STEAM_0:1:443567484><CT>" joined team "TERRORIST"
L 01/12/2020 - 16:49:29: "<><><>" triggered "amx_chat" (text "[PTB] Transfered ROXELNATOR to TERRORIST")
L 01/12/2020 - 16:49:30: "Punisher<54><STEAM_1:1:1331625618><TERRORIST>" triggered "Spawned_With_The_Bomb"
L 01/12/2020 - 16:49:31: World triggered "Round_Start"
L 01/12/2020 - 16:50:31: "Zoras_<52><STEAM_1:0:1144401391><TERRORIST>" committed suicide with "worldspawn" (world)
L 01/12/2020 - 16:50:46: [REUNION]: Peps! (46.40.14.72) authorized as RevEmu
L 01/12/2020 - 16:50:46: "Peps!<56><STEAM_1:1:1694558053><>" connected, address "46.40.14.72:62461"
L 01/12/2020 - 16:50:54: [REUNION]: Peps! (46.40.14.72) authorized as RevEmu
L 01/12/2020 - 16:50:54: "Peps!<57><STEAM_1:1:1694558053><>" connected, address "46.40.14.72:62461"
L 01/12/2020 - 16:50:54: "ROXELNATOR<51><STEAM_0:1:443567484><TERRORIST>" killed "CR7<55><VALVE_ID_LAN><CT>" with "aug"
L 01/12/2020 - 16:50:54: Team "TERRORIST" triggered "Terrorists_Win" (CT "4") (T "1")
L 01/12/2020 - 16:50:54: World triggered "Round_End"
L 01/12/2020 - 16:50:59: "Zoras_<52><STEAM_1:0:1144401391><TERRORIST>" triggered "Spawned_With_The_Bomb"
L 01/12/2020 - 16:51:00: World triggered "Round_Start"
L 01/12/2020 - 16:51:06: "Peps!<57><STEAM_1:1:1694558053><>" entered the game
L 01/12/2020 - 16:51:09: "Peps!<57><STEAM_1:1:1694558053><>" joined team "CT"
L 01/12/2020 - 16:51:34: "ROXELNATOR<51><STEAM_0:1:443567484><TERRORIST>" killed "Peps!<57><STEAM_1:1:1694558053><CT>" with "aug"
L 01/12/2020 - 16:51:47: "Zoras_<52><STEAM_1:0:1144401391><TERRORIST>" killed "CR7<55><VALVE_ID_LAN><CT>" with "ak47"
L 01/12/2020 - 16:51:47: Team "TERRORIST" triggered "Terrorists_Win" (CT "4") (T "2")
L 01/12/2020 - 16:51:47: World triggered "Round_End"
L 01/12/2020 - 16:51:51: "Zoras_<52><STEAM_1:0:1144401391><TERRORIST>" joined team "CT"
L 01/12/2020 - 16:51:51: "<><><>" triggered "amx_chat" (text "[PTB] Transfered Zoras_ to CT")
L 01/12/2020 - 16:51:52: "Punisher<54><STEAM_1:1:1331625618><TERRORIST>" triggered "Spawned_With_The_Bomb"
L 01/12/2020 - 16:51:52: "Peps!<57><STEAM_1:1:1694558053><CT>" changed name to "C!p!R!p! :)"
L 01/12/2020 - 16:51:53: World triggered "Round_Start"
L 01/12/2020 - 16:52:17: "CR7<55><VALVE_ID_LAN><CT>" killed "Punisher<54><STEAM_1:1:1331625618><TERRORIST>" with "m249"
L 01/12/2020 - 16:52:17: "Punisher<54><STEAM_1:1:1331625618><TERRORIST>" triggered "Dropped_The_Bomb"
L 01/12/2020 - 16:52:18: "C!p!R!p! :)<57><STEAM_1:1:1694558053><CT>" killed "ROXELNATOR<51><STEAM_0:1:443567484><TERRORIST>" with "m4a1"
L 01/12/2020 - 16:52:18: Team "CT" triggered "CTs_Win" (CT "5") (T "2")
L 01/12/2020 - 16:52:18: World triggered "Round_End"
L 01/12/2020 - 16:52:23: "ROXELNATOR<51><STEAM_0:1:443567484><TERRORIST>" triggered "Spawned_With_The_Bomb"
L 01/12/2020 - 16:52:24: World triggered "Round_Start"
L 01/12/2020 - 16:52:56: Server cvar "amx_nextmap" = "de_survivor"
L 01/12/2020 - 16:52:57: "C!p!R!p! :)<57><STEAM_1:1:1694558053><CT>" killed "ROXELNATOR<51><STEAM_0:1:443567484><TERRORIST>" with "m4a1"
L 01/12/2020 - 16:52:57: "ROXELNATOR<51><STEAM_0:1:443567484><TERRORIST>" triggered "Dropped_The_Bomb"
L 01/12/2020 - 16:53:01: "C!p!R!p! :)<57><STEAM_1:1:1694558053><CT>" killed "Punisher<54><STEAM_1:1:1331625618><TERRORIST>" with "m4a1"
L 01/12/2020 - 16:53:01: Team "CT" triggered "CTs_Win" (CT "6") (T "2")
L 01/12/2020 - 16:53:01: World triggered "Round_End"
L 01/12/2020 - 16:53:05: "CR7<55><VALVE_ID_LAN><CT>" disconnected
L 01/12/2020 - 16:53:06: "Punisher<54><STEAM_1:1:1331625618><TERRORIST>" triggered "Spawned_With_The_Bomb"
L 01/12/2020 - 16:53:07: World triggered "Round_Start"
L 01/12/2020 - 16:53:07: Server cvar "sv_maxspeed" = "0.000000"
L 01/12/2020 - 16:53:07: Server cvar "mp_friendlyfire" = "1"
L 01/12/2020 - 16:53:13: "Punisher<54><STEAM_1:1:1331625618><TERRORIST>" killed "ROXELNATOR<51><STEAM_0:1:443567484><TERRORIST>" with "grenade"
L 01/12/2020 - 16:53:14: Server cvar "sv_maxspeed" = "900.000000"
L 01/12/2020 - 16:53:14: Server cvar "mp_friendlyfire" = "0"
L 01/12/2020 - 16:53:14: [META] ini: Begin re-reading plugins list: /home/rented/public9/cstrike/addons/metamod/plugins.ini
L 01/12/2020 - 16:53:14: [META] ini: Read plugin config for: SafeNameAndChat
L 01/12/2020 - 16:53:14: [META] ini: Read plugin config for: AMX Mod X
L 01/12/2020 - 16:53:14: [META] ini: Read plugin config for: Reunion
L 01/12/2020 - 16:53:14: [META] ini: Read plugin config for: ReAuthCheck
L 01/12/2020 - 16:53:14: [META] ini: Read plugin config for: WHBlocker
L 01/12/2020 - 16:53:14: [META] ini: Read plugin config for: ReSemiclip
L 01/12/2020 - 16:53:14: [META] ini: Read plugin config for: Revoice
L 01/12/2020 - 16:53:14: [META] ini: Finished reading plugins list: /home/rented/public9/cstrike/addons/metamod/plugins.ini; Found 7 plugins
L 01/12/2020 - 16:53:14: [META] dll: Updating plugins...
L 01/12/2020 - 16:53:14: [META] WARNING: Cannot clear plugin 'SafeNameAndChat'; not marked as failed, empty, or open (status=valid)
L 01/12/2020 - 16:53:14: [META] dll: Unloaded plugin 'SafeNameAndChat' for reason 'file on disk is newer'
L 01/12/2020 - 16:53:14: [META] dll: Loaded plugin 'SafeNameAndChat': SafeNameAndChat v1.1 2017.02.01, WPMG.PRoSToC0der
L 01/12/2020 - 16:53:14: [META] WARNING: Cannot clear plugin 'WHBlocker'; not marked as failed, empty, or open (status=valid)
L 01/12/2020 - 16:53:14: [META] dll: Unloaded plugin 'WHBlocker' for reason 'file on disk is newer'
L 01/12/2020 - 16:53:14: [META] dll: Loaded plugin 'WHBlocker': WHBlocker v1.5.692 2017-04-13, s1lent
L 01/12/2020 - 16:53:14: [META] WARNING: Cannot clear plugin 'ReSemiclip'; not marked as failed, empty, or open (status=valid)
L 01/12/2020 - 16:53:14: [META] dll: Unloaded plugin 'ReSemiclip' for reason 'file on disk is newer'
L 01/12/2020 - 16:53:14: [META] dll: Loaded plugin 'ReSemiclip': ReSemiclip v2.3.9 13/02/17, s1lent & Adidasman
L 01/12/2020 - 16:53:14: [META] dll: Finished updating 14 plugins; kept 0, loaded 0, unloaded 0, reloaded 3, delayed 0
L 01/12/2020 - 16:53:14: "Zoras_<52><STEAM_1:0:1144401391><CT>" disconnected
L 01/12/2020 - 16:53:14: "ROXELNATOR<51><STEAM_0:1:443567484><TERRORIST>" disconnected
L 01/12/2020 - 16:53:14: "Punisher<54><STEAM_1:1:1331625618><TERRORIST>" disconnected
L 01/12/2020 - 16:53:14: "C!p!R!p! :)<57><STEAM_1:1:1694558053><CT>" disconnected
L 01/12/2020 - 16:53:14: World triggered "Round_Draw" (CT "6") (T "2")
L 01/12/2020 - 16:53:14: World triggered "Round_End"
L 01/12/2020 - 16:53:14: Log file closed
