L 01/12/2020 - 11:29:52: Log file started (file "logs/L0112035.log") (game "cstrike") (version "48/1.1.2.7/Stdio/1621")
L 01/12/2020 - 11:29:52: Loading map "cars_n_robots"
L 01/12/2020 - 11:29:52: Server cvars start
L 01/12/2020 - 11:29:52: Server cvar "@BunnyHopper" = "3.x"
L 01/12/2020 - 11:29:52: Server cvar "@CRXGoSpec" = "1.1"
L 01/12/2020 - 11:29:52: Server cvar "@CRXRemoveImmunity" = "1.0"
L 01/12/2020 - 11:29:52: Server cvar "@D.I.C.E." = "1.1"
L 01/12/2020 - 11:29:52: Server cvar "@MOTDCommands" = "1.2"
L 01/12/2020 - 11:29:52: Server cvar "advanced_quake_sounds" = "5.0"
L 01/12/2020 - 11:29:52: Server cvar "AdvancedMute" = "1.0"
L 01/12/2020 - 11:29:52: Server cvar "aesp_version" = "1.3"
L 01/12/2020 - 11:29:52: Server cvar "allow_spectators" = "1.0"
L 01/12/2020 - 11:29:52: Server cvar "amx_client_languages" = "1"
L 01/12/2020 - 11:29:52: Server cvar "amx_language" = "en"
L 01/12/2020 - 11:29:52: Server cvar "amx_nextmap" = "cars_n_robots"
L 01/12/2020 - 11:29:52: Server cvar "amx_ptb_version" = "1.8b3"
L 01/12/2020 - 11:29:52: Server cvar "amx_timeleft" = "11:23"
L 01/12/2020 - 11:29:52: Server cvar "amxmodx_version" = "1.8.2"
L 01/12/2020 - 11:29:52: Server cvar "amxxbg_vip" = "1.0"
L 01/12/2020 - 11:29:52: Server cvar "asp_version" = "4.5.1"
L 01/12/2020 - 11:29:52: Server cvar "atac_version" = "3.0.1"
L 01/12/2020 - 11:29:52: Server cvar "badcamper_version" = "1.4 beta"
L 01/12/2020 - 11:29:52: Server cvar "blockmaker" = "4.01"
L 01/12/2020 - 11:29:52: Server cvar "c4 timer" = "1.1"
L 01/12/2020 - 11:29:52: Server cvar "coop" = "0"
L 01/12/2020 - 11:29:52: Server cvar "CRXAdminGroups" = "1.0"
L 01/12/2020 - 11:29:52: Server cvar "CRXCommandRestrictions" = "1.0"
L 01/12/2020 - 11:29:52: Server cvar "CRXFastKnife" = "1.0"
L 01/12/2020 - 11:29:52: Server cvar "CRXGametracker" = "2.0"
L 01/12/2020 - 11:29:52: Server cvar "CRXKnifeModels" = "2.5.7"
L 01/12/2020 - 11:29:52: Server cvar "CRXTeamAdvantage" = "1.0"
L 01/12/2020 - 11:29:52: Server cvar "CustomShop" = "4.2"
L 01/12/2020 - 11:29:52: Server cvar "deathmatch" = "1"
L 01/12/2020 - 11:29:52: Server cvar "decalfrequency" = "0"
L 01/12/2020 - 11:29:52: Server cvar "edgefriction" = "2"
L 01/12/2020 - 11:29:52: Server cvar "ers_version" = "2.3c"
L 01/12/2020 - 11:29:52: Server cvar "gagsystem_shoko" = "1.0"
L 01/12/2020 - 11:29:52: Server cvar "gal_mapcyclefile" = "mapcycle.txt"
L 01/12/2020 - 11:29:52: Server cvar "gal_version" = "v5.9.1-926"
L 01/12/2020 - 11:29:52: Server cvar "game_version" = "5.7.0.313-dev"
L 01/12/2020 - 11:29:52: Server cvar "humans_join_team" = "any"
L 01/12/2020 - 11:29:52: Server cvar "jtp10181" = "chute,gore"
L 01/12/2020 - 11:29:52: Server cvar "lawliet" = "ny_RainingSnow"
L 01/12/2020 - 11:29:52: Server cvar "LetitSnow" = "1.0"
L 01/12/2020 - 11:29:52: Server cvar "map_spawns" = "T(16) CT(16)"
L 01/12/2020 - 11:29:52: Server cvar "max_queries_sec" = "3"
L 01/12/2020 - 11:29:52: Server cvar "max_queries_sec_global" = "150"
L 01/12/2020 - 11:29:52: Server cvar "max_queries_window" = "60"
L 01/12/2020 - 11:29:52: Server cvar "mdbBans" = "4.8"
L 01/12/2020 - 11:29:52: Server cvar "metamod_version" = "1.21p37"
L 01/12/2020 - 11:29:52: Server cvar "mp_autokick" = "0"
L 01/12/2020 - 11:29:52: Server cvar "mp_autokick_timeout" = "-1"
L 01/12/2020 - 11:29:52: Server cvar "mp_autoteambalance" = "0"
L 01/12/2020 - 11:29:52: Server cvar "mp_buytime" = "0.25"
L 01/12/2020 - 11:29:52: Server cvar "mp_c4timer" = "35"
L 01/12/2020 - 11:29:52: Server cvar "mp_chattime" = "10.000000"
L 01/12/2020 - 11:29:52: Server cvar "mp_consistency" = "1"
L 01/12/2020 - 11:29:52: Server cvar "mp_fadetoblack" = "0"
L 01/12/2020 - 11:29:52: Server cvar "mp_flashlight" = "1"
L 01/12/2020 - 11:29:52: Server cvar "mp_footsteps" = "1"
L 01/12/2020 - 11:29:52: Server cvar "mp_forcecamera" = "0"
L 01/12/2020 - 11:29:52: Server cvar "mp_forcechasecam" = "0"
L 01/12/2020 - 11:29:52: Server cvar "mp_forcerespawn" = "0"
L 01/12/2020 - 11:29:52: Server cvar "mp_fraglimit" = "0"
L 01/12/2020 - 11:29:52: Server cvar "mp_fragsleft" = "0"
L 01/12/2020 - 11:29:52: Server cvar "mp_freeforall" = "0"
L 01/12/2020 - 11:29:52: Server cvar "mp_freezetime" = "1"
L 01/12/2020 - 11:29:52: Server cvar "mp_friendlyfire" = "0"
L 01/12/2020 - 11:29:52: Server cvar "mp_hostage_hurtable" = "1"
L 01/12/2020 - 11:29:52: Server cvar "mp_hostagepenalty" = "0"
L 01/12/2020 - 11:29:52: Server cvar "mp_item_staytime" = "300"
L 01/12/2020 - 11:29:52: Server cvar "mp_kickpercent" = "0.66"
L 01/12/2020 - 11:29:52: Server cvar "mp_legacy_bombtarget_touch" = "1"
L 01/12/2020 - 11:29:52: Server cvar "mp_limitteams" = "0"
L 01/12/2020 - 11:29:52: Server cvar "mp_logdetail" = "0"
L 01/12/2020 - 11:29:52: Server cvar "mp_logfile" = "1"
L 01/12/2020 - 11:29:52: Server cvar "mp_logmessages" = "1"
L 01/12/2020 - 11:29:52: Server cvar "mp_mapvoteratio" = "0.66"
L 01/12/2020 - 11:29:52: Server cvar "mp_maxmoney" = "999999"
L 01/12/2020 - 11:29:52: Server cvar "mp_maxrounds" = "0"
L 01/12/2020 - 11:29:52: Server cvar "mp_mirrordamage" = "0"
L 01/12/2020 - 11:29:52: Server cvar "mp_old_bomb_defused_sound" = "1"
L 01/12/2020 - 11:29:52: Server cvar "mp_playerid" = "0"
L 01/12/2020 - 11:29:52: Server cvar "mp_respawn_immunitytime" = "0"
L 01/12/2020 - 11:29:52: Server cvar "mp_round_infinite" = "0"
L 01/12/2020 - 11:29:52: Server cvar "mp_round_restart_delay" = "5"
L 01/12/2020 - 11:29:52: Server cvar "mp_roundover" = "0"
L 01/12/2020 - 11:29:52: Server cvar "mp_roundtime" = "2.3"
L 01/12/2020 - 11:29:52: Server cvar "mp_show_radioicon" = "1"
L 01/12/2020 - 11:29:52: Server cvar "mp_startmoney" = "850"
L 01/12/2020 - 11:29:52: Server cvar "mp_timeleft" = "11:22"
L 01/12/2020 - 11:29:52: Server cvar "mp_timelimit" = "20"
L 01/12/2020 - 11:29:52: Server cvar "mp_tkpunish" = "0"
L 01/12/2020 - 11:29:52: Server cvar "mp_windifference" = "1"
L 01/12/2020 - 11:29:52: Server cvar "mp_winlimit" = "0"
L 01/12/2020 - 11:29:52: Server cvar "NoWeaponsOnGround" = "1.0"
L 01/12/2020 - 11:29:52: Server cvar "pausable" = "0"
L 01/12/2020 - 11:29:52: Server cvar "present_version" = "2.01"
L 01/12/2020 - 11:29:52: Server cvar "RandomHP" = "2.2"
L 01/12/2020 - 11:29:52: Server cvar "reauthcheck_version" = "0.1.6"
L 01/12/2020 - 11:29:52: Server cvar "reconnect_features" = "0.3.1"
L 01/12/2020 - 11:29:52: Server cvar "report_system_version" = "3.1"
L 01/12/2020 - 11:29:52: Server cvar "resemiclip_version" = "2.3.9"
L 01/12/2020 - 11:29:52: Server cvar "reu_version" = "0.1.0.130"
L 01/12/2020 - 11:29:52: Server cvar "revoice_version" = "0.1.0.30"
L 01/12/2020 - 11:29:52: Server cvar "RRWM" = "2.0"
L 01/12/2020 - 11:29:52: Server cvar "sanksounds_version" = "1.8.6"
L 01/12/2020 - 11:29:52: Server cvar "SimpleMenu" = "1.1"
L 01/12/2020 - 11:29:52: Server cvar "SNAC_Version" = "1.1"
L 01/12/2020 - 11:29:52: Server cvar "SpecList" = "1.2a"
L 01/12/2020 - 11:29:52: Server cvar "sr_version" = "1.6"
L 01/12/2020 - 11:29:52: Server cvar "statsx_shell_ver" = "2.0.0 (BETA)"
L 01/12/2020 - 11:29:52: Server cvar "StyleC4Timer" = "2.1"
L 01/12/2020 - 11:29:52: Server cvar "sv_accelerate" = "5"
L 01/12/2020 - 11:29:52: Server cvar "sv_aim" = "1"
L 01/12/2020 - 11:29:52: Server cvar "sv_airaccelerate" = "100"
L 01/12/2020 - 11:29:52: Server cvar "sv_allowupload" = "1"
L 01/12/2020 - 11:29:52: Server cvar "sv_alltalk" = "1"
L 01/12/2020 - 11:29:52: Server cvar "sv_bounce" = "1"
L 01/12/2020 - 11:29:52: Server cvar "sv_cheats" = "0"
L 01/12/2020 - 11:29:52: Server cvar "sv_clienttrace" = "1"
L 01/12/2020 - 11:29:52: Server cvar "sv_contact" = "feruchio599@gmail.com"
L 01/12/2020 - 11:29:52: Server cvar "sv_friction" = "4"
L 01/12/2020 - 11:29:52: Server cvar "sv_gravity" = "800"
L 01/12/2020 - 11:29:52: Server cvar "sv_logblocks" = "0"
L 01/12/2020 - 11:29:52: Server cvar "sv_maxrate" = "50000"
L 01/12/2020 - 11:29:52: Server cvar "sv_maxspeed" = "900.000000"
L 01/12/2020 - 11:29:52: Server cvar "sv_minrate" = "10000"
L 01/12/2020 - 11:29:52: Server cvar "sv_password" = ""
L 01/12/2020 - 11:29:52: Server cvar "sv_proxies" = "1"
L 01/12/2020 - 11:29:52: Server cvar "sv_restart" = "0"
L 01/12/2020 - 11:29:52: Server cvar "sv_restartround" = "0"
L 01/12/2020 - 11:29:52: Server cvar "sv_stepsize" = "18"
L 01/12/2020 - 11:29:52: Server cvar "sv_stopspeed" = "75"
L 01/12/2020 - 11:29:52: Server cvar "sv_uploadmax" = "0.5"
L 01/12/2020 - 11:29:52: Server cvar "sv_version" = "1.1.2.7/Stdio,48,1621"
L 01/12/2020 - 11:29:52: Server cvar "sv_voiceenable" = "1"
L 01/12/2020 - 11:29:52: Server cvar "sv_wateraccelerate" = "10"
L 01/12/2020 - 11:29:52: Server cvar "sv_waterfriction" = "1"
L 01/12/2020 - 11:29:52: Server cvar "Team_Semiclip_version" = "3.3.1"
L 01/12/2020 - 11:29:52: Server cvar "vehicle_real_killer" = "1.1"
L 01/12/2020 - 11:29:52: Server cvar "WalkGuard" = "1.3.2"
L 01/12/2020 - 11:29:52: Server cvar "we_grenades" = "Huehue"
L 01/12/2020 - 11:29:52: Server cvar "we_player_models" = "Huehue"
L 01/12/2020 - 11:29:52: Server cvar "whb_version" = "1.5.692"
L 01/12/2020 - 11:29:52: Server cvar "zp_jp_version" = "Extra Item Jetpack+Bazooka v3.2"
L 01/12/2020 - 11:29:52: Server cvars end
L 01/12/2020 - 11:29:55: Server cvar "sv_maxspeed" = "900"
L 01/12/2020 - 11:29:55: Server cvar "mp_autoteambalance" = "1"
L 01/12/2020 - 11:29:55: Server cvar "mp_autoteambalance" = "0"
L 01/12/2020 - 11:29:55: Server cvar "amx_nextmap" = "[not yet voted on]"
L 01/12/2020 - 11:29:56: Started map "cars_n_robots" (CRC "-1478812139")
L 01/12/2020 - 11:29:58: World triggered "Round_Start"
L 01/12/2020 - 11:29:59: [REUNION]: JoHn_SpLeNdOuR_^ (83.222.176.81) authorized as RevEmu
L 01/12/2020 - 11:29:59: "JoHn_SpLeNdOuR_^<66><STEAM_2:1:233969738><>" connected, address "83.222.176.81:26265"
L 01/12/2020 - 11:30:01: [REUNION]: The B3St (5.32.131.252) authorized as RevEmu
L 01/12/2020 - 11:30:01: "The B3St<67><STEAM_2:0:1319357539><>" connected, address "5.32.131.252:27005"
L 01/12/2020 - 11:30:01: "LaDa<64><STEAM_1:0:436762595><>" entered the game
L 01/12/2020 - 11:30:03: "JoHn_SpLeNdOuR_^<66><STEAM_2:1:233969738><>" entered the game
L 01/12/2020 - 11:30:04: "fun da king<55><STEAM_1:0:1655898477><>" entered the game
L 01/12/2020 - 11:30:07: "JoHn_SpLeNdOuR_^<66><STEAM_2:1:233969738><>" joined team "TERRORIST"
L 01/12/2020 - 11:30:07: "JoHn_SpLeNdOuR_^<66><STEAM_2:1:233969738><TERRORIST>" triggered "Spawned_With_The_Bomb"
L 01/12/2020 - 11:30:08: "The B3St<67><STEAM_2:0:1319357539><>" entered the game
L 01/12/2020 - 11:30:13: "LaDa<64><STEAM_1:0:436762595><>" joined team "CT"
L 01/12/2020 - 11:30:13: World triggered "Game_Commencing"
L 01/12/2020 - 11:30:13: World triggered "Game_Commencing" (CT "0") (T "0")
L 01/12/2020 - 11:30:13: World triggered "Round_End"
L 01/12/2020 - 11:30:16: "JoHn_SpLeNdOuR_^<66><STEAM_2:1:233969738><TERRORIST>" triggered "Spawned_With_The_Bomb"
L 01/12/2020 - 11:30:17: World triggered "Round_Start"
L 01/12/2020 - 11:30:18: "The B3St<67><STEAM_2:0:1319357539><>" joined team "CT"
L 01/12/2020 - 11:30:20: "fun da king<55><STEAM_1:0:1655898477><>" joined team "TERRORIST"
L 01/12/2020 - 11:30:47: "fun da king<55><STEAM_1:0:1655898477><TERRORIST>" killed "LaDa<64><STEAM_1:0:436762595><CT>" with "mp5navy"
L 01/12/2020 - 11:30:54: "fun da king<55><STEAM_1:0:1655898477><TERRORIST>" killed "The B3St<67><STEAM_2:0:1319357539><CT>" with "mp5navy"
L 01/12/2020 - 11:30:54: Team "TERRORIST" triggered "Terrorists_Win" (CT "0") (T "1")
L 01/12/2020 - 11:30:54: World triggered "Round_End"
L 01/12/2020 - 11:30:59: "JoHn_SpLeNdOuR_^<66><STEAM_2:1:233969738><TERRORIST>" triggered "Spawned_With_The_Bomb"
L 01/12/2020 - 11:31:00: World triggered "Round_Start"
L 01/12/2020 - 11:31:42: "LaDa<64><STEAM_1:0:436762595><CT>" killed "fun da king<55><STEAM_1:0:1655898477><TERRORIST>" with "mp5navy"
L 01/12/2020 - 11:31:55: "The B3St<67><STEAM_2:0:1319357539><CT>" killed "JoHn_SpLeNdOuR_^<66><STEAM_2:1:233969738><TERRORIST>" with "mp5navy"
L 01/12/2020 - 11:31:55: Team "CT" triggered "CTs_Win" (CT "1") (T "1")
L 01/12/2020 - 11:31:55: World triggered "Round_End"
L 01/12/2020 - 11:32:00: "fun da king<55><STEAM_1:0:1655898477><TERRORIST>" triggered "Spawned_With_The_Bomb"
L 01/12/2020 - 11:32:01: World triggered "Round_Start"
L 01/12/2020 - 11:32:38: "fun da king<55><STEAM_1:0:1655898477><TERRORIST>" killed "LaDa<64><STEAM_1:0:436762595><CT>" with "mp5navy"
L 01/12/2020 - 11:32:43: "fun da king<55><STEAM_1:0:1655898477><TERRORIST>" triggered "Planted_The_Bomb"
L 01/12/2020 - 11:32:46: "JoHn_SpLeNdOuR_^<66><STEAM_2:1:233969738><TERRORIST>" killed "The B3St<67><STEAM_2:0:1319357539><CT>" with "mp5navy"
L 01/12/2020 - 11:32:46: Team "TERRORIST" triggered "Terrorists_Win" (CT "1") (T "2")
L 01/12/2020 - 11:32:46: World triggered "Round_End"
L 01/12/2020 - 11:32:51: "JoHn_SpLeNdOuR_^<66><STEAM_2:1:233969738><TERRORIST>" joined team "CT"
L 01/12/2020 - 11:32:51: "<><><>" triggered "amx_chat" (text "[PTB] Transfered JoHn_SpLeNdOuR_^ to CT")
L 01/12/2020 - 11:32:51: "fun da king<55><STEAM_1:0:1655898477><TERRORIST>" triggered "Spawned_With_The_Bomb"
L 01/12/2020 - 11:32:52: World triggered "Round_Start"
L 01/12/2020 - 11:32:59: "fun da king<55><STEAM_1:0:1655898477><TERRORIST>" triggered "Dropped_The_Bomb"
L 01/12/2020 - 11:33:22: "LaDa<64><STEAM_1:0:436762595><CT>" killed "fun da king<55><STEAM_1:0:1655898477><TERRORIST>" with "tracktrain"
L 01/12/2020 - 11:33:22: Team "CT" triggered "CTs_Win" (CT "2") (T "2")
L 01/12/2020 - 11:33:22: World triggered "Round_End"
L 01/12/2020 - 11:33:27: "LaDa<64><STEAM_1:0:436762595><CT>" joined team "TERRORIST"
L 01/12/2020 - 11:33:27: "<><><>" triggered "amx_chat" (text "[PTB] Transfered LaDa to TERRORIST")
L 01/12/2020 - 11:33:27: "LaDa<64><STEAM_1:0:436762595><TERRORIST>" triggered "Spawned_With_The_Bomb"
L 01/12/2020 - 11:33:28: World triggered "Round_Start"
L 01/12/2020 - 11:34:08: "LaDa<64><STEAM_1:0:436762595><TERRORIST>" killed "JoHn_SpLeNdOuR_^<66><STEAM_2:1:233969738><CT>" with "usp"
L 01/12/2020 - 11:34:23: "fun da king<55><STEAM_1:0:1655898477><TERRORIST>" committed suicide with "world"
L 01/12/2020 - 11:34:23: "fun da king<55><STEAM_1:0:1655898477><TERRORIST>" joined team "SPECTATOR"
L 01/12/2020 - 11:34:33: "fun da king<55><STEAM_1:0:1655898477><SPECTATOR>" joined team "TERRORIST"
L 01/12/2020 - 11:34:39: "The B3St<67><STEAM_2:0:1319357539><CT>" committed suicide with "worldspawn" (world)
L 01/12/2020 - 11:34:39: Team "TERRORIST" triggered "Terrorists_Win" (CT "2") (T "3")
L 01/12/2020 - 11:34:39: World triggered "Round_End"
L 01/12/2020 - 11:34:44: "fun da king<55><STEAM_1:0:1655898477><TERRORIST>" triggered "Spawned_With_The_Bomb"
L 01/12/2020 - 11:34:45: World triggered "Round_Start"
L 01/12/2020 - 11:35:35: "fun da king<55><STEAM_1:0:1655898477><TERRORIST>" killed "JoHn_SpLeNdOuR_^<66><STEAM_2:1:233969738><CT>" with "mp5navy"
L 01/12/2020 - 11:35:38: "The B3St<67><STEAM_2:0:1319357539><CT>" killed "LaDa<64><STEAM_1:0:436762595><TERRORIST>" with "usp"
L 01/12/2020 - 11:35:42: "LaDa<64><STEAM_1:0:436762595><TERRORIST>" joined team "CT"
L 01/12/2020 - 11:36:23: "GaziRovKA<68><STEAM_0:1:67095482><>" connected, address "79.114.99.199:27005"
L 01/12/2020 - 11:36:23: "GaziRovKA<68><STEAM_0:1:67095482><>" STEAM USERID validated
L 01/12/2020 - 11:36:28: "The B3St<67><STEAM_2:0:1319357539><CT>" committed suicide with "worldspawn" (world)
L 01/12/2020 - 11:36:28: Team "TERRORIST" triggered "Terrorists_Win" (CT "2") (T "4")
L 01/12/2020 - 11:36:28: World triggered "Round_End"
L 01/12/2020 - 11:36:32: "The B3St<67><STEAM_2:0:1319357539><CT>" joined team "TERRORIST"
L 01/12/2020 - 11:36:32: "<><><>" triggered "amx_chat" (text "[PTB] Transfered The B3St to TERRORIST")
L 01/12/2020 - 11:36:33: "The B3St<67><STEAM_2:0:1319357539><TERRORIST>" triggered "Spawned_With_The_Bomb"
L 01/12/2020 - 11:36:34: World triggered "Round_Start"
L 01/12/2020 - 11:36:37: "GaziRovKA<69><STEAM_0:1:67095482><>" connected, address "79.114.99.199:27005"
L 01/12/2020 - 11:36:37: "GaziRovKA<69><STEAM_0:1:67095482><>" STEAM USERID validated
L 01/12/2020 - 11:36:45: "GaziRovKA<69><STEAM_0:1:67095482><>" entered the game
L 01/12/2020 - 11:36:48: "GaziRovKA<69><STEAM_0:1:67095482><>" joined team "CT"
L 01/12/2020 - 11:36:56: "fun da king<55><STEAM_1:0:1655898477><TERRORIST>" killed "JoHn_SpLeNdOuR_^<66><STEAM_2:1:233969738><CT>" with "mp5navy"
L 01/12/2020 - 11:37:07: "LaDa<64><STEAM_1:0:436762595><CT>" killed "The B3St<67><STEAM_2:0:1319357539><TERRORIST>" with "tracktrain"
L 01/12/2020 - 11:37:07: "The B3St<67><STEAM_2:0:1319357539><TERRORIST>" triggered "Dropped_The_Bomb"
L 01/12/2020 - 11:37:17: "GaziRovKA<69><STEAM_0:1:67095482><CT>" killed "fun da king<55><STEAM_1:0:1655898477><TERRORIST>" with "mp5navy"
L 01/12/2020 - 11:37:17: Team "CT" triggered "CTs_Win" (CT "3") (T "4")
L 01/12/2020 - 11:37:17: World triggered "Round_End"
L 01/12/2020 - 11:37:22: "fun da king<55><STEAM_1:0:1655898477><TERRORIST>" triggered "Spawned_With_The_Bomb"
L 01/12/2020 - 11:37:23: World triggered "Round_Start"
L 01/12/2020 - 11:37:51: Server cvar "amx_nextmap" = "cc_secret_base"
L 01/12/2020 - 11:37:57: "LaDa<64><STEAM_1:0:436762595><CT>" killed "The B3St<67><STEAM_2:0:1319357539><TERRORIST>" with "tmp"
L 01/12/2020 - 11:38:09: "JoHn_SpLeNdOuR_^<66><STEAM_2:1:233969738><CT>" killed "fun da king<55><STEAM_1:0:1655898477><TERRORIST>" with "m3"
L 01/12/2020 - 11:38:09: Team "CT" triggered "CTs_Win" (CT "4") (T "4")
L 01/12/2020 - 11:38:09: World triggered "Round_End"
L 01/12/2020 - 11:38:14: "JoHn_SpLeNdOuR_^<66><STEAM_2:1:233969738><CT>" joined team "TERRORIST"
L 01/12/2020 - 11:38:14: "<><><>" triggered "amx_chat" (text "[PTB] Transfered JoHn_SpLeNdOuR_^ to TERRORIST")
L 01/12/2020 - 11:38:14: "JoHn_SpLeNdOuR_^<66><STEAM_2:1:233969738><TERRORIST>" triggered "Spawned_With_The_Bomb"
L 01/12/2020 - 11:38:15: World triggered "Round_Start"
L 01/12/2020 - 11:38:15: Server cvar "sv_maxspeed" = "0.000000"
L 01/12/2020 - 11:38:15: Server cvar "mp_friendlyfire" = "1"
L 01/12/2020 - 11:38:18: "JoHn_SpLeNdOuR_^<66><STEAM_2:1:233969738><TERRORIST>" killed "fun da king<55><STEAM_1:0:1655898477><TERRORIST>" with "mac10"
L 01/12/2020 - 11:38:18: "LaDa<64><STEAM_1:0:436762595><CT>" killed "GaziRovKA<69><STEAM_0:1:67095482><CT>" with "m3"
L 01/12/2020 - 11:38:26: "JoHn_SpLeNdOuR_^<66><STEAM_2:1:233969738><TERRORIST>" killed "The B3St<67><STEAM_2:0:1319357539><TERRORIST>" with "mac10"
L 01/12/2020 - 11:38:27: Server cvar "sv_maxspeed" = "900.000000"
L 01/12/2020 - 11:38:27: Server cvar "mp_friendlyfire" = "0"
L 01/12/2020 - 11:38:27: [META] ini: Begin re-reading plugins list: /home/rented/public9/cstrike/addons/metamod/plugins.ini
L 01/12/2020 - 11:38:27: [META] ini: Read plugin config for: SafeNameAndChat
L 01/12/2020 - 11:38:27: [META] ini: Read plugin config for: AMX Mod X
L 01/12/2020 - 11:38:27: [META] ini: Read plugin config for: Reunion
L 01/12/2020 - 11:38:27: [META] ini: Read plugin config for: ReAuthCheck
L 01/12/2020 - 11:38:27: [META] ini: Read plugin config for: WHBlocker
L 01/12/2020 - 11:38:27: [META] ini: Read plugin config for: ReSemiclip
L 01/12/2020 - 11:38:27: [META] ini: Read plugin config for: Revoice
L 01/12/2020 - 11:38:27: [META] ini: Finished reading plugins list: /home/rented/public9/cstrike/addons/metamod/plugins.ini; Found 7 plugins
L 01/12/2020 - 11:38:27: [META] dll: Updating plugins...
L 01/12/2020 - 11:38:27: [META] WARNING: Cannot clear plugin 'SafeNameAndChat'; not marked as failed, empty, or open (status=valid)
L 01/12/2020 - 11:38:27: [META] dll: Unloaded plugin 'SafeNameAndChat' for reason 'file on disk is newer'
L 01/12/2020 - 11:38:27: [META] dll: Loaded plugin 'SafeNameAndChat': SafeNameAndChat v1.1 2017.02.01, WPMG.PRoSToC0der
L 01/12/2020 - 11:38:27: [META] WARNING: Cannot clear plugin 'WHBlocker'; not marked as failed, empty, or open (status=valid)
L 01/12/2020 - 11:38:27: [META] dll: Unloaded plugin 'WHBlocker' for reason 'file on disk is newer'
L 01/12/2020 - 11:38:27: [META] dll: Loaded plugin 'WHBlocker': WHBlocker v1.5.692 2017-04-13, s1lent
L 01/12/2020 - 11:38:27: [META] WARNING: Cannot clear plugin 'ReSemiclip'; not marked as failed, empty, or open (status=valid)
L 01/12/2020 - 11:38:27: [META] dll: Unloaded plugin 'ReSemiclip' for reason 'file on disk is newer'
L 01/12/2020 - 11:38:27: [META] dll: Loaded plugin 'ReSemiclip': ReSemiclip v2.3.9 13/02/17, s1lent & Adidasman
L 01/12/2020 - 11:38:27: [META] dll: Finished updating 14 plugins; kept 0, loaded 0, unloaded 0, reloaded 3, delayed 0
L 01/12/2020 - 11:38:27: "fun da king<55><STEAM_1:0:1655898477><TERRORIST>" disconnected
L 01/12/2020 - 11:38:27: "JoHn_SpLeNdOuR_^<66><STEAM_2:1:233969738><TERRORIST>" disconnected
L 01/12/2020 - 11:38:27: Team "CT" triggered "CTs_Win" (CT "5") (T "4")
L 01/12/2020 - 11:38:27: World triggered "Round_End"
L 01/12/2020 - 11:38:27: "The B3St<67><STEAM_2:0:1319357539><TERRORIST>" disconnected
L 01/12/2020 - 11:38:27: "LaDa<64><STEAM_1:0:436762595><CT>" disconnected
L 01/12/2020 - 11:38:27: "GaziRovKA<69><STEAM_0:1:67095482><CT>" disconnected
L 01/12/2020 - 11:38:27: Log file closed
