L 01/16/2020 - 20:09:22: Log file started (file "logs/L0116066.log") (game "cstrike") (version "48/1.1.2.7/Stdio/1621")
L 01/16/2020 - 20:09:22: Loading map "gijoe_cars"
L 01/16/2020 - 20:09:22: Server cvars start
L 01/16/2020 - 20:09:22: Server cvar "@BunnyHopper" = "3.x"
L 01/16/2020 - 20:09:22: Server cvar "@CRXGoSpec" = "1.1"
L 01/16/2020 - 20:09:22: Server cvar "@CRXRemoveImmunity" = "1.0"
L 01/16/2020 - 20:09:22: Server cvar "@D.I.C.E." = "1.1"
L 01/16/2020 - 20:09:22: Server cvar "@MOTDCommands" = "1.2"
L 01/16/2020 - 20:09:22: Server cvar "advanced_quake_sounds" = "5.0"
L 01/16/2020 - 20:09:22: Server cvar "AdvancedMute" = "1.0"
L 01/16/2020 - 20:09:22: Server cvar "aesp_version" = "1.3"
L 01/16/2020 - 20:09:22: Server cvar "allow_spectators" = "1.0"
L 01/16/2020 - 20:09:22: Server cvar "amx_client_languages" = "1"
L 01/16/2020 - 20:09:22: Server cvar "amx_language" = "en"
L 01/16/2020 - 20:09:22: Server cvar "amx_nextmap" = "gijoe_cars"
L 01/16/2020 - 20:09:22: Server cvar "amx_ptb_version" = "1.8b3"
L 01/16/2020 - 20:09:22: Server cvar "amx_timeleft" = "12:33"
L 01/16/2020 - 20:09:22: Server cvar "amxmodx_version" = "1.8.2"
L 01/16/2020 - 20:09:22: Server cvar "amxxbg_vip" = "1.0"
L 01/16/2020 - 20:09:22: Server cvar "asp_version" = "4.5.1"
L 01/16/2020 - 20:09:22: Server cvar "atac_version" = "3.0.1"
L 01/16/2020 - 20:09:22: Server cvar "badcamper_version" = "1.4 beta"
L 01/16/2020 - 20:09:22: Server cvar "blockmaker" = "4.01"
L 01/16/2020 - 20:09:22: Server cvar "c4 timer" = "1.1"
L 01/16/2020 - 20:09:22: Server cvar "coop" = "0"
L 01/16/2020 - 20:09:22: Server cvar "CRXAdminGroups" = "1.0"
L 01/16/2020 - 20:09:22: Server cvar "CRXCommandRestrictions" = "1.0"
L 01/16/2020 - 20:09:22: Server cvar "CRXFastKnife" = "1.0"
L 01/16/2020 - 20:09:22: Server cvar "CRXGametracker" = "2.0"
L 01/16/2020 - 20:09:22: Server cvar "CRXKnifeModels" = "2.5.7"
L 01/16/2020 - 20:09:22: Server cvar "CRXTeamAdvantage" = "1.0"
L 01/16/2020 - 20:09:22: Server cvar "CustomShop" = "4.2"
L 01/16/2020 - 20:09:22: Server cvar "deathmatch" = "1"
L 01/16/2020 - 20:09:22: Server cvar "decalfrequency" = "0"
L 01/16/2020 - 20:09:22: Server cvar "edgefriction" = "2"
L 01/16/2020 - 20:09:22: Server cvar "ers_version" = "2.3c"
L 01/16/2020 - 20:09:22: Server cvar "gagsystem_shoko" = "1.0"
L 01/16/2020 - 20:09:22: Server cvar "gal_mapcyclefile" = "mapcycle.txt"
L 01/16/2020 - 20:09:22: Server cvar "gal_version" = "v5.9.1-926"
L 01/16/2020 - 20:09:22: Server cvar "game_version" = "5.7.0.313-dev"
L 01/16/2020 - 20:09:22: Server cvar "humans_join_team" = "any"
L 01/16/2020 - 20:09:22: Server cvar "jtp10181" = "chute,gore"
L 01/16/2020 - 20:09:22: Server cvar "lawliet" = "ny_RainingSnow"
L 01/16/2020 - 20:09:22: Server cvar "LetitSnow" = "1.0"
L 01/16/2020 - 20:09:22: Server cvar "map_spawns" = "T(16) CT(16)"
L 01/16/2020 - 20:09:22: Server cvar "max_queries_sec" = "3"
L 01/16/2020 - 20:09:22: Server cvar "max_queries_sec_global" = "150"
L 01/16/2020 - 20:09:22: Server cvar "max_queries_window" = "60"
L 01/16/2020 - 20:09:22: Server cvar "mdbBans" = "4.8"
L 01/16/2020 - 20:09:22: Server cvar "metamod_version" = "1.21p37"
L 01/16/2020 - 20:09:22: Server cvar "mp_autokick" = "0"
L 01/16/2020 - 20:09:22: Server cvar "mp_autokick_timeout" = "-1"
L 01/16/2020 - 20:09:22: Server cvar "mp_autoteambalance" = "0"
L 01/16/2020 - 20:09:22: Server cvar "mp_buytime" = "0.25"
L 01/16/2020 - 20:09:22: Server cvar "mp_c4timer" = "35"
L 01/16/2020 - 20:09:22: Server cvar "mp_chattime" = "5.000000"
L 01/16/2020 - 20:09:22: Server cvar "mp_consistency" = "1"
L 01/16/2020 - 20:09:22: Server cvar "mp_fadetoblack" = "0"
L 01/16/2020 - 20:09:22: Server cvar "mp_flashlight" = "1"
L 01/16/2020 - 20:09:22: Server cvar "mp_footsteps" = "1"
L 01/16/2020 - 20:09:22: Server cvar "mp_forcecamera" = "0"
L 01/16/2020 - 20:09:22: Server cvar "mp_forcechasecam" = "0"
L 01/16/2020 - 20:09:22: Server cvar "mp_forcerespawn" = "0"
L 01/16/2020 - 20:09:22: Server cvar "mp_fraglimit" = "0"
L 01/16/2020 - 20:09:22: Server cvar "mp_fragsleft" = "0"
L 01/16/2020 - 20:09:22: Server cvar "mp_freeforall" = "0"
L 01/16/2020 - 20:09:22: Server cvar "mp_freezetime" = "1"
L 01/16/2020 - 20:09:22: Server cvar "mp_friendlyfire" = "0"
L 01/16/2020 - 20:09:22: Server cvar "mp_hostage_hurtable" = "1"
L 01/16/2020 - 20:09:22: Server cvar "mp_hostagepenalty" = "0"
L 01/16/2020 - 20:09:22: Server cvar "mp_item_staytime" = "300"
L 01/16/2020 - 20:09:22: Server cvar "mp_kickpercent" = "0.66"
L 01/16/2020 - 20:09:22: Server cvar "mp_legacy_bombtarget_touch" = "1"
L 01/16/2020 - 20:09:22: Server cvar "mp_limitteams" = "0"
L 01/16/2020 - 20:09:22: Server cvar "mp_logdetail" = "0"
L 01/16/2020 - 20:09:22: Server cvar "mp_logfile" = "1"
L 01/16/2020 - 20:09:22: Server cvar "mp_logmessages" = "1"
L 01/16/2020 - 20:09:22: Server cvar "mp_mapvoteratio" = "0.66"
L 01/16/2020 - 20:09:22: Server cvar "mp_maxmoney" = "999999"
L 01/16/2020 - 20:09:22: Server cvar "mp_maxrounds" = "0"
L 01/16/2020 - 20:09:22: Server cvar "mp_mirrordamage" = "0"
L 01/16/2020 - 20:09:22: Server cvar "mp_old_bomb_defused_sound" = "1"
L 01/16/2020 - 20:09:22: Server cvar "mp_playerid" = "0"
L 01/16/2020 - 20:09:22: Server cvar "mp_respawn_immunitytime" = "0"
L 01/16/2020 - 20:09:22: Server cvar "mp_round_infinite" = "0"
L 01/16/2020 - 20:09:22: Server cvar "mp_round_restart_delay" = "5"
L 01/16/2020 - 20:09:22: Server cvar "mp_roundover" = "0"
L 01/16/2020 - 20:09:22: Server cvar "mp_roundtime" = "2.3"
L 01/16/2020 - 20:09:22: Server cvar "mp_show_radioicon" = "1"
L 01/16/2020 - 20:09:22: Server cvar "mp_startmoney" = "850"
L 01/16/2020 - 20:09:22: Server cvar "mp_timeleft" = "12:33"
L 01/16/2020 - 20:09:22: Server cvar "mp_timelimit" = "20"
L 01/16/2020 - 20:09:22: Server cvar "mp_tkpunish" = "0"
L 01/16/2020 - 20:09:22: Server cvar "mp_windifference" = "1"
L 01/16/2020 - 20:09:22: Server cvar "mp_winlimit" = "0"
L 01/16/2020 - 20:09:22: Server cvar "NoWeaponsOnGround" = "1.0"
L 01/16/2020 - 20:09:22: Server cvar "pausable" = "0"
L 01/16/2020 - 20:09:22: Server cvar "present_version" = "2.01"
L 01/16/2020 - 20:09:22: Server cvar "RandomHP" = "2.2"
L 01/16/2020 - 20:09:22: Server cvar "reauthcheck_version" = "0.1.6"
L 01/16/2020 - 20:09:22: Server cvar "reconnect_features" = "0.3.1"
L 01/16/2020 - 20:09:22: Server cvar "report_system_version" = "3.1"
L 01/16/2020 - 20:09:22: Server cvar "resemiclip_version" = "2.3.9"
L 01/16/2020 - 20:09:22: Server cvar "reu_version" = "0.1.0.130"
L 01/16/2020 - 20:09:22: Server cvar "revoice_version" = "0.1.0.30"
L 01/16/2020 - 20:09:22: Server cvar "RRWM" = "2.0"
L 01/16/2020 - 20:09:22: Server cvar "sanksounds_version" = "1.8.6"
L 01/16/2020 - 20:09:22: Server cvar "SimpleMenu" = "1.1"
L 01/16/2020 - 20:09:22: Server cvar "SNAC_Version" = "1.1"
L 01/16/2020 - 20:09:22: Server cvar "SpecList" = "1.2a"
L 01/16/2020 - 20:09:22: Server cvar "sr_version" = "1.6"
L 01/16/2020 - 20:09:22: Server cvar "statsx_shell_ver" = "2.0.0 (BETA)"
L 01/16/2020 - 20:09:22: Server cvar "StyleC4Timer" = "2.1"
L 01/16/2020 - 20:09:22: Server cvar "sv_accelerate" = "5"
L 01/16/2020 - 20:09:22: Server cvar "sv_aim" = "1"
L 01/16/2020 - 20:09:22: Server cvar "sv_airaccelerate" = "100"
L 01/16/2020 - 20:09:22: Server cvar "sv_allowupload" = "1"
L 01/16/2020 - 20:09:22: Server cvar "sv_alltalk" = "1"
L 01/16/2020 - 20:09:22: Server cvar "sv_bounce" = "1"
L 01/16/2020 - 20:09:22: Server cvar "sv_cheats" = "0"
L 01/16/2020 - 20:09:22: Server cvar "sv_clienttrace" = "1"
L 01/16/2020 - 20:09:22: Server cvar "sv_contact" = "feruchio599@gmail.com"
L 01/16/2020 - 20:09:22: Server cvar "sv_friction" = "4"
L 01/16/2020 - 20:09:22: Server cvar "sv_gravity" = "800"
L 01/16/2020 - 20:09:22: Server cvar "sv_logblocks" = "0"
L 01/16/2020 - 20:09:22: Server cvar "sv_maxrate" = "50000"
L 01/16/2020 - 20:09:22: Server cvar "sv_maxspeed" = "900.000000"
L 01/16/2020 - 20:09:22: Server cvar "sv_minrate" = "10000"
L 01/16/2020 - 20:09:22: Server cvar "sv_password" = ""
L 01/16/2020 - 20:09:22: Server cvar "sv_proxies" = "1"
L 01/16/2020 - 20:09:22: Server cvar "sv_restart" = "0"
L 01/16/2020 - 20:09:22: Server cvar "sv_restartround" = "0"
L 01/16/2020 - 20:09:22: Server cvar "sv_stepsize" = "18"
L 01/16/2020 - 20:09:22: Server cvar "sv_stopspeed" = "75"
L 01/16/2020 - 20:09:22: Server cvar "sv_uploadmax" = "0.5"
L 01/16/2020 - 20:09:22: Server cvar "sv_version" = "1.1.2.7/Stdio,48,1621"
L 01/16/2020 - 20:09:22: Server cvar "sv_voiceenable" = "1"
L 01/16/2020 - 20:09:22: Server cvar "sv_wateraccelerate" = "10"
L 01/16/2020 - 20:09:22: Server cvar "sv_waterfriction" = "1"
L 01/16/2020 - 20:09:22: Server cvar "Team_Semiclip_version" = "3.3.1"
L 01/16/2020 - 20:09:22: Server cvar "vehicle_real_killer" = "1.1"
L 01/16/2020 - 20:09:22: Server cvar "WalkGuard" = "1.3.2"
L 01/16/2020 - 20:09:22: Server cvar "we_grenades" = "Huehue"
L 01/16/2020 - 20:09:22: Server cvar "we_player_models" = "Huehue"
L 01/16/2020 - 20:09:22: Server cvar "whb_version" = "1.5.692"
L 01/16/2020 - 20:09:22: Server cvar "zp_jp_version" = "Extra Item Jetpack+Bazooka v3.2"
L 01/16/2020 - 20:09:22: Server cvars end
L 01/16/2020 - 20:09:25: Server cvar "sv_maxspeed" = "900"
L 01/16/2020 - 20:09:25: Server cvar "mp_autoteambalance" = "1"
L 01/16/2020 - 20:09:25: Server cvar "mp_autoteambalance" = "0"
L 01/16/2020 - 20:09:25: Server cvar "amx_nextmap" = "[not yet voted on]"
L 01/16/2020 - 20:09:26: Started map "gijoe_cars" (CRC "-1272121992")
L 01/16/2020 - 20:09:28: World triggered "Round_Start"
L 01/16/2020 - 20:09:30: "Redwenace<192><STEAM_0:1:459709824><>" entered the game
L 01/16/2020 - 20:09:30: "2Pacalypse<193><VALVE_ID_LAN><>" entered the game
L 01/16/2020 - 20:09:31: "aLoNeDarK<190><STEAM_1:0:45342476><>" entered the game
L 01/16/2020 - 20:09:35: "2Pacalypse<193><VALVE_ID_LAN><>" joined team "CT"
L 01/16/2020 - 20:09:36: "aLoNeDarK<190><STEAM_1:0:45342476><>" joined team "CT"
L 01/16/2020 - 20:09:43: "Redwenace<192><STEAM_0:1:459709824><>" joined team "TERRORIST"
L 01/16/2020 - 20:09:44: World triggered "Game_Commencing"
L 01/16/2020 - 20:09:44: World triggered "Game_Commencing" (CT "0") (T "0")
L 01/16/2020 - 20:09:44: World triggered "Round_End"
L 01/16/2020 - 20:09:47: "Redwenace<192><STEAM_0:1:459709824><TERRORIST>" triggered "Spawned_With_The_Bomb"
L 01/16/2020 - 20:09:48: World triggered "Round_Start"
L 01/16/2020 - 20:09:48: "aLoNeDarK<190><STEAM_1:0:45342476><CT>" committed suicide with "world"
L 01/16/2020 - 20:09:48: "aLoNeDarK<190><STEAM_1:0:45342476><CT>" joined team "TERRORIST"
L 01/16/2020 - 20:10:41: "2Pacalypse<193><VALVE_ID_LAN><CT>" killed "Redwenace<192><STEAM_0:1:459709824><TERRORIST>" with "usp"
L 01/16/2020 - 20:10:41: Team "CT" triggered "CTs_Win" (CT "1") (T "0")
L 01/16/2020 - 20:10:41: World triggered "Round_End"
L 01/16/2020 - 20:10:46: "Redwenace<192><STEAM_0:1:459709824><TERRORIST>" triggered "Spawned_With_The_Bomb"
L 01/16/2020 - 20:10:47: World triggered "Round_Start"
L 01/16/2020 - 20:11:24: "aLoNeDarK<190><STEAM_1:0:45342476><TERRORIST>" committed suicide with "worldspawn" (world)
L 01/16/2020 - 20:11:37: "2Pacalypse<193><VALVE_ID_LAN><CT>" killed "Redwenace<192><STEAM_0:1:459709824><TERRORIST>" with "m3"
L 01/16/2020 - 20:11:37: Team "CT" triggered "CTs_Win" (CT "2") (T "0")
L 01/16/2020 - 20:11:37: World triggered "Round_End"
L 01/16/2020 - 20:11:42: "aLoNeDarK<190><STEAM_1:0:45342476><TERRORIST>" triggered "Spawned_With_The_Bomb"
L 01/16/2020 - 20:11:43: World triggered "Round_Start"
L 01/16/2020 - 20:12:31: "2Pacalypse<193><VALVE_ID_LAN><CT>" killed "aLoNeDarK<190><STEAM_1:0:45342476><TERRORIST>" with "p90"
L 01/16/2020 - 20:12:31: "aLoNeDarK<190><STEAM_1:0:45342476><TERRORIST>" triggered "Dropped_The_Bomb"
L 01/16/2020 - 20:12:54: "2Pacalypse<193><VALVE_ID_LAN><CT>" killed "Redwenace<192><STEAM_0:1:459709824><TERRORIST>" with "p90"
L 01/16/2020 - 20:12:54: Team "CT" triggered "CTs_Win" (CT "3") (T "0")
L 01/16/2020 - 20:12:54: World triggered "Round_End"
L 01/16/2020 - 20:12:59: "Redwenace<192><STEAM_0:1:459709824><TERRORIST>" triggered "Spawned_With_The_Bomb"
L 01/16/2020 - 20:13:00: World triggered "Round_Start"
L 01/16/2020 - 20:13:25: "2Pacalypse<193><VALVE_ID_LAN><CT>" killed "aLoNeDarK<190><STEAM_1:0:45342476><TERRORIST>" with "p90"
L 01/16/2020 - 20:13:30: "Redwenace<192><STEAM_0:1:459709824><TERRORIST>" committed suicide with "worldspawn" (world)
L 01/16/2020 - 20:13:30: Team "CT" triggered "CTs_Win" (CT "4") (T "0")
L 01/16/2020 - 20:13:30: World triggered "Round_End"
L 01/16/2020 - 20:13:35: "aLoNeDarK<190><STEAM_1:0:45342476><TERRORIST>" triggered "Spawned_With_The_Bomb"
L 01/16/2020 - 20:13:36: World triggered "Round_Start"
L 01/16/2020 - 20:13:54: "Redwenace<192><STEAM_0:1:459709824><TERRORIST>" killed "2Pacalypse<193><VALVE_ID_LAN><CT>" with "aug"
L 01/16/2020 - 20:13:54: Team "TERRORIST" triggered "Terrorists_Win" (CT "4") (T "1")
L 01/16/2020 - 20:13:54: World triggered "Round_End"
L 01/16/2020 - 20:13:59: "Redwenace<192><STEAM_0:1:459709824><TERRORIST>" triggered "Spawned_With_The_Bomb"
L 01/16/2020 - 20:14:00: World triggered "Round_Start"
L 01/16/2020 - 20:14:03: [REUNION]: Fury/Mumya (93.155.222.106) authorized as RevEmu
L 01/16/2020 - 20:14:03: "Fury/Mumya<194><STEAM_1:1:81589675><>" connected, address "93.155.222.106:26769"
L 01/16/2020 - 20:14:11: "2Pacalypse<193><VALVE_ID_LAN><CT>" killed "aLoNeDarK<190><STEAM_1:0:45342476><TERRORIST>" with "mp5navy"
L 01/16/2020 - 20:14:14: "Fury/Mumya<194><STEAM_1:1:81589675><>" entered the game
L 01/16/2020 - 20:14:20: "Fury/Mumya<194><STEAM_1:1:81589675><>" joined team "CT"
L 01/16/2020 - 20:14:45: "2Pacalypse<193><VALVE_ID_LAN><CT>" killed "Redwenace<192><STEAM_0:1:459709824><TERRORIST>" with "aug"
L 01/16/2020 - 20:14:45: Team "CT" triggered "CTs_Win" (CT "5") (T "1")
L 01/16/2020 - 20:14:45: World triggered "Round_End"
L 01/16/2020 - 20:14:50: "2Pacalypse<193><VALVE_ID_LAN><CT>" joined team "TERRORIST"
L 01/16/2020 - 20:14:50: "<><><>" triggered "amx_chat" (text "[PTB] Transfered 2Pacalypse to TERRORIST")
L 01/16/2020 - 20:14:50: "2Pacalypse<193><VALVE_ID_LAN><TERRORIST>" triggered "Spawned_With_The_Bomb"
L 01/16/2020 - 20:14:51: World triggered "Round_Start"
L 01/16/2020 - 20:15:05: "2Pacalypse<193><VALVE_ID_LAN><TERRORIST>" triggered "Planted_The_Bomb"
L 01/16/2020 - 20:15:21: "Fury/Mumya<194><STEAM_1:1:81589675><CT>" committed suicide with "worldspawn" (world)
L 01/16/2020 - 20:15:21: Team "TERRORIST" triggered "Terrorists_Win" (CT "5") (T "2")
L 01/16/2020 - 20:15:21: World triggered "Round_End"
L 01/16/2020 - 20:15:26: "aLoNeDarK<190><STEAM_1:0:45342476><TERRORIST>" triggered "Spawned_With_The_Bomb"
L 01/16/2020 - 20:15:27: World triggered "Round_Start"
L 01/16/2020 - 20:15:27: "aLoNeDarK<190><STEAM_1:0:45342476><TERRORIST>" committed suicide with "world"
L 01/16/2020 - 20:15:27: "aLoNeDarK<190><STEAM_1:0:45342476><TERRORIST>" triggered "Dropped_The_Bomb"
L 01/16/2020 - 20:15:27: "aLoNeDarK<190><STEAM_1:0:45342476><TERRORIST>" joined team "CT"
L 01/16/2020 - 20:16:27: "Fury/Mumya<194><STEAM_1:1:81589675><CT>" killed "Redwenace<192><STEAM_0:1:459709824><TERRORIST>" with "usp"
L 01/16/2020 - 20:16:36: "2Pacalypse<193><VALVE_ID_LAN><TERRORIST>" triggered "Got_The_Bomb"
L 01/16/2020 - 20:17:32: "2Pacalypse<193><VALVE_ID_LAN><TERRORIST>" triggered "Planted_The_Bomb"
L 01/16/2020 - 20:17:36: "2Pacalypse<193><VALVE_ID_LAN><TERRORIST>" killed "Fury/Mumya<194><STEAM_1:1:81589675><CT>" with "aug"
L 01/16/2020 - 20:17:36: Team "TERRORIST" triggered "Terrorists_Win" (CT "5") (T "3")
L 01/16/2020 - 20:17:36: World triggered "Round_End"
L 01/16/2020 - 20:17:41: "Redwenace<192><STEAM_0:1:459709824><TERRORIST>" joined team "CT"
L 01/16/2020 - 20:17:41: "<><><>" triggered "amx_chat" (text "[PTB] Transfered Redwenace to CT")
L 01/16/2020 - 20:17:41: "2Pacalypse<193><VALVE_ID_LAN><TERRORIST>" triggered "Spawned_With_The_Bomb"
L 01/16/2020 - 20:17:42: World triggered "Round_Start"
L 01/16/2020 - 20:18:01: "2Pacalypse<193><VALVE_ID_LAN><TERRORIST>" triggered "Planted_The_Bomb"
L 01/16/2020 - 20:18:14: Server cvar "amx_nextmap" = "fy_buzzkill"
L 01/16/2020 - 20:18:21: "aLoNeDarK<190><STEAM_1:0:45342476><CT>" killed "Redwenace<192><STEAM_0:1:459709824><CT>" with "tracktrain"
L 01/16/2020 - 20:18:24: "Maxim<195><STEAM_0:0:82303809><>" connected, address "87.250.6.111:27005"
L 01/16/2020 - 20:18:25: "Maxim<195><STEAM_0:0:82303809><>" STEAM USERID validated
L 01/16/2020 - 20:18:30: "Maxim<196><STEAM_0:0:82303809><>" connected, address "87.250.6.111:27005"
L 01/16/2020 - 20:18:30: "Maxim<196><STEAM_0:0:82303809><>" STEAM USERID validated
L 01/16/2020 - 20:18:31: [REUNION]: HuNt3r (188.255.184.74) authorized as RevEmu
L 01/16/2020 - 20:18:31: "HuNt3r<197><STEAM_1:1:1071071391><>" connected, address "188.255.184.74:27005"
L 01/16/2020 - 20:18:33: "2Pacalypse<193><VALVE_ID_LAN><TERRORIST>" killed "aLoNeDarK<190><STEAM_1:0:45342476><CT>" with "aug"
L 01/16/2020 - 20:18:36: Team "TERRORIST" triggered "Target_Bombed" (CT "5") (T "4")
L 01/16/2020 - 20:18:36: World triggered "Round_End"
L 01/16/2020 - 20:18:38: "Maxim<196><STEAM_0:0:82303809><>" entered the game
L 01/16/2020 - 20:18:40: "Maxim<196><STEAM_0:0:82303809><>" joined team "CT"
L 01/16/2020 - 20:18:41: "2Pacalypse<193><VALVE_ID_LAN><TERRORIST>" triggered "Spawned_With_The_Bomb"
L 01/16/2020 - 20:18:42: Server cvar "sv_maxspeed" = "0.000000"
L 01/16/2020 - 20:18:42: Server cvar "mp_friendlyfire" = "1"
L 01/16/2020 - 20:18:42: World triggered "Round_Start"
L 01/16/2020 - 20:18:43: "aLoNeDarK<190><STEAM_1:0:45342476><CT>" committed suicide with "world"
L 01/16/2020 - 20:18:48: Server cvar "sv_maxspeed" = "900.000000"
L 01/16/2020 - 20:18:48: Server cvar "mp_friendlyfire" = "0"
L 01/16/2020 - 20:18:48: [META] ini: Begin re-reading plugins list: /home/rented/public9/cstrike/addons/metamod/plugins.ini
L 01/16/2020 - 20:18:48: [META] ini: Read plugin config for: SafeNameAndChat
L 01/16/2020 - 20:18:48: [META] ini: Read plugin config for: AMX Mod X
L 01/16/2020 - 20:18:48: [META] ini: Read plugin config for: Reunion
L 01/16/2020 - 20:18:48: [META] ini: Read plugin config for: ReAuthCheck
L 01/16/2020 - 20:18:48: [META] ini: Read plugin config for: WHBlocker
L 01/16/2020 - 20:18:48: [META] ini: Read plugin config for: ReSemiclip
L 01/16/2020 - 20:18:48: [META] ini: Read plugin config for: Revoice
L 01/16/2020 - 20:18:48: [META] ini: Finished reading plugins list: /home/rented/public9/cstrike/addons/metamod/plugins.ini; Found 7 plugins
L 01/16/2020 - 20:18:48: [META] dll: Updating plugins...
L 01/16/2020 - 20:18:48: [META] WARNING: Cannot clear plugin 'SafeNameAndChat'; not marked as failed, empty, or open (status=valid)
L 01/16/2020 - 20:18:48: [META] dll: Unloaded plugin 'SafeNameAndChat' for reason 'file on disk is newer'
L 01/16/2020 - 20:18:48: [META] dll: Loaded plugin 'SafeNameAndChat': SafeNameAndChat v1.1 2017.02.01, WPMG.PRoSToC0der
L 01/16/2020 - 20:18:48: [META] WARNING: Cannot clear plugin 'WHBlocker'; not marked as failed, empty, or open (status=valid)
L 01/16/2020 - 20:18:48: [META] dll: Unloaded plugin 'WHBlocker' for reason 'file on disk is newer'
L 01/16/2020 - 20:18:48: [META] dll: Loaded plugin 'WHBlocker': WHBlocker v1.5.692 2017-04-13, s1lent
L 01/16/2020 - 20:18:48: [META] WARNING: Cannot clear plugin 'ReSemiclip'; not marked as failed, empty, or open (status=valid)
L 01/16/2020 - 20:18:48: [META] dll: Unloaded plugin 'ReSemiclip' for reason 'file on disk is newer'
L 01/16/2020 - 20:18:48: [META] dll: Loaded plugin 'ReSemiclip': ReSemiclip v2.3.9 13/02/17, s1lent & Adidasman
L 01/16/2020 - 20:18:48: [META] dll: Finished updating 14 plugins; kept 0, loaded 0, unloaded 0, reloaded 3, delayed 0
L 01/16/2020 - 20:18:48: "aLoNeDarK<190><STEAM_1:0:45342476><CT>" disconnected
L 01/16/2020 - 20:18:48: "Redwenace<192><STEAM_0:1:459709824><CT>" disconnected
L 01/16/2020 - 20:18:48: "2Pacalypse<193><VALVE_ID_LAN><TERRORIST>" disconnected
L 01/16/2020 - 20:18:48: "Fury/Mumya<194><STEAM_1:1:81589675><CT>" disconnected
L 01/16/2020 - 20:18:48: "Maxim<196><STEAM_0:0:82303809><CT>" disconnected
L 01/16/2020 - 20:18:48: World triggered "Round_Draw" (CT "5") (T "4")
L 01/16/2020 - 20:18:48: World triggered "Round_End"
L 01/16/2020 - 20:18:48: Log file closed
