L 01/15/2020 - 17:42:42: Log file started (file "logs/L0115055.log") (game "cstrike") (version "48/1.1.2.7/Stdio/1621")
L 01/15/2020 - 17:42:42: Loading map "shipwreck"
L 01/15/2020 - 17:42:42: Server cvars start
L 01/15/2020 - 17:42:42: Server cvar "@BunnyHopper" = "3.x"
L 01/15/2020 - 17:42:42: Server cvar "@CRXGoSpec" = "1.1"
L 01/15/2020 - 17:42:42: Server cvar "@CRXRemoveImmunity" = "1.0"
L 01/15/2020 - 17:42:42: Server cvar "@D.I.C.E." = "1.1"
L 01/15/2020 - 17:42:42: Server cvar "@MOTDCommands" = "1.2"
L 01/15/2020 - 17:42:42: Server cvar "advanced_quake_sounds" = "5.0"
L 01/15/2020 - 17:42:42: Server cvar "AdvancedMute" = "1.0"
L 01/15/2020 - 17:42:42: Server cvar "aesp_version" = "1.3"
L 01/15/2020 - 17:42:42: Server cvar "allow_spectators" = "1.0"
L 01/15/2020 - 17:42:42: Server cvar "amx_client_languages" = "1"
L 01/15/2020 - 17:42:42: Server cvar "amx_language" = "en"
L 01/15/2020 - 17:42:42: Server cvar "amx_nextmap" = "shipwreck"
L 01/15/2020 - 17:42:42: Server cvar "amx_ptb_version" = "1.8b3"
L 01/15/2020 - 17:42:42: Server cvar "amx_timeleft" = "00:00"
L 01/15/2020 - 17:42:42: Server cvar "amxmodx_version" = "1.8.2"
L 01/15/2020 - 17:42:42: Server cvar "amxxbg_vip" = "1.0"
L 01/15/2020 - 17:42:42: Server cvar "asp_version" = "4.5.1"
L 01/15/2020 - 17:42:42: Server cvar "atac_version" = "3.0.1"
L 01/15/2020 - 17:42:42: Server cvar "badcamper_version" = "1.4 beta"
L 01/15/2020 - 17:42:42: Server cvar "blockmaker" = "4.01"
L 01/15/2020 - 17:42:42: Server cvar "c4 timer" = "1.1"
L 01/15/2020 - 17:42:42: Server cvar "coop" = "0"
L 01/15/2020 - 17:42:42: Server cvar "CRXAdminGroups" = "1.0"
L 01/15/2020 - 17:42:42: Server cvar "CRXCommandRestrictions" = "1.0"
L 01/15/2020 - 17:42:42: Server cvar "CRXFastKnife" = "1.0"
L 01/15/2020 - 17:42:42: Server cvar "CRXGametracker" = "2.0"
L 01/15/2020 - 17:42:42: Server cvar "CRXKnifeModels" = "2.5.7"
L 01/15/2020 - 17:42:42: Server cvar "CRXTeamAdvantage" = "1.0"
L 01/15/2020 - 17:42:42: Server cvar "CustomShop" = "4.2"
L 01/15/2020 - 17:42:42: Server cvar "deathmatch" = "1"
L 01/15/2020 - 17:42:42: Server cvar "decalfrequency" = "0"
L 01/15/2020 - 17:42:42: Server cvar "edgefriction" = "2"
L 01/15/2020 - 17:42:42: Server cvar "ers_version" = "2.3c"
L 01/15/2020 - 17:42:42: Server cvar "gagsystem_shoko" = "1.0"
L 01/15/2020 - 17:42:42: Server cvar "gal_mapcyclefile" = "mapcycle.txt"
L 01/15/2020 - 17:42:42: Server cvar "gal_version" = "v5.9.1-926"
L 01/15/2020 - 17:42:42: Server cvar "game_version" = "5.7.0.313-dev"
L 01/15/2020 - 17:42:42: Server cvar "humans_join_team" = "any"
L 01/15/2020 - 17:42:42: Server cvar "jtp10181" = "chute,gore"
L 01/15/2020 - 17:42:42: Server cvar "lawliet" = "ny_RainingSnow"
L 01/15/2020 - 17:42:42: Server cvar "LetitSnow" = "1.0"
L 01/15/2020 - 17:42:42: Server cvar "map_spawns" = "T(16) CT(16)"
L 01/15/2020 - 17:42:42: Server cvar "max_queries_sec" = "3"
L 01/15/2020 - 17:42:42: Server cvar "max_queries_sec_global" = "150"
L 01/15/2020 - 17:42:42: Server cvar "max_queries_window" = "60"
L 01/15/2020 - 17:42:42: Server cvar "mdbBans" = "4.8"
L 01/15/2020 - 17:42:42: Server cvar "metamod_version" = "1.21p37"
L 01/15/2020 - 17:42:42: Server cvar "mp_autokick" = "0"
L 01/15/2020 - 17:42:42: Server cvar "mp_autokick_timeout" = "-1"
L 01/15/2020 - 17:42:42: Server cvar "mp_autoteambalance" = "0"
L 01/15/2020 - 17:42:42: Server cvar "mp_buytime" = "0.25"
L 01/15/2020 - 17:42:42: Server cvar "mp_c4timer" = "35"
L 01/15/2020 - 17:42:42: Server cvar "mp_chattime" = "5.000000"
L 01/15/2020 - 17:42:42: Server cvar "mp_consistency" = "1"
L 01/15/2020 - 17:42:42: Server cvar "mp_fadetoblack" = "0"
L 01/15/2020 - 17:42:42: Server cvar "mp_flashlight" = "1"
L 01/15/2020 - 17:42:42: Server cvar "mp_footsteps" = "1"
L 01/15/2020 - 17:42:42: Server cvar "mp_forcecamera" = "0"
L 01/15/2020 - 17:42:42: Server cvar "mp_forcechasecam" = "0"
L 01/15/2020 - 17:42:42: Server cvar "mp_forcerespawn" = "0"
L 01/15/2020 - 17:42:42: Server cvar "mp_fraglimit" = "0"
L 01/15/2020 - 17:42:42: Server cvar "mp_fragsleft" = "0"
L 01/15/2020 - 17:42:42: Server cvar "mp_freeforall" = "0"
L 01/15/2020 - 17:42:42: Server cvar "mp_freezetime" = "1"
L 01/15/2020 - 17:42:42: Server cvar "mp_friendlyfire" = "0"
L 01/15/2020 - 17:42:42: Server cvar "mp_hostage_hurtable" = "1"
L 01/15/2020 - 17:42:42: Server cvar "mp_hostagepenalty" = "0"
L 01/15/2020 - 17:42:42: Server cvar "mp_item_staytime" = "300"
L 01/15/2020 - 17:42:42: Server cvar "mp_kickpercent" = "0.66"
L 01/15/2020 - 17:42:42: Server cvar "mp_legacy_bombtarget_touch" = "1"
L 01/15/2020 - 17:42:42: Server cvar "mp_limitteams" = "0"
L 01/15/2020 - 17:42:42: Server cvar "mp_logdetail" = "0"
L 01/15/2020 - 17:42:42: Server cvar "mp_logfile" = "1"
L 01/15/2020 - 17:42:42: Server cvar "mp_logmessages" = "1"
L 01/15/2020 - 17:42:42: Server cvar "mp_mapvoteratio" = "0.66"
L 01/15/2020 - 17:42:42: Server cvar "mp_maxmoney" = "999999"
L 01/15/2020 - 17:42:42: Server cvar "mp_maxrounds" = "0"
L 01/15/2020 - 17:42:42: Server cvar "mp_mirrordamage" = "0"
L 01/15/2020 - 17:42:42: Server cvar "mp_old_bomb_defused_sound" = "1"
L 01/15/2020 - 17:42:42: Server cvar "mp_playerid" = "0"
L 01/15/2020 - 17:42:42: Server cvar "mp_respawn_immunitytime" = "0"
L 01/15/2020 - 17:42:42: Server cvar "mp_round_infinite" = "0"
L 01/15/2020 - 17:42:42: Server cvar "mp_round_restart_delay" = "5"
L 01/15/2020 - 17:42:42: Server cvar "mp_roundover" = "0"
L 01/15/2020 - 17:42:42: Server cvar "mp_roundtime" = "2.3"
L 01/15/2020 - 17:42:42: Server cvar "mp_show_radioicon" = "1"
L 01/15/2020 - 17:42:42: Server cvar "mp_startmoney" = "850"
L 01/15/2020 - 17:42:42: Server cvar "mp_timeleft" = "00:00"
L 01/15/2020 - 17:42:42: Server cvar "mp_timelimit" = "20"
L 01/15/2020 - 17:42:42: Server cvar "mp_tkpunish" = "0"
L 01/15/2020 - 17:42:42: Server cvar "mp_windifference" = "1"
L 01/15/2020 - 17:42:42: Server cvar "mp_winlimit" = "0"
L 01/15/2020 - 17:42:42: Server cvar "NoWeaponsOnGround" = "1.0"
L 01/15/2020 - 17:42:42: Server cvar "pausable" = "0"
L 01/15/2020 - 17:42:42: Server cvar "present_version" = "2.01"
L 01/15/2020 - 17:42:42: Server cvar "RandomHP" = "2.2"
L 01/15/2020 - 17:42:42: Server cvar "reauthcheck_version" = "0.1.6"
L 01/15/2020 - 17:42:42: Server cvar "reconnect_features" = "0.3.1"
L 01/15/2020 - 17:42:42: Server cvar "report_system_version" = "3.1"
L 01/15/2020 - 17:42:42: Server cvar "resemiclip_version" = "2.3.9"
L 01/15/2020 - 17:42:42: Server cvar "reu_version" = "0.1.0.130"
L 01/15/2020 - 17:42:42: Server cvar "revoice_version" = "0.1.0.30"
L 01/15/2020 - 17:42:42: Server cvar "RRWM" = "2.0"
L 01/15/2020 - 17:42:42: Server cvar "sanksounds_version" = "1.8.6"
L 01/15/2020 - 17:42:42: Server cvar "SimpleMenu" = "1.1"
L 01/15/2020 - 17:42:42: Server cvar "SNAC_Version" = "1.1"
L 01/15/2020 - 17:42:42: Server cvar "SpecList" = "1.2a"
L 01/15/2020 - 17:42:42: Server cvar "sr_version" = "1.6"
L 01/15/2020 - 17:42:42: Server cvar "statsx_shell_ver" = "2.0.0 (BETA)"
L 01/15/2020 - 17:42:42: Server cvar "StyleC4Timer" = "2.1"
L 01/15/2020 - 17:42:42: Server cvar "sv_accelerate" = "5"
L 01/15/2020 - 17:42:42: Server cvar "sv_aim" = "1"
L 01/15/2020 - 17:42:42: Server cvar "sv_airaccelerate" = "100"
L 01/15/2020 - 17:42:42: Server cvar "sv_allowupload" = "1"
L 01/15/2020 - 17:42:42: Server cvar "sv_alltalk" = "1"
L 01/15/2020 - 17:42:42: Server cvar "sv_bounce" = "1"
L 01/15/2020 - 17:42:42: Server cvar "sv_cheats" = "0"
L 01/15/2020 - 17:42:42: Server cvar "sv_clienttrace" = "1"
L 01/15/2020 - 17:42:42: Server cvar "sv_contact" = "feruchio599@gmail.com"
L 01/15/2020 - 17:42:42: Server cvar "sv_friction" = "4"
L 01/15/2020 - 17:42:42: Server cvar "sv_gravity" = "800"
L 01/15/2020 - 17:42:42: Server cvar "sv_logblocks" = "0"
L 01/15/2020 - 17:42:42: Server cvar "sv_maxrate" = "50000"
L 01/15/2020 - 17:42:42: Server cvar "sv_maxspeed" = "900"
L 01/15/2020 - 17:42:42: Server cvar "sv_minrate" = "10000"
L 01/15/2020 - 17:42:42: Server cvar "sv_password" = ""
L 01/15/2020 - 17:42:42: Server cvar "sv_proxies" = "1"
L 01/15/2020 - 17:42:42: Server cvar "sv_restart" = "0"
L 01/15/2020 - 17:42:42: Server cvar "sv_restartround" = "0"
L 01/15/2020 - 17:42:42: Server cvar "sv_stepsize" = "18"
L 01/15/2020 - 17:42:42: Server cvar "sv_stopspeed" = "75"
L 01/15/2020 - 17:42:42: Server cvar "sv_uploadmax" = "0.5"
L 01/15/2020 - 17:42:42: Server cvar "sv_version" = "1.1.2.7/Stdio,48,1621"
L 01/15/2020 - 17:42:42: Server cvar "sv_voiceenable" = "1"
L 01/15/2020 - 17:42:42: Server cvar "sv_wateraccelerate" = "10"
L 01/15/2020 - 17:42:42: Server cvar "sv_waterfriction" = "1"
L 01/15/2020 - 17:42:42: Server cvar "Team_Semiclip_version" = "3.3.1"
L 01/15/2020 - 17:42:42: Server cvar "vehicle_real_killer" = "1.1"
L 01/15/2020 - 17:42:42: Server cvar "WalkGuard" = "1.3.2"
L 01/15/2020 - 17:42:42: Server cvar "we_grenades" = "Huehue"
L 01/15/2020 - 17:42:42: Server cvar "we_player_models" = "Huehue"
L 01/15/2020 - 17:42:42: Server cvar "whb_version" = "1.5.692"
L 01/15/2020 - 17:42:42: Server cvar "zp_jp_version" = "Extra Item Jetpack+Bazooka v3.2"
L 01/15/2020 - 17:42:42: Server cvars end
L 01/15/2020 - 17:42:44: Server cvar "mp_autoteambalance" = "1"
L 01/15/2020 - 17:42:45: Server cvar "mp_autoteambalance" = "0"
L 01/15/2020 - 17:42:45: Server cvar "amx_nextmap" = "[not yet voted on]"
L 01/15/2020 - 17:42:46: Started map "shipwreck" (CRC "-1272655723")
L 01/15/2020 - 17:42:48: World triggered "Round_Start"
L 01/15/2020 - 17:46:45: Server cvar "amx_nextmap" = "awp_snowfun2"
L 01/15/2020 - 18:01:47: [REUNION]: killer boss (77.78.4.234) authorized as NoSteam47
L 01/15/2020 - 18:01:47: "killer boss<80><VALVE_ID_LAN><>" connected, address "77.78.4.234:27005"
L 01/15/2020 - 18:02:05: "killer boss<80><VALVE_ID_LAN><>" entered the game
L 01/15/2020 - 18:02:15: "killer boss<80><VALVE_ID_LAN><>" joined team "TERRORIST"
L 01/15/2020 - 18:02:15: Server cvar "mp_timelimit" = "0.000000"
L 01/15/2020 - 18:02:26: [REUNION]: BAD BOY (178.169.239.222) authorized as RevEmu
L 01/15/2020 - 18:02:26: "BAD BOY<81><STEAM_1:1:175462098><>" connected, address "178.169.239.222:27005"
L 01/15/2020 - 18:02:52: "BAD BOY<81><STEAM_1:1:175462098><>" entered the game
L 01/15/2020 - 18:03:48: "BAD BOY<81><STEAM_1:1:175462098><>" joined team "SPECTATOR"
L 01/15/2020 - 18:04:04: "BAD BOY<81><STEAM_1:1:175462098><SPECTATOR>" joined team "CT"
L 01/15/2020 - 18:04:04: World triggered "Game_Commencing"
L 01/15/2020 - 18:04:04: World triggered "Game_Commencing" (CT "0") (T "0")
L 01/15/2020 - 18:04:04: World triggered "Round_End"
L 01/15/2020 - 18:04:08: World triggered "Round_Start"
L 01/15/2020 - 18:04:09: Server cvar "mp_timelimit" = "20.000000"
L 01/15/2020 - 18:04:53: "killer boss<80><VALVE_ID_LAN><TERRORIST>" killed "BAD BOY<81><STEAM_1:1:175462098><CT>" with "m4a1"
L 01/15/2020 - 18:04:53: Team "TERRORIST" triggered "Terrorists_Win" (CT "0") (T "1")
L 01/15/2020 - 18:04:53: World triggered "Round_End"
L 01/15/2020 - 18:04:59: World triggered "Round_Start"
L 01/15/2020 - 18:05:45: "killer boss<80><VALVE_ID_LAN><TERRORIST>" killed "BAD BOY<81><STEAM_1:1:175462098><CT>" with "m4a1"
L 01/15/2020 - 18:05:45: Team "TERRORIST" triggered "Terrorists_Win" (CT "0") (T "2")
L 01/15/2020 - 18:05:45: World triggered "Round_End"
L 01/15/2020 - 18:05:51: World triggered "Round_Start"
L 01/15/2020 - 18:06:19: "BAD BOY<81><STEAM_1:1:175462098><CT>" killed "killer boss<80><VALVE_ID_LAN><TERRORIST>" with "usp"
L 01/15/2020 - 18:06:19: Team "CT" triggered "CTs_Win" (CT "1") (T "2")
L 01/15/2020 - 18:06:19: World triggered "Round_End"
L 01/15/2020 - 18:06:25: World triggered "Round_Start"
L 01/15/2020 - 18:07:47: "BAD BOY<81><STEAM_1:1:175462098><CT>" killed "killer boss<80><VALVE_ID_LAN><TERRORIST>" with "xm1014"
L 01/15/2020 - 18:07:47: Team "CT" triggered "CTs_Win" (CT "2") (T "2")
L 01/15/2020 - 18:07:47: World triggered "Round_End"
L 01/15/2020 - 18:07:53: World triggered "Round_Start"
L 01/15/2020 - 18:09:02: "BAD BOY<81><STEAM_1:1:175462098><CT>" killed "killer boss<80><VALVE_ID_LAN><TERRORIST>" with "ak47"
L 01/15/2020 - 18:09:02: Team "CT" triggered "CTs_Win" (CT "3") (T "2")
L 01/15/2020 - 18:09:02: World triggered "Round_End"
L 01/15/2020 - 18:09:08: World triggered "Round_Start"
L 01/15/2020 - 18:09:30: "BAD BOY<81><STEAM_1:1:175462098><CT>" killed "killer boss<80><VALVE_ID_LAN><TERRORIST>" with "ak47"
L 01/15/2020 - 18:09:30: Team "CT" triggered "CTs_Win" (CT "4") (T "2")
L 01/15/2020 - 18:09:30: World triggered "Round_End"
L 01/15/2020 - 18:09:36: World triggered "Round_Start"
L 01/15/2020 - 18:10:42: "BAD BOY<81><STEAM_1:1:175462098><CT>" killed "killer boss<80><VALVE_ID_LAN><TERRORIST>" with "ak47"
L 01/15/2020 - 18:10:42: Team "CT" triggered "CTs_Win" (CT "5") (T "2")
L 01/15/2020 - 18:10:42: World triggered "Round_End"
L 01/15/2020 - 18:10:48: World triggered "Round_Start"
L 01/15/2020 - 18:11:28: "BAD BOY<81><STEAM_1:1:175462098><CT>" killed "killer boss<80><VALVE_ID_LAN><TERRORIST>" with "ak47"
L 01/15/2020 - 18:11:28: Team "CT" triggered "CTs_Win" (CT "6") (T "2")
L 01/15/2020 - 18:11:28: World triggered "Round_End"
L 01/15/2020 - 18:11:34: World triggered "Round_Start"
L 01/15/2020 - 18:12:03: "BAD BOY<81><STEAM_1:1:175462098><CT>" killed "killer boss<80><VALVE_ID_LAN><TERRORIST>" with "ak47"
L 01/15/2020 - 18:12:03: Team "CT" triggered "CTs_Win" (CT "7") (T "2")
L 01/15/2020 - 18:12:03: World triggered "Round_End"
L 01/15/2020 - 18:12:09: World triggered "Round_Start"
L 01/15/2020 - 18:12:40: "BAD BOY<81><STEAM_1:1:175462098><CT>" killed "killer boss<80><VALVE_ID_LAN><TERRORIST>" with "sg550"
L 01/15/2020 - 18:12:40: Team "CT" triggered "CTs_Win" (CT "8") (T "2")
L 01/15/2020 - 18:12:40: World triggered "Round_End"
L 01/15/2020 - 18:12:46: World triggered "Round_Start"
L 01/15/2020 - 18:13:25: "BAD BOY<81><STEAM_1:1:175462098><CT>" killed "killer boss<80><VALVE_ID_LAN><TERRORIST>" with "sg550"
L 01/15/2020 - 18:13:25: Team "CT" triggered "CTs_Win" (CT "9") (T "2")
L 01/15/2020 - 18:13:25: World triggered "Round_End"
L 01/15/2020 - 18:13:31: World triggered "Round_Start"
L 01/15/2020 - 18:13:56: "BAD BOY<81><STEAM_1:1:175462098><CT>" killed "killer boss<80><VALVE_ID_LAN><TERRORIST>" with "sg550"
L 01/15/2020 - 18:13:56: Team "CT" triggered "CTs_Win" (CT "10") (T "2")
L 01/15/2020 - 18:13:56: World triggered "Round_End"
L 01/15/2020 - 18:14:02: World triggered "Round_Start"
L 01/15/2020 - 18:14:40: "BAD BOY<81><STEAM_1:1:175462098><CT>" killed "killer boss<80><VALVE_ID_LAN><TERRORIST>" with "knife"
L 01/15/2020 - 18:14:40: Team "CT" triggered "CTs_Win" (CT "11") (T "2")
L 01/15/2020 - 18:14:40: World triggered "Round_End"
L 01/15/2020 - 18:14:46: World triggered "Round_Start"
L 01/15/2020 - 18:15:12: "BAD BOY<81><STEAM_1:1:175462098><CT>" killed "killer boss<80><VALVE_ID_LAN><TERRORIST>" with "sg550"
L 01/15/2020 - 18:15:12: Team "CT" triggered "CTs_Win" (CT "12") (T "2")
L 01/15/2020 - 18:15:12: World triggered "Round_End"
L 01/15/2020 - 18:15:18: World triggered "Round_Start"
L 01/15/2020 - 18:15:49: "BAD BOY<81><STEAM_1:1:175462098><CT>" killed "killer boss<80><VALVE_ID_LAN><TERRORIST>" with "sg550"
L 01/15/2020 - 18:15:49: Team "CT" triggered "CTs_Win" (CT "13") (T "2")
L 01/15/2020 - 18:15:49: World triggered "Round_End"
L 01/15/2020 - 18:15:55: World triggered "Round_Start"
L 01/15/2020 - 18:16:40: "BAD BOY<81><STEAM_1:1:175462098><CT>" killed "killer boss<80><VALVE_ID_LAN><TERRORIST>" with "knife"
L 01/15/2020 - 18:16:40: Team "CT" triggered "CTs_Win" (CT "14") (T "2")
L 01/15/2020 - 18:16:40: World triggered "Round_End"
L 01/15/2020 - 18:16:46: World triggered "Round_Start"
L 01/15/2020 - 18:17:17: "BAD BOY<81><STEAM_1:1:175462098><CT>" killed "killer boss<80><VALVE_ID_LAN><TERRORIST>" with "sg550"
L 01/15/2020 - 18:17:17: Team "CT" triggered "CTs_Win" (CT "15") (T "2")
L 01/15/2020 - 18:17:17: World triggered "Round_End"
L 01/15/2020 - 18:17:23: World triggered "Round_Start"
L 01/15/2020 - 18:18:05: "BAD BOY<81><STEAM_1:1:175462098><CT>" killed "killer boss<80><VALVE_ID_LAN><TERRORIST>" with "knife"
L 01/15/2020 - 18:18:05: Team "CT" triggered "CTs_Win" (CT "16") (T "2")
L 01/15/2020 - 18:18:05: World triggered "Round_End"
L 01/15/2020 - 18:18:11: World triggered "Round_Start"
L 01/15/2020 - 18:18:30: "BAD BOY<81><STEAM_1:1:175462098><CT>" disconnected
L 01/15/2020 - 18:19:21: [REUNION]: (1)killer boss (77.78.4.234) authorized as RevEmu
L 01/15/2020 - 18:19:21: "(1)killer boss<82><STEAM_2:1:1685369291><>" connected, address "77.78.4.234:1053"
L 01/15/2020 - 18:19:35: [REUNION]: (1)killer boss (77.78.4.234) authorized as RevEmu
L 01/15/2020 - 18:19:35: "(1)killer boss<83><STEAM_2:1:1685369291><>" connected, address "77.78.4.234:1053"
L 01/15/2020 - 18:19:53: "killer boss<80><VALVE_ID_LAN><TERRORIST>" committed suicide with "world"
L 01/15/2020 - 18:19:53: World triggered "Round_Draw" (CT "16") (T "2")
L 01/15/2020 - 18:19:53: World triggered "Round_End"
L 01/15/2020 - 18:19:53: "killer boss<80><VALVE_ID_LAN><TERRORIST>" joined team "SPECTATOR"
L 01/15/2020 - 18:19:59: World triggered "Round_Start"
L 01/15/2020 - 18:21:33: "killer boss<80><VALVE_ID_LAN><SPECTATOR>" joined team "TERRORIST"
L 01/15/2020 - 18:21:34: "killer boss<80><VALVE_ID_LAN><TERRORIST>" changed name to "_@Aykut_bOss_@_"
L 01/15/2020 - 18:21:47: [REUNION]: killer boss (77.78.4.234) authorized as RevEmu
L 01/15/2020 - 18:21:47: "killer boss<84><STEAM_2:1:1685369291><>" connected, address "77.78.4.234:1053"
L 01/15/2020 - 18:21:52: "killer boss<84><STEAM_2:1:1685369291><>" entered the game
L 01/15/2020 - 18:22:04: "killer boss<84><STEAM_2:1:1685369291><>" joined team "CT"
L 01/15/2020 - 18:22:05: World triggered "Game_Commencing"
L 01/15/2020 - 18:22:05: World triggered "Game_Commencing" (CT "16") (T "2")
L 01/15/2020 - 18:22:05: World triggered "Round_End"
L 01/15/2020 - 18:22:09: World triggered "Round_Start"
L 01/15/2020 - 18:22:42: "killer boss<84><STEAM_2:1:1685369291><CT>" killed "_@Aykut_bOss_@_<80><VALVE_ID_LAN><TERRORIST>" with "mp5navy"
L 01/15/2020 - 18:22:42: Team "CT" triggered "CTs_Win" (CT "1") (T "0")
L 01/15/2020 - 18:22:42: World triggered "Round_End"
L 01/15/2020 - 18:22:48: World triggered "Round_Start"
L 01/15/2020 - 18:23:43: "killer boss<84><STEAM_2:1:1685369291><CT>" killed "_@Aykut_bOss_@_<80><VALVE_ID_LAN><TERRORIST>" with "famas"
L 01/15/2020 - 18:23:43: Team "CT" triggered "CTs_Win" (CT "2") (T "0")
L 01/15/2020 - 18:23:43: World triggered "Round_End"
L 01/15/2020 - 18:23:49: World triggered "Round_Start"
L 01/15/2020 - 18:24:11: [REUNION]: BAD BOY (178.169.239.222) authorized as RevEmu
L 01/15/2020 - 18:24:11: "BAD BOY<85><STEAM_1:1:175462098><>" connected, address "178.169.239.222:27005"
L 01/15/2020 - 18:24:12: "killer boss<84><STEAM_2:1:1685369291><CT>" killed "_@Aykut_bOss_@_<80><VALVE_ID_LAN><TERRORIST>" with "usp"
L 01/15/2020 - 18:24:12: Team "CT" triggered "CTs_Win" (CT "3") (T "0")
L 01/15/2020 - 18:24:12: World triggered "Round_End"
L 01/15/2020 - 18:24:18: World triggered "Round_Start"
L 01/15/2020 - 18:24:19: "BAD BOY<85><STEAM_1:1:175462098><>" entered the game
L 01/15/2020 - 18:24:27: "BAD BOY<85><STEAM_1:1:175462098><>" joined team "TERRORIST"
L 01/15/2020 - 18:24:47: "BAD BOY<85><STEAM_1:1:175462098><TERRORIST>" killed "killer boss<84><STEAM_2:1:1685369291><CT>" with "g3sg1"
L 01/15/2020 - 18:24:47: Team "TERRORIST" triggered "Terrorists_Win" (CT "3") (T "1")
L 01/15/2020 - 18:24:47: World triggered "Round_End"
L 01/15/2020 - 18:24:53: World triggered "Round_Start"
L 01/15/2020 - 18:25:31: "BAD BOY<85><STEAM_1:1:175462098><TERRORIST>" killed "killer boss<84><STEAM_2:1:1685369291><CT>" with "g3sg1"
L 01/15/2020 - 18:25:31: Team "TERRORIST" triggered "Terrorists_Win" (CT "3") (T "2")
L 01/15/2020 - 18:25:31: World triggered "Round_End"
L 01/15/2020 - 18:25:37: World triggered "Round_Start"
L 01/15/2020 - 18:26:18: "BAD BOY<85><STEAM_1:1:175462098><TERRORIST>" killed "killer boss<84><STEAM_2:1:1685369291><CT>" with "knife"
L 01/15/2020 - 18:26:18: Team "TERRORIST" triggered "Terrorists_Win" (CT "3") (T "3")
L 01/15/2020 - 18:26:18: World triggered "Round_End"
L 01/15/2020 - 18:26:24: World triggered "Round_Start"
L 01/15/2020 - 18:26:42: "killer boss<84><STEAM_2:1:1685369291><CT>" disconnected
L 01/15/2020 - 18:26:56: "_@Aykut_bOss_@_<80><VALVE_ID_LAN><TERRORIST>" committed suicide with "world"
L 01/15/2020 - 18:26:56: "_@Aykut_bOss_@_<80><VALVE_ID_LAN><TERRORIST>" joined team "CT"
L 01/15/2020 - 18:26:58: World triggered "Game_Commencing"
L 01/15/2020 - 18:26:58: World triggered "Game_Commencing" (CT "3") (T "3")
L 01/15/2020 - 18:26:58: World triggered "Round_End"
L 01/15/2020 - 18:27:02: World triggered "Round_Start"
L 01/15/2020 - 18:27:25: "BAD BOY<85><STEAM_1:1:175462098><TERRORIST>" killed "_@Aykut_bOss_@_<80><VALVE_ID_LAN><CT>" with "ak47"
L 01/15/2020 - 18:27:25: Team "TERRORIST" triggered "Terrorists_Win" (CT "0") (T "1")
L 01/15/2020 - 18:27:25: World triggered "Round_End"
L 01/15/2020 - 18:27:31: World triggered "Round_Start"
L 01/15/2020 - 18:27:49: "_@Aykut_bOss_@_<80><VALVE_ID_LAN><CT>" disconnected
L 01/15/2020 - 18:29:48: "BAD BOY<85><STEAM_1:1:175462098><TERRORIST>" committed suicide with "world"
L 01/15/2020 - 18:29:48: World triggered "Round_Draw" (CT "0") (T "1")
L 01/15/2020 - 18:29:48: World triggered "Round_End"
L 01/15/2020 - 18:29:48: "BAD BOY<85><STEAM_1:1:175462098><TERRORIST>" joined team "SPECTATOR"
L 01/15/2020 - 18:29:54: World triggered "Round_Start"
L 01/15/2020 - 18:34:04: "BAD BOY<85><STEAM_1:1:175462098><SPECTATOR>" disconnected
L 01/15/2020 - 18:34:04: World triggered "Round_Draw" (CT "0") (T "1")
L 01/15/2020 - 18:34:04: World triggered "Round_End"
L 01/15/2020 - 18:34:10: World triggered "Round_Start"
L 01/15/2020 - 18:47:01: Team "CT" scored "0" with "0" players
L 01/15/2020 - 18:47:01: Team "TERRORIST" scored "1" with "0" players
L 01/15/2020 - 18:47:01: Server cvar "mp_chattime" = "7.000000"
L 01/15/2020 - 18:47:06: Server cvar "mp_chattime" = "5.000000"
L 01/15/2020 - 18:47:06: [META] ini: Begin re-reading plugins list: /home/rented/public9/cstrike/addons/metamod/plugins.ini
L 01/15/2020 - 18:47:06: [META] ini: Read plugin config for: SafeNameAndChat
L 01/15/2020 - 18:47:06: [META] ini: Read plugin config for: AMX Mod X
L 01/15/2020 - 18:47:06: [META] ini: Read plugin config for: Reunion
L 01/15/2020 - 18:47:06: [META] ini: Read plugin config for: ReAuthCheck
L 01/15/2020 - 18:47:06: [META] ini: Read plugin config for: WHBlocker
L 01/15/2020 - 18:47:06: [META] ini: Read plugin config for: ReSemiclip
L 01/15/2020 - 18:47:06: [META] ini: Read plugin config for: Revoice
L 01/15/2020 - 18:47:06: [META] ini: Finished reading plugins list: /home/rented/public9/cstrike/addons/metamod/plugins.ini; Found 7 plugins
L 01/15/2020 - 18:47:06: [META] dll: Updating plugins...
L 01/15/2020 - 18:47:06: [META] WARNING: Cannot clear plugin 'SafeNameAndChat'; not marked as failed, empty, or open (status=valid)
L 01/15/2020 - 18:47:06: [META] dll: Unloaded plugin 'SafeNameAndChat' for reason 'file on disk is newer'
L 01/15/2020 - 18:47:06: [META] dll: Loaded plugin 'SafeNameAndChat': SafeNameAndChat v1.1 2017.02.01, WPMG.PRoSToC0der
L 01/15/2020 - 18:47:06: [META] WARNING: Cannot clear plugin 'WHBlocker'; not marked as failed, empty, or open (status=valid)
L 01/15/2020 - 18:47:06: [META] dll: Unloaded plugin 'WHBlocker' for reason 'file on disk is newer'
L 01/15/2020 - 18:47:06: [META] dll: Loaded plugin 'WHBlocker': WHBlocker v1.5.692 2017-04-13, s1lent
L 01/15/2020 - 18:47:06: [META] WARNING: Cannot clear plugin 'ReSemiclip'; not marked as failed, empty, or open (status=valid)
L 01/15/2020 - 18:47:06: [META] dll: Unloaded plugin 'ReSemiclip' for reason 'file on disk is newer'
L 01/15/2020 - 18:47:06: [META] dll: Loaded plugin 'ReSemiclip': ReSemiclip v2.3.9 13/02/17, s1lent & Adidasman
L 01/15/2020 - 18:47:06: [META] dll: Finished updating 14 plugins; kept 0, loaded 0, unloaded 0, reloaded 3, delayed 0
L 01/15/2020 - 18:47:06: Log file closed
