L 01/12/2020 - 19:50:00: Log file started (file "logs/L0112068.log") (game "cstrike") (version "48/1.1.2.7/Stdio/1621")
L 01/12/2020 - 19:50:00: Loading map "crazytank_x"
L 01/12/2020 - 19:50:00: Server cvars start
L 01/12/2020 - 19:50:00: Server cvar "@BunnyHopper" = "3.x"
L 01/12/2020 - 19:50:00: Server cvar "@CRXGoSpec" = "1.1"
L 01/12/2020 - 19:50:00: Server cvar "@CRXRemoveImmunity" = "1.0"
L 01/12/2020 - 19:50:00: Server cvar "@D.I.C.E." = "1.1"
L 01/12/2020 - 19:50:00: Server cvar "@MOTDCommands" = "1.2"
L 01/12/2020 - 19:50:00: Server cvar "advanced_quake_sounds" = "5.0"
L 01/12/2020 - 19:50:00: Server cvar "AdvancedMute" = "1.0"
L 01/12/2020 - 19:50:00: Server cvar "aesp_version" = "1.3"
L 01/12/2020 - 19:50:00: Server cvar "allow_spectators" = "1.0"
L 01/12/2020 - 19:50:00: Server cvar "amx_client_languages" = "1"
L 01/12/2020 - 19:50:00: Server cvar "amx_language" = "en"
L 01/12/2020 - 19:50:00: Server cvar "amx_nextmap" = "crazytank_x"
L 01/12/2020 - 19:50:00: Server cvar "amx_ptb_version" = "1.8b3"
L 01/12/2020 - 19:50:00: Server cvar "amx_timeleft" = "00:00"
L 01/12/2020 - 19:50:00: Server cvar "amxmodx_version" = "1.8.2"
L 01/12/2020 - 19:50:00: Server cvar "amxxbg_vip" = "1.0"
L 01/12/2020 - 19:50:00: Server cvar "asp_version" = "4.5.1"
L 01/12/2020 - 19:50:00: Server cvar "atac_version" = "3.0.1"
L 01/12/2020 - 19:50:00: Server cvar "badcamper_version" = "1.4 beta"
L 01/12/2020 - 19:50:00: Server cvar "blockmaker" = "4.01"
L 01/12/2020 - 19:50:00: Server cvar "c4 timer" = "1.1"
L 01/12/2020 - 19:50:00: Server cvar "coop" = "0"
L 01/12/2020 - 19:50:00: Server cvar "CRXAdminGroups" = "1.0"
L 01/12/2020 - 19:50:00: Server cvar "CRXCommandRestrictions" = "1.0"
L 01/12/2020 - 19:50:00: Server cvar "CRXFastKnife" = "1.0"
L 01/12/2020 - 19:50:00: Server cvar "CRXGametracker" = "2.0"
L 01/12/2020 - 19:50:00: Server cvar "CRXKnifeModels" = "2.5.7"
L 01/12/2020 - 19:50:00: Server cvar "CRXTeamAdvantage" = "1.0"
L 01/12/2020 - 19:50:00: Server cvar "CustomShop" = "4.2"
L 01/12/2020 - 19:50:00: Server cvar "deathmatch" = "1"
L 01/12/2020 - 19:50:00: Server cvar "decalfrequency" = "0"
L 01/12/2020 - 19:50:00: Server cvar "edgefriction" = "2"
L 01/12/2020 - 19:50:00: Server cvar "ers_version" = "2.3c"
L 01/12/2020 - 19:50:00: Server cvar "gagsystem_shoko" = "1.0"
L 01/12/2020 - 19:50:00: Server cvar "gal_mapcyclefile" = "mapcycle.txt"
L 01/12/2020 - 19:50:00: Server cvar "gal_version" = "v5.9.1-926"
L 01/12/2020 - 19:50:00: Server cvar "game_version" = "5.7.0.313-dev"
L 01/12/2020 - 19:50:00: Server cvar "humans_join_team" = "any"
L 01/12/2020 - 19:50:00: Server cvar "jtp10181" = "chute,gore"
L 01/12/2020 - 19:50:00: Server cvar "lawliet" = "ny_RainingSnow"
L 01/12/2020 - 19:50:00: Server cvar "LetitSnow" = "1.0"
L 01/12/2020 - 19:50:00: Server cvar "map_spawns" = "T(16) CT(16)"
L 01/12/2020 - 19:50:00: Server cvar "max_queries_sec" = "3"
L 01/12/2020 - 19:50:00: Server cvar "max_queries_sec_global" = "150"
L 01/12/2020 - 19:50:00: Server cvar "max_queries_window" = "60"
L 01/12/2020 - 19:50:00: Server cvar "mdbBans" = "4.8"
L 01/12/2020 - 19:50:00: Server cvar "metamod_version" = "1.21p37"
L 01/12/2020 - 19:50:00: Server cvar "mp_autokick" = "0"
L 01/12/2020 - 19:50:00: Server cvar "mp_autokick_timeout" = "-1"
L 01/12/2020 - 19:50:00: Server cvar "mp_autoteambalance" = "0"
L 01/12/2020 - 19:50:00: Server cvar "mp_buytime" = "0.25"
L 01/12/2020 - 19:50:00: Server cvar "mp_c4timer" = "35"
L 01/12/2020 - 19:50:00: Server cvar "mp_chattime" = "5.000000"
L 01/12/2020 - 19:50:00: Server cvar "mp_consistency" = "1"
L 01/12/2020 - 19:50:00: Server cvar "mp_fadetoblack" = "0"
L 01/12/2020 - 19:50:00: Server cvar "mp_flashlight" = "1"
L 01/12/2020 - 19:50:00: Server cvar "mp_footsteps" = "1"
L 01/12/2020 - 19:50:00: Server cvar "mp_forcecamera" = "0"
L 01/12/2020 - 19:50:00: Server cvar "mp_forcechasecam" = "0"
L 01/12/2020 - 19:50:00: Server cvar "mp_forcerespawn" = "0"
L 01/12/2020 - 19:50:00: Server cvar "mp_fraglimit" = "0"
L 01/12/2020 - 19:50:00: Server cvar "mp_fragsleft" = "0"
L 01/12/2020 - 19:50:00: Server cvar "mp_freeforall" = "0"
L 01/12/2020 - 19:50:00: Server cvar "mp_freezetime" = "1"
L 01/12/2020 - 19:50:00: Server cvar "mp_friendlyfire" = "0"
L 01/12/2020 - 19:50:00: Server cvar "mp_hostage_hurtable" = "1"
L 01/12/2020 - 19:50:00: Server cvar "mp_hostagepenalty" = "0"
L 01/12/2020 - 19:50:00: Server cvar "mp_item_staytime" = "300"
L 01/12/2020 - 19:50:00: Server cvar "mp_kickpercent" = "0.66"
L 01/12/2020 - 19:50:00: Server cvar "mp_legacy_bombtarget_touch" = "1"
L 01/12/2020 - 19:50:00: Server cvar "mp_limitteams" = "0"
L 01/12/2020 - 19:50:00: Server cvar "mp_logdetail" = "0"
L 01/12/2020 - 19:50:00: Server cvar "mp_logfile" = "1"
L 01/12/2020 - 19:50:00: Server cvar "mp_logmessages" = "1"
L 01/12/2020 - 19:50:00: Server cvar "mp_mapvoteratio" = "0.66"
L 01/12/2020 - 19:50:00: Server cvar "mp_maxmoney" = "999999"
L 01/12/2020 - 19:50:00: Server cvar "mp_maxrounds" = "0"
L 01/12/2020 - 19:50:00: Server cvar "mp_mirrordamage" = "0"
L 01/12/2020 - 19:50:00: Server cvar "mp_old_bomb_defused_sound" = "1"
L 01/12/2020 - 19:50:00: Server cvar "mp_playerid" = "0"
L 01/12/2020 - 19:50:00: Server cvar "mp_respawn_immunitytime" = "0"
L 01/12/2020 - 19:50:00: Server cvar "mp_round_infinite" = "0"
L 01/12/2020 - 19:50:00: Server cvar "mp_round_restart_delay" = "5"
L 01/12/2020 - 19:50:00: Server cvar "mp_roundover" = "0"
L 01/12/2020 - 19:50:00: Server cvar "mp_roundtime" = "2.3"
L 01/12/2020 - 19:50:00: Server cvar "mp_show_radioicon" = "1"
L 01/12/2020 - 19:50:00: Server cvar "mp_startmoney" = "850"
L 01/12/2020 - 19:50:00: Server cvar "mp_timeleft" = "00:00"
L 01/12/2020 - 19:50:00: Server cvar "mp_timelimit" = "20.000000"
L 01/12/2020 - 19:50:00: Server cvar "mp_tkpunish" = "0"
L 01/12/2020 - 19:50:00: Server cvar "mp_windifference" = "1"
L 01/12/2020 - 19:50:00: Server cvar "mp_winlimit" = "0"
L 01/12/2020 - 19:50:00: Server cvar "NoWeaponsOnGround" = "1.0"
L 01/12/2020 - 19:50:00: Server cvar "pausable" = "0"
L 01/12/2020 - 19:50:00: Server cvar "present_version" = "2.01"
L 01/12/2020 - 19:50:00: Server cvar "RandomHP" = "2.2"
L 01/12/2020 - 19:50:00: Server cvar "reauthcheck_version" = "0.1.6"
L 01/12/2020 - 19:50:00: Server cvar "reconnect_features" = "0.3.1"
L 01/12/2020 - 19:50:00: Server cvar "report_system_version" = "3.1"
L 01/12/2020 - 19:50:00: Server cvar "resemiclip_version" = "2.3.9"
L 01/12/2020 - 19:50:00: Server cvar "reu_version" = "0.1.0.130"
L 01/12/2020 - 19:50:00: Server cvar "revoice_version" = "0.1.0.30"
L 01/12/2020 - 19:50:00: Server cvar "RRWM" = "2.0"
L 01/12/2020 - 19:50:00: Server cvar "sanksounds_version" = "1.8.6"
L 01/12/2020 - 19:50:00: Server cvar "SimpleMenu" = "1.1"
L 01/12/2020 - 19:50:00: Server cvar "SNAC_Version" = "1.1"
L 01/12/2020 - 19:50:00: Server cvar "SpecList" = "1.2a"
L 01/12/2020 - 19:50:00: Server cvar "sr_version" = "1.6"
L 01/12/2020 - 19:50:00: Server cvar "statsx_shell_ver" = "2.0.0 (BETA)"
L 01/12/2020 - 19:50:00: Server cvar "StyleC4Timer" = "2.1"
L 01/12/2020 - 19:50:00: Server cvar "sv_accelerate" = "5"
L 01/12/2020 - 19:50:00: Server cvar "sv_aim" = "1"
L 01/12/2020 - 19:50:00: Server cvar "sv_airaccelerate" = "100"
L 01/12/2020 - 19:50:00: Server cvar "sv_allowupload" = "1"
L 01/12/2020 - 19:50:00: Server cvar "sv_alltalk" = "1"
L 01/12/2020 - 19:50:00: Server cvar "sv_bounce" = "1"
L 01/12/2020 - 19:50:00: Server cvar "sv_cheats" = "0"
L 01/12/2020 - 19:50:00: Server cvar "sv_clienttrace" = "1"
L 01/12/2020 - 19:50:00: Server cvar "sv_contact" = "feruchio599@gmail.com"
L 01/12/2020 - 19:50:00: Server cvar "sv_friction" = "4"
L 01/12/2020 - 19:50:00: Server cvar "sv_gravity" = "800"
L 01/12/2020 - 19:50:00: Server cvar "sv_logblocks" = "0"
L 01/12/2020 - 19:50:00: Server cvar "sv_maxrate" = "50000"
L 01/12/2020 - 19:50:00: Server cvar "sv_maxspeed" = "900.000000"
L 01/12/2020 - 19:50:00: Server cvar "sv_minrate" = "10000"
L 01/12/2020 - 19:50:00: Server cvar "sv_password" = ""
L 01/12/2020 - 19:50:00: Server cvar "sv_proxies" = "1"
L 01/12/2020 - 19:50:00: Server cvar "sv_restart" = "0"
L 01/12/2020 - 19:50:00: Server cvar "sv_restartround" = "0"
L 01/12/2020 - 19:50:00: Server cvar "sv_stepsize" = "18"
L 01/12/2020 - 19:50:00: Server cvar "sv_stopspeed" = "75"
L 01/12/2020 - 19:50:00: Server cvar "sv_uploadmax" = "0.5"
L 01/12/2020 - 19:50:00: Server cvar "sv_version" = "1.1.2.7/Stdio,48,1621"
L 01/12/2020 - 19:50:00: Server cvar "sv_voiceenable" = "1"
L 01/12/2020 - 19:50:00: Server cvar "sv_wateraccelerate" = "10"
L 01/12/2020 - 19:50:00: Server cvar "sv_waterfriction" = "1"
L 01/12/2020 - 19:50:00: Server cvar "Team_Semiclip_version" = "3.3.1"
L 01/12/2020 - 19:50:00: Server cvar "vehicle_real_killer" = "1.1"
L 01/12/2020 - 19:50:00: Server cvar "WalkGuard" = "1.3.2"
L 01/12/2020 - 19:50:00: Server cvar "we_grenades" = "Huehue"
L 01/12/2020 - 19:50:00: Server cvar "we_player_models" = "Huehue"
L 01/12/2020 - 19:50:00: Server cvar "whb_version" = "1.5.692"
L 01/12/2020 - 19:50:00: Server cvar "zp_jp_version" = "Extra Item Jetpack+Bazooka v3.2"
L 01/12/2020 - 19:50:00: Server cvars end
L 01/12/2020 - 19:50:03: Server cvar "sv_maxspeed" = "900"
L 01/12/2020 - 19:50:03: Server cvar "mp_autoteambalance" = "1"
L 01/12/2020 - 19:50:03: Server cvar "mp_timelimit" = "20"
L 01/12/2020 - 19:50:03: Server cvar "mp_autoteambalance" = "0"
L 01/12/2020 - 19:50:03: Server cvar "amx_nextmap" = "[not yet voted on]"
L 01/12/2020 - 19:50:05: Started map "crazytank_x" (CRC "1731420750")
L 01/12/2020 - 19:50:07: World triggered "Round_Start"
L 01/12/2020 - 19:50:08: [REUNION]: CTPACTEH KO3AP (95.43.196.225) authorized as RevEmu
L 01/12/2020 - 19:50:08: "CTPACTEH KO3AP<124><STEAM_1:1:1095155758><>" connected, address "95.43.196.225:27005"
L 01/12/2020 - 19:50:08: "Maverick<110><STEAM_0:0:37264973><>" entered the game
L 01/12/2020 - 19:50:09: "Sco7ch<123><STEAM_0:0:523417429><>" entered the game
L 01/12/2020 - 19:50:10: "xXMr.ONurXx_YT<125><STEAM_0:0:526678195><>" connected, address "37.209.171.3:27005"
L 01/12/2020 - 19:50:10: "xXMr.ONurXx_YT<125><STEAM_0:0:526678195><>" STEAM USERID validated
L 01/12/2020 - 19:50:12: "Sco7ch<123><STEAM_0:0:523417429><>" joined team "TERRORIST"
L 01/12/2020 - 19:50:12: "Sco7ch<123><STEAM_0:0:523417429><TERRORIST>" triggered "Spawned_With_The_Bomb"
L 01/12/2020 - 19:50:12: "CTPACTEH KO3AP<124><STEAM_1:1:1095155758><>" entered the game
L 01/12/2020 - 19:50:15: "Maverick<110><STEAM_0:0:37264973><>" joined team "CT"
L 01/12/2020 - 19:50:16: "CTPACTEH KO3AP<124><STEAM_1:1:1095155758><>" joined team "CT"
L 01/12/2020 - 19:50:16: World triggered "Game_Commencing"
L 01/12/2020 - 19:50:16: World triggered "Game_Commencing" (CT "0") (T "0")
L 01/12/2020 - 19:50:16: World triggered "Round_End"
L 01/12/2020 - 19:50:17: [REUNION]: BAD BOY (178.169.239.222) authorized as RevEmu
L 01/12/2020 - 19:50:17: "BAD BOY<126><STEAM_1:1:175462098><>" connected, address "178.169.239.222:27005"
L 01/12/2020 - 19:50:19: "Sco7ch<123><STEAM_0:0:523417429><TERRORIST>" triggered "Spawned_With_The_Bomb"
L 01/12/2020 - 19:50:20: World triggered "Round_Start"
L 01/12/2020 - 19:50:22: [REUNION]: roLolO (105.105.3.185) authorized as RevEmu
L 01/12/2020 - 19:50:22: "roLolO<127><STEAM_2:0:549266178><>" connected, address "105.105.3.185:27005"
L 01/12/2020 - 19:50:23: "xXMr.ONurXx_YT<125><STEAM_0:0:526678195><>" entered the game
L 01/12/2020 - 19:50:27: "xXMr.ONurXx_YT<125><STEAM_0:0:526678195><>" joined team "TERRORIST"
L 01/12/2020 - 19:50:46: "Sco7ch<123><STEAM_0:0:523417429><TERRORIST>" killed "xXMr.ONurXx_YT<125><STEAM_0:0:526678195><TERRORIST>" with "tracktrain"
L 01/12/2020 - 19:50:57: "roLolO<127><STEAM_2:0:549266178><>" entered the game
L 01/12/2020 - 19:51:03: "roLolO<127><STEAM_2:0:549266178><>" joined team "TERRORIST"
L 01/12/2020 - 19:51:07: "BAD BOY<126><STEAM_1:1:175462098><>" entered the game
L 01/12/2020 - 19:51:09: "Sco7ch<123><STEAM_0:0:523417429><TERRORIST>" killed "CTPACTEH KO3AP<124><STEAM_1:1:1095155758><CT>" with "deagle"
L 01/12/2020 - 19:51:16: "CTPACTEH KO3AP<124><STEAM_1:1:1095155758><CT>" disconnected
L 01/12/2020 - 19:52:07: "BAD BOY<126><STEAM_1:1:175462098><>" joined team "SPECTATOR"
L 01/12/2020 - 19:52:16: "Sco7ch<123><STEAM_0:0:523417429><TERRORIST>" killed "Maverick<110><STEAM_0:0:37264973><CT>" with "knife"
L 01/12/2020 - 19:52:16: Team "TERRORIST" triggered "Terrorists_Win" (CT "0") (T "1")
L 01/12/2020 - 19:52:16: World triggered "Round_End"
L 01/12/2020 - 19:52:21: "roLolO<127><STEAM_2:0:549266178><TERRORIST>" triggered "Spawned_With_The_Bomb"
L 01/12/2020 - 19:52:22: World triggered "Round_Start"
L 01/12/2020 - 19:52:42: "BAD BOY<126><STEAM_1:1:175462098><SPECTATOR>" joined team "CT"
L 01/12/2020 - 19:53:06: "Maverick<110><STEAM_0:0:37264973><CT>" killed "Sco7ch<123><STEAM_0:0:523417429><TERRORIST>" with "tracktrain"
L 01/12/2020 - 19:53:06: "Sco7ch<123><STEAM_0:0:523417429><TERRORIST>" killed "Maverick<110><STEAM_0:0:37264973><CT>" with "tracktrain"
L 01/12/2020 - 19:53:06: Team "TERRORIST" triggered "Terrorists_Win" (CT "0") (T "2")
L 01/12/2020 - 19:53:06: World triggered "Round_End"
L 01/12/2020 - 19:53:11: "Sco7ch<123><STEAM_0:0:523417429><TERRORIST>" joined team "CT"
L 01/12/2020 - 19:53:11: "<><><>" triggered "amx_chat" (text "[PTB] Transfered Sco7ch to CT")
L 01/12/2020 - 19:53:11: "roLolO<127><STEAM_2:0:549266178><TERRORIST>" triggered "Spawned_With_The_Bomb"
L 01/12/2020 - 19:53:12: World triggered "Round_Start"
L 01/12/2020 - 19:53:27: "roLolO<127><STEAM_2:0:549266178><TERRORIST>" triggered "Dropped_The_Bomb"
L 01/12/2020 - 19:53:27: "xXMr.ONurXx_YT<125><STEAM_0:0:526678195><TERRORIST>" triggered "Got_The_Bomb"
L 01/12/2020 - 19:53:46: "roLolO<127><STEAM_2:0:549266178><TERRORIST>" disconnected
L 01/12/2020 - 19:53:51: "Sco7ch<123><STEAM_0:0:523417429><>" STEAM USERID validated
L 01/12/2020 - 19:53:51: "xXMr.ONurXx_YT<125><STEAM_0:0:526678195><>" STEAM USERID validated
L 01/12/2020 - 19:53:51: "Maverick<110><STEAM_0:0:37264973><>" STEAM USERID validated
L 01/12/2020 - 19:54:03: "Maverick<110><STEAM_0:0:37264973><CT>" killed "xXMr.ONurXx_YT<125><STEAM_0:0:526678195><TERRORIST>" with "tracktrain"
L 01/12/2020 - 19:54:03: Team "CT" triggered "CTs_Win" (CT "1") (T "2")
L 01/12/2020 - 19:54:03: World triggered "Round_End"
L 01/12/2020 - 19:54:08: "Maverick<110><STEAM_0:0:37264973><CT>" joined team "TERRORIST"
L 01/12/2020 - 19:54:08: "<><><>" triggered "amx_chat" (text "[PTB] Transfered Maverick to TERRORIST")
L 01/12/2020 - 19:54:08: "xXMr.ONurXx_YT<125><STEAM_0:0:526678195><TERRORIST>" triggered "Spawned_With_The_Bomb"
L 01/12/2020 - 19:54:09: World triggered "Round_Start"
L 01/12/2020 - 19:54:54: "Sco7ch<123><STEAM_0:0:523417429><CT>" killed "Maverick<110><STEAM_0:0:37264973><TERRORIST>" with "m4a1"
L 01/12/2020 - 19:54:54: "BAD BOY<126><STEAM_1:1:175462098><CT>" killed "xXMr.ONurXx_YT<125><STEAM_0:0:526678195><TERRORIST>" with "m4a1"
L 01/12/2020 - 19:54:54: Team "CT" triggered "CTs_Win" (CT "2") (T "2")
L 01/12/2020 - 19:54:54: World triggered "Round_End"
L 01/12/2020 - 19:54:59: "Maverick<110><STEAM_0:0:37264973><TERRORIST>" triggered "Spawned_With_The_Bomb"
L 01/12/2020 - 19:55:00: World triggered "Round_Start"
L 01/12/2020 - 19:56:36: "Sco7ch<123><STEAM_0:0:523417429><CT>" killed "Maverick<110><STEAM_0:0:37264973><TERRORIST>" with "m4a1"
L 01/12/2020 - 19:56:36: "Maverick<110><STEAM_0:0:37264973><TERRORIST>" triggered "Dropped_The_Bomb"
L 01/12/2020 - 19:56:40: "BAD BOY<126><STEAM_1:1:175462098><CT>" killed "xXMr.ONurXx_YT<125><STEAM_0:0:526678195><TERRORIST>" with "m4a1"
L 01/12/2020 - 19:56:40: Team "CT" triggered "CTs_Win" (CT "3") (T "2")
L 01/12/2020 - 19:56:40: World triggered "Round_End"
L 01/12/2020 - 19:56:45: "BAD BOY<126><STEAM_1:1:175462098><CT>" joined team "TERRORIST"
L 01/12/2020 - 19:56:45: "<><><>" triggered "amx_chat" (text "[PTB] Transfered BAD BOY to TERRORIST")
L 01/12/2020 - 19:56:45: "Maverick<110><STEAM_0:0:37264973><TERRORIST>" triggered "Spawned_With_The_Bomb"
L 01/12/2020 - 19:56:46: World triggered "Round_Start"
L 01/12/2020 - 19:56:55: [REUNION]: Mr.Knife (87.243.100.109) authorized as RevEmu
L 01/12/2020 - 19:56:55: "Mr.Knife<128><STEAM_1:1:1973042010><>" connected, address "87.243.100.109:27005"
L 01/12/2020 - 19:57:01: "Maverick<110><STEAM_0:0:37264973><TERRORIST>" triggered "Dropped_The_Bomb"
L 01/12/2020 - 19:57:01: "xXMr.ONurXx_YT<125><STEAM_0:0:526678195><TERRORIST>" triggered "Got_The_Bomb"
L 01/12/2020 - 19:57:04: "xXMr.ONurXx_YT<125><STEAM_0:0:526678195><TERRORIST>" triggered "Dropped_The_Bomb"
L 01/12/2020 - 19:57:07: "Maverick<110><STEAM_0:0:37264973><TERRORIST>" triggered "Got_The_Bomb"
L 01/12/2020 - 19:57:10: "Mr.Knife<128><STEAM_1:1:1973042010><>" entered the game
L 01/12/2020 - 19:57:15: "Mr.Knife<128><STEAM_1:1:1973042010><>" joined team "TERRORIST"
L 01/12/2020 - 19:57:15: "Maverick<110><STEAM_0:0:37264973><TERRORIST>" triggered "Dropped_The_Bomb"
L 01/12/2020 - 19:57:15: "xXMr.ONurXx_YT<125><STEAM_0:0:526678195><TERRORIST>" triggered "Got_The_Bomb"
L 01/12/2020 - 19:57:16: "xXMr.ONurXx_YT<125><STEAM_0:0:526678195><TERRORIST>" triggered "Dropped_The_Bomb"
L 01/12/2020 - 19:57:17: "Maverick<110><STEAM_0:0:37264973><TERRORIST>" triggered "Got_The_Bomb"
L 01/12/2020 - 19:57:18: "Maverick<110><STEAM_0:0:37264973><TERRORIST>" triggered "Dropped_The_Bomb"
L 01/12/2020 - 19:57:18: "xXMr.ONurXx_YT<125><STEAM_0:0:526678195><TERRORIST>" triggered "Got_The_Bomb"
L 01/12/2020 - 19:57:18: "xXMr.ONurXx_YT<125><STEAM_0:0:526678195><TERRORIST>" triggered "Dropped_The_Bomb"
L 01/12/2020 - 19:57:22: "BAD BOY<126><STEAM_1:1:175462098><TERRORIST>" killed "Sco7ch<123><STEAM_0:0:523417429><CT>" with "m4a1"
L 01/12/2020 - 19:57:22: Team "TERRORIST" triggered "Terrorists_Win" (CT "3") (T "3")
L 01/12/2020 - 19:57:22: World triggered "Round_End"
L 01/12/2020 - 19:57:27: "Maverick<110><STEAM_0:0:37264973><TERRORIST>" joined team "CT"
L 01/12/2020 - 19:57:27: "<><><>" triggered "amx_chat" (text "[PTB] Transfered Maverick to CT")
L 01/12/2020 - 19:57:27: "xXMr.ONurXx_YT<125><STEAM_0:0:526678195><TERRORIST>" triggered "Spawned_With_The_Bomb"
L 01/12/2020 - 19:57:28: World triggered "Round_Start"
L 01/12/2020 - 19:57:59: "xXMr.ONurXx_YT<125><STEAM_0:0:526678195><TERRORIST>" triggered "Dropped_The_Bomb"
L 01/12/2020 - 19:58:07: "Sco7ch<123><STEAM_0:0:523417429><CT>" killed "BAD BOY<126><STEAM_1:1:175462098><TERRORIST>" with "awp"
L 01/12/2020 - 19:58:27: "xXMr.ONurXx_YT<125><STEAM_0:0:526678195><TERRORIST>" killed "Maverick<110><STEAM_0:0:37264973><CT>" with "tracktrain"
L 01/12/2020 - 19:58:32: "xXMr.ONurXx_YT<125><STEAM_0:0:526678195><TERRORIST>" killed "Mr.Knife<128><STEAM_1:1:1973042010><TERRORIST>" with "tracktrain"
L 01/12/2020 - 19:58:33: "Sco7ch<123><STEAM_0:0:523417429><CT>" killed "xXMr.ONurXx_YT<125><STEAM_0:0:526678195><TERRORIST>" with "awp"
L 01/12/2020 - 19:58:33: Team "CT" triggered "CTs_Win" (CT "4") (T "3")
L 01/12/2020 - 19:58:33: World triggered "Round_End"
L 01/12/2020 - 19:58:38: "Mr.Knife<128><STEAM_1:1:1973042010><TERRORIST>" triggered "Spawned_With_The_Bomb"
L 01/12/2020 - 19:58:39: World triggered "Round_Start"
L 01/12/2020 - 19:58:45: "xXMr.ONurXx_YT<125><STEAM_0:0:526678195><TERRORIST>" committed suicide with "world"
L 01/12/2020 - 19:59:22: "Sco7ch<123><STEAM_0:0:523417429><CT>" killed "BAD BOY<126><STEAM_1:1:175462098><TERRORIST>" with "awp"
L 01/12/2020 - 19:59:27: "Sco7ch<123><STEAM_0:0:523417429><CT>" killed "Mr.Knife<128><STEAM_1:1:1973042010><TERRORIST>" with "awp"
L 01/12/2020 - 19:59:27: Team "CT" triggered "CTs_Win" (CT "5") (T "3")
L 01/12/2020 - 19:59:27: World triggered "Round_End"
L 01/12/2020 - 19:59:32: "BAD BOY<126><STEAM_1:1:175462098><TERRORIST>" triggered "Spawned_With_The_Bomb"
L 01/12/2020 - 19:59:33: World triggered "Round_Start"
L 01/12/2020 - 20:00:10: "BAD BOY<126><STEAM_1:1:175462098><TERRORIST>" killed "Sco7ch<123><STEAM_0:0:523417429><CT>" with "ak47"
L 01/12/2020 - 20:01:18: "Mr.Knife<128><STEAM_1:1:1973042010><TERRORIST>" killed "Maverick<110><STEAM_0:0:37264973><CT>" with "ak47"
L 01/12/2020 - 20:01:18: Team "TERRORIST" triggered "Terrorists_Win" (CT "5") (T "4")
L 01/12/2020 - 20:01:18: World triggered "Round_End"
L 01/12/2020 - 20:01:23: "xXMr.ONurXx_YT<125><STEAM_0:0:526678195><TERRORIST>" triggered "Spawned_With_The_Bomb"
L 01/12/2020 - 20:01:24: World triggered "Round_Start"
L 01/12/2020 - 20:02:24: "xXMr.ONurXx_YT<125><STEAM_0:0:526678195><TERRORIST>" killed "Maverick<110><STEAM_0:0:37264973><CT>" with "knife"
L 01/12/2020 - 20:02:56: "Mr.Knife<128><STEAM_1:1:1973042010><TERRORIST>" committed suicide with "world"
L 01/12/2020 - 20:03:12: "Mr.Knife<128><STEAM_1:1:1973042010><TERRORIST>" disconnected
L 01/12/2020 - 20:03:42: Team "CT" triggered "Target_Saved" (CT "6") (T "4")
L 01/12/2020 - 20:03:42: World triggered "Round_End"
L 01/12/2020 - 20:03:47: "BAD BOY<126><STEAM_1:1:175462098><TERRORIST>" triggered "Spawned_With_The_Bomb"
L 01/12/2020 - 20:03:48: World triggered "Round_Start"
L 01/12/2020 - 20:04:24: "Sco7ch<123><STEAM_0:0:523417429><CT>" killed "BAD BOY<126><STEAM_1:1:175462098><TERRORIST>" with "tracktrain"
L 01/12/2020 - 20:04:46: "Maverick<110><STEAM_0:0:37264973><CT>" committed suicide with "world"
L 01/12/2020 - 20:05:15: "Sco7ch<123><STEAM_0:0:523417429><CT>" killed "xXMr.ONurXx_YT<125><STEAM_0:0:526678195><TERRORIST>" with "knife"
L 01/12/2020 - 20:05:15: Team "CT" triggered "CTs_Win" (CT "7") (T "4")
L 01/12/2020 - 20:05:15: World triggered "Round_End"
L 01/12/2020 - 20:05:20: "Maverick<110><STEAM_0:0:37264973><CT>" joined team "TERRORIST"
L 01/12/2020 - 20:05:20: "<><><>" triggered "amx_chat" (text "[PTB] Transfered Maverick to TERRORIST")
L 01/12/2020 - 20:05:20: "Maverick<110><STEAM_0:0:37264973><TERRORIST>" triggered "Spawned_With_The_Bomb"
L 01/12/2020 - 20:05:21: World triggered "Round_Start"
L 01/12/2020 - 20:06:17: "BAD BOY<126><STEAM_1:1:175462098><TERRORIST>" committed suicide with "world"
L 01/12/2020 - 20:06:17: "BAD BOY<126><STEAM_1:1:175462098><TERRORIST>" joined team "SPECTATOR"
L 01/12/2020 - 20:06:19: "Maverick<110><STEAM_0:0:37264973><TERRORIST>" committed suicide with "world"
L 01/12/2020 - 20:06:19: "Maverick<110><STEAM_0:0:37264973><TERRORIST>" triggered "Dropped_The_Bomb"
L 01/12/2020 - 20:06:42: "Sco7ch<123><STEAM_0:0:523417429><CT>" killed "xXMr.ONurXx_YT<125><STEAM_0:0:526678195><TERRORIST>" with "knife"
L 01/12/2020 - 20:06:42: Team "CT" triggered "CTs_Win" (CT "8") (T "4")
L 01/12/2020 - 20:06:42: World triggered "Round_End"
L 01/12/2020 - 20:06:47: "Maverick<110><STEAM_0:0:37264973><TERRORIST>" triggered "Spawned_With_The_Bomb"
L 01/12/2020 - 20:06:48: World triggered "Round_Start"
L 01/12/2020 - 20:06:49: "BAD BOY<126><STEAM_1:1:175462098><SPECTATOR>" joined team "CT"
L 01/12/2020 - 20:06:55: "BAD BOY<126><STEAM_1:1:175462098><CT>" disconnected
L 01/12/2020 - 20:07:31: "Maverick<110><STEAM_0:0:37264973><TERRORIST>" committed suicide with "worldspawn" (world)
L 01/12/2020 - 20:07:31: "Maverick<110><STEAM_0:0:37264973><TERRORIST>" triggered "Dropped_The_Bomb"
L 01/12/2020 - 20:07:58: "Sco7ch<123><STEAM_0:0:523417429><CT>" killed "xXMr.ONurXx_YT<125><STEAM_0:0:526678195><TERRORIST>" with "mac10"
L 01/12/2020 - 20:07:58: Team "CT" triggered "CTs_Win" (CT "9") (T "4")
L 01/12/2020 - 20:07:58: World triggered "Round_End"
L 01/12/2020 - 20:08:03: "xXMr.ONurXx_YT<125><STEAM_0:0:526678195><TERRORIST>" triggered "Spawned_With_The_Bomb"
L 01/12/2020 - 20:08:04: World triggered "Round_Start"
L 01/12/2020 - 20:08:29: "Maverick<110><STEAM_0:0:37264973><TERRORIST>" committed suicide with "worldspawn" (world)
L 01/12/2020 - 20:08:57: "xXMr.ONurXx_YT<125><STEAM_0:0:526678195><TERRORIST>" killed "Sco7ch<123><STEAM_0:0:523417429><CT>" with "knife"
L 01/12/2020 - 20:08:57: Team "TERRORIST" triggered "Terrorists_Win" (CT "9") (T "5")
L 01/12/2020 - 20:08:57: World triggered "Round_End"
L 01/12/2020 - 20:09:02: "Maverick<110><STEAM_0:0:37264973><TERRORIST>" triggered "Spawned_With_The_Bomb"
L 01/12/2020 - 20:09:03: World triggered "Round_Start"
L 01/12/2020 - 20:09:26: Server cvar "amx_nextmap" = "cs_carzzz"
L 01/12/2020 - 20:10:04: Server cvar "mp_timelimit" = "0.000000"
L 01/12/2020 - 20:10:20: "xXMr.ONurXx_YT<125><STEAM_0:0:526678195><TERRORIST>" disconnected
L 01/12/2020 - 20:10:34: "Sco7ch<123><STEAM_0:0:523417429><CT>" killed "Maverick<110><STEAM_0:0:37264973><TERRORIST>" with "m4a1"
L 01/12/2020 - 20:10:34: Team "CT" triggered "CTs_Win" (CT "10") (T "5")
L 01/12/2020 - 20:10:34: World triggered "Round_End"
L 01/12/2020 - 20:10:39: "Maverick<110><STEAM_0:0:37264973><TERRORIST>" triggered "Spawned_With_The_Bomb"
L 01/12/2020 - 20:10:40: World triggered "Round_Start"
L 01/12/2020 - 20:10:40: Server cvar "sv_maxspeed" = "0.000000"
L 01/12/2020 - 20:10:40: Server cvar "mp_friendlyfire" = "1"
L 01/12/2020 - 20:10:46: Server cvar "sv_maxspeed" = "900.000000"
L 01/12/2020 - 20:10:46: Server cvar "mp_friendlyfire" = "0"
L 01/12/2020 - 20:10:46: Server cvar "mp_timelimit" = "20.000000"
L 01/12/2020 - 20:10:46: [META] ini: Begin re-reading plugins list: /home/rented/public9/cstrike/addons/metamod/plugins.ini
L 01/12/2020 - 20:10:46: [META] ini: Read plugin config for: SafeNameAndChat
L 01/12/2020 - 20:10:46: [META] ini: Read plugin config for: AMX Mod X
L 01/12/2020 - 20:10:46: [META] ini: Read plugin config for: Reunion
L 01/12/2020 - 20:10:46: [META] ini: Read plugin config for: ReAuthCheck
L 01/12/2020 - 20:10:46: [META] ini: Read plugin config for: WHBlocker
L 01/12/2020 - 20:10:46: [META] ini: Read plugin config for: ReSemiclip
L 01/12/2020 - 20:10:46: [META] ini: Read plugin config for: Revoice
L 01/12/2020 - 20:10:46: [META] ini: Finished reading plugins list: /home/rented/public9/cstrike/addons/metamod/plugins.ini; Found 7 plugins
L 01/12/2020 - 20:10:46: [META] dll: Updating plugins...
L 01/12/2020 - 20:10:46: [META] WARNING: Cannot clear plugin 'SafeNameAndChat'; not marked as failed, empty, or open (status=valid)
L 01/12/2020 - 20:10:46: [META] dll: Unloaded plugin 'SafeNameAndChat' for reason 'file on disk is newer'
L 01/12/2020 - 20:10:46: [META] dll: Loaded plugin 'SafeNameAndChat': SafeNameAndChat v1.1 2017.02.01, WPMG.PRoSToC0der
L 01/12/2020 - 20:10:46: [META] WARNING: Cannot clear plugin 'WHBlocker'; not marked as failed, empty, or open (status=valid)
L 01/12/2020 - 20:10:46: [META] dll: Unloaded plugin 'WHBlocker' for reason 'file on disk is newer'
L 01/12/2020 - 20:10:46: [META] dll: Loaded plugin 'WHBlocker': WHBlocker v1.5.692 2017-04-13, s1lent
L 01/12/2020 - 20:10:46: [META] WARNING: Cannot clear plugin 'ReSemiclip'; not marked as failed, empty, or open (status=valid)
L 01/12/2020 - 20:10:46: [META] dll: Unloaded plugin 'ReSemiclip' for reason 'file on disk is newer'
L 01/12/2020 - 20:10:46: [META] dll: Loaded plugin 'ReSemiclip': ReSemiclip v2.3.9 13/02/17, s1lent & Adidasman
L 01/12/2020 - 20:10:46: [META] dll: Finished updating 14 plugins; kept 0, loaded 0, unloaded 0, reloaded 3, delayed 0
L 01/12/2020 - 20:10:46: "Sco7ch<123><STEAM_0:0:523417429><CT>" disconnected
L 01/12/2020 - 20:10:46: "Maverick<110><STEAM_0:0:37264973><TERRORIST>" disconnected
L 01/12/2020 - 20:10:46: World triggered "Round_Draw" (CT "10") (T "5")
L 01/12/2020 - 20:10:46: World triggered "Round_End"
L 01/12/2020 - 20:10:46: Log file closed
