L 01/11/2020 - 20:33:57: Log file started (file "logs/L0111063.log") (game "cstrike") (version "48/1.1.2.7/Stdio/1621")
L 01/11/2020 - 20:33:57: Loading map "nipperhouse"
L 01/11/2020 - 20:33:57: Server cvars start
L 01/11/2020 - 20:33:57: Server cvar "@BunnyHopper" = "3.x"
L 01/11/2020 - 20:33:57: Server cvar "@CRXGoSpec" = "1.1"
L 01/11/2020 - 20:33:57: Server cvar "@CRXRemoveImmunity" = "1.0"
L 01/11/2020 - 20:33:57: Server cvar "@D.I.C.E." = "1.1"
L 01/11/2020 - 20:33:57: Server cvar "@MOTDCommands" = "1.2"
L 01/11/2020 - 20:33:57: Server cvar "advanced_quake_sounds" = "5.0"
L 01/11/2020 - 20:33:57: Server cvar "AdvancedMute" = "1.0"
L 01/11/2020 - 20:33:57: Server cvar "aesp_version" = "1.3"
L 01/11/2020 - 20:33:57: Server cvar "allow_spectators" = "1.0"
L 01/11/2020 - 20:33:57: Server cvar "amx_client_languages" = "1"
L 01/11/2020 - 20:33:57: Server cvar "amx_language" = "en"
L 01/11/2020 - 20:33:57: Server cvar "amx_nextmap" = "nipperhouse"
L 01/11/2020 - 20:33:57: Server cvar "amx_ptb_version" = "1.8b3"
L 01/11/2020 - 20:33:57: Server cvar "amx_timeleft" = "15:58"
L 01/11/2020 - 20:33:57: Server cvar "amxmodx_version" = "1.8.2"
L 01/11/2020 - 20:33:57: Server cvar "amxxbg_vip" = "1.0"
L 01/11/2020 - 20:33:57: Server cvar "asp_version" = "4.5.1"
L 01/11/2020 - 20:33:57: Server cvar "atac_version" = "3.0.1"
L 01/11/2020 - 20:33:57: Server cvar "badcamper_version" = "1.4 beta"
L 01/11/2020 - 20:33:57: Server cvar "blockmaker" = "4.01"
L 01/11/2020 - 20:33:57: Server cvar "c4 timer" = "1.1"
L 01/11/2020 - 20:33:57: Server cvar "coop" = "0"
L 01/11/2020 - 20:33:57: Server cvar "CRXAdminGroups" = "1.0"
L 01/11/2020 - 20:33:57: Server cvar "CRXCommandRestrictions" = "1.0"
L 01/11/2020 - 20:33:57: Server cvar "CRXFastKnife" = "1.0"
L 01/11/2020 - 20:33:57: Server cvar "CRXGametracker" = "2.0"
L 01/11/2020 - 20:33:57: Server cvar "CRXKnifeModels" = "2.5.7"
L 01/11/2020 - 20:33:57: Server cvar "CRXTeamAdvantage" = "1.0"
L 01/11/2020 - 20:33:57: Server cvar "CustomShop" = "4.2"
L 01/11/2020 - 20:33:57: Server cvar "deathmatch" = "1"
L 01/11/2020 - 20:33:57: Server cvar "decalfrequency" = "0"
L 01/11/2020 - 20:33:57: Server cvar "edgefriction" = "2"
L 01/11/2020 - 20:33:57: Server cvar "ers_version" = "2.3c"
L 01/11/2020 - 20:33:57: Server cvar "gagsystem_shoko" = "1.0"
L 01/11/2020 - 20:33:57: Server cvar "gal_mapcyclefile" = "mapcycle.txt"
L 01/11/2020 - 20:33:57: Server cvar "gal_version" = "v5.9.1-926"
L 01/11/2020 - 20:33:57: Server cvar "game_version" = "5.7.0.313-dev"
L 01/11/2020 - 20:33:57: Server cvar "humans_join_team" = "any"
L 01/11/2020 - 20:33:57: Server cvar "jtp10181" = "chute,gore"
L 01/11/2020 - 20:33:57: Server cvar "lawliet" = "ny_RainingSnow"
L 01/11/2020 - 20:33:57: Server cvar "LetitSnow" = "1.0"
L 01/11/2020 - 20:33:57: Server cvar "map_spawns" = "T(16) CT(16)"
L 01/11/2020 - 20:33:57: Server cvar "max_queries_sec" = "3"
L 01/11/2020 - 20:33:57: Server cvar "max_queries_sec_global" = "150"
L 01/11/2020 - 20:33:57: Server cvar "max_queries_window" = "60"
L 01/11/2020 - 20:33:57: Server cvar "mdbBans" = "4.8"
L 01/11/2020 - 20:33:57: Server cvar "metamod_version" = "1.21p37"
L 01/11/2020 - 20:33:57: Server cvar "mp_autokick" = "0"
L 01/11/2020 - 20:33:57: Server cvar "mp_autokick_timeout" = "-1"
L 01/11/2020 - 20:33:57: Server cvar "mp_autoteambalance" = "0"
L 01/11/2020 - 20:33:57: Server cvar "mp_buytime" = "0.25"
L 01/11/2020 - 20:33:57: Server cvar "mp_c4timer" = "35"
L 01/11/2020 - 20:33:57: Server cvar "mp_chattime" = "5.000000"
L 01/11/2020 - 20:33:57: Server cvar "mp_consistency" = "1"
L 01/11/2020 - 20:33:57: Server cvar "mp_fadetoblack" = "0"
L 01/11/2020 - 20:33:57: Server cvar "mp_flashlight" = "1"
L 01/11/2020 - 20:33:57: Server cvar "mp_footsteps" = "1"
L 01/11/2020 - 20:33:57: Server cvar "mp_forcecamera" = "0"
L 01/11/2020 - 20:33:57: Server cvar "mp_forcechasecam" = "0"
L 01/11/2020 - 20:33:57: Server cvar "mp_forcerespawn" = "0"
L 01/11/2020 - 20:33:57: Server cvar "mp_fraglimit" = "0"
L 01/11/2020 - 20:33:57: Server cvar "mp_fragsleft" = "0"
L 01/11/2020 - 20:33:57: Server cvar "mp_freeforall" = "0"
L 01/11/2020 - 20:33:57: Server cvar "mp_freezetime" = "1"
L 01/11/2020 - 20:33:57: Server cvar "mp_friendlyfire" = "0"
L 01/11/2020 - 20:33:57: Server cvar "mp_hostage_hurtable" = "1"
L 01/11/2020 - 20:33:57: Server cvar "mp_hostagepenalty" = "0"
L 01/11/2020 - 20:33:57: Server cvar "mp_item_staytime" = "300"
L 01/11/2020 - 20:33:57: Server cvar "mp_kickpercent" = "0.66"
L 01/11/2020 - 20:33:57: Server cvar "mp_legacy_bombtarget_touch" = "1"
L 01/11/2020 - 20:33:57: Server cvar "mp_limitteams" = "0"
L 01/11/2020 - 20:33:57: Server cvar "mp_logdetail" = "0"
L 01/11/2020 - 20:33:57: Server cvar "mp_logfile" = "1"
L 01/11/2020 - 20:33:57: Server cvar "mp_logmessages" = "1"
L 01/11/2020 - 20:33:57: Server cvar "mp_mapvoteratio" = "0.66"
L 01/11/2020 - 20:33:57: Server cvar "mp_maxmoney" = "999999"
L 01/11/2020 - 20:33:57: Server cvar "mp_maxrounds" = "0"
L 01/11/2020 - 20:33:57: Server cvar "mp_mirrordamage" = "0"
L 01/11/2020 - 20:33:57: Server cvar "mp_old_bomb_defused_sound" = "1"
L 01/11/2020 - 20:33:57: Server cvar "mp_playerid" = "0"
L 01/11/2020 - 20:33:57: Server cvar "mp_respawn_immunitytime" = "0"
L 01/11/2020 - 20:33:57: Server cvar "mp_round_infinite" = "0"
L 01/11/2020 - 20:33:57: Server cvar "mp_round_restart_delay" = "5"
L 01/11/2020 - 20:33:57: Server cvar "mp_roundover" = "0"
L 01/11/2020 - 20:33:57: Server cvar "mp_roundtime" = "2.3"
L 01/11/2020 - 20:33:57: Server cvar "mp_show_radioicon" = "1"
L 01/11/2020 - 20:33:57: Server cvar "mp_startmoney" = "850"
L 01/11/2020 - 20:33:57: Server cvar "mp_timeleft" = "15:58"
L 01/11/2020 - 20:33:57: Server cvar "mp_timelimit" = "20"
L 01/11/2020 - 20:33:57: Server cvar "mp_tkpunish" = "0"
L 01/11/2020 - 20:33:57: Server cvar "mp_windifference" = "1"
L 01/11/2020 - 20:33:57: Server cvar "mp_winlimit" = "0"
L 01/11/2020 - 20:33:57: Server cvar "NoWeaponsOnGround" = "1.0"
L 01/11/2020 - 20:33:57: Server cvar "pausable" = "0"
L 01/11/2020 - 20:33:57: Server cvar "present_version" = "2.01"
L 01/11/2020 - 20:33:57: Server cvar "RandomHP" = "2.2"
L 01/11/2020 - 20:33:57: Server cvar "reauthcheck_version" = "0.1.6"
L 01/11/2020 - 20:33:57: Server cvar "reconnect_features" = "0.3.1"
L 01/11/2020 - 20:33:57: Server cvar "report_system_version" = "3.1"
L 01/11/2020 - 20:33:57: Server cvar "resemiclip_version" = "2.3.9"
L 01/11/2020 - 20:33:57: Server cvar "reu_version" = "0.1.0.130"
L 01/11/2020 - 20:33:57: Server cvar "revoice_version" = "0.1.0.30"
L 01/11/2020 - 20:33:57: Server cvar "RRWM" = "2.0"
L 01/11/2020 - 20:33:57: Server cvar "sanksounds_version" = "1.8.6"
L 01/11/2020 - 20:33:57: Server cvar "SimpleMenu" = "1.1"
L 01/11/2020 - 20:33:57: Server cvar "SNAC_Version" = "1.1"
L 01/11/2020 - 20:33:57: Server cvar "SpecList" = "1.2a"
L 01/11/2020 - 20:33:57: Server cvar "sr_version" = "1.6"
L 01/11/2020 - 20:33:57: Server cvar "statsx_shell_ver" = "2.0.0 (BETA)"
L 01/11/2020 - 20:33:57: Server cvar "StyleC4Timer" = "2.1"
L 01/11/2020 - 20:33:57: Server cvar "sv_accelerate" = "5"
L 01/11/2020 - 20:33:57: Server cvar "sv_aim" = "1"
L 01/11/2020 - 20:33:57: Server cvar "sv_airaccelerate" = "100"
L 01/11/2020 - 20:33:57: Server cvar "sv_allowupload" = "1"
L 01/11/2020 - 20:33:57: Server cvar "sv_alltalk" = "1"
L 01/11/2020 - 20:33:57: Server cvar "sv_bounce" = "1"
L 01/11/2020 - 20:33:57: Server cvar "sv_cheats" = "0"
L 01/11/2020 - 20:33:57: Server cvar "sv_clienttrace" = "1"
L 01/11/2020 - 20:33:57: Server cvar "sv_contact" = "feruchio599@gmail.com"
L 01/11/2020 - 20:33:57: Server cvar "sv_friction" = "4"
L 01/11/2020 - 20:33:57: Server cvar "sv_gravity" = "800"
L 01/11/2020 - 20:33:57: Server cvar "sv_logblocks" = "0"
L 01/11/2020 - 20:33:57: Server cvar "sv_maxrate" = "50000"
L 01/11/2020 - 20:33:57: Server cvar "sv_maxspeed" = "900"
L 01/11/2020 - 20:33:57: Server cvar "sv_minrate" = "10000"
L 01/11/2020 - 20:33:57: Server cvar "sv_password" = ""
L 01/11/2020 - 20:33:57: Server cvar "sv_proxies" = "1"
L 01/11/2020 - 20:33:57: Server cvar "sv_restart" = "0"
L 01/11/2020 - 20:33:57: Server cvar "sv_restartround" = "0"
L 01/11/2020 - 20:33:57: Server cvar "sv_stepsize" = "18"
L 01/11/2020 - 20:33:57: Server cvar "sv_stopspeed" = "75"
L 01/11/2020 - 20:33:57: Server cvar "sv_uploadmax" = "0.5"
L 01/11/2020 - 20:33:57: Server cvar "sv_version" = "1.1.2.7/Stdio,48,1621"
L 01/11/2020 - 20:33:57: Server cvar "sv_voiceenable" = "1"
L 01/11/2020 - 20:33:57: Server cvar "sv_wateraccelerate" = "10"
L 01/11/2020 - 20:33:57: Server cvar "sv_waterfriction" = "1"
L 01/11/2020 - 20:33:57: Server cvar "Team_Semiclip_version" = "3.3.1"
L 01/11/2020 - 20:33:57: Server cvar "vehicle_real_killer" = "1.1"
L 01/11/2020 - 20:33:57: Server cvar "WalkGuard" = "1.3.2"
L 01/11/2020 - 20:33:57: Server cvar "we_grenades" = "Huehue"
L 01/11/2020 - 20:33:57: Server cvar "we_player_models" = "Huehue"
L 01/11/2020 - 20:33:57: Server cvar "whb_version" = "1.5.692"
L 01/11/2020 - 20:33:57: Server cvar "zp_jp_version" = "Extra Item Jetpack+Bazooka v3.2"
L 01/11/2020 - 20:33:57: Server cvars end
L 01/11/2020 - 20:33:59: Server cvar "mp_autoteambalance" = "1"
L 01/11/2020 - 20:34:00: Server cvar "mp_autoteambalance" = "0"
L 01/11/2020 - 20:34:00: Server cvar "amx_nextmap" = "[not yet voted on]"
L 01/11/2020 - 20:34:01: Started map "nipperhouse" (CRC "1926171002")
L 01/11/2020 - 20:34:03: World triggered "Round_Start"
L 01/11/2020 - 20:35:00: Server cvar "amx_nextmap" = "cs_jeep_rally2"
L 01/11/2020 - 20:36:21: Team "CT" triggered "Target_Saved" (CT "1") (T "0")
L 01/11/2020 - 20:36:21: World triggered "Round_End"
L 01/11/2020 - 20:36:27: World triggered "Round_Start"
L 01/11/2020 - 20:38:02: [REUNION]: BAD BOY (130.185.211.206) authorized as NoSteam47
L 01/11/2020 - 20:38:02: "BAD BOY<100><VALVE_ID_LAN><>" connected, address "130.185.211.206:27005"
L 01/11/2020 - 20:38:18: "BAD BOY<100><VALVE_ID_LAN><>" entered the game
L 01/11/2020 - 20:38:22: "BAD BOY<100><VALVE_ID_LAN><>" joined team "TERRORIST"
L 01/11/2020 - 20:38:22: "BAD BOY<100><VALVE_ID_LAN><TERRORIST>" triggered "Spawned_With_The_Bomb"
L 01/11/2020 - 20:38:25: "BAD BOY<100><VALVE_ID_LAN><TERRORIST>" committed suicide with "world"
L 01/11/2020 - 20:38:25: World triggered "Round_Draw" (CT "1") (T "0")
L 01/11/2020 - 20:38:25: World triggered "Round_End"
L 01/11/2020 - 20:38:30: "BAD BOY<100><VALVE_ID_LAN><TERRORIST>" triggered "Spawned_With_The_Bomb"
L 01/11/2020 - 20:38:31: World triggered "Round_Start"
L 01/11/2020 - 20:38:49: "BAD BOY<100><VALVE_ID_LAN><TERRORIST>" triggered "Dropped_The_Bomb"
L 01/11/2020 - 20:38:49: "BAD BOY<100><VALVE_ID_LAN><TERRORIST>" disconnected
L 01/11/2020 - 20:38:49: World triggered "Round_Draw" (CT "1") (T "0")
L 01/11/2020 - 20:38:49: World triggered "Round_End"
L 01/11/2020 - 20:38:55: World triggered "Round_Start"
L 01/11/2020 - 20:38:56: [REUNION]: 2Pacalypse (130.185.211.206) authorized as NoSteam47
L 01/11/2020 - 20:38:56: "2Pacalypse<101><VALVE_ID_LAN><>" connected, address "130.185.211.206:27005"
L 01/11/2020 - 20:38:59: "2Pacalypse<101><VALVE_ID_LAN><>" entered the game
L 01/11/2020 - 20:39:02: "2Pacalypse<101><VALVE_ID_LAN><>" joined team "CT"
L 01/11/2020 - 20:41:13: Team "CT" triggered "Target_Saved" (CT "1") (T "0")
L 01/11/2020 - 20:41:13: World triggered "Round_End"
L 01/11/2020 - 20:41:19: World triggered "Round_Start"
L 01/11/2020 - 20:42:41: "2Pacalypse<101><VALVE_ID_LAN><CT>" disconnected
L 01/11/2020 - 20:42:41: World triggered "Round_Draw" (CT "1") (T "0")
L 01/11/2020 - 20:42:41: World triggered "Round_End"
L 01/11/2020 - 20:42:47: World triggered "Round_Start"
L 01/11/2020 - 20:42:56: "jesse_pinkman<102><STEAM_0:1:526796648><>" connected, address "91.148.164.81:27005"
L 01/11/2020 - 20:42:57: "jesse_pinkman<102><STEAM_0:1:526796648><>" STEAM USERID validated
L 01/11/2020 - 20:43:05: "jesse_pinkman<102><STEAM_0:1:526796648><>" entered the game
L 01/11/2020 - 20:43:11: "jesse_pinkman<102><STEAM_0:1:526796648><>" disconnected
L 01/11/2020 - 20:43:11: World triggered "Round_Draw" (CT "1") (T "0")
L 01/11/2020 - 20:43:11: World triggered "Round_End"
L 01/11/2020 - 20:43:17: World triggered "Round_Start"
L 01/11/2020 - 20:44:18: [REUNION]: Mitko (31.211.132.144) authorized as RevEmu
L 01/11/2020 - 20:44:18: "Mitko<103><STEAM_1:1:376240861><>" connected, address "31.211.132.144:27005"
L 01/11/2020 - 20:44:21: [REUNION]: Mitko (31.211.132.144) authorized as RevEmu
L 01/11/2020 - 20:44:21: "Mitko<104><STEAM_1:1:376240861><>" connected, address "31.211.132.144:27005"
L 01/11/2020 - 20:44:25: "Mitko<104><STEAM_1:1:376240861><>" entered the game
L 01/11/2020 - 20:44:30: "Mitko<104><STEAM_1:1:376240861><>" joined team "CT"
L 01/11/2020 - 20:44:34: [REUNION]: SK Dechko (31.211.132.144) authorized as RevEmu
L 01/11/2020 - 20:44:34: "SK Dechko<105><STEAM_1:1:502444691><>" connected, address "31.211.132.144:1024"
L 01/11/2020 - 20:44:36: [REUNION]: SK Dechko (31.211.132.144) authorized as RevEmu
L 01/11/2020 - 20:44:36: "SK Dechko<106><STEAM_1:1:502444691><>" connected, address "31.211.132.144:1024"
L 01/11/2020 - 20:44:40: "SK Dechko<106><STEAM_1:1:502444691><>" entered the game
L 01/11/2020 - 20:44:55: "SK Dechko<106><STEAM_1:1:502444691><>" joined team "CT"
L 01/11/2020 - 20:45:05: "Mitko<104><STEAM_1:1:376240861><CT>" committed suicide with "the block of death" (world)
L 01/11/2020 - 20:45:35: Team "CT" triggered "Target_Saved" (CT "1") (T "0")
L 01/11/2020 - 20:45:35: World triggered "Round_End"
L 01/11/2020 - 20:45:41: World triggered "Round_Start"
L 01/11/2020 - 20:46:11: "SK Dechko<106><STEAM_1:1:502444691><CT>" committed suicide with "the block of death" (world)
L 01/11/2020 - 20:46:22: "Mitko<104><STEAM_1:1:376240861><CT>" committed suicide with "the block of death" (world)
L 01/11/2020 - 20:46:22: World triggered "Round_Draw" (CT "1") (T "0")
L 01/11/2020 - 20:46:22: World triggered "Round_End"
L 01/11/2020 - 20:46:23: "Mitko<104><STEAM_1:1:376240861><CT>" joined team "TERRORIST"
L 01/11/2020 - 20:46:25: "SK Dechko<106><STEAM_1:1:502444691><CT>" joined team "TERRORIST"
L 01/11/2020 - 20:46:27: "SK Dechko<106><STEAM_1:1:502444691><TERRORIST>" triggered "Spawned_With_The_Bomb"
L 01/11/2020 - 20:46:28: World triggered "Round_Start"
L 01/11/2020 - 20:46:29: "Mitko<104><STEAM_1:1:376240861><TERRORIST>" committed suicide with "world"
L 01/11/2020 - 20:46:29: "Mitko<104><STEAM_1:1:376240861><TERRORIST>" joined team "CT"
L 01/11/2020 - 20:46:29: World triggered "Game_Commencing"
L 01/11/2020 - 20:46:29: World triggered "Game_Commencing" (CT "1") (T "0")
L 01/11/2020 - 20:46:29: World triggered "Round_End"
L 01/11/2020 - 20:46:32: "SK Dechko<106><STEAM_1:1:502444691><TERRORIST>" triggered "Spawned_With_The_Bomb"
L 01/11/2020 - 20:46:33: World triggered "Round_Start"
L 01/11/2020 - 20:46:55: "Mitko<104><STEAM_1:1:376240861><CT>" committed suicide with "the block of death" (world)
L 01/11/2020 - 20:46:55: Team "TERRORIST" triggered "Terrorists_Win" (CT "0") (T "1")
L 01/11/2020 - 20:46:55: World triggered "Round_End"
L 01/11/2020 - 20:47:00: "SK Dechko<106><STEAM_1:1:502444691><TERRORIST>" triggered "Spawned_With_The_Bomb"
L 01/11/2020 - 20:47:01: World triggered "Round_Start"
L 01/11/2020 - 20:47:15: [REUNION]: ZAICEV (77.78.132.177) authorized as RevEmu
L 01/11/2020 - 20:47:15: "ZAICEV<107><STEAM_2:1:1379228811><>" connected, address "77.78.132.177:27007"
L 01/11/2020 - 20:47:19: "ZAICEV<107><STEAM_2:1:1379228811><>" entered the game
L 01/11/2020 - 20:47:23: "SK Dechko<106><STEAM_1:1:502444691><TERRORIST>" killed "Mitko<104><STEAM_1:1:376240861><CT>" with "knife"
L 01/11/2020 - 20:47:23: Team "TERRORIST" triggered "Terrorists_Win" (CT "0") (T "2")
L 01/11/2020 - 20:47:23: World triggered "Round_End"
L 01/11/2020 - 20:47:23: "ZAICEV<107><STEAM_2:1:1379228811><>" joined team "CT"
L 01/11/2020 - 20:47:28: "SK Dechko<106><STEAM_1:1:502444691><TERRORIST>" triggered "Spawned_With_The_Bomb"
L 01/11/2020 - 20:47:29: World triggered "Round_Start"
L 01/11/2020 - 20:47:38: "Mitko<104><STEAM_1:1:376240861><CT>" disconnected
L 01/11/2020 - 20:47:46: "SK Dechko<106><STEAM_1:1:502444691><TERRORIST>" killed "ZAICEV<107><STEAM_2:1:1379228811><CT>" with "ak47"
L 01/11/2020 - 20:47:46: Team "TERRORIST" triggered "Terrorists_Win" (CT "0") (T "3")
L 01/11/2020 - 20:47:46: World triggered "Round_End"
L 01/11/2020 - 20:47:51: "SK Dechko<106><STEAM_1:1:502444691><TERRORIST>" triggered "Spawned_With_The_Bomb"
L 01/11/2020 - 20:47:52: World triggered "Round_Start"
L 01/11/2020 - 20:48:11: [REUNION]: Mitko (31.211.132.144) authorized as RevEmu
L 01/11/2020 - 20:48:11: "Mitko<108><STEAM_1:1:376240861><>" connected, address "31.211.132.144:27005"
L 01/11/2020 - 20:48:15: "Mitko<108><STEAM_1:1:376240861><>" entered the game
L 01/11/2020 - 20:48:22: "Mitko<108><STEAM_1:1:376240861><>" joined team "TERRORIST"
L 01/11/2020 - 20:48:37: "Mitko<108><STEAM_1:1:376240861><TERRORIST>" disconnected
L 01/11/2020 - 20:48:41: [REUNION]: Mitko (31.211.132.144) authorized as RevEmu
L 01/11/2020 - 20:48:41: "Mitko<109><STEAM_1:1:376240861><>" connected, address "31.211.132.144:27005"
L 01/11/2020 - 20:48:46: "Mitko<109><STEAM_1:1:376240861><>" entered the game
L 01/11/2020 - 20:48:50: "Mitko<109><STEAM_1:1:376240861><>" disconnected
L 01/11/2020 - 20:49:52: [REUNION]: Mitko (31.211.132.144) authorized as RevEmu
L 01/11/2020 - 20:49:52: "Mitko<110><STEAM_1:1:376240861><>" connected, address "31.211.132.144:27005"
L 01/11/2020 - 20:49:57: "Mitko<110><STEAM_1:1:376240861><>" entered the game
L 01/11/2020 - 20:50:10: Team "CT" triggered "Target_Saved" (CT "1") (T "3")
L 01/11/2020 - 20:50:10: World triggered "Round_End"
L 01/11/2020 - 20:50:11: "Mitko<110><STEAM_1:1:376240861><>" disconnected
L 01/11/2020 - 20:50:13: "SK Dechko<106><STEAM_1:1:502444691><TERRORIST>" killed "ZAICEV<107><STEAM_2:1:1379228811><CT>" with "famas"
L 01/11/2020 - 20:50:15: "SK Dechko<106><STEAM_1:1:502444691><TERRORIST>" triggered "Spawned_With_The_Bomb"
L 01/11/2020 - 20:50:16: World triggered "Round_Start"
L 01/11/2020 - 20:50:49: "SK Dechko<106><STEAM_1:1:502444691><TERRORIST>" killed "ZAICEV<107><STEAM_2:1:1379228811><CT>" with "ak47"
L 01/11/2020 - 20:50:49: Team "TERRORIST" triggered "Terrorists_Win" (CT "1") (T "4")
L 01/11/2020 - 20:50:49: World triggered "Round_End"
L 01/11/2020 - 20:50:51: "ZAICEV<107><STEAM_2:1:1379228811><CT>" disconnected
L 01/11/2020 - 20:50:54: "SK Dechko<106><STEAM_1:1:502444691><TERRORIST>" triggered "Spawned_With_The_Bomb"
L 01/11/2020 - 20:50:55: World triggered "Round_Start"
L 01/11/2020 - 20:52:15: "SK Dechko<106><STEAM_1:1:502444691><TERRORIST>" committed suicide with "the block of death" (world)
L 01/11/2020 - 20:52:15: World triggered "Round_Draw" (CT "1") (T "4")
L 01/11/2020 - 20:52:15: World triggered "Round_End"
L 01/11/2020 - 20:52:20: "SK Dechko<106><STEAM_1:1:502444691><TERRORIST>" triggered "Spawned_With_The_Bomb"
L 01/11/2020 - 20:52:21: World triggered "Round_Start"
L 01/11/2020 - 20:53:17: "SK Dechko<106><STEAM_1:1:502444691><TERRORIST>" committed suicide with "tracktrain"
L 01/11/2020 - 20:53:17: World triggered "Round_Draw" (CT "1") (T "4")
L 01/11/2020 - 20:53:17: World triggered "Round_End"
L 01/11/2020 - 20:53:22: "SK Dechko<106><STEAM_1:1:502444691><TERRORIST>" triggered "Spawned_With_The_Bomb"
L 01/11/2020 - 20:53:23: World triggered "Round_Start"
L 01/11/2020 - 20:53:58: "SK Dechko<106><STEAM_1:1:502444691><TERRORIST>" triggered "Dropped_The_Bomb"
L 01/11/2020 - 20:53:58: "SK Dechko<106><STEAM_1:1:502444691><TERRORIST>" disconnected
L 01/11/2020 - 20:53:58: World triggered "Round_Draw" (CT "1") (T "4")
L 01/11/2020 - 20:53:58: World triggered "Round_End"
L 01/11/2020 - 20:54:04: World triggered "Round_Start"
L 01/11/2020 - 20:54:20: [REUNION]: SK Dechko (31.211.132.144) authorized as RevEmu
L 01/11/2020 - 20:54:20: "SK Dechko<111><STEAM_1:1:502444691><>" connected, address "31.211.132.144:1024"
L 01/11/2020 - 20:54:23: "SK Dechko<111><STEAM_1:1:502444691><>" entered the game
L 01/11/2020 - 20:54:25: "SK Dechko<111><STEAM_1:1:502444691><>" joined team "TERRORIST"
L 01/11/2020 - 20:54:25: "SK Dechko<111><STEAM_1:1:502444691><TERRORIST>" triggered "Spawned_With_The_Bomb"
L 01/11/2020 - 20:54:35: "SK Dechko<111><STEAM_1:1:502444691><TERRORIST>" triggered "Dropped_The_Bomb"
L 01/11/2020 - 20:54:35: "SK Dechko<111><STEAM_1:1:502444691><TERRORIST>" disconnected
L 01/11/2020 - 20:54:35: World triggered "Round_Draw" (CT "1") (T "4")
L 01/11/2020 - 20:54:35: World triggered "Round_End"
L 01/11/2020 - 20:54:40: [REUNION]: SK Dechko (31.211.132.144) authorized as RevEmu
L 01/11/2020 - 20:54:40: "SK Dechko<112><STEAM_1:1:502444691><>" connected, address "31.211.132.144:1024"
L 01/11/2020 - 20:54:41: World triggered "Round_Start"
L 01/11/2020 - 20:54:43: "SK Dechko<112><STEAM_1:1:502444691><>" entered the game
L 01/11/2020 - 20:54:45: "SK Dechko<112><STEAM_1:1:502444691><>" joined team "TERRORIST"
L 01/11/2020 - 20:54:45: "SK Dechko<112><STEAM_1:1:502444691><TERRORIST>" triggered "Spawned_With_The_Bomb"
L 01/11/2020 - 20:54:50: "SK Dechko<112><STEAM_1:1:502444691><TERRORIST>" triggered "Dropped_The_Bomb"
L 01/11/2020 - 20:54:50: "SK Dechko<112><STEAM_1:1:502444691><TERRORIST>" disconnected
L 01/11/2020 - 20:54:50: World triggered "Round_Draw" (CT "1") (T "4")
L 01/11/2020 - 20:54:50: World triggered "Round_End"
L 01/11/2020 - 20:54:56: World triggered "Round_Start"
L 01/11/2020 - 20:57:14: Team "CT" triggered "Target_Saved" (CT "1") (T "4")
L 01/11/2020 - 20:57:14: World triggered "Round_End"
L 01/11/2020 - 20:57:20: World triggered "Round_Start"
L 01/11/2020 - 20:59:38: Team "CT" triggered "Target_Saved" (CT "1") (T "4")
L 01/11/2020 - 20:59:38: World triggered "Round_End"
L 01/11/2020 - 20:59:44: World triggered "Round_Start"
L 01/11/2020 - 21:02:02: Team "CT" triggered "Target_Saved" (CT "1") (T "4")
L 01/11/2020 - 21:02:02: World triggered "Round_End"
L 01/11/2020 - 21:02:08: World triggered "Round_Start"
L 01/11/2020 - 21:04:26: Team "CT" triggered "Target_Saved" (CT "1") (T "4")
L 01/11/2020 - 21:04:26: World triggered "Round_End"
L 01/11/2020 - 21:04:32: World triggered "Round_Start"
L 01/11/2020 - 21:06:32: Server cvar "mp_chattime" = "7.000000"
L 01/11/2020 - 21:06:32: Team "CT" scored "1" with "0" players
L 01/11/2020 - 21:06:32: Team "TERRORIST" scored "4" with "0" players
L 01/11/2020 - 21:06:37: Server cvar "mp_chattime" = "5.000000"
L 01/11/2020 - 21:06:37: [META] ini: Begin re-reading plugins list: /home/rented/public9/cstrike/addons/metamod/plugins.ini
L 01/11/2020 - 21:06:37: [META] ini: Read plugin config for: SafeNameAndChat
L 01/11/2020 - 21:06:37: [META] ini: Read plugin config for: AMX Mod X
L 01/11/2020 - 21:06:37: [META] ini: Read plugin config for: Reunion
L 01/11/2020 - 21:06:37: [META] ini: Read plugin config for: ReAuthCheck
L 01/11/2020 - 21:06:37: [META] ini: Read plugin config for: WHBlocker
L 01/11/2020 - 21:06:37: [META] ini: Read plugin config for: ReSemiclip
L 01/11/2020 - 21:06:37: [META] ini: Read plugin config for: Revoice
L 01/11/2020 - 21:06:37: [META] ini: Finished reading plugins list: /home/rented/public9/cstrike/addons/metamod/plugins.ini; Found 7 plugins
L 01/11/2020 - 21:06:37: [META] dll: Updating plugins...
L 01/11/2020 - 21:06:37: [META] WARNING: Cannot clear plugin 'SafeNameAndChat'; not marked as failed, empty, or open (status=valid)
L 01/11/2020 - 21:06:37: [META] dll: Unloaded plugin 'SafeNameAndChat' for reason 'file on disk is newer'
L 01/11/2020 - 21:06:37: [META] dll: Loaded plugin 'SafeNameAndChat': SafeNameAndChat v1.1 2017.02.01, WPMG.PRoSToC0der
L 01/11/2020 - 21:06:37: [META] WARNING: Cannot clear plugin 'WHBlocker'; not marked as failed, empty, or open (status=valid)
L 01/11/2020 - 21:06:37: [META] dll: Unloaded plugin 'WHBlocker' for reason 'file on disk is newer'
L 01/11/2020 - 21:06:37: [META] dll: Loaded plugin 'WHBlocker': WHBlocker v1.5.692 2017-04-13, s1lent
L 01/11/2020 - 21:06:37: [META] WARNING: Cannot clear plugin 'ReSemiclip'; not marked as failed, empty, or open (status=valid)
L 01/11/2020 - 21:06:37: [META] dll: Unloaded plugin 'ReSemiclip' for reason 'file on disk is newer'
L 01/11/2020 - 21:06:37: [META] dll: Loaded plugin 'ReSemiclip': ReSemiclip v2.3.9 13/02/17, s1lent & Adidasman
L 01/11/2020 - 21:06:37: [META] dll: Finished updating 14 plugins; kept 0, loaded 0, unloaded 0, reloaded 3, delayed 0
L 01/11/2020 - 21:06:37: Log file closed
