L 01/13/2020 - 21:56:37: Log file started (file "logs/L0113066.log") (game "cstrike") (version "48/1.1.2.7/Stdio/1621")
L 01/13/2020 - 21:56:37: Loading map "bridge"
L 01/13/2020 - 21:56:37: Server cvars start
L 01/13/2020 - 21:56:37: Server cvar "@BunnyHopper" = "3.x"
L 01/13/2020 - 21:56:37: Server cvar "@CRXGoSpec" = "1.1"
L 01/13/2020 - 21:56:37: Server cvar "@CRXRemoveImmunity" = "1.0"
L 01/13/2020 - 21:56:37: Server cvar "@D.I.C.E." = "1.1"
L 01/13/2020 - 21:56:37: Server cvar "@MOTDCommands" = "1.2"
L 01/13/2020 - 21:56:37: Server cvar "advanced_quake_sounds" = "5.0"
L 01/13/2020 - 21:56:37: Server cvar "AdvancedMute" = "1.0"
L 01/13/2020 - 21:56:37: Server cvar "aesp_version" = "1.3"
L 01/13/2020 - 21:56:37: Server cvar "allow_spectators" = "1.0"
L 01/13/2020 - 21:56:37: Server cvar "amx_client_languages" = "1"
L 01/13/2020 - 21:56:37: Server cvar "amx_language" = "en"
L 01/13/2020 - 21:56:37: Server cvar "amx_nextmap" = "bridge"
L 01/13/2020 - 21:56:37: Server cvar "amx_ptb_version" = "1.8b3"
L 01/13/2020 - 21:56:37: Server cvar "amx_timeleft" = "00:00"
L 01/13/2020 - 21:56:37: Server cvar "amxmodx_version" = "1.8.2"
L 01/13/2020 - 21:56:37: Server cvar "amxxbg_vip" = "1.0"
L 01/13/2020 - 21:56:37: Server cvar "asp_version" = "4.5.1"
L 01/13/2020 - 21:56:37: Server cvar "atac_version" = "3.0.1"
L 01/13/2020 - 21:56:37: Server cvar "badcamper_version" = "1.4 beta"
L 01/13/2020 - 21:56:37: Server cvar "blockmaker" = "4.01"
L 01/13/2020 - 21:56:37: Server cvar "c4 timer" = "1.1"
L 01/13/2020 - 21:56:37: Server cvar "coop" = "0"
L 01/13/2020 - 21:56:37: Server cvar "CRXAdminGroups" = "1.0"
L 01/13/2020 - 21:56:37: Server cvar "CRXCommandRestrictions" = "1.0"
L 01/13/2020 - 21:56:37: Server cvar "CRXFastKnife" = "1.0"
L 01/13/2020 - 21:56:37: Server cvar "CRXGametracker" = "2.0"
L 01/13/2020 - 21:56:37: Server cvar "CRXKnifeModels" = "2.5.7"
L 01/13/2020 - 21:56:37: Server cvar "CRXTeamAdvantage" = "1.0"
L 01/13/2020 - 21:56:37: Server cvar "CustomShop" = "4.2"
L 01/13/2020 - 21:56:37: Server cvar "deathmatch" = "1"
L 01/13/2020 - 21:56:37: Server cvar "decalfrequency" = "0"
L 01/13/2020 - 21:56:37: Server cvar "edgefriction" = "2"
L 01/13/2020 - 21:56:37: Server cvar "ers_version" = "2.3c"
L 01/13/2020 - 21:56:37: Server cvar "gagsystem_shoko" = "1.0"
L 01/13/2020 - 21:56:37: Server cvar "gal_mapcyclefile" = "mapcycle.txt"
L 01/13/2020 - 21:56:37: Server cvar "gal_version" = "v5.9.1-926"
L 01/13/2020 - 21:56:37: Server cvar "game_version" = "5.7.0.313-dev"
L 01/13/2020 - 21:56:37: Server cvar "humans_join_team" = "any"
L 01/13/2020 - 21:56:37: Server cvar "jtp10181" = "chute,gore"
L 01/13/2020 - 21:56:37: Server cvar "lawliet" = "ny_RainingSnow"
L 01/13/2020 - 21:56:37: Server cvar "LetitSnow" = "1.0"
L 01/13/2020 - 21:56:37: Server cvar "map_spawns" = "T(16) CT(16)"
L 01/13/2020 - 21:56:37: Server cvar "max_queries_sec" = "3"
L 01/13/2020 - 21:56:37: Server cvar "max_queries_sec_global" = "150"
L 01/13/2020 - 21:56:37: Server cvar "max_queries_window" = "60"
L 01/13/2020 - 21:56:37: Server cvar "mdbBans" = "4.8"
L 01/13/2020 - 21:56:37: Server cvar "metamod_version" = "1.21p37"
L 01/13/2020 - 21:56:37: Server cvar "mp_autokick" = "0"
L 01/13/2020 - 21:56:37: Server cvar "mp_autokick_timeout" = "-1"
L 01/13/2020 - 21:56:37: Server cvar "mp_autoteambalance" = "0"
L 01/13/2020 - 21:56:37: Server cvar "mp_buytime" = "0.25"
L 01/13/2020 - 21:56:37: Server cvar "mp_c4timer" = "35"
L 01/13/2020 - 21:56:37: Server cvar "mp_chattime" = "5.000000"
L 01/13/2020 - 21:56:37: Server cvar "mp_consistency" = "1"
L 01/13/2020 - 21:56:37: Server cvar "mp_fadetoblack" = "0"
L 01/13/2020 - 21:56:37: Server cvar "mp_flashlight" = "1"
L 01/13/2020 - 21:56:37: Server cvar "mp_footsteps" = "1"
L 01/13/2020 - 21:56:37: Server cvar "mp_forcecamera" = "0"
L 01/13/2020 - 21:56:37: Server cvar "mp_forcechasecam" = "0"
L 01/13/2020 - 21:56:37: Server cvar "mp_forcerespawn" = "0"
L 01/13/2020 - 21:56:37: Server cvar "mp_fraglimit" = "0"
L 01/13/2020 - 21:56:37: Server cvar "mp_fragsleft" = "0"
L 01/13/2020 - 21:56:37: Server cvar "mp_freeforall" = "0"
L 01/13/2020 - 21:56:37: Server cvar "mp_freezetime" = "1"
L 01/13/2020 - 21:56:37: Server cvar "mp_friendlyfire" = "0"
L 01/13/2020 - 21:56:37: Server cvar "mp_hostage_hurtable" = "1"
L 01/13/2020 - 21:56:37: Server cvar "mp_hostagepenalty" = "0"
L 01/13/2020 - 21:56:37: Server cvar "mp_item_staytime" = "300"
L 01/13/2020 - 21:56:37: Server cvar "mp_kickpercent" = "0.66"
L 01/13/2020 - 21:56:37: Server cvar "mp_legacy_bombtarget_touch" = "1"
L 01/13/2020 - 21:56:37: Server cvar "mp_limitteams" = "0"
L 01/13/2020 - 21:56:37: Server cvar "mp_logdetail" = "0"
L 01/13/2020 - 21:56:37: Server cvar "mp_logfile" = "1"
L 01/13/2020 - 21:56:37: Server cvar "mp_logmessages" = "1"
L 01/13/2020 - 21:56:37: Server cvar "mp_mapvoteratio" = "0.66"
L 01/13/2020 - 21:56:37: Server cvar "mp_maxmoney" = "999999"
L 01/13/2020 - 21:56:37: Server cvar "mp_maxrounds" = "0"
L 01/13/2020 - 21:56:37: Server cvar "mp_mirrordamage" = "0"
L 01/13/2020 - 21:56:37: Server cvar "mp_old_bomb_defused_sound" = "1"
L 01/13/2020 - 21:56:37: Server cvar "mp_playerid" = "0"
L 01/13/2020 - 21:56:37: Server cvar "mp_respawn_immunitytime" = "0"
L 01/13/2020 - 21:56:37: Server cvar "mp_round_infinite" = "0"
L 01/13/2020 - 21:56:37: Server cvar "mp_round_restart_delay" = "5"
L 01/13/2020 - 21:56:37: Server cvar "mp_roundover" = "0"
L 01/13/2020 - 21:56:37: Server cvar "mp_roundtime" = "2.3"
L 01/13/2020 - 21:56:37: Server cvar "mp_show_radioicon" = "1"
L 01/13/2020 - 21:56:37: Server cvar "mp_startmoney" = "850"
L 01/13/2020 - 21:56:37: Server cvar "mp_timeleft" = "00:00"
L 01/13/2020 - 21:56:37: Server cvar "mp_timelimit" = "20.000000"
L 01/13/2020 - 21:56:37: Server cvar "mp_tkpunish" = "0"
L 01/13/2020 - 21:56:37: Server cvar "mp_windifference" = "1"
L 01/13/2020 - 21:56:37: Server cvar "mp_winlimit" = "0"
L 01/13/2020 - 21:56:37: Server cvar "NoWeaponsOnGround" = "1.0"
L 01/13/2020 - 21:56:37: Server cvar "pausable" = "0"
L 01/13/2020 - 21:56:37: Server cvar "present_version" = "2.01"
L 01/13/2020 - 21:56:37: Server cvar "RandomHP" = "2.2"
L 01/13/2020 - 21:56:37: Server cvar "reauthcheck_version" = "0.1.6"
L 01/13/2020 - 21:56:37: Server cvar "reconnect_features" = "0.3.1"
L 01/13/2020 - 21:56:37: Server cvar "report_system_version" = "3.1"
L 01/13/2020 - 21:56:37: Server cvar "resemiclip_version" = "2.3.9"
L 01/13/2020 - 21:56:37: Server cvar "reu_version" = "0.1.0.130"
L 01/13/2020 - 21:56:37: Server cvar "revoice_version" = "0.1.0.30"
L 01/13/2020 - 21:56:37: Server cvar "RRWM" = "2.0"
L 01/13/2020 - 21:56:37: Server cvar "sanksounds_version" = "1.8.6"
L 01/13/2020 - 21:56:37: Server cvar "SimpleMenu" = "1.1"
L 01/13/2020 - 21:56:37: Server cvar "SNAC_Version" = "1.1"
L 01/13/2020 - 21:56:37: Server cvar "SpecList" = "1.2a"
L 01/13/2020 - 21:56:37: Server cvar "sr_version" = "1.6"
L 01/13/2020 - 21:56:37: Server cvar "statsx_shell_ver" = "2.0.0 (BETA)"
L 01/13/2020 - 21:56:37: Server cvar "StyleC4Timer" = "2.1"
L 01/13/2020 - 21:56:37: Server cvar "sv_accelerate" = "5"
L 01/13/2020 - 21:56:37: Server cvar "sv_aim" = "1"
L 01/13/2020 - 21:56:37: Server cvar "sv_airaccelerate" = "100"
L 01/13/2020 - 21:56:37: Server cvar "sv_allowupload" = "1"
L 01/13/2020 - 21:56:37: Server cvar "sv_alltalk" = "1"
L 01/13/2020 - 21:56:37: Server cvar "sv_bounce" = "1"
L 01/13/2020 - 21:56:37: Server cvar "sv_cheats" = "0"
L 01/13/2020 - 21:56:37: Server cvar "sv_clienttrace" = "1"
L 01/13/2020 - 21:56:37: Server cvar "sv_contact" = "feruchio599@gmail.com"
L 01/13/2020 - 21:56:37: Server cvar "sv_friction" = "4"
L 01/13/2020 - 21:56:37: Server cvar "sv_gravity" = "800"
L 01/13/2020 - 21:56:37: Server cvar "sv_logblocks" = "0"
L 01/13/2020 - 21:56:37: Server cvar "sv_maxrate" = "50000"
L 01/13/2020 - 21:56:37: Server cvar "sv_maxspeed" = "900.000000"
L 01/13/2020 - 21:56:37: Server cvar "sv_minrate" = "10000"
L 01/13/2020 - 21:56:37: Server cvar "sv_password" = ""
L 01/13/2020 - 21:56:37: Server cvar "sv_proxies" = "1"
L 01/13/2020 - 21:56:37: Server cvar "sv_restart" = "0"
L 01/13/2020 - 21:56:37: Server cvar "sv_restartround" = "0"
L 01/13/2020 - 21:56:37: Server cvar "sv_stepsize" = "18"
L 01/13/2020 - 21:56:37: Server cvar "sv_stopspeed" = "75"
L 01/13/2020 - 21:56:37: Server cvar "sv_uploadmax" = "0.5"
L 01/13/2020 - 21:56:37: Server cvar "sv_version" = "1.1.2.7/Stdio,48,1621"
L 01/13/2020 - 21:56:37: Server cvar "sv_voiceenable" = "1"
L 01/13/2020 - 21:56:37: Server cvar "sv_wateraccelerate" = "10"
L 01/13/2020 - 21:56:37: Server cvar "sv_waterfriction" = "1"
L 01/13/2020 - 21:56:37: Server cvar "Team_Semiclip_version" = "3.3.1"
L 01/13/2020 - 21:56:37: Server cvar "vehicle_real_killer" = "1.1"
L 01/13/2020 - 21:56:37: Server cvar "WalkGuard" = "1.3.2"
L 01/13/2020 - 21:56:37: Server cvar "we_grenades" = "Huehue"
L 01/13/2020 - 21:56:37: Server cvar "we_player_models" = "Huehue"
L 01/13/2020 - 21:56:37: Server cvar "whb_version" = "1.5.692"
L 01/13/2020 - 21:56:37: Server cvar "zp_jp_version" = "Extra Item Jetpack+Bazooka v3.2"
L 01/13/2020 - 21:56:37: Server cvars end
L 01/13/2020 - 21:56:40: Server cvar "sv_maxspeed" = "900"
L 01/13/2020 - 21:56:40: Server cvar "mp_autoteambalance" = "1"
L 01/13/2020 - 21:56:40: Server cvar "mp_timelimit" = "20"
L 01/13/2020 - 21:56:40: Server cvar "mp_autoteambalance" = "0"
L 01/13/2020 - 21:56:40: Server cvar "amx_nextmap" = "[not yet voted on]"
L 01/13/2020 - 21:56:42: Started map "bridge" (CRC "980118759")
L 01/13/2020 - 21:56:44: World triggered "Round_Start"
L 01/13/2020 - 21:56:44: "Redwenace<226><STEAM_0:1:459709824><>" connected, address "212.73.151.220:27005"
L 01/13/2020 - 21:56:44: "Redwenace<226><STEAM_0:1:459709824><>" STEAM USERID validated
L 01/13/2020 - 21:56:44: [REUNION]: aLoNeDarK (87.246.55.157) authorized as RevEmu
L 01/13/2020 - 21:56:44: "aLoNeDarK<227><STEAM_1:0:45342476><>" connected, address "87.246.55.157:27005"
L 01/13/2020 - 21:56:45: "jesse_pinkman<220><STEAM_0:1:526796648><>" entered the game
L 01/13/2020 - 21:56:47: "Redwenace<226><STEAM_0:1:459709824><>" entered the game
L 01/13/2020 - 21:56:47: "jesse_pinkman<220><STEAM_0:1:526796648><>" joined team "CT"
L 01/13/2020 - 21:56:48: [REUNION]: Fury/Mumya (93.155.222.106) authorized as RevEmu
L 01/13/2020 - 21:56:48: "Fury/Mumya<228><STEAM_1:1:81589675><>" connected, address "93.155.222.106:26769"
L 01/13/2020 - 21:56:48: "aLoNeDarK<227><STEAM_1:0:45342476><>" entered the game
L 01/13/2020 - 21:56:51: "Redwenace<226><STEAM_0:1:459709824><>" joined team "TERRORIST"
L 01/13/2020 - 21:56:51: World triggered "Game_Commencing"
L 01/13/2020 - 21:56:51: World triggered "Game_Commencing" (CT "0") (T "0")
L 01/13/2020 - 21:56:51: World triggered "Round_End"
L 01/13/2020 - 21:56:52: "aLoNeDarK<227><STEAM_1:0:45342476><>" joined team "TERRORIST"
L 01/13/2020 - 21:56:54: "Fury/Mumya<228><STEAM_1:1:81589675><>" entered the game
L 01/13/2020 - 21:56:55: World triggered "Round_Start"
L 01/13/2020 - 21:56:59: "Fury/Mumya<228><STEAM_1:1:81589675><>" joined team "CT"
L 01/13/2020 - 21:57:10: "aLoNeDarK<227><STEAM_1:0:45342476><TERRORIST>" killed "Redwenace<226><STEAM_0:1:459709824><TERRORIST>" with "tracktrain"
L 01/13/2020 - 21:57:22: "jesse_pinkman<220><STEAM_0:1:526796648><CT>" killed "aLoNeDarK<227><STEAM_1:0:45342476><TERRORIST>" with "mp5navy"
L 01/13/2020 - 21:57:22: Team "CT" triggered "CTs_Win" (CT "1") (T "0")
L 01/13/2020 - 21:57:22: World triggered "Round_End"
L 01/13/2020 - 21:57:28: World triggered "Round_Start"
L 01/13/2020 - 21:57:30: "aLoNeDarK<227><STEAM_1:0:45342476><TERRORIST>" committed suicide with "world"
L 01/13/2020 - 21:57:49: "Fury/Mumya<228><STEAM_1:1:81589675><CT>" killed "Redwenace<226><STEAM_0:1:459709824><TERRORIST>" with "m3"
L 01/13/2020 - 21:57:49: Team "CT" triggered "CTs_Win" (CT "2") (T "0")
L 01/13/2020 - 21:57:49: World triggered "Round_End"
L 01/13/2020 - 21:57:53: "jesse_pinkman<220><STEAM_0:1:526796648><CT>" joined team "TERRORIST"
L 01/13/2020 - 21:57:53: "<><><>" triggered "amx_chat" (text "[PTB] Transfered jesse_pinkman to TERRORIST")
L 01/13/2020 - 21:57:55: World triggered "Round_Start"
L 01/13/2020 - 21:58:09: "jesse_pinkman<220><STEAM_0:1:526796648><TERRORIST>" killed "Fury/Mumya<228><STEAM_1:1:81589675><CT>" with "mp5navy"
L 01/13/2020 - 21:58:09: Team "TERRORIST" triggered "Terrorists_Win" (CT "2") (T "1")
L 01/13/2020 - 21:58:09: World triggered "Round_End"
L 01/13/2020 - 21:58:09: "jesse_pinkman<220><STEAM_0:1:526796648><TERRORIST>" committed suicide with "tracktrain"
L 01/13/2020 - 21:58:13: "jesse_pinkman<220><STEAM_0:1:526796648><TERRORIST>" joined team "CT"
L 01/13/2020 - 21:58:15: World triggered "Round_Start"
L 01/13/2020 - 21:58:16: "aLoNeDarK<227><STEAM_1:0:45342476><TERRORIST>" committed suicide with "world"
L 01/13/2020 - 21:58:16: "aLoNeDarK<227><STEAM_1:0:45342476><TERRORIST>" joined team "CT"
L 01/13/2020 - 21:58:47: "jesse_pinkman<220><STEAM_0:1:526796648><CT>" killed "Redwenace<226><STEAM_0:1:459709824><TERRORIST>" with "mp5navy"
L 01/13/2020 - 21:58:47: Team "CT" triggered "CTs_Win" (CT "3") (T "1")
L 01/13/2020 - 21:58:47: World triggered "Round_End"
L 01/13/2020 - 21:58:50: "jesse_pinkman<220><STEAM_0:1:526796648><CT>" committed suicide with "world"
L 01/13/2020 - 21:58:50: "jesse_pinkman<220><STEAM_0:1:526796648><CT>" joined team "TERRORIST"
L 01/13/2020 - 21:58:53: World triggered "Round_Start"
L 01/13/2020 - 21:59:15: "aLoNeDarK<227><STEAM_1:0:45342476><CT>" killed "jesse_pinkman<220><STEAM_0:1:526796648><TERRORIST>" with "mp5navy"
L 01/13/2020 - 21:59:17: [REUNION]: Mitko (31.211.132.144) authorized as RevEmu
L 01/13/2020 - 21:59:17: "Mitko<229><STEAM_1:1:376240861><>" connected, address "31.211.132.144:27005"
L 01/13/2020 - 21:59:20: [REUNION]: Mitko (31.211.132.144) authorized as RevEmu
L 01/13/2020 - 21:59:20: "Mitko<230><STEAM_1:1:376240861><>" connected, address "31.211.132.144:27005"
L 01/13/2020 - 21:59:24: "Redwenace<226><STEAM_0:1:459709824><TERRORIST>" killed "Fury/Mumya<228><STEAM_1:1:81589675><CT>" with "glock18"
L 01/13/2020 - 21:59:27: "Mitko<230><STEAM_1:1:376240861><>" entered the game
L 01/13/2020 - 21:59:30: "Mitko<230><STEAM_1:1:376240861><>" joined team "CT"
L 01/13/2020 - 21:59:43: "Mitko<230><STEAM_1:1:376240861><CT>" disconnected
L 01/13/2020 - 22:00:10: "aLoNeDarK<227><STEAM_1:0:45342476><CT>" killed "Redwenace<226><STEAM_0:1:459709824><TERRORIST>" with "usp"
L 01/13/2020 - 22:00:10: Team "CT" triggered "CTs_Win" (CT "4") (T "1")
L 01/13/2020 - 22:00:10: World triggered "Round_End"
L 01/13/2020 - 22:00:16: World triggered "Round_Start"
L 01/13/2020 - 22:00:34: "jesse_pinkman<220><STEAM_0:1:526796648><TERRORIST>" killed "aLoNeDarK<227><STEAM_1:0:45342476><CT>" with "mp5navy"
L 01/13/2020 - 22:00:49: "Redwenace<226><STEAM_0:1:459709824><TERRORIST>" killed "Fury/Mumya<228><STEAM_1:1:81589675><CT>" with "xm1014"
L 01/13/2020 - 22:00:49: Team "TERRORIST" triggered "Terrorists_Win" (CT "4") (T "2")
L 01/13/2020 - 22:00:49: World triggered "Round_End"
L 01/13/2020 - 22:00:54: "Redwenace<226><STEAM_0:1:459709824><TERRORIST>" joined team "CT"
L 01/13/2020 - 22:00:54: "<><><>" triggered "amx_chat" (text "[PTB] Transfered Redwenace to CT")
L 01/13/2020 - 22:00:55: World triggered "Round_Start"
L 01/13/2020 - 22:01:09: "jesse_pinkman<220><STEAM_0:1:526796648><TERRORIST>" killed "Redwenace<226><STEAM_0:1:459709824><CT>" with "tracktrain"
L 01/13/2020 - 22:01:10: "Fury/Mumya<228><STEAM_1:1:81589675><CT>" killed "jesse_pinkman<220><STEAM_0:1:526796648><TERRORIST>" with "xm1014"
L 01/13/2020 - 22:01:10: Team "CT" triggered "CTs_Win" (CT "5") (T "2")
L 01/13/2020 - 22:01:10: World triggered "Round_End"
L 01/13/2020 - 22:01:14: "aLoNeDarK<227><STEAM_1:0:45342476><CT>" joined team "TERRORIST"
L 01/13/2020 - 22:01:14: "<><><>" triggered "amx_chat" (text "[PTB] Transfered aLoNeDarK to TERRORIST")
L 01/13/2020 - 22:01:16: World triggered "Round_Start"
L 01/13/2020 - 22:01:30: "Fury/Mumya<228><STEAM_1:1:81589675><CT>" killed "aLoNeDarK<227><STEAM_1:0:45342476><TERRORIST>" with "xm1014"
L 01/13/2020 - 22:01:40: "Fury/Mumya<228><STEAM_1:1:81589675><CT>" committed suicide with "worldspawn" (world)
L 01/13/2020 - 22:01:45: "jesse_pinkman<220><STEAM_0:1:526796648><TERRORIST>" killed "Redwenace<226><STEAM_0:1:459709824><CT>" with "m3"
L 01/13/2020 - 22:01:45: Team "TERRORIST" triggered "Terrorists_Win" (CT "5") (T "3")
L 01/13/2020 - 22:01:45: World triggered "Round_End"
L 01/13/2020 - 22:01:51: World triggered "Round_Start"
L 01/13/2020 - 22:01:52: "Redwenace<226><STEAM_0:1:459709824><CT>" disconnected
L 01/13/2020 - 22:02:11: "Fury/Mumya<228><STEAM_1:1:81589675><CT>" killed "jesse_pinkman<220><STEAM_0:1:526796648><TERRORIST>" with "m3"
L 01/13/2020 - 22:02:15: "Fury/Mumya<228><STEAM_1:1:81589675><CT>" killed "aLoNeDarK<227><STEAM_1:0:45342476><TERRORIST>" with "m3"
L 01/13/2020 - 22:02:15: Team "CT" triggered "CTs_Win" (CT "6") (T "3")
L 01/13/2020 - 22:02:15: World triggered "Round_End"
L 01/13/2020 - 22:02:21: World triggered "Round_Start"
L 01/13/2020 - 22:02:39: "Fury/Mumya<228><STEAM_1:1:81589675><CT>" killed "jesse_pinkman<220><STEAM_0:1:526796648><TERRORIST>" with "m3"
L 01/13/2020 - 22:02:44: "Fury/Mumya<228><STEAM_1:1:81589675><CT>" killed "aLoNeDarK<227><STEAM_1:0:45342476><TERRORIST>" with "m3"
L 01/13/2020 - 22:02:44: Team "CT" triggered "CTs_Win" (CT "7") (T "3")
L 01/13/2020 - 22:02:44: World triggered "Round_End"
L 01/13/2020 - 22:02:48: "aLoNeDarK<227><STEAM_1:0:45342476><TERRORIST>" disconnected
L 01/13/2020 - 22:02:50: World triggered "Round_Start"
L 01/13/2020 - 22:02:57: "jesse_pinkman<220><STEAM_0:1:526796648><TERRORIST>" disconnected
L 01/13/2020 - 22:04:04: "Fury/Mumya<228><STEAM_1:1:81589675><CT>" disconnected
L 01/13/2020 - 22:04:04: World triggered "Round_Draw" (CT "7") (T "3")
L 01/13/2020 - 22:04:04: World triggered "Round_End"
L 01/13/2020 - 22:04:10: World triggered "Round_Start"
L 01/13/2020 - 22:06:25: [REUNION]: IP 79.132.25.221 banned for 10 minutes for query flooding (PPS: 334)
L 01/13/2020 - 22:11:01: "H3<231><STEAM_0:0:22454606><>" connected, address "46.238.61.253:27005"
L 01/13/2020 - 22:11:11: "H3<232><STEAM_0:0:22454606><>" connected, address "46.238.61.253:27005"
L 01/13/2020 - 22:11:12: "H3<232><STEAM_0:0:22454606><>" STEAM USERID validated
L 01/13/2020 - 22:11:14: "H3<232><STEAM_0:0:22454606><>" entered the game
L 01/13/2020 - 22:11:20: "H3<232><STEAM_0:0:22454606><>" joined team "CT"
L 01/13/2020 - 22:12:44: "H3<232><STEAM_0:0:22454606><CT>" disconnected
L 01/13/2020 - 22:12:44: World triggered "Round_Draw" (CT "7") (T "3")
L 01/13/2020 - 22:12:44: World triggered "Round_End"
L 01/13/2020 - 22:12:50: World triggered "Round_Start"
L 01/13/2020 - 22:16:53: Server cvar "mp_chattime" = "7.000000"
L 01/13/2020 - 22:16:53: Server cvar "amx_nextmap" = "cs_carzzz"
L 01/13/2020 - 22:16:54: Team "CT" scored "7" with "0" players
L 01/13/2020 - 22:16:54: Team "TERRORIST" scored "3" with "0" players
L 01/13/2020 - 22:16:58: Server cvar "mp_chattime" = "5.000000"
L 01/13/2020 - 22:16:58: [META] ini: Begin re-reading plugins list: /home/rented/public9/cstrike/addons/metamod/plugins.ini
L 01/13/2020 - 22:16:58: [META] ini: Read plugin config for: SafeNameAndChat
L 01/13/2020 - 22:16:58: [META] ini: Read plugin config for: AMX Mod X
L 01/13/2020 - 22:16:58: [META] ini: Read plugin config for: Reunion
L 01/13/2020 - 22:16:58: [META] ini: Read plugin config for: ReAuthCheck
L 01/13/2020 - 22:16:58: [META] ini: Read plugin config for: WHBlocker
L 01/13/2020 - 22:16:58: [META] ini: Read plugin config for: ReSemiclip
L 01/13/2020 - 22:16:58: [META] ini: Read plugin config for: Revoice
L 01/13/2020 - 22:16:58: [META] ini: Finished reading plugins list: /home/rented/public9/cstrike/addons/metamod/plugins.ini; Found 7 plugins
L 01/13/2020 - 22:16:58: [META] dll: Updating plugins...
L 01/13/2020 - 22:16:58: [META] WARNING: Cannot clear plugin 'SafeNameAndChat'; not marked as failed, empty, or open (status=valid)
L 01/13/2020 - 22:16:58: [META] dll: Unloaded plugin 'SafeNameAndChat' for reason 'file on disk is newer'
L 01/13/2020 - 22:16:58: [META] dll: Loaded plugin 'SafeNameAndChat': SafeNameAndChat v1.1 2017.02.01, WPMG.PRoSToC0der
L 01/13/2020 - 22:16:58: [META] WARNING: Cannot clear plugin 'WHBlocker'; not marked as failed, empty, or open (status=valid)
L 01/13/2020 - 22:16:58: [META] dll: Unloaded plugin 'WHBlocker' for reason 'file on disk is newer'
L 01/13/2020 - 22:16:58: [META] dll: Loaded plugin 'WHBlocker': WHBlocker v1.5.692 2017-04-13, s1lent
L 01/13/2020 - 22:16:58: [META] WARNING: Cannot clear plugin 'ReSemiclip'; not marked as failed, empty, or open (status=valid)
L 01/13/2020 - 22:16:58: [META] dll: Unloaded plugin 'ReSemiclip' for reason 'file on disk is newer'
L 01/13/2020 - 22:16:58: [META] dll: Loaded plugin 'ReSemiclip': ReSemiclip v2.3.9 13/02/17, s1lent & Adidasman
L 01/13/2020 - 22:16:58: [META] dll: Finished updating 14 plugins; kept 0, loaded 0, unloaded 0, reloaded 3, delayed 0
L 01/13/2020 - 22:16:58: Log file closed
