L 01/22/2020 - 17:46:04: Log file started (file "logs/L0122067.log") (game "cstrike") (version "48/1.1.2.7/Stdio/1621")
L 01/22/2020 - 17:46:04: Loading map "big_city"
L 01/22/2020 - 17:46:04: Server cvars start
L 01/22/2020 - 17:46:04: Server cvar "@BunnyHopper" = "3.x"
L 01/22/2020 - 17:46:04: Server cvar "@CRXGoSpec" = "1.1"
L 01/22/2020 - 17:46:04: Server cvar "@CRXRemoveImmunity" = "1.0"
L 01/22/2020 - 17:46:04: Server cvar "@D.I.C.E." = "1.1"
L 01/22/2020 - 17:46:04: Server cvar "@MOTDCommands" = "1.2"
L 01/22/2020 - 17:46:04: Server cvar "advanced_quake_sounds" = "5.0"
L 01/22/2020 - 17:46:04: Server cvar "AdvancedMute" = "1.0"
L 01/22/2020 - 17:46:04: Server cvar "aesp_version" = "1.3"
L 01/22/2020 - 17:46:04: Server cvar "allow_spectators" = "1.0"
L 01/22/2020 - 17:46:04: Server cvar "amx_client_languages" = "1"
L 01/22/2020 - 17:46:04: Server cvar "amx_language" = "en"
L 01/22/2020 - 17:46:04: Server cvar "amx_nextmap" = "big_city"
L 01/22/2020 - 17:46:04: Server cvar "amx_ptb_version" = "1.8b3"
L 01/22/2020 - 17:46:04: Server cvar "amx_timeleft" = "11:51"
L 01/22/2020 - 17:46:04: Server cvar "amxmodx_version" = "1.8.2"
L 01/22/2020 - 17:46:04: Server cvar "amxxbg_vip" = "1.0"
L 01/22/2020 - 17:46:04: Server cvar "asp_version" = "4.5.1"
L 01/22/2020 - 17:46:04: Server cvar "atac_version" = "3.0.1"
L 01/22/2020 - 17:46:04: Server cvar "badcamper_version" = "1.4 beta"
L 01/22/2020 - 17:46:04: Server cvar "blockmaker" = "4.01"
L 01/22/2020 - 17:46:04: Server cvar "c4 timer" = "1.1"
L 01/22/2020 - 17:46:04: Server cvar "coop" = "0"
L 01/22/2020 - 17:46:04: Server cvar "CRXAdminGroups" = "1.0"
L 01/22/2020 - 17:46:04: Server cvar "CRXCommandRestrictions" = "1.0"
L 01/22/2020 - 17:46:04: Server cvar "CRXFastKnife" = "1.0"
L 01/22/2020 - 17:46:04: Server cvar "CRXGametracker" = "2.0"
L 01/22/2020 - 17:46:04: Server cvar "CRXKnifeModels" = "2.5.7"
L 01/22/2020 - 17:46:04: Server cvar "CRXTeamAdvantage" = "1.0"
L 01/22/2020 - 17:46:04: Server cvar "CustomShop" = "4.2"
L 01/22/2020 - 17:46:04: Server cvar "deathmatch" = "1"
L 01/22/2020 - 17:46:04: Server cvar "decalfrequency" = "0"
L 01/22/2020 - 17:46:04: Server cvar "edgefriction" = "2"
L 01/22/2020 - 17:46:04: Server cvar "ers_version" = "2.3c"
L 01/22/2020 - 17:46:04: Server cvar "gagsystem_shoko" = "1.0"
L 01/22/2020 - 17:46:04: Server cvar "gal_mapcyclefile" = "mapcycle.txt"
L 01/22/2020 - 17:46:04: Server cvar "gal_version" = "v5.9.1-926"
L 01/22/2020 - 17:46:04: Server cvar "game_version" = "5.7.0.313-dev"
L 01/22/2020 - 17:46:04: Server cvar "humans_join_team" = "any"
L 01/22/2020 - 17:46:04: Server cvar "jtp10181" = "chute,gore"
L 01/22/2020 - 17:46:04: Server cvar "lawliet" = "ny_RainingSnow"
L 01/22/2020 - 17:46:04: Server cvar "LetitSnow" = "1.0"
L 01/22/2020 - 17:46:04: Server cvar "map_spawns" = "T(16) CT(16)"
L 01/22/2020 - 17:46:04: Server cvar "max_queries_sec" = "3"
L 01/22/2020 - 17:46:04: Server cvar "max_queries_sec_global" = "150"
L 01/22/2020 - 17:46:04: Server cvar "max_queries_window" = "60"
L 01/22/2020 - 17:46:04: Server cvar "mdbBans" = "4.8"
L 01/22/2020 - 17:46:04: Server cvar "metamod_version" = "1.21p37"
L 01/22/2020 - 17:46:04: Server cvar "mp_autokick" = "0"
L 01/22/2020 - 17:46:04: Server cvar "mp_autokick_timeout" = "-1"
L 01/22/2020 - 17:46:04: Server cvar "mp_autoteambalance" = "1"
L 01/22/2020 - 17:46:04: Server cvar "mp_buytime" = "0.25"
L 01/22/2020 - 17:46:04: Server cvar "mp_c4timer" = "35"
L 01/22/2020 - 17:46:04: Server cvar "mp_chattime" = "5"
L 01/22/2020 - 17:46:04: Server cvar "mp_consistency" = "1"
L 01/22/2020 - 17:46:04: Server cvar "mp_fadetoblack" = "0"
L 01/22/2020 - 17:46:04: Server cvar "mp_flashlight" = "1"
L 01/22/2020 - 17:46:04: Server cvar "mp_footsteps" = "1"
L 01/22/2020 - 17:46:04: Server cvar "mp_forcecamera" = "0"
L 01/22/2020 - 17:46:04: Server cvar "mp_forcechasecam" = "0"
L 01/22/2020 - 17:46:04: Server cvar "mp_forcerespawn" = "0"
L 01/22/2020 - 17:46:04: Server cvar "mp_fraglimit" = "0"
L 01/22/2020 - 17:46:04: Server cvar "mp_fragsleft" = "0"
L 01/22/2020 - 17:46:04: Server cvar "mp_freeforall" = "0"
L 01/22/2020 - 17:46:04: Server cvar "mp_freezetime" = "1"
L 01/22/2020 - 17:46:04: Server cvar "mp_friendlyfire" = "0"
L 01/22/2020 - 17:46:04: Server cvar "mp_hostage_hurtable" = "1"
L 01/22/2020 - 17:46:04: Server cvar "mp_hostagepenalty" = "0"
L 01/22/2020 - 17:46:04: Server cvar "mp_item_staytime" = "300"
L 01/22/2020 - 17:46:04: Server cvar "mp_kickpercent" = "0.66"
L 01/22/2020 - 17:46:04: Server cvar "mp_legacy_bombtarget_touch" = "1"
L 01/22/2020 - 17:46:04: Server cvar "mp_limitteams" = "0"
L 01/22/2020 - 17:46:04: Server cvar "mp_logdetail" = "0"
L 01/22/2020 - 17:46:04: Server cvar "mp_logfile" = "1"
L 01/22/2020 - 17:46:04: Server cvar "mp_logmessages" = "1"
L 01/22/2020 - 17:46:04: Server cvar "mp_mapvoteratio" = "0.66"
L 01/22/2020 - 17:46:04: Server cvar "mp_maxmoney" = "999999"
L 01/22/2020 - 17:46:04: Server cvar "mp_maxrounds" = "0"
L 01/22/2020 - 17:46:04: Server cvar "mp_mirrordamage" = "0"
L 01/22/2020 - 17:46:04: Server cvar "mp_old_bomb_defused_sound" = "1"
L 01/22/2020 - 17:46:04: Server cvar "mp_playerid" = "0"
L 01/22/2020 - 17:46:04: Server cvar "mp_respawn_immunitytime" = "0"
L 01/22/2020 - 17:46:04: Server cvar "mp_round_infinite" = "0"
L 01/22/2020 - 17:46:04: Server cvar "mp_round_restart_delay" = "5"
L 01/22/2020 - 17:46:04: Server cvar "mp_roundover" = "0"
L 01/22/2020 - 17:46:04: Server cvar "mp_roundtime" = "2.3"
L 01/22/2020 - 17:46:04: Server cvar "mp_show_radioicon" = "1"
L 01/22/2020 - 17:46:04: Server cvar "mp_startmoney" = "850"
L 01/22/2020 - 17:46:04: Server cvar "mp_timeleft" = "11:51"
L 01/22/2020 - 17:46:04: Server cvar "mp_timelimit" = "20.000000"
L 01/22/2020 - 17:46:04: Server cvar "mp_tkpunish" = "0"
L 01/22/2020 - 17:46:04: Server cvar "mp_windifference" = "1"
L 01/22/2020 - 17:46:04: Server cvar "mp_winlimit" = "0"
L 01/22/2020 - 17:46:04: Server cvar "NoWeaponsOnGround" = "1.0"
L 01/22/2020 - 17:46:04: Server cvar "pausable" = "0"
L 01/22/2020 - 17:46:04: Server cvar "present_version" = "2.01"
L 01/22/2020 - 17:46:04: Server cvar "RandomHP" = "2.2"
L 01/22/2020 - 17:46:04: Server cvar "reauthcheck_version" = "0.1.6"
L 01/22/2020 - 17:46:04: Server cvar "reconnect_features" = "0.3.1"
L 01/22/2020 - 17:46:04: Server cvar "report_system_version" = "3.1"
L 01/22/2020 - 17:46:04: Server cvar "resemiclip_version" = "2.3.9"
L 01/22/2020 - 17:46:04: Server cvar "reu_version" = "0.1.0.130"
L 01/22/2020 - 17:46:04: Server cvar "revoice_version" = "0.1.0.30"
L 01/22/2020 - 17:46:04: Server cvar "RRWM" = "2.0"
L 01/22/2020 - 17:46:04: Server cvar "sanksounds_version" = "1.8.6"
L 01/22/2020 - 17:46:04: Server cvar "SimpleMenu" = "1.1"
L 01/22/2020 - 17:46:04: Server cvar "SNAC_Version" = "1.1"
L 01/22/2020 - 17:46:04: Server cvar "SpecList" = "1.2a"
L 01/22/2020 - 17:46:04: Server cvar "sr_version" = "1.6"
L 01/22/2020 - 17:46:04: Server cvar "statsx_shell_ver" = "2.0.0 (BETA)"
L 01/22/2020 - 17:46:04: Server cvar "StyleC4Timer" = "2.1"
L 01/22/2020 - 17:46:04: Server cvar "sv_accelerate" = "5"
L 01/22/2020 - 17:46:04: Server cvar "sv_aim" = "1"
L 01/22/2020 - 17:46:04: Server cvar "sv_airaccelerate" = "100"
L 01/22/2020 - 17:46:04: Server cvar "sv_allowupload" = "1"
L 01/22/2020 - 17:46:04: Server cvar "sv_alltalk" = "1"
L 01/22/2020 - 17:46:04: Server cvar "sv_bounce" = "1"
L 01/22/2020 - 17:46:04: Server cvar "sv_cheats" = "0"
L 01/22/2020 - 17:46:04: Server cvar "sv_clienttrace" = "1"
L 01/22/2020 - 17:46:04: Server cvar "sv_contact" = "feruchio599@gmail.com"
L 01/22/2020 - 17:46:04: Server cvar "sv_friction" = "4"
L 01/22/2020 - 17:46:04: Server cvar "sv_gravity" = "800"
L 01/22/2020 - 17:46:04: Server cvar "sv_logblocks" = "0"
L 01/22/2020 - 17:46:04: Server cvar "sv_maxrate" = "50000"
L 01/22/2020 - 17:46:04: Server cvar "sv_maxspeed" = "900.000000"
L 01/22/2020 - 17:46:04: Server cvar "sv_minrate" = "10000"
L 01/22/2020 - 17:46:04: Server cvar "sv_password" = ""
L 01/22/2020 - 17:46:04: Server cvar "sv_proxies" = "1"
L 01/22/2020 - 17:46:04: Server cvar "sv_restart" = "0"
L 01/22/2020 - 17:46:04: Server cvar "sv_restartround" = "0"
L 01/22/2020 - 17:46:04: Server cvar "sv_stepsize" = "18"
L 01/22/2020 - 17:46:04: Server cvar "sv_stopspeed" = "75"
L 01/22/2020 - 17:46:04: Server cvar "sv_uploadmax" = "0.5"
L 01/22/2020 - 17:46:04: Server cvar "sv_version" = "1.1.2.7/Stdio,48,1621"
L 01/22/2020 - 17:46:04: Server cvar "sv_voiceenable" = "1"
L 01/22/2020 - 17:46:04: Server cvar "sv_wateraccelerate" = "10"
L 01/22/2020 - 17:46:04: Server cvar "sv_waterfriction" = "1"
L 01/22/2020 - 17:46:04: Server cvar "Team_Semiclip_version" = "3.3.1"
L 01/22/2020 - 17:46:04: Server cvar "vehicle_real_killer" = "1.1"
L 01/22/2020 - 17:46:04: Server cvar "WalkGuard" = "1.3.2"
L 01/22/2020 - 17:46:04: Server cvar "we_grenades" = "Huehue"
L 01/22/2020 - 17:46:04: Server cvar "we_player_models" = "Huehue"
L 01/22/2020 - 17:46:04: Server cvar "whb_version" = "1.5.692"
L 01/22/2020 - 17:46:04: Server cvar "zp_jp_version" = "Extra Item Jetpack+Bazooka v3.2"
L 01/22/2020 - 17:46:04: Server cvars end
L 01/22/2020 - 17:46:06: Server cvar "sv_maxspeed" = "900"
L 01/22/2020 - 17:46:06: Server cvar "mp_timelimit" = "20"
L 01/22/2020 - 17:46:06: Server cvar "mp_autoteambalance" = "0"
L 01/22/2020 - 17:46:07: Server cvar "amx_nextmap" = "[not yet voted on]"
L 01/22/2020 - 17:46:08: Started map "big_city" (CRC "-1756351155")
L 01/22/2020 - 17:46:10: World triggered "Round_Start"
L 01/22/2020 - 17:46:17: "<Warrior> Player<26><STEAM_1:0:599517282><>" entered the game
L 01/22/2020 - 17:46:20: "SABBY UwU<21><STEAM_2:1:1500161593><>" entered the game
L 01/22/2020 - 17:47:15: "<Warrior> Player<26><STEAM_1:0:599517282><>" joined team "SPECTATOR"
L 01/22/2020 - 17:47:15: "SABBY UwU<21><STEAM_2:1:1500161593><>" joined team "SPECTATOR"
L 01/22/2020 - 17:48:08: "<Warrior> Player<26><STEAM_1:0:599517282><SPECTATOR>" joined team "CT"
L 01/22/2020 - 17:48:28: Team "TERRORIST" triggered "Hostages_Not_Rescued" (CT "0") (T "0")
L 01/22/2020 - 17:48:28: World triggered "Round_End"
L 01/22/2020 - 17:48:33: "SABBY UwU<21><STEAM_2:1:1500161593><SPECTATOR>" joined team "TERRORIST"
L 01/22/2020 - 17:48:34: World triggered "Game_Commencing"
L 01/22/2020 - 17:48:34: World triggered "Game_Commencing" (CT "0") (T "0")
L 01/22/2020 - 17:48:34: World triggered "Round_End"
L 01/22/2020 - 17:48:38: World triggered "Round_Start"
L 01/22/2020 - 17:50:23: "<Warrior> Player<26><STEAM_1:0:599517282><CT>" killed "SABBY UwU<21><STEAM_2:1:1500161593><TERRORIST>" with "m249"
L 01/22/2020 - 17:50:23: Team "CT" triggered "CTs_Win" (CT "1") (T "0")
L 01/22/2020 - 17:50:23: World triggered "Round_End"
L 01/22/2020 - 17:50:29: World triggered "Round_Start"
L 01/22/2020 - 17:50:40: "SABBY UwU<21><STEAM_2:1:1500161593><TERRORIST>" committed suicide with "world"
L 01/22/2020 - 17:50:40: Team "CT" triggered "CTs_Win" (CT "2") (T "0")
L 01/22/2020 - 17:50:40: World triggered "Round_End"
L 01/22/2020 - 17:50:46: World triggered "Round_Start"
L 01/22/2020 - 17:51:51: "SABBY UwU<21><STEAM_2:1:1500161593><TERRORIST>" killed "<Warrior> Player<26><STEAM_1:0:599517282><CT>" with "scout"
L 01/22/2020 - 17:51:51: Team "TERRORIST" triggered "Terrorists_Win" (CT "2") (T "1")
L 01/22/2020 - 17:51:51: World triggered "Round_End"
L 01/22/2020 - 17:51:57: World triggered "Round_Start"
L 01/22/2020 - 17:52:12: "ک!мþℓعмэи†э么<27><STEAM_0:1:49983591><>" connected, address "89.153.230.159:27005"
L 01/22/2020 - 17:52:13: "ک!мþℓعмэи†э么<27><STEAM_0:1:49983591><>" STEAM USERID validated
L 01/22/2020 - 17:52:20: "ک!мþℓعмэи†э么<28><STEAM_0:1:49983591><>" connected, address "89.153.230.159:27005"
L 01/22/2020 - 17:52:21: "ک!мþℓعмэи†э么<28><STEAM_0:1:49983591><>" STEAM USERID validated
L 01/22/2020 - 17:52:44: "ک!мþℓعмэи†э么<28><STEAM_0:1:49983591><>" entered the game
L 01/22/2020 - 17:52:48: "ک!мþℓعмэи†э么<28><STEAM_0:1:49983591><>" joined team "TERRORIST"
L 01/22/2020 - 17:53:10: "SABBY UwU<21><STEAM_2:1:1500161593><TERRORIST>" killed "<Warrior> Player<26><STEAM_1:0:599517282><CT>" with "glock18"
L 01/22/2020 - 17:53:10: Team "TERRORIST" triggered "Terrorists_Win" (CT "2") (T "2")
L 01/22/2020 - 17:53:10: World triggered "Round_End"
L 01/22/2020 - 17:53:16: World triggered "Round_Start"
L 01/22/2020 - 17:53:33: "SABBY UwU<21><STEAM_2:1:1500161593><TERRORIST>" committed suicide with "world"
L 01/22/2020 - 17:53:33: "SABBY UwU<21><STEAM_2:1:1500161593><TERRORIST>" joined team "CT"
L 01/22/2020 - 17:53:56: "ک!мþℓعмэи†э么<28><STEAM_0:1:49983591><TERRORIST>" killed "<Warrior> Player<26><STEAM_1:0:599517282><CT>" with "deagle"
L 01/22/2020 - 17:53:56: Team "TERRORIST" triggered "Terrorists_Win" (CT "2") (T "3")
L 01/22/2020 - 17:53:56: World triggered "Round_End"
L 01/22/2020 - 17:54:02: World triggered "Round_Start"
L 01/22/2020 - 17:54:32: [REUNION]: Limp BiskiT (185.7.218.146) authorized as RevEmu
L 01/22/2020 - 17:54:32: "Limp BiskiT<29><STEAM_1:0:436762595><>" connected, address "185.7.218.146:27005"
L 01/22/2020 - 17:54:37: "ک!мþℓعмэи†э么<28><STEAM_0:1:49983591><TERRORIST>" killed "<Warrior> Player<26><STEAM_1:0:599517282><CT>" with "m4a1"
L 01/22/2020 - 17:54:37: "SABBY UwU<21><STEAM_2:1:1500161593><CT>" killed "ک!мþℓعмэи†э么<28><STEAM_0:1:49983591><TERRORIST>" with "awp"
L 01/22/2020 - 17:54:37: Team "CT" triggered "CTs_Win" (CT "3") (T "3")
L 01/22/2020 - 17:54:37: World triggered "Round_End"
L 01/22/2020 - 17:54:40: "Limp BiskiT<29><STEAM_1:0:436762595><>" entered the game
L 01/22/2020 - 17:54:42: "<Warrior> Player<26><STEAM_1:0:599517282><CT>" joined team "TERRORIST"
L 01/22/2020 - 17:54:42: "<><><>" triggered "amx_chat" (text "[PTB] Transfered <Warrior> Player to TERRORIST")
L 01/22/2020 - 17:54:43: World triggered "Round_Start"
L 01/22/2020 - 17:54:44: "Limp BiskiT<29><STEAM_1:0:436762595><>" joined team "CT"
L 01/22/2020 - 17:55:10: "ک!мþℓعмэи†э么<28><STEAM_0:1:49983591><TERRORIST>" killed "SABBY UwU<21><STEAM_2:1:1500161593><CT>" with "awp"
L 01/22/2020 - 17:55:19: "ک!мþℓعмэи†э么<28><STEAM_0:1:49983591><TERRORIST>" killed "Limp BiskiT<29><STEAM_1:0:436762595><CT>" with "awp"
L 01/22/2020 - 17:55:19: Team "TERRORIST" triggered "Terrorists_Win" (CT "3") (T "4")
L 01/22/2020 - 17:55:19: World triggered "Round_End"
L 01/22/2020 - 17:55:25: World triggered "Round_Start"
L 01/22/2020 - 17:55:59: "SABBY UwU<21><STEAM_2:1:1500161593><CT>" killed "<Warrior> Player<26><STEAM_1:0:599517282><TERRORIST>" with "awp"
L 01/22/2020 - 17:56:04: "ک!мþℓعмэи†э么<28><STEAM_0:1:49983591><TERRORIST>" killed "Limp BiskiT<29><STEAM_1:0:436762595><CT>" with "deagle"
L 01/22/2020 - 17:56:21: Server cvar "amx_nextmap" = "awp_snowfun2"
L 01/22/2020 - 17:57:09: "ک!мþℓعмэи†э么<28><STEAM_0:1:49983591><TERRORIST>" committed suicide with "world"
L 01/22/2020 - 17:57:09: Team "CT" triggered "CTs_Win" (CT "4") (T "4")
L 01/22/2020 - 17:57:09: World triggered "Round_End"
L 01/22/2020 - 17:57:15: World triggered "Round_Start"
L 01/22/2020 - 17:57:15: Server cvar "sv_maxspeed" = "0.000000"
L 01/22/2020 - 17:57:15: Server cvar "mp_friendlyfire" = "1"
L 01/22/2020 - 17:57:20: "<Warrior> Player<26><STEAM_1:0:599517282><TERRORIST>" committed suicide with "worldspawn" (world)
L 01/22/2020 - 17:57:21: Server cvar "sv_maxspeed" = "900.000000"
L 01/22/2020 - 17:57:21: Server cvar "mp_friendlyfire" = "0"
L 01/22/2020 - 17:57:21: [META] ini: Begin re-reading plugins list: /home/rented/public9/cstrike/addons/metamod/plugins.ini
L 01/22/2020 - 17:57:21: [META] ini: Read plugin config for: SafeNameAndChat
L 01/22/2020 - 17:57:21: [META] ini: Read plugin config for: AMX Mod X
L 01/22/2020 - 17:57:21: [META] ini: Read plugin config for: Reunion
L 01/22/2020 - 17:57:21: [META] ini: Read plugin config for: ReAuthCheck
L 01/22/2020 - 17:57:21: [META] ini: Read plugin config for: WHBlocker
L 01/22/2020 - 17:57:21: [META] ini: Read plugin config for: ReSemiclip
L 01/22/2020 - 17:57:21: [META] ini: Read plugin config for: Revoice
L 01/22/2020 - 17:57:21: [META] ini: Finished reading plugins list: /home/rented/public9/cstrike/addons/metamod/plugins.ini; Found 7 plugins
L 01/22/2020 - 17:57:21: [META] dll: Updating plugins...
L 01/22/2020 - 17:57:21: [META] WARNING: Cannot clear plugin 'SafeNameAndChat'; not marked as failed, empty, or open (status=valid)
L 01/22/2020 - 17:57:21: [META] dll: Unloaded plugin 'SafeNameAndChat' for reason 'file on disk is newer'
L 01/22/2020 - 17:57:21: [META] dll: Loaded plugin 'SafeNameAndChat': SafeNameAndChat v1.1 2017.02.01, WPMG.PRoSToC0der
L 01/22/2020 - 17:57:21: [META] WARNING: Cannot clear plugin 'WHBlocker'; not marked as failed, empty, or open (status=valid)
L 01/22/2020 - 17:57:21: [META] dll: Unloaded plugin 'WHBlocker' for reason 'file on disk is newer'
L 01/22/2020 - 17:57:21: [META] dll: Loaded plugin 'WHBlocker': WHBlocker v1.5.692 2017-04-13, s1lent
L 01/22/2020 - 17:57:21: [META] WARNING: Cannot clear plugin 'ReSemiclip'; not marked as failed, empty, or open (status=valid)
L 01/22/2020 - 17:57:21: [META] dll: Unloaded plugin 'ReSemiclip' for reason 'file on disk is newer'
L 01/22/2020 - 17:57:21: [META] dll: Loaded plugin 'ReSemiclip': ReSemiclip v2.3.9 13/02/17, s1lent & Adidasman
L 01/22/2020 - 17:57:21: [META] dll: Finished updating 14 plugins; kept 0, loaded 0, unloaded 0, reloaded 3, delayed 0
L 01/22/2020 - 17:57:21: "<Warrior> Player<26><STEAM_1:0:599517282><TERRORIST>" disconnected
L 01/22/2020 - 17:57:21: "SABBY UwU<21><STEAM_2:1:1500161593><CT>" disconnected
L 01/22/2020 - 17:57:21: "ک!мþℓعмэи†э么<28><STEAM_0:1:49983591><TERRORIST>" disconnected
L 01/22/2020 - 17:57:21: "Limp BiskiT<29><STEAM_1:0:436762595><CT>" disconnected
L 01/22/2020 - 17:57:21: World triggered "Round_Draw" (CT "4") (T "4")
L 01/22/2020 - 17:57:21: World triggered "Round_End"
L 01/22/2020 - 17:57:21: Log file closed
