L 01/20/2020 - 19:21:35: Log file started (file "logs/L0120062.log") (game "cstrike") (version "48/1.1.2.7/Stdio/1621")
L 01/20/2020 - 19:21:35: Loading map "GM_StarWars"
L 01/20/2020 - 19:21:35: Server cvars start
L 01/20/2020 - 19:21:35: Server cvar "@BunnyHopper" = "3.x"
L 01/20/2020 - 19:21:35: Server cvar "@CRXGoSpec" = "1.1"
L 01/20/2020 - 19:21:35: Server cvar "@CRXRemoveImmunity" = "1.0"
L 01/20/2020 - 19:21:35: Server cvar "@D.I.C.E." = "1.1"
L 01/20/2020 - 19:21:35: Server cvar "@MOTDCommands" = "1.2"
L 01/20/2020 - 19:21:35: Server cvar "advanced_quake_sounds" = "5.0"
L 01/20/2020 - 19:21:35: Server cvar "AdvancedMute" = "1.0"
L 01/20/2020 - 19:21:35: Server cvar "aesp_version" = "1.3"
L 01/20/2020 - 19:21:35: Server cvar "allow_spectators" = "1.0"
L 01/20/2020 - 19:21:35: Server cvar "amx_client_languages" = "1"
L 01/20/2020 - 19:21:35: Server cvar "amx_language" = "en"
L 01/20/2020 - 19:21:35: Server cvar "amx_nextmap" = "GM_StarWars"
L 01/20/2020 - 19:21:35: Server cvar "amx_ptb_version" = "1.8b3"
L 01/20/2020 - 19:21:35: Server cvar "amx_timeleft" = "14:22"
L 01/20/2020 - 19:21:35: Server cvar "amxmodx_version" = "1.8.2"
L 01/20/2020 - 19:21:35: Server cvar "amxxbg_vip" = "1.0"
L 01/20/2020 - 19:21:35: Server cvar "asp_version" = "4.5.1"
L 01/20/2020 - 19:21:35: Server cvar "atac_version" = "3.0.1"
L 01/20/2020 - 19:21:35: Server cvar "badcamper_version" = "1.4 beta"
L 01/20/2020 - 19:21:35: Server cvar "blockmaker" = "4.01"
L 01/20/2020 - 19:21:35: Server cvar "c4 timer" = "1.1"
L 01/20/2020 - 19:21:35: Server cvar "coop" = "0"
L 01/20/2020 - 19:21:35: Server cvar "CRXAdminGroups" = "1.0"
L 01/20/2020 - 19:21:35: Server cvar "CRXCommandRestrictions" = "1.0"
L 01/20/2020 - 19:21:35: Server cvar "CRXFastKnife" = "1.0"
L 01/20/2020 - 19:21:35: Server cvar "CRXGametracker" = "2.0"
L 01/20/2020 - 19:21:35: Server cvar "CRXKnifeModels" = "2.5.7"
L 01/20/2020 - 19:21:35: Server cvar "CRXTeamAdvantage" = "1.0"
L 01/20/2020 - 19:21:35: Server cvar "CustomShop" = "4.2"
L 01/20/2020 - 19:21:35: Server cvar "deathmatch" = "1"
L 01/20/2020 - 19:21:35: Server cvar "decalfrequency" = "0"
L 01/20/2020 - 19:21:35: Server cvar "edgefriction" = "2"
L 01/20/2020 - 19:21:35: Server cvar "ers_version" = "2.3c"
L 01/20/2020 - 19:21:35: Server cvar "gagsystem_shoko" = "1.0"
L 01/20/2020 - 19:21:35: Server cvar "gal_mapcyclefile" = "mapcycle.txt"
L 01/20/2020 - 19:21:35: Server cvar "gal_version" = "v5.9.1-926"
L 01/20/2020 - 19:21:35: Server cvar "game_version" = "5.7.0.313-dev"
L 01/20/2020 - 19:21:35: Server cvar "humans_join_team" = "any"
L 01/20/2020 - 19:21:35: Server cvar "jtp10181" = "chute,gore"
L 01/20/2020 - 19:21:35: Server cvar "lawliet" = "ny_RainingSnow"
L 01/20/2020 - 19:21:35: Server cvar "LetitSnow" = "1.0"
L 01/20/2020 - 19:21:35: Server cvar "map_spawns" = "T(16) CT(16)"
L 01/20/2020 - 19:21:35: Server cvar "max_queries_sec" = "3"
L 01/20/2020 - 19:21:35: Server cvar "max_queries_sec_global" = "150"
L 01/20/2020 - 19:21:35: Server cvar "max_queries_window" = "60"
L 01/20/2020 - 19:21:35: Server cvar "mdbBans" = "4.8"
L 01/20/2020 - 19:21:35: Server cvar "metamod_version" = "1.21p37"
L 01/20/2020 - 19:21:35: Server cvar "mp_autokick" = "0"
L 01/20/2020 - 19:21:35: Server cvar "mp_autokick_timeout" = "-1"
L 01/20/2020 - 19:21:35: Server cvar "mp_autoteambalance" = "0"
L 01/20/2020 - 19:21:35: Server cvar "mp_buytime" = "0.25"
L 01/20/2020 - 19:21:35: Server cvar "mp_c4timer" = "35"
L 01/20/2020 - 19:21:35: Server cvar "mp_chattime" = "5.000000"
L 01/20/2020 - 19:21:35: Server cvar "mp_consistency" = "1"
L 01/20/2020 - 19:21:35: Server cvar "mp_fadetoblack" = "0"
L 01/20/2020 - 19:21:35: Server cvar "mp_flashlight" = "1"
L 01/20/2020 - 19:21:35: Server cvar "mp_footsteps" = "1"
L 01/20/2020 - 19:21:35: Server cvar "mp_forcecamera" = "0"
L 01/20/2020 - 19:21:35: Server cvar "mp_forcechasecam" = "0"
L 01/20/2020 - 19:21:35: Server cvar "mp_forcerespawn" = "0"
L 01/20/2020 - 19:21:35: Server cvar "mp_fraglimit" = "0"
L 01/20/2020 - 19:21:35: Server cvar "mp_fragsleft" = "0"
L 01/20/2020 - 19:21:35: Server cvar "mp_freeforall" = "0"
L 01/20/2020 - 19:21:35: Server cvar "mp_freezetime" = "1"
L 01/20/2020 - 19:21:35: Server cvar "mp_friendlyfire" = "0"
L 01/20/2020 - 19:21:35: Server cvar "mp_hostage_hurtable" = "1"
L 01/20/2020 - 19:21:35: Server cvar "mp_hostagepenalty" = "0"
L 01/20/2020 - 19:21:35: Server cvar "mp_item_staytime" = "300"
L 01/20/2020 - 19:21:35: Server cvar "mp_kickpercent" = "0.66"
L 01/20/2020 - 19:21:35: Server cvar "mp_legacy_bombtarget_touch" = "1"
L 01/20/2020 - 19:21:35: Server cvar "mp_limitteams" = "0"
L 01/20/2020 - 19:21:35: Server cvar "mp_logdetail" = "0"
L 01/20/2020 - 19:21:35: Server cvar "mp_logfile" = "1"
L 01/20/2020 - 19:21:35: Server cvar "mp_logmessages" = "1"
L 01/20/2020 - 19:21:35: Server cvar "mp_mapvoteratio" = "0.66"
L 01/20/2020 - 19:21:35: Server cvar "mp_maxmoney" = "999999"
L 01/20/2020 - 19:21:35: Server cvar "mp_maxrounds" = "0"
L 01/20/2020 - 19:21:35: Server cvar "mp_mirrordamage" = "0"
L 01/20/2020 - 19:21:35: Server cvar "mp_old_bomb_defused_sound" = "1"
L 01/20/2020 - 19:21:35: Server cvar "mp_playerid" = "0"
L 01/20/2020 - 19:21:35: Server cvar "mp_respawn_immunitytime" = "0"
L 01/20/2020 - 19:21:35: Server cvar "mp_round_infinite" = "0"
L 01/20/2020 - 19:21:35: Server cvar "mp_round_restart_delay" = "5"
L 01/20/2020 - 19:21:35: Server cvar "mp_roundover" = "0"
L 01/20/2020 - 19:21:35: Server cvar "mp_roundtime" = "2.3"
L 01/20/2020 - 19:21:35: Server cvar "mp_show_radioicon" = "1"
L 01/20/2020 - 19:21:35: Server cvar "mp_startmoney" = "850"
L 01/20/2020 - 19:21:35: Server cvar "mp_timeleft" = "14:22"
L 01/20/2020 - 19:21:35: Server cvar "mp_timelimit" = "20"
L 01/20/2020 - 19:21:35: Server cvar "mp_tkpunish" = "0"
L 01/20/2020 - 19:21:35: Server cvar "mp_windifference" = "1"
L 01/20/2020 - 19:21:35: Server cvar "mp_winlimit" = "0"
L 01/20/2020 - 19:21:35: Server cvar "NoWeaponsOnGround" = "1.0"
L 01/20/2020 - 19:21:35: Server cvar "pausable" = "0"
L 01/20/2020 - 19:21:35: Server cvar "present_version" = "2.01"
L 01/20/2020 - 19:21:35: Server cvar "RandomHP" = "2.2"
L 01/20/2020 - 19:21:35: Server cvar "reauthcheck_version" = "0.1.6"
L 01/20/2020 - 19:21:35: Server cvar "reconnect_features" = "0.3.1"
L 01/20/2020 - 19:21:35: Server cvar "report_system_version" = "3.1"
L 01/20/2020 - 19:21:35: Server cvar "resemiclip_version" = "2.3.9"
L 01/20/2020 - 19:21:35: Server cvar "reu_version" = "0.1.0.130"
L 01/20/2020 - 19:21:35: Server cvar "revoice_version" = "0.1.0.30"
L 01/20/2020 - 19:21:35: Server cvar "RRWM" = "2.0"
L 01/20/2020 - 19:21:35: Server cvar "sanksounds_version" = "1.8.6"
L 01/20/2020 - 19:21:35: Server cvar "SimpleMenu" = "1.1"
L 01/20/2020 - 19:21:35: Server cvar "SNAC_Version" = "1.1"
L 01/20/2020 - 19:21:35: Server cvar "SpecList" = "1.2a"
L 01/20/2020 - 19:21:35: Server cvar "sr_version" = "1.6"
L 01/20/2020 - 19:21:35: Server cvar "statsx_shell_ver" = "2.0.0 (BETA)"
L 01/20/2020 - 19:21:35: Server cvar "StyleC4Timer" = "2.1"
L 01/20/2020 - 19:21:35: Server cvar "sv_accelerate" = "5"
L 01/20/2020 - 19:21:35: Server cvar "sv_aim" = "1"
L 01/20/2020 - 19:21:35: Server cvar "sv_airaccelerate" = "100"
L 01/20/2020 - 19:21:35: Server cvar "sv_allowupload" = "1"
L 01/20/2020 - 19:21:35: Server cvar "sv_alltalk" = "1"
L 01/20/2020 - 19:21:35: Server cvar "sv_bounce" = "1"
L 01/20/2020 - 19:21:35: Server cvar "sv_cheats" = "0"
L 01/20/2020 - 19:21:35: Server cvar "sv_clienttrace" = "1"
L 01/20/2020 - 19:21:35: Server cvar "sv_contact" = "feruchio599@gmail.com"
L 01/20/2020 - 19:21:35: Server cvar "sv_friction" = "4"
L 01/20/2020 - 19:21:35: Server cvar "sv_gravity" = "800"
L 01/20/2020 - 19:21:35: Server cvar "sv_logblocks" = "0"
L 01/20/2020 - 19:21:35: Server cvar "sv_maxrate" = "50000"
L 01/20/2020 - 19:21:35: Server cvar "sv_maxspeed" = "900.000000"
L 01/20/2020 - 19:21:35: Server cvar "sv_minrate" = "10000"
L 01/20/2020 - 19:21:35: Server cvar "sv_password" = ""
L 01/20/2020 - 19:21:35: Server cvar "sv_proxies" = "1"
L 01/20/2020 - 19:21:35: Server cvar "sv_restart" = "0"
L 01/20/2020 - 19:21:35: Server cvar "sv_restartround" = "0"
L 01/20/2020 - 19:21:35: Server cvar "sv_stepsize" = "18"
L 01/20/2020 - 19:21:35: Server cvar "sv_stopspeed" = "75"
L 01/20/2020 - 19:21:35: Server cvar "sv_uploadmax" = "0.5"
L 01/20/2020 - 19:21:35: Server cvar "sv_version" = "1.1.2.7/Stdio,48,1621"
L 01/20/2020 - 19:21:35: Server cvar "sv_voiceenable" = "1"
L 01/20/2020 - 19:21:35: Server cvar "sv_wateraccelerate" = "10"
L 01/20/2020 - 19:21:35: Server cvar "sv_waterfriction" = "1"
L 01/20/2020 - 19:21:35: Server cvar "Team_Semiclip_version" = "3.3.1"
L 01/20/2020 - 19:21:35: Server cvar "vehicle_real_killer" = "1.1"
L 01/20/2020 - 19:21:35: Server cvar "WalkGuard" = "1.3.2"
L 01/20/2020 - 19:21:35: Server cvar "we_grenades" = "Huehue"
L 01/20/2020 - 19:21:35: Server cvar "we_player_models" = "Huehue"
L 01/20/2020 - 19:21:35: Server cvar "whb_version" = "1.5.692"
L 01/20/2020 - 19:21:35: Server cvar "zp_jp_version" = "Extra Item Jetpack+Bazooka v3.2"
L 01/20/2020 - 19:21:35: Server cvars end
L 01/20/2020 - 19:21:38: Server cvar "sv_maxspeed" = "900"
L 01/20/2020 - 19:21:38: Server cvar "mp_autoteambalance" = "1"
L 01/20/2020 - 19:21:38: Server cvar "mp_autoteambalance" = "0"
L 01/20/2020 - 19:21:38: Server cvar "amx_nextmap" = "[not yet voted on]"
L 01/20/2020 - 19:21:39: Started map "GM_StarWars" (CRC "1861694934")
L 01/20/2020 - 19:21:41: World triggered "Round_Start"
L 01/20/2020 - 19:22:02: "fun da king<84><STEAM_1:0:1655898477><>" entered the game
L 01/20/2020 - 19:22:31: "fun da king<84><STEAM_1:0:1655898477><>" joined team "CT"
L 01/20/2020 - 19:23:59: "fun da king<84><STEAM_1:0:1655898477><CT>" committed suicide with "world"
L 01/20/2020 - 19:23:59: World triggered "Round_Draw" (CT "0") (T "0")
L 01/20/2020 - 19:23:59: World triggered "Round_End"
L 01/20/2020 - 19:24:05: World triggered "Round_Start"
L 01/20/2020 - 19:25:45: "fun da king<84><STEAM_1:0:1655898477><CT>" committed suicide with "worldspawn" (world)
L 01/20/2020 - 19:25:45: World triggered "Round_Draw" (CT "0") (T "0")
L 01/20/2020 - 19:25:45: World triggered "Round_End"
L 01/20/2020 - 19:25:51: World triggered "Round_Start"
L 01/20/2020 - 19:27:53: [REUNION]: cala221 (87.245.69.13) authorized as RevEmu
L 01/20/2020 - 19:27:53: "cala221<85><STEAM_1:1:110586922><>" connected, address "87.245.69.13:27005"
L 01/20/2020 - 19:27:59: "cala221<85><STEAM_1:1:110586922><>" entered the game
L 01/20/2020 - 19:28:04: "cala221<85><STEAM_1:1:110586922><>" joined team "TERRORIST"
L 01/20/2020 - 19:28:05: World triggered "Game_Commencing"
L 01/20/2020 - 19:28:05: World triggered "Game_Commencing" (CT "0") (T "0")
L 01/20/2020 - 19:28:05: World triggered "Round_End"
L 01/20/2020 - 19:28:06: "fun da king<84><STEAM_1:0:1655898477><CT>" disconnected
L 01/20/2020 - 19:28:09: World triggered "Round_Start"
L 01/20/2020 - 19:28:25: "Sco7ch<86><STEAM_0:0:523417429><>" connected, address "85.5.219.144:27005"
L 01/20/2020 - 19:28:25: "Sco7ch<86><STEAM_0:0:523417429><>" STEAM USERID validated
L 01/20/2020 - 19:28:32: "Sco7ch<86><STEAM_0:0:523417429><>" entered the game
L 01/20/2020 - 19:28:35: "cala221<85><STEAM_1:1:110586922><TERRORIST>" committed suicide with "worldspawn" (world)
L 01/20/2020 - 19:28:35: World triggered "Round_Draw" (CT "0") (T "0")
L 01/20/2020 - 19:28:35: World triggered "Round_End"
L 01/20/2020 - 19:28:35: "Sco7ch<86><STEAM_0:0:523417429><>" joined team "CT"
L 01/20/2020 - 19:28:41: World triggered "Round_Start"
L 01/20/2020 - 19:29:11: "Sco7ch<86><STEAM_0:0:523417429><CT>" killed "cala221<85><STEAM_1:1:110586922><TERRORIST>" with "usp"
L 01/20/2020 - 19:29:11: World triggered "Game_Commencing"
L 01/20/2020 - 19:29:11: World triggered "Game_Commencing" (CT "0") (T "0")
L 01/20/2020 - 19:29:11: World triggered "Round_End"
L 01/20/2020 - 19:29:15: World triggered "Round_Start"
L 01/20/2020 - 19:29:39: "Sco7ch<86><STEAM_0:0:523417429><CT>" killed "cala221<85><STEAM_1:1:110586922><TERRORIST>" with "usp"
L 01/20/2020 - 19:29:39: Team "CT" triggered "CTs_Win" (CT "1") (T "0")
L 01/20/2020 - 19:29:39: World triggered "Round_End"
L 01/20/2020 - 19:29:45: World triggered "Round_Start"
L 01/20/2020 - 19:30:00: "Sco7ch<86><STEAM_0:0:523417429><CT>" killed "cala221<85><STEAM_1:1:110586922><TERRORIST>" with "m4a1"
L 01/20/2020 - 19:30:00: Team "CT" triggered "CTs_Win" (CT "2") (T "0")
L 01/20/2020 - 19:30:00: World triggered "Round_End"
L 01/20/2020 - 19:30:06: World triggered "Round_Start"
L 01/20/2020 - 19:30:20: "Sco7ch<86><STEAM_0:0:523417429><CT>" killed "cala221<85><STEAM_1:1:110586922><TERRORIST>" with "m4a1"
L 01/20/2020 - 19:30:20: Team "CT" triggered "CTs_Win" (CT "3") (T "0")
L 01/20/2020 - 19:30:20: World triggered "Round_End"
L 01/20/2020 - 19:30:26: World triggered "Round_Start"
L 01/20/2020 - 19:31:22: "cala221<85><STEAM_1:1:110586922><TERRORIST>" killed "Sco7ch<86><STEAM_0:0:523417429><CT>" with "awp"
L 01/20/2020 - 19:31:22: Team "TERRORIST" triggered "Terrorists_Win" (CT "3") (T "1")
L 01/20/2020 - 19:31:22: World triggered "Round_End"
L 01/20/2020 - 19:31:28: World triggered "Round_Start"
L 01/20/2020 - 19:31:37: "cala221<85><STEAM_1:1:110586922><TERRORIST>" killed "Sco7ch<86><STEAM_0:0:523417429><CT>" with "awp"
L 01/20/2020 - 19:31:37: Team "TERRORIST" triggered "Terrorists_Win" (CT "3") (T "2")
L 01/20/2020 - 19:31:37: World triggered "Round_End"
L 01/20/2020 - 19:31:43: World triggered "Round_Start"
L 01/20/2020 - 19:31:54: "cala221<85><STEAM_1:1:110586922><TERRORIST>" killed "Sco7ch<86><STEAM_0:0:523417429><CT>" with "awp"
L 01/20/2020 - 19:31:54: Team "TERRORIST" triggered "Terrorists_Win" (CT "3") (T "3")
L 01/20/2020 - 19:31:54: World triggered "Round_End"
L 01/20/2020 - 19:32:00: World triggered "Round_Start"
L 01/20/2020 - 19:33:05: "Sco7ch<86><STEAM_0:0:523417429><CT>" killed "cala221<85><STEAM_1:1:110586922><TERRORIST>" with "awp"
L 01/20/2020 - 19:33:05: Team "CT" triggered "CTs_Win" (CT "4") (T "3")
L 01/20/2020 - 19:33:05: World triggered "Round_End"
L 01/20/2020 - 19:33:11: World triggered "Round_Start"
L 01/20/2020 - 19:33:27: "cala221<85><STEAM_1:1:110586922><TERRORIST>" committed suicide with "worldspawn" (world)
L 01/20/2020 - 19:33:27: Team "CT" triggered "CTs_Win" (CT "5") (T "3")
L 01/20/2020 - 19:33:27: World triggered "Round_End"
L 01/20/2020 - 19:33:33: World triggered "Round_Start"
L 01/20/2020 - 19:33:46: "Sco7ch<86><STEAM_0:0:523417429><CT>" killed "cala221<85><STEAM_1:1:110586922><TERRORIST>" with "awp"
L 01/20/2020 - 19:33:46: Team "CT" triggered "CTs_Win" (CT "6") (T "3")
L 01/20/2020 - 19:33:46: World triggered "Round_End"
L 01/20/2020 - 19:33:52: World triggered "Round_Start"
L 01/20/2020 - 19:34:34: "Sco7ch<86><STEAM_0:0:523417429><CT>" killed "cala221<85><STEAM_1:1:110586922><TERRORIST>" with "awp"
L 01/20/2020 - 19:34:34: Team "CT" triggered "CTs_Win" (CT "7") (T "3")
L 01/20/2020 - 19:34:34: World triggered "Round_End"
L 01/20/2020 - 19:34:40: World triggered "Round_Start"
L 01/20/2020 - 19:35:18: Server cvar "amx_nextmap" = "space_battle_beta"
L 01/20/2020 - 19:36:16: "OdorbobDayn<87><STEAM_0:1:219565788><>" connected, address "95.47.111.105:57368"
L 01/20/2020 - 19:36:17: "OdorbobDayn<87><STEAM_0:1:219565788><>" STEAM USERID validated
L 01/20/2020 - 19:36:43: "OdorbobDayn<88><STEAM_0:1:219565788><>" connected, address "95.47.111.105:57368"
L 01/20/2020 - 19:36:43: "OdorbobDayn<88><STEAM_0:1:219565788><>" STEAM USERID validated
L 01/20/2020 - 19:36:47: "Sco7ch<86><STEAM_0:0:523417429><CT>" killed "cala221<85><STEAM_1:1:110586922><TERRORIST>" with "usp"
L 01/20/2020 - 19:36:47: Team "CT" triggered "CTs_Win" (CT "8") (T "3")
L 01/20/2020 - 19:36:47: World triggered "Round_End"
L 01/20/2020 - 19:36:53: World triggered "Round_Start"
L 01/20/2020 - 19:36:53: Server cvar "sv_maxspeed" = "0.000000"
L 01/20/2020 - 19:36:53: Server cvar "mp_friendlyfire" = "1"
L 01/20/2020 - 19:36:58: "OdorbobDayn<88><STEAM_0:1:219565788><>" entered the game
L 01/20/2020 - 19:36:59: Server cvar "sv_maxspeed" = "900.000000"
L 01/20/2020 - 19:36:59: Server cvar "mp_friendlyfire" = "0"
L 01/20/2020 - 19:36:59: [META] ini: Begin re-reading plugins list: /home/rented/public9/cstrike/addons/metamod/plugins.ini
L 01/20/2020 - 19:36:59: [META] ini: Read plugin config for: SafeNameAndChat
L 01/20/2020 - 19:36:59: [META] ini: Read plugin config for: AMX Mod X
L 01/20/2020 - 19:36:59: [META] ini: Read plugin config for: Reunion
L 01/20/2020 - 19:36:59: [META] ini: Read plugin config for: ReAuthCheck
L 01/20/2020 - 19:36:59: [META] ini: Read plugin config for: WHBlocker
L 01/20/2020 - 19:36:59: [META] ini: Read plugin config for: ReSemiclip
L 01/20/2020 - 19:36:59: [META] ini: Read plugin config for: Revoice
L 01/20/2020 - 19:36:59: [META] ini: Finished reading plugins list: /home/rented/public9/cstrike/addons/metamod/plugins.ini; Found 7 plugins
L 01/20/2020 - 19:36:59: [META] dll: Updating plugins...
L 01/20/2020 - 19:36:59: [META] WARNING: Cannot clear plugin 'SafeNameAndChat'; not marked as failed, empty, or open (status=valid)
L 01/20/2020 - 19:36:59: [META] dll: Unloaded plugin 'SafeNameAndChat' for reason 'file on disk is newer'
L 01/20/2020 - 19:36:59: [META] dll: Loaded plugin 'SafeNameAndChat': SafeNameAndChat v1.1 2017.02.01, WPMG.PRoSToC0der
L 01/20/2020 - 19:36:59: [META] WARNING: Cannot clear plugin 'WHBlocker'; not marked as failed, empty, or open (status=valid)
L 01/20/2020 - 19:36:59: [META] dll: Unloaded plugin 'WHBlocker' for reason 'file on disk is newer'
L 01/20/2020 - 19:36:59: [META] dll: Loaded plugin 'WHBlocker': WHBlocker v1.5.692 2017-04-13, s1lent
L 01/20/2020 - 19:36:59: [META] WARNING: Cannot clear plugin 'ReSemiclip'; not marked as failed, empty, or open (status=valid)
L 01/20/2020 - 19:36:59: [META] dll: Unloaded plugin 'ReSemiclip' for reason 'file on disk is newer'
L 01/20/2020 - 19:36:59: [META] dll: Loaded plugin 'ReSemiclip': ReSemiclip v2.3.9 13/02/17, s1lent & Adidasman
L 01/20/2020 - 19:36:59: [META] dll: Finished updating 14 plugins; kept 0, loaded 0, unloaded 0, reloaded 3, delayed 0
L 01/20/2020 - 19:36:59: "Sco7ch<86><STEAM_0:0:523417429><CT>" disconnected
L 01/20/2020 - 19:36:59: "cala221<85><STEAM_1:1:110586922><TERRORIST>" disconnected
L 01/20/2020 - 19:36:59: World triggered "Round_Draw" (CT "8") (T "3")
L 01/20/2020 - 19:36:59: World triggered "Round_End"
L 01/20/2020 - 19:36:59: "OdorbobDayn<88><STEAM_0:1:219565788><>" disconnected
L 01/20/2020 - 19:36:59: Log file closed
