L 01/20/2020 - 18:45:14: Log file started (file "logs/L0120059.log") (game "cstrike") (version "48/1.1.2.7/Stdio/1621")
L 01/20/2020 - 18:45:14: Loading map "awesome_cars"
L 01/20/2020 - 18:45:14: Server cvars start
L 01/20/2020 - 18:45:14: Server cvar "@BunnyHopper" = "3.x"
L 01/20/2020 - 18:45:14: Server cvar "@CRXGoSpec" = "1.1"
L 01/20/2020 - 18:45:14: Server cvar "@CRXRemoveImmunity" = "1.0"
L 01/20/2020 - 18:45:14: Server cvar "@D.I.C.E." = "1.1"
L 01/20/2020 - 18:45:14: Server cvar "@MOTDCommands" = "1.2"
L 01/20/2020 - 18:45:14: Server cvar "advanced_quake_sounds" = "5.0"
L 01/20/2020 - 18:45:14: Server cvar "AdvancedMute" = "1.0"
L 01/20/2020 - 18:45:14: Server cvar "aesp_version" = "1.3"
L 01/20/2020 - 18:45:14: Server cvar "allow_spectators" = "1.0"
L 01/20/2020 - 18:45:14: Server cvar "amx_client_languages" = "1"
L 01/20/2020 - 18:45:14: Server cvar "amx_language" = "en"
L 01/20/2020 - 18:45:14: Server cvar "amx_nextmap" = "awesome_cars"
L 01/20/2020 - 18:45:14: Server cvar "amx_ptb_version" = "1.8b3"
L 01/20/2020 - 18:45:14: Server cvar "amx_timeleft" = "12:15"
L 01/20/2020 - 18:45:14: Server cvar "amxmodx_version" = "1.8.2"
L 01/20/2020 - 18:45:14: Server cvar "amxxbg_vip" = "1.0"
L 01/20/2020 - 18:45:14: Server cvar "asp_version" = "4.5.1"
L 01/20/2020 - 18:45:14: Server cvar "atac_version" = "3.0.1"
L 01/20/2020 - 18:45:14: Server cvar "badcamper_version" = "1.4 beta"
L 01/20/2020 - 18:45:14: Server cvar "blockmaker" = "4.01"
L 01/20/2020 - 18:45:14: Server cvar "c4 timer" = "1.1"
L 01/20/2020 - 18:45:14: Server cvar "coop" = "0"
L 01/20/2020 - 18:45:14: Server cvar "CRXAdminGroups" = "1.0"
L 01/20/2020 - 18:45:14: Server cvar "CRXCommandRestrictions" = "1.0"
L 01/20/2020 - 18:45:14: Server cvar "CRXFastKnife" = "1.0"
L 01/20/2020 - 18:45:14: Server cvar "CRXGametracker" = "2.0"
L 01/20/2020 - 18:45:14: Server cvar "CRXKnifeModels" = "2.5.7"
L 01/20/2020 - 18:45:14: Server cvar "CRXTeamAdvantage" = "1.0"
L 01/20/2020 - 18:45:14: Server cvar "CustomShop" = "4.2"
L 01/20/2020 - 18:45:14: Server cvar "deathmatch" = "1"
L 01/20/2020 - 18:45:14: Server cvar "decalfrequency" = "0"
L 01/20/2020 - 18:45:14: Server cvar "edgefriction" = "2"
L 01/20/2020 - 18:45:14: Server cvar "ers_version" = "2.3c"
L 01/20/2020 - 18:45:14: Server cvar "gagsystem_shoko" = "1.0"
L 01/20/2020 - 18:45:14: Server cvar "gal_mapcyclefile" = "mapcycle.txt"
L 01/20/2020 - 18:45:14: Server cvar "gal_version" = "v5.9.1-926"
L 01/20/2020 - 18:45:14: Server cvar "game_version" = "5.7.0.313-dev"
L 01/20/2020 - 18:45:14: Server cvar "humans_join_team" = "any"
L 01/20/2020 - 18:45:14: Server cvar "jtp10181" = "chute,gore"
L 01/20/2020 - 18:45:14: Server cvar "lawliet" = "ny_RainingSnow"
L 01/20/2020 - 18:45:14: Server cvar "LetitSnow" = "1.0"
L 01/20/2020 - 18:45:14: Server cvar "map_spawns" = "T(16) CT(16)"
L 01/20/2020 - 18:45:14: Server cvar "max_queries_sec" = "3"
L 01/20/2020 - 18:45:14: Server cvar "max_queries_sec_global" = "150"
L 01/20/2020 - 18:45:14: Server cvar "max_queries_window" = "60"
L 01/20/2020 - 18:45:14: Server cvar "mdbBans" = "4.8"
L 01/20/2020 - 18:45:14: Server cvar "metamod_version" = "1.21p37"
L 01/20/2020 - 18:45:14: Server cvar "mp_autokick" = "0"
L 01/20/2020 - 18:45:14: Server cvar "mp_autokick_timeout" = "-1"
L 01/20/2020 - 18:45:14: Server cvar "mp_autoteambalance" = "0"
L 01/20/2020 - 18:45:14: Server cvar "mp_buytime" = "0.25"
L 01/20/2020 - 18:45:14: Server cvar "mp_c4timer" = "35"
L 01/20/2020 - 18:45:14: Server cvar "mp_chattime" = "5.000000"
L 01/20/2020 - 18:45:14: Server cvar "mp_consistency" = "1"
L 01/20/2020 - 18:45:14: Server cvar "mp_fadetoblack" = "0"
L 01/20/2020 - 18:45:14: Server cvar "mp_flashlight" = "1"
L 01/20/2020 - 18:45:14: Server cvar "mp_footsteps" = "1"
L 01/20/2020 - 18:45:14: Server cvar "mp_forcecamera" = "0"
L 01/20/2020 - 18:45:14: Server cvar "mp_forcechasecam" = "0"
L 01/20/2020 - 18:45:14: Server cvar "mp_forcerespawn" = "0"
L 01/20/2020 - 18:45:14: Server cvar "mp_fraglimit" = "0"
L 01/20/2020 - 18:45:14: Server cvar "mp_fragsleft" = "0"
L 01/20/2020 - 18:45:14: Server cvar "mp_freeforall" = "0"
L 01/20/2020 - 18:45:14: Server cvar "mp_freezetime" = "1"
L 01/20/2020 - 18:45:14: Server cvar "mp_friendlyfire" = "0"
L 01/20/2020 - 18:45:14: Server cvar "mp_hostage_hurtable" = "1"
L 01/20/2020 - 18:45:14: Server cvar "mp_hostagepenalty" = "0"
L 01/20/2020 - 18:45:14: Server cvar "mp_item_staytime" = "300"
L 01/20/2020 - 18:45:14: Server cvar "mp_kickpercent" = "0.66"
L 01/20/2020 - 18:45:14: Server cvar "mp_legacy_bombtarget_touch" = "1"
L 01/20/2020 - 18:45:14: Server cvar "mp_limitteams" = "0"
L 01/20/2020 - 18:45:14: Server cvar "mp_logdetail" = "0"
L 01/20/2020 - 18:45:14: Server cvar "mp_logfile" = "1"
L 01/20/2020 - 18:45:14: Server cvar "mp_logmessages" = "1"
L 01/20/2020 - 18:45:14: Server cvar "mp_mapvoteratio" = "0.66"
L 01/20/2020 - 18:45:14: Server cvar "mp_maxmoney" = "999999"
L 01/20/2020 - 18:45:14: Server cvar "mp_maxrounds" = "0"
L 01/20/2020 - 18:45:14: Server cvar "mp_mirrordamage" = "0"
L 01/20/2020 - 18:45:14: Server cvar "mp_old_bomb_defused_sound" = "1"
L 01/20/2020 - 18:45:14: Server cvar "mp_playerid" = "0"
L 01/20/2020 - 18:45:14: Server cvar "mp_respawn_immunitytime" = "0"
L 01/20/2020 - 18:45:14: Server cvar "mp_round_infinite" = "0"
L 01/20/2020 - 18:45:14: Server cvar "mp_round_restart_delay" = "5"
L 01/20/2020 - 18:45:14: Server cvar "mp_roundover" = "0"
L 01/20/2020 - 18:45:14: Server cvar "mp_roundtime" = "2.3"
L 01/20/2020 - 18:45:14: Server cvar "mp_show_radioicon" = "1"
L 01/20/2020 - 18:45:14: Server cvar "mp_startmoney" = "850"
L 01/20/2020 - 18:45:14: Server cvar "mp_timeleft" = "12:15"
L 01/20/2020 - 18:45:14: Server cvar "mp_timelimit" = "20"
L 01/20/2020 - 18:45:14: Server cvar "mp_tkpunish" = "0"
L 01/20/2020 - 18:45:14: Server cvar "mp_windifference" = "1"
L 01/20/2020 - 18:45:14: Server cvar "mp_winlimit" = "0"
L 01/20/2020 - 18:45:14: Server cvar "NoWeaponsOnGround" = "1.0"
L 01/20/2020 - 18:45:14: Server cvar "pausable" = "0"
L 01/20/2020 - 18:45:14: Server cvar "present_version" = "2.01"
L 01/20/2020 - 18:45:14: Server cvar "RandomHP" = "2.2"
L 01/20/2020 - 18:45:14: Server cvar "reauthcheck_version" = "0.1.6"
L 01/20/2020 - 18:45:14: Server cvar "reconnect_features" = "0.3.1"
L 01/20/2020 - 18:45:14: Server cvar "report_system_version" = "3.1"
L 01/20/2020 - 18:45:14: Server cvar "resemiclip_version" = "2.3.9"
L 01/20/2020 - 18:45:14: Server cvar "reu_version" = "0.1.0.130"
L 01/20/2020 - 18:45:14: Server cvar "revoice_version" = "0.1.0.30"
L 01/20/2020 - 18:45:14: Server cvar "RRWM" = "2.0"
L 01/20/2020 - 18:45:14: Server cvar "sanksounds_version" = "1.8.6"
L 01/20/2020 - 18:45:14: Server cvar "SimpleMenu" = "1.1"
L 01/20/2020 - 18:45:14: Server cvar "SNAC_Version" = "1.1"
L 01/20/2020 - 18:45:14: Server cvar "SpecList" = "1.2a"
L 01/20/2020 - 18:45:14: Server cvar "sr_version" = "1.6"
L 01/20/2020 - 18:45:14: Server cvar "statsx_shell_ver" = "2.0.0 (BETA)"
L 01/20/2020 - 18:45:14: Server cvar "StyleC4Timer" = "2.1"
L 01/20/2020 - 18:45:14: Server cvar "sv_accelerate" = "5"
L 01/20/2020 - 18:45:14: Server cvar "sv_aim" = "1"
L 01/20/2020 - 18:45:14: Server cvar "sv_airaccelerate" = "100"
L 01/20/2020 - 18:45:14: Server cvar "sv_allowupload" = "1"
L 01/20/2020 - 18:45:14: Server cvar "sv_alltalk" = "1"
L 01/20/2020 - 18:45:14: Server cvar "sv_bounce" = "1"
L 01/20/2020 - 18:45:14: Server cvar "sv_cheats" = "0"
L 01/20/2020 - 18:45:14: Server cvar "sv_clienttrace" = "1"
L 01/20/2020 - 18:45:14: Server cvar "sv_contact" = "feruchio599@gmail.com"
L 01/20/2020 - 18:45:14: Server cvar "sv_friction" = "4"
L 01/20/2020 - 18:45:14: Server cvar "sv_gravity" = "800"
L 01/20/2020 - 18:45:14: Server cvar "sv_logblocks" = "0"
L 01/20/2020 - 18:45:14: Server cvar "sv_maxrate" = "50000"
L 01/20/2020 - 18:45:14: Server cvar "sv_maxspeed" = "900.000000"
L 01/20/2020 - 18:45:14: Server cvar "sv_minrate" = "10000"
L 01/20/2020 - 18:45:14: Server cvar "sv_password" = ""
L 01/20/2020 - 18:45:14: Server cvar "sv_proxies" = "1"
L 01/20/2020 - 18:45:14: Server cvar "sv_restart" = "0"
L 01/20/2020 - 18:45:14: Server cvar "sv_restartround" = "0"
L 01/20/2020 - 18:45:14: Server cvar "sv_stepsize" = "18"
L 01/20/2020 - 18:45:14: Server cvar "sv_stopspeed" = "75"
L 01/20/2020 - 18:45:14: Server cvar "sv_uploadmax" = "0.5"
L 01/20/2020 - 18:45:14: Server cvar "sv_version" = "1.1.2.7/Stdio,48,1621"
L 01/20/2020 - 18:45:14: Server cvar "sv_voiceenable" = "1"
L 01/20/2020 - 18:45:14: Server cvar "sv_wateraccelerate" = "10"
L 01/20/2020 - 18:45:14: Server cvar "sv_waterfriction" = "1"
L 01/20/2020 - 18:45:14: Server cvar "Team_Semiclip_version" = "3.3.1"
L 01/20/2020 - 18:45:14: Server cvar "vehicle_real_killer" = "1.1"
L 01/20/2020 - 18:45:14: Server cvar "WalkGuard" = "1.3.2"
L 01/20/2020 - 18:45:14: Server cvar "we_grenades" = "Huehue"
L 01/20/2020 - 18:45:14: Server cvar "we_player_models" = "Huehue"
L 01/20/2020 - 18:45:14: Server cvar "whb_version" = "1.5.692"
L 01/20/2020 - 18:45:14: Server cvar "zp_jp_version" = "Extra Item Jetpack+Bazooka v3.2"
L 01/20/2020 - 18:45:14: Server cvars end
L 01/20/2020 - 18:45:17: Server cvar "sv_maxspeed" = "900"
L 01/20/2020 - 18:45:17: Server cvar "mp_autoteambalance" = "1"
L 01/20/2020 - 18:45:17: Server cvar "mp_autoteambalance" = "0"
L 01/20/2020 - 18:45:17: Server cvar "amx_nextmap" = "[not yet voted on]"
L 01/20/2020 - 18:45:18: Started map "awesome_cars" (CRC "1378370526")
L 01/20/2020 - 18:45:20: World triggered "Round_Start"
L 01/20/2020 - 18:45:21: [REUNION]: Player-Fatal (95.42.10.220) authorized as RevEmu
L 01/20/2020 - 18:45:21: "Player-Fatal<76><STEAM_1:0:2061683078><>" connected, address "95.42.10.220:27005"
L 01/20/2020 - 18:45:22: "Bonno<72><STEAM_1:1:794573339><>" entered the game
L 01/20/2020 - 18:45:24: "Mr.MartFart<71><STEAM_1:0:1304638082><>" entered the game
L 01/20/2020 - 18:45:26: "Player-Fatal<76><STEAM_1:0:2061683078><>" entered the game
L 01/20/2020 - 18:45:30: [REUNION]: Fury/Mumya (78.142.23.79) authorized as RevEmu
L 01/20/2020 - 18:45:30: "Fury/Mumya<77><STEAM_1:1:81589675><>" connected, address "78.142.23.79:26769"
L 01/20/2020 - 18:45:31: "Bonno<72><STEAM_1:1:794573339><>" joined team "TERRORIST"
L 01/20/2020 - 18:45:36: "Fury/Mumya<77><STEAM_1:1:81589675><>" entered the game
L 01/20/2020 - 18:45:41: "Fury/Mumya<77><STEAM_1:1:81589675><>" joined team "CT"
L 01/20/2020 - 18:45:41: World triggered "Game_Commencing"
L 01/20/2020 - 18:45:41: World triggered "Game_Commencing" (CT "0") (T "0")
L 01/20/2020 - 18:45:41: World triggered "Round_End"
L 01/20/2020 - 18:45:45: World triggered "Round_Start"
L 01/20/2020 - 18:45:52: "Bonno<72><STEAM_1:1:794573339><TERRORIST>" committed suicide with "world"
L 01/20/2020 - 18:45:52: Team "CT" triggered "CTs_Win" (CT "1") (T "0")
L 01/20/2020 - 18:45:52: World triggered "Round_End"
L 01/20/2020 - 18:45:58: World triggered "Round_Start"
L 01/20/2020 - 18:46:11: "Bonno<72><STEAM_1:1:794573339><TERRORIST>" committed suicide with "tracktrain"
L 01/20/2020 - 18:46:11: Team "CT" triggered "CTs_Win" (CT "2") (T "0")
L 01/20/2020 - 18:46:11: World triggered "Round_End"
L 01/20/2020 - 18:46:17: World triggered "Round_Start"
L 01/20/2020 - 18:46:20: "Mr.MartFart<71><STEAM_1:0:1304638082><>" joined team "SPECTATOR"
L 01/20/2020 - 18:46:25: "Player-Fatal<76><STEAM_1:0:2061683078><>" joined team "SPECTATOR"
L 01/20/2020 - 18:46:52: "Player-Fatal<76><STEAM_1:0:2061683078><SPECTATOR>" joined team "CT"
L 01/20/2020 - 18:46:52: "Fury/Mumya<77><STEAM_1:1:81589675><CT>" killed "Bonno<72><STEAM_1:1:794573339><TERRORIST>" with "knife"
L 01/20/2020 - 18:46:52: Team "CT" triggered "CTs_Win" (CT "3") (T "0")
L 01/20/2020 - 18:46:52: World triggered "Round_End"
L 01/20/2020 - 18:46:56: "Mr.MartFart<71><STEAM_1:0:1304638082><SPECTATOR>" joined team "TERRORIST"
L 01/20/2020 - 18:46:58: World triggered "Round_Start"
L 01/20/2020 - 18:47:23: "Mr.MartFart<71><STEAM_1:0:1304638082><TERRORIST>" killed "Player-Fatal<76><STEAM_1:0:2061683078><CT>" with "tracktrain"
L 01/20/2020 - 18:47:36: "Mr.MartFart<71><STEAM_1:0:1304638082><TERRORIST>" killed "Fury/Mumya<77><STEAM_1:1:81589675><CT>" with "knife"
L 01/20/2020 - 18:47:36: Team "TERRORIST" triggered "Terrorists_Win" (CT "3") (T "1")
L 01/20/2020 - 18:47:36: World triggered "Round_End"
L 01/20/2020 - 18:47:42: World triggered "Round_Start"
L 01/20/2020 - 18:47:57: "Bonno<72><STEAM_1:1:794573339><TERRORIST>" killed "Fury/Mumya<77><STEAM_1:1:81589675><CT>" with "tracktrain"
L 01/20/2020 - 18:47:57: "Bonno<72><STEAM_1:1:794573339><TERRORIST>" killed "Mr.MartFart<71><STEAM_1:0:1304638082><TERRORIST>" with "tracktrain"
L 01/20/2020 - 18:48:22: "Bonno<72><STEAM_1:1:794573339><TERRORIST>" killed "Player-Fatal<76><STEAM_1:0:2061683078><CT>" with "tracktrain"
L 01/20/2020 - 18:48:22: Team "TERRORIST" triggered "Terrorists_Win" (CT "3") (T "2")
L 01/20/2020 - 18:48:22: World triggered "Round_End"
L 01/20/2020 - 18:48:26: "Bonno<72><STEAM_1:1:794573339><TERRORIST>" joined team "CT"
L 01/20/2020 - 18:48:26: "<><><>" triggered "amx_chat" (text "[PTB] Transfered Bonno to CT")
L 01/20/2020 - 18:48:28: World triggered "Round_Start"
L 01/20/2020 - 18:48:34: "Bonno<72><STEAM_1:1:794573339><CT>" committed suicide with "world"
L 01/20/2020 - 18:48:48: "Mr.MartFart<71><STEAM_1:0:1304638082><TERRORIST>" killed "Player-Fatal<76><STEAM_1:0:2061683078><CT>" with "knife"
L 01/20/2020 - 18:49:08: "Fury/Mumya<77><STEAM_1:1:81589675><CT>" killed "Mr.MartFart<71><STEAM_1:0:1304638082><TERRORIST>" with "knife"
L 01/20/2020 - 18:49:08: Team "CT" triggered "CTs_Win" (CT "4") (T "2")
L 01/20/2020 - 18:49:08: World triggered "Round_End"
L 01/20/2020 - 18:49:13: "Fury/Mumya<77><STEAM_1:1:81589675><CT>" joined team "TERRORIST"
L 01/20/2020 - 18:49:13: "<><><>" triggered "amx_chat" (text "[PTB] Transfered Fury/Mumya to TERRORIST")
L 01/20/2020 - 18:49:14: World triggered "Round_Start"
L 01/20/2020 - 18:49:40: "Fury/Mumya<77><STEAM_1:1:81589675><TERRORIST>" killed "Player-Fatal<76><STEAM_1:0:2061683078><CT>" with "knife"
L 01/20/2020 - 18:49:49: "Bonno<72><STEAM_1:1:794573339><CT>" killed "Fury/Mumya<77><STEAM_1:1:81589675><TERRORIST>" with "knife"
L 01/20/2020 - 18:50:19: "Mr.MartFart<71><STEAM_1:0:1304638082><TERRORIST>" killed "Bonno<72><STEAM_1:1:794573339><CT>" with "knife"
L 01/20/2020 - 18:50:19: Team "TERRORIST" triggered "Terrorists_Win" (CT "4") (T "3")
L 01/20/2020 - 18:50:19: World triggered "Round_End"
L 01/20/2020 - 18:50:25: World triggered "Round_Start"
L 01/20/2020 - 18:50:53: "Mr.MartFart<71><STEAM_1:0:1304638082><TERRORIST>" killed "Player-Fatal<76><STEAM_1:0:2061683078><CT>" with "knife"
L 01/20/2020 - 18:51:02: "Bonno<72><STEAM_1:1:794573339><CT>" killed "Mr.MartFart<71><STEAM_1:0:1304638082><TERRORIST>" with "knife"
L 01/20/2020 - 18:51:09: "Fury/Mumya<77><STEAM_1:1:81589675><TERRORIST>" killed "Bonno<72><STEAM_1:1:794573339><CT>" with "knife"
L 01/20/2020 - 18:51:09: Team "TERRORIST" triggered "Terrorists_Win" (CT "4") (T "4")
L 01/20/2020 - 18:51:09: World triggered "Round_End"
L 01/20/2020 - 18:51:15: World triggered "Round_Start"
L 01/20/2020 - 18:51:37: "Player-Fatal<76><STEAM_1:0:2061683078><CT>" killed "Bonno<72><STEAM_1:1:794573339><CT>" with "tracktrain"
L 01/20/2020 - 18:51:53: "Player-Fatal<76><STEAM_1:0:2061683078><CT>" committed suicide with "world"
L 01/20/2020 - 18:51:53: Team "TERRORIST" triggered "Terrorists_Win" (CT "4") (T "5")
L 01/20/2020 - 18:51:53: World triggered "Round_End"
L 01/20/2020 - 18:51:57: "Fury/Mumya<77><STEAM_1:1:81589675><TERRORIST>" joined team "CT"
L 01/20/2020 - 18:51:57: "<><><>" triggered "amx_chat" (text "[PTB] Transfered Fury/Mumya to CT")
L 01/20/2020 - 18:51:59: World triggered "Round_Start"
L 01/20/2020 - 18:52:29: "Fury/Mumya<77><STEAM_1:1:81589675><CT>" killed "Mr.MartFart<71><STEAM_1:0:1304638082><TERRORIST>" with "knife"
L 01/20/2020 - 18:52:29: Team "CT" triggered "CTs_Win" (CT "5") (T "5")
L 01/20/2020 - 18:52:29: World triggered "Round_End"
L 01/20/2020 - 18:52:30: "Player-Fatal<76><STEAM_1:0:2061683078><CT>" killed "Bonno<72><STEAM_1:1:794573339><CT>" with "tracktrain"
L 01/20/2020 - 18:52:33: "Bonno<72><STEAM_1:1:794573339><CT>" joined team "TERRORIST"
L 01/20/2020 - 18:52:33: "<><><>" triggered "amx_chat" (text "[PTB] Transfered Bonno to TERRORIST")
L 01/20/2020 - 18:52:35: World triggered "Round_Start"
L 01/20/2020 - 18:52:50: "Player-Fatal<76><STEAM_1:0:2061683078><CT>" committed suicide with "world"
L 01/20/2020 - 18:52:50: "Mr.MartFart<71><STEAM_1:0:1304638082><TERRORIST>" killed "Fury/Mumya<77><STEAM_1:1:81589675><CT>" with "knife"
L 01/20/2020 - 18:52:50: Team "TERRORIST" triggered "Terrorists_Win" (CT "5") (T "6")
L 01/20/2020 - 18:52:50: World triggered "Round_End"
L 01/20/2020 - 18:52:56: World triggered "Round_Start"
L 01/20/2020 - 18:53:18: "Mr.MartFart<71><STEAM_1:0:1304638082><TERRORIST>" killed "Player-Fatal<76><STEAM_1:0:2061683078><CT>" with "knife"
L 01/20/2020 - 18:53:44: "Bonno<72><STEAM_1:1:794573339><TERRORIST>" killed "Fury/Mumya<77><STEAM_1:1:81589675><CT>" with "knife"
L 01/20/2020 - 18:53:44: Team "TERRORIST" triggered "Terrorists_Win" (CT "5") (T "7")
L 01/20/2020 - 18:53:44: World triggered "Round_End"
L 01/20/2020 - 18:53:49: "Mr.MartFart<71><STEAM_1:0:1304638082><TERRORIST>" joined team "CT"
L 01/20/2020 - 18:53:49: "<><><>" triggered "amx_chat" (text "[PTB] Transfered Mr.MartFart to CT")
L 01/20/2020 - 18:53:50: World triggered "Round_Start"
L 01/20/2020 - 18:54:10: "Bonno<72><STEAM_1:1:794573339><TERRORIST>" killed "Player-Fatal<76><STEAM_1:0:2061683078><CT>" with "knife"
L 01/20/2020 - 18:54:13: "Player-Fatal<76><STEAM_1:0:2061683078><CT>" disconnected
L 01/20/2020 - 18:54:14: "Fury/Mumya<77><STEAM_1:1:81589675><CT>" killed "Bonno<72><STEAM_1:1:794573339><TERRORIST>" with "knife"
L 01/20/2020 - 18:54:14: Team "CT" triggered "CTs_Win" (CT "6") (T "7")
L 01/20/2020 - 18:54:14: World triggered "Round_End"
L 01/20/2020 - 18:54:20: World triggered "Round_Start"
L 01/20/2020 - 18:55:01: "Fury/Mumya<77><STEAM_1:1:81589675><CT>" killed "Bonno<72><STEAM_1:1:794573339><TERRORIST>" with "knife"
L 01/20/2020 - 18:55:01: Team "CT" triggered "CTs_Win" (CT "7") (T "7")
L 01/20/2020 - 18:55:01: World triggered "Round_End"
L 01/20/2020 - 18:55:07: World triggered "Round_Start"
L 01/20/2020 - 18:55:20: "Bonno<72><STEAM_1:1:794573339><TERRORIST>" committed suicide with "tracktrain"
L 01/20/2020 - 18:55:20: Team "CT" triggered "CTs_Win" (CT "8") (T "7")
L 01/20/2020 - 18:55:20: World triggered "Round_End"
L 01/20/2020 - 18:55:22: [REUNION]: kesmeto)) (217.75.157.208) authorized as NoSteam47
L 01/20/2020 - 18:55:22: "kesmeto))<78><VALVE_ID_LAN><>" connected, address "217.75.157.208:27005"
L 01/20/2020 - 18:55:26: World triggered "Round_Start"
L 01/20/2020 - 18:55:42: "Bonno<72><STEAM_1:1:794573339><TERRORIST>" killed "Fury/Mumya<77><STEAM_1:1:81589675><CT>" with "knife"
L 01/20/2020 - 18:55:45: "Mr.MartFart<71><STEAM_1:0:1304638082><CT>" killed "Bonno<72><STEAM_1:1:794573339><TERRORIST>" with "knife"
L 01/20/2020 - 18:55:45: Team "CT" triggered "CTs_Win" (CT "9") (T "7")
L 01/20/2020 - 18:55:45: World triggered "Round_End"
L 01/20/2020 - 18:55:51: World triggered "Round_Start"
L 01/20/2020 - 18:55:55: "Mr.MartFart<71><STEAM_1:0:1304638082><CT>" committed suicide with "world"
L 01/20/2020 - 18:56:35: [REUNION]: kesmeto)) (217.75.157.208) authorized as NoSteam47
L 01/20/2020 - 18:56:35: "kesmeto))<79><VALVE_ID_LAN><>" connected, address "217.75.157.208:27005"
L 01/20/2020 - 18:56:47: "kesmeto))<79><VALVE_ID_LAN><>" entered the game
L 01/20/2020 - 18:56:49: "Fury/Mumya<77><STEAM_1:1:81589675><CT>" killed "Bonno<72><STEAM_1:1:794573339><TERRORIST>" with "knife"
L 01/20/2020 - 18:56:49: Team "CT" triggered "CTs_Win" (CT "10") (T "7")
L 01/20/2020 - 18:56:49: World triggered "Round_End"
L 01/20/2020 - 18:56:54: "Mr.MartFart<71><STEAM_1:0:1304638082><CT>" joined team "TERRORIST"
L 01/20/2020 - 18:56:54: "<><><>" triggered "amx_chat" (text "[PTB] Transfered Mr.MartFart to TERRORIST")
L 01/20/2020 - 18:56:55: "kesmeto))<79><VALVE_ID_LAN><>" joined team "TERRORIST"
L 01/20/2020 - 18:56:55: World triggered "Round_Start"
L 01/20/2020 - 18:57:19: "Bonno<72><STEAM_1:1:794573339><TERRORIST>" killed "Fury/Mumya<77><STEAM_1:1:81589675><CT>" with "knife"
L 01/20/2020 - 18:57:19: Team "TERRORIST" triggered "Terrorists_Win" (CT "10") (T "8")
L 01/20/2020 - 18:57:19: World triggered "Round_End"
L 01/20/2020 - 18:57:24: "Bonno<72><STEAM_1:1:794573339><TERRORIST>" joined team "CT"
L 01/20/2020 - 18:57:24: "<><><>" triggered "amx_chat" (text "[PTB] Transfered Bonno to CT")
L 01/20/2020 - 18:57:25: World triggered "Round_Start"
L 01/20/2020 - 18:57:32: "Bonno<72><STEAM_1:1:794573339><CT>" disconnected
L 01/20/2020 - 18:57:47: "Fury/Mumya<77><STEAM_1:1:81589675><CT>" killed "kesmeto))<79><VALVE_ID_LAN><TERRORIST>" with "knife"
L 01/20/2020 - 18:57:52: "Mr.MartFart<71><STEAM_1:0:1304638082><TERRORIST>" killed "Fury/Mumya<77><STEAM_1:1:81589675><CT>" with "knife"
L 01/20/2020 - 18:57:52: Team "TERRORIST" triggered "Terrorists_Win" (CT "10") (T "9")
L 01/20/2020 - 18:57:52: World triggered "Round_End"
L 01/20/2020 - 18:57:54: "kesmeto))<79><VALVE_ID_LAN><TERRORIST>" disconnected
L 01/20/2020 - 18:57:58: World triggered "Round_Start"
L 01/20/2020 - 18:58:11: "Fury/Mumya<77><STEAM_1:1:81589675><CT>" disconnected
L 01/20/2020 - 18:58:19: [REUNION]: kesmeto)) (217.75.157.208) authorized as NoSteam47
L 01/20/2020 - 18:58:19: "kesmeto))<80><VALVE_ID_LAN><>" connected, address "217.75.157.208:27005"
L 01/20/2020 - 18:58:27: "Mr.MartFart<71><STEAM_1:0:1304638082><TERRORIST>" disconnected
L 01/20/2020 - 18:58:27: World triggered "Round_Draw" (CT "10") (T "9")
L 01/20/2020 - 18:58:27: World triggered "Round_End"
L 01/20/2020 - 18:58:28: "kesmeto))<80><VALVE_ID_LAN><>" entered the game
L 01/20/2020 - 18:58:30: "kesmeto))<80><VALVE_ID_LAN><>" joined team "TERRORIST"
L 01/20/2020 - 18:58:33: World triggered "Round_Start"
L 01/20/2020 - 18:59:31: "kesmeto))<80><VALVE_ID_LAN><TERRORIST>" disconnected
L 01/20/2020 - 18:59:31: World triggered "Round_Draw" (CT "10") (T "9")
L 01/20/2020 - 18:59:31: World triggered "Round_End"
L 01/20/2020 - 18:59:37: World triggered "Round_Start"
L 01/20/2020 - 18:59:56: [REUNION]: kesmeto)) (217.75.157.208) authorized as NoSteam47
L 01/20/2020 - 18:59:56: "kesmeto))<81><VALVE_ID_LAN><>" connected, address "217.75.157.208:27005"
L 01/20/2020 - 19:00:05: "kesmeto))<81><VALVE_ID_LAN><>" entered the game
L 01/20/2020 - 19:00:28: "kesmeto))<81><VALVE_ID_LAN><>" disconnected
L 01/20/2020 - 19:00:28: World triggered "Round_Draw" (CT "10") (T "9")
L 01/20/2020 - 19:00:28: World triggered "Round_End"
L 01/20/2020 - 19:00:34: World triggered "Round_Start"
L 01/20/2020 - 19:05:44: Server cvar "mp_chattime" = "7.000000"
L 01/20/2020 - 19:05:44: Server cvar "amx_nextmap" = "awesome_cars2"
L 01/20/2020 - 19:05:44: Team "CT" scored "10" with "0" players
L 01/20/2020 - 19:05:44: Team "TERRORIST" scored "9" with "0" players
L 01/20/2020 - 19:05:49: Server cvar "mp_chattime" = "5.000000"
L 01/20/2020 - 19:05:49: [META] ini: Begin re-reading plugins list: /home/rented/public9/cstrike/addons/metamod/plugins.ini
L 01/20/2020 - 19:05:49: [META] ini: Read plugin config for: SafeNameAndChat
L 01/20/2020 - 19:05:49: [META] ini: Read plugin config for: AMX Mod X
L 01/20/2020 - 19:05:49: [META] ini: Read plugin config for: Reunion
L 01/20/2020 - 19:05:49: [META] ini: Read plugin config for: ReAuthCheck
L 01/20/2020 - 19:05:49: [META] ini: Read plugin config for: WHBlocker
L 01/20/2020 - 19:05:49: [META] ini: Read plugin config for: ReSemiclip
L 01/20/2020 - 19:05:49: [META] ini: Read plugin config for: Revoice
L 01/20/2020 - 19:05:49: [META] ini: Finished reading plugins list: /home/rented/public9/cstrike/addons/metamod/plugins.ini; Found 7 plugins
L 01/20/2020 - 19:05:49: [META] dll: Updating plugins...
L 01/20/2020 - 19:05:49: [META] WARNING: Cannot clear plugin 'SafeNameAndChat'; not marked as failed, empty, or open (status=valid)
L 01/20/2020 - 19:05:49: [META] dll: Unloaded plugin 'SafeNameAndChat' for reason 'file on disk is newer'
L 01/20/2020 - 19:05:49: [META] dll: Loaded plugin 'SafeNameAndChat': SafeNameAndChat v1.1 2017.02.01, WPMG.PRoSToC0der
L 01/20/2020 - 19:05:49: [META] WARNING: Cannot clear plugin 'WHBlocker'; not marked as failed, empty, or open (status=valid)
L 01/20/2020 - 19:05:49: [META] dll: Unloaded plugin 'WHBlocker' for reason 'file on disk is newer'
L 01/20/2020 - 19:05:49: [META] dll: Loaded plugin 'WHBlocker': WHBlocker v1.5.692 2017-04-13, s1lent
L 01/20/2020 - 19:05:49: [META] WARNING: Cannot clear plugin 'ReSemiclip'; not marked as failed, empty, or open (status=valid)
L 01/20/2020 - 19:05:49: [META] dll: Unloaded plugin 'ReSemiclip' for reason 'file on disk is newer'
L 01/20/2020 - 19:05:49: [META] dll: Loaded plugin 'ReSemiclip': ReSemiclip v2.3.9 13/02/17, s1lent & Adidasman
L 01/20/2020 - 19:05:49: [META] dll: Finished updating 14 plugins; kept 0, loaded 0, unloaded 0, reloaded 3, delayed 0
L 01/20/2020 - 19:05:49: Log file closed
