L 01/23/2020 - 14:28:21: Log file started (file "logs/L0123050.log") (game "cstrike") (version "48/1.1.2.7/Stdio/1621")
L 01/23/2020 - 14:28:21: Server cvar "mp_buytime" = "1"
L 01/23/2020 - 14:28:21: Server cvar "mp_c4timer" = "35"
L 01/23/2020 - 14:28:21: Server cvar "mp_flashlight" = "1"
L 01/23/2020 - 14:28:21: Server cvar "mp_freezetime" = "1"
L 01/23/2020 - 14:28:21: Server cvar "mp_hostagepenalty" = "0"
L 01/23/2020 - 14:28:21: Server cvar "mp_limitteams" = "1"
L 01/23/2020 - 14:28:21: Server cvar "mp_roundtime" = "2.3"
L 01/23/2020 - 14:28:21: Server cvar "mp_startmoney" = "850"
L 01/23/2020 - 14:28:21: Server cvar "sv_contact" = "feruchio599@gmail.com"
L 01/23/2020 - 14:28:21: Server cvar "sv_maxrate" = "50000"
L 01/23/2020 - 14:28:21: Server cvar "sv_maxspeed" = "320"
L 01/23/2020 - 14:28:21: Server cvar "sv_minrate" = "10000"
L 01/23/2020 - 14:28:21: Server cvar "max_queries_sec_global" = "***PROTECTED***"
L 01/23/2020 - 14:28:21: Server cvar "max_queries_sec" = "***PROTECTED***"
L 01/23/2020 - 14:28:21: Server cvar "decalfrequency" = "0"
L 01/23/2020 - 14:28:21: Server cvar "sv_airaccelerate" = "100"
L 01/23/2020 - 14:28:21: Server cvar "sv_friction" = "3"
L 01/23/2020 - 14:28:22: Server cvar "sv_friction" = "4"
L 01/23/2020 - 14:28:23: [META] ini: Begin re-reading plugins list: /home/rented/public9/cstrike/addons/metamod/plugins.ini
L 01/23/2020 - 14:28:23: [META] ini: Read plugin config for: SafeNameAndChat
L 01/23/2020 - 14:28:23: [META] ini: Read plugin config for: AMX Mod X
L 01/23/2020 - 14:28:23: [META] ini: Read plugin config for: Reunion
L 01/23/2020 - 14:28:23: [META] ini: Read plugin config for: ReAuthCheck
L 01/23/2020 - 14:28:23: [META] ini: Read plugin config for: WHBlocker
L 01/23/2020 - 14:28:23: [META] ini: Read plugin config for: ReSemiclip
L 01/23/2020 - 14:28:23: [META] ini: Read plugin config for: Revoice
L 01/23/2020 - 14:28:23: [META] ini: Finished reading plugins list: /home/rented/public9/cstrike/addons/metamod/plugins.ini; Found 7 plugins
L 01/23/2020 - 14:28:23: [META] dll: Updating plugins...
L 01/23/2020 - 14:28:23: [META] dll: Finished updating 14 plugins; kept 7, loaded 0, unloaded 0, reloaded 0, delayed 0
L 01/23/2020 - 14:28:23: Log file closed
