L 01/23/2020 - 18:45:44: Log file started (file "logs/L0123064.log") (game "cstrike") (version "48/1.1.2.7/Stdio/1621")
L 01/23/2020 - 18:45:44: Loading map "awp_snowfun2"
L 01/23/2020 - 18:45:44: Server cvars start
L 01/23/2020 - 18:45:44: Server cvar "@BunnyHopper" = "3.x"
L 01/23/2020 - 18:45:44: Server cvar "@CRXGoSpec" = "1.1"
L 01/23/2020 - 18:45:44: Server cvar "@CRXRemoveImmunity" = "1.0"
L 01/23/2020 - 18:45:44: Server cvar "@D.I.C.E." = "1.1"
L 01/23/2020 - 18:45:44: Server cvar "@MOTDCommands" = "1.2"
L 01/23/2020 - 18:45:44: Server cvar "advanced_quake_sounds" = "5.0"
L 01/23/2020 - 18:45:44: Server cvar "AdvancedMute" = "1.0"
L 01/23/2020 - 18:45:44: Server cvar "aesp_version" = "1.3"
L 01/23/2020 - 18:45:44: Server cvar "allow_spectators" = "1.0"
L 01/23/2020 - 18:45:44: Server cvar "amx_client_languages" = "1"
L 01/23/2020 - 18:45:44: Server cvar "amx_language" = "en"
L 01/23/2020 - 18:45:44: Server cvar "amx_nextmap" = "awp_snowfun2"
L 01/23/2020 - 18:45:44: Server cvar "amx_ptb_version" = "1.8b3"
L 01/23/2020 - 18:45:44: Server cvar "amx_timeleft" = "00:00"
L 01/23/2020 - 18:45:44: Server cvar "amxmodx_version" = "1.8.2"
L 01/23/2020 - 18:45:44: Server cvar "amxxbg_vip" = "1.0"
L 01/23/2020 - 18:45:44: Server cvar "asp_version" = "4.5.1"
L 01/23/2020 - 18:45:44: Server cvar "atac_version" = "3.0.1"
L 01/23/2020 - 18:45:44: Server cvar "badcamper_version" = "1.4 beta"
L 01/23/2020 - 18:45:44: Server cvar "blockmaker" = "4.01"
L 01/23/2020 - 18:45:44: Server cvar "c4 timer" = "1.1"
L 01/23/2020 - 18:45:44: Server cvar "coop" = "0"
L 01/23/2020 - 18:45:44: Server cvar "CRXAdminGroups" = "1.0"
L 01/23/2020 - 18:45:44: Server cvar "CRXCommandRestrictions" = "1.0"
L 01/23/2020 - 18:45:44: Server cvar "CRXFastKnife" = "1.0"
L 01/23/2020 - 18:45:44: Server cvar "CRXGametracker" = "2.0"
L 01/23/2020 - 18:45:44: Server cvar "CRXKnifeModels" = "2.5.7"
L 01/23/2020 - 18:45:44: Server cvar "CRXTeamAdvantage" = "1.0"
L 01/23/2020 - 18:45:44: Server cvar "CustomShop" = "4.2"
L 01/23/2020 - 18:45:44: Server cvar "deathmatch" = "1"
L 01/23/2020 - 18:45:44: Server cvar "decalfrequency" = "0"
L 01/23/2020 - 18:45:44: Server cvar "edgefriction" = "2"
L 01/23/2020 - 18:45:44: Server cvar "ers_version" = "2.3c"
L 01/23/2020 - 18:45:44: Server cvar "gagsystem_shoko" = "1.0"
L 01/23/2020 - 18:45:44: Server cvar "gal_mapcyclefile" = "mapcycle.txt"
L 01/23/2020 - 18:45:44: Server cvar "gal_version" = "v5.9.1-926"
L 01/23/2020 - 18:45:44: Server cvar "game_version" = "5.7.0.313-dev"
L 01/23/2020 - 18:45:44: Server cvar "humans_join_team" = "any"
L 01/23/2020 - 18:45:44: Server cvar "jtp10181" = "chute,gore"
L 01/23/2020 - 18:45:44: Server cvar "lawliet" = "ny_RainingSnow"
L 01/23/2020 - 18:45:44: Server cvar "LetitSnow" = "1.0"
L 01/23/2020 - 18:45:44: Server cvar "map_spawns" = "T(16) CT(16)"
L 01/23/2020 - 18:45:44: Server cvar "max_queries_sec" = "3"
L 01/23/2020 - 18:45:44: Server cvar "max_queries_sec_global" = "150"
L 01/23/2020 - 18:45:44: Server cvar "max_queries_window" = "60"
L 01/23/2020 - 18:45:44: Server cvar "mdbBans" = "4.8"
L 01/23/2020 - 18:45:44: Server cvar "metamod_version" = "1.21p37"
L 01/23/2020 - 18:45:44: Server cvar "mp_autokick" = "0"
L 01/23/2020 - 18:45:44: Server cvar "mp_autokick_timeout" = "-1"
L 01/23/2020 - 18:45:44: Server cvar "mp_autoteambalance" = "0"
L 01/23/2020 - 18:45:44: Server cvar "mp_buytime" = "0.25"
L 01/23/2020 - 18:45:44: Server cvar "mp_c4timer" = "35"
L 01/23/2020 - 18:45:44: Server cvar "mp_chattime" = "5.000000"
L 01/23/2020 - 18:45:44: Server cvar "mp_consistency" = "1"
L 01/23/2020 - 18:45:44: Server cvar "mp_fadetoblack" = "0"
L 01/23/2020 - 18:45:44: Server cvar "mp_flashlight" = "1"
L 01/23/2020 - 18:45:44: Server cvar "mp_footsteps" = "1"
L 01/23/2020 - 18:45:44: Server cvar "mp_forcecamera" = "0"
L 01/23/2020 - 18:45:44: Server cvar "mp_forcechasecam" = "0"
L 01/23/2020 - 18:45:44: Server cvar "mp_forcerespawn" = "0"
L 01/23/2020 - 18:45:44: Server cvar "mp_fraglimit" = "0"
L 01/23/2020 - 18:45:44: Server cvar "mp_fragsleft" = "0"
L 01/23/2020 - 18:45:44: Server cvar "mp_freeforall" = "0"
L 01/23/2020 - 18:45:44: Server cvar "mp_freezetime" = "1"
L 01/23/2020 - 18:45:44: Server cvar "mp_friendlyfire" = "0"
L 01/23/2020 - 18:45:44: Server cvar "mp_hostage_hurtable" = "1"
L 01/23/2020 - 18:45:44: Server cvar "mp_hostagepenalty" = "0"
L 01/23/2020 - 18:45:44: Server cvar "mp_item_staytime" = "300"
L 01/23/2020 - 18:45:44: Server cvar "mp_kickpercent" = "0.66"
L 01/23/2020 - 18:45:44: Server cvar "mp_legacy_bombtarget_touch" = "1"
L 01/23/2020 - 18:45:44: Server cvar "mp_limitteams" = "0"
L 01/23/2020 - 18:45:44: Server cvar "mp_logdetail" = "0"
L 01/23/2020 - 18:45:44: Server cvar "mp_logfile" = "1"
L 01/23/2020 - 18:45:44: Server cvar "mp_logmessages" = "1"
L 01/23/2020 - 18:45:44: Server cvar "mp_mapvoteratio" = "0.66"
L 01/23/2020 - 18:45:44: Server cvar "mp_maxmoney" = "999999"
L 01/23/2020 - 18:45:44: Server cvar "mp_maxrounds" = "0"
L 01/23/2020 - 18:45:44: Server cvar "mp_mirrordamage" = "0"
L 01/23/2020 - 18:45:44: Server cvar "mp_old_bomb_defused_sound" = "1"
L 01/23/2020 - 18:45:44: Server cvar "mp_playerid" = "0"
L 01/23/2020 - 18:45:44: Server cvar "mp_respawn_immunitytime" = "0"
L 01/23/2020 - 18:45:44: Server cvar "mp_round_infinite" = "0"
L 01/23/2020 - 18:45:44: Server cvar "mp_round_restart_delay" = "5"
L 01/23/2020 - 18:45:44: Server cvar "mp_roundover" = "0"
L 01/23/2020 - 18:45:44: Server cvar "mp_roundtime" = "2.3"
L 01/23/2020 - 18:45:44: Server cvar "mp_show_radioicon" = "1"
L 01/23/2020 - 18:45:44: Server cvar "mp_startmoney" = "850"
L 01/23/2020 - 18:45:44: Server cvar "mp_timeleft" = "00:00"
L 01/23/2020 - 18:45:44: Server cvar "mp_timelimit" = "20.000000"
L 01/23/2020 - 18:45:44: Server cvar "mp_tkpunish" = "0"
L 01/23/2020 - 18:45:44: Server cvar "mp_windifference" = "1"
L 01/23/2020 - 18:45:44: Server cvar "mp_winlimit" = "0"
L 01/23/2020 - 18:45:44: Server cvar "NoWeaponsOnGround" = "1.0"
L 01/23/2020 - 18:45:44: Server cvar "pausable" = "0"
L 01/23/2020 - 18:45:44: Server cvar "present_version" = "2.01"
L 01/23/2020 - 18:45:44: Server cvar "RandomHP" = "2.2"
L 01/23/2020 - 18:45:44: Server cvar "reauthcheck_version" = "0.1.6"
L 01/23/2020 - 18:45:44: Server cvar "reconnect_features" = "0.3.1"
L 01/23/2020 - 18:45:44: Server cvar "report_system_version" = "3.1"
L 01/23/2020 - 18:45:44: Server cvar "resemiclip_version" = "2.3.9"
L 01/23/2020 - 18:45:44: Server cvar "reu_version" = "0.1.0.130"
L 01/23/2020 - 18:45:44: Server cvar "revoice_version" = "0.1.0.30"
L 01/23/2020 - 18:45:44: Server cvar "RRWM" = "2.0"
L 01/23/2020 - 18:45:44: Server cvar "sanksounds_version" = "1.8.6"
L 01/23/2020 - 18:45:44: Server cvar "SimpleMenu" = "1.1"
L 01/23/2020 - 18:45:44: Server cvar "SNAC_Version" = "1.1"
L 01/23/2020 - 18:45:44: Server cvar "SpecList" = "1.2a"
L 01/23/2020 - 18:45:44: Server cvar "sr_version" = "1.6"
L 01/23/2020 - 18:45:44: Server cvar "statsx_shell_ver" = "2.0.0 (BETA)"
L 01/23/2020 - 18:45:44: Server cvar "StyleC4Timer" = "2.1"
L 01/23/2020 - 18:45:44: Server cvar "sv_accelerate" = "5"
L 01/23/2020 - 18:45:44: Server cvar "sv_aim" = "1"
L 01/23/2020 - 18:45:44: Server cvar "sv_airaccelerate" = "100"
L 01/23/2020 - 18:45:44: Server cvar "sv_allowupload" = "1"
L 01/23/2020 - 18:45:44: Server cvar "sv_alltalk" = "1"
L 01/23/2020 - 18:45:44: Server cvar "sv_bounce" = "1"
L 01/23/2020 - 18:45:44: Server cvar "sv_cheats" = "0"
L 01/23/2020 - 18:45:44: Server cvar "sv_clienttrace" = "1"
L 01/23/2020 - 18:45:44: Server cvar "sv_contact" = "feruchio599@gmail.com"
L 01/23/2020 - 18:45:44: Server cvar "sv_friction" = "4"
L 01/23/2020 - 18:45:44: Server cvar "sv_gravity" = "800"
L 01/23/2020 - 18:45:44: Server cvar "sv_logblocks" = "0"
L 01/23/2020 - 18:45:44: Server cvar "sv_maxrate" = "50000"
L 01/23/2020 - 18:45:44: Server cvar "sv_maxspeed" = "900.000000"
L 01/23/2020 - 18:45:44: Server cvar "sv_minrate" = "10000"
L 01/23/2020 - 18:45:44: Server cvar "sv_password" = ""
L 01/23/2020 - 18:45:44: Server cvar "sv_proxies" = "1"
L 01/23/2020 - 18:45:44: Server cvar "sv_restart" = "0"
L 01/23/2020 - 18:45:44: Server cvar "sv_restartround" = "0"
L 01/23/2020 - 18:45:44: Server cvar "sv_stepsize" = "18"
L 01/23/2020 - 18:45:44: Server cvar "sv_stopspeed" = "75"
L 01/23/2020 - 18:45:44: Server cvar "sv_uploadmax" = "0.5"
L 01/23/2020 - 18:45:44: Server cvar "sv_version" = "1.1.2.7/Stdio,48,1621"
L 01/23/2020 - 18:45:44: Server cvar "sv_voiceenable" = "1"
L 01/23/2020 - 18:45:44: Server cvar "sv_wateraccelerate" = "10"
L 01/23/2020 - 18:45:44: Server cvar "sv_waterfriction" = "1"
L 01/23/2020 - 18:45:44: Server cvar "Team_Semiclip_version" = "3.3.1"
L 01/23/2020 - 18:45:44: Server cvar "vehicle_real_killer" = "1.1"
L 01/23/2020 - 18:45:44: Server cvar "WalkGuard" = "1.3.2"
L 01/23/2020 - 18:45:44: Server cvar "we_grenades" = "Huehue"
L 01/23/2020 - 18:45:44: Server cvar "we_player_models" = "Huehue"
L 01/23/2020 - 18:45:44: Server cvar "whb_version" = "1.5.692"
L 01/23/2020 - 18:45:44: Server cvar "zp_jp_version" = "Extra Item Jetpack+Bazooka v3.2"
L 01/23/2020 - 18:45:44: Server cvars end
L 01/23/2020 - 18:45:46: Server cvar "sv_maxspeed" = "900"
L 01/23/2020 - 18:45:46: Server cvar "mp_autoteambalance" = "1"
L 01/23/2020 - 18:45:46: Server cvar "mp_timelimit" = "20"
L 01/23/2020 - 18:45:47: Server cvar "mp_autoteambalance" = "0"
L 01/23/2020 - 18:45:47: Server cvar "amx_nextmap" = "[not yet voted on]"
L 01/23/2020 - 18:45:48: Started map "awp_snowfun2" (CRC "1799787328")
L 01/23/2020 - 18:45:50: World triggered "Round_Start"
L 01/23/2020 - 18:45:52: "lol<37><STEAM_2:0:1214014100><>" entered the game
L 01/23/2020 - 18:45:57: "lol<37><STEAM_2:0:1214014100><>" joined team "CT"
L 01/23/2020 - 18:46:53: "lol<37><STEAM_2:0:1214014100><CT>" committed suicide with "tracktrain"
L 01/23/2020 - 18:46:53: World triggered "Round_Draw" (CT "0") (T "0")
L 01/23/2020 - 18:46:53: World triggered "Round_End"
L 01/23/2020 - 18:46:59: World triggered "Round_Start"
L 01/23/2020 - 18:47:26: "lol<37><STEAM_2:0:1214014100><CT>" committed suicide with "tracktrain"
L 01/23/2020 - 18:47:26: World triggered "Round_Draw" (CT "0") (T "0")
L 01/23/2020 - 18:47:26: World triggered "Round_End"
L 01/23/2020 - 18:47:32: World triggered "Round_Start"
L 01/23/2020 - 18:49:50: Team "CT" triggered "Target_Saved" (CT "0") (T "0")
L 01/23/2020 - 18:49:50: World triggered "Round_End"
L 01/23/2020 - 18:49:56: World triggered "Round_Start"
L 01/23/2020 - 18:50:20: [REUNION]: Fury/Mumya (87.246.55.135) authorized as RevEmu
L 01/23/2020 - 18:50:20: "Fury/Mumya<38><STEAM_1:1:81589675><>" connected, address "87.246.55.135:26769"
L 01/23/2020 - 18:50:29: [REUNION]: Fury/Mumya (87.246.55.135) authorized as RevEmu
L 01/23/2020 - 18:50:29: "Fury/Mumya<39><STEAM_1:1:81589675><>" connected, address "87.246.55.135:26769"
L 01/23/2020 - 18:50:32: [REUNION]: Mr.Knife (87.243.103.99) authorized as RevEmu
L 01/23/2020 - 18:50:32: "Mr.Knife<40><STEAM_1:1:1973042010><>" connected, address "87.243.103.99:27005"
L 01/23/2020 - 18:50:41: "Mr.Knife<40><STEAM_1:1:1973042010><>" entered the game
L 01/23/2020 - 18:50:46: "Mr.Knife<40><STEAM_1:1:1973042010><>" joined team "TERRORIST"
L 01/23/2020 - 18:50:46: World triggered "Game_Commencing"
L 01/23/2020 - 18:50:46: World triggered "Game_Commencing" (CT "0") (T "0")
L 01/23/2020 - 18:50:46: World triggered "Round_End"
L 01/23/2020 - 18:50:46: "Fury/Mumya<39><STEAM_1:1:81589675><>" entered the game
L 01/23/2020 - 18:50:49: "Mr.Knife<40><STEAM_1:1:1973042010><TERRORIST>" triggered "Spawned_With_The_Bomb"
L 01/23/2020 - 18:50:50: World triggered "Round_Start"
L 01/23/2020 - 18:50:53: "Fury/Mumya<39><STEAM_1:1:81589675><>" joined team "CT"
L 01/23/2020 - 18:51:07: "lol<37><STEAM_2:0:1214014100><CT>" killed "Mr.Knife<40><STEAM_1:1:1973042010><TERRORIST>" with "tracktrain"
L 01/23/2020 - 18:51:07: Team "CT" triggered "CTs_Win" (CT "1") (T "0")
L 01/23/2020 - 18:51:07: World triggered "Round_End"
L 01/23/2020 - 18:51:12: "Mr.Knife<40><STEAM_1:1:1973042010><TERRORIST>" triggered "Spawned_With_The_Bomb"
L 01/23/2020 - 18:51:13: World triggered "Round_Start"
L 01/23/2020 - 18:51:34: "Mr.Knife<40><STEAM_1:1:1973042010><TERRORIST>" killed "lol<37><STEAM_2:0:1214014100><CT>" with "deagle"
L 01/23/2020 - 18:51:43: "Mr.Knife<40><STEAM_1:1:1973042010><TERRORIST>" killed "Fury/Mumya<39><STEAM_1:1:81589675><CT>" with "deagle"
L 01/23/2020 - 18:51:43: Team "TERRORIST" triggered "Terrorists_Win" (CT "1") (T "1")
L 01/23/2020 - 18:51:43: World triggered "Round_End"
L 01/23/2020 - 18:51:48: "Mr.Knife<40><STEAM_1:1:1973042010><TERRORIST>" triggered "Spawned_With_The_Bomb"
L 01/23/2020 - 18:51:49: World triggered "Round_Start"
L 01/23/2020 - 18:52:14: "Mr.Knife<40><STEAM_1:1:1973042010><TERRORIST>" triggered "Planted_The_Bomb"
L 01/23/2020 - 18:52:34: "Mr.Knife<40><STEAM_1:1:1973042010><TERRORIST>" killed "lol<37><STEAM_2:0:1214014100><CT>" with "deagle"
L 01/23/2020 - 18:52:40: "Mr.Knife<40><STEAM_1:1:1973042010><TERRORIST>" killed "Fury/Mumya<39><STEAM_1:1:81589675><CT>" with "deagle"
L 01/23/2020 - 18:52:40: Team "TERRORIST" triggered "Terrorists_Win" (CT "1") (T "2")
L 01/23/2020 - 18:52:40: World triggered "Round_End"
L 01/23/2020 - 18:52:45: "Mr.Knife<40><STEAM_1:1:1973042010><TERRORIST>" triggered "Spawned_With_The_Bomb"
L 01/23/2020 - 18:52:46: World triggered "Round_Start"
L 01/23/2020 - 18:53:02: "Mr.Knife<40><STEAM_1:1:1973042010><TERRORIST>" killed "Fury/Mumya<39><STEAM_1:1:81589675><CT>" with "deagle"
L 01/23/2020 - 18:53:08: "Mr.Knife<40><STEAM_1:1:1973042010><TERRORIST>" killed "lol<37><STEAM_2:0:1214014100><CT>" with "deagle"
L 01/23/2020 - 18:53:08: Team "TERRORIST" triggered "Terrorists_Win" (CT "1") (T "3")
L 01/23/2020 - 18:53:08: World triggered "Round_End"
L 01/23/2020 - 18:53:13: "Mr.Knife<40><STEAM_1:1:1973042010><TERRORIST>" triggered "Spawned_With_The_Bomb"
L 01/23/2020 - 18:53:14: World triggered "Round_Start"
L 01/23/2020 - 18:53:30: "Mr.Knife<40><STEAM_1:1:1973042010><TERRORIST>" triggered "Planted_The_Bomb"
L 01/23/2020 - 18:53:45: "Fury/Mumya<39><STEAM_1:1:81589675><CT>" killed "Mr.Knife<40><STEAM_1:1:1973042010><TERRORIST>" with "usp"
L 01/23/2020 - 18:53:53: "Fury/Mumya<39><STEAM_1:1:81589675><CT>" triggered "Begin_Bomb_Defuse_Without_Kit"
L 01/23/2020 - 18:54:03: "Fury/Mumya<39><STEAM_1:1:81589675><CT>" triggered "Defused_The_Bomb"
L 01/23/2020 - 18:54:03: Team "CT" triggered "Bomb_Defused" (CT "2") (T "3")
L 01/23/2020 - 18:54:03: World triggered "Round_End"
L 01/23/2020 - 18:54:08: "Mr.Knife<40><STEAM_1:1:1973042010><TERRORIST>" triggered "Spawned_With_The_Bomb"
L 01/23/2020 - 18:54:09: World triggered "Round_Start"
L 01/23/2020 - 18:54:20: "Mr.Knife<40><STEAM_1:1:1973042010><TERRORIST>" killed "Fury/Mumya<39><STEAM_1:1:81589675><CT>" with "galil"
L 01/23/2020 - 18:54:47: "lol<37><STEAM_2:0:1214014100><CT>" killed "Mr.Knife<40><STEAM_1:1:1973042010><TERRORIST>" with "galil"
L 01/23/2020 - 18:54:47: Team "CT" triggered "CTs_Win" (CT "3") (T "3")
L 01/23/2020 - 18:54:47: World triggered "Round_End"
L 01/23/2020 - 18:54:52: "Mr.Knife<40><STEAM_1:1:1973042010><TERRORIST>" triggered "Spawned_With_The_Bomb"
L 01/23/2020 - 18:54:53: World triggered "Round_Start"
L 01/23/2020 - 18:55:14: "Fury/Mumya<39><STEAM_1:1:81589675><CT>" killed "Mr.Knife<40><STEAM_1:1:1973042010><TERRORIST>" with "scout"
L 01/23/2020 - 18:55:14: Team "CT" triggered "CTs_Win" (CT "4") (T "3")
L 01/23/2020 - 18:55:14: World triggered "Round_End"
L 01/23/2020 - 18:55:19: "Mr.Knife<40><STEAM_1:1:1973042010><TERRORIST>" triggered "Spawned_With_The_Bomb"
L 01/23/2020 - 18:55:20: World triggered "Round_Start"
L 01/23/2020 - 18:55:32: "Mr.Knife<40><STEAM_1:1:1973042010><TERRORIST>" killed "Fury/Mumya<39><STEAM_1:1:81589675><CT>" with "scout"
L 01/23/2020 - 18:55:40: "Mr.Knife<40><STEAM_1:1:1973042010><TERRORIST>" killed "lol<37><STEAM_2:0:1214014100><CT>" with "scout"
L 01/23/2020 - 18:55:40: Team "TERRORIST" triggered "Terrorists_Win" (CT "4") (T "4")
L 01/23/2020 - 18:55:40: World triggered "Round_End"
L 01/23/2020 - 18:55:45: "Mr.Knife<40><STEAM_1:1:1973042010><TERRORIST>" triggered "Spawned_With_The_Bomb"
L 01/23/2020 - 18:55:46: World triggered "Round_Start"
L 01/23/2020 - 18:55:58: "Mr.Knife<40><STEAM_1:1:1973042010><TERRORIST>" killed "lol<37><STEAM_2:0:1214014100><CT>" with "scout"
L 01/23/2020 - 18:56:37: "Mr.Knife<40><STEAM_1:1:1973042010><TERRORIST>" killed "Fury/Mumya<39><STEAM_1:1:81589675><CT>" with "scout"
L 01/23/2020 - 18:56:37: Team "TERRORIST" triggered "Terrorists_Win" (CT "4") (T "5")
L 01/23/2020 - 18:56:37: World triggered "Round_End"
L 01/23/2020 - 18:56:42: "Mr.Knife<40><STEAM_1:1:1973042010><TERRORIST>" triggered "Spawned_With_The_Bomb"
L 01/23/2020 - 18:56:43: World triggered "Round_Start"
L 01/23/2020 - 18:56:54: "Mr.Knife<40><STEAM_1:1:1973042010><TERRORIST>" killed "lol<37><STEAM_2:0:1214014100><CT>" with "scout"
L 01/23/2020 - 18:57:15: "Fury/Mumya<39><STEAM_1:1:81589675><CT>" killed "Mr.Knife<40><STEAM_1:1:1973042010><TERRORIST>" with "scout"
L 01/23/2020 - 18:57:15: Team "CT" triggered "CTs_Win" (CT "5") (T "5")
L 01/23/2020 - 18:57:15: World triggered "Round_End"
L 01/23/2020 - 18:57:20: "Mr.Knife<40><STEAM_1:1:1973042010><TERRORIST>" triggered "Spawned_With_The_Bomb"
L 01/23/2020 - 18:57:21: World triggered "Round_Start"
L 01/23/2020 - 18:57:35: "Fury/Mumya<39><STEAM_1:1:81589675><CT>" killed "Mr.Knife<40><STEAM_1:1:1973042010><TERRORIST>" with "scout"
L 01/23/2020 - 18:57:35: Team "CT" triggered "CTs_Win" (CT "6") (T "5")
L 01/23/2020 - 18:57:35: World triggered "Round_End"
L 01/23/2020 - 18:57:40: "Mr.Knife<40><STEAM_1:1:1973042010><TERRORIST>" triggered "Spawned_With_The_Bomb"
L 01/23/2020 - 18:57:41: World triggered "Round_Start"
L 01/23/2020 - 18:57:52: "Fury/Mumya<39><STEAM_1:1:81589675><CT>" killed "Mr.Knife<40><STEAM_1:1:1973042010><TERRORIST>" with "scout"
L 01/23/2020 - 18:57:52: Team "CT" triggered "CTs_Win" (CT "7") (T "5")
L 01/23/2020 - 18:57:52: World triggered "Round_End"
L 01/23/2020 - 18:57:57: "Mr.Knife<40><STEAM_1:1:1973042010><TERRORIST>" triggered "Spawned_With_The_Bomb"
L 01/23/2020 - 18:57:58: World triggered "Round_Start"
L 01/23/2020 - 18:58:07: "Fury/Mumya<39><STEAM_1:1:81589675><CT>" killed "Mr.Knife<40><STEAM_1:1:1973042010><TERRORIST>" with "scout"
L 01/23/2020 - 18:58:07: Team "CT" triggered "CTs_Win" (CT "8") (T "5")
L 01/23/2020 - 18:58:07: World triggered "Round_End"
L 01/23/2020 - 18:58:12: "Mr.Knife<40><STEAM_1:1:1973042010><TERRORIST>" triggered "Spawned_With_The_Bomb"
L 01/23/2020 - 18:58:13: World triggered "Round_Start"
L 01/23/2020 - 18:58:49: "Fury/Mumya<39><STEAM_1:1:81589675><CT>" killed "Mr.Knife<40><STEAM_1:1:1973042010><TERRORIST>" with "scout"
L 01/23/2020 - 18:58:49: Team "CT" triggered "CTs_Win" (CT "9") (T "5")
L 01/23/2020 - 18:58:49: World triggered "Round_End"
L 01/23/2020 - 18:58:54: "Mr.Knife<40><STEAM_1:1:1973042010><TERRORIST>" triggered "Spawned_With_The_Bomb"
L 01/23/2020 - 18:58:55: World triggered "Round_Start"
L 01/23/2020 - 18:59:20: "Fury/Mumya<39><STEAM_1:1:81589675><CT>" killed "Mr.Knife<40><STEAM_1:1:1973042010><TERRORIST>" with "scout"
L 01/23/2020 - 18:59:20: Team "CT" triggered "CTs_Win" (CT "10") (T "5")
L 01/23/2020 - 18:59:20: World triggered "Round_End"
L 01/23/2020 - 18:59:25: "Mr.Knife<40><STEAM_1:1:1973042010><TERRORIST>" triggered "Spawned_With_The_Bomb"
L 01/23/2020 - 18:59:26: World triggered "Round_Start"
L 01/23/2020 - 18:59:49: "Fury/Mumya<39><STEAM_1:1:81589675><CT>" killed "Mr.Knife<40><STEAM_1:1:1973042010><TERRORIST>" with "awp"
L 01/23/2020 - 18:59:49: Team "CT" triggered "CTs_Win" (CT "11") (T "5")
L 01/23/2020 - 18:59:49: World triggered "Round_End"
L 01/23/2020 - 18:59:54: "Mr.Knife<40><STEAM_1:1:1973042010><TERRORIST>" triggered "Spawned_With_The_Bomb"
L 01/23/2020 - 18:59:55: World triggered "Round_Start"
L 01/23/2020 - 19:00:29: "Mr.Knife<40><STEAM_1:1:1973042010><TERRORIST>" killed "lol<37><STEAM_2:0:1214014100><CT>" with "awp"
L 01/23/2020 - 19:00:37: "Mr.Knife<40><STEAM_1:1:1973042010><TERRORIST>" killed "Fury/Mumya<39><STEAM_1:1:81589675><CT>" with "awp"
L 01/23/2020 - 19:00:37: Team "TERRORIST" triggered "Terrorists_Win" (CT "11") (T "6")
L 01/23/2020 - 19:00:37: World triggered "Round_End"
L 01/23/2020 - 19:00:42: "Mr.Knife<40><STEAM_1:1:1973042010><TERRORIST>" triggered "Spawned_With_The_Bomb"
L 01/23/2020 - 19:00:43: World triggered "Round_Start"
L 01/23/2020 - 19:00:59: "Mr.Knife<40><STEAM_1:1:1973042010><TERRORIST>" killed "Fury/Mumya<39><STEAM_1:1:81589675><CT>" with "awp"
L 01/23/2020 - 19:01:17: [REUNION]: XxXgeorgiXxx :) (93.155.192.142) authorized as NoSteam47
L 01/23/2020 - 19:01:17: "XxXgeorgiXxx :)<41><VALVE_ID_LAN><>" connected, address "93.155.192.142:27005"
L 01/23/2020 - 19:01:43: "XxXgeorgiXxx :)<41><VALVE_ID_LAN><>" entered the game
L 01/23/2020 - 19:01:51: "XxXgeorgiXxx :)<41><VALVE_ID_LAN><>" joined team "TERRORIST"
L 01/23/2020 - 19:02:16: "Mr.Knife<40><STEAM_1:1:1973042010><TERRORIST>" killed "lol<37><STEAM_2:0:1214014100><CT>" with "knife"
L 01/23/2020 - 19:02:16: Team "TERRORIST" triggered "Terrorists_Win" (CT "11") (T "7")
L 01/23/2020 - 19:02:16: World triggered "Round_End"
L 01/23/2020 - 19:02:21: "XxXgeorgiXxx :)<41><VALVE_ID_LAN><TERRORIST>" triggered "Spawned_With_The_Bomb"
L 01/23/2020 - 19:02:22: World triggered "Round_Start"
L 01/23/2020 - 19:02:40: "XxXgeorgiXxx :)<41><VALVE_ID_LAN><TERRORIST>" killed "Fury/Mumya<39><STEAM_1:1:81589675><CT>" with "scout"
L 01/23/2020 - 19:03:05: "XxXgeorgiXxx :)<41><VALVE_ID_LAN><TERRORIST>" killed "lol<37><STEAM_2:0:1214014100><CT>" with "scout"
L 01/23/2020 - 19:03:05: Team "TERRORIST" triggered "Terrorists_Win" (CT "11") (T "8")
L 01/23/2020 - 19:03:05: World triggered "Round_End"
L 01/23/2020 - 19:03:09: "Mr.Knife<40><STEAM_1:1:1973042010><TERRORIST>" joined team "CT"
L 01/23/2020 - 19:03:09: "<><><>" triggered "amx_chat" (text "[PTB] Transfered Mr.Knife to CT")
L 01/23/2020 - 19:03:10: "XxXgeorgiXxx :)<41><VALVE_ID_LAN><TERRORIST>" triggered "Spawned_With_The_Bomb"
L 01/23/2020 - 19:03:11: World triggered "Round_Start"
L 01/23/2020 - 19:03:23: "lol<37><STEAM_2:0:1214014100><CT>" committed suicide with "world"
L 01/23/2020 - 19:03:23: "lol<37><STEAM_2:0:1214014100><CT>" joined team "TERRORIST"
L 01/23/2020 - 19:03:24: "XxXgeorgiXxx :)<41><VALVE_ID_LAN><TERRORIST>" killed "Mr.Knife<40><STEAM_1:1:1973042010><CT>" with "scout"
L 01/23/2020 - 19:03:29: "Fury/Mumya<39><STEAM_1:1:81589675><CT>" killed "XxXgeorgiXxx :)<41><VALVE_ID_LAN><TERRORIST>" with "scout"
L 01/23/2020 - 19:03:29: Team "CT" triggered "CTs_Win" (CT "12") (T "8")
L 01/23/2020 - 19:03:29: World triggered "Round_End"
L 01/23/2020 - 19:03:34: "XxXgeorgiXxx :)<41><VALVE_ID_LAN><TERRORIST>" triggered "Spawned_With_The_Bomb"
L 01/23/2020 - 19:03:35: World triggered "Round_Start"
L 01/23/2020 - 19:03:57: "Mr.Knife<40><STEAM_1:1:1973042010><CT>" killed "lol<37><STEAM_2:0:1214014100><TERRORIST>" with "scout"
L 01/23/2020 - 19:04:35: [REUNION]: ghost (88.80.119.182) authorized as NoSteam47
L 01/23/2020 - 19:04:35: "ghost<42><VALVE_ID_LAN><>" connected, address "88.80.119.182:27005"
L 01/23/2020 - 19:04:39: "Fury/Mumya<39><STEAM_1:1:81589675><CT>" killed "XxXgeorgiXxx :)<41><VALVE_ID_LAN><TERRORIST>" with "scout"
L 01/23/2020 - 19:04:39: Team "CT" triggered "CTs_Win" (CT "13") (T "8")
L 01/23/2020 - 19:04:39: World triggered "Round_End"
L 01/23/2020 - 19:04:44: "lol<37><STEAM_2:0:1214014100><TERRORIST>" triggered "Spawned_With_The_Bomb"
L 01/23/2020 - 19:04:44: "ghost<42><VALVE_ID_LAN><>" entered the game
L 01/23/2020 - 19:04:45: World triggered "Round_Start"
L 01/23/2020 - 19:04:45: "ghost<42><VALVE_ID_LAN><>" joined team "TERRORIST"
L 01/23/2020 - 19:04:53: "Fury/Mumya<39><STEAM_1:1:81589675><CT>" killed "ghost<42><VALVE_ID_LAN><TERRORIST>" with "scout"
L 01/23/2020 - 19:04:58: "XxXgeorgiXxx :)<41><VALVE_ID_LAN><TERRORIST>" killed "Mr.Knife<40><STEAM_1:1:1973042010><CT>" with "ak47"
L 01/23/2020 - 19:05:12: "lol<37><STEAM_2:0:1214014100><TERRORIST>" triggered "Planted_The_Bomb"
L 01/23/2020 - 19:05:30: "Fury/Mumya<39><STEAM_1:1:81589675><CT>" killed "XxXgeorgiXxx :)<41><VALVE_ID_LAN><TERRORIST>" with "scout"
L 01/23/2020 - 19:05:47: Team "TERRORIST" triggered "Target_Bombed" (CT "13") (T "9")
L 01/23/2020 - 19:05:47: World triggered "Round_End"
L 01/23/2020 - 19:05:52: "XxXgeorgiXxx :)<41><VALVE_ID_LAN><TERRORIST>" triggered "Spawned_With_The_Bomb"
L 01/23/2020 - 19:05:53: World triggered "Round_Start"
L 01/23/2020 - 19:05:55: "Mr.Knife<40><STEAM_1:1:1973042010><CT>" committed suicide with "world"
L 01/23/2020 - 19:05:55: "Mr.Knife<40><STEAM_1:1:1973042010><CT>" joined team "SPECTATOR"
L 01/23/2020 - 19:06:14: "ghost<42><VALVE_ID_LAN><TERRORIST>" killed "Fury/Mumya<39><STEAM_1:1:81589675><CT>" with "elite"
L 01/23/2020 - 19:06:14: Team "TERRORIST" triggered "Terrorists_Win" (CT "13") (T "10")
L 01/23/2020 - 19:06:14: World triggered "Round_End"
L 01/23/2020 - 19:06:18: "XxXgeorgiXxx :)<41><VALVE_ID_LAN><TERRORIST>" joined team "CT"
L 01/23/2020 - 19:06:18: "<><><>" triggered "amx_chat" (text "[PTB] Transfered XxXgeorgiXxx :) to CT")
L 01/23/2020 - 19:06:19: "lol<37><STEAM_2:0:1214014100><TERRORIST>" triggered "Spawned_With_The_Bomb"
L 01/23/2020 - 19:06:20: World triggered "Round_Start"
L 01/23/2020 - 19:06:36: "Fury/Mumya<39><STEAM_1:1:81589675><CT>" killed "ghost<42><VALVE_ID_LAN><TERRORIST>" with "scout"
L 01/23/2020 - 19:06:45: "Fury/Mumya<39><STEAM_1:1:81589675><CT>" killed "lol<37><STEAM_2:0:1214014100><TERRORIST>" with "scout"
L 01/23/2020 - 19:06:45: Team "CT" triggered "CTs_Win" (CT "14") (T "10")
L 01/23/2020 - 19:06:45: World triggered "Round_End"
L 01/23/2020 - 19:06:49: "Fury/Mumya<39><STEAM_1:1:81589675><CT>" joined team "TERRORIST"
L 01/23/2020 - 19:06:49: "<><><>" triggered "amx_chat" (text "[PTB] Transfered Fury/Mumya to TERRORIST")
L 01/23/2020 - 19:06:50: "lol<37><STEAM_2:0:1214014100><TERRORIST>" triggered "Spawned_With_The_Bomb"
L 01/23/2020 - 19:06:51: World triggered "Round_Start"
L 01/23/2020 - 19:06:59: "XxXgeorgiXxx :)<41><VALVE_ID_LAN><CT>" killed "ghost<42><VALVE_ID_LAN><TERRORIST>" with "scout"
L 01/23/2020 - 19:07:04: "Fury/Mumya<39><STEAM_1:1:81589675><TERRORIST>" killed "XxXgeorgiXxx :)<41><VALVE_ID_LAN><CT>" with "scout"
L 01/23/2020 - 19:07:04: Team "TERRORIST" triggered "Terrorists_Win" (CT "14") (T "11")
L 01/23/2020 - 19:07:04: World triggered "Round_End"
L 01/23/2020 - 19:07:05: [REUNION]: ZAICEV (77.78.132.177) authorized as RevEmu
L 01/23/2020 - 19:07:05: "ZAICEV<43><STEAM_2:1:1379228811><>" connected, address "77.78.132.177:27006"
L 01/23/2020 - 19:07:09: "ghost<42><VALVE_ID_LAN><TERRORIST>" joined team "CT"
L 01/23/2020 - 19:07:09: "<><><>" triggered "amx_chat" (text "[PTB] Transfered ghost to CT")
L 01/23/2020 - 19:07:09: "Fury/Mumya<39><STEAM_1:1:81589675><TERRORIST>" triggered "Spawned_With_The_Bomb"
L 01/23/2020 - 19:07:10: World triggered "Round_Start"
L 01/23/2020 - 19:07:14: "ZAICEV<43><STEAM_2:1:1379228811><>" entered the game
L 01/23/2020 - 19:07:18: "ZAICEV<43><STEAM_2:1:1379228811><>" joined team "CT"
L 01/23/2020 - 19:07:18: "lol<37><STEAM_2:0:1214014100><TERRORIST>" triggered "Spawned_With_The_Bomb"
L 01/23/2020 - 19:07:32: "ZAICEV<43><STEAM_2:1:1379228811><CT>" killed "lol<37><STEAM_2:0:1214014100><TERRORIST>" with "sg550"
L 01/23/2020 - 19:07:32: "lol<37><STEAM_2:0:1214014100><TERRORIST>" triggered "Dropped_The_Bomb"
L 01/23/2020 - 19:07:33: "XxXgeorgiXxx :)<41><VALVE_ID_LAN><CT>" killed "Fury/Mumya<39><STEAM_1:1:81589675><TERRORIST>" with "mac10"
L 01/23/2020 - 19:07:33: Team "CT" triggered "CTs_Win" (CT "15") (T "11")
L 01/23/2020 - 19:07:33: World triggered "Round_End"
L 01/23/2020 - 19:07:38: "XxXgeorgiXxx :)<41><VALVE_ID_LAN><CT>" joined team "TERRORIST"
L 01/23/2020 - 19:07:38: "<><><>" triggered "amx_chat" (text "[PTB] Transfered XxXgeorgiXxx :) to TERRORIST")
L 01/23/2020 - 19:07:38: "XxXgeorgiXxx :)<41><VALVE_ID_LAN><TERRORIST>" triggered "Spawned_With_The_Bomb"
L 01/23/2020 - 19:07:39: World triggered "Round_Start"
L 01/23/2020 - 19:07:57: "lol<37><STEAM_2:0:1214014100><TERRORIST>" killed "ghost<42><VALVE_ID_LAN><CT>" with "ak47"
L 01/23/2020 - 19:08:08: "Fury/Mumya<39><STEAM_1:1:81589675><TERRORIST>" killed "ZAICEV<43><STEAM_2:1:1379228811><CT>" with "scout"
L 01/23/2020 - 19:08:08: Team "TERRORIST" triggered "Terrorists_Win" (CT "15") (T "12")
L 01/23/2020 - 19:08:08: World triggered "Round_End"
L 01/23/2020 - 19:08:13: "Fury/Mumya<39><STEAM_1:1:81589675><TERRORIST>" joined team "CT"
L 01/23/2020 - 19:08:13: "<><><>" triggered "amx_chat" (text "[PTB] Transfered Fury/Mumya to CT")
L 01/23/2020 - 19:08:13: "lol<37><STEAM_2:0:1214014100><TERRORIST>" triggered "Spawned_With_The_Bomb"
L 01/23/2020 - 19:08:14: World triggered "Round_Start"
L 01/23/2020 - 19:08:30: "ghost<42><VALVE_ID_LAN><CT>" killed "lol<37><STEAM_2:0:1214014100><TERRORIST>" with "m4a1"
L 01/23/2020 - 19:08:30: "lol<37><STEAM_2:0:1214014100><TERRORIST>" triggered "Dropped_The_Bomb"
L 01/23/2020 - 19:08:36: "Fury/Mumya<39><STEAM_1:1:81589675><CT>" killed "XxXgeorgiXxx :)<41><VALVE_ID_LAN><TERRORIST>" with "glock18"
L 01/23/2020 - 19:08:36: Team "CT" triggered "CTs_Win" (CT "16") (T "12")
L 01/23/2020 - 19:08:36: World triggered "Round_End"
L 01/23/2020 - 19:08:41: "ghost<42><VALVE_ID_LAN><CT>" joined team "TERRORIST"
L 01/23/2020 - 19:08:41: "<><><>" triggered "amx_chat" (text "[PTB] Transfered ghost to TERRORIST")
L 01/23/2020 - 19:08:41: "XxXgeorgiXxx :)<41><VALVE_ID_LAN><TERRORIST>" triggered "Spawned_With_The_Bomb"
L 01/23/2020 - 19:08:42: World triggered "Round_Start"
L 01/23/2020 - 19:08:50: "Mr.Knife<40><STEAM_1:1:1973042010><SPECTATOR>" disconnected
L 01/23/2020 - 19:08:58: "ZAICEV<43><STEAM_2:1:1379228811><CT>" killed "ghost<42><VALVE_ID_LAN><TERRORIST>" with "aug"
L 01/23/2020 - 19:08:59: "XxXgeorgiXxx :)<41><VALVE_ID_LAN><TERRORIST>" killed "ZAICEV<43><STEAM_2:1:1379228811><CT>" with "scout"
L 01/23/2020 - 19:09:44: "XxXgeorgiXxx :)<41><VALVE_ID_LAN><TERRORIST>" killed "Fury/Mumya<39><STEAM_1:1:81589675><CT>" with "scout"
L 01/23/2020 - 19:09:44: Team "TERRORIST" triggered "Terrorists_Win" (CT "16") (T "13")
L 01/23/2020 - 19:09:44: World triggered "Round_End"
L 01/23/2020 - 19:09:49: "ghost<42><VALVE_ID_LAN><TERRORIST>" triggered "Spawned_With_The_Bomb"
L 01/23/2020 - 19:09:50: World triggered "Round_Start"
L 01/23/2020 - 19:09:59: Server cvar "amx_nextmap" = "awesome_cars"
L 01/23/2020 - 19:10:01: "ZAICEV<43><STEAM_2:1:1379228811><CT>" killed "lol<37><STEAM_2:0:1214014100><TERRORIST>" with "aug"
L 01/23/2020 - 19:10:02: "lol<37><STEAM_2:0:1214014100><TERRORIST>" killed "ZAICEV<43><STEAM_2:1:1379228811><CT>" with "tracktrain"
L 01/23/2020 - 19:10:09: "XxXgeorgiXxx :)<41><VALVE_ID_LAN><TERRORIST>" killed "Fury/Mumya<39><STEAM_1:1:81589675><CT>" with "scout"
L 01/23/2020 - 19:10:09: Team "TERRORIST" triggered "Terrorists_Win" (CT "16") (T "14")
L 01/23/2020 - 19:10:09: World triggered "Round_End"
L 01/23/2020 - 19:10:14: "lol<37><STEAM_2:0:1214014100><TERRORIST>" joined team "CT"
L 01/23/2020 - 19:10:14: "<><><>" triggered "amx_chat" (text "[PTB] Transfered lol to CT")
L 01/23/2020 - 19:10:14: "XxXgeorgiXxx :)<41><VALVE_ID_LAN><TERRORIST>" triggered "Spawned_With_The_Bomb"
L 01/23/2020 - 19:10:15: World triggered "Round_Start"
L 01/23/2020 - 19:10:32: Server cvar "mp_timelimit" = "0.000000"
L 01/23/2020 - 19:10:40: "Fury/Mumya<39><STEAM_1:1:81589675><CT>" killed "XxXgeorgiXxx :)<41><VALVE_ID_LAN><TERRORIST>" with "usp"
L 01/23/2020 - 19:10:40: "XxXgeorgiXxx :)<41><VALVE_ID_LAN><TERRORIST>" triggered "Dropped_The_Bomb"
L 01/23/2020 - 19:11:01: "ZAICEV<43><STEAM_2:1:1379228811><CT>" killed "ghost<42><VALVE_ID_LAN><TERRORIST>" with "aug"
L 01/23/2020 - 19:11:01: Team "CT" triggered "CTs_Win" (CT "17") (T "14")
L 01/23/2020 - 19:11:01: World triggered "Round_End"
L 01/23/2020 - 19:11:06: "ZAICEV<43><STEAM_2:1:1379228811><CT>" joined team "TERRORIST"
L 01/23/2020 - 19:11:06: "<><><>" triggered "amx_chat" (text "[PTB] Transfered ZAICEV to TERRORIST")
L 01/23/2020 - 19:11:06: "ghost<42><VALVE_ID_LAN><TERRORIST>" triggered "Spawned_With_The_Bomb"
L 01/23/2020 - 19:11:07: World triggered "Round_Start"
L 01/23/2020 - 19:11:07: Server cvar "sv_maxspeed" = "0.000000"
L 01/23/2020 - 19:11:07: Server cvar "mp_friendlyfire" = "1"
L 01/23/2020 - 19:11:10: "XxXgeorgiXxx :)<41><VALVE_ID_LAN><TERRORIST>" killed "ZAICEV<43><STEAM_2:1:1379228811><TERRORIST>" with "ak47"
L 01/23/2020 - 19:11:10: "ghost<42><VALVE_ID_LAN><TERRORIST>" committed suicide with "grenade"
L 01/23/2020 - 19:11:13: "ZAICEV<43><STEAM_2:1:1379228811><TERRORIST>" disconnected
L 01/23/2020 - 19:11:13: Server cvar "sv_maxspeed" = "900.000000"
L 01/23/2020 - 19:11:13: Server cvar "mp_friendlyfire" = "0"
L 01/23/2020 - 19:11:13: Server cvar "mp_timelimit" = "20.000000"
L 01/23/2020 - 19:11:13: [META] ini: Begin re-reading plugins list: /home/rented/public9/cstrike/addons/metamod/plugins.ini
L 01/23/2020 - 19:11:13: [META] ini: Read plugin config for: SafeNameAndChat
L 01/23/2020 - 19:11:13: [META] ini: Read plugin config for: AMX Mod X
L 01/23/2020 - 19:11:13: [META] ini: Read plugin config for: Reunion
L 01/23/2020 - 19:11:13: [META] ini: Read plugin config for: ReAuthCheck
L 01/23/2020 - 19:11:13: [META] ini: Read plugin config for: WHBlocker
L 01/23/2020 - 19:11:13: [META] ini: Read plugin config for: ReSemiclip
L 01/23/2020 - 19:11:13: [META] ini: Read plugin config for: Revoice
L 01/23/2020 - 19:11:13: [META] ini: Finished reading plugins list: /home/rented/public9/cstrike/addons/metamod/plugins.ini; Found 7 plugins
L 01/23/2020 - 19:11:13: [META] dll: Updating plugins...
L 01/23/2020 - 19:11:13: [META] WARNING: Cannot clear plugin 'SafeNameAndChat'; not marked as failed, empty, or open (status=valid)
L 01/23/2020 - 19:11:13: [META] dll: Unloaded plugin 'SafeNameAndChat' for reason 'file on disk is newer'
L 01/23/2020 - 19:11:13: [META] dll: Loaded plugin 'SafeNameAndChat': SafeNameAndChat v1.1 2017.02.01, WPMG.PRoSToC0der
L 01/23/2020 - 19:11:13: [META] WARNING: Cannot clear plugin 'WHBlocker'; not marked as failed, empty, or open (status=valid)
L 01/23/2020 - 19:11:13: [META] dll: Unloaded plugin 'WHBlocker' for reason 'file on disk is newer'
L 01/23/2020 - 19:11:13: [META] dll: Loaded plugin 'WHBlocker': WHBlocker v1.5.692 2017-04-13, s1lent
L 01/23/2020 - 19:11:13: [META] WARNING: Cannot clear plugin 'ReSemiclip'; not marked as failed, empty, or open (status=valid)
L 01/23/2020 - 19:11:13: [META] dll: Unloaded plugin 'ReSemiclip' for reason 'file on disk is newer'
L 01/23/2020 - 19:11:13: [META] dll: Loaded plugin 'ReSemiclip': ReSemiclip v2.3.9 13/02/17, s1lent & Adidasman
L 01/23/2020 - 19:11:13: [META] dll: Finished updating 14 plugins; kept 0, loaded 0, unloaded 0, reloaded 3, delayed 0
L 01/23/2020 - 19:11:13: "Fury/Mumya<39><STEAM_1:1:81589675><CT>" disconnected
L 01/23/2020 - 19:11:13: "lol<37><STEAM_2:0:1214014100><CT>" disconnected
L 01/23/2020 - 19:11:13: "XxXgeorgiXxx :)<41><VALVE_ID_LAN><TERRORIST>" disconnected
L 01/23/2020 - 19:11:13: World triggered "Round_Draw" (CT "17") (T "14")
L 01/23/2020 - 19:11:13: World triggered "Round_End"
L 01/23/2020 - 19:11:13: "ghost<42><VALVE_ID_LAN><TERRORIST>" disconnected
L 01/23/2020 - 19:11:13: Log file closed
