L 01/20/2020 - 15:44:15: Log file started (file "logs/L0120050.log") (game "cstrike") (version "48/1.1.2.7/Stdio/1621")
L 01/20/2020 - 15:44:15: Loading map "cart_attack"
L 01/20/2020 - 15:44:15: Server cvars start
L 01/20/2020 - 15:44:15: Server cvar "@BunnyHopper" = "3.x"
L 01/20/2020 - 15:44:15: Server cvar "@CRXGoSpec" = "1.1"
L 01/20/2020 - 15:44:15: Server cvar "@CRXRemoveImmunity" = "1.0"
L 01/20/2020 - 15:44:15: Server cvar "@D.I.C.E." = "1.1"
L 01/20/2020 - 15:44:15: Server cvar "@MOTDCommands" = "1.2"
L 01/20/2020 - 15:44:15: Server cvar "advanced_quake_sounds" = "5.0"
L 01/20/2020 - 15:44:15: Server cvar "AdvancedMute" = "1.0"
L 01/20/2020 - 15:44:15: Server cvar "aesp_version" = "1.3"
L 01/20/2020 - 15:44:15: Server cvar "allow_spectators" = "1.0"
L 01/20/2020 - 15:44:15: Server cvar "amx_client_languages" = "1"
L 01/20/2020 - 15:44:15: Server cvar "amx_language" = "en"
L 01/20/2020 - 15:44:15: Server cvar "amx_nextmap" = "cart_attack"
L 01/20/2020 - 15:44:15: Server cvar "amx_ptb_version" = "1.8b3"
L 01/20/2020 - 15:44:15: Server cvar "amx_timeleft" = "13:24"
L 01/20/2020 - 15:44:15: Server cvar "amxmodx_version" = "1.8.2"
L 01/20/2020 - 15:44:15: Server cvar "amxxbg_vip" = "1.0"
L 01/20/2020 - 15:44:15: Server cvar "asp_version" = "4.5.1"
L 01/20/2020 - 15:44:15: Server cvar "atac_version" = "3.0.1"
L 01/20/2020 - 15:44:15: Server cvar "badcamper_version" = "1.4 beta"
L 01/20/2020 - 15:44:15: Server cvar "blockmaker" = "4.01"
L 01/20/2020 - 15:44:15: Server cvar "c4 timer" = "1.1"
L 01/20/2020 - 15:44:15: Server cvar "coop" = "0"
L 01/20/2020 - 15:44:15: Server cvar "CRXAdminGroups" = "1.0"
L 01/20/2020 - 15:44:15: Server cvar "CRXCommandRestrictions" = "1.0"
L 01/20/2020 - 15:44:15: Server cvar "CRXFastKnife" = "1.0"
L 01/20/2020 - 15:44:15: Server cvar "CRXGametracker" = "2.0"
L 01/20/2020 - 15:44:15: Server cvar "CRXKnifeModels" = "2.5.7"
L 01/20/2020 - 15:44:15: Server cvar "CRXTeamAdvantage" = "1.0"
L 01/20/2020 - 15:44:15: Server cvar "CustomShop" = "4.2"
L 01/20/2020 - 15:44:15: Server cvar "deathmatch" = "1"
L 01/20/2020 - 15:44:15: Server cvar "decalfrequency" = "0"
L 01/20/2020 - 15:44:15: Server cvar "edgefriction" = "2"
L 01/20/2020 - 15:44:15: Server cvar "ers_version" = "2.3c"
L 01/20/2020 - 15:44:15: Server cvar "gagsystem_shoko" = "1.0"
L 01/20/2020 - 15:44:15: Server cvar "gal_mapcyclefile" = "mapcycle.txt"
L 01/20/2020 - 15:44:15: Server cvar "gal_version" = "v5.9.1-926"
L 01/20/2020 - 15:44:15: Server cvar "game_version" = "5.7.0.313-dev"
L 01/20/2020 - 15:44:15: Server cvar "humans_join_team" = "any"
L 01/20/2020 - 15:44:15: Server cvar "jtp10181" = "chute,gore"
L 01/20/2020 - 15:44:15: Server cvar "lawliet" = "ny_RainingSnow"
L 01/20/2020 - 15:44:15: Server cvar "LetitSnow" = "1.0"
L 01/20/2020 - 15:44:15: Server cvar "map_spawns" = "T(16) CT(16)"
L 01/20/2020 - 15:44:15: Server cvar "max_queries_sec" = "3"
L 01/20/2020 - 15:44:15: Server cvar "max_queries_sec_global" = "150"
L 01/20/2020 - 15:44:15: Server cvar "max_queries_window" = "60"
L 01/20/2020 - 15:44:15: Server cvar "mdbBans" = "4.8"
L 01/20/2020 - 15:44:15: Server cvar "metamod_version" = "1.21p37"
L 01/20/2020 - 15:44:15: Server cvar "mp_autokick" = "0"
L 01/20/2020 - 15:44:15: Server cvar "mp_autokick_timeout" = "-1"
L 01/20/2020 - 15:44:15: Server cvar "mp_autoteambalance" = "0"
L 01/20/2020 - 15:44:15: Server cvar "mp_buytime" = "0.25"
L 01/20/2020 - 15:44:15: Server cvar "mp_c4timer" = "35"
L 01/20/2020 - 15:44:15: Server cvar "mp_chattime" = "10.000000"
L 01/20/2020 - 15:44:15: Server cvar "mp_consistency" = "1"
L 01/20/2020 - 15:44:15: Server cvar "mp_fadetoblack" = "0"
L 01/20/2020 - 15:44:15: Server cvar "mp_flashlight" = "1"
L 01/20/2020 - 15:44:15: Server cvar "mp_footsteps" = "1"
L 01/20/2020 - 15:44:15: Server cvar "mp_forcecamera" = "0"
L 01/20/2020 - 15:44:15: Server cvar "mp_forcechasecam" = "0"
L 01/20/2020 - 15:44:15: Server cvar "mp_forcerespawn" = "0"
L 01/20/2020 - 15:44:15: Server cvar "mp_fraglimit" = "0"
L 01/20/2020 - 15:44:15: Server cvar "mp_fragsleft" = "0"
L 01/20/2020 - 15:44:15: Server cvar "mp_freeforall" = "0"
L 01/20/2020 - 15:44:15: Server cvar "mp_freezetime" = "1"
L 01/20/2020 - 15:44:15: Server cvar "mp_friendlyfire" = "1"
L 01/20/2020 - 15:44:15: Server cvar "mp_hostage_hurtable" = "1"
L 01/20/2020 - 15:44:15: Server cvar "mp_hostagepenalty" = "0"
L 01/20/2020 - 15:44:15: Server cvar "mp_item_staytime" = "300"
L 01/20/2020 - 15:44:15: Server cvar "mp_kickpercent" = "0.66"
L 01/20/2020 - 15:44:15: Server cvar "mp_legacy_bombtarget_touch" = "1"
L 01/20/2020 - 15:44:15: Server cvar "mp_limitteams" = "0"
L 01/20/2020 - 15:44:15: Server cvar "mp_logdetail" = "0"
L 01/20/2020 - 15:44:15: Server cvar "mp_logfile" = "1"
L 01/20/2020 - 15:44:15: Server cvar "mp_logmessages" = "1"
L 01/20/2020 - 15:44:15: Server cvar "mp_mapvoteratio" = "0.66"
L 01/20/2020 - 15:44:15: Server cvar "mp_maxmoney" = "999999"
L 01/20/2020 - 15:44:15: Server cvar "mp_maxrounds" = "0"
L 01/20/2020 - 15:44:15: Server cvar "mp_mirrordamage" = "0"
L 01/20/2020 - 15:44:15: Server cvar "mp_old_bomb_defused_sound" = "1"
L 01/20/2020 - 15:44:15: Server cvar "mp_playerid" = "0"
L 01/20/2020 - 15:44:15: Server cvar "mp_respawn_immunitytime" = "0"
L 01/20/2020 - 15:44:15: Server cvar "mp_round_infinite" = "0"
L 01/20/2020 - 15:44:15: Server cvar "mp_round_restart_delay" = "5"
L 01/20/2020 - 15:44:15: Server cvar "mp_roundover" = "0"
L 01/20/2020 - 15:44:15: Server cvar "mp_roundtime" = "2.3"
L 01/20/2020 - 15:44:15: Server cvar "mp_show_radioicon" = "1"
L 01/20/2020 - 15:44:15: Server cvar "mp_startmoney" = "850"
L 01/20/2020 - 15:44:15: Server cvar "mp_timeleft" = "13:24"
L 01/20/2020 - 15:44:15: Server cvar "mp_timelimit" = "20"
L 01/20/2020 - 15:44:15: Server cvar "mp_tkpunish" = "0"
L 01/20/2020 - 15:44:15: Server cvar "mp_windifference" = "1"
L 01/20/2020 - 15:44:15: Server cvar "mp_winlimit" = "0"
L 01/20/2020 - 15:44:15: Server cvar "NoWeaponsOnGround" = "1.0"
L 01/20/2020 - 15:44:15: Server cvar "pausable" = "0"
L 01/20/2020 - 15:44:15: Server cvar "present_version" = "2.01"
L 01/20/2020 - 15:44:15: Server cvar "RandomHP" = "2.2"
L 01/20/2020 - 15:44:15: Server cvar "reauthcheck_version" = "0.1.6"
L 01/20/2020 - 15:44:15: Server cvar "reconnect_features" = "0.3.1"
L 01/20/2020 - 15:44:15: Server cvar "report_system_version" = "3.1"
L 01/20/2020 - 15:44:15: Server cvar "resemiclip_version" = "2.3.9"
L 01/20/2020 - 15:44:15: Server cvar "reu_version" = "0.1.0.130"
L 01/20/2020 - 15:44:15: Server cvar "revoice_version" = "0.1.0.30"
L 01/20/2020 - 15:44:15: Server cvar "RRWM" = "2.0"
L 01/20/2020 - 15:44:15: Server cvar "sanksounds_version" = "1.8.6"
L 01/20/2020 - 15:44:15: Server cvar "SimpleMenu" = "1.1"
L 01/20/2020 - 15:44:15: Server cvar "SNAC_Version" = "1.1"
L 01/20/2020 - 15:44:15: Server cvar "SpecList" = "1.2a"
L 01/20/2020 - 15:44:15: Server cvar "sr_version" = "1.6"
L 01/20/2020 - 15:44:15: Server cvar "statsx_shell_ver" = "2.0.0 (BETA)"
L 01/20/2020 - 15:44:15: Server cvar "StyleC4Timer" = "2.1"
L 01/20/2020 - 15:44:15: Server cvar "sv_accelerate" = "5"
L 01/20/2020 - 15:44:15: Server cvar "sv_aim" = "1"
L 01/20/2020 - 15:44:15: Server cvar "sv_airaccelerate" = "100"
L 01/20/2020 - 15:44:15: Server cvar "sv_allowupload" = "1"
L 01/20/2020 - 15:44:15: Server cvar "sv_alltalk" = "1"
L 01/20/2020 - 15:44:15: Server cvar "sv_bounce" = "1"
L 01/20/2020 - 15:44:15: Server cvar "sv_cheats" = "0"
L 01/20/2020 - 15:44:15: Server cvar "sv_clienttrace" = "1"
L 01/20/2020 - 15:44:15: Server cvar "sv_contact" = "feruchio599@gmail.com"
L 01/20/2020 - 15:44:15: Server cvar "sv_friction" = "4"
L 01/20/2020 - 15:44:15: Server cvar "sv_gravity" = "800"
L 01/20/2020 - 15:44:15: Server cvar "sv_logblocks" = "0"
L 01/20/2020 - 15:44:15: Server cvar "sv_maxrate" = "50000"
L 01/20/2020 - 15:44:15: Server cvar "sv_maxspeed" = "0.000000"
L 01/20/2020 - 15:44:15: Server cvar "sv_minrate" = "10000"
L 01/20/2020 - 15:44:15: Server cvar "sv_password" = ""
L 01/20/2020 - 15:44:15: Server cvar "sv_proxies" = "1"
L 01/20/2020 - 15:44:15: Server cvar "sv_restart" = "0"
L 01/20/2020 - 15:44:15: Server cvar "sv_restartround" = "0"
L 01/20/2020 - 15:44:15: Server cvar "sv_stepsize" = "18"
L 01/20/2020 - 15:44:15: Server cvar "sv_stopspeed" = "75"
L 01/20/2020 - 15:44:15: Server cvar "sv_uploadmax" = "0.5"
L 01/20/2020 - 15:44:15: Server cvar "sv_version" = "1.1.2.7/Stdio,48,1621"
L 01/20/2020 - 15:44:15: Server cvar "sv_voiceenable" = "1"
L 01/20/2020 - 15:44:15: Server cvar "sv_wateraccelerate" = "10"
L 01/20/2020 - 15:44:15: Server cvar "sv_waterfriction" = "1"
L 01/20/2020 - 15:44:15: Server cvar "Team_Semiclip_version" = "3.3.1"
L 01/20/2020 - 15:44:15: Server cvar "vehicle_real_killer" = "1.1"
L 01/20/2020 - 15:44:15: Server cvar "WalkGuard" = "1.3.2"
L 01/20/2020 - 15:44:15: Server cvar "we_grenades" = "Huehue"
L 01/20/2020 - 15:44:15: Server cvar "we_player_models" = "Huehue"
L 01/20/2020 - 15:44:15: Server cvar "whb_version" = "1.5.692"
L 01/20/2020 - 15:44:15: Server cvar "zp_jp_version" = "Extra Item Jetpack+Bazooka v3.2"
L 01/20/2020 - 15:44:15: Server cvars end
L 01/20/2020 - 15:44:18: Server cvar "sv_maxspeed" = "900"
L 01/20/2020 - 15:44:18: Server cvar "mp_autoteambalance" = "1"
L 01/20/2020 - 15:44:18: Server cvar "mp_friendlyfire" = "0"
L 01/20/2020 - 15:44:18: Server cvar "mp_autoteambalance" = "0"
L 01/20/2020 - 15:44:18: Server cvar "amx_nextmap" = "[not yet voted on]"
L 01/20/2020 - 15:44:20: Started map "cart_attack" (CRC "-607986547")
L 01/20/2020 - 15:44:21: World triggered "Round_Start"
L 01/20/2020 - 15:44:24: "killer boss<28><STEAM_1:0:280969512><>" entered the game
L 01/20/2020 - 15:44:27: [REUNION]: <Warrior> Player (105.154.69.32) authorized as RevEmu
L 01/20/2020 - 15:44:27: "<Warrior> Player<31><STEAM_1:0:599517282><>" connected, address "105.154.69.32:21561"
L 01/20/2020 - 15:44:29: [REUNION]: youssefinourar (41.143.147.2) authorized as RevEmu
L 01/20/2020 - 15:44:29: "youssefinourar<32><STEAM_2:1:1406980619><>" connected, address "41.143.147.2:21834"
L 01/20/2020 - 15:44:29: "killer boss<28><STEAM_1:0:280969512><>" joined team "CT"
L 01/20/2020 - 15:44:30: "SABBY UwU<22><STEAM_2:1:1500161593><>" entered the game
L 01/20/2020 - 15:44:36: "<Warrior> Player<31><STEAM_1:0:599517282><>" entered the game
L 01/20/2020 - 15:44:39: "youssefinourar<32><STEAM_2:1:1406980619><>" entered the game
L 01/20/2020 - 15:44:40: "SABBY UwU<22><STEAM_2:1:1500161593><>" joined team "CT"
L 01/20/2020 - 15:44:41: "<Warrior> Player<31><STEAM_1:0:599517282><>" joined team "CT"
L 01/20/2020 - 15:45:03: "youssefinourar<32><STEAM_2:1:1406980619><>" joined team "CT"
L 01/20/2020 - 15:45:41: "youssefinourar<32><STEAM_2:1:1406980619><CT>" committed suicide with "world"
L 01/20/2020 - 15:45:41: "youssefinourar<32><STEAM_2:1:1406980619><CT>" joined team "TERRORIST"
L 01/20/2020 - 15:45:41: World triggered "Game_Commencing"
L 01/20/2020 - 15:45:41: World triggered "Game_Commencing" (CT "0") (T "0")
L 01/20/2020 - 15:45:41: World triggered "Round_End"
L 01/20/2020 - 15:45:44: "youssefinourar<32><STEAM_2:1:1406980619><TERRORIST>" triggered "Spawned_With_The_Bomb"
L 01/20/2020 - 15:45:45: World triggered "Round_Start"
L 01/20/2020 - 15:45:49: "SABBY UwU<22><STEAM_2:1:1500161593><CT>" committed suicide with "world"
L 01/20/2020 - 15:45:49: "SABBY UwU<22><STEAM_2:1:1500161593><CT>" joined team "TERRORIST"
L 01/20/2020 - 15:46:23: "killer boss<28><STEAM_1:0:280969512><CT>" killed "youssefinourar<32><STEAM_2:1:1406980619><TERRORIST>" with "usp"
L 01/20/2020 - 15:46:23: Team "CT" triggered "CTs_Win" (CT "1") (T "0")
L 01/20/2020 - 15:46:23: World triggered "Round_End"
L 01/20/2020 - 15:46:28: "youssefinourar<32><STEAM_2:1:1406980619><TERRORIST>" triggered "Spawned_With_The_Bomb"
L 01/20/2020 - 15:46:29: World triggered "Round_Start"
L 01/20/2020 - 15:46:51: "SABBY UwU<22><STEAM_2:1:1500161593><TERRORIST>" killed "killer boss<28><STEAM_1:0:280969512><CT>" with "aug"
L 01/20/2020 - 15:46:53: "youssefinourar<32><STEAM_2:1:1406980619><TERRORIST>" killed "<Warrior> Player<31><STEAM_1:0:599517282><CT>" with "aug"
L 01/20/2020 - 15:46:53: Team "TERRORIST" triggered "Terrorists_Win" (CT "1") (T "1")
L 01/20/2020 - 15:46:53: World triggered "Round_End"
L 01/20/2020 - 15:46:58: "SABBY UwU<22><STEAM_2:1:1500161593><TERRORIST>" triggered "Spawned_With_The_Bomb"
L 01/20/2020 - 15:46:59: World triggered "Round_Start"
L 01/20/2020 - 15:47:33: "killer boss<28><STEAM_1:0:280969512><CT>" killed "SABBY UwU<22><STEAM_2:1:1500161593><TERRORIST>" with "m4a1"
L 01/20/2020 - 15:47:33: "SABBY UwU<22><STEAM_2:1:1500161593><TERRORIST>" triggered "Dropped_The_Bomb"
L 01/20/2020 - 15:47:38: "<Warrior> Player<31><STEAM_1:0:599517282><CT>" killed "youssefinourar<32><STEAM_2:1:1406980619><TERRORIST>" with "aug"
L 01/20/2020 - 15:47:38: Team "CT" triggered "CTs_Win" (CT "2") (T "1")
L 01/20/2020 - 15:47:38: World triggered "Round_End"
L 01/20/2020 - 15:47:43: "youssefinourar<32><STEAM_2:1:1406980619><TERRORIST>" triggered "Spawned_With_The_Bomb"
L 01/20/2020 - 15:47:44: World triggered "Round_Start"
L 01/20/2020 - 15:48:15: [REUNION]: LeX (185.236.152.66) authorized as RevEmu
L 01/20/2020 - 15:48:15: "LeX<33><STEAM_1:1:38637782><>" connected, address "185.236.152.66:27005"
L 01/20/2020 - 15:48:16: [REUNION]: LeX (185.236.152.66) authorized as RevEmu
L 01/20/2020 - 15:48:16: "LeX<34><STEAM_1:1:38637782><>" connected, address "185.236.152.66:27005"
L 01/20/2020 - 15:48:19: "killer boss<28><STEAM_1:0:280969512><CT>" killed "SABBY UwU<22><STEAM_2:1:1500161593><TERRORIST>" with "mp5navy"
L 01/20/2020 - 15:48:19: [REUNION]: LeX (185.236.152.66) authorized as RevEmu
L 01/20/2020 - 15:48:19: "LeX<35><STEAM_1:1:38637782><>" connected, address "185.236.152.66:27005"
L 01/20/2020 - 15:48:24: [REUNION]: LeX (185.236.152.66) authorized as RevEmu
L 01/20/2020 - 15:48:24: "LeX<36><STEAM_1:1:38637782><>" connected, address "185.236.152.66:27005"
L 01/20/2020 - 15:48:37: "<Warrior> Player<31><STEAM_1:0:599517282><CT>" killed "youssefinourar<32><STEAM_2:1:1406980619><TERRORIST>" with "mp5navy"
L 01/20/2020 - 15:48:37: Team "CT" triggered "CTs_Win" (CT "3") (T "1")
L 01/20/2020 - 15:48:37: World triggered "Round_End"
L 01/20/2020 - 15:48:39: "LeX<36><STEAM_1:1:38637782><>" entered the game
L 01/20/2020 - 15:48:41: "<Warrior> Player<31><STEAM_1:0:599517282><CT>" joined team "TERRORIST"
L 01/20/2020 - 15:48:41: "<><><>" triggered "amx_chat" (text "[PTB] Transfered <Warrior> Player to TERRORIST")
L 01/20/2020 - 15:48:42: "youssefinourar<32><STEAM_2:1:1406980619><TERRORIST>" triggered "Spawned_With_The_Bomb"
L 01/20/2020 - 15:48:43: World triggered "Round_Start"
L 01/20/2020 - 15:48:43: "LeX<36><STEAM_1:1:38637782><>" joined team "CT"
L 01/20/2020 - 15:49:14: "killer boss<28><STEAM_1:0:280969512><CT>" killed "youssefinourar<32><STEAM_2:1:1406980619><TERRORIST>" with "m4a1"
L 01/20/2020 - 15:49:14: "youssefinourar<32><STEAM_2:1:1406980619><TERRORIST>" triggered "Dropped_The_Bomb"
L 01/20/2020 - 15:49:18: "killer boss<28><STEAM_1:0:280969512><CT>" killed "SABBY UwU<22><STEAM_2:1:1500161593><TERRORIST>" with "m4a1"
L 01/20/2020 - 15:49:23: "<Warrior> Player<31><STEAM_1:0:599517282><TERRORIST>" killed "killer boss<28><STEAM_1:0:280969512><CT>" with "ak47"
L 01/20/2020 - 15:49:24: "<Warrior> Player<31><STEAM_1:0:599517282><TERRORIST>" triggered "Got_The_Bomb"
L 01/20/2020 - 15:50:00: "<Warrior> Player<31><STEAM_1:0:599517282><TERRORIST>" triggered "Planted_The_Bomb"
L 01/20/2020 - 15:50:03: "LeX<36><STEAM_1:1:38637782><CT>" killed "<Warrior> Player<31><STEAM_1:0:599517282><TERRORIST>" with "aug"
L 01/20/2020 - 15:50:07: "LeX<36><STEAM_1:1:38637782><CT>" triggered "Begin_Bomb_Defuse_Without_Kit"
L 01/20/2020 - 15:50:08: "LeX<36><STEAM_1:1:38637782><CT>" triggered "Begin_Bomb_Defuse_Without_Kit"
L 01/20/2020 - 15:50:09: "LeX<36><STEAM_1:1:38637782><CT>" triggered "Begin_Bomb_Defuse_Without_Kit"
L 01/20/2020 - 15:50:13: "Maxim<37><STEAM_0:0:82303809><>" connected, address "87.250.6.111:27005"
L 01/20/2020 - 15:50:14: "Maxim<37><STEAM_0:0:82303809><>" STEAM USERID validated
L 01/20/2020 - 15:50:19: "LeX<36><STEAM_1:1:38637782><CT>" triggered "Defused_The_Bomb"
L 01/20/2020 - 15:50:19: Team "CT" triggered "Bomb_Defused" (CT "4") (T "1")
L 01/20/2020 - 15:50:19: World triggered "Round_End"
L 01/20/2020 - 15:50:20: "Maxim<38><STEAM_0:0:82303809><>" connected, address "87.250.6.111:27005"
L 01/20/2020 - 15:50:20: "Maxim<38><STEAM_0:0:82303809><>" STEAM USERID validated
L 01/20/2020 - 15:50:24: "<Warrior> Player<31><STEAM_1:0:599517282><TERRORIST>" triggered "Spawned_With_The_Bomb"
L 01/20/2020 - 15:50:25: World triggered "Round_Start"
L 01/20/2020 - 15:50:39: "Maxim<38><STEAM_0:0:82303809><>" entered the game
L 01/20/2020 - 15:50:47: "Maxim<38><STEAM_0:0:82303809><>" joined team "TERRORIST"
L 01/20/2020 - 15:50:53: "<Warrior> Player<31><STEAM_1:0:599517282><TERRORIST>" killed "SABBY UwU<22><STEAM_2:1:1500161593><TERRORIST>" with "tracktrain"
L 01/20/2020 - 15:50:56: "Maxim<38><STEAM_0:0:82303809><TERRORIST>" disconnected
L 01/20/2020 - 15:51:09: "<Warrior> Player<31><STEAM_1:0:599517282><TERRORIST>" killed "killer boss<28><STEAM_1:0:280969512><CT>" with "ak47"
L 01/20/2020 - 15:51:15: "LeX<36><STEAM_1:1:38637782><CT>" killed "youssefinourar<32><STEAM_2:1:1406980619><TERRORIST>" with "aug"
L 01/20/2020 - 15:51:31: "youssefinourar<32><STEAM_2:1:1406980619><TERRORIST>" disconnected
L 01/20/2020 - 15:51:42: "LeX<36><STEAM_1:1:38637782><CT>" killed "<Warrior> Player<31><STEAM_1:0:599517282><TERRORIST>" with "aug"
L 01/20/2020 - 15:51:42: Team "CT" triggered "CTs_Win" (CT "5") (T "1")
L 01/20/2020 - 15:51:42: World triggered "Round_End"
L 01/20/2020 - 15:51:47: "killer boss<28><STEAM_1:0:280969512><CT>" joined team "TERRORIST"
L 01/20/2020 - 15:51:47: "<><><>" triggered "amx_chat" (text "[PTB] Transfered killer boss to TERRORIST")
L 01/20/2020 - 15:51:47: "SABBY UwU<22><STEAM_2:1:1500161593><TERRORIST>" triggered "Spawned_With_The_Bomb"
L 01/20/2020 - 15:51:48: World triggered "Round_Start"
L 01/20/2020 - 15:53:21: "killer boss<28><STEAM_1:0:280969512><TERRORIST>" killed "LeX<36><STEAM_1:1:38637782><CT>" with "fiveseven"
L 01/20/2020 - 15:53:21: Team "TERRORIST" triggered "Terrorists_Win" (CT "5") (T "2")
L 01/20/2020 - 15:53:21: World triggered "Round_End"
L 01/20/2020 - 15:53:26: "<Warrior> Player<31><STEAM_1:0:599517282><TERRORIST>" joined team "CT"
L 01/20/2020 - 15:53:26: "<><><>" triggered "amx_chat" (text "[PTB] Transfered <Warrior> Player to CT")
L 01/20/2020 - 15:53:26: "SABBY UwU<22><STEAM_2:1:1500161593><TERRORIST>" triggered "Spawned_With_The_Bomb"
L 01/20/2020 - 15:53:27: World triggered "Round_Start"
L 01/20/2020 - 15:54:05: "killer boss<28><STEAM_1:0:280969512><TERRORIST>" killed "<Warrior> Player<31><STEAM_1:0:599517282><CT>" with "ak47"
L 01/20/2020 - 15:54:14: "killer boss<28><STEAM_1:0:280969512><TERRORIST>" killed "LeX<36><STEAM_1:1:38637782><CT>" with "ak47"
L 01/20/2020 - 15:54:14: Team "TERRORIST" triggered "Terrorists_Win" (CT "5") (T "3")
L 01/20/2020 - 15:54:14: World triggered "Round_End"
L 01/20/2020 - 15:54:19: "killer boss<28><STEAM_1:0:280969512><TERRORIST>" triggered "Spawned_With_The_Bomb"
L 01/20/2020 - 15:54:20: World triggered "Round_Start"
L 01/20/2020 - 15:54:59: "SABBY UwU<22><STEAM_2:1:1500161593><TERRORIST>" killed "LeX<36><STEAM_1:1:38637782><CT>" with "ak47"
L 01/20/2020 - 15:55:15: "killer boss<28><STEAM_1:0:280969512><TERRORIST>" triggered "Planted_The_Bomb"
L 01/20/2020 - 15:55:22: "<Warrior> Player<31><STEAM_1:0:599517282><CT>" killed "SABBY UwU<22><STEAM_2:1:1500161593><TERRORIST>" with "m4a1"
L 01/20/2020 - 15:55:23: "killer boss<28><STEAM_1:0:280969512><TERRORIST>" killed "<Warrior> Player<31><STEAM_1:0:599517282><CT>" with "ak47"
L 01/20/2020 - 15:55:23: Team "TERRORIST" triggered "Terrorists_Win" (CT "5") (T "4")
L 01/20/2020 - 15:55:23: World triggered "Round_End"
L 01/20/2020 - 15:55:28: "SABBY UwU<22><STEAM_2:1:1500161593><TERRORIST>" triggered "Spawned_With_The_Bomb"
L 01/20/2020 - 15:55:29: World triggered "Round_Start"
L 01/20/2020 - 15:55:38: "SABBY UwU<22><STEAM_2:1:1500161593><TERRORIST>" committed suicide with "world"
L 01/20/2020 - 15:55:38: "SABBY UwU<22><STEAM_2:1:1500161593><TERRORIST>" triggered "Dropped_The_Bomb"
L 01/20/2020 - 15:56:08: "killer boss<28><STEAM_1:0:280969512><TERRORIST>" killed "LeX<36><STEAM_1:1:38637782><CT>" with "mac10"
L 01/20/2020 - 15:56:16: "killer boss<28><STEAM_1:0:280969512><TERRORIST>" killed "<Warrior> Player<31><STEAM_1:0:599517282><CT>" with "m4a1"
L 01/20/2020 - 15:56:16: Team "TERRORIST" triggered "Terrorists_Win" (CT "5") (T "5")
L 01/20/2020 - 15:56:16: World triggered "Round_End"
L 01/20/2020 - 15:56:21: "SABBY UwU<22><STEAM_2:1:1500161593><TERRORIST>" joined team "CT"
L 01/20/2020 - 15:56:21: "<><><>" triggered "amx_chat" (text "[PTB] Transfered SABBY UwU to CT")
L 01/20/2020 - 15:56:21: "killer boss<28><STEAM_1:0:280969512><TERRORIST>" triggered "Spawned_With_The_Bomb"
L 01/20/2020 - 15:56:22: World triggered "Round_Start"
L 01/20/2020 - 15:56:56: "killer boss<28><STEAM_1:0:280969512><TERRORIST>" killed "LeX<36><STEAM_1:1:38637782><CT>" with "m4a1"
L 01/20/2020 - 15:57:14: "killer boss<28><STEAM_1:0:280969512><TERRORIST>" killed "SABBY UwU<22><STEAM_2:1:1500161593><CT>" with "m4a1"
L 01/20/2020 - 15:57:20: "<Warrior> Player<31><STEAM_1:0:599517282><CT>" committed suicide with "world"
L 01/20/2020 - 15:57:20: Team "TERRORIST" triggered "Terrorists_Win" (CT "5") (T "6")
L 01/20/2020 - 15:57:20: World triggered "Round_End"
L 01/20/2020 - 15:57:25: "killer boss<28><STEAM_1:0:280969512><TERRORIST>" triggered "Spawned_With_The_Bomb"
L 01/20/2020 - 15:57:26: World triggered "Round_Start"
L 01/20/2020 - 15:57:26: "<Warrior> Player<31><STEAM_1:0:599517282><CT>" disconnected
L 01/20/2020 - 15:58:01: "LeX<36><STEAM_1:1:38637782><CT>" killed "killer boss<28><STEAM_1:0:280969512><TERRORIST>" with "m4a1"
L 01/20/2020 - 15:58:01: Team "CT" triggered "CTs_Win" (CT "6") (T "6")
L 01/20/2020 - 15:58:01: World triggered "Round_End"
L 01/20/2020 - 15:58:06: "killer boss<28><STEAM_1:0:280969512><TERRORIST>" triggered "Spawned_With_The_Bomb"
L 01/20/2020 - 15:58:07: World triggered "Round_Start"
L 01/20/2020 - 15:58:39: "killer boss<28><STEAM_1:0:280969512><TERRORIST>" killed "LeX<36><STEAM_1:1:38637782><CT>" with "ak47"
L 01/20/2020 - 15:59:14: "SABBY UwU<22><STEAM_2:1:1500161593><CT>" killed "killer boss<28><STEAM_1:0:280969512><TERRORIST>" with "aug"
L 01/20/2020 - 15:59:14: Team "CT" triggered "CTs_Win" (CT "7") (T "6")
L 01/20/2020 - 15:59:14: World triggered "Round_End"
L 01/20/2020 - 15:59:19: "killer boss<28><STEAM_1:0:280969512><TERRORIST>" triggered "Spawned_With_The_Bomb"
L 01/20/2020 - 15:59:20: World triggered "Round_Start"
L 01/20/2020 - 15:59:42: "killer boss<28><STEAM_1:0:280969512><TERRORIST>" killed "SABBY UwU<22><STEAM_2:1:1500161593><CT>" with "ak47"
L 01/20/2020 - 15:59:59: "LeX<36><STEAM_1:1:38637782><CT>" killed "killer boss<28><STEAM_1:0:280969512><TERRORIST>" with "m4a1"
L 01/20/2020 - 15:59:59: Team "CT" triggered "CTs_Win" (CT "8") (T "6")
L 01/20/2020 - 15:59:59: World triggered "Round_End"
L 01/20/2020 - 16:00:04: "LeX<36><STEAM_1:1:38637782><CT>" disconnected
L 01/20/2020 - 16:00:04: "killer boss<28><STEAM_1:0:280969512><TERRORIST>" triggered "Spawned_With_The_Bomb"
L 01/20/2020 - 16:00:05: World triggered "Round_Start"
L 01/20/2020 - 16:00:36: "killer boss<28><STEAM_1:0:280969512><TERRORIST>" killed "SABBY UwU<22><STEAM_2:1:1500161593><CT>" with "ak47"
L 01/20/2020 - 16:00:36: Team "TERRORIST" triggered "Terrorists_Win" (CT "8") (T "7")
L 01/20/2020 - 16:00:36: World triggered "Round_End"
L 01/20/2020 - 16:00:41: "killer boss<28><STEAM_1:0:280969512><TERRORIST>" triggered "Spawned_With_The_Bomb"
L 01/20/2020 - 16:00:42: World triggered "Round_Start"
L 01/20/2020 - 16:01:10: "killer boss<28><STEAM_1:0:280969512><TERRORIST>" killed "SABBY UwU<22><STEAM_2:1:1500161593><CT>" with "elite"
L 01/20/2020 - 16:01:10: Team "TERRORIST" triggered "Terrorists_Win" (CT "8") (T "8")
L 01/20/2020 - 16:01:10: World triggered "Round_End"
L 01/20/2020 - 16:01:16: World triggered "Round_Start"
L 01/20/2020 - 16:02:00: "killer boss<28><STEAM_1:0:280969512><TERRORIST>" killed "SABBY UwU<22><STEAM_2:1:1500161593><CT>" with "m4a1"
L 01/20/2020 - 16:02:00: Team "TERRORIST" triggered "Terrorists_Win" (CT "8") (T "9")
L 01/20/2020 - 16:02:00: World triggered "Round_End"
L 01/20/2020 - 16:02:06: "killer boss<28><STEAM_1:0:280969512><TERRORIST>" disconnected
L 01/20/2020 - 16:02:06: World triggered "Round_Start"
L 01/20/2020 - 16:02:21: Server cvar "amx_nextmap" = "de_farmrush"
L 01/20/2020 - 16:02:25: "SABBY UwU<22><STEAM_2:1:1500161593><CT>" disconnected
L 01/20/2020 - 16:02:25: World triggered "Round_Draw" (CT "8") (T "9")
L 01/20/2020 - 16:02:25: World triggered "Round_End"
L 01/20/2020 - 16:02:31: World triggered "Round_Start"
L 01/20/2020 - 16:02:31: Server cvar "sv_maxspeed" = "0.000000"
L 01/20/2020 - 16:02:31: Server cvar "mp_friendlyfire" = "1"
L 01/20/2020 - 16:02:42: Server cvar "sv_maxspeed" = "900.000000"
L 01/20/2020 - 16:02:42: Server cvar "mp_friendlyfire" = "0"
L 01/20/2020 - 16:02:42: [META] ini: Begin re-reading plugins list: /home/rented/public9/cstrike/addons/metamod/plugins.ini
L 01/20/2020 - 16:02:42: [META] ini: Read plugin config for: SafeNameAndChat
L 01/20/2020 - 16:02:42: [META] ini: Read plugin config for: AMX Mod X
L 01/20/2020 - 16:02:42: [META] ini: Read plugin config for: Reunion
L 01/20/2020 - 16:02:42: [META] ini: Read plugin config for: ReAuthCheck
L 01/20/2020 - 16:02:42: [META] ini: Read plugin config for: WHBlocker
L 01/20/2020 - 16:02:42: [META] ini: Read plugin config for: ReSemiclip
L 01/20/2020 - 16:02:42: [META] ini: Read plugin config for: Revoice
L 01/20/2020 - 16:02:42: [META] ini: Finished reading plugins list: /home/rented/public9/cstrike/addons/metamod/plugins.ini; Found 7 plugins
L 01/20/2020 - 16:02:42: [META] dll: Updating plugins...
L 01/20/2020 - 16:02:42: [META] WARNING: Cannot clear plugin 'SafeNameAndChat'; not marked as failed, empty, or open (status=valid)
L 01/20/2020 - 16:02:42: [META] dll: Unloaded plugin 'SafeNameAndChat' for reason 'file on disk is newer'
L 01/20/2020 - 16:02:42: [META] dll: Loaded plugin 'SafeNameAndChat': SafeNameAndChat v1.1 2017.02.01, WPMG.PRoSToC0der
L 01/20/2020 - 16:02:42: [META] WARNING: Cannot clear plugin 'WHBlocker'; not marked as failed, empty, or open (status=valid)
L 01/20/2020 - 16:02:42: [META] dll: Unloaded plugin 'WHBlocker' for reason 'file on disk is newer'
L 01/20/2020 - 16:02:42: [META] dll: Loaded plugin 'WHBlocker': WHBlocker v1.5.692 2017-04-13, s1lent
L 01/20/2020 - 16:02:42: [META] WARNING: Cannot clear plugin 'ReSemiclip'; not marked as failed, empty, or open (status=valid)
L 01/20/2020 - 16:02:42: [META] dll: Unloaded plugin 'ReSemiclip' for reason 'file on disk is newer'
L 01/20/2020 - 16:02:42: [META] dll: Loaded plugin 'ReSemiclip': ReSemiclip v2.3.9 13/02/17, s1lent & Adidasman
L 01/20/2020 - 16:02:42: [META] dll: Finished updating 14 plugins; kept 0, loaded 0, unloaded 0, reloaded 3, delayed 0
L 01/20/2020 - 16:02:42: Log file closed
