L 01/22/2020 - 16:29:02: Log file started (file "logs/L0122064.log") (game "cstrike") (version "48/1.1.2.7/Stdio/1621")
L 01/22/2020 - 16:29:02: Loading map "cc_boathouse"
L 01/22/2020 - 16:29:02: Server cvars start
L 01/22/2020 - 16:29:02: Server cvar "@BunnyHopper" = "3.x"
L 01/22/2020 - 16:29:02: Server cvar "@CRXGoSpec" = "1.1"
L 01/22/2020 - 16:29:02: Server cvar "@CRXRemoveImmunity" = "1.0"
L 01/22/2020 - 16:29:02: Server cvar "@D.I.C.E." = "1.1"
L 01/22/2020 - 16:29:02: Server cvar "@MOTDCommands" = "1.2"
L 01/22/2020 - 16:29:02: Server cvar "advanced_quake_sounds" = "5.0"
L 01/22/2020 - 16:29:02: Server cvar "AdvancedMute" = "1.0"
L 01/22/2020 - 16:29:02: Server cvar "aesp_version" = "1.3"
L 01/22/2020 - 16:29:02: Server cvar "allow_spectators" = "1.0"
L 01/22/2020 - 16:29:02: Server cvar "amx_client_languages" = "1"
L 01/22/2020 - 16:29:02: Server cvar "amx_language" = "en"
L 01/22/2020 - 16:29:02: Server cvar "amx_nextmap" = "cc_boathouse"
L 01/22/2020 - 16:29:02: Server cvar "amx_ptb_version" = "1.8b3"
L 01/22/2020 - 16:29:02: Server cvar "amx_timeleft" = "11:44"
L 01/22/2020 - 16:29:02: Server cvar "amxmodx_version" = "1.8.2"
L 01/22/2020 - 16:29:02: Server cvar "amxxbg_vip" = "1.0"
L 01/22/2020 - 16:29:02: Server cvar "asp_version" = "4.5.1"
L 01/22/2020 - 16:29:02: Server cvar "atac_version" = "3.0.1"
L 01/22/2020 - 16:29:02: Server cvar "badcamper_version" = "1.4 beta"
L 01/22/2020 - 16:29:02: Server cvar "blockmaker" = "4.01"
L 01/22/2020 - 16:29:02: Server cvar "c4 timer" = "1.1"
L 01/22/2020 - 16:29:02: Server cvar "coop" = "0"
L 01/22/2020 - 16:29:02: Server cvar "CRXAdminGroups" = "1.0"
L 01/22/2020 - 16:29:02: Server cvar "CRXCommandRestrictions" = "1.0"
L 01/22/2020 - 16:29:02: Server cvar "CRXFastKnife" = "1.0"
L 01/22/2020 - 16:29:02: Server cvar "CRXGametracker" = "2.0"
L 01/22/2020 - 16:29:02: Server cvar "CRXKnifeModels" = "2.5.7"
L 01/22/2020 - 16:29:02: Server cvar "CRXTeamAdvantage" = "1.0"
L 01/22/2020 - 16:29:02: Server cvar "CustomShop" = "4.2"
L 01/22/2020 - 16:29:02: Server cvar "deathmatch" = "1"
L 01/22/2020 - 16:29:02: Server cvar "decalfrequency" = "0"
L 01/22/2020 - 16:29:02: Server cvar "edgefriction" = "2"
L 01/22/2020 - 16:29:02: Server cvar "ers_version" = "2.3c"
L 01/22/2020 - 16:29:02: Server cvar "gagsystem_shoko" = "1.0"
L 01/22/2020 - 16:29:02: Server cvar "gal_mapcyclefile" = "mapcycle.txt"
L 01/22/2020 - 16:29:02: Server cvar "gal_version" = "v5.9.1-926"
L 01/22/2020 - 16:29:02: Server cvar "game_version" = "5.7.0.313-dev"
L 01/22/2020 - 16:29:02: Server cvar "humans_join_team" = "any"
L 01/22/2020 - 16:29:02: Server cvar "jtp10181" = "chute,gore"
L 01/22/2020 - 16:29:02: Server cvar "lawliet" = "ny_RainingSnow"
L 01/22/2020 - 16:29:02: Server cvar "LetitSnow" = "1.0"
L 01/22/2020 - 16:29:02: Server cvar "map_spawns" = "T(16) CT(16)"
L 01/22/2020 - 16:29:02: Server cvar "max_queries_sec" = "3"
L 01/22/2020 - 16:29:02: Server cvar "max_queries_sec_global" = "150"
L 01/22/2020 - 16:29:02: Server cvar "max_queries_window" = "60"
L 01/22/2020 - 16:29:02: Server cvar "mdbBans" = "4.8"
L 01/22/2020 - 16:29:02: Server cvar "metamod_version" = "1.21p37"
L 01/22/2020 - 16:29:02: Server cvar "mp_autokick" = "0"
L 01/22/2020 - 16:29:02: Server cvar "mp_autokick_timeout" = "-1"
L 01/22/2020 - 16:29:02: Server cvar "mp_autoteambalance" = "0"
L 01/22/2020 - 16:29:02: Server cvar "mp_buytime" = "0.25"
L 01/22/2020 - 16:29:02: Server cvar "mp_c4timer" = "35"
L 01/22/2020 - 16:29:02: Server cvar "mp_chattime" = "10.000000"
L 01/22/2020 - 16:29:02: Server cvar "mp_consistency" = "1"
L 01/22/2020 - 16:29:02: Server cvar "mp_fadetoblack" = "0"
L 01/22/2020 - 16:29:02: Server cvar "mp_flashlight" = "1"
L 01/22/2020 - 16:29:02: Server cvar "mp_footsteps" = "1"
L 01/22/2020 - 16:29:02: Server cvar "mp_forcecamera" = "0"
L 01/22/2020 - 16:29:02: Server cvar "mp_forcechasecam" = "0"
L 01/22/2020 - 16:29:02: Server cvar "mp_forcerespawn" = "0"
L 01/22/2020 - 16:29:02: Server cvar "mp_fraglimit" = "0"
L 01/22/2020 - 16:29:02: Server cvar "mp_fragsleft" = "0"
L 01/22/2020 - 16:29:02: Server cvar "mp_freeforall" = "0"
L 01/22/2020 - 16:29:02: Server cvar "mp_freezetime" = "1"
L 01/22/2020 - 16:29:02: Server cvar "mp_friendlyfire" = "0"
L 01/22/2020 - 16:29:02: Server cvar "mp_hostage_hurtable" = "1"
L 01/22/2020 - 16:29:02: Server cvar "mp_hostagepenalty" = "0"
L 01/22/2020 - 16:29:02: Server cvar "mp_item_staytime" = "300"
L 01/22/2020 - 16:29:02: Server cvar "mp_kickpercent" = "0.66"
L 01/22/2020 - 16:29:02: Server cvar "mp_legacy_bombtarget_touch" = "1"
L 01/22/2020 - 16:29:02: Server cvar "mp_limitteams" = "0"
L 01/22/2020 - 16:29:02: Server cvar "mp_logdetail" = "0"
L 01/22/2020 - 16:29:02: Server cvar "mp_logfile" = "1"
L 01/22/2020 - 16:29:02: Server cvar "mp_logmessages" = "1"
L 01/22/2020 - 16:29:02: Server cvar "mp_mapvoteratio" = "0.66"
L 01/22/2020 - 16:29:02: Server cvar "mp_maxmoney" = "999999"
L 01/22/2020 - 16:29:02: Server cvar "mp_maxrounds" = "0"
L 01/22/2020 - 16:29:02: Server cvar "mp_mirrordamage" = "0"
L 01/22/2020 - 16:29:02: Server cvar "mp_old_bomb_defused_sound" = "1"
L 01/22/2020 - 16:29:02: Server cvar "mp_playerid" = "0"
L 01/22/2020 - 16:29:02: Server cvar "mp_respawn_immunitytime" = "0"
L 01/22/2020 - 16:29:02: Server cvar "mp_round_infinite" = "0"
L 01/22/2020 - 16:29:02: Server cvar "mp_round_restart_delay" = "5"
L 01/22/2020 - 16:29:02: Server cvar "mp_roundover" = "0"
L 01/22/2020 - 16:29:02: Server cvar "mp_roundtime" = "2.3"
L 01/22/2020 - 16:29:02: Server cvar "mp_show_radioicon" = "1"
L 01/22/2020 - 16:29:02: Server cvar "mp_startmoney" = "850"
L 01/22/2020 - 16:29:02: Server cvar "mp_timeleft" = "11:43"
L 01/22/2020 - 16:29:02: Server cvar "mp_timelimit" = "20"
L 01/22/2020 - 16:29:02: Server cvar "mp_tkpunish" = "0"
L 01/22/2020 - 16:29:02: Server cvar "mp_windifference" = "1"
L 01/22/2020 - 16:29:02: Server cvar "mp_winlimit" = "0"
L 01/22/2020 - 16:29:02: Server cvar "NoWeaponsOnGround" = "1.0"
L 01/22/2020 - 16:29:02: Server cvar "pausable" = "0"
L 01/22/2020 - 16:29:02: Server cvar "present_version" = "2.01"
L 01/22/2020 - 16:29:02: Server cvar "RandomHP" = "2.2"
L 01/22/2020 - 16:29:02: Server cvar "reauthcheck_version" = "0.1.6"
L 01/22/2020 - 16:29:02: Server cvar "reconnect_features" = "0.3.1"
L 01/22/2020 - 16:29:02: Server cvar "report_system_version" = "3.1"
L 01/22/2020 - 16:29:02: Server cvar "resemiclip_version" = "2.3.9"
L 01/22/2020 - 16:29:02: Server cvar "reu_version" = "0.1.0.130"
L 01/22/2020 - 16:29:02: Server cvar "revoice_version" = "0.1.0.30"
L 01/22/2020 - 16:29:02: Server cvar "RRWM" = "2.0"
L 01/22/2020 - 16:29:02: Server cvar "sanksounds_version" = "1.8.6"
L 01/22/2020 - 16:29:02: Server cvar "SimpleMenu" = "1.1"
L 01/22/2020 - 16:29:02: Server cvar "SNAC_Version" = "1.1"
L 01/22/2020 - 16:29:02: Server cvar "SpecList" = "1.2a"
L 01/22/2020 - 16:29:02: Server cvar "sr_version" = "1.6"
L 01/22/2020 - 16:29:02: Server cvar "statsx_shell_ver" = "2.0.0 (BETA)"
L 01/22/2020 - 16:29:02: Server cvar "StyleC4Timer" = "2.1"
L 01/22/2020 - 16:29:02: Server cvar "sv_accelerate" = "5"
L 01/22/2020 - 16:29:02: Server cvar "sv_aim" = "1"
L 01/22/2020 - 16:29:02: Server cvar "sv_airaccelerate" = "100"
L 01/22/2020 - 16:29:02: Server cvar "sv_allowupload" = "1"
L 01/22/2020 - 16:29:02: Server cvar "sv_alltalk" = "1"
L 01/22/2020 - 16:29:02: Server cvar "sv_bounce" = "1"
L 01/22/2020 - 16:29:02: Server cvar "sv_cheats" = "0"
L 01/22/2020 - 16:29:02: Server cvar "sv_clienttrace" = "1"
L 01/22/2020 - 16:29:02: Server cvar "sv_contact" = "feruchio599@gmail.com"
L 01/22/2020 - 16:29:02: Server cvar "sv_friction" = "4"
L 01/22/2020 - 16:29:02: Server cvar "sv_gravity" = "800"
L 01/22/2020 - 16:29:02: Server cvar "sv_logblocks" = "0"
L 01/22/2020 - 16:29:02: Server cvar "sv_maxrate" = "50000"
L 01/22/2020 - 16:29:02: Server cvar "sv_maxspeed" = "900.000000"
L 01/22/2020 - 16:29:02: Server cvar "sv_minrate" = "10000"
L 01/22/2020 - 16:29:02: Server cvar "sv_password" = ""
L 01/22/2020 - 16:29:02: Server cvar "sv_proxies" = "1"
L 01/22/2020 - 16:29:02: Server cvar "sv_restart" = "0"
L 01/22/2020 - 16:29:02: Server cvar "sv_restartround" = "0"
L 01/22/2020 - 16:29:02: Server cvar "sv_stepsize" = "18"
L 01/22/2020 - 16:29:02: Server cvar "sv_stopspeed" = "75"
L 01/22/2020 - 16:29:02: Server cvar "sv_uploadmax" = "0.5"
L 01/22/2020 - 16:29:02: Server cvar "sv_version" = "1.1.2.7/Stdio,48,1621"
L 01/22/2020 - 16:29:02: Server cvar "sv_voiceenable" = "1"
L 01/22/2020 - 16:29:02: Server cvar "sv_wateraccelerate" = "10"
L 01/22/2020 - 16:29:02: Server cvar "sv_waterfriction" = "1"
L 01/22/2020 - 16:29:02: Server cvar "Team_Semiclip_version" = "3.3.1"
L 01/22/2020 - 16:29:02: Server cvar "vehicle_real_killer" = "1.1"
L 01/22/2020 - 16:29:02: Server cvar "WalkGuard" = "1.3.2"
L 01/22/2020 - 16:29:02: Server cvar "we_grenades" = "Huehue"
L 01/22/2020 - 16:29:02: Server cvar "we_player_models" = "Huehue"
L 01/22/2020 - 16:29:02: Server cvar "whb_version" = "1.5.692"
L 01/22/2020 - 16:29:02: Server cvar "zp_jp_version" = "Extra Item Jetpack+Bazooka v3.2"
L 01/22/2020 - 16:29:02: Server cvars end
L 01/22/2020 - 16:29:04: Server cvar "sv_maxspeed" = "900"
L 01/22/2020 - 16:29:04: Server cvar "mp_autoteambalance" = "1"
L 01/22/2020 - 16:29:05: Server cvar "mp_autoteambalance" = "0"
L 01/22/2020 - 16:29:05: Server cvar "amx_nextmap" = "[not yet voted on]"
L 01/22/2020 - 16:29:06: Started map "cc_boathouse" (CRC "-1122978186")
L 01/22/2020 - 16:29:08: World triggered "Round_Start"
L 01/22/2020 - 16:29:09: [REUNION]: jesse_pinkman (91.148.164.81) authorized as RevEmu
L 01/22/2020 - 16:29:09: "jesse_pinkman<14><STEAM_1:0:1973059967><>" connected, address "91.148.164.81:27005"
L 01/22/2020 - 16:29:10: [REUNION]: killer boss (149.62.202.180) authorized as RevEmu
L 01/22/2020 - 16:29:10: "killer boss<15><STEAM_1:0:280969512><>" connected, address "149.62.202.180:32288"
L 01/22/2020 - 16:29:10: [REUNION]: CTR | Zombie =) (176.122.114.213) authorized as RevEmu
L 01/22/2020 - 16:29:10: "CTR | Zombie =)<16><STEAM_2:0:1214014100><>" connected, address "176.122.114.213:27005"
L 01/22/2020 - 16:29:14: "CTR | Zombie =)<16><STEAM_2:0:1214014100><>" entered the game
L 01/22/2020 - 16:29:15: "jesse_pinkman<14><STEAM_1:0:1973059967><>" entered the game
L 01/22/2020 - 16:29:16: "killer boss<15><STEAM_1:0:280969512><>" entered the game
L 01/22/2020 - 16:29:17: "jesse_pinkman<14><STEAM_1:0:1973059967><>" joined team "CT"
L 01/22/2020 - 16:29:18: "CTR | Zombie =)<16><STEAM_2:0:1214014100><>" joined team "CT"
L 01/22/2020 - 16:29:19: "killer boss<15><STEAM_1:0:280969512><>" joined team "TERRORIST"
L 01/22/2020 - 16:29:19: World triggered "Game_Commencing"
L 01/22/2020 - 16:29:19: World triggered "Game_Commencing" (CT "0") (T "0")
L 01/22/2020 - 16:29:19: World triggered "Round_End"
L 01/22/2020 - 16:29:22: "killer boss<15><STEAM_1:0:280969512><TERRORIST>" triggered "Spawned_With_The_Bomb"
L 01/22/2020 - 16:29:23: World triggered "Round_Start"
L 01/22/2020 - 16:29:44: "killer boss<15><STEAM_1:0:280969512><TERRORIST>" killed "jesse_pinkman<14><STEAM_1:0:1973059967><CT>" with "m3"
L 01/22/2020 - 16:30:18: "killer boss<15><STEAM_1:0:280969512><TERRORIST>" killed "CTR | Zombie =)<16><STEAM_2:0:1214014100><CT>" with "m4a1"
L 01/22/2020 - 16:30:18: Team "TERRORIST" triggered "Terrorists_Win" (CT "0") (T "1")
L 01/22/2020 - 16:30:18: World triggered "Round_End"
L 01/22/2020 - 16:30:23: "killer boss<15><STEAM_1:0:280969512><TERRORIST>" triggered "Spawned_With_The_Bomb"
L 01/22/2020 - 16:30:24: World triggered "Round_Start"
L 01/22/2020 - 16:30:43: "killer boss<15><STEAM_1:0:280969512><TERRORIST>" killed "jesse_pinkman<14><STEAM_1:0:1973059967><CT>" with "m4a1"
L 01/22/2020 - 16:30:51: "killer boss<15><STEAM_1:0:280969512><TERRORIST>" killed "CTR | Zombie =)<16><STEAM_2:0:1214014100><CT>" with "m4a1"
L 01/22/2020 - 16:30:51: Team "TERRORIST" triggered "Terrorists_Win" (CT "0") (T "2")
L 01/22/2020 - 16:30:51: World triggered "Round_End"
L 01/22/2020 - 16:30:56: "killer boss<15><STEAM_1:0:280969512><TERRORIST>" triggered "Spawned_With_The_Bomb"
L 01/22/2020 - 16:30:57: World triggered "Round_Start"
L 01/22/2020 - 16:31:33: "killer boss<15><STEAM_1:0:280969512><TERRORIST>" killed "jesse_pinkman<14><STEAM_1:0:1973059967><CT>" with "mac10"
L 01/22/2020 - 16:32:55: "killer boss<15><STEAM_1:0:280969512><TERRORIST>" killed "CTR | Zombie =)<16><STEAM_2:0:1214014100><CT>" with "mac10"
L 01/22/2020 - 16:32:55: Team "TERRORIST" triggered "Terrorists_Win" (CT "0") (T "3")
L 01/22/2020 - 16:32:55: World triggered "Round_End"
L 01/22/2020 - 16:33:01: World triggered "Round_Start"
L 01/22/2020 - 16:33:26: "jesse_pinkman<14><STEAM_1:0:1973059967><CT>" killed "killer boss<15><STEAM_1:0:280969512><TERRORIST>" with "m4a1"
L 01/22/2020 - 16:33:26: Team "CT" triggered "CTs_Win" (CT "1") (T "3")
L 01/22/2020 - 16:33:26: World triggered "Round_End"
L 01/22/2020 - 16:33:31: "killer boss<15><STEAM_1:0:280969512><TERRORIST>" triggered "Spawned_With_The_Bomb"
L 01/22/2020 - 16:33:32: World triggered "Round_Start"
L 01/22/2020 - 16:33:49: "jesse_pinkman<14><STEAM_1:0:1973059967><CT>" killed "killer boss<15><STEAM_1:0:280969512><TERRORIST>" with "m4a1"
L 01/22/2020 - 16:33:49: Team "CT" triggered "CTs_Win" (CT "2") (T "3")
L 01/22/2020 - 16:33:49: World triggered "Round_End"
L 01/22/2020 - 16:33:54: "killer boss<15><STEAM_1:0:280969512><TERRORIST>" triggered "Spawned_With_The_Bomb"
L 01/22/2020 - 16:33:55: World triggered "Round_Start"
L 01/22/2020 - 16:34:08: "killer boss<15><STEAM_1:0:280969512><TERRORIST>" killed "jesse_pinkman<14><STEAM_1:0:1973059967><CT>" with "ak47"
L 01/22/2020 - 16:34:22: "CTR | Zombie =)<16><STEAM_2:0:1214014100><CT>" killed "killer boss<15><STEAM_1:0:280969512><TERRORIST>" with "sg550"
L 01/22/2020 - 16:34:22: Team "CT" triggered "CTs_Win" (CT "3") (T "3")
L 01/22/2020 - 16:34:22: World triggered "Round_End"
L 01/22/2020 - 16:34:27: "killer boss<15><STEAM_1:0:280969512><TERRORIST>" triggered "Spawned_With_The_Bomb"
L 01/22/2020 - 16:34:28: World triggered "Round_Start"
L 01/22/2020 - 16:34:42: "jesse_pinkman<14><STEAM_1:0:1973059967><CT>" killed "killer boss<15><STEAM_1:0:280969512><TERRORIST>" with "m4a1"
L 01/22/2020 - 16:34:42: Team "CT" triggered "CTs_Win" (CT "4") (T "3")
L 01/22/2020 - 16:34:42: World triggered "Round_End"
L 01/22/2020 - 16:34:47: "killer boss<15><STEAM_1:0:280969512><TERRORIST>" triggered "Spawned_With_The_Bomb"
L 01/22/2020 - 16:34:48: World triggered "Round_Start"
L 01/22/2020 - 16:35:02: "jesse_pinkman<14><STEAM_1:0:1973059967><CT>" killed "killer boss<15><STEAM_1:0:280969512><TERRORIST>" with "m4a1"
L 01/22/2020 - 16:35:02: Team "CT" triggered "CTs_Win" (CT "5") (T "3")
L 01/22/2020 - 16:35:02: World triggered "Round_End"
L 01/22/2020 - 16:35:07: "killer boss<15><STEAM_1:0:280969512><TERRORIST>" triggered "Spawned_With_The_Bomb"
L 01/22/2020 - 16:35:08: World triggered "Round_Start"
L 01/22/2020 - 16:35:28: "jesse_pinkman<14><STEAM_1:0:1973059967><CT>" killed "killer boss<15><STEAM_1:0:280969512><TERRORIST>" with "tracktrain"
L 01/22/2020 - 16:35:28: Team "CT" triggered "CTs_Win" (CT "6") (T "3")
L 01/22/2020 - 16:35:28: World triggered "Round_End"
L 01/22/2020 - 16:35:33: "killer boss<15><STEAM_1:0:280969512><TERRORIST>" triggered "Spawned_With_The_Bomb"
L 01/22/2020 - 16:35:34: World triggered "Round_Start"
L 01/22/2020 - 16:35:45: "killer boss<15><STEAM_1:0:280969512><TERRORIST>" killed "jesse_pinkman<14><STEAM_1:0:1973059967><CT>" with "ak47"
L 01/22/2020 - 16:35:52: "CTR | Zombie =)<16><STEAM_2:0:1214014100><CT>" killed "killer boss<15><STEAM_1:0:280969512><TERRORIST>" with "tmp"
L 01/22/2020 - 16:35:52: Team "CT" triggered "CTs_Win" (CT "7") (T "3")
L 01/22/2020 - 16:35:52: World triggered "Round_End"
L 01/22/2020 - 16:35:57: "killer boss<15><STEAM_1:0:280969512><TERRORIST>" triggered "Spawned_With_The_Bomb"
L 01/22/2020 - 16:35:58: World triggered "Round_Start"
L 01/22/2020 - 16:36:05: "killer boss<15><STEAM_1:0:280969512><TERRORIST>" triggered "Dropped_The_Bomb"
L 01/22/2020 - 16:36:05: "killer boss<15><STEAM_1:0:280969512><TERRORIST>" disconnected
L 01/22/2020 - 16:36:09: "jesse_pinkman<14><STEAM_1:0:1973059967><CT>" committed suicide with "world"
L 01/22/2020 - 16:36:09: "jesse_pinkman<14><STEAM_1:0:1973059967><CT>" joined team "TERRORIST"
L 01/22/2020 - 16:36:09: World triggered "Game_Commencing"
L 01/22/2020 - 16:36:09: World triggered "Game_Commencing" (CT "7") (T "3")
L 01/22/2020 - 16:36:09: World triggered "Round_End"
L 01/22/2020 - 16:36:12: "jesse_pinkman<14><STEAM_1:0:1973059967><TERRORIST>" triggered "Spawned_With_The_Bomb"
L 01/22/2020 - 16:36:13: World triggered "Round_Start"
L 01/22/2020 - 16:36:29: "CTR | Zombie =)<16><STEAM_2:0:1214014100><CT>" disconnected
L 01/22/2020 - 16:36:38: "jesse_pinkman<14><STEAM_1:0:1973059967><TERRORIST>" triggered "Planted_The_Bomb"
L 01/22/2020 - 16:37:05: "jesse_pinkman<14><STEAM_1:0:1973059967><TERRORIST>" disconnected
L 01/22/2020 - 16:37:05: World triggered "Round_Draw" (CT "0") (T "0")
L 01/22/2020 - 16:37:05: World triggered "Round_End"
L 01/22/2020 - 16:37:11: World triggered "Round_Start"
L 01/22/2020 - 16:38:37: [REUNION]: jesse_pinkman (91.148.164.81) authorized as RevEmu
L 01/22/2020 - 16:38:37: "jesse_pinkman<17><STEAM_1:0:1973059967><>" connected, address "91.148.164.81:27005"
L 01/22/2020 - 16:38:43: "jesse_pinkman<17><STEAM_1:0:1973059967><>" entered the game
L 01/22/2020 - 16:38:52: "jesse_pinkman<17><STEAM_1:0:1973059967><>" disconnected
L 01/22/2020 - 16:38:52: World triggered "Round_Draw" (CT "0") (T "0")
L 01/22/2020 - 16:38:52: World triggered "Round_End"
L 01/22/2020 - 16:38:58: World triggered "Round_Start"
L 01/22/2020 - 16:41:16: Team "CT" triggered "Target_Saved" (CT "0") (T "0")
L 01/22/2020 - 16:41:16: World triggered "Round_End"
L 01/22/2020 - 16:41:22: World triggered "Round_Start"
L 01/22/2020 - 16:42:48: [REUNION]: killer boss (149.62.202.180) authorized as RevEmu
L 01/22/2020 - 16:42:48: "killer boss<18><STEAM_1:0:280969512><>" connected, address "149.62.202.180:32293"
L 01/22/2020 - 16:42:53: "killer boss<18><STEAM_1:0:280969512><>" entered the game
L 01/22/2020 - 16:43:05: "killer boss<18><STEAM_1:0:280969512><>" disconnected
L 01/22/2020 - 16:43:05: World triggered "Round_Draw" (CT "0") (T "0")
L 01/22/2020 - 16:43:05: World triggered "Round_End"
L 01/22/2020 - 16:43:11: World triggered "Round_Start"
L 01/22/2020 - 16:45:29: Team "CT" triggered "Target_Saved" (CT "0") (T "0")
L 01/22/2020 - 16:45:29: World triggered "Round_End"
L 01/22/2020 - 16:45:35: World triggered "Round_Start"
L 01/22/2020 - 16:47:53: Team "CT" triggered "Target_Saved" (CT "0") (T "0")
L 01/22/2020 - 16:47:53: World triggered "Round_End"
L 01/22/2020 - 16:47:59: World triggered "Round_Start"
L 01/22/2020 - 16:50:17: Team "CT" triggered "Target_Saved" (CT "0") (T "0")
L 01/22/2020 - 16:50:17: World triggered "Round_End"
L 01/22/2020 - 16:50:23: World triggered "Round_Start"
L 01/22/2020 - 16:52:41: Team "CT" triggered "Target_Saved" (CT "0") (T "0")
L 01/22/2020 - 16:52:41: World triggered "Round_End"
L 01/22/2020 - 16:52:47: World triggered "Round_Start"
L 01/22/2020 - 16:55:05: Team "CT" triggered "Target_Saved" (CT "0") (T "0")
L 01/22/2020 - 16:55:05: World triggered "Round_End"
L 01/22/2020 - 16:55:11: World triggered "Round_Start"
L 01/22/2020 - 16:56:12: Server cvar "mp_chattime" = "12.000000"
L 01/22/2020 - 16:56:12: Server cvar "amx_nextmap" = "awesome_cars"
L 01/22/2020 - 16:56:12: Team "CT" scored "0" with "0" players
L 01/22/2020 - 16:56:12: Team "TERRORIST" scored "0" with "0" players
L 01/22/2020 - 16:56:22: Server cvar "mp_chattime" = "10.000000"
L 01/22/2020 - 16:56:22: [META] ini: Begin re-reading plugins list: /home/rented/public9/cstrike/addons/metamod/plugins.ini
L 01/22/2020 - 16:56:22: [META] ini: Read plugin config for: SafeNameAndChat
L 01/22/2020 - 16:56:22: [META] ini: Read plugin config for: AMX Mod X
L 01/22/2020 - 16:56:22: [META] ini: Read plugin config for: Reunion
L 01/22/2020 - 16:56:22: [META] ini: Read plugin config for: ReAuthCheck
L 01/22/2020 - 16:56:22: [META] ini: Read plugin config for: WHBlocker
L 01/22/2020 - 16:56:22: [META] ini: Read plugin config for: ReSemiclip
L 01/22/2020 - 16:56:22: [META] ini: Read plugin config for: Revoice
L 01/22/2020 - 16:56:22: [META] ini: Finished reading plugins list: /home/rented/public9/cstrike/addons/metamod/plugins.ini; Found 7 plugins
L 01/22/2020 - 16:56:22: [META] dll: Updating plugins...
L 01/22/2020 - 16:56:22: [META] WARNING: Cannot clear plugin 'SafeNameAndChat'; not marked as failed, empty, or open (status=valid)
L 01/22/2020 - 16:56:22: [META] dll: Unloaded plugin 'SafeNameAndChat' for reason 'file on disk is newer'
L 01/22/2020 - 16:56:22: [META] dll: Loaded plugin 'SafeNameAndChat': SafeNameAndChat v1.1 2017.02.01, WPMG.PRoSToC0der
L 01/22/2020 - 16:56:22: [META] WARNING: Cannot clear plugin 'WHBlocker'; not marked as failed, empty, or open (status=valid)
L 01/22/2020 - 16:56:22: [META] dll: Unloaded plugin 'WHBlocker' for reason 'file on disk is newer'
L 01/22/2020 - 16:56:22: [META] dll: Loaded plugin 'WHBlocker': WHBlocker v1.5.692 2017-04-13, s1lent
L 01/22/2020 - 16:56:22: [META] WARNING: Cannot clear plugin 'ReSemiclip'; not marked as failed, empty, or open (status=valid)
L 01/22/2020 - 16:56:22: [META] dll: Unloaded plugin 'ReSemiclip' for reason 'file on disk is newer'
L 01/22/2020 - 16:56:22: [META] dll: Loaded plugin 'ReSemiclip': ReSemiclip v2.3.9 13/02/17, s1lent & Adidasman
L 01/22/2020 - 16:56:22: [META] dll: Finished updating 14 plugins; kept 0, loaded 0, unloaded 0, reloaded 3, delayed 0
L 01/22/2020 - 16:56:22: Log file closed
