L 01/25/2020 - 00:31:11: Log file started (file "logs/L0125002.log") (game "cstrike") (version "48/1.1.2.7/Stdio/1621")
L 01/25/2020 - 00:31:11: Loading map "de_airninja"
L 01/25/2020 - 00:31:11: Server cvars start
L 01/25/2020 - 00:31:11: Server cvar "@BunnyHopper" = "3.x"
L 01/25/2020 - 00:31:11: Server cvar "@CRXGoSpec" = "1.1"
L 01/25/2020 - 00:31:11: Server cvar "@CRXRemoveImmunity" = "1.0"
L 01/25/2020 - 00:31:11: Server cvar "@D.I.C.E." = "1.1"
L 01/25/2020 - 00:31:11: Server cvar "@MOTDCommands" = "1.2"
L 01/25/2020 - 00:31:11: Server cvar "advanced_quake_sounds" = "5.0"
L 01/25/2020 - 00:31:11: Server cvar "AdvancedMute" = "1.0"
L 01/25/2020 - 00:31:11: Server cvar "aesp_version" = "1.3"
L 01/25/2020 - 00:31:11: Server cvar "allow_spectators" = "1.0"
L 01/25/2020 - 00:31:11: Server cvar "amx_client_languages" = "1"
L 01/25/2020 - 00:31:11: Server cvar "amx_language" = "en"
L 01/25/2020 - 00:31:11: Server cvar "amx_nextmap" = "de_airninja"
L 01/25/2020 - 00:31:11: Server cvar "amx_ptb_version" = "1.8b3"
L 01/25/2020 - 00:31:11: Server cvar "amx_timeleft" = "11:33"
L 01/25/2020 - 00:31:11: Server cvar "amxmodx_version" = "1.8.2"
L 01/25/2020 - 00:31:11: Server cvar "amxxbg_vip" = "1.0"
L 01/25/2020 - 00:31:11: Server cvar "asp_version" = "4.5.1"
L 01/25/2020 - 00:31:11: Server cvar "atac_version" = "3.0.1"
L 01/25/2020 - 00:31:11: Server cvar "badcamper_version" = "1.4 beta"
L 01/25/2020 - 00:31:11: Server cvar "blockmaker" = "4.01"
L 01/25/2020 - 00:31:11: Server cvar "c4 timer" = "1.1"
L 01/25/2020 - 00:31:11: Server cvar "coop" = "0"
L 01/25/2020 - 00:31:11: Server cvar "CRXAdminGroups" = "1.0"
L 01/25/2020 - 00:31:11: Server cvar "CRXCommandRestrictions" = "1.0"
L 01/25/2020 - 00:31:11: Server cvar "CRXFastKnife" = "1.0"
L 01/25/2020 - 00:31:11: Server cvar "CRXGametracker" = "2.0"
L 01/25/2020 - 00:31:11: Server cvar "CRXKnifeModels" = "2.5.7"
L 01/25/2020 - 00:31:11: Server cvar "CRXTeamAdvantage" = "1.0"
L 01/25/2020 - 00:31:11: Server cvar "CustomShop" = "4.2"
L 01/25/2020 - 00:31:11: Server cvar "deathmatch" = "1"
L 01/25/2020 - 00:31:11: Server cvar "decalfrequency" = "0"
L 01/25/2020 - 00:31:11: Server cvar "edgefriction" = "2"
L 01/25/2020 - 00:31:11: Server cvar "ers_version" = "2.3c"
L 01/25/2020 - 00:31:11: Server cvar "gagsystem_shoko" = "1.0"
L 01/25/2020 - 00:31:11: Server cvar "gal_mapcyclefile" = "mapcycle.txt"
L 01/25/2020 - 00:31:11: Server cvar "gal_version" = "v5.9.1-926"
L 01/25/2020 - 00:31:11: Server cvar "game_version" = "5.7.0.313-dev"
L 01/25/2020 - 00:31:11: Server cvar "humans_join_team" = "any"
L 01/25/2020 - 00:31:11: Server cvar "jtp10181" = "chute,gore"
L 01/25/2020 - 00:31:11: Server cvar "lawliet" = "ny_RainingSnow"
L 01/25/2020 - 00:31:11: Server cvar "LetitSnow" = "1.0"
L 01/25/2020 - 00:31:11: Server cvar "map_spawns" = "T(16) CT(16)"
L 01/25/2020 - 00:31:11: Server cvar "max_queries_sec" = "3"
L 01/25/2020 - 00:31:11: Server cvar "max_queries_sec_global" = "150"
L 01/25/2020 - 00:31:11: Server cvar "max_queries_window" = "60"
L 01/25/2020 - 00:31:11: Server cvar "mdbBans" = "4.8"
L 01/25/2020 - 00:31:11: Server cvar "metamod_version" = "1.21p37"
L 01/25/2020 - 00:31:11: Server cvar "mp_autokick" = "0"
L 01/25/2020 - 00:31:11: Server cvar "mp_autokick_timeout" = "-1"
L 01/25/2020 - 00:31:11: Server cvar "mp_autoteambalance" = "0"
L 01/25/2020 - 00:31:11: Server cvar "mp_buytime" = "0.25"
L 01/25/2020 - 00:31:11: Server cvar "mp_c4timer" = "35"
L 01/25/2020 - 00:31:11: Server cvar "mp_chattime" = "5.000000"
L 01/25/2020 - 00:31:11: Server cvar "mp_consistency" = "1"
L 01/25/2020 - 00:31:11: Server cvar "mp_fadetoblack" = "0"
L 01/25/2020 - 00:31:11: Server cvar "mp_flashlight" = "1"
L 01/25/2020 - 00:31:11: Server cvar "mp_footsteps" = "1"
L 01/25/2020 - 00:31:11: Server cvar "mp_forcecamera" = "0"
L 01/25/2020 - 00:31:11: Server cvar "mp_forcechasecam" = "0"
L 01/25/2020 - 00:31:11: Server cvar "mp_forcerespawn" = "0"
L 01/25/2020 - 00:31:11: Server cvar "mp_fraglimit" = "0"
L 01/25/2020 - 00:31:11: Server cvar "mp_fragsleft" = "0"
L 01/25/2020 - 00:31:11: Server cvar "mp_freeforall" = "0"
L 01/25/2020 - 00:31:11: Server cvar "mp_freezetime" = "1"
L 01/25/2020 - 00:31:11: Server cvar "mp_friendlyfire" = "0"
L 01/25/2020 - 00:31:11: Server cvar "mp_hostage_hurtable" = "1"
L 01/25/2020 - 00:31:11: Server cvar "mp_hostagepenalty" = "0"
L 01/25/2020 - 00:31:11: Server cvar "mp_item_staytime" = "300"
L 01/25/2020 - 00:31:11: Server cvar "mp_kickpercent" = "0.66"
L 01/25/2020 - 00:31:11: Server cvar "mp_legacy_bombtarget_touch" = "1"
L 01/25/2020 - 00:31:11: Server cvar "mp_limitteams" = "0"
L 01/25/2020 - 00:31:11: Server cvar "mp_logdetail" = "0"
L 01/25/2020 - 00:31:11: Server cvar "mp_logfile" = "1"
L 01/25/2020 - 00:31:11: Server cvar "mp_logmessages" = "1"
L 01/25/2020 - 00:31:11: Server cvar "mp_mapvoteratio" = "0.66"
L 01/25/2020 - 00:31:11: Server cvar "mp_maxmoney" = "999999"
L 01/25/2020 - 00:31:11: Server cvar "mp_maxrounds" = "0"
L 01/25/2020 - 00:31:11: Server cvar "mp_mirrordamage" = "0"
L 01/25/2020 - 00:31:11: Server cvar "mp_old_bomb_defused_sound" = "1"
L 01/25/2020 - 00:31:11: Server cvar "mp_playerid" = "0"
L 01/25/2020 - 00:31:11: Server cvar "mp_respawn_immunitytime" = "0"
L 01/25/2020 - 00:31:11: Server cvar "mp_round_infinite" = "0"
L 01/25/2020 - 00:31:11: Server cvar "mp_round_restart_delay" = "5"
L 01/25/2020 - 00:31:11: Server cvar "mp_roundover" = "0"
L 01/25/2020 - 00:31:11: Server cvar "mp_roundtime" = "2.3"
L 01/25/2020 - 00:31:11: Server cvar "mp_show_radioicon" = "1"
L 01/25/2020 - 00:31:11: Server cvar "mp_startmoney" = "850"
L 01/25/2020 - 00:31:11: Server cvar "mp_timeleft" = "11:33"
L 01/25/2020 - 00:31:11: Server cvar "mp_timelimit" = "20"
L 01/25/2020 - 00:31:11: Server cvar "mp_tkpunish" = "0"
L 01/25/2020 - 00:31:11: Server cvar "mp_windifference" = "1"
L 01/25/2020 - 00:31:11: Server cvar "mp_winlimit" = "0"
L 01/25/2020 - 00:31:11: Server cvar "NoWeaponsOnGround" = "1.0"
L 01/25/2020 - 00:31:11: Server cvar "pausable" = "0"
L 01/25/2020 - 00:31:11: Server cvar "present_version" = "2.01"
L 01/25/2020 - 00:31:11: Server cvar "RandomHP" = "2.2"
L 01/25/2020 - 00:31:11: Server cvar "reauthcheck_version" = "0.1.6"
L 01/25/2020 - 00:31:11: Server cvar "reconnect_features" = "0.3.1"
L 01/25/2020 - 00:31:11: Server cvar "report_system_version" = "3.1"
L 01/25/2020 - 00:31:11: Server cvar "resemiclip_version" = "2.3.9"
L 01/25/2020 - 00:31:11: Server cvar "reu_version" = "0.1.0.130"
L 01/25/2020 - 00:31:11: Server cvar "revoice_version" = "0.1.0.30"
L 01/25/2020 - 00:31:11: Server cvar "RRWM" = "2.0"
L 01/25/2020 - 00:31:11: Server cvar "sanksounds_version" = "1.8.6"
L 01/25/2020 - 00:31:11: Server cvar "SimpleMenu" = "1.1"
L 01/25/2020 - 00:31:11: Server cvar "SNAC_Version" = "1.1"
L 01/25/2020 - 00:31:11: Server cvar "SpecList" = "1.2a"
L 01/25/2020 - 00:31:11: Server cvar "sr_version" = "1.6"
L 01/25/2020 - 00:31:11: Server cvar "statsx_shell_ver" = "2.0.0 (BETA)"
L 01/25/2020 - 00:31:11: Server cvar "StyleC4Timer" = "2.1"
L 01/25/2020 - 00:31:11: Server cvar "sv_accelerate" = "5"
L 01/25/2020 - 00:31:11: Server cvar "sv_aim" = "1"
L 01/25/2020 - 00:31:11: Server cvar "sv_airaccelerate" = "100"
L 01/25/2020 - 00:31:11: Server cvar "sv_allowupload" = "1"
L 01/25/2020 - 00:31:11: Server cvar "sv_alltalk" = "1"
L 01/25/2020 - 00:31:11: Server cvar "sv_bounce" = "1"
L 01/25/2020 - 00:31:11: Server cvar "sv_cheats" = "0"
L 01/25/2020 - 00:31:11: Server cvar "sv_clienttrace" = "1"
L 01/25/2020 - 00:31:11: Server cvar "sv_contact" = "feruchio599@gmail.com"
L 01/25/2020 - 00:31:11: Server cvar "sv_friction" = "4"
L 01/25/2020 - 00:31:11: Server cvar "sv_gravity" = "800"
L 01/25/2020 - 00:31:11: Server cvar "sv_logblocks" = "0"
L 01/25/2020 - 00:31:11: Server cvar "sv_maxrate" = "50000"
L 01/25/2020 - 00:31:11: Server cvar "sv_maxspeed" = "900.000000"
L 01/25/2020 - 00:31:11: Server cvar "sv_minrate" = "10000"
L 01/25/2020 - 00:31:11: Server cvar "sv_password" = ""
L 01/25/2020 - 00:31:11: Server cvar "sv_proxies" = "1"
L 01/25/2020 - 00:31:11: Server cvar "sv_restart" = "0"
L 01/25/2020 - 00:31:11: Server cvar "sv_restartround" = "0"
L 01/25/2020 - 00:31:11: Server cvar "sv_stepsize" = "18"
L 01/25/2020 - 00:31:11: Server cvar "sv_stopspeed" = "75"
L 01/25/2020 - 00:31:11: Server cvar "sv_uploadmax" = "0.5"
L 01/25/2020 - 00:31:11: Server cvar "sv_version" = "1.1.2.7/Stdio,48,1621"
L 01/25/2020 - 00:31:11: Server cvar "sv_voiceenable" = "1"
L 01/25/2020 - 00:31:11: Server cvar "sv_wateraccelerate" = "10"
L 01/25/2020 - 00:31:11: Server cvar "sv_waterfriction" = "1"
L 01/25/2020 - 00:31:11: Server cvar "Team_Semiclip_version" = "3.3.1"
L 01/25/2020 - 00:31:11: Server cvar "vehicle_real_killer" = "1.1"
L 01/25/2020 - 00:31:11: Server cvar "WalkGuard" = "1.3.2"
L 01/25/2020 - 00:31:11: Server cvar "we_grenades" = "Huehue"
L 01/25/2020 - 00:31:11: Server cvar "we_player_models" = "Huehue"
L 01/25/2020 - 00:31:11: Server cvar "whb_version" = "1.5.692"
L 01/25/2020 - 00:31:11: Server cvar "zp_jp_version" = "Extra Item Jetpack+Bazooka v3.2"
L 01/25/2020 - 00:31:11: Server cvars end
L 01/25/2020 - 00:31:13: Server cvar "sv_maxspeed" = "900"
L 01/25/2020 - 00:31:13: Server cvar "mp_autoteambalance" = "1"
L 01/25/2020 - 00:31:14: Server cvar "mp_autoteambalance" = "0"
L 01/25/2020 - 00:31:14: Server cvar "amx_nextmap" = "[not yet voted on]"
L 01/25/2020 - 00:31:15: Started map "de_airninja" (CRC "1948477588")
L 01/25/2020 - 00:31:17: World triggered "Round_Start"
L 01/25/2020 - 00:31:19: [REUNION]: jesse_pinkman (91.148.164.81) authorized as RevEmu
L 01/25/2020 - 00:31:19: "jesse_pinkman<109><STEAM_1:0:1973059967><>" connected, address "91.148.164.81:27005"
L 01/25/2020 - 00:31:19: ".＃TrueGaming l $cotty<108><STEAM_1:1:794573339><>" entered the game
L 01/25/2020 - 00:31:21: ".＃TrueGaming l MoWa<101><STEAM_1:0:1304638082><>" entered the game
L 01/25/2020 - 00:31:22: ".＃TrueGaming l MoWa<101><STEAM_1:0:1304638082><>" joined team "CT"
L 01/25/2020 - 00:31:24: ".＃TrueGaming l $cotty<108><STEAM_1:1:794573339><>" joined team "TERRORIST"
L 01/25/2020 - 00:31:25: World triggered "Game_Commencing"
L 01/25/2020 - 00:31:25: World triggered "Game_Commencing" (CT "0") (T "0")
L 01/25/2020 - 00:31:25: World triggered "Round_End"
L 01/25/2020 - 00:31:25: "jesse_pinkman<109><STEAM_1:0:1973059967><>" entered the game
L 01/25/2020 - 00:31:28: ".＃TrueGaming l $cotty<108><STEAM_1:1:794573339><TERRORIST>" triggered "Spawned_With_The_Bomb"
L 01/25/2020 - 00:31:29: World triggered "Round_Start"
L 01/25/2020 - 00:31:30: "jesse_pinkman<109><STEAM_1:0:1973059967><>" joined team "TERRORIST"
L 01/25/2020 - 00:31:54: ".＃TrueGaming l MoWa<101><STEAM_1:0:1304638082><CT>" killed "jesse_pinkman<109><STEAM_1:0:1973059967><TERRORIST>" with "usp"
L 01/25/2020 - 00:31:57: ".＃TrueGaming l $cotty<108><STEAM_1:1:794573339><TERRORIST>" killed ".＃TrueGaming l MoWa<101><STEAM_1:0:1304638082><CT>" with "deagle"
L 01/25/2020 - 00:31:57: Team "TERRORIST" triggered "Terrorists_Win" (CT "0") (T "1")
L 01/25/2020 - 00:31:57: World triggered "Round_End"
L 01/25/2020 - 00:32:02: ".＃TrueGaming l $cotty<108><STEAM_1:1:794573339><TERRORIST>" triggered "Spawned_With_The_Bomb"
L 01/25/2020 - 00:32:03: World triggered "Round_Start"
L 01/25/2020 - 00:32:15: ".＃TrueGaming l $cotty<108><STEAM_1:1:794573339><TERRORIST>" killed ".＃TrueGaming l MoWa<101><STEAM_1:0:1304638082><CT>" with "sg552"
L 01/25/2020 - 00:32:15: Team "TERRORIST" triggered "Terrorists_Win" (CT "0") (T "2")
L 01/25/2020 - 00:32:15: World triggered "Round_End"
L 01/25/2020 - 00:32:20: "jesse_pinkman<109><STEAM_1:0:1973059967><TERRORIST>" triggered "Spawned_With_The_Bomb"
L 01/25/2020 - 00:32:21: World triggered "Round_Start"
L 01/25/2020 - 00:32:44: ".＃TrueGaming l $cotty<108><STEAM_1:1:794573339><TERRORIST>" killed ".＃TrueGaming l MoWa<101><STEAM_1:0:1304638082><CT>" with "sg552"
L 01/25/2020 - 00:32:44: Team "TERRORIST" triggered "Terrorists_Win" (CT "0") (T "3")
L 01/25/2020 - 00:32:44: World triggered "Round_End"
L 01/25/2020 - 00:32:49: ".＃TrueGaming l $cotty<108><STEAM_1:1:794573339><TERRORIST>" triggered "Spawned_With_The_Bomb"
L 01/25/2020 - 00:32:50: World triggered "Round_Start"
L 01/25/2020 - 00:33:07: "jesse_pinkman<109><STEAM_1:0:1973059967><TERRORIST>" committed suicide with "worldspawn" (world)
L 01/25/2020 - 00:33:08: "jesse_pinkman<109><STEAM_1:0:1973059967><TERRORIST>" joined team "CT"
L 01/25/2020 - 00:33:20: ".＃TrueGaming l $cotty<108><STEAM_1:1:794573339><TERRORIST>" killed ".＃TrueGaming l MoWa<101><STEAM_1:0:1304638082><CT>" with "sg552"
L 01/25/2020 - 00:33:20: Team "TERRORIST" triggered "Terrorists_Win" (CT "0") (T "4")
L 01/25/2020 - 00:33:20: World triggered "Round_End"
L 01/25/2020 - 00:33:25: ".＃TrueGaming l $cotty<108><STEAM_1:1:794573339><TERRORIST>" triggered "Spawned_With_The_Bomb"
L 01/25/2020 - 00:33:26: World triggered "Round_Start"
L 01/25/2020 - 00:33:45: ".＃TrueGaming l $cotty<108><STEAM_1:1:794573339><TERRORIST>" killed ".＃TrueGaming l MoWa<101><STEAM_1:0:1304638082><CT>" with "sg552"
L 01/25/2020 - 00:34:05: "jesse_pinkman<109><STEAM_1:0:1973059967><CT>" killed ".＃TrueGaming l $cotty<108><STEAM_1:1:794573339><TERRORIST>" with "m4a1"
L 01/25/2020 - 00:34:05: Team "CT" triggered "CTs_Win" (CT "1") (T "4")
L 01/25/2020 - 00:34:05: World triggered "Round_End"
L 01/25/2020 - 00:34:10: ".＃TrueGaming l $cotty<108><STEAM_1:1:794573339><TERRORIST>" triggered "Spawned_With_The_Bomb"
L 01/25/2020 - 00:34:11: World triggered "Round_Start"
L 01/25/2020 - 00:34:43: ".＃TrueGaming l MoWa<101><STEAM_1:0:1304638082><CT>" killed ".＃TrueGaming l $cotty<108><STEAM_1:1:794573339><TERRORIST>" with "scout"
L 01/25/2020 - 00:34:43: Team "CT" triggered "CTs_Win" (CT "2") (T "4")
L 01/25/2020 - 00:34:43: World triggered "Round_End"
L 01/25/2020 - 00:34:48: ".＃TrueGaming l $cotty<108><STEAM_1:1:794573339><TERRORIST>" triggered "Spawned_With_The_Bomb"
L 01/25/2020 - 00:34:49: World triggered "Round_Start"
L 01/25/2020 - 00:35:09: ".＃TrueGaming l MoWa<101><STEAM_1:0:1304638082><CT>" killed ".＃TrueGaming l $cotty<108><STEAM_1:1:794573339><TERRORIST>" with "m4a1"
L 01/25/2020 - 00:35:09: Team "CT" triggered "CTs_Win" (CT "3") (T "4")
L 01/25/2020 - 00:35:09: World triggered "Round_End"
L 01/25/2020 - 00:35:14: ".＃TrueGaming l $cotty<108><STEAM_1:1:794573339><TERRORIST>" triggered "Spawned_With_The_Bomb"
L 01/25/2020 - 00:35:15: World triggered "Round_Start"
L 01/25/2020 - 00:35:37: ".＃TrueGaming l $cotty<108><STEAM_1:1:794573339><TERRORIST>" killed ".＃TrueGaming l MoWa<101><STEAM_1:0:1304638082><CT>" with "sg552"
L 01/25/2020 - 00:36:29: ".＃TrueGaming l $cotty<108><STEAM_1:1:794573339><TERRORIST>" killed "jesse_pinkman<109><STEAM_1:0:1973059967><CT>" with "knife"
L 01/25/2020 - 00:36:29: Team "TERRORIST" triggered "Terrorists_Win" (CT "3") (T "5")
L 01/25/2020 - 00:36:29: World triggered "Round_End"
L 01/25/2020 - 00:36:34: ".＃TrueGaming l $cotty<108><STEAM_1:1:794573339><TERRORIST>" triggered "Spawned_With_The_Bomb"
L 01/25/2020 - 00:36:35: World triggered "Round_Start"
L 01/25/2020 - 00:37:16: ".＃TrueGaming l $cotty<108><STEAM_1:1:794573339><TERRORIST>" triggered "Planted_The_Bomb"
L 01/25/2020 - 00:37:33: ".＃TrueGaming l MoWa<101><STEAM_1:0:1304638082><CT>" killed ".＃TrueGaming l $cotty<108><STEAM_1:1:794573339><TERRORIST>" with "deagle"
L 01/25/2020 - 00:37:36: ".＃TrueGaming l MoWa<101><STEAM_1:0:1304638082><CT>" triggered "Begin_Bomb_Defuse_Without_Kit"
L 01/25/2020 - 00:37:46: ".＃TrueGaming l MoWa<101><STEAM_1:0:1304638082><CT>" triggered "Defused_The_Bomb"
L 01/25/2020 - 00:37:46: Team "CT" triggered "Bomb_Defused" (CT "4") (T "5")
L 01/25/2020 - 00:37:46: World triggered "Round_End"
L 01/25/2020 - 00:37:51: ".＃TrueGaming l $cotty<108><STEAM_1:1:794573339><TERRORIST>" triggered "Spawned_With_The_Bomb"
L 01/25/2020 - 00:37:52: World triggered "Round_Start"
L 01/25/2020 - 00:38:14: ".＃TrueGaming l MoWa<101><STEAM_1:0:1304638082><CT>" killed ".＃TrueGaming l $cotty<108><STEAM_1:1:794573339><TERRORIST>" with "m4a1"
L 01/25/2020 - 00:38:14: Team "CT" triggered "CTs_Win" (CT "5") (T "5")
L 01/25/2020 - 00:38:14: World triggered "Round_End"
L 01/25/2020 - 00:38:19: ".＃TrueGaming l $cotty<108><STEAM_1:1:794573339><TERRORIST>" triggered "Spawned_With_The_Bomb"
L 01/25/2020 - 00:38:20: World triggered "Round_Start"
L 01/25/2020 - 00:38:36: ".＃TrueGaming l $cotty<108><STEAM_1:1:794573339><TERRORIST>" killed ".＃TrueGaming l MoWa<101><STEAM_1:0:1304638082><CT>" with "sg552"
L 01/25/2020 - 00:38:39: ".＃TrueGaming l $cotty<108><STEAM_1:1:794573339><TERRORIST>" killed "jesse_pinkman<109><STEAM_1:0:1973059967><CT>" with "sg552"
L 01/25/2020 - 00:38:39: Team "TERRORIST" triggered "Terrorists_Win" (CT "5") (T "6")
L 01/25/2020 - 00:38:39: World triggered "Round_End"
L 01/25/2020 - 00:38:44: ".＃TrueGaming l $cotty<108><STEAM_1:1:794573339><TERRORIST>" triggered "Spawned_With_The_Bomb"
L 01/25/2020 - 00:38:45: World triggered "Round_Start"
L 01/25/2020 - 00:38:59: ".＃TrueGaming l MoWa<101><STEAM_1:0:1304638082><CT>" killed ".＃TrueGaming l $cotty<108><STEAM_1:1:794573339><TERRORIST>" with "m4a1"
L 01/25/2020 - 00:38:59: Team "CT" triggered "CTs_Win" (CT "6") (T "6")
L 01/25/2020 - 00:38:59: World triggered "Round_End"
L 01/25/2020 - 00:39:04: ".＃TrueGaming l $cotty<108><STEAM_1:1:794573339><TERRORIST>" triggered "Spawned_With_The_Bomb"
L 01/25/2020 - 00:39:05: World triggered "Round_Start"
L 01/25/2020 - 00:39:41: "jesse_pinkman<109><STEAM_1:0:1973059967><CT>" killed ".＃TrueGaming l $cotty<108><STEAM_1:1:794573339><TERRORIST>" with "m4a1"
L 01/25/2020 - 00:39:41: Team "CT" triggered "CTs_Win" (CT "7") (T "6")
L 01/25/2020 - 00:39:41: World triggered "Round_End"
L 01/25/2020 - 00:39:46: ".＃TrueGaming l $cotty<108><STEAM_1:1:794573339><TERRORIST>" triggered "Spawned_With_The_Bomb"
L 01/25/2020 - 00:39:47: World triggered "Round_Start"
L 01/25/2020 - 00:39:58: ".＃TrueGaming l MoWa<101><STEAM_1:0:1304638082><CT>" killed ".＃TrueGaming l $cotty<108><STEAM_1:1:794573339><TERRORIST>" with "m4a1"
L 01/25/2020 - 00:39:58: Team "CT" triggered "CTs_Win" (CT "8") (T "6")
L 01/25/2020 - 00:39:58: World triggered "Round_End"
L 01/25/2020 - 00:40:03: ".＃TrueGaming l $cotty<108><STEAM_1:1:794573339><TERRORIST>" triggered "Spawned_With_The_Bomb"
L 01/25/2020 - 00:40:04: World triggered "Round_Start"
L 01/25/2020 - 00:40:14: ".＃TrueGaming l $cotty<108><STEAM_1:1:794573339><TERRORIST>" committed suicide with "worldspawn" (world)
L 01/25/2020 - 00:40:14: Team "CT" triggered "CTs_Win" (CT "9") (T "6")
L 01/25/2020 - 00:40:14: World triggered "Round_End"
L 01/25/2020 - 00:40:19: ".＃TrueGaming l $cotty<108><STEAM_1:1:794573339><TERRORIST>" triggered "Spawned_With_The_Bomb"
L 01/25/2020 - 00:40:20: World triggered "Round_Start"
L 01/25/2020 - 00:40:40: ".＃TrueGaming l MoWa<101><STEAM_1:0:1304638082><CT>" killed ".＃TrueGaming l $cotty<108><STEAM_1:1:794573339><TERRORIST>" with "m4a1"
L 01/25/2020 - 00:40:40: Team "CT" triggered "CTs_Win" (CT "10") (T "6")
L 01/25/2020 - 00:40:40: World triggered "Round_End"
L 01/25/2020 - 00:40:45: ".＃TrueGaming l $cotty<108><STEAM_1:1:794573339><TERRORIST>" triggered "Spawned_With_The_Bomb"
L 01/25/2020 - 00:40:46: World triggered "Round_Start"
L 01/25/2020 - 00:40:55: ".＃TrueGaming l $cotty<108><STEAM_1:1:794573339><TERRORIST>" committed suicide with "worldspawn" (world)
L 01/25/2020 - 00:40:55: Team "CT" triggered "CTs_Win" (CT "11") (T "6")
L 01/25/2020 - 00:40:55: World triggered "Round_End"
L 01/25/2020 - 00:41:00: ".＃TrueGaming l $cotty<108><STEAM_1:1:794573339><TERRORIST>" triggered "Spawned_With_The_Bomb"
L 01/25/2020 - 00:41:01: World triggered "Round_Start"
L 01/25/2020 - 00:41:50: ".＃TrueGaming l $cotty<108><STEAM_1:1:794573339><TERRORIST>" killed "jesse_pinkman<109><STEAM_1:0:1973059967><CT>" with "mac10"
L 01/25/2020 - 00:42:15: ".＃TrueGaming l $cotty<108><STEAM_1:1:794573339><TERRORIST>" killed ".＃TrueGaming l MoWa<101><STEAM_1:0:1304638082><CT>" with "mac10"
L 01/25/2020 - 00:42:15: Team "TERRORIST" triggered "Terrorists_Win" (CT "11") (T "7")
L 01/25/2020 - 00:42:15: World triggered "Round_End"
L 01/25/2020 - 00:42:21: World triggered "Round_Start"
L 01/25/2020 - 00:42:42: ".＃TrueGaming l MoWa<101><STEAM_1:0:1304638082><CT>" killed ".＃TrueGaming l $cotty<108><STEAM_1:1:794573339><TERRORIST>" with "m4a1"
L 01/25/2020 - 00:42:42: Team "CT" triggered "CTs_Win" (CT "12") (T "7")
L 01/25/2020 - 00:42:42: World triggered "Round_End"
L 01/25/2020 - 00:42:47: ".＃TrueGaming l $cotty<108><STEAM_1:1:794573339><TERRORIST>" triggered "Spawned_With_The_Bomb"
L 01/25/2020 - 00:42:48: World triggered "Round_Start"
L 01/25/2020 - 00:43:00: ".＃TrueGaming l $cotty<108><STEAM_1:1:794573339><TERRORIST>" killed ".＃TrueGaming l MoWa<101><STEAM_1:0:1304638082><CT>" with "galil"
L 01/25/2020 - 00:43:26: "jesse_pinkman<109><STEAM_1:0:1973059967><CT>" killed ".＃TrueGaming l $cotty<108><STEAM_1:1:794573339><TERRORIST>" with "galil"
L 01/25/2020 - 00:43:26: Team "CT" triggered "CTs_Win" (CT "13") (T "7")
L 01/25/2020 - 00:43:26: World triggered "Round_End"
L 01/25/2020 - 00:43:31: ".＃TrueGaming l $cotty<108><STEAM_1:1:794573339><TERRORIST>" triggered "Spawned_With_The_Bomb"
L 01/25/2020 - 00:43:32: World triggered "Round_Start"
L 01/25/2020 - 00:43:52: ".＃TrueGaming l MoWa<101><STEAM_1:0:1304638082><CT>" killed ".＃TrueGaming l $cotty<108><STEAM_1:1:794573339><TERRORIST>" with "m3"
L 01/25/2020 - 00:43:52: Team "CT" triggered "CTs_Win" (CT "14") (T "7")
L 01/25/2020 - 00:43:52: World triggered "Round_End"
L 01/25/2020 - 00:43:57: ".＃TrueGaming l $cotty<108><STEAM_1:1:794573339><TERRORIST>" triggered "Spawned_With_The_Bomb"
L 01/25/2020 - 00:43:58: World triggered "Round_Start"
L 01/25/2020 - 00:44:31: "jesse_pinkman<109><STEAM_1:0:1973059967><CT>" killed ".＃TrueGaming l $cotty<108><STEAM_1:1:794573339><TERRORIST>" with "m4a1"
L 01/25/2020 - 00:44:31: Team "CT" triggered "CTs_Win" (CT "15") (T "7")
L 01/25/2020 - 00:44:31: World triggered "Round_End"
L 01/25/2020 - 00:44:36: ".＃TrueGaming l $cotty<108><STEAM_1:1:794573339><TERRORIST>" triggered "Spawned_With_The_Bomb"
L 01/25/2020 - 00:44:37: World triggered "Round_Start"
L 01/25/2020 - 00:44:52: ".＃TrueGaming l MoWa<101><STEAM_1:0:1304638082><CT>" killed ".＃TrueGaming l $cotty<108><STEAM_1:1:794573339><TERRORIST>" with "m4a1"
L 01/25/2020 - 00:44:52: Team "CT" triggered "CTs_Win" (CT "16") (T "7")
L 01/25/2020 - 00:44:52: World triggered "Round_End"
L 01/25/2020 - 00:44:57: ".＃TrueGaming l $cotty<108><STEAM_1:1:794573339><TERRORIST>" triggered "Spawned_With_The_Bomb"
L 01/25/2020 - 00:44:58: World triggered "Round_Start"
L 01/25/2020 - 00:45:10: ".＃TrueGaming l $cotty<108><STEAM_1:1:794573339><TERRORIST>" killed ".＃TrueGaming l MoWa<101><STEAM_1:0:1304638082><CT>" with "sg552"
L 01/25/2020 - 00:45:22: "jesse_pinkman<109><STEAM_1:0:1973059967><CT>" killed ".＃TrueGaming l $cotty<108><STEAM_1:1:794573339><TERRORIST>" with "m4a1"
L 01/25/2020 - 00:45:22: Team "CT" triggered "CTs_Win" (CT "17") (T "7")
L 01/25/2020 - 00:45:22: World triggered "Round_End"
L 01/25/2020 - 00:45:27: ".＃TrueGaming l $cotty<108><STEAM_1:1:794573339><TERRORIST>" triggered "Spawned_With_The_Bomb"
L 01/25/2020 - 00:45:28: World triggered "Round_Start"
L 01/25/2020 - 00:45:55: ".＃TrueGaming l MoWa<101><STEAM_1:0:1304638082><CT>" killed ".＃TrueGaming l $cotty<108><STEAM_1:1:794573339><TERRORIST>" with "m4a1"
L 01/25/2020 - 00:45:55: Team "CT" triggered "CTs_Win" (CT "18") (T "7")
L 01/25/2020 - 00:45:55: World triggered "Round_End"
L 01/25/2020 - 00:46:00: ".＃TrueGaming l $cotty<108><STEAM_1:1:794573339><TERRORIST>" triggered "Spawned_With_The_Bomb"
L 01/25/2020 - 00:46:01: World triggered "Round_Start"
L 01/25/2020 - 00:46:15: ".＃TrueGaming l $cotty<108><STEAM_1:1:794573339><TERRORIST>" killed ".＃TrueGaming l MoWa<101><STEAM_1:0:1304638082><CT>" with "sg552"
L 01/25/2020 - 00:46:32: ".＃TrueGaming l $cotty<108><STEAM_1:1:794573339><TERRORIST>" killed "jesse_pinkman<109><STEAM_1:0:1973059967><CT>" with "sg552"
L 01/25/2020 - 00:46:32: Team "TERRORIST" triggered "Terrorists_Win" (CT "18") (T "8")
L 01/25/2020 - 00:46:32: World triggered "Round_End"
L 01/25/2020 - 00:46:37: ".＃TrueGaming l $cotty<108><STEAM_1:1:794573339><TERRORIST>" triggered "Spawned_With_The_Bomb"
L 01/25/2020 - 00:46:38: World triggered "Round_Start"
L 01/25/2020 - 00:47:02: ".＃TrueGaming l MoWa<101><STEAM_1:0:1304638082><CT>" killed ".＃TrueGaming l $cotty<108><STEAM_1:1:794573339><TERRORIST>" with "m4a1"
L 01/25/2020 - 00:47:02: Team "CT" triggered "CTs_Win" (CT "19") (T "8")
L 01/25/2020 - 00:47:02: World triggered "Round_End"
L 01/25/2020 - 00:47:07: ".＃TrueGaming l $cotty<108><STEAM_1:1:794573339><TERRORIST>" triggered "Spawned_With_The_Bomb"
L 01/25/2020 - 00:47:08: World triggered "Round_Start"
L 01/25/2020 - 00:47:36: ".＃TrueGaming l MoWa<101><STEAM_1:0:1304638082><CT>" killed ".＃TrueGaming l $cotty<108><STEAM_1:1:794573339><TERRORIST>" with "m4a1"
L 01/25/2020 - 00:47:36: Team "CT" triggered "CTs_Win" (CT "20") (T "8")
L 01/25/2020 - 00:47:36: World triggered "Round_End"
L 01/25/2020 - 00:47:41: ".＃TrueGaming l $cotty<108><STEAM_1:1:794573339><TERRORIST>" triggered "Spawned_With_The_Bomb"
L 01/25/2020 - 00:47:42: World triggered "Round_Start"
L 01/25/2020 - 00:47:56: ".＃TrueGaming l $cotty<108><STEAM_1:1:794573339><TERRORIST>" killed "jesse_pinkman<109><STEAM_1:0:1973059967><CT>" with "sg552"
L 01/25/2020 - 00:47:56: ".＃TrueGaming l MoWa<101><STEAM_1:0:1304638082><CT>" killed ".＃TrueGaming l $cotty<108><STEAM_1:1:794573339><TERRORIST>" with "m4a1"
L 01/25/2020 - 00:47:56: Team "CT" triggered "CTs_Win" (CT "21") (T "8")
L 01/25/2020 - 00:47:56: World triggered "Round_End"
L 01/25/2020 - 00:48:01: ".＃TrueGaming l $cotty<108><STEAM_1:1:794573339><TERRORIST>" triggered "Spawned_With_The_Bomb"
L 01/25/2020 - 00:48:02: World triggered "Round_Start"
L 01/25/2020 - 00:48:17: ".＃TrueGaming l MoWa<101><STEAM_1:0:1304638082><CT>" killed ".＃TrueGaming l $cotty<108><STEAM_1:1:794573339><TERRORIST>" with "m4a1"
L 01/25/2020 - 00:48:17: Team "CT" triggered "CTs_Win" (CT "22") (T "8")
L 01/25/2020 - 00:48:17: World triggered "Round_End"
L 01/25/2020 - 00:48:22: ".＃TrueGaming l $cotty<108><STEAM_1:1:794573339><TERRORIST>" triggered "Spawned_With_The_Bomb"
L 01/25/2020 - 00:48:23: World triggered "Round_Start"
L 01/25/2020 - 00:48:40: ".＃TrueGaming l $cotty<108><STEAM_1:1:794573339><TERRORIST>" killed ".＃TrueGaming l MoWa<101><STEAM_1:0:1304638082><CT>" with "sg552"
L 01/25/2020 - 00:49:08: ".＃TrueGaming l $cotty<108><STEAM_1:1:794573339><TERRORIST>" killed "jesse_pinkman<109><STEAM_1:0:1973059967><CT>" with "sg552"
L 01/25/2020 - 00:49:08: Team "TERRORIST" triggered "Terrorists_Win" (CT "22") (T "9")
L 01/25/2020 - 00:49:08: World triggered "Round_End"
L 01/25/2020 - 00:49:13: ".＃TrueGaming l $cotty<108><STEAM_1:1:794573339><TERRORIST>" triggered "Spawned_With_The_Bomb"
L 01/25/2020 - 00:49:14: World triggered "Round_Start"
L 01/25/2020 - 00:49:41: ".＃TrueGaming l $cotty<108><STEAM_1:1:794573339><TERRORIST>" killed "jesse_pinkman<109><STEAM_1:0:1973059967><CT>" with "sg552"
L 01/25/2020 - 00:49:58: ".＃TrueGaming l MoWa<101><STEAM_1:0:1304638082><CT>" killed ".＃TrueGaming l $cotty<108><STEAM_1:1:794573339><TERRORIST>" with "m4a1"
L 01/25/2020 - 00:49:58: Team "CT" triggered "CTs_Win" (CT "23") (T "9")
L 01/25/2020 - 00:49:58: World triggered "Round_End"
L 01/25/2020 - 00:50:03: ".＃TrueGaming l $cotty<108><STEAM_1:1:794573339><TERRORIST>" triggered "Spawned_With_The_Bomb"
L 01/25/2020 - 00:50:04: World triggered "Round_Start"
L 01/25/2020 - 00:50:19: ".＃TrueGaming l MoWa<101><STEAM_1:0:1304638082><CT>" killed ".＃TrueGaming l $cotty<108><STEAM_1:1:794573339><TERRORIST>" with "m4a1"
L 01/25/2020 - 00:50:19: Team "CT" triggered "CTs_Win" (CT "24") (T "9")
L 01/25/2020 - 00:50:19: World triggered "Round_End"
L 01/25/2020 - 00:50:24: ".＃TrueGaming l $cotty<108><STEAM_1:1:794573339><TERRORIST>" triggered "Spawned_With_The_Bomb"
L 01/25/2020 - 00:50:25: World triggered "Round_Start"
L 01/25/2020 - 00:50:41: ".＃TrueGaming l $cotty<108><STEAM_1:1:794573339><TERRORIST>" killed "jesse_pinkman<109><STEAM_1:0:1973059967><CT>" with "sg552"
L 01/25/2020 - 00:50:43: Server cvar "amx_nextmap" = "Cb_Tanks"
L 01/25/2020 - 00:50:49: ".＃TrueGaming l MoWa<101><STEAM_1:0:1304638082><CT>" killed ".＃TrueGaming l $cotty<108><STEAM_1:1:794573339><TERRORIST>" with "m4a1"
L 01/25/2020 - 00:50:49: Team "CT" triggered "CTs_Win" (CT "25") (T "9")
L 01/25/2020 - 00:50:49: World triggered "Round_End"
L 01/25/2020 - 00:50:54: ".＃TrueGaming l $cotty<108><STEAM_1:1:794573339><TERRORIST>" triggered "Spawned_With_The_Bomb"
L 01/25/2020 - 00:50:55: World triggered "Round_Start"
L 01/25/2020 - 00:50:59: Server cvar "mp_timelimit" = "0.000000"
L 01/25/2020 - 00:51:24: ".＃TrueGaming l $cotty<108><STEAM_1:1:794573339><TERRORIST>" killed ".＃TrueGaming l MoWa<101><STEAM_1:0:1304638082><CT>" with "ak47"
L 01/25/2020 - 00:52:18: ".＃TrueGaming l $cotty<108><STEAM_1:1:794573339><TERRORIST>" killed "jesse_pinkman<109><STEAM_1:0:1973059967><CT>" with "ak47"
L 01/25/2020 - 00:52:18: Team "TERRORIST" triggered "Terrorists_Win" (CT "25") (T "10")
L 01/25/2020 - 00:52:18: World triggered "Round_End"
L 01/25/2020 - 00:52:23: ".＃TrueGaming l $cotty<108><STEAM_1:1:794573339><TERRORIST>" triggered "Spawned_With_The_Bomb"
L 01/25/2020 - 00:52:24: World triggered "Round_Start"
L 01/25/2020 - 00:52:24: Server cvar "sv_maxspeed" = "0.000000"
L 01/25/2020 - 00:52:24: Server cvar "mp_friendlyfire" = "1"
L 01/25/2020 - 00:52:27: "jesse_pinkman<109><STEAM_1:0:1973059967><CT>" killed ".＃TrueGaming l MoWa<101><STEAM_1:0:1304638082><CT>" with "m4a1"
L 01/25/2020 - 00:52:30: Server cvar "sv_maxspeed" = "900.000000"
L 01/25/2020 - 00:52:30: Server cvar "mp_friendlyfire" = "0"
L 01/25/2020 - 00:52:30: Server cvar "mp_timelimit" = "20.000000"
L 01/25/2020 - 00:52:30: [META] ini: Begin re-reading plugins list: /home/rented/public9/cstrike/addons/metamod/plugins.ini
L 01/25/2020 - 00:52:30: [META] ini: Read plugin config for: SafeNameAndChat
L 01/25/2020 - 00:52:30: [META] ini: Read plugin config for: AMX Mod X
L 01/25/2020 - 00:52:30: [META] ini: Read plugin config for: Reunion
L 01/25/2020 - 00:52:30: [META] ini: Read plugin config for: ReAuthCheck
L 01/25/2020 - 00:52:30: [META] ini: Read plugin config for: WHBlocker
L 01/25/2020 - 00:52:30: [META] ini: Read plugin config for: ReSemiclip
L 01/25/2020 - 00:52:30: [META] ini: Read plugin config for: Revoice
L 01/25/2020 - 00:52:30: [META] ini: Finished reading plugins list: /home/rented/public9/cstrike/addons/metamod/plugins.ini; Found 7 plugins
L 01/25/2020 - 00:52:30: [META] dll: Updating plugins...
L 01/25/2020 - 00:52:30: [META] WARNING: Cannot clear plugin 'SafeNameAndChat'; not marked as failed, empty, or open (status=valid)
L 01/25/2020 - 00:52:30: [META] dll: Unloaded plugin 'SafeNameAndChat' for reason 'file on disk is newer'
L 01/25/2020 - 00:52:30: [META] dll: Loaded plugin 'SafeNameAndChat': SafeNameAndChat v1.1 2017.02.01, WPMG.PRoSToC0der
L 01/25/2020 - 00:52:30: [META] WARNING: Cannot clear plugin 'WHBlocker'; not marked as failed, empty, or open (status=valid)
L 01/25/2020 - 00:52:30: [META] dll: Unloaded plugin 'WHBlocker' for reason 'file on disk is newer'
L 01/25/2020 - 00:52:30: [META] dll: Loaded plugin 'WHBlocker': WHBlocker v1.5.692 2017-04-13, s1lent
L 01/25/2020 - 00:52:30: [META] WARNING: Cannot clear plugin 'ReSemiclip'; not marked as failed, empty, or open (status=valid)
L 01/25/2020 - 00:52:30: [META] dll: Unloaded plugin 'ReSemiclip' for reason 'file on disk is newer'
L 01/25/2020 - 00:52:30: [META] dll: Loaded plugin 'ReSemiclip': ReSemiclip v2.3.9 13/02/17, s1lent & Adidasman
L 01/25/2020 - 00:52:30: [META] dll: Finished updating 14 plugins; kept 0, loaded 0, unloaded 0, reloaded 3, delayed 0
L 01/25/2020 - 00:52:30: "jesse_pinkman<109><STEAM_1:0:1973059967><CT>" disconnected
L 01/25/2020 - 00:52:30: Team "TERRORIST" triggered "Terrorists_Win" (CT "25") (T "11")
L 01/25/2020 - 00:52:30: World triggered "Round_End"
L 01/25/2020 - 00:52:30: ".＃TrueGaming l $cotty<108><STEAM_1:1:794573339><TERRORIST>" disconnected
L 01/25/2020 - 00:52:30: ".＃TrueGaming l MoWa<101><STEAM_1:0:1304638082><CT>" disconnected
L 01/25/2020 - 00:52:30: Log file closed
