L 01/23/2020 - 14:56:31: Log file started (file "logs/L0123052.log") (game "cstrike") (version "48/1.1.2.7/Stdio/1621")
L 01/23/2020 - 14:56:31: Loading map "cars_n_robots"
L 01/23/2020 - 14:56:31: Server cvars start
L 01/23/2020 - 14:56:31: Server cvar "@BunnyHopper" = "3.x"
L 01/23/2020 - 14:56:31: Server cvar "@CRXGoSpec" = "1.1"
L 01/23/2020 - 14:56:31: Server cvar "@CRXRemoveImmunity" = "1.0"
L 01/23/2020 - 14:56:31: Server cvar "@D.I.C.E." = "1.1"
L 01/23/2020 - 14:56:31: Server cvar "@MOTDCommands" = "1.2"
L 01/23/2020 - 14:56:31: Server cvar "advanced_quake_sounds" = "5.0"
L 01/23/2020 - 14:56:31: Server cvar "AdvancedMute" = "1.0"
L 01/23/2020 - 14:56:31: Server cvar "aesp_version" = "1.3"
L 01/23/2020 - 14:56:31: Server cvar "allow_spectators" = "1.0"
L 01/23/2020 - 14:56:31: Server cvar "amx_client_languages" = "1"
L 01/23/2020 - 14:56:31: Server cvar "amx_language" = "en"
L 01/23/2020 - 14:56:31: Server cvar "amx_nextmap" = "cars_n_robots"
L 01/23/2020 - 14:56:31: Server cvar "amx_ptb_version" = "1.8b3"
L 01/23/2020 - 14:56:31: Server cvar "amx_timeleft" = "10:08"
L 01/23/2020 - 14:56:31: Server cvar "amxmodx_version" = "1.8.2"
L 01/23/2020 - 14:56:31: Server cvar "amxxbg_vip" = "1.0"
L 01/23/2020 - 14:56:31: Server cvar "asp_version" = "4.5.1"
L 01/23/2020 - 14:56:31: Server cvar "atac_version" = "3.0.1"
L 01/23/2020 - 14:56:31: Server cvar "badcamper_version" = "1.4 beta"
L 01/23/2020 - 14:56:31: Server cvar "blockmaker" = "4.01"
L 01/23/2020 - 14:56:31: Server cvar "c4 timer" = "1.1"
L 01/23/2020 - 14:56:31: Server cvar "coop" = "0"
L 01/23/2020 - 14:56:31: Server cvar "CRXAdminGroups" = "1.0"
L 01/23/2020 - 14:56:31: Server cvar "CRXCommandRestrictions" = "1.0"
L 01/23/2020 - 14:56:31: Server cvar "CRXFastKnife" = "1.0"
L 01/23/2020 - 14:56:31: Server cvar "CRXGametracker" = "2.0"
L 01/23/2020 - 14:56:31: Server cvar "CRXKnifeModels" = "2.5.7"
L 01/23/2020 - 14:56:31: Server cvar "CRXTeamAdvantage" = "1.0"
L 01/23/2020 - 14:56:31: Server cvar "CustomShop" = "4.2"
L 01/23/2020 - 14:56:31: Server cvar "deathmatch" = "1"
L 01/23/2020 - 14:56:31: Server cvar "decalfrequency" = "0"
L 01/23/2020 - 14:56:31: Server cvar "edgefriction" = "2"
L 01/23/2020 - 14:56:31: Server cvar "ers_version" = "2.3c"
L 01/23/2020 - 14:56:31: Server cvar "gagsystem_shoko" = "1.0"
L 01/23/2020 - 14:56:31: Server cvar "gal_mapcyclefile" = "mapcycle.txt"
L 01/23/2020 - 14:56:31: Server cvar "gal_version" = "v5.9.1-926"
L 01/23/2020 - 14:56:31: Server cvar "game_version" = "5.7.0.313-dev"
L 01/23/2020 - 14:56:31: Server cvar "humans_join_team" = "any"
L 01/23/2020 - 14:56:31: Server cvar "jtp10181" = "chute,gore"
L 01/23/2020 - 14:56:31: Server cvar "lawliet" = "ny_RainingSnow"
L 01/23/2020 - 14:56:31: Server cvar "LetitSnow" = "1.0"
L 01/23/2020 - 14:56:31: Server cvar "map_spawns" = "T(16) CT(16)"
L 01/23/2020 - 14:56:31: Server cvar "max_queries_sec" = "3"
L 01/23/2020 - 14:56:31: Server cvar "max_queries_sec_global" = "150"
L 01/23/2020 - 14:56:31: Server cvar "max_queries_window" = "60"
L 01/23/2020 - 14:56:31: Server cvar "mdbBans" = "4.8"
L 01/23/2020 - 14:56:31: Server cvar "metamod_version" = "1.21p37"
L 01/23/2020 - 14:56:31: Server cvar "mp_autokick" = "0"
L 01/23/2020 - 14:56:31: Server cvar "mp_autokick_timeout" = "-1"
L 01/23/2020 - 14:56:31: Server cvar "mp_autoteambalance" = "0"
L 01/23/2020 - 14:56:31: Server cvar "mp_buytime" = "0.25"
L 01/23/2020 - 14:56:31: Server cvar "mp_c4timer" = "35"
L 01/23/2020 - 14:56:31: Server cvar "mp_chattime" = "10"
L 01/23/2020 - 14:56:31: Server cvar "mp_consistency" = "1"
L 01/23/2020 - 14:56:31: Server cvar "mp_fadetoblack" = "0"
L 01/23/2020 - 14:56:31: Server cvar "mp_flashlight" = "1"
L 01/23/2020 - 14:56:31: Server cvar "mp_footsteps" = "1"
L 01/23/2020 - 14:56:31: Server cvar "mp_forcecamera" = "0"
L 01/23/2020 - 14:56:31: Server cvar "mp_forcechasecam" = "0"
L 01/23/2020 - 14:56:31: Server cvar "mp_forcerespawn" = "0"
L 01/23/2020 - 14:56:31: Server cvar "mp_fraglimit" = "0"
L 01/23/2020 - 14:56:31: Server cvar "mp_fragsleft" = "0"
L 01/23/2020 - 14:56:31: Server cvar "mp_freeforall" = "0"
L 01/23/2020 - 14:56:31: Server cvar "mp_freezetime" = "1"
L 01/23/2020 - 14:56:31: Server cvar "mp_friendlyfire" = "0"
L 01/23/2020 - 14:56:31: Server cvar "mp_hostage_hurtable" = "1"
L 01/23/2020 - 14:56:31: Server cvar "mp_hostagepenalty" = "0"
L 01/23/2020 - 14:56:31: Server cvar "mp_item_staytime" = "300"
L 01/23/2020 - 14:56:31: Server cvar "mp_kickpercent" = "0.66"
L 01/23/2020 - 14:56:31: Server cvar "mp_legacy_bombtarget_touch" = "1"
L 01/23/2020 - 14:56:31: Server cvar "mp_limitteams" = "0"
L 01/23/2020 - 14:56:31: Server cvar "mp_logdetail" = "0"
L 01/23/2020 - 14:56:31: Server cvar "mp_logfile" = "1"
L 01/23/2020 - 14:56:31: Server cvar "mp_logmessages" = "1"
L 01/23/2020 - 14:56:31: Server cvar "mp_mapvoteratio" = "0.66"
L 01/23/2020 - 14:56:31: Server cvar "mp_maxmoney" = "999999"
L 01/23/2020 - 14:56:31: Server cvar "mp_maxrounds" = "0"
L 01/23/2020 - 14:56:31: Server cvar "mp_mirrordamage" = "0"
L 01/23/2020 - 14:56:31: Server cvar "mp_old_bomb_defused_sound" = "1"
L 01/23/2020 - 14:56:31: Server cvar "mp_playerid" = "0"
L 01/23/2020 - 14:56:31: Server cvar "mp_respawn_immunitytime" = "0"
L 01/23/2020 - 14:56:31: Server cvar "mp_round_infinite" = "0"
L 01/23/2020 - 14:56:31: Server cvar "mp_round_restart_delay" = "5"
L 01/23/2020 - 14:56:31: Server cvar "mp_roundover" = "0"
L 01/23/2020 - 14:56:31: Server cvar "mp_roundtime" = "2.3"
L 01/23/2020 - 14:56:31: Server cvar "mp_show_radioicon" = "1"
L 01/23/2020 - 14:56:31: Server cvar "mp_startmoney" = "850"
L 01/23/2020 - 14:56:31: Server cvar "mp_timeleft" = "10:08"
L 01/23/2020 - 14:56:31: Server cvar "mp_timelimit" = "20"
L 01/23/2020 - 14:56:31: Server cvar "mp_tkpunish" = "0"
L 01/23/2020 - 14:56:31: Server cvar "mp_windifference" = "1"
L 01/23/2020 - 14:56:31: Server cvar "mp_winlimit" = "0"
L 01/23/2020 - 14:56:31: Server cvar "NoWeaponsOnGround" = "1.0"
L 01/23/2020 - 14:56:31: Server cvar "pausable" = "0"
L 01/23/2020 - 14:56:31: Server cvar "present_version" = "2.01"
L 01/23/2020 - 14:56:31: Server cvar "RandomHP" = "2.2"
L 01/23/2020 - 14:56:31: Server cvar "reauthcheck_version" = "0.1.6"
L 01/23/2020 - 14:56:31: Server cvar "reconnect_features" = "0.3.1"
L 01/23/2020 - 14:56:31: Server cvar "report_system_version" = "3.1"
L 01/23/2020 - 14:56:31: Server cvar "resemiclip_version" = "2.3.9"
L 01/23/2020 - 14:56:31: Server cvar "reu_version" = "0.1.0.130"
L 01/23/2020 - 14:56:31: Server cvar "revoice_version" = "0.1.0.30"
L 01/23/2020 - 14:56:31: Server cvar "sanksounds_version" = "1.8.6"
L 01/23/2020 - 14:56:31: Server cvar "SimpleMenu" = "1.1"
L 01/23/2020 - 14:56:31: Server cvar "SNAC_Version" = "1.1"
L 01/23/2020 - 14:56:31: Server cvar "SpecList" = "1.2a"
L 01/23/2020 - 14:56:31: Server cvar "sr_version" = "1.6"
L 01/23/2020 - 14:56:31: Server cvar "statsx_shell_ver" = "2.0.0 (BETA)"
L 01/23/2020 - 14:56:31: Server cvar "StyleC4Timer" = "2.1"
L 01/23/2020 - 14:56:31: Server cvar "sv_accelerate" = "5"
L 01/23/2020 - 14:56:31: Server cvar "sv_aim" = "1"
L 01/23/2020 - 14:56:31: Server cvar "sv_airaccelerate" = "100"
L 01/23/2020 - 14:56:31: Server cvar "sv_allowupload" = "1"
L 01/23/2020 - 14:56:31: Server cvar "sv_alltalk" = "1"
L 01/23/2020 - 14:56:31: Server cvar "sv_bounce" = "1"
L 01/23/2020 - 14:56:31: Server cvar "sv_cheats" = "0"
L 01/23/2020 - 14:56:31: Server cvar "sv_clienttrace" = "1"
L 01/23/2020 - 14:56:31: Server cvar "sv_contact" = "feruchio599@gmail.com"
L 01/23/2020 - 14:56:31: Server cvar "sv_friction" = "4"
L 01/23/2020 - 14:56:31: Server cvar "sv_gravity" = "800"
L 01/23/2020 - 14:56:31: Server cvar "sv_logblocks" = "0"
L 01/23/2020 - 14:56:31: Server cvar "sv_maxrate" = "50000"
L 01/23/2020 - 14:56:31: Server cvar "sv_maxspeed" = "900.000000"
L 01/23/2020 - 14:56:31: Server cvar "sv_minrate" = "10000"
L 01/23/2020 - 14:56:31: Server cvar "sv_password" = ""
L 01/23/2020 - 14:56:31: Server cvar "sv_proxies" = "1"
L 01/23/2020 - 14:56:31: Server cvar "sv_restart" = "0"
L 01/23/2020 - 14:56:31: Server cvar "sv_restartround" = "0"
L 01/23/2020 - 14:56:31: Server cvar "sv_stepsize" = "18"
L 01/23/2020 - 14:56:31: Server cvar "sv_stopspeed" = "75"
L 01/23/2020 - 14:56:31: Server cvar "sv_uploadmax" = "0.5"
L 01/23/2020 - 14:56:31: Server cvar "sv_version" = "1.1.2.7/Stdio,48,1621"
L 01/23/2020 - 14:56:31: Server cvar "sv_voiceenable" = "1"
L 01/23/2020 - 14:56:31: Server cvar "sv_wateraccelerate" = "10"
L 01/23/2020 - 14:56:31: Server cvar "sv_waterfriction" = "1"
L 01/23/2020 - 14:56:31: Server cvar "Team_Semiclip_version" = "3.3.1"
L 01/23/2020 - 14:56:31: Server cvar "vehicle_real_killer" = "1.1"
L 01/23/2020 - 14:56:31: Server cvar "WalkGuard" = "1.3.2"
L 01/23/2020 - 14:56:31: Server cvar "we_grenades" = "Huehue"
L 01/23/2020 - 14:56:31: Server cvar "we_player_models" = "Huehue"
L 01/23/2020 - 14:56:31: Server cvar "whb_version" = "1.5.692"
L 01/23/2020 - 14:56:31: Server cvar "zp_jp_version" = "Extra Item Jetpack+Bazooka v3.2"
L 01/23/2020 - 14:56:31: Server cvars end
L 01/23/2020 - 14:56:34: Server cvar "sv_maxspeed" = "900"
L 01/23/2020 - 14:56:34: Server cvar "mp_autoteambalance" = "1"
L 01/23/2020 - 14:56:34: Server cvar "RRWM" = "2.0"
L 01/23/2020 - 14:56:34: Server cvar "mp_autoteambalance" = "0"
L 01/23/2020 - 14:56:34: Server cvar "amx_nextmap" = "[not yet voted on]"
L 01/23/2020 - 14:56:35: Started map "cars_n_robots" (CRC "-1478812139")
L 01/23/2020 - 14:56:37: World triggered "Round_Start"
L 01/23/2020 - 14:56:40: [REUNION]: HuNt3r (188.255.184.74) authorized as RevEmu
L 01/23/2020 - 14:56:40: "HuNt3r<9><STEAM_1:1:1071071391><>" connected, address "188.255.184.74:27005"
L 01/23/2020 - 14:56:40: "lol<1><STEAM_2:0:1214014100><>" entered the game
L 01/23/2020 - 14:56:40: [REUNION]: CEKC UHCTPYKTOP` (85.118.76.242) authorized as RevEmu
L 01/23/2020 - 14:56:40: "CEKC UHCTPYKTOP`<10><STEAM_1:0:1540573555><>" connected, address "85.118.76.242:8390"
L 01/23/2020 - 14:56:42: "lol<1><STEAM_2:0:1214014100><>" joined team "TERRORIST"
L 01/23/2020 - 14:56:43: "lol<1><STEAM_2:0:1214014100><TERRORIST>" triggered "Spawned_With_The_Bomb"
L 01/23/2020 - 14:56:44: "THE-LAST-RIDE<8><STEAM_1:1:1316058917><>" entered the game
L 01/23/2020 - 14:56:45: "CEKC UHCTPYKTOP`<10><STEAM_1:0:1540573555><>" entered the game
L 01/23/2020 - 14:56:49: "CEKC UHCTPYKTOP`<10><STEAM_1:0:1540573555><>" joined team "TERRORIST"
L 01/23/2020 - 14:56:53: "THE-LAST-RIDE<8><STEAM_1:1:1316058917><>" joined team "CT"
L 01/23/2020 - 14:56:54: World triggered "Game_Commencing"
L 01/23/2020 - 14:56:54: World triggered "Game_Commencing" (CT "0") (T "0")
L 01/23/2020 - 14:56:54: World triggered "Round_End"
L 01/23/2020 - 14:56:57: "CEKC UHCTPYKTOP`<10><STEAM_1:0:1540573555><TERRORIST>" triggered "Spawned_With_The_Bomb"
L 01/23/2020 - 14:56:58: World triggered "Round_Start"
L 01/23/2020 - 14:57:30: "THE-LAST-RIDE<8><STEAM_1:1:1316058917><CT>" killed "CEKC UHCTPYKTOP`<10><STEAM_1:0:1540573555><TERRORIST>" with "p90"
L 01/23/2020 - 14:57:31: "THE-LAST-RIDE<8><STEAM_1:1:1316058917><CT>" killed "lol<1><STEAM_2:0:1214014100><TERRORIST>" with "p90"
L 01/23/2020 - 14:57:31: Team "CT" triggered "CTs_Win" (CT "1") (T "0")
L 01/23/2020 - 14:57:31: World triggered "Round_End"
L 01/23/2020 - 14:57:36: "lol<1><STEAM_2:0:1214014100><TERRORIST>" triggered "Spawned_With_The_Bomb"
L 01/23/2020 - 14:57:37: World triggered "Round_Start"
L 01/23/2020 - 14:58:06: "CEKC UHCTPYKTOP`<10><STEAM_1:0:1540573555><TERRORIST>" killed "THE-LAST-RIDE<8><STEAM_1:1:1316058917><CT>" with "mac10"
L 01/23/2020 - 14:58:06: Team "TERRORIST" triggered "Terrorists_Win" (CT "1") (T "1")
L 01/23/2020 - 14:58:06: World triggered "Round_End"
L 01/23/2020 - 14:58:11: "CEKC UHCTPYKTOP`<10><STEAM_1:0:1540573555><TERRORIST>" triggered "Spawned_With_The_Bomb"
L 01/23/2020 - 14:58:12: World triggered "Round_Start"
L 01/23/2020 - 14:58:41: "THE-LAST-RIDE<8><STEAM_1:1:1316058917><CT>" killed "lol<1><STEAM_2:0:1214014100><TERRORIST>" with "p90"
L 01/23/2020 - 14:58:49: "CEKC UHCTPYKTOP`<10><STEAM_1:0:1540573555><TERRORIST>" killed "THE-LAST-RIDE<8><STEAM_1:1:1316058917><CT>" with "p90"
L 01/23/2020 - 14:58:49: Team "TERRORIST" triggered "Terrorists_Win" (CT "1") (T "2")
L 01/23/2020 - 14:58:49: World triggered "Round_End"
L 01/23/2020 - 14:58:54: "lol<1><STEAM_2:0:1214014100><TERRORIST>" triggered "Spawned_With_The_Bomb"
L 01/23/2020 - 14:58:55: World triggered "Round_Start"
L 01/23/2020 - 14:59:12: "CEKC UHCTPYKTOP`<10><STEAM_1:0:1540573555><TERRORIST>" committed suicide with "worldspawn" (world)
L 01/23/2020 - 14:59:54: "CEKC UHCTPYKTOP`<10><STEAM_1:0:1540573555><TERRORIST>" disconnected
L 01/23/2020 - 15:00:53: "THE-LAST-RIDE<8><STEAM_1:1:1316058917><CT>" killed "lol<1><STEAM_2:0:1214014100><TERRORIST>" with "mp5navy"
L 01/23/2020 - 15:00:53: Team "CT" triggered "CTs_Win" (CT "2") (T "2")
L 01/23/2020 - 15:00:53: World triggered "Round_End"
L 01/23/2020 - 15:00:58: "lol<1><STEAM_2:0:1214014100><TERRORIST>" triggered "Spawned_With_The_Bomb"
L 01/23/2020 - 15:00:59: World triggered "Round_Start"
L 01/23/2020 - 15:01:08: [REUNION]: JoHn_SpLeNdOuR_^ (83.222.176.81) authorized as RevEmu
L 01/23/2020 - 15:01:08: "JoHn_SpLeNdOuR_^<11><STEAM_2:1:233969738><>" connected, address "83.222.176.81:26265"
L 01/23/2020 - 15:01:13: "JoHn_SpLeNdOuR_^<11><STEAM_2:1:233969738><>" entered the game
L 01/23/2020 - 15:01:16: "JoHn_SpLeNdOuR_^<11><STEAM_2:1:233969738><>" joined team "CT"
L 01/23/2020 - 15:01:40: "THE-LAST-RIDE<8><STEAM_1:1:1316058917><CT>" killed "lol<1><STEAM_2:0:1214014100><TERRORIST>" with "mp5navy"
L 01/23/2020 - 15:01:40: Team "CT" triggered "CTs_Win" (CT "3") (T "2")
L 01/23/2020 - 15:01:40: World triggered "Round_End"
L 01/23/2020 - 15:01:45: "lol<1><STEAM_2:0:1214014100><TERRORIST>" triggered "Spawned_With_The_Bomb"
L 01/23/2020 - 15:01:46: World triggered "Round_Start"
L 01/23/2020 - 15:02:14: "THE-LAST-RIDE<8><STEAM_1:1:1316058917><CT>" killed "lol<1><STEAM_2:0:1214014100><TERRORIST>" with "mp5navy"
L 01/23/2020 - 15:02:14: Team "CT" triggered "CTs_Win" (CT "4") (T "2")
L 01/23/2020 - 15:02:14: World triggered "Round_End"
L 01/23/2020 - 15:02:19: "lol<1><STEAM_2:0:1214014100><TERRORIST>" triggered "Spawned_With_The_Bomb"
L 01/23/2020 - 15:02:20: World triggered "Round_Start"
L 01/23/2020 - 15:02:41: "JoHn_SpLeNdOuR_^<11><STEAM_2:1:233969738><CT>" killed "lol<1><STEAM_2:0:1214014100><TERRORIST>" with "mp5navy"
L 01/23/2020 - 15:02:41: Team "CT" triggered "CTs_Win" (CT "5") (T "2")
L 01/23/2020 - 15:02:41: World triggered "Round_End"
L 01/23/2020 - 15:02:46: "lol<1><STEAM_2:0:1214014100><TERRORIST>" triggered "Spawned_With_The_Bomb"
L 01/23/2020 - 15:02:47: World triggered "Round_Start"
L 01/23/2020 - 15:03:34: "THE-LAST-RIDE<8><STEAM_1:1:1316058917><CT>" killed "lol<1><STEAM_2:0:1214014100><TERRORIST>" with "mp5navy"
L 01/23/2020 - 15:03:34: Team "CT" triggered "CTs_Win" (CT "6") (T "2")
L 01/23/2020 - 15:03:34: World triggered "Round_End"
L 01/23/2020 - 15:03:39: "lol<1><STEAM_2:0:1214014100><TERRORIST>" triggered "Spawned_With_The_Bomb"
L 01/23/2020 - 15:03:40: World triggered "Round_Start"
L 01/23/2020 - 15:04:01: "THE-LAST-RIDE<8><STEAM_1:1:1316058917><CT>" killed "lol<1><STEAM_2:0:1214014100><TERRORIST>" with "deagle"
L 01/23/2020 - 15:04:01: Team "CT" triggered "CTs_Win" (CT "7") (T "2")
L 01/23/2020 - 15:04:01: World triggered "Round_End"
L 01/23/2020 - 15:04:06: "lol<1><STEAM_2:0:1214014100><TERRORIST>" triggered "Spawned_With_The_Bomb"
L 01/23/2020 - 15:04:07: World triggered "Round_Start"
L 01/23/2020 - 15:04:26: "JoHn_SpLeNdOuR_^<11><STEAM_2:1:233969738><CT>" killed "lol<1><STEAM_2:0:1214014100><TERRORIST>" with "awp"
L 01/23/2020 - 15:04:26: Team "CT" triggered "CTs_Win" (CT "8") (T "2")
L 01/23/2020 - 15:04:26: World triggered "Round_End"
L 01/23/2020 - 15:04:31: "lol<1><STEAM_2:0:1214014100><TERRORIST>" triggered "Spawned_With_The_Bomb"
L 01/23/2020 - 15:04:32: World triggered "Round_Start"
L 01/23/2020 - 15:04:52: "lol<1><STEAM_2:0:1214014100><TERRORIST>" killed "JoHn_SpLeNdOuR_^<11><STEAM_2:1:233969738><CT>" with "mp5navy"
L 01/23/2020 - 15:04:53: "THE-LAST-RIDE<8><STEAM_1:1:1316058917><CT>" killed "lol<1><STEAM_2:0:1214014100><TERRORIST>" with "awp"
L 01/23/2020 - 15:04:53: Team "CT" triggered "CTs_Win" (CT "9") (T "2")
L 01/23/2020 - 15:04:53: World triggered "Round_End"
L 01/23/2020 - 15:04:58: "lol<1><STEAM_2:0:1214014100><TERRORIST>" triggered "Spawned_With_The_Bomb"
L 01/23/2020 - 15:04:59: World triggered "Round_Start"
L 01/23/2020 - 15:05:20: "THE-LAST-RIDE<8><STEAM_1:1:1316058917><CT>" killed "lol<1><STEAM_2:0:1214014100><TERRORIST>" with "awp"
L 01/23/2020 - 15:05:20: Team "CT" triggered "CTs_Win" (CT "10") (T "2")
L 01/23/2020 - 15:05:20: World triggered "Round_End"
L 01/23/2020 - 15:05:25: "lol<1><STEAM_2:0:1214014100><TERRORIST>" triggered "Spawned_With_The_Bomb"
L 01/23/2020 - 15:05:26: World triggered "Round_Start"
L 01/23/2020 - 15:05:46: "THE-LAST-RIDE<8><STEAM_1:1:1316058917><CT>" killed "lol<1><STEAM_2:0:1214014100><TERRORIST>" with "awp"
L 01/23/2020 - 15:05:46: Team "CT" triggered "CTs_Win" (CT "11") (T "2")
L 01/23/2020 - 15:05:46: World triggered "Round_End"
L 01/23/2020 - 15:05:51: "lol<1><STEAM_2:0:1214014100><TERRORIST>" triggered "Spawned_With_The_Bomb"
L 01/23/2020 - 15:05:52: World triggered "Round_Start"
L 01/23/2020 - 15:06:14: "THE-LAST-RIDE<8><STEAM_1:1:1316058917><CT>" killed "lol<1><STEAM_2:0:1214014100><TERRORIST>" with "awp"
L 01/23/2020 - 15:06:14: Team "CT" triggered "CTs_Win" (CT "12") (T "2")
L 01/23/2020 - 15:06:14: World triggered "Round_End"
L 01/23/2020 - 15:06:19: "lol<1><STEAM_2:0:1214014100><TERRORIST>" triggered "Spawned_With_The_Bomb"
L 01/23/2020 - 15:06:20: World triggered "Round_Start"
L 01/23/2020 - 15:06:38: "THE-LAST-RIDE<8><STEAM_1:1:1316058917><CT>" killed "lol<1><STEAM_2:0:1214014100><TERRORIST>" with "awp"
L 01/23/2020 - 15:06:38: Team "CT" triggered "CTs_Win" (CT "13") (T "2")
L 01/23/2020 - 15:06:38: World triggered "Round_End"
L 01/23/2020 - 15:06:41: "patron<12><STEAM_0:1:15346994><>" connected, address "188.4.242.45:27005"
L 01/23/2020 - 15:06:42: "patron<12><STEAM_0:1:15346994><>" STEAM USERID validated
L 01/23/2020 - 15:06:43: "lol<1><STEAM_2:0:1214014100><TERRORIST>" triggered "Spawned_With_The_Bomb"
L 01/23/2020 - 15:06:44: World triggered "Round_Start"
L 01/23/2020 - 15:07:06: [REUNION]: CEKC UHCTPYKTOP` (85.118.76.242) authorized as RevEmu
L 01/23/2020 - 15:07:06: "CEKC UHCTPYKTOP`<13><STEAM_1:0:1540573555><>" connected, address "85.118.76.242:8194"
L 01/23/2020 - 15:07:06: "JoHn_SpLeNdOuR_^<11><STEAM_2:1:233969738><CT>" killed "lol<1><STEAM_2:0:1214014100><TERRORIST>" with "m3"
L 01/23/2020 - 15:07:06: Team "CT" triggered "CTs_Win" (CT "14") (T "2")
L 01/23/2020 - 15:07:06: World triggered "Round_End"
L 01/23/2020 - 15:07:09: "CEKC UHCTPYKTOP`<13><STEAM_1:0:1540573555><>" entered the game
L 01/23/2020 - 15:07:11: "THE-LAST-RIDE<8><STEAM_1:1:1316058917><CT>" joined team "TERRORIST"
L 01/23/2020 - 15:07:11: "<><><>" triggered "amx_chat" (text "[PTB] Transfered THE-LAST-RIDE to TERRORIST")
L 01/23/2020 - 15:07:11: "THE-LAST-RIDE<8><STEAM_1:1:1316058917><TERRORIST>" triggered "Spawned_With_The_Bomb"
L 01/23/2020 - 15:07:12: World triggered "Round_Start"
L 01/23/2020 - 15:07:17: "CEKC UHCTPYKTOP`<13><STEAM_1:0:1540573555><>" joined team "CT"
L 01/23/2020 - 15:07:17: "lol<1><STEAM_2:0:1214014100><TERRORIST>" triggered "Spawned_With_The_Bomb"
L 01/23/2020 - 15:07:30: "THE-LAST-RIDE<8><STEAM_1:1:1316058917><TERRORIST>" committed suicide with "world"
L 01/23/2020 - 15:07:35: "THE-LAST-RIDE<8><STEAM_1:1:1316058917><TERRORIST>" joined team "CT"
L 01/23/2020 - 15:07:44: "JoHn_SpLeNdOuR_^<11><STEAM_2:1:233969738><CT>" killed "lol<1><STEAM_2:0:1214014100><TERRORIST>" with "sg552"
L 01/23/2020 - 15:07:44: Team "CT" triggered "CTs_Win" (CT "15") (T "2")
L 01/23/2020 - 15:07:44: World triggered "Round_End"
L 01/23/2020 - 15:07:48: "JoHn_SpLeNdOuR_^<11><STEAM_2:1:233969738><CT>" joined team "TERRORIST"
L 01/23/2020 - 15:07:48: "<><><>" triggered "amx_chat" (text "[PTB] Transfered JoHn_SpLeNdOuR_^ to TERRORIST")
L 01/23/2020 - 15:07:49: "JoHn_SpLeNdOuR_^<11><STEAM_2:1:233969738><TERRORIST>" triggered "Got_The_Bomb"
L 01/23/2020 - 15:07:49: "JoHn_SpLeNdOuR_^<11><STEAM_2:1:233969738><TERRORIST>" triggered "Spawned_With_The_Bomb"
L 01/23/2020 - 15:07:50: World triggered "Round_Start"
L 01/23/2020 - 15:08:55: "lol<1><STEAM_2:0:1214014100><TERRORIST>" killed "CEKC UHCTPYKTOP`<13><STEAM_1:0:1540573555><CT>" with "mp5navy"
L 01/23/2020 - 15:09:20: "JoHn_SpLeNdOuR_^<11><STEAM_2:1:233969738><TERRORIST>" triggered "Planted_The_Bomb"
L 01/23/2020 - 15:09:23: "JoHn_SpLeNdOuR_^<11><STEAM_2:1:233969738><TERRORIST>" killed "THE-LAST-RIDE<8><STEAM_1:1:1316058917><CT>" with "sg552"
L 01/23/2020 - 15:09:23: Team "TERRORIST" triggered "Terrorists_Win" (CT "15") (T "3")
L 01/23/2020 - 15:09:23: World triggered "Round_End"
L 01/23/2020 - 15:09:28: "lol<1><STEAM_2:0:1214014100><TERRORIST>" triggered "Spawned_With_The_Bomb"
L 01/23/2020 - 15:09:29: World triggered "Round_Start"
L 01/23/2020 - 15:10:17: "JoHn_SpLeNdOuR_^<11><STEAM_2:1:233969738><TERRORIST>" killed "CEKC UHCTPYKTOP`<13><STEAM_1:0:1540573555><CT>" with "sg552"
L 01/23/2020 - 15:10:25: "THE-LAST-RIDE<8><STEAM_1:1:1316058917><CT>" disconnected
L 01/23/2020 - 15:10:25: Team "TERRORIST" triggered "Terrorists_Win" (CT "15") (T "4")
L 01/23/2020 - 15:10:25: World triggered "Round_End"
L 01/23/2020 - 15:10:30: "JoHn_SpLeNdOuR_^<11><STEAM_2:1:233969738><TERRORIST>" triggered "Spawned_With_The_Bomb"
L 01/23/2020 - 15:10:31: World triggered "Round_Start"
L 01/23/2020 - 15:10:50: "JoHn_SpLeNdOuR_^<11><STEAM_2:1:233969738><TERRORIST>" killed "CEKC UHCTPYKTOP`<13><STEAM_1:0:1540573555><CT>" with "galil"
L 01/23/2020 - 15:10:50: Team "TERRORIST" triggered "Terrorists_Win" (CT "15") (T "5")
L 01/23/2020 - 15:10:50: World triggered "Round_End"
L 01/23/2020 - 15:10:55: "lol<1><STEAM_2:0:1214014100><TERRORIST>" triggered "Spawned_With_The_Bomb"
L 01/23/2020 - 15:10:56: World triggered "Round_Start"
L 01/23/2020 - 15:11:17: "JoHn_SpLeNdOuR_^<11><STEAM_2:1:233969738><TERRORIST>" killed "CEKC UHCTPYKTOP`<13><STEAM_1:0:1540573555><CT>" with "galil"
L 01/23/2020 - 15:11:17: Team "TERRORIST" triggered "Terrorists_Win" (CT "15") (T "6")
L 01/23/2020 - 15:11:17: World triggered "Round_End"
L 01/23/2020 - 15:11:19: "lol<1><STEAM_2:0:1214014100><TERRORIST>" triggered "Planted_The_Bomb"
L 01/23/2020 - 15:11:22: "JoHn_SpLeNdOuR_^<11><STEAM_2:1:233969738><TERRORIST>" triggered "Spawned_With_The_Bomb"
L 01/23/2020 - 15:11:23: World triggered "Round_Start"
L 01/23/2020 - 15:11:38: "lol<1><STEAM_2:0:1214014100><TERRORIST>" killed "JoHn_SpLeNdOuR_^<11><STEAM_2:1:233969738><TERRORIST>" with "tracktrain"
L 01/23/2020 - 15:11:38: "JoHn_SpLeNdOuR_^<11><STEAM_2:1:233969738><TERRORIST>" triggered "Dropped_The_Bomb"
L 01/23/2020 - 15:11:47: "lol<1><STEAM_2:0:1214014100><TERRORIST>" triggered "Got_The_Bomb"
L 01/23/2020 - 15:11:52: "lol<1><STEAM_2:0:1214014100><TERRORIST>" triggered "Planted_The_Bomb"
L 01/23/2020 - 15:12:27: Team "TERRORIST" triggered "Target_Bombed" (CT "15") (T "7")
L 01/23/2020 - 15:12:27: World triggered "Round_End"
L 01/23/2020 - 15:12:32: "lol<1><STEAM_2:0:1214014100><TERRORIST>" triggered "Spawned_With_The_Bomb"
L 01/23/2020 - 15:12:33: World triggered "Round_Start"
L 01/23/2020 - 15:12:59: "lol<1><STEAM_2:0:1214014100><TERRORIST>" triggered "Planted_The_Bomb"
L 01/23/2020 - 15:13:01: "CEKC UHCTPYKTOP`<13><STEAM_1:0:1540573555><CT>" killed "JoHn_SpLeNdOuR_^<11><STEAM_2:1:233969738><TERRORIST>" with "usp"
L 01/23/2020 - 15:13:10: "JoHn_SpLeNdOuR_^<11><STEAM_2:1:233969738><TERRORIST>" disconnected
L 01/23/2020 - 15:13:34: Team "TERRORIST" triggered "Target_Bombed" (CT "15") (T "8")
L 01/23/2020 - 15:13:34: World triggered "Round_End"
L 01/23/2020 - 15:13:34: "CEKC UHCTPYKTOP`<13><STEAM_1:0:1540573555><CT>" committed suicide with "worldspawn" (world)
L 01/23/2020 - 15:13:39: "lol<1><STEAM_2:0:1214014100><TERRORIST>" triggered "Spawned_With_The_Bomb"
L 01/23/2020 - 15:13:40: World triggered "Round_Start"
L 01/23/2020 - 15:14:20: [REUNION]: W202 (178.254.204.152) authorized as NoSteam47
L 01/23/2020 - 15:14:20: "W202<14><VALVE_ID_LAN><>" connected, address "178.254.204.152:27005"
L 01/23/2020 - 15:14:23: Server cvar "amx_nextmap" = "GM_StarWars"
L 01/23/2020 - 15:14:33: [REUNION]: W202 (178.254.204.152) authorized as NoSteam47
L 01/23/2020 - 15:14:33: "W202<15><VALVE_ID_LAN><>" connected, address "178.254.204.152:27005"
L 01/23/2020 - 15:15:07: "lol<1><STEAM_2:0:1214014100><TERRORIST>" killed "CEKC UHCTPYKTOP`<13><STEAM_1:0:1540573555><CT>" with "galil"
L 01/23/2020 - 15:15:07: Team "TERRORIST" triggered "Terrorists_Win" (CT "15") (T "9")
L 01/23/2020 - 15:15:07: World triggered "Round_End"
L 01/23/2020 - 15:15:12: "lol<1><STEAM_2:0:1214014100><TERRORIST>" triggered "Spawned_With_The_Bomb"
L 01/23/2020 - 15:15:13: World triggered "Round_Start"
L 01/23/2020 - 15:15:13: Server cvar "sv_maxspeed" = "0.000000"
L 01/23/2020 - 15:15:13: Server cvar "mp_friendlyfire" = "1"
L 01/23/2020 - 15:15:24: Server cvar "sv_maxspeed" = "900.000000"
L 01/23/2020 - 15:15:24: Server cvar "mp_friendlyfire" = "0"
L 01/23/2020 - 15:15:24: [META] ini: Begin re-reading plugins list: /home/rented/public9/cstrike/addons/metamod/plugins.ini
L 01/23/2020 - 15:15:24: [META] ini: Read plugin config for: SafeNameAndChat
L 01/23/2020 - 15:15:24: [META] ini: Read plugin config for: AMX Mod X
L 01/23/2020 - 15:15:24: [META] ini: Read plugin config for: Reunion
L 01/23/2020 - 15:15:24: [META] ini: Read plugin config for: ReAuthCheck
L 01/23/2020 - 15:15:24: [META] ini: Read plugin config for: WHBlocker
L 01/23/2020 - 15:15:24: [META] ini: Read plugin config for: ReSemiclip
L 01/23/2020 - 15:15:24: [META] ini: Read plugin config for: Revoice
L 01/23/2020 - 15:15:24: [META] ini: Finished reading plugins list: /home/rented/public9/cstrike/addons/metamod/plugins.ini; Found 7 plugins
L 01/23/2020 - 15:15:24: [META] dll: Updating plugins...
L 01/23/2020 - 15:15:24: [META] WARNING: Cannot clear plugin 'SafeNameAndChat'; not marked as failed, empty, or open (status=valid)
L 01/23/2020 - 15:15:24: [META] dll: Unloaded plugin 'SafeNameAndChat' for reason 'file on disk is newer'
L 01/23/2020 - 15:15:24: [META] dll: Loaded plugin 'SafeNameAndChat': SafeNameAndChat v1.1 2017.02.01, WPMG.PRoSToC0der
L 01/23/2020 - 15:15:24: [META] WARNING: Cannot clear plugin 'WHBlocker'; not marked as failed, empty, or open (status=valid)
L 01/23/2020 - 15:15:24: [META] dll: Unloaded plugin 'WHBlocker' for reason 'file on disk is newer'
L 01/23/2020 - 15:15:24: [META] dll: Loaded plugin 'WHBlocker': WHBlocker v1.5.692 2017-04-13, s1lent
L 01/23/2020 - 15:15:24: [META] WARNING: Cannot clear plugin 'ReSemiclip'; not marked as failed, empty, or open (status=valid)
L 01/23/2020 - 15:15:24: [META] dll: Unloaded plugin 'ReSemiclip' for reason 'file on disk is newer'
L 01/23/2020 - 15:15:24: [META] dll: Loaded plugin 'ReSemiclip': ReSemiclip v2.3.9 13/02/17, s1lent & Adidasman
L 01/23/2020 - 15:15:24: [META] dll: Finished updating 14 plugins; kept 0, loaded 0, unloaded 0, reloaded 3, delayed 0
L 01/23/2020 - 15:15:24: "lol<1><STEAM_2:0:1214014100><TERRORIST>" disconnected
L 01/23/2020 - 15:15:24: "W202<15><VALVE_ID_LAN><TERRORIST>" disconnected
L 01/23/2020 - 15:15:24: "CEKC UHCTPYKTOP`<13><STEAM_1:0:1540573555><CT>" disconnected
L 01/23/2020 - 15:15:24: World triggered "Round_Draw" (CT "15") (T "9")
L 01/23/2020 - 15:15:24: World triggered "Round_End"
L 01/23/2020 - 15:15:24: Log file closed
