L 01/22/2020 - 20:21:18: Log file started (file "logs/L0122076.log") (game "cstrike") (version "48/1.1.2.7/Stdio/1621")
L 01/22/2020 - 20:21:18: Loading map "awp_snowfun2"
L 01/22/2020 - 20:21:18: Server cvars start
L 01/22/2020 - 20:21:18: Server cvar "@BunnyHopper" = "3.x"
L 01/22/2020 - 20:21:18: Server cvar "@CRXGoSpec" = "1.1"
L 01/22/2020 - 20:21:18: Server cvar "@CRXRemoveImmunity" = "1.0"
L 01/22/2020 - 20:21:18: Server cvar "@D.I.C.E." = "1.1"
L 01/22/2020 - 20:21:18: Server cvar "@MOTDCommands" = "1.2"
L 01/22/2020 - 20:21:18: Server cvar "advanced_quake_sounds" = "5.0"
L 01/22/2020 - 20:21:18: Server cvar "AdvancedMute" = "1.0"
L 01/22/2020 - 20:21:18: Server cvar "aesp_version" = "1.3"
L 01/22/2020 - 20:21:18: Server cvar "allow_spectators" = "1.0"
L 01/22/2020 - 20:21:18: Server cvar "amx_client_languages" = "1"
L 01/22/2020 - 20:21:18: Server cvar "amx_language" = "en"
L 01/22/2020 - 20:21:18: Server cvar "amx_nextmap" = "awp_snowfun2"
L 01/22/2020 - 20:21:18: Server cvar "amx_ptb_version" = "1.8b3"
L 01/22/2020 - 20:21:18: Server cvar "amx_timeleft" = "00:00"
L 01/22/2020 - 20:21:18: Server cvar "amxmodx_version" = "1.8.2"
L 01/22/2020 - 20:21:18: Server cvar "amxxbg_vip" = "1.0"
L 01/22/2020 - 20:21:18: Server cvar "asp_version" = "4.5.1"
L 01/22/2020 - 20:21:18: Server cvar "atac_version" = "3.0.1"
L 01/22/2020 - 20:21:18: Server cvar "badcamper_version" = "1.4 beta"
L 01/22/2020 - 20:21:18: Server cvar "blockmaker" = "4.01"
L 01/22/2020 - 20:21:18: Server cvar "c4 timer" = "1.1"
L 01/22/2020 - 20:21:18: Server cvar "coop" = "0"
L 01/22/2020 - 20:21:18: Server cvar "CRXAdminGroups" = "1.0"
L 01/22/2020 - 20:21:18: Server cvar "CRXCommandRestrictions" = "1.0"
L 01/22/2020 - 20:21:18: Server cvar "CRXFastKnife" = "1.0"
L 01/22/2020 - 20:21:18: Server cvar "CRXGametracker" = "2.0"
L 01/22/2020 - 20:21:18: Server cvar "CRXKnifeModels" = "2.5.7"
L 01/22/2020 - 20:21:18: Server cvar "CRXTeamAdvantage" = "1.0"
L 01/22/2020 - 20:21:18: Server cvar "CustomShop" = "4.2"
L 01/22/2020 - 20:21:18: Server cvar "deathmatch" = "1"
L 01/22/2020 - 20:21:18: Server cvar "decalfrequency" = "0"
L 01/22/2020 - 20:21:18: Server cvar "edgefriction" = "2"
L 01/22/2020 - 20:21:18: Server cvar "ers_version" = "2.3c"
L 01/22/2020 - 20:21:18: Server cvar "gagsystem_shoko" = "1.0"
L 01/22/2020 - 20:21:18: Server cvar "gal_mapcyclefile" = "mapcycle.txt"
L 01/22/2020 - 20:21:18: Server cvar "gal_version" = "v5.9.1-926"
L 01/22/2020 - 20:21:18: Server cvar "game_version" = "5.7.0.313-dev"
L 01/22/2020 - 20:21:18: Server cvar "humans_join_team" = "any"
L 01/22/2020 - 20:21:18: Server cvar "jtp10181" = "chute,gore"
L 01/22/2020 - 20:21:18: Server cvar "lawliet" = "ny_RainingSnow"
L 01/22/2020 - 20:21:18: Server cvar "LetitSnow" = "1.0"
L 01/22/2020 - 20:21:18: Server cvar "map_spawns" = "T(16) CT(16)"
L 01/22/2020 - 20:21:18: Server cvar "max_queries_sec" = "3"
L 01/22/2020 - 20:21:18: Server cvar "max_queries_sec_global" = "150"
L 01/22/2020 - 20:21:18: Server cvar "max_queries_window" = "60"
L 01/22/2020 - 20:21:18: Server cvar "mdbBans" = "4.8"
L 01/22/2020 - 20:21:18: Server cvar "metamod_version" = "1.21p37"
L 01/22/2020 - 20:21:18: Server cvar "mp_autokick" = "0"
L 01/22/2020 - 20:21:18: Server cvar "mp_autokick_timeout" = "-1"
L 01/22/2020 - 20:21:18: Server cvar "mp_autoteambalance" = "0"
L 01/22/2020 - 20:21:18: Server cvar "mp_buytime" = "1"
L 01/22/2020 - 20:21:18: Server cvar "mp_c4timer" = "35"
L 01/22/2020 - 20:21:18: Server cvar "mp_chattime" = "10"
L 01/22/2020 - 20:21:18: Server cvar "mp_consistency" = "1"
L 01/22/2020 - 20:21:18: Server cvar "mp_fadetoblack" = "0"
L 01/22/2020 - 20:21:18: Server cvar "mp_flashlight" = "1"
L 01/22/2020 - 20:21:18: Server cvar "mp_footsteps" = "1"
L 01/22/2020 - 20:21:18: Server cvar "mp_forcecamera" = "0"
L 01/22/2020 - 20:21:18: Server cvar "mp_forcechasecam" = "0"
L 01/22/2020 - 20:21:18: Server cvar "mp_forcerespawn" = "0"
L 01/22/2020 - 20:21:18: Server cvar "mp_fraglimit" = "0"
L 01/22/2020 - 20:21:18: Server cvar "mp_fragsleft" = "0"
L 01/22/2020 - 20:21:18: Server cvar "mp_freeforall" = "0"
L 01/22/2020 - 20:21:18: Server cvar "mp_freezetime" = "1"
L 01/22/2020 - 20:21:18: Server cvar "mp_friendlyfire" = "0"
L 01/22/2020 - 20:21:18: Server cvar "mp_hostage_hurtable" = "1"
L 01/22/2020 - 20:21:18: Server cvar "mp_hostagepenalty" = "0"
L 01/22/2020 - 20:21:18: Server cvar "mp_item_staytime" = "300"
L 01/22/2020 - 20:21:18: Server cvar "mp_kickpercent" = "0.66"
L 01/22/2020 - 20:21:18: Server cvar "mp_legacy_bombtarget_touch" = "1"
L 01/22/2020 - 20:21:18: Server cvar "mp_limitteams" = "1"
L 01/22/2020 - 20:21:18: Server cvar "mp_logdetail" = "0"
L 01/22/2020 - 20:21:18: Server cvar "mp_logfile" = "1"
L 01/22/2020 - 20:21:18: Server cvar "mp_logmessages" = "1"
L 01/22/2020 - 20:21:18: Server cvar "mp_mapvoteratio" = "0.66"
L 01/22/2020 - 20:21:18: Server cvar "mp_maxmoney" = "999999"
L 01/22/2020 - 20:21:18: Server cvar "mp_maxrounds" = "0"
L 01/22/2020 - 20:21:18: Server cvar "mp_mirrordamage" = "0"
L 01/22/2020 - 20:21:18: Server cvar "mp_old_bomb_defused_sound" = "1"
L 01/22/2020 - 20:21:18: Server cvar "mp_playerid" = "0"
L 01/22/2020 - 20:21:18: Server cvar "mp_respawn_immunitytime" = "0"
L 01/22/2020 - 20:21:18: Server cvar "mp_round_infinite" = "0"
L 01/22/2020 - 20:21:18: Server cvar "mp_round_restart_delay" = "5"
L 01/22/2020 - 20:21:18: Server cvar "mp_roundover" = "0"
L 01/22/2020 - 20:21:18: Server cvar "mp_roundtime" = "2.3"
L 01/22/2020 - 20:21:18: Server cvar "mp_show_radioicon" = "1"
L 01/22/2020 - 20:21:18: Server cvar "mp_startmoney" = "850"
L 01/22/2020 - 20:21:18: Server cvar "mp_timeleft" = "00:00"
L 01/22/2020 - 20:21:18: Server cvar "mp_timelimit" = "10.000000"
L 01/22/2020 - 20:21:18: Server cvar "mp_tkpunish" = "0"
L 01/22/2020 - 20:21:18: Server cvar "mp_windifference" = "1"
L 01/22/2020 - 20:21:18: Server cvar "mp_winlimit" = "0"
L 01/22/2020 - 20:21:18: Server cvar "NoWeaponsOnGround" = "1.0"
L 01/22/2020 - 20:21:18: Server cvar "pausable" = "0"
L 01/22/2020 - 20:21:18: Server cvar "present_version" = "2.01"
L 01/22/2020 - 20:21:18: Server cvar "RandomHP" = "2.2"
L 01/22/2020 - 20:21:18: Server cvar "reauthcheck_version" = "0.1.6"
L 01/22/2020 - 20:21:18: Server cvar "reconnect_features" = "0.3.1"
L 01/22/2020 - 20:21:18: Server cvar "report_system_version" = "3.1"
L 01/22/2020 - 20:21:18: Server cvar "resemiclip_version" = "2.3.9"
L 01/22/2020 - 20:21:18: Server cvar "reu_version" = "0.1.0.130"
L 01/22/2020 - 20:21:18: Server cvar "revoice_version" = "0.1.0.30"
L 01/22/2020 - 20:21:18: Server cvar "sanksounds_version" = "1.8.6"
L 01/22/2020 - 20:21:18: Server cvar "SimpleMenu" = "1.1"
L 01/22/2020 - 20:21:18: Server cvar "SNAC_Version" = "1.1"
L 01/22/2020 - 20:21:18: Server cvar "SpecList" = "1.2a"
L 01/22/2020 - 20:21:18: Server cvar "sr_version" = "1.6"
L 01/22/2020 - 20:21:18: Server cvar "statsx_shell_ver" = "2.0.0 (BETA)"
L 01/22/2020 - 20:21:18: Server cvar "StyleC4Timer" = "2.1"
L 01/22/2020 - 20:21:18: Server cvar "sv_accelerate" = "5"
L 01/22/2020 - 20:21:18: Server cvar "sv_aim" = "1"
L 01/22/2020 - 20:21:18: Server cvar "sv_airaccelerate" = "100"
L 01/22/2020 - 20:21:18: Server cvar "sv_allowupload" = "1"
L 01/22/2020 - 20:21:18: Server cvar "sv_alltalk" = "1"
L 01/22/2020 - 20:21:18: Server cvar "sv_bounce" = "1"
L 01/22/2020 - 20:21:18: Server cvar "sv_cheats" = "0"
L 01/22/2020 - 20:21:18: Server cvar "sv_clienttrace" = "1"
L 01/22/2020 - 20:21:18: Server cvar "sv_contact" = "feruchio599@gmail.com"
L 01/22/2020 - 20:21:18: Server cvar "sv_friction" = "4"
L 01/22/2020 - 20:21:18: Server cvar "sv_gravity" = "800"
L 01/22/2020 - 20:21:18: Server cvar "sv_logblocks" = "0"
L 01/22/2020 - 20:21:18: Server cvar "sv_maxrate" = "50000"
L 01/22/2020 - 20:21:18: Server cvar "sv_maxspeed" = "320.000000"
L 01/22/2020 - 20:21:18: Server cvar "sv_minrate" = "10000"
L 01/22/2020 - 20:21:18: Server cvar "sv_password" = ""
L 01/22/2020 - 20:21:18: Server cvar "sv_proxies" = "1"
L 01/22/2020 - 20:21:18: Server cvar "sv_restart" = "0"
L 01/22/2020 - 20:21:18: Server cvar "sv_restartround" = "0"
L 01/22/2020 - 20:21:18: Server cvar "sv_stepsize" = "18"
L 01/22/2020 - 20:21:18: Server cvar "sv_stopspeed" = "75"
L 01/22/2020 - 20:21:18: Server cvar "sv_uploadmax" = "0.5"
L 01/22/2020 - 20:21:18: Server cvar "sv_version" = "1.1.2.7/Stdio,48,1621"
L 01/22/2020 - 20:21:18: Server cvar "sv_voiceenable" = "1"
L 01/22/2020 - 20:21:18: Server cvar "sv_wateraccelerate" = "10"
L 01/22/2020 - 20:21:18: Server cvar "sv_waterfriction" = "1"
L 01/22/2020 - 20:21:18: Server cvar "Team_Semiclip_version" = "3.3.1"
L 01/22/2020 - 20:21:18: Server cvar "vehicle_real_killer" = "1.1"
L 01/22/2020 - 20:21:18: Server cvar "WalkGuard" = "1.3.2"
L 01/22/2020 - 20:21:18: Server cvar "we_grenades" = "Huehue"
L 01/22/2020 - 20:21:18: Server cvar "we_player_models" = "Huehue"
L 01/22/2020 - 20:21:18: Server cvar "whb_version" = "1.5.692"
L 01/22/2020 - 20:21:18: Server cvar "zp_jp_version" = "Extra Item Jetpack+Bazooka v3.2"
L 01/22/2020 - 20:21:18: Server cvars end
L 01/22/2020 - 20:21:21: Server cvar "sv_maxspeed" = "900"
L 01/22/2020 - 20:21:21: Server cvar "mp_autoteambalance" = "1"
L 01/22/2020 - 20:21:21: Server cvar "mp_buytime" = "0.25"
L 01/22/2020 - 20:21:21: Server cvar "mp_timelimit" = "20"
L 01/22/2020 - 20:21:21: Server cvar "RRWM" = "2.0"
L 01/22/2020 - 20:21:21: Server cvar "mp_autoteambalance" = "0"
L 01/22/2020 - 20:21:21: Server cvar "mp_limitteams" = "0"
L 01/22/2020 - 20:21:21: Server cvar "amx_nextmap" = "[not yet voted on]"
L 01/22/2020 - 20:21:23: Started map "awp_snowfun2" (CRC "1799787328")
L 01/22/2020 - 20:21:25: World triggered "Round_Start"
L 01/22/2020 - 20:21:26: "Bonno<9><STEAM_1:1:794573339><>" entered the game
L 01/22/2020 - 20:21:26: [REUNION]: Florin (212.54.117.100) authorized as RevEmu
L 01/22/2020 - 20:21:26: "Florin<10><STEAM_1:1:464508280><>" connected, address "212.54.117.100:27005"
L 01/22/2020 - 20:21:27: "Limp BiskiT<8><STEAM_1:0:436762595><>" entered the game
L 01/22/2020 - 20:21:28: "XxXgeorgiXxx :)<2><VALVE_ID_LAN><>" entered the game
L 01/22/2020 - 20:21:28: "Bonno<9><STEAM_1:1:794573339><>" joined team "CT"
L 01/22/2020 - 20:21:29: "Limp BiskiT<8><STEAM_1:0:436762595><>" joined team "TERRORIST"
L 01/22/2020 - 20:21:30: World triggered "Game_Commencing"
L 01/22/2020 - 20:21:30: World triggered "Game_Commencing" (CT "0") (T "0")
L 01/22/2020 - 20:21:30: World triggered "Round_End"
L 01/22/2020 - 20:21:30: "Florin<10><STEAM_1:1:464508280><>" entered the game
L 01/22/2020 - 20:21:31: "XxXgeorgiXxx :)<2><VALVE_ID_LAN><>" joined team "TERRORIST"
L 01/22/2020 - 20:21:33: "Florin<10><STEAM_1:1:464508280><>" joined team "CT"
L 01/22/2020 - 20:21:33: "XxXgeorgiXxx :)<2><VALVE_ID_LAN><TERRORIST>" triggered "Spawned_With_The_Bomb"
L 01/22/2020 - 20:21:34: World triggered "Round_Start"
L 01/22/2020 - 20:21:46: "Limp BiskiT<8><STEAM_1:0:436762595><TERRORIST>" killed "Florin<10><STEAM_1:1:464508280><CT>" with "deagle"
L 01/22/2020 - 20:21:51: "XxXgeorgiXxx :)<2><VALVE_ID_LAN><TERRORIST>" triggered "Planted_The_Bomb"
L 01/22/2020 - 20:21:54: "jesse_pinkman<11><STEAM_0:1:526796648><>" connected, address "91.148.164.81:27005"
L 01/22/2020 - 20:21:54: "jesse_pinkman<11><STEAM_0:1:526796648><>" STEAM USERID validated
L 01/22/2020 - 20:21:56: "Bonno<9><STEAM_1:1:794573339><CT>" killed "XxXgeorgiXxx :)<2><VALVE_ID_LAN><TERRORIST>" with "usp"
L 01/22/2020 - 20:22:03: "jesse_pinkman<11><STEAM_0:1:526796648><>" entered the game
L 01/22/2020 - 20:22:05: "jesse_pinkman<11><STEAM_0:1:526796648><>" joined team "CT"
L 01/22/2020 - 20:22:09: "Limp BiskiT<8><STEAM_1:0:436762595><TERRORIST>" killed "Bonno<9><STEAM_1:1:794573339><CT>" with "deagle"
L 01/22/2020 - 20:22:09: Team "TERRORIST" triggered "Terrorists_Win" (CT "0") (T "1")
L 01/22/2020 - 20:22:09: World triggered "Round_End"
L 01/22/2020 - 20:22:14: "Limp BiskiT<8><STEAM_1:0:436762595><TERRORIST>" triggered "Spawned_With_The_Bomb"
L 01/22/2020 - 20:22:15: World triggered "Round_Start"
L 01/22/2020 - 20:22:27: "Limp BiskiT<8><STEAM_1:0:436762595><TERRORIST>" killed "Florin<10><STEAM_1:1:464508280><CT>" with "ak47"
L 01/22/2020 - 20:22:33: "Limp BiskiT<8><STEAM_1:0:436762595><TERRORIST>" killed "jesse_pinkman<11><STEAM_0:1:526796648><CT>" with "ak47"
L 01/22/2020 - 20:22:36: "XxXgeorgiXxx :)<2><VALVE_ID_LAN><TERRORIST>" killed "Bonno<9><STEAM_1:1:794573339><CT>" with "scout"
L 01/22/2020 - 20:22:36: Team "TERRORIST" triggered "Terrorists_Win" (CT "0") (T "2")
L 01/22/2020 - 20:22:36: World triggered "Round_End"
L 01/22/2020 - 20:22:41: "XxXgeorgiXxx :)<2><VALVE_ID_LAN><TERRORIST>" triggered "Spawned_With_The_Bomb"
L 01/22/2020 - 20:22:42: World triggered "Round_Start"
L 01/22/2020 - 20:22:56: "Florin<10><STEAM_1:1:464508280><CT>" killed "Limp BiskiT<8><STEAM_1:0:436762595><TERRORIST>" with "m4a1"
L 01/22/2020 - 20:22:58: "XxXgeorgiXxx :)<2><VALVE_ID_LAN><TERRORIST>" killed "Florin<10><STEAM_1:1:464508280><CT>" with "scout"
L 01/22/2020 - 20:23:00: "Bonno<9><STEAM_1:1:794573339><CT>" killed "XxXgeorgiXxx :)<2><VALVE_ID_LAN><TERRORIST>" with "scout"
L 01/22/2020 - 20:23:00: Team "CT" triggered "CTs_Win" (CT "1") (T "2")
L 01/22/2020 - 20:23:00: World triggered "Round_End"
L 01/22/2020 - 20:23:05: "Limp BiskiT<8><STEAM_1:0:436762595><TERRORIST>" triggered "Spawned_With_The_Bomb"
L 01/22/2020 - 20:23:06: World triggered "Round_Start"
L 01/22/2020 - 20:23:24: "Bonno<9><STEAM_1:1:794573339><CT>" killed "Limp BiskiT<8><STEAM_1:0:436762595><TERRORIST>" with "scout"
L 01/22/2020 - 20:23:24: "Limp BiskiT<8><STEAM_1:0:436762595><TERRORIST>" triggered "Dropped_The_Bomb"
L 01/22/2020 - 20:23:51: "Florin<10><STEAM_1:1:464508280><CT>" killed "XxXgeorgiXxx :)<2><VALVE_ID_LAN><TERRORIST>" with "scout"
L 01/22/2020 - 20:23:51: Team "CT" triggered "CTs_Win" (CT "2") (T "2")
L 01/22/2020 - 20:23:51: World triggered "Round_End"
L 01/22/2020 - 20:23:56: "XxXgeorgiXxx :)<2><VALVE_ID_LAN><TERRORIST>" triggered "Spawned_With_The_Bomb"
L 01/22/2020 - 20:23:57: World triggered "Round_Start"
L 01/22/2020 - 20:24:16: "Limp BiskiT<8><STEAM_1:0:436762595><TERRORIST>" killed "jesse_pinkman<11><STEAM_0:1:526796648><CT>" with "usp"
L 01/22/2020 - 20:24:24: "Florin<10><STEAM_1:1:464508280><CT>" killed "XxXgeorgiXxx :)<2><VALVE_ID_LAN><TERRORIST>" with "mac10"
L 01/22/2020 - 20:24:32: "Bonno<9><STEAM_1:1:794573339><CT>" killed "Limp BiskiT<8><STEAM_1:0:436762595><TERRORIST>" with "usp"
L 01/22/2020 - 20:24:32: Team "CT" triggered "CTs_Win" (CT "3") (T "2")
L 01/22/2020 - 20:24:32: World triggered "Round_End"
L 01/22/2020 - 20:24:37: "Florin<10><STEAM_1:1:464508280><CT>" joined team "TERRORIST"
L 01/22/2020 - 20:24:37: "<><><>" triggered "amx_chat" (text "[PTB] Transfered Florin to TERRORIST")
L 01/22/2020 - 20:24:37: "Florin<10><STEAM_1:1:464508280><TERRORIST>" triggered "Spawned_With_The_Bomb"
L 01/22/2020 - 20:24:38: World triggered "Round_Start"
L 01/22/2020 - 20:24:47: "jesse_pinkman<11><STEAM_0:1:526796648><CT>" killed "Limp BiskiT<8><STEAM_1:0:436762595><TERRORIST>" with "m4a1"
L 01/22/2020 - 20:24:57: "XxXgeorgiXxx :)<2><VALVE_ID_LAN><TERRORIST>" killed "jesse_pinkman<11><STEAM_0:1:526796648><CT>" with "glock18"
L 01/22/2020 - 20:25:06: "XxXgeorgiXxx :)<2><VALVE_ID_LAN><TERRORIST>" killed "Bonno<9><STEAM_1:1:794573339><CT>" with "scout"
L 01/22/2020 - 20:25:06: Team "TERRORIST" triggered "Terrorists_Win" (CT "3") (T "3")
L 01/22/2020 - 20:25:06: World triggered "Round_End"
L 01/22/2020 - 20:25:11: "Limp BiskiT<8><STEAM_1:0:436762595><TERRORIST>" joined team "CT"
L 01/22/2020 - 20:25:11: "<><><>" triggered "amx_chat" (text "[PTB] Transfered Limp BiskiT to CT")
L 01/22/2020 - 20:25:11: "XxXgeorgiXxx :)<2><VALVE_ID_LAN><TERRORIST>" triggered "Spawned_With_The_Bomb"
L 01/22/2020 - 20:25:12: World triggered "Round_Start"
L 01/22/2020 - 20:25:23: "Bonno<9><STEAM_1:1:794573339><CT>" killed "Florin<10><STEAM_1:1:464508280><TERRORIST>" with "m4a1"
L 01/22/2020 - 20:25:25: "Florin<10><STEAM_1:1:464508280><TERRORIST>" disconnected
L 01/22/2020 - 20:25:30: "XxXgeorgiXxx :)<2><VALVE_ID_LAN><TERRORIST>" killed "Bonno<9><STEAM_1:1:794573339><CT>" with "scout"
L 01/22/2020 - 20:25:36: "Limp BiskiT<8><STEAM_1:0:436762595><CT>" killed "XxXgeorgiXxx :)<2><VALVE_ID_LAN><TERRORIST>" with "aug"
L 01/22/2020 - 20:25:36: Team "CT" triggered "CTs_Win" (CT "4") (T "3")
L 01/22/2020 - 20:25:36: World triggered "Round_End"
L 01/22/2020 - 20:25:40: "Bonno<9><STEAM_1:1:794573339><CT>" joined team "TERRORIST"
L 01/22/2020 - 20:25:40: "<><><>" triggered "amx_chat" (text "[PTB] Transfered Bonno to TERRORIST")
L 01/22/2020 - 20:25:41: "Bonno<9><STEAM_1:1:794573339><TERRORIST>" triggered "Spawned_With_The_Bomb"
L 01/22/2020 - 20:25:42: World triggered "Round_Start"
L 01/22/2020 - 20:25:54: "Limp BiskiT<8><STEAM_1:0:436762595><CT>" killed "XxXgeorgiXxx :)<2><VALVE_ID_LAN><TERRORIST>" with "aug"
L 01/22/2020 - 20:25:58: "jesse_pinkman<11><STEAM_0:1:526796648><CT>" killed "Bonno<9><STEAM_1:1:794573339><TERRORIST>" with "m4a1"
L 01/22/2020 - 20:25:58: Team "CT" triggered "CTs_Win" (CT "5") (T "3")
L 01/22/2020 - 20:25:58: World triggered "Round_End"
L 01/22/2020 - 20:26:03: "XxXgeorgiXxx :)<2><VALVE_ID_LAN><TERRORIST>" triggered "Spawned_With_The_Bomb"
L 01/22/2020 - 20:26:04: World triggered "Round_Start"
L 01/22/2020 - 20:26:15: "jesse_pinkman<11><STEAM_0:1:526796648><CT>" killed "Bonno<9><STEAM_1:1:794573339><TERRORIST>" with "m4a1"
L 01/22/2020 - 20:26:42: "Limp BiskiT<8><STEAM_1:0:436762595><CT>" killed "XxXgeorgiXxx :)<2><VALVE_ID_LAN><TERRORIST>" with "aug"
L 01/22/2020 - 20:26:42: Team "CT" triggered "CTs_Win" (CT "6") (T "3")
L 01/22/2020 - 20:26:42: World triggered "Round_End"
L 01/22/2020 - 20:26:47: "Bonno<9><STEAM_1:1:794573339><TERRORIST>" triggered "Spawned_With_The_Bomb"
L 01/22/2020 - 20:26:48: World triggered "Round_Start"
L 01/22/2020 - 20:26:56: "Bonno<9><STEAM_1:1:794573339><TERRORIST>" killed "jesse_pinkman<11><STEAM_0:1:526796648><CT>" with "scout"
L 01/22/2020 - 20:26:57: "Limp BiskiT<8><STEAM_1:0:436762595><CT>" killed "Bonno<9><STEAM_1:1:794573339><TERRORIST>" with "aug"
L 01/22/2020 - 20:26:57: "Bonno<9><STEAM_1:1:794573339><TERRORIST>" triggered "Dropped_The_Bomb"
L 01/22/2020 - 20:27:03: "XxXgeorgiXxx :)<2><VALVE_ID_LAN><TERRORIST>" killed "Limp BiskiT<8><STEAM_1:0:436762595><CT>" with "scout"
L 01/22/2020 - 20:27:03: Team "TERRORIST" triggered "Terrorists_Win" (CT "6") (T "4")
L 01/22/2020 - 20:27:03: World triggered "Round_End"
L 01/22/2020 - 20:27:08: "XxXgeorgiXxx :)<2><VALVE_ID_LAN><TERRORIST>" triggered "Spawned_With_The_Bomb"
L 01/22/2020 - 20:27:09: World triggered "Round_Start"
L 01/22/2020 - 20:27:16: "Bonno<9><STEAM_1:1:794573339><TERRORIST>" killed "jesse_pinkman<11><STEAM_0:1:526796648><CT>" with "ak47"
L 01/22/2020 - 20:27:26: "XxXgeorgiXxx :)<2><VALVE_ID_LAN><TERRORIST>" killed "Limp BiskiT<8><STEAM_1:0:436762595><CT>" with "sg552"
L 01/22/2020 - 20:27:26: Team "TERRORIST" triggered "Terrorists_Win" (CT "6") (T "5")
L 01/22/2020 - 20:27:26: World triggered "Round_End"
L 01/22/2020 - 20:27:29: "Bonno<9><STEAM_1:1:794573339><TERRORIST>" disconnected
L 01/22/2020 - 20:27:31: "XxXgeorgiXxx :)<2><VALVE_ID_LAN><TERRORIST>" triggered "Spawned_With_The_Bomb"
L 01/22/2020 - 20:27:32: World triggered "Round_Start"
L 01/22/2020 - 20:27:55: "XxXgeorgiXxx :)<2><VALVE_ID_LAN><TERRORIST>" killed "jesse_pinkman<11><STEAM_0:1:526796648><CT>" with "sg552"
L 01/22/2020 - 20:28:13: "Limp BiskiT<8><STEAM_1:0:436762595><CT>" killed "XxXgeorgiXxx :)<2><VALVE_ID_LAN><TERRORIST>" with "usp"
L 01/22/2020 - 20:28:13: Team "CT" triggered "CTs_Win" (CT "7") (T "5")
L 01/22/2020 - 20:28:13: World triggered "Round_End"
L 01/22/2020 - 20:28:18: "XxXgeorgiXxx :)<2><VALVE_ID_LAN><TERRORIST>" triggered "Spawned_With_The_Bomb"
L 01/22/2020 - 20:28:19: "jesse_pinkman<11><STEAM_0:1:526796648><CT>" disconnected
L 01/22/2020 - 20:28:19: "XxXgeorgiXxx :)<2><VALVE_ID_LAN><TERRORIST>" triggered "Dropped_The_Bomb"
L 01/22/2020 - 20:28:19: "XxXgeorgiXxx :)<2><VALVE_ID_LAN><TERRORIST>" disconnected
L 01/22/2020 - 20:28:19: World triggered "Round_Start"
L 01/22/2020 - 20:28:40: "Limp BiskiT<8><STEAM_1:0:436762595><CT>" disconnected
L 01/22/2020 - 20:28:40: World triggered "Round_Draw" (CT "7") (T "5")
L 01/22/2020 - 20:28:40: World triggered "Round_End"
L 01/22/2020 - 20:28:46: World triggered "Round_Start"
L 01/22/2020 - 20:31:04: Team "CT" triggered "Target_Saved" (CT "7") (T "5")
L 01/22/2020 - 20:31:04: World triggered "Round_End"
L 01/22/2020 - 20:31:10: World triggered "Round_Start"
L 01/22/2020 - 20:31:18: [REUNION]: lol (176.122.114.213) authorized as RevEmu
L 01/22/2020 - 20:31:18: "lol<12><STEAM_2:0:1214014100><>" connected, address "176.122.114.213:27005"
L 01/22/2020 - 20:31:24: [REUNION]: lol (176.122.114.213) authorized as RevEmu
L 01/22/2020 - 20:31:24: "lol<13><STEAM_2:0:1214014100><>" connected, address "176.122.114.213:27005"
L 01/22/2020 - 20:31:38: "lol<13><STEAM_2:0:1214014100><>" entered the game
L 01/22/2020 - 20:31:42: "lol<13><STEAM_2:0:1214014100><>" joined team "CT"
L 01/22/2020 - 20:33:28: Team "CT" triggered "Target_Saved" (CT "7") (T "5")
L 01/22/2020 - 20:33:28: World triggered "Round_End"
L 01/22/2020 - 20:33:34: World triggered "Round_Start"
L 01/22/2020 - 20:35:01: Server cvar "amx_nextmap" = "awesome_cars2"
L 01/22/2020 - 20:35:07: Server cvar "sv_maxspeed" = "0.000000"
L 01/22/2020 - 20:35:07: Server cvar "mp_friendlyfire" = "1"
L 01/22/2020 - 20:35:17: [REUNION]: -EnErGy Boy+ (79.126.209.170) authorized as RevEmu
L 01/22/2020 - 20:35:17: "-EnErGy Boy+<14><STEAM_1:0:1304638082><>" connected, address "79.126.209.170:27005"
L 01/22/2020 - 20:35:18: Server cvar "sv_maxspeed" = "900.000000"
L 01/22/2020 - 20:35:18: Server cvar "mp_friendlyfire" = "0"
L 01/22/2020 - 20:35:18: [META] ini: Begin re-reading plugins list: /home/rented/public9/cstrike/addons/metamod/plugins.ini
L 01/22/2020 - 20:35:18: [META] ini: Read plugin config for: SafeNameAndChat
L 01/22/2020 - 20:35:18: [META] ini: Read plugin config for: AMX Mod X
L 01/22/2020 - 20:35:18: [META] ini: Read plugin config for: Reunion
L 01/22/2020 - 20:35:18: [META] ini: Read plugin config for: ReAuthCheck
L 01/22/2020 - 20:35:18: [META] ini: Read plugin config for: WHBlocker
L 01/22/2020 - 20:35:18: [META] ini: Read plugin config for: ReSemiclip
L 01/22/2020 - 20:35:18: [META] ini: Read plugin config for: Revoice
L 01/22/2020 - 20:35:18: [META] ini: Finished reading plugins list: /home/rented/public9/cstrike/addons/metamod/plugins.ini; Found 7 plugins
L 01/22/2020 - 20:35:18: [META] dll: Updating plugins...
L 01/22/2020 - 20:35:18: [META] WARNING: Cannot clear plugin 'SafeNameAndChat'; not marked as failed, empty, or open (status=valid)
L 01/22/2020 - 20:35:18: [META] dll: Unloaded plugin 'SafeNameAndChat' for reason 'file on disk is newer'
L 01/22/2020 - 20:35:18: [META] dll: Loaded plugin 'SafeNameAndChat': SafeNameAndChat v1.1 2017.02.01, WPMG.PRoSToC0der
L 01/22/2020 - 20:35:18: [META] WARNING: Cannot clear plugin 'WHBlocker'; not marked as failed, empty, or open (status=valid)
L 01/22/2020 - 20:35:18: [META] dll: Unloaded plugin 'WHBlocker' for reason 'file on disk is newer'
L 01/22/2020 - 20:35:18: [META] dll: Loaded plugin 'WHBlocker': WHBlocker v1.5.692 2017-04-13, s1lent
L 01/22/2020 - 20:35:18: [META] WARNING: Cannot clear plugin 'ReSemiclip'; not marked as failed, empty, or open (status=valid)
L 01/22/2020 - 20:35:18: [META] dll: Unloaded plugin 'ReSemiclip' for reason 'file on disk is newer'
L 01/22/2020 - 20:35:18: [META] dll: Loaded plugin 'ReSemiclip': ReSemiclip v2.3.9 13/02/17, s1lent & Adidasman
L 01/22/2020 - 20:35:18: [META] dll: Finished updating 14 plugins; kept 0, loaded 0, unloaded 0, reloaded 3, delayed 0
L 01/22/2020 - 20:35:18: "lol<13><STEAM_2:0:1214014100><CT>" disconnected
L 01/22/2020 - 20:35:18: World triggered "Round_Draw" (CT "7") (T "5")
L 01/22/2020 - 20:35:18: World triggered "Round_End"
L 01/22/2020 - 20:35:18: "-EnErGy Boy+<14><STEAM_1:0:1304638082><TERRORIST>" disconnected
L 01/22/2020 - 20:35:18: Log file closed
