L 01/22/2020 - 19:13:17: Log file started (file "logs/L0122072.log") (game "cstrike") (version "48/1.1.2.7/Stdio/1621")
L 01/22/2020 - 19:13:17: Loading map "awesome_cars"
L 01/22/2020 - 19:13:17: Server cvars start
L 01/22/2020 - 19:13:17: Server cvar "@BunnyHopper" = "3.x"
L 01/22/2020 - 19:13:17: Server cvar "@CRXGoSpec" = "1.1"
L 01/22/2020 - 19:13:17: Server cvar "@CRXRemoveImmunity" = "1.0"
L 01/22/2020 - 19:13:17: Server cvar "@D.I.C.E." = "1.1"
L 01/22/2020 - 19:13:17: Server cvar "@MOTDCommands" = "1.2"
L 01/22/2020 - 19:13:17: Server cvar "advanced_quake_sounds" = "5.0"
L 01/22/2020 - 19:13:17: Server cvar "AdvancedMute" = "1.0"
L 01/22/2020 - 19:13:17: Server cvar "aesp_version" = "1.3"
L 01/22/2020 - 19:13:17: Server cvar "allow_spectators" = "1.0"
L 01/22/2020 - 19:13:17: Server cvar "amx_client_languages" = "1"
L 01/22/2020 - 19:13:17: Server cvar "amx_language" = "en"
L 01/22/2020 - 19:13:17: Server cvar "amx_nextmap" = "awesome_cars"
L 01/22/2020 - 19:13:17: Server cvar "amx_ptb_version" = "1.8b3"
L 01/22/2020 - 19:13:17: Server cvar "amx_timeleft" = "06:52"
L 01/22/2020 - 19:13:17: Server cvar "amxmodx_version" = "1.8.2"
L 01/22/2020 - 19:13:17: Server cvar "amxxbg_vip" = "1.0"
L 01/22/2020 - 19:13:17: Server cvar "asp_version" = "4.5.1"
L 01/22/2020 - 19:13:17: Server cvar "atac_version" = "3.0.1"
L 01/22/2020 - 19:13:17: Server cvar "badcamper_version" = "1.4 beta"
L 01/22/2020 - 19:13:17: Server cvar "blockmaker" = "4.01"
L 01/22/2020 - 19:13:17: Server cvar "c4 timer" = "1.1"
L 01/22/2020 - 19:13:17: Server cvar "coop" = "0"
L 01/22/2020 - 19:13:17: Server cvar "CRXAdminGroups" = "1.0"
L 01/22/2020 - 19:13:17: Server cvar "CRXCommandRestrictions" = "1.0"
L 01/22/2020 - 19:13:17: Server cvar "CRXFastKnife" = "1.0"
L 01/22/2020 - 19:13:17: Server cvar "CRXGametracker" = "2.0"
L 01/22/2020 - 19:13:17: Server cvar "CRXKnifeModels" = "2.5.7"
L 01/22/2020 - 19:13:17: Server cvar "CRXTeamAdvantage" = "1.0"
L 01/22/2020 - 19:13:17: Server cvar "CustomShop" = "4.2"
L 01/22/2020 - 19:13:17: Server cvar "deathmatch" = "1"
L 01/22/2020 - 19:13:17: Server cvar "decalfrequency" = "0"
L 01/22/2020 - 19:13:17: Server cvar "edgefriction" = "2"
L 01/22/2020 - 19:13:17: Server cvar "ers_version" = "2.3c"
L 01/22/2020 - 19:13:17: Server cvar "gagsystem_shoko" = "1.0"
L 01/22/2020 - 19:13:17: Server cvar "gal_mapcyclefile" = "mapcycle.txt"
L 01/22/2020 - 19:13:17: Server cvar "gal_version" = "v5.9.1-926"
L 01/22/2020 - 19:13:17: Server cvar "game_version" = "5.7.0.313-dev"
L 01/22/2020 - 19:13:17: Server cvar "humans_join_team" = "any"
L 01/22/2020 - 19:13:17: Server cvar "jtp10181" = "chute,gore"
L 01/22/2020 - 19:13:17: Server cvar "lawliet" = "ny_RainingSnow"
L 01/22/2020 - 19:13:17: Server cvar "LetitSnow" = "1.0"
L 01/22/2020 - 19:13:17: Server cvar "map_spawns" = "T(16) CT(16)"
L 01/22/2020 - 19:13:17: Server cvar "max_queries_sec" = "3"
L 01/22/2020 - 19:13:17: Server cvar "max_queries_sec_global" = "150"
L 01/22/2020 - 19:13:17: Server cvar "max_queries_window" = "60"
L 01/22/2020 - 19:13:17: Server cvar "mdbBans" = "4.8"
L 01/22/2020 - 19:13:17: Server cvar "metamod_version" = "1.21p37"
L 01/22/2020 - 19:13:17: Server cvar "mp_autokick" = "0"
L 01/22/2020 - 19:13:17: Server cvar "mp_autokick_timeout" = "-1"
L 01/22/2020 - 19:13:17: Server cvar "mp_autoteambalance" = "0"
L 01/22/2020 - 19:13:17: Server cvar "mp_buytime" = "0.25"
L 01/22/2020 - 19:13:17: Server cvar "mp_c4timer" = "35"
L 01/22/2020 - 19:13:17: Server cvar "mp_chattime" = "5.000000"
L 01/22/2020 - 19:13:17: Server cvar "mp_consistency" = "1"
L 01/22/2020 - 19:13:17: Server cvar "mp_fadetoblack" = "0"
L 01/22/2020 - 19:13:17: Server cvar "mp_flashlight" = "1"
L 01/22/2020 - 19:13:17: Server cvar "mp_footsteps" = "1"
L 01/22/2020 - 19:13:17: Server cvar "mp_forcecamera" = "0"
L 01/22/2020 - 19:13:17: Server cvar "mp_forcechasecam" = "0"
L 01/22/2020 - 19:13:17: Server cvar "mp_forcerespawn" = "0"
L 01/22/2020 - 19:13:17: Server cvar "mp_fraglimit" = "0"
L 01/22/2020 - 19:13:17: Server cvar "mp_fragsleft" = "0"
L 01/22/2020 - 19:13:17: Server cvar "mp_freeforall" = "0"
L 01/22/2020 - 19:13:17: Server cvar "mp_freezetime" = "1"
L 01/22/2020 - 19:13:17: Server cvar "mp_friendlyfire" = "0"
L 01/22/2020 - 19:13:17: Server cvar "mp_hostage_hurtable" = "1"
L 01/22/2020 - 19:13:17: Server cvar "mp_hostagepenalty" = "0"
L 01/22/2020 - 19:13:17: Server cvar "mp_item_staytime" = "300"
L 01/22/2020 - 19:13:17: Server cvar "mp_kickpercent" = "0.66"
L 01/22/2020 - 19:13:17: Server cvar "mp_legacy_bombtarget_touch" = "1"
L 01/22/2020 - 19:13:17: Server cvar "mp_limitteams" = "0"
L 01/22/2020 - 19:13:17: Server cvar "mp_logdetail" = "0"
L 01/22/2020 - 19:13:17: Server cvar "mp_logfile" = "1"
L 01/22/2020 - 19:13:17: Server cvar "mp_logmessages" = "1"
L 01/22/2020 - 19:13:17: Server cvar "mp_mapvoteratio" = "0.66"
L 01/22/2020 - 19:13:17: Server cvar "mp_maxmoney" = "999999"
L 01/22/2020 - 19:13:17: Server cvar "mp_maxrounds" = "0"
L 01/22/2020 - 19:13:17: Server cvar "mp_mirrordamage" = "0"
L 01/22/2020 - 19:13:17: Server cvar "mp_old_bomb_defused_sound" = "1"
L 01/22/2020 - 19:13:17: Server cvar "mp_playerid" = "0"
L 01/22/2020 - 19:13:17: Server cvar "mp_respawn_immunitytime" = "0"
L 01/22/2020 - 19:13:17: Server cvar "mp_round_infinite" = "0"
L 01/22/2020 - 19:13:17: Server cvar "mp_round_restart_delay" = "5"
L 01/22/2020 - 19:13:17: Server cvar "mp_roundover" = "0"
L 01/22/2020 - 19:13:17: Server cvar "mp_roundtime" = "2.3"
L 01/22/2020 - 19:13:17: Server cvar "mp_show_radioicon" = "1"
L 01/22/2020 - 19:13:17: Server cvar "mp_startmoney" = "850"
L 01/22/2020 - 19:13:17: Server cvar "mp_timeleft" = "06:52"
L 01/22/2020 - 19:13:17: Server cvar "mp_timelimit" = "20"
L 01/22/2020 - 19:13:17: Server cvar "mp_tkpunish" = "0"
L 01/22/2020 - 19:13:17: Server cvar "mp_windifference" = "1"
L 01/22/2020 - 19:13:17: Server cvar "mp_winlimit" = "0"
L 01/22/2020 - 19:13:17: Server cvar "NoWeaponsOnGround" = "1.0"
L 01/22/2020 - 19:13:17: Server cvar "pausable" = "0"
L 01/22/2020 - 19:13:17: Server cvar "present_version" = "2.01"
L 01/22/2020 - 19:13:17: Server cvar "RandomHP" = "2.2"
L 01/22/2020 - 19:13:17: Server cvar "reauthcheck_version" = "0.1.6"
L 01/22/2020 - 19:13:17: Server cvar "reconnect_features" = "0.3.1"
L 01/22/2020 - 19:13:17: Server cvar "report_system_version" = "3.1"
L 01/22/2020 - 19:13:17: Server cvar "resemiclip_version" = "2.3.9"
L 01/22/2020 - 19:13:17: Server cvar "reu_version" = "0.1.0.130"
L 01/22/2020 - 19:13:17: Server cvar "revoice_version" = "0.1.0.30"
L 01/22/2020 - 19:13:17: Server cvar "RRWM" = "2.0"
L 01/22/2020 - 19:13:17: Server cvar "sanksounds_version" = "1.8.6"
L 01/22/2020 - 19:13:17: Server cvar "SimpleMenu" = "1.1"
L 01/22/2020 - 19:13:17: Server cvar "SNAC_Version" = "1.1"
L 01/22/2020 - 19:13:17: Server cvar "SpecList" = "1.2a"
L 01/22/2020 - 19:13:17: Server cvar "sr_version" = "1.6"
L 01/22/2020 - 19:13:17: Server cvar "statsx_shell_ver" = "2.0.0 (BETA)"
L 01/22/2020 - 19:13:17: Server cvar "StyleC4Timer" = "2.1"
L 01/22/2020 - 19:13:17: Server cvar "sv_accelerate" = "5"
L 01/22/2020 - 19:13:17: Server cvar "sv_aim" = "1"
L 01/22/2020 - 19:13:17: Server cvar "sv_airaccelerate" = "100"
L 01/22/2020 - 19:13:17: Server cvar "sv_allowupload" = "1"
L 01/22/2020 - 19:13:17: Server cvar "sv_alltalk" = "1"
L 01/22/2020 - 19:13:17: Server cvar "sv_bounce" = "1"
L 01/22/2020 - 19:13:17: Server cvar "sv_cheats" = "0"
L 01/22/2020 - 19:13:17: Server cvar "sv_clienttrace" = "1"
L 01/22/2020 - 19:13:17: Server cvar "sv_contact" = "feruchio599@gmail.com"
L 01/22/2020 - 19:13:17: Server cvar "sv_friction" = "4"
L 01/22/2020 - 19:13:17: Server cvar "sv_gravity" = "800"
L 01/22/2020 - 19:13:17: Server cvar "sv_logblocks" = "0"
L 01/22/2020 - 19:13:17: Server cvar "sv_maxrate" = "50000"
L 01/22/2020 - 19:13:17: Server cvar "sv_maxspeed" = "900.000000"
L 01/22/2020 - 19:13:17: Server cvar "sv_minrate" = "10000"
L 01/22/2020 - 19:13:17: Server cvar "sv_password" = ""
L 01/22/2020 - 19:13:17: Server cvar "sv_proxies" = "1"
L 01/22/2020 - 19:13:17: Server cvar "sv_restart" = "0"
L 01/22/2020 - 19:13:17: Server cvar "sv_restartround" = "0"
L 01/22/2020 - 19:13:17: Server cvar "sv_stepsize" = "18"
L 01/22/2020 - 19:13:17: Server cvar "sv_stopspeed" = "75"
L 01/22/2020 - 19:13:17: Server cvar "sv_uploadmax" = "0.5"
L 01/22/2020 - 19:13:17: Server cvar "sv_version" = "1.1.2.7/Stdio,48,1621"
L 01/22/2020 - 19:13:17: Server cvar "sv_voiceenable" = "1"
L 01/22/2020 - 19:13:17: Server cvar "sv_wateraccelerate" = "10"
L 01/22/2020 - 19:13:17: Server cvar "sv_waterfriction" = "1"
L 01/22/2020 - 19:13:17: Server cvar "Team_Semiclip_version" = "3.3.1"
L 01/22/2020 - 19:13:17: Server cvar "vehicle_real_killer" = "1.1"
L 01/22/2020 - 19:13:17: Server cvar "WalkGuard" = "1.3.2"
L 01/22/2020 - 19:13:17: Server cvar "we_grenades" = "Huehue"
L 01/22/2020 - 19:13:17: Server cvar "we_player_models" = "Huehue"
L 01/22/2020 - 19:13:17: Server cvar "whb_version" = "1.5.692"
L 01/22/2020 - 19:13:17: Server cvar "zp_jp_version" = "Extra Item Jetpack+Bazooka v3.2"
L 01/22/2020 - 19:13:17: Server cvars end
L 01/22/2020 - 19:13:19: Server cvar "sv_maxspeed" = "900"
L 01/22/2020 - 19:13:19: Server cvar "mp_autoteambalance" = "1"
L 01/22/2020 - 19:13:19: Server cvar "mp_autoteambalance" = "0"
L 01/22/2020 - 19:13:19: Server cvar "amx_nextmap" = "[not yet voted on]"
L 01/22/2020 - 19:13:21: Started map "awesome_cars" (CRC "1378370526")
L 01/22/2020 - 19:13:23: World triggered "Round_Start"
L 01/22/2020 - 19:13:25: "CTR | Zombie =)<48><STEAM_2:0:1214014100><>" entered the game
L 01/22/2020 - 19:13:26: "XxXgeorgiXxx :)<44><VALVE_ID_LAN><>" entered the game
L 01/22/2020 - 19:13:26: [REUNION]: stefan.s (93.123.3.69) authorized as RevEmu
L 01/22/2020 - 19:13:26: "stefan.s<49><STEAM_2:1:1454206135><>" connected, address "93.123.3.69:27005"
L 01/22/2020 - 19:13:27: "XxXgeorgiXxx :)<44><VALVE_ID_LAN><>" joined team "TERRORIST"
L 01/22/2020 - 19:13:28: [REUNION]: GolPro112 (93.123.3.229) authorized as RevEmu
L 01/22/2020 - 19:13:28: "GolPro112<50><STEAM_2:1:1865173283><>" connected, address "93.123.3.229:27005"
L 01/22/2020 - 19:13:31: "stefan.s<49><STEAM_2:1:1454206135><>" entered the game
L 01/22/2020 - 19:13:33: "GolPro112<50><STEAM_2:1:1865173283><>" entered the game
L 01/22/2020 - 19:13:36: "GolPro112<50><STEAM_2:1:1865173283><>" joined team "CT"
L 01/22/2020 - 19:13:37: "stefan.s<49><STEAM_2:1:1454206135><>" joined team "CT"
L 01/22/2020 - 19:13:37: World triggered "Game_Commencing"
L 01/22/2020 - 19:13:37: World triggered "Game_Commencing" (CT "0") (T "0")
L 01/22/2020 - 19:13:37: World triggered "Round_End"
L 01/22/2020 - 19:13:41: World triggered "Round_Start"
L 01/22/2020 - 19:14:02: "XxXgeorgiXxx :)<44><VALVE_ID_LAN><TERRORIST>" killed "stefan.s<49><STEAM_2:1:1454206135><CT>" with "tracktrain"
L 01/22/2020 - 19:14:03: "XxXgeorgiXxx :)<44><VALVE_ID_LAN><TERRORIST>" killed "GolPro112<50><STEAM_2:1:1865173283><CT>" with "tracktrain"
L 01/22/2020 - 19:14:03: Team "TERRORIST" triggered "Terrorists_Win" (CT "0") (T "1")
L 01/22/2020 - 19:14:03: World triggered "Round_End"
L 01/22/2020 - 19:14:09: World triggered "Round_Start"
L 01/22/2020 - 19:14:23: "CTR | Zombie =)<48><STEAM_2:0:1214014100><>" joined team "SPECTATOR"
L 01/22/2020 - 19:14:48: "GolPro112<50><STEAM_2:1:1865173283><CT>" committed suicide with "worldspawn" (world)
L 01/22/2020 - 19:15:12: "XxXgeorgiXxx :)<44><VALVE_ID_LAN><TERRORIST>" killed "stefan.s<49><STEAM_2:1:1454206135><CT>" with "tracktrain"
L 01/22/2020 - 19:15:12: Team "TERRORIST" triggered "Terrorists_Win" (CT "0") (T "2")
L 01/22/2020 - 19:15:12: World triggered "Round_End"
L 01/22/2020 - 19:15:18: World triggered "Round_Start"
L 01/22/2020 - 19:15:43: "XxXgeorgiXxx :)<44><VALVE_ID_LAN><TERRORIST>" killed "GolPro112<50><STEAM_2:1:1865173283><CT>" with "tracktrain"
L 01/22/2020 - 19:16:42: "CTR | Zombie =)<48><STEAM_2:0:1214014100><SPECTATOR>" joined team "CT"
L 01/22/2020 - 19:16:44: "XxXgeorgiXxx :)<44><VALVE_ID_LAN><TERRORIST>" killed "stefan.s<49><STEAM_2:1:1454206135><CT>" with "tracktrain"
L 01/22/2020 - 19:16:44: Team "TERRORIST" triggered "Terrorists_Win" (CT "0") (T "3")
L 01/22/2020 - 19:16:44: World triggered "Round_End"
L 01/22/2020 - 19:16:50: World triggered "Round_Start"
L 01/22/2020 - 19:17:04: "GolPro112<50><STEAM_2:1:1865173283><CT>" committed suicide with "world"
L 01/22/2020 - 19:17:04: "GolPro112<50><STEAM_2:1:1865173283><CT>" joined team "TERRORIST"
L 01/22/2020 - 19:17:25: "XxXgeorgiXxx :)<44><VALVE_ID_LAN><TERRORIST>" killed "stefan.s<49><STEAM_2:1:1454206135><CT>" with "knife"
L 01/22/2020 - 19:17:27: "XxXgeorgiXxx :)<44><VALVE_ID_LAN><TERRORIST>" killed "CTR | Zombie =)<48><STEAM_2:0:1214014100><CT>" with "knife"
L 01/22/2020 - 19:17:27: Team "TERRORIST" triggered "Terrorists_Win" (CT "0") (T "4")
L 01/22/2020 - 19:17:27: World triggered "Round_End"
L 01/22/2020 - 19:17:33: World triggered "Round_Start"
L 01/22/2020 - 19:17:52: "XxXgeorgiXxx :)<44><VALVE_ID_LAN><TERRORIST>" killed "CTR | Zombie =)<48><STEAM_2:0:1214014100><CT>" with "tracktrain"
L 01/22/2020 - 19:18:12: "GolPro112<50><STEAM_2:1:1865173283><TERRORIST>" killed "stefan.s<49><STEAM_2:1:1454206135><CT>" with "knife"
L 01/22/2020 - 19:18:12: Team "TERRORIST" triggered "Terrorists_Win" (CT "0") (T "5")
L 01/22/2020 - 19:18:12: World triggered "Round_End"
L 01/22/2020 - 19:18:18: World triggered "Round_Start"
L 01/22/2020 - 19:19:19: "GolPro112<50><STEAM_2:1:1865173283><TERRORIST>" killed "stefan.s<49><STEAM_2:1:1454206135><CT>" with "knife"
L 01/22/2020 - 19:19:36: "XxXgeorgiXxx :)<44><VALVE_ID_LAN><TERRORIST>" committed suicide with "tracktrain"
L 01/22/2020 - 19:20:07: "GolPro112<50><STEAM_2:1:1865173283><TERRORIST>" killed "CTR | Zombie =)<48><STEAM_2:0:1214014100><CT>" with "knife"
L 01/22/2020 - 19:20:07: Team "TERRORIST" triggered "Terrorists_Win" (CT "0") (T "6")
L 01/22/2020 - 19:20:07: World triggered "Round_End"
L 01/22/2020 - 19:20:11: "XxXgeorgiXxx :)<44><VALVE_ID_LAN><TERRORIST>" joined team "CT"
L 01/22/2020 - 19:20:11: "<><><>" triggered "amx_chat" (text "[PTB] Transfered XxXgeorgiXxx :) to CT")
L 01/22/2020 - 19:20:13: World triggered "Round_Start"
L 01/22/2020 - 19:20:26: "XxXgeorgiXxx :)<44><VALVE_ID_LAN><CT>" killed "CTR | Zombie =)<48><STEAM_2:0:1214014100><CT>" with "tracktrain"
L 01/22/2020 - 19:20:41: "XxXgeorgiXxx :)<44><VALVE_ID_LAN><CT>" committed suicide with "world"
L 01/22/2020 - 19:20:46: "stefan.s<49><STEAM_2:1:1454206135><CT>" killed "GolPro112<50><STEAM_2:1:1865173283><TERRORIST>" with "tracktrain"
L 01/22/2020 - 19:20:46: Team "CT" triggered "CTs_Win" (CT "1") (T "6")
L 01/22/2020 - 19:20:46: World triggered "Round_End"
L 01/22/2020 - 19:20:50: "stefan.s<49><STEAM_2:1:1454206135><CT>" joined team "TERRORIST"
L 01/22/2020 - 19:20:50: "<><><>" triggered "amx_chat" (text "[PTB] Transfered stefan.s to TERRORIST")
L 01/22/2020 - 19:20:52: World triggered "Round_Start"
L 01/22/2020 - 19:21:25: "XxXgeorgiXxx :)<44><VALVE_ID_LAN><CT>" killed "GolPro112<50><STEAM_2:1:1865173283><TERRORIST>" with "tracktrain"
L 01/22/2020 - 19:21:33: "XxXgeorgiXxx :)<44><VALVE_ID_LAN><CT>" killed "stefan.s<49><STEAM_2:1:1454206135><TERRORIST>" with "knife"
L 01/22/2020 - 19:21:33: Team "CT" triggered "CTs_Win" (CT "2") (T "6")
L 01/22/2020 - 19:21:33: World triggered "Round_End"
L 01/22/2020 - 19:21:39: World triggered "Round_Start"
L 01/22/2020 - 19:22:03: "stefan.s<49><STEAM_2:1:1454206135><TERRORIST>" killed "CTR | Zombie =)<48><STEAM_2:0:1214014100><CT>" with "tracktrain"
L 01/22/2020 - 19:22:18: "stefan.s<49><STEAM_2:1:1454206135><TERRORIST>" killed "GolPro112<50><STEAM_2:1:1865173283><TERRORIST>" with "tracktrain"
L 01/22/2020 - 19:22:58: "CTR | Zombie =)<48><STEAM_2:0:1214014100><CT>" joined team "SPECTATOR"
L 01/22/2020 - 19:23:13: "CTR | Zombie =)<48><STEAM_2:0:1214014100><SPECTATOR>" joined team "CT"
L 01/22/2020 - 19:23:20: "XxXgeorgiXxx :)<44><VALVE_ID_LAN><CT>" killed "stefan.s<49><STEAM_2:1:1454206135><TERRORIST>" with "knife"
L 01/22/2020 - 19:23:20: Team "CT" triggered "CTs_Win" (CT "3") (T "6")
L 01/22/2020 - 19:23:20: World triggered "Round_End"
L 01/22/2020 - 19:23:24: "XxXgeorgiXxx :)<44><VALVE_ID_LAN><CT>" committed suicide with "world"
L 01/22/2020 - 19:23:24: "XxXgeorgiXxx :)<44><VALVE_ID_LAN><CT>" joined team "TERRORIST"
L 01/22/2020 - 19:23:26: World triggered "Round_Start"
L 01/22/2020 - 19:23:35: "XxXgeorgiXxx :)<44><VALVE_ID_LAN><TERRORIST>" committed suicide with "worldspawn" (world)
L 01/22/2020 - 19:23:52: "CTR | Zombie =)<48><STEAM_2:0:1214014100><CT>" killed "GolPro112<50><STEAM_2:1:1865173283><TERRORIST>" with "knife"
L 01/22/2020 - 19:24:13: "CTR | Zombie =)<48><STEAM_2:0:1214014100><CT>" killed "stefan.s<49><STEAM_2:1:1454206135><TERRORIST>" with "tracktrain"
L 01/22/2020 - 19:24:13: Team "CT" triggered "CTs_Win" (CT "4") (T "6")
L 01/22/2020 - 19:24:13: World triggered "Round_End"
L 01/22/2020 - 19:24:17: "GolPro112<50><STEAM_2:1:1865173283><TERRORIST>" joined team "CT"
L 01/22/2020 - 19:24:17: "<><><>" triggered "amx_chat" (text "[PTB] Transfered GolPro112 to CT")
L 01/22/2020 - 19:24:19: World triggered "Round_Start"
L 01/22/2020 - 19:24:53: "XxXgeorgiXxx :)<44><VALVE_ID_LAN><TERRORIST>" killed "GolPro112<50><STEAM_2:1:1865173283><CT>" with "tracktrain"
L 01/22/2020 - 19:25:10: "Johnny<51><STEAM_0:0:421041321><>" connected, address "195.254.183.34:27005"
L 01/22/2020 - 19:25:10: "Johnny<51><STEAM_0:0:421041321><>" STEAM USERID validated
L 01/22/2020 - 19:25:28: "CTR | Zombie =)<48><STEAM_2:0:1214014100><CT>" killed "stefan.s<49><STEAM_2:1:1454206135><TERRORIST>" with "tracktrain"
L 01/22/2020 - 19:25:31: "Johnny<52><STEAM_0:0:421041321><>" connected, address "195.254.183.34:27005"
L 01/22/2020 - 19:25:32: "Johnny<52><STEAM_0:0:421041321><>" STEAM USERID validated
L 01/22/2020 - 19:25:42: "XxXgeorgiXxx :)<44><VALVE_ID_LAN><TERRORIST>" killed "CTR | Zombie =)<48><STEAM_2:0:1214014100><CT>" with "tracktrain"
L 01/22/2020 - 19:25:42: Team "TERRORIST" triggered "Terrorists_Win" (CT "4") (T "7")
L 01/22/2020 - 19:25:42: World triggered "Round_End"
L 01/22/2020 - 19:25:47: "stefan.s<49><STEAM_2:1:1454206135><TERRORIST>" joined team "CT"
L 01/22/2020 - 19:25:47: "<><><>" triggered "amx_chat" (text "[PTB] Transfered stefan.s to CT")
L 01/22/2020 - 19:25:48: World triggered "Round_Start"
L 01/22/2020 - 19:26:11: "XxXgeorgiXxx :)<44><VALVE_ID_LAN><TERRORIST>" killed "stefan.s<49><STEAM_2:1:1454206135><CT>" with "tracktrain"
L 01/22/2020 - 19:27:31: "GolPro112<50><STEAM_2:1:1865173283><CT>" committed suicide with "worldspawn" (world)
L 01/22/2020 - 19:27:50: "XxXgeorgiXxx :)<44><VALVE_ID_LAN><TERRORIST>" killed "CTR | Zombie =)<48><STEAM_2:0:1214014100><CT>" with "tracktrain"
L 01/22/2020 - 19:27:50: Team "TERRORIST" triggered "Terrorists_Win" (CT "4") (T "8")
L 01/22/2020 - 19:27:50: World triggered "Round_End"
L 01/22/2020 - 19:27:56: World triggered "Round_Start"
L 01/22/2020 - 19:27:57: "CTR | Zombie =)<48><STEAM_2:0:1214014100><CT>" committed suicide with "world"
L 01/22/2020 - 19:27:57: "CTR | Zombie =)<48><STEAM_2:0:1214014100><CT>" joined team "TERRORIST"
L 01/22/2020 - 19:28:22: "XxXgeorgiXxx :)<44><VALVE_ID_LAN><TERRORIST>" killed "GolPro112<50><STEAM_2:1:1865173283><CT>" with "tracktrain"
L 01/22/2020 - 19:28:22: "XxXgeorgiXxx :)<44><VALVE_ID_LAN><TERRORIST>" killed "stefan.s<49><STEAM_2:1:1454206135><CT>" with "tracktrain"
L 01/22/2020 - 19:28:22: Team "TERRORIST" triggered "Terrorists_Win" (CT "4") (T "9")
L 01/22/2020 - 19:28:22: World triggered "Round_End"
L 01/22/2020 - 19:28:28: World triggered "Round_Start"
L 01/22/2020 - 19:28:39: "CTR | Zombie =)<48><STEAM_2:0:1214014100><TERRORIST>" killed "XxXgeorgiXxx :)<44><VALVE_ID_LAN><TERRORIST>" with "tracktrain"
L 01/22/2020 - 19:29:01: "GolPro112<50><STEAM_2:1:1865173283><CT>" committed suicide with "tracktrain"
L 01/22/2020 - 19:30:20: "CTR | Zombie =)<48><STEAM_2:0:1214014100><TERRORIST>" killed "stefan.s<49><STEAM_2:1:1454206135><CT>" with "tracktrain"
L 01/22/2020 - 19:30:20: Team "TERRORIST" triggered "Terrorists_Win" (CT "4") (T "10")
L 01/22/2020 - 19:30:20: World triggered "Round_End"
L 01/22/2020 - 19:30:24: "XxXgeorgiXxx :)<44><VALVE_ID_LAN><TERRORIST>" joined team "CT"
L 01/22/2020 - 19:30:24: "<><><>" triggered "amx_chat" (text "[PTB] Transfered XxXgeorgiXxx :) to CT")
L 01/22/2020 - 19:30:26: World triggered "Round_Start"
L 01/22/2020 - 19:30:51: "XxXgeorgiXxx :)<44><VALVE_ID_LAN><CT>" killed "CTR | Zombie =)<48><STEAM_2:0:1214014100><TERRORIST>" with "tracktrain"
L 01/22/2020 - 19:30:51: Team "CT" triggered "CTs_Win" (CT "5") (T "10")
L 01/22/2020 - 19:30:51: World triggered "Round_End"
L 01/22/2020 - 19:30:53: "XxXgeorgiXxx :)<44><VALVE_ID_LAN><CT>" committed suicide with "world"
L 01/22/2020 - 19:30:53: "XxXgeorgiXxx :)<44><VALVE_ID_LAN><CT>" joined team "TERRORIST"
L 01/22/2020 - 19:30:57: World triggered "Round_Start"
L 01/22/2020 - 19:31:21: "XxXgeorgiXxx :)<44><VALVE_ID_LAN><TERRORIST>" killed "GolPro112<50><STEAM_2:1:1865173283><CT>" with "tracktrain"
L 01/22/2020 - 19:31:34: "XxXgeorgiXxx :)<44><VALVE_ID_LAN><TERRORIST>" killed "CTR | Zombie =)<48><STEAM_2:0:1214014100><TERRORIST>" with "tracktrain"
L 01/22/2020 - 19:31:50: "stefan.s<49><STEAM_2:1:1454206135><CT>" killed "XxXgeorgiXxx :)<44><VALVE_ID_LAN><TERRORIST>" with "tracktrain"
L 01/22/2020 - 19:31:50: Team "CT" triggered "CTs_Win" (CT "6") (T "10")
L 01/22/2020 - 19:31:50: World triggered "Round_End"
L 01/22/2020 - 19:31:55: "CTR | Zombie =)<48><STEAM_2:0:1214014100><TERRORIST>" joined team "CT"
L 01/22/2020 - 19:31:55: "<><><>" triggered "amx_chat" (text "[PTB] Transfered CTR | Zombie =) to CT")
L 01/22/2020 - 19:31:56: World triggered "Round_Start"
L 01/22/2020 - 19:32:13: "XxXgeorgiXxx :)<44><VALVE_ID_LAN><TERRORIST>" killed "CTR | Zombie =)<48><STEAM_2:0:1214014100><CT>" with "tracktrain"
L 01/22/2020 - 19:32:27: "XxXgeorgiXxx :)<44><VALVE_ID_LAN><TERRORIST>" killed "stefan.s<49><STEAM_2:1:1454206135><CT>" with "tracktrain"
L 01/22/2020 - 19:33:04: "XxXgeorgiXxx :)<44><VALVE_ID_LAN><TERRORIST>" killed "GolPro112<50><STEAM_2:1:1865173283><CT>" with "knife"
L 01/22/2020 - 19:33:04: Team "TERRORIST" triggered "Terrorists_Win" (CT "6") (T "11")
L 01/22/2020 - 19:33:04: World triggered "Round_End"
L 01/22/2020 - 19:33:10: World triggered "Round_Start"
L 01/22/2020 - 19:33:13: "CTR | Zombie =)<48><STEAM_2:0:1214014100><CT>" committed suicide with "world"
L 01/22/2020 - 19:33:13: "CTR | Zombie =)<48><STEAM_2:0:1214014100><CT>" joined team "SPECTATOR"
L 01/22/2020 - 19:33:17: Server cvar "amx_nextmap" = "big_city2"
L 01/22/2020 - 19:33:20: Server cvar "mp_timelimit" = "0.000000"
L 01/22/2020 - 19:33:34: "XxXgeorgiXxx :)<44><VALVE_ID_LAN><TERRORIST>" killed "GolPro112<50><STEAM_2:1:1865173283><CT>" with "tracktrain"
L 01/22/2020 - 19:34:31: "XxXgeorgiXxx :)<44><VALVE_ID_LAN><TERRORIST>" killed "stefan.s<49><STEAM_2:1:1454206135><CT>" with "tracktrain"
L 01/22/2020 - 19:34:31: Team "TERRORIST" triggered "Terrorists_Win" (CT "6") (T "12")
L 01/22/2020 - 19:34:31: World triggered "Round_End"
L 01/22/2020 - 19:34:37: World triggered "Round_Start"
L 01/22/2020 - 19:34:37: Server cvar "sv_maxspeed" = "0.000000"
L 01/22/2020 - 19:34:37: Server cvar "mp_friendlyfire" = "1"
L 01/22/2020 - 19:34:42: "XxXgeorgiXxx :)<44><VALVE_ID_LAN><TERRORIST>" committed suicide with "worldspawn" (world)
L 01/22/2020 - 19:34:42: Team "CT" triggered "CTs_Win" (CT "7") (T "12")
L 01/22/2020 - 19:34:42: World triggered "Round_End"
L 01/22/2020 - 19:34:43: Server cvar "sv_maxspeed" = "900.000000"
L 01/22/2020 - 19:34:43: Server cvar "mp_friendlyfire" = "0"
L 01/22/2020 - 19:34:43: Server cvar "mp_timelimit" = "20.000000"
L 01/22/2020 - 19:34:43: [META] ini: Begin re-reading plugins list: /home/rented/public9/cstrike/addons/metamod/plugins.ini
L 01/22/2020 - 19:34:43: [META] ini: Read plugin config for: SafeNameAndChat
L 01/22/2020 - 19:34:43: [META] ini: Read plugin config for: AMX Mod X
L 01/22/2020 - 19:34:43: [META] ini: Read plugin config for: Reunion
L 01/22/2020 - 19:34:43: [META] ini: Read plugin config for: ReAuthCheck
L 01/22/2020 - 19:34:43: [META] ini: Read plugin config for: WHBlocker
L 01/22/2020 - 19:34:43: [META] ini: Read plugin config for: ReSemiclip
L 01/22/2020 - 19:34:43: [META] ini: Read plugin config for: Revoice
L 01/22/2020 - 19:34:43: [META] ini: Finished reading plugins list: /home/rented/public9/cstrike/addons/metamod/plugins.ini; Found 7 plugins
L 01/22/2020 - 19:34:43: [META] dll: Updating plugins...
L 01/22/2020 - 19:34:43: [META] WARNING: Cannot clear plugin 'SafeNameAndChat'; not marked as failed, empty, or open (status=valid)
L 01/22/2020 - 19:34:43: [META] dll: Unloaded plugin 'SafeNameAndChat' for reason 'file on disk is newer'
L 01/22/2020 - 19:34:43: [META] dll: Loaded plugin 'SafeNameAndChat': SafeNameAndChat v1.1 2017.02.01, WPMG.PRoSToC0der
L 01/22/2020 - 19:34:43: [META] WARNING: Cannot clear plugin 'WHBlocker'; not marked as failed, empty, or open (status=valid)
L 01/22/2020 - 19:34:43: [META] dll: Unloaded plugin 'WHBlocker' for reason 'file on disk is newer'
L 01/22/2020 - 19:34:43: [META] dll: Loaded plugin 'WHBlocker': WHBlocker v1.5.692 2017-04-13, s1lent
L 01/22/2020 - 19:34:43: [META] WARNING: Cannot clear plugin 'ReSemiclip'; not marked as failed, empty, or open (status=valid)
L 01/22/2020 - 19:34:43: [META] dll: Unloaded plugin 'ReSemiclip' for reason 'file on disk is newer'
L 01/22/2020 - 19:34:43: [META] dll: Loaded plugin 'ReSemiclip': ReSemiclip v2.3.9 13/02/17, s1lent & Adidasman
L 01/22/2020 - 19:34:43: [META] dll: Finished updating 14 plugins; kept 0, loaded 0, unloaded 0, reloaded 3, delayed 0
L 01/22/2020 - 19:34:43: "GolPro112<50><STEAM_2:1:1865173283><CT>" disconnected
L 01/22/2020 - 19:34:43: "stefan.s<49><STEAM_2:1:1454206135><CT>" disconnected
L 01/22/2020 - 19:34:43: "XxXgeorgiXxx :)<44><VALVE_ID_LAN><TERRORIST>" disconnected
L 01/22/2020 - 19:34:43: "CTR | Zombie =)<48><STEAM_2:0:1214014100><SPECTATOR>" disconnected
L 01/22/2020 - 19:34:43: Log file closed
