L 01/25/2020 - 18:20:57: Log file started (file "logs/L0125058.log") (game "cstrike") (version "48/1.1.2.7/Stdio/1621")
L 01/25/2020 - 18:20:57: Loading map "cars_n_robots"
L 01/25/2020 - 18:20:57: Server cvars start
L 01/25/2020 - 18:20:57: Server cvar "@BunnyHopper" = "3.x"
L 01/25/2020 - 18:20:57: Server cvar "@CRXGoSpec" = "1.1"
L 01/25/2020 - 18:20:57: Server cvar "@CRXRemoveImmunity" = "1.0"
L 01/25/2020 - 18:20:57: Server cvar "@D.I.C.E." = "1.1"
L 01/25/2020 - 18:20:57: Server cvar "@MOTDCommands" = "1.2"
L 01/25/2020 - 18:20:57: Server cvar "advanced_quake_sounds" = "5.0"
L 01/25/2020 - 18:20:57: Server cvar "AdvancedMute" = "1.0"
L 01/25/2020 - 18:20:57: Server cvar "aesp_version" = "1.3"
L 01/25/2020 - 18:20:57: Server cvar "allow_spectators" = "1.0"
L 01/25/2020 - 18:20:57: Server cvar "amx_client_languages" = "1"
L 01/25/2020 - 18:20:57: Server cvar "amx_language" = "en"
L 01/25/2020 - 18:20:57: Server cvar "amx_nextmap" = "cart_attack"
L 01/25/2020 - 18:20:57: Server cvar "amx_ptb_version" = "1.8b3"
L 01/25/2020 - 18:20:57: Server cvar "amx_timeleft" = "19:57"
L 01/25/2020 - 18:20:57: Server cvar "amxmodx_version" = "1.8.2"
L 01/25/2020 - 18:20:57: Server cvar "amxxbg_vip" = "1.0"
L 01/25/2020 - 18:20:57: Server cvar "asp_version" = "4.5.1"
L 01/25/2020 - 18:20:57: Server cvar "atac_version" = "3.0.1"
L 01/25/2020 - 18:20:57: Server cvar "badcamper_version" = "1.4 beta"
L 01/25/2020 - 18:20:57: Server cvar "blockmaker" = "4.01"
L 01/25/2020 - 18:20:57: Server cvar "c4 timer" = "1.1"
L 01/25/2020 - 18:20:57: Server cvar "coop" = "0"
L 01/25/2020 - 18:20:57: Server cvar "CRXAdminGroups" = "1.0"
L 01/25/2020 - 18:20:57: Server cvar "CRXCommandRestrictions" = "1.0"
L 01/25/2020 - 18:20:57: Server cvar "CRXFastKnife" = "1.0"
L 01/25/2020 - 18:20:57: Server cvar "CRXGametracker" = "2.0"
L 01/25/2020 - 18:20:57: Server cvar "CRXKnifeModels" = "2.5.7"
L 01/25/2020 - 18:20:57: Server cvar "CRXTeamAdvantage" = "1.0"
L 01/25/2020 - 18:20:57: Server cvar "CustomShop" = "4.2"
L 01/25/2020 - 18:20:57: Server cvar "deathmatch" = "1"
L 01/25/2020 - 18:20:57: Server cvar "decalfrequency" = "0"
L 01/25/2020 - 18:20:57: Server cvar "edgefriction" = "2"
L 01/25/2020 - 18:20:57: Server cvar "ers_version" = "2.3c"
L 01/25/2020 - 18:20:57: Server cvar "gagsystem_shoko" = "1.0"
L 01/25/2020 - 18:20:57: Server cvar "gal_mapcyclefile" = "mapcycle.txt"
L 01/25/2020 - 18:20:57: Server cvar "gal_version" = "v5.9.1-926"
L 01/25/2020 - 18:20:57: Server cvar "game_version" = "5.7.0.313-dev"
L 01/25/2020 - 18:20:57: Server cvar "humans_join_team" = "any"
L 01/25/2020 - 18:20:57: Server cvar "jtp10181" = "chute,gore"
L 01/25/2020 - 18:20:57: Server cvar "map_spawns" = "T(16) CT(16)"
L 01/25/2020 - 18:20:57: Server cvar "max_queries_sec" = "3"
L 01/25/2020 - 18:20:57: Server cvar "max_queries_sec_global" = "150"
L 01/25/2020 - 18:20:57: Server cvar "max_queries_window" = "60"
L 01/25/2020 - 18:20:57: Server cvar "mdbBans" = "4.8"
L 01/25/2020 - 18:20:57: Server cvar "metamod_version" = "1.21p37"
L 01/25/2020 - 18:20:57: Server cvar "models_menu" = "1.2"
L 01/25/2020 - 18:20:57: Server cvar "mp_autokick" = "0"
L 01/25/2020 - 18:20:57: Server cvar "mp_autokick_timeout" = "-1"
L 01/25/2020 - 18:20:57: Server cvar "mp_autoteambalance" = "0"
L 01/25/2020 - 18:20:57: Server cvar "mp_buytime" = "1"
L 01/25/2020 - 18:20:57: Server cvar "mp_c4timer" = "35"
L 01/25/2020 - 18:20:57: Server cvar "mp_chattime" = "10"
L 01/25/2020 - 18:20:57: Server cvar "mp_consistency" = "1"
L 01/25/2020 - 18:20:57: Server cvar "mp_fadetoblack" = "0"
L 01/25/2020 - 18:20:57: Server cvar "mp_flashlight" = "1"
L 01/25/2020 - 18:20:57: Server cvar "mp_footsteps" = "1"
L 01/25/2020 - 18:20:57: Server cvar "mp_forcecamera" = "0"
L 01/25/2020 - 18:20:57: Server cvar "mp_forcechasecam" = "0"
L 01/25/2020 - 18:20:57: Server cvar "mp_forcerespawn" = "0"
L 01/25/2020 - 18:20:57: Server cvar "mp_fraglimit" = "0"
L 01/25/2020 - 18:20:57: Server cvar "mp_fragsleft" = "0"
L 01/25/2020 - 18:20:57: Server cvar "mp_freeforall" = "0"
L 01/25/2020 - 18:20:57: Server cvar "mp_freezetime" = "1"
L 01/25/2020 - 18:20:57: Server cvar "mp_friendlyfire" = "0"
L 01/25/2020 - 18:20:57: Server cvar "mp_hostage_hurtable" = "1"
L 01/25/2020 - 18:20:57: Server cvar "mp_hostagepenalty" = "0"
L 01/25/2020 - 18:20:57: Server cvar "mp_item_staytime" = "300"
L 01/25/2020 - 18:20:57: Server cvar "mp_kickpercent" = "0.66"
L 01/25/2020 - 18:20:57: Server cvar "mp_legacy_bombtarget_touch" = "1"
L 01/25/2020 - 18:20:57: Server cvar "mp_limitteams" = "1"
L 01/25/2020 - 18:20:57: Server cvar "mp_logdetail" = "0"
L 01/25/2020 - 18:20:57: Server cvar "mp_logfile" = "1"
L 01/25/2020 - 18:20:57: Server cvar "mp_logmessages" = "1"
L 01/25/2020 - 18:20:57: Server cvar "mp_mapvoteratio" = "0.66"
L 01/25/2020 - 18:20:57: Server cvar "mp_maxmoney" = "999999"
L 01/25/2020 - 18:20:57: Server cvar "mp_maxrounds" = "0"
L 01/25/2020 - 18:20:57: Server cvar "mp_mirrordamage" = "0"
L 01/25/2020 - 18:20:57: Server cvar "mp_old_bomb_defused_sound" = "1"
L 01/25/2020 - 18:20:57: Server cvar "mp_playerid" = "0"
L 01/25/2020 - 18:20:57: Server cvar "mp_respawn_immunitytime" = "0"
L 01/25/2020 - 18:20:57: Server cvar "mp_round_infinite" = "0"
L 01/25/2020 - 18:20:57: Server cvar "mp_round_restart_delay" = "5"
L 01/25/2020 - 18:20:57: Server cvar "mp_roundover" = "0"
L 01/25/2020 - 18:20:57: Server cvar "mp_roundtime" = "2.3"
L 01/25/2020 - 18:20:57: Server cvar "mp_show_radioicon" = "1"
L 01/25/2020 - 18:20:57: Server cvar "mp_startmoney" = "850"
L 01/25/2020 - 18:20:57: Server cvar "mp_timeleft" = "19:56"
L 01/25/2020 - 18:20:57: Server cvar "mp_timelimit" = "20"
L 01/25/2020 - 18:20:57: Server cvar "mp_tkpunish" = "0"
L 01/25/2020 - 18:20:57: Server cvar "mp_windifference" = "1"
L 01/25/2020 - 18:20:57: Server cvar "mp_winlimit" = "0"
L 01/25/2020 - 18:20:57: Server cvar "NoWeaponsOnGround" = "1.0"
L 01/25/2020 - 18:20:57: Server cvar "pausable" = "0"
L 01/25/2020 - 18:20:57: Server cvar "RandomHP" = "2.2"
L 01/25/2020 - 18:20:57: Server cvar "reauthcheck_version" = "0.1.6"
L 01/25/2020 - 18:20:57: Server cvar "reconnect_features" = "0.3.1"
L 01/25/2020 - 18:20:57: Server cvar "report_system_version" = "3.1"
L 01/25/2020 - 18:20:57: Server cvar "resemiclip_version" = "2.3.9"
L 01/25/2020 - 18:20:57: Server cvar "reu_version" = "0.1.0.130"
L 01/25/2020 - 18:20:57: Server cvar "revoice_version" = "0.1.0.30"
L 01/25/2020 - 18:20:57: Server cvar "sanksounds_version" = "1.8.6"
L 01/25/2020 - 18:20:57: Server cvar "SimpleMenu" = "1.1"
L 01/25/2020 - 18:20:57: Server cvar "SNAC_Version" = "1.1"
L 01/25/2020 - 18:20:57: Server cvar "SpecList" = "1.2a"
L 01/25/2020 - 18:20:57: Server cvar "sr_version" = "1.6"
L 01/25/2020 - 18:20:57: Server cvar "statsx_shell_ver" = "2.0.0 (BETA)"
L 01/25/2020 - 18:20:57: Server cvar "StyleC4Timer" = "2.1"
L 01/25/2020 - 18:20:57: Server cvar "sv_accelerate" = "5"
L 01/25/2020 - 18:20:57: Server cvar "sv_aim" = "1"
L 01/25/2020 - 18:20:57: Server cvar "sv_airaccelerate" = "100"
L 01/25/2020 - 18:20:57: Server cvar "sv_allowupload" = "1"
L 01/25/2020 - 18:20:57: Server cvar "sv_alltalk" = "1"
L 01/25/2020 - 18:20:57: Server cvar "sv_bounce" = "1"
L 01/25/2020 - 18:20:57: Server cvar "sv_cheats" = "0"
L 01/25/2020 - 18:20:57: Server cvar "sv_clienttrace" = "1"
L 01/25/2020 - 18:20:57: Server cvar "sv_contact" = "feruchio599@gmail.com"
L 01/25/2020 - 18:20:57: Server cvar "sv_friction" = "4"
L 01/25/2020 - 18:20:57: Server cvar "sv_gravity" = "800"
L 01/25/2020 - 18:20:57: Server cvar "sv_logblocks" = "0"
L 01/25/2020 - 18:20:57: Server cvar "sv_maxrate" = "50000"
L 01/25/2020 - 18:20:57: Server cvar "sv_maxspeed" = "320"
L 01/25/2020 - 18:20:57: Server cvar "sv_minrate" = "10000"
L 01/25/2020 - 18:20:57: Server cvar "sv_password" = ""
L 01/25/2020 - 18:20:57: Server cvar "sv_proxies" = "1"
L 01/25/2020 - 18:20:57: Server cvar "sv_restart" = "0"
L 01/25/2020 - 18:20:57: Server cvar "sv_restartround" = "0"
L 01/25/2020 - 18:20:57: Server cvar "sv_stepsize" = "18"
L 01/25/2020 - 18:20:57: Server cvar "sv_stopspeed" = "75"
L 01/25/2020 - 18:20:57: Server cvar "sv_uploadmax" = "0.5"
L 01/25/2020 - 18:20:57: Server cvar "sv_version" = "1.1.2.7/Stdio,48,1621"
L 01/25/2020 - 18:20:57: Server cvar "sv_voiceenable" = "1"
L 01/25/2020 - 18:20:57: Server cvar "sv_wateraccelerate" = "10"
L 01/25/2020 - 18:20:57: Server cvar "sv_waterfriction" = "1"
L 01/25/2020 - 18:20:57: Server cvar "Team_Semiclip_version" = "3.3.1"
L 01/25/2020 - 18:20:57: Server cvar "vehicle_real_killer" = "1.1"
L 01/25/2020 - 18:20:57: Server cvar "WalkGuard" = "1.3.2"
L 01/25/2020 - 18:20:57: Server cvar "whb_version" = "1.5.692"
L 01/25/2020 - 18:20:57: Server cvar "zp_jp_version" = "Extra Item Jetpack+Bazooka v3.2"
L 01/25/2020 - 18:20:57: Server cvars end
L 01/25/2020 - 18:20:58: Server cvar "sv_maxspeed" = "900"
L 01/25/2020 - 18:20:58: Server cvar "mp_autoteambalance" = "1"
L 01/25/2020 - 18:20:58: Server cvar "mp_buytime" = "0.25"
L 01/25/2020 - 18:20:58: Server cvar "RRWM" = "2.0"
L 01/25/2020 - 18:20:58: Server cvar "mp_autoteambalance" = "0"
L 01/25/2020 - 18:20:58: Server cvar "mp_limitteams" = "0"
L 01/25/2020 - 18:20:58: Server cvar "amx_nextmap" = "[not yet voted on]"
L 01/25/2020 - 18:21:00: Started map "cars_n_robots" (CRC "-1478812139")
L 01/25/2020 - 18:21:01: [REUNION]: ZAICEV (77.78.132.177) authorized as RevEmu
L 01/25/2020 - 18:21:01: "ZAICEV<2><STEAM_2:1:1379228811><>" connected, address "77.78.132.177:27005"
L 01/25/2020 - 18:21:02: World triggered "Round_Start"
L 01/25/2020 - 18:21:03: [REUNION]: XxXgeorgiXxx :) (93.155.192.142) authorized as NoSteam47
L 01/25/2020 - 18:21:03: "XxXgeorgiXxx :)<3><VALVE_ID_LAN><>" connected, address "93.155.192.142:27005"
L 01/25/2020 - 18:21:04: [REUNION]: DzIBy (178.223.102.81) authorized as RevEmu
L 01/25/2020 - 18:21:04: "DzIBy<4><STEAM_1:0:1326514608><>" connected, address "178.223.102.81:27005"
L 01/25/2020 - 18:21:05: [REUNION]: cala221 (87.245.69.13) authorized as RevEmu
L 01/25/2020 - 18:21:05: "cala221<5><STEAM_1:1:110586922><>" connected, address "87.245.69.13:27005"
L 01/25/2020 - 18:21:05: [REUNION]: XxXgeorgiXxx :) (93.155.192.142) authorized as NoSteam47
L 01/25/2020 - 18:21:05: "XxXgeorgiXxx :)<6><VALVE_ID_LAN><>" connected, address "93.155.192.142:27005"
L 01/25/2020 - 18:21:05: "ZAICEV<2><STEAM_2:1:1379228811><>" entered the game
L 01/25/2020 - 18:21:08: "ZAICEV<2><STEAM_2:1:1379228811><>" joined team "TERRORIST"
L 01/25/2020 - 18:21:08: "ZAICEV<2><STEAM_2:1:1379228811><TERRORIST>" triggered "Spawned_With_The_Bomb"
L 01/25/2020 - 18:21:08: [REUNION]: cala221 (87.245.69.13) authorized as RevEmu
L 01/25/2020 - 18:21:08: "cala221<7><STEAM_1:1:110586922><>" connected, address "87.245.69.13:27005"
L 01/25/2020 - 18:21:09: [REUNION]: DzIBy (178.223.102.81) authorized as RevEmu
L 01/25/2020 - 18:21:09: "DzIBy<8><STEAM_1:0:1326514608><>" connected, address "178.223.102.81:27005"
L 01/25/2020 - 18:21:12: "XxXgeorgiXxx :)<6><VALVE_ID_LAN><>" entered the game
L 01/25/2020 - 18:21:12: "cala221<7><STEAM_1:1:110586922><>" entered the game
L 01/25/2020 - 18:21:12: [REUNION]: lol (176.122.114.213) authorized as RevEmu
L 01/25/2020 - 18:21:12: "lol<9><STEAM_2:0:1214014100><>" connected, address "176.122.114.213:27005"
L 01/25/2020 - 18:21:14: [REUNION]: lol (176.122.114.213) authorized as RevEmu
L 01/25/2020 - 18:21:14: "lol<10><STEAM_2:0:1214014100><>" connected, address "176.122.114.213:27005"
L 01/25/2020 - 18:21:15: "XxXgeorgiXxx :)<6><VALVE_ID_LAN><>" joined team "CT"
L 01/25/2020 - 18:21:15: [REUNION]: HuNt3r (188.255.184.74) authorized as RevEmu
L 01/25/2020 - 18:21:15: "HuNt3r<11><STEAM_1:1:1071071391><>" connected, address "188.255.184.74:27005"
L 01/25/2020 - 18:21:15: World triggered "Game_Commencing"
L 01/25/2020 - 18:21:15: World triggered "Game_Commencing" (CT "0") (T "0")
L 01/25/2020 - 18:21:15: World triggered "Round_End"
L 01/25/2020 - 18:21:15: "DzIBy<8><STEAM_1:0:1326514608><>" entered the game
L 01/25/2020 - 18:21:17: "cala221<7><STEAM_1:1:110586922><>" joined team "TERRORIST"
L 01/25/2020 - 18:21:17: "DzIBy<8><STEAM_1:0:1326514608><>" joined team "CT"
L 01/25/2020 - 18:21:18: "cala221<7><STEAM_1:1:110586922><TERRORIST>" triggered "Spawned_With_The_Bomb"
L 01/25/2020 - 18:21:19: "lol<10><STEAM_2:0:1214014100><>" entered the game
L 01/25/2020 - 18:21:19: World triggered "Round_Start"
L 01/25/2020 - 18:21:19: [REUNION]: HuNt3r (188.255.184.74) authorized as RevEmu
L 01/25/2020 - 18:21:19: "HuNt3r<12><STEAM_1:1:1071071391><>" connected, address "188.255.184.74:27005"
L 01/25/2020 - 18:21:22: "lol<10><STEAM_2:0:1214014100><>" joined team "CT"
L 01/25/2020 - 18:21:25: "HuNt3r<12><STEAM_1:1:1071071391><>" entered the game
L 01/25/2020 - 18:21:31: "HuNt3r<12><STEAM_1:1:1071071391><>" joined team "CT"
L 01/25/2020 - 18:21:36: "Maverick<13><STEAM_0:0:37264973><>" connected, address "130.204.36.29:27005"
L 01/25/2020 - 18:21:36: "Maverick<13><STEAM_0:0:37264973><>" STEAM USERID validated
L 01/25/2020 - 18:21:38: "Maverick<13><STEAM_0:0:37264973><>" entered the game
L 01/25/2020 - 18:21:41: "Maverick<13><STEAM_0:0:37264973><>" joined team "TERRORIST"
L 01/25/2020 - 18:21:42: "XxXgeorgiXxx :)<6><VALVE_ID_LAN><CT>" killed "ZAICEV<2><STEAM_2:1:1379228811><TERRORIST>" with "mac10"
L 01/25/2020 - 18:21:46: "XxXgeorgiXxx :)<6><VALVE_ID_LAN><CT>" killed "cala221<7><STEAM_1:1:110586922><TERRORIST>" with "mac10"
L 01/25/2020 - 18:21:46: Team "CT" triggered "CTs_Win" (CT "1") (T "0")
L 01/25/2020 - 18:21:46: World triggered "Round_End"
L 01/25/2020 - 18:21:51: "Maverick<13><STEAM_0:0:37264973><TERRORIST>" triggered "Spawned_With_The_Bomb"
L 01/25/2020 - 18:21:52: World triggered "Round_Start"
L 01/25/2020 - 18:22:20: "XxXgeorgiXxx :)<6><VALVE_ID_LAN><CT>" killed "ZAICEV<2><STEAM_2:1:1379228811><TERRORIST>" with "m3"
L 01/25/2020 - 18:22:21: "cala221<7><STEAM_1:1:110586922><TERRORIST>" killed "lol<10><STEAM_2:0:1214014100><CT>" with "mp5navy"
L 01/25/2020 - 18:22:23: "cala221<7><STEAM_1:1:110586922><TERRORIST>" killed "XxXgeorgiXxx :)<6><VALVE_ID_LAN><CT>" with "mp5navy"
L 01/25/2020 - 18:22:37: "DzIBy<8><STEAM_1:0:1326514608><CT>" killed "cala221<7><STEAM_1:1:110586922><TERRORIST>" with "mp5navy"
L 01/25/2020 - 18:22:43: "HuNt3r<12><STEAM_1:1:1071071391><CT>" killed "Maverick<13><STEAM_0:0:37264973><TERRORIST>" with "p90"
L 01/25/2020 - 18:22:43: Team "CT" triggered "CTs_Win" (CT "2") (T "0")
L 01/25/2020 - 18:22:43: World triggered "Round_End"
L 01/25/2020 - 18:22:47: "XxXgeorgiXxx :)<6><VALVE_ID_LAN><CT>" joined team "TERRORIST"
L 01/25/2020 - 18:22:47: "<><><>" triggered "amx_chat" (text "[PTB] Transfered XxXgeorgiXxx :) to TERRORIST")
L 01/25/2020 - 18:22:48: "Maverick<13><STEAM_0:0:37264973><TERRORIST>" triggered "Spawned_With_The_Bomb"
L 01/25/2020 - 18:22:49: World triggered "Round_Start"
L 01/25/2020 - 18:23:14: "lol<10><STEAM_2:0:1214014100><CT>" committed suicide with "tracktrain"
L 01/25/2020 - 18:23:18: "HuNt3r<12><STEAM_1:1:1071071391><CT>" killed "Maverick<13><STEAM_0:0:37264973><TERRORIST>" with "p90"
L 01/25/2020 - 18:23:18: "Maverick<13><STEAM_0:0:37264973><TERRORIST>" triggered "Dropped_The_Bomb"
L 01/25/2020 - 18:23:27: "DzIBy<8><STEAM_1:0:1326514608><CT>" killed "cala221<7><STEAM_1:1:110586922><TERRORIST>" with "mp5navy"
L 01/25/2020 - 18:23:33: "XxXgeorgiXxx :)<6><VALVE_ID_LAN><TERRORIST>" killed "HuNt3r<12><STEAM_1:1:1071071391><CT>" with "mac10"
L 01/25/2020 - 18:23:37: "DzIBy<8><STEAM_1:0:1326514608><CT>" killed "XxXgeorgiXxx :)<6><VALVE_ID_LAN><TERRORIST>" with "mp5navy"
L 01/25/2020 - 18:23:44: "HuNt3r<12><STEAM_1:1:1071071391><CT>" joined team "TERRORIST"
L 01/25/2020 - 18:23:57: "ZAICEV<2><STEAM_2:1:1379228811><TERRORIST>" triggered "Got_The_Bomb"
L 01/25/2020 - 18:24:09: "ZAICEV<2><STEAM_2:1:1379228811><TERRORIST>" triggered "Planted_The_Bomb"
L 01/25/2020 - 18:24:29: "DzIBy<8><STEAM_1:0:1326514608><CT>" killed "ZAICEV<2><STEAM_2:1:1379228811><TERRORIST>" with "mp5navy"
L 01/25/2020 - 18:24:32: "DzIBy<8><STEAM_1:0:1326514608><CT>" triggered "Begin_Bomb_Defuse_Without_Kit"
L 01/25/2020 - 18:24:32: "DzIBy<8><STEAM_1:0:1326514608><CT>" triggered "Begin_Bomb_Defuse_Without_Kit"
L 01/25/2020 - 18:24:42: "DzIBy<8><STEAM_1:0:1326514608><CT>" triggered "Defused_The_Bomb"
L 01/25/2020 - 18:24:42: Team "CT" triggered "Bomb_Defused" (CT "3") (T "0")
L 01/25/2020 - 18:24:42: World triggered "Round_End"
L 01/25/2020 - 18:24:43: [REUNION]: tilutasbebo (77.77.219.186) authorized as RevEmu
L 01/25/2020 - 18:24:43: "tilutasbebo<14><STEAM_2:1:1749210964><>" connected, address "77.77.219.186:15479"
L 01/25/2020 - 18:24:47: "cala221<7><STEAM_1:1:110586922><TERRORIST>" joined team "CT"
L 01/25/2020 - 18:24:47: "<><><>" triggered "amx_chat" (text "[PTB] Transfered cala221 to CT")
L 01/25/2020 - 18:24:47: "ZAICEV<2><STEAM_2:1:1379228811><TERRORIST>" triggered "Spawned_With_The_Bomb"
L 01/25/2020 - 18:24:48: World triggered "Round_Start"
L 01/25/2020 - 18:25:04: [REUNION]: tilutasbebo (77.77.219.186) authorized as RevEmu
L 01/25/2020 - 18:25:04: "tilutasbebo<15><STEAM_2:1:1749210964><>" connected, address "77.77.219.186:15479"
L 01/25/2020 - 18:25:11: "tilutasbebo<15><STEAM_2:1:1749210964><>" entered the game
L 01/25/2020 - 18:25:13: "HuNt3r<12><STEAM_1:1:1071071391><TERRORIST>" killed "cala221<7><STEAM_1:1:110586922><CT>" with "m3"
L 01/25/2020 - 18:25:15: "tilutasbebo<15><STEAM_2:1:1749210964><>" joined team "TERRORIST"
L 01/25/2020 - 18:25:16: "HuNt3r<12><STEAM_1:1:1071071391><TERRORIST>" killed "DzIBy<8><STEAM_1:0:1326514608><CT>" with "m3"
L 01/25/2020 - 18:25:38: "HuNt3r<12><STEAM_1:1:1071071391><TERRORIST>" killed "lol<10><STEAM_2:0:1214014100><CT>" with "p90"
L 01/25/2020 - 18:25:38: Team "TERRORIST" triggered "Terrorists_Win" (CT "3") (T "1")
L 01/25/2020 - 18:25:38: World triggered "Round_End"
L 01/25/2020 - 18:25:43: "XxXgeorgiXxx :)<6><VALVE_ID_LAN><TERRORIST>" triggered "Spawned_With_The_Bomb"
L 01/25/2020 - 18:25:44: World triggered "Round_Start"
L 01/25/2020 - 18:26:02: "XxXgeorgiXxx :)<6><VALVE_ID_LAN><TERRORIST>" triggered "Planted_The_Bomb"
L 01/25/2020 - 18:26:07: "lol<10><STEAM_2:0:1214014100><CT>" killed "HuNt3r<12><STEAM_1:1:1071071391><TERRORIST>" with "mp5navy"
L 01/25/2020 - 18:26:17: "cala221<7><STEAM_1:1:110586922><CT>" committed suicide with "worldspawn" (world)
L 01/25/2020 - 18:26:24: "ZAICEV<2><STEAM_2:1:1379228811><TERRORIST>" killed "DzIBy<8><STEAM_1:0:1326514608><CT>" with "mp5navy"
L 01/25/2020 - 18:26:30: "lol<10><STEAM_2:0:1214014100><CT>" killed "XxXgeorgiXxx :)<6><VALVE_ID_LAN><TERRORIST>" with "mp5navy"
L 01/25/2020 - 18:26:37: Team "TERRORIST" triggered "Target_Bombed" (CT "3") (T "2")
L 01/25/2020 - 18:26:37: World triggered "Round_End"
L 01/25/2020 - 18:26:41: "XxXgeorgiXxx :)<6><VALVE_ID_LAN><TERRORIST>" joined team "CT"
L 01/25/2020 - 18:26:41: "<><><>" triggered "amx_chat" (text "[PTB] Transfered XxXgeorgiXxx :) to CT")
L 01/25/2020 - 18:26:42: "Maverick<13><STEAM_0:0:37264973><TERRORIST>" triggered "Spawned_With_The_Bomb"
L 01/25/2020 - 18:26:43: World triggered "Round_Start"
L 01/25/2020 - 18:27:00: "HuNt3r<12><STEAM_1:1:1071071391><TERRORIST>" killed "cala221<7><STEAM_1:1:110586922><CT>" with "sg550"
L 01/25/2020 - 18:27:05: "lol<10><STEAM_2:0:1214014100><CT>" killed "tilutasbebo<15><STEAM_2:1:1749210964><TERRORIST>" with "sg550"
L 01/25/2020 - 18:27:07: "DzIBy<8><STEAM_1:0:1326514608><CT>" killed "ZAICEV<2><STEAM_2:1:1379228811><TERRORIST>" with "sg550"
L 01/25/2020 - 18:27:07: "lol<10><STEAM_2:0:1214014100><CT>" killed "Maverick<13><STEAM_0:0:37264973><TERRORIST>" with "sg550"
L 01/25/2020 - 18:27:08: [REUNION]: killer boss (77.78.52.216) authorized as RevEmu
L 01/25/2020 - 18:27:08: "killer boss<16><STEAM_1:0:280969512><>" connected, address "77.78.52.216:32547"
L 01/25/2020 - 18:27:16: "killer boss<16><STEAM_1:0:280969512><>" entered the game
L 01/25/2020 - 18:27:17: "ZAICEV<2><STEAM_2:1:1379228811><TERRORIST>" disconnected
L 01/25/2020 - 18:27:21: "killer boss<16><STEAM_1:0:280969512><>" joined team "TERRORIST"
L 01/25/2020 - 18:28:01: "HuNt3r<12><STEAM_1:1:1071071391><TERRORIST>" killed "DzIBy<8><STEAM_1:0:1326514608><CT>" with "sg550"
L 01/25/2020 - 18:28:23: "HuNt3r<12><STEAM_1:1:1071071391><TERRORIST>" disconnected
L 01/25/2020 - 18:28:23: Team "CT" triggered "CTs_Win" (CT "4") (T "2")
L 01/25/2020 - 18:28:23: World triggered "Round_End"
L 01/25/2020 - 18:28:27: "lol<10><STEAM_2:0:1214014100><CT>" joined team "TERRORIST"
L 01/25/2020 - 18:28:27: "<><><>" triggered "amx_chat" (text "[PTB] Transfered lol to TERRORIST")
L 01/25/2020 - 18:28:28: "killer boss<16><STEAM_1:0:280969512><TERRORIST>" triggered "Spawned_With_The_Bomb"
L 01/25/2020 - 18:28:29: World triggered "Round_Start"
L 01/25/2020 - 18:28:59: "XxXgeorgiXxx :)<6><VALVE_ID_LAN><CT>" killed "Maverick<13><STEAM_0:0:37264973><TERRORIST>" with "sg550"
L 01/25/2020 - 18:29:01: "XxXgeorgiXxx :)<6><VALVE_ID_LAN><CT>" killed "lol<10><STEAM_2:0:1214014100><TERRORIST>" with "sg550"
L 01/25/2020 - 18:29:10: "killer boss<16><STEAM_1:0:280969512><TERRORIST>" killed "DzIBy<8><STEAM_1:0:1326514608><CT>" with "p90"
L 01/25/2020 - 18:29:16: "XxXgeorgiXxx :)<6><VALVE_ID_LAN><CT>" killed "tilutasbebo<15><STEAM_2:1:1749210964><TERRORIST>" with "sg550"
L 01/25/2020 - 18:29:20: "cala221<7><STEAM_1:1:110586922><CT>" killed "killer boss<16><STEAM_1:0:280969512><TERRORIST>" with "mp5navy"
L 01/25/2020 - 18:29:20: Team "CT" triggered "CTs_Win" (CT "5") (T "2")
L 01/25/2020 - 18:29:20: World triggered "Round_End"
L 01/25/2020 - 18:29:25: "lol<10><STEAM_2:0:1214014100><TERRORIST>" triggered "Spawned_With_The_Bomb"
L 01/25/2020 - 18:29:26: World triggered "Round_Start"
L 01/25/2020 - 18:29:51: "XxXgeorgiXxx :)<6><VALVE_ID_LAN><CT>" killed "tilutasbebo<15><STEAM_2:1:1749210964><TERRORIST>" with "sg550"
L 01/25/2020 - 18:30:04: "lol<10><STEAM_2:0:1214014100><TERRORIST>" killed "cala221<7><STEAM_1:1:110586922><CT>" with "glock18"
L 01/25/2020 - 18:30:06: "lol<10><STEAM_2:0:1214014100><TERRORIST>" triggered "Dropped_The_Bomb"
L 01/25/2020 - 18:30:06: "Maverick<13><STEAM_0:0:37264973><TERRORIST>" triggered "Got_The_Bomb"
L 01/25/2020 - 18:30:08: "DzIBy<8><STEAM_1:0:1326514608><CT>" killed "killer boss<16><STEAM_1:0:280969512><TERRORIST>" with "mp5navy"
L 01/25/2020 - 18:30:16: "XxXgeorgiXxx :)<6><VALVE_ID_LAN><CT>" killed "Maverick<13><STEAM_0:0:37264973><TERRORIST>" with "sg550"
L 01/25/2020 - 18:30:16: "Maverick<13><STEAM_0:0:37264973><TERRORIST>" triggered "Dropped_The_Bomb"
L 01/25/2020 - 18:30:18: "XxXgeorgiXxx :)<6><VALVE_ID_LAN><CT>" killed "lol<10><STEAM_2:0:1214014100><TERRORIST>" with "sg550"
L 01/25/2020 - 18:30:18: Team "CT" triggered "CTs_Win" (CT "6") (T "2")
L 01/25/2020 - 18:30:18: World triggered "Round_End"
L 01/25/2020 - 18:30:22: "DzIBy<8><STEAM_1:0:1326514608><CT>" joined team "TERRORIST"
L 01/25/2020 - 18:30:22: "<><><>" triggered "amx_chat" (text "[PTB] Transfered DzIBy to TERRORIST")
L 01/25/2020 - 18:30:23: "lol<10><STEAM_2:0:1214014100><TERRORIST>" triggered "Spawned_With_The_Bomb"
L 01/25/2020 - 18:30:24: World triggered "Round_Start"
L 01/25/2020 - 18:30:51: "XxXgeorgiXxx :)<6><VALVE_ID_LAN><CT>" killed "DzIBy<8><STEAM_1:0:1326514608><TERRORIST>" with "sg550"
L 01/25/2020 - 18:31:02: "lol<10><STEAM_2:0:1214014100><TERRORIST>" killed "cala221<7><STEAM_1:1:110586922><CT>" with "m3"
L 01/25/2020 - 18:31:02: [REUNION]: nO-On (41.143.81.172) authorized as RevEmu
L 01/25/2020 - 18:31:02: "nO-On<17><STEAM_1:0:567142260><>" connected, address "41.143.81.172:14360"
L 01/25/2020 - 18:31:18: "lol<10><STEAM_2:0:1214014100><TERRORIST>" triggered "Planted_The_Bomb"
L 01/25/2020 - 18:31:22: "Maverick<13><STEAM_0:0:37264973><TERRORIST>" committed suicide with "world"
L 01/25/2020 - 18:31:26: "killer boss<16><STEAM_1:0:280969512><TERRORIST>" killed "XxXgeorgiXxx :)<6><VALVE_ID_LAN><CT>" with "p90"
L 01/25/2020 - 18:31:26: Team "TERRORIST" triggered "Terrorists_Win" (CT "6") (T "3")
L 01/25/2020 - 18:31:26: World triggered "Round_End"
L 01/25/2020 - 18:31:31: "lol<10><STEAM_2:0:1214014100><TERRORIST>" joined team "CT"
L 01/25/2020 - 18:31:31: "<><><>" triggered "amx_chat" (text "[PTB] Transfered lol to CT")
L 01/25/2020 - 18:31:31: "tilutasbebo<15><STEAM_2:1:1749210964><TERRORIST>" triggered "Spawned_With_The_Bomb"
L 01/25/2020 - 18:31:32: World triggered "Round_Start"
L 01/25/2020 - 18:31:48: "cala221<7><STEAM_1:1:110586922><CT>" killed "Maverick<13><STEAM_0:0:37264973><TERRORIST>" with "famas"
L 01/25/2020 - 18:32:09: "killer boss<16><STEAM_1:0:280969512><TERRORIST>" killed "XxXgeorgiXxx :)<6><VALVE_ID_LAN><CT>" with "elite"
L 01/25/2020 - 18:32:11: "XxXgeorgiXxx :)<6><VALVE_ID_LAN><CT>" disconnected
L 01/25/2020 - 18:32:18: "cala221<7><STEAM_1:1:110586922><CT>" killed "killer boss<16><STEAM_1:0:280969512><TERRORIST>" with "knife"
L 01/25/2020 - 18:32:23: "cala221<7><STEAM_1:1:110586922><CT>" killed "tilutasbebo<15><STEAM_2:1:1749210964><TERRORIST>" with "famas"
L 01/25/2020 - 18:32:23: "DzIBy<8><STEAM_1:0:1326514608><TERRORIST>" killed "cala221<7><STEAM_1:1:110586922><CT>" with "famas"
L 01/25/2020 - 18:32:33: "DzIBy<8><STEAM_1:0:1326514608><TERRORIST>" killed "lol<10><STEAM_2:0:1214014100><CT>" with "famas"
L 01/25/2020 - 18:32:33: Team "TERRORIST" triggered "Terrorists_Win" (CT "6") (T "4")
L 01/25/2020 - 18:32:33: World triggered "Round_End"
L 01/25/2020 - 18:32:38: "killer boss<16><STEAM_1:0:280969512><TERRORIST>" joined team "CT"
L 01/25/2020 - 18:32:38: "<><><>" triggered "amx_chat" (text "[PTB] Transfered killer boss to CT")
L 01/25/2020 - 18:32:38: "DzIBy<8><STEAM_1:0:1326514608><TERRORIST>" triggered "Spawned_With_The_Bomb"
L 01/25/2020 - 18:32:39: World triggered "Round_Start"
L 01/25/2020 - 18:32:43: "killer boss<16><STEAM_1:0:280969512><CT>" committed suicide with "worldspawn" (world)
L 01/25/2020 - 18:32:53: "DzIBy<8><STEAM_1:0:1326514608><TERRORIST>" killed "cala221<7><STEAM_1:1:110586922><CT>" with "famas"
L 01/25/2020 - 18:32:58: "DzIBy<8><STEAM_1:0:1326514608><TERRORIST>" killed "lol<10><STEAM_2:0:1214014100><CT>" with "famas"
L 01/25/2020 - 18:32:58: Team "TERRORIST" triggered "Terrorists_Win" (CT "6") (T "5")
L 01/25/2020 - 18:32:58: World triggered "Round_End"
L 01/25/2020 - 18:33:03: "Maverick<13><STEAM_0:0:37264973><TERRORIST>" triggered "Spawned_With_The_Bomb"
L 01/25/2020 - 18:33:04: World triggered "Round_Start"
L 01/25/2020 - 18:33:22: [REUNION]: nO-On (41.143.81.172) authorized as RevEmu
L 01/25/2020 - 18:33:22: "nO-On<18><STEAM_1:0:567142260><>" connected, address "41.143.81.172:14360"
L 01/25/2020 - 18:33:28: "killer boss<16><STEAM_1:0:280969512><CT>" killed "DzIBy<8><STEAM_1:0:1326514608><TERRORIST>" with "p90"
L 01/25/2020 - 18:33:32: "nO-On<18><STEAM_1:0:567142260><>" entered the game
L 01/25/2020 - 18:33:36: "nO-On<18><STEAM_1:0:567142260><>" joined team "TERRORIST"
L 01/25/2020 - 18:33:38: "fArAwAyFTW<19><STEAM_0:1:124065162><>" connected, address "94.236.228.224:27005"
L 01/25/2020 - 18:33:39: "fArAwAyFTW<19><STEAM_0:1:124065162><>" STEAM USERID validated
L 01/25/2020 - 18:33:41: "Maverick<13><STEAM_0:0:37264973><TERRORIST>" triggered "Dropped_The_Bomb"
L 01/25/2020 - 18:33:41: "Maverick<13><STEAM_0:0:37264973><TERRORIST>" disconnected
L 01/25/2020 - 18:33:49: "fArAwAyFTW<20><STEAM_0:1:124065162><>" connected, address "94.236.228.224:27005"
L 01/25/2020 - 18:33:50: "fArAwAyFTW<20><STEAM_0:1:124065162><>" STEAM USERID validated
L 01/25/2020 - 18:33:56: "fArAwAyFTW<20><STEAM_0:1:124065162><>" entered the game
L 01/25/2020 - 18:33:58: "cala221<7><STEAM_1:1:110586922><CT>" killed "tilutasbebo<15><STEAM_2:1:1749210964><TERRORIST>" with "usp"
L 01/25/2020 - 18:33:58: Team "CT" triggered "CTs_Win" (CT "7") (T "5")
L 01/25/2020 - 18:33:58: World triggered "Round_End"
L 01/25/2020 - 18:33:59: "fArAwAyFTW<20><STEAM_0:1:124065162><>" joined team "TERRORIST"
L 01/25/2020 - 18:34:03: "fArAwAyFTW<20><STEAM_0:1:124065162><TERRORIST>" triggered "Spawned_With_The_Bomb"
L 01/25/2020 - 18:34:04: World triggered "Round_Start"
L 01/25/2020 - 18:34:21: "killer boss<16><STEAM_1:0:280969512><CT>" killed "fArAwAyFTW<20><STEAM_0:1:124065162><TERRORIST>" with "famas"
L 01/25/2020 - 18:34:21: "fArAwAyFTW<20><STEAM_0:1:124065162><TERRORIST>" triggered "Dropped_The_Bomb"
L 01/25/2020 - 18:34:25: "nO-On<18><STEAM_1:0:567142260><TERRORIST>" killed "DzIBy<8><STEAM_1:0:1326514608><TERRORIST>" with "tracktrain"
L 01/25/2020 - 18:34:44: "fArAwAyFTW<20><STEAM_0:1:124065162><TERRORIST>" disconnected
L 01/25/2020 - 18:34:48: "nO-On<18><STEAM_1:0:567142260><TERRORIST>" killed "killer boss<16><STEAM_1:0:280969512><CT>" with "m3"
L 01/25/2020 - 18:34:52: "nO-On<18><STEAM_1:0:567142260><TERRORIST>" committed suicide with "world"
L 01/25/2020 - 18:34:58: "cala221<7><STEAM_1:1:110586922><CT>" killed "tilutasbebo<15><STEAM_2:1:1749210964><TERRORIST>" with "usp"
L 01/25/2020 - 18:34:58: Team "CT" triggered "CTs_Win" (CT "8") (T "5")
L 01/25/2020 - 18:34:58: World triggered "Round_End"
L 01/25/2020 - 18:35:03: "nO-On<18><STEAM_1:0:567142260><TERRORIST>" triggered "Spawned_With_The_Bomb"
L 01/25/2020 - 18:35:04: World triggered "Round_Start"
L 01/25/2020 - 18:35:09: "tilutasbebo<15><STEAM_2:1:1749210964><TERRORIST>" disconnected
L 01/25/2020 - 18:35:47: "killer boss<16><STEAM_1:0:280969512><CT>" killed "nO-On<18><STEAM_1:0:567142260><TERRORIST>" with "mp5navy"
L 01/25/2020 - 18:35:47: "nO-On<18><STEAM_1:0:567142260><TERRORIST>" triggered "Dropped_The_Bomb"
L 01/25/2020 - 18:36:46: "DzIBy<8><STEAM_1:0:1326514608><TERRORIST>" killed "cala221<7><STEAM_1:1:110586922><CT>" with "mp5navy"
L 01/25/2020 - 18:37:06: "killer boss<16><STEAM_1:0:280969512><CT>" killed "DzIBy<8><STEAM_1:0:1326514608><TERRORIST>" with "p90"
L 01/25/2020 - 18:37:06: Team "CT" triggered "CTs_Win" (CT "9") (T "5")
L 01/25/2020 - 18:37:06: World triggered "Round_End"
L 01/25/2020 - 18:37:11: "lol<10><STEAM_2:0:1214014100><CT>" joined team "TERRORIST"
L 01/25/2020 - 18:37:11: "<><><>" triggered "amx_chat" (text "[PTB] Transfered lol to TERRORIST")
L 01/25/2020 - 18:37:11: "DzIBy<8><STEAM_1:0:1326514608><TERRORIST>" triggered "Spawned_With_The_Bomb"
L 01/25/2020 - 18:37:12: World triggered "Round_Start"
L 01/25/2020 - 18:38:05: "killer boss<16><STEAM_1:0:280969512><CT>" killed "DzIBy<8><STEAM_1:0:1326514608><TERRORIST>" with "p90"
L 01/25/2020 - 18:38:05: "DzIBy<8><STEAM_1:0:1326514608><TERRORIST>" triggered "Dropped_The_Bomb"
L 01/25/2020 - 18:38:39: "nO-On<18><STEAM_1:0:567142260><TERRORIST>" killed "killer boss<16><STEAM_1:0:280969512><CT>" with "m3"
L 01/25/2020 - 18:38:49: "nO-On<18><STEAM_1:0:567142260><TERRORIST>" killed "cala221<7><STEAM_1:1:110586922><CT>" with "p90"
L 01/25/2020 - 18:38:49: Team "TERRORIST" triggered "Terrorists_Win" (CT "9") (T "6")
L 01/25/2020 - 18:38:49: World triggered "Round_End"
L 01/25/2020 - 18:38:53: "nO-On<18><STEAM_1:0:567142260><TERRORIST>" joined team "CT"
L 01/25/2020 - 18:38:53: "<><><>" triggered "amx_chat" (text "[PTB] Transfered nO-On to CT")
L 01/25/2020 - 18:38:54: "DzIBy<8><STEAM_1:0:1326514608><TERRORIST>" triggered "Spawned_With_The_Bomb"
L 01/25/2020 - 18:38:55: World triggered "Round_Start"
L 01/25/2020 - 18:39:19: "killer boss<16><STEAM_1:0:280969512><CT>" killed "DzIBy<8><STEAM_1:0:1326514608><TERRORIST>" with "mp5navy"
L 01/25/2020 - 18:39:19: "DzIBy<8><STEAM_1:0:1326514608><TERRORIST>" triggered "Dropped_The_Bomb"
L 01/25/2020 - 18:39:45: "lol<10><STEAM_2:0:1214014100><TERRORIST>" committed suicide with "worldspawn" (world)
L 01/25/2020 - 18:39:45: Team "CT" triggered "CTs_Win" (CT "10") (T "6")
L 01/25/2020 - 18:39:45: World triggered "Round_End"
L 01/25/2020 - 18:39:49: "killer boss<16><STEAM_1:0:280969512><CT>" joined team "TERRORIST"
L 01/25/2020 - 18:39:49: "<><><>" triggered "amx_chat" (text "[PTB] Transfered killer boss to TERRORIST")
L 01/25/2020 - 18:39:50: "lol<10><STEAM_2:0:1214014100><TERRORIST>" triggered "Spawned_With_The_Bomb"
L 01/25/2020 - 18:39:51: World triggered "Round_Start"
L 01/25/2020 - 18:40:05: "killer boss<16><STEAM_1:0:280969512><TERRORIST>" killed "cala221<7><STEAM_1:1:110586922><CT>" with "p90"
L 01/25/2020 - 18:40:16: "killer boss<16><STEAM_1:0:280969512><TERRORIST>" killed "nO-On<18><STEAM_1:0:567142260><CT>" with "p90"
L 01/25/2020 - 18:40:16: Team "TERRORIST" triggered "Terrorists_Win" (CT "10") (T "7")
L 01/25/2020 - 18:40:16: World triggered "Round_End"
L 01/25/2020 - 18:40:16: Server cvar "amx_nextmap" = "space_battle_beta"
L 01/25/2020 - 18:40:20: "DzIBy<8><STEAM_1:0:1326514608><TERRORIST>" joined team "CT"
L 01/25/2020 - 18:40:20: "<><><>" triggered "amx_chat" (text "[PTB] Transfered DzIBy to CT")
L 01/25/2020 - 18:40:21: "lol<10><STEAM_2:0:1214014100><TERRORIST>" triggered "Spawned_With_The_Bomb"
L 01/25/2020 - 18:40:22: World triggered "Round_Start"
L 01/25/2020 - 18:40:42: "killer boss<16><STEAM_1:0:280969512><TERRORIST>" killed "nO-On<18><STEAM_1:0:567142260><CT>" with "mp5navy"
L 01/25/2020 - 18:40:43: "cala221<7><STEAM_1:1:110586922><CT>" killed "lol<10><STEAM_2:0:1214014100><TERRORIST>" with "usp"
L 01/25/2020 - 18:40:43: "lol<10><STEAM_2:0:1214014100><TERRORIST>" triggered "Dropped_The_Bomb"
L 01/25/2020 - 18:40:54: "killer boss<16><STEAM_1:0:280969512><TERRORIST>" killed "DzIBy<8><STEAM_1:0:1326514608><CT>" with "mp5navy"
L 01/25/2020 - 18:40:56: "killer boss<16><STEAM_1:0:280969512><TERRORIST>" killed "cala221<7><STEAM_1:1:110586922><CT>" with "mp5navy"
L 01/25/2020 - 18:40:56: Team "TERRORIST" triggered "Terrorists_Win" (CT "10") (T "8")
L 01/25/2020 - 18:40:56: World triggered "Round_End"
L 01/25/2020 - 18:40:59: Server cvar "mp_timelimit" = "0.000000"
L 01/25/2020 - 18:41:01: "killer boss<16><STEAM_1:0:280969512><TERRORIST>" triggered "Spawned_With_The_Bomb"
L 01/25/2020 - 18:41:02: World triggered "Round_Start"
L 01/25/2020 - 18:41:20: "DzIBy<8><STEAM_1:0:1326514608><CT>" committed suicide with "tracktrain"
L 01/25/2020 - 18:41:20: "killer boss<16><STEAM_1:0:280969512><TERRORIST>" killed "cala221<7><STEAM_1:1:110586922><CT>" with "mp5navy"
L 01/25/2020 - 18:41:35: "cala221<7><STEAM_1:1:110586922><CT>" disconnected
L 01/25/2020 - 18:41:41: "killer boss<16><STEAM_1:0:280969512><TERRORIST>" killed "nO-On<18><STEAM_1:0:567142260><CT>" with "mp5navy"
L 01/25/2020 - 18:41:41: Team "TERRORIST" triggered "Terrorists_Win" (CT "10") (T "9")
L 01/25/2020 - 18:41:41: World triggered "Round_End"
L 01/25/2020 - 18:41:46: "lol<10><STEAM_2:0:1214014100><TERRORIST>" joined team "CT"
L 01/25/2020 - 18:41:46: "<><><>" triggered "amx_chat" (text "[PTB] Transfered lol to CT")
L 01/25/2020 - 18:41:46: "killer boss<16><STEAM_1:0:280969512><TERRORIST>" triggered "Spawned_With_The_Bomb"
L 01/25/2020 - 18:41:47: World triggered "Round_Start"
L 01/25/2020 - 18:41:47: Server cvar "sv_maxspeed" = "0.000000"
L 01/25/2020 - 18:41:47: Server cvar "mp_friendlyfire" = "1"
L 01/25/2020 - 18:41:57: "lol<10><STEAM_2:0:1214014100><CT>" killed "nO-On<18><STEAM_1:0:567142260><CT>" with "m3"
L 01/25/2020 - 18:41:58: Server cvar "sv_maxspeed" = "900.000000"
L 01/25/2020 - 18:41:58: Server cvar "mp_friendlyfire" = "0"
L 01/25/2020 - 18:41:58: Server cvar "mp_timelimit" = "20.000000"
L 01/25/2020 - 18:41:58: [META] ini: Begin re-reading plugins list: /home/rented/public9/cstrike/addons/metamod/plugins.ini
L 01/25/2020 - 18:41:58: [META] ini: Read plugin config for: SafeNameAndChat
L 01/25/2020 - 18:41:58: [META] ini: Read plugin config for: AMX Mod X
L 01/25/2020 - 18:41:58: [META] ini: Read plugin config for: Reunion
L 01/25/2020 - 18:41:58: [META] ini: Read plugin config for: ReAuthCheck
L 01/25/2020 - 18:41:58: [META] ini: Read plugin config for: WHBlocker
L 01/25/2020 - 18:41:58: [META] ini: Read plugin config for: ReSemiclip
L 01/25/2020 - 18:41:58: [META] ini: Read plugin config for: Revoice
L 01/25/2020 - 18:41:58: [META] ini: Finished reading plugins list: /home/rented/public9/cstrike/addons/metamod/plugins.ini; Found 7 plugins
L 01/25/2020 - 18:41:58: [META] dll: Updating plugins...
L 01/25/2020 - 18:41:58: [META] WARNING: Cannot clear plugin 'SafeNameAndChat'; not marked as failed, empty, or open (status=valid)
L 01/25/2020 - 18:41:58: [META] dll: Unloaded plugin 'SafeNameAndChat' for reason 'file on disk is newer'
L 01/25/2020 - 18:41:58: [META] dll: Loaded plugin 'SafeNameAndChat': SafeNameAndChat v1.1 2017.02.01, WPMG.PRoSToC0der
L 01/25/2020 - 18:41:58: [META] WARNING: Cannot clear plugin 'WHBlocker'; not marked as failed, empty, or open (status=valid)
L 01/25/2020 - 18:41:58: [META] dll: Unloaded plugin 'WHBlocker' for reason 'file on disk is newer'
L 01/25/2020 - 18:41:58: [META] dll: Loaded plugin 'WHBlocker': WHBlocker v1.5.692 2017-04-13, s1lent
L 01/25/2020 - 18:41:58: [META] WARNING: Cannot clear plugin 'ReSemiclip'; not marked as failed, empty, or open (status=valid)
L 01/25/2020 - 18:41:58: [META] dll: Unloaded plugin 'ReSemiclip' for reason 'file on disk is newer'
L 01/25/2020 - 18:41:58: [META] dll: Loaded plugin 'ReSemiclip': ReSemiclip v2.3.9 13/02/17, s1lent & Adidasman
L 01/25/2020 - 18:41:58: [META] dll: Finished updating 14 plugins; kept 0, loaded 0, unloaded 0, reloaded 3, delayed 0
L 01/25/2020 - 18:41:58: "nO-On<18><STEAM_1:0:567142260><CT>" disconnected
L 01/25/2020 - 18:41:58: "DzIBy<8><STEAM_1:0:1326514608><CT>" disconnected
L 01/25/2020 - 18:41:58: "lol<10><STEAM_2:0:1214014100><CT>" disconnected
L 01/25/2020 - 18:41:58: "killer boss<16><STEAM_1:0:280969512><TERRORIST>" disconnected
L 01/25/2020 - 18:41:58: World triggered "Round_Draw" (CT "10") (T "9")
L 01/25/2020 - 18:41:58: World triggered "Round_End"
L 01/25/2020 - 18:41:58: Log file closed
