L 01/20/2020 - 21:44:21: Log file started (file "logs/L0120070.log") (game "cstrike") (version "48/1.1.2.7/Stdio/1621")
L 01/20/2020 - 21:44:21: Loading map "jp_cars"
L 01/20/2020 - 21:44:21: Server cvars start
L 01/20/2020 - 21:44:21: Server cvar "@BunnyHopper" = "3.x"
L 01/20/2020 - 21:44:21: Server cvar "@CRXGoSpec" = "1.1"
L 01/20/2020 - 21:44:21: Server cvar "@CRXRemoveImmunity" = "1.0"
L 01/20/2020 - 21:44:21: Server cvar "@D.I.C.E." = "1.1"
L 01/20/2020 - 21:44:21: Server cvar "@MOTDCommands" = "1.2"
L 01/20/2020 - 21:44:21: Server cvar "advanced_quake_sounds" = "5.0"
L 01/20/2020 - 21:44:21: Server cvar "AdvancedMute" = "1.0"
L 01/20/2020 - 21:44:21: Server cvar "aesp_version" = "1.3"
L 01/20/2020 - 21:44:21: Server cvar "allow_spectators" = "1.0"
L 01/20/2020 - 21:44:21: Server cvar "amx_client_languages" = "1"
L 01/20/2020 - 21:44:21: Server cvar "amx_language" = "en"
L 01/20/2020 - 21:44:21: Server cvar "amx_nextmap" = "jp_cars"
L 01/20/2020 - 21:44:21: Server cvar "amx_ptb_version" = "1.8b3"
L 01/20/2020 - 21:44:21: Server cvar "amx_timeleft" = "00:00"
L 01/20/2020 - 21:44:21: Server cvar "amxmodx_version" = "1.8.2"
L 01/20/2020 - 21:44:21: Server cvar "amxxbg_vip" = "1.0"
L 01/20/2020 - 21:44:21: Server cvar "asp_version" = "4.5.1"
L 01/20/2020 - 21:44:21: Server cvar "atac_version" = "3.0.1"
L 01/20/2020 - 21:44:21: Server cvar "badcamper_version" = "1.4 beta"
L 01/20/2020 - 21:44:21: Server cvar "blockmaker" = "4.01"
L 01/20/2020 - 21:44:21: Server cvar "c4 timer" = "1.1"
L 01/20/2020 - 21:44:21: Server cvar "coop" = "0"
L 01/20/2020 - 21:44:21: Server cvar "CRXAdminGroups" = "1.0"
L 01/20/2020 - 21:44:21: Server cvar "CRXCommandRestrictions" = "1.0"
L 01/20/2020 - 21:44:21: Server cvar "CRXFastKnife" = "1.0"
L 01/20/2020 - 21:44:21: Server cvar "CRXGametracker" = "2.0"
L 01/20/2020 - 21:44:21: Server cvar "CRXKnifeModels" = "2.5.7"
L 01/20/2020 - 21:44:21: Server cvar "CRXTeamAdvantage" = "1.0"
L 01/20/2020 - 21:44:21: Server cvar "CustomShop" = "4.2"
L 01/20/2020 - 21:44:21: Server cvar "deathmatch" = "1"
L 01/20/2020 - 21:44:21: Server cvar "decalfrequency" = "0"
L 01/20/2020 - 21:44:21: Server cvar "edgefriction" = "2"
L 01/20/2020 - 21:44:21: Server cvar "ers_version" = "2.3c"
L 01/20/2020 - 21:44:21: Server cvar "gagsystem_shoko" = "1.0"
L 01/20/2020 - 21:44:21: Server cvar "gal_mapcyclefile" = "mapcycle.txt"
L 01/20/2020 - 21:44:21: Server cvar "gal_version" = "v5.9.1-926"
L 01/20/2020 - 21:44:21: Server cvar "game_version" = "5.7.0.313-dev"
L 01/20/2020 - 21:44:21: Server cvar "humans_join_team" = "any"
L 01/20/2020 - 21:44:21: Server cvar "jtp10181" = "chute,gore"
L 01/20/2020 - 21:44:21: Server cvar "lawliet" = "ny_RainingSnow"
L 01/20/2020 - 21:44:21: Server cvar "LetitSnow" = "1.0"
L 01/20/2020 - 21:44:21: Server cvar "map_spawns" = "T(16) CT(16)"
L 01/20/2020 - 21:44:21: Server cvar "max_queries_sec" = "3"
L 01/20/2020 - 21:44:21: Server cvar "max_queries_sec_global" = "150"
L 01/20/2020 - 21:44:21: Server cvar "max_queries_window" = "60"
L 01/20/2020 - 21:44:21: Server cvar "mdbBans" = "4.8"
L 01/20/2020 - 21:44:21: Server cvar "metamod_version" = "1.21p37"
L 01/20/2020 - 21:44:21: Server cvar "mp_autokick" = "0"
L 01/20/2020 - 21:44:21: Server cvar "mp_autokick_timeout" = "-1"
L 01/20/2020 - 21:44:21: Server cvar "mp_autoteambalance" = "0"
L 01/20/2020 - 21:44:21: Server cvar "mp_buytime" = "0.25"
L 01/20/2020 - 21:44:21: Server cvar "mp_c4timer" = "35"
L 01/20/2020 - 21:44:21: Server cvar "mp_chattime" = "5.000000"
L 01/20/2020 - 21:44:21: Server cvar "mp_consistency" = "1"
L 01/20/2020 - 21:44:21: Server cvar "mp_fadetoblack" = "0"
L 01/20/2020 - 21:44:21: Server cvar "mp_flashlight" = "1"
L 01/20/2020 - 21:44:21: Server cvar "mp_footsteps" = "1"
L 01/20/2020 - 21:44:21: Server cvar "mp_forcecamera" = "0"
L 01/20/2020 - 21:44:21: Server cvar "mp_forcechasecam" = "0"
L 01/20/2020 - 21:44:21: Server cvar "mp_forcerespawn" = "0"
L 01/20/2020 - 21:44:21: Server cvar "mp_fraglimit" = "0"
L 01/20/2020 - 21:44:21: Server cvar "mp_fragsleft" = "0"
L 01/20/2020 - 21:44:21: Server cvar "mp_freeforall" = "0"
L 01/20/2020 - 21:44:21: Server cvar "mp_freezetime" = "1"
L 01/20/2020 - 21:44:21: Server cvar "mp_friendlyfire" = "0"
L 01/20/2020 - 21:44:21: Server cvar "mp_hostage_hurtable" = "1"
L 01/20/2020 - 21:44:21: Server cvar "mp_hostagepenalty" = "0"
L 01/20/2020 - 21:44:21: Server cvar "mp_item_staytime" = "300"
L 01/20/2020 - 21:44:21: Server cvar "mp_kickpercent" = "0.66"
L 01/20/2020 - 21:44:21: Server cvar "mp_legacy_bombtarget_touch" = "1"
L 01/20/2020 - 21:44:21: Server cvar "mp_limitteams" = "0"
L 01/20/2020 - 21:44:21: Server cvar "mp_logdetail" = "0"
L 01/20/2020 - 21:44:21: Server cvar "mp_logfile" = "1"
L 01/20/2020 - 21:44:21: Server cvar "mp_logmessages" = "1"
L 01/20/2020 - 21:44:21: Server cvar "mp_mapvoteratio" = "0.66"
L 01/20/2020 - 21:44:21: Server cvar "mp_maxmoney" = "999999"
L 01/20/2020 - 21:44:21: Server cvar "mp_maxrounds" = "0"
L 01/20/2020 - 21:44:21: Server cvar "mp_mirrordamage" = "0"
L 01/20/2020 - 21:44:21: Server cvar "mp_old_bomb_defused_sound" = "1"
L 01/20/2020 - 21:44:21: Server cvar "mp_playerid" = "0"
L 01/20/2020 - 21:44:21: Server cvar "mp_respawn_immunitytime" = "0"
L 01/20/2020 - 21:44:21: Server cvar "mp_round_infinite" = "0"
L 01/20/2020 - 21:44:21: Server cvar "mp_round_restart_delay" = "5"
L 01/20/2020 - 21:44:21: Server cvar "mp_roundover" = "0"
L 01/20/2020 - 21:44:21: Server cvar "mp_roundtime" = "2.3"
L 01/20/2020 - 21:44:21: Server cvar "mp_show_radioicon" = "1"
L 01/20/2020 - 21:44:21: Server cvar "mp_startmoney" = "850"
L 01/20/2020 - 21:44:21: Server cvar "mp_timeleft" = "00:00"
L 01/20/2020 - 21:44:21: Server cvar "mp_timelimit" = "20.000000"
L 01/20/2020 - 21:44:21: Server cvar "mp_tkpunish" = "0"
L 01/20/2020 - 21:44:21: Server cvar "mp_windifference" = "1"
L 01/20/2020 - 21:44:21: Server cvar "mp_winlimit" = "0"
L 01/20/2020 - 21:44:21: Server cvar "NoWeaponsOnGround" = "1.0"
L 01/20/2020 - 21:44:21: Server cvar "pausable" = "0"
L 01/20/2020 - 21:44:21: Server cvar "present_version" = "2.01"
L 01/20/2020 - 21:44:21: Server cvar "RandomHP" = "2.2"
L 01/20/2020 - 21:44:21: Server cvar "reauthcheck_version" = "0.1.6"
L 01/20/2020 - 21:44:21: Server cvar "reconnect_features" = "0.3.1"
L 01/20/2020 - 21:44:21: Server cvar "report_system_version" = "3.1"
L 01/20/2020 - 21:44:21: Server cvar "resemiclip_version" = "2.3.9"
L 01/20/2020 - 21:44:21: Server cvar "reu_version" = "0.1.0.130"
L 01/20/2020 - 21:44:21: Server cvar "revoice_version" = "0.1.0.30"
L 01/20/2020 - 21:44:21: Server cvar "RRWM" = "2.0"
L 01/20/2020 - 21:44:21: Server cvar "sanksounds_version" = "1.8.6"
L 01/20/2020 - 21:44:21: Server cvar "SimpleMenu" = "1.1"
L 01/20/2020 - 21:44:21: Server cvar "SNAC_Version" = "1.1"
L 01/20/2020 - 21:44:21: Server cvar "SpecList" = "1.2a"
L 01/20/2020 - 21:44:21: Server cvar "sr_version" = "1.6"
L 01/20/2020 - 21:44:21: Server cvar "statsx_shell_ver" = "2.0.0 (BETA)"
L 01/20/2020 - 21:44:21: Server cvar "StyleC4Timer" = "2.1"
L 01/20/2020 - 21:44:21: Server cvar "sv_accelerate" = "5"
L 01/20/2020 - 21:44:21: Server cvar "sv_aim" = "1"
L 01/20/2020 - 21:44:21: Server cvar "sv_airaccelerate" = "100"
L 01/20/2020 - 21:44:21: Server cvar "sv_allowupload" = "1"
L 01/20/2020 - 21:44:21: Server cvar "sv_alltalk" = "1"
L 01/20/2020 - 21:44:21: Server cvar "sv_bounce" = "1"
L 01/20/2020 - 21:44:21: Server cvar "sv_cheats" = "0"
L 01/20/2020 - 21:44:21: Server cvar "sv_clienttrace" = "1"
L 01/20/2020 - 21:44:21: Server cvar "sv_contact" = "feruchio599@gmail.com"
L 01/20/2020 - 21:44:21: Server cvar "sv_friction" = "4"
L 01/20/2020 - 21:44:21: Server cvar "sv_gravity" = "800"
L 01/20/2020 - 21:44:21: Server cvar "sv_logblocks" = "0"
L 01/20/2020 - 21:44:21: Server cvar "sv_maxrate" = "50000"
L 01/20/2020 - 21:44:21: Server cvar "sv_maxspeed" = "900.000000"
L 01/20/2020 - 21:44:21: Server cvar "sv_minrate" = "10000"
L 01/20/2020 - 21:44:21: Server cvar "sv_password" = ""
L 01/20/2020 - 21:44:21: Server cvar "sv_proxies" = "1"
L 01/20/2020 - 21:44:21: Server cvar "sv_restart" = "0"
L 01/20/2020 - 21:44:21: Server cvar "sv_restartround" = "0"
L 01/20/2020 - 21:44:21: Server cvar "sv_stepsize" = "18"
L 01/20/2020 - 21:44:21: Server cvar "sv_stopspeed" = "75"
L 01/20/2020 - 21:44:21: Server cvar "sv_uploadmax" = "0.5"
L 01/20/2020 - 21:44:21: Server cvar "sv_version" = "1.1.2.7/Stdio,48,1621"
L 01/20/2020 - 21:44:21: Server cvar "sv_voiceenable" = "1"
L 01/20/2020 - 21:44:21: Server cvar "sv_wateraccelerate" = "10"
L 01/20/2020 - 21:44:21: Server cvar "sv_waterfriction" = "1"
L 01/20/2020 - 21:44:21: Server cvar "Team_Semiclip_version" = "3.3.1"
L 01/20/2020 - 21:44:21: Server cvar "vehicle_real_killer" = "1.1"
L 01/20/2020 - 21:44:21: Server cvar "WalkGuard" = "1.3.2"
L 01/20/2020 - 21:44:21: Server cvar "we_grenades" = "Huehue"
L 01/20/2020 - 21:44:21: Server cvar "we_player_models" = "Huehue"
L 01/20/2020 - 21:44:21: Server cvar "whb_version" = "1.5.692"
L 01/20/2020 - 21:44:21: Server cvar "zp_jp_version" = "Extra Item Jetpack+Bazooka v3.2"
L 01/20/2020 - 21:44:21: Server cvars end
L 01/20/2020 - 21:44:24: Server cvar "sv_maxspeed" = "900"
L 01/20/2020 - 21:44:24: Server cvar "mp_autoteambalance" = "1"
L 01/20/2020 - 21:44:24: Server cvar "mp_timelimit" = "20"
L 01/20/2020 - 21:44:24: Server cvar "mp_autoteambalance" = "0"
L 01/20/2020 - 21:44:24: Server cvar "amx_nextmap" = "[not yet voted on]"
L 01/20/2020 - 21:44:26: Started map "jp_cars" (CRC "-1563467776")
L 01/20/2020 - 21:44:28: World triggered "Round_Start"
L 01/20/2020 - 21:44:30: [REUNION]: Bonno (46.217.140.160) authorized as RevEmu
L 01/20/2020 - 21:44:30: "Bonno<149><STEAM_1:1:794573339><>" connected, address "46.217.140.160:27005"
L 01/20/2020 - 21:44:30: [REUNION]: S!cKeR D!cKeR (79.126.167.143) authorized as RevEmu
L 01/20/2020 - 21:44:30: "S!cKeR D!cKeR<150><STEAM_1:0:1304638082><>" connected, address "79.126.167.143:27005"
L 01/20/2020 - 21:44:31: "narcotic.gaming | SMOKE＃＃<151><STEAM_0:0:46988809><>" connected, address "5.32.135.247:52462"
L 01/20/2020 - 21:44:31: "narcotic.gaming | SMOKE＃＃<151><STEAM_0:0:46988809><>" STEAM USERID validated
L 01/20/2020 - 21:44:33: "Bonno<149><STEAM_1:1:794573339><>" entered the game
L 01/20/2020 - 21:44:36: "Bonno<149><STEAM_1:1:794573339><>" joined team "CT"
L 01/20/2020 - 21:44:36: "narcotic.gaming | SMOKE＃＃<151><STEAM_0:0:46988809><>" entered the game
L 01/20/2020 - 21:44:36: "S!cKeR D!cKeR<150><STEAM_1:0:1304638082><>" entered the game
L 01/20/2020 - 21:44:38: "narcotic.gaming | SMOKE＃＃<151><STEAM_0:0:46988809><>" joined team "TERRORIST"
L 01/20/2020 - 21:44:38: "S!cKeR D!cKeR<150><STEAM_1:0:1304638082><>" joined team "CT"
L 01/20/2020 - 21:44:38: World triggered "Game_Commencing"
L 01/20/2020 - 21:44:38: World triggered "Game_Commencing" (CT "0") (T "0")
L 01/20/2020 - 21:44:38: World triggered "Round_End"
L 01/20/2020 - 21:44:41: "narcotic.gaming | SMOKE＃＃<151><STEAM_0:0:46988809><TERRORIST>" triggered "Spawned_With_The_Bomb"
L 01/20/2020 - 21:44:42: World triggered "Round_Start"
L 01/20/2020 - 21:45:41: "narcotic.gaming | SMOKE＃＃<151><STEAM_0:0:46988809><TERRORIST>" killed "Bonno<149><STEAM_1:1:794573339><CT>" with "g3sg1"
L 01/20/2020 - 21:46:06: "narcotic.gaming | SMOKE＃＃<151><STEAM_0:0:46988809><TERRORIST>" triggered "Planted_The_Bomb"
L 01/20/2020 - 21:46:19: "Bonno<149><STEAM_1:1:794573339><CT>" disconnected
L 01/20/2020 - 21:46:41: Team "TERRORIST" triggered "Target_Bombed" (CT "0") (T "1")
L 01/20/2020 - 21:46:41: World triggered "Round_End"
L 01/20/2020 - 21:46:46: "narcotic.gaming | SMOKE＃＃<151><STEAM_0:0:46988809><TERRORIST>" triggered "Spawned_With_The_Bomb"
L 01/20/2020 - 21:46:47: World triggered "Round_Start"
L 01/20/2020 - 21:47:03: [REUNION]: ODORBOB ODORBOBOVICH KEKS (91.216.61.27) authorized as RevEmu
L 01/20/2020 - 21:47:03: "ODORBOB ODORBOBOVICH KEKS<152><STEAM_2:1:232948105><>" connected, address "91.216.61.27:27005"
L 01/20/2020 - 21:47:08: "N44<153><STEAM_0:1:219565788><>" connected, address "95.47.111.105:59582"
L 01/20/2020 - 21:47:09: [REUNION]: ODORBOB ODORBOBOVICH KEKS (91.216.61.27) authorized as RevEmu
L 01/20/2020 - 21:47:09: "ODORBOB ODORBOBOVICH KEKS<154><STEAM_2:1:232948105><>" connected, address "91.216.61.27:27005"
L 01/20/2020 - 21:47:09: "N44<153><STEAM_0:1:219565788><>" STEAM USERID validated
L 01/20/2020 - 21:47:14: "N44<153><STEAM_0:1:219565788><>" entered the game
L 01/20/2020 - 21:47:17: "ODORBOB ODORBOBOVICH KEKS<154><STEAM_2:1:232948105><>" entered the game
L 01/20/2020 - 21:47:19: "N44<153><STEAM_0:1:219565788><>" joined team "TERRORIST"
L 01/20/2020 - 21:47:22: "ODORBOB ODORBOBOVICH KEKS<154><STEAM_2:1:232948105><>" joined team "CT"
L 01/20/2020 - 21:47:35: "narcotic.gaming | SMOKE＃＃<151><STEAM_0:0:46988809><TERRORIST>" killed "S!cKeR D!cKeR<150><STEAM_1:0:1304638082><CT>" with "sg552"
L 01/20/2020 - 21:47:35: Team "TERRORIST" triggered "Terrorists_Win" (CT "0") (T "2")
L 01/20/2020 - 21:47:35: World triggered "Round_End"
L 01/20/2020 - 21:47:40: "narcotic.gaming | SMOKE＃＃<151><STEAM_0:0:46988809><TERRORIST>" triggered "Spawned_With_The_Bomb"
L 01/20/2020 - 21:47:41: World triggered "Round_Start"
L 01/20/2020 - 21:48:06: "narcotic.gaming | SMOKE＃＃<151><STEAM_0:0:46988809><TERRORIST>" killed "ODORBOB ODORBOBOVICH KEKS<154><STEAM_2:1:232948105><CT>" with "sg552"
L 01/20/2020 - 21:48:12: "narcotic.gaming | SMOKE＃＃<151><STEAM_0:0:46988809><TERRORIST>" triggered "Planted_The_Bomb"
L 01/20/2020 - 21:48:30: "narcotic.gaming | SMOKE＃＃<151><STEAM_0:0:46988809><TERRORIST>" killed "S!cKeR D!cKeR<150><STEAM_1:0:1304638082><CT>" with "g3sg1"
L 01/20/2020 - 21:48:30: Team "TERRORIST" triggered "Terrorists_Win" (CT "0") (T "3")
L 01/20/2020 - 21:48:30: World triggered "Round_End"
L 01/20/2020 - 21:48:32: "S!cKeR D!cKeR<150><STEAM_1:0:1304638082><CT>" disconnected
L 01/20/2020 - 21:48:35: "N44<153><STEAM_0:1:219565788><TERRORIST>" triggered "Spawned_With_The_Bomb"
L 01/20/2020 - 21:48:36: World triggered "Round_Start"
L 01/20/2020 - 21:49:12: "N44<153><STEAM_0:1:219565788><TERRORIST>" killed "ODORBOB ODORBOBOVICH KEKS<154><STEAM_2:1:232948105><CT>" with "m249"
L 01/20/2020 - 21:49:12: Team "TERRORIST" triggered "Terrorists_Win" (CT "0") (T "4")
L 01/20/2020 - 21:49:12: World triggered "Round_End"
L 01/20/2020 - 21:49:14: "N44<153><STEAM_0:1:219565788><TERRORIST>" committed suicide with "world"
L 01/20/2020 - 21:49:14: "N44<153><STEAM_0:1:219565788><TERRORIST>" joined team "CT"
L 01/20/2020 - 21:49:17: "narcotic.gaming | SMOKE＃＃<151><STEAM_0:0:46988809><TERRORIST>" triggered "Spawned_With_The_Bomb"
L 01/20/2020 - 21:49:18: World triggered "Round_Start"
L 01/20/2020 - 21:49:52: "narcotic.gaming | SMOKE＃＃<151><STEAM_0:0:46988809><TERRORIST>" killed "ODORBOB ODORBOBOVICH KEKS<154><STEAM_2:1:232948105><CT>" with "g3sg1"
L 01/20/2020 - 21:50:08: "N44<153><STEAM_0:1:219565788><CT>" killed "narcotic.gaming | SMOKE＃＃<151><STEAM_0:0:46988809><TERRORIST>" with "mac10"
L 01/20/2020 - 21:50:08: Team "CT" triggered "CTs_Win" (CT "1") (T "4")
L 01/20/2020 - 21:50:08: World triggered "Round_End"
L 01/20/2020 - 21:50:13: "narcotic.gaming | SMOKE＃＃<151><STEAM_0:0:46988809><TERRORIST>" triggered "Spawned_With_The_Bomb"
L 01/20/2020 - 21:50:14: World triggered "Round_Start"
L 01/20/2020 - 21:50:48: "narcotic.gaming | SMOKE＃＃<151><STEAM_0:0:46988809><TERRORIST>" killed "N44<153><STEAM_0:1:219565788><CT>" with "p90"
L 01/20/2020 - 21:51:09: "narcotic.gaming | SMOKE＃＃<151><STEAM_0:0:46988809><TERRORIST>" triggered "Planted_The_Bomb"
L 01/20/2020 - 21:51:25: "narcotic.gaming | SMOKE＃＃<151><STEAM_0:0:46988809><TERRORIST>" killed "ODORBOB ODORBOBOVICH KEKS<154><STEAM_2:1:232948105><CT>" with "p90"
L 01/20/2020 - 21:51:25: Team "TERRORIST" triggered "Terrorists_Win" (CT "1") (T "5")
L 01/20/2020 - 21:51:25: World triggered "Round_End"
L 01/20/2020 - 21:51:30: "narcotic.gaming | SMOKE＃＃<151><STEAM_0:0:46988809><TERRORIST>" triggered "Spawned_With_The_Bomb"
L 01/20/2020 - 21:51:31: World triggered "Round_Start"
L 01/20/2020 - 21:52:16: "narcotic.gaming | SMOKE＃＃<151><STEAM_0:0:46988809><TERRORIST>" killed "N44<153><STEAM_0:1:219565788><CT>" with "usp"
L 01/20/2020 - 21:52:27: "narcotic.gaming | SMOKE＃＃<151><STEAM_0:0:46988809><TERRORIST>" triggered "Planted_The_Bomb"
L 01/20/2020 - 21:52:44: "ODORBOB ODORBOBOVICH KEKS<154><STEAM_2:1:232948105><CT>" killed "narcotic.gaming | SMOKE＃＃<151><STEAM_0:0:46988809><TERRORIST>" with "usp"
L 01/20/2020 - 21:52:54: "ODORBOB ODORBOBOVICH KEKS<154><STEAM_2:1:232948105><CT>" triggered "Begin_Bomb_Defuse_Without_Kit"
L 01/20/2020 - 21:53:02: Team "TERRORIST" triggered "Target_Bombed" (CT "1") (T "6")
L 01/20/2020 - 21:53:02: World triggered "Round_End"
L 01/20/2020 - 21:53:07: "narcotic.gaming | SMOKE＃＃<151><STEAM_0:0:46988809><TERRORIST>" triggered "Spawned_With_The_Bomb"
L 01/20/2020 - 21:53:08: World triggered "Round_Start"
L 01/20/2020 - 21:53:49: "narcotic.gaming | SMOKE＃＃<151><STEAM_0:0:46988809><TERRORIST>" triggered "Planted_The_Bomb"
L 01/20/2020 - 21:53:50: "narcotic.gaming | SMOKE＃＃<151><STEAM_0:0:46988809><TERRORIST>" killed "N44<153><STEAM_0:1:219565788><CT>" with "ak47"
L 01/20/2020 - 21:54:02: [REUNION]: XxXgeorgiXxx :) (93.155.192.142) authorized as NoSteam47
L 01/20/2020 - 21:54:02: "XxXgeorgiXxx :)<155><VALVE_ID_LAN><>" connected, address "93.155.192.142:27005"
L 01/20/2020 - 21:54:23: [REUNION]: XxXgeorgiXxx :) (93.155.192.142) authorized as NoSteam47
L 01/20/2020 - 21:54:23: "XxXgeorgiXxx :)<156><VALVE_ID_LAN><>" connected, address "93.155.192.142:27005"
L 01/20/2020 - 21:54:24: "narcotic.gaming | SMOKE＃＃<151><STEAM_0:0:46988809><TERRORIST>" killed "ODORBOB ODORBOBOVICH KEKS<154><STEAM_2:1:232948105><CT>" with "knife"
L 01/20/2020 - 21:54:24: Team "TERRORIST" triggered "Terrorists_Win" (CT "1") (T "7")
L 01/20/2020 - 21:54:24: World triggered "Round_End"
L 01/20/2020 - 21:54:29: "narcotic.gaming | SMOKE＃＃<151><STEAM_0:0:46988809><TERRORIST>" triggered "Spawned_With_The_Bomb"
L 01/20/2020 - 21:54:30: World triggered "Round_Start"
L 01/20/2020 - 21:54:40: "XxXgeorgiXxx :)<156><VALVE_ID_LAN><>" entered the game
L 01/20/2020 - 21:54:52: "XxXgeorgiXxx :)<156><VALVE_ID_LAN><>" joined team "TERRORIST"
L 01/20/2020 - 21:55:08: "narcotic.gaming | SMOKE＃＃<151><STEAM_0:0:46988809><TERRORIST>" killed "ODORBOB ODORBOBOVICH KEKS<154><STEAM_2:1:232948105><CT>" with "ak47"
L 01/20/2020 - 21:55:16: "narcotic.gaming | SMOKE＃＃<151><STEAM_0:0:46988809><TERRORIST>" triggered "Planted_The_Bomb"
L 01/20/2020 - 21:55:32: "narcotic.gaming | SMOKE＃＃<151><STEAM_0:0:46988809><TERRORIST>" killed "N44<153><STEAM_0:1:219565788><CT>" with "ak47"
L 01/20/2020 - 21:55:32: Team "TERRORIST" triggered "Terrorists_Win" (CT "1") (T "8")
L 01/20/2020 - 21:55:32: World triggered "Round_End"
L 01/20/2020 - 21:55:37: "narcotic.gaming | SMOKE＃＃<151><STEAM_0:0:46988809><TERRORIST>" triggered "Spawned_With_The_Bomb"
L 01/20/2020 - 21:55:38: World triggered "Round_Start"
L 01/20/2020 - 21:56:13: "narcotic.gaming | SMOKE＃＃<151><STEAM_0:0:46988809><TERRORIST>" committed suicide with "tracktrain" (world)
L 01/20/2020 - 21:56:13: "narcotic.gaming | SMOKE＃＃<151><STEAM_0:0:46988809><TERRORIST>" triggered "Dropped_The_Bomb"
L 01/20/2020 - 21:56:37: "N44<153><STEAM_0:1:219565788><CT>" killed "XxXgeorgiXxx :)<156><VALVE_ID_LAN><TERRORIST>" with "m4a1"
L 01/20/2020 - 21:56:37: Team "CT" triggered "CTs_Win" (CT "2") (T "8")
L 01/20/2020 - 21:56:37: World triggered "Round_End"
L 01/20/2020 - 21:56:42: "XxXgeorgiXxx :)<156><VALVE_ID_LAN><TERRORIST>" triggered "Spawned_With_The_Bomb"
L 01/20/2020 - 21:56:43: World triggered "Round_Start"
L 01/20/2020 - 21:56:52: "XxXgeorgiXxx :)<156><VALVE_ID_LAN><TERRORIST>" triggered "Dropped_The_Bomb"
L 01/20/2020 - 21:56:53: "narcotic.gaming | SMOKE＃＃<151><STEAM_0:0:46988809><TERRORIST>" triggered "Got_The_Bomb"
L 01/20/2020 - 21:57:15: "XxXgeorgiXxx :)<156><VALVE_ID_LAN><TERRORIST>" committed suicide with "tracktrain" (world)
L 01/20/2020 - 21:57:51: "narcotic.gaming | SMOKE＃＃<151><STEAM_0:0:46988809><TERRORIST>" killed "ODORBOB ODORBOBOVICH KEKS<154><STEAM_2:1:232948105><CT>" with "sg550"
L 01/20/2020 - 21:57:58: "N44<153><STEAM_0:1:219565788><CT>" killed "narcotic.gaming | SMOKE＃＃<151><STEAM_0:0:46988809><TERRORIST>" with "m4a1"
L 01/20/2020 - 21:57:58: Team "CT" triggered "CTs_Win" (CT "3") (T "8")
L 01/20/2020 - 21:57:58: World triggered "Round_End"
L 01/20/2020 - 21:58:03: "narcotic.gaming | SMOKE＃＃<151><STEAM_0:0:46988809><TERRORIST>" triggered "Spawned_With_The_Bomb"
L 01/20/2020 - 21:58:04: World triggered "Round_Start"
L 01/20/2020 - 21:58:52: "narcotic.gaming | SMOKE＃＃<151><STEAM_0:0:46988809><TERRORIST>" killed "N44<153><STEAM_0:1:219565788><CT>" with "sg552"
L 01/20/2020 - 21:58:56: "ODORBOB ODORBOBOVICH KEKS<154><STEAM_2:1:232948105><CT>" killed "XxXgeorgiXxx :)<156><VALVE_ID_LAN><TERRORIST>" with "sg552"
L 01/20/2020 - 21:59:03: "narcotic.gaming | SMOKE＃＃<151><STEAM_0:0:46988809><TERRORIST>" killed "ODORBOB ODORBOBOVICH KEKS<154><STEAM_2:1:232948105><CT>" with "sg552"
L 01/20/2020 - 21:59:03: Team "TERRORIST" triggered "Terrorists_Win" (CT "3") (T "9")
L 01/20/2020 - 21:59:03: World triggered "Round_End"
L 01/20/2020 - 21:59:08: "XxXgeorgiXxx :)<156><VALVE_ID_LAN><TERRORIST>" triggered "Spawned_With_The_Bomb"
L 01/20/2020 - 21:59:09: World triggered "Round_Start"
L 01/20/2020 - 21:59:16: "XxXgeorgiXxx :)<156><VALVE_ID_LAN><TERRORIST>" triggered "Dropped_The_Bomb"
L 01/20/2020 - 21:59:26: "narcotic.gaming | SMOKE＃＃<151><STEAM_0:0:46988809><TERRORIST>" triggered "Got_The_Bomb"
L 01/20/2020 - 21:59:52: "narcotic.gaming | SMOKE＃＃<151><STEAM_0:0:46988809><TERRORIST>" killed "N44<153><STEAM_0:1:219565788><CT>" with "aug"
L 01/20/2020 - 22:00:07: "XxXgeorgiXxx :)<156><VALVE_ID_LAN><TERRORIST>" killed "ODORBOB ODORBOBOVICH KEKS<154><STEAM_2:1:232948105><CT>" with "mp5navy"
L 01/20/2020 - 22:00:07: Team "TERRORIST" triggered "Terrorists_Win" (CT "3") (T "10")
L 01/20/2020 - 22:00:07: World triggered "Round_End"
L 01/20/2020 - 22:00:11: "XxXgeorgiXxx :)<156><VALVE_ID_LAN><TERRORIST>" joined team "CT"
L 01/20/2020 - 22:00:11: "<><><>" triggered "amx_chat" (text "[PTB] Transfered XxXgeorgiXxx :) to CT")
L 01/20/2020 - 22:00:12: "narcotic.gaming | SMOKE＃＃<151><STEAM_0:0:46988809><TERRORIST>" triggered "Spawned_With_The_Bomb"
L 01/20/2020 - 22:00:13: World triggered "Round_Start"
L 01/20/2020 - 22:00:15: "XxXgeorgiXxx :)<156><VALVE_ID_LAN><CT>" committed suicide with "world"
L 01/20/2020 - 22:00:15: "XxXgeorgiXxx :)<156><VALVE_ID_LAN><CT>" joined team "TERRORIST"
L 01/20/2020 - 22:00:53: "narcotic.gaming | SMOKE＃＃<151><STEAM_0:0:46988809><TERRORIST>" killed "ODORBOB ODORBOBOVICH KEKS<154><STEAM_2:1:232948105><CT>" with "galil"
L 01/20/2020 - 22:00:54: "N44<153><STEAM_0:1:219565788><CT>" killed "narcotic.gaming | SMOKE＃＃<151><STEAM_0:0:46988809><TERRORIST>" with "galil"
L 01/20/2020 - 22:00:54: Team "CT" triggered "CTs_Win" (CT "4") (T "10")
L 01/20/2020 - 22:00:54: World triggered "Round_End"
L 01/20/2020 - 22:00:59: "narcotic.gaming | SMOKE＃＃<151><STEAM_0:0:46988809><TERRORIST>" triggered "Spawned_With_The_Bomb"
L 01/20/2020 - 22:01:00: World triggered "Round_Start"
L 01/20/2020 - 22:01:42: "N44<153><STEAM_0:1:219565788><CT>" killed "narcotic.gaming | SMOKE＃＃<151><STEAM_0:0:46988809><TERRORIST>" with "galil"
L 01/20/2020 - 22:01:42: "narcotic.gaming | SMOKE＃＃<151><STEAM_0:0:46988809><TERRORIST>" triggered "Dropped_The_Bomb"
L 01/20/2020 - 22:02:08: "N44<153><STEAM_0:1:219565788><CT>" killed "XxXgeorgiXxx :)<156><VALVE_ID_LAN><TERRORIST>" with "galil"
L 01/20/2020 - 22:02:08: Team "CT" triggered "CTs_Win" (CT "5") (T "10")
L 01/20/2020 - 22:02:08: World triggered "Round_End"
L 01/20/2020 - 22:02:13: "XxXgeorgiXxx :)<156><VALVE_ID_LAN><TERRORIST>" triggered "Spawned_With_The_Bomb"
L 01/20/2020 - 22:02:14: World triggered "Round_Start"
L 01/20/2020 - 22:02:46: "XxXgeorgiXxx :)<156><VALVE_ID_LAN><TERRORIST>" killed "ODORBOB ODORBOBOVICH KEKS<154><STEAM_2:1:232948105><CT>" with "scout"
L 01/20/2020 - 22:02:53: "narcotic.gaming | SMOKE＃＃<151><STEAM_0:0:46988809><TERRORIST>" killed "N44<153><STEAM_0:1:219565788><CT>" with "scout"
L 01/20/2020 - 22:02:53: Team "TERRORIST" triggered "Terrorists_Win" (CT "5") (T "11")
L 01/20/2020 - 22:02:53: World triggered "Round_End"
L 01/20/2020 - 22:02:58: "narcotic.gaming | SMOKE＃＃<151><STEAM_0:0:46988809><TERRORIST>" triggered "Spawned_With_The_Bomb"
L 01/20/2020 - 22:02:59: World triggered "Round_Start"
L 01/20/2020 - 22:03:05: Server cvar "amx_nextmap" = "minicity"
L 01/20/2020 - 22:03:23: "XxXgeorgiXxx :)<156><VALVE_ID_LAN><TERRORIST>" committed suicide with "tracktrain" (world)
L 01/20/2020 - 22:03:41: "narcotic.gaming | SMOKE＃＃<151><STEAM_0:0:46988809><TERRORIST>" triggered "Planted_The_Bomb"
L 01/20/2020 - 22:03:49: "ODORBOB ODORBOBOVICH KEKS<154><STEAM_2:1:232948105><CT>" killed "narcotic.gaming | SMOKE＃＃<151><STEAM_0:0:46988809><TERRORIST>" with "m4a1"
L 01/20/2020 - 22:03:53: "ODORBOB ODORBOBOVICH KEKS<154><STEAM_2:1:232948105><CT>" triggered "Begin_Bomb_Defuse_Without_Kit"
L 01/20/2020 - 22:04:03: "ODORBOB ODORBOBOVICH KEKS<154><STEAM_2:1:232948105><CT>" triggered "Defused_The_Bomb"
L 01/20/2020 - 22:04:03: Team "CT" triggered "Bomb_Defused" (CT "6") (T "11")
L 01/20/2020 - 22:04:03: World triggered "Round_End"
L 01/20/2020 - 22:04:07: "XxXgeorgiXxx :)<156><VALVE_ID_LAN><TERRORIST>" joined team "CT"
L 01/20/2020 - 22:04:07: "<><><>" triggered "amx_chat" (text "[PTB] Transfered XxXgeorgiXxx :) to CT")
L 01/20/2020 - 22:04:08: "narcotic.gaming | SMOKE＃＃<151><STEAM_0:0:46988809><TERRORIST>" triggered "Spawned_With_The_Bomb"
L 01/20/2020 - 22:04:09: World triggered "Round_Start"
L 01/20/2020 - 22:04:10: "XxXgeorgiXxx :)<156><VALVE_ID_LAN><CT>" committed suicide with "world"
L 01/20/2020 - 22:04:10: "XxXgeorgiXxx :)<156><VALVE_ID_LAN><CT>" joined team "TERRORIST"
L 01/20/2020 - 22:04:25: Server cvar "mp_timelimit" = "0.000000"
L 01/20/2020 - 22:05:12: "N44<153><STEAM_0:1:219565788><CT>" killed "narcotic.gaming | SMOKE＃＃<151><STEAM_0:0:46988809><TERRORIST>" with "famas"
L 01/20/2020 - 22:05:12: Team "CT" triggered "CTs_Win" (CT "7") (T "11")
L 01/20/2020 - 22:05:12: World triggered "Round_End"
L 01/20/2020 - 22:05:17: "narcotic.gaming | SMOKE＃＃<151><STEAM_0:0:46988809><TERRORIST>" triggered "Spawned_With_The_Bomb"
L 01/20/2020 - 22:05:18: World triggered "Round_Start"
L 01/20/2020 - 22:05:18: Server cvar "sv_maxspeed" = "0.000000"
L 01/20/2020 - 22:05:18: Server cvar "mp_friendlyfire" = "1"
L 01/20/2020 - 22:05:24: Server cvar "sv_maxspeed" = "900.000000"
L 01/20/2020 - 22:05:24: Server cvar "mp_friendlyfire" = "0"
L 01/20/2020 - 22:05:24: Server cvar "mp_timelimit" = "20.000000"
L 01/20/2020 - 22:05:24: [META] ini: Begin re-reading plugins list: /home/rented/public9/cstrike/addons/metamod/plugins.ini
L 01/20/2020 - 22:05:24: [META] ini: Read plugin config for: SafeNameAndChat
L 01/20/2020 - 22:05:24: [META] ini: Read plugin config for: AMX Mod X
L 01/20/2020 - 22:05:24: [META] ini: Read plugin config for: Reunion
L 01/20/2020 - 22:05:24: [META] ini: Read plugin config for: ReAuthCheck
L 01/20/2020 - 22:05:24: [META] ini: Read plugin config for: WHBlocker
L 01/20/2020 - 22:05:24: [META] ini: Read plugin config for: ReSemiclip
L 01/20/2020 - 22:05:24: [META] ini: Read plugin config for: Revoice
L 01/20/2020 - 22:05:24: [META] ini: Finished reading plugins list: /home/rented/public9/cstrike/addons/metamod/plugins.ini; Found 7 plugins
L 01/20/2020 - 22:05:24: [META] dll: Updating plugins...
L 01/20/2020 - 22:05:24: [META] WARNING: Cannot clear plugin 'SafeNameAndChat'; not marked as failed, empty, or open (status=valid)
L 01/20/2020 - 22:05:24: [META] dll: Unloaded plugin 'SafeNameAndChat' for reason 'file on disk is newer'
L 01/20/2020 - 22:05:24: [META] dll: Loaded plugin 'SafeNameAndChat': SafeNameAndChat v1.1 2017.02.01, WPMG.PRoSToC0der
L 01/20/2020 - 22:05:24: [META] WARNING: Cannot clear plugin 'WHBlocker'; not marked as failed, empty, or open (status=valid)
L 01/20/2020 - 22:05:24: [META] dll: Unloaded plugin 'WHBlocker' for reason 'file on disk is newer'
L 01/20/2020 - 22:05:24: [META] dll: Loaded plugin 'WHBlocker': WHBlocker v1.5.692 2017-04-13, s1lent
L 01/20/2020 - 22:05:24: [META] WARNING: Cannot clear plugin 'ReSemiclip'; not marked as failed, empty, or open (status=valid)
L 01/20/2020 - 22:05:24: [META] dll: Unloaded plugin 'ReSemiclip' for reason 'file on disk is newer'
L 01/20/2020 - 22:05:24: [META] dll: Loaded plugin 'ReSemiclip': ReSemiclip v2.3.9 13/02/17, s1lent & Adidasman
L 01/20/2020 - 22:05:24: [META] dll: Finished updating 14 plugins; kept 0, loaded 0, unloaded 0, reloaded 3, delayed 0
L 01/20/2020 - 22:05:24: "N44<153><STEAM_0:1:219565788><CT>" disconnected
L 01/20/2020 - 22:05:24: "ODORBOB ODORBOBOVICH KEKS<154><STEAM_2:1:232948105><CT>" disconnected
L 01/20/2020 - 22:05:24: "XxXgeorgiXxx :)<156><VALVE_ID_LAN><TERRORIST>" disconnected
L 01/20/2020 - 22:05:24: "narcotic.gaming | SMOKE＃＃<151><STEAM_0:0:46988809><TERRORIST>" disconnected
L 01/20/2020 - 22:05:24: World triggered "Round_Draw" (CT "7") (T "11")
L 01/20/2020 - 22:05:24: World triggered "Round_End"
L 01/20/2020 - 22:05:24: Log file closed
