L 01/25/2020 - 06:00:31: Log file started (file "logs/L0125019.log") (game "cstrike") (version "48/1.1.2.7/Stdio/1621")
L 01/25/2020 - 06:00:31: Loading map "Cb_Tanks"
L 01/25/2020 - 06:00:31: Server cvars start
L 01/25/2020 - 06:00:31: Server cvar "@BunnyHopper" = "3.x"
L 01/25/2020 - 06:00:31: Server cvar "@CRXGoSpec" = "1.1"
L 01/25/2020 - 06:00:31: Server cvar "@CRXRemoveImmunity" = "1.0"
L 01/25/2020 - 06:00:31: Server cvar "@D.I.C.E." = "1.1"
L 01/25/2020 - 06:00:31: Server cvar "@MOTDCommands" = "1.2"
L 01/25/2020 - 06:00:31: Server cvar "advanced_quake_sounds" = "5.0"
L 01/25/2020 - 06:00:31: Server cvar "AdvancedMute" = "1.0"
L 01/25/2020 - 06:00:31: Server cvar "aesp_version" = "1.3"
L 01/25/2020 - 06:00:31: Server cvar "allow_spectators" = "1.0"
L 01/25/2020 - 06:00:31: Server cvar "amx_client_languages" = "1"
L 01/25/2020 - 06:00:31: Server cvar "amx_language" = "en"
L 01/25/2020 - 06:00:31: Server cvar "amx_nextmap" = "Cb_Tanks"
L 01/25/2020 - 06:00:31: Server cvar "amx_ptb_version" = "1.8b3"
L 01/25/2020 - 06:00:31: Server cvar "amx_timeleft" = "00:00"
L 01/25/2020 - 06:00:31: Server cvar "amxmodx_version" = "1.8.2"
L 01/25/2020 - 06:00:31: Server cvar "amxxbg_vip" = "1.0"
L 01/25/2020 - 06:00:31: Server cvar "asp_version" = "4.5.1"
L 01/25/2020 - 06:00:31: Server cvar "atac_version" = "3.0.1"
L 01/25/2020 - 06:00:31: Server cvar "badcamper_version" = "1.4 beta"
L 01/25/2020 - 06:00:31: Server cvar "blockmaker" = "4.01"
L 01/25/2020 - 06:00:31: Server cvar "c4 timer" = "1.1"
L 01/25/2020 - 06:00:31: Server cvar "coop" = "0"
L 01/25/2020 - 06:00:31: Server cvar "CRXAdminGroups" = "1.0"
L 01/25/2020 - 06:00:31: Server cvar "CRXCommandRestrictions" = "1.0"
L 01/25/2020 - 06:00:31: Server cvar "CRXFastKnife" = "1.0"
L 01/25/2020 - 06:00:31: Server cvar "CRXGametracker" = "2.0"
L 01/25/2020 - 06:00:31: Server cvar "CRXKnifeModels" = "2.5.7"
L 01/25/2020 - 06:00:31: Server cvar "CRXTeamAdvantage" = "1.0"
L 01/25/2020 - 06:00:31: Server cvar "CustomShop" = "4.2"
L 01/25/2020 - 06:00:31: Server cvar "deathmatch" = "1"
L 01/25/2020 - 06:00:31: Server cvar "decalfrequency" = "0"
L 01/25/2020 - 06:00:31: Server cvar "edgefriction" = "2"
L 01/25/2020 - 06:00:31: Server cvar "ers_version" = "2.3c"
L 01/25/2020 - 06:00:31: Server cvar "gagsystem_shoko" = "1.0"
L 01/25/2020 - 06:00:31: Server cvar "gal_mapcyclefile" = "mapcycle.txt"
L 01/25/2020 - 06:00:31: Server cvar "gal_version" = "v5.9.1-926"
L 01/25/2020 - 06:00:31: Server cvar "game_version" = "5.7.0.313-dev"
L 01/25/2020 - 06:00:31: Server cvar "humans_join_team" = "any"
L 01/25/2020 - 06:00:31: Server cvar "jtp10181" = "chute,gore"
L 01/25/2020 - 06:00:31: Server cvar "lawliet" = "ny_RainingSnow"
L 01/25/2020 - 06:00:31: Server cvar "LetitSnow" = "1.0"
L 01/25/2020 - 06:00:31: Server cvar "map_spawns" = "T(16) CT(16)"
L 01/25/2020 - 06:00:31: Server cvar "max_queries_sec" = "3"
L 01/25/2020 - 06:00:31: Server cvar "max_queries_sec_global" = "150"
L 01/25/2020 - 06:00:31: Server cvar "max_queries_window" = "60"
L 01/25/2020 - 06:00:31: Server cvar "mdbBans" = "4.8"
L 01/25/2020 - 06:00:31: Server cvar "metamod_version" = "1.21p37"
L 01/25/2020 - 06:00:31: Server cvar "mp_autokick" = "0"
L 01/25/2020 - 06:00:31: Server cvar "mp_autokick_timeout" = "-1"
L 01/25/2020 - 06:00:31: Server cvar "mp_autoteambalance" = "0"
L 01/25/2020 - 06:00:31: Server cvar "mp_buytime" = "0.25"
L 01/25/2020 - 06:00:31: Server cvar "mp_c4timer" = "35"
L 01/25/2020 - 06:00:31: Server cvar "mp_chattime" = "5.000000"
L 01/25/2020 - 06:00:31: Server cvar "mp_consistency" = "1"
L 01/25/2020 - 06:00:31: Server cvar "mp_fadetoblack" = "0"
L 01/25/2020 - 06:00:31: Server cvar "mp_flashlight" = "1"
L 01/25/2020 - 06:00:31: Server cvar "mp_footsteps" = "1"
L 01/25/2020 - 06:00:31: Server cvar "mp_forcecamera" = "0"
L 01/25/2020 - 06:00:31: Server cvar "mp_forcechasecam" = "0"
L 01/25/2020 - 06:00:31: Server cvar "mp_forcerespawn" = "0"
L 01/25/2020 - 06:00:31: Server cvar "mp_fraglimit" = "0"
L 01/25/2020 - 06:00:31: Server cvar "mp_fragsleft" = "0"
L 01/25/2020 - 06:00:31: Server cvar "mp_freeforall" = "0"
L 01/25/2020 - 06:00:31: Server cvar "mp_freezetime" = "1"
L 01/25/2020 - 06:00:31: Server cvar "mp_friendlyfire" = "0"
L 01/25/2020 - 06:00:31: Server cvar "mp_hostage_hurtable" = "1"
L 01/25/2020 - 06:00:31: Server cvar "mp_hostagepenalty" = "0"
L 01/25/2020 - 06:00:31: Server cvar "mp_item_staytime" = "300"
L 01/25/2020 - 06:00:31: Server cvar "mp_kickpercent" = "0.66"
L 01/25/2020 - 06:00:31: Server cvar "mp_legacy_bombtarget_touch" = "1"
L 01/25/2020 - 06:00:31: Server cvar "mp_limitteams" = "0"
L 01/25/2020 - 06:00:31: Server cvar "mp_logdetail" = "0"
L 01/25/2020 - 06:00:31: Server cvar "mp_logfile" = "1"
L 01/25/2020 - 06:00:31: Server cvar "mp_logmessages" = "1"
L 01/25/2020 - 06:00:31: Server cvar "mp_mapvoteratio" = "0.66"
L 01/25/2020 - 06:00:31: Server cvar "mp_maxmoney" = "999999"
L 01/25/2020 - 06:00:31: Server cvar "mp_maxrounds" = "0"
L 01/25/2020 - 06:00:31: Server cvar "mp_mirrordamage" = "0"
L 01/25/2020 - 06:00:31: Server cvar "mp_old_bomb_defused_sound" = "1"
L 01/25/2020 - 06:00:31: Server cvar "mp_playerid" = "0"
L 01/25/2020 - 06:00:31: Server cvar "mp_respawn_immunitytime" = "0"
L 01/25/2020 - 06:00:31: Server cvar "mp_round_infinite" = "0"
L 01/25/2020 - 06:00:31: Server cvar "mp_round_restart_delay" = "5"
L 01/25/2020 - 06:00:31: Server cvar "mp_roundover" = "0"
L 01/25/2020 - 06:00:31: Server cvar "mp_roundtime" = "2.3"
L 01/25/2020 - 06:00:31: Server cvar "mp_show_radioicon" = "1"
L 01/25/2020 - 06:00:31: Server cvar "mp_startmoney" = "850"
L 01/25/2020 - 06:00:31: Server cvar "mp_timeleft" = "00:00"
L 01/25/2020 - 06:00:31: Server cvar "mp_timelimit" = "20"
L 01/25/2020 - 06:00:31: Server cvar "mp_tkpunish" = "0"
L 01/25/2020 - 06:00:31: Server cvar "mp_windifference" = "1"
L 01/25/2020 - 06:00:31: Server cvar "mp_winlimit" = "0"
L 01/25/2020 - 06:00:31: Server cvar "NoWeaponsOnGround" = "1.0"
L 01/25/2020 - 06:00:31: Server cvar "pausable" = "0"
L 01/25/2020 - 06:00:31: Server cvar "present_version" = "2.01"
L 01/25/2020 - 06:00:31: Server cvar "RandomHP" = "2.2"
L 01/25/2020 - 06:00:31: Server cvar "reauthcheck_version" = "0.1.6"
L 01/25/2020 - 06:00:31: Server cvar "reconnect_features" = "0.3.1"
L 01/25/2020 - 06:00:31: Server cvar "report_system_version" = "3.1"
L 01/25/2020 - 06:00:31: Server cvar "resemiclip_version" = "2.3.9"
L 01/25/2020 - 06:00:31: Server cvar "reu_version" = "0.1.0.130"
L 01/25/2020 - 06:00:31: Server cvar "revoice_version" = "0.1.0.30"
L 01/25/2020 - 06:00:31: Server cvar "RRWM" = "2.0"
L 01/25/2020 - 06:00:31: Server cvar "sanksounds_version" = "1.8.6"
L 01/25/2020 - 06:00:31: Server cvar "SimpleMenu" = "1.1"
L 01/25/2020 - 06:00:31: Server cvar "SNAC_Version" = "1.1"
L 01/25/2020 - 06:00:31: Server cvar "SpecList" = "1.2a"
L 01/25/2020 - 06:00:31: Server cvar "sr_version" = "1.6"
L 01/25/2020 - 06:00:31: Server cvar "statsx_shell_ver" = "2.0.0 (BETA)"
L 01/25/2020 - 06:00:31: Server cvar "StyleC4Timer" = "2.1"
L 01/25/2020 - 06:00:31: Server cvar "sv_accelerate" = "5"
L 01/25/2020 - 06:00:31: Server cvar "sv_aim" = "1"
L 01/25/2020 - 06:00:31: Server cvar "sv_airaccelerate" = "100"
L 01/25/2020 - 06:00:31: Server cvar "sv_allowupload" = "1"
L 01/25/2020 - 06:00:31: Server cvar "sv_alltalk" = "1"
L 01/25/2020 - 06:00:31: Server cvar "sv_bounce" = "1"
L 01/25/2020 - 06:00:31: Server cvar "sv_cheats" = "0"
L 01/25/2020 - 06:00:31: Server cvar "sv_clienttrace" = "1"
L 01/25/2020 - 06:00:31: Server cvar "sv_contact" = "feruchio599@gmail.com"
L 01/25/2020 - 06:00:31: Server cvar "sv_friction" = "4"
L 01/25/2020 - 06:00:31: Server cvar "sv_gravity" = "800"
L 01/25/2020 - 06:00:31: Server cvar "sv_logblocks" = "0"
L 01/25/2020 - 06:00:31: Server cvar "sv_maxrate" = "50000"
L 01/25/2020 - 06:00:31: Server cvar "sv_maxspeed" = "900"
L 01/25/2020 - 06:00:31: Server cvar "sv_minrate" = "10000"
L 01/25/2020 - 06:00:31: Server cvar "sv_password" = ""
L 01/25/2020 - 06:00:31: Server cvar "sv_proxies" = "1"
L 01/25/2020 - 06:00:31: Server cvar "sv_restart" = "0"
L 01/25/2020 - 06:00:31: Server cvar "sv_restartround" = "0"
L 01/25/2020 - 06:00:31: Server cvar "sv_stepsize" = "18"
L 01/25/2020 - 06:00:31: Server cvar "sv_stopspeed" = "75"
L 01/25/2020 - 06:00:31: Server cvar "sv_uploadmax" = "0.5"
L 01/25/2020 - 06:00:31: Server cvar "sv_version" = "1.1.2.7/Stdio,48,1621"
L 01/25/2020 - 06:00:31: Server cvar "sv_voiceenable" = "1"
L 01/25/2020 - 06:00:31: Server cvar "sv_wateraccelerate" = "10"
L 01/25/2020 - 06:00:31: Server cvar "sv_waterfriction" = "1"
L 01/25/2020 - 06:00:31: Server cvar "Team_Semiclip_version" = "3.3.1"
L 01/25/2020 - 06:00:31: Server cvar "vehicle_real_killer" = "1.1"
L 01/25/2020 - 06:00:31: Server cvar "WalkGuard" = "1.3.2"
L 01/25/2020 - 06:00:31: Server cvar "we_grenades" = "Huehue"
L 01/25/2020 - 06:00:31: Server cvar "we_player_models" = "Huehue"
L 01/25/2020 - 06:00:31: Server cvar "whb_version" = "1.5.692"
L 01/25/2020 - 06:00:31: Server cvar "zp_jp_version" = "Extra Item Jetpack+Bazooka v3.2"
L 01/25/2020 - 06:00:31: Server cvars end
L 01/25/2020 - 06:00:33: Server cvar "mp_autoteambalance" = "1"
L 01/25/2020 - 06:00:34: Server cvar "mp_autoteambalance" = "0"
L 01/25/2020 - 06:00:34: Server cvar "amx_nextmap" = "[not yet voted on]"
L 01/25/2020 - 06:00:35: Started map "Cb_Tanks" (CRC "1486628298")
L 01/25/2020 - 06:00:37: World triggered "Round_Start"
L 01/25/2020 - 06:01:34: Server cvar "amx_nextmap" = "de_tesco"
L 01/25/2020 - 06:19:54: "Guardian of the Galaxy~<112><STEAM_0:1:45727697><>" connected, address "88.87.19.138:27005"
L 01/25/2020 - 06:20:00: "Guardian of the Galaxy~<113><STEAM_0:1:45727697><>" connected, address "88.87.19.138:27005"
L 01/25/2020 - 06:20:01: "Guardian of the Galaxy~<113><STEAM_0:1:45727697><>" STEAM USERID validated
L 01/25/2020 - 06:20:07: "Guardian of the Galaxy~<113><STEAM_0:1:45727697><>" entered the game
L 01/25/2020 - 06:20:08: "Guardian of the Galaxy~<113><STEAM_0:1:45727697><>" joined team "CT"
L 01/25/2020 - 06:20:19: Server cvar "mp_timelimit" = "0.000000"
L 01/25/2020 - 06:20:24: "w.<114><STEAM_0:1:61647668><>" connected, address "95.43.74.77:27005"
L 01/25/2020 - 06:20:25: "w.<114><STEAM_0:1:61647668><>" STEAM USERID validated
L 01/25/2020 - 06:20:29: "w.<115><STEAM_0:1:61647668><>" connected, address "95.43.74.77:27005"
L 01/25/2020 - 06:20:30: "w.<115><STEAM_0:1:61647668><>" STEAM USERID validated
L 01/25/2020 - 06:20:32: "mGLataGoD~~<116><STEAM_0:1:161453476><>" connected, address "82.137.78.190:27005"
L 01/25/2020 - 06:20:34: "w.<115><STEAM_0:1:61647668><>" entered the game
L 01/25/2020 - 06:20:39: "w.<115><STEAM_0:1:61647668><>" joined team "TERRORIST"
L 01/25/2020 - 06:20:39: World triggered "Game_Commencing"
L 01/25/2020 - 06:20:39: World triggered "Game_Commencing" (CT "0") (T "0")
L 01/25/2020 - 06:20:39: World triggered "Round_End"
L 01/25/2020 - 06:20:43: "mGLataGoD~~<117><STEAM_0:1:161453476><>" connected, address "82.137.78.190:27005"
L 01/25/2020 - 06:20:43: "malag muk<118><STEAM_0:0:147372435><>" connected, address "130.204.77.251:27005"
L 01/25/2020 - 06:20:43: World triggered "Round_Start"
L 01/25/2020 - 06:20:43: "mGLataGoD~~<117><STEAM_0:1:161453476><>" STEAM USERID validated
L 01/25/2020 - 06:20:44: "malag muk<118><STEAM_0:0:147372435><>" STEAM USERID validated
L 01/25/2020 - 06:20:44: Server cvar "mp_timelimit" = "20.000000"
L 01/25/2020 - 06:20:48: "mGLataGoD~~<117><STEAM_0:1:161453476><>" entered the game
L 01/25/2020 - 06:20:52: "malag muk<119><STEAM_0:0:147372435><>" connected, address "130.204.77.251:27005"
L 01/25/2020 - 06:20:53: "malag muk<119><STEAM_0:0:147372435><>" STEAM USERID validated
L 01/25/2020 - 06:20:54: "mGLataGoD~~<117><STEAM_0:1:161453476><>" joined team "TERRORIST"
L 01/25/2020 - 06:21:00: "no skill<120><STEAM_0:0:77107668><>" connected, address "78.128.88.25:27005"
L 01/25/2020 - 06:21:00: "malag muk<119><STEAM_0:0:147372435><>" entered the game
L 01/25/2020 - 06:21:03: "malag muk<119><STEAM_0:0:147372435><>" joined team "CT"
L 01/25/2020 - 06:21:26: "Guardian of the Galaxy~<113><STEAM_0:1:45727697><CT>" killed "w.<115><STEAM_0:1:61647668><TERRORIST>" with "m4a1"
L 01/25/2020 - 06:21:26: "Guardian of the Galaxy~<113><STEAM_0:1:45727697><CT>" killed "mGLataGoD~~<117><STEAM_0:1:161453476><TERRORIST>" with "m4a1"
L 01/25/2020 - 06:21:26: Team "CT" triggered "CTs_Win" (CT "1") (T "0")
L 01/25/2020 - 06:21:26: World triggered "Round_End"
L 01/25/2020 - 06:21:32: World triggered "Round_Start"
L 01/25/2020 - 06:22:08: "w.<115><STEAM_0:1:61647668><TERRORIST>" killed "malag muk<119><STEAM_0:0:147372435><CT>" with "deagle"
L 01/25/2020 - 06:22:11: "no skill<121><STEAM_0:0:77107668><>" connected, address "78.128.88.25:27005"
L 01/25/2020 - 06:22:12: "no skill<121><STEAM_0:0:77107668><>" STEAM USERID validated
L 01/25/2020 - 06:22:17: "no skill<121><STEAM_0:0:77107668><>" entered the game
L 01/25/2020 - 06:22:19: "no skill<121><STEAM_0:0:77107668><>" joined team "TERRORIST"
L 01/25/2020 - 06:22:28: "malag muk<119><STEAM_0:0:147372435><CT>" joined team "TERRORIST"
L 01/25/2020 - 06:23:46: "w.<115><STEAM_0:1:61647668><TERRORIST>" killed "Guardian of the Galaxy~<113><STEAM_0:1:45727697><CT>" with "m3"
L 01/25/2020 - 06:23:46: Team "TERRORIST" triggered "Terrorists_Win" (CT "1") (T "1")
L 01/25/2020 - 06:23:46: World triggered "Round_End"
L 01/25/2020 - 06:23:50: "w.<115><STEAM_0:1:61647668><TERRORIST>" joined team "CT"
L 01/25/2020 - 06:23:50: "<><><>" triggered "amx_chat" (text "[PTB] Transfered w. to CT")
L 01/25/2020 - 06:23:52: World triggered "Round_Start"
L 01/25/2020 - 06:24:12: "Guardian of the Galaxy~<113><STEAM_0:1:45727697><CT>" killed "malag muk<119><STEAM_0:0:147372435><TERRORIST>" with "tracktrain"
L 01/25/2020 - 06:24:15: "Guardian of the Galaxy~<113><STEAM_0:1:45727697><CT>" killed "mGLataGoD~~<117><STEAM_0:1:161453476><TERRORIST>" with "tracktrain"
L 01/25/2020 - 06:24:22: "no skill<121><STEAM_0:0:77107668><TERRORIST>" killed "w.<115><STEAM_0:1:61647668><CT>" with "deagle"
L 01/25/2020 - 06:24:32: "mGLataGoD~~<117><STEAM_0:1:161453476><TERRORIST>" joined team "CT"
L 01/25/2020 - 06:24:36: "Guardian of the Galaxy~<113><STEAM_0:1:45727697><CT>" killed "no skill<121><STEAM_0:0:77107668><TERRORIST>" with "deagle"
L 01/25/2020 - 06:24:36: Team "CT" triggered "CTs_Win" (CT "2") (T "1")
L 01/25/2020 - 06:24:36: World triggered "Round_End"
L 01/25/2020 - 06:24:41: "Guardian of the Galaxy~<113><STEAM_0:1:45727697><CT>" joined team "TERRORIST"
L 01/25/2020 - 06:24:41: "<><><>" triggered "amx_chat" (text "[PTB] Transfered Guardian of the Galaxy~ to TERRORIST")
L 01/25/2020 - 06:24:42: World triggered "Round_Start"
L 01/25/2020 - 06:25:20: "malag muk<119><STEAM_0:0:147372435><TERRORIST>" committed suicide with "tracktrain"
L 01/25/2020 - 06:26:43: "no skill<121><STEAM_0:0:77107668><TERRORIST>" killed "mGLataGoD~~<117><STEAM_0:1:161453476><CT>" with "usp"
L 01/25/2020 - 06:26:43: "Guardian of the Galaxy~<113><STEAM_0:1:45727697><TERRORIST>" killed "w.<115><STEAM_0:1:61647668><CT>" with "deagle"
L 01/25/2020 - 06:26:43: Team "TERRORIST" triggered "Terrorists_Win" (CT "2") (T "2")
L 01/25/2020 - 06:26:43: World triggered "Round_End"
L 01/25/2020 - 06:26:49: World triggered "Round_Start"
L 01/25/2020 - 06:27:23: "mGLataGoD~~<117><STEAM_0:1:161453476><CT>" killed "Guardian of the Galaxy~<113><STEAM_0:1:45727697><TERRORIST>" with "deagle"
L 01/25/2020 - 06:27:52: "Guardian of the Galaxy~<113><STEAM_0:1:45727697><TERRORIST>" disconnected
L 01/25/2020 - 06:27:56: "mGLataGoD~~<117><STEAM_0:1:161453476><CT>" killed "malag muk<119><STEAM_0:0:147372435><TERRORIST>" with "deagle"
L 01/25/2020 - 06:27:56: "w.<115><STEAM_0:1:61647668><CT>" killed "no skill<121><STEAM_0:0:77107668><TERRORIST>" with "deagle"
L 01/25/2020 - 06:27:56: Team "CT" triggered "CTs_Win" (CT "3") (T "2")
L 01/25/2020 - 06:27:56: World triggered "Round_End"
L 01/25/2020 - 06:28:02: World triggered "Round_Start"
L 01/25/2020 - 06:28:22: "w.<115><STEAM_0:1:61647668><CT>" killed "malag muk<119><STEAM_0:0:147372435><TERRORIST>" with "m4a1"
L 01/25/2020 - 06:28:23: "w.<115><STEAM_0:1:61647668><CT>" killed "no skill<121><STEAM_0:0:77107668><TERRORIST>" with "m4a1"
L 01/25/2020 - 06:28:23: Team "CT" triggered "CTs_Win" (CT "4") (T "2")
L 01/25/2020 - 06:28:23: World triggered "Round_End"
L 01/25/2020 - 06:28:27: "mGLataGoD~~<117><STEAM_0:1:161453476><CT>" joined team "TERRORIST"
L 01/25/2020 - 06:28:27: "<><><>" triggered "amx_chat" (text "[PTB] Transfered mGLataGoD~~ to TERRORIST")
L 01/25/2020 - 06:28:29: World triggered "Round_Start"
L 01/25/2020 - 06:28:41: "mGLataGoD~~<117><STEAM_0:1:161453476><TERRORIST>" committed suicide with "world"
L 01/25/2020 - 06:28:41: "mGLataGoD~~<117><STEAM_0:1:161453476><TERRORIST>" joined team "CT"
L 01/25/2020 - 06:28:58: "malag muk<119><STEAM_0:0:147372435><TERRORIST>" killed "w.<115><STEAM_0:1:61647668><CT>" with "mp5navy"
L 01/25/2020 - 06:28:58: Team "TERRORIST" triggered "Terrorists_Win" (CT "4") (T "3")
L 01/25/2020 - 06:28:58: World triggered "Round_End"
L 01/25/2020 - 06:29:04: World triggered "Round_Start"
L 01/25/2020 - 06:30:10: "malag muk<119><STEAM_0:0:147372435><TERRORIST>" killed "w.<115><STEAM_0:1:61647668><CT>" with "m3"
L 01/25/2020 - 06:30:13: "w.<115><STEAM_0:1:61647668><CT>" disconnected
L 01/25/2020 - 06:30:15: "malag muk<119><STEAM_0:0:147372435><TERRORIST>" killed "mGLataGoD~~<117><STEAM_0:1:161453476><CT>" with "m3"
L 01/25/2020 - 06:30:15: Team "TERRORIST" triggered "Terrorists_Win" (CT "4") (T "4")
L 01/25/2020 - 06:30:15: World triggered "Round_End"
L 01/25/2020 - 06:30:17: "mGLataGoD~~<117><STEAM_0:1:161453476><CT>" disconnected
L 01/25/2020 - 06:30:21: World triggered "Round_Start"
L 01/25/2020 - 06:30:23: "no skill<121><STEAM_0:0:77107668><TERRORIST>" disconnected
L 01/25/2020 - 06:30:23: "malag muk<119><STEAM_0:0:147372435><TERRORIST>" disconnected
L 01/25/2020 - 06:30:23: World triggered "Round_Draw" (CT "4") (T "4")
L 01/25/2020 - 06:30:23: World triggered "Round_End"
L 01/25/2020 - 06:30:29: World triggered "Round_Start"
L 01/25/2020 - 06:40:42: Server cvar "mp_chattime" = "7.000000"
L 01/25/2020 - 06:40:42: Team "CT" scored "4" with "0" players
L 01/25/2020 - 06:40:42: Team "TERRORIST" scored "4" with "0" players
L 01/25/2020 - 06:40:47: Server cvar "mp_chattime" = "5.000000"
L 01/25/2020 - 06:40:47: [META] ini: Begin re-reading plugins list: /home/rented/public9/cstrike/addons/metamod/plugins.ini
L 01/25/2020 - 06:40:47: [META] ini: Read plugin config for: SafeNameAndChat
L 01/25/2020 - 06:40:47: [META] ini: Read plugin config for: AMX Mod X
L 01/25/2020 - 06:40:47: [META] ini: Read plugin config for: Reunion
L 01/25/2020 - 06:40:47: [META] ini: Read plugin config for: ReAuthCheck
L 01/25/2020 - 06:40:47: [META] ini: Read plugin config for: WHBlocker
L 01/25/2020 - 06:40:47: [META] ini: Read plugin config for: ReSemiclip
L 01/25/2020 - 06:40:47: [META] ini: Read plugin config for: Revoice
L 01/25/2020 - 06:40:47: [META] ini: Finished reading plugins list: /home/rented/public9/cstrike/addons/metamod/plugins.ini; Found 7 plugins
L 01/25/2020 - 06:40:47: [META] dll: Updating plugins...
L 01/25/2020 - 06:40:47: [META] WARNING: Cannot clear plugin 'SafeNameAndChat'; not marked as failed, empty, or open (status=valid)
L 01/25/2020 - 06:40:47: [META] dll: Unloaded plugin 'SafeNameAndChat' for reason 'file on disk is newer'
L 01/25/2020 - 06:40:47: [META] dll: Loaded plugin 'SafeNameAndChat': SafeNameAndChat v1.1 2017.02.01, WPMG.PRoSToC0der
L 01/25/2020 - 06:40:47: [META] WARNING: Cannot clear plugin 'WHBlocker'; not marked as failed, empty, or open (status=valid)
L 01/25/2020 - 06:40:47: [META] dll: Unloaded plugin 'WHBlocker' for reason 'file on disk is newer'
L 01/25/2020 - 06:40:47: [META] dll: Loaded plugin 'WHBlocker': WHBlocker v1.5.692 2017-04-13, s1lent
L 01/25/2020 - 06:40:47: [META] WARNING: Cannot clear plugin 'ReSemiclip'; not marked as failed, empty, or open (status=valid)
L 01/25/2020 - 06:40:47: [META] dll: Unloaded plugin 'ReSemiclip' for reason 'file on disk is newer'
L 01/25/2020 - 06:40:47: [META] dll: Loaded plugin 'ReSemiclip': ReSemiclip v2.3.9 13/02/17, s1lent & Adidasman
L 01/25/2020 - 06:40:47: [META] dll: Finished updating 14 plugins; kept 0, loaded 0, unloaded 0, reloaded 3, delayed 0
L 01/25/2020 - 06:40:47: Log file closed
