L 01/23/2020 - 09:21:54: Log file started (file "logs/L0123029.log") (game "cstrike") (version "48/1.1.2.7/Stdio/1621")
L 01/23/2020 - 09:21:54: Loading map "cart_attack"
L 01/23/2020 - 09:21:54: Server cvars start
L 01/23/2020 - 09:21:54: Server cvar "@BunnyHopper" = "3.x"
L 01/23/2020 - 09:21:54: Server cvar "@CRXGoSpec" = "1.1"
L 01/23/2020 - 09:21:54: Server cvar "@CRXRemoveImmunity" = "1.0"
L 01/23/2020 - 09:21:54: Server cvar "@D.I.C.E." = "1.1"
L 01/23/2020 - 09:21:54: Server cvar "@MOTDCommands" = "1.2"
L 01/23/2020 - 09:21:54: Server cvar "advanced_quake_sounds" = "5.0"
L 01/23/2020 - 09:21:54: Server cvar "AdvancedMute" = "1.0"
L 01/23/2020 - 09:21:54: Server cvar "aesp_version" = "1.3"
L 01/23/2020 - 09:21:54: Server cvar "allow_spectators" = "1.0"
L 01/23/2020 - 09:21:54: Server cvar "amx_client_languages" = "1"
L 01/23/2020 - 09:21:54: Server cvar "amx_language" = "en"
L 01/23/2020 - 09:21:54: Server cvar "amx_nextmap" = "cart_attack"
L 01/23/2020 - 09:21:54: Server cvar "amx_ptb_version" = "1.8b3"
L 01/23/2020 - 09:21:54: Server cvar "amx_timeleft" = "18:52"
L 01/23/2020 - 09:21:54: Server cvar "amxmodx_version" = "1.8.2"
L 01/23/2020 - 09:21:54: Server cvar "amxxbg_vip" = "1.0"
L 01/23/2020 - 09:21:54: Server cvar "asp_version" = "4.5.1"
L 01/23/2020 - 09:21:54: Server cvar "atac_version" = "3.0.1"
L 01/23/2020 - 09:21:54: Server cvar "badcamper_version" = "1.4 beta"
L 01/23/2020 - 09:21:54: Server cvar "blockmaker" = "4.01"
L 01/23/2020 - 09:21:54: Server cvar "c4 timer" = "1.1"
L 01/23/2020 - 09:21:54: Server cvar "coop" = "0"
L 01/23/2020 - 09:21:54: Server cvar "CRXAdminGroups" = "1.0"
L 01/23/2020 - 09:21:54: Server cvar "CRXCommandRestrictions" = "1.0"
L 01/23/2020 - 09:21:54: Server cvar "CRXFastKnife" = "1.0"
L 01/23/2020 - 09:21:54: Server cvar "CRXGametracker" = "2.0"
L 01/23/2020 - 09:21:54: Server cvar "CRXKnifeModels" = "2.5.7"
L 01/23/2020 - 09:21:54: Server cvar "CRXTeamAdvantage" = "1.0"
L 01/23/2020 - 09:21:54: Server cvar "CustomShop" = "4.2"
L 01/23/2020 - 09:21:54: Server cvar "deathmatch" = "1"
L 01/23/2020 - 09:21:54: Server cvar "decalfrequency" = "0"
L 01/23/2020 - 09:21:54: Server cvar "edgefriction" = "2"
L 01/23/2020 - 09:21:54: Server cvar "ers_version" = "2.3c"
L 01/23/2020 - 09:21:54: Server cvar "gagsystem_shoko" = "1.0"
L 01/23/2020 - 09:21:54: Server cvar "gal_mapcyclefile" = "mapcycle.txt"
L 01/23/2020 - 09:21:54: Server cvar "gal_version" = "v5.9.1-926"
L 01/23/2020 - 09:21:54: Server cvar "game_version" = "5.7.0.313-dev"
L 01/23/2020 - 09:21:54: Server cvar "humans_join_team" = "any"
L 01/23/2020 - 09:21:54: Server cvar "jtp10181" = "chute,gore"
L 01/23/2020 - 09:21:54: Server cvar "lawliet" = "ny_RainingSnow"
L 01/23/2020 - 09:21:54: Server cvar "LetitSnow" = "1.0"
L 01/23/2020 - 09:21:54: Server cvar "map_spawns" = "T(16) CT(16)"
L 01/23/2020 - 09:21:54: Server cvar "max_queries_sec" = "3"
L 01/23/2020 - 09:21:54: Server cvar "max_queries_sec_global" = "150"
L 01/23/2020 - 09:21:54: Server cvar "max_queries_window" = "60"
L 01/23/2020 - 09:21:54: Server cvar "mdbBans" = "4.8"
L 01/23/2020 - 09:21:54: Server cvar "metamod_version" = "1.21p37"
L 01/23/2020 - 09:21:54: Server cvar "mp_autokick" = "0"
L 01/23/2020 - 09:21:54: Server cvar "mp_autokick_timeout" = "-1"
L 01/23/2020 - 09:21:54: Server cvar "mp_autoteambalance" = "0"
L 01/23/2020 - 09:21:54: Server cvar "mp_buytime" = "0.25"
L 01/23/2020 - 09:21:54: Server cvar "mp_c4timer" = "35"
L 01/23/2020 - 09:21:54: Server cvar "mp_chattime" = "10.000000"
L 01/23/2020 - 09:21:54: Server cvar "mp_consistency" = "1"
L 01/23/2020 - 09:21:54: Server cvar "mp_fadetoblack" = "0"
L 01/23/2020 - 09:21:54: Server cvar "mp_flashlight" = "1"
L 01/23/2020 - 09:21:54: Server cvar "mp_footsteps" = "1"
L 01/23/2020 - 09:21:54: Server cvar "mp_forcecamera" = "0"
L 01/23/2020 - 09:21:54: Server cvar "mp_forcechasecam" = "0"
L 01/23/2020 - 09:21:54: Server cvar "mp_forcerespawn" = "0"
L 01/23/2020 - 09:21:54: Server cvar "mp_fraglimit" = "0"
L 01/23/2020 - 09:21:54: Server cvar "mp_fragsleft" = "0"
L 01/23/2020 - 09:21:54: Server cvar "mp_freeforall" = "0"
L 01/23/2020 - 09:21:54: Server cvar "mp_freezetime" = "1"
L 01/23/2020 - 09:21:54: Server cvar "mp_friendlyfire" = "0"
L 01/23/2020 - 09:21:54: Server cvar "mp_hostage_hurtable" = "1"
L 01/23/2020 - 09:21:54: Server cvar "mp_hostagepenalty" = "0"
L 01/23/2020 - 09:21:54: Server cvar "mp_item_staytime" = "300"
L 01/23/2020 - 09:21:54: Server cvar "mp_kickpercent" = "0.66"
L 01/23/2020 - 09:21:54: Server cvar "mp_legacy_bombtarget_touch" = "1"
L 01/23/2020 - 09:21:54: Server cvar "mp_limitteams" = "0"
L 01/23/2020 - 09:21:54: Server cvar "mp_logdetail" = "0"
L 01/23/2020 - 09:21:54: Server cvar "mp_logfile" = "1"
L 01/23/2020 - 09:21:54: Server cvar "mp_logmessages" = "1"
L 01/23/2020 - 09:21:54: Server cvar "mp_mapvoteratio" = "0.66"
L 01/23/2020 - 09:21:54: Server cvar "mp_maxmoney" = "999999"
L 01/23/2020 - 09:21:54: Server cvar "mp_maxrounds" = "0"
L 01/23/2020 - 09:21:54: Server cvar "mp_mirrordamage" = "0"
L 01/23/2020 - 09:21:54: Server cvar "mp_old_bomb_defused_sound" = "1"
L 01/23/2020 - 09:21:54: Server cvar "mp_playerid" = "0"
L 01/23/2020 - 09:21:54: Server cvar "mp_respawn_immunitytime" = "0"
L 01/23/2020 - 09:21:54: Server cvar "mp_round_infinite" = "0"
L 01/23/2020 - 09:21:54: Server cvar "mp_round_restart_delay" = "5"
L 01/23/2020 - 09:21:54: Server cvar "mp_roundover" = "0"
L 01/23/2020 - 09:21:54: Server cvar "mp_roundtime" = "2.3"
L 01/23/2020 - 09:21:54: Server cvar "mp_show_radioicon" = "1"
L 01/23/2020 - 09:21:54: Server cvar "mp_startmoney" = "850"
L 01/23/2020 - 09:21:54: Server cvar "mp_timeleft" = "18:52"
L 01/23/2020 - 09:21:54: Server cvar "mp_timelimit" = "20"
L 01/23/2020 - 09:21:54: Server cvar "mp_tkpunish" = "0"
L 01/23/2020 - 09:21:54: Server cvar "mp_windifference" = "1"
L 01/23/2020 - 09:21:54: Server cvar "mp_winlimit" = "0"
L 01/23/2020 - 09:21:54: Server cvar "NoWeaponsOnGround" = "1.0"
L 01/23/2020 - 09:21:54: Server cvar "pausable" = "0"
L 01/23/2020 - 09:21:54: Server cvar "present_version" = "2.01"
L 01/23/2020 - 09:21:54: Server cvar "RandomHP" = "2.2"
L 01/23/2020 - 09:21:54: Server cvar "reauthcheck_version" = "0.1.6"
L 01/23/2020 - 09:21:54: Server cvar "reconnect_features" = "0.3.1"
L 01/23/2020 - 09:21:54: Server cvar "report_system_version" = "3.1"
L 01/23/2020 - 09:21:54: Server cvar "resemiclip_version" = "2.3.9"
L 01/23/2020 - 09:21:54: Server cvar "reu_version" = "0.1.0.130"
L 01/23/2020 - 09:21:54: Server cvar "revoice_version" = "0.1.0.30"
L 01/23/2020 - 09:21:54: Server cvar "RRWM" = "2.0"
L 01/23/2020 - 09:21:54: Server cvar "sanksounds_version" = "1.8.6"
L 01/23/2020 - 09:21:54: Server cvar "SimpleMenu" = "1.1"
L 01/23/2020 - 09:21:54: Server cvar "SNAC_Version" = "1.1"
L 01/23/2020 - 09:21:54: Server cvar "SpecList" = "1.2a"
L 01/23/2020 - 09:21:54: Server cvar "sr_version" = "1.6"
L 01/23/2020 - 09:21:54: Server cvar "statsx_shell_ver" = "2.0.0 (BETA)"
L 01/23/2020 - 09:21:54: Server cvar "StyleC4Timer" = "2.1"
L 01/23/2020 - 09:21:54: Server cvar "sv_accelerate" = "5"
L 01/23/2020 - 09:21:54: Server cvar "sv_aim" = "1"
L 01/23/2020 - 09:21:54: Server cvar "sv_airaccelerate" = "100"
L 01/23/2020 - 09:21:54: Server cvar "sv_allowupload" = "1"
L 01/23/2020 - 09:21:54: Server cvar "sv_alltalk" = "1"
L 01/23/2020 - 09:21:54: Server cvar "sv_bounce" = "1"
L 01/23/2020 - 09:21:54: Server cvar "sv_cheats" = "0"
L 01/23/2020 - 09:21:54: Server cvar "sv_clienttrace" = "1"
L 01/23/2020 - 09:21:54: Server cvar "sv_contact" = "feruchio599@gmail.com"
L 01/23/2020 - 09:21:54: Server cvar "sv_friction" = "4"
L 01/23/2020 - 09:21:54: Server cvar "sv_gravity" = "800"
L 01/23/2020 - 09:21:54: Server cvar "sv_logblocks" = "0"
L 01/23/2020 - 09:21:54: Server cvar "sv_maxrate" = "50000"
L 01/23/2020 - 09:21:54: Server cvar "sv_maxspeed" = "900.000000"
L 01/23/2020 - 09:21:54: Server cvar "sv_minrate" = "10000"
L 01/23/2020 - 09:21:54: Server cvar "sv_password" = ""
L 01/23/2020 - 09:21:54: Server cvar "sv_proxies" = "1"
L 01/23/2020 - 09:21:54: Server cvar "sv_restart" = "0"
L 01/23/2020 - 09:21:54: Server cvar "sv_restartround" = "0"
L 01/23/2020 - 09:21:54: Server cvar "sv_stepsize" = "18"
L 01/23/2020 - 09:21:54: Server cvar "sv_stopspeed" = "75"
L 01/23/2020 - 09:21:54: Server cvar "sv_uploadmax" = "0.5"
L 01/23/2020 - 09:21:54: Server cvar "sv_version" = "1.1.2.7/Stdio,48,1621"
L 01/23/2020 - 09:21:54: Server cvar "sv_voiceenable" = "1"
L 01/23/2020 - 09:21:54: Server cvar "sv_wateraccelerate" = "10"
L 01/23/2020 - 09:21:54: Server cvar "sv_waterfriction" = "1"
L 01/23/2020 - 09:21:54: Server cvar "Team_Semiclip_version" = "3.3.1"
L 01/23/2020 - 09:21:54: Server cvar "vehicle_real_killer" = "1.1"
L 01/23/2020 - 09:21:54: Server cvar "WalkGuard" = "1.3.2"
L 01/23/2020 - 09:21:54: Server cvar "we_grenades" = "Huehue"
L 01/23/2020 - 09:21:54: Server cvar "we_player_models" = "Huehue"
L 01/23/2020 - 09:21:54: Server cvar "whb_version" = "1.5.692"
L 01/23/2020 - 09:21:54: Server cvar "zp_jp_version" = "Extra Item Jetpack+Bazooka v3.2"
L 01/23/2020 - 09:21:54: Server cvars end
L 01/23/2020 - 09:21:57: Server cvar "sv_maxspeed" = "900"
L 01/23/2020 - 09:21:57: Server cvar "mp_autoteambalance" = "1"
L 01/23/2020 - 09:21:57: Server cvar "mp_autoteambalance" = "0"
L 01/23/2020 - 09:21:57: Server cvar "amx_nextmap" = "[not yet voted on]"
L 01/23/2020 - 09:21:59: Started map "cart_attack" (CRC "-607986547")
L 01/23/2020 - 09:22:01: World triggered "Round_Start"
L 01/23/2020 - 09:22:03: "lol<36><STEAM_2:0:1214014100><>" entered the game
L 01/23/2020 - 09:22:07: "lol<36><STEAM_2:0:1214014100><>" joined team "CT"
L 01/23/2020 - 09:24:19: Team "CT" triggered "Target_Saved" (CT "0") (T "0")
L 01/23/2020 - 09:24:19: World triggered "Round_End"
L 01/23/2020 - 09:24:25: World triggered "Round_Start"
L 01/23/2020 - 09:24:50: Server cvar "amx_nextmap" = "awesome_cars2"
L 01/23/2020 - 09:24:56: Server cvar "sv_maxspeed" = "0.000000"
L 01/23/2020 - 09:24:56: Server cvar "mp_friendlyfire" = "1"
L 01/23/2020 - 09:25:07: Server cvar "sv_maxspeed" = "900.000000"
L 01/23/2020 - 09:25:07: Server cvar "mp_friendlyfire" = "0"
L 01/23/2020 - 09:25:07: [META] ini: Begin re-reading plugins list: /home/rented/public9/cstrike/addons/metamod/plugins.ini
L 01/23/2020 - 09:25:07: [META] ini: Read plugin config for: SafeNameAndChat
L 01/23/2020 - 09:25:07: [META] ini: Read plugin config for: AMX Mod X
L 01/23/2020 - 09:25:07: [META] ini: Read plugin config for: Reunion
L 01/23/2020 - 09:25:07: [META] ini: Read plugin config for: ReAuthCheck
L 01/23/2020 - 09:25:07: [META] ini: Read plugin config for: WHBlocker
L 01/23/2020 - 09:25:07: [META] ini: Read plugin config for: ReSemiclip
L 01/23/2020 - 09:25:07: [META] ini: Read plugin config for: Revoice
L 01/23/2020 - 09:25:07: [META] ini: Finished reading plugins list: /home/rented/public9/cstrike/addons/metamod/plugins.ini; Found 7 plugins
L 01/23/2020 - 09:25:07: [META] dll: Updating plugins...
L 01/23/2020 - 09:25:07: [META] dll: Finished updating 14 plugins; kept 3, loaded 0, unloaded 0, reloaded 0, delayed 0
L 01/23/2020 - 09:25:07: "lol<36><STEAM_2:0:1214014100><CT>" disconnected
L 01/23/2020 - 09:25:07: World triggered "Round_Draw" (CT "0") (T "0")
L 01/23/2020 - 09:25:07: World triggered "Round_End"
L 01/23/2020 - 09:25:07: Log file closed
