L 01/24/2020 - 17:03:28: Log file started (file "logs/L0124057.log") (game "cstrike") (version "48/1.1.2.7/Stdio/1621")
L 01/24/2020 - 17:03:28: Server cvar "mp_buytime" = "1"
L 01/24/2020 - 17:03:28: Server cvar "mp_c4timer" = "35"
L 01/24/2020 - 17:03:28: Server cvar "mp_flashlight" = "1"
L 01/24/2020 - 17:03:28: Server cvar "mp_freezetime" = "1"
L 01/24/2020 - 17:03:28: Server cvar "mp_hostagepenalty" = "0"
L 01/24/2020 - 17:03:28: Server cvar "mp_limitteams" = "1"
L 01/24/2020 - 17:03:28: Server cvar "mp_roundtime" = "2.3"
L 01/24/2020 - 17:03:28: Server cvar "mp_startmoney" = "850"
L 01/24/2020 - 17:03:28: Server cvar "sv_contact" = "feruchio599@gmail.com"
L 01/24/2020 - 17:03:28: Server cvar "sv_maxrate" = "50000"
L 01/24/2020 - 17:03:28: Server cvar "sv_maxspeed" = "320"
L 01/24/2020 - 17:03:28: Server cvar "sv_minrate" = "10000"
L 01/24/2020 - 17:03:28: Server cvar "max_queries_sec_global" = "***PROTECTED***"
L 01/24/2020 - 17:03:28: Server cvar "max_queries_sec" = "***PROTECTED***"
L 01/24/2020 - 17:03:28: Server cvar "decalfrequency" = "0"
L 01/24/2020 - 17:03:28: Server cvar "sv_airaccelerate" = "100"
L 01/24/2020 - 17:03:28: Server cvar "sv_friction" = "3"
L 01/24/2020 - 17:03:29: Server cvar "sv_friction" = "4"
L 01/24/2020 - 17:03:30: [REUNION]: YOUSIF QADI (188.161.116.201) authorized as RevEmu
L 01/24/2020 - 17:03:30: "YOUSIF QADI<1><STEAM_1:0:1518124784><>" connected, address "188.161.116.201:27005"
L 01/24/2020 - 17:03:31: [REUNION]: fun da king (85.130.9.158) authorized as RevEmu
L 01/24/2020 - 17:03:31: "fun da king<2><STEAM_1:0:1655898477><>" connected, address "85.130.9.158:27005"
L 01/24/2020 - 17:03:31: [REUNION]: YOUSIF QADI (188.161.116.201) authorized as RevEmu
L 01/24/2020 - 17:03:31: "YOUSIF QADI<3><STEAM_1:0:1518124784><>" connected, address "188.161.116.201:27005"
L 01/24/2020 - 17:03:34: Server cvar "mp_timelimit" = "10"
L 01/24/2020 - 17:03:36: World triggered "Round_Start"
L 01/24/2020 - 17:03:37: "fun da king<2><STEAM_1:0:1655898477><>" entered the game
L 01/24/2020 - 17:03:39: "YOUSIF QADI<3><STEAM_1:0:1518124784><>" entered the game
L 01/24/2020 - 17:03:40: "fun da king<2><STEAM_1:0:1655898477><>" joined team "TERRORIST"
L 01/24/2020 - 17:03:43: "YOUSIF QADI<3><STEAM_1:0:1518124784><>" joined team "CT"
L 01/24/2020 - 17:03:44: World triggered "Game_Commencing"
L 01/24/2020 - 17:03:44: World triggered "Game_Commencing" (CT "0") (T "0")
L 01/24/2020 - 17:03:44: World triggered "Round_End"
L 01/24/2020 - 17:03:48: World triggered "Round_Start"
L 01/24/2020 - 17:04:03: "fun da king<2><STEAM_1:0:1655898477><TERRORIST>" killed "YOUSIF QADI<3><STEAM_1:0:1518124784><CT>" with "knife"
L 01/24/2020 - 17:04:03: Team "TERRORIST" triggered "Terrorists_Win" (CT "0") (T "1")
L 01/24/2020 - 17:04:03: World triggered "Round_End"
L 01/24/2020 - 17:04:09: World triggered "Round_Start"
L 01/24/2020 - 17:04:26: "fun da king<2><STEAM_1:0:1655898477><TERRORIST>" killed "YOUSIF QADI<3><STEAM_1:0:1518124784><CT>" with "knife"
L 01/24/2020 - 17:04:26: Team "TERRORIST" triggered "Terrorists_Win" (CT "0") (T "2")
L 01/24/2020 - 17:04:26: World triggered "Round_End"
L 01/24/2020 - 17:04:32: World triggered "Round_Start"
L 01/24/2020 - 17:05:22: "fun da king<2><STEAM_1:0:1655898477><TERRORIST>" killed "YOUSIF QADI<3><STEAM_1:0:1518124784><CT>" with "deagle"
L 01/24/2020 - 17:05:22: Team "TERRORIST" triggered "Terrorists_Win" (CT "0") (T "3")
L 01/24/2020 - 17:05:22: World triggered "Round_End"
L 01/24/2020 - 17:05:28: World triggered "Round_Start"
L 01/24/2020 - 17:06:14: "fun da king<2><STEAM_1:0:1655898477><TERRORIST>" killed "YOUSIF QADI<3><STEAM_1:0:1518124784><CT>" with "deagle"
L 01/24/2020 - 17:06:14: Team "TERRORIST" triggered "Terrorists_Win" (CT "0") (T "4")
L 01/24/2020 - 17:06:14: World triggered "Round_End"
L 01/24/2020 - 17:06:20: World triggered "Round_Start"
L 01/24/2020 - 17:06:47: "fun da king<2><STEAM_1:0:1655898477><TERRORIST>" killed "YOUSIF QADI<3><STEAM_1:0:1518124784><CT>" with "deagle"
L 01/24/2020 - 17:06:47: Team "TERRORIST" triggered "Terrorists_Win" (CT "0") (T "5")
L 01/24/2020 - 17:06:47: World triggered "Round_End"
L 01/24/2020 - 17:06:53: World triggered "Round_Start"
L 01/24/2020 - 17:07:12: "fun da king<2><STEAM_1:0:1655898477><TERRORIST>" killed "YOUSIF QADI<3><STEAM_1:0:1518124784><CT>" with "deagle"
L 01/24/2020 - 17:07:12: Team "TERRORIST" triggered "Terrorists_Win" (CT "0") (T "6")
L 01/24/2020 - 17:07:12: World triggered "Round_End"
L 01/24/2020 - 17:07:18: World triggered "Round_Start"
L 01/24/2020 - 17:08:10: "fun da king<2><STEAM_1:0:1655898477><TERRORIST>" killed "YOUSIF QADI<3><STEAM_1:0:1518124784><CT>" with "deagle"
L 01/24/2020 - 17:08:10: Team "TERRORIST" triggered "Terrorists_Win" (CT "0") (T "7")
L 01/24/2020 - 17:08:10: World triggered "Round_End"
L 01/24/2020 - 17:08:16: World triggered "Round_Start"
L 01/24/2020 - 17:08:40: "fun da king<2><STEAM_1:0:1655898477><TERRORIST>" killed "YOUSIF QADI<3><STEAM_1:0:1518124784><CT>" with "deagle"
L 01/24/2020 - 17:08:40: Team "TERRORIST" triggered "Terrorists_Win" (CT "0") (T "8")
L 01/24/2020 - 17:08:40: World triggered "Round_End"
L 01/24/2020 - 17:08:46: World triggered "Round_Start"
L 01/24/2020 - 17:08:53: "fun da king<2><STEAM_1:0:1655898477><TERRORIST>" killed "YOUSIF QADI<3><STEAM_1:0:1518124784><CT>" with "deagle"
L 01/24/2020 - 17:08:53: Team "TERRORIST" triggered "Terrorists_Win" (CT "0") (T "9")
L 01/24/2020 - 17:08:53: World triggered "Round_End"
L 01/24/2020 - 17:08:59: World triggered "Round_Start"
L 01/24/2020 - 17:09:08: "fun da king<2><STEAM_1:0:1655898477><TERRORIST>" killed "YOUSIF QADI<3><STEAM_1:0:1518124784><CT>" with "deagle"
L 01/24/2020 - 17:09:08: Team "TERRORIST" triggered "Terrorists_Win" (CT "0") (T "10")
L 01/24/2020 - 17:09:08: World triggered "Round_End"
L 01/24/2020 - 17:09:14: World triggered "Round_Start"
L 01/24/2020 - 17:09:51: "fun da king<2><STEAM_1:0:1655898477><TERRORIST>" killed "YOUSIF QADI<3><STEAM_1:0:1518124784><CT>" with "knife"
L 01/24/2020 - 17:09:51: Team "TERRORIST" triggered "Terrorists_Win" (CT "0") (T "11")
L 01/24/2020 - 17:09:51: World triggered "Round_End"
L 01/24/2020 - 17:09:57: World triggered "Round_Start"
L 01/24/2020 - 17:10:35: "fun da king<2><STEAM_1:0:1655898477><TERRORIST>" killed "YOUSIF QADI<3><STEAM_1:0:1518124784><CT>" with "deagle"
L 01/24/2020 - 17:10:35: Team "TERRORIST" triggered "Terrorists_Win" (CT "0") (T "12")
L 01/24/2020 - 17:10:35: World triggered "Round_End"
L 01/24/2020 - 17:10:41: World triggered "Round_Start"
L 01/24/2020 - 17:10:54: "YOUSIF QADI<3><STEAM_1:0:1518124784><CT>" killed "fun da king<2><STEAM_1:0:1655898477><TERRORIST>" with "knife"
L 01/24/2020 - 17:10:54: Team "CT" triggered "CTs_Win" (CT "1") (T "12")
L 01/24/2020 - 17:10:54: World triggered "Round_End"
L 01/24/2020 - 17:11:00: World triggered "Round_Start"
L 01/24/2020 - 17:11:14: "fun da king<2><STEAM_1:0:1655898477><TERRORIST>" killed "YOUSIF QADI<3><STEAM_1:0:1518124784><CT>" with "deagle"
L 01/24/2020 - 17:11:14: Team "TERRORIST" triggered "Terrorists_Win" (CT "1") (T "13")
L 01/24/2020 - 17:11:14: World triggered "Round_End"
L 01/24/2020 - 17:11:20: World triggered "Round_Start"
L 01/24/2020 - 17:11:34: "fun da king<2><STEAM_1:0:1655898477><TERRORIST>" killed "YOUSIF QADI<3><STEAM_1:0:1518124784><CT>" with "deagle"
L 01/24/2020 - 17:11:34: Team "TERRORIST" triggered "Terrorists_Win" (CT "1") (T "14")
L 01/24/2020 - 17:11:34: World triggered "Round_End"
L 01/24/2020 - 17:11:40: World triggered "Round_Start"
L 01/24/2020 - 17:12:19: "fun da king<2><STEAM_1:0:1655898477><TERRORIST>" committed suicide with "the block of death" (world)
L 01/24/2020 - 17:12:19: Team "CT" triggered "CTs_Win" (CT "2") (T "14")
L 01/24/2020 - 17:12:19: World triggered "Round_End"
L 01/24/2020 - 17:12:25: World triggered "Round_Start"
L 01/24/2020 - 17:12:38: "fun da king<2><STEAM_1:0:1655898477><TERRORIST>" killed "YOUSIF QADI<3><STEAM_1:0:1518124784><CT>" with "deagle"
L 01/24/2020 - 17:12:38: Team "TERRORIST" triggered "Terrorists_Win" (CT "2") (T "15")
L 01/24/2020 - 17:12:38: World triggered "Round_End"
L 01/24/2020 - 17:12:44: World triggered "Round_Start"
L 01/24/2020 - 17:12:53: "fun da king<2><STEAM_1:0:1655898477><TERRORIST>" killed "YOUSIF QADI<3><STEAM_1:0:1518124784><CT>" with "deagle"
L 01/24/2020 - 17:12:53: Team "TERRORIST" triggered "Terrorists_Win" (CT "2") (T "16")
L 01/24/2020 - 17:12:53: World triggered "Round_End"
L 01/24/2020 - 17:12:59: World triggered "Round_Start"
L 01/24/2020 - 17:13:09: "fun da king<2><STEAM_1:0:1655898477><TERRORIST>" killed "YOUSIF QADI<3><STEAM_1:0:1518124784><CT>" with "deagle"
L 01/24/2020 - 17:13:09: Team "TERRORIST" triggered "Terrorists_Win" (CT "2") (T "17")
L 01/24/2020 - 17:13:09: World triggered "Round_End"
L 01/24/2020 - 17:13:15: World triggered "Round_Start"
L 01/24/2020 - 17:13:25: "fun da king<2><STEAM_1:0:1655898477><TERRORIST>" killed "YOUSIF QADI<3><STEAM_1:0:1518124784><CT>" with "deagle"
L 01/24/2020 - 17:13:25: Team "TERRORIST" triggered "Terrorists_Win" (CT "2") (T "18")
L 01/24/2020 - 17:13:25: World triggered "Round_End"
L 01/24/2020 - 17:13:28: Server cvar "mp_timelimit" = "0.000000"
L 01/24/2020 - 17:13:31: World triggered "Round_Start"
L 01/24/2020 - 17:13:34: Server cvar "amx_nextmap" = "4_houses"
L 01/24/2020 - 17:13:42: "fun da king<2><STEAM_1:0:1655898477><TERRORIST>" killed "YOUSIF QADI<3><STEAM_1:0:1518124784><CT>" with "deagle"
L 01/24/2020 - 17:13:42: Team "TERRORIST" triggered "Terrorists_Win" (CT "2") (T "19")
L 01/24/2020 - 17:13:42: World triggered "Round_End"
L 01/24/2020 - 17:13:48: World triggered "Round_Start"
L 01/24/2020 - 17:13:48: Server cvar "sv_maxspeed" = "0.000000"
L 01/24/2020 - 17:13:48: Server cvar "mp_friendlyfire" = "1"
L 01/24/2020 - 17:13:59: Server cvar "sv_maxspeed" = "320.000000"
L 01/24/2020 - 17:13:59: Server cvar "mp_friendlyfire" = "0"
L 01/24/2020 - 17:13:59: Server cvar "mp_timelimit" = "10.000000"
L 01/24/2020 - 17:13:59: [META] ini: Begin re-reading plugins list: /home/rented/public9/cstrike/addons/metamod/plugins.ini
L 01/24/2020 - 17:13:59: [META] ini: Read plugin config for: SafeNameAndChat
L 01/24/2020 - 17:13:59: [META] ini: Read plugin config for: AMX Mod X
L 01/24/2020 - 17:13:59: [META] ini: Read plugin config for: Reunion
L 01/24/2020 - 17:13:59: [META] ini: Read plugin config for: ReAuthCheck
L 01/24/2020 - 17:13:59: [META] ini: Read plugin config for: WHBlocker
L 01/24/2020 - 17:13:59: [META] ini: Read plugin config for: ReSemiclip
L 01/24/2020 - 17:13:59: [META] ini: Read plugin config for: Revoice
L 01/24/2020 - 17:13:59: [META] ini: Finished reading plugins list: /home/rented/public9/cstrike/addons/metamod/plugins.ini; Found 7 plugins
L 01/24/2020 - 17:13:59: [META] dll: Updating plugins...
L 01/24/2020 - 17:13:59: [META] WARNING: Cannot clear plugin 'SafeNameAndChat'; not marked as failed, empty, or open (status=valid)
L 01/24/2020 - 17:13:59: [META] dll: Unloaded plugin 'SafeNameAndChat' for reason 'file on disk is newer'
L 01/24/2020 - 17:13:59: [META] dll: Loaded plugin 'SafeNameAndChat': SafeNameAndChat v1.1 2017.02.01, WPMG.PRoSToC0der
L 01/24/2020 - 17:13:59: [META] WARNING: Cannot clear plugin 'WHBlocker'; not marked as failed, empty, or open (status=valid)
L 01/24/2020 - 17:13:59: [META] dll: Unloaded plugin 'WHBlocker' for reason 'file on disk is newer'
L 01/24/2020 - 17:13:59: [META] dll: Loaded plugin 'WHBlocker': WHBlocker v1.5.692 2017-04-13, s1lent
L 01/24/2020 - 17:13:59: [META] WARNING: Cannot clear plugin 'ReSemiclip'; not marked as failed, empty, or open (status=valid)
L 01/24/2020 - 17:13:59: [META] dll: Unloaded plugin 'ReSemiclip' for reason 'file on disk is newer'
L 01/24/2020 - 17:13:59: [META] dll: Loaded plugin 'ReSemiclip': ReSemiclip v2.3.9 13/02/17, s1lent & Adidasman
L 01/24/2020 - 17:13:59: [META] dll: Finished updating 14 plugins; kept 0, loaded 0, unloaded 0, reloaded 3, delayed 0
L 01/24/2020 - 17:13:59: "fun da king<2><STEAM_1:0:1655898477><TERRORIST>" disconnected
L 01/24/2020 - 17:13:59: "YOUSIF QADI<3><STEAM_1:0:1518124784><CT>" disconnected
L 01/24/2020 - 17:13:59: World triggered "Round_Draw" (CT "2") (T "19")
L 01/24/2020 - 17:13:59: World triggered "Round_End"
L 01/24/2020 - 17:13:59: Log file closed
