L 01/24/2020 - 19:36:59: Log file started (file "logs/L0124067.log") (game "cstrike") (version "48/1.1.2.7/Stdio/1621")
L 01/24/2020 - 19:36:59: Loading map "cs_carzzz"
L 01/24/2020 - 19:36:59: Server cvars start
L 01/24/2020 - 19:36:59: Server cvar "@BunnyHopper" = "3.x"
L 01/24/2020 - 19:36:59: Server cvar "@CRXGoSpec" = "1.1"
L 01/24/2020 - 19:36:59: Server cvar "@CRXRemoveImmunity" = "1.0"
L 01/24/2020 - 19:36:59: Server cvar "@D.I.C.E." = "1.1"
L 01/24/2020 - 19:36:59: Server cvar "@MOTDCommands" = "1.2"
L 01/24/2020 - 19:36:59: Server cvar "advanced_quake_sounds" = "5.0"
L 01/24/2020 - 19:36:59: Server cvar "AdvancedMute" = "1.0"
L 01/24/2020 - 19:36:59: Server cvar "aesp_version" = "1.3"
L 01/24/2020 - 19:36:59: Server cvar "allow_spectators" = "1.0"
L 01/24/2020 - 19:36:59: Server cvar "amx_client_languages" = "1"
L 01/24/2020 - 19:36:59: Server cvar "amx_language" = "en"
L 01/24/2020 - 19:36:59: Server cvar "amx_nextmap" = "cs_carzzz"
L 01/24/2020 - 19:36:59: Server cvar "amx_ptb_version" = "1.8b3"
L 01/24/2020 - 19:36:59: Server cvar "amx_timeleft" = "07:36"
L 01/24/2020 - 19:36:59: Server cvar "amxmodx_version" = "1.8.2"
L 01/24/2020 - 19:36:59: Server cvar "amxxbg_vip" = "1.0"
L 01/24/2020 - 19:36:59: Server cvar "asp_version" = "4.5.1"
L 01/24/2020 - 19:36:59: Server cvar "atac_version" = "3.0.1"
L 01/24/2020 - 19:36:59: Server cvar "badcamper_version" = "1.4 beta"
L 01/24/2020 - 19:36:59: Server cvar "blockmaker" = "4.01"
L 01/24/2020 - 19:36:59: Server cvar "c4 timer" = "1.1"
L 01/24/2020 - 19:36:59: Server cvar "coop" = "0"
L 01/24/2020 - 19:36:59: Server cvar "CRXAdminGroups" = "1.0"
L 01/24/2020 - 19:36:59: Server cvar "CRXCommandRestrictions" = "1.0"
L 01/24/2020 - 19:36:59: Server cvar "CRXFastKnife" = "1.0"
L 01/24/2020 - 19:36:59: Server cvar "CRXGametracker" = "2.0"
L 01/24/2020 - 19:36:59: Server cvar "CRXKnifeModels" = "2.5.7"
L 01/24/2020 - 19:36:59: Server cvar "CRXTeamAdvantage" = "1.0"
L 01/24/2020 - 19:36:59: Server cvar "CustomShop" = "4.2"
L 01/24/2020 - 19:36:59: Server cvar "deathmatch" = "1"
L 01/24/2020 - 19:36:59: Server cvar "decalfrequency" = "0"
L 01/24/2020 - 19:36:59: Server cvar "edgefriction" = "2"
L 01/24/2020 - 19:36:59: Server cvar "ers_version" = "2.3c"
L 01/24/2020 - 19:36:59: Server cvar "gagsystem_shoko" = "1.0"
L 01/24/2020 - 19:36:59: Server cvar "gal_mapcyclefile" = "mapcycle.txt"
L 01/24/2020 - 19:36:59: Server cvar "gal_version" = "v5.9.1-926"
L 01/24/2020 - 19:36:59: Server cvar "game_version" = "5.7.0.313-dev"
L 01/24/2020 - 19:36:59: Server cvar "humans_join_team" = "any"
L 01/24/2020 - 19:36:59: Server cvar "jtp10181" = "chute,gore"
L 01/24/2020 - 19:36:59: Server cvar "lawliet" = "ny_RainingSnow"
L 01/24/2020 - 19:36:59: Server cvar "LetitSnow" = "1.0"
L 01/24/2020 - 19:36:59: Server cvar "map_spawns" = "T(16) CT(16)"
L 01/24/2020 - 19:36:59: Server cvar "max_queries_sec" = "3"
L 01/24/2020 - 19:36:59: Server cvar "max_queries_sec_global" = "150"
L 01/24/2020 - 19:36:59: Server cvar "max_queries_window" = "60"
L 01/24/2020 - 19:36:59: Server cvar "mdbBans" = "4.8"
L 01/24/2020 - 19:36:59: Server cvar "metamod_version" = "1.21p37"
L 01/24/2020 - 19:36:59: Server cvar "mp_autokick" = "0"
L 01/24/2020 - 19:36:59: Server cvar "mp_autokick_timeout" = "-1"
L 01/24/2020 - 19:36:59: Server cvar "mp_autoteambalance" = "0"
L 01/24/2020 - 19:36:59: Server cvar "mp_buytime" = "0.25"
L 01/24/2020 - 19:36:59: Server cvar "mp_c4timer" = "35"
L 01/24/2020 - 19:36:59: Server cvar "mp_chattime" = "5.000000"
L 01/24/2020 - 19:36:59: Server cvar "mp_consistency" = "1"
L 01/24/2020 - 19:36:59: Server cvar "mp_fadetoblack" = "0"
L 01/24/2020 - 19:36:59: Server cvar "mp_flashlight" = "1"
L 01/24/2020 - 19:36:59: Server cvar "mp_footsteps" = "1"
L 01/24/2020 - 19:36:59: Server cvar "mp_forcecamera" = "0"
L 01/24/2020 - 19:36:59: Server cvar "mp_forcechasecam" = "0"
L 01/24/2020 - 19:36:59: Server cvar "mp_forcerespawn" = "0"
L 01/24/2020 - 19:36:59: Server cvar "mp_fraglimit" = "0"
L 01/24/2020 - 19:36:59: Server cvar "mp_fragsleft" = "0"
L 01/24/2020 - 19:36:59: Server cvar "mp_freeforall" = "0"
L 01/24/2020 - 19:36:59: Server cvar "mp_freezetime" = "1"
L 01/24/2020 - 19:36:59: Server cvar "mp_friendlyfire" = "0"
L 01/24/2020 - 19:36:59: Server cvar "mp_hostage_hurtable" = "1"
L 01/24/2020 - 19:36:59: Server cvar "mp_hostagepenalty" = "0"
L 01/24/2020 - 19:36:59: Server cvar "mp_item_staytime" = "300"
L 01/24/2020 - 19:36:59: Server cvar "mp_kickpercent" = "0.66"
L 01/24/2020 - 19:36:59: Server cvar "mp_legacy_bombtarget_touch" = "1"
L 01/24/2020 - 19:36:59: Server cvar "mp_limitteams" = "0"
L 01/24/2020 - 19:36:59: Server cvar "mp_logdetail" = "0"
L 01/24/2020 - 19:36:59: Server cvar "mp_logfile" = "1"
L 01/24/2020 - 19:36:59: Server cvar "mp_logmessages" = "1"
L 01/24/2020 - 19:36:59: Server cvar "mp_mapvoteratio" = "0.66"
L 01/24/2020 - 19:36:59: Server cvar "mp_maxmoney" = "999999"
L 01/24/2020 - 19:36:59: Server cvar "mp_maxrounds" = "0"
L 01/24/2020 - 19:36:59: Server cvar "mp_mirrordamage" = "0"
L 01/24/2020 - 19:36:59: Server cvar "mp_old_bomb_defused_sound" = "1"
L 01/24/2020 - 19:36:59: Server cvar "mp_playerid" = "0"
L 01/24/2020 - 19:36:59: Server cvar "mp_respawn_immunitytime" = "0"
L 01/24/2020 - 19:36:59: Server cvar "mp_round_infinite" = "0"
L 01/24/2020 - 19:36:59: Server cvar "mp_round_restart_delay" = "5"
L 01/24/2020 - 19:36:59: Server cvar "mp_roundover" = "0"
L 01/24/2020 - 19:36:59: Server cvar "mp_roundtime" = "2.3"
L 01/24/2020 - 19:36:59: Server cvar "mp_show_radioicon" = "1"
L 01/24/2020 - 19:36:59: Server cvar "mp_startmoney" = "850"
L 01/24/2020 - 19:36:59: Server cvar "mp_timeleft" = "07:35"
L 01/24/2020 - 19:36:59: Server cvar "mp_timelimit" = "20"
L 01/24/2020 - 19:36:59: Server cvar "mp_tkpunish" = "0"
L 01/24/2020 - 19:36:59: Server cvar "mp_windifference" = "1"
L 01/24/2020 - 19:36:59: Server cvar "mp_winlimit" = "0"
L 01/24/2020 - 19:36:59: Server cvar "NoWeaponsOnGround" = "1.0"
L 01/24/2020 - 19:36:59: Server cvar "pausable" = "0"
L 01/24/2020 - 19:36:59: Server cvar "present_version" = "2.01"
L 01/24/2020 - 19:36:59: Server cvar "RandomHP" = "2.2"
L 01/24/2020 - 19:36:59: Server cvar "reauthcheck_version" = "0.1.6"
L 01/24/2020 - 19:36:59: Server cvar "reconnect_features" = "0.3.1"
L 01/24/2020 - 19:36:59: Server cvar "report_system_version" = "3.1"
L 01/24/2020 - 19:36:59: Server cvar "resemiclip_version" = "2.3.9"
L 01/24/2020 - 19:36:59: Server cvar "reu_version" = "0.1.0.130"
L 01/24/2020 - 19:36:59: Server cvar "revoice_version" = "0.1.0.30"
L 01/24/2020 - 19:36:59: Server cvar "RRWM" = "2.0"
L 01/24/2020 - 19:36:59: Server cvar "sanksounds_version" = "1.8.6"
L 01/24/2020 - 19:36:59: Server cvar "SimpleMenu" = "1.1"
L 01/24/2020 - 19:36:59: Server cvar "SNAC_Version" = "1.1"
L 01/24/2020 - 19:36:59: Server cvar "SpecList" = "1.2a"
L 01/24/2020 - 19:36:59: Server cvar "sr_version" = "1.6"
L 01/24/2020 - 19:36:59: Server cvar "statsx_shell_ver" = "2.0.0 (BETA)"
L 01/24/2020 - 19:36:59: Server cvar "StyleC4Timer" = "2.1"
L 01/24/2020 - 19:36:59: Server cvar "sv_accelerate" = "5"
L 01/24/2020 - 19:36:59: Server cvar "sv_aim" = "1"
L 01/24/2020 - 19:36:59: Server cvar "sv_airaccelerate" = "100"
L 01/24/2020 - 19:36:59: Server cvar "sv_allowupload" = "1"
L 01/24/2020 - 19:36:59: Server cvar "sv_alltalk" = "1"
L 01/24/2020 - 19:36:59: Server cvar "sv_bounce" = "1"
L 01/24/2020 - 19:36:59: Server cvar "sv_cheats" = "0"
L 01/24/2020 - 19:36:59: Server cvar "sv_clienttrace" = "1"
L 01/24/2020 - 19:36:59: Server cvar "sv_contact" = "feruchio599@gmail.com"
L 01/24/2020 - 19:36:59: Server cvar "sv_friction" = "4"
L 01/24/2020 - 19:36:59: Server cvar "sv_gravity" = "800"
L 01/24/2020 - 19:36:59: Server cvar "sv_logblocks" = "0"
L 01/24/2020 - 19:36:59: Server cvar "sv_maxrate" = "50000"
L 01/24/2020 - 19:36:59: Server cvar "sv_maxspeed" = "900.000000"
L 01/24/2020 - 19:36:59: Server cvar "sv_minrate" = "10000"
L 01/24/2020 - 19:36:59: Server cvar "sv_password" = ""
L 01/24/2020 - 19:36:59: Server cvar "sv_proxies" = "1"
L 01/24/2020 - 19:36:59: Server cvar "sv_restart" = "0"
L 01/24/2020 - 19:36:59: Server cvar "sv_restartround" = "0"
L 01/24/2020 - 19:36:59: Server cvar "sv_stepsize" = "18"
L 01/24/2020 - 19:36:59: Server cvar "sv_stopspeed" = "75"
L 01/24/2020 - 19:36:59: Server cvar "sv_uploadmax" = "0.5"
L 01/24/2020 - 19:36:59: Server cvar "sv_version" = "1.1.2.7/Stdio,48,1621"
L 01/24/2020 - 19:36:59: Server cvar "sv_voiceenable" = "1"
L 01/24/2020 - 19:36:59: Server cvar "sv_wateraccelerate" = "10"
L 01/24/2020 - 19:36:59: Server cvar "sv_waterfriction" = "1"
L 01/24/2020 - 19:36:59: Server cvar "Team_Semiclip_version" = "3.3.1"
L 01/24/2020 - 19:36:59: Server cvar "vehicle_real_killer" = "1.1"
L 01/24/2020 - 19:36:59: Server cvar "WalkGuard" = "1.3.2"
L 01/24/2020 - 19:36:59: Server cvar "we_grenades" = "Huehue"
L 01/24/2020 - 19:36:59: Server cvar "we_player_models" = "Huehue"
L 01/24/2020 - 19:36:59: Server cvar "whb_version" = "1.5.692"
L 01/24/2020 - 19:36:59: Server cvar "zp_jp_version" = "Extra Item Jetpack+Bazooka v3.2"
L 01/24/2020 - 19:36:59: Server cvars end
L 01/24/2020 - 19:37:02: Server cvar "sv_maxspeed" = "900"
L 01/24/2020 - 19:37:02: Server cvar "mp_autoteambalance" = "1"
L 01/24/2020 - 19:37:02: Server cvar "mp_autoteambalance" = "0"
L 01/24/2020 - 19:37:02: Server cvar "amx_nextmap" = "[not yet voted on]"
L 01/24/2020 - 19:37:03: Started map "cs_carzzz" (CRC "-1880719593")
L 01/24/2020 - 19:37:05: World triggered "Round_Start"
L 01/24/2020 - 19:37:08: "XxXgeorgiXxx :)<32><VALVE_ID_LAN><>" entered the game
L 01/24/2020 - 19:37:10: "XxXgeorgiXxx :)<32><VALVE_ID_LAN><>" joined team "TERRORIST"
L 01/24/2020 - 19:37:11: [REUNION]: morticica (46.214.141.126) authorized as RevEmu
L 01/24/2020 - 19:37:11: "morticica<39><STEAM_2:1:885674688><>" connected, address "46.214.141.126:27005"
L 01/24/2020 - 19:37:12: [REUNION]: <Warrior> Player (41.141.158.243) authorized as RevEmu
L 01/24/2020 - 19:37:12: "<Warrior> Player<40><STEAM_1:0:599517282><>" connected, address "41.141.158.243:23060"
L 01/24/2020 - 19:37:14: "SABBY UwU<36><STEAM_2:1:1500161593><>" entered the game
L 01/24/2020 - 19:37:21: "<Warrior> Player<40><STEAM_1:0:599517282><>" entered the game
L 01/24/2020 - 19:37:25: "SABBY UwU<36><STEAM_2:1:1500161593><>" joined team "TERRORIST"
L 01/24/2020 - 19:37:26: "<Warrior> Player<40><STEAM_1:0:599517282><>" joined team "CT"
L 01/24/2020 - 19:37:27: World triggered "Game_Commencing"
L 01/24/2020 - 19:37:27: World triggered "Game_Commencing" (CT "0") (T "0")
L 01/24/2020 - 19:37:27: World triggered "Round_End"
L 01/24/2020 - 19:37:29: "morticica<39><STEAM_2:1:885674688><>" entered the game
L 01/24/2020 - 19:37:31: World triggered "Round_Start"
L 01/24/2020 - 19:37:53: "XxXgeorgiXxx :)<32><VALVE_ID_LAN><TERRORIST>" killed "<Warrior> Player<40><STEAM_1:0:599517282><CT>" with "tracktrain"
L 01/24/2020 - 19:37:53: Team "TERRORIST" triggered "Terrorists_Win" (CT "0") (T "1")
L 01/24/2020 - 19:37:53: World triggered "Round_End"
L 01/24/2020 - 19:37:59: World triggered "Round_Start"
L 01/24/2020 - 19:38:17: "SABBY UwU<36><STEAM_2:1:1500161593><TERRORIST>" committed suicide with "tracktrain"
L 01/24/2020 - 19:38:22: "XxXgeorgiXxx :)<32><VALVE_ID_LAN><TERRORIST>" killed "<Warrior> Player<40><STEAM_1:0:599517282><CT>" with "tracktrain"
L 01/24/2020 - 19:38:22: Team "TERRORIST" triggered "Terrorists_Win" (CT "0") (T "2")
L 01/24/2020 - 19:38:22: World triggered "Round_End"
L 01/24/2020 - 19:38:25: "morticica<39><STEAM_2:1:885674688><>" joined team "SPECTATOR"
L 01/24/2020 - 19:38:26: "XxXgeorgiXxx :)<32><VALVE_ID_LAN><TERRORIST>" joined team "CT"
L 01/24/2020 - 19:38:26: "<><><>" triggered "amx_chat" (text "[PTB] Transfered XxXgeorgiXxx :) to CT")
L 01/24/2020 - 19:38:28: World triggered "Round_Start"
L 01/24/2020 - 19:38:40: "XxXgeorgiXxx :)<32><VALVE_ID_LAN><CT>" committed suicide with "world"
L 01/24/2020 - 19:38:40: "XxXgeorgiXxx :)<32><VALVE_ID_LAN><CT>" joined team "TERRORIST"
L 01/24/2020 - 19:39:38: "<Warrior> Player<40><STEAM_1:0:599517282><CT>" committed suicide with "worldspawn" (world)
L 01/24/2020 - 19:39:38: Team "TERRORIST" triggered "Terrorists_Win" (CT "0") (T "3")
L 01/24/2020 - 19:39:38: World triggered "Round_End"
L 01/24/2020 - 19:39:44: World triggered "Round_Start"
L 01/24/2020 - 19:40:06: "XxXgeorgiXxx :)<32><VALVE_ID_LAN><TERRORIST>" killed "<Warrior> Player<40><STEAM_1:0:599517282><CT>" with "tracktrain"
L 01/24/2020 - 19:40:06: Team "TERRORIST" triggered "Terrorists_Win" (CT "0") (T "4")
L 01/24/2020 - 19:40:06: World triggered "Round_End"
L 01/24/2020 - 19:40:12: World triggered "Round_Start"
L 01/24/2020 - 19:40:34: "<Warrior> Player<40><STEAM_1:0:599517282><CT>" killed "XxXgeorgiXxx :)<32><VALVE_ID_LAN><TERRORIST>" with "m4a1"
L 01/24/2020 - 19:40:54: "SABBY UwU<36><STEAM_2:1:1500161593><TERRORIST>" killed "<Warrior> Player<40><STEAM_1:0:599517282><CT>" with "scout"
L 01/24/2020 - 19:40:54: Team "TERRORIST" triggered "Terrorists_Win" (CT "0") (T "5")
L 01/24/2020 - 19:40:54: World triggered "Round_End"
L 01/24/2020 - 19:40:58: "SABBY UwU<36><STEAM_2:1:1500161593><TERRORIST>" joined team "CT"
L 01/24/2020 - 19:40:58: "<><><>" triggered "amx_chat" (text "[PTB] Transfered SABBY UwU to CT")
L 01/24/2020 - 19:41:00: World triggered "Round_Start"
L 01/24/2020 - 19:41:32: "XxXgeorgiXxx :)<32><VALVE_ID_LAN><TERRORIST>" killed "<Warrior> Player<40><STEAM_1:0:599517282><CT>" with "tracktrain"
L 01/24/2020 - 19:41:36: "SABBY UwU<36><STEAM_2:1:1500161593><CT>" killed "XxXgeorgiXxx :)<32><VALVE_ID_LAN><TERRORIST>" with "awp"
L 01/24/2020 - 19:41:36: Team "CT" triggered "CTs_Win" (CT "1") (T "5")
L 01/24/2020 - 19:41:36: World triggered "Round_End"
L 01/24/2020 - 19:41:37: "XxXgeorgiXxx :)<32><VALVE_ID_LAN><TERRORIST>" killed "SABBY UwU<36><STEAM_2:1:1500161593><CT>" with "tracktrain"
L 01/24/2020 - 19:41:42: World triggered "Round_Start"
L 01/24/2020 - 19:42:17: "XxXgeorgiXxx :)<32><VALVE_ID_LAN><TERRORIST>" killed "<Warrior> Player<40><STEAM_1:0:599517282><CT>" with "tracktrain"
L 01/24/2020 - 19:43:03: "SABBY UwU<36><STEAM_2:1:1500161593><CT>" killed "XxXgeorgiXxx :)<32><VALVE_ID_LAN><TERRORIST>" with "awp"
L 01/24/2020 - 19:43:03: Team "CT" triggered "CTs_Win" (CT "2") (T "5")
L 01/24/2020 - 19:43:03: World triggered "Round_End"
L 01/24/2020 - 19:43:08: "<Warrior> Player<40><STEAM_1:0:599517282><CT>" joined team "TERRORIST"
L 01/24/2020 - 19:43:08: "<><><>" triggered "amx_chat" (text "[PTB] Transfered <Warrior> Player to TERRORIST")
L 01/24/2020 - 19:43:09: World triggered "Round_Start"
L 01/24/2020 - 19:43:43: "SABBY UwU<36><STEAM_2:1:1500161593><CT>" killed "XxXgeorgiXxx :)<32><VALVE_ID_LAN><TERRORIST>" with "awp"
L 01/24/2020 - 19:44:52: "SABBY UwU<36><STEAM_2:1:1500161593><CT>" killed "<Warrior> Player<40><STEAM_1:0:599517282><TERRORIST>" with "awp"
L 01/24/2020 - 19:44:52: Team "CT" triggered "CTs_Win" (CT "3") (T "5")
L 01/24/2020 - 19:44:52: World triggered "Round_End"
L 01/24/2020 - 19:44:58: World triggered "Round_Start"
L 01/24/2020 - 19:45:27: "XxXgeorgiXxx :)<32><VALVE_ID_LAN><TERRORIST>" killed "SABBY UwU<36><STEAM_2:1:1500161593><CT>" with "xm1014"
L 01/24/2020 - 19:45:27: Team "TERRORIST" triggered "Terrorists_Win" (CT "3") (T "6")
L 01/24/2020 - 19:45:27: World triggered "Round_End"
L 01/24/2020 - 19:45:33: World triggered "Round_Start"
L 01/24/2020 - 19:46:03: "XxXgeorgiXxx :)<32><VALVE_ID_LAN><TERRORIST>" killed "SABBY UwU<36><STEAM_2:1:1500161593><CT>" with "g3sg1"
L 01/24/2020 - 19:46:03: Team "TERRORIST" triggered "Terrorists_Win" (CT "3") (T "7")
L 01/24/2020 - 19:46:03: World triggered "Round_End"
L 01/24/2020 - 19:46:08: "<Warrior> Player<40><STEAM_1:0:599517282><TERRORIST>" joined team "CT"
L 01/24/2020 - 19:46:08: "<><><>" triggered "amx_chat" (text "[PTB] Transfered <Warrior> Player to CT")
L 01/24/2020 - 19:46:09: World triggered "Round_Start"
L 01/24/2020 - 19:46:49: "XxXgeorgiXxx :)<32><VALVE_ID_LAN><TERRORIST>" killed "<Warrior> Player<40><STEAM_1:0:599517282><CT>" with "g3sg1"
L 01/24/2020 - 19:47:03: "XxXgeorgiXxx :)<32><VALVE_ID_LAN><TERRORIST>" killed "SABBY UwU<36><STEAM_2:1:1500161593><CT>" with "g3sg1"
L 01/24/2020 - 19:47:03: Team "TERRORIST" triggered "Terrorists_Win" (CT "3") (T "8")
L 01/24/2020 - 19:47:03: World triggered "Round_End"
L 01/24/2020 - 19:47:09: World triggered "Round_Start"
L 01/24/2020 - 19:47:51: "XxXgeorgiXxx :)<32><VALVE_ID_LAN><TERRORIST>" killed "<Warrior> Player<40><STEAM_1:0:599517282><CT>" with "g3sg1"
L 01/24/2020 - 19:48:01: "XxXgeorgiXxx :)<32><VALVE_ID_LAN><TERRORIST>" killed "SABBY UwU<36><STEAM_2:1:1500161593><CT>" with "g3sg1"
L 01/24/2020 - 19:48:01: Team "TERRORIST" triggered "Terrorists_Win" (CT "3") (T "9")
L 01/24/2020 - 19:48:01: World triggered "Round_End"
L 01/24/2020 - 19:48:07: World triggered "Round_Start"
L 01/24/2020 - 19:48:31: "XxXgeorgiXxx :)<32><VALVE_ID_LAN><TERRORIST>" killed "SABBY UwU<36><STEAM_2:1:1500161593><CT>" with "g3sg1"
L 01/24/2020 - 19:49:08: "XxXgeorgiXxx :)<32><VALVE_ID_LAN><TERRORIST>" killed "<Warrior> Player<40><STEAM_1:0:599517282><CT>" with "tracktrain"
L 01/24/2020 - 19:49:08: Team "TERRORIST" triggered "Terrorists_Win" (CT "3") (T "10")
L 01/24/2020 - 19:49:08: World triggered "Round_End"
L 01/24/2020 - 19:49:14: World triggered "Round_Start"
L 01/24/2020 - 19:49:42: "<Warrior> Player<40><STEAM_1:0:599517282><CT>" killed "XxXgeorgiXxx :)<32><VALVE_ID_LAN><TERRORIST>" with "m4a1"
L 01/24/2020 - 19:49:42: Team "CT" triggered "CTs_Win" (CT "4") (T "10")
L 01/24/2020 - 19:49:42: World triggered "Round_End"
L 01/24/2020 - 19:49:48: World triggered "Round_Start"
L 01/24/2020 - 19:50:12: "XxXgeorgiXxx :)<32><VALVE_ID_LAN><TERRORIST>" killed "<Warrior> Player<40><STEAM_1:0:599517282><CT>" with "tracktrain"
L 01/24/2020 - 19:50:12: "XxXgeorgiXxx :)<32><VALVE_ID_LAN><TERRORIST>" killed "SABBY UwU<36><STEAM_2:1:1500161593><CT>" with "tracktrain"
L 01/24/2020 - 19:50:12: Team "TERRORIST" triggered "Terrorists_Win" (CT "4") (T "11")
L 01/24/2020 - 19:50:12: World triggered "Round_End"
L 01/24/2020 - 19:50:18: World triggered "Round_Start"
L 01/24/2020 - 19:50:44: "<Warrior> Player<40><STEAM_1:0:599517282><CT>" killed "XxXgeorgiXxx :)<32><VALVE_ID_LAN><TERRORIST>" with "m4a1"
L 01/24/2020 - 19:50:44: Team "CT" triggered "CTs_Win" (CT "5") (T "11")
L 01/24/2020 - 19:50:44: World triggered "Round_End"
L 01/24/2020 - 19:50:50: World triggered "Round_Start"
L 01/24/2020 - 19:51:14: "SABBY UwU<36><STEAM_2:1:1500161593><CT>" killed "XxXgeorgiXxx :)<32><VALVE_ID_LAN><TERRORIST>" with "usp"
L 01/24/2020 - 19:51:14: Team "CT" triggered "CTs_Win" (CT "6") (T "11")
L 01/24/2020 - 19:51:14: World triggered "Round_End"
L 01/24/2020 - 19:51:20: World triggered "Round_Start"
L 01/24/2020 - 19:51:58: "XxXgeorgiXxx :)<32><VALVE_ID_LAN><TERRORIST>" killed "SABBY UwU<36><STEAM_2:1:1500161593><CT>" with "g3sg1"
L 01/24/2020 - 19:51:59: "<Warrior> Player<40><STEAM_1:0:599517282><CT>" killed "XxXgeorgiXxx :)<32><VALVE_ID_LAN><TERRORIST>" with "m4a1"
L 01/24/2020 - 19:51:59: Team "CT" triggered "CTs_Win" (CT "7") (T "11")
L 01/24/2020 - 19:51:59: World triggered "Round_End"
L 01/24/2020 - 19:52:05: World triggered "Round_Start"
L 01/24/2020 - 19:52:24: "SABBY UwU<36><STEAM_2:1:1500161593><CT>" killed "XxXgeorgiXxx :)<32><VALVE_ID_LAN><TERRORIST>" with "usp"
L 01/24/2020 - 19:52:24: Team "CT" triggered "CTs_Win" (CT "8") (T "11")
L 01/24/2020 - 19:52:24: World triggered "Round_End"
L 01/24/2020 - 19:52:30: World triggered "Round_Start"
L 01/24/2020 - 19:53:07: "SABBY UwU<36><STEAM_2:1:1500161593><CT>" killed "XxXgeorgiXxx :)<32><VALVE_ID_LAN><TERRORIST>" with "awp"
L 01/24/2020 - 19:53:07: Team "CT" triggered "CTs_Win" (CT "9") (T "11")
L 01/24/2020 - 19:53:07: World triggered "Round_End"
L 01/24/2020 - 19:53:12: "<Warrior> Player<40><STEAM_1:0:599517282><CT>" joined team "TERRORIST"
L 01/24/2020 - 19:53:12: "<><><>" triggered "amx_chat" (text "[PTB] Transfered <Warrior> Player to TERRORIST")
L 01/24/2020 - 19:53:13: World triggered "Round_Start"
L 01/24/2020 - 19:53:24: "XxXgeorgiXxx :)<32><VALVE_ID_LAN><TERRORIST>" killed "<Warrior> Player<40><STEAM_1:0:599517282><TERRORIST>" with "tracktrain"
L 01/24/2020 - 19:53:29: "XxXgeorgiXxx :)<32><VALVE_ID_LAN><TERRORIST>" committed suicide with "world"
L 01/24/2020 - 19:53:29: Team "CT" triggered "CTs_Win" (CT "10") (T "11")
L 01/24/2020 - 19:53:29: World triggered "Round_End"
L 01/24/2020 - 19:53:34: "XxXgeorgiXxx :)<32><VALVE_ID_LAN><TERRORIST>" joined team "CT"
L 01/24/2020 - 19:53:34: "<><><>" triggered "amx_chat" (text "[PTB] Transfered XxXgeorgiXxx :) to CT")
L 01/24/2020 - 19:53:35: World triggered "Round_Start"
L 01/24/2020 - 19:53:58: "<Warrior> Player<40><STEAM_1:0:599517282><TERRORIST>" killed "XxXgeorgiXxx :)<32><VALVE_ID_LAN><CT>" with "g3sg1"
L 01/24/2020 - 19:54:24: "SABBY UwU<36><STEAM_2:1:1500161593><CT>" killed "<Warrior> Player<40><STEAM_1:0:599517282><TERRORIST>" with "awp"
L 01/24/2020 - 19:54:24: Team "CT" triggered "CTs_Win" (CT "11") (T "11")
L 01/24/2020 - 19:54:24: World triggered "Round_End"
L 01/24/2020 - 19:54:29: "SABBY UwU<36><STEAM_2:1:1500161593><CT>" joined team "TERRORIST"
L 01/24/2020 - 19:54:29: "<><><>" triggered "amx_chat" (text "[PTB] Transfered SABBY UwU to TERRORIST")
L 01/24/2020 - 19:54:30: World triggered "Round_Start"
L 01/24/2020 - 19:54:53: "XxXgeorgiXxx :)<32><VALVE_ID_LAN><CT>" killed "SABBY UwU<36><STEAM_2:1:1500161593><TERRORIST>" with "aug"
L 01/24/2020 - 19:54:58: "<Warrior> Player<40><STEAM_1:0:599517282><TERRORIST>" killed "XxXgeorgiXxx :)<32><VALVE_ID_LAN><CT>" with "ak47"
L 01/24/2020 - 19:54:58: Team "TERRORIST" triggered "Terrorists_Win" (CT "11") (T "12")
L 01/24/2020 - 19:54:58: World triggered "Round_End"
L 01/24/2020 - 19:55:03: "<Warrior> Player<40><STEAM_1:0:599517282><TERRORIST>" joined team "CT"
L 01/24/2020 - 19:55:03: "<><><>" triggered "amx_chat" (text "[PTB] Transfered <Warrior> Player to CT")
L 01/24/2020 - 19:55:04: World triggered "Round_Start"
L 01/24/2020 - 19:55:58: "SABBY UwU<36><STEAM_2:1:1500161593><TERRORIST>" killed "XxXgeorgiXxx :)<32><VALVE_ID_LAN><CT>" with "xm1014"
L 01/24/2020 - 19:56:35: "SABBY UwU<36><STEAM_2:1:1500161593><TERRORIST>" killed "<Warrior> Player<40><STEAM_1:0:599517282><CT>" with "m3"
L 01/24/2020 - 19:56:35: Team "TERRORIST" triggered "Terrorists_Win" (CT "11") (T "13")
L 01/24/2020 - 19:56:35: World triggered "Round_End"
L 01/24/2020 - 19:56:40: "XxXgeorgiXxx :)<32><VALVE_ID_LAN><CT>" joined team "TERRORIST"
L 01/24/2020 - 19:56:40: "<><><>" triggered "amx_chat" (text "[PTB] Transfered XxXgeorgiXxx :) to TERRORIST")
L 01/24/2020 - 19:56:41: World triggered "Round_Start"
L 01/24/2020 - 19:56:45: Server cvar "amx_nextmap" = "as_convoy"
L 01/24/2020 - 19:57:02: Server cvar "mp_timelimit" = "0.000000"
L 01/24/2020 - 19:57:04: "XxXgeorgiXxx :)<32><VALVE_ID_LAN><TERRORIST>" killed "<Warrior> Player<40><STEAM_1:0:599517282><CT>" with "tracktrain"
L 01/24/2020 - 19:57:04: Team "TERRORIST" triggered "Terrorists_Win" (CT "11") (T "14")
L 01/24/2020 - 19:57:04: World triggered "Round_End"
L 01/24/2020 - 19:57:08: "SABBY UwU<36><STEAM_2:1:1500161593><TERRORIST>" joined team "CT"
L 01/24/2020 - 19:57:08: "<><><>" triggered "amx_chat" (text "[PTB] Transfered SABBY UwU to CT")
L 01/24/2020 - 19:57:10: World triggered "Round_Start"
L 01/24/2020 - 19:57:10: Server cvar "sv_maxspeed" = "0.000000"
L 01/24/2020 - 19:57:10: Server cvar "mp_friendlyfire" = "1"
L 01/24/2020 - 19:57:16: Server cvar "sv_maxspeed" = "900.000000"
L 01/24/2020 - 19:57:16: Server cvar "mp_friendlyfire" = "0"
L 01/24/2020 - 19:57:16: Server cvar "mp_timelimit" = "20.000000"
L 01/24/2020 - 19:57:16: [META] ini: Begin re-reading plugins list: /home/rented/public9/cstrike/addons/metamod/plugins.ini
L 01/24/2020 - 19:57:16: [META] ini: Read plugin config for: SafeNameAndChat
L 01/24/2020 - 19:57:16: [META] ini: Read plugin config for: AMX Mod X
L 01/24/2020 - 19:57:16: [META] ini: Read plugin config for: Reunion
L 01/24/2020 - 19:57:16: [META] ini: Read plugin config for: ReAuthCheck
L 01/24/2020 - 19:57:16: [META] ini: Read plugin config for: WHBlocker
L 01/24/2020 - 19:57:16: [META] ini: Read plugin config for: ReSemiclip
L 01/24/2020 - 19:57:16: [META] ini: Read plugin config for: Revoice
L 01/24/2020 - 19:57:16: [META] ini: Finished reading plugins list: /home/rented/public9/cstrike/addons/metamod/plugins.ini; Found 7 plugins
L 01/24/2020 - 19:57:16: [META] dll: Updating plugins...
L 01/24/2020 - 19:57:16: [META] WARNING: Cannot clear plugin 'SafeNameAndChat'; not marked as failed, empty, or open (status=valid)
L 01/24/2020 - 19:57:16: [META] dll: Unloaded plugin 'SafeNameAndChat' for reason 'file on disk is newer'
L 01/24/2020 - 19:57:16: [META] dll: Loaded plugin 'SafeNameAndChat': SafeNameAndChat v1.1 2017.02.01, WPMG.PRoSToC0der
L 01/24/2020 - 19:57:16: [META] WARNING: Cannot clear plugin 'WHBlocker'; not marked as failed, empty, or open (status=valid)
L 01/24/2020 - 19:57:16: [META] dll: Unloaded plugin 'WHBlocker' for reason 'file on disk is newer'
L 01/24/2020 - 19:57:16: [META] dll: Loaded plugin 'WHBlocker': WHBlocker v1.5.692 2017-04-13, s1lent
L 01/24/2020 - 19:57:16: [META] WARNING: Cannot clear plugin 'ReSemiclip'; not marked as failed, empty, or open (status=valid)
L 01/24/2020 - 19:57:16: [META] dll: Unloaded plugin 'ReSemiclip' for reason 'file on disk is newer'
L 01/24/2020 - 19:57:16: [META] dll: Loaded plugin 'ReSemiclip': ReSemiclip v2.3.9 13/02/17, s1lent & Adidasman
L 01/24/2020 - 19:57:16: [META] dll: Finished updating 14 plugins; kept 0, loaded 0, unloaded 0, reloaded 3, delayed 0
L 01/24/2020 - 19:57:16: "morticica<39><STEAM_2:1:885674688><SPECTATOR>" disconnected
L 01/24/2020 - 19:57:16: "XxXgeorgiXxx :)<32><VALVE_ID_LAN><TERRORIST>" disconnected
L 01/24/2020 - 19:57:16: "SABBY UwU<36><STEAM_2:1:1500161593><CT>" disconnected
L 01/24/2020 - 19:57:16: "<Warrior> Player<40><STEAM_1:0:599517282><CT>" disconnected
L 01/24/2020 - 19:57:16: World triggered "Round_Draw" (CT "11") (T "14")
L 01/24/2020 - 19:57:16: World triggered "Round_End"
L 01/24/2020 - 19:57:16: Log file closed
