L 01/23/2020 - 12:05:46: Log file started (file "logs/L0123041.log") (game "cstrike") (version "48/1.1.2.7/Stdio/1621")
L 01/23/2020 - 12:05:46: Loading map "motorway2"
L 01/23/2020 - 12:05:46: Server cvars start
L 01/23/2020 - 12:05:46: Server cvar "@BunnyHopper" = "3.x"
L 01/23/2020 - 12:05:46: Server cvar "@CRXGoSpec" = "1.1"
L 01/23/2020 - 12:05:46: Server cvar "@CRXRemoveImmunity" = "1.0"
L 01/23/2020 - 12:05:46: Server cvar "@D.I.C.E." = "1.1"
L 01/23/2020 - 12:05:46: Server cvar "@MOTDCommands" = "1.2"
L 01/23/2020 - 12:05:46: Server cvar "advanced_quake_sounds" = "5.0"
L 01/23/2020 - 12:05:46: Server cvar "AdvancedMute" = "1.0"
L 01/23/2020 - 12:05:46: Server cvar "aesp_version" = "1.3"
L 01/23/2020 - 12:05:46: Server cvar "allow_spectators" = "1.0"
L 01/23/2020 - 12:05:46: Server cvar "amx_client_languages" = "1"
L 01/23/2020 - 12:05:46: Server cvar "amx_language" = "en"
L 01/23/2020 - 12:05:46: Server cvar "amx_nextmap" = "motorway2"
L 01/23/2020 - 12:05:46: Server cvar "amx_ptb_version" = "1.8b3"
L 01/23/2020 - 12:05:46: Server cvar "amx_timeleft" = "12:58"
L 01/23/2020 - 12:05:46: Server cvar "amxmodx_version" = "1.8.2"
L 01/23/2020 - 12:05:46: Server cvar "amxxbg_vip" = "1.0"
L 01/23/2020 - 12:05:46: Server cvar "asp_version" = "4.5.1"
L 01/23/2020 - 12:05:46: Server cvar "atac_version" = "3.0.1"
L 01/23/2020 - 12:05:46: Server cvar "badcamper_version" = "1.4 beta"
L 01/23/2020 - 12:05:46: Server cvar "blockmaker" = "4.01"
L 01/23/2020 - 12:05:46: Server cvar "c4 timer" = "1.1"
L 01/23/2020 - 12:05:46: Server cvar "coop" = "0"
L 01/23/2020 - 12:05:46: Server cvar "CRXAdminGroups" = "1.0"
L 01/23/2020 - 12:05:46: Server cvar "CRXCommandRestrictions" = "1.0"
L 01/23/2020 - 12:05:46: Server cvar "CRXFastKnife" = "1.0"
L 01/23/2020 - 12:05:46: Server cvar "CRXGametracker" = "2.0"
L 01/23/2020 - 12:05:46: Server cvar "CRXKnifeModels" = "2.5.7"
L 01/23/2020 - 12:05:46: Server cvar "CRXTeamAdvantage" = "1.0"
L 01/23/2020 - 12:05:46: Server cvar "CustomShop" = "4.2"
L 01/23/2020 - 12:05:46: Server cvar "deathmatch" = "1"
L 01/23/2020 - 12:05:46: Server cvar "decalfrequency" = "0"
L 01/23/2020 - 12:05:46: Server cvar "edgefriction" = "2"
L 01/23/2020 - 12:05:46: Server cvar "ers_version" = "2.3c"
L 01/23/2020 - 12:05:46: Server cvar "gagsystem_shoko" = "1.0"
L 01/23/2020 - 12:05:46: Server cvar "gal_mapcyclefile" = "mapcycle.txt"
L 01/23/2020 - 12:05:46: Server cvar "gal_version" = "v5.9.1-926"
L 01/23/2020 - 12:05:46: Server cvar "game_version" = "5.7.0.313-dev"
L 01/23/2020 - 12:05:46: Server cvar "humans_join_team" = "any"
L 01/23/2020 - 12:05:46: Server cvar "jtp10181" = "chute,gore"
L 01/23/2020 - 12:05:46: Server cvar "lawliet" = "ny_RainingSnow"
L 01/23/2020 - 12:05:46: Server cvar "LetitSnow" = "1.0"
L 01/23/2020 - 12:05:46: Server cvar "map_spawns" = "T(16) CT(16)"
L 01/23/2020 - 12:05:46: Server cvar "max_queries_sec" = "3"
L 01/23/2020 - 12:05:46: Server cvar "max_queries_sec_global" = "150"
L 01/23/2020 - 12:05:46: Server cvar "max_queries_window" = "60"
L 01/23/2020 - 12:05:46: Server cvar "mdbBans" = "4.8"
L 01/23/2020 - 12:05:46: Server cvar "metamod_version" = "1.21p37"
L 01/23/2020 - 12:05:46: Server cvar "mp_autokick" = "0"
L 01/23/2020 - 12:05:46: Server cvar "mp_autokick_timeout" = "-1"
L 01/23/2020 - 12:05:46: Server cvar "mp_autoteambalance" = "0"
L 01/23/2020 - 12:05:46: Server cvar "mp_buytime" = "0.25"
L 01/23/2020 - 12:05:46: Server cvar "mp_c4timer" = "35"
L 01/23/2020 - 12:05:46: Server cvar "mp_chattime" = "10.000000"
L 01/23/2020 - 12:05:46: Server cvar "mp_consistency" = "1"
L 01/23/2020 - 12:05:46: Server cvar "mp_fadetoblack" = "0"
L 01/23/2020 - 12:05:46: Server cvar "mp_flashlight" = "1"
L 01/23/2020 - 12:05:46: Server cvar "mp_footsteps" = "1"
L 01/23/2020 - 12:05:46: Server cvar "mp_forcecamera" = "0"
L 01/23/2020 - 12:05:46: Server cvar "mp_forcechasecam" = "0"
L 01/23/2020 - 12:05:46: Server cvar "mp_forcerespawn" = "0"
L 01/23/2020 - 12:05:46: Server cvar "mp_fraglimit" = "0"
L 01/23/2020 - 12:05:46: Server cvar "mp_fragsleft" = "0"
L 01/23/2020 - 12:05:46: Server cvar "mp_freeforall" = "0"
L 01/23/2020 - 12:05:46: Server cvar "mp_freezetime" = "1"
L 01/23/2020 - 12:05:46: Server cvar "mp_friendlyfire" = "0"
L 01/23/2020 - 12:05:46: Server cvar "mp_hostage_hurtable" = "1"
L 01/23/2020 - 12:05:46: Server cvar "mp_hostagepenalty" = "0"
L 01/23/2020 - 12:05:46: Server cvar "mp_item_staytime" = "300"
L 01/23/2020 - 12:05:46: Server cvar "mp_kickpercent" = "0.66"
L 01/23/2020 - 12:05:46: Server cvar "mp_legacy_bombtarget_touch" = "1"
L 01/23/2020 - 12:05:46: Server cvar "mp_limitteams" = "0"
L 01/23/2020 - 12:05:46: Server cvar "mp_logdetail" = "0"
L 01/23/2020 - 12:05:46: Server cvar "mp_logfile" = "1"
L 01/23/2020 - 12:05:46: Server cvar "mp_logmessages" = "1"
L 01/23/2020 - 12:05:46: Server cvar "mp_mapvoteratio" = "0.66"
L 01/23/2020 - 12:05:46: Server cvar "mp_maxmoney" = "999999"
L 01/23/2020 - 12:05:46: Server cvar "mp_maxrounds" = "0"
L 01/23/2020 - 12:05:46: Server cvar "mp_mirrordamage" = "0"
L 01/23/2020 - 12:05:46: Server cvar "mp_old_bomb_defused_sound" = "1"
L 01/23/2020 - 12:05:46: Server cvar "mp_playerid" = "0"
L 01/23/2020 - 12:05:46: Server cvar "mp_respawn_immunitytime" = "0"
L 01/23/2020 - 12:05:46: Server cvar "mp_round_infinite" = "0"
L 01/23/2020 - 12:05:46: Server cvar "mp_round_restart_delay" = "5"
L 01/23/2020 - 12:05:46: Server cvar "mp_roundover" = "0"
L 01/23/2020 - 12:05:46: Server cvar "mp_roundtime" = "2.3"
L 01/23/2020 - 12:05:46: Server cvar "mp_show_radioicon" = "1"
L 01/23/2020 - 12:05:46: Server cvar "mp_startmoney" = "850"
L 01/23/2020 - 12:05:46: Server cvar "mp_timeleft" = "12:58"
L 01/23/2020 - 12:05:46: Server cvar "mp_timelimit" = "20"
L 01/23/2020 - 12:05:46: Server cvar "mp_tkpunish" = "0"
L 01/23/2020 - 12:05:46: Server cvar "mp_windifference" = "1"
L 01/23/2020 - 12:05:46: Server cvar "mp_winlimit" = "0"
L 01/23/2020 - 12:05:46: Server cvar "NoWeaponsOnGround" = "1.0"
L 01/23/2020 - 12:05:46: Server cvar "pausable" = "0"
L 01/23/2020 - 12:05:46: Server cvar "present_version" = "2.01"
L 01/23/2020 - 12:05:46: Server cvar "RandomHP" = "2.2"
L 01/23/2020 - 12:05:46: Server cvar "reauthcheck_version" = "0.1.6"
L 01/23/2020 - 12:05:46: Server cvar "reconnect_features" = "0.3.1"
L 01/23/2020 - 12:05:46: Server cvar "report_system_version" = "3.1"
L 01/23/2020 - 12:05:46: Server cvar "resemiclip_version" = "2.3.9"
L 01/23/2020 - 12:05:46: Server cvar "reu_version" = "0.1.0.130"
L 01/23/2020 - 12:05:46: Server cvar "revoice_version" = "0.1.0.30"
L 01/23/2020 - 12:05:46: Server cvar "RRWM" = "2.0"
L 01/23/2020 - 12:05:46: Server cvar "sanksounds_version" = "1.8.6"
L 01/23/2020 - 12:05:46: Server cvar "SimpleMenu" = "1.1"
L 01/23/2020 - 12:05:46: Server cvar "SNAC_Version" = "1.1"
L 01/23/2020 - 12:05:46: Server cvar "SpecList" = "1.2a"
L 01/23/2020 - 12:05:46: Server cvar "sr_version" = "1.6"
L 01/23/2020 - 12:05:46: Server cvar "statsx_shell_ver" = "2.0.0 (BETA)"
L 01/23/2020 - 12:05:46: Server cvar "StyleC4Timer" = "2.1"
L 01/23/2020 - 12:05:46: Server cvar "sv_accelerate" = "5"
L 01/23/2020 - 12:05:46: Server cvar "sv_aim" = "1"
L 01/23/2020 - 12:05:46: Server cvar "sv_airaccelerate" = "100"
L 01/23/2020 - 12:05:46: Server cvar "sv_allowupload" = "1"
L 01/23/2020 - 12:05:46: Server cvar "sv_alltalk" = "1"
L 01/23/2020 - 12:05:46: Server cvar "sv_bounce" = "1"
L 01/23/2020 - 12:05:46: Server cvar "sv_cheats" = "0"
L 01/23/2020 - 12:05:46: Server cvar "sv_clienttrace" = "1"
L 01/23/2020 - 12:05:46: Server cvar "sv_contact" = "feruchio599@gmail.com"
L 01/23/2020 - 12:05:46: Server cvar "sv_friction" = "4"
L 01/23/2020 - 12:05:46: Server cvar "sv_gravity" = "800"
L 01/23/2020 - 12:05:46: Server cvar "sv_logblocks" = "0"
L 01/23/2020 - 12:05:46: Server cvar "sv_maxrate" = "50000"
L 01/23/2020 - 12:05:46: Server cvar "sv_maxspeed" = "900.000000"
L 01/23/2020 - 12:05:46: Server cvar "sv_minrate" = "10000"
L 01/23/2020 - 12:05:46: Server cvar "sv_password" = ""
L 01/23/2020 - 12:05:46: Server cvar "sv_proxies" = "1"
L 01/23/2020 - 12:05:46: Server cvar "sv_restart" = "0"
L 01/23/2020 - 12:05:46: Server cvar "sv_restartround" = "0"
L 01/23/2020 - 12:05:46: Server cvar "sv_stepsize" = "18"
L 01/23/2020 - 12:05:46: Server cvar "sv_stopspeed" = "75"
L 01/23/2020 - 12:05:46: Server cvar "sv_uploadmax" = "0.5"
L 01/23/2020 - 12:05:46: Server cvar "sv_version" = "1.1.2.7/Stdio,48,1621"
L 01/23/2020 - 12:05:46: Server cvar "sv_voiceenable" = "1"
L 01/23/2020 - 12:05:46: Server cvar "sv_wateraccelerate" = "10"
L 01/23/2020 - 12:05:46: Server cvar "sv_waterfriction" = "1"
L 01/23/2020 - 12:05:46: Server cvar "Team_Semiclip_version" = "3.3.1"
L 01/23/2020 - 12:05:46: Server cvar "vehicle_real_killer" = "1.1"
L 01/23/2020 - 12:05:46: Server cvar "WalkGuard" = "1.3.2"
L 01/23/2020 - 12:05:46: Server cvar "we_grenades" = "Huehue"
L 01/23/2020 - 12:05:46: Server cvar "we_player_models" = "Huehue"
L 01/23/2020 - 12:05:46: Server cvar "whb_version" = "1.5.692"
L 01/23/2020 - 12:05:46: Server cvar "zp_jp_version" = "Extra Item Jetpack+Bazooka v3.2"
L 01/23/2020 - 12:05:46: Server cvars end
L 01/23/2020 - 12:05:49: Server cvar "sv_maxspeed" = "900"
L 01/23/2020 - 12:05:49: Server cvar "mp_autoteambalance" = "1"
L 01/23/2020 - 12:05:50: Server cvar "mp_autoteambalance" = "0"
L 01/23/2020 - 12:05:50: Server cvar "amx_nextmap" = "[not yet voted on]"
L 01/23/2020 - 12:05:51: Started map "motorway2" (CRC "-1354790355")
L 01/23/2020 - 12:05:53: World triggered "Round_Start"
L 01/23/2020 - 12:05:56: [REUNION]: lol (176.122.114.213) authorized as RevEmu
L 01/23/2020 - 12:05:56: "lol<54><STEAM_2:0:1214014100><>" connected, address "176.122.114.213:27005"
L 01/23/2020 - 12:05:58: [REUNION]: trepalko (141.136.10.131) authorized as RevEmu
L 01/23/2020 - 12:05:58: "trepalko<55><STEAM_1:1:621989572><>" connected, address "141.136.10.131:27005"
L 01/23/2020 - 12:06:01: "lol<54><STEAM_2:0:1214014100><>" entered the game
L 01/23/2020 - 12:06:04: "trepalko<55><STEAM_1:1:621989572><>" entered the game
L 01/23/2020 - 12:06:05: "lol<54><STEAM_2:0:1214014100><>" joined team "CT"
L 01/23/2020 - 12:06:09: "trepalko<55><STEAM_1:1:621989572><>" joined team "TERRORIST"
L 01/23/2020 - 12:06:10: World triggered "Game_Commencing"
L 01/23/2020 - 12:06:10: World triggered "Game_Commencing" (CT "0") (T "0")
L 01/23/2020 - 12:06:10: World triggered "Round_End"
L 01/23/2020 - 12:06:13: "trepalko<55><STEAM_1:1:621989572><TERRORIST>" triggered "Spawned_With_The_Bomb"
L 01/23/2020 - 12:06:14: World triggered "Round_Start"
L 01/23/2020 - 12:06:33: [REUNION]: JoHn_SpLeNdOuR_^ (83.222.176.81) authorized as RevEmu
L 01/23/2020 - 12:06:33: "JoHn_SpLeNdOuR_^<56><STEAM_2:1:233969738><>" connected, address "83.222.176.81:26265"
L 01/23/2020 - 12:06:36: [REUNION]: JoHn_SpLeNdOuR_^ (83.222.176.81) authorized as RevEmu
L 01/23/2020 - 12:06:36: "JoHn_SpLeNdOuR_^<57><STEAM_2:1:233969738><>" connected, address "83.222.176.81:26265"
L 01/23/2020 - 12:06:45: "JoHn_SpLeNdOuR_^<57><STEAM_2:1:233969738><>" entered the game
L 01/23/2020 - 12:07:40: "JoHn_SpLeNdOuR_^<57><STEAM_2:1:233969738><>" joined team "TERRORIST"
L 01/23/2020 - 12:07:44: "lol<54><STEAM_2:0:1214014100><CT>" killed "trepalko<55><STEAM_1:1:621989572><TERRORIST>" with "tracktrain"
L 01/23/2020 - 12:07:44: Team "CT" triggered "CTs_Win" (CT "1") (T "0")
L 01/23/2020 - 12:07:44: World triggered "Round_End"
L 01/23/2020 - 12:07:49: "trepalko<55><STEAM_1:1:621989572><TERRORIST>" triggered "Spawned_With_The_Bomb"
L 01/23/2020 - 12:07:50: World triggered "Round_Start"
L 01/23/2020 - 12:08:27: "trepalko<55><STEAM_1:1:621989572><TERRORIST>" killed "lol<54><STEAM_2:0:1214014100><CT>" with "usp"
L 01/23/2020 - 12:08:27: Team "TERRORIST" triggered "Terrorists_Win" (CT "1") (T "1")
L 01/23/2020 - 12:08:27: World triggered "Round_End"
L 01/23/2020 - 12:08:32: "JoHn_SpLeNdOuR_^<57><STEAM_2:1:233969738><TERRORIST>" triggered "Spawned_With_The_Bomb"
L 01/23/2020 - 12:08:33: World triggered "Round_Start"
L 01/23/2020 - 12:09:12: "JoHn_SpLeNdOuR_^<57><STEAM_2:1:233969738><TERRORIST>" killed "trepalko<55><STEAM_1:1:621989572><TERRORIST>" with "tracktrain"
L 01/23/2020 - 12:09:25: "JoHn_SpLeNdOuR_^<57><STEAM_2:1:233969738><TERRORIST>" killed "lol<54><STEAM_2:0:1214014100><CT>" with "famas"
L 01/23/2020 - 12:09:25: Team "TERRORIST" triggered "Terrorists_Win" (CT "1") (T "2")
L 01/23/2020 - 12:09:25: World triggered "Round_End"
L 01/23/2020 - 12:09:28: "JoHn_SpLeNdOuR_^<57><STEAM_2:1:233969738><TERRORIST>" committed suicide with "world"
L 01/23/2020 - 12:09:30: "trepalko<55><STEAM_1:1:621989572><TERRORIST>" triggered "Spawned_With_The_Bomb"
L 01/23/2020 - 12:09:31: World triggered "Round_Start"
L 01/23/2020 - 12:11:05: "JoHn_SpLeNdOuR_^<57><STEAM_2:1:233969738><TERRORIST>" killed "lol<54><STEAM_2:0:1214014100><CT>" with "ak47"
L 01/23/2020 - 12:11:05: Team "TERRORIST" triggered "Terrorists_Win" (CT "1") (T "3")
L 01/23/2020 - 12:11:05: World triggered "Round_End"
L 01/23/2020 - 12:11:10: "JoHn_SpLeNdOuR_^<57><STEAM_2:1:233969738><TERRORIST>" triggered "Spawned_With_The_Bomb"
L 01/23/2020 - 12:11:10: "trepalko<55><STEAM_1:1:621989572><TERRORIST>" committed suicide with "world"
L 01/23/2020 - 12:11:10: "trepalko<55><STEAM_1:1:621989572><TERRORIST>" joined team "CT"
L 01/23/2020 - 12:11:11: World triggered "Round_Start"
L 01/23/2020 - 12:11:31: "JoHn_SpLeNdOuR_^<57><STEAM_2:1:233969738><TERRORIST>" killed "lol<54><STEAM_2:0:1214014100><CT>" with "awp"
L 01/23/2020 - 12:11:31: Team "TERRORIST" triggered "Terrorists_Win" (CT "1") (T "4")
L 01/23/2020 - 12:11:31: World triggered "Round_End"
L 01/23/2020 - 12:11:36: "JoHn_SpLeNdOuR_^<57><STEAM_2:1:233969738><TERRORIST>" triggered "Spawned_With_The_Bomb"
L 01/23/2020 - 12:11:37: World triggered "Round_Start"
L 01/23/2020 - 12:11:56: "trepalko<55><STEAM_1:1:621989572><CT>" killed "JoHn_SpLeNdOuR_^<57><STEAM_2:1:233969738><TERRORIST>" with "awp"
L 01/23/2020 - 12:11:56: Team "CT" triggered "CTs_Win" (CT "2") (T "4")
L 01/23/2020 - 12:11:56: World triggered "Round_End"
L 01/23/2020 - 12:12:01: "JoHn_SpLeNdOuR_^<57><STEAM_2:1:233969738><TERRORIST>" triggered "Spawned_With_The_Bomb"
L 01/23/2020 - 12:12:02: World triggered "Round_Start"
L 01/23/2020 - 12:12:16: "trepalko<55><STEAM_1:1:621989572><CT>" killed "JoHn_SpLeNdOuR_^<57><STEAM_2:1:233969738><TERRORIST>" with "awp"
L 01/23/2020 - 12:12:16: Team "CT" triggered "CTs_Win" (CT "3") (T "4")
L 01/23/2020 - 12:12:16: World triggered "Round_End"
L 01/23/2020 - 12:12:21: "JoHn_SpLeNdOuR_^<57><STEAM_2:1:233969738><TERRORIST>" triggered "Spawned_With_The_Bomb"
L 01/23/2020 - 12:12:22: World triggered "Round_Start"
L 01/23/2020 - 12:12:42: "trepalko<55><STEAM_1:1:621989572><CT>" killed "JoHn_SpLeNdOuR_^<57><STEAM_2:1:233969738><TERRORIST>" with "awp"
L 01/23/2020 - 12:12:42: Team "CT" triggered "CTs_Win" (CT "4") (T "4")
L 01/23/2020 - 12:12:42: World triggered "Round_End"
L 01/23/2020 - 12:12:47: "JoHn_SpLeNdOuR_^<57><STEAM_2:1:233969738><TERRORIST>" triggered "Spawned_With_The_Bomb"
L 01/23/2020 - 12:12:48: World triggered "Round_Start"
L 01/23/2020 - 12:13:04: "JoHn_SpLeNdOuR_^<57><STEAM_2:1:233969738><TERRORIST>" killed "lol<54><STEAM_2:0:1214014100><CT>" with "awp"
L 01/23/2020 - 12:13:05: "trepalko<55><STEAM_1:1:621989572><CT>" killed "JoHn_SpLeNdOuR_^<57><STEAM_2:1:233969738><TERRORIST>" with "awp"
L 01/23/2020 - 12:13:05: Team "CT" triggered "CTs_Win" (CT "5") (T "4")
L 01/23/2020 - 12:13:05: World triggered "Round_End"
L 01/23/2020 - 12:13:10: "JoHn_SpLeNdOuR_^<57><STEAM_2:1:233969738><TERRORIST>" triggered "Spawned_With_The_Bomb"
L 01/23/2020 - 12:13:11: World triggered "Round_Start"
L 01/23/2020 - 12:14:04: "trepalko<55><STEAM_1:1:621989572><CT>" killed "JoHn_SpLeNdOuR_^<57><STEAM_2:1:233969738><TERRORIST>" with "awp"
L 01/23/2020 - 12:14:04: Team "CT" triggered "CTs_Win" (CT "6") (T "4")
L 01/23/2020 - 12:14:04: World triggered "Round_End"
L 01/23/2020 - 12:14:09: "JoHn_SpLeNdOuR_^<57><STEAM_2:1:233969738><TERRORIST>" triggered "Spawned_With_The_Bomb"
L 01/23/2020 - 12:14:10: World triggered "Round_Start"
L 01/23/2020 - 12:14:25: "JoHn_SpLeNdOuR_^<57><STEAM_2:1:233969738><TERRORIST>" killed "trepalko<55><STEAM_1:1:621989572><CT>" with "awp"
L 01/23/2020 - 12:14:30: "JoHn_SpLeNdOuR_^<57><STEAM_2:1:233969738><TERRORIST>" killed "lol<54><STEAM_2:0:1214014100><CT>" with "awp"
L 01/23/2020 - 12:14:30: Team "TERRORIST" triggered "Terrorists_Win" (CT "6") (T "5")
L 01/23/2020 - 12:14:30: World triggered "Round_End"
L 01/23/2020 - 12:14:35: "JoHn_SpLeNdOuR_^<57><STEAM_2:1:233969738><TERRORIST>" triggered "Spawned_With_The_Bomb"
L 01/23/2020 - 12:14:36: World triggered "Round_Start"
L 01/23/2020 - 12:14:59: "JoHn_SpLeNdOuR_^<57><STEAM_2:1:233969738><TERRORIST>" killed "lol<54><STEAM_2:0:1214014100><CT>" with "xm1014"
L 01/23/2020 - 12:15:16: "trepalko<55><STEAM_1:1:621989572><CT>" killed "JoHn_SpLeNdOuR_^<57><STEAM_2:1:233969738><TERRORIST>" with "xm1014"
L 01/23/2020 - 12:15:16: Team "CT" triggered "CTs_Win" (CT "7") (T "5")
L 01/23/2020 - 12:15:16: World triggered "Round_End"
L 01/23/2020 - 12:15:21: "JoHn_SpLeNdOuR_^<57><STEAM_2:1:233969738><TERRORIST>" triggered "Spawned_With_The_Bomb"
L 01/23/2020 - 12:15:22: World triggered "Round_Start"
L 01/23/2020 - 12:15:37: "lol<54><STEAM_2:0:1214014100><CT>" killed "trepalko<55><STEAM_1:1:621989572><CT>" with "tracktrain"
L 01/23/2020 - 12:15:43: "lol<54><STEAM_2:0:1214014100><CT>" killed "JoHn_SpLeNdOuR_^<57><STEAM_2:1:233969738><TERRORIST>" with "galil"
L 01/23/2020 - 12:15:43: Team "CT" triggered "CTs_Win" (CT "8") (T "5")
L 01/23/2020 - 12:15:43: World triggered "Round_End"
L 01/23/2020 - 12:15:48: "JoHn_SpLeNdOuR_^<57><STEAM_2:1:233969738><TERRORIST>" triggered "Spawned_With_The_Bomb"
L 01/23/2020 - 12:15:49: World triggered "Round_Start"
L 01/23/2020 - 12:16:01: "lol<54><STEAM_2:0:1214014100><CT>" killed "JoHn_SpLeNdOuR_^<57><STEAM_2:1:233969738><TERRORIST>" with "galil"
L 01/23/2020 - 12:16:01: Team "CT" triggered "CTs_Win" (CT "9") (T "5")
L 01/23/2020 - 12:16:01: World triggered "Round_End"
L 01/23/2020 - 12:16:04: "JoHn_SpLeNdOuR_^<57><STEAM_2:1:233969738><TERRORIST>" disconnected
L 01/23/2020 - 12:16:07: World triggered "Round_Start"
L 01/23/2020 - 12:16:17: [REUNION]: JoHn_SpLeNdOuR_^ (83.222.176.81) authorized as RevEmu
L 01/23/2020 - 12:16:17: "JoHn_SpLeNdOuR_^<58><STEAM_2:1:233969738><>" connected, address "83.222.176.81:26265"
L 01/23/2020 - 12:16:21: "JoHn_SpLeNdOuR_^<58><STEAM_2:1:233969738><>" entered the game
L 01/23/2020 - 12:16:24: "JoHn_SpLeNdOuR_^<58><STEAM_2:1:233969738><>" joined team "TERRORIST"
L 01/23/2020 - 12:16:24: "JoHn_SpLeNdOuR_^<58><STEAM_2:1:233969738><TERRORIST>" triggered "Spawned_With_The_Bomb"
L 01/23/2020 - 12:16:26: "trepalko<55><STEAM_1:1:621989572><CT>" killed "JoHn_SpLeNdOuR_^<58><STEAM_2:1:233969738><TERRORIST>" with "awp"
L 01/23/2020 - 12:16:26: Team "CT" triggered "CTs_Win" (CT "10") (T "5")
L 01/23/2020 - 12:16:26: World triggered "Round_End"
L 01/23/2020 - 12:16:31: "JoHn_SpLeNdOuR_^<58><STEAM_2:1:233969738><TERRORIST>" triggered "Spawned_With_The_Bomb"
L 01/23/2020 - 12:16:32: World triggered "Round_Start"
L 01/23/2020 - 12:17:10: "JoHn_SpLeNdOuR_^<58><STEAM_2:1:233969738><TERRORIST>" killed "lol<54><STEAM_2:0:1214014100><CT>" with "m249"
L 01/23/2020 - 12:17:24: "trepalko<55><STEAM_1:1:621989572><CT>" killed "JoHn_SpLeNdOuR_^<58><STEAM_2:1:233969738><TERRORIST>" with "m249"
L 01/23/2020 - 12:17:24: Team "CT" triggered "CTs_Win" (CT "11") (T "5")
L 01/23/2020 - 12:17:24: World triggered "Round_End"
L 01/23/2020 - 12:17:26: Kick: "JoHn_SpLeNdOuR_^<58><STEAM_2:1:233969738><>" was kicked by "Console" (message ""You have been Kicked for Spamming"")
L 01/23/2020 - 12:17:26: "JoHn_SpLeNdOuR_^<58><STEAM_2:1:233969738><TERRORIST>" disconnected
L 01/23/2020 - 12:17:30: World triggered "Round_Start"
L 01/23/2020 - 12:17:36: "trepalko<55><STEAM_1:1:621989572><CT>" committed suicide with "world"
L 01/23/2020 - 12:17:36: "trepalko<55><STEAM_1:1:621989572><CT>" joined team "TERRORIST"
L 01/23/2020 - 12:17:36: World triggered "Game_Commencing"
L 01/23/2020 - 12:17:36: World triggered "Game_Commencing" (CT "11") (T "5")
L 01/23/2020 - 12:17:36: World triggered "Round_End"
L 01/23/2020 - 12:17:39: "trepalko<55><STEAM_1:1:621989572><TERRORIST>" triggered "Spawned_With_The_Bomb"
L 01/23/2020 - 12:17:40: World triggered "Round_Start"
L 01/23/2020 - 12:18:22: "trepalko<55><STEAM_1:1:621989572><TERRORIST>" committed suicide with "tank"
L 01/23/2020 - 12:18:22: Team "CT" triggered "CTs_Win" (CT "1") (T "0")
L 01/23/2020 - 12:18:22: World triggered "Round_End"
L 01/23/2020 - 12:18:27: "trepalko<55><STEAM_1:1:621989572><TERRORIST>" triggered "Spawned_With_The_Bomb"
L 01/23/2020 - 12:18:28: "trepalko<55><STEAM_1:1:621989572><TERRORIST>" triggered "Dropped_The_Bomb"
L 01/23/2020 - 12:18:28: "trepalko<55><STEAM_1:1:621989572><TERRORIST>" disconnected
L 01/23/2020 - 12:18:28: World triggered "Round_Start"
L 01/23/2020 - 12:19:49: Server cvar "amx_nextmap" = "awesome_cars2"
L 01/23/2020 - 12:19:55: Server cvar "sv_maxspeed" = "0.000000"
L 01/23/2020 - 12:19:55: Server cvar "mp_friendlyfire" = "1"
L 01/23/2020 - 12:20:06: Server cvar "sv_maxspeed" = "900.000000"
L 01/23/2020 - 12:20:06: Server cvar "mp_friendlyfire" = "0"
L 01/23/2020 - 12:20:06: [META] ini: Begin re-reading plugins list: /home/rented/public9/cstrike/addons/metamod/plugins.ini
L 01/23/2020 - 12:20:06: [META] ini: Read plugin config for: SafeNameAndChat
L 01/23/2020 - 12:20:06: [META] ini: Read plugin config for: AMX Mod X
L 01/23/2020 - 12:20:06: [META] ini: Read plugin config for: Reunion
L 01/23/2020 - 12:20:06: [META] ini: Read plugin config for: ReAuthCheck
L 01/23/2020 - 12:20:06: [META] ini: Read plugin config for: WHBlocker
L 01/23/2020 - 12:20:06: [META] ini: Read plugin config for: ReSemiclip
L 01/23/2020 - 12:20:06: [META] ini: Read plugin config for: Revoice
L 01/23/2020 - 12:20:06: [META] ini: Finished reading plugins list: /home/rented/public9/cstrike/addons/metamod/plugins.ini; Found 7 plugins
L 01/23/2020 - 12:20:06: [META] dll: Updating plugins...
L 01/23/2020 - 12:20:06: [META] WARNING: Cannot clear plugin 'SafeNameAndChat'; not marked as failed, empty, or open (status=valid)
L 01/23/2020 - 12:20:06: [META] dll: Unloaded plugin 'SafeNameAndChat' for reason 'file on disk is newer'
L 01/23/2020 - 12:20:06: [META] dll: Loaded plugin 'SafeNameAndChat': SafeNameAndChat v1.1 2017.02.01, WPMG.PRoSToC0der
L 01/23/2020 - 12:20:06: [META] WARNING: Cannot clear plugin 'WHBlocker'; not marked as failed, empty, or open (status=valid)
L 01/23/2020 - 12:20:06: [META] dll: Unloaded plugin 'WHBlocker' for reason 'file on disk is newer'
L 01/23/2020 - 12:20:06: [META] dll: Loaded plugin 'WHBlocker': WHBlocker v1.5.692 2017-04-13, s1lent
L 01/23/2020 - 12:20:06: [META] WARNING: Cannot clear plugin 'ReSemiclip'; not marked as failed, empty, or open (status=valid)
L 01/23/2020 - 12:20:06: [META] dll: Unloaded plugin 'ReSemiclip' for reason 'file on disk is newer'
L 01/23/2020 - 12:20:06: [META] dll: Loaded plugin 'ReSemiclip': ReSemiclip v2.3.9 13/02/17, s1lent & Adidasman
L 01/23/2020 - 12:20:06: [META] dll: Finished updating 14 plugins; kept 0, loaded 0, unloaded 0, reloaded 3, delayed 0
L 01/23/2020 - 12:20:06: "lol<54><STEAM_2:0:1214014100><CT>" disconnected
L 01/23/2020 - 12:20:06: World triggered "Round_Draw" (CT "1") (T "0")
L 01/23/2020 - 12:20:06: World triggered "Round_End"
L 01/23/2020 - 12:20:06: Log file closed
