L 12/09/2019 - 17:03:19: Log file started (file "logs/L1209186.log") (game "cstrike") (version "48/1.1.2.7/Stdio/1621")
L 12/09/2019 - 17:03:19: Loading map "4_houses"
L 12/09/2019 - 17:03:19: Server cvars start
L 12/09/2019 - 17:03:19: Server cvar "@BunnyHopper" = "3.x"
L 12/09/2019 - 17:03:19: Server cvar "@CRXGoSpec" = "1.1"
L 12/09/2019 - 17:03:19: Server cvar "@CRXRemoveImmunity" = "1.0"
L 12/09/2019 - 17:03:19: Server cvar "@D.I.C.E." = "1.1"
L 12/09/2019 - 17:03:19: Server cvar "@MOTDCommands" = "1.2"
L 12/09/2019 - 17:03:19: Server cvar "advanced_quake_sounds" = "5.0"
L 12/09/2019 - 17:03:19: Server cvar "AdvancedMute" = "1.0"
L 12/09/2019 - 17:03:19: Server cvar "aesp_version" = "1.3"
L 12/09/2019 - 17:03:19: Server cvar "allow_spectators" = "1.0"
L 12/09/2019 - 17:03:19: Server cvar "amx_client_languages" = "1"
L 12/09/2019 - 17:03:19: Server cvar "amx_language" = "en"
L 12/09/2019 - 17:03:19: Server cvar "amx_nextmap" = "4_houses"
L 12/09/2019 - 17:03:19: Server cvar "amx_ptb_version" = "1.8b3"
L 12/09/2019 - 17:03:19: Server cvar "amx_timeleft" = "11:03"
L 12/09/2019 - 17:03:19: Server cvar "amxmodx_version" = "1.8.2"
L 12/09/2019 - 17:03:19: Server cvar "amxxbg_vip" = "1.0"
L 12/09/2019 - 17:03:19: Server cvar "asp_version" = "4.5.1"
L 12/09/2019 - 17:03:19: Server cvar "atac_version" = "3.0.1"
L 12/09/2019 - 17:03:19: Server cvar "badcamper_version" = "1.4 beta"
L 12/09/2019 - 17:03:19: Server cvar "blockmaker" = "4.01"
L 12/09/2019 - 17:03:19: Server cvar "c4 timer" = "1.1"
L 12/09/2019 - 17:03:19: Server cvar "coop" = "0"
L 12/09/2019 - 17:03:19: Server cvar "CRXAdminGroups" = "1.0"
L 12/09/2019 - 17:03:19: Server cvar "CRXCommandRestrictions" = "1.0"
L 12/09/2019 - 17:03:19: Server cvar "CRXFastKnife" = "1.0"
L 12/09/2019 - 17:03:19: Server cvar "CRXGametracker" = "2.0"
L 12/09/2019 - 17:03:19: Server cvar "CRXKnifeModels" = "2.5.7"
L 12/09/2019 - 17:03:19: Server cvar "CRXTeamAdvantage" = "1.0"
L 12/09/2019 - 17:03:19: Server cvar "CustomShop" = "4.2"
L 12/09/2019 - 17:03:19: Server cvar "deathmatch" = "1"
L 12/09/2019 - 17:03:19: Server cvar "decalfrequency" = "0"
L 12/09/2019 - 17:03:19: Server cvar "edgefriction" = "2"
L 12/09/2019 - 17:03:19: Server cvar "ers_version" = "2.3c"
L 12/09/2019 - 17:03:19: Server cvar "gagsystem_shoko" = "1.0"
L 12/09/2019 - 17:03:19: Server cvar "gal_mapcyclefile" = "mapcycle.txt"
L 12/09/2019 - 17:03:19: Server cvar "gal_version" = "v5.9.1-926"
L 12/09/2019 - 17:03:19: Server cvar "game_version" = "5.7.0.313-dev"
L 12/09/2019 - 17:03:19: Server cvar "humans_join_team" = "any"
L 12/09/2019 - 17:03:19: Server cvar "jtp10181" = "chute,gore"
L 12/09/2019 - 17:03:19: Server cvar "lawliet" = "ny_RainingSnow"
L 12/09/2019 - 17:03:19: Server cvar "LetitSnow" = "1.0"
L 12/09/2019 - 17:03:19: Server cvar "map_spawns" = "T(16) CT(16)"
L 12/09/2019 - 17:03:19: Server cvar "max_queries_sec" = "3"
L 12/09/2019 - 17:03:19: Server cvar "max_queries_sec_global" = "150"
L 12/09/2019 - 17:03:19: Server cvar "max_queries_window" = "60"
L 12/09/2019 - 17:03:19: Server cvar "mdbBans" = "4.8"
L 12/09/2019 - 17:03:19: Server cvar "metamod_version" = "1.21p37"
L 12/09/2019 - 17:03:19: Server cvar "mp_autokick" = "0"
L 12/09/2019 - 17:03:19: Server cvar "mp_autokick_timeout" = "-1"
L 12/09/2019 - 17:03:19: Server cvar "mp_autoteambalance" = "0"
L 12/09/2019 - 17:03:19: Server cvar "mp_buytime" = "0.25"
L 12/09/2019 - 17:03:19: Server cvar "mp_c4timer" = "35"
L 12/09/2019 - 17:03:19: Server cvar "mp_chattime" = "10.000000"
L 12/09/2019 - 17:03:19: Server cvar "mp_consistency" = "1"
L 12/09/2019 - 17:03:19: Server cvar "mp_fadetoblack" = "0"
L 12/09/2019 - 17:03:19: Server cvar "mp_flashlight" = "1"
L 12/09/2019 - 17:03:19: Server cvar "mp_footsteps" = "1"
L 12/09/2019 - 17:03:19: Server cvar "mp_forcecamera" = "0"
L 12/09/2019 - 17:03:19: Server cvar "mp_forcechasecam" = "0"
L 12/09/2019 - 17:03:19: Server cvar "mp_forcerespawn" = "0"
L 12/09/2019 - 17:03:19: Server cvar "mp_fraglimit" = "0"
L 12/09/2019 - 17:03:19: Server cvar "mp_fragsleft" = "0"
L 12/09/2019 - 17:03:19: Server cvar "mp_freeforall" = "0"
L 12/09/2019 - 17:03:19: Server cvar "mp_freezetime" = "1"
L 12/09/2019 - 17:03:19: Server cvar "mp_friendlyfire" = "0"
L 12/09/2019 - 17:03:19: Server cvar "mp_hostage_hurtable" = "1"
L 12/09/2019 - 17:03:19: Server cvar "mp_hostagepenalty" = "0"
L 12/09/2019 - 17:03:19: Server cvar "mp_item_staytime" = "300"
L 12/09/2019 - 17:03:19: Server cvar "mp_kickpercent" = "0.66"
L 12/09/2019 - 17:03:19: Server cvar "mp_legacy_bombtarget_touch" = "1"
L 12/09/2019 - 17:03:19: Server cvar "mp_limitteams" = "0"
L 12/09/2019 - 17:03:19: Server cvar "mp_logdetail" = "0"
L 12/09/2019 - 17:03:19: Server cvar "mp_logfile" = "1"
L 12/09/2019 - 17:03:19: Server cvar "mp_logmessages" = "1"
L 12/09/2019 - 17:03:19: Server cvar "mp_mapvoteratio" = "0.66"
L 12/09/2019 - 17:03:19: Server cvar "mp_maxmoney" = "999999"
L 12/09/2019 - 17:03:19: Server cvar "mp_maxrounds" = "0"
L 12/09/2019 - 17:03:19: Server cvar "mp_mirrordamage" = "0"
L 12/09/2019 - 17:03:19: Server cvar "mp_old_bomb_defused_sound" = "1"
L 12/09/2019 - 17:03:19: Server cvar "mp_playerid" = "0"
L 12/09/2019 - 17:03:19: Server cvar "mp_respawn_immunitytime" = "0"
L 12/09/2019 - 17:03:19: Server cvar "mp_round_infinite" = "0"
L 12/09/2019 - 17:03:19: Server cvar "mp_round_restart_delay" = "5"
L 12/09/2019 - 17:03:19: Server cvar "mp_roundover" = "0"
L 12/09/2019 - 17:03:19: Server cvar "mp_roundtime" = "2.3"
L 12/09/2019 - 17:03:19: Server cvar "mp_show_radioicon" = "1"
L 12/09/2019 - 17:03:19: Server cvar "mp_startmoney" = "850"
L 12/09/2019 - 17:03:19: Server cvar "mp_timeleft" = "11:03"
L 12/09/2019 - 17:03:19: Server cvar "mp_timelimit" = "20"
L 12/09/2019 - 17:03:19: Server cvar "mp_tkpunish" = "0"
L 12/09/2019 - 17:03:19: Server cvar "mp_windifference" = "1"
L 12/09/2019 - 17:03:19: Server cvar "mp_winlimit" = "0"
L 12/09/2019 - 17:03:19: Server cvar "NoWeaponsOnGround" = "1.0"
L 12/09/2019 - 17:03:19: Server cvar "pausable" = "0"
L 12/09/2019 - 17:03:19: Server cvar "present_version" = "2.01"
L 12/09/2019 - 17:03:19: Server cvar "RandomHP" = "2.2"
L 12/09/2019 - 17:03:19: Server cvar "reauthcheck_version" = "0.1.6"
L 12/09/2019 - 17:03:19: Server cvar "reconnect_features" = "0.3.1"
L 12/09/2019 - 17:03:19: Server cvar "report_system_version" = "3.1"
L 12/09/2019 - 17:03:19: Server cvar "resemiclip_version" = "2.3.9"
L 12/09/2019 - 17:03:19: Server cvar "reu_version" = "0.1.0.130"
L 12/09/2019 - 17:03:19: Server cvar "revoice_version" = "0.1.0.30"
L 12/09/2019 - 17:03:19: Server cvar "RRWM" = "2.0"
L 12/09/2019 - 17:03:19: Server cvar "sanksounds_version" = "1.8.6"
L 12/09/2019 - 17:03:19: Server cvar "SimpleMenu" = "1.1"
L 12/09/2019 - 17:03:19: Server cvar "SNAC_Version" = "1.1"
L 12/09/2019 - 17:03:19: Server cvar "SpecList" = "1.2a"
L 12/09/2019 - 17:03:19: Server cvar "sr_version" = "1.6"
L 12/09/2019 - 17:03:19: Server cvar "statsx_shell_ver" = "2.0.0 (BETA)"
L 12/09/2019 - 17:03:19: Server cvar "StyleC4Timer" = "2.1"
L 12/09/2019 - 17:03:19: Server cvar "sv_accelerate" = "5"
L 12/09/2019 - 17:03:19: Server cvar "sv_aim" = "1"
L 12/09/2019 - 17:03:19: Server cvar "sv_airaccelerate" = "100"
L 12/09/2019 - 17:03:19: Server cvar "sv_allowupload" = "1"
L 12/09/2019 - 17:03:19: Server cvar "sv_alltalk" = "1"
L 12/09/2019 - 17:03:19: Server cvar "sv_bounce" = "1"
L 12/09/2019 - 17:03:19: Server cvar "sv_cheats" = "0"
L 12/09/2019 - 17:03:19: Server cvar "sv_clienttrace" = "1"
L 12/09/2019 - 17:03:19: Server cvar "sv_contact" = "feruchio599@gmail.com"
L 12/09/2019 - 17:03:19: Server cvar "sv_friction" = "4"
L 12/09/2019 - 17:03:19: Server cvar "sv_gravity" = "800"
L 12/09/2019 - 17:03:19: Server cvar "sv_logblocks" = "0"
L 12/09/2019 - 17:03:19: Server cvar "sv_maxrate" = "50000"
L 12/09/2019 - 17:03:19: Server cvar "sv_maxspeed" = "900.000000"
L 12/09/2019 - 17:03:19: Server cvar "sv_minrate" = "10000"
L 12/09/2019 - 17:03:19: Server cvar "sv_password" = ""
L 12/09/2019 - 17:03:19: Server cvar "sv_proxies" = "1"
L 12/09/2019 - 17:03:19: Server cvar "sv_restart" = "0"
L 12/09/2019 - 17:03:19: Server cvar "sv_restartround" = "0"
L 12/09/2019 - 17:03:19: Server cvar "sv_stepsize" = "18"
L 12/09/2019 - 17:03:19: Server cvar "sv_stopspeed" = "75"
L 12/09/2019 - 17:03:19: Server cvar "sv_uploadmax" = "0.5"
L 12/09/2019 - 17:03:19: Server cvar "sv_version" = "1.1.2.7/Stdio,48,1621"
L 12/09/2019 - 17:03:19: Server cvar "sv_voiceenable" = "1"
L 12/09/2019 - 17:03:19: Server cvar "sv_wateraccelerate" = "10"
L 12/09/2019 - 17:03:19: Server cvar "sv_waterfriction" = "1"
L 12/09/2019 - 17:03:19: Server cvar "Team_Semiclip_version" = "3.3.1"
L 12/09/2019 - 17:03:19: Server cvar "vehicle_real_killer" = "1.1"
L 12/09/2019 - 17:03:19: Server cvar "WalkGuard" = "1.3.2"
L 12/09/2019 - 17:03:19: Server cvar "we_grenades" = "Huehue"
L 12/09/2019 - 17:03:19: Server cvar "we_player_models" = "Huehue"
L 12/09/2019 - 17:03:19: Server cvar "whb_version" = "1.5.692"
L 12/09/2019 - 17:03:19: Server cvar "zp_jp_version" = "Extra Item Jetpack+Bazooka v3.2"
L 12/09/2019 - 17:03:19: Server cvars end
L 12/09/2019 - 17:03:22: Server cvar "sv_maxspeed" = "900"
L 12/09/2019 - 17:03:22: Server cvar "mp_autoteambalance" = "1"
L 12/09/2019 - 17:03:22: Server cvar "mp_autoteambalance" = "0"
L 12/09/2019 - 17:03:22: Server cvar "amx_nextmap" = "[not yet voted on]"
L 12/09/2019 - 17:03:23: Started map "4_houses" (CRC "451486053")
L 12/09/2019 - 17:03:25: World triggered "Round_Start"
L 12/09/2019 - 17:03:33: "Shooooooter<14><STEAM_1:0:701963888><>" entered the game
L 12/09/2019 - 17:03:35: "Shooooooter<14><STEAM_1:0:701963888><>" joined team "TERRORIST"
L 12/09/2019 - 17:05:41: "Shooooooter<14><STEAM_1:0:701963888><TERRORIST>" committed suicide with "world"
L 12/09/2019 - 17:05:41: World triggered "Round_Draw" (CT "0") (T "0")
L 12/09/2019 - 17:05:41: World triggered "Round_End"
L 12/09/2019 - 17:05:47: World triggered "Round_Start"
L 12/09/2019 - 17:06:05: "Shooooooter<14><STEAM_1:0:701963888><TERRORIST>" committed suicide with "world"
L 12/09/2019 - 17:06:05: World triggered "Round_Draw" (CT "0") (T "0")
L 12/09/2019 - 17:06:05: World triggered "Round_End"
L 12/09/2019 - 17:06:06: "Shooooooter<14><STEAM_1:0:701963888><TERRORIST>" joined team "SPECTATOR"
L 12/09/2019 - 17:06:11: World triggered "Round_Start"
L 12/09/2019 - 17:18:54: [REUNION]: IP 193.42.110.171 banned for 10 minutes for query flooding (PPS: 327)
L 12/09/2019 - 17:22:52: Server cvar "mp_timelimit" = "0.000000"
L 12/09/2019 - 17:23:19: [REUNION]: чикибамхан (85.192.188.142) authorized as RevEmu
L 12/09/2019 - 17:23:19: "чикибамхан<15><STEAM_2:0:983141318><>" connected, address "85.192.188.142:4109"
L 12/09/2019 - 17:23:24: [REUNION]: чикибамхан (85.192.188.142) authorized as RevEmu
L 12/09/2019 - 17:23:24: "чикибамхан<16><STEAM_2:0:983141318><>" connected, address "85.192.188.142:4109"
L 12/09/2019 - 17:23:36: "чикибамхан<16><STEAM_2:0:983141318><>" entered the game
L 12/09/2019 - 17:23:40: "чикибамхан<16><STEAM_2:0:983141318><>" joined team "TERRORIST"
L 12/09/2019 - 17:24:23: "Shooooooter<14><STEAM_1:0:701963888><SPECTATOR>" joined team "CT"
L 12/09/2019 - 17:24:23: World triggered "Game_Commencing"
L 12/09/2019 - 17:24:23: World triggered "Game_Commencing" (CT "0") (T "0")
L 12/09/2019 - 17:24:23: World triggered "Round_End"
L 12/09/2019 - 17:24:27: World triggered "Round_Start"
L 12/09/2019 - 17:24:28: Server cvar "mp_timelimit" = "20.000000"
L 12/09/2019 - 17:24:33: "чикибамхан<16><STEAM_2:0:983141318><TERRORIST>" disconnected
L 12/09/2019 - 17:26:05: "Shooooooter<14><STEAM_1:0:701963888><CT>" committed suicide with "world"
L 12/09/2019 - 17:26:05: World triggered "Round_Draw" (CT "0") (T "0")
L 12/09/2019 - 17:26:05: World triggered "Round_End"
L 12/09/2019 - 17:26:05: "Shooooooter<14><STEAM_1:0:701963888><CT>" joined team "SPECTATOR"
L 12/09/2019 - 17:26:11: World triggered "Round_Start"
L 12/09/2019 - 17:26:15: "Shooooooter<14><STEAM_1:0:701963888><SPECTATOR>" joined team "TERRORIST"
L 12/09/2019 - 17:26:55: "Shooooooter<14><STEAM_1:0:701963888><TERRORIST>" changed name to "Shocker"
L 12/09/2019 - 17:28:29: "Shocker<14><STEAM_1:0:701963888><TERRORIST>" committed suicide with "world"
L 12/09/2019 - 17:28:29: World triggered "Round_Draw" (CT "0") (T "0")
L 12/09/2019 - 17:28:29: World triggered "Round_End"
L 12/09/2019 - 17:28:35: World triggered "Round_Start"
L 12/09/2019 - 17:29:20: "Shocker<14><STEAM_1:0:701963888><TERRORIST>" committed suicide with "world"
L 12/09/2019 - 17:29:20: World triggered "Round_Draw" (CT "0") (T "0")
L 12/09/2019 - 17:29:20: World triggered "Round_End"
L 12/09/2019 - 17:29:20: "Shocker<14><STEAM_1:0:701963888><TERRORIST>" joined team "SPECTATOR"
L 12/09/2019 - 17:29:26: World triggered "Round_Start"
L 12/09/2019 - 17:33:19: "sh1ke<17><STEAM_0:0:197790604><>" connected, address "46.135.32.162:5153"
L 12/09/2019 - 17:33:19: "sh1ke<17><STEAM_0:0:197790604><>" STEAM USERID validated
L 12/09/2019 - 17:33:30: "sh1ke<17><STEAM_0:0:197790604><>" entered the game
L 12/09/2019 - 17:33:32: "sh1ke<17><STEAM_0:0:197790604><>" joined team "TERRORIST"
L 12/09/2019 - 17:33:43: "sh1ke<17><STEAM_0:0:197790604><TERRORIST>" changed name to "*Wazz*"
L 12/09/2019 - 17:33:55: "*Wazz*<17><STEAM_0:0:197790604><TERRORIST>" disconnected
L 12/09/2019 - 17:33:55: World triggered "Round_Draw" (CT "0") (T "0")
L 12/09/2019 - 17:33:55: World triggered "Round_End"
L 12/09/2019 - 17:34:01: World triggered "Round_Start"
L 12/09/2019 - 17:34:51: Server cvar "amx_nextmap" = "awp_snowfun2"
L 12/09/2019 - 17:36:02: [REUNION]: IP 193.42.110.171 banned for 10 minutes for query flooding (PPS: 335)
L 12/09/2019 - 17:40:45: [REUNION]: Georgi Rakovski (94.156.166.26) authorized as RevEmu
L 12/09/2019 - 17:40:45: "Georgi Rakovski<18><STEAM_2:1:271581764><>" connected, address "94.156.166.26:27005"
L 12/09/2019 - 17:41:30: [REUNION]: Georgi Rakovski (94.156.166.26) authorized as RevEmu
L 12/09/2019 - 17:41:30: "Georgi Rakovski<19><STEAM_2:1:271581764><>" connected, address "94.156.166.26:27005"
L 12/09/2019 - 17:42:05: "Georgi Rakovski<19><STEAM_2:1:271581764><>" entered the game
L 12/09/2019 - 17:42:07: "Georgi Rakovski<19><STEAM_2:1:271581764><>" joined team "TERRORIST"
L 12/09/2019 - 17:42:31: "Shocker<14><STEAM_1:0:701963888><SPECTATOR>" joined team "CT"
L 12/09/2019 - 17:42:50: [REUNION]: plamen (77.85.246.51) authorized as RevEmu
L 12/09/2019 - 17:42:50: "plamen<20><STEAM_1:1:876199173><>" connected, address "77.85.246.51:27005"
L 12/09/2019 - 17:42:50: World triggered "Game_Commencing"
L 12/09/2019 - 17:42:50: World triggered "Game_Commencing" (CT "0") (T "0")
L 12/09/2019 - 17:42:50: World triggered "Round_End"
L 12/09/2019 - 17:42:54: World triggered "Round_Start"
L 12/09/2019 - 17:42:56: [REUNION]: Vichi THE amale (77.76.188.199) authorized as RevEmu
L 12/09/2019 - 17:42:56: "Vichi THE amale<21><STEAM_1:0:2124732892><>" connected, address "77.76.188.199:27005"
L 12/09/2019 - 17:43:13: "Georgi Rakovski<19><STEAM_2:1:271581764><TERRORIST>" killed "Shocker<14><STEAM_1:0:701963888><CT>" with "glock18"
L 12/09/2019 - 17:43:13: Team "TERRORIST" triggered "Terrorists_Win" (CT "0") (T "1")
L 12/09/2019 - 17:43:13: World triggered "Round_End"
L 12/09/2019 - 17:43:14: [REUNION]: plamen (77.85.246.51) authorized as RevEmu
L 12/09/2019 - 17:43:14: "plamen<22><STEAM_1:1:876199173><>" connected, address "77.85.246.51:27005"
L 12/09/2019 - 17:43:19: World triggered "Round_Start"
L 12/09/2019 - 17:43:24: "Georgi Rakovski<19><STEAM_2:1:271581764><TERRORIST>" killed "Shocker<14><STEAM_1:0:701963888><CT>" with "ak47"
L 12/09/2019 - 17:43:24: Team "TERRORIST" triggered "Terrorists_Win" (CT "0") (T "2")
L 12/09/2019 - 17:43:24: World triggered "Round_End"
L 12/09/2019 - 17:43:30: World triggered "Round_Start"
L 12/09/2019 - 17:43:45: "Georgi Rakovski<19><STEAM_2:1:271581764><TERRORIST>" killed "Shocker<14><STEAM_1:0:701963888><CT>" with "ak47"
L 12/09/2019 - 17:43:45: Team "TERRORIST" triggered "Terrorists_Win" (CT "0") (T "3")
L 12/09/2019 - 17:43:45: World triggered "Round_End"
L 12/09/2019 - 17:43:51: World triggered "Round_Start"
L 12/09/2019 - 17:43:54: "plamen<22><STEAM_1:1:876199173><>" entered the game
L 12/09/2019 - 17:44:06: "plamen<22><STEAM_1:1:876199173><>" joined team "CT"
L 12/09/2019 - 17:44:08: "Shocker<14><STEAM_1:0:701963888><CT>" killed "Georgi Rakovski<19><STEAM_2:1:271581764><TERRORIST>" with "m4a1"
L 12/09/2019 - 17:44:08: Team "CT" triggered "CTs_Win" (CT "1") (T "3")
L 12/09/2019 - 17:44:08: World triggered "Round_End"
L 12/09/2019 - 17:44:14: World triggered "Round_Start"
L 12/09/2019 - 17:44:22: [REUNION]: Vichi THE amale (77.76.188.199) authorized as RevEmu
L 12/09/2019 - 17:44:22: "Vichi THE amale<23><STEAM_1:0:2124732892><>" connected, address "77.76.188.199:27005"
L 12/09/2019 - 17:44:32: "Georgi Rakovski<19><STEAM_2:1:271581764><TERRORIST>" killed "Shocker<14><STEAM_1:0:701963888><CT>" with "ak47"
L 12/09/2019 - 17:44:41: "Georgi Rakovski<19><STEAM_2:1:271581764><TERRORIST>" killed "plamen<22><STEAM_1:1:876199173><CT>" with "ak47"
L 12/09/2019 - 17:44:41: Team "TERRORIST" triggered "Terrorists_Win" (CT "1") (T "4")
L 12/09/2019 - 17:44:41: World triggered "Round_End"
L 12/09/2019 - 17:44:47: World triggered "Round_Start"
L 12/09/2019 - 17:45:05: "Shocker<14><STEAM_1:0:701963888><CT>" killed "Georgi Rakovski<19><STEAM_2:1:271581764><TERRORIST>" with "m4a1"
L 12/09/2019 - 17:45:05: Team "CT" triggered "CTs_Win" (CT "2") (T "4")
L 12/09/2019 - 17:45:05: World triggered "Round_End"
L 12/09/2019 - 17:45:11: World triggered "Round_Start"
L 12/09/2019 - 17:45:15: "Georgi Rakovski<19><STEAM_2:1:271581764><TERRORIST>" killed "Shocker<14><STEAM_1:0:701963888><CT>" with "ak47"
L 12/09/2019 - 17:45:18: "plamen<22><STEAM_1:1:876199173><CT>" killed "Georgi Rakovski<19><STEAM_2:1:271581764><TERRORIST>" with "m4a1"
L 12/09/2019 - 17:45:18: Team "CT" triggered "CTs_Win" (CT "3") (T "4")
L 12/09/2019 - 17:45:18: World triggered "Round_End"
L 12/09/2019 - 17:45:24: World triggered "Round_Start"
L 12/09/2019 - 17:45:31: "Vichi THE amale<23><STEAM_1:0:2124732892><>" entered the game
L 12/09/2019 - 17:45:32: "Shocker<14><STEAM_1:0:701963888><CT>" killed "Georgi Rakovski<19><STEAM_2:1:271581764><TERRORIST>" with "ak47"
L 12/09/2019 - 17:45:32: Team "CT" triggered "CTs_Win" (CT "4") (T "4")
L 12/09/2019 - 17:45:32: World triggered "Round_End"
L 12/09/2019 - 17:45:37: "Shocker<14><STEAM_1:0:701963888><CT>" joined team "TERRORIST"
L 12/09/2019 - 17:45:37: "<><><>" triggered "amx_chat" (text "[PTB] Transfered Shocker to TERRORIST")
L 12/09/2019 - 17:45:37: "Vichi THE amale<23><STEAM_1:0:2124732892><>" joined team "TERRORIST"
L 12/09/2019 - 17:45:38: World triggered "Round_Start"
L 12/09/2019 - 17:45:41: "Vichi THE amale<23><STEAM_1:0:2124732892><TERRORIST>" committed suicide with "world"
L 12/09/2019 - 17:45:41: "Vichi THE amale<23><STEAM_1:0:2124732892><TERRORIST>" joined team "CT"
L 12/09/2019 - 17:45:51: "Shocker<14><STEAM_1:0:701963888><TERRORIST>" killed "plamen<22><STEAM_1:1:876199173><CT>" with "deagle"
L 12/09/2019 - 17:45:51: Team "TERRORIST" triggered "Terrorists_Win" (CT "4") (T "5")
L 12/09/2019 - 17:45:51: World triggered "Round_End"
L 12/09/2019 - 17:45:56: "Georgi Rakovski<19><STEAM_2:1:271581764><TERRORIST>" joined team "CT"
L 12/09/2019 - 17:45:56: "<><><>" triggered "amx_chat" (text "[PTB] Transfered Georgi Rakovski to CT")
L 12/09/2019 - 17:45:57: World triggered "Round_Start"
L 12/09/2019 - 17:46:05: "plamen<22><STEAM_1:1:876199173><CT>" killed "Shocker<14><STEAM_1:0:701963888><TERRORIST>" with "m4a1"
L 12/09/2019 - 17:46:05: Team "CT" triggered "CTs_Win" (CT "5") (T "5")
L 12/09/2019 - 17:46:05: World triggered "Round_End"
L 12/09/2019 - 17:46:09: "plamen<22><STEAM_1:1:876199173><CT>" joined team "TERRORIST"
L 12/09/2019 - 17:46:09: "<><><>" triggered "amx_chat" (text "[PTB] Transfered plamen to TERRORIST")
L 12/09/2019 - 17:46:11: World triggered "Round_Start"
L 12/09/2019 - 17:46:20: [REUNION]: Trump (185.7.218.146) authorized as RevEmu
L 12/09/2019 - 17:46:20: "Trump<24><STEAM_1:0:436762595><>" connected, address "185.7.218.146:27005"
L 12/09/2019 - 17:46:20: "plamen<22><STEAM_1:1:876199173><TERRORIST>" killed "Vichi THE amale<23><STEAM_1:0:2124732892><CT>" with "m4a1"
L 12/09/2019 - 17:46:21: "Shocker<14><STEAM_1:0:701963888><TERRORIST>" killed "Georgi Rakovski<19><STEAM_2:1:271581764><CT>" with "ak47"
L 12/09/2019 - 17:46:21: Team "TERRORIST" triggered "Terrorists_Win" (CT "5") (T "6")
L 12/09/2019 - 17:46:21: World triggered "Round_End"
L 12/09/2019 - 17:46:22: [REUNION]: Trump (185.7.218.146) authorized as RevEmu
L 12/09/2019 - 17:46:22: "Trump<25><STEAM_1:0:436762595><>" connected, address "185.7.218.146:27005"
L 12/09/2019 - 17:46:27: World triggered "Round_Start"
L 12/09/2019 - 17:46:29: "Trump<25><STEAM_1:0:436762595><>" entered the game
L 12/09/2019 - 17:46:32: "Trump<25><STEAM_1:0:436762595><>" joined team "TERRORIST"
L 12/09/2019 - 17:46:33: "plamen<22><STEAM_1:1:876199173><TERRORIST>" killed "Georgi Rakovski<19><STEAM_2:1:271581764><CT>" with "m4a1"
L 12/09/2019 - 17:46:41: "Shocker<14><STEAM_1:0:701963888><TERRORIST>" killed "Vichi THE amale<23><STEAM_1:0:2124732892><CT>" with "ak47"
L 12/09/2019 - 17:46:41: Team "TERRORIST" triggered "Terrorists_Win" (CT "5") (T "7")
L 12/09/2019 - 17:46:41: World triggered "Round_End"
L 12/09/2019 - 17:46:44: "plamen<22><STEAM_1:1:876199173><TERRORIST>" committed suicide with "world"
L 12/09/2019 - 17:46:44: "plamen<22><STEAM_1:1:876199173><TERRORIST>" joined team "CT"
L 12/09/2019 - 17:46:45: "Georgi Rakovski<19><STEAM_2:1:271581764><CT>" joined team "TERRORIST"
L 12/09/2019 - 17:46:45: "<><><>" triggered "amx_chat" (text "[PTB] Transfered Georgi Rakovski to TERRORIST")
L 12/09/2019 - 17:46:47: World triggered "Round_Start"
L 12/09/2019 - 17:46:55: "Georgi Rakovski<19><STEAM_2:1:271581764><TERRORIST>" killed "Vichi THE amale<23><STEAM_1:0:2124732892><CT>" with "ak47"
L 12/09/2019 - 17:46:56: "Shocker<14><STEAM_1:0:701963888><TERRORIST>" killed "plamen<22><STEAM_1:1:876199173><CT>" with "ak47"
L 12/09/2019 - 17:46:56: Team "TERRORIST" triggered "Terrorists_Win" (CT "5") (T "8")
L 12/09/2019 - 17:46:56: World triggered "Round_End"
L 12/09/2019 - 17:47:00: "Shocker<14><STEAM_1:0:701963888><TERRORIST>" joined team "CT"
L 12/09/2019 - 17:47:00: "<><><>" triggered "amx_chat" (text "[PTB] Transfered Shocker to CT")
L 12/09/2019 - 17:47:02: World triggered "Round_Start"
L 12/09/2019 - 17:47:12: "Vichi THE amale<23><STEAM_1:0:2124732892><CT>" killed "Georgi Rakovski<19><STEAM_2:1:271581764><TERRORIST>" with "scout"
L 12/09/2019 - 17:47:21: "Trump<25><STEAM_1:0:436762595><TERRORIST>" killed "Shocker<14><STEAM_1:0:701963888><CT>" with "ak47"
L 12/09/2019 - 17:47:25: "plamen<22><STEAM_1:1:876199173><CT>" killed "Trump<25><STEAM_1:0:436762595><TERRORIST>" with "m4a1"
L 12/09/2019 - 17:47:25: Team "CT" triggered "CTs_Win" (CT "6") (T "8")
L 12/09/2019 - 17:47:25: World triggered "Round_End"
L 12/09/2019 - 17:47:30: "Vichi THE amale<23><STEAM_1:0:2124732892><CT>" joined team "TERRORIST"
L 12/09/2019 - 17:47:30: "<><><>" triggered "amx_chat" (text "[PTB] Transfered Vichi THE amale to TERRORIST")
L 12/09/2019 - 17:47:31: World triggered "Round_Start"
L 12/09/2019 - 17:47:35: "plamen<22><STEAM_1:1:876199173><CT>" killed "Georgi Rakovski<19><STEAM_2:1:271581764><TERRORIST>" with "m4a1"
L 12/09/2019 - 17:47:36: "Vichi THE amale<23><STEAM_1:0:2124732892><TERRORIST>" killed "plamen<22><STEAM_1:1:876199173><CT>" with "scout"
L 12/09/2019 - 17:47:42: "Shocker<14><STEAM_1:0:701963888><CT>" killed "Trump<25><STEAM_1:0:436762595><TERRORIST>" with "m4a1"
L 12/09/2019 - 17:47:42: "Vichi THE amale<23><STEAM_1:0:2124732892><TERRORIST>" committed suicide with "world"
L 12/09/2019 - 17:47:42: Team "CT" triggered "CTs_Win" (CT "7") (T "8")
L 12/09/2019 - 17:47:42: World triggered "Round_End"
L 12/09/2019 - 17:47:42: "Vichi THE amale<23><STEAM_1:0:2124732892><TERRORIST>" joined team "CT"
L 12/09/2019 - 17:47:47: "plamen<22><STEAM_1:1:876199173><CT>" joined team "TERRORIST"
L 12/09/2019 - 17:47:47: "<><><>" triggered "amx_chat" (text "[PTB] Transfered plamen to TERRORIST")
L 12/09/2019 - 17:47:48: World triggered "Round_Start"
L 12/09/2019 - 17:47:56: "Shocker<14><STEAM_1:0:701963888><CT>" killed "plamen<22><STEAM_1:1:876199173><TERRORIST>" with "m4a1"
L 12/09/2019 - 17:48:01: "Trump<25><STEAM_1:0:436762595><TERRORIST>" killed "Vichi THE amale<23><STEAM_1:0:2124732892><CT>" with "ak47"
L 12/09/2019 - 17:48:05: "Georgi Rakovski<19><STEAM_2:1:271581764><TERRORIST>" killed "Shocker<14><STEAM_1:0:701963888><CT>" with "ak47"
L 12/09/2019 - 17:48:05: Team "TERRORIST" triggered "Terrorists_Win" (CT "7") (T "9")
L 12/09/2019 - 17:48:05: World triggered "Round_End"
L 12/09/2019 - 17:48:10: "Georgi Rakovski<19><STEAM_2:1:271581764><TERRORIST>" joined team "CT"
L 12/09/2019 - 17:48:10: "<><><>" triggered "amx_chat" (text "[PTB] Transfered Georgi Rakovski to CT")
L 12/09/2019 - 17:48:11: World triggered "Round_Start"
L 12/09/2019 - 17:48:20: "Georgi Rakovski<19><STEAM_2:1:271581764><CT>" killed "Trump<25><STEAM_1:0:436762595><TERRORIST>" with "ak47"
L 12/09/2019 - 17:48:21: "Georgi Rakovski<19><STEAM_2:1:271581764><CT>" killed "plamen<22><STEAM_1:1:876199173><TERRORIST>" with "ak47"
L 12/09/2019 - 17:48:21: Team "CT" triggered "CTs_Win" (CT "8") (T "9")
L 12/09/2019 - 17:48:21: World triggered "Round_End"
L 12/09/2019 - 17:48:26: "Shocker<14><STEAM_1:0:701963888><CT>" joined team "TERRORIST"
L 12/09/2019 - 17:48:26: "<><><>" triggered "amx_chat" (text "[PTB] Transfered Shocker to TERRORIST")
L 12/09/2019 - 17:48:27: World triggered "Round_Start"
L 12/09/2019 - 17:48:38: "Georgi Rakovski<19><STEAM_2:1:271581764><CT>" killed "plamen<22><STEAM_1:1:876199173><TERRORIST>" with "m4a1"
L 12/09/2019 - 17:48:39: "Shocker<14><STEAM_1:0:701963888><TERRORIST>" killed "Georgi Rakovski<19><STEAM_2:1:271581764><CT>" with "m4a1"
L 12/09/2019 - 17:48:53: [REUNION]: Hunnnnter (168.211.114.208) authorized as RevEmu
L 12/09/2019 - 17:48:53: "Hunnnnter<26><STEAM_1:1:1449545443><>" connected, address "168.211.114.208:1024"
L 12/09/2019 - 17:49:03: "Trump<25><STEAM_1:0:436762595><TERRORIST>" killed "Vichi THE amale<23><STEAM_1:0:2124732892><CT>" with "ak47"
L 12/09/2019 - 17:49:03: Team "TERRORIST" triggered "Terrorists_Win" (CT "8") (T "10")
L 12/09/2019 - 17:49:03: World triggered "Round_End"
L 12/09/2019 - 17:49:07: "Trump<25><STEAM_1:0:436762595><TERRORIST>" joined team "CT"
L 12/09/2019 - 17:49:07: "<><><>" triggered "amx_chat" (text "[PTB] Transfered Trump to CT")
L 12/09/2019 - 17:49:09: World triggered "Round_Start"
L 12/09/2019 - 17:49:20: [REUNION]: LEOPARD (151.237.37.93) authorized as RevEmu
L 12/09/2019 - 17:49:20: "LEOPARD<27><STEAM_1:0:681183515><>" connected, address "151.237.37.93:27005"
L 12/09/2019 - 17:49:32: "LEOPARD<27><STEAM_1:0:681183515><>" entered the game
L 12/09/2019 - 17:49:33: "Georgi Rakovski<19><STEAM_2:1:271581764><CT>" killed "Shocker<14><STEAM_1:0:701963888><TERRORIST>" with "m4a1"
L 12/09/2019 - 17:49:39: "Vichi THE amale<23><STEAM_1:0:2124732892><CT>" killed "plamen<22><STEAM_1:1:876199173><TERRORIST>" with "usp"
L 12/09/2019 - 17:49:39: Team "CT" triggered "CTs_Win" (CT "9") (T "10")
L 12/09/2019 - 17:49:39: World triggered "Round_End"
L 12/09/2019 - 17:49:40: "LEOPARD<27><STEAM_1:0:681183515><>" joined team "TERRORIST"
L 12/09/2019 - 17:49:45: World triggered "Round_Start"
L 12/09/2019 - 17:49:45: Server cvar "sv_maxspeed" = "0.000000"
L 12/09/2019 - 17:49:45: Server cvar "mp_friendlyfire" = "1"
L 12/09/2019 - 17:49:56: Server cvar "sv_maxspeed" = "900.000000"
L 12/09/2019 - 17:49:56: Server cvar "mp_friendlyfire" = "0"
L 12/09/2019 - 17:49:56: [META] ini: Begin re-reading plugins list: /home/rented/public9/cstrike/addons/metamod/plugins.ini
L 12/09/2019 - 17:49:56: [META] ini: Read plugin config for: SafeNameAndChat
L 12/09/2019 - 17:49:56: [META] ini: Read plugin config for: AMX Mod X
L 12/09/2019 - 17:49:56: [META] ini: Read plugin config for: Reunion
L 12/09/2019 - 17:49:56: [META] ini: Read plugin config for: ReAuthCheck
L 12/09/2019 - 17:49:56: [META] ini: Read plugin config for: WHBlocker
L 12/09/2019 - 17:49:56: [META] ini: Read plugin config for: ReSemiclip
L 12/09/2019 - 17:49:56: [META] ini: Read plugin config for: Revoice
L 12/09/2019 - 17:49:56: [META] ini: Finished reading plugins list: /home/rented/public9/cstrike/addons/metamod/plugins.ini; Found 7 plugins
L 12/09/2019 - 17:49:56: [META] dll: Updating plugins...
L 12/09/2019 - 17:49:56: [META] WARNING: Cannot clear plugin 'SafeNameAndChat'; not marked as failed, empty, or open (status=valid)
L 12/09/2019 - 17:49:56: [META] dll: Unloaded plugin 'SafeNameAndChat' for reason 'file on disk is newer'
L 12/09/2019 - 17:49:56: [META] dll: Loaded plugin 'SafeNameAndChat': SafeNameAndChat v1.1 2017.02.01, WPMG.PRoSToC0der
L 12/09/2019 - 17:49:56: [META] WARNING: Cannot clear plugin 'WHBlocker'; not marked as failed, empty, or open (status=valid)
L 12/09/2019 - 17:49:56: [META] dll: Unloaded plugin 'WHBlocker' for reason 'file on disk is newer'
L 12/09/2019 - 17:49:56: [META] dll: Loaded plugin 'WHBlocker': WHBlocker v1.5.692 2017-04-13, s1lent
L 12/09/2019 - 17:49:56: [META] WARNING: Cannot clear plugin 'ReSemiclip'; not marked as failed, empty, or open (status=valid)
L 12/09/2019 - 17:49:56: [META] dll: Unloaded plugin 'ReSemiclip' for reason 'file on disk is newer'
L 12/09/2019 - 17:49:56: [META] dll: Loaded plugin 'ReSemiclip': ReSemiclip v2.3.9 13/02/17, s1lent & Adidasman
L 12/09/2019 - 17:49:56: [META] dll: Finished updating 14 plugins; kept 0, loaded 0, unloaded 0, reloaded 3, delayed 0
L 12/09/2019 - 17:49:56: "Shocker<14><STEAM_1:0:701963888><TERRORIST>" disconnected
L 12/09/2019 - 17:49:56: "Georgi Rakovski<19><STEAM_2:1:271581764><CT>" disconnected
L 12/09/2019 - 17:49:56: "plamen<22><STEAM_1:1:876199173><TERRORIST>" disconnected
L 12/09/2019 - 17:49:56: "Vichi THE amale<23><STEAM_1:0:2124732892><CT>" disconnected
L 12/09/2019 - 17:49:56: "Trump<25><STEAM_1:0:436762595><CT>" disconnected
L 12/09/2019 - 17:49:56: "LEOPARD<27><STEAM_1:0:681183515><TERRORIST>" disconnected
L 12/09/2019 - 17:49:56: World triggered "Round_Draw" (CT "9") (T "10")
L 12/09/2019 - 17:49:56: World triggered "Round_End"
L 12/09/2019 - 17:49:56: Log file closed
