L 12/15/2019 - 10:58:36: Log file started (file "logs/L1215144.log") (game "cstrike") (version "48/1.1.2.7/Stdio/1621")
L 12/15/2019 - 10:58:36: Loading map "city_of_roadrage"
L 12/15/2019 - 10:58:36: Server cvars start
L 12/15/2019 - 10:58:36: Server cvar "@BunnyHopper" = "3.x"
L 12/15/2019 - 10:58:36: Server cvar "@CRXGoSpec" = "1.1"
L 12/15/2019 - 10:58:36: Server cvar "@CRXRemoveImmunity" = "1.0"
L 12/15/2019 - 10:58:36: Server cvar "@D.I.C.E." = "1.1"
L 12/15/2019 - 10:58:36: Server cvar "@MOTDCommands" = "1.2"
L 12/15/2019 - 10:58:36: Server cvar "advanced_quake_sounds" = "5.0"
L 12/15/2019 - 10:58:36: Server cvar "AdvancedMute" = "1.0"
L 12/15/2019 - 10:58:36: Server cvar "aesp_version" = "1.3"
L 12/15/2019 - 10:58:36: Server cvar "allow_spectators" = "1.0"
L 12/15/2019 - 10:58:36: Server cvar "amx_client_languages" = "1"
L 12/15/2019 - 10:58:36: Server cvar "amx_language" = "en"
L 12/15/2019 - 10:58:36: Server cvar "amx_nextmap" = "city_of_roadrage"
L 12/15/2019 - 10:58:36: Server cvar "amx_ptb_version" = "1.8b3"
L 12/15/2019 - 10:58:36: Server cvar "amx_timeleft" = "10:40"
L 12/15/2019 - 10:58:36: Server cvar "amxmodx_version" = "1.8.2"
L 12/15/2019 - 10:58:36: Server cvar "amxxbg_vip" = "1.0"
L 12/15/2019 - 10:58:36: Server cvar "asp_version" = "4.5.1"
L 12/15/2019 - 10:58:36: Server cvar "atac_version" = "3.0.1"
L 12/15/2019 - 10:58:36: Server cvar "badcamper_version" = "1.4 beta"
L 12/15/2019 - 10:58:36: Server cvar "blockmaker" = "4.01"
L 12/15/2019 - 10:58:36: Server cvar "c4 timer" = "1.1"
L 12/15/2019 - 10:58:36: Server cvar "coop" = "0"
L 12/15/2019 - 10:58:36: Server cvar "CRXAdminGroups" = "1.0"
L 12/15/2019 - 10:58:36: Server cvar "CRXCommandRestrictions" = "1.0"
L 12/15/2019 - 10:58:36: Server cvar "CRXFastKnife" = "1.0"
L 12/15/2019 - 10:58:36: Server cvar "CRXGametracker" = "2.0"
L 12/15/2019 - 10:58:36: Server cvar "CRXKnifeModels" = "2.5.7"
L 12/15/2019 - 10:58:36: Server cvar "CRXTeamAdvantage" = "1.0"
L 12/15/2019 - 10:58:36: Server cvar "CustomShop" = "4.2"
L 12/15/2019 - 10:58:36: Server cvar "deathmatch" = "1"
L 12/15/2019 - 10:58:36: Server cvar "decalfrequency" = "0"
L 12/15/2019 - 10:58:36: Server cvar "edgefriction" = "2"
L 12/15/2019 - 10:58:36: Server cvar "ers_version" = "2.3c"
L 12/15/2019 - 10:58:36: Server cvar "gagsystem_shoko" = "1.0"
L 12/15/2019 - 10:58:36: Server cvar "gal_mapcyclefile" = "mapcycle.txt"
L 12/15/2019 - 10:58:36: Server cvar "gal_version" = "v5.9.1-926"
L 12/15/2019 - 10:58:36: Server cvar "game_version" = "5.7.0.313-dev"
L 12/15/2019 - 10:58:36: Server cvar "humans_join_team" = "any"
L 12/15/2019 - 10:58:36: Server cvar "jtp10181" = "chute,gore"
L 12/15/2019 - 10:58:36: Server cvar "lawliet" = "ny_RainingSnow"
L 12/15/2019 - 10:58:36: Server cvar "LetitSnow" = "1.0"
L 12/15/2019 - 10:58:36: Server cvar "map_spawns" = "T(16) CT(16)"
L 12/15/2019 - 10:58:36: Server cvar "max_queries_sec" = "3"
L 12/15/2019 - 10:58:36: Server cvar "max_queries_sec_global" = "150"
L 12/15/2019 - 10:58:36: Server cvar "max_queries_window" = "60"
L 12/15/2019 - 10:58:36: Server cvar "mdbBans" = "4.8"
L 12/15/2019 - 10:58:36: Server cvar "metamod_version" = "1.21p37"
L 12/15/2019 - 10:58:36: Server cvar "mp_autokick" = "0"
L 12/15/2019 - 10:58:36: Server cvar "mp_autokick_timeout" = "-1"
L 12/15/2019 - 10:58:36: Server cvar "mp_autoteambalance" = "0"
L 12/15/2019 - 10:58:36: Server cvar "mp_buytime" = "0.25"
L 12/15/2019 - 10:58:36: Server cvar "mp_c4timer" = "35"
L 12/15/2019 - 10:58:36: Server cvar "mp_chattime" = "10"
L 12/15/2019 - 10:58:36: Server cvar "mp_consistency" = "1"
L 12/15/2019 - 10:58:36: Server cvar "mp_fadetoblack" = "0"
L 12/15/2019 - 10:58:36: Server cvar "mp_flashlight" = "1"
L 12/15/2019 - 10:58:36: Server cvar "mp_footsteps" = "1"
L 12/15/2019 - 10:58:36: Server cvar "mp_forcecamera" = "0"
L 12/15/2019 - 10:58:36: Server cvar "mp_forcechasecam" = "0"
L 12/15/2019 - 10:58:36: Server cvar "mp_forcerespawn" = "0"
L 12/15/2019 - 10:58:36: Server cvar "mp_fraglimit" = "0"
L 12/15/2019 - 10:58:36: Server cvar "mp_fragsleft" = "0"
L 12/15/2019 - 10:58:36: Server cvar "mp_freeforall" = "0"
L 12/15/2019 - 10:58:36: Server cvar "mp_freezetime" = "1"
L 12/15/2019 - 10:58:36: Server cvar "mp_friendlyfire" = "0"
L 12/15/2019 - 10:58:36: Server cvar "mp_hostage_hurtable" = "1"
L 12/15/2019 - 10:58:36: Server cvar "mp_hostagepenalty" = "0"
L 12/15/2019 - 10:58:36: Server cvar "mp_item_staytime" = "300"
L 12/15/2019 - 10:58:36: Server cvar "mp_kickpercent" = "0.66"
L 12/15/2019 - 10:58:36: Server cvar "mp_legacy_bombtarget_touch" = "1"
L 12/15/2019 - 10:58:36: Server cvar "mp_limitteams" = "0"
L 12/15/2019 - 10:58:36: Server cvar "mp_logdetail" = "0"
L 12/15/2019 - 10:58:36: Server cvar "mp_logfile" = "1"
L 12/15/2019 - 10:58:36: Server cvar "mp_logmessages" = "1"
L 12/15/2019 - 10:58:36: Server cvar "mp_mapvoteratio" = "0.66"
L 12/15/2019 - 10:58:36: Server cvar "mp_maxmoney" = "999999"
L 12/15/2019 - 10:58:36: Server cvar "mp_maxrounds" = "0"
L 12/15/2019 - 10:58:36: Server cvar "mp_mirrordamage" = "0"
L 12/15/2019 - 10:58:36: Server cvar "mp_old_bomb_defused_sound" = "1"
L 12/15/2019 - 10:58:36: Server cvar "mp_playerid" = "0"
L 12/15/2019 - 10:58:36: Server cvar "mp_respawn_immunitytime" = "0"
L 12/15/2019 - 10:58:36: Server cvar "mp_round_infinite" = "0"
L 12/15/2019 - 10:58:36: Server cvar "mp_round_restart_delay" = "5"
L 12/15/2019 - 10:58:36: Server cvar "mp_roundover" = "0"
L 12/15/2019 - 10:58:36: Server cvar "mp_roundtime" = "2.3"
L 12/15/2019 - 10:58:36: Server cvar "mp_show_radioicon" = "1"
L 12/15/2019 - 10:58:36: Server cvar "mp_startmoney" = "850"
L 12/15/2019 - 10:58:36: Server cvar "mp_timeleft" = "10:40"
L 12/15/2019 - 10:58:36: Server cvar "mp_timelimit" = "20"
L 12/15/2019 - 10:58:36: Server cvar "mp_tkpunish" = "0"
L 12/15/2019 - 10:58:36: Server cvar "mp_windifference" = "1"
L 12/15/2019 - 10:58:36: Server cvar "mp_winlimit" = "0"
L 12/15/2019 - 10:58:36: Server cvar "NoWeaponsOnGround" = "1.0"
L 12/15/2019 - 10:58:36: Server cvar "pausable" = "0"
L 12/15/2019 - 10:58:36: Server cvar "present_version" = "2.01"
L 12/15/2019 - 10:58:36: Server cvar "RandomHP" = "2.2"
L 12/15/2019 - 10:58:36: Server cvar "reauthcheck_version" = "0.1.6"
L 12/15/2019 - 10:58:36: Server cvar "reconnect_features" = "0.3.1"
L 12/15/2019 - 10:58:36: Server cvar "report_system_version" = "3.1"
L 12/15/2019 - 10:58:36: Server cvar "resemiclip_version" = "2.3.9"
L 12/15/2019 - 10:58:36: Server cvar "reu_version" = "0.1.0.130"
L 12/15/2019 - 10:58:36: Server cvar "revoice_version" = "0.1.0.30"
L 12/15/2019 - 10:58:36: Server cvar "RRWM" = "2.0"
L 12/15/2019 - 10:58:36: Server cvar "sanksounds_version" = "1.8.6"
L 12/15/2019 - 10:58:36: Server cvar "SimpleMenu" = "1.1"
L 12/15/2019 - 10:58:36: Server cvar "SNAC_Version" = "1.1"
L 12/15/2019 - 10:58:36: Server cvar "SpecList" = "1.2a"
L 12/15/2019 - 10:58:36: Server cvar "sr_version" = "1.6"
L 12/15/2019 - 10:58:36: Server cvar "statsx_shell_ver" = "2.0.0 (BETA)"
L 12/15/2019 - 10:58:36: Server cvar "StyleC4Timer" = "2.1"
L 12/15/2019 - 10:58:36: Server cvar "sv_accelerate" = "5"
L 12/15/2019 - 10:58:36: Server cvar "sv_aim" = "1"
L 12/15/2019 - 10:58:36: Server cvar "sv_airaccelerate" = "100"
L 12/15/2019 - 10:58:36: Server cvar "sv_allowupload" = "1"
L 12/15/2019 - 10:58:36: Server cvar "sv_alltalk" = "1"
L 12/15/2019 - 10:58:36: Server cvar "sv_bounce" = "1"
L 12/15/2019 - 10:58:36: Server cvar "sv_cheats" = "0"
L 12/15/2019 - 10:58:36: Server cvar "sv_clienttrace" = "1"
L 12/15/2019 - 10:58:36: Server cvar "sv_contact" = "feruchio599@gmail.com"
L 12/15/2019 - 10:58:36: Server cvar "sv_friction" = "4"
L 12/15/2019 - 10:58:36: Server cvar "sv_gravity" = "800"
L 12/15/2019 - 10:58:36: Server cvar "sv_logblocks" = "0"
L 12/15/2019 - 10:58:36: Server cvar "sv_maxrate" = "50000"
L 12/15/2019 - 10:58:36: Server cvar "sv_maxspeed" = "900.000000"
L 12/15/2019 - 10:58:36: Server cvar "sv_minrate" = "10000"
L 12/15/2019 - 10:58:36: Server cvar "sv_password" = ""
L 12/15/2019 - 10:58:36: Server cvar "sv_proxies" = "1"
L 12/15/2019 - 10:58:36: Server cvar "sv_restart" = "0"
L 12/15/2019 - 10:58:36: Server cvar "sv_restartround" = "0"
L 12/15/2019 - 10:58:36: Server cvar "sv_stepsize" = "18"
L 12/15/2019 - 10:58:36: Server cvar "sv_stopspeed" = "75"
L 12/15/2019 - 10:58:36: Server cvar "sv_uploadmax" = "0.5"
L 12/15/2019 - 10:58:36: Server cvar "sv_version" = "1.1.2.7/Stdio,48,1621"
L 12/15/2019 - 10:58:36: Server cvar "sv_voiceenable" = "1"
L 12/15/2019 - 10:58:36: Server cvar "sv_wateraccelerate" = "10"
L 12/15/2019 - 10:58:36: Server cvar "sv_waterfriction" = "1"
L 12/15/2019 - 10:58:36: Server cvar "Team_Semiclip_version" = "3.3.1"
L 12/15/2019 - 10:58:36: Server cvar "vehicle_real_killer" = "1.1"
L 12/15/2019 - 10:58:36: Server cvar "WalkGuard" = "1.3.2"
L 12/15/2019 - 10:58:36: Server cvar "we_grenades" = "Huehue"
L 12/15/2019 - 10:58:36: Server cvar "we_player_models" = "Huehue"
L 12/15/2019 - 10:58:36: Server cvar "whb_version" = "1.5.692"
L 12/15/2019 - 10:58:36: Server cvar "zp_jp_version" = "Extra Item Jetpack+Bazooka v3.2"
L 12/15/2019 - 10:58:36: Server cvars end
L 12/15/2019 - 10:58:38: Server cvar "sv_maxspeed" = "900"
L 12/15/2019 - 10:58:38: Server cvar "mp_autoteambalance" = "1"
L 12/15/2019 - 10:58:38: Server cvar "mp_autoteambalance" = "0"
L 12/15/2019 - 10:58:38: Server cvar "amx_nextmap" = "[not yet voted on]"
L 12/15/2019 - 10:58:40: Started map "city_of_roadrage" (CRC "-1212025779")
L 12/15/2019 - 10:58:41: World triggered "Round_Start"
L 12/15/2019 - 10:58:47: [REUNION]: turbo (77.77.166.176) authorized as RevEmu
L 12/15/2019 - 10:58:47: "turbo<11><STEAM_2:1:24722080><>" connected, address "77.77.166.176:27005"
L 12/15/2019 - 10:58:51: "turbo<11><STEAM_2:1:24722080><>" entered the game
L 12/15/2019 - 10:58:53: "turbo<11><STEAM_2:1:24722080><>" joined team "CT"
L 12/15/2019 - 10:59:07: [REUNION]: [Pro]Man (178.138.97.97) authorized as RevEmu
L 12/15/2019 - 10:59:07: "[Pro]Man<12><STEAM_2:1:704756790><>" connected, address "178.138.97.97:47837"
L 12/15/2019 - 10:59:16: "[Pro]Man<12><STEAM_2:1:704756790><>" entered the game
L 12/15/2019 - 10:59:20: "[Pro]Man<12><STEAM_2:1:704756790><>" joined team "TERRORIST"
L 12/15/2019 - 10:59:20: World triggered "Game_Commencing"
L 12/15/2019 - 10:59:20: World triggered "Game_Commencing" (CT "0") (T "0")
L 12/15/2019 - 10:59:20: World triggered "Round_End"
L 12/15/2019 - 10:59:24: World triggered "Round_Start"
L 12/15/2019 - 10:59:53: [REUNION]: killer boss (185.18.231.85) authorized as RevEmu
L 12/15/2019 - 10:59:53: "killer boss<13><STEAM_1:0:280969512><>" connected, address "185.18.231.85:23599"
L 12/15/2019 - 11:00:05: "killer boss<13><STEAM_1:0:280969512><>" entered the game
L 12/15/2019 - 11:00:12: "killer boss<13><STEAM_1:0:280969512><>" joined team "CT"
L 12/15/2019 - 11:00:24: [REUNION]: fun da king (85.130.9.158) authorized as RevEmu
L 12/15/2019 - 11:00:24: "fun da king<14><STEAM_1:0:1655898477><>" connected, address "85.130.9.158:27005"
L 12/15/2019 - 11:00:29: "[Pro]Man<12><STEAM_2:1:704756790><TERRORIST>" killed "turbo<11><STEAM_2:1:24722080><CT>" with "deagle"
L 12/15/2019 - 11:00:29: Team "TERRORIST" triggered "Terrorists_Win" (CT "0") (T "1")
L 12/15/2019 - 11:00:29: World triggered "Round_End"
L 12/15/2019 - 11:00:35: World triggered "Round_Start"
L 12/15/2019 - 11:00:49: [REUNION]: fun da king (85.130.9.158) authorized as RevEmu
L 12/15/2019 - 11:00:49: "fun da king<15><STEAM_1:0:1655898477><>" connected, address "85.130.9.158:27005"
L 12/15/2019 - 11:02:06: "turbo<11><STEAM_2:1:24722080><CT>" committed suicide with "tracktrain"
L 12/15/2019 - 11:02:51: "killer boss<13><STEAM_1:0:280969512><CT>" killed "[Pro]Man<12><STEAM_2:1:704756790><TERRORIST>" with "deagle"
L 12/15/2019 - 11:02:51: Team "CT" triggered "CTs_Win" (CT "1") (T "1")
L 12/15/2019 - 11:02:51: World triggered "Round_End"
L 12/15/2019 - 11:02:57: World triggered "Round_Start"
L 12/15/2019 - 11:03:10: "fun da king<15><STEAM_1:0:1655898477><>" entered the game
L 12/15/2019 - 11:03:24: "fun da king<15><STEAM_1:0:1655898477><>" joined team "CT"
L 12/15/2019 - 11:03:29: [REUNION]: IP 193.42.110.171 banned for 10 minutes for query flooding (PPS: 327)
L 12/15/2019 - 11:04:01: "killer boss<13><STEAM_1:0:280969512><CT>" killed "[Pro]Man<12><STEAM_2:1:704756790><TERRORIST>" with "m4a1"
L 12/15/2019 - 11:04:01: Team "CT" triggered "CTs_Win" (CT "2") (T "1")
L 12/15/2019 - 11:04:01: World triggered "Round_End"
L 12/15/2019 - 11:04:07: World triggered "Round_Start"
L 12/15/2019 - 11:04:25: "fun da king<15><STEAM_1:0:1655898477><CT>" killed "[Pro]Man<12><STEAM_2:1:704756790><TERRORIST>" with "m4a1"
L 12/15/2019 - 11:04:25: Team "CT" triggered "CTs_Win" (CT "3") (T "1")
L 12/15/2019 - 11:04:25: World triggered "Round_End"
L 12/15/2019 - 11:04:27: "fun da king<15><STEAM_1:0:1655898477><CT>" committed suicide with "world"
L 12/15/2019 - 11:04:27: "fun da king<15><STEAM_1:0:1655898477><CT>" joined team "TERRORIST"
L 12/15/2019 - 11:04:31: World triggered "Round_Start"
L 12/15/2019 - 11:04:57: "[Pro]Man<12><STEAM_2:1:704756790><TERRORIST>" killed "turbo<11><STEAM_2:1:24722080><CT>" with "glock18"
L 12/15/2019 - 11:05:01: "[Pro]Man<12><STEAM_2:1:704756790><TERRORIST>" killed "killer boss<13><STEAM_1:0:280969512><CT>" with "awp"
L 12/15/2019 - 11:05:01: Team "TERRORIST" triggered "Terrorists_Win" (CT "3") (T "2")
L 12/15/2019 - 11:05:01: World triggered "Round_End"
L 12/15/2019 - 11:05:07: World triggered "Round_Start"
L 12/15/2019 - 11:05:50: "killer boss<13><STEAM_1:0:280969512><CT>" killed "[Pro]Man<12><STEAM_2:1:704756790><TERRORIST>" with "awp"
L 12/15/2019 - 11:06:07: "killer boss<13><STEAM_1:0:280969512><CT>" killed "fun da king<15><STEAM_1:0:1655898477><TERRORIST>" with "awp"
L 12/15/2019 - 11:06:07: Team "CT" triggered "CTs_Win" (CT "4") (T "2")
L 12/15/2019 - 11:06:07: World triggered "Round_End"
L 12/15/2019 - 11:06:13: World triggered "Round_Start"
L 12/15/2019 - 11:07:13: "[Pro]Man<12><STEAM_2:1:704756790><TERRORIST>" killed "turbo<11><STEAM_2:1:24722080><CT>" with "xm1014"
L 12/15/2019 - 11:07:59: "fun da king<15><STEAM_1:0:1655898477><TERRORIST>" killed "killer boss<13><STEAM_1:0:280969512><CT>" with "ak47"
L 12/15/2019 - 11:07:59: Team "TERRORIST" triggered "Terrorists_Win" (CT "4") (T "3")
L 12/15/2019 - 11:07:59: World triggered "Round_End"
L 12/15/2019 - 11:08:05: World triggered "Round_Start"
L 12/15/2019 - 11:08:21: "turbo<11><STEAM_2:1:24722080><CT>" killed "[Pro]Man<12><STEAM_2:1:704756790><TERRORIST>" with "knife"
L 12/15/2019 - 11:08:54: "killer boss<13><STEAM_1:0:280969512><CT>" killed "fun da king<15><STEAM_1:0:1655898477><TERRORIST>" with "m4a1"
L 12/15/2019 - 11:08:54: Team "CT" triggered "CTs_Win" (CT "5") (T "3")
L 12/15/2019 - 11:08:54: World triggered "Round_End"
L 12/15/2019 - 11:09:00: World triggered "Round_Start"
L 12/15/2019 - 11:09:17: "killer boss<13><STEAM_1:0:280969512><CT>" killed "[Pro]Man<12><STEAM_2:1:704756790><TERRORIST>" with "m4a1"
L 12/15/2019 - 11:10:33: "killer boss<13><STEAM_1:0:280969512><CT>" killed "fun da king<15><STEAM_1:0:1655898477><TERRORIST>" with "m4a1"
L 12/15/2019 - 11:10:33: Team "CT" triggered "CTs_Win" (CT "6") (T "3")
L 12/15/2019 - 11:10:33: World triggered "Round_End"
L 12/15/2019 - 11:10:38: "turbo<11><STEAM_2:1:24722080><CT>" joined team "TERRORIST"
L 12/15/2019 - 11:10:38: "<><><>" triggered "amx_chat" (text "[PTB] Transfered turbo to TERRORIST")
L 12/15/2019 - 11:10:39: World triggered "Round_Start"
L 12/15/2019 - 11:10:47: "turbo<11><STEAM_2:1:24722080><TERRORIST>" committed suicide with "world"
L 12/15/2019 - 11:10:47: "turbo<11><STEAM_2:1:24722080><TERRORIST>" joined team "CT"
L 12/15/2019 - 11:10:57: "[Pro]Man<12><STEAM_2:1:704756790><TERRORIST>" killed "killer boss<13><STEAM_1:0:280969512><CT>" with "aug"
L 12/15/2019 - 11:10:57: Team "TERRORIST" triggered "Terrorists_Win" (CT "6") (T "4")
L 12/15/2019 - 11:10:57: World triggered "Round_End"
L 12/15/2019 - 11:11:03: World triggered "Round_Start"
L 12/15/2019 - 11:11:19: "killer boss<13><STEAM_1:0:280969512><CT>" killed "fun da king<15><STEAM_1:0:1655898477><TERRORIST>" with "scout"
L 12/15/2019 - 11:12:25: "killer boss<13><STEAM_1:0:280969512><CT>" killed "[Pro]Man<12><STEAM_2:1:704756790><TERRORIST>" with "scout"
L 12/15/2019 - 11:12:25: Team "CT" triggered "CTs_Win" (CT "7") (T "4")
L 12/15/2019 - 11:12:25: World triggered "Round_End"
L 12/15/2019 - 11:12:31: World triggered "Round_Start"
L 12/15/2019 - 11:12:55: "[Pro]Man<12><STEAM_2:1:704756790><TERRORIST>" killed "turbo<11><STEAM_2:1:24722080><CT>" with "ak47"
L 12/15/2019 - 11:13:12: "killer boss<13><STEAM_1:0:280969512><CT>" killed "[Pro]Man<12><STEAM_2:1:704756790><TERRORIST>" with "scout"
L 12/15/2019 - 11:13:34: [REUNION]: 2Pacalypse (130.185.211.206) authorized as NoSteam47
L 12/15/2019 - 11:13:34: "2Pacalypse<16><VALVE_ID_LAN><>" connected, address "130.185.211.206:27005"
L 12/15/2019 - 11:13:37: [REUNION]: 2Pacalypse (130.185.211.206) authorized as NoSteam47
L 12/15/2019 - 11:13:37: "2Pacalypse<17><VALVE_ID_LAN><>" connected, address "130.185.211.206:27005"
L 12/15/2019 - 11:13:49: "killer boss<13><STEAM_1:0:280969512><CT>" killed "fun da king<15><STEAM_1:0:1655898477><TERRORIST>" with "scout"
L 12/15/2019 - 11:13:49: Team "CT" triggered "CTs_Win" (CT "8") (T "4")
L 12/15/2019 - 11:13:49: World triggered "Round_End"
L 12/15/2019 - 11:13:50: "2Pacalypse<17><VALVE_ID_LAN><>" entered the game
L 12/15/2019 - 11:13:55: World triggered "Round_Start"
L 12/15/2019 - 11:13:56: "2Pacalypse<17><VALVE_ID_LAN><>" joined team "CT"
L 12/15/2019 - 11:13:59: Server cvar "amx_nextmap" = "as_crazytank3"
L 12/15/2019 - 11:14:17: "[Pro]Man<12><STEAM_2:1:704756790><TERRORIST>" killed "killer boss<13><STEAM_1:0:280969512><CT>" with "g3sg1"
L 12/15/2019 - 11:14:47: "fun da king<15><STEAM_1:0:1655898477><TERRORIST>" killed "turbo<11><STEAM_2:1:24722080><CT>" with "ak47"
L 12/15/2019 - 11:14:58: "2Pacalypse<17><VALVE_ID_LAN><CT>" killed "[Pro]Man<12><STEAM_2:1:704756790><TERRORIST>" with "scout"
L 12/15/2019 - 11:15:36: "2Pacalypse<17><VALVE_ID_LAN><CT>" killed "fun da king<15><STEAM_1:0:1655898477><TERRORIST>" with "scout"
L 12/15/2019 - 11:15:36: Team "CT" triggered "CTs_Win" (CT "9") (T "4")
L 12/15/2019 - 11:15:36: World triggered "Round_End"
L 12/15/2019 - 11:15:40: "killer boss<13><STEAM_1:0:280969512><CT>" joined team "TERRORIST"
L 12/15/2019 - 11:15:40: "<><><>" triggered "amx_chat" (text "[PTB] Transfered killer boss to TERRORIST")
L 12/15/2019 - 11:15:42: World triggered "Round_Start"
L 12/15/2019 - 11:15:42: Server cvar "sv_maxspeed" = "0.000000"
L 12/15/2019 - 11:15:42: Server cvar "mp_friendlyfire" = "1"
L 12/15/2019 - 11:15:46: "[Pro]Man<12><STEAM_2:1:704756790><TERRORIST>" committed suicide with "worldspawn" (world)
L 12/15/2019 - 11:15:53: Server cvar "sv_maxspeed" = "900.000000"
L 12/15/2019 - 11:15:53: Server cvar "mp_friendlyfire" = "0"
L 12/15/2019 - 11:15:53: [META] ini: Begin re-reading plugins list: /home/rented/public9/cstrike/addons/metamod/plugins.ini
L 12/15/2019 - 11:15:53: [META] ini: Read plugin config for: SafeNameAndChat
L 12/15/2019 - 11:15:53: [META] ini: Read plugin config for: AMX Mod X
L 12/15/2019 - 11:15:53: [META] ini: Read plugin config for: Reunion
L 12/15/2019 - 11:15:53: [META] ini: Read plugin config for: ReAuthCheck
L 12/15/2019 - 11:15:53: [META] ini: Read plugin config for: WHBlocker
L 12/15/2019 - 11:15:53: [META] ini: Read plugin config for: ReSemiclip
L 12/15/2019 - 11:15:53: [META] ini: Read plugin config for: Revoice
L 12/15/2019 - 11:15:53: [META] ini: Finished reading plugins list: /home/rented/public9/cstrike/addons/metamod/plugins.ini; Found 7 plugins
L 12/15/2019 - 11:15:53: [META] dll: Updating plugins...
L 12/15/2019 - 11:15:53: [META] WARNING: Cannot clear plugin 'SafeNameAndChat'; not marked as failed, empty, or open (status=valid)
L 12/15/2019 - 11:15:53: [META] dll: Unloaded plugin 'SafeNameAndChat' for reason 'file on disk is newer'
L 12/15/2019 - 11:15:53: [META] dll: Loaded plugin 'SafeNameAndChat': SafeNameAndChat v1.1 2017.02.01, WPMG.PRoSToC0der
L 12/15/2019 - 11:15:53: [META] WARNING: Cannot clear plugin 'WHBlocker'; not marked as failed, empty, or open (status=valid)
L 12/15/2019 - 11:15:53: [META] dll: Unloaded plugin 'WHBlocker' for reason 'file on disk is newer'
L 12/15/2019 - 11:15:53: [META] dll: Loaded plugin 'WHBlocker': WHBlocker v1.5.692 2017-04-13, s1lent
L 12/15/2019 - 11:15:53: [META] WARNING: Cannot clear plugin 'ReSemiclip'; not marked as failed, empty, or open (status=valid)
L 12/15/2019 - 11:15:53: [META] dll: Unloaded plugin 'ReSemiclip' for reason 'file on disk is newer'
L 12/15/2019 - 11:15:53: [META] dll: Loaded plugin 'ReSemiclip': ReSemiclip v2.3.9 13/02/17, s1lent & Adidasman
L 12/15/2019 - 11:15:53: [META] dll: Finished updating 14 plugins; kept 0, loaded 0, unloaded 0, reloaded 3, delayed 0
L 12/15/2019 - 11:15:53: "turbo<11><STEAM_2:1:24722080><CT>" disconnected
L 12/15/2019 - 11:15:53: "[Pro]Man<12><STEAM_2:1:704756790><TERRORIST>" disconnected
L 12/15/2019 - 11:15:53: "killer boss<13><STEAM_1:0:280969512><TERRORIST>" disconnected
L 12/15/2019 - 11:15:53: "fun da king<15><STEAM_1:0:1655898477><TERRORIST>" disconnected
L 12/15/2019 - 11:15:53: "2Pacalypse<17><VALVE_ID_LAN><CT>" disconnected
L 12/15/2019 - 11:15:53: World triggered "Round_Draw" (CT "9") (T "4")
L 12/15/2019 - 11:15:53: World triggered "Round_End"
L 12/15/2019 - 11:15:53: Log file closed
