L 12/12/2019 - 14:11:56: Log file started (file "logs/L1212148.log") (game "cstrike") (version "48/1.1.2.7/Stdio/1621")
L 12/12/2019 - 14:11:56: Loading map "cs_jeep_rally2"
L 12/12/2019 - 14:11:56: Server cvars start
L 12/12/2019 - 14:11:56: Server cvar "@BunnyHopper" = "3.x"
L 12/12/2019 - 14:11:56: Server cvar "@CRXGoSpec" = "1.1"
L 12/12/2019 - 14:11:56: Server cvar "@CRXRemoveImmunity" = "1.0"
L 12/12/2019 - 14:11:56: Server cvar "@D.I.C.E." = "1.1"
L 12/12/2019 - 14:11:56: Server cvar "@MOTDCommands" = "1.2"
L 12/12/2019 - 14:11:56: Server cvar "advanced_quake_sounds" = "5.0"
L 12/12/2019 - 14:11:56: Server cvar "AdvancedMute" = "1.0"
L 12/12/2019 - 14:11:56: Server cvar "aesp_version" = "1.3"
L 12/12/2019 - 14:11:56: Server cvar "allow_spectators" = "1.0"
L 12/12/2019 - 14:11:56: Server cvar "amx_client_languages" = "1"
L 12/12/2019 - 14:11:56: Server cvar "amx_language" = "en"
L 12/12/2019 - 14:11:56: Server cvar "amx_nextmap" = "cs_jeep_rally2"
L 12/12/2019 - 14:11:56: Server cvar "amx_ptb_version" = "1.8b3"
L 12/12/2019 - 14:11:56: Server cvar "amx_timeleft" = "00:00"
L 12/12/2019 - 14:11:56: Server cvar "amxmodx_version" = "1.8.2"
L 12/12/2019 - 14:11:56: Server cvar "amxxbg_vip" = "1.0"
L 12/12/2019 - 14:11:56: Server cvar "asp_version" = "4.5.1"
L 12/12/2019 - 14:11:56: Server cvar "atac_version" = "3.0.1"
L 12/12/2019 - 14:11:56: Server cvar "badcamper_version" = "1.4 beta"
L 12/12/2019 - 14:11:56: Server cvar "blockmaker" = "4.01"
L 12/12/2019 - 14:11:56: Server cvar "c4 timer" = "1.1"
L 12/12/2019 - 14:11:56: Server cvar "coop" = "0"
L 12/12/2019 - 14:11:56: Server cvar "CRXAdminGroups" = "1.0"
L 12/12/2019 - 14:11:56: Server cvar "CRXCommandRestrictions" = "1.0"
L 12/12/2019 - 14:11:56: Server cvar "CRXFastKnife" = "1.0"
L 12/12/2019 - 14:11:56: Server cvar "CRXGametracker" = "2.0"
L 12/12/2019 - 14:11:56: Server cvar "CRXKnifeModels" = "2.5.7"
L 12/12/2019 - 14:11:56: Server cvar "CRXTeamAdvantage" = "1.0"
L 12/12/2019 - 14:11:56: Server cvar "CustomShop" = "4.2"
L 12/12/2019 - 14:11:56: Server cvar "deathmatch" = "1"
L 12/12/2019 - 14:11:56: Server cvar "decalfrequency" = "0"
L 12/12/2019 - 14:11:56: Server cvar "edgefriction" = "2"
L 12/12/2019 - 14:11:56: Server cvar "ers_version" = "2.3c"
L 12/12/2019 - 14:11:56: Server cvar "gagsystem_shoko" = "1.0"
L 12/12/2019 - 14:11:56: Server cvar "gal_mapcyclefile" = "mapcycle.txt"
L 12/12/2019 - 14:11:56: Server cvar "gal_version" = "v5.9.1-926"
L 12/12/2019 - 14:11:56: Server cvar "game_version" = "5.7.0.313-dev"
L 12/12/2019 - 14:11:56: Server cvar "humans_join_team" = "any"
L 12/12/2019 - 14:11:56: Server cvar "jtp10181" = "chute,gore"
L 12/12/2019 - 14:11:56: Server cvar "lawliet" = "ny_RainingSnow"
L 12/12/2019 - 14:11:56: Server cvar "LetitSnow" = "1.0"
L 12/12/2019 - 14:11:56: Server cvar "map_spawns" = "T(16) CT(16)"
L 12/12/2019 - 14:11:56: Server cvar "max_queries_sec" = "3"
L 12/12/2019 - 14:11:56: Server cvar "max_queries_sec_global" = "150"
L 12/12/2019 - 14:11:56: Server cvar "max_queries_window" = "60"
L 12/12/2019 - 14:11:56: Server cvar "mdbBans" = "4.8"
L 12/12/2019 - 14:11:56: Server cvar "metamod_version" = "1.21p37"
L 12/12/2019 - 14:11:56: Server cvar "mp_autokick" = "0"
L 12/12/2019 - 14:11:56: Server cvar "mp_autokick_timeout" = "-1"
L 12/12/2019 - 14:11:56: Server cvar "mp_autoteambalance" = "0"
L 12/12/2019 - 14:11:56: Server cvar "mp_buytime" = "0.25"
L 12/12/2019 - 14:11:56: Server cvar "mp_c4timer" = "35"
L 12/12/2019 - 14:11:56: Server cvar "mp_chattime" = "5.000000"
L 12/12/2019 - 14:11:56: Server cvar "mp_consistency" = "1"
L 12/12/2019 - 14:11:56: Server cvar "mp_fadetoblack" = "0"
L 12/12/2019 - 14:11:56: Server cvar "mp_flashlight" = "1"
L 12/12/2019 - 14:11:56: Server cvar "mp_footsteps" = "1"
L 12/12/2019 - 14:11:56: Server cvar "mp_forcecamera" = "0"
L 12/12/2019 - 14:11:56: Server cvar "mp_forcechasecam" = "0"
L 12/12/2019 - 14:11:56: Server cvar "mp_forcerespawn" = "0"
L 12/12/2019 - 14:11:56: Server cvar "mp_fraglimit" = "0"
L 12/12/2019 - 14:11:56: Server cvar "mp_fragsleft" = "0"
L 12/12/2019 - 14:11:56: Server cvar "mp_freeforall" = "0"
L 12/12/2019 - 14:11:56: Server cvar "mp_freezetime" = "1"
L 12/12/2019 - 14:11:56: Server cvar "mp_friendlyfire" = "0"
L 12/12/2019 - 14:11:56: Server cvar "mp_hostage_hurtable" = "1"
L 12/12/2019 - 14:11:56: Server cvar "mp_hostagepenalty" = "0"
L 12/12/2019 - 14:11:56: Server cvar "mp_item_staytime" = "300"
L 12/12/2019 - 14:11:56: Server cvar "mp_kickpercent" = "0.66"
L 12/12/2019 - 14:11:56: Server cvar "mp_legacy_bombtarget_touch" = "1"
L 12/12/2019 - 14:11:56: Server cvar "mp_limitteams" = "0"
L 12/12/2019 - 14:11:56: Server cvar "mp_logdetail" = "0"
L 12/12/2019 - 14:11:57: Server cvar "mp_logfile" = "1"
L 12/12/2019 - 14:11:57: Server cvar "mp_logmessages" = "1"
L 12/12/2019 - 14:11:57: Server cvar "mp_mapvoteratio" = "0.66"
L 12/12/2019 - 14:11:57: Server cvar "mp_maxmoney" = "999999"
L 12/12/2019 - 14:11:57: Server cvar "mp_maxrounds" = "0"
L 12/12/2019 - 14:11:57: Server cvar "mp_mirrordamage" = "0"
L 12/12/2019 - 14:11:57: Server cvar "mp_old_bomb_defused_sound" = "1"
L 12/12/2019 - 14:11:57: Server cvar "mp_playerid" = "0"
L 12/12/2019 - 14:11:57: Server cvar "mp_respawn_immunitytime" = "0"
L 12/12/2019 - 14:11:57: Server cvar "mp_round_infinite" = "0"
L 12/12/2019 - 14:11:57: Server cvar "mp_round_restart_delay" = "5"
L 12/12/2019 - 14:11:57: Server cvar "mp_roundover" = "0"
L 12/12/2019 - 14:11:57: Server cvar "mp_roundtime" = "2.3"
L 12/12/2019 - 14:11:57: Server cvar "mp_show_radioicon" = "1"
L 12/12/2019 - 14:11:57: Server cvar "mp_startmoney" = "850"
L 12/12/2019 - 14:11:57: Server cvar "mp_timeleft" = "00:00"
L 12/12/2019 - 14:11:57: Server cvar "mp_timelimit" = "20.000000"
L 12/12/2019 - 14:11:57: Server cvar "mp_tkpunish" = "0"
L 12/12/2019 - 14:11:57: Server cvar "mp_windifference" = "1"
L 12/12/2019 - 14:11:57: Server cvar "mp_winlimit" = "0"
L 12/12/2019 - 14:11:57: Server cvar "NoWeaponsOnGround" = "1.0"
L 12/12/2019 - 14:11:57: Server cvar "pausable" = "0"
L 12/12/2019 - 14:11:57: Server cvar "present_version" = "2.01"
L 12/12/2019 - 14:11:57: Server cvar "RandomHP" = "2.2"
L 12/12/2019 - 14:11:57: Server cvar "reauthcheck_version" = "0.1.6"
L 12/12/2019 - 14:11:57: Server cvar "reconnect_features" = "0.3.1"
L 12/12/2019 - 14:11:57: Server cvar "report_system_version" = "3.1"
L 12/12/2019 - 14:11:57: Server cvar "resemiclip_version" = "2.3.9"
L 12/12/2019 - 14:11:57: Server cvar "reu_version" = "0.1.0.130"
L 12/12/2019 - 14:11:57: Server cvar "revoice_version" = "0.1.0.30"
L 12/12/2019 - 14:11:57: Server cvar "RRWM" = "2.0"
L 12/12/2019 - 14:11:57: Server cvar "sanksounds_version" = "1.8.6"
L 12/12/2019 - 14:11:57: Server cvar "SimpleMenu" = "1.1"
L 12/12/2019 - 14:11:57: Server cvar "SNAC_Version" = "1.1"
L 12/12/2019 - 14:11:57: Server cvar "SpecList" = "1.2a"
L 12/12/2019 - 14:11:57: Server cvar "sr_version" = "1.6"
L 12/12/2019 - 14:11:57: Server cvar "statsx_shell_ver" = "2.0.0 (BETA)"
L 12/12/2019 - 14:11:57: Server cvar "StyleC4Timer" = "2.1"
L 12/12/2019 - 14:11:57: Server cvar "sv_accelerate" = "5"
L 12/12/2019 - 14:11:57: Server cvar "sv_aim" = "1"
L 12/12/2019 - 14:11:57: Server cvar "sv_airaccelerate" = "100"
L 12/12/2019 - 14:11:57: Server cvar "sv_allowupload" = "1"
L 12/12/2019 - 14:11:57: Server cvar "sv_alltalk" = "1"
L 12/12/2019 - 14:11:57: Server cvar "sv_bounce" = "1"
L 12/12/2019 - 14:11:57: Server cvar "sv_cheats" = "0"
L 12/12/2019 - 14:11:57: Server cvar "sv_clienttrace" = "1"
L 12/12/2019 - 14:11:57: Server cvar "sv_contact" = "feruchio599@gmail.com"
L 12/12/2019 - 14:11:57: Server cvar "sv_friction" = "4"
L 12/12/2019 - 14:11:57: Server cvar "sv_gravity" = "800"
L 12/12/2019 - 14:11:57: Server cvar "sv_logblocks" = "0"
L 12/12/2019 - 14:11:57: Server cvar "sv_maxrate" = "50000"
L 12/12/2019 - 14:11:57: Server cvar "sv_maxspeed" = "900.000000"
L 12/12/2019 - 14:11:57: Server cvar "sv_minrate" = "10000"
L 12/12/2019 - 14:11:57: Server cvar "sv_password" = ""
L 12/12/2019 - 14:11:57: Server cvar "sv_proxies" = "1"
L 12/12/2019 - 14:11:57: Server cvar "sv_restart" = "0"
L 12/12/2019 - 14:11:57: Server cvar "sv_restartround" = "0"
L 12/12/2019 - 14:11:57: Server cvar "sv_stepsize" = "18"
L 12/12/2019 - 14:11:57: Server cvar "sv_stopspeed" = "75"
L 12/12/2019 - 14:11:57: Server cvar "sv_uploadmax" = "0.5"
L 12/12/2019 - 14:11:57: Server cvar "sv_version" = "1.1.2.7/Stdio,48,1621"
L 12/12/2019 - 14:11:57: Server cvar "sv_voiceenable" = "1"
L 12/12/2019 - 14:11:57: Server cvar "sv_wateraccelerate" = "10"
L 12/12/2019 - 14:11:57: Server cvar "sv_waterfriction" = "1"
L 12/12/2019 - 14:11:57: Server cvar "Team_Semiclip_version" = "3.3.1"
L 12/12/2019 - 14:11:57: Server cvar "vehicle_real_killer" = "1.1"
L 12/12/2019 - 14:11:57: Server cvar "WalkGuard" = "1.3.2"
L 12/12/2019 - 14:11:57: Server cvar "we_grenades" = "Huehue"
L 12/12/2019 - 14:11:57: Server cvar "we_player_models" = "Huehue"
L 12/12/2019 - 14:11:57: Server cvar "whb_version" = "1.5.692"
L 12/12/2019 - 14:11:57: Server cvar "zp_jp_version" = "Extra Item Jetpack+Bazooka v3.2"
L 12/12/2019 - 14:11:57: Server cvars end
L 12/12/2019 - 14:11:59: Server cvar "sv_maxspeed" = "900"
L 12/12/2019 - 14:11:59: Server cvar "mp_autoteambalance" = "1"
L 12/12/2019 - 14:11:59: Server cvar "mp_timelimit" = "20"
L 12/12/2019 - 14:11:59: Server cvar "mp_autoteambalance" = "0"
L 12/12/2019 - 14:11:59: Server cvar "amx_nextmap" = "[not yet voted on]"
L 12/12/2019 - 14:12:00: Started map "cs_jeep_rally2" (CRC "-662898138")
L 12/12/2019 - 14:12:02: [REUNION]: MWR-SOBT (87.120.48.109) authorized as RevEmu
L 12/12/2019 - 14:12:02: "MWR-SOBT<19><STEAM_1:1:1657453429><>" connected, address "87.120.48.109:27005"
L 12/12/2019 - 14:12:02: World triggered "Round_Start"
L 12/12/2019 - 14:12:04: [REUNION]: bossa (94.156.117.43) authorized as RevEmu
L 12/12/2019 - 14:12:04: "bossa<20><STEAM_1:0:853193476><>" connected, address "94.156.117.43:27005"
L 12/12/2019 - 14:12:04: [REUNION]: Mr.HigH.RNG : S G S (46.217.148.161) authorized as RevEmu
L 12/12/2019 - 14:12:04: "Mr.HigH.RNG : S G S<21><STEAM_2:0:315919210><>" connected, address "46.217.148.161:27005"
L 12/12/2019 - 14:12:05: "MWR-SOBT<19><STEAM_1:1:1657453429><>" entered the game
L 12/12/2019 - 14:12:06: [REUNION]: [DEA].AIM.PALESTINE (199.250.150.40) authorized as RevEmu
L 12/12/2019 - 14:12:06: "[DEA].AIM.PALESTINE<22><STEAM_1:1:1316058917><>" connected, address "199.250.150.40:12792"
L 12/12/2019 - 14:12:08: "MWR-SOBT<19><STEAM_1:1:1657453429><>" joined team "CT"
L 12/12/2019 - 14:12:10: "bossa<20><STEAM_1:0:853193476><>" entered the game
L 12/12/2019 - 14:12:11: "Mr.HigH.RNG : S G S<21><STEAM_2:0:315919210><>" entered the game
L 12/12/2019 - 14:12:13: "bossa<20><STEAM_1:0:853193476><>" joined team "CT"
L 12/12/2019 - 14:12:14: "[DEA].AIM.PALESTINE<22><STEAM_1:1:1316058917><>" entered the game
L 12/12/2019 - 14:12:15: "Mr.HigH.RNG : S G S<21><STEAM_2:0:315919210><>" joined team "TERRORIST"
L 12/12/2019 - 14:12:15: World triggered "Game_Commencing"
L 12/12/2019 - 14:12:15: World triggered "Game_Commencing" (CT "0") (T "0")
L 12/12/2019 - 14:12:15: World triggered "Round_End"
L 12/12/2019 - 14:12:19: "[DEA].AIM.PALESTINE<22><STEAM_1:1:1316058917><>" joined team "TERRORIST"
L 12/12/2019 - 14:12:19: World triggered "Round_Start"
L 12/12/2019 - 14:13:19: "bossa<20><STEAM_1:0:853193476><CT>" killed "Mr.HigH.RNG : S G S<21><STEAM_2:0:315919210><TERRORIST>" with "sg552"
L 12/12/2019 - 14:13:22: "MWR-SOBT<19><STEAM_1:1:1657453429><CT>" killed "[DEA].AIM.PALESTINE<22><STEAM_1:1:1316058917><TERRORIST>" with "usp"
L 12/12/2019 - 14:13:22: Team "CT" triggered "CTs_Win" (CT "1") (T "0")
L 12/12/2019 - 14:13:22: World triggered "Round_End"
L 12/12/2019 - 14:13:28: World triggered "Round_Start"
L 12/12/2019 - 14:13:50: "bossa<20><STEAM_1:0:853193476><CT>" disconnected
L 12/12/2019 - 14:14:35: "Mr.HigH.RNG : S G S<21><STEAM_2:0:315919210><TERRORIST>" killed "MWR-SOBT<19><STEAM_1:1:1657453429><CT>" with "mac10"
L 12/12/2019 - 14:14:35: Team "TERRORIST" triggered "Terrorists_Win" (CT "1") (T "1")
L 12/12/2019 - 14:14:35: World triggered "Round_End"
L 12/12/2019 - 14:14:37: "Mr.HigH.RNG : S G S<21><STEAM_2:0:315919210><TERRORIST>" committed suicide with "world"
L 12/12/2019 - 14:14:37: "Mr.HigH.RNG : S G S<21><STEAM_2:0:315919210><TERRORIST>" joined team "CT"
L 12/12/2019 - 14:14:41: World triggered "Round_Start"
L 12/12/2019 - 14:15:13: "[DEA].AIM.PALESTINE<22><STEAM_1:1:1316058917><TERRORIST>" killed "MWR-SOBT<19><STEAM_1:1:1657453429><CT>" with "awp"
L 12/12/2019 - 14:16:01: "[DEA].AIM.PALESTINE<22><STEAM_1:1:1316058917><TERRORIST>" killed "Mr.HigH.RNG : S G S<21><STEAM_2:0:315919210><CT>" with "awp"
L 12/12/2019 - 14:16:01: Team "TERRORIST" triggered "Terrorists_Win" (CT "1") (T "2")
L 12/12/2019 - 14:16:01: World triggered "Round_End"
L 12/12/2019 - 14:16:07: World triggered "Round_Start"
L 12/12/2019 - 14:16:35: "[DEA].AIM.PALESTINE<22><STEAM_1:1:1316058917><TERRORIST>" killed "MWR-SOBT<19><STEAM_1:1:1657453429><CT>" with "awp"
L 12/12/2019 - 14:16:41: "Mr.HigH.RNG : S G S<21><STEAM_2:0:315919210><CT>" killed "[DEA].AIM.PALESTINE<22><STEAM_1:1:1316058917><TERRORIST>" with "m4a1"
L 12/12/2019 - 14:16:41: Team "CT" triggered "CTs_Win" (CT "2") (T "2")
L 12/12/2019 - 14:16:41: World triggered "Round_End"
L 12/12/2019 - 14:16:47: World triggered "Round_Start"
L 12/12/2019 - 14:17:16: "[DEA].AIM.PALESTINE<22><STEAM_1:1:1316058917><TERRORIST>" killed "Mr.HigH.RNG : S G S<21><STEAM_2:0:315919210><CT>" with "awp"
L 12/12/2019 - 14:17:36: "[DEA].AIM.PALESTINE<22><STEAM_1:1:1316058917><TERRORIST>" killed "MWR-SOBT<19><STEAM_1:1:1657453429><CT>" with "awp"
L 12/12/2019 - 14:17:36: Team "TERRORIST" triggered "Terrorists_Win" (CT "2") (T "3")
L 12/12/2019 - 14:17:36: World triggered "Round_End"
L 12/12/2019 - 14:17:42: World triggered "Round_Start"
L 12/12/2019 - 14:18:24: "[DEA].AIM.PALESTINE<22><STEAM_1:1:1316058917><TERRORIST>" killed "MWR-SOBT<19><STEAM_1:1:1657453429><CT>" with "awp"
L 12/12/2019 - 14:18:50: "Mr.HigH.RNG : S G S<21><STEAM_2:0:315919210><CT>" committed suicide with "world"
L 12/12/2019 - 14:18:50: Team "TERRORIST" triggered "Terrorists_Win" (CT "2") (T "4")
L 12/12/2019 - 14:18:50: World triggered "Round_End"
L 12/12/2019 - 14:18:56: World triggered "Round_Start"
L 12/12/2019 - 14:19:00: [REUNION]: IP 193.42.110.171 banned for 10 minutes for query flooding (PPS: 327)
L 12/12/2019 - 14:19:02: "Mr.HigH.RNG : S G S<21><STEAM_2:0:315919210><CT>" committed suicide with "world"
L 12/12/2019 - 14:19:02: "Mr.HigH.RNG : S G S<21><STEAM_2:0:315919210><CT>" joined team "SPECTATOR"
L 12/12/2019 - 14:19:08: "Mr.HigH.RNG : S G S<21><STEAM_2:0:315919210><SPECTATOR>" disconnected
L 12/12/2019 - 14:20:48: "[DEA].AIM.PALESTINE<22><STEAM_1:1:1316058917><TERRORIST>" killed "MWR-SOBT<19><STEAM_1:1:1657453429><CT>" with "g3sg1"
L 12/12/2019 - 14:20:48: Team "TERRORIST" triggered "Terrorists_Win" (CT "2") (T "5")
L 12/12/2019 - 14:20:48: World triggered "Round_End"
L 12/12/2019 - 14:20:54: World triggered "Round_Start"
L 12/12/2019 - 14:21:22: "[DEA].AIM.PALESTINE<22><STEAM_1:1:1316058917><TERRORIST>" killed "MWR-SOBT<19><STEAM_1:1:1657453429><CT>" with "famas"
L 12/12/2019 - 14:21:22: Team "TERRORIST" triggered "Terrorists_Win" (CT "2") (T "6")
L 12/12/2019 - 14:21:22: World triggered "Round_End"
L 12/12/2019 - 14:21:28: World triggered "Round_Start"
L 12/12/2019 - 14:21:49: "[DEA].AIM.PALESTINE<22><STEAM_1:1:1316058917><TERRORIST>" killed "MWR-SOBT<19><STEAM_1:1:1657453429><CT>" with "galil"
L 12/12/2019 - 14:21:49: Team "TERRORIST" triggered "Terrorists_Win" (CT "2") (T "7")
L 12/12/2019 - 14:21:49: World triggered "Round_End"
L 12/12/2019 - 14:21:55: World triggered "Round_Start"
L 12/12/2019 - 14:22:54: "MWR-SOBT<19><STEAM_1:1:1657453429><CT>" killed "[DEA].AIM.PALESTINE<22><STEAM_1:1:1316058917><TERRORIST>" with "sg550"
L 12/12/2019 - 14:22:54: Team "CT" triggered "CTs_Win" (CT "3") (T "7")
L 12/12/2019 - 14:22:54: World triggered "Round_End"
L 12/12/2019 - 14:22:54: [REUNION]: hekk tekk (195.199.251.135) authorized as RevEmu
L 12/12/2019 - 14:22:54: "hekk tekk<23><STEAM_1:0:1746463904><>" connected, address "195.199.251.135:35719"
L 12/12/2019 - 14:22:57: "[DEA].AIM.PALESTINE<22><STEAM_1:1:1316058917><TERRORIST>" disconnected
L 12/12/2019 - 14:23:00: World triggered "Round_Start"
L 12/12/2019 - 14:25:18: Team "TERRORIST" triggered "Hostages_Not_Rescued" (CT "3") (T "8")
L 12/12/2019 - 14:25:18: World triggered "Round_End"
L 12/12/2019 - 14:25:24: World triggered "Round_Start"
L 12/12/2019 - 14:27:42: Team "TERRORIST" triggered "Hostages_Not_Rescued" (CT "3") (T "9")
L 12/12/2019 - 14:27:42: World triggered "Round_End"
L 12/12/2019 - 14:27:48: World triggered "Round_Start"
L 12/12/2019 - 14:30:06: Team "TERRORIST" triggered "Hostages_Not_Rescued" (CT "3") (T "10")
L 12/12/2019 - 14:30:06: World triggered "Round_End"
L 12/12/2019 - 14:30:12: World triggered "Round_Start"
L 12/12/2019 - 14:31:03: Server cvar "amx_nextmap" = "cars_n_robots"
L 12/12/2019 - 14:31:59: Server cvar "mp_timelimit" = "0.000000"
L 12/12/2019 - 14:32:05: [REUNION]: bossa (94.156.117.43) authorized as RevEmu
L 12/12/2019 - 14:32:05: "bossa<24><STEAM_1:0:853193476><>" connected, address "94.156.117.43:27005"
L 12/12/2019 - 14:32:07: [REUNION]: bossa (94.156.117.43) authorized as RevEmu
L 12/12/2019 - 14:32:07: "bossa<25><STEAM_1:0:853193476><>" connected, address "94.156.117.43:27005"
L 12/12/2019 - 14:32:13: "bossa<25><STEAM_1:0:853193476><>" entered the game
L 12/12/2019 - 14:32:17: "bossa<25><STEAM_1:0:853193476><>" joined team "TERRORIST"
L 12/12/2019 - 14:32:17: Team "CT" triggered "CTs_Win" (CT "4") (T "10")
L 12/12/2019 - 14:32:17: World triggered "Round_End"
L 12/12/2019 - 14:32:23: World triggered "Round_Start"
L 12/12/2019 - 14:32:23: Server cvar "sv_maxspeed" = "0.000000"
L 12/12/2019 - 14:32:23: Server cvar "mp_friendlyfire" = "1"
L 12/12/2019 - 14:32:30: Server cvar "sv_maxspeed" = "900.000000"
L 12/12/2019 - 14:32:30: Server cvar "mp_friendlyfire" = "0"
L 12/12/2019 - 14:32:30: Server cvar "mp_timelimit" = "20.000000"
L 12/12/2019 - 14:32:30: [META] ini: Begin re-reading plugins list: /home/rented/public9/cstrike/addons/metamod/plugins.ini
L 12/12/2019 - 14:32:30: [META] ini: Read plugin config for: SafeNameAndChat
L 12/12/2019 - 14:32:30: [META] ini: Read plugin config for: AMX Mod X
L 12/12/2019 - 14:32:30: [META] ini: Read plugin config for: Reunion
L 12/12/2019 - 14:32:30: [META] ini: Read plugin config for: ReAuthCheck
L 12/12/2019 - 14:32:30: [META] ini: Read plugin config for: WHBlocker
L 12/12/2019 - 14:32:30: [META] ini: Read plugin config for: ReSemiclip
L 12/12/2019 - 14:32:30: [META] ini: Read plugin config for: Revoice
L 12/12/2019 - 14:32:30: [META] ini: Finished reading plugins list: /home/rented/public9/cstrike/addons/metamod/plugins.ini; Found 7 plugins
L 12/12/2019 - 14:32:30: [META] dll: Updating plugins...
L 12/12/2019 - 14:32:30: [META] WARNING: Cannot clear plugin 'SafeNameAndChat'; not marked as failed, empty, or open (status=valid)
L 12/12/2019 - 14:32:30: [META] dll: Unloaded plugin 'SafeNameAndChat' for reason 'file on disk is newer'
L 12/12/2019 - 14:32:30: [META] dll: Loaded plugin 'SafeNameAndChat': SafeNameAndChat v1.1 2017.02.01, WPMG.PRoSToC0der
L 12/12/2019 - 14:32:30: [META] WARNING: Cannot clear plugin 'WHBlocker'; not marked as failed, empty, or open (status=valid)
L 12/12/2019 - 14:32:30: [META] dll: Unloaded plugin 'WHBlocker' for reason 'file on disk is newer'
L 12/12/2019 - 14:32:30: [META] dll: Loaded plugin 'WHBlocker': WHBlocker v1.5.692 2017-04-13, s1lent
L 12/12/2019 - 14:32:30: [META] WARNING: Cannot clear plugin 'ReSemiclip'; not marked as failed, empty, or open (status=valid)
L 12/12/2019 - 14:32:30: [META] dll: Unloaded plugin 'ReSemiclip' for reason 'file on disk is newer'
L 12/12/2019 - 14:32:30: [META] dll: Loaded plugin 'ReSemiclip': ReSemiclip v2.3.9 13/02/17, s1lent & Adidasman
L 12/12/2019 - 14:32:30: [META] dll: Finished updating 14 plugins; kept 0, loaded 0, unloaded 0, reloaded 3, delayed 0
L 12/12/2019 - 14:32:30: "bossa<25><STEAM_1:0:853193476><TERRORIST>" disconnected
L 12/12/2019 - 14:32:30: "MWR-SOBT<19><STEAM_1:1:1657453429><CT>" disconnected
L 12/12/2019 - 14:32:30: World triggered "Round_Draw" (CT "4") (T "10")
L 12/12/2019 - 14:32:30: World triggered "Round_End"
L 12/12/2019 - 14:32:30: Log file closed
