L 12/15/2019 - 16:30:16: Log file started (file "logs/L1215159.log") (game "cstrike") (version "48/1.1.2.7/Stdio/1621")
L 12/15/2019 - 16:30:16: Loading map "big_city2"
L 12/15/2019 - 16:30:16: Server cvars start
L 12/15/2019 - 16:30:16: Server cvar "@BunnyHopper" = "3.x"
L 12/15/2019 - 16:30:16: Server cvar "@CRXGoSpec" = "1.1"
L 12/15/2019 - 16:30:16: Server cvar "@CRXRemoveImmunity" = "1.0"
L 12/15/2019 - 16:30:16: Server cvar "@D.I.C.E." = "1.1"
L 12/15/2019 - 16:30:16: Server cvar "@MOTDCommands" = "1.2"
L 12/15/2019 - 16:30:16: Server cvar "advanced_quake_sounds" = "5.0"
L 12/15/2019 - 16:30:16: Server cvar "AdvancedMute" = "1.0"
L 12/15/2019 - 16:30:16: Server cvar "aesp_version" = "1.3"
L 12/15/2019 - 16:30:16: Server cvar "allow_spectators" = "1.0"
L 12/15/2019 - 16:30:16: Server cvar "amx_client_languages" = "1"
L 12/15/2019 - 16:30:16: Server cvar "amx_language" = "en"
L 12/15/2019 - 16:30:16: Server cvar "amx_nextmap" = "big_city2"
L 12/15/2019 - 16:30:16: Server cvar "amx_ptb_version" = "1.8b3"
L 12/15/2019 - 16:30:16: Server cvar "amx_timeleft" = "00:00"
L 12/15/2019 - 16:30:16: Server cvar "amxmodx_version" = "1.8.2"
L 12/15/2019 - 16:30:16: Server cvar "amxxbg_vip" = "1.0"
L 12/15/2019 - 16:30:16: Server cvar "asp_version" = "4.5.1"
L 12/15/2019 - 16:30:16: Server cvar "atac_version" = "3.0.1"
L 12/15/2019 - 16:30:16: Server cvar "badcamper_version" = "1.4 beta"
L 12/15/2019 - 16:30:16: Server cvar "blockmaker" = "4.01"
L 12/15/2019 - 16:30:16: Server cvar "c4 timer" = "1.1"
L 12/15/2019 - 16:30:16: Server cvar "coop" = "0"
L 12/15/2019 - 16:30:16: Server cvar "CRXAdminGroups" = "1.0"
L 12/15/2019 - 16:30:16: Server cvar "CRXCommandRestrictions" = "1.0"
L 12/15/2019 - 16:30:16: Server cvar "CRXFastKnife" = "1.0"
L 12/15/2019 - 16:30:16: Server cvar "CRXGametracker" = "2.0"
L 12/15/2019 - 16:30:16: Server cvar "CRXKnifeModels" = "2.5.7"
L 12/15/2019 - 16:30:16: Server cvar "CRXTeamAdvantage" = "1.0"
L 12/15/2019 - 16:30:16: Server cvar "CustomShop" = "4.2"
L 12/15/2019 - 16:30:16: Server cvar "deathmatch" = "1"
L 12/15/2019 - 16:30:16: Server cvar "decalfrequency" = "0"
L 12/15/2019 - 16:30:16: Server cvar "edgefriction" = "2"
L 12/15/2019 - 16:30:16: Server cvar "ers_version" = "2.3c"
L 12/15/2019 - 16:30:16: Server cvar "gagsystem_shoko" = "1.0"
L 12/15/2019 - 16:30:16: Server cvar "gal_mapcyclefile" = "mapcycle.txt"
L 12/15/2019 - 16:30:16: Server cvar "gal_version" = "v5.9.1-926"
L 12/15/2019 - 16:30:16: Server cvar "game_version" = "5.7.0.313-dev"
L 12/15/2019 - 16:30:16: Server cvar "humans_join_team" = "any"
L 12/15/2019 - 16:30:16: Server cvar "jtp10181" = "chute,gore"
L 12/15/2019 - 16:30:16: Server cvar "lawliet" = "ny_RainingSnow"
L 12/15/2019 - 16:30:16: Server cvar "LetitSnow" = "1.0"
L 12/15/2019 - 16:30:16: Server cvar "map_spawns" = "T(16) CT(16)"
L 12/15/2019 - 16:30:16: Server cvar "max_queries_sec" = "3"
L 12/15/2019 - 16:30:16: Server cvar "max_queries_sec_global" = "150"
L 12/15/2019 - 16:30:16: Server cvar "max_queries_window" = "60"
L 12/15/2019 - 16:30:16: Server cvar "mdbBans" = "4.8"
L 12/15/2019 - 16:30:16: Server cvar "metamod_version" = "1.21p37"
L 12/15/2019 - 16:30:16: Server cvar "mp_autokick" = "0"
L 12/15/2019 - 16:30:16: Server cvar "mp_autokick_timeout" = "-1"
L 12/15/2019 - 16:30:16: Server cvar "mp_autoteambalance" = "0"
L 12/15/2019 - 16:30:16: Server cvar "mp_buytime" = "0.25"
L 12/15/2019 - 16:30:16: Server cvar "mp_c4timer" = "35"
L 12/15/2019 - 16:30:16: Server cvar "mp_chattime" = "5.000000"
L 12/15/2019 - 16:30:16: Server cvar "mp_consistency" = "1"
L 12/15/2019 - 16:30:16: Server cvar "mp_fadetoblack" = "0"
L 12/15/2019 - 16:30:16: Server cvar "mp_flashlight" = "1"
L 12/15/2019 - 16:30:16: Server cvar "mp_footsteps" = "1"
L 12/15/2019 - 16:30:16: Server cvar "mp_forcecamera" = "0"
L 12/15/2019 - 16:30:16: Server cvar "mp_forcechasecam" = "0"
L 12/15/2019 - 16:30:16: Server cvar "mp_forcerespawn" = "0"
L 12/15/2019 - 16:30:16: Server cvar "mp_fraglimit" = "0"
L 12/15/2019 - 16:30:16: Server cvar "mp_fragsleft" = "0"
L 12/15/2019 - 16:30:16: Server cvar "mp_freeforall" = "0"
L 12/15/2019 - 16:30:16: Server cvar "mp_freezetime" = "1"
L 12/15/2019 - 16:30:16: Server cvar "mp_friendlyfire" = "0"
L 12/15/2019 - 16:30:16: Server cvar "mp_hostage_hurtable" = "1"
L 12/15/2019 - 16:30:16: Server cvar "mp_hostagepenalty" = "0"
L 12/15/2019 - 16:30:16: Server cvar "mp_item_staytime" = "300"
L 12/15/2019 - 16:30:16: Server cvar "mp_kickpercent" = "0.66"
L 12/15/2019 - 16:30:16: Server cvar "mp_legacy_bombtarget_touch" = "1"
L 12/15/2019 - 16:30:16: Server cvar "mp_limitteams" = "0"
L 12/15/2019 - 16:30:16: Server cvar "mp_logdetail" = "0"
L 12/15/2019 - 16:30:16: Server cvar "mp_logfile" = "1"
L 12/15/2019 - 16:30:16: Server cvar "mp_logmessages" = "1"
L 12/15/2019 - 16:30:16: Server cvar "mp_mapvoteratio" = "0.66"
L 12/15/2019 - 16:30:16: Server cvar "mp_maxmoney" = "999999"
L 12/15/2019 - 16:30:16: Server cvar "mp_maxrounds" = "0"
L 12/15/2019 - 16:30:16: Server cvar "mp_mirrordamage" = "0"
L 12/15/2019 - 16:30:16: Server cvar "mp_old_bomb_defused_sound" = "1"
L 12/15/2019 - 16:30:16: Server cvar "mp_playerid" = "0"
L 12/15/2019 - 16:30:16: Server cvar "mp_respawn_immunitytime" = "0"
L 12/15/2019 - 16:30:16: Server cvar "mp_round_infinite" = "0"
L 12/15/2019 - 16:30:16: Server cvar "mp_round_restart_delay" = "5"
L 12/15/2019 - 16:30:16: Server cvar "mp_roundover" = "0"
L 12/15/2019 - 16:30:16: Server cvar "mp_roundtime" = "2.3"
L 12/15/2019 - 16:30:16: Server cvar "mp_show_radioicon" = "1"
L 12/15/2019 - 16:30:16: Server cvar "mp_startmoney" = "850"
L 12/15/2019 - 16:30:16: Server cvar "mp_timeleft" = "00:00"
L 12/15/2019 - 16:30:16: Server cvar "mp_timelimit" = "20.000000"
L 12/15/2019 - 16:30:16: Server cvar "mp_tkpunish" = "0"
L 12/15/2019 - 16:30:16: Server cvar "mp_windifference" = "1"
L 12/15/2019 - 16:30:16: Server cvar "mp_winlimit" = "0"
L 12/15/2019 - 16:30:16: Server cvar "NoWeaponsOnGround" = "1.0"
L 12/15/2019 - 16:30:16: Server cvar "pausable" = "0"
L 12/15/2019 - 16:30:16: Server cvar "present_version" = "2.01"
L 12/15/2019 - 16:30:16: Server cvar "RandomHP" = "2.2"
L 12/15/2019 - 16:30:16: Server cvar "reauthcheck_version" = "0.1.6"
L 12/15/2019 - 16:30:16: Server cvar "reconnect_features" = "0.3.1"
L 12/15/2019 - 16:30:16: Server cvar "report_system_version" = "3.1"
L 12/15/2019 - 16:30:16: Server cvar "resemiclip_version" = "2.3.9"
L 12/15/2019 - 16:30:16: Server cvar "reu_version" = "0.1.0.130"
L 12/15/2019 - 16:30:16: Server cvar "revoice_version" = "0.1.0.30"
L 12/15/2019 - 16:30:16: Server cvar "RRWM" = "2.0"
L 12/15/2019 - 16:30:16: Server cvar "sanksounds_version" = "1.8.6"
L 12/15/2019 - 16:30:16: Server cvar "SimpleMenu" = "1.1"
L 12/15/2019 - 16:30:16: Server cvar "SNAC_Version" = "1.1"
L 12/15/2019 - 16:30:16: Server cvar "SpecList" = "1.2a"
L 12/15/2019 - 16:30:16: Server cvar "sr_version" = "1.6"
L 12/15/2019 - 16:30:16: Server cvar "statsx_shell_ver" = "2.0.0 (BETA)"
L 12/15/2019 - 16:30:16: Server cvar "StyleC4Timer" = "2.1"
L 12/15/2019 - 16:30:16: Server cvar "sv_accelerate" = "5"
L 12/15/2019 - 16:30:16: Server cvar "sv_aim" = "1"
L 12/15/2019 - 16:30:16: Server cvar "sv_airaccelerate" = "100"
L 12/15/2019 - 16:30:16: Server cvar "sv_allowupload" = "1"
L 12/15/2019 - 16:30:16: Server cvar "sv_alltalk" = "1"
L 12/15/2019 - 16:30:16: Server cvar "sv_bounce" = "1"
L 12/15/2019 - 16:30:16: Server cvar "sv_cheats" = "0"
L 12/15/2019 - 16:30:16: Server cvar "sv_clienttrace" = "1"
L 12/15/2019 - 16:30:16: Server cvar "sv_contact" = "feruchio599@gmail.com"
L 12/15/2019 - 16:30:16: Server cvar "sv_friction" = "4"
L 12/15/2019 - 16:30:16: Server cvar "sv_gravity" = "800"
L 12/15/2019 - 16:30:16: Server cvar "sv_logblocks" = "0"
L 12/15/2019 - 16:30:16: Server cvar "sv_maxrate" = "50000"
L 12/15/2019 - 16:30:16: Server cvar "sv_maxspeed" = "900.000000"
L 12/15/2019 - 16:30:16: Server cvar "sv_minrate" = "10000"
L 12/15/2019 - 16:30:16: Server cvar "sv_password" = ""
L 12/15/2019 - 16:30:16: Server cvar "sv_proxies" = "1"
L 12/15/2019 - 16:30:16: Server cvar "sv_restart" = "0"
L 12/15/2019 - 16:30:16: Server cvar "sv_restartround" = "0"
L 12/15/2019 - 16:30:16: Server cvar "sv_stepsize" = "18"
L 12/15/2019 - 16:30:16: Server cvar "sv_stopspeed" = "75"
L 12/15/2019 - 16:30:16: Server cvar "sv_uploadmax" = "0.5"
L 12/15/2019 - 16:30:16: Server cvar "sv_version" = "1.1.2.7/Stdio,48,1621"
L 12/15/2019 - 16:30:16: Server cvar "sv_voiceenable" = "1"
L 12/15/2019 - 16:30:16: Server cvar "sv_wateraccelerate" = "10"
L 12/15/2019 - 16:30:16: Server cvar "sv_waterfriction" = "1"
L 12/15/2019 - 16:30:16: Server cvar "Team_Semiclip_version" = "3.3.1"
L 12/15/2019 - 16:30:16: Server cvar "vehicle_real_killer" = "1.1"
L 12/15/2019 - 16:30:16: Server cvar "WalkGuard" = "1.3.2"
L 12/15/2019 - 16:30:16: Server cvar "we_grenades" = "Huehue"
L 12/15/2019 - 16:30:16: Server cvar "we_player_models" = "Huehue"
L 12/15/2019 - 16:30:16: Server cvar "whb_version" = "1.5.692"
L 12/15/2019 - 16:30:16: Server cvar "zp_jp_version" = "Extra Item Jetpack+Bazooka v3.2"
L 12/15/2019 - 16:30:16: Server cvars end
L 12/15/2019 - 16:30:19: Server cvar "sv_maxspeed" = "900"
L 12/15/2019 - 16:30:19: Server cvar "mp_autoteambalance" = "1"
L 12/15/2019 - 16:30:19: Server cvar "mp_timelimit" = "20"
L 12/15/2019 - 16:30:19: Server cvar "mp_autoteambalance" = "0"
L 12/15/2019 - 16:30:19: Server cvar "amx_nextmap" = "[not yet voted on]"
L 12/15/2019 - 16:30:20: Started map "big_city2" (CRC "602850574")
L 12/15/2019 - 16:30:22: World triggered "Round_Start"
L 12/15/2019 - 16:30:24: "XxXgeorgiXxX :)<102><STEAM_1:1:1289710602><>" entered the game
L 12/15/2019 - 16:30:26: "XxXgeorgiXxX :)<102><STEAM_1:1:1289710602><>" joined team "TERRORIST"
L 12/15/2019 - 16:30:26: [REUNION]: zergo (178.221.51.71) authorized as RevEmu
L 12/15/2019 - 16:30:26: "zergo<108><STEAM_1:0:1564342469><>" connected, address "178.221.51.71:27005"
L 12/15/2019 - 16:30:34: "zergo<108><STEAM_1:0:1564342469><>" entered the game
L 12/15/2019 - 16:30:37: "zergo<108><STEAM_1:0:1564342469><>" joined team "TERRORIST"
L 12/15/2019 - 16:30:57: "XxXgeorgiXxX :)<102><STEAM_1:1:1289710602><TERRORIST>" killed "zergo<108><STEAM_1:0:1564342469><TERRORIST>" with "tracktrain"
L 12/15/2019 - 16:30:59: "XxXgeorgiXxX :)<102><STEAM_1:1:1289710602><TERRORIST>" committed suicide with "world"
L 12/15/2019 - 16:30:59: World triggered "Round_Draw" (CT "0") (T "0")
L 12/15/2019 - 16:30:59: World triggered "Round_End"
L 12/15/2019 - 16:30:59: "XxXgeorgiXxX :)<102><STEAM_1:1:1289710602><TERRORIST>" joined team "CT"
L 12/15/2019 - 16:31:05: World triggered "Round_Start"
L 12/15/2019 - 16:31:34: "zergo<108><STEAM_1:0:1564342469><TERRORIST>" killed "XxXgeorgiXxX :)<102><STEAM_1:1:1289710602><CT>" with "glock18"
L 12/15/2019 - 16:31:34: World triggered "Game_Commencing"
L 12/15/2019 - 16:31:34: World triggered "Game_Commencing" (CT "0") (T "0")
L 12/15/2019 - 16:31:34: World triggered "Round_End"
L 12/15/2019 - 16:31:38: World triggered "Round_Start"
L 12/15/2019 - 16:31:44: "XxXgeorgiXxX :)<102><STEAM_1:1:1289710602><CT>" killed "zergo<108><STEAM_1:0:1564342469><TERRORIST>" with "deagle"
L 12/15/2019 - 16:31:44: Team "CT" triggered "CTs_Win" (CT "1") (T "0")
L 12/15/2019 - 16:31:44: World triggered "Round_End"
L 12/15/2019 - 16:31:50: World triggered "Round_Start"
L 12/15/2019 - 16:32:12: "zergo<108><STEAM_1:0:1564342469><TERRORIST>" killed "XxXgeorgiXxX :)<102><STEAM_1:1:1289710602><CT>" with "galil"
L 12/15/2019 - 16:32:12: Team "TERRORIST" triggered "Terrorists_Win" (CT "1") (T "1")
L 12/15/2019 - 16:32:12: World triggered "Round_End"
L 12/15/2019 - 16:32:18: World triggered "Round_Start"
L 12/15/2019 - 16:32:19: "zergo<108><STEAM_1:0:1564342469><TERRORIST>" triggered "Killed_A_Hostage"
L 12/15/2019 - 16:33:11: "XxXgeorgiXxX :)<102><STEAM_1:1:1289710602><CT>" killed "zergo<108><STEAM_1:0:1564342469><TERRORIST>" with "tracktrain"
L 12/15/2019 - 16:33:11: Team "CT" triggered "CTs_Win" (CT "2") (T "1")
L 12/15/2019 - 16:33:11: World triggered "Round_End"
L 12/15/2019 - 16:33:17: World triggered "Round_Start"
L 12/15/2019 - 16:33:41: "XxXgeorgiXxX :)<102><STEAM_1:1:1289710602><CT>" killed "zergo<108><STEAM_1:0:1564342469><TERRORIST>" with "ump45"
L 12/15/2019 - 16:33:41: Team "CT" triggered "CTs_Win" (CT "3") (T "1")
L 12/15/2019 - 16:33:41: World triggered "Round_End"
L 12/15/2019 - 16:33:47: World triggered "Round_Start"
L 12/15/2019 - 16:33:56: "zergo<108><STEAM_1:0:1564342469><TERRORIST>" disconnected
L 12/15/2019 - 16:34:33: "XxXgeorgiXxX :)<102><STEAM_1:1:1289710602><CT>" disconnected
L 12/15/2019 - 16:34:33: World triggered "Round_Draw" (CT "3") (T "1")
L 12/15/2019 - 16:34:33: World triggered "Round_End"
L 12/15/2019 - 16:34:39: World triggered "Round_Start"
L 12/15/2019 - 16:36:57: Team "TERRORIST" triggered "Hostages_Not_Rescued" (CT "3") (T "1")
L 12/15/2019 - 16:36:57: World triggered "Round_End"
L 12/15/2019 - 16:37:03: World triggered "Round_Start"
L 12/15/2019 - 16:39:21: Team "TERRORIST" triggered "Hostages_Not_Rescued" (CT "3") (T "1")
L 12/15/2019 - 16:39:21: World triggered "Round_End"
L 12/15/2019 - 16:39:27: World triggered "Round_Start"
L 12/15/2019 - 16:41:45: Team "TERRORIST" triggered "Hostages_Not_Rescued" (CT "3") (T "1")
L 12/15/2019 - 16:41:45: World triggered "Round_End"
L 12/15/2019 - 16:41:51: World triggered "Round_Start"
L 12/15/2019 - 16:44:09: Team "TERRORIST" triggered "Hostages_Not_Rescued" (CT "3") (T "1")
L 12/15/2019 - 16:44:09: World triggered "Round_End"
L 12/15/2019 - 16:44:15: World triggered "Round_Start"
L 12/15/2019 - 16:46:33: Team "TERRORIST" triggered "Hostages_Not_Rescued" (CT "3") (T "1")
L 12/15/2019 - 16:46:33: World triggered "Round_End"
L 12/15/2019 - 16:46:39: World triggered "Round_Start"
L 12/15/2019 - 16:48:57: Team "TERRORIST" triggered "Hostages_Not_Rescued" (CT "3") (T "1")
L 12/15/2019 - 16:48:57: World triggered "Round_End"
L 12/15/2019 - 16:49:03: World triggered "Round_Start"
L 12/15/2019 - 16:51:21: Team "TERRORIST" triggered "Hostages_Not_Rescued" (CT "3") (T "1")
L 12/15/2019 - 16:51:21: World triggered "Round_End"
L 12/15/2019 - 16:51:27: World triggered "Round_Start"
L 12/15/2019 - 16:51:37: Server cvar "mp_chattime" = "7.000000"
L 12/15/2019 - 16:51:37: Server cvar "amx_nextmap" = "city_of_roadrage"
L 12/15/2019 - 16:51:37: Team "CT" scored "3" with "0" players
L 12/15/2019 - 16:51:37: Team "TERRORIST" scored "1" with "0" players
L 12/15/2019 - 16:51:42: Server cvar "mp_chattime" = "5.000000"
L 12/15/2019 - 16:51:42: [META] ini: Begin re-reading plugins list: /home/rented/public9/cstrike/addons/metamod/plugins.ini
L 12/15/2019 - 16:51:42: [META] ini: Read plugin config for: SafeNameAndChat
L 12/15/2019 - 16:51:42: [META] ini: Read plugin config for: AMX Mod X
L 12/15/2019 - 16:51:42: [META] ini: Read plugin config for: Reunion
L 12/15/2019 - 16:51:42: [META] ini: Read plugin config for: ReAuthCheck
L 12/15/2019 - 16:51:42: [META] ini: Read plugin config for: WHBlocker
L 12/15/2019 - 16:51:42: [META] ini: Read plugin config for: ReSemiclip
L 12/15/2019 - 16:51:42: [META] ini: Read plugin config for: Revoice
L 12/15/2019 - 16:51:42: [META] ini: Finished reading plugins list: /home/rented/public9/cstrike/addons/metamod/plugins.ini; Found 7 plugins
L 12/15/2019 - 16:51:42: [META] dll: Updating plugins...
L 12/15/2019 - 16:51:42: [META] WARNING: Cannot clear plugin 'SafeNameAndChat'; not marked as failed, empty, or open (status=valid)
L 12/15/2019 - 16:51:42: [META] dll: Unloaded plugin 'SafeNameAndChat' for reason 'file on disk is newer'
L 12/15/2019 - 16:51:42: [META] dll: Loaded plugin 'SafeNameAndChat': SafeNameAndChat v1.1 2017.02.01, WPMG.PRoSToC0der
L 12/15/2019 - 16:51:42: [META] WARNING: Cannot clear plugin 'WHBlocker'; not marked as failed, empty, or open (status=valid)
L 12/15/2019 - 16:51:42: [META] dll: Unloaded plugin 'WHBlocker' for reason 'file on disk is newer'
L 12/15/2019 - 16:51:42: [META] dll: Loaded plugin 'WHBlocker': WHBlocker v1.5.692 2017-04-13, s1lent
L 12/15/2019 - 16:51:42: [META] WARNING: Cannot clear plugin 'ReSemiclip'; not marked as failed, empty, or open (status=valid)
L 12/15/2019 - 16:51:42: [META] dll: Unloaded plugin 'ReSemiclip' for reason 'file on disk is newer'
L 12/15/2019 - 16:51:42: [META] dll: Loaded plugin 'ReSemiclip': ReSemiclip v2.3.9 13/02/17, s1lent & Adidasman
L 12/15/2019 - 16:51:42: [META] dll: Finished updating 14 plugins; kept 0, loaded 0, unloaded 0, reloaded 3, delayed 0
L 12/15/2019 - 16:51:42: Log file closed
