L 12/19/2019 - 19:54:43: Log file started (file "logs/L1219082.log") (game "cstrike") (version "48/1.1.2.7/Stdio/1621")
L 12/19/2019 - 19:54:43: Loading map "city_of_roadrage2"
L 12/19/2019 - 19:54:43: Server cvars start
L 12/19/2019 - 19:54:43: Server cvar "@BunnyHopper" = "3.x"
L 12/19/2019 - 19:54:43: Server cvar "@CRXGoSpec" = "1.1"
L 12/19/2019 - 19:54:43: Server cvar "@CRXRemoveImmunity" = "1.0"
L 12/19/2019 - 19:54:43: Server cvar "@D.I.C.E." = "1.1"
L 12/19/2019 - 19:54:43: Server cvar "@MOTDCommands" = "1.2"
L 12/19/2019 - 19:54:43: Server cvar "advanced_quake_sounds" = "5.0"
L 12/19/2019 - 19:54:43: Server cvar "AdvancedMute" = "1.0"
L 12/19/2019 - 19:54:43: Server cvar "aesp_version" = "1.3"
L 12/19/2019 - 19:54:43: Server cvar "allow_spectators" = "1.0"
L 12/19/2019 - 19:54:43: Server cvar "amx_client_languages" = "1"
L 12/19/2019 - 19:54:43: Server cvar "amx_language" = "en"
L 12/19/2019 - 19:54:43: Server cvar "amx_nextmap" = "city_of_roadrage2"
L 12/19/2019 - 19:54:43: Server cvar "amx_ptb_version" = "1.8b3"
L 12/19/2019 - 19:54:43: Server cvar "amx_timeleft" = "06:44"
L 12/19/2019 - 19:54:43: Server cvar "amxmodx_version" = "1.8.2"
L 12/19/2019 - 19:54:43: Server cvar "amxxbg_vip" = "1.0"
L 12/19/2019 - 19:54:43: Server cvar "asp_version" = "4.5.1"
L 12/19/2019 - 19:54:43: Server cvar "atac_version" = "3.0.1"
L 12/19/2019 - 19:54:43: Server cvar "badcamper_version" = "1.4 beta"
L 12/19/2019 - 19:54:43: Server cvar "blockmaker" = "4.01"
L 12/19/2019 - 19:54:43: Server cvar "c4 timer" = "1.1"
L 12/19/2019 - 19:54:43: Server cvar "coop" = "0"
L 12/19/2019 - 19:54:43: Server cvar "CRXAdminGroups" = "1.0"
L 12/19/2019 - 19:54:43: Server cvar "CRXCommandRestrictions" = "1.0"
L 12/19/2019 - 19:54:43: Server cvar "CRXFastKnife" = "1.0"
L 12/19/2019 - 19:54:43: Server cvar "CRXGametracker" = "2.0"
L 12/19/2019 - 19:54:43: Server cvar "CRXKnifeModels" = "2.5.7"
L 12/19/2019 - 19:54:43: Server cvar "CRXTeamAdvantage" = "1.0"
L 12/19/2019 - 19:54:43: Server cvar "CustomShop" = "4.2"
L 12/19/2019 - 19:54:43: Server cvar "deathmatch" = "1"
L 12/19/2019 - 19:54:43: Server cvar "decalfrequency" = "0"
L 12/19/2019 - 19:54:43: Server cvar "edgefriction" = "2"
L 12/19/2019 - 19:54:43: Server cvar "ers_version" = "2.3c"
L 12/19/2019 - 19:54:43: Server cvar "gagsystem_shoko" = "1.0"
L 12/19/2019 - 19:54:43: Server cvar "gal_mapcyclefile" = "mapcycle.txt"
L 12/19/2019 - 19:54:43: Server cvar "gal_version" = "v5.9.1-926"
L 12/19/2019 - 19:54:43: Server cvar "game_version" = "5.7.0.313-dev"
L 12/19/2019 - 19:54:43: Server cvar "humans_join_team" = "any"
L 12/19/2019 - 19:54:43: Server cvar "jtp10181" = "chute,gore"
L 12/19/2019 - 19:54:43: Server cvar "lawliet" = "ny_RainingSnow"
L 12/19/2019 - 19:54:43: Server cvar "LetitSnow" = "1.0"
L 12/19/2019 - 19:54:43: Server cvar "map_spawns" = "T(16) CT(16)"
L 12/19/2019 - 19:54:43: Server cvar "max_queries_sec" = "3"
L 12/19/2019 - 19:54:43: Server cvar "max_queries_sec_global" = "150"
L 12/19/2019 - 19:54:43: Server cvar "max_queries_window" = "60"
L 12/19/2019 - 19:54:43: Server cvar "mdbBans" = "4.8"
L 12/19/2019 - 19:54:43: Server cvar "metamod_version" = "1.21p37"
L 12/19/2019 - 19:54:43: Server cvar "mp_autokick" = "0"
L 12/19/2019 - 19:54:43: Server cvar "mp_autokick_timeout" = "-1"
L 12/19/2019 - 19:54:43: Server cvar "mp_autoteambalance" = "0"
L 12/19/2019 - 19:54:43: Server cvar "mp_buytime" = "0.25"
L 12/19/2019 - 19:54:43: Server cvar "mp_c4timer" = "35"
L 12/19/2019 - 19:54:43: Server cvar "mp_chattime" = "10.000000"
L 12/19/2019 - 19:54:43: Server cvar "mp_consistency" = "1"
L 12/19/2019 - 19:54:43: Server cvar "mp_fadetoblack" = "0"
L 12/19/2019 - 19:54:43: Server cvar "mp_flashlight" = "1"
L 12/19/2019 - 19:54:43: Server cvar "mp_footsteps" = "1"
L 12/19/2019 - 19:54:43: Server cvar "mp_forcecamera" = "0"
L 12/19/2019 - 19:54:43: Server cvar "mp_forcechasecam" = "0"
L 12/19/2019 - 19:54:43: Server cvar "mp_forcerespawn" = "0"
L 12/19/2019 - 19:54:43: Server cvar "mp_fraglimit" = "0"
L 12/19/2019 - 19:54:43: Server cvar "mp_fragsleft" = "0"
L 12/19/2019 - 19:54:43: Server cvar "mp_freeforall" = "0"
L 12/19/2019 - 19:54:43: Server cvar "mp_freezetime" = "1"
L 12/19/2019 - 19:54:43: Server cvar "mp_friendlyfire" = "0"
L 12/19/2019 - 19:54:43: Server cvar "mp_hostage_hurtable" = "1"
L 12/19/2019 - 19:54:43: Server cvar "mp_hostagepenalty" = "0"
L 12/19/2019 - 19:54:43: Server cvar "mp_item_staytime" = "300"
L 12/19/2019 - 19:54:43: Server cvar "mp_kickpercent" = "0.66"
L 12/19/2019 - 19:54:43: Server cvar "mp_legacy_bombtarget_touch" = "1"
L 12/19/2019 - 19:54:43: Server cvar "mp_limitteams" = "0"
L 12/19/2019 - 19:54:43: Server cvar "mp_logdetail" = "0"
L 12/19/2019 - 19:54:43: Server cvar "mp_logfile" = "1"
L 12/19/2019 - 19:54:43: Server cvar "mp_logmessages" = "1"
L 12/19/2019 - 19:54:43: Server cvar "mp_mapvoteratio" = "0.66"
L 12/19/2019 - 19:54:43: Server cvar "mp_maxmoney" = "999999"
L 12/19/2019 - 19:54:43: Server cvar "mp_maxrounds" = "0"
L 12/19/2019 - 19:54:43: Server cvar "mp_mirrordamage" = "0"
L 12/19/2019 - 19:54:43: Server cvar "mp_old_bomb_defused_sound" = "1"
L 12/19/2019 - 19:54:43: Server cvar "mp_playerid" = "0"
L 12/19/2019 - 19:54:43: Server cvar "mp_respawn_immunitytime" = "0"
L 12/19/2019 - 19:54:43: Server cvar "mp_round_infinite" = "0"
L 12/19/2019 - 19:54:43: Server cvar "mp_round_restart_delay" = "5"
L 12/19/2019 - 19:54:43: Server cvar "mp_roundover" = "0"
L 12/19/2019 - 19:54:43: Server cvar "mp_roundtime" = "2.3"
L 12/19/2019 - 19:54:43: Server cvar "mp_show_radioicon" = "1"
L 12/19/2019 - 19:54:43: Server cvar "mp_startmoney" = "850"
L 12/19/2019 - 19:54:43: Server cvar "mp_timeleft" = "06:44"
L 12/19/2019 - 19:54:43: Server cvar "mp_timelimit" = "20"
L 12/19/2019 - 19:54:43: Server cvar "mp_tkpunish" = "0"
L 12/19/2019 - 19:54:43: Server cvar "mp_windifference" = "1"
L 12/19/2019 - 19:54:43: Server cvar "mp_winlimit" = "0"
L 12/19/2019 - 19:54:43: Server cvar "NoWeaponsOnGround" = "1.0"
L 12/19/2019 - 19:54:43: Server cvar "pausable" = "0"
L 12/19/2019 - 19:54:43: Server cvar "present_version" = "2.01"
L 12/19/2019 - 19:54:43: Server cvar "RandomHP" = "2.2"
L 12/19/2019 - 19:54:43: Server cvar "reauthcheck_version" = "0.1.6"
L 12/19/2019 - 19:54:43: Server cvar "reconnect_features" = "0.3.1"
L 12/19/2019 - 19:54:43: Server cvar "report_system_version" = "3.1"
L 12/19/2019 - 19:54:43: Server cvar "resemiclip_version" = "2.3.9"
L 12/19/2019 - 19:54:43: Server cvar "reu_version" = "0.1.0.130"
L 12/19/2019 - 19:54:43: Server cvar "revoice_version" = "0.1.0.30"
L 12/19/2019 - 19:54:43: Server cvar "RRWM" = "2.0"
L 12/19/2019 - 19:54:43: Server cvar "sanksounds_version" = "1.8.6"
L 12/19/2019 - 19:54:43: Server cvar "SimpleMenu" = "1.1"
L 12/19/2019 - 19:54:43: Server cvar "SNAC_Version" = "1.1"
L 12/19/2019 - 19:54:43: Server cvar "SpecList" = "1.2a"
L 12/19/2019 - 19:54:43: Server cvar "sr_version" = "1.6"
L 12/19/2019 - 19:54:43: Server cvar "statsx_shell_ver" = "2.0.0 (BETA)"
L 12/19/2019 - 19:54:43: Server cvar "StyleC4Timer" = "2.1"
L 12/19/2019 - 19:54:43: Server cvar "sv_accelerate" = "5"
L 12/19/2019 - 19:54:43: Server cvar "sv_aim" = "1"
L 12/19/2019 - 19:54:43: Server cvar "sv_airaccelerate" = "100"
L 12/19/2019 - 19:54:43: Server cvar "sv_allowupload" = "1"
L 12/19/2019 - 19:54:43: Server cvar "sv_alltalk" = "1"
L 12/19/2019 - 19:54:43: Server cvar "sv_bounce" = "1"
L 12/19/2019 - 19:54:43: Server cvar "sv_cheats" = "0"
L 12/19/2019 - 19:54:43: Server cvar "sv_clienttrace" = "1"
L 12/19/2019 - 19:54:43: Server cvar "sv_contact" = "feruchio599@gmail.com"
L 12/19/2019 - 19:54:43: Server cvar "sv_friction" = "4"
L 12/19/2019 - 19:54:43: Server cvar "sv_gravity" = "800"
L 12/19/2019 - 19:54:43: Server cvar "sv_logblocks" = "0"
L 12/19/2019 - 19:54:43: Server cvar "sv_maxrate" = "50000"
L 12/19/2019 - 19:54:43: Server cvar "sv_maxspeed" = "900.000000"
L 12/19/2019 - 19:54:43: Server cvar "sv_minrate" = "10000"
L 12/19/2019 - 19:54:43: Server cvar "sv_password" = ""
L 12/19/2019 - 19:54:43: Server cvar "sv_proxies" = "1"
L 12/19/2019 - 19:54:43: Server cvar "sv_restart" = "0"
L 12/19/2019 - 19:54:43: Server cvar "sv_restartround" = "0"
L 12/19/2019 - 19:54:43: Server cvar "sv_stepsize" = "18"
L 12/19/2019 - 19:54:43: Server cvar "sv_stopspeed" = "75"
L 12/19/2019 - 19:54:43: Server cvar "sv_uploadmax" = "0.5"
L 12/19/2019 - 19:54:43: Server cvar "sv_version" = "1.1.2.7/Stdio,48,1621"
L 12/19/2019 - 19:54:43: Server cvar "sv_voiceenable" = "1"
L 12/19/2019 - 19:54:43: Server cvar "sv_wateraccelerate" = "10"
L 12/19/2019 - 19:54:43: Server cvar "sv_waterfriction" = "1"
L 12/19/2019 - 19:54:43: Server cvar "Team_Semiclip_version" = "3.3.1"
L 12/19/2019 - 19:54:43: Server cvar "vehicle_real_killer" = "1.1"
L 12/19/2019 - 19:54:43: Server cvar "WalkGuard" = "1.3.2"
L 12/19/2019 - 19:54:43: Server cvar "we_grenades" = "Huehue"
L 12/19/2019 - 19:54:43: Server cvar "we_player_models" = "Huehue"
L 12/19/2019 - 19:54:43: Server cvar "whb_version" = "1.5.692"
L 12/19/2019 - 19:54:43: Server cvar "zp_jp_version" = "Extra Item Jetpack+Bazooka v3.2"
L 12/19/2019 - 19:54:43: Server cvars end
L 12/19/2019 - 19:54:45: Server cvar "sv_maxspeed" = "900"
L 12/19/2019 - 19:54:45: Server cvar "mp_autoteambalance" = "1"
L 12/19/2019 - 19:54:46: Server cvar "mp_autoteambalance" = "0"
L 12/19/2019 - 19:54:46: Server cvar "amx_nextmap" = "[not yet voted on]"
L 12/19/2019 - 19:54:47: Started map "city_of_roadrage2" (CRC "1877532567")
L 12/19/2019 - 19:54:49: World triggered "Round_Start"
L 12/19/2019 - 19:54:51: "2Pacalypse<21><VALVE_ID_LAN><>" entered the game
L 12/19/2019 - 19:54:51: [REUNION]: H@de$! (92.86.213.196) authorized as RevEmu
L 12/19/2019 - 19:54:51: "H@de$!<25><STEAM_1:1:1476057679><>" connected, address "92.86.213.196:27005"
L 12/19/2019 - 19:54:52: "BABAITA<22><STEAM_1:0:603964278><>" entered the game
L 12/19/2019 - 19:54:52: "H3ADROOM<17><STEAM_0:0:150924950><>" entered the game
L 12/19/2019 - 19:54:53: "*Wazz*<18><STEAM_0:0:197790604><>" entered the game
L 12/19/2019 - 19:54:56: "H@de$!<25><STEAM_1:1:1476057679><>" entered the game
L 12/19/2019 - 19:54:56: "*Wazz*<18><STEAM_0:0:197790604><>" joined team "CT"
L 12/19/2019 - 19:54:57: [REUNION]: Player (5.58.180.59) authorized as RevEmu
L 12/19/2019 - 19:54:57: "Player<26><STEAM_2:0:1886291632><>" connected, address "5.58.180.59:27005"
L 12/19/2019 - 19:54:57: "BABAITA<22><STEAM_1:0:603964278><>" joined team "CT"
L 12/19/2019 - 19:54:58: "H3ADROOM<17><STEAM_0:0:150924950><>" joined team "TERRORIST"
L 12/19/2019 - 19:54:58: World triggered "Game_Commencing"
L 12/19/2019 - 19:54:58: World triggered "Game_Commencing" (CT "0") (T "0")
L 12/19/2019 - 19:54:58: World triggered "Round_End"
L 12/19/2019 - 19:54:59: "2Pacalypse<21><VALVE_ID_LAN><>" joined team "TERRORIST"
L 12/19/2019 - 19:55:00: "H@de$!<25><STEAM_1:1:1476057679><>" joined team "TERRORIST"
L 12/19/2019 - 19:55:02: World triggered "Round_Start"
L 12/19/2019 - 19:55:02: "Player<26><STEAM_2:0:1886291632><>" entered the game
L 12/19/2019 - 19:55:06: "Player<26><STEAM_2:0:1886291632><>" joined team "TERRORIST"
L 12/19/2019 - 19:56:06: "2Pacalypse<21><VALVE_ID_LAN><TERRORIST>" killed "*Wazz*<18><STEAM_0:0:197790604><CT>" with "mac10"
L 12/19/2019 - 19:56:35: "2Pacalypse<21><VALVE_ID_LAN><TERRORIST>" committed suicide with "tracktrain"
L 12/19/2019 - 19:56:59: "Player<26><STEAM_2:0:1886291632><TERRORIST>" killed "BABAITA<22><STEAM_1:0:603964278><CT>" with "p90"
L 12/19/2019 - 19:56:59: Team "TERRORIST" triggered "Terrorists_Win" (CT "0") (T "1")
L 12/19/2019 - 19:56:59: World triggered "Round_End"
L 12/19/2019 - 19:57:05: World triggered "Round_Start"
L 12/19/2019 - 19:57:50: "Player<26><STEAM_2:0:1886291632><TERRORIST>" killed "BABAITA<22><STEAM_1:0:603964278><CT>" with "p90"
L 12/19/2019 - 19:58:09: "H@de$!<25><STEAM_1:1:1476057679><TERRORIST>" killed "H3ADROOM<17><STEAM_0:0:150924950><TERRORIST>" with "tracktrain"
L 12/19/2019 - 19:58:09: "H@de$!<25><STEAM_1:1:1476057679><TERRORIST>" killed "Player<26><STEAM_2:0:1886291632><TERRORIST>" with "tracktrain"
L 12/19/2019 - 19:58:10: "*Wazz*<18><STEAM_0:0:197790604><CT>" killed "2Pacalypse<21><VALVE_ID_LAN><TERRORIST>" with "famas"
L 12/19/2019 - 19:58:14: "H@de$!<25><STEAM_1:1:1476057679><TERRORIST>" committed suicide with "world"
L 12/19/2019 - 19:58:14: Team "CT" triggered "CTs_Win" (CT "1") (T "1")
L 12/19/2019 - 19:58:14: World triggered "Round_End"
L 12/19/2019 - 19:58:20: World triggered "Round_Start"
L 12/19/2019 - 19:58:41: "*Wazz*<18><STEAM_0:0:197790604><CT>" killed "H@de$!<25><STEAM_1:1:1476057679><TERRORIST>" with "ak47"
L 12/19/2019 - 19:58:41: [REUNION]: svemirski burek s mesom:D (212.200.181.156) authorized as RevEmu
L 12/19/2019 - 19:58:41: "svemirski burek s mesom:D<27><STEAM_1:0:2084001081><>" connected, address "212.200.181.156:21754"
L 12/19/2019 - 19:58:54: "Player<26><STEAM_2:0:1886291632><TERRORIST>" killed "*Wazz*<18><STEAM_0:0:197790604><CT>" with "ak47"
L 12/19/2019 - 19:59:08: "BABAITA<22><STEAM_1:0:603964278><CT>" killed "H3ADROOM<17><STEAM_0:0:150924950><TERRORIST>" with "m4a1"
L 12/19/2019 - 19:59:39: "H@de$!<25><STEAM_1:1:1476057679><TERRORIST>" disconnected
L 12/19/2019 - 20:00:19: "BABAITA<22><STEAM_1:0:603964278><CT>" killed "2Pacalypse<21><VALVE_ID_LAN><TERRORIST>" with "m4a1"
L 12/19/2019 - 20:00:32: [REUNION]: svemirski burek s mesom:D (212.200.181.156) authorized as RevEmu
L 12/19/2019 - 20:00:32: "svemirski burek s mesom:D<28><STEAM_1:0:2084001081><>" connected, address "212.200.181.156:30450"
L 12/19/2019 - 20:00:37: "*Wazz*<18><STEAM_0:0:197790604><CT>" disconnected
L 12/19/2019 - 20:00:38: Team "TERRORIST" triggered "Hostages_Not_Rescued" (CT "1") (T "2")
L 12/19/2019 - 20:00:38: World triggered "Round_End"
L 12/19/2019 - 20:00:43: "2Pacalypse<21><VALVE_ID_LAN><TERRORIST>" joined team "CT"
L 12/19/2019 - 20:00:43: "<><><>" triggered "amx_chat" (text "[PTB] Transfered 2Pacalypse to CT")
L 12/19/2019 - 20:00:44: World triggered "Round_Start"
L 12/19/2019 - 20:01:15: "Player<26><STEAM_2:0:1886291632><TERRORIST>" killed "2Pacalypse<21><VALVE_ID_LAN><CT>" with "ak47"
L 12/19/2019 - 20:01:21: "2Pacalypse<21><VALVE_ID_LAN><CT>" joined team "TERRORIST"
L 12/19/2019 - 20:01:21: "Player<26><STEAM_2:0:1886291632><TERRORIST>" killed "BABAITA<22><STEAM_1:0:603964278><CT>" with "ak47"
L 12/19/2019 - 20:01:21: Team "TERRORIST" triggered "Terrorists_Win" (CT "1") (T "3")
L 12/19/2019 - 20:01:21: World triggered "Round_End"
L 12/19/2019 - 20:01:26: "Player<26><STEAM_2:0:1886291632><TERRORIST>" joined team "CT"
L 12/19/2019 - 20:01:26: "<><><>" triggered "amx_chat" (text "[PTB] Transfered Player to CT")
L 12/19/2019 - 20:01:27: World triggered "Round_Start"
L 12/19/2019 - 20:01:35: "Player<26><STEAM_2:0:1886291632><CT>" killed "BABAITA<22><STEAM_1:0:603964278><CT>" with "tracktrain"
L 12/19/2019 - 20:01:39: "Player<26><STEAM_2:0:1886291632><CT>" committed suicide with "world"
L 12/19/2019 - 20:01:39: Team "TERRORIST" triggered "Terrorists_Win" (CT "1") (T "4")
L 12/19/2019 - 20:01:39: World triggered "Round_End"
L 12/19/2019 - 20:01:41: "H3ADROOM<17><STEAM_0:0:150924950><TERRORIST>" committed suicide with "tracktrain"
L 12/19/2019 - 20:01:43: "Player<26><STEAM_2:0:1886291632><CT>" joined team "TERRORIST"
L 12/19/2019 - 20:01:45: World triggered "Round_Start"
L 12/19/2019 - 20:02:18: "2Pacalypse<21><VALVE_ID_LAN><TERRORIST>" killed "BABAITA<22><STEAM_1:0:603964278><CT>" with "ak47"
L 12/19/2019 - 20:02:18: Team "TERRORIST" triggered "Terrorists_Win" (CT "1") (T "5")
L 12/19/2019 - 20:02:18: World triggered "Round_End"
L 12/19/2019 - 20:02:24: World triggered "Round_Start"
L 12/19/2019 - 20:02:33: "H3ADROOM<17><STEAM_0:0:150924950><TERRORIST>" killed "2Pacalypse<21><VALVE_ID_LAN><TERRORIST>" with "tracktrain"
L 12/19/2019 - 20:02:37: "H3ADROOM<17><STEAM_0:0:150924950><TERRORIST>" committed suicide with "world"
L 12/19/2019 - 20:02:55: "BABAITA<22><STEAM_1:0:603964278><CT>" committed suicide with "worldspawn" (world)
L 12/19/2019 - 20:02:55: Team "TERRORIST" triggered "Terrorists_Win" (CT "1") (T "6")
L 12/19/2019 - 20:02:55: World triggered "Round_End"
L 12/19/2019 - 20:03:00: "2Pacalypse<21><VALVE_ID_LAN><TERRORIST>" joined team "CT"
L 12/19/2019 - 20:03:00: "<><><>" triggered "amx_chat" (text "[PTB] Transfered 2Pacalypse to CT")
L 12/19/2019 - 20:03:01: World triggered "Round_Start"
L 12/19/2019 - 20:03:22: "H3ADROOM<17><STEAM_0:0:150924950><TERRORIST>" committed suicide with "tracktrain"
L 12/19/2019 - 20:03:32: "Player<26><STEAM_2:0:1886291632><TERRORIST>" killed "2Pacalypse<21><VALVE_ID_LAN><CT>" with "ak47"
L 12/19/2019 - 20:03:35: "BABAITA<22><STEAM_1:0:603964278><CT>" killed "Player<26><STEAM_2:0:1886291632><TERRORIST>" with "usp"
L 12/19/2019 - 20:03:35: Team "CT" triggered "CTs_Win" (CT "2") (T "6")
L 12/19/2019 - 20:03:35: World triggered "Round_End"
L 12/19/2019 - 20:03:41: World triggered "Round_Start"
L 12/19/2019 - 20:04:41: "Player<26><STEAM_2:0:1886291632><TERRORIST>" killed "2Pacalypse<21><VALVE_ID_LAN><CT>" with "knife"
L 12/19/2019 - 20:04:43: "BABAITA<22><STEAM_1:0:603964278><CT>" killed "H3ADROOM<17><STEAM_0:0:150924950><TERRORIST>" with "mac10"
L 12/19/2019 - 20:05:19: [REUNION]: Ghostface (77.85.24.154) authorized as NoSteam47
L 12/19/2019 - 20:05:19: "Ghostface<29><VALVE_ID_LAN><>" connected, address "77.85.24.154:27005"
L 12/19/2019 - 20:05:22: [REUNION]: Ghostface (77.85.24.154) authorized as NoSteam47
L 12/19/2019 - 20:05:22: "Ghostface<30><VALVE_ID_LAN><>" connected, address "77.85.24.154:27005"
L 12/19/2019 - 20:05:27: "Player<26><STEAM_2:0:1886291632><TERRORIST>" committed suicide with "world"
L 12/19/2019 - 20:05:27: Team "CT" triggered "CTs_Win" (CT "3") (T "6")
L 12/19/2019 - 20:05:27: World triggered "Round_End"
L 12/19/2019 - 20:05:33: World triggered "Round_Start"
L 12/19/2019 - 20:05:33: "Ghostface<30><VALVE_ID_LAN><>" entered the game
L 12/19/2019 - 20:05:35: "Ghostface<30><VALVE_ID_LAN><>" joined team "CT"
L 12/19/2019 - 20:05:45: "H3ADROOM<17><STEAM_0:0:150924950><TERRORIST>" triggered "Killed_A_Hostage"
L 12/19/2019 - 20:05:49: "H3ADROOM<17><STEAM_0:0:150924950><TERRORIST>" triggered "Killed_A_Hostage"
L 12/19/2019 - 20:06:09: "2Pacalypse<21><VALVE_ID_LAN><CT>" killed "H3ADROOM<17><STEAM_0:0:150924950><TERRORIST>" with "m4a1"
L 12/19/2019 - 20:06:17: "BABAITA<22><STEAM_1:0:603964278><CT>" killed "Player<26><STEAM_2:0:1886291632><TERRORIST>" with "m4a1"
L 12/19/2019 - 20:06:17: Team "CT" triggered "CTs_Win" (CT "4") (T "6")
L 12/19/2019 - 20:06:17: World triggered "Round_End"
L 12/19/2019 - 20:06:23: World triggered "Round_Start"
L 12/19/2019 - 20:06:40: "H3ADROOM<17><STEAM_0:0:150924950><TERRORIST>" committed suicide with "tracktrain"
L 12/19/2019 - 20:06:45: "H3ADROOM<17><STEAM_0:0:150924950><TERRORIST>" disconnected
L 12/19/2019 - 20:06:58: "2Pacalypse<21><VALVE_ID_LAN><CT>" killed "Player<26><STEAM_2:0:1886291632><TERRORIST>" with "m4a1"
L 12/19/2019 - 20:06:58: Team "CT" triggered "CTs_Win" (CT "5") (T "6")
L 12/19/2019 - 20:06:58: World triggered "Round_End"
L 12/19/2019 - 20:07:03: "2Pacalypse<21><VALVE_ID_LAN><CT>" joined team "TERRORIST"
L 12/19/2019 - 20:07:03: "<><><>" triggered "amx_chat" (text "[PTB] Transfered 2Pacalypse to TERRORIST")
L 12/19/2019 - 20:07:04: World triggered "Round_Start"
L 12/19/2019 - 20:08:13: "Ghostface<30><VALVE_ID_LAN><CT>" killed "2Pacalypse<21><VALVE_ID_LAN><TERRORIST>" with "usp"
L 12/19/2019 - 20:08:46: "Player<26><STEAM_2:0:1886291632><TERRORIST>" killed "Ghostface<30><VALVE_ID_LAN><CT>" with "elite"
L 12/19/2019 - 20:08:47: "Player<26><STEAM_2:0:1886291632><TERRORIST>" killed "BABAITA<22><STEAM_1:0:603964278><CT>" with "elite"
L 12/19/2019 - 20:08:47: Team "TERRORIST" triggered "Terrorists_Win" (CT "5") (T "7")
L 12/19/2019 - 20:08:47: World triggered "Round_End"
L 12/19/2019 - 20:08:53: World triggered "Round_Start"
L 12/19/2019 - 20:09:37: "BABAITA<22><STEAM_1:0:603964278><CT>" killed "Player<26><STEAM_2:0:1886291632><TERRORIST>" with "awp"
L 12/19/2019 - 20:09:41: "Player<26><STEAM_2:0:1886291632><TERRORIST>" disconnected
L 12/19/2019 - 20:10:51: [REUNION]: +-->Kllier`Boss<--+ (82.205.40.240) authorized as RevEmu
L 12/19/2019 - 20:10:51: "+-->Kllier`Boss<--+<31><STEAM_1:1:1316058917><>" connected, address "82.205.40.240:14037"
L 12/19/2019 - 20:10:55: Server cvar "amx_nextmap" = "ship_fight"
L 12/19/2019 - 20:11:01: "+-->Kllier`Boss<--+<31><STEAM_1:1:1316058917><>" entered the game
L 12/19/2019 - 20:11:03: "2Pacalypse<21><VALVE_ID_LAN><TERRORIST>" killed "Ghostface<30><VALVE_ID_LAN><CT>" with "ak47"
L 12/19/2019 - 20:11:07: "+-->Kllier`Boss<--+<31><STEAM_1:1:1316058917><>" joined team "TERRORIST"
L 12/19/2019 - 20:11:11: Team "TERRORIST" triggered "Hostages_Not_Rescued" (CT "5") (T "8")
L 12/19/2019 - 20:11:11: World triggered "Round_End"
L 12/19/2019 - 20:11:17: World triggered "Round_Start"
L 12/19/2019 - 20:11:17: Server cvar "sv_maxspeed" = "0.000000"
L 12/19/2019 - 20:11:17: Server cvar "mp_friendlyfire" = "1"
L 12/19/2019 - 20:11:21: "Ghostface<30><VALVE_ID_LAN><CT>" killed "BABAITA<22><STEAM_1:0:603964278><CT>" with "m4a1"
L 12/19/2019 - 20:11:24: "Ghostface<30><VALVE_ID_LAN><CT>" committed suicide with "world"
L 12/19/2019 - 20:11:24: Team "TERRORIST" triggered "Terrorists_Win" (CT "5") (T "9")
L 12/19/2019 - 20:11:24: World triggered "Round_End"
L 12/19/2019 - 20:11:28: Server cvar "sv_maxspeed" = "900.000000"
L 12/19/2019 - 20:11:28: Server cvar "mp_friendlyfire" = "0"
L 12/19/2019 - 20:11:29: [META] ini: Begin re-reading plugins list: /home/rented/public9/cstrike/addons/metamod/plugins.ini
L 12/19/2019 - 20:11:29: [META] ini: Read plugin config for: SafeNameAndChat
L 12/19/2019 - 20:11:29: [META] ini: Read plugin config for: AMX Mod X
L 12/19/2019 - 20:11:29: [META] ini: Read plugin config for: Reunion
L 12/19/2019 - 20:11:29: [META] ini: Read plugin config for: ReAuthCheck
L 12/19/2019 - 20:11:29: [META] ini: Read plugin config for: WHBlocker
L 12/19/2019 - 20:11:29: [META] ini: Read plugin config for: ReSemiclip
L 12/19/2019 - 20:11:29: [META] ini: Read plugin config for: Revoice
L 12/19/2019 - 20:11:29: [META] ini: Finished reading plugins list: /home/rented/public9/cstrike/addons/metamod/plugins.ini; Found 7 plugins
L 12/19/2019 - 20:11:29: [META] dll: Updating plugins...
L 12/19/2019 - 20:11:29: [META] WARNING: Cannot clear plugin 'SafeNameAndChat'; not marked as failed, empty, or open (status=valid)
L 12/19/2019 - 20:11:29: [META] dll: Unloaded plugin 'SafeNameAndChat' for reason 'file on disk is newer'
L 12/19/2019 - 20:11:29: [META] dll: Loaded plugin 'SafeNameAndChat': SafeNameAndChat v1.1 2017.02.01, WPMG.PRoSToC0der
L 12/19/2019 - 20:11:29: [META] WARNING: Cannot clear plugin 'WHBlocker'; not marked as failed, empty, or open (status=valid)
L 12/19/2019 - 20:11:29: [META] dll: Unloaded plugin 'WHBlocker' for reason 'file on disk is newer'
L 12/19/2019 - 20:11:29: [META] dll: Loaded plugin 'WHBlocker': WHBlocker v1.5.692 2017-04-13, s1lent
L 12/19/2019 - 20:11:29: [META] WARNING: Cannot clear plugin 'ReSemiclip'; not marked as failed, empty, or open (status=valid)
L 12/19/2019 - 20:11:29: [META] dll: Unloaded plugin 'ReSemiclip' for reason 'file on disk is newer'
L 12/19/2019 - 20:11:29: [META] dll: Loaded plugin 'ReSemiclip': ReSemiclip v2.3.9 13/02/17, s1lent & Adidasman
L 12/19/2019 - 20:11:29: [META] dll: Finished updating 14 plugins; kept 0, loaded 0, unloaded 0, reloaded 3, delayed 0
L 12/19/2019 - 20:11:29: "+-->Kllier`Boss<--+<31><STEAM_1:1:1316058917><TERRORIST>" disconnected
L 12/19/2019 - 20:11:29: "2Pacalypse<21><VALVE_ID_LAN><TERRORIST>" disconnected
L 12/19/2019 - 20:11:29: "Ghostface<30><VALVE_ID_LAN><CT>" disconnected
L 12/19/2019 - 20:11:29: "BABAITA<22><STEAM_1:0:603964278><CT>" disconnected
L 12/19/2019 - 20:11:29: Log file closed
