L 12/12/2019 - 18:47:05: Log file started (file "logs/L1212167.log") (game "cstrike") (version "48/1.1.2.7/Stdio/1621")
L 12/12/2019 - 18:47:05: Loading map "cs_carzzz"
L 12/12/2019 - 18:47:05: Server cvars start
L 12/12/2019 - 18:47:05: Server cvar "@BunnyHopper" = "3.x"
L 12/12/2019 - 18:47:05: Server cvar "@CRXGoSpec" = "1.1"
L 12/12/2019 - 18:47:05: Server cvar "@CRXRemoveImmunity" = "1.0"
L 12/12/2019 - 18:47:05: Server cvar "@D.I.C.E." = "1.1"
L 12/12/2019 - 18:47:05: Server cvar "@MOTDCommands" = "1.2"
L 12/12/2019 - 18:47:05: Server cvar "advanced_quake_sounds" = "5.0"
L 12/12/2019 - 18:47:05: Server cvar "AdvancedMute" = "1.0"
L 12/12/2019 - 18:47:05: Server cvar "aesp_version" = "1.3"
L 12/12/2019 - 18:47:05: Server cvar "allow_spectators" = "1.0"
L 12/12/2019 - 18:47:05: Server cvar "amx_client_languages" = "1"
L 12/12/2019 - 18:47:05: Server cvar "amx_language" = "en"
L 12/12/2019 - 18:47:05: Server cvar "amx_nextmap" = "cs_carzzz"
L 12/12/2019 - 18:47:05: Server cvar "amx_ptb_version" = "1.8b3"
L 12/12/2019 - 18:47:05: Server cvar "amx_timeleft" = "00:00"
L 12/12/2019 - 18:47:05: Server cvar "amxmodx_version" = "1.8.2"
L 12/12/2019 - 18:47:05: Server cvar "amxxbg_vip" = "1.0"
L 12/12/2019 - 18:47:05: Server cvar "asp_version" = "4.5.1"
L 12/12/2019 - 18:47:05: Server cvar "atac_version" = "3.0.1"
L 12/12/2019 - 18:47:05: Server cvar "badcamper_version" = "1.4 beta"
L 12/12/2019 - 18:47:05: Server cvar "blockmaker" = "4.01"
L 12/12/2019 - 18:47:05: Server cvar "c4 timer" = "1.1"
L 12/12/2019 - 18:47:05: Server cvar "coop" = "0"
L 12/12/2019 - 18:47:05: Server cvar "CRXAdminGroups" = "1.0"
L 12/12/2019 - 18:47:05: Server cvar "CRXCommandRestrictions" = "1.0"
L 12/12/2019 - 18:47:05: Server cvar "CRXFastKnife" = "1.0"
L 12/12/2019 - 18:47:05: Server cvar "CRXGametracker" = "2.0"
L 12/12/2019 - 18:47:05: Server cvar "CRXKnifeModels" = "2.5.7"
L 12/12/2019 - 18:47:05: Server cvar "CRXTeamAdvantage" = "1.0"
L 12/12/2019 - 18:47:05: Server cvar "CustomShop" = "4.2"
L 12/12/2019 - 18:47:05: Server cvar "deathmatch" = "1"
L 12/12/2019 - 18:47:05: Server cvar "decalfrequency" = "0"
L 12/12/2019 - 18:47:05: Server cvar "edgefriction" = "2"
L 12/12/2019 - 18:47:05: Server cvar "ers_version" = "2.3c"
L 12/12/2019 - 18:47:05: Server cvar "gagsystem_shoko" = "1.0"
L 12/12/2019 - 18:47:05: Server cvar "gal_mapcyclefile" = "mapcycle.txt"
L 12/12/2019 - 18:47:05: Server cvar "gal_version" = "v5.9.1-926"
L 12/12/2019 - 18:47:05: Server cvar "game_version" = "5.7.0.313-dev"
L 12/12/2019 - 18:47:05: Server cvar "humans_join_team" = "any"
L 12/12/2019 - 18:47:05: Server cvar "jtp10181" = "chute,gore"
L 12/12/2019 - 18:47:05: Server cvar "lawliet" = "ny_RainingSnow"
L 12/12/2019 - 18:47:05: Server cvar "LetitSnow" = "1.0"
L 12/12/2019 - 18:47:05: Server cvar "map_spawns" = "T(16) CT(16)"
L 12/12/2019 - 18:47:05: Server cvar "max_queries_sec" = "3"
L 12/12/2019 - 18:47:05: Server cvar "max_queries_sec_global" = "150"
L 12/12/2019 - 18:47:05: Server cvar "max_queries_window" = "60"
L 12/12/2019 - 18:47:05: Server cvar "mdbBans" = "4.8"
L 12/12/2019 - 18:47:05: Server cvar "metamod_version" = "1.21p37"
L 12/12/2019 - 18:47:05: Server cvar "mp_autokick" = "0"
L 12/12/2019 - 18:47:05: Server cvar "mp_autokick_timeout" = "-1"
L 12/12/2019 - 18:47:05: Server cvar "mp_autoteambalance" = "0"
L 12/12/2019 - 18:47:05: Server cvar "mp_buytime" = "0.25"
L 12/12/2019 - 18:47:05: Server cvar "mp_c4timer" = "35"
L 12/12/2019 - 18:47:05: Server cvar "mp_chattime" = "10.000000"
L 12/12/2019 - 18:47:05: Server cvar "mp_consistency" = "1"
L 12/12/2019 - 18:47:05: Server cvar "mp_fadetoblack" = "0"
L 12/12/2019 - 18:47:05: Server cvar "mp_flashlight" = "1"
L 12/12/2019 - 18:47:05: Server cvar "mp_footsteps" = "1"
L 12/12/2019 - 18:47:05: Server cvar "mp_forcecamera" = "0"
L 12/12/2019 - 18:47:05: Server cvar "mp_forcechasecam" = "0"
L 12/12/2019 - 18:47:05: Server cvar "mp_forcerespawn" = "0"
L 12/12/2019 - 18:47:05: Server cvar "mp_fraglimit" = "0"
L 12/12/2019 - 18:47:05: Server cvar "mp_fragsleft" = "0"
L 12/12/2019 - 18:47:05: Server cvar "mp_freeforall" = "0"
L 12/12/2019 - 18:47:05: Server cvar "mp_freezetime" = "1"
L 12/12/2019 - 18:47:05: Server cvar "mp_friendlyfire" = "0"
L 12/12/2019 - 18:47:05: Server cvar "mp_hostage_hurtable" = "1"
L 12/12/2019 - 18:47:05: Server cvar "mp_hostagepenalty" = "0"
L 12/12/2019 - 18:47:05: Server cvar "mp_item_staytime" = "300"
L 12/12/2019 - 18:47:05: Server cvar "mp_kickpercent" = "0.66"
L 12/12/2019 - 18:47:05: Server cvar "mp_legacy_bombtarget_touch" = "1"
L 12/12/2019 - 18:47:05: Server cvar "mp_limitteams" = "0"
L 12/12/2019 - 18:47:05: Server cvar "mp_logdetail" = "0"
L 12/12/2019 - 18:47:05: Server cvar "mp_logfile" = "1"
L 12/12/2019 - 18:47:05: Server cvar "mp_logmessages" = "1"
L 12/12/2019 - 18:47:05: Server cvar "mp_mapvoteratio" = "0.66"
L 12/12/2019 - 18:47:05: Server cvar "mp_maxmoney" = "999999"
L 12/12/2019 - 18:47:05: Server cvar "mp_maxrounds" = "0"
L 12/12/2019 - 18:47:05: Server cvar "mp_mirrordamage" = "0"
L 12/12/2019 - 18:47:05: Server cvar "mp_old_bomb_defused_sound" = "1"
L 12/12/2019 - 18:47:05: Server cvar "mp_playerid" = "0"
L 12/12/2019 - 18:47:05: Server cvar "mp_respawn_immunitytime" = "0"
L 12/12/2019 - 18:47:05: Server cvar "mp_round_infinite" = "0"
L 12/12/2019 - 18:47:05: Server cvar "mp_round_restart_delay" = "5"
L 12/12/2019 - 18:47:05: Server cvar "mp_roundover" = "0"
L 12/12/2019 - 18:47:05: Server cvar "mp_roundtime" = "2.3"
L 12/12/2019 - 18:47:05: Server cvar "mp_show_radioicon" = "1"
L 12/12/2019 - 18:47:05: Server cvar "mp_startmoney" = "850"
L 12/12/2019 - 18:47:05: Server cvar "mp_timeleft" = "00:00"
L 12/12/2019 - 18:47:05: Server cvar "mp_timelimit" = "20.000000"
L 12/12/2019 - 18:47:05: Server cvar "mp_tkpunish" = "0"
L 12/12/2019 - 18:47:05: Server cvar "mp_windifference" = "1"
L 12/12/2019 - 18:47:05: Server cvar "mp_winlimit" = "0"
L 12/12/2019 - 18:47:05: Server cvar "NoWeaponsOnGround" = "1.0"
L 12/12/2019 - 18:47:05: Server cvar "pausable" = "0"
L 12/12/2019 - 18:47:05: Server cvar "present_version" = "2.01"
L 12/12/2019 - 18:47:05: Server cvar "RandomHP" = "2.2"
L 12/12/2019 - 18:47:05: Server cvar "reauthcheck_version" = "0.1.6"
L 12/12/2019 - 18:47:05: Server cvar "reconnect_features" = "0.3.1"
L 12/12/2019 - 18:47:05: Server cvar "report_system_version" = "3.1"
L 12/12/2019 - 18:47:05: Server cvar "resemiclip_version" = "2.3.9"
L 12/12/2019 - 18:47:05: Server cvar "reu_version" = "0.1.0.130"
L 12/12/2019 - 18:47:05: Server cvar "revoice_version" = "0.1.0.30"
L 12/12/2019 - 18:47:05: Server cvar "RRWM" = "2.0"
L 12/12/2019 - 18:47:05: Server cvar "sanksounds_version" = "1.8.6"
L 12/12/2019 - 18:47:05: Server cvar "SimpleMenu" = "1.1"
L 12/12/2019 - 18:47:05: Server cvar "SNAC_Version" = "1.1"
L 12/12/2019 - 18:47:05: Server cvar "SpecList" = "1.2a"
L 12/12/2019 - 18:47:05: Server cvar "sr_version" = "1.6"
L 12/12/2019 - 18:47:05: Server cvar "statsx_shell_ver" = "2.0.0 (BETA)"
L 12/12/2019 - 18:47:05: Server cvar "StyleC4Timer" = "2.1"
L 12/12/2019 - 18:47:05: Server cvar "sv_accelerate" = "5"
L 12/12/2019 - 18:47:05: Server cvar "sv_aim" = "1"
L 12/12/2019 - 18:47:05: Server cvar "sv_airaccelerate" = "100"
L 12/12/2019 - 18:47:05: Server cvar "sv_allowupload" = "1"
L 12/12/2019 - 18:47:05: Server cvar "sv_alltalk" = "1"
L 12/12/2019 - 18:47:05: Server cvar "sv_bounce" = "1"
L 12/12/2019 - 18:47:05: Server cvar "sv_cheats" = "0"
L 12/12/2019 - 18:47:05: Server cvar "sv_clienttrace" = "1"
L 12/12/2019 - 18:47:05: Server cvar "sv_contact" = "feruchio599@gmail.com"
L 12/12/2019 - 18:47:05: Server cvar "sv_friction" = "4"
L 12/12/2019 - 18:47:05: Server cvar "sv_gravity" = "800"
L 12/12/2019 - 18:47:05: Server cvar "sv_logblocks" = "0"
L 12/12/2019 - 18:47:05: Server cvar "sv_maxrate" = "50000"
L 12/12/2019 - 18:47:05: Server cvar "sv_maxspeed" = "900.000000"
L 12/12/2019 - 18:47:05: Server cvar "sv_minrate" = "10000"
L 12/12/2019 - 18:47:05: Server cvar "sv_password" = ""
L 12/12/2019 - 18:47:05: Server cvar "sv_proxies" = "1"
L 12/12/2019 - 18:47:05: Server cvar "sv_restart" = "0"
L 12/12/2019 - 18:47:05: Server cvar "sv_restartround" = "0"
L 12/12/2019 - 18:47:05: Server cvar "sv_stepsize" = "18"
L 12/12/2019 - 18:47:05: Server cvar "sv_stopspeed" = "75"
L 12/12/2019 - 18:47:05: Server cvar "sv_uploadmax" = "0.5"
L 12/12/2019 - 18:47:05: Server cvar "sv_version" = "1.1.2.7/Stdio,48,1621"
L 12/12/2019 - 18:47:05: Server cvar "sv_voiceenable" = "1"
L 12/12/2019 - 18:47:05: Server cvar "sv_wateraccelerate" = "10"
L 12/12/2019 - 18:47:05: Server cvar "sv_waterfriction" = "1"
L 12/12/2019 - 18:47:05: Server cvar "Team_Semiclip_version" = "3.3.1"
L 12/12/2019 - 18:47:05: Server cvar "vehicle_real_killer" = "1.1"
L 12/12/2019 - 18:47:05: Server cvar "WalkGuard" = "1.3.2"
L 12/12/2019 - 18:47:05: Server cvar "we_grenades" = "Huehue"
L 12/12/2019 - 18:47:05: Server cvar "we_player_models" = "Huehue"
L 12/12/2019 - 18:47:05: Server cvar "whb_version" = "1.5.692"
L 12/12/2019 - 18:47:05: Server cvar "zp_jp_version" = "Extra Item Jetpack+Bazooka v3.2"
L 12/12/2019 - 18:47:05: Server cvars end
L 12/12/2019 - 18:47:07: Server cvar "sv_maxspeed" = "900"
L 12/12/2019 - 18:47:07: Server cvar "mp_autoteambalance" = "1"
L 12/12/2019 - 18:47:07: Server cvar "mp_timelimit" = "20"
L 12/12/2019 - 18:47:08: Server cvar "mp_autoteambalance" = "0"
L 12/12/2019 - 18:47:08: Server cvar "amx_nextmap" = "[not yet voted on]"
L 12/12/2019 - 18:47:09: Started map "cs_carzzz" (CRC "-1880719593")
L 12/12/2019 - 18:47:11: World triggered "Round_Start"
L 12/12/2019 - 18:47:12: [REUNION]: DEIVID923 (109.120.207.234) authorized as RevEmu
L 12/12/2019 - 18:47:12: "DEIVID923<23><STEAM_2:1:1685369291><>" connected, address "109.120.207.234:27005"
L 12/12/2019 - 18:47:12: [REUNION]: gAmETRacKeR2004 (109.120.207.234) authorized as NoSteam47
L 12/12/2019 - 18:47:12: "gAmETRacKeR2004<24><VALVE_ID_LAN><>" connected, address "109.120.207.234:1044"
L 12/12/2019 - 18:47:12: "XxXgeorgiXxX :)<20><STEAM_1:1:1289710602><>" entered the game
L 12/12/2019 - 18:47:15: [REUNION]: killer boss (109.120.207.234) authorized as RevEmu
L 12/12/2019 - 18:47:15: "killer boss<25><STEAM_2:0:1009858630><>" connected, address "109.120.207.234:1043"
L 12/12/2019 - 18:47:16: "gAmETRacKeR2004<24><VALVE_ID_LAN><>" entered the game
L 12/12/2019 - 18:47:19: "DEIVID923<23><STEAM_2:1:1685369291><>" entered the game
L 12/12/2019 - 18:47:20: "gAmETRacKeR2004<24><VALVE_ID_LAN><>" joined team "TERRORIST"
L 12/12/2019 - 18:47:24: "DEIVID923<23><STEAM_2:1:1685369291><>" joined team "TERRORIST"
L 12/12/2019 - 18:47:27: "XxXgeorgiXxX :)<20><STEAM_1:1:1289710602><>" joined team "TERRORIST"
L 12/12/2019 - 18:47:33: "killer boss<25><STEAM_2:0:1009858630><>" entered the game
L 12/12/2019 - 18:47:38: "killer boss<25><STEAM_2:0:1009858630><>" joined team "CT"
L 12/12/2019 - 18:47:39: World triggered "Game_Commencing"
L 12/12/2019 - 18:47:39: World triggered "Game_Commencing" (CT "0") (T "0")
L 12/12/2019 - 18:47:39: World triggered "Round_End"
L 12/12/2019 - 18:47:43: World triggered "Round_Start"
L 12/12/2019 - 18:47:48: "XxXgeorgiXxX :)<20><STEAM_1:1:1289710602><TERRORIST>" killed "DEIVID923<23><STEAM_2:1:1685369291><TERRORIST>" with "tracktrain"
L 12/12/2019 - 18:48:08: "XxXgeorgiXxX :)<20><STEAM_1:1:1289710602><TERRORIST>" killed "killer boss<25><STEAM_2:0:1009858630><CT>" with "tracktrain"
L 12/12/2019 - 18:48:08: Team "TERRORIST" triggered "Terrorists_Win" (CT "0") (T "1")
L 12/12/2019 - 18:48:08: World triggered "Round_End"
L 12/12/2019 - 18:48:13: "XxXgeorgiXxX :)<20><STEAM_1:1:1289710602><TERRORIST>" committed suicide with "world"
L 12/12/2019 - 18:48:14: World triggered "Round_Start"
L 12/12/2019 - 18:48:42: "killer boss<25><STEAM_2:0:1009858630><CT>" killed "DEIVID923<23><STEAM_2:1:1685369291><TERRORIST>" with "famas"
L 12/12/2019 - 18:49:24: "killer boss<25><STEAM_2:0:1009858630><CT>" killed "gAmETRacKeR2004<24><VALVE_ID_LAN><TERRORIST>" with "famas"
L 12/12/2019 - 18:49:24: Team "CT" triggered "CTs_Win" (CT "1") (T "1")
L 12/12/2019 - 18:49:24: World triggered "Round_End"
L 12/12/2019 - 18:49:30: World triggered "Round_Start"
L 12/12/2019 - 18:50:23: "killer boss<25><STEAM_2:0:1009858630><CT>" killed "XxXgeorgiXxX :)<20><STEAM_1:1:1289710602><TERRORIST>" with "famas"
L 12/12/2019 - 18:50:25: "killer boss<25><STEAM_2:0:1009858630><CT>" killed "DEIVID923<23><STEAM_2:1:1685369291><TERRORIST>" with "famas"
L 12/12/2019 - 18:50:35: "DEIVID923<23><STEAM_2:1:1685369291><TERRORIST>" joined team "CT"
L 12/12/2019 - 18:50:48: "killer boss<25><STEAM_2:0:1009858630><CT>" killed "gAmETRacKeR2004<24><VALVE_ID_LAN><TERRORIST>" with "famas"
L 12/12/2019 - 18:50:48: Team "CT" triggered "CTs_Win" (CT "2") (T "1")
L 12/12/2019 - 18:50:48: World triggered "Round_End"
L 12/12/2019 - 18:50:54: World triggered "Round_Start"
L 12/12/2019 - 18:51:27: "killer boss<25><STEAM_2:0:1009858630><CT>" killed "XxXgeorgiXxX :)<20><STEAM_1:1:1289710602><TERRORIST>" with "famas"
L 12/12/2019 - 18:51:52: "killer boss<25><STEAM_2:0:1009858630><CT>" killed "gAmETRacKeR2004<24><VALVE_ID_LAN><TERRORIST>" with "famas"
L 12/12/2019 - 18:51:52: Team "CT" triggered "CTs_Win" (CT "3") (T "1")
L 12/12/2019 - 18:51:52: World triggered "Round_End"
L 12/12/2019 - 18:51:58: World triggered "Round_Start"
L 12/12/2019 - 18:52:19: "DEIVID923<23><STEAM_2:1:1685369291><CT>" killed "gAmETRacKeR2004<24><VALVE_ID_LAN><TERRORIST>" with "tracktrain"
L 12/12/2019 - 18:52:56: "DEIVID923<23><STEAM_2:1:1685369291><CT>" killed "XxXgeorgiXxX :)<20><STEAM_1:1:1289710602><TERRORIST>" with "usp"
L 12/12/2019 - 18:52:56: Team "CT" triggered "CTs_Win" (CT "4") (T "1")
L 12/12/2019 - 18:52:56: World triggered "Round_End"
L 12/12/2019 - 18:53:00: "killer boss<25><STEAM_2:0:1009858630><CT>" joined team "TERRORIST"
L 12/12/2019 - 18:53:00: "<><><>" triggered "amx_chat" (text "[PTB] Transfered killer boss to TERRORIST")
L 12/12/2019 - 18:53:02: World triggered "Round_Start"
L 12/12/2019 - 18:53:39: "DEIVID923<23><STEAM_2:1:1685369291><CT>" killed "gAmETRacKeR2004<24><VALVE_ID_LAN><TERRORIST>" with "m4a1"
L 12/12/2019 - 18:53:47: "DEIVID923<23><STEAM_2:1:1685369291><CT>" killed "XxXgeorgiXxX :)<20><STEAM_1:1:1289710602><TERRORIST>" with "m4a1"
L 12/12/2019 - 18:54:11: "killer boss<25><STEAM_2:0:1009858630><TERRORIST>" killed "DEIVID923<23><STEAM_2:1:1685369291><CT>" with "aug"
L 12/12/2019 - 18:54:11: Team "TERRORIST" triggered "Terrorists_Win" (CT "4") (T "2")
L 12/12/2019 - 18:54:11: World triggered "Round_End"
L 12/12/2019 - 18:54:15: "XxXgeorgiXxX :)<20><STEAM_1:1:1289710602><TERRORIST>" joined team "CT"
L 12/12/2019 - 18:54:15: "<><><>" triggered "amx_chat" (text "[PTB] Transfered XxXgeorgiXxX :) to CT")
L 12/12/2019 - 18:54:17: World triggered "Round_Start"
L 12/12/2019 - 18:55:17: "gAmETRacKeR2004<24><VALVE_ID_LAN><TERRORIST>" killed "DEIVID923<23><STEAM_2:1:1685369291><CT>" with "glock18"
L 12/12/2019 - 18:55:17: "XxXgeorgiXxX :)<20><STEAM_1:1:1289710602><CT>" committed suicide with "world"
L 12/12/2019 - 18:55:17: Team "TERRORIST" triggered "Terrorists_Win" (CT "4") (T "3")
L 12/12/2019 - 18:55:17: World triggered "Round_End"
L 12/12/2019 - 18:55:22: "gAmETRacKeR2004<24><VALVE_ID_LAN><TERRORIST>" joined team "CT"
L 12/12/2019 - 18:55:22: "<><><>" triggered "amx_chat" (text "[PTB] Transfered gAmETRacKeR2004 to CT")
L 12/12/2019 - 18:55:23: World triggered "Round_Start"
L 12/12/2019 - 18:56:15: "killer boss<25><STEAM_2:0:1009858630><TERRORIST>" killed "gAmETRacKeR2004<24><VALVE_ID_LAN><CT>" with "sg550"
L 12/12/2019 - 18:56:56: "killer boss<25><STEAM_2:0:1009858630><TERRORIST>" killed "DEIVID923<23><STEAM_2:1:1685369291><CT>" with "sg550"
L 12/12/2019 - 18:57:05: "XxXgeorgiXxX :)<20><STEAM_1:1:1289710602><CT>" committed suicide with "world"
L 12/12/2019 - 18:57:05: Team "TERRORIST" triggered "Terrorists_Win" (CT "4") (T "4")
L 12/12/2019 - 18:57:05: World triggered "Round_End"
L 12/12/2019 - 18:57:11: World triggered "Round_Start"
L 12/12/2019 - 18:57:23: [REUNION]: [DEA].AIM.PALESTINE (199.250.150.40) authorized as RevEmu
L 12/12/2019 - 18:57:23: "[DEA].AIM.PALESTINE<26><STEAM_1:1:1316058917><>" connected, address "199.250.150.40:23876"
L 12/12/2019 - 18:57:28: "DEIVID923<23><STEAM_2:1:1685369291><CT>" killed "gAmETRacKeR2004<24><VALVE_ID_LAN><CT>" with "tracktrain"
L 12/12/2019 - 18:57:31: "[DEA].AIM.PALESTINE<26><STEAM_1:1:1316058917><>" entered the game
L 12/12/2019 - 18:57:40: "[DEA].AIM.PALESTINE<26><STEAM_1:1:1316058917><>" joined team "TERRORIST"
L 12/12/2019 - 18:57:46: "XxXgeorgiXxX :)<20><STEAM_1:1:1289710602><CT>" committed suicide with "world"
L 12/12/2019 - 18:57:46: "XxXgeorgiXxX :)<20><STEAM_1:1:1289710602><CT>" joined team "SPECTATOR"
L 12/12/2019 - 18:59:08: "[DEA].AIM.PALESTINE<26><STEAM_1:1:1316058917><TERRORIST>" disconnected
L 12/12/2019 - 18:59:10: [REUNION]: fox (199.250.150.40) authorized as RevEmu
L 12/12/2019 - 18:59:10: "fox<27><STEAM_1:1:1316058917><>" connected, address "199.250.150.40:23876"
L 12/12/2019 - 18:59:19: "fox<27><STEAM_1:1:1316058917><>" entered the game
L 12/12/2019 - 18:59:23: "fox<27><STEAM_1:1:1316058917><>" joined team "TERRORIST"
L 12/12/2019 - 18:59:28: "killer boss<25><STEAM_2:0:1009858630><TERRORIST>" killed "DEIVID923<23><STEAM_2:1:1685369291><CT>" with "p228"
L 12/12/2019 - 18:59:28: Team "TERRORIST" triggered "Terrorists_Win" (CT "4") (T "5")
L 12/12/2019 - 18:59:28: World triggered "Round_End"
L 12/12/2019 - 18:59:34: World triggered "Round_Start"
L 12/12/2019 - 18:59:39: "killer boss<25><STEAM_2:0:1009858630><TERRORIST>" triggered "Killed_A_Hostage"
L 12/12/2019 - 18:59:40: "killer boss<25><STEAM_2:0:1009858630><TERRORIST>" triggered "Killed_A_Hostage"
L 12/12/2019 - 18:59:43: "DEIVID923<23><STEAM_2:1:1685369291><CT>" killed "gAmETRacKeR2004<24><VALVE_ID_LAN><CT>" with "tracktrain"
L 12/12/2019 - 18:59:46: Kick: "gAmETRacKeR2004<24><VALVE_ID_LAN><>" was kicked by "Console" (message ""You have been Kicked for Spamming"")
L 12/12/2019 - 18:59:46: "gAmETRacKeR2004<24><VALVE_ID_LAN><CT>" disconnected
L 12/12/2019 - 19:00:24: "DEIVID923<23><STEAM_2:1:1685369291><CT>" killed "fox<27><STEAM_1:1:1316058917><TERRORIST>" with "m4a1"
L 12/12/2019 - 19:00:25: "fox<27><STEAM_1:1:1316058917><TERRORIST>" disconnected
L 12/12/2019 - 19:00:27: [REUNION]: gAmETRacKeR2004 (109.120.207.234) authorized as NoSteam47
L 12/12/2019 - 19:00:27: "gAmETRacKeR2004<28><VALVE_ID_LAN><>" connected, address "109.120.207.234:1044"
L 12/12/2019 - 19:00:31: "gAmETRacKeR2004<28><VALVE_ID_LAN><>" entered the game
L 12/12/2019 - 19:00:32: [REUNION]: IP 193.42.110.171 banned for 10 minutes for query flooding (PPS: 331)
L 12/12/2019 - 19:00:43: "gAmETRacKeR2004<28><VALVE_ID_LAN><>" joined team "CT"
L 12/12/2019 - 19:01:15: "killer boss<25><STEAM_2:0:1009858630><TERRORIST>" killed "DEIVID923<23><STEAM_2:1:1685369291><CT>" with "knife"
L 12/12/2019 - 19:01:15: Team "TERRORIST" triggered "Terrorists_Win" (CT "4") (T "6")
L 12/12/2019 - 19:01:15: World triggered "Round_End"
L 12/12/2019 - 19:01:21: World triggered "Round_Start"
L 12/12/2019 - 19:02:14: "killer boss<25><STEAM_2:0:1009858630><TERRORIST>" killed "DEIVID923<23><STEAM_2:1:1685369291><CT>" with "aug"
L 12/12/2019 - 19:02:27: "killer boss<25><STEAM_2:0:1009858630><TERRORIST>" killed "gAmETRacKeR2004<28><VALVE_ID_LAN><CT>" with "aug"
L 12/12/2019 - 19:02:27: Team "TERRORIST" triggered "Terrorists_Win" (CT "4") (T "7")
L 12/12/2019 - 19:02:27: World triggered "Round_End"
L 12/12/2019 - 19:02:33: World triggered "Round_Start"
L 12/12/2019 - 19:03:04: "gAmETRacKeR2004<28><VALVE_ID_LAN><CT>" killed "killer boss<25><STEAM_2:0:1009858630><TERRORIST>" with "awp"
L 12/12/2019 - 19:03:04: Team "CT" triggered "CTs_Win" (CT "5") (T "7")
L 12/12/2019 - 19:03:04: World triggered "Round_End"
L 12/12/2019 - 19:03:10: World triggered "Round_Start"
L 12/12/2019 - 19:03:35: "killer boss<25><STEAM_2:0:1009858630><TERRORIST>" killed "gAmETRacKeR2004<28><VALVE_ID_LAN><CT>" with "ak47"
L 12/12/2019 - 19:03:39: "killer boss<25><STEAM_2:0:1009858630><TERRORIST>" killed "DEIVID923<23><STEAM_2:1:1685369291><CT>" with "ak47"
L 12/12/2019 - 19:03:39: Team "TERRORIST" triggered "Terrorists_Win" (CT "5") (T "8")
L 12/12/2019 - 19:03:39: World triggered "Round_End"
L 12/12/2019 - 19:03:45: World triggered "Round_Start"
L 12/12/2019 - 19:04:01: "DEIVID923<23><STEAM_2:1:1685369291><CT>" killed "gAmETRacKeR2004<28><VALVE_ID_LAN><CT>" with "tracktrain"
L 12/12/2019 - 19:04:01: "DEIVID923<23><STEAM_2:1:1685369291><CT>" committed suicide with "tracktrain"
L 12/12/2019 - 19:04:01: Team "TERRORIST" triggered "Terrorists_Win" (CT "5") (T "9")
L 12/12/2019 - 19:04:01: World triggered "Round_End"
L 12/12/2019 - 19:04:07: World triggered "Round_Start"
L 12/12/2019 - 19:04:16: "DEIVID923<23><STEAM_2:1:1685369291><CT>" killed "gAmETRacKeR2004<28><VALVE_ID_LAN><CT>" with "tracktrain"
L 12/12/2019 - 19:04:51: "killer boss<25><STEAM_2:0:1009858630><TERRORIST>" killed "DEIVID923<23><STEAM_2:1:1685369291><CT>" with "glock18"
L 12/12/2019 - 19:04:51: Team "TERRORIST" triggered "Terrorists_Win" (CT "5") (T "10")
L 12/12/2019 - 19:04:51: World triggered "Round_End"
L 12/12/2019 - 19:04:57: World triggered "Round_Start"
L 12/12/2019 - 19:05:07: "DEIVID923<23><STEAM_2:1:1685369291><CT>" killed "gAmETRacKeR2004<28><VALVE_ID_LAN><CT>" with "tracktrain"
L 12/12/2019 - 19:05:15: [REUNION]: MaHy[Sh]oB! (88.80.157.185) authorized as RevEmu
L 12/12/2019 - 19:05:15: "MaHy[Sh]oB!<29><STEAM_1:0:764145756><>" connected, address "88.80.157.185:27005"
L 12/12/2019 - 19:05:23: "MaHy[Sh]oB!<29><STEAM_1:0:764145756><>" entered the game
L 12/12/2019 - 19:05:26: "MaHy[Sh]oB!<29><STEAM_1:0:764145756><>" joined team "TERRORIST"
L 12/12/2019 - 19:05:28: "DEIVID923<23><STEAM_2:1:1685369291><CT>" committed suicide with "world"
L 12/12/2019 - 19:05:28: Team "TERRORIST" triggered "Terrorists_Win" (CT "5") (T "11")
L 12/12/2019 - 19:05:28: World triggered "Round_End"
L 12/12/2019 - 19:05:34: World triggered "Round_Start"
L 12/12/2019 - 19:06:05: "killer boss<25><STEAM_2:0:1009858630><TERRORIST>" killed "DEIVID923<23><STEAM_2:1:1685369291><CT>" with "ak47"
L 12/12/2019 - 19:06:16: "MaHy[Sh]oB!<29><STEAM_1:0:764145756><TERRORIST>" killed "gAmETRacKeR2004<28><VALVE_ID_LAN><CT>" with "ak47"
L 12/12/2019 - 19:06:16: Team "TERRORIST" triggered "Terrorists_Win" (CT "5") (T "12")
L 12/12/2019 - 19:06:16: World triggered "Round_End"
L 12/12/2019 - 19:06:20: "killer boss<25><STEAM_2:0:1009858630><TERRORIST>" joined team "CT"
L 12/12/2019 - 19:06:20: "<><><>" triggered "amx_chat" (text "[PTB] Transfered killer boss to CT")
L 12/12/2019 - 19:06:22: World triggered "Round_Start"
L 12/12/2019 - 19:06:40: "killer boss<25><STEAM_2:0:1009858630><CT>" killed "MaHy[Sh]oB!<29><STEAM_1:0:764145756><TERRORIST>" with "ak47"
L 12/12/2019 - 19:06:40: Team "CT" triggered "CTs_Win" (CT "6") (T "12")
L 12/12/2019 - 19:06:40: World triggered "Round_End"
L 12/12/2019 - 19:06:44: Server cvar "amx_nextmap" = "rr_meh"
L 12/12/2019 - 19:06:44: "DEIVID923<23><STEAM_2:1:1685369291><CT>" joined team "TERRORIST"
L 12/12/2019 - 19:06:44: "<><><>" triggered "amx_chat" (text "[PTB] Transfered DEIVID923 to TERRORIST")
L 12/12/2019 - 19:06:46: World triggered "Round_Start"
L 12/12/2019 - 19:07:07: "killer boss<25><STEAM_2:0:1009858630><CT>" killed "MaHy[Sh]oB!<29><STEAM_1:0:764145756><TERRORIST>" with "ak47"
L 12/12/2019 - 19:07:24: Server cvar "mp_timelimit" = "0.000000"
L 12/12/2019 - 19:07:35: "killer boss<25><STEAM_2:0:1009858630><CT>" killed "DEIVID923<23><STEAM_2:1:1685369291><TERRORIST>" with "ak47"
L 12/12/2019 - 19:07:35: Team "CT" triggered "CTs_Win" (CT "7") (T "12")
L 12/12/2019 - 19:07:35: World triggered "Round_End"
L 12/12/2019 - 19:07:40: "gAmETRacKeR2004<28><VALVE_ID_LAN><CT>" joined team "TERRORIST"
L 12/12/2019 - 19:07:40: "<><><>" triggered "amx_chat" (text "[PTB] Transfered gAmETRacKeR2004 to TERRORIST")
L 12/12/2019 - 19:07:41: World triggered "Round_Start"
L 12/12/2019 - 19:07:41: Server cvar "sv_maxspeed" = "0.000000"
L 12/12/2019 - 19:07:41: Server cvar "mp_friendlyfire" = "1"
L 12/12/2019 - 19:07:52: Server cvar "sv_maxspeed" = "900.000000"
L 12/12/2019 - 19:07:52: Server cvar "mp_friendlyfire" = "0"
L 12/12/2019 - 19:07:52: Server cvar "mp_timelimit" = "20.000000"
L 12/12/2019 - 19:07:53: [META] ini: Begin re-reading plugins list: /home/rented/public9/cstrike/addons/metamod/plugins.ini
L 12/12/2019 - 19:07:53: [META] ini: Read plugin config for: SafeNameAndChat
L 12/12/2019 - 19:07:53: [META] ini: Read plugin config for: AMX Mod X
L 12/12/2019 - 19:07:53: [META] ini: Read plugin config for: Reunion
L 12/12/2019 - 19:07:53: [META] ini: Read plugin config for: ReAuthCheck
L 12/12/2019 - 19:07:53: [META] ini: Read plugin config for: WHBlocker
L 12/12/2019 - 19:07:53: [META] ini: Read plugin config for: ReSemiclip
L 12/12/2019 - 19:07:53: [META] ini: Read plugin config for: Revoice
L 12/12/2019 - 19:07:53: [META] ini: Finished reading plugins list: /home/rented/public9/cstrike/addons/metamod/plugins.ini; Found 7 plugins
L 12/12/2019 - 19:07:53: [META] dll: Updating plugins...
L 12/12/2019 - 19:07:53: [META] WARNING: Cannot clear plugin 'SafeNameAndChat'; not marked as failed, empty, or open (status=valid)
L 12/12/2019 - 19:07:53: [META] dll: Unloaded plugin 'SafeNameAndChat' for reason 'file on disk is newer'
L 12/12/2019 - 19:07:53: [META] dll: Loaded plugin 'SafeNameAndChat': SafeNameAndChat v1.1 2017.02.01, WPMG.PRoSToC0der
L 12/12/2019 - 19:07:53: [META] WARNING: Cannot clear plugin 'WHBlocker'; not marked as failed, empty, or open (status=valid)
L 12/12/2019 - 19:07:53: [META] dll: Unloaded plugin 'WHBlocker' for reason 'file on disk is newer'
L 12/12/2019 - 19:07:53: [META] dll: Loaded plugin 'WHBlocker': WHBlocker v1.5.692 2017-04-13, s1lent
L 12/12/2019 - 19:07:53: [META] WARNING: Cannot clear plugin 'ReSemiclip'; not marked as failed, empty, or open (status=valid)
L 12/12/2019 - 19:07:53: [META] dll: Unloaded plugin 'ReSemiclip' for reason 'file on disk is newer'
L 12/12/2019 - 19:07:53: [META] dll: Loaded plugin 'ReSemiclip': ReSemiclip v2.3.9 13/02/17, s1lent & Adidasman
L 12/12/2019 - 19:07:53: [META] dll: Finished updating 14 plugins; kept 0, loaded 0, unloaded 0, reloaded 3, delayed 0
L 12/12/2019 - 19:07:53: "killer boss<25><STEAM_2:0:1009858630><CT>" disconnected
L 12/12/2019 - 19:07:53: "DEIVID923<23><STEAM_2:1:1685369291><TERRORIST>" disconnected
L 12/12/2019 - 19:07:53: "gAmETRacKeR2004<28><VALVE_ID_LAN><TERRORIST>" disconnected
L 12/12/2019 - 19:07:53: "MaHy[Sh]oB!<29><STEAM_1:0:764145756><TERRORIST>" disconnected
L 12/12/2019 - 19:07:53: World triggered "Round_Draw" (CT "7") (T "12")
L 12/12/2019 - 19:07:53: World triggered "Round_End"
L 12/12/2019 - 19:07:53: "XxXgeorgiXxX :)<20><STEAM_1:1:1289710602><SPECTATOR>" disconnected
L 12/12/2019 - 19:07:53: Log file closed
