L 12/14/2019 - 18:50:22: Log file started (file "logs/L1214174.log") (game "cstrike") (version "48/1.1.2.7/Stdio/1621")
L 12/14/2019 - 18:50:22: Loading map "awesome_cars"
L 12/14/2019 - 18:50:22: Server cvars start
L 12/14/2019 - 18:50:22: Server cvar "@BunnyHopper" = "3.x"
L 12/14/2019 - 18:50:22: Server cvar "@CRXGoSpec" = "1.1"
L 12/14/2019 - 18:50:22: Server cvar "@CRXRemoveImmunity" = "1.0"
L 12/14/2019 - 18:50:22: Server cvar "@D.I.C.E." = "1.1"
L 12/14/2019 - 18:50:22: Server cvar "@MOTDCommands" = "1.2"
L 12/14/2019 - 18:50:22: Server cvar "advanced_quake_sounds" = "5.0"
L 12/14/2019 - 18:50:22: Server cvar "AdvancedMute" = "1.0"
L 12/14/2019 - 18:50:22: Server cvar "aesp_version" = "1.3"
L 12/14/2019 - 18:50:22: Server cvar "allow_spectators" = "1.0"
L 12/14/2019 - 18:50:22: Server cvar "amx_client_languages" = "1"
L 12/14/2019 - 18:50:22: Server cvar "amx_language" = "en"
L 12/14/2019 - 18:50:22: Server cvar "amx_nextmap" = "awesome_cars"
L 12/14/2019 - 18:50:22: Server cvar "amx_ptb_version" = "1.8b3"
L 12/14/2019 - 18:50:22: Server cvar "amx_timeleft" = "00:00"
L 12/14/2019 - 18:50:22: Server cvar "amxmodx_version" = "1.8.2"
L 12/14/2019 - 18:50:22: Server cvar "amxxbg_vip" = "1.0"
L 12/14/2019 - 18:50:22: Server cvar "asp_version" = "4.5.1"
L 12/14/2019 - 18:50:22: Server cvar "atac_version" = "3.0.1"
L 12/14/2019 - 18:50:22: Server cvar "badcamper_version" = "1.4 beta"
L 12/14/2019 - 18:50:22: Server cvar "blockmaker" = "4.01"
L 12/14/2019 - 18:50:22: Server cvar "c4 timer" = "1.1"
L 12/14/2019 - 18:50:22: Server cvar "coop" = "0"
L 12/14/2019 - 18:50:22: Server cvar "CRXAdminGroups" = "1.0"
L 12/14/2019 - 18:50:22: Server cvar "CRXCommandRestrictions" = "1.0"
L 12/14/2019 - 18:50:22: Server cvar "CRXFastKnife" = "1.0"
L 12/14/2019 - 18:50:22: Server cvar "CRXGametracker" = "2.0"
L 12/14/2019 - 18:50:22: Server cvar "CRXKnifeModels" = "2.5.7"
L 12/14/2019 - 18:50:22: Server cvar "CRXTeamAdvantage" = "1.0"
L 12/14/2019 - 18:50:22: Server cvar "CustomShop" = "4.2"
L 12/14/2019 - 18:50:22: Server cvar "deathmatch" = "1"
L 12/14/2019 - 18:50:22: Server cvar "decalfrequency" = "0"
L 12/14/2019 - 18:50:22: Server cvar "edgefriction" = "2"
L 12/14/2019 - 18:50:22: Server cvar "ers_version" = "2.3c"
L 12/14/2019 - 18:50:22: Server cvar "gagsystem_shoko" = "1.0"
L 12/14/2019 - 18:50:22: Server cvar "gal_mapcyclefile" = "mapcycle.txt"
L 12/14/2019 - 18:50:22: Server cvar "gal_version" = "v5.9.1-926"
L 12/14/2019 - 18:50:22: Server cvar "game_version" = "5.7.0.313-dev"
L 12/14/2019 - 18:50:22: Server cvar "humans_join_team" = "any"
L 12/14/2019 - 18:50:22: Server cvar "jtp10181" = "chute,gore"
L 12/14/2019 - 18:50:22: Server cvar "lawliet" = "ny_RainingSnow"
L 12/14/2019 - 18:50:22: Server cvar "LetitSnow" = "1.0"
L 12/14/2019 - 18:50:22: Server cvar "map_spawns" = "T(16) CT(16)"
L 12/14/2019 - 18:50:22: Server cvar "max_queries_sec" = "3"
L 12/14/2019 - 18:50:22: Server cvar "max_queries_sec_global" = "150"
L 12/14/2019 - 18:50:22: Server cvar "max_queries_window" = "60"
L 12/14/2019 - 18:50:22: Server cvar "mdbBans" = "4.8"
L 12/14/2019 - 18:50:22: Server cvar "metamod_version" = "1.21p37"
L 12/14/2019 - 18:50:22: Server cvar "mp_autokick" = "0"
L 12/14/2019 - 18:50:22: Server cvar "mp_autokick_timeout" = "-1"
L 12/14/2019 - 18:50:22: Server cvar "mp_autoteambalance" = "1"
L 12/14/2019 - 18:50:22: Server cvar "mp_buytime" = "0.25"
L 12/14/2019 - 18:50:22: Server cvar "mp_c4timer" = "35"
L 12/14/2019 - 18:50:22: Server cvar "mp_chattime" = "10.000000"
L 12/14/2019 - 18:50:22: Server cvar "mp_consistency" = "1"
L 12/14/2019 - 18:50:22: Server cvar "mp_fadetoblack" = "0"
L 12/14/2019 - 18:50:22: Server cvar "mp_flashlight" = "1"
L 12/14/2019 - 18:50:22: Server cvar "mp_footsteps" = "1"
L 12/14/2019 - 18:50:22: Server cvar "mp_forcecamera" = "0"
L 12/14/2019 - 18:50:22: Server cvar "mp_forcechasecam" = "0"
L 12/14/2019 - 18:50:22: Server cvar "mp_forcerespawn" = "0"
L 12/14/2019 - 18:50:22: Server cvar "mp_fraglimit" = "0"
L 12/14/2019 - 18:50:22: Server cvar "mp_fragsleft" = "0"
L 12/14/2019 - 18:50:22: Server cvar "mp_freeforall" = "0"
L 12/14/2019 - 18:50:22: Server cvar "mp_freezetime" = "1"
L 12/14/2019 - 18:50:22: Server cvar "mp_friendlyfire" = "0"
L 12/14/2019 - 18:50:22: Server cvar "mp_hostage_hurtable" = "1"
L 12/14/2019 - 18:50:22: Server cvar "mp_hostagepenalty" = "0"
L 12/14/2019 - 18:50:22: Server cvar "mp_item_staytime" = "300"
L 12/14/2019 - 18:50:22: Server cvar "mp_kickpercent" = "0.66"
L 12/14/2019 - 18:50:22: Server cvar "mp_legacy_bombtarget_touch" = "1"
L 12/14/2019 - 18:50:22: Server cvar "mp_limitteams" = "0"
L 12/14/2019 - 18:50:22: Server cvar "mp_logdetail" = "0"
L 12/14/2019 - 18:50:22: Server cvar "mp_logfile" = "1"
L 12/14/2019 - 18:50:22: Server cvar "mp_logmessages" = "1"
L 12/14/2019 - 18:50:22: Server cvar "mp_mapvoteratio" = "0.66"
L 12/14/2019 - 18:50:22: Server cvar "mp_maxmoney" = "999999"
L 12/14/2019 - 18:50:22: Server cvar "mp_maxrounds" = "0"
L 12/14/2019 - 18:50:22: Server cvar "mp_mirrordamage" = "0"
L 12/14/2019 - 18:50:22: Server cvar "mp_old_bomb_defused_sound" = "1"
L 12/14/2019 - 18:50:22: Server cvar "mp_playerid" = "0"
L 12/14/2019 - 18:50:22: Server cvar "mp_respawn_immunitytime" = "0"
L 12/14/2019 - 18:50:22: Server cvar "mp_round_infinite" = "0"
L 12/14/2019 - 18:50:22: Server cvar "mp_round_restart_delay" = "5"
L 12/14/2019 - 18:50:22: Server cvar "mp_roundover" = "0"
L 12/14/2019 - 18:50:22: Server cvar "mp_roundtime" = "2.3"
L 12/14/2019 - 18:50:22: Server cvar "mp_show_radioicon" = "1"
L 12/14/2019 - 18:50:22: Server cvar "mp_startmoney" = "850"
L 12/14/2019 - 18:50:22: Server cvar "mp_timeleft" = "00:00"
L 12/14/2019 - 18:50:22: Server cvar "mp_timelimit" = "20"
L 12/14/2019 - 18:50:22: Server cvar "mp_tkpunish" = "0"
L 12/14/2019 - 18:50:22: Server cvar "mp_windifference" = "1"
L 12/14/2019 - 18:50:22: Server cvar "mp_winlimit" = "0"
L 12/14/2019 - 18:50:22: Server cvar "NoWeaponsOnGround" = "1.0"
L 12/14/2019 - 18:50:22: Server cvar "pausable" = "0"
L 12/14/2019 - 18:50:22: Server cvar "present_version" = "2.01"
L 12/14/2019 - 18:50:22: Server cvar "RandomHP" = "2.2"
L 12/14/2019 - 18:50:22: Server cvar "reauthcheck_version" = "0.1.6"
L 12/14/2019 - 18:50:22: Server cvar "reconnect_features" = "0.3.1"
L 12/14/2019 - 18:50:22: Server cvar "report_system_version" = "3.1"
L 12/14/2019 - 18:50:22: Server cvar "resemiclip_version" = "2.3.9"
L 12/14/2019 - 18:50:22: Server cvar "reu_version" = "0.1.0.130"
L 12/14/2019 - 18:50:22: Server cvar "revoice_version" = "0.1.0.30"
L 12/14/2019 - 18:50:22: Server cvar "RRWM" = "2.0"
L 12/14/2019 - 18:50:22: Server cvar "sanksounds_version" = "1.8.6"
L 12/14/2019 - 18:50:22: Server cvar "SimpleMenu" = "1.1"
L 12/14/2019 - 18:50:22: Server cvar "SNAC_Version" = "1.1"
L 12/14/2019 - 18:50:22: Server cvar "SpecList" = "1.2a"
L 12/14/2019 - 18:50:22: Server cvar "sr_version" = "1.6"
L 12/14/2019 - 18:50:22: Server cvar "statsx_shell_ver" = "2.0.0 (BETA)"
L 12/14/2019 - 18:50:22: Server cvar "StyleC4Timer" = "2.1"
L 12/14/2019 - 18:50:22: Server cvar "sv_accelerate" = "5"
L 12/14/2019 - 18:50:22: Server cvar "sv_aim" = "1"
L 12/14/2019 - 18:50:22: Server cvar "sv_airaccelerate" = "100"
L 12/14/2019 - 18:50:22: Server cvar "sv_allowupload" = "1"
L 12/14/2019 - 18:50:22: Server cvar "sv_alltalk" = "1"
L 12/14/2019 - 18:50:22: Server cvar "sv_bounce" = "1"
L 12/14/2019 - 18:50:22: Server cvar "sv_cheats" = "0"
L 12/14/2019 - 18:50:22: Server cvar "sv_clienttrace" = "1"
L 12/14/2019 - 18:50:22: Server cvar "sv_contact" = "feruchio599@gmail.com"
L 12/14/2019 - 18:50:22: Server cvar "sv_friction" = "4"
L 12/14/2019 - 18:50:22: Server cvar "sv_gravity" = "800"
L 12/14/2019 - 18:50:22: Server cvar "sv_logblocks" = "0"
L 12/14/2019 - 18:50:22: Server cvar "sv_maxrate" = "50000"
L 12/14/2019 - 18:50:22: Server cvar "sv_maxspeed" = "900"
L 12/14/2019 - 18:50:22: Server cvar "sv_minrate" = "10000"
L 12/14/2019 - 18:50:22: Server cvar "sv_password" = ""
L 12/14/2019 - 18:50:22: Server cvar "sv_proxies" = "1"
L 12/14/2019 - 18:50:22: Server cvar "sv_restart" = "0"
L 12/14/2019 - 18:50:22: Server cvar "sv_restartround" = "0"
L 12/14/2019 - 18:50:22: Server cvar "sv_stepsize" = "18"
L 12/14/2019 - 18:50:22: Server cvar "sv_stopspeed" = "75"
L 12/14/2019 - 18:50:22: Server cvar "sv_uploadmax" = "0.5"
L 12/14/2019 - 18:50:22: Server cvar "sv_version" = "1.1.2.7/Stdio,48,1621"
L 12/14/2019 - 18:50:22: Server cvar "sv_voiceenable" = "1"
L 12/14/2019 - 18:50:22: Server cvar "sv_wateraccelerate" = "10"
L 12/14/2019 - 18:50:22: Server cvar "sv_waterfriction" = "1"
L 12/14/2019 - 18:50:22: Server cvar "Team_Semiclip_version" = "3.3.1"
L 12/14/2019 - 18:50:22: Server cvar "vehicle_real_killer" = "1.1"
L 12/14/2019 - 18:50:22: Server cvar "WalkGuard" = "1.3.2"
L 12/14/2019 - 18:50:22: Server cvar "we_grenades" = "Huehue"
L 12/14/2019 - 18:50:22: Server cvar "we_player_models" = "Huehue"
L 12/14/2019 - 18:50:22: Server cvar "whb_version" = "1.5.692"
L 12/14/2019 - 18:50:22: Server cvar "zp_jp_version" = "Extra Item Jetpack+Bazooka v3.2"
L 12/14/2019 - 18:50:22: Server cvars end
L 12/14/2019 - 18:50:25: Server cvar "mp_autoteambalance" = "0"
L 12/14/2019 - 18:50:25: Server cvar "amx_nextmap" = "[not yet voted on]"
L 12/14/2019 - 18:50:26: Started map "awesome_cars" (CRC "1378370526")
L 12/14/2019 - 18:50:28: World triggered "Round_Start"
L 12/14/2019 - 18:51:08: [REUNION]: <Warrior> Player (82.211.172.207) authorized as RevEmu
L 12/14/2019 - 18:51:08: "<Warrior> Player<49><STEAM_2:0:730224424><>" connected, address "82.211.172.207:27005"
L 12/14/2019 - 18:51:33: [REUNION]: <Warrior> Player (82.211.172.207) authorized as RevEmu
L 12/14/2019 - 18:51:33: "<Warrior> Player<50><STEAM_2:0:730224424><>" connected, address "82.211.172.207:27005"
L 12/14/2019 - 18:56:03: "<Warrior> Player<50><STEAM_2:0:730224424><>" entered the game
L 12/14/2019 - 18:56:22: "<Warrior> Player<50><STEAM_2:0:730224424><>" joined team "SPECTATOR"
L 12/14/2019 - 18:56:42: "<Warrior> Player<50><STEAM_2:0:730224424><SPECTATOR>" disconnected
L 12/14/2019 - 18:56:42: World triggered "Round_Draw" (CT "0") (T "0")
L 12/14/2019 - 18:56:42: World triggered "Round_End"
L 12/14/2019 - 18:56:42: [REUNION]: <Warrior> Player (82.211.172.207) authorized as RevEmu
L 12/14/2019 - 18:56:42: "<Warrior> Player<51><STEAM_2:0:730224424><>" connected, address "82.211.172.207:27005"
L 12/14/2019 - 18:56:48: World triggered "Round_Start"
L 12/14/2019 - 18:56:48: "<Warrior> Player<51><STEAM_2:0:730224424><>" entered the game
L 12/14/2019 - 18:56:51: "<Warrior> Player<51><STEAM_2:0:730224424><>" joined team "CT"
L 12/14/2019 - 18:57:42: "<Warrior> Player<51><STEAM_2:0:730224424><CT>" disconnected
L 12/14/2019 - 18:57:42: World triggered "Round_Draw" (CT "0") (T "0")
L 12/14/2019 - 18:57:42: World triggered "Round_End"
L 12/14/2019 - 18:57:48: World triggered "Round_Start"
L 12/14/2019 - 18:57:50: [REUNION]: +-->Kllier`Boss<--+ (199.250.150.40) authorized as RevEmu
L 12/14/2019 - 18:57:50: "+-->Kllier`Boss<--+<52><STEAM_1:1:1316058917><>" connected, address "199.250.150.40:20528"
L 12/14/2019 - 18:58:42: [REUNION]: <Warrior> Player (82.211.172.207) authorized as RevEmu
L 12/14/2019 - 18:58:42: "<Warrior> Player<53><STEAM_2:0:730224424><>" connected, address "82.211.172.207:27005"
L 12/14/2019 - 18:58:48: "<Warrior> Player<53><STEAM_2:0:730224424><>" entered the game
L 12/14/2019 - 18:58:51: "<Warrior> Player<53><STEAM_2:0:730224424><>" joined team "CT"
L 12/14/2019 - 18:59:49: [REUNION]: 7438994278 (188.239.126.6) authorized as RevEmu
L 12/14/2019 - 18:59:49: "7438994278<54><STEAM_2:0:1521580572><>" connected, address "188.239.126.6:27005"
L 12/14/2019 - 19:00:05: "<Warrior> Player<53><STEAM_2:0:730224424><CT>" committed suicide with "world"
L 12/14/2019 - 19:00:05: World triggered "Round_Draw" (CT "0") (T "0")
L 12/14/2019 - 19:00:05: World triggered "Round_End"
L 12/14/2019 - 19:00:11: World triggered "Round_Start"
L 12/14/2019 - 19:01:35: [REUNION]: IP 193.42.110.171 banned for 10 minutes for query flooding (PPS: 327)
L 12/14/2019 - 19:02:25: [REUNION]: HuNt3r (188.255.184.74) authorized as RevEmu
L 12/14/2019 - 19:02:25: "HuNt3r<55><STEAM_1:1:1071071391><>" connected, address "188.255.184.74:27005"
L 12/14/2019 - 19:02:28: [REUNION]: Florin (188.241.70.184) authorized as RevEmu
L 12/14/2019 - 19:02:28: "Florin<56><STEAM_1:1:2079496364><>" connected, address "188.241.70.184:27005"
L 12/14/2019 - 19:02:29: "<Warrior> Player<53><STEAM_2:0:730224424><CT>" committed suicide with "world"
L 12/14/2019 - 19:02:29: World triggered "Round_Draw" (CT "0") (T "0")
L 12/14/2019 - 19:02:29: World triggered "Round_End"
L 12/14/2019 - 19:02:31: [REUNION]: HuNt3r (188.255.184.74) authorized as RevEmu
L 12/14/2019 - 19:02:31: "HuNt3r<57><STEAM_1:1:1071071391><>" connected, address "188.255.184.74:27005"
L 12/14/2019 - 19:02:35: World triggered "Round_Start"
L 12/14/2019 - 19:02:39: "HuNt3r<57><STEAM_1:1:1071071391><>" entered the game
L 12/14/2019 - 19:02:48: [REUNION]: Florin (188.241.70.184) authorized as RevEmu
L 12/14/2019 - 19:02:48: "Florin<58><STEAM_1:1:2079496364><>" connected, address "188.241.70.184:27005"
L 12/14/2019 - 19:02:52: [REUNION]: +-->Kllier`Boss<--+ (199.250.150.40) authorized as RevEmu
L 12/14/2019 - 19:02:52: "+-->Kllier`Boss<--+<59><STEAM_1:1:1316058917><>" connected, address "199.250.150.40:20528"
L 12/14/2019 - 19:02:59: "HuNt3r<57><STEAM_1:1:1071071391><>" joined team "TERRORIST"
L 12/14/2019 - 19:02:59: World triggered "Game_Commencing"
L 12/14/2019 - 19:02:59: World triggered "Game_Commencing" (CT "0") (T "0")
L 12/14/2019 - 19:02:59: World triggered "Round_End"
L 12/14/2019 - 19:02:59: "<Warrior> Player<53><STEAM_2:0:730224424><CT>" disconnected
L 12/14/2019 - 19:03:00: "+-->Kllier`Boss<--+<59><STEAM_1:1:1316058917><>" entered the game
L 12/14/2019 - 19:03:03: World triggered "Round_Start"
L 12/14/2019 - 19:03:03: "+-->Kllier`Boss<--+<59><STEAM_1:1:1316058917><>" joined team "CT"
L 12/14/2019 - 19:03:14: [REUNION]: Florin (188.241.70.184) authorized as RevEmu
L 12/14/2019 - 19:03:14: "Florin<60><STEAM_1:1:2079496364><>" connected, address "188.241.70.184:27005"
L 12/14/2019 - 19:04:15: "HuNt3r<57><STEAM_1:1:1071071391><TERRORIST>" killed "+-->Kllier`Boss<--+<59><STEAM_1:1:1316058917><CT>" with "knife"
L 12/14/2019 - 19:04:15: Team "TERRORIST" triggered "Terrorists_Win" (CT "0") (T "1")
L 12/14/2019 - 19:04:15: World triggered "Round_End"
L 12/14/2019 - 19:04:21: World triggered "Round_Start"
L 12/14/2019 - 19:04:39: "+-->Kllier`Boss<--+<59><STEAM_1:1:1316058917><CT>" killed "HuNt3r<57><STEAM_1:1:1071071391><TERRORIST>" with "knife"
L 12/14/2019 - 19:04:39: Team "CT" triggered "CTs_Win" (CT "1") (T "1")
L 12/14/2019 - 19:04:39: World triggered "Round_End"
L 12/14/2019 - 19:04:45: World triggered "Round_Start"
L 12/14/2019 - 19:05:03: "+-->Kllier`Boss<--+<59><STEAM_1:1:1316058917><CT>" killed "HuNt3r<57><STEAM_1:1:1071071391><TERRORIST>" with "knife"
L 12/14/2019 - 19:05:03: Team "CT" triggered "CTs_Win" (CT "2") (T "1")
L 12/14/2019 - 19:05:03: World triggered "Round_End"
L 12/14/2019 - 19:05:09: World triggered "Round_Start"
L 12/14/2019 - 19:05:18: "+-->Kllier`Boss<--+<59><STEAM_1:1:1316058917><CT>" killed "HuNt3r<57><STEAM_1:1:1071071391><TERRORIST>" with "knife"
L 12/14/2019 - 19:05:18: Team "CT" triggered "CTs_Win" (CT "3") (T "1")
L 12/14/2019 - 19:05:18: World triggered "Round_End"
L 12/14/2019 - 19:05:24: World triggered "Round_Start"
L 12/14/2019 - 19:05:41: "HuNt3r<57><STEAM_1:1:1071071391><TERRORIST>" killed "+-->Kllier`Boss<--+<59><STEAM_1:1:1316058917><CT>" with "knife"
L 12/14/2019 - 19:05:41: Team "TERRORIST" triggered "Terrorists_Win" (CT "3") (T "2")
L 12/14/2019 - 19:05:41: World triggered "Round_End"
L 12/14/2019 - 19:05:47: World triggered "Round_Start"
L 12/14/2019 - 19:06:02: "HuNt3r<57><STEAM_1:1:1071071391><TERRORIST>" killed "+-->Kllier`Boss<--+<59><STEAM_1:1:1316058917><CT>" with "knife"
L 12/14/2019 - 19:06:02: Team "TERRORIST" triggered "Terrorists_Win" (CT "3") (T "3")
L 12/14/2019 - 19:06:02: World triggered "Round_End"
L 12/14/2019 - 19:06:08: World triggered "Round_Start"
L 12/14/2019 - 19:06:20: "HuNt3r<57><STEAM_1:1:1071071391><TERRORIST>" killed "+-->Kllier`Boss<--+<59><STEAM_1:1:1316058917><CT>" with "knife"
L 12/14/2019 - 19:06:20: Team "TERRORIST" triggered "Terrorists_Win" (CT "3") (T "4")
L 12/14/2019 - 19:06:20: World triggered "Round_End"
L 12/14/2019 - 19:06:26: World triggered "Round_Start"
L 12/14/2019 - 19:06:38: "HuNt3r<57><STEAM_1:1:1071071391><TERRORIST>" killed "+-->Kllier`Boss<--+<59><STEAM_1:1:1316058917><CT>" with "knife"
L 12/14/2019 - 19:06:38: Team "TERRORIST" triggered "Terrorists_Win" (CT "3") (T "5")
L 12/14/2019 - 19:06:38: World triggered "Round_End"
L 12/14/2019 - 19:06:44: World triggered "Round_Start"
L 12/14/2019 - 19:07:00: "+-->Kllier`Boss<--+<59><STEAM_1:1:1316058917><CT>" killed "HuNt3r<57><STEAM_1:1:1071071391><TERRORIST>" with "knife"
L 12/14/2019 - 19:07:00: Team "CT" triggered "CTs_Win" (CT "4") (T "5")
L 12/14/2019 - 19:07:00: World triggered "Round_End"
L 12/14/2019 - 19:07:06: World triggered "Round_Start"
L 12/14/2019 - 19:07:34: "HuNt3r<57><STEAM_1:1:1071071391><TERRORIST>" killed "+-->Kllier`Boss<--+<59><STEAM_1:1:1316058917><CT>" with "knife"
L 12/14/2019 - 19:07:34: Team "TERRORIST" triggered "Terrorists_Win" (CT "4") (T "6")
L 12/14/2019 - 19:07:34: World triggered "Round_End"
L 12/14/2019 - 19:07:40: World triggered "Round_Start"
L 12/14/2019 - 19:07:57: "HuNt3r<57><STEAM_1:1:1071071391><TERRORIST>" killed "+-->Kllier`Boss<--+<59><STEAM_1:1:1316058917><CT>" with "knife"
L 12/14/2019 - 19:07:57: Team "TERRORIST" triggered "Terrorists_Win" (CT "4") (T "7")
L 12/14/2019 - 19:07:57: World triggered "Round_End"
L 12/14/2019 - 19:08:01: "+-->Kllier`Boss<--+<59><STEAM_1:1:1316058917><CT>" joined team "TERRORIST"
L 12/14/2019 - 19:08:03: World triggered "Round_Start"
L 12/14/2019 - 19:08:03: "+-->Kllier`Boss<--+<59><STEAM_1:1:1316058917><TERRORIST>" committed suicide with "world"
L 12/14/2019 - 19:08:03: "+-->Kllier`Boss<--+<59><STEAM_1:1:1316058917><TERRORIST>" joined team "CT"
L 12/14/2019 - 19:08:04: World triggered "Game_Commencing"
L 12/14/2019 - 19:08:04: World triggered "Game_Commencing" (CT "4") (T "7")
L 12/14/2019 - 19:08:04: World triggered "Round_End"
L 12/14/2019 - 19:08:08: World triggered "Round_Start"
L 12/14/2019 - 19:08:20: "HuNt3r<57><STEAM_1:1:1071071391><TERRORIST>" killed "+-->Kllier`Boss<--+<59><STEAM_1:1:1316058917><CT>" with "knife"
L 12/14/2019 - 19:08:20: Team "TERRORIST" triggered "Terrorists_Win" (CT "0") (T "1")
L 12/14/2019 - 19:08:20: World triggered "Round_End"
L 12/14/2019 - 19:08:26: World triggered "Round_Start"
L 12/14/2019 - 19:08:46: "HuNt3r<57><STEAM_1:1:1071071391><TERRORIST>" killed "+-->Kllier`Boss<--+<59><STEAM_1:1:1316058917><CT>" with "knife"
L 12/14/2019 - 19:08:46: Team "TERRORIST" triggered "Terrorists_Win" (CT "0") (T "2")
L 12/14/2019 - 19:08:46: World triggered "Round_End"
L 12/14/2019 - 19:08:52: World triggered "Round_Start"
L 12/14/2019 - 19:09:07: "HuNt3r<57><STEAM_1:1:1071071391><TERRORIST>" killed "+-->Kllier`Boss<--+<59><STEAM_1:1:1316058917><CT>" with "knife"
L 12/14/2019 - 19:09:07: Team "TERRORIST" triggered "Terrorists_Win" (CT "0") (T "3")
L 12/14/2019 - 19:09:07: World triggered "Round_End"
L 12/14/2019 - 19:09:10: "+-->Kllier`Boss<--+<59><STEAM_1:1:1316058917><CT>" joined team "TERRORIST"
L 12/14/2019 - 19:09:13: World triggered "Round_Start"
L 12/14/2019 - 19:09:13: "+-->Kllier`Boss<--+<59><STEAM_1:1:1316058917><TERRORIST>" committed suicide with "world"
L 12/14/2019 - 19:09:13: "+-->Kllier`Boss<--+<59><STEAM_1:1:1316058917><TERRORIST>" joined team "CT"
L 12/14/2019 - 19:09:15: World triggered "Game_Commencing"
L 12/14/2019 - 19:09:15: World triggered "Game_Commencing" (CT "0") (T "3")
L 12/14/2019 - 19:09:15: World triggered "Round_End"
L 12/14/2019 - 19:09:19: World triggered "Round_Start"
L 12/14/2019 - 19:09:56: "HuNt3r<57><STEAM_1:1:1071071391><TERRORIST>" killed "+-->Kllier`Boss<--+<59><STEAM_1:1:1316058917><CT>" with "knife"
L 12/14/2019 - 19:09:56: Team "TERRORIST" triggered "Terrorists_Win" (CT "0") (T "1")
L 12/14/2019 - 19:09:56: World triggered "Round_End"
L 12/14/2019 - 19:10:02: World triggered "Round_Start"
L 12/14/2019 - 19:10:16: "HuNt3r<57><STEAM_1:1:1071071391><TERRORIST>" killed "+-->Kllier`Boss<--+<59><STEAM_1:1:1316058917><CT>" with "knife"
L 12/14/2019 - 19:10:16: Team "TERRORIST" triggered "Terrorists_Win" (CT "0") (T "2")
L 12/14/2019 - 19:10:16: World triggered "Round_End"
L 12/14/2019 - 19:10:22: World triggered "Round_Start"
L 12/14/2019 - 19:10:46: "+-->Kllier`Boss<--+<59><STEAM_1:1:1316058917><CT>" killed "HuNt3r<57><STEAM_1:1:1071071391><TERRORIST>" with "knife"
L 12/14/2019 - 19:10:46: Team "CT" triggered "CTs_Win" (CT "1") (T "2")
L 12/14/2019 - 19:10:46: World triggered "Round_End"
L 12/14/2019 - 19:10:50: "HuNt3r<57><STEAM_1:1:1071071391><TERRORIST>" disconnected
L 12/14/2019 - 19:10:52: World triggered "Round_Start"
L 12/14/2019 - 19:11:12: "+-->Kllier`Boss<--+<59><STEAM_1:1:1316058917><CT>" disconnected
L 12/14/2019 - 19:11:12: World triggered "Round_Draw" (CT "1") (T "2")
L 12/14/2019 - 19:11:12: World triggered "Round_End"
L 12/14/2019 - 19:11:18: World triggered "Round_Start"
L 12/14/2019 - 19:14:33: [REUNION]: 4_-_four_-_4 (94.156.7.20) authorized as RevEmu
L 12/14/2019 - 19:14:33: "4_-_four_-_4<61><STEAM_2:1:494350868><>" connected, address "94.156.7.20:27005"
L 12/14/2019 - 19:14:44: [REUNION]: 4_-_four_-_4 (94.156.7.20) authorized as RevEmu
L 12/14/2019 - 19:14:44: "4_-_four_-_4<62><STEAM_2:1:494350868><>" connected, address "94.156.7.20:27005"
L 12/14/2019 - 19:15:00: "4_-_four_-_4<62><STEAM_2:1:494350868><>" entered the game
L 12/14/2019 - 19:15:13: "4_-_four_-_4<62><STEAM_2:1:494350868><>" joined team "CT"
L 12/14/2019 - 19:16:49: Server cvar "amx_nextmap" = "awesome_cars2"
L 12/14/2019 - 19:16:55: Server cvar "sv_maxspeed" = "0.000000"
L 12/14/2019 - 19:16:55: Server cvar "mp_friendlyfire" = "1"
L 12/14/2019 - 19:17:06: Server cvar "sv_maxspeed" = "900.000000"
L 12/14/2019 - 19:17:06: Server cvar "mp_friendlyfire" = "0"
L 12/14/2019 - 19:17:06: [META] ini: Begin re-reading plugins list: /home/rented/public9/cstrike/addons/metamod/plugins.ini
L 12/14/2019 - 19:17:06: [META] ini: Read plugin config for: SafeNameAndChat
L 12/14/2019 - 19:17:06: [META] ini: Read plugin config for: AMX Mod X
L 12/14/2019 - 19:17:06: [META] ini: Read plugin config for: Reunion
L 12/14/2019 - 19:17:06: [META] ini: Read plugin config for: ReAuthCheck
L 12/14/2019 - 19:17:06: [META] ini: Read plugin config for: WHBlocker
L 12/14/2019 - 19:17:06: [META] ini: Read plugin config for: ReSemiclip
L 12/14/2019 - 19:17:06: [META] ini: Read plugin config for: Revoice
L 12/14/2019 - 19:17:06: [META] ini: Finished reading plugins list: /home/rented/public9/cstrike/addons/metamod/plugins.ini; Found 7 plugins
L 12/14/2019 - 19:17:06: [META] dll: Updating plugins...
L 12/14/2019 - 19:17:06: [META] WARNING: Cannot clear plugin 'SafeNameAndChat'; not marked as failed, empty, or open (status=valid)
L 12/14/2019 - 19:17:06: [META] dll: Unloaded plugin 'SafeNameAndChat' for reason 'file on disk is newer'
L 12/14/2019 - 19:17:06: [META] dll: Loaded plugin 'SafeNameAndChat': SafeNameAndChat v1.1 2017.02.01, WPMG.PRoSToC0der
L 12/14/2019 - 19:17:06: [META] WARNING: Cannot clear plugin 'WHBlocker'; not marked as failed, empty, or open (status=valid)
L 12/14/2019 - 19:17:06: [META] dll: Unloaded plugin 'WHBlocker' for reason 'file on disk is newer'
L 12/14/2019 - 19:17:06: [META] dll: Loaded plugin 'WHBlocker': WHBlocker v1.5.692 2017-04-13, s1lent
L 12/14/2019 - 19:17:06: [META] WARNING: Cannot clear plugin 'ReSemiclip'; not marked as failed, empty, or open (status=valid)
L 12/14/2019 - 19:17:06: [META] dll: Unloaded plugin 'ReSemiclip' for reason 'file on disk is newer'
L 12/14/2019 - 19:17:06: [META] dll: Loaded plugin 'ReSemiclip': ReSemiclip v2.3.9 13/02/17, s1lent & Adidasman
L 12/14/2019 - 19:17:06: [META] dll: Finished updating 14 plugins; kept 0, loaded 0, unloaded 0, reloaded 3, delayed 0
L 12/14/2019 - 19:17:06: "4_-_four_-_4<62><STEAM_2:1:494350868><CT>" disconnected
L 12/14/2019 - 19:17:06: World triggered "Round_Draw" (CT "1") (T "2")
L 12/14/2019 - 19:17:06: World triggered "Round_End"
L 12/14/2019 - 19:17:06: Log file closed
