L 12/15/2019 - 18:44:44: Log file started (file "logs/L1215167.log") (game "cstrike") (version "48/1.1.2.7/Stdio/1621")
L 12/15/2019 - 18:44:44: Loading map "de_eldorado"
L 12/15/2019 - 18:44:44: Server cvars start
L 12/15/2019 - 18:44:44: Server cvar "@BunnyHopper" = "3.x"
L 12/15/2019 - 18:44:44: Server cvar "@CRXGoSpec" = "1.1"
L 12/15/2019 - 18:44:44: Server cvar "@CRXRemoveImmunity" = "1.0"
L 12/15/2019 - 18:44:44: Server cvar "@D.I.C.E." = "1.1"
L 12/15/2019 - 18:44:44: Server cvar "@MOTDCommands" = "1.2"
L 12/15/2019 - 18:44:44: Server cvar "advanced_quake_sounds" = "5.0"
L 12/15/2019 - 18:44:44: Server cvar "AdvancedMute" = "1.0"
L 12/15/2019 - 18:44:44: Server cvar "aesp_version" = "1.3"
L 12/15/2019 - 18:44:44: Server cvar "allow_spectators" = "1.0"
L 12/15/2019 - 18:44:44: Server cvar "amx_client_languages" = "1"
L 12/15/2019 - 18:44:44: Server cvar "amx_language" = "en"
L 12/15/2019 - 18:44:44: Server cvar "amx_nextmap" = "de_eldorado"
L 12/15/2019 - 18:44:44: Server cvar "amx_ptb_version" = "1.8b3"
L 12/15/2019 - 18:44:44: Server cvar "amx_timeleft" = "00:00"
L 12/15/2019 - 18:44:44: Server cvar "amxmodx_version" = "1.8.2"
L 12/15/2019 - 18:44:44: Server cvar "amxxbg_vip" = "1.0"
L 12/15/2019 - 18:44:44: Server cvar "asp_version" = "4.5.1"
L 12/15/2019 - 18:44:44: Server cvar "atac_version" = "3.0.1"
L 12/15/2019 - 18:44:44: Server cvar "badcamper_version" = "1.4 beta"
L 12/15/2019 - 18:44:44: Server cvar "blockmaker" = "4.01"
L 12/15/2019 - 18:44:44: Server cvar "c4 timer" = "1.1"
L 12/15/2019 - 18:44:44: Server cvar "coop" = "0"
L 12/15/2019 - 18:44:44: Server cvar "CRXAdminGroups" = "1.0"
L 12/15/2019 - 18:44:44: Server cvar "CRXCommandRestrictions" = "1.0"
L 12/15/2019 - 18:44:44: Server cvar "CRXFastKnife" = "1.0"
L 12/15/2019 - 18:44:44: Server cvar "CRXGametracker" = "2.0"
L 12/15/2019 - 18:44:44: Server cvar "CRXKnifeModels" = "2.5.7"
L 12/15/2019 - 18:44:44: Server cvar "CRXTeamAdvantage" = "1.0"
L 12/15/2019 - 18:44:44: Server cvar "CustomShop" = "4.2"
L 12/15/2019 - 18:44:44: Server cvar "deathmatch" = "1"
L 12/15/2019 - 18:44:44: Server cvar "decalfrequency" = "0"
L 12/15/2019 - 18:44:44: Server cvar "edgefriction" = "2"
L 12/15/2019 - 18:44:44: Server cvar "ers_version" = "2.3c"
L 12/15/2019 - 18:44:44: Server cvar "gagsystem_shoko" = "1.0"
L 12/15/2019 - 18:44:44: Server cvar "gal_mapcyclefile" = "mapcycle.txt"
L 12/15/2019 - 18:44:44: Server cvar "gal_version" = "v5.9.1-926"
L 12/15/2019 - 18:44:44: Server cvar "game_version" = "5.7.0.313-dev"
L 12/15/2019 - 18:44:44: Server cvar "humans_join_team" = "any"
L 12/15/2019 - 18:44:44: Server cvar "jtp10181" = "chute,gore"
L 12/15/2019 - 18:44:44: Server cvar "lawliet" = "ny_RainingSnow"
L 12/15/2019 - 18:44:44: Server cvar "LetitSnow" = "1.0"
L 12/15/2019 - 18:44:44: Server cvar "map_spawns" = "T(16) CT(16)"
L 12/15/2019 - 18:44:44: Server cvar "max_queries_sec" = "3"
L 12/15/2019 - 18:44:44: Server cvar "max_queries_sec_global" = "150"
L 12/15/2019 - 18:44:44: Server cvar "max_queries_window" = "60"
L 12/15/2019 - 18:44:44: Server cvar "mdbBans" = "4.8"
L 12/15/2019 - 18:44:44: Server cvar "metamod_version" = "1.21p37"
L 12/15/2019 - 18:44:44: Server cvar "mp_autokick" = "0"
L 12/15/2019 - 18:44:44: Server cvar "mp_autokick_timeout" = "-1"
L 12/15/2019 - 18:44:44: Server cvar "mp_autoteambalance" = "0"
L 12/15/2019 - 18:44:44: Server cvar "mp_buytime" = "0.25"
L 12/15/2019 - 18:44:44: Server cvar "mp_c4timer" = "35"
L 12/15/2019 - 18:44:44: Server cvar "mp_chattime" = "5.000000"
L 12/15/2019 - 18:44:44: Server cvar "mp_consistency" = "1"
L 12/15/2019 - 18:44:44: Server cvar "mp_fadetoblack" = "0"
L 12/15/2019 - 18:44:44: Server cvar "mp_flashlight" = "1"
L 12/15/2019 - 18:44:44: Server cvar "mp_footsteps" = "1"
L 12/15/2019 - 18:44:44: Server cvar "mp_forcecamera" = "0"
L 12/15/2019 - 18:44:44: Server cvar "mp_forcechasecam" = "0"
L 12/15/2019 - 18:44:44: Server cvar "mp_forcerespawn" = "0"
L 12/15/2019 - 18:44:44: Server cvar "mp_fraglimit" = "0"
L 12/15/2019 - 18:44:44: Server cvar "mp_fragsleft" = "0"
L 12/15/2019 - 18:44:44: Server cvar "mp_freeforall" = "0"
L 12/15/2019 - 18:44:44: Server cvar "mp_freezetime" = "1"
L 12/15/2019 - 18:44:44: Server cvar "mp_friendlyfire" = "0"
L 12/15/2019 - 18:44:44: Server cvar "mp_hostage_hurtable" = "1"
L 12/15/2019 - 18:44:44: Server cvar "mp_hostagepenalty" = "0"
L 12/15/2019 - 18:44:44: Server cvar "mp_item_staytime" = "300"
L 12/15/2019 - 18:44:44: Server cvar "mp_kickpercent" = "0.66"
L 12/15/2019 - 18:44:44: Server cvar "mp_legacy_bombtarget_touch" = "1"
L 12/15/2019 - 18:44:44: Server cvar "mp_limitteams" = "0"
L 12/15/2019 - 18:44:44: Server cvar "mp_logdetail" = "0"
L 12/15/2019 - 18:44:44: Server cvar "mp_logfile" = "1"
L 12/15/2019 - 18:44:44: Server cvar "mp_logmessages" = "1"
L 12/15/2019 - 18:44:44: Server cvar "mp_mapvoteratio" = "0.66"
L 12/15/2019 - 18:44:44: Server cvar "mp_maxmoney" = "999999"
L 12/15/2019 - 18:44:44: Server cvar "mp_maxrounds" = "0"
L 12/15/2019 - 18:44:44: Server cvar "mp_mirrordamage" = "0"
L 12/15/2019 - 18:44:44: Server cvar "mp_old_bomb_defused_sound" = "1"
L 12/15/2019 - 18:44:44: Server cvar "mp_playerid" = "0"
L 12/15/2019 - 18:44:44: Server cvar "mp_respawn_immunitytime" = "0"
L 12/15/2019 - 18:44:44: Server cvar "mp_round_infinite" = "0"
L 12/15/2019 - 18:44:44: Server cvar "mp_round_restart_delay" = "5"
L 12/15/2019 - 18:44:44: Server cvar "mp_roundover" = "0"
L 12/15/2019 - 18:44:44: Server cvar "mp_roundtime" = "2.3"
L 12/15/2019 - 18:44:44: Server cvar "mp_show_radioicon" = "1"
L 12/15/2019 - 18:44:44: Server cvar "mp_startmoney" = "850"
L 12/15/2019 - 18:44:44: Server cvar "mp_timeleft" = "00:00"
L 12/15/2019 - 18:44:44: Server cvar "mp_timelimit" = "20.000000"
L 12/15/2019 - 18:44:44: Server cvar "mp_tkpunish" = "0"
L 12/15/2019 - 18:44:44: Server cvar "mp_windifference" = "1"
L 12/15/2019 - 18:44:44: Server cvar "mp_winlimit" = "0"
L 12/15/2019 - 18:44:44: Server cvar "NoWeaponsOnGround" = "1.0"
L 12/15/2019 - 18:44:44: Server cvar "pausable" = "0"
L 12/15/2019 - 18:44:44: Server cvar "present_version" = "2.01"
L 12/15/2019 - 18:44:44: Server cvar "RandomHP" = "2.2"
L 12/15/2019 - 18:44:44: Server cvar "reauthcheck_version" = "0.1.6"
L 12/15/2019 - 18:44:44: Server cvar "reconnect_features" = "0.3.1"
L 12/15/2019 - 18:44:44: Server cvar "report_system_version" = "3.1"
L 12/15/2019 - 18:44:44: Server cvar "resemiclip_version" = "2.3.9"
L 12/15/2019 - 18:44:44: Server cvar "reu_version" = "0.1.0.130"
L 12/15/2019 - 18:44:44: Server cvar "revoice_version" = "0.1.0.30"
L 12/15/2019 - 18:44:44: Server cvar "RRWM" = "2.0"
L 12/15/2019 - 18:44:44: Server cvar "sanksounds_version" = "1.8.6"
L 12/15/2019 - 18:44:44: Server cvar "SimpleMenu" = "1.1"
L 12/15/2019 - 18:44:44: Server cvar "SNAC_Version" = "1.1"
L 12/15/2019 - 18:44:44: Server cvar "SpecList" = "1.2a"
L 12/15/2019 - 18:44:44: Server cvar "sr_version" = "1.6"
L 12/15/2019 - 18:44:44: Server cvar "statsx_shell_ver" = "2.0.0 (BETA)"
L 12/15/2019 - 18:44:44: Server cvar "StyleC4Timer" = "2.1"
L 12/15/2019 - 18:44:44: Server cvar "sv_accelerate" = "5"
L 12/15/2019 - 18:44:44: Server cvar "sv_aim" = "1"
L 12/15/2019 - 18:44:44: Server cvar "sv_airaccelerate" = "100"
L 12/15/2019 - 18:44:44: Server cvar "sv_allowupload" = "1"
L 12/15/2019 - 18:44:44: Server cvar "sv_alltalk" = "1"
L 12/15/2019 - 18:44:44: Server cvar "sv_bounce" = "1"
L 12/15/2019 - 18:44:44: Server cvar "sv_cheats" = "0"
L 12/15/2019 - 18:44:44: Server cvar "sv_clienttrace" = "1"
L 12/15/2019 - 18:44:44: Server cvar "sv_contact" = "feruchio599@gmail.com"
L 12/15/2019 - 18:44:44: Server cvar "sv_friction" = "4"
L 12/15/2019 - 18:44:44: Server cvar "sv_gravity" = "800"
L 12/15/2019 - 18:44:44: Server cvar "sv_logblocks" = "0"
L 12/15/2019 - 18:44:44: Server cvar "sv_maxrate" = "50000"
L 12/15/2019 - 18:44:44: Server cvar "sv_maxspeed" = "900.000000"
L 12/15/2019 - 18:44:44: Server cvar "sv_minrate" = "10000"
L 12/15/2019 - 18:44:44: Server cvar "sv_password" = ""
L 12/15/2019 - 18:44:44: Server cvar "sv_proxies" = "1"
L 12/15/2019 - 18:44:44: Server cvar "sv_restart" = "0"
L 12/15/2019 - 18:44:44: Server cvar "sv_restartround" = "0"
L 12/15/2019 - 18:44:44: Server cvar "sv_stepsize" = "18"
L 12/15/2019 - 18:44:44: Server cvar "sv_stopspeed" = "75"
L 12/15/2019 - 18:44:44: Server cvar "sv_uploadmax" = "0.5"
L 12/15/2019 - 18:44:44: Server cvar "sv_version" = "1.1.2.7/Stdio,48,1621"
L 12/15/2019 - 18:44:44: Server cvar "sv_voiceenable" = "1"
L 12/15/2019 - 18:44:44: Server cvar "sv_wateraccelerate" = "10"
L 12/15/2019 - 18:44:44: Server cvar "sv_waterfriction" = "1"
L 12/15/2019 - 18:44:44: Server cvar "Team_Semiclip_version" = "3.3.1"
L 12/15/2019 - 18:44:44: Server cvar "vehicle_real_killer" = "1.1"
L 12/15/2019 - 18:44:44: Server cvar "WalkGuard" = "1.3.2"
L 12/15/2019 - 18:44:44: Server cvar "we_grenades" = "Huehue"
L 12/15/2019 - 18:44:44: Server cvar "we_player_models" = "Huehue"
L 12/15/2019 - 18:44:44: Server cvar "whb_version" = "1.5.692"
L 12/15/2019 - 18:44:44: Server cvar "zp_jp_version" = "Extra Item Jetpack+Bazooka v3.2"
L 12/15/2019 - 18:44:44: Server cvars end
L 12/15/2019 - 18:44:46: Server cvar "sv_maxspeed" = "900"
L 12/15/2019 - 18:44:46: Server cvar "mp_autoteambalance" = "1"
L 12/15/2019 - 18:44:46: Server cvar "mp_timelimit" = "20"
L 12/15/2019 - 18:44:46: Server cvar "mp_autoteambalance" = "0"
L 12/15/2019 - 18:44:46: Server cvar "amx_nextmap" = "[not yet voted on]"
L 12/15/2019 - 18:44:48: Started map "de_eldorado" (CRC "107007239")
L 12/15/2019 - 18:44:50: World triggered "Round_Start"
L 12/15/2019 - 18:44:51: [REUNION]: The bosss :D (109.120.207.234) authorized as RevEmu
L 12/15/2019 - 18:44:51: "The bosss :D<177><STEAM_2:1:1685369291><>" connected, address "109.120.207.234:1044"
L 12/15/2019 - 18:44:51: "MWR-SOBT<172><STEAM_1:1:1657453429><>" entered the game
L 12/15/2019 - 18:44:52: "BABAITA<176><STEAM_1:0:603964278><>" entered the game
L 12/15/2019 - 18:44:55: "MWR-SOBT<172><STEAM_1:1:1657453429><>" joined team "CT"
L 12/15/2019 - 18:44:56: "bossa<170><STEAM_1:0:853193476><>" entered the game
L 12/15/2019 - 18:44:57: "The bosss :D<177><STEAM_2:1:1685369291><>" entered the game
L 12/15/2019 - 18:44:58: "BABAITA<176><STEAM_1:0:603964278><>" joined team "TERRORIST"
L 12/15/2019 - 18:44:58: World triggered "Game_Commencing"
L 12/15/2019 - 18:44:58: World triggered "Game_Commencing" (CT "0") (T "0")
L 12/15/2019 - 18:44:58: World triggered "Round_End"
L 12/15/2019 - 18:44:59: "bossa<170><STEAM_1:0:853193476><>" joined team "CT"
L 12/15/2019 - 18:45:01: "BABAITA<176><STEAM_1:0:603964278><TERRORIST>" triggered "Spawned_With_The_Bomb"
L 12/15/2019 - 18:45:02: World triggered "Round_Start"
L 12/15/2019 - 18:45:03: "The bosss :D<177><STEAM_2:1:1685369291><>" joined team "CT"
L 12/15/2019 - 18:45:20: "MWR-SOBT<172><STEAM_1:1:1657453429><CT>" killed "BABAITA<176><STEAM_1:0:603964278><TERRORIST>" with "usp"
L 12/15/2019 - 18:45:20: Team "CT" triggered "CTs_Win" (CT "1") (T "0")
L 12/15/2019 - 18:45:20: World triggered "Round_End"
L 12/15/2019 - 18:45:25: "BABAITA<176><STEAM_1:0:603964278><TERRORIST>" triggered "Spawned_With_The_Bomb"
L 12/15/2019 - 18:45:26: World triggered "Round_Start"
L 12/15/2019 - 18:45:43: "BABAITA<176><STEAM_1:0:603964278><TERRORIST>" triggered "Planted_The_Bomb"
L 12/15/2019 - 18:46:18: Team "TERRORIST" triggered "Target_Bombed" (CT "1") (T "1")
L 12/15/2019 - 18:46:18: World triggered "Round_End"
L 12/15/2019 - 18:46:23: "BABAITA<176><STEAM_1:0:603964278><TERRORIST>" triggered "Spawned_With_The_Bomb"
L 12/15/2019 - 18:46:24: World triggered "Round_Start"
L 12/15/2019 - 18:46:37: "The bosss :D<177><STEAM_2:1:1685369291><CT>" committed suicide with "world"
L 12/15/2019 - 18:46:37: "The bosss :D<177><STEAM_2:1:1685369291><CT>" joined team "TERRORIST"
L 12/15/2019 - 18:46:45: "BABAITA<176><STEAM_1:0:603964278><TERRORIST>" killed "bossa<170><STEAM_1:0:853193476><CT>" with "ak47"
L 12/15/2019 - 18:47:08: "BABAITA<176><STEAM_1:0:603964278><TERRORIST>" triggered "Planted_The_Bomb"
L 12/15/2019 - 18:47:20: "BABAITA<176><STEAM_1:0:603964278><TERRORIST>" killed "MWR-SOBT<172><STEAM_1:1:1657453429><CT>" with "ak47"
L 12/15/2019 - 18:47:20: Team "TERRORIST" triggered "Terrorists_Win" (CT "1") (T "2")
L 12/15/2019 - 18:47:20: World triggered "Round_End"
L 12/15/2019 - 18:47:25: "BABAITA<176><STEAM_1:0:603964278><TERRORIST>" triggered "Spawned_With_The_Bomb"
L 12/15/2019 - 18:47:26: World triggered "Round_Start"
L 12/15/2019 - 18:47:46: "BABAITA<176><STEAM_1:0:603964278><TERRORIST>" triggered "Planted_The_Bomb"
L 12/15/2019 - 18:47:56: "BABAITA<176><STEAM_1:0:603964278><TERRORIST>" killed "MWR-SOBT<172><STEAM_1:1:1657453429><CT>" with "ak47"
L 12/15/2019 - 18:48:21: Team "TERRORIST" triggered "Target_Bombed" (CT "1") (T "3")
L 12/15/2019 - 18:48:21: World triggered "Round_End"
L 12/15/2019 - 18:48:26: "The bosss :D<177><STEAM_2:1:1685369291><TERRORIST>" triggered "Spawned_With_The_Bomb"
L 12/15/2019 - 18:48:27: World triggered "Round_Start"
L 12/15/2019 - 18:48:41: "BABAITA<176><STEAM_1:0:603964278><TERRORIST>" killed "MWR-SOBT<172><STEAM_1:1:1657453429><CT>" with "ak47"
L 12/15/2019 - 18:48:57: "bossa<170><STEAM_1:0:853193476><CT>" killed "The bosss :D<177><STEAM_2:1:1685369291><TERRORIST>" with "famas"
L 12/15/2019 - 18:48:57: "The bosss :D<177><STEAM_2:1:1685369291><TERRORIST>" triggered "Dropped_The_Bomb"
L 12/15/2019 - 18:48:58: "BABAITA<176><STEAM_1:0:603964278><TERRORIST>" killed "bossa<170><STEAM_1:0:853193476><CT>" with "ak47"
L 12/15/2019 - 18:48:58: Team "TERRORIST" triggered "Terrorists_Win" (CT "1") (T "4")
L 12/15/2019 - 18:48:58: World triggered "Round_End"
L 12/15/2019 - 18:49:03: "BABAITA<176><STEAM_1:0:603964278><TERRORIST>" triggered "Spawned_With_The_Bomb"
L 12/15/2019 - 18:49:04: World triggered "Round_Start"
L 12/15/2019 - 18:49:15: [REUNION]: <|Master|> (79.132.11.95) authorized as RevEmu
L 12/15/2019 - 18:49:15: "<|Master|><178><STEAM_1:0:914190256><>" connected, address "79.132.11.95:27005"
L 12/15/2019 - 18:49:17: "MWR-SOBT<172><STEAM_1:1:1657453429><CT>" killed "BABAITA<176><STEAM_1:0:603964278><TERRORIST>" with "famas"
L 12/15/2019 - 18:49:17: "BABAITA<176><STEAM_1:0:603964278><TERRORIST>" triggered "Dropped_The_Bomb"
L 12/15/2019 - 18:49:22: [REUNION]: <|Master|> (79.132.11.95) authorized as RevEmu
L 12/15/2019 - 18:49:22: "<|Master|><179><STEAM_1:0:914190256><>" connected, address "79.132.11.95:27005"
L 12/15/2019 - 18:49:28: "<|Master|><179><STEAM_1:0:914190256><>" entered the game
L 12/15/2019 - 18:49:30: "<|Master|><179><STEAM_1:0:914190256><>" joined team "TERRORIST"
L 12/15/2019 - 18:50:11: "MWR-SOBT<172><STEAM_1:1:1657453429><CT>" killed "The bosss :D<177><STEAM_2:1:1685369291><TERRORIST>" with "ak47"
L 12/15/2019 - 18:50:11: Team "CT" triggered "CTs_Win" (CT "2") (T "4")
L 12/15/2019 - 18:50:11: World triggered "Round_End"
L 12/15/2019 - 18:50:16: "BABAITA<176><STEAM_1:0:603964278><TERRORIST>" triggered "Spawned_With_The_Bomb"
L 12/15/2019 - 18:50:17: World triggered "Round_Start"
L 12/15/2019 - 18:50:31: "bossa<170><STEAM_1:0:853193476><CT>" killed "BABAITA<176><STEAM_1:0:603964278><TERRORIST>" with "m4a1"
L 12/15/2019 - 18:50:31: "BABAITA<176><STEAM_1:0:603964278><TERRORIST>" triggered "Dropped_The_Bomb"
L 12/15/2019 - 18:50:37: "MWR-SOBT<172><STEAM_1:1:1657453429><CT>" killed "The bosss :D<177><STEAM_2:1:1685369291><TERRORIST>" with "ak47"
L 12/15/2019 - 18:50:57: "<|Master|><179><STEAM_1:0:914190256><TERRORIST>" killed "bossa<170><STEAM_1:0:853193476><CT>" with "sg552"
L 12/15/2019 - 18:51:14: "<|Master|><179><STEAM_1:0:914190256><TERRORIST>" killed "MWR-SOBT<172><STEAM_1:1:1657453429><CT>" with "deagle"
L 12/15/2019 - 18:51:14: Team "TERRORIST" triggered "Terrorists_Win" (CT "2") (T "5")
L 12/15/2019 - 18:51:14: World triggered "Round_End"
L 12/15/2019 - 18:51:18: "BABAITA<176><STEAM_1:0:603964278><TERRORIST>" joined team "CT"
L 12/15/2019 - 18:51:18: "<><><>" triggered "amx_chat" (text "[PTB] Transfered BABAITA to CT")
L 12/15/2019 - 18:51:19: "<|Master|><179><STEAM_1:0:914190256><TERRORIST>" triggered "Spawned_With_The_Bomb"
L 12/15/2019 - 18:51:20: World triggered "Round_Start"
L 12/15/2019 - 18:51:39: "BABAITA<176><STEAM_1:0:603964278><CT>" killed "The bosss :D<177><STEAM_2:1:1685369291><TERRORIST>" with "m4a1"
L 12/15/2019 - 18:51:39: "MWR-SOBT<172><STEAM_1:1:1657453429><CT>" killed "<|Master|><179><STEAM_1:0:914190256><TERRORIST>" with "sg550"
L 12/15/2019 - 18:51:39: Team "CT" triggered "CTs_Win" (CT "3") (T "5")
L 12/15/2019 - 18:51:39: World triggered "Round_End"
L 12/15/2019 - 18:51:44: "MWR-SOBT<172><STEAM_1:1:1657453429><CT>" joined team "TERRORIST"
L 12/15/2019 - 18:51:44: "<><><>" triggered "amx_chat" (text "[PTB] Transfered MWR-SOBT to TERRORIST")
L 12/15/2019 - 18:51:44: "<|Master|><179><STEAM_1:0:914190256><TERRORIST>" triggered "Spawned_With_The_Bomb"
L 12/15/2019 - 18:51:45: World triggered "Round_Start"
L 12/15/2019 - 18:51:54: "BABAITA<176><STEAM_1:0:603964278><CT>" killed "MWR-SOBT<172><STEAM_1:1:1657453429><TERRORIST>" with "m4a1"
L 12/15/2019 - 18:51:57: "BABAITA<176><STEAM_1:0:603964278><CT>" killed "<|Master|><179><STEAM_1:0:914190256><TERRORIST>" with "m4a1"
L 12/15/2019 - 18:51:57: "<|Master|><179><STEAM_1:0:914190256><TERRORIST>" triggered "Dropped_The_Bomb"
L 12/15/2019 - 18:52:05: "BABAITA<176><STEAM_1:0:603964278><CT>" killed "The bosss :D<177><STEAM_2:1:1685369291><TERRORIST>" with "m4a1"
L 12/15/2019 - 18:52:05: Team "CT" triggered "CTs_Win" (CT "4") (T "5")
L 12/15/2019 - 18:52:05: World triggered "Round_End"
L 12/15/2019 - 18:52:10: "The bosss :D<177><STEAM_2:1:1685369291><TERRORIST>" triggered "Spawned_With_The_Bomb"
L 12/15/2019 - 18:52:11: World triggered "Round_Start"
L 12/15/2019 - 18:52:24: "The bosss :D<177><STEAM_2:1:1685369291><TERRORIST>" killed "BABAITA<176><STEAM_1:0:603964278><CT>" with "scout"
L 12/15/2019 - 18:53:03: "bossa<170><STEAM_1:0:853193476><CT>" killed "<|Master|><179><STEAM_1:0:914190256><TERRORIST>" with "sg550"
L 12/15/2019 - 18:53:18: "MWR-SOBT<172><STEAM_1:1:1657453429><TERRORIST>" killed "bossa<170><STEAM_1:0:853193476><CT>" with "sg552"
L 12/15/2019 - 18:53:18: Team "TERRORIST" triggered "Terrorists_Win" (CT "4") (T "6")
L 12/15/2019 - 18:53:18: World triggered "Round_End"
L 12/15/2019 - 18:53:23: "MWR-SOBT<172><STEAM_1:1:1657453429><TERRORIST>" triggered "Spawned_With_The_Bomb"
L 12/15/2019 - 18:53:24: World triggered "Round_Start"
L 12/15/2019 - 18:53:34: "<|Master|><179><STEAM_1:0:914190256><TERRORIST>" killed "BABAITA<176><STEAM_1:0:603964278><CT>" with "awp"
L 12/15/2019 - 18:53:43: "bossa<170><STEAM_1:0:853193476><CT>" killed "MWR-SOBT<172><STEAM_1:1:1657453429><TERRORIST>" with "awp"
L 12/15/2019 - 18:53:43: "MWR-SOBT<172><STEAM_1:1:1657453429><TERRORIST>" triggered "Dropped_The_Bomb"
L 12/15/2019 - 18:53:47: "<|Master|><179><STEAM_1:0:914190256><TERRORIST>" killed "bossa<170><STEAM_1:0:853193476><CT>" with "awp"
L 12/15/2019 - 18:53:47: Team "TERRORIST" triggered "Terrorists_Win" (CT "4") (T "7")
L 12/15/2019 - 18:53:47: World triggered "Round_End"
L 12/15/2019 - 18:53:52: "<|Master|><179><STEAM_1:0:914190256><TERRORIST>" triggered "Spawned_With_The_Bomb"
L 12/15/2019 - 18:53:53: World triggered "Round_Start"
L 12/15/2019 - 18:54:17: "BABAITA<176><STEAM_1:0:603964278><CT>" killed "MWR-SOBT<172><STEAM_1:1:1657453429><TERRORIST>" with "m4a1"
L 12/15/2019 - 18:54:24: "bossa<170><STEAM_1:0:853193476><CT>" killed "The bosss :D<177><STEAM_2:1:1685369291><TERRORIST>" with "famas"
L 12/15/2019 - 18:54:32: "BABAITA<176><STEAM_1:0:603964278><CT>" killed "<|Master|><179><STEAM_1:0:914190256><TERRORIST>" with "grenade"
L 12/15/2019 - 18:54:32: Team "CT" triggered "CTs_Win" (CT "5") (T "7")
L 12/15/2019 - 18:54:32: World triggered "Round_End"
L 12/15/2019 - 18:54:37: "The bosss :D<177><STEAM_2:1:1685369291><TERRORIST>" triggered "Spawned_With_The_Bomb"
L 12/15/2019 - 18:54:38: World triggered "Round_Start"
L 12/15/2019 - 18:54:57: "bossa<170><STEAM_1:0:853193476><CT>" killed "MWR-SOBT<172><STEAM_1:1:1657453429><TERRORIST>" with "tmp"
L 12/15/2019 - 18:55:01: "<|Master|><179><STEAM_1:0:914190256><TERRORIST>" killed "bossa<170><STEAM_1:0:853193476><CT>" with "tmp"
L 12/15/2019 - 18:55:05: "The bosss :D<177><STEAM_2:1:1685369291><TERRORIST>" killed "BABAITA<176><STEAM_1:0:603964278><CT>" with "tmp"
L 12/15/2019 - 18:55:05: Team "TERRORIST" triggered "Terrorists_Win" (CT "5") (T "8")
L 12/15/2019 - 18:55:05: World triggered "Round_End"
L 12/15/2019 - 18:55:10: "MWR-SOBT<172><STEAM_1:1:1657453429><TERRORIST>" triggered "Spawned_With_The_Bomb"
L 12/15/2019 - 18:55:11: World triggered "Round_Start"
L 12/15/2019 - 18:55:16: [REUNION]: LAMBORJINI (151.237.37.93) authorized as RevEmu
L 12/15/2019 - 18:55:16: "LAMBORJINI<180><STEAM_1:0:681183515><>" connected, address "151.237.37.93:1024"
L 12/15/2019 - 18:55:22: "LAMBORJINI<180><STEAM_1:0:681183515><>" entered the game
L 12/15/2019 - 18:55:26: "LAMBORJINI<180><STEAM_1:0:681183515><>" joined team "CT"
L 12/15/2019 - 18:55:32: "<|Master|><179><STEAM_1:0:914190256><TERRORIST>" killed "BABAITA<176><STEAM_1:0:603964278><CT>" with "awp"
L 12/15/2019 - 18:55:32: "bossa<170><STEAM_1:0:853193476><CT>" killed "MWR-SOBT<172><STEAM_1:1:1657453429><TERRORIST>" with "m4a1"
L 12/15/2019 - 18:55:32: "MWR-SOBT<172><STEAM_1:1:1657453429><TERRORIST>" triggered "Dropped_The_Bomb"
L 12/15/2019 - 18:55:36: "bossa<170><STEAM_1:0:853193476><CT>" killed "<|Master|><179><STEAM_1:0:914190256><TERRORIST>" with "m4a1"
L 12/15/2019 - 18:56:01: "LAMBORJINI<180><STEAM_1:0:681183515><CT>" killed "The bosss :D<177><STEAM_2:1:1685369291><TERRORIST>" with "awp"
L 12/15/2019 - 18:56:01: Team "CT" triggered "CTs_Win" (CT "6") (T "8")
L 12/15/2019 - 18:56:01: World triggered "Round_End"
L 12/15/2019 - 18:56:06: "<|Master|><179><STEAM_1:0:914190256><TERRORIST>" triggered "Spawned_With_The_Bomb"
L 12/15/2019 - 18:56:07: World triggered "Round_Start"
L 12/15/2019 - 18:56:18: "MWR-SOBT<172><STEAM_1:1:1657453429><TERRORIST>" killed "LAMBORJINI<180><STEAM_1:0:681183515><CT>" with "ak47"
L 12/15/2019 - 18:56:21: "bossa<170><STEAM_1:0:853193476><CT>" killed "<|Master|><179><STEAM_1:0:914190256><TERRORIST>" with "ak47"
L 12/15/2019 - 18:56:21: "<|Master|><179><STEAM_1:0:914190256><TERRORIST>" triggered "Dropped_The_Bomb"
L 12/15/2019 - 18:56:24: "BABAITA<176><STEAM_1:0:603964278><CT>" killed "The bosss :D<177><STEAM_2:1:1685369291><TERRORIST>" with "ak47"
L 12/15/2019 - 18:56:47: "BABAITA<176><STEAM_1:0:603964278><CT>" killed "MWR-SOBT<172><STEAM_1:1:1657453429><TERRORIST>" with "ak47"
L 12/15/2019 - 18:56:47: Team "CT" triggered "CTs_Win" (CT "7") (T "8")
L 12/15/2019 - 18:56:47: World triggered "Round_End"
L 12/15/2019 - 18:56:51: "bossa<170><STEAM_1:0:853193476><CT>" joined team "TERRORIST"
L 12/15/2019 - 18:56:51: "<><><>" triggered "amx_chat" (text "[PTB] Transfered bossa to TERRORIST")
L 12/15/2019 - 18:56:52: "<|Master|><179><STEAM_1:0:914190256><TERRORIST>" triggered "Spawned_With_The_Bomb"
L 12/15/2019 - 18:56:53: World triggered "Round_Start"
L 12/15/2019 - 18:57:03: [REUNION]: KillAmiran (178.19.253.105) authorized as RevEmu
L 12/15/2019 - 18:57:03: "KillAmiran<181><STEAM_1:0:248788016><>" connected, address "178.19.253.105:27005"
L 12/15/2019 - 18:57:11: [REUNION]: ami (178.66.105.91) authorized as RevEmu
L 12/15/2019 - 18:57:11: "ami<182><STEAM_1:0:2048918259><>" connected, address "178.66.105.91:27005"
L 12/15/2019 - 18:57:13: "BABAITA<176><STEAM_1:0:603964278><CT>" killed "The bosss :D<177><STEAM_2:1:1685369291><TERRORIST>" with "grenade"
L 12/15/2019 - 18:57:16: "LAMBORJINI<180><STEAM_1:0:681183515><CT>" killed "MWR-SOBT<172><STEAM_1:1:1657453429><TERRORIST>" with "awp"
L 12/15/2019 - 18:57:18: [REUNION]: KillAmiran (178.19.253.105) authorized as RevEmu
L 12/15/2019 - 18:57:18: "KillAmiran<183><STEAM_1:0:248788016><>" connected, address "178.19.253.105:27005"
L 12/15/2019 - 18:57:18: "BABAITA<176><STEAM_1:0:603964278><CT>" killed "<|Master|><179><STEAM_1:0:914190256><TERRORIST>" with "ak47"
L 12/15/2019 - 18:57:18: "<|Master|><179><STEAM_1:0:914190256><TERRORIST>" triggered "Dropped_The_Bomb"
L 12/15/2019 - 18:57:20: "BABAITA<176><STEAM_1:0:603964278><CT>" killed "bossa<170><STEAM_1:0:853193476><TERRORIST>" with "ak47"
L 12/15/2019 - 18:57:20: Team "CT" triggered "CTs_Win" (CT "8") (T "8")
L 12/15/2019 - 18:57:20: World triggered "Round_End"
L 12/15/2019 - 18:57:26: "The bosss :D<177><STEAM_2:1:1685369291><TERRORIST>" triggered "Spawned_With_The_Bomb"
L 12/15/2019 - 18:57:26: World triggered "Round_Start"
L 12/15/2019 - 18:57:32: "<|Master|><179><STEAM_1:0:914190256><TERRORIST>" committed suicide with "world"
L 12/15/2019 - 18:57:32: "<|Master|><179><STEAM_1:0:914190256><TERRORIST>" joined team "TERRORIST"
L 12/15/2019 - 18:57:39: "LAMBORJINI<180><STEAM_1:0:681183515><CT>" killed "bossa<170><STEAM_1:0:853193476><TERRORIST>" with "awp"
L 12/15/2019 - 18:57:45: "The bosss :D<177><STEAM_2:1:1685369291><TERRORIST>" killed "LAMBORJINI<180><STEAM_1:0:681183515><CT>" with "awp"
L 12/15/2019 - 18:58:26: "BABAITA<176><STEAM_1:0:603964278><CT>" killed "MWR-SOBT<172><STEAM_1:1:1657453429><TERRORIST>" with "ak47"
L 12/15/2019 - 18:58:36: [REUNION]: HuNt3r (188.255.184.74) authorized as RevEmu
L 12/15/2019 - 18:58:36: "HuNt3r<184><STEAM_1:1:1071071391><>" connected, address "188.255.184.74:27005"
L 12/15/2019 - 18:58:55: "BABAITA<176><STEAM_1:0:603964278><CT>" killed "The bosss :D<177><STEAM_2:1:1685369291><TERRORIST>" with "ak47"
L 12/15/2019 - 18:58:55: Team "CT" triggered "CTs_Win" (CT "9") (T "8")
L 12/15/2019 - 18:58:55: World triggered "Round_End"
L 12/15/2019 - 18:59:00: "bossa<170><STEAM_1:0:853193476><TERRORIST>" triggered "Spawned_With_The_Bomb"
L 12/15/2019 - 18:59:01: World triggered "Round_Start"
L 12/15/2019 - 18:59:29: "BABAITA<176><STEAM_1:0:603964278><CT>" killed "The bosss :D<177><STEAM_2:1:1685369291><TERRORIST>" with "ak47"
L 12/15/2019 - 18:59:33: "LAMBORJINI<180><STEAM_1:0:681183515><CT>" killed "bossa<170><STEAM_1:0:853193476><TERRORIST>" with "awp"
L 12/15/2019 - 18:59:33: "bossa<170><STEAM_1:0:853193476><TERRORIST>" triggered "Dropped_The_Bomb"
L 12/15/2019 - 18:59:41: "LAMBORJINI<180><STEAM_1:0:681183515><CT>" killed "MWR-SOBT<172><STEAM_1:1:1657453429><TERRORIST>" with "awp"
L 12/15/2019 - 18:59:48: "LAMBORJINI<180><STEAM_1:0:681183515><CT>" killed "<|Master|><179><STEAM_1:0:914190256><TERRORIST>" with "awp"
L 12/15/2019 - 18:59:48: Team "CT" triggered "CTs_Win" (CT "10") (T "8")
L 12/15/2019 - 18:59:48: World triggered "Round_End"
L 12/15/2019 - 18:59:53: "MWR-SOBT<172><STEAM_1:1:1657453429><TERRORIST>" triggered "Spawned_With_The_Bomb"
L 12/15/2019 - 18:59:54: World triggered "Round_Start"
L 12/15/2019 - 18:59:55: "MWR-SOBT<172><STEAM_1:1:1657453429><TERRORIST>" triggered "Dropped_The_Bomb"
L 12/15/2019 - 18:59:55: "<|Master|><179><STEAM_1:0:914190256><TERRORIST>" triggered "Got_The_Bomb"
L 12/15/2019 - 19:00:07: "LAMBORJINI<180><STEAM_1:0:681183515><CT>" killed "MWR-SOBT<172><STEAM_1:1:1657453429><TERRORIST>" with "awp"
L 12/15/2019 - 19:00:07: "BABAITA<176><STEAM_1:0:603964278><CT>" killed "<|Master|><179><STEAM_1:0:914190256><TERRORIST>" with "ak47"
L 12/15/2019 - 19:00:07: "<|Master|><179><STEAM_1:0:914190256><TERRORIST>" triggered "Dropped_The_Bomb"
L 12/15/2019 - 19:00:10: "LAMBORJINI<180><STEAM_1:0:681183515><CT>" killed "bossa<170><STEAM_1:0:853193476><TERRORIST>" with "awp"
L 12/15/2019 - 19:00:14: "BABAITA<176><STEAM_1:0:603964278><CT>" killed "The bosss :D<177><STEAM_2:1:1685369291><TERRORIST>" with "ak47"
L 12/15/2019 - 19:00:14: Team "CT" triggered "CTs_Win" (CT "11") (T "8")
L 12/15/2019 - 19:00:14: World triggered "Round_End"
L 12/15/2019 - 19:00:17: "MWR-SOBT<172><STEAM_1:1:1657453429><TERRORIST>" joined team "TERRORIST"
L 12/15/2019 - 19:00:19: "The bosss :D<177><STEAM_2:1:1685369291><TERRORIST>" triggered "Spawned_With_The_Bomb"
L 12/15/2019 - 19:00:20: World triggered "Round_Start"
L 12/15/2019 - 19:00:20: "MWR-SOBT<172><STEAM_1:1:1657453429><TERRORIST>" joined team "CT"
L 12/15/2019 - 19:00:31: "LAMBORJINI<180><STEAM_1:0:681183515><CT>" killed "bossa<170><STEAM_1:0:853193476><TERRORIST>" with "awp"
L 12/15/2019 - 19:00:34: "LAMBORJINI<180><STEAM_1:0:681183515><CT>" killed "<|Master|><179><STEAM_1:0:914190256><TERRORIST>" with "awp"
L 12/15/2019 - 19:00:35: "The bosss :D<177><STEAM_2:1:1685369291><TERRORIST>" killed "LAMBORJINI<180><STEAM_1:0:681183515><CT>" with "awp"
L 12/15/2019 - 19:00:39: "The bosss :D<177><STEAM_2:1:1685369291><TERRORIST>" killed "BABAITA<176><STEAM_1:0:603964278><CT>" with "awp"
L 12/15/2019 - 19:00:39: Team "TERRORIST" triggered "Terrorists_Win" (CT "11") (T "9")
L 12/15/2019 - 19:00:39: World triggered "Round_End"
L 12/15/2019 - 19:00:43: "BABAITA<176><STEAM_1:0:603964278><CT>" joined team "TERRORIST"
L 12/15/2019 - 19:00:43: "<><><>" triggered "amx_chat" (text "[PTB] Transfered BABAITA to TERRORIST")
L 12/15/2019 - 19:00:44: "BABAITA<176><STEAM_1:0:603964278><TERRORIST>" triggered "Spawned_With_The_Bomb"
L 12/15/2019 - 19:00:45: World triggered "Round_Start"
L 12/15/2019 - 19:01:03: "LAMBORJINI<180><STEAM_1:0:681183515><CT>" killed "The bosss :D<177><STEAM_2:1:1685369291><TERRORIST>" with "m4a1"
L 12/15/2019 - 19:01:06: [REUNION]: HuNt3r (188.255.184.74) authorized as RevEmu
L 12/15/2019 - 19:01:06: "HuNt3r<185><STEAM_1:1:1071071391><>" connected, address "188.255.184.74:27005"
L 12/15/2019 - 19:01:08: "BABAITA<176><STEAM_1:0:603964278><TERRORIST>" killed "MWR-SOBT<172><STEAM_1:1:1657453429><CT>" with "knife"
L 12/15/2019 - 19:01:10: "LAMBORJINI<180><STEAM_1:0:681183515><CT>" killed "<|Master|><179><STEAM_1:0:914190256><TERRORIST>" with "m4a1"
L 12/15/2019 - 19:01:17: "BABAITA<176><STEAM_1:0:603964278><TERRORIST>" committed suicide with "world"
L 12/15/2019 - 19:01:17: "BABAITA<176><STEAM_1:0:603964278><TERRORIST>" triggered "Dropped_The_Bomb"
L 12/15/2019 - 19:01:17: "BABAITA<176><STEAM_1:0:603964278><TERRORIST>" joined team "CT"
L 12/15/2019 - 19:01:23: "LAMBORJINI<180><STEAM_1:0:681183515><CT>" killed "bossa<170><STEAM_1:0:853193476><TERRORIST>" with "m4a1"
L 12/15/2019 - 19:01:23: Team "CT" triggered "CTs_Win" (CT "12") (T "9")
L 12/15/2019 - 19:01:23: World triggered "Round_End"
L 12/15/2019 - 19:01:28: "LAMBORJINI<180><STEAM_1:0:681183515><CT>" joined team "TERRORIST"
L 12/15/2019 - 19:01:28: "<><><>" triggered "amx_chat" (text "[PTB] Transfered LAMBORJINI to TERRORIST")
L 12/15/2019 - 19:01:28: "bossa<170><STEAM_1:0:853193476><TERRORIST>" triggered "Spawned_With_The_Bomb"
L 12/15/2019 - 19:01:29: World triggered "Round_Start"
L 12/15/2019 - 19:01:42: "Saad<186><STEAM_0:1:113405507><>" connected, address "213.247.11.204:27005"
L 12/15/2019 - 19:01:43: "Saad<186><STEAM_0:1:113405507><>" STEAM USERID validated
L 12/15/2019 - 19:01:46: "LAMBORJINI<180><STEAM_1:0:681183515><TERRORIST>" killed "MWR-SOBT<172><STEAM_1:1:1657453429><CT>" with "knife"
L 12/15/2019 - 19:01:50: "Saad<186><STEAM_0:1:113405507><>" entered the game
L 12/15/2019 - 19:01:59: "Saad<186><STEAM_0:1:113405507><>" joined team "SPECTATOR"
L 12/15/2019 - 19:02:01: "<|Master|><179><STEAM_1:0:914190256><TERRORIST>" killed "BABAITA<176><STEAM_1:0:603964278><CT>" with "awp"
L 12/15/2019 - 19:02:01: Team "TERRORIST" triggered "Terrorists_Win" (CT "12") (T "10")
L 12/15/2019 - 19:02:01: World triggered "Round_End"
L 12/15/2019 - 19:02:02: [REUNION]: DEIVID979 (109.120.207.234) authorized as NoSteam47
L 12/15/2019 - 19:02:02: "DEIVID979<187><VALVE_ID_LAN><>" connected, address "109.120.207.234:27005"
L 12/15/2019 - 19:02:03: "LAMBORJINI<180><STEAM_1:0:681183515><TERRORIST>" committed suicide with "world"
L 12/15/2019 - 19:02:03: "LAMBORJINI<180><STEAM_1:0:681183515><TERRORIST>" joined team "CT"
L 12/15/2019 - 19:02:06: "<|Master|><179><STEAM_1:0:914190256><TERRORIST>" triggered "Spawned_With_The_Bomb"
L 12/15/2019 - 19:02:07: World triggered "Round_Start"
L 12/15/2019 - 19:02:17: "LAMBORJINI<180><STEAM_1:0:681183515><CT>" killed "bossa<170><STEAM_1:0:853193476><TERRORIST>" with "m4a1"
L 12/15/2019 - 19:02:18: "LAMBORJINI<180><STEAM_1:0:681183515><CT>" killed "The bosss :D<177><STEAM_2:1:1685369291><TERRORIST>" with "m4a1"
L 12/15/2019 - 19:02:41: "LAMBORJINI<180><STEAM_1:0:681183515><CT>" killed "<|Master|><179><STEAM_1:0:914190256><TERRORIST>" with "m4a1"
L 12/15/2019 - 19:02:41: Team "CT" triggered "CTs_Win" (CT "13") (T "10")
L 12/15/2019 - 19:02:41: World triggered "Round_End"
L 12/15/2019 - 19:02:46: "MWR-SOBT<172><STEAM_1:1:1657453429><CT>" joined team "TERRORIST"
L 12/15/2019 - 19:02:46: "<><><>" triggered "amx_chat" (text "[PTB] Transfered MWR-SOBT to TERRORIST")
L 12/15/2019 - 19:02:46: "<|Master|><179><STEAM_1:0:914190256><TERRORIST>" triggered "Spawned_With_The_Bomb"
L 12/15/2019 - 19:02:47: World triggered "Round_Start"
L 12/15/2019 - 19:02:53: "LAMBORJINI<180><STEAM_1:0:681183515><CT>" killed "<|Master|><179><STEAM_1:0:914190256><TERRORIST>" with "m4a1"
L 12/15/2019 - 19:02:53: "<|Master|><179><STEAM_1:0:914190256><TERRORIST>" triggered "Dropped_The_Bomb"
L 12/15/2019 - 19:02:55: "LAMBORJINI<180><STEAM_1:0:681183515><CT>" killed "bossa<170><STEAM_1:0:853193476><TERRORIST>" with "m4a1"
L 12/15/2019 - 19:02:57: "LAMBORJINI<180><STEAM_1:0:681183515><CT>" killed "The bosss :D<177><STEAM_2:1:1685369291><TERRORIST>" with "m4a1"
L 12/15/2019 - 19:03:02: [REUNION]: wnevis sazomi :) (213.200.31.168) authorized as RevEmu
L 12/15/2019 - 19:03:02: "wnevis sazomi :)<188><STEAM_1:0:101149070><>" connected, address "213.200.31.168:9828"
L 12/15/2019 - 19:03:04: "MWR-SOBT<172><STEAM_1:1:1657453429><TERRORIST>" killed "BABAITA<176><STEAM_1:0:603964278><CT>" with "awp"
L 12/15/2019 - 19:03:25: "LAMBORJINI<180><STEAM_1:0:681183515><CT>" killed "MWR-SOBT<172><STEAM_1:1:1657453429><TERRORIST>" with "m4a1"
L 12/15/2019 - 19:03:25: Team "CT" triggered "CTs_Win" (CT "14") (T "10")
L 12/15/2019 - 19:03:25: World triggered "Round_End"
L 12/15/2019 - 19:03:30: "<|Master|><179><STEAM_1:0:914190256><TERRORIST>" joined team "CT"
L 12/15/2019 - 19:03:30: "<><><>" triggered "amx_chat" (text "[PTB] Transfered <|Master|> to CT")
L 12/15/2019 - 19:03:30: "BABAITA<176><STEAM_1:0:603964278><CT>" joined team "TERRORIST"
L 12/15/2019 - 19:03:30: "<><><>" triggered "amx_chat" (text "[PTB] Transfered BABAITA to TERRORIST")
L 12/15/2019 - 19:03:30: "BABAITA<176><STEAM_1:0:603964278><TERRORIST>" triggered "Spawned_With_The_Bomb"
L 12/15/2019 - 19:03:31: World triggered "Round_Start"
L 12/15/2019 - 19:03:39: "LAMBORJINI<180><STEAM_1:0:681183515><CT>" killed "bossa<170><STEAM_1:0:853193476><TERRORIST>" with "m4a1"
L 12/15/2019 - 19:03:41: "The bosss :D<177><STEAM_2:1:1685369291><TERRORIST>" killed "LAMBORJINI<180><STEAM_1:0:681183515><CT>" with "ak47"
L 12/15/2019 - 19:03:50: "BABAITA<176><STEAM_1:0:603964278><TERRORIST>" killed "<|Master|><179><STEAM_1:0:914190256><CT>" with "awp"
L 12/15/2019 - 19:03:50: Team "TERRORIST" triggered "Terrorists_Win" (CT "14") (T "11")
L 12/15/2019 - 19:03:50: World triggered "Round_End"
L 12/15/2019 - 19:03:53: "BABAITA<176><STEAM_1:0:603964278><TERRORIST>" committed suicide with "world"
L 12/15/2019 - 19:03:53: "BABAITA<176><STEAM_1:0:603964278><TERRORIST>" joined team "CT"
L 12/15/2019 - 19:03:55: "bossa<170><STEAM_1:0:853193476><TERRORIST>" triggered "Spawned_With_The_Bomb"
L 12/15/2019 - 19:03:56: World triggered "Round_Start"
L 12/15/2019 - 19:04:06: "LAMBORJINI<180><STEAM_1:0:681183515><CT>" killed "bossa<170><STEAM_1:0:853193476><TERRORIST>" with "m4a1"
L 12/15/2019 - 19:04:06: "bossa<170><STEAM_1:0:853193476><TERRORIST>" triggered "Dropped_The_Bomb"
L 12/15/2019 - 19:04:10: "LAMBORJINI<180><STEAM_1:0:681183515><CT>" killed "The bosss :D<177><STEAM_2:1:1685369291><TERRORIST>" with "m4a1"
L 12/15/2019 - 19:04:11: "BABAITA<176><STEAM_1:0:603964278><CT>" killed "MWR-SOBT<172><STEAM_1:1:1657453429><TERRORIST>" with "m4a1"
L 12/15/2019 - 19:04:11: Team "CT" triggered "CTs_Win" (CT "15") (T "11")
L 12/15/2019 - 19:04:11: World triggered "Round_End"
L 12/15/2019 - 19:04:11: [REUNION]: 4_-_four_-_4 (94.156.7.20) authorized as RevEmu
L 12/15/2019 - 19:04:11: "4_-_four_-_4<189><STEAM_2:1:494350868><>" connected, address "94.156.7.20:27005"
L 12/15/2019 - 19:04:16: "LAMBORJINI<180><STEAM_1:0:681183515><CT>" joined team "TERRORIST"
L 12/15/2019 - 19:04:16: "<><><>" triggered "amx_chat" (text "[PTB] Transfered LAMBORJINI to TERRORIST")
L 12/15/2019 - 19:04:16: "MWR-SOBT<172><STEAM_1:1:1657453429><TERRORIST>" triggered "Spawned_With_The_Bomb"
L 12/15/2019 - 19:04:17: World triggered "Round_Start"
L 12/15/2019 - 19:04:28: "<|Master|><179><STEAM_1:0:914190256><CT>" killed "LAMBORJINI<180><STEAM_1:0:681183515><TERRORIST>" with "awp"
L 12/15/2019 - 19:04:31: [REUNION]: DEIVID979 (109.120.207.234) authorized as NoSteam47
L 12/15/2019 - 19:04:31: "DEIVID979<190><VALVE_ID_LAN><>" connected, address "109.120.207.234:27005"
L 12/15/2019 - 19:04:31: "LAMBORJINI<180><STEAM_1:0:681183515><TERRORIST>" joined team "CT"
L 12/15/2019 - 19:04:32: Server cvar "mp_timelimit" = "0.000000"
L 12/15/2019 - 19:04:34: "Saad<186><STEAM_0:1:113405507><SPECTATOR>" disconnected
L 12/15/2019 - 19:04:40: Server cvar "amx_nextmap" = "de_lidl"
L 12/15/2019 - 19:04:50: "MWR-SOBT<172><STEAM_1:1:1657453429><TERRORIST>" killed "BABAITA<176><STEAM_1:0:603964278><CT>" with "glock18"
L 12/15/2019 - 19:04:57: "<|Master|><179><STEAM_1:0:914190256><CT>" killed "MWR-SOBT<172><STEAM_1:1:1657453429><TERRORIST>" with "deagle"
L 12/15/2019 - 19:04:57: "MWR-SOBT<172><STEAM_1:1:1657453429><TERRORIST>" triggered "Dropped_The_Bomb"
L 12/15/2019 - 19:05:08: "HuNt3r<185><STEAM_1:1:1071071391><>" entered the game
L 12/15/2019 - 19:05:12: "MWR-SOBT<172><STEAM_1:1:1657453429><TERRORIST>" joined team "CT"
L 12/15/2019 - 19:05:16: "HuNt3r<185><STEAM_1:1:1071071391><>" joined team "TERRORIST"
L 12/15/2019 - 19:05:29: "<|Master|><179><STEAM_1:0:914190256><CT>" killed "bossa<170><STEAM_1:0:853193476><TERRORIST>" with "awp"
L 12/15/2019 - 19:05:29: "The bosss :D<177><STEAM_2:1:1685369291><TERRORIST>" killed "<|Master|><179><STEAM_1:0:914190256><CT>" with "ak47"
L 12/15/2019 - 19:05:29: Team "TERRORIST" triggered "Terrorists_Win" (CT "15") (T "12")
L 12/15/2019 - 19:05:29: World triggered "Round_End"
L 12/15/2019 - 19:05:34: "<|Master|><179><STEAM_1:0:914190256><CT>" joined team "TERRORIST"
L 12/15/2019 - 19:05:34: "<><><>" triggered "amx_chat" (text "[PTB] Transfered <|Master|> to TERRORIST")
L 12/15/2019 - 19:05:34: "The bosss :D<177><STEAM_2:1:1685369291><TERRORIST>" triggered "Spawned_With_The_Bomb"
L 12/15/2019 - 19:05:35: World triggered "Round_Start"
L 12/15/2019 - 19:05:35: Server cvar "sv_maxspeed" = "0.000000"
L 12/15/2019 - 19:05:35: Server cvar "mp_friendlyfire" = "1"
L 12/15/2019 - 19:05:38: "HuNt3r<185><STEAM_1:1:1071071391><TERRORIST>" killed "bossa<170><STEAM_1:0:853193476><TERRORIST>" with "ak47"
L 12/15/2019 - 19:05:38: "BABAITA<176><STEAM_1:0:603964278><CT>" killed "MWR-SOBT<172><STEAM_1:1:1657453429><CT>" with "m4a1"
L 12/15/2019 - 19:05:41: Server cvar "sv_maxspeed" = "900.000000"
L 12/15/2019 - 19:05:41: Server cvar "mp_friendlyfire" = "0"
L 12/15/2019 - 19:05:41: Server cvar "mp_timelimit" = "20.000000"
L 12/15/2019 - 19:05:41: [META] ini: Begin re-reading plugins list: /home/rented/public9/cstrike/addons/metamod/plugins.ini
L 12/15/2019 - 19:05:41: [META] ini: Read plugin config for: SafeNameAndChat
L 12/15/2019 - 19:05:41: [META] ini: Read plugin config for: AMX Mod X
L 12/15/2019 - 19:05:41: [META] ini: Read plugin config for: Reunion
L 12/15/2019 - 19:05:41: [META] ini: Read plugin config for: ReAuthCheck
L 12/15/2019 - 19:05:41: [META] ini: Read plugin config for: WHBlocker
L 12/15/2019 - 19:05:41: [META] ini: Read plugin config for: ReSemiclip
L 12/15/2019 - 19:05:41: [META] ini: Read plugin config for: Revoice
L 12/15/2019 - 19:05:41: [META] ini: Finished reading plugins list: /home/rented/public9/cstrike/addons/metamod/plugins.ini; Found 7 plugins
L 12/15/2019 - 19:05:41: [META] dll: Updating plugins...
L 12/15/2019 - 19:05:41: [META] WARNING: Cannot clear plugin 'SafeNameAndChat'; not marked as failed, empty, or open (status=valid)
L 12/15/2019 - 19:05:41: [META] dll: Unloaded plugin 'SafeNameAndChat' for reason 'file on disk is newer'
L 12/15/2019 - 19:05:41: [META] dll: Loaded plugin 'SafeNameAndChat': SafeNameAndChat v1.1 2017.02.01, WPMG.PRoSToC0der
L 12/15/2019 - 19:05:41: [META] WARNING: Cannot clear plugin 'WHBlocker'; not marked as failed, empty, or open (status=valid)
L 12/15/2019 - 19:05:41: [META] dll: Unloaded plugin 'WHBlocker' for reason 'file on disk is newer'
L 12/15/2019 - 19:05:41: [META] dll: Loaded plugin 'WHBlocker': WHBlocker v1.5.692 2017-04-13, s1lent
L 12/15/2019 - 19:05:41: [META] WARNING: Cannot clear plugin 'ReSemiclip'; not marked as failed, empty, or open (status=valid)
L 12/15/2019 - 19:05:41: [META] dll: Unloaded plugin 'ReSemiclip' for reason 'file on disk is newer'
L 12/15/2019 - 19:05:41: [META] dll: Loaded plugin 'ReSemiclip': ReSemiclip v2.3.9 13/02/17, s1lent & Adidasman
L 12/15/2019 - 19:05:41: [META] dll: Finished updating 14 plugins; kept 0, loaded 0, unloaded 0, reloaded 3, delayed 0
L 12/15/2019 - 19:05:41: "bossa<170><STEAM_1:0:853193476><TERRORIST>" disconnected
L 12/15/2019 - 19:05:41: "MWR-SOBT<172><STEAM_1:1:1657453429><CT>" disconnected
L 12/15/2019 - 19:05:41: "<|Master|><179><STEAM_1:0:914190256><TERRORIST>" disconnected
L 12/15/2019 - 19:05:41: "LAMBORJINI<180><STEAM_1:0:681183515><CT>" disconnected
L 12/15/2019 - 19:05:41: "The bosss :D<177><STEAM_2:1:1685369291><TERRORIST>" disconnected
L 12/15/2019 - 19:05:41: "BABAITA<176><STEAM_1:0:603964278><CT>" disconnected
L 12/15/2019 - 19:05:41: "HuNt3r<185><STEAM_1:1:1071071391><TERRORIST>" disconnected
L 12/15/2019 - 19:05:41: World triggered "Round_Draw" (CT "15") (T "12")
L 12/15/2019 - 19:05:41: World triggered "Round_End"
L 12/15/2019 - 19:05:41: Log file closed
