L 12/16/2019 - 19:28:12: Log file started (file "logs/L1216171.log") (game "cstrike") (version "48/1.1.2.7/Stdio/1621")
L 12/16/2019 - 19:28:12: Loading map "cs_jeep_rally2"
L 12/16/2019 - 19:28:12: Server cvars start
L 12/16/2019 - 19:28:12: Server cvar "@BunnyHopper" = "3.x"
L 12/16/2019 - 19:28:12: Server cvar "@CRXGoSpec" = "1.1"
L 12/16/2019 - 19:28:12: Server cvar "@CRXRemoveImmunity" = "1.0"
L 12/16/2019 - 19:28:12: Server cvar "@D.I.C.E." = "1.1"
L 12/16/2019 - 19:28:12: Server cvar "@MOTDCommands" = "1.2"
L 12/16/2019 - 19:28:12: Server cvar "advanced_quake_sounds" = "5.0"
L 12/16/2019 - 19:28:12: Server cvar "AdvancedMute" = "1.0"
L 12/16/2019 - 19:28:12: Server cvar "aesp_version" = "1.3"
L 12/16/2019 - 19:28:12: Server cvar "allow_spectators" = "1.0"
L 12/16/2019 - 19:28:12: Server cvar "amx_client_languages" = "1"
L 12/16/2019 - 19:28:12: Server cvar "amx_language" = "en"
L 12/16/2019 - 19:28:12: Server cvar "amx_nextmap" = "cs_jeep_rally2"
L 12/16/2019 - 19:28:12: Server cvar "amx_ptb_version" = "1.8b3"
L 12/16/2019 - 19:28:12: Server cvar "amx_timeleft" = "03:46"
L 12/16/2019 - 19:28:12: Server cvar "amxmodx_version" = "1.8.2"
L 12/16/2019 - 19:28:12: Server cvar "amxxbg_vip" = "1.0"
L 12/16/2019 - 19:28:12: Server cvar "asp_version" = "4.5.1"
L 12/16/2019 - 19:28:12: Server cvar "atac_version" = "3.0.1"
L 12/16/2019 - 19:28:12: Server cvar "badcamper_version" = "1.4 beta"
L 12/16/2019 - 19:28:12: Server cvar "blockmaker" = "4.01"
L 12/16/2019 - 19:28:12: Server cvar "c4 timer" = "1.1"
L 12/16/2019 - 19:28:12: Server cvar "coop" = "0"
L 12/16/2019 - 19:28:12: Server cvar "CRXAdminGroups" = "1.0"
L 12/16/2019 - 19:28:12: Server cvar "CRXCommandRestrictions" = "1.0"
L 12/16/2019 - 19:28:12: Server cvar "CRXFastKnife" = "1.0"
L 12/16/2019 - 19:28:12: Server cvar "CRXGametracker" = "2.0"
L 12/16/2019 - 19:28:12: Server cvar "CRXKnifeModels" = "2.5.7"
L 12/16/2019 - 19:28:12: Server cvar "CRXTeamAdvantage" = "1.0"
L 12/16/2019 - 19:28:12: Server cvar "CustomShop" = "4.2"
L 12/16/2019 - 19:28:12: Server cvar "deathmatch" = "1"
L 12/16/2019 - 19:28:12: Server cvar "decalfrequency" = "0"
L 12/16/2019 - 19:28:12: Server cvar "edgefriction" = "2"
L 12/16/2019 - 19:28:12: Server cvar "ers_version" = "2.3c"
L 12/16/2019 - 19:28:12: Server cvar "gagsystem_shoko" = "1.0"
L 12/16/2019 - 19:28:12: Server cvar "gal_mapcyclefile" = "mapcycle.txt"
L 12/16/2019 - 19:28:12: Server cvar "gal_version" = "v5.9.1-926"
L 12/16/2019 - 19:28:12: Server cvar "game_version" = "5.7.0.313-dev"
L 12/16/2019 - 19:28:12: Server cvar "humans_join_team" = "any"
L 12/16/2019 - 19:28:12: Server cvar "jtp10181" = "chute,gore"
L 12/16/2019 - 19:28:12: Server cvar "lawliet" = "ny_RainingSnow"
L 12/16/2019 - 19:28:12: Server cvar "LetitSnow" = "1.0"
L 12/16/2019 - 19:28:12: Server cvar "map_spawns" = "T(16) CT(16)"
L 12/16/2019 - 19:28:12: Server cvar "max_queries_sec" = "3"
L 12/16/2019 - 19:28:12: Server cvar "max_queries_sec_global" = "150"
L 12/16/2019 - 19:28:12: Server cvar "max_queries_window" = "60"
L 12/16/2019 - 19:28:12: Server cvar "mdbBans" = "4.8"
L 12/16/2019 - 19:28:12: Server cvar "metamod_version" = "1.21p37"
L 12/16/2019 - 19:28:12: Server cvar "mp_autokick" = "0"
L 12/16/2019 - 19:28:12: Server cvar "mp_autokick_timeout" = "-1"
L 12/16/2019 - 19:28:12: Server cvar "mp_autoteambalance" = "0"
L 12/16/2019 - 19:28:12: Server cvar "mp_buytime" = "0.25"
L 12/16/2019 - 19:28:12: Server cvar "mp_c4timer" = "35"
L 12/16/2019 - 19:28:12: Server cvar "mp_chattime" = "5.000000"
L 12/16/2019 - 19:28:12: Server cvar "mp_consistency" = "1"
L 12/16/2019 - 19:28:12: Server cvar "mp_fadetoblack" = "0"
L 12/16/2019 - 19:28:12: Server cvar "mp_flashlight" = "1"
L 12/16/2019 - 19:28:12: Server cvar "mp_footsteps" = "1"
L 12/16/2019 - 19:28:12: Server cvar "mp_forcecamera" = "0"
L 12/16/2019 - 19:28:12: Server cvar "mp_forcechasecam" = "0"
L 12/16/2019 - 19:28:12: Server cvar "mp_forcerespawn" = "0"
L 12/16/2019 - 19:28:12: Server cvar "mp_fraglimit" = "0"
L 12/16/2019 - 19:28:12: Server cvar "mp_fragsleft" = "0"
L 12/16/2019 - 19:28:12: Server cvar "mp_freeforall" = "0"
L 12/16/2019 - 19:28:12: Server cvar "mp_freezetime" = "1"
L 12/16/2019 - 19:28:12: Server cvar "mp_friendlyfire" = "0"
L 12/16/2019 - 19:28:12: Server cvar "mp_hostage_hurtable" = "1"
L 12/16/2019 - 19:28:12: Server cvar "mp_hostagepenalty" = "0"
L 12/16/2019 - 19:28:12: Server cvar "mp_item_staytime" = "300"
L 12/16/2019 - 19:28:12: Server cvar "mp_kickpercent" = "0.66"
L 12/16/2019 - 19:28:12: Server cvar "mp_legacy_bombtarget_touch" = "1"
L 12/16/2019 - 19:28:12: Server cvar "mp_limitteams" = "0"
L 12/16/2019 - 19:28:12: Server cvar "mp_logdetail" = "0"
L 12/16/2019 - 19:28:12: Server cvar "mp_logfile" = "1"
L 12/16/2019 - 19:28:12: Server cvar "mp_logmessages" = "1"
L 12/16/2019 - 19:28:12: Server cvar "mp_mapvoteratio" = "0.66"
L 12/16/2019 - 19:28:12: Server cvar "mp_maxmoney" = "999999"
L 12/16/2019 - 19:28:12: Server cvar "mp_maxrounds" = "0"
L 12/16/2019 - 19:28:12: Server cvar "mp_mirrordamage" = "0"
L 12/16/2019 - 19:28:12: Server cvar "mp_old_bomb_defused_sound" = "1"
L 12/16/2019 - 19:28:12: Server cvar "mp_playerid" = "0"
L 12/16/2019 - 19:28:12: Server cvar "mp_respawn_immunitytime" = "0"
L 12/16/2019 - 19:28:12: Server cvar "mp_round_infinite" = "0"
L 12/16/2019 - 19:28:12: Server cvar "mp_round_restart_delay" = "5"
L 12/16/2019 - 19:28:12: Server cvar "mp_roundover" = "0"
L 12/16/2019 - 19:28:12: Server cvar "mp_roundtime" = "2.3"
L 12/16/2019 - 19:28:12: Server cvar "mp_show_radioicon" = "1"
L 12/16/2019 - 19:28:12: Server cvar "mp_startmoney" = "850"
L 12/16/2019 - 19:28:12: Server cvar "mp_timeleft" = "03:45"
L 12/16/2019 - 19:28:12: Server cvar "mp_timelimit" = "20"
L 12/16/2019 - 19:28:12: Server cvar "mp_tkpunish" = "0"
L 12/16/2019 - 19:28:12: Server cvar "mp_windifference" = "1"
L 12/16/2019 - 19:28:12: Server cvar "mp_winlimit" = "0"
L 12/16/2019 - 19:28:12: Server cvar "NoWeaponsOnGround" = "1.0"
L 12/16/2019 - 19:28:12: Server cvar "pausable" = "0"
L 12/16/2019 - 19:28:12: Server cvar "present_version" = "2.01"
L 12/16/2019 - 19:28:12: Server cvar "RandomHP" = "2.2"
L 12/16/2019 - 19:28:12: Server cvar "reauthcheck_version" = "0.1.6"
L 12/16/2019 - 19:28:12: Server cvar "reconnect_features" = "0.3.1"
L 12/16/2019 - 19:28:12: Server cvar "report_system_version" = "3.1"
L 12/16/2019 - 19:28:12: Server cvar "resemiclip_version" = "2.3.9"
L 12/16/2019 - 19:28:12: Server cvar "reu_version" = "0.1.0.130"
L 12/16/2019 - 19:28:12: Server cvar "revoice_version" = "0.1.0.30"
L 12/16/2019 - 19:28:12: Server cvar "RRWM" = "2.0"
L 12/16/2019 - 19:28:12: Server cvar "sanksounds_version" = "1.8.6"
L 12/16/2019 - 19:28:12: Server cvar "SimpleMenu" = "1.1"
L 12/16/2019 - 19:28:12: Server cvar "SNAC_Version" = "1.1"
L 12/16/2019 - 19:28:12: Server cvar "SpecList" = "1.2a"
L 12/16/2019 - 19:28:12: Server cvar "sr_version" = "1.6"
L 12/16/2019 - 19:28:12: Server cvar "statsx_shell_ver" = "2.0.0 (BETA)"
L 12/16/2019 - 19:28:12: Server cvar "StyleC4Timer" = "2.1"
L 12/16/2019 - 19:28:12: Server cvar "sv_accelerate" = "5"
L 12/16/2019 - 19:28:12: Server cvar "sv_aim" = "1"
L 12/16/2019 - 19:28:12: Server cvar "sv_airaccelerate" = "100"
L 12/16/2019 - 19:28:12: Server cvar "sv_allowupload" = "1"
L 12/16/2019 - 19:28:12: Server cvar "sv_alltalk" = "1"
L 12/16/2019 - 19:28:12: Server cvar "sv_bounce" = "1"
L 12/16/2019 - 19:28:12: Server cvar "sv_cheats" = "0"
L 12/16/2019 - 19:28:12: Server cvar "sv_clienttrace" = "1"
L 12/16/2019 - 19:28:12: Server cvar "sv_contact" = "feruchio599@gmail.com"
L 12/16/2019 - 19:28:12: Server cvar "sv_friction" = "4"
L 12/16/2019 - 19:28:12: Server cvar "sv_gravity" = "800"
L 12/16/2019 - 19:28:12: Server cvar "sv_logblocks" = "0"
L 12/16/2019 - 19:28:12: Server cvar "sv_maxrate" = "50000"
L 12/16/2019 - 19:28:12: Server cvar "sv_maxspeed" = "900.000000"
L 12/16/2019 - 19:28:12: Server cvar "sv_minrate" = "10000"
L 12/16/2019 - 19:28:12: Server cvar "sv_password" = ""
L 12/16/2019 - 19:28:12: Server cvar "sv_proxies" = "1"
L 12/16/2019 - 19:28:12: Server cvar "sv_restart" = "0"
L 12/16/2019 - 19:28:12: Server cvar "sv_restartround" = "0"
L 12/16/2019 - 19:28:12: Server cvar "sv_stepsize" = "18"
L 12/16/2019 - 19:28:12: Server cvar "sv_stopspeed" = "75"
L 12/16/2019 - 19:28:12: Server cvar "sv_uploadmax" = "0.5"
L 12/16/2019 - 19:28:12: Server cvar "sv_version" = "1.1.2.7/Stdio,48,1621"
L 12/16/2019 - 19:28:12: Server cvar "sv_voiceenable" = "1"
L 12/16/2019 - 19:28:12: Server cvar "sv_wateraccelerate" = "10"
L 12/16/2019 - 19:28:12: Server cvar "sv_waterfriction" = "1"
L 12/16/2019 - 19:28:12: Server cvar "Team_Semiclip_version" = "3.3.1"
L 12/16/2019 - 19:28:12: Server cvar "vehicle_real_killer" = "1.1"
L 12/16/2019 - 19:28:12: Server cvar "WalkGuard" = "1.3.2"
L 12/16/2019 - 19:28:12: Server cvar "we_grenades" = "Huehue"
L 12/16/2019 - 19:28:12: Server cvar "we_player_models" = "Huehue"
L 12/16/2019 - 19:28:12: Server cvar "whb_version" = "1.5.692"
L 12/16/2019 - 19:28:12: Server cvar "zp_jp_version" = "Extra Item Jetpack+Bazooka v3.2"
L 12/16/2019 - 19:28:12: Server cvars end
L 12/16/2019 - 19:28:14: Server cvar "sv_maxspeed" = "900"
L 12/16/2019 - 19:28:14: Server cvar "mp_autoteambalance" = "1"
L 12/16/2019 - 19:28:14: Server cvar "mp_autoteambalance" = "0"
L 12/16/2019 - 19:28:14: Server cvar "amx_nextmap" = "[not yet voted on]"
L 12/16/2019 - 19:28:16: Started map "cs_jeep_rally2" (CRC "-662898138")
L 12/16/2019 - 19:28:18: World triggered "Round_Start"
L 12/16/2019 - 19:28:29: [REUNION]: LEO (151.237.37.93) authorized as RevEmu
L 12/16/2019 - 19:28:29: "LEO<80><STEAM_1:0:603964278><>" connected, address "151.237.37.93:27005"
L 12/16/2019 - 19:28:30: [REUNION]: HuNt3r (188.255.184.74) authorized as RevEmu
L 12/16/2019 - 19:28:30: "HuNt3r<81><STEAM_1:1:1071071391><>" connected, address "188.255.184.74:27005"
L 12/16/2019 - 19:28:33: "LEO<80><STEAM_1:0:603964278><>" entered the game
L 12/16/2019 - 19:28:38: "LEO<80><STEAM_1:0:603964278><>" joined team "CT"
L 12/16/2019 - 19:28:40: "HuNt3r<81><STEAM_1:1:1071071391><>" entered the game
L 12/16/2019 - 19:28:40: [REUNION]: BAD BOY (178.169.239.222) authorized as RevEmu
L 12/16/2019 - 19:28:40: "BAD BOY<82><STEAM_1:1:175462098><>" connected, address "178.169.239.222:27005"
L 12/16/2019 - 19:28:44: "HuNt3r<81><STEAM_1:1:1071071391><>" joined team "CT"
L 12/16/2019 - 19:28:49: "BAD BOY<82><STEAM_1:1:175462098><>" entered the game
L 12/16/2019 - 19:28:54: "BAD BOY<82><STEAM_1:1:175462098><>" joined team "TERRORIST"
L 12/16/2019 - 19:28:54: World triggered "Game_Commencing"
L 12/16/2019 - 19:28:54: World triggered "Game_Commencing" (CT "0") (T "0")
L 12/16/2019 - 19:28:54: World triggered "Round_End"
L 12/16/2019 - 19:28:58: World triggered "Round_Start"
L 12/16/2019 - 19:29:22: "BAD BOY<82><STEAM_1:1:175462098><TERRORIST>" killed "LEO<80><STEAM_1:0:603964278><CT>" with "deagle"
L 12/16/2019 - 19:29:23: [REUNION]: jesse_pinkman (91.148.164.81) authorized as RevEmu
L 12/16/2019 - 19:29:23: "jesse_pinkman<83><STEAM_1:0:1973059967><>" connected, address "91.148.164.81:27005"
L 12/16/2019 - 19:29:26: "LEO<80><STEAM_1:0:603964278><CT>" disconnected
L 12/16/2019 - 19:29:29: "jesse_pinkman<83><STEAM_1:0:1973059967><>" entered the game
L 12/16/2019 - 19:29:33: "jesse_pinkman<83><STEAM_1:0:1973059967><>" joined team "TERRORIST"
L 12/16/2019 - 19:29:49: [REUNION]: xXMr.ONurXx_YT (79.132.3.52) authorized as RevEmu
L 12/16/2019 - 19:29:49: "xXMr.ONurXx_YT<84><STEAM_2:1:935252518><>" connected, address "79.132.3.52:27005"
L 12/16/2019 - 19:29:56: [REUNION]: LEOPARD (151.237.37.93) authorized as RevEmu
L 12/16/2019 - 19:29:56: "LEOPARD<85><STEAM_1:0:681183515><>" connected, address "151.237.37.93:1024"
L 12/16/2019 - 19:29:59: "BAD BOY<82><STEAM_1:1:175462098><TERRORIST>" killed "HuNt3r<81><STEAM_1:1:1071071391><CT>" with "deagle"
L 12/16/2019 - 19:29:59: Team "TERRORIST" triggered "Terrorists_Win" (CT "0") (T "1")
L 12/16/2019 - 19:29:59: World triggered "Round_End"
L 12/16/2019 - 19:30:00: "LEOPARD<85><STEAM_1:0:681183515><>" entered the game
L 12/16/2019 - 19:30:05: World triggered "Round_Start"
L 12/16/2019 - 19:30:09: "LEOPARD<85><STEAM_1:0:681183515><>" joined team "CT"
L 12/16/2019 - 19:30:11: "xXMr.ONurXx_YT<84><STEAM_2:1:935252518><>" entered the game
L 12/16/2019 - 19:30:18: "xXMr.ONurXx_YT<84><STEAM_2:1:935252518><>" joined team "CT"
L 12/16/2019 - 19:30:22: "BAD BOY<82><STEAM_1:1:175462098><TERRORIST>" killed "LEOPARD<85><STEAM_1:0:681183515><CT>" with "ak47"
L 12/16/2019 - 19:30:36: "xXMr.ONurXx_YT<84><STEAM_2:1:935252518><CT>" killed "jesse_pinkman<83><STEAM_1:0:1973059967><TERRORIST>" with "g3sg1"
L 12/16/2019 - 19:30:49: "xXMr.ONurXx_YT<84><STEAM_2:1:935252518><CT>" killed "BAD BOY<82><STEAM_1:1:175462098><TERRORIST>" with "g3sg1"
L 12/16/2019 - 19:30:49: Team "CT" triggered "CTs_Win" (CT "1") (T "1")
L 12/16/2019 - 19:30:49: World triggered "Round_End"
L 12/16/2019 - 19:30:55: World triggered "Round_Start"
L 12/16/2019 - 19:31:18: "BAD BOY<82><STEAM_1:1:175462098><TERRORIST>" killed "xXMr.ONurXx_YT<84><STEAM_2:1:935252518><CT>" with "awp"
L 12/16/2019 - 19:31:18: "LEOPARD<85><STEAM_1:0:681183515><CT>" killed "BAD BOY<82><STEAM_1:1:175462098><TERRORIST>" with "m4a1"
L 12/16/2019 - 19:31:24: "jesse_pinkman<83><STEAM_1:0:1973059967><TERRORIST>" killed "HuNt3r<81><STEAM_1:1:1071071391><CT>" with "ak47"
L 12/16/2019 - 19:31:53: "KRYTOU<86><STEAM_0:1:47159009><>" connected, address "95.73.141.60:27005"
L 12/16/2019 - 19:31:54: "KRYTOU<86><STEAM_0:1:47159009><>" STEAM USERID validated
L 12/16/2019 - 19:31:54: "LEOPARD<85><STEAM_1:0:681183515><CT>" killed "jesse_pinkman<83><STEAM_1:0:1973059967><TERRORIST>" with "awp"
L 12/16/2019 - 19:31:54: Team "CT" triggered "CTs_Win" (CT "2") (T "1")
L 12/16/2019 - 19:31:54: World triggered "Round_End"
L 12/16/2019 - 19:31:59: "jesse_pinkman<83><STEAM_1:0:1973059967><TERRORIST>" disconnected
L 12/16/2019 - 19:32:00: World triggered "Round_Start"
L 12/16/2019 - 19:32:08: Kick: "KRYTOU<86><STEAM_0:1:47159009><>" was kicked by "Console" (message "Error! Idle Timeout (2).")
L 12/16/2019 - 19:32:35: "LEOPARD<85><STEAM_1:0:681183515><CT>" killed "BAD BOY<82><STEAM_1:1:175462098><TERRORIST>" with "awp"
L 12/16/2019 - 19:32:35: Team "CT" triggered "CTs_Win" (CT "3") (T "1")
L 12/16/2019 - 19:32:35: World triggered "Round_End"
L 12/16/2019 - 19:32:40: "LEOPARD<85><STEAM_1:0:681183515><CT>" disconnected
L 12/16/2019 - 19:32:41: World triggered "Round_Start"
L 12/16/2019 - 19:32:58: "BAD BOY<82><STEAM_1:1:175462098><TERRORIST>" killed "xXMr.ONurXx_YT<84><STEAM_2:1:935252518><CT>" with "ak47"
L 12/16/2019 - 19:33:00: "HuNt3r<81><STEAM_1:1:1071071391><CT>" killed "BAD BOY<82><STEAM_1:1:175462098><TERRORIST>" with "usp"
L 12/16/2019 - 19:33:00: Team "CT" triggered "CTs_Win" (CT "4") (T "1")
L 12/16/2019 - 19:33:00: World triggered "Round_End"
L 12/16/2019 - 19:33:06: World triggered "Round_Start"
L 12/16/2019 - 19:33:18: "BAD BOY<82><STEAM_1:1:175462098><TERRORIST>" disconnected
L 12/16/2019 - 19:33:27: "HuNt3r<81><STEAM_1:1:1071071391><CT>" committed suicide with "world"
L 12/16/2019 - 19:33:27: "HuNt3r<81><STEAM_1:1:1071071391><CT>" joined team "TERRORIST"
L 12/16/2019 - 19:33:27: World triggered "Game_Commencing"
L 12/16/2019 - 19:33:27: World triggered "Game_Commencing" (CT "4") (T "1")
L 12/16/2019 - 19:33:27: World triggered "Round_End"
L 12/16/2019 - 19:33:28: "xXMr.ONurXx_YT<84><STEAM_2:1:935252518><CT>" disconnected
L 12/16/2019 - 19:33:31: World triggered "Round_Start"
L 12/16/2019 - 19:33:59: "HuNt3r<81><STEAM_1:1:1071071391><TERRORIST>" disconnected
L 12/16/2019 - 19:33:59: World triggered "Round_Draw" (CT "0") (T "0")
L 12/16/2019 - 19:33:59: World triggered "Round_End"
L 12/16/2019 - 19:34:05: World triggered "Round_Start"
L 12/16/2019 - 19:36:23: Team "TERRORIST" triggered "Hostages_Not_Rescued" (CT "0") (T "0")
L 12/16/2019 - 19:36:23: World triggered "Round_End"
L 12/16/2019 - 19:36:29: World triggered "Round_Start"
L 12/16/2019 - 19:38:20: [REUNION]: jesse_pinkman (91.148.164.81) authorized as RevEmu
L 12/16/2019 - 19:38:20: "jesse_pinkman<87><STEAM_1:0:1973059967><>" connected, address "91.148.164.81:27005"
L 12/16/2019 - 19:38:26: "jesse_pinkman<87><STEAM_1:0:1973059967><>" entered the game
L 12/16/2019 - 19:38:28: "jesse_pinkman<87><STEAM_1:0:1973059967><>" joined team "CT"
L 12/16/2019 - 19:38:47: Team "TERRORIST" triggered "Hostages_Not_Rescued" (CT "0") (T "0")
L 12/16/2019 - 19:38:47: World triggered "Round_End"
L 12/16/2019 - 19:38:53: World triggered "Round_Start"
L 12/16/2019 - 19:38:54: "jesse_pinkman<87><STEAM_1:0:1973059967><CT>" disconnected
L 12/16/2019 - 19:38:54: World triggered "Round_Draw" (CT "0") (T "0")
L 12/16/2019 - 19:38:54: World triggered "Round_End"
L 12/16/2019 - 19:39:00: World triggered "Round_Start"
L 12/16/2019 - 19:41:18: Team "TERRORIST" triggered "Hostages_Not_Rescued" (CT "0") (T "0")
L 12/16/2019 - 19:41:18: World triggered "Round_End"
L 12/16/2019 - 19:41:24: World triggered "Round_Start"
L 12/16/2019 - 19:43:42: Team "TERRORIST" triggered "Hostages_Not_Rescued" (CT "0") (T "0")
L 12/16/2019 - 19:43:42: World triggered "Round_End"
L 12/16/2019 - 19:43:48: World triggered "Round_Start"
L 12/16/2019 - 19:46:06: Team "TERRORIST" triggered "Hostages_Not_Rescued" (CT "0") (T "0")
L 12/16/2019 - 19:46:06: World triggered "Round_End"
L 12/16/2019 - 19:46:12: World triggered "Round_Start"
L 12/16/2019 - 19:48:30: Team "TERRORIST" triggered "Hostages_Not_Rescued" (CT "0") (T "0")
L 12/16/2019 - 19:48:30: World triggered "Round_End"
L 12/16/2019 - 19:48:36: World triggered "Round_Start"
L 12/16/2019 - 19:50:54: Team "TERRORIST" triggered "Hostages_Not_Rescued" (CT "0") (T "0")
L 12/16/2019 - 19:50:54: World triggered "Round_End"
L 12/16/2019 - 19:51:00: World triggered "Round_Start"
L 12/16/2019 - 19:53:13: [REUNION]: HuNt3r (188.255.184.74) authorized as RevEmu
L 12/16/2019 - 19:53:13: "HuNt3r<88><STEAM_1:1:1071071391><>" connected, address "188.255.184.74:27005"
L 12/16/2019 - 19:53:18: Team "TERRORIST" triggered "Hostages_Not_Rescued" (CT "0") (T "0")
L 12/16/2019 - 19:53:18: World triggered "Round_End"
L 12/16/2019 - 19:53:19: "HuNt3r<88><STEAM_1:1:1071071391><>" entered the game
L 12/16/2019 - 19:53:23: "HuNt3r<88><STEAM_1:1:1071071391><>" joined team "CT"
L 12/16/2019 - 19:53:24: World triggered "Round_Start"
L 12/16/2019 - 19:53:30: Server cvar "mp_chattime" = "7.000000"
L 12/16/2019 - 19:53:30: Server cvar "amx_nextmap" = "cs_carzzz"
L 12/16/2019 - 19:53:30: Team "CT" scored "0" with "1" players
L 12/16/2019 - 19:53:30: Team "TERRORIST" scored "0" with "0" players
L 12/16/2019 - 19:53:35: Server cvar "mp_chattime" = "5.000000"
L 12/16/2019 - 19:53:35: [META] ini: Begin re-reading plugins list: /home/rented/public9/cstrike/addons/metamod/plugins.ini
L 12/16/2019 - 19:53:35: [META] ini: Read plugin config for: SafeNameAndChat
L 12/16/2019 - 19:53:35: [META] ini: Read plugin config for: AMX Mod X
L 12/16/2019 - 19:53:35: [META] ini: Read plugin config for: Reunion
L 12/16/2019 - 19:53:35: [META] ini: Read plugin config for: ReAuthCheck
L 12/16/2019 - 19:53:35: [META] ini: Read plugin config for: WHBlocker
L 12/16/2019 - 19:53:35: [META] ini: Read plugin config for: ReSemiclip
L 12/16/2019 - 19:53:35: [META] ini: Read plugin config for: Revoice
L 12/16/2019 - 19:53:35: [META] ini: Finished reading plugins list: /home/rented/public9/cstrike/addons/metamod/plugins.ini; Found 7 plugins
L 12/16/2019 - 19:53:35: [META] dll: Updating plugins...
L 12/16/2019 - 19:53:35: [META] WARNING: Cannot clear plugin 'SafeNameAndChat'; not marked as failed, empty, or open (status=valid)
L 12/16/2019 - 19:53:35: [META] dll: Unloaded plugin 'SafeNameAndChat' for reason 'file on disk is newer'
L 12/16/2019 - 19:53:35: [META] dll: Loaded plugin 'SafeNameAndChat': SafeNameAndChat v1.1 2017.02.01, WPMG.PRoSToC0der
L 12/16/2019 - 19:53:35: [META] WARNING: Cannot clear plugin 'WHBlocker'; not marked as failed, empty, or open (status=valid)
L 12/16/2019 - 19:53:35: [META] dll: Unloaded plugin 'WHBlocker' for reason 'file on disk is newer'
L 12/16/2019 - 19:53:35: [META] dll: Loaded plugin 'WHBlocker': WHBlocker v1.5.692 2017-04-13, s1lent
L 12/16/2019 - 19:53:35: [META] WARNING: Cannot clear plugin 'ReSemiclip'; not marked as failed, empty, or open (status=valid)
L 12/16/2019 - 19:53:35: [META] dll: Unloaded plugin 'ReSemiclip' for reason 'file on disk is newer'
L 12/16/2019 - 19:53:35: [META] dll: Loaded plugin 'ReSemiclip': ReSemiclip v2.3.9 13/02/17, s1lent & Adidasman
L 12/16/2019 - 19:53:35: [META] dll: Finished updating 14 plugins; kept 0, loaded 0, unloaded 0, reloaded 3, delayed 0
L 12/16/2019 - 19:53:35: Log file closed
