L 12/12/2019 - 18:23:52: Log file started (file "logs/L1212166.log") (game "cstrike") (version "48/1.1.2.7/Stdio/1621")
L 12/12/2019 - 18:23:52: Loading map "awesome_cars"
L 12/12/2019 - 18:23:52: Server cvars start
L 12/12/2019 - 18:23:52: Server cvar "@BunnyHopper" = "3.x"
L 12/12/2019 - 18:23:52: Server cvar "@CRXGoSpec" = "1.1"
L 12/12/2019 - 18:23:52: Server cvar "@CRXRemoveImmunity" = "1.0"
L 12/12/2019 - 18:23:52: Server cvar "@D.I.C.E." = "1.1"
L 12/12/2019 - 18:23:52: Server cvar "@MOTDCommands" = "1.2"
L 12/12/2019 - 18:23:52: Server cvar "advanced_quake_sounds" = "5.0"
L 12/12/2019 - 18:23:52: Server cvar "AdvancedMute" = "1.0"
L 12/12/2019 - 18:23:52: Server cvar "aesp_version" = "1.3"
L 12/12/2019 - 18:23:52: Server cvar "allow_spectators" = "1.0"
L 12/12/2019 - 18:23:52: Server cvar "amx_client_languages" = "1"
L 12/12/2019 - 18:23:52: Server cvar "amx_language" = "en"
L 12/12/2019 - 18:23:52: Server cvar "amx_nextmap" = "awesome_cars"
L 12/12/2019 - 18:23:52: Server cvar "amx_ptb_version" = "1.8b3"
L 12/12/2019 - 18:23:52: Server cvar "amx_timeleft" = "00:00"
L 12/12/2019 - 18:23:52: Server cvar "amxmodx_version" = "1.8.2"
L 12/12/2019 - 18:23:52: Server cvar "amxxbg_vip" = "1.0"
L 12/12/2019 - 18:23:52: Server cvar "asp_version" = "4.5.1"
L 12/12/2019 - 18:23:52: Server cvar "atac_version" = "3.0.1"
L 12/12/2019 - 18:23:52: Server cvar "badcamper_version" = "1.4 beta"
L 12/12/2019 - 18:23:52: Server cvar "blockmaker" = "4.01"
L 12/12/2019 - 18:23:52: Server cvar "c4 timer" = "1.1"
L 12/12/2019 - 18:23:52: Server cvar "coop" = "0"
L 12/12/2019 - 18:23:52: Server cvar "CRXAdminGroups" = "1.0"
L 12/12/2019 - 18:23:52: Server cvar "CRXCommandRestrictions" = "1.0"
L 12/12/2019 - 18:23:52: Server cvar "CRXFastKnife" = "1.0"
L 12/12/2019 - 18:23:52: Server cvar "CRXGametracker" = "2.0"
L 12/12/2019 - 18:23:52: Server cvar "CRXKnifeModels" = "2.5.7"
L 12/12/2019 - 18:23:52: Server cvar "CRXTeamAdvantage" = "1.0"
L 12/12/2019 - 18:23:52: Server cvar "CustomShop" = "4.2"
L 12/12/2019 - 18:23:52: Server cvar "deathmatch" = "1"
L 12/12/2019 - 18:23:52: Server cvar "decalfrequency" = "0"
L 12/12/2019 - 18:23:52: Server cvar "edgefriction" = "2"
L 12/12/2019 - 18:23:52: Server cvar "ers_version" = "2.3c"
L 12/12/2019 - 18:23:52: Server cvar "gagsystem_shoko" = "1.0"
L 12/12/2019 - 18:23:52: Server cvar "gal_mapcyclefile" = "mapcycle.txt"
L 12/12/2019 - 18:23:52: Server cvar "gal_version" = "v5.9.1-926"
L 12/12/2019 - 18:23:52: Server cvar "game_version" = "5.7.0.313-dev"
L 12/12/2019 - 18:23:52: Server cvar "humans_join_team" = "any"
L 12/12/2019 - 18:23:52: Server cvar "jtp10181" = "chute,gore"
L 12/12/2019 - 18:23:52: Server cvar "lawliet" = "ny_RainingSnow"
L 12/12/2019 - 18:23:52: Server cvar "LetitSnow" = "1.0"
L 12/12/2019 - 18:23:52: Server cvar "map_spawns" = "T(16) CT(16)"
L 12/12/2019 - 18:23:52: Server cvar "max_queries_sec" = "3"
L 12/12/2019 - 18:23:52: Server cvar "max_queries_sec_global" = "150"
L 12/12/2019 - 18:23:52: Server cvar "max_queries_window" = "60"
L 12/12/2019 - 18:23:52: Server cvar "mdbBans" = "4.8"
L 12/12/2019 - 18:23:52: Server cvar "metamod_version" = "1.21p37"
L 12/12/2019 - 18:23:52: Server cvar "mp_autokick" = "0"
L 12/12/2019 - 18:23:52: Server cvar "mp_autokick_timeout" = "-1"
L 12/12/2019 - 18:23:52: Server cvar "mp_autoteambalance" = "1"
L 12/12/2019 - 18:23:52: Server cvar "mp_buytime" = "0.25"
L 12/12/2019 - 18:23:52: Server cvar "mp_c4timer" = "35"
L 12/12/2019 - 18:23:52: Server cvar "mp_chattime" = "10.000000"
L 12/12/2019 - 18:23:52: Server cvar "mp_consistency" = "1"
L 12/12/2019 - 18:23:52: Server cvar "mp_fadetoblack" = "0"
L 12/12/2019 - 18:23:52: Server cvar "mp_flashlight" = "1"
L 12/12/2019 - 18:23:52: Server cvar "mp_footsteps" = "1"
L 12/12/2019 - 18:23:52: Server cvar "mp_forcecamera" = "0"
L 12/12/2019 - 18:23:52: Server cvar "mp_forcechasecam" = "0"
L 12/12/2019 - 18:23:52: Server cvar "mp_forcerespawn" = "0"
L 12/12/2019 - 18:23:52: Server cvar "mp_fraglimit" = "0"
L 12/12/2019 - 18:23:52: Server cvar "mp_fragsleft" = "0"
L 12/12/2019 - 18:23:52: Server cvar "mp_freeforall" = "0"
L 12/12/2019 - 18:23:52: Server cvar "mp_freezetime" = "1"
L 12/12/2019 - 18:23:52: Server cvar "mp_friendlyfire" = "0"
L 12/12/2019 - 18:23:52: Server cvar "mp_hostage_hurtable" = "1"
L 12/12/2019 - 18:23:52: Server cvar "mp_hostagepenalty" = "0"
L 12/12/2019 - 18:23:52: Server cvar "mp_item_staytime" = "300"
L 12/12/2019 - 18:23:52: Server cvar "mp_kickpercent" = "0.66"
L 12/12/2019 - 18:23:52: Server cvar "mp_legacy_bombtarget_touch" = "1"
L 12/12/2019 - 18:23:52: Server cvar "mp_limitteams" = "0"
L 12/12/2019 - 18:23:52: Server cvar "mp_logdetail" = "0"
L 12/12/2019 - 18:23:52: Server cvar "mp_logfile" = "1"
L 12/12/2019 - 18:23:52: Server cvar "mp_logmessages" = "1"
L 12/12/2019 - 18:23:52: Server cvar "mp_mapvoteratio" = "0.66"
L 12/12/2019 - 18:23:52: Server cvar "mp_maxmoney" = "999999"
L 12/12/2019 - 18:23:52: Server cvar "mp_maxrounds" = "0"
L 12/12/2019 - 18:23:52: Server cvar "mp_mirrordamage" = "0"
L 12/12/2019 - 18:23:52: Server cvar "mp_old_bomb_defused_sound" = "1"
L 12/12/2019 - 18:23:52: Server cvar "mp_playerid" = "0"
L 12/12/2019 - 18:23:52: Server cvar "mp_respawn_immunitytime" = "0"
L 12/12/2019 - 18:23:52: Server cvar "mp_round_infinite" = "0"
L 12/12/2019 - 18:23:52: Server cvar "mp_round_restart_delay" = "5"
L 12/12/2019 - 18:23:52: Server cvar "mp_roundover" = "0"
L 12/12/2019 - 18:23:52: Server cvar "mp_roundtime" = "2.3"
L 12/12/2019 - 18:23:52: Server cvar "mp_show_radioicon" = "1"
L 12/12/2019 - 18:23:52: Server cvar "mp_startmoney" = "850"
L 12/12/2019 - 18:23:52: Server cvar "mp_timeleft" = "00:00"
L 12/12/2019 - 18:23:52: Server cvar "mp_timelimit" = "20"
L 12/12/2019 - 18:23:52: Server cvar "mp_tkpunish" = "0"
L 12/12/2019 - 18:23:52: Server cvar "mp_windifference" = "1"
L 12/12/2019 - 18:23:52: Server cvar "mp_winlimit" = "0"
L 12/12/2019 - 18:23:52: Server cvar "NoWeaponsOnGround" = "1.0"
L 12/12/2019 - 18:23:52: Server cvar "pausable" = "0"
L 12/12/2019 - 18:23:52: Server cvar "present_version" = "2.01"
L 12/12/2019 - 18:23:52: Server cvar "RandomHP" = "2.2"
L 12/12/2019 - 18:23:52: Server cvar "reauthcheck_version" = "0.1.6"
L 12/12/2019 - 18:23:52: Server cvar "reconnect_features" = "0.3.1"
L 12/12/2019 - 18:23:52: Server cvar "report_system_version" = "3.1"
L 12/12/2019 - 18:23:52: Server cvar "resemiclip_version" = "2.3.9"
L 12/12/2019 - 18:23:52: Server cvar "reu_version" = "0.1.0.130"
L 12/12/2019 - 18:23:52: Server cvar "revoice_version" = "0.1.0.30"
L 12/12/2019 - 18:23:52: Server cvar "RRWM" = "2.0"
L 12/12/2019 - 18:23:52: Server cvar "sanksounds_version" = "1.8.6"
L 12/12/2019 - 18:23:52: Server cvar "SimpleMenu" = "1.1"
L 12/12/2019 - 18:23:52: Server cvar "SNAC_Version" = "1.1"
L 12/12/2019 - 18:23:52: Server cvar "SpecList" = "1.2a"
L 12/12/2019 - 18:23:52: Server cvar "sr_version" = "1.6"
L 12/12/2019 - 18:23:52: Server cvar "statsx_shell_ver" = "2.0.0 (BETA)"
L 12/12/2019 - 18:23:52: Server cvar "StyleC4Timer" = "2.1"
L 12/12/2019 - 18:23:52: Server cvar "sv_accelerate" = "5"
L 12/12/2019 - 18:23:52: Server cvar "sv_aim" = "1"
L 12/12/2019 - 18:23:52: Server cvar "sv_airaccelerate" = "100"
L 12/12/2019 - 18:23:52: Server cvar "sv_allowupload" = "1"
L 12/12/2019 - 18:23:52: Server cvar "sv_alltalk" = "1"
L 12/12/2019 - 18:23:52: Server cvar "sv_bounce" = "1"
L 12/12/2019 - 18:23:52: Server cvar "sv_cheats" = "0"
L 12/12/2019 - 18:23:52: Server cvar "sv_clienttrace" = "1"
L 12/12/2019 - 18:23:52: Server cvar "sv_contact" = "feruchio599@gmail.com"
L 12/12/2019 - 18:23:52: Server cvar "sv_friction" = "4"
L 12/12/2019 - 18:23:52: Server cvar "sv_gravity" = "800"
L 12/12/2019 - 18:23:52: Server cvar "sv_logblocks" = "0"
L 12/12/2019 - 18:23:52: Server cvar "sv_maxrate" = "50000"
L 12/12/2019 - 18:23:52: Server cvar "sv_maxspeed" = "900"
L 12/12/2019 - 18:23:52: Server cvar "sv_minrate" = "10000"
L 12/12/2019 - 18:23:52: Server cvar "sv_password" = ""
L 12/12/2019 - 18:23:52: Server cvar "sv_proxies" = "1"
L 12/12/2019 - 18:23:52: Server cvar "sv_restart" = "0"
L 12/12/2019 - 18:23:52: Server cvar "sv_restartround" = "0"
L 12/12/2019 - 18:23:52: Server cvar "sv_stepsize" = "18"
L 12/12/2019 - 18:23:52: Server cvar "sv_stopspeed" = "75"
L 12/12/2019 - 18:23:52: Server cvar "sv_uploadmax" = "0.5"
L 12/12/2019 - 18:23:52: Server cvar "sv_version" = "1.1.2.7/Stdio,48,1621"
L 12/12/2019 - 18:23:52: Server cvar "sv_voiceenable" = "1"
L 12/12/2019 - 18:23:52: Server cvar "sv_wateraccelerate" = "10"
L 12/12/2019 - 18:23:52: Server cvar "sv_waterfriction" = "1"
L 12/12/2019 - 18:23:52: Server cvar "Team_Semiclip_version" = "3.3.1"
L 12/12/2019 - 18:23:52: Server cvar "vehicle_real_killer" = "1.1"
L 12/12/2019 - 18:23:52: Server cvar "WalkGuard" = "1.3.2"
L 12/12/2019 - 18:23:52: Server cvar "we_grenades" = "Huehue"
L 12/12/2019 - 18:23:52: Server cvar "we_player_models" = "Huehue"
L 12/12/2019 - 18:23:52: Server cvar "whb_version" = "1.5.692"
L 12/12/2019 - 18:23:52: Server cvar "zp_jp_version" = "Extra Item Jetpack+Bazooka v3.2"
L 12/12/2019 - 18:23:52: Server cvars end
L 12/12/2019 - 18:23:54: Server cvar "mp_autoteambalance" = "0"
L 12/12/2019 - 18:23:55: Server cvar "amx_nextmap" = "[not yet voted on]"
L 12/12/2019 - 18:23:56: Started map "awesome_cars" (CRC "1378370526")
L 12/12/2019 - 18:23:58: World triggered "Round_Start"
L 12/12/2019 - 18:24:48: [REUNION]: killer boss (109.120.207.234) authorized as RevEmu
L 12/12/2019 - 18:24:48: "killer boss<13><STEAM_2:0:1009858630><>" connected, address "109.120.207.234:1043"
L 12/12/2019 - 18:24:50: [REUNION]: <Warrior> Player (109.120.207.234) authorized as RevEmu
L 12/12/2019 - 18:24:50: "<Warrior> Player<14><STEAM_2:1:1685369291><>" connected, address "109.120.207.234:27005"
L 12/12/2019 - 18:25:16: [REUNION]: killer boss (109.120.207.234) authorized as RevEmu
L 12/12/2019 - 18:25:16: "killer boss<15><STEAM_2:0:1009858630><>" connected, address "109.120.207.234:1043"
L 12/12/2019 - 18:25:18: [REUNION]: <Warrior> Player (109.120.207.234) authorized as RevEmu
L 12/12/2019 - 18:25:18: "<Warrior> Player<16><STEAM_2:1:1685369291><>" connected, address "109.120.207.234:27005"
L 12/12/2019 - 18:25:33: "killer boss<15><STEAM_2:0:1009858630><>" entered the game
L 12/12/2019 - 18:25:43: "<Warrior> Player<16><STEAM_2:1:1685369291><>" entered the game
L 12/12/2019 - 18:25:45: "killer boss<15><STEAM_2:0:1009858630><>" joined team "CT"
L 12/12/2019 - 18:26:15: "killer boss<15><STEAM_2:0:1009858630><CT>" committed suicide with "world"
L 12/12/2019 - 18:26:15: World triggered "Round_Draw" (CT "0") (T "0")
L 12/12/2019 - 18:26:15: World triggered "Round_End"
L 12/12/2019 - 18:26:21: World triggered "Round_Start"
L 12/12/2019 - 18:26:38: "<Warrior> Player<16><STEAM_2:1:1685369291><>" joined team "SPECTATOR"
L 12/12/2019 - 18:26:47: "<Warrior> Player<16><STEAM_2:1:1685369291><SPECTATOR>" joined team "TERRORIST"
L 12/12/2019 - 18:26:51: World triggered "Game_Commencing"
L 12/12/2019 - 18:26:51: World triggered "Game_Commencing" (CT "0") (T "0")
L 12/12/2019 - 18:26:51: World triggered "Round_End"
L 12/12/2019 - 18:26:53: [REUNION]: gAmETRacKeR2004 (109.120.207.234) authorized as NoSteam47
L 12/12/2019 - 18:26:53: "gAmETRacKeR2004<17><VALVE_ID_LAN><>" connected, address "109.120.207.234:1044"
L 12/12/2019 - 18:26:54: "<Warrior> Player<16><STEAM_2:1:1685369291><TERRORIST>" changed name to "DEIVID923"
L 12/12/2019 - 18:26:55: World triggered "Round_Start"
L 12/12/2019 - 18:26:58: "gAmETRacKeR2004<17><VALVE_ID_LAN><>" entered the game
L 12/12/2019 - 18:27:02: "gAmETRacKeR2004<17><VALVE_ID_LAN><>" joined team "TERRORIST"
L 12/12/2019 - 18:27:27: "DEIVID923<16><STEAM_2:1:1685369291><TERRORIST>" killed "killer boss<15><STEAM_2:0:1009858630><CT>" with "knife"
L 12/12/2019 - 18:27:27: Team "TERRORIST" triggered "Terrorists_Win" (CT "0") (T "1")
L 12/12/2019 - 18:27:27: World triggered "Round_End"
L 12/12/2019 - 18:27:30: [REUNION]: IP 193.42.110.171 banned for 10 minutes for query flooding (PPS: 330)
L 12/12/2019 - 18:27:33: World triggered "Round_Start"
L 12/12/2019 - 18:28:00: "killer boss<15><STEAM_2:0:1009858630><CT>" killed "DEIVID923<16><STEAM_2:1:1685369291><TERRORIST>" with "tracktrain"
L 12/12/2019 - 18:28:28: "killer boss<15><STEAM_2:0:1009858630><CT>" killed "gAmETRacKeR2004<17><VALVE_ID_LAN><TERRORIST>" with "tracktrain"
L 12/12/2019 - 18:28:28: Team "CT" triggered "CTs_Win" (CT "1") (T "1")
L 12/12/2019 - 18:28:28: World triggered "Round_End"
L 12/12/2019 - 18:28:34: World triggered "Round_Start"
L 12/12/2019 - 18:28:43: "Saad<18><STEAM_0:1:113405507><>" connected, address "196.195.18.202:27005"
L 12/12/2019 - 18:28:44: "Saad<18><STEAM_0:1:113405507><>" STEAM USERID validated
L 12/12/2019 - 18:29:01: "Saad<18><STEAM_0:1:113405507><>" entered the game
L 12/12/2019 - 18:29:04: "Saad<18><STEAM_0:1:113405507><>" joined team "CT"
L 12/12/2019 - 18:29:06: "killer boss<15><STEAM_2:0:1009858630><CT>" killed "gAmETRacKeR2004<17><VALVE_ID_LAN><TERRORIST>" with "tracktrain"
L 12/12/2019 - 18:29:16: "Saad<18><STEAM_0:1:113405507><CT>" disconnected
L 12/12/2019 - 18:29:43: "killer boss<15><STEAM_2:0:1009858630><CT>" killed "DEIVID923<16><STEAM_2:1:1685369291><TERRORIST>" with "tracktrain"
L 12/12/2019 - 18:29:43: Team "CT" triggered "CTs_Win" (CT "2") (T "1")
L 12/12/2019 - 18:29:43: World triggered "Round_End"
L 12/12/2019 - 18:29:49: World triggered "Round_Start"
L 12/12/2019 - 18:30:33: "gAmETRacKeR2004<17><VALVE_ID_LAN><TERRORIST>" killed "killer boss<15><STEAM_2:0:1009858630><CT>" with "knife"
L 12/12/2019 - 18:30:33: Team "TERRORIST" triggered "Terrorists_Win" (CT "2") (T "2")
L 12/12/2019 - 18:30:33: World triggered "Round_End"
L 12/12/2019 - 18:30:39: World triggered "Round_Start"
L 12/12/2019 - 18:31:37: "gAmETRacKeR2004<17><VALVE_ID_LAN><TERRORIST>" killed "killer boss<15><STEAM_2:0:1009858630><CT>" with "tracktrain"
L 12/12/2019 - 18:31:37: Team "TERRORIST" triggered "Terrorists_Win" (CT "2") (T "3")
L 12/12/2019 - 18:31:37: World triggered "Round_End"
L 12/12/2019 - 18:31:43: World triggered "Round_Start"
L 12/12/2019 - 18:32:15: "killer boss<15><STEAM_2:0:1009858630><CT>" killed "DEIVID923<16><STEAM_2:1:1685369291><TERRORIST>" with "tracktrain"
L 12/12/2019 - 18:32:48: "gAmETRacKeR2004<17><VALVE_ID_LAN><TERRORIST>" killed "killer boss<15><STEAM_2:0:1009858630><CT>" with "knife"
L 12/12/2019 - 18:32:48: Team "TERRORIST" triggered "Terrorists_Win" (CT "2") (T "4")
L 12/12/2019 - 18:32:48: World triggered "Round_End"
L 12/12/2019 - 18:32:54: World triggered "Round_Start"
L 12/12/2019 - 18:33:15: [REUNION]: [DEA].AIM.PALESTINE (199.250.150.40) authorized as RevEmu
L 12/12/2019 - 18:33:15: "[DEA].AIM.PALESTINE<19><STEAM_1:1:1316058917><>" connected, address "199.250.150.40:20433"
L 12/12/2019 - 18:33:23: "[DEA].AIM.PALESTINE<19><STEAM_1:1:1316058917><>" entered the game
L 12/12/2019 - 18:33:27: "[DEA].AIM.PALESTINE<19><STEAM_1:1:1316058917><>" joined team "CT"
L 12/12/2019 - 18:33:39: "killer boss<15><STEAM_2:0:1009858630><CT>" killed "DEIVID923<16><STEAM_2:1:1685369291><TERRORIST>" with "tracktrain"
L 12/12/2019 - 18:33:49: [REUNION]: XxXgeorgiXxX :) (93.155.192.142) authorized as RevEmu
L 12/12/2019 - 18:33:49: "XxXgeorgiXxX :)<20><STEAM_1:1:1289710602><>" connected, address "93.155.192.142:27005"
L 12/12/2019 - 18:33:58: "XxXgeorgiXxX :)<20><STEAM_1:1:1289710602><>" entered the game
L 12/12/2019 - 18:34:00: "XxXgeorgiXxX :)<20><STEAM_1:1:1289710602><>" joined team "TERRORIST"
L 12/12/2019 - 18:34:14: "killer boss<15><STEAM_2:0:1009858630><CT>" killed "gAmETRacKeR2004<17><VALVE_ID_LAN><TERRORIST>" with "tracktrain"
L 12/12/2019 - 18:34:14: Team "CT" triggered "CTs_Win" (CT "3") (T "4")
L 12/12/2019 - 18:34:14: World triggered "Round_End"
L 12/12/2019 - 18:34:20: World triggered "Round_Start"
L 12/12/2019 - 18:34:30: "gAmETRacKeR2004<17><VALVE_ID_LAN><TERRORIST>" committed suicide with "world"
L 12/12/2019 - 18:34:30: "gAmETRacKeR2004<17><VALVE_ID_LAN><TERRORIST>" joined team "CT"
L 12/12/2019 - 18:34:47: "XxXgeorgiXxX :)<20><STEAM_1:1:1289710602><TERRORIST>" killed "[DEA].AIM.PALESTINE<19><STEAM_1:1:1316058917><CT>" with "tracktrain"
L 12/12/2019 - 18:34:52: "killer boss<15><STEAM_2:0:1009858630><CT>" killed "XxXgeorgiXxX :)<20><STEAM_1:1:1289710602><TERRORIST>" with "knife"
L 12/12/2019 - 18:35:59: "DEIVID923<16><STEAM_2:1:1685369291><TERRORIST>" killed "killer boss<15><STEAM_2:0:1009858630><CT>" with "knife"
L 12/12/2019 - 18:35:59: Team "TERRORIST" triggered "Terrorists_Win" (CT "3") (T "5")
L 12/12/2019 - 18:35:59: World triggered "Round_End"
L 12/12/2019 - 18:36:03: "killer boss<15><STEAM_2:0:1009858630><CT>" joined team "TERRORIST"
L 12/12/2019 - 18:36:03: "<><><>" triggered "amx_chat" (text "[PTB] Transfered killer boss to TERRORIST")
L 12/12/2019 - 18:36:05: World triggered "Round_Start"
L 12/12/2019 - 18:36:17: "killer boss<15><STEAM_2:0:1009858630><TERRORIST>" killed "XxXgeorgiXxX :)<20><STEAM_1:1:1289710602><TERRORIST>" with "tracktrain"
L 12/12/2019 - 18:36:25: "DEIVID923<16><STEAM_2:1:1685369291><TERRORIST>" killed "gAmETRacKeR2004<17><VALVE_ID_LAN><CT>" with "knife"
L 12/12/2019 - 18:36:36: "killer boss<15><STEAM_2:0:1009858630><TERRORIST>" killed "DEIVID923<16><STEAM_2:1:1685369291><TERRORIST>" with "tracktrain"
L 12/12/2019 - 18:36:45: "[DEA].AIM.PALESTINE<19><STEAM_1:1:1316058917><CT>" killed "killer boss<15><STEAM_2:0:1009858630><TERRORIST>" with "knife"
L 12/12/2019 - 18:36:45: Team "CT" triggered "CTs_Win" (CT "4") (T "5")
L 12/12/2019 - 18:36:45: World triggered "Round_End"
L 12/12/2019 - 18:36:49: "DEIVID923<16><STEAM_2:1:1685369291><TERRORIST>" joined team "CT"
L 12/12/2019 - 18:36:49: "<><><>" triggered "amx_chat" (text "[PTB] Transfered DEIVID923 to CT")
L 12/12/2019 - 18:36:51: World triggered "Round_Start"
L 12/12/2019 - 18:37:10: "XxXgeorgiXxX :)<20><STEAM_1:1:1289710602><TERRORIST>" killed "[DEA].AIM.PALESTINE<19><STEAM_1:1:1316058917><CT>" with "tracktrain"
L 12/12/2019 - 18:37:19: "XxXgeorgiXxX :)<20><STEAM_1:1:1289710602><TERRORIST>" killed "DEIVID923<16><STEAM_2:1:1685369291><CT>" with "tracktrain"
L 12/12/2019 - 18:37:36: "killer boss<15><STEAM_2:0:1009858630><TERRORIST>" killed "gAmETRacKeR2004<17><VALVE_ID_LAN><CT>" with "knife"
L 12/12/2019 - 18:37:36: Team "TERRORIST" triggered "Terrorists_Win" (CT "4") (T "6")
L 12/12/2019 - 18:37:36: World triggered "Round_End"
L 12/12/2019 - 18:37:42: World triggered "Round_Start"
L 12/12/2019 - 18:37:55: "XxXgeorgiXxX :)<20><STEAM_1:1:1289710602><TERRORIST>" killed "DEIVID923<16><STEAM_2:1:1685369291><CT>" with "tracktrain"
L 12/12/2019 - 18:38:07: "killer boss<15><STEAM_2:0:1009858630><TERRORIST>" committed suicide with "world"
L 12/12/2019 - 18:38:11: "XxXgeorgiXxX :)<20><STEAM_1:1:1289710602><TERRORIST>" killed "[DEA].AIM.PALESTINE<19><STEAM_1:1:1316058917><CT>" with "tracktrain"
L 12/12/2019 - 18:38:38: "XxXgeorgiXxX :)<20><STEAM_1:1:1289710602><TERRORIST>" killed "gAmETRacKeR2004<17><VALVE_ID_LAN><CT>" with "tracktrain"
L 12/12/2019 - 18:38:38: Team "TERRORIST" triggered "Terrorists_Win" (CT "4") (T "7")
L 12/12/2019 - 18:38:38: World triggered "Round_End"
L 12/12/2019 - 18:38:43: "killer boss<15><STEAM_2:0:1009858630><TERRORIST>" joined team "CT"
L 12/12/2019 - 18:38:43: "<><><>" triggered "amx_chat" (text "[PTB] Transfered killer boss to CT")
L 12/12/2019 - 18:38:44: World triggered "Round_Start"
L 12/12/2019 - 18:39:05: "XxXgeorgiXxX :)<20><STEAM_1:1:1289710602><TERRORIST>" killed "[DEA].AIM.PALESTINE<19><STEAM_1:1:1316058917><CT>" with "tracktrain"
L 12/12/2019 - 18:39:08: "[DEA].AIM.PALESTINE<19><STEAM_1:1:1316058917><CT>" joined team "TERRORIST"
L 12/12/2019 - 18:39:27: "XxXgeorgiXxX :)<20><STEAM_1:1:1289710602><TERRORIST>" killed "gAmETRacKeR2004<17><VALVE_ID_LAN><CT>" with "tracktrain"
L 12/12/2019 - 18:39:38: "XxXgeorgiXxX :)<20><STEAM_1:1:1289710602><TERRORIST>" killed "killer boss<15><STEAM_2:0:1009858630><CT>" with "tracktrain"
L 12/12/2019 - 18:40:12: "XxXgeorgiXxX :)<20><STEAM_1:1:1289710602><TERRORIST>" killed "DEIVID923<16><STEAM_2:1:1685369291><CT>" with "knife"
L 12/12/2019 - 18:40:12: Team "TERRORIST" triggered "Terrorists_Win" (CT "4") (T "8")
L 12/12/2019 - 18:40:12: World triggered "Round_End"
L 12/12/2019 - 18:40:18: World triggered "Round_Start"
L 12/12/2019 - 18:40:37: "[DEA].AIM.PALESTINE<19><STEAM_1:1:1316058917><TERRORIST>" killed "DEIVID923<16><STEAM_2:1:1685369291><CT>" with "tracktrain"
L 12/12/2019 - 18:40:58: "XxXgeorgiXxX :)<20><STEAM_1:1:1289710602><TERRORIST>" killed "[DEA].AIM.PALESTINE<19><STEAM_1:1:1316058917><TERRORIST>" with "tracktrain"
L 12/12/2019 - 18:40:58: "XxXgeorgiXxX :)<20><STEAM_1:1:1289710602><TERRORIST>" killed "killer boss<15><STEAM_2:0:1009858630><CT>" with "tracktrain"
L 12/12/2019 - 18:41:02: "XxXgeorgiXxX :)<20><STEAM_1:1:1289710602><TERRORIST>" committed suicide with "world"
L 12/12/2019 - 18:41:02: Team "CT" triggered "CTs_Win" (CT "5") (T "8")
L 12/12/2019 - 18:41:02: World triggered "Round_End"
L 12/12/2019 - 18:41:08: World triggered "Round_Start"
L 12/12/2019 - 18:41:36: "[DEA].AIM.PALESTINE<19><STEAM_1:1:1316058917><TERRORIST>" killed "gAmETRacKeR2004<17><VALVE_ID_LAN><CT>" with "tracktrain"
L 12/12/2019 - 18:41:38: "[DEA].AIM.PALESTINE<19><STEAM_1:1:1316058917><TERRORIST>" disconnected
L 12/12/2019 - 18:42:00: "XxXgeorgiXxX :)<20><STEAM_1:1:1289710602><TERRORIST>" killed "killer boss<15><STEAM_2:0:1009858630><CT>" with "tracktrain"
L 12/12/2019 - 18:42:06: "XxXgeorgiXxX :)<20><STEAM_1:1:1289710602><TERRORIST>" killed "DEIVID923<16><STEAM_2:1:1685369291><CT>" with "tracktrain"
L 12/12/2019 - 18:42:06: Team "TERRORIST" triggered "Terrorists_Win" (CT "5") (T "9")
L 12/12/2019 - 18:42:06: World triggered "Round_End"
L 12/12/2019 - 18:42:12: World triggered "Round_Start"
L 12/12/2019 - 18:42:17: Kick: "killer boss<15><STEAM_2:0:1009858630><>" was kicked by "Console" (message ""You have been Kicked for Spamming"")
L 12/12/2019 - 18:42:17: "killer boss<15><STEAM_2:0:1009858630><CT>" disconnected
L 12/12/2019 - 18:42:34: [REUNION]: killer boss (109.120.207.234) authorized as RevEmu
L 12/12/2019 - 18:42:34: "killer boss<21><STEAM_2:0:1009858630><>" connected, address "109.120.207.234:1043"
L 12/12/2019 - 18:42:41: "XxXgeorgiXxX :)<20><STEAM_1:1:1289710602><TERRORIST>" killed "DEIVID923<16><STEAM_2:1:1685369291><CT>" with "tracktrain"
L 12/12/2019 - 18:42:55: "killer boss<21><STEAM_2:0:1009858630><>" entered the game
L 12/12/2019 - 18:42:59: "XxXgeorgiXxX :)<20><STEAM_1:1:1289710602><TERRORIST>" killed "gAmETRacKeR2004<17><VALVE_ID_LAN><CT>" with "knife"
L 12/12/2019 - 18:42:59: Team "TERRORIST" triggered "Terrorists_Win" (CT "5") (T "10")
L 12/12/2019 - 18:42:59: World triggered "Round_End"
L 12/12/2019 - 18:43:02: "killer boss<21><STEAM_2:0:1009858630><>" joined team "TERRORIST"
L 12/12/2019 - 18:43:05: World triggered "Round_Start"
L 12/12/2019 - 18:43:09: Kick: "gAmETRacKeR2004<17><VALVE_ID_LAN><>" was kicked by "Console" (message ""You have been Kicked for Spamming"")
L 12/12/2019 - 18:43:09: "gAmETRacKeR2004<17><VALVE_ID_LAN><CT>" disconnected
L 12/12/2019 - 18:43:40: "XxXgeorgiXxX :)<20><STEAM_1:1:1289710602><TERRORIST>" killed "DEIVID923<16><STEAM_2:1:1685369291><CT>" with "tracktrain"
L 12/12/2019 - 18:43:40: Team "TERRORIST" triggered "Terrorists_Win" (CT "5") (T "11")
L 12/12/2019 - 18:43:40: World triggered "Round_End"
L 12/12/2019 - 18:43:46: World triggered "Round_Start"
L 12/12/2019 - 18:44:13: [REUNION]: IP 193.42.110.171 banned for 10 minutes for query flooding (PPS: 326)
L 12/12/2019 - 18:44:20: [REUNION]: gAmETRacKeR2004 (109.120.207.234) authorized as NoSteam47
L 12/12/2019 - 18:44:20: "gAmETRacKeR2004<22><VALVE_ID_LAN><>" connected, address "109.120.207.234:1044"
L 12/12/2019 - 18:44:23: "DEIVID923<16><STEAM_2:1:1685369291><CT>" committed suicide with "tracktrain"
L 12/12/2019 - 18:44:23: Team "TERRORIST" triggered "Terrorists_Win" (CT "5") (T "12")
L 12/12/2019 - 18:44:23: World triggered "Round_End"
L 12/12/2019 - 18:44:24: "gAmETRacKeR2004<22><VALVE_ID_LAN><>" entered the game
L 12/12/2019 - 18:44:28: "XxXgeorgiXxX :)<20><STEAM_1:1:1289710602><TERRORIST>" joined team "CT"
L 12/12/2019 - 18:44:28: "<><><>" triggered "amx_chat" (text "[PTB] Transfered XxXgeorgiXxX :) to CT")
L 12/12/2019 - 18:44:29: World triggered "Round_Start"
L 12/12/2019 - 18:44:36: "gAmETRacKeR2004<22><VALVE_ID_LAN><>" joined team "CT"
L 12/12/2019 - 18:45:02: "killer boss<21><STEAM_2:0:1009858630><TERRORIST>" killed "gAmETRacKeR2004<22><VALVE_ID_LAN><CT>" with "tracktrain"
L 12/12/2019 - 18:45:39: Server cvar "amx_nextmap" = "cs_carzzz"
L 12/12/2019 - 18:45:48: "killer boss<21><STEAM_2:0:1009858630><TERRORIST>" killed "XxXgeorgiXxX :)<20><STEAM_1:1:1289710602><CT>" with "tracktrain"
L 12/12/2019 - 18:46:25: Server cvar "mp_timelimit" = "0.000000"
L 12/12/2019 - 18:46:47: "killer boss<21><STEAM_2:0:1009858630><TERRORIST>" committed suicide with "world"
L 12/12/2019 - 18:46:47: Team "CT" triggered "CTs_Win" (CT "6") (T "12")
L 12/12/2019 - 18:46:47: World triggered "Round_End"
L 12/12/2019 - 18:46:47: "DEIVID923<16><STEAM_2:1:1685369291><CT>" committed suicide with "world"
L 12/12/2019 - 18:46:52: "DEIVID923<16><STEAM_2:1:1685369291><CT>" joined team "TERRORIST"
L 12/12/2019 - 18:46:52: "<><><>" triggered "amx_chat" (text "[PTB] Transfered DEIVID923 to TERRORIST")
L 12/12/2019 - 18:46:53: World triggered "Round_Start"
L 12/12/2019 - 18:46:53: Server cvar "sv_maxspeed" = "0.000000"
L 12/12/2019 - 18:46:53: Server cvar "mp_friendlyfire" = "1"
L 12/12/2019 - 18:46:59: "DEIVID923<16><STEAM_2:1:1685369291><TERRORIST>" committed suicide with "worldspawn" (world)
L 12/12/2019 - 18:47:05: Server cvar "sv_maxspeed" = "900.000000"
L 12/12/2019 - 18:47:05: Server cvar "mp_friendlyfire" = "0"
L 12/12/2019 - 18:47:05: Server cvar "mp_timelimit" = "20.000000"
L 12/12/2019 - 18:47:05: [META] ini: Begin re-reading plugins list: /home/rented/public9/cstrike/addons/metamod/plugins.ini
L 12/12/2019 - 18:47:05: [META] ini: Read plugin config for: SafeNameAndChat
L 12/12/2019 - 18:47:05: [META] ini: Read plugin config for: AMX Mod X
L 12/12/2019 - 18:47:05: [META] ini: Read plugin config for: Reunion
L 12/12/2019 - 18:47:05: [META] ini: Read plugin config for: ReAuthCheck
L 12/12/2019 - 18:47:05: [META] ini: Read plugin config for: WHBlocker
L 12/12/2019 - 18:47:05: [META] ini: Read plugin config for: ReSemiclip
L 12/12/2019 - 18:47:05: [META] ini: Read plugin config for: Revoice
L 12/12/2019 - 18:47:05: [META] ini: Finished reading plugins list: /home/rented/public9/cstrike/addons/metamod/plugins.ini; Found 7 plugins
L 12/12/2019 - 18:47:05: [META] dll: Updating plugins...
L 12/12/2019 - 18:47:05: [META] WARNING: Cannot clear plugin 'SafeNameAndChat'; not marked as failed, empty, or open (status=valid)
L 12/12/2019 - 18:47:05: [META] dll: Unloaded plugin 'SafeNameAndChat' for reason 'file on disk is newer'
L 12/12/2019 - 18:47:05: [META] dll: Loaded plugin 'SafeNameAndChat': SafeNameAndChat v1.1 2017.02.01, WPMG.PRoSToC0der
L 12/12/2019 - 18:47:05: [META] WARNING: Cannot clear plugin 'WHBlocker'; not marked as failed, empty, or open (status=valid)
L 12/12/2019 - 18:47:05: [META] dll: Unloaded plugin 'WHBlocker' for reason 'file on disk is newer'
L 12/12/2019 - 18:47:05: [META] dll: Loaded plugin 'WHBlocker': WHBlocker v1.5.692 2017-04-13, s1lent
L 12/12/2019 - 18:47:05: [META] WARNING: Cannot clear plugin 'ReSemiclip'; not marked as failed, empty, or open (status=valid)
L 12/12/2019 - 18:47:05: [META] dll: Unloaded plugin 'ReSemiclip' for reason 'file on disk is newer'
L 12/12/2019 - 18:47:05: [META] dll: Loaded plugin 'ReSemiclip': ReSemiclip v2.3.9 13/02/17, s1lent & Adidasman
L 12/12/2019 - 18:47:05: [META] dll: Finished updating 14 plugins; kept 0, loaded 0, unloaded 0, reloaded 3, delayed 0
L 12/12/2019 - 18:47:05: "killer boss<21><STEAM_2:0:1009858630><TERRORIST>" disconnected
L 12/12/2019 - 18:47:05: Team "CT" triggered "CTs_Win" (CT "7") (T "12")
L 12/12/2019 - 18:47:05: World triggered "Round_End"
L 12/12/2019 - 18:47:05: "DEIVID923<16><STEAM_2:1:1685369291><TERRORIST>" disconnected
L 12/12/2019 - 18:47:05: "gAmETRacKeR2004<22><VALVE_ID_LAN><CT>" disconnected
L 12/12/2019 - 18:47:05: "XxXgeorgiXxX :)<20><STEAM_1:1:1289710602><CT>" disconnected
L 12/12/2019 - 18:47:05: Log file closed
