L 12/15/2019 - 10:48:15: Log file started (file "logs/L1215143.log") (game "cstrike") (version "48/1.1.2.7/Stdio/1621")
L 12/15/2019 - 10:48:15: Loading map "ow_cc_crazytank"
L 12/15/2019 - 10:48:15: Server cvars start
L 12/15/2019 - 10:48:15: Server cvar "@BunnyHopper" = "3.x"
L 12/15/2019 - 10:48:15: Server cvar "@CRXGoSpec" = "1.1"
L 12/15/2019 - 10:48:15: Server cvar "@CRXRemoveImmunity" = "1.0"
L 12/15/2019 - 10:48:15: Server cvar "@D.I.C.E." = "1.1"
L 12/15/2019 - 10:48:15: Server cvar "@MOTDCommands" = "1.2"
L 12/15/2019 - 10:48:15: Server cvar "advanced_quake_sounds" = "5.0"
L 12/15/2019 - 10:48:15: Server cvar "AdvancedMute" = "1.0"
L 12/15/2019 - 10:48:15: Server cvar "aesp_version" = "1.3"
L 12/15/2019 - 10:48:15: Server cvar "allow_spectators" = "1.0"
L 12/15/2019 - 10:48:15: Server cvar "amx_client_languages" = "1"
L 12/15/2019 - 10:48:15: Server cvar "amx_language" = "en"
L 12/15/2019 - 10:48:15: Server cvar "amx_nextmap" = "ow_cc_crazytank"
L 12/15/2019 - 10:48:15: Server cvar "amx_ptb_version" = "1.8b3"
L 12/15/2019 - 10:48:15: Server cvar "amx_timeleft" = "18:54"
L 12/15/2019 - 10:48:15: Server cvar "amxmodx_version" = "1.8.2"
L 12/15/2019 - 10:48:15: Server cvar "amxxbg_vip" = "1.0"
L 12/15/2019 - 10:48:15: Server cvar "asp_version" = "4.5.1"
L 12/15/2019 - 10:48:15: Server cvar "atac_version" = "3.0.1"
L 12/15/2019 - 10:48:15: Server cvar "badcamper_version" = "1.4 beta"
L 12/15/2019 - 10:48:15: Server cvar "blockmaker" = "4.01"
L 12/15/2019 - 10:48:15: Server cvar "c4 timer" = "1.1"
L 12/15/2019 - 10:48:15: Server cvar "coop" = "0"
L 12/15/2019 - 10:48:15: Server cvar "CRXAdminGroups" = "1.0"
L 12/15/2019 - 10:48:15: Server cvar "CRXCommandRestrictions" = "1.0"
L 12/15/2019 - 10:48:15: Server cvar "CRXFastKnife" = "1.0"
L 12/15/2019 - 10:48:15: Server cvar "CRXGametracker" = "2.0"
L 12/15/2019 - 10:48:15: Server cvar "CRXKnifeModels" = "2.5.7"
L 12/15/2019 - 10:48:15: Server cvar "CRXTeamAdvantage" = "1.0"
L 12/15/2019 - 10:48:15: Server cvar "CustomShop" = "4.2"
L 12/15/2019 - 10:48:15: Server cvar "deathmatch" = "1"
L 12/15/2019 - 10:48:15: Server cvar "decalfrequency" = "0"
L 12/15/2019 - 10:48:15: Server cvar "edgefriction" = "2"
L 12/15/2019 - 10:48:15: Server cvar "ers_version" = "2.3c"
L 12/15/2019 - 10:48:15: Server cvar "gagsystem_shoko" = "1.0"
L 12/15/2019 - 10:48:15: Server cvar "gal_mapcyclefile" = "mapcycle.txt"
L 12/15/2019 - 10:48:15: Server cvar "gal_version" = "v5.9.1-926"
L 12/15/2019 - 10:48:15: Server cvar "game_version" = "5.7.0.313-dev"
L 12/15/2019 - 10:48:15: Server cvar "humans_join_team" = "any"
L 12/15/2019 - 10:48:15: Server cvar "jtp10181" = "chute,gore"
L 12/15/2019 - 10:48:15: Server cvar "lawliet" = "ny_RainingSnow"
L 12/15/2019 - 10:48:15: Server cvar "LetitSnow" = "1.0"
L 12/15/2019 - 10:48:15: Server cvar "map_spawns" = "T(16) CT(16)"
L 12/15/2019 - 10:48:15: Server cvar "max_queries_sec" = "3"
L 12/15/2019 - 10:48:15: Server cvar "max_queries_sec_global" = "150"
L 12/15/2019 - 10:48:15: Server cvar "max_queries_window" = "60"
L 12/15/2019 - 10:48:15: Server cvar "mdbBans" = "4.8"
L 12/15/2019 - 10:48:15: Server cvar "metamod_version" = "1.21p37"
L 12/15/2019 - 10:48:15: Server cvar "mp_autokick" = "0"
L 12/15/2019 - 10:48:15: Server cvar "mp_autokick_timeout" = "-1"
L 12/15/2019 - 10:48:15: Server cvar "mp_autoteambalance" = "0"
L 12/15/2019 - 10:48:15: Server cvar "mp_buytime" = "0.25"
L 12/15/2019 - 10:48:15: Server cvar "mp_c4timer" = "35"
L 12/15/2019 - 10:48:15: Server cvar "mp_chattime" = "10"
L 12/15/2019 - 10:48:15: Server cvar "mp_consistency" = "1"
L 12/15/2019 - 10:48:15: Server cvar "mp_fadetoblack" = "0"
L 12/15/2019 - 10:48:15: Server cvar "mp_flashlight" = "1"
L 12/15/2019 - 10:48:15: Server cvar "mp_footsteps" = "1"
L 12/15/2019 - 10:48:15: Server cvar "mp_forcecamera" = "0"
L 12/15/2019 - 10:48:15: Server cvar "mp_forcechasecam" = "0"
L 12/15/2019 - 10:48:15: Server cvar "mp_forcerespawn" = "0"
L 12/15/2019 - 10:48:15: Server cvar "mp_fraglimit" = "0"
L 12/15/2019 - 10:48:15: Server cvar "mp_fragsleft" = "0"
L 12/15/2019 - 10:48:15: Server cvar "mp_freeforall" = "0"
L 12/15/2019 - 10:48:15: Server cvar "mp_freezetime" = "1"
L 12/15/2019 - 10:48:15: Server cvar "mp_friendlyfire" = "0"
L 12/15/2019 - 10:48:15: Server cvar "mp_hostage_hurtable" = "1"
L 12/15/2019 - 10:48:15: Server cvar "mp_hostagepenalty" = "0"
L 12/15/2019 - 10:48:15: Server cvar "mp_item_staytime" = "300"
L 12/15/2019 - 10:48:15: Server cvar "mp_kickpercent" = "0.66"
L 12/15/2019 - 10:48:15: Server cvar "mp_legacy_bombtarget_touch" = "1"
L 12/15/2019 - 10:48:15: Server cvar "mp_limitteams" = "0"
L 12/15/2019 - 10:48:15: Server cvar "mp_logdetail" = "0"
L 12/15/2019 - 10:48:15: Server cvar "mp_logfile" = "1"
L 12/15/2019 - 10:48:15: Server cvar "mp_logmessages" = "1"
L 12/15/2019 - 10:48:15: Server cvar "mp_mapvoteratio" = "0.66"
L 12/15/2019 - 10:48:15: Server cvar "mp_maxmoney" = "999999"
L 12/15/2019 - 10:48:15: Server cvar "mp_maxrounds" = "0"
L 12/15/2019 - 10:48:15: Server cvar "mp_mirrordamage" = "0"
L 12/15/2019 - 10:48:15: Server cvar "mp_old_bomb_defused_sound" = "1"
L 12/15/2019 - 10:48:15: Server cvar "mp_playerid" = "0"
L 12/15/2019 - 10:48:15: Server cvar "mp_respawn_immunitytime" = "0"
L 12/15/2019 - 10:48:15: Server cvar "mp_round_infinite" = "0"
L 12/15/2019 - 10:48:15: Server cvar "mp_round_restart_delay" = "5"
L 12/15/2019 - 10:48:15: Server cvar "mp_roundover" = "0"
L 12/15/2019 - 10:48:15: Server cvar "mp_roundtime" = "2.3"
L 12/15/2019 - 10:48:15: Server cvar "mp_show_radioicon" = "1"
L 12/15/2019 - 10:48:15: Server cvar "mp_startmoney" = "850"
L 12/15/2019 - 10:48:15: Server cvar "mp_timeleft" = "18:53"
L 12/15/2019 - 10:48:15: Server cvar "mp_timelimit" = "20"
L 12/15/2019 - 10:48:15: Server cvar "mp_tkpunish" = "0"
L 12/15/2019 - 10:48:15: Server cvar "mp_windifference" = "1"
L 12/15/2019 - 10:48:15: Server cvar "mp_winlimit" = "0"
L 12/15/2019 - 10:48:15: Server cvar "NoWeaponsOnGround" = "1.0"
L 12/15/2019 - 10:48:15: Server cvar "pausable" = "0"
L 12/15/2019 - 10:48:15: Server cvar "present_version" = "2.01"
L 12/15/2019 - 10:48:15: Server cvar "RandomHP" = "2.2"
L 12/15/2019 - 10:48:15: Server cvar "reauthcheck_version" = "0.1.6"
L 12/15/2019 - 10:48:15: Server cvar "reconnect_features" = "0.3.1"
L 12/15/2019 - 10:48:15: Server cvar "report_system_version" = "3.1"
L 12/15/2019 - 10:48:15: Server cvar "resemiclip_version" = "2.3.9"
L 12/15/2019 - 10:48:15: Server cvar "reu_version" = "0.1.0.130"
L 12/15/2019 - 10:48:15: Server cvar "revoice_version" = "0.1.0.30"
L 12/15/2019 - 10:48:15: Server cvar "RRWM" = "2.0"
L 12/15/2019 - 10:48:15: Server cvar "sanksounds_version" = "1.8.6"
L 12/15/2019 - 10:48:15: Server cvar "SimpleMenu" = "1.1"
L 12/15/2019 - 10:48:15: Server cvar "SNAC_Version" = "1.1"
L 12/15/2019 - 10:48:15: Server cvar "SpecList" = "1.2a"
L 12/15/2019 - 10:48:15: Server cvar "sr_version" = "1.6"
L 12/15/2019 - 10:48:15: Server cvar "statsx_shell_ver" = "2.0.0 (BETA)"
L 12/15/2019 - 10:48:15: Server cvar "StyleC4Timer" = "2.1"
L 12/15/2019 - 10:48:15: Server cvar "sv_accelerate" = "5"
L 12/15/2019 - 10:48:15: Server cvar "sv_aim" = "1"
L 12/15/2019 - 10:48:15: Server cvar "sv_airaccelerate" = "100"
L 12/15/2019 - 10:48:15: Server cvar "sv_allowupload" = "1"
L 12/15/2019 - 10:48:15: Server cvar "sv_alltalk" = "1"
L 12/15/2019 - 10:48:15: Server cvar "sv_bounce" = "1"
L 12/15/2019 - 10:48:15: Server cvar "sv_cheats" = "0"
L 12/15/2019 - 10:48:15: Server cvar "sv_clienttrace" = "1"
L 12/15/2019 - 10:48:15: Server cvar "sv_contact" = "feruchio599@gmail.com"
L 12/15/2019 - 10:48:15: Server cvar "sv_friction" = "4"
L 12/15/2019 - 10:48:15: Server cvar "sv_gravity" = "800"
L 12/15/2019 - 10:48:15: Server cvar "sv_logblocks" = "0"
L 12/15/2019 - 10:48:15: Server cvar "sv_maxrate" = "50000"
L 12/15/2019 - 10:48:15: Server cvar "sv_maxspeed" = "900.000000"
L 12/15/2019 - 10:48:15: Server cvar "sv_minrate" = "10000"
L 12/15/2019 - 10:48:15: Server cvar "sv_password" = ""
L 12/15/2019 - 10:48:15: Server cvar "sv_proxies" = "1"
L 12/15/2019 - 10:48:15: Server cvar "sv_restart" = "0"
L 12/15/2019 - 10:48:15: Server cvar "sv_restartround" = "0"
L 12/15/2019 - 10:48:15: Server cvar "sv_stepsize" = "18"
L 12/15/2019 - 10:48:15: Server cvar "sv_stopspeed" = "75"
L 12/15/2019 - 10:48:15: Server cvar "sv_uploadmax" = "0.5"
L 12/15/2019 - 10:48:15: Server cvar "sv_version" = "1.1.2.7/Stdio,48,1621"
L 12/15/2019 - 10:48:15: Server cvar "sv_voiceenable" = "1"
L 12/15/2019 - 10:48:15: Server cvar "sv_wateraccelerate" = "10"
L 12/15/2019 - 10:48:15: Server cvar "sv_waterfriction" = "1"
L 12/15/2019 - 10:48:15: Server cvar "Team_Semiclip_version" = "3.3.1"
L 12/15/2019 - 10:48:15: Server cvar "vehicle_real_killer" = "1.1"
L 12/15/2019 - 10:48:15: Server cvar "WalkGuard" = "1.3.2"
L 12/15/2019 - 10:48:15: Server cvar "we_grenades" = "Huehue"
L 12/15/2019 - 10:48:15: Server cvar "we_player_models" = "Huehue"
L 12/15/2019 - 10:48:15: Server cvar "whb_version" = "1.5.692"
L 12/15/2019 - 10:48:15: Server cvar "zp_jp_version" = "Extra Item Jetpack+Bazooka v3.2"
L 12/15/2019 - 10:48:15: Server cvars end
L 12/15/2019 - 10:48:18: Server cvar "sv_maxspeed" = "900"
L 12/15/2019 - 10:48:18: Server cvar "mp_autoteambalance" = "1"
L 12/15/2019 - 10:48:18: Server cvar "mp_autoteambalance" = "0"
L 12/15/2019 - 10:48:18: Server cvar "amx_nextmap" = "[not yet voted on]"
L 12/15/2019 - 10:48:19: Started map "ow_cc_crazytank" (CRC "-1701114937")
L 12/15/2019 - 10:48:21: World triggered "Round_Start"
L 12/15/2019 - 10:48:22: [REUNION]: turbo (77.77.166.176) authorized as RevEmu
L 12/15/2019 - 10:48:22: "turbo<9><STEAM_2:1:24722080><>" connected, address "77.77.166.176:27005"
L 12/15/2019 - 10:48:25: "turbo<9><STEAM_2:1:24722080><>" entered the game
L 12/15/2019 - 10:48:29: "turbo<9><STEAM_2:1:24722080><>" joined team "CT"
L 12/15/2019 - 10:48:54: [REUNION]: [Pro]Man (178.138.97.97) authorized as RevEmu
L 12/15/2019 - 10:48:54: "[Pro]Man<10><STEAM_2:1:704756790><>" connected, address "178.138.97.97:47837"
L 12/15/2019 - 10:49:01: "[Pro]Man<10><STEAM_2:1:704756790><>" entered the game
L 12/15/2019 - 10:49:08: "[Pro]Man<10><STEAM_2:1:704756790><>" joined team "CT"
L 12/15/2019 - 10:49:12: "[Pro]Man<10><STEAM_2:1:704756790><CT>" committed suicide with "world"
L 12/15/2019 - 10:49:12: "[Pro]Man<10><STEAM_2:1:704756790><CT>" joined team "TERRORIST"
L 12/15/2019 - 10:49:12: Server cvar "amx_nextmap" = "cs_rio"
L 12/15/2019 - 10:49:13: World triggered "Game_Commencing"
L 12/15/2019 - 10:49:13: World triggered "Game_Commencing" (CT "0") (T "0")
L 12/15/2019 - 10:49:13: World triggered "Round_End"
L 12/15/2019 - 10:49:16: "[Pro]Man<10><STEAM_2:1:704756790><TERRORIST>" triggered "Spawned_With_The_Bomb"
L 12/15/2019 - 10:49:17: World triggered "Round_Start"
L 12/15/2019 - 10:50:02: "[Pro]Man<10><STEAM_2:1:704756790><TERRORIST>" triggered "Planted_The_Bomb"
L 12/15/2019 - 10:50:18: "turbo<9><STEAM_2:1:24722080><CT>" committed suicide with "trigger_hurt" (world)
L 12/15/2019 - 10:50:18: Team "TERRORIST" triggered "Terrorists_Win" (CT "0") (T "1")
L 12/15/2019 - 10:50:18: World triggered "Round_End"
L 12/15/2019 - 10:50:23: "[Pro]Man<10><STEAM_2:1:704756790><TERRORIST>" triggered "Spawned_With_The_Bomb"
L 12/15/2019 - 10:50:24: World triggered "Round_Start"
L 12/15/2019 - 10:51:14: "turbo<9><STEAM_2:1:24722080><CT>" killed "[Pro]Man<10><STEAM_2:1:704756790><TERRORIST>" with "m3"
L 12/15/2019 - 10:51:14: Team "CT" triggered "CTs_Win" (CT "1") (T "1")
L 12/15/2019 - 10:51:14: World triggered "Round_End"
L 12/15/2019 - 10:51:19: "[Pro]Man<10><STEAM_2:1:704756790><TERRORIST>" triggered "Spawned_With_The_Bomb"
L 12/15/2019 - 10:51:20: World triggered "Round_Start"
L 12/15/2019 - 10:51:44: "[Pro]Man<10><STEAM_2:1:704756790><TERRORIST>" killed "turbo<9><STEAM_2:1:24722080><CT>" with "tracktrain"
L 12/15/2019 - 10:51:44: Team "TERRORIST" triggered "Terrorists_Win" (CT "1") (T "2")
L 12/15/2019 - 10:51:44: World triggered "Round_End"
L 12/15/2019 - 10:51:49: "[Pro]Man<10><STEAM_2:1:704756790><TERRORIST>" triggered "Spawned_With_The_Bomb"
L 12/15/2019 - 10:51:50: World triggered "Round_Start"
L 12/15/2019 - 10:52:47: "turbo<9><STEAM_2:1:24722080><CT>" killed "[Pro]Man<10><STEAM_2:1:704756790><TERRORIST>" with "knife"
L 12/15/2019 - 10:52:47: Team "CT" triggered "CTs_Win" (CT "2") (T "2")
L 12/15/2019 - 10:52:47: World triggered "Round_End"
L 12/15/2019 - 10:52:52: "[Pro]Man<10><STEAM_2:1:704756790><TERRORIST>" triggered "Spawned_With_The_Bomb"
L 12/15/2019 - 10:52:53: World triggered "Round_Start"
L 12/15/2019 - 10:53:31: "[Pro]Man<10><STEAM_2:1:704756790><TERRORIST>" killed "turbo<9><STEAM_2:1:24722080><CT>" with "deagle"
L 12/15/2019 - 10:53:31: Team "TERRORIST" triggered "Terrorists_Win" (CT "2") (T "3")
L 12/15/2019 - 10:53:31: World triggered "Round_End"
L 12/15/2019 - 10:53:36: "[Pro]Man<10><STEAM_2:1:704756790><TERRORIST>" triggered "Spawned_With_The_Bomb"
L 12/15/2019 - 10:53:37: World triggered "Round_Start"
L 12/15/2019 - 10:54:11: "[Pro]Man<10><STEAM_2:1:704756790><TERRORIST>" triggered "Planted_The_Bomb"
L 12/15/2019 - 10:54:20: "[Pro]Man<10><STEAM_2:1:704756790><TERRORIST>" killed "turbo<9><STEAM_2:1:24722080><CT>" with "m3"
L 12/15/2019 - 10:54:20: Team "TERRORIST" triggered "Terrorists_Win" (CT "2") (T "4")
L 12/15/2019 - 10:54:20: World triggered "Round_End"
L 12/15/2019 - 10:54:25: "[Pro]Man<10><STEAM_2:1:704756790><TERRORIST>" triggered "Spawned_With_The_Bomb"
L 12/15/2019 - 10:54:26: World triggered "Round_Start"
L 12/15/2019 - 10:55:08: "[Pro]Man<10><STEAM_2:1:704756790><TERRORIST>" killed "turbo<9><STEAM_2:1:24722080><CT>" with "tmp"
L 12/15/2019 - 10:55:08: Team "TERRORIST" triggered "Terrorists_Win" (CT "2") (T "5")
L 12/15/2019 - 10:55:08: World triggered "Round_End"
L 12/15/2019 - 10:55:13: "[Pro]Man<10><STEAM_2:1:704756790><TERRORIST>" triggered "Spawned_With_The_Bomb"
L 12/15/2019 - 10:55:14: World triggered "Round_Start"
L 12/15/2019 - 10:55:59: "turbo<9><STEAM_2:1:24722080><CT>" killed "[Pro]Man<10><STEAM_2:1:704756790><TERRORIST>" with "deagle"
L 12/15/2019 - 10:55:59: Team "CT" triggered "CTs_Win" (CT "3") (T "5")
L 12/15/2019 - 10:55:59: World triggered "Round_End"
L 12/15/2019 - 10:56:04: "[Pro]Man<10><STEAM_2:1:704756790><TERRORIST>" triggered "Spawned_With_The_Bomb"
L 12/15/2019 - 10:56:05: World triggered "Round_Start"
L 12/15/2019 - 10:56:48: "turbo<9><STEAM_2:1:24722080><CT>" killed "[Pro]Man<10><STEAM_2:1:704756790><TERRORIST>" with "tmp"
L 12/15/2019 - 10:56:48: Team "CT" triggered "CTs_Win" (CT "4") (T "5")
L 12/15/2019 - 10:56:48: World triggered "Round_End"
L 12/15/2019 - 10:56:53: "[Pro]Man<10><STEAM_2:1:704756790><TERRORIST>" triggered "Spawned_With_The_Bomb"
L 12/15/2019 - 10:56:54: World triggered "Round_Start"
L 12/15/2019 - 10:57:30: Server cvar "amx_nextmap" = "city_of_roadrage"
L 12/15/2019 - 10:58:18: "[Pro]Man<10><STEAM_2:1:704756790><TERRORIST>" killed "turbo<9><STEAM_2:1:24722080><CT>" with "usp"
L 12/15/2019 - 10:58:18: Team "TERRORIST" triggered "Terrorists_Win" (CT "4") (T "6")
L 12/15/2019 - 10:58:18: World triggered "Round_End"
L 12/15/2019 - 10:58:23: "[Pro]Man<10><STEAM_2:1:704756790><TERRORIST>" triggered "Spawned_With_The_Bomb"
L 12/15/2019 - 10:58:24: World triggered "Round_Start"
L 12/15/2019 - 10:58:24: Server cvar "sv_maxspeed" = "0.000000"
L 12/15/2019 - 10:58:24: Server cvar "mp_friendlyfire" = "1"
L 12/15/2019 - 10:58:32: "[Pro]Man<10><STEAM_2:1:704756790><TERRORIST>" committed suicide with "worldspawn" (world)
L 12/15/2019 - 10:58:32: Team "CT" triggered "CTs_Win" (CT "5") (T "6")
L 12/15/2019 - 10:58:32: World triggered "Round_End"
L 12/15/2019 - 10:58:35: Server cvar "sv_maxspeed" = "900.000000"
L 12/15/2019 - 10:58:35: Server cvar "mp_friendlyfire" = "0"
L 12/15/2019 - 10:58:36: [META] ini: Begin re-reading plugins list: /home/rented/public9/cstrike/addons/metamod/plugins.ini
L 12/15/2019 - 10:58:36: [META] ini: Read plugin config for: SafeNameAndChat
L 12/15/2019 - 10:58:36: [META] ini: Read plugin config for: AMX Mod X
L 12/15/2019 - 10:58:36: [META] ini: Read plugin config for: Reunion
L 12/15/2019 - 10:58:36: [META] ini: Read plugin config for: ReAuthCheck
L 12/15/2019 - 10:58:36: [META] ini: Read plugin config for: WHBlocker
L 12/15/2019 - 10:58:36: [META] ini: Read plugin config for: ReSemiclip
L 12/15/2019 - 10:58:36: [META] ini: Read plugin config for: Revoice
L 12/15/2019 - 10:58:36: [META] ini: Finished reading plugins list: /home/rented/public9/cstrike/addons/metamod/plugins.ini; Found 7 plugins
L 12/15/2019 - 10:58:36: [META] dll: Updating plugins...
L 12/15/2019 - 10:58:36: [META] WARNING: Cannot clear plugin 'SafeNameAndChat'; not marked as failed, empty, or open (status=valid)
L 12/15/2019 - 10:58:36: [META] dll: Unloaded plugin 'SafeNameAndChat' for reason 'file on disk is newer'
L 12/15/2019 - 10:58:36: [META] dll: Loaded plugin 'SafeNameAndChat': SafeNameAndChat v1.1 2017.02.01, WPMG.PRoSToC0der
L 12/15/2019 - 10:58:36: [META] WARNING: Cannot clear plugin 'WHBlocker'; not marked as failed, empty, or open (status=valid)
L 12/15/2019 - 10:58:36: [META] dll: Unloaded plugin 'WHBlocker' for reason 'file on disk is newer'
L 12/15/2019 - 10:58:36: [META] dll: Loaded plugin 'WHBlocker': WHBlocker v1.5.692 2017-04-13, s1lent
L 12/15/2019 - 10:58:36: [META] WARNING: Cannot clear plugin 'ReSemiclip'; not marked as failed, empty, or open (status=valid)
L 12/15/2019 - 10:58:36: [META] dll: Unloaded plugin 'ReSemiclip' for reason 'file on disk is newer'
L 12/15/2019 - 10:58:36: [META] dll: Loaded plugin 'ReSemiclip': ReSemiclip v2.3.9 13/02/17, s1lent & Adidasman
L 12/15/2019 - 10:58:36: [META] dll: Finished updating 14 plugins; kept 0, loaded 0, unloaded 0, reloaded 3, delayed 0
L 12/15/2019 - 10:58:36: "turbo<9><STEAM_2:1:24722080><CT>" disconnected
L 12/15/2019 - 10:58:36: "[Pro]Man<10><STEAM_2:1:704756790><TERRORIST>" disconnected
L 12/15/2019 - 10:58:36: Log file closed
