L 12/16/2019 - 14:17:29: Log file started (file "logs/L1216155.log") (game "cstrike") (version "48/1.1.2.7/Stdio/1621")
L 12/16/2019 - 14:17:29: Loading map "shipwreck"
L 12/16/2019 - 14:17:29: Server cvars start
L 12/16/2019 - 14:17:29: Server cvar "@BunnyHopper" = "3.x"
L 12/16/2019 - 14:17:29: Server cvar "@CRXGoSpec" = "1.1"
L 12/16/2019 - 14:17:29: Server cvar "@CRXRemoveImmunity" = "1.0"
L 12/16/2019 - 14:17:29: Server cvar "@D.I.C.E." = "1.1"
L 12/16/2019 - 14:17:29: Server cvar "@MOTDCommands" = "1.2"
L 12/16/2019 - 14:17:29: Server cvar "advanced_quake_sounds" = "5.0"
L 12/16/2019 - 14:17:29: Server cvar "AdvancedMute" = "1.0"
L 12/16/2019 - 14:17:29: Server cvar "aesp_version" = "1.3"
L 12/16/2019 - 14:17:29: Server cvar "allow_spectators" = "1.0"
L 12/16/2019 - 14:17:29: Server cvar "amx_client_languages" = "1"
L 12/16/2019 - 14:17:29: Server cvar "amx_language" = "en"
L 12/16/2019 - 14:17:29: Server cvar "amx_nextmap" = "shipwreck"
L 12/16/2019 - 14:17:29: Server cvar "amx_ptb_version" = "1.8b3"
L 12/16/2019 - 14:17:29: Server cvar "amx_timeleft" = "10:22"
L 12/16/2019 - 14:17:29: Server cvar "amxmodx_version" = "1.8.2"
L 12/16/2019 - 14:17:29: Server cvar "amxxbg_vip" = "1.0"
L 12/16/2019 - 14:17:29: Server cvar "asp_version" = "4.5.1"
L 12/16/2019 - 14:17:29: Server cvar "atac_version" = "3.0.1"
L 12/16/2019 - 14:17:29: Server cvar "badcamper_version" = "1.4 beta"
L 12/16/2019 - 14:17:29: Server cvar "blockmaker" = "4.01"
L 12/16/2019 - 14:17:29: Server cvar "c4 timer" = "1.1"
L 12/16/2019 - 14:17:29: Server cvar "coop" = "0"
L 12/16/2019 - 14:17:29: Server cvar "CRXAdminGroups" = "1.0"
L 12/16/2019 - 14:17:29: Server cvar "CRXCommandRestrictions" = "1.0"
L 12/16/2019 - 14:17:29: Server cvar "CRXFastKnife" = "1.0"
L 12/16/2019 - 14:17:29: Server cvar "CRXGametracker" = "2.0"
L 12/16/2019 - 14:17:29: Server cvar "CRXKnifeModels" = "2.5.7"
L 12/16/2019 - 14:17:29: Server cvar "CRXTeamAdvantage" = "1.0"
L 12/16/2019 - 14:17:29: Server cvar "CustomShop" = "4.2"
L 12/16/2019 - 14:17:29: Server cvar "deathmatch" = "1"
L 12/16/2019 - 14:17:29: Server cvar "decalfrequency" = "0"
L 12/16/2019 - 14:17:29: Server cvar "edgefriction" = "2"
L 12/16/2019 - 14:17:29: Server cvar "ers_version" = "2.3c"
L 12/16/2019 - 14:17:29: Server cvar "gagsystem_shoko" = "1.0"
L 12/16/2019 - 14:17:29: Server cvar "gal_mapcyclefile" = "mapcycle.txt"
L 12/16/2019 - 14:17:29: Server cvar "gal_version" = "v5.9.1-926"
L 12/16/2019 - 14:17:29: Server cvar "game_version" = "5.7.0.313-dev"
L 12/16/2019 - 14:17:29: Server cvar "humans_join_team" = "any"
L 12/16/2019 - 14:17:29: Server cvar "jtp10181" = "chute,gore"
L 12/16/2019 - 14:17:29: Server cvar "lawliet" = "ny_RainingSnow"
L 12/16/2019 - 14:17:29: Server cvar "LetitSnow" = "1.0"
L 12/16/2019 - 14:17:29: Server cvar "map_spawns" = "T(16) CT(16)"
L 12/16/2019 - 14:17:29: Server cvar "max_queries_sec" = "3"
L 12/16/2019 - 14:17:29: Server cvar "max_queries_sec_global" = "150"
L 12/16/2019 - 14:17:29: Server cvar "max_queries_window" = "60"
L 12/16/2019 - 14:17:29: Server cvar "mdbBans" = "4.8"
L 12/16/2019 - 14:17:29: Server cvar "metamod_version" = "1.21p37"
L 12/16/2019 - 14:17:29: Server cvar "mp_autokick" = "0"
L 12/16/2019 - 14:17:29: Server cvar "mp_autokick_timeout" = "-1"
L 12/16/2019 - 14:17:29: Server cvar "mp_autoteambalance" = "0"
L 12/16/2019 - 14:17:29: Server cvar "mp_buytime" = "0.25"
L 12/16/2019 - 14:17:29: Server cvar "mp_c4timer" = "35"
L 12/16/2019 - 14:17:29: Server cvar "mp_chattime" = "10.000000"
L 12/16/2019 - 14:17:29: Server cvar "mp_consistency" = "1"
L 12/16/2019 - 14:17:29: Server cvar "mp_fadetoblack" = "0"
L 12/16/2019 - 14:17:29: Server cvar "mp_flashlight" = "1"
L 12/16/2019 - 14:17:29: Server cvar "mp_footsteps" = "1"
L 12/16/2019 - 14:17:29: Server cvar "mp_forcecamera" = "0"
L 12/16/2019 - 14:17:29: Server cvar "mp_forcechasecam" = "0"
L 12/16/2019 - 14:17:29: Server cvar "mp_forcerespawn" = "0"
L 12/16/2019 - 14:17:29: Server cvar "mp_fraglimit" = "0"
L 12/16/2019 - 14:17:29: Server cvar "mp_fragsleft" = "0"
L 12/16/2019 - 14:17:29: Server cvar "mp_freeforall" = "0"
L 12/16/2019 - 14:17:29: Server cvar "mp_freezetime" = "1"
L 12/16/2019 - 14:17:29: Server cvar "mp_friendlyfire" = "0"
L 12/16/2019 - 14:17:29: Server cvar "mp_hostage_hurtable" = "1"
L 12/16/2019 - 14:17:29: Server cvar "mp_hostagepenalty" = "0"
L 12/16/2019 - 14:17:29: Server cvar "mp_item_staytime" = "300"
L 12/16/2019 - 14:17:29: Server cvar "mp_kickpercent" = "0.66"
L 12/16/2019 - 14:17:29: Server cvar "mp_legacy_bombtarget_touch" = "1"
L 12/16/2019 - 14:17:29: Server cvar "mp_limitteams" = "0"
L 12/16/2019 - 14:17:29: Server cvar "mp_logdetail" = "0"
L 12/16/2019 - 14:17:29: Server cvar "mp_logfile" = "1"
L 12/16/2019 - 14:17:29: Server cvar "mp_logmessages" = "1"
L 12/16/2019 - 14:17:29: Server cvar "mp_mapvoteratio" = "0.66"
L 12/16/2019 - 14:17:29: Server cvar "mp_maxmoney" = "999999"
L 12/16/2019 - 14:17:29: Server cvar "mp_maxrounds" = "0"
L 12/16/2019 - 14:17:29: Server cvar "mp_mirrordamage" = "0"
L 12/16/2019 - 14:17:29: Server cvar "mp_old_bomb_defused_sound" = "1"
L 12/16/2019 - 14:17:29: Server cvar "mp_playerid" = "0"
L 12/16/2019 - 14:17:29: Server cvar "mp_respawn_immunitytime" = "0"
L 12/16/2019 - 14:17:29: Server cvar "mp_round_infinite" = "0"
L 12/16/2019 - 14:17:29: Server cvar "mp_round_restart_delay" = "5"
L 12/16/2019 - 14:17:29: Server cvar "mp_roundover" = "0"
L 12/16/2019 - 14:17:29: Server cvar "mp_roundtime" = "2.3"
L 12/16/2019 - 14:17:29: Server cvar "mp_show_radioicon" = "1"
L 12/16/2019 - 14:17:29: Server cvar "mp_startmoney" = "850"
L 12/16/2019 - 14:17:29: Server cvar "mp_timeleft" = "10:22"
L 12/16/2019 - 14:17:29: Server cvar "mp_timelimit" = "20"
L 12/16/2019 - 14:17:29: Server cvar "mp_tkpunish" = "0"
L 12/16/2019 - 14:17:29: Server cvar "mp_windifference" = "1"
L 12/16/2019 - 14:17:29: Server cvar "mp_winlimit" = "0"
L 12/16/2019 - 14:17:29: Server cvar "NoWeaponsOnGround" = "1.0"
L 12/16/2019 - 14:17:29: Server cvar "pausable" = "0"
L 12/16/2019 - 14:17:29: Server cvar "present_version" = "2.01"
L 12/16/2019 - 14:17:29: Server cvar "RandomHP" = "2.2"
L 12/16/2019 - 14:17:29: Server cvar "reauthcheck_version" = "0.1.6"
L 12/16/2019 - 14:17:29: Server cvar "reconnect_features" = "0.3.1"
L 12/16/2019 - 14:17:29: Server cvar "report_system_version" = "3.1"
L 12/16/2019 - 14:17:29: Server cvar "resemiclip_version" = "2.3.9"
L 12/16/2019 - 14:17:29: Server cvar "reu_version" = "0.1.0.130"
L 12/16/2019 - 14:17:29: Server cvar "revoice_version" = "0.1.0.30"
L 12/16/2019 - 14:17:29: Server cvar "RRWM" = "2.0"
L 12/16/2019 - 14:17:29: Server cvar "sanksounds_version" = "1.8.6"
L 12/16/2019 - 14:17:29: Server cvar "SimpleMenu" = "1.1"
L 12/16/2019 - 14:17:29: Server cvar "SNAC_Version" = "1.1"
L 12/16/2019 - 14:17:29: Server cvar "SpecList" = "1.2a"
L 12/16/2019 - 14:17:29: Server cvar "sr_version" = "1.6"
L 12/16/2019 - 14:17:29: Server cvar "statsx_shell_ver" = "2.0.0 (BETA)"
L 12/16/2019 - 14:17:29: Server cvar "StyleC4Timer" = "2.1"
L 12/16/2019 - 14:17:29: Server cvar "sv_accelerate" = "5"
L 12/16/2019 - 14:17:29: Server cvar "sv_aim" = "1"
L 12/16/2019 - 14:17:29: Server cvar "sv_airaccelerate" = "100"
L 12/16/2019 - 14:17:29: Server cvar "sv_allowupload" = "1"
L 12/16/2019 - 14:17:29: Server cvar "sv_alltalk" = "1"
L 12/16/2019 - 14:17:29: Server cvar "sv_bounce" = "1"
L 12/16/2019 - 14:17:29: Server cvar "sv_cheats" = "0"
L 12/16/2019 - 14:17:29: Server cvar "sv_clienttrace" = "1"
L 12/16/2019 - 14:17:29: Server cvar "sv_contact" = "feruchio599@gmail.com"
L 12/16/2019 - 14:17:29: Server cvar "sv_friction" = "4"
L 12/16/2019 - 14:17:29: Server cvar "sv_gravity" = "800"
L 12/16/2019 - 14:17:29: Server cvar "sv_logblocks" = "0"
L 12/16/2019 - 14:17:29: Server cvar "sv_maxrate" = "50000"
L 12/16/2019 - 14:17:29: Server cvar "sv_maxspeed" = "900.000000"
L 12/16/2019 - 14:17:29: Server cvar "sv_minrate" = "10000"
L 12/16/2019 - 14:17:29: Server cvar "sv_password" = ""
L 12/16/2019 - 14:17:29: Server cvar "sv_proxies" = "1"
L 12/16/2019 - 14:17:29: Server cvar "sv_restart" = "0"
L 12/16/2019 - 14:17:29: Server cvar "sv_restartround" = "0"
L 12/16/2019 - 14:17:29: Server cvar "sv_stepsize" = "18"
L 12/16/2019 - 14:17:29: Server cvar "sv_stopspeed" = "75"
L 12/16/2019 - 14:17:29: Server cvar "sv_uploadmax" = "0.5"
L 12/16/2019 - 14:17:29: Server cvar "sv_version" = "1.1.2.7/Stdio,48,1621"
L 12/16/2019 - 14:17:29: Server cvar "sv_voiceenable" = "1"
L 12/16/2019 - 14:17:29: Server cvar "sv_wateraccelerate" = "10"
L 12/16/2019 - 14:17:29: Server cvar "sv_waterfriction" = "1"
L 12/16/2019 - 14:17:29: Server cvar "Team_Semiclip_version" = "3.3.1"
L 12/16/2019 - 14:17:29: Server cvar "vehicle_real_killer" = "1.1"
L 12/16/2019 - 14:17:29: Server cvar "WalkGuard" = "1.3.2"
L 12/16/2019 - 14:17:29: Server cvar "we_grenades" = "Huehue"
L 12/16/2019 - 14:17:29: Server cvar "we_player_models" = "Huehue"
L 12/16/2019 - 14:17:29: Server cvar "whb_version" = "1.5.692"
L 12/16/2019 - 14:17:29: Server cvar "zp_jp_version" = "Extra Item Jetpack+Bazooka v3.2"
L 12/16/2019 - 14:17:29: Server cvars end
L 12/16/2019 - 14:17:31: Server cvar "sv_maxspeed" = "900"
L 12/16/2019 - 14:17:31: Server cvar "mp_autoteambalance" = "1"
L 12/16/2019 - 14:17:31: Server cvar "mp_autoteambalance" = "0"
L 12/16/2019 - 14:17:31: Server cvar "amx_nextmap" = "[not yet voted on]"
L 12/16/2019 - 14:17:33: Started map "shipwreck" (CRC "-1272655723")
L 12/16/2019 - 14:17:35: World triggered "Round_Start"
L 12/16/2019 - 14:17:36: [REUNION]: Smirnoff (194.141.107.254) authorized as NoSteam47
L 12/16/2019 - 14:17:36: "Smirnoff<8><VALVE_ID_LAN><>" connected, address "194.141.107.254:1774"
L 12/16/2019 - 14:17:40: "Smirnoff<8><VALVE_ID_LAN><>" entered the game
L 12/16/2019 - 14:17:43: "Smirnoff<8><VALVE_ID_LAN><>" joined team "TERRORIST"
L 12/16/2019 - 14:18:22: [REUNION]: HuNt3r (188.255.184.74) authorized as RevEmu
L 12/16/2019 - 14:18:22: "HuNt3r<9><STEAM_1:1:1071071391><>" connected, address "188.255.184.74:27005"
L 12/16/2019 - 14:18:31: [REUNION]: HuNt3r (188.255.184.74) authorized as RevEmu
L 12/16/2019 - 14:18:31: "HuNt3r<10><STEAM_1:1:1071071391><>" connected, address "188.255.184.74:27005"
L 12/16/2019 - 14:18:48: "HuNt3r<10><STEAM_1:1:1071071391><>" entered the game
L 12/16/2019 - 14:18:55: "HuNt3r<10><STEAM_1:1:1071071391><>" joined team "TERRORIST"
L 12/16/2019 - 14:19:06: "HuNt3r<10><STEAM_1:1:1071071391><TERRORIST>" committed suicide with "world"
L 12/16/2019 - 14:19:06: "HuNt3r<10><STEAM_1:1:1071071391><TERRORIST>" joined team "CT"
L 12/16/2019 - 14:19:06: World triggered "Game_Commencing"
L 12/16/2019 - 14:19:06: World triggered "Game_Commencing" (CT "0") (T "0")
L 12/16/2019 - 14:19:06: World triggered "Round_End"
L 12/16/2019 - 14:19:10: World triggered "Round_Start"
L 12/16/2019 - 14:20:04: "Smirnoff<8><VALVE_ID_LAN><TERRORIST>" killed "HuNt3r<10><STEAM_1:1:1071071391><CT>" with "ump45"
L 12/16/2019 - 14:20:04: Team "TERRORIST" triggered "Terrorists_Win" (CT "0") (T "1")
L 12/16/2019 - 14:20:04: World triggered "Round_End"
L 12/16/2019 - 14:20:10: World triggered "Round_Start"
L 12/16/2019 - 14:21:00: Team "CT" triggered "CTs_Win" (CT "1") (T "1")
L 12/16/2019 - 14:21:00: World triggered "Round_End"
L 12/16/2019 - 14:21:06: World triggered "Round_Start"
L 12/16/2019 - 14:21:53: "Smirnoff<8><VALVE_ID_LAN><TERRORIST>" killed "HuNt3r<10><STEAM_1:1:1071071391><CT>" with "sg552"
L 12/16/2019 - 14:21:53: Team "TERRORIST" triggered "Terrorists_Win" (CT "1") (T "2")
L 12/16/2019 - 14:21:53: World triggered "Round_End"
L 12/16/2019 - 14:21:59: World triggered "Round_Start"
L 12/16/2019 - 14:23:12: "HuNt3r<10><STEAM_1:1:1071071391><CT>" killed "Smirnoff<8><VALVE_ID_LAN><TERRORIST>" with "fiveseven"
L 12/16/2019 - 14:23:12: Team "CT" triggered "CTs_Win" (CT "2") (T "2")
L 12/16/2019 - 14:23:12: World triggered "Round_End"
L 12/16/2019 - 14:23:18: World triggered "Round_Start"
L 12/16/2019 - 14:23:50: "HuNt3r<10><STEAM_1:1:1071071391><CT>" killed "Smirnoff<8><VALVE_ID_LAN><TERRORIST>" with "mp5navy"
L 12/16/2019 - 14:23:50: Team "CT" triggered "CTs_Win" (CT "3") (T "2")
L 12/16/2019 - 14:23:50: World triggered "Round_End"
L 12/16/2019 - 14:23:56: World triggered "Round_Start"
L 12/16/2019 - 14:24:01: "Smirnoff<8><VALVE_ID_LAN><TERRORIST>" disconnected
L 12/16/2019 - 14:26:14: "HuNt3r<10><STEAM_1:1:1071071391><CT>" committed suicide with "world"
L 12/16/2019 - 14:26:14: World triggered "Round_Draw" (CT "3") (T "2")
L 12/16/2019 - 14:26:14: World triggered "Round_End"
L 12/16/2019 - 14:26:20: World triggered "Round_Start"
L 12/16/2019 - 14:26:20: "HuNt3r<10><STEAM_1:1:1071071391><CT>" disconnected
L 12/16/2019 - 14:26:20: World triggered "Round_Draw" (CT "3") (T "2")
L 12/16/2019 - 14:26:20: World triggered "Round_End"
L 12/16/2019 - 14:26:26: World triggered "Round_Start"
L 12/16/2019 - 14:31:53: "Rouge<11><STEAM_0:1:457719717><>" connected, address "95.10.17.247:22220"
L 12/16/2019 - 14:31:53: "Rouge<11><STEAM_0:1:457719717><>" STEAM USERID validated
L 12/16/2019 - 14:32:33: "Rouge<12><STEAM_0:1:457719717><>" connected, address "95.10.17.247:22220"
L 12/16/2019 - 14:32:33: "Rouge<12><STEAM_0:1:457719717><>" STEAM USERID validated
L 12/16/2019 - 14:32:37: "Renai<13><STEAM_0:0:144291530><>" connected, address "95.10.24.42:31835"
L 12/16/2019 - 14:32:38: "Renai<13><STEAM_0:0:144291530><>" STEAM USERID validated
L 12/16/2019 - 14:32:41: "Rouge<12><STEAM_0:1:457719717><>" entered the game
L 12/16/2019 - 14:32:47: Server cvar "mp_chattime" = "100"
L 12/16/2019 - 14:32:47: "Rouge<12><STEAM_0:1:457719717><>" joined team "TERRORIST"
L 12/16/2019 - 14:32:49: Server cvar "mp_chattime" = "5"
L 12/16/2019 - 14:33:25: "Renai<14><STEAM_0:0:144291530><>" connected, address "95.10.24.42:31835"
L 12/16/2019 - 14:33:25: "Renai<14><STEAM_0:0:144291530><>" STEAM USERID validated
L 12/16/2019 - 14:33:30: "Renai<14><STEAM_0:0:144291530><>" entered the game
L 12/16/2019 - 14:33:36: "Renai<14><STEAM_0:0:144291530><>" joined team "TERRORIST"
L 12/16/2019 - 14:33:42: "Rouge<12><STEAM_0:1:457719717><TERRORIST>" committed suicide with "world"
L 12/16/2019 - 14:33:42: "Rouge<12><STEAM_0:1:457719717><TERRORIST>" joined team "CT"
L 12/16/2019 - 14:33:44: "Renai<14><STEAM_0:0:144291530><TERRORIST>" committed suicide with "world"
L 12/16/2019 - 14:33:44: World triggered "Round_Draw" (CT "3") (T "2")
L 12/16/2019 - 14:33:44: World triggered "Round_End"
L 12/16/2019 - 14:33:44: "Renai<14><STEAM_0:0:144291530><TERRORIST>" joined team "CT"
L 12/16/2019 - 14:33:50: World triggered "Round_Start"
L 12/16/2019 - 14:33:50: "Rouge<12><STEAM_0:1:457719717><CT>" committed suicide with "world"
L 12/16/2019 - 14:33:50: "Rouge<12><STEAM_0:1:457719717><CT>" joined team "TERRORIST"
L 12/16/2019 - 14:33:51: World triggered "Game_Commencing"
L 12/16/2019 - 14:33:51: World triggered "Game_Commencing" (CT "3") (T "2")
L 12/16/2019 - 14:33:51: World triggered "Round_End"
L 12/16/2019 - 14:33:55: World triggered "Round_Start"
L 12/16/2019 - 14:34:35: "Renai<14><STEAM_0:0:144291530><CT>" killed "Rouge<12><STEAM_0:1:457719717><TERRORIST>" with "p90"
L 12/16/2019 - 14:34:35: Team "CT" triggered "CTs_Win" (CT "1") (T "0")
L 12/16/2019 - 14:34:35: World triggered "Round_End"
L 12/16/2019 - 14:34:41: World triggered "Round_Start"
L 12/16/2019 - 14:35:11: "Renai<14><STEAM_0:0:144291530><CT>" killed "Rouge<12><STEAM_0:1:457719717><TERRORIST>" with "tracktrain"
L 12/16/2019 - 14:35:11: Team "CT" triggered "CTs_Win" (CT "2") (T "0")
L 12/16/2019 - 14:35:11: World triggered "Round_End"
L 12/16/2019 - 14:35:17: World triggered "Round_Start"
L 12/16/2019 - 14:35:56: "Renai<14><STEAM_0:0:144291530><CT>" killed "Rouge<12><STEAM_0:1:457719717><TERRORIST>" with "mp5navy"
L 12/16/2019 - 14:35:56: Team "CT" triggered "CTs_Win" (CT "3") (T "0")
L 12/16/2019 - 14:35:56: World triggered "Round_End"
L 12/16/2019 - 14:36:02: World triggered "Round_Start"
L 12/16/2019 - 14:36:36: "Renai<14><STEAM_0:0:144291530><CT>" killed "Rouge<12><STEAM_0:1:457719717><TERRORIST>" with "mp5navy"
L 12/16/2019 - 14:36:36: Team "CT" triggered "CTs_Win" (CT "4") (T "0")
L 12/16/2019 - 14:36:36: World triggered "Round_End"
L 12/16/2019 - 14:36:42: World triggered "Round_Start"
L 12/16/2019 - 14:37:17: "Renai<14><STEAM_0:0:144291530><CT>" killed "Rouge<12><STEAM_0:1:457719717><TERRORIST>" with "mp5navy"
L 12/16/2019 - 14:37:17: Team "CT" triggered "CTs_Win" (CT "5") (T "0")
L 12/16/2019 - 14:37:17: World triggered "Round_End"
L 12/16/2019 - 14:37:23: World triggered "Round_Start"
L 12/16/2019 - 14:37:45: "Rouge<12><STEAM_0:1:457719717><TERRORIST>" killed "Renai<14><STEAM_0:0:144291530><CT>" with "ak47"
L 12/16/2019 - 14:37:45: Team "TERRORIST" triggered "Terrorists_Win" (CT "5") (T "1")
L 12/16/2019 - 14:37:45: World triggered "Round_End"
L 12/16/2019 - 14:37:51: World triggered "Round_Start"
L 12/16/2019 - 14:38:12: "Renai<14><STEAM_0:0:144291530><CT>" killed "Rouge<12><STEAM_0:1:457719717><TERRORIST>" with "g3sg1"
L 12/16/2019 - 14:38:12: Team "CT" triggered "CTs_Win" (CT "6") (T "1")
L 12/16/2019 - 14:38:12: World triggered "Round_End"
L 12/16/2019 - 14:38:18: World triggered "Round_Start"
L 12/16/2019 - 14:39:13: "Rouge<12><STEAM_0:1:457719717><TERRORIST>" killed "Renai<14><STEAM_0:0:144291530><CT>" with "g3sg1"
L 12/16/2019 - 14:39:13: Team "TERRORIST" triggered "Terrorists_Win" (CT "6") (T "2")
L 12/16/2019 - 14:39:13: World triggered "Round_End"
L 12/16/2019 - 14:39:19: World triggered "Round_Start"
L 12/16/2019 - 14:39:55: "Rouge<12><STEAM_0:1:457719717><TERRORIST>" killed "Renai<14><STEAM_0:0:144291530><CT>" with "g3sg1"
L 12/16/2019 - 14:39:55: Team "TERRORIST" triggered "Terrorists_Win" (CT "6") (T "3")
L 12/16/2019 - 14:39:55: World triggered "Round_End"
L 12/16/2019 - 14:40:01: World triggered "Round_Start"
L 12/16/2019 - 14:41:06: "Renai<14><STEAM_0:0:144291530><CT>" killed "Rouge<12><STEAM_0:1:457719717><TERRORIST>" with "mp5navy"
L 12/16/2019 - 14:41:06: Team "CT" triggered "CTs_Win" (CT "7") (T "3")
L 12/16/2019 - 14:41:06: World triggered "Round_End"
L 12/16/2019 - 14:41:12: World triggered "Round_Start"
L 12/16/2019 - 14:41:33: "Rouge<12><STEAM_0:1:457719717><TERRORIST>" killed "Renai<14><STEAM_0:0:144291530><CT>" with "tracktrain"
L 12/16/2019 - 14:41:33: Team "TERRORIST" triggered "Terrorists_Win" (CT "7") (T "4")
L 12/16/2019 - 14:41:33: World triggered "Round_End"
L 12/16/2019 - 14:41:39: World triggered "Round_Start"
L 12/16/2019 - 14:42:39: "Renai<14><STEAM_0:0:144291530><CT>" killed "Rouge<12><STEAM_0:1:457719717><TERRORIST>" with "tracktrain"
L 12/16/2019 - 14:42:39: Team "CT" triggered "CTs_Win" (CT "8") (T "4")
L 12/16/2019 - 14:42:39: World triggered "Round_End"
L 12/16/2019 - 14:42:45: World triggered "Round_Start"
L 12/16/2019 - 14:42:59: "Renai<14><STEAM_0:0:144291530><CT>" killed "Rouge<12><STEAM_0:1:457719717><TERRORIST>" with "sg550"
L 12/16/2019 - 14:42:59: Team "CT" triggered "CTs_Win" (CT "9") (T "4")
L 12/16/2019 - 14:42:59: World triggered "Round_End"
L 12/16/2019 - 14:43:05: World triggered "Round_Start"
L 12/16/2019 - 14:44:00: "Rouge<12><STEAM_0:1:457719717><TERRORIST>" disconnected
L 12/16/2019 - 14:44:21: "Renai<14><STEAM_0:0:144291530><CT>" disconnected
L 12/16/2019 - 14:44:21: World triggered "Round_Draw" (CT "9") (T "4")
L 12/16/2019 - 14:44:21: World triggered "Round_End"
L 12/16/2019 - 14:44:27: World triggered "Round_Start"
L 12/16/2019 - 14:44:39: [REUNION]: Fullserver (185.175.33.177) authorized as RevEmu
L 12/16/2019 - 14:44:39: "Fullserver<15><STEAM_1:1:2034104840><>" connected, address "185.175.33.177:27005"
L 12/16/2019 - 14:45:41: [REUNION]: Fullserver (185.175.33.177) authorized as RevEmu
L 12/16/2019 - 14:45:41: "Fullserver<16><STEAM_1:1:2034104840><>" connected, address "185.175.33.177:27005"
L 12/16/2019 - 14:45:54: "Fullserver<16><STEAM_1:1:2034104840><>" entered the game
L 12/16/2019 - 14:45:59: "Fullserver<16><STEAM_1:1:2034104840><>" joined team "TERRORIST"
L 12/16/2019 - 14:46:44: "Fullserver<16><STEAM_1:1:2034104840><TERRORIST>" committed suicide with "world"
L 12/16/2019 - 14:46:44: World triggered "Round_Draw" (CT "9") (T "4")
L 12/16/2019 - 14:46:44: World triggered "Round_End"
L 12/16/2019 - 14:46:50: World triggered "Round_Start"
L 12/16/2019 - 14:48:05: "Fullserver<16><STEAM_1:1:2034104840><TERRORIST>" committed suicide with "world"
L 12/16/2019 - 14:48:05: World triggered "Round_Draw" (CT "9") (T "4")
L 12/16/2019 - 14:48:05: World triggered "Round_End"
L 12/16/2019 - 14:48:05: "Fullserver<16><STEAM_1:1:2034104840><TERRORIST>" joined team "SPECTATOR"
L 12/16/2019 - 14:48:11: World triggered "Round_Start"
L 12/16/2019 - 14:52:24: "Fullserver<16><STEAM_1:1:2034104840><SPECTATOR>" disconnected
L 12/16/2019 - 14:52:24: World triggered "Round_Draw" (CT "9") (T "4")
L 12/16/2019 - 14:52:24: World triggered "Round_End"
L 12/16/2019 - 14:52:29: World triggered "Round_Start"
L 12/16/2019 - 14:53:54: Server cvar "mp_chattime" = "7.000000"
L 12/16/2019 - 14:53:54: Server cvar "amx_nextmap" = "big_city"
L 12/16/2019 - 14:53:54: Team "CT" scored "9" with "0" players
L 12/16/2019 - 14:53:54: Team "TERRORIST" scored "4" with "0" players
L 12/16/2019 - 14:53:59: Server cvar "mp_chattime" = "5.000000"
L 12/16/2019 - 14:53:59: [META] ini: Begin re-reading plugins list: /home/rented/public9/cstrike/addons/metamod/plugins.ini
L 12/16/2019 - 14:53:59: [META] ini: Read plugin config for: SafeNameAndChat
L 12/16/2019 - 14:53:59: [META] ini: Read plugin config for: AMX Mod X
L 12/16/2019 - 14:53:59: [META] ini: Read plugin config for: Reunion
L 12/16/2019 - 14:53:59: [META] ini: Read plugin config for: ReAuthCheck
L 12/16/2019 - 14:53:59: [META] ini: Read plugin config for: WHBlocker
L 12/16/2019 - 14:53:59: [META] ini: Read plugin config for: ReSemiclip
L 12/16/2019 - 14:53:59: [META] ini: Read plugin config for: Revoice
L 12/16/2019 - 14:53:59: [META] ini: Finished reading plugins list: /home/rented/public9/cstrike/addons/metamod/plugins.ini; Found 7 plugins
L 12/16/2019 - 14:53:59: [META] dll: Updating plugins...
L 12/16/2019 - 14:53:59: [META] WARNING: Cannot clear plugin 'SafeNameAndChat'; not marked as failed, empty, or open (status=valid)
L 12/16/2019 - 14:53:59: [META] dll: Unloaded plugin 'SafeNameAndChat' for reason 'file on disk is newer'
L 12/16/2019 - 14:53:59: [META] dll: Loaded plugin 'SafeNameAndChat': SafeNameAndChat v1.1 2017.02.01, WPMG.PRoSToC0der
L 12/16/2019 - 14:53:59: [META] WARNING: Cannot clear plugin 'WHBlocker'; not marked as failed, empty, or open (status=valid)
L 12/16/2019 - 14:53:59: [META] dll: Unloaded plugin 'WHBlocker' for reason 'file on disk is newer'
L 12/16/2019 - 14:53:59: [META] dll: Loaded plugin 'WHBlocker': WHBlocker v1.5.692 2017-04-13, s1lent
L 12/16/2019 - 14:53:59: [META] WARNING: Cannot clear plugin 'ReSemiclip'; not marked as failed, empty, or open (status=valid)
L 12/16/2019 - 14:53:59: [META] dll: Unloaded plugin 'ReSemiclip' for reason 'file on disk is newer'
L 12/16/2019 - 14:53:59: [META] dll: Loaded plugin 'ReSemiclip': ReSemiclip v2.3.9 13/02/17, s1lent & Adidasman
L 12/16/2019 - 14:53:59: [META] dll: Finished updating 14 plugins; kept 0, loaded 0, unloaded 0, reloaded 3, delayed 0
L 12/16/2019 - 14:53:59: Log file closed
