L 12/16/2019 - 22:15:35: Log file started (file "logs/L1216186.log") (game "cstrike") (version "48/1.1.2.7/Stdio/1621")
L 12/16/2019 - 22:15:35: Loading map "GM_StarWars"
L 12/16/2019 - 22:15:35: Server cvars start
L 12/16/2019 - 22:15:35: Server cvar "@BunnyHopper" = "3.x"
L 12/16/2019 - 22:15:35: Server cvar "@CRXGoSpec" = "1.1"
L 12/16/2019 - 22:15:35: Server cvar "@CRXRemoveImmunity" = "1.0"
L 12/16/2019 - 22:15:35: Server cvar "@D.I.C.E." = "1.1"
L 12/16/2019 - 22:15:35: Server cvar "@MOTDCommands" = "1.2"
L 12/16/2019 - 22:15:35: Server cvar "advanced_quake_sounds" = "5.0"
L 12/16/2019 - 22:15:35: Server cvar "AdvancedMute" = "1.0"
L 12/16/2019 - 22:15:35: Server cvar "aesp_version" = "1.3"
L 12/16/2019 - 22:15:35: Server cvar "allow_spectators" = "1.0"
L 12/16/2019 - 22:15:35: Server cvar "amx_client_languages" = "1"
L 12/16/2019 - 22:15:35: Server cvar "amx_language" = "en"
L 12/16/2019 - 22:15:35: Server cvar "amx_nextmap" = "GM_StarWars"
L 12/16/2019 - 22:15:35: Server cvar "amx_ptb_version" = "1.8b3"
L 12/16/2019 - 22:15:35: Server cvar "amx_timeleft" = "00:00"
L 12/16/2019 - 22:15:35: Server cvar "amxmodx_version" = "1.8.2"
L 12/16/2019 - 22:15:35: Server cvar "amxxbg_vip" = "1.0"
L 12/16/2019 - 22:15:35: Server cvar "asp_version" = "4.5.1"
L 12/16/2019 - 22:15:35: Server cvar "atac_version" = "3.0.1"
L 12/16/2019 - 22:15:35: Server cvar "badcamper_version" = "1.4 beta"
L 12/16/2019 - 22:15:35: Server cvar "blockmaker" = "4.01"
L 12/16/2019 - 22:15:35: Server cvar "c4 timer" = "1.1"
L 12/16/2019 - 22:15:35: Server cvar "coop" = "0"
L 12/16/2019 - 22:15:35: Server cvar "CRXAdminGroups" = "1.0"
L 12/16/2019 - 22:15:35: Server cvar "CRXCommandRestrictions" = "1.0"
L 12/16/2019 - 22:15:35: Server cvar "CRXFastKnife" = "1.0"
L 12/16/2019 - 22:15:35: Server cvar "CRXGametracker" = "2.0"
L 12/16/2019 - 22:15:35: Server cvar "CRXKnifeModels" = "2.5.7"
L 12/16/2019 - 22:15:35: Server cvar "CRXTeamAdvantage" = "1.0"
L 12/16/2019 - 22:15:35: Server cvar "CustomShop" = "4.2"
L 12/16/2019 - 22:15:35: Server cvar "deathmatch" = "1"
L 12/16/2019 - 22:15:35: Server cvar "decalfrequency" = "0"
L 12/16/2019 - 22:15:35: Server cvar "edgefriction" = "2"
L 12/16/2019 - 22:15:35: Server cvar "ers_version" = "2.3c"
L 12/16/2019 - 22:15:35: Server cvar "gagsystem_shoko" = "1.0"
L 12/16/2019 - 22:15:35: Server cvar "gal_mapcyclefile" = "mapcycle.txt"
L 12/16/2019 - 22:15:35: Server cvar "gal_version" = "v5.9.1-926"
L 12/16/2019 - 22:15:35: Server cvar "game_version" = "5.7.0.313-dev"
L 12/16/2019 - 22:15:35: Server cvar "humans_join_team" = "any"
L 12/16/2019 - 22:15:35: Server cvar "jtp10181" = "chute,gore"
L 12/16/2019 - 22:15:35: Server cvar "lawliet" = "ny_RainingSnow"
L 12/16/2019 - 22:15:35: Server cvar "LetitSnow" = "1.0"
L 12/16/2019 - 22:15:35: Server cvar "map_spawns" = "T(16) CT(16)"
L 12/16/2019 - 22:15:35: Server cvar "max_queries_sec" = "3"
L 12/16/2019 - 22:15:35: Server cvar "max_queries_sec_global" = "150"
L 12/16/2019 - 22:15:35: Server cvar "max_queries_window" = "60"
L 12/16/2019 - 22:15:35: Server cvar "mdbBans" = "4.8"
L 12/16/2019 - 22:15:35: Server cvar "metamod_version" = "1.21p37"
L 12/16/2019 - 22:15:35: Server cvar "mp_autokick" = "0"
L 12/16/2019 - 22:15:35: Server cvar "mp_autokick_timeout" = "-1"
L 12/16/2019 - 22:15:35: Server cvar "mp_autoteambalance" = "0"
L 12/16/2019 - 22:15:35: Server cvar "mp_buytime" = "0.25"
L 12/16/2019 - 22:15:35: Server cvar "mp_c4timer" = "35"
L 12/16/2019 - 22:15:35: Server cvar "mp_chattime" = "10"
L 12/16/2019 - 22:15:35: Server cvar "mp_consistency" = "1"
L 12/16/2019 - 22:15:35: Server cvar "mp_fadetoblack" = "0"
L 12/16/2019 - 22:15:35: Server cvar "mp_flashlight" = "1"
L 12/16/2019 - 22:15:35: Server cvar "mp_footsteps" = "1"
L 12/16/2019 - 22:15:35: Server cvar "mp_forcecamera" = "0"
L 12/16/2019 - 22:15:35: Server cvar "mp_forcechasecam" = "0"
L 12/16/2019 - 22:15:35: Server cvar "mp_forcerespawn" = "0"
L 12/16/2019 - 22:15:35: Server cvar "mp_fraglimit" = "0"
L 12/16/2019 - 22:15:35: Server cvar "mp_fragsleft" = "0"
L 12/16/2019 - 22:15:35: Server cvar "mp_freeforall" = "0"
L 12/16/2019 - 22:15:35: Server cvar "mp_freezetime" = "1"
L 12/16/2019 - 22:15:35: Server cvar "mp_friendlyfire" = "0"
L 12/16/2019 - 22:15:35: Server cvar "mp_hostage_hurtable" = "1"
L 12/16/2019 - 22:15:35: Server cvar "mp_hostagepenalty" = "0"
L 12/16/2019 - 22:15:35: Server cvar "mp_item_staytime" = "300"
L 12/16/2019 - 22:15:35: Server cvar "mp_kickpercent" = "0.66"
L 12/16/2019 - 22:15:35: Server cvar "mp_legacy_bombtarget_touch" = "1"
L 12/16/2019 - 22:15:35: Server cvar "mp_limitteams" = "0"
L 12/16/2019 - 22:15:35: Server cvar "mp_logdetail" = "0"
L 12/16/2019 - 22:15:35: Server cvar "mp_logfile" = "1"
L 12/16/2019 - 22:15:35: Server cvar "mp_logmessages" = "1"
L 12/16/2019 - 22:15:35: Server cvar "mp_mapvoteratio" = "0.66"
L 12/16/2019 - 22:15:35: Server cvar "mp_maxmoney" = "999999"
L 12/16/2019 - 22:15:35: Server cvar "mp_maxrounds" = "0"
L 12/16/2019 - 22:15:35: Server cvar "mp_mirrordamage" = "0"
L 12/16/2019 - 22:15:35: Server cvar "mp_old_bomb_defused_sound" = "1"
L 12/16/2019 - 22:15:35: Server cvar "mp_playerid" = "0"
L 12/16/2019 - 22:15:35: Server cvar "mp_respawn_immunitytime" = "0"
L 12/16/2019 - 22:15:35: Server cvar "mp_round_infinite" = "0"
L 12/16/2019 - 22:15:35: Server cvar "mp_round_restart_delay" = "5"
L 12/16/2019 - 22:15:35: Server cvar "mp_roundover" = "0"
L 12/16/2019 - 22:15:35: Server cvar "mp_roundtime" = "2.3"
L 12/16/2019 - 22:15:35: Server cvar "mp_show_radioicon" = "1"
L 12/16/2019 - 22:15:35: Server cvar "mp_startmoney" = "850"
L 12/16/2019 - 22:15:35: Server cvar "mp_timeleft" = "00:00"
L 12/16/2019 - 22:15:35: Server cvar "mp_timelimit" = "20.000000"
L 12/16/2019 - 22:15:35: Server cvar "mp_tkpunish" = "0"
L 12/16/2019 - 22:15:35: Server cvar "mp_windifference" = "1"
L 12/16/2019 - 22:15:35: Server cvar "mp_winlimit" = "0"
L 12/16/2019 - 22:15:35: Server cvar "NoWeaponsOnGround" = "1.0"
L 12/16/2019 - 22:15:35: Server cvar "pausable" = "0"
L 12/16/2019 - 22:15:35: Server cvar "present_version" = "2.01"
L 12/16/2019 - 22:15:35: Server cvar "RandomHP" = "2.2"
L 12/16/2019 - 22:15:35: Server cvar "reauthcheck_version" = "0.1.6"
L 12/16/2019 - 22:15:35: Server cvar "reconnect_features" = "0.3.1"
L 12/16/2019 - 22:15:35: Server cvar "report_system_version" = "3.1"
L 12/16/2019 - 22:15:35: Server cvar "resemiclip_version" = "2.3.9"
L 12/16/2019 - 22:15:35: Server cvar "reu_version" = "0.1.0.130"
L 12/16/2019 - 22:15:35: Server cvar "revoice_version" = "0.1.0.30"
L 12/16/2019 - 22:15:35: Server cvar "RRWM" = "2.0"
L 12/16/2019 - 22:15:35: Server cvar "sanksounds_version" = "1.8.6"
L 12/16/2019 - 22:15:35: Server cvar "SimpleMenu" = "1.1"
L 12/16/2019 - 22:15:35: Server cvar "SNAC_Version" = "1.1"
L 12/16/2019 - 22:15:35: Server cvar "SpecList" = "1.2a"
L 12/16/2019 - 22:15:35: Server cvar "sr_version" = "1.6"
L 12/16/2019 - 22:15:35: Server cvar "statsx_shell_ver" = "2.0.0 (BETA)"
L 12/16/2019 - 22:15:35: Server cvar "StyleC4Timer" = "2.1"
L 12/16/2019 - 22:15:35: Server cvar "sv_accelerate" = "5"
L 12/16/2019 - 22:15:35: Server cvar "sv_aim" = "1"
L 12/16/2019 - 22:15:35: Server cvar "sv_airaccelerate" = "100"
L 12/16/2019 - 22:15:35: Server cvar "sv_allowupload" = "1"
L 12/16/2019 - 22:15:35: Server cvar "sv_alltalk" = "1"
L 12/16/2019 - 22:15:35: Server cvar "sv_bounce" = "1"
L 12/16/2019 - 22:15:35: Server cvar "sv_cheats" = "0"
L 12/16/2019 - 22:15:35: Server cvar "sv_clienttrace" = "1"
L 12/16/2019 - 22:15:35: Server cvar "sv_contact" = "feruchio599@gmail.com"
L 12/16/2019 - 22:15:35: Server cvar "sv_friction" = "4"
L 12/16/2019 - 22:15:35: Server cvar "sv_gravity" = "800"
L 12/16/2019 - 22:15:35: Server cvar "sv_logblocks" = "0"
L 12/16/2019 - 22:15:35: Server cvar "sv_maxrate" = "50000"
L 12/16/2019 - 22:15:35: Server cvar "sv_maxspeed" = "900.000000"
L 12/16/2019 - 22:15:35: Server cvar "sv_minrate" = "10000"
L 12/16/2019 - 22:15:35: Server cvar "sv_password" = ""
L 12/16/2019 - 22:15:35: Server cvar "sv_proxies" = "1"
L 12/16/2019 - 22:15:35: Server cvar "sv_restart" = "0"
L 12/16/2019 - 22:15:35: Server cvar "sv_restartround" = "0"
L 12/16/2019 - 22:15:35: Server cvar "sv_stepsize" = "18"
L 12/16/2019 - 22:15:35: Server cvar "sv_stopspeed" = "75"
L 12/16/2019 - 22:15:35: Server cvar "sv_uploadmax" = "0.5"
L 12/16/2019 - 22:15:35: Server cvar "sv_version" = "1.1.2.7/Stdio,48,1621"
L 12/16/2019 - 22:15:35: Server cvar "sv_voiceenable" = "1"
L 12/16/2019 - 22:15:35: Server cvar "sv_wateraccelerate" = "10"
L 12/16/2019 - 22:15:35: Server cvar "sv_waterfriction" = "1"
L 12/16/2019 - 22:15:35: Server cvar "Team_Semiclip_version" = "3.3.1"
L 12/16/2019 - 22:15:35: Server cvar "vehicle_real_killer" = "1.1"
L 12/16/2019 - 22:15:35: Server cvar "WalkGuard" = "1.3.2"
L 12/16/2019 - 22:15:35: Server cvar "we_grenades" = "Huehue"
L 12/16/2019 - 22:15:35: Server cvar "we_player_models" = "Huehue"
L 12/16/2019 - 22:15:35: Server cvar "whb_version" = "1.5.692"
L 12/16/2019 - 22:15:35: Server cvar "zp_jp_version" = "Extra Item Jetpack+Bazooka v3.2"
L 12/16/2019 - 22:15:35: Server cvars end
L 12/16/2019 - 22:15:37: Server cvar "sv_maxspeed" = "900"
L 12/16/2019 - 22:15:37: Server cvar "mp_autoteambalance" = "1"
L 12/16/2019 - 22:15:37: Server cvar "mp_timelimit" = "20"
L 12/16/2019 - 22:15:38: Server cvar "mp_autoteambalance" = "0"
L 12/16/2019 - 22:15:38: Server cvar "amx_nextmap" = "[not yet voted on]"
L 12/16/2019 - 22:15:39: Started map "GM_StarWars" (CRC "1861694934")
L 12/16/2019 - 22:15:41: World triggered "Round_Start"
L 12/16/2019 - 22:15:43: "Ghostface<29><VALVE_ID_LAN><>" entered the game
L 12/16/2019 - 22:15:44: "Ghostface<29><VALVE_ID_LAN><>" joined team "CT"
L 12/16/2019 - 22:16:02: [REUNION]: ILIQ 81 (91.92.85.88) authorized as RevEmu
L 12/16/2019 - 22:16:02: "ILIQ 81<32><STEAM_1:0:1467772704><>" connected, address "91.92.85.88:27005"
L 12/16/2019 - 22:16:02: [REUNION]: Vichi THE amale (77.76.188.199) authorized as RevEmu
L 12/16/2019 - 22:16:02: "Vichi THE amale<33><STEAM_1:0:2124732892><>" connected, address "77.76.188.199:27005"
L 12/16/2019 - 22:16:03: [REUNION]: MARTI (188.26.197.64) authorized as RevEmu
L 12/16/2019 - 22:16:03: "MARTI<34><STEAM_1:0:1064418867><>" connected, address "188.26.197.64:27005"
L 12/16/2019 - 22:16:22: "Ghostface<29><VALVE_ID_LAN><CT>" committed suicide with "worldspawn" (world)
L 12/16/2019 - 22:16:22: World triggered "Round_Draw" (CT "0") (T "0")
L 12/16/2019 - 22:16:22: World triggered "Round_End"
L 12/16/2019 - 22:16:28: World triggered "Round_Start"
L 12/16/2019 - 22:18:46: "Ghostface<29><VALVE_ID_LAN><CT>" committed suicide with "world"
L 12/16/2019 - 22:18:46: World triggered "Round_Draw" (CT "0") (T "0")
L 12/16/2019 - 22:18:46: World triggered "Round_End"
L 12/16/2019 - 22:18:48: "ILIQ 81<32><STEAM_1:0:1467772704><>" entered the game
L 12/16/2019 - 22:18:52: World triggered "Round_Start"
L 12/16/2019 - 22:18:53: "ILIQ 81<32><STEAM_1:0:1467772704><>" joined team "TERRORIST"
L 12/16/2019 - 22:18:55: World triggered "Game_Commencing"
L 12/16/2019 - 22:18:55: World triggered "Game_Commencing" (CT "0") (T "0")
L 12/16/2019 - 22:18:55: World triggered "Round_End"
L 12/16/2019 - 22:18:59: World triggered "Round_Start"
L 12/16/2019 - 22:19:28: "Ghostface<29><VALVE_ID_LAN><CT>" killed "ILIQ 81<32><STEAM_1:0:1467772704><TERRORIST>" with "sg550"
L 12/16/2019 - 22:19:28: Team "CT" triggered "CTs_Win" (CT "1") (T "0")
L 12/16/2019 - 22:19:28: World triggered "Round_End"
L 12/16/2019 - 22:19:34: World triggered "Round_Start"
L 12/16/2019 - 22:19:34: [REUNION]: plamen (77.85.246.51) authorized as RevEmu
L 12/16/2019 - 22:19:34: "plamen<35><STEAM_1:1:876199173><>" connected, address "77.85.246.51:27005"
L 12/16/2019 - 22:19:58: [REUNION]: plamen (77.85.246.51) authorized as RevEmu
L 12/16/2019 - 22:19:58: "plamen<36><STEAM_1:1:876199173><>" connected, address "77.85.246.51:27005"
L 12/16/2019 - 22:20:23: "ILIQ 81<32><STEAM_1:0:1467772704><TERRORIST>" killed "Ghostface<29><VALVE_ID_LAN><CT>" with "deagle"
L 12/16/2019 - 22:20:23: Team "TERRORIST" triggered "Terrorists_Win" (CT "1") (T "1")
L 12/16/2019 - 22:20:23: World triggered "Round_End"
L 12/16/2019 - 22:20:29: World triggered "Round_Start"
L 12/16/2019 - 22:21:23: "Ghostface<29><VALVE_ID_LAN><CT>" committed suicide with "world"
L 12/16/2019 - 22:21:23: Team "TERRORIST" triggered "Terrorists_Win" (CT "1") (T "2")
L 12/16/2019 - 22:21:23: World triggered "Round_End"
L 12/16/2019 - 22:21:28: "Ghostface<29><VALVE_ID_LAN><CT>" disconnected
L 12/16/2019 - 22:21:29: World triggered "Round_Start"
L 12/16/2019 - 22:21:31: "MARTI<34><STEAM_1:0:1064418867><>" entered the game
L 12/16/2019 - 22:21:34: "MARTI<34><STEAM_1:0:1064418867><>" joined team "TERRORIST"
L 12/16/2019 - 22:22:12: "maliN in da house $$<37><STEAM_0:0:442520756><>" connected, address "85.118.79.168:4792"
L 12/16/2019 - 22:22:47: "MARTI<34><STEAM_1:0:1064418867><TERRORIST>" committed suicide with "world"
L 12/16/2019 - 22:22:47: "MARTI<34><STEAM_1:0:1064418867><TERRORIST>" joined team "CT"
L 12/16/2019 - 22:22:47: World triggered "Game_Commencing"
L 12/16/2019 - 22:22:47: World triggered "Game_Commencing" (CT "1") (T "2")
L 12/16/2019 - 22:22:47: World triggered "Round_End"
L 12/16/2019 - 22:22:51: World triggered "Round_Start"
L 12/16/2019 - 22:23:17: "MARTI<34><STEAM_1:0:1064418867><CT>" killed "ILIQ 81<32><STEAM_1:0:1467772704><TERRORIST>" with "deagle"
L 12/16/2019 - 22:23:17: Team "CT" triggered "CTs_Win" (CT "1") (T "0")
L 12/16/2019 - 22:23:17: World triggered "Round_End"
L 12/16/2019 - 22:23:23: World triggered "Round_Start"
L 12/16/2019 - 22:24:10: "ILIQ 81<32><STEAM_1:0:1467772704><TERRORIST>" committed suicide with "worldspawn" (world)
L 12/16/2019 - 22:24:10: Team "CT" triggered "CTs_Win" (CT "2") (T "0")
L 12/16/2019 - 22:24:10: World triggered "Round_End"
L 12/16/2019 - 22:24:12: [REUNION]: BoMBerMan (109.120.250.191) authorized as RevEmu
L 12/16/2019 - 22:24:12: "BoMBerMan<38><STEAM_2:0:1639119794><>" connected, address "109.120.250.191:27005"
L 12/16/2019 - 22:24:16: World triggered "Round_Start"
L 12/16/2019 - 22:24:40: [REUNION]: BoMBerMan (109.120.250.191) authorized as RevEmu
L 12/16/2019 - 22:24:40: "BoMBerMan<39><STEAM_2:0:1639119794><>" connected, address "109.120.250.191:27005"
L 12/16/2019 - 22:24:47: "BoMBerMan<39><STEAM_2:0:1639119794><>" entered the game
L 12/16/2019 - 22:24:55: "MARTI<34><STEAM_1:0:1064418867><CT>" killed "ILIQ 81<32><STEAM_1:0:1467772704><TERRORIST>" with "sg552"
L 12/16/2019 - 22:24:55: Team "CT" triggered "CTs_Win" (CT "3") (T "0")
L 12/16/2019 - 22:24:55: World triggered "Round_End"
L 12/16/2019 - 22:25:01: World triggered "Round_Start"
L 12/16/2019 - 22:25:36: "BoMBerMan<39><STEAM_2:0:1639119794><>" disconnected
L 12/16/2019 - 22:25:38: "MARTI<34><STEAM_1:0:1064418867><CT>" killed "ILIQ 81<32><STEAM_1:0:1467772704><TERRORIST>" with "sg552"
L 12/16/2019 - 22:25:38: Team "CT" triggered "CTs_Win" (CT "4") (T "0")
L 12/16/2019 - 22:25:38: World triggered "Round_End"
L 12/16/2019 - 22:25:44: World triggered "Round_Start"
L 12/16/2019 - 22:26:29: "ILIQ 81<32><STEAM_1:0:1467772704><TERRORIST>" killed "MARTI<34><STEAM_1:0:1064418867><CT>" with "awp"
L 12/16/2019 - 22:26:29: Team "TERRORIST" triggered "Terrorists_Win" (CT "4") (T "1")
L 12/16/2019 - 22:26:29: World triggered "Round_End"
L 12/16/2019 - 22:26:35: World triggered "Round_Start"
L 12/16/2019 - 22:27:50: "ILIQ 81<32><STEAM_1:0:1467772704><TERRORIST>" killed "MARTI<34><STEAM_1:0:1064418867><CT>" with "famas"
L 12/16/2019 - 22:27:50: Team "TERRORIST" triggered "Terrorists_Win" (CT "4") (T "2")
L 12/16/2019 - 22:27:50: World triggered "Round_End"
L 12/16/2019 - 22:27:50: [REUNION]: sake (178.236.86.52) authorized as RevEmu
L 12/16/2019 - 22:27:50: "sake<40><STEAM_1:0:1906787367><>" connected, address "178.236.86.52:27005"
L 12/16/2019 - 22:27:55: [REUNION]: sake (178.236.86.52) authorized as RevEmu
L 12/16/2019 - 22:27:55: "sake<41><STEAM_1:0:1906787367><>" connected, address "178.236.86.52:27005"
L 12/16/2019 - 22:27:56: World triggered "Round_Start"
L 12/16/2019 - 22:28:04: "sake<41><STEAM_1:0:1906787367><>" entered the game
L 12/16/2019 - 22:28:08: "sake<41><STEAM_1:0:1906787367><>" joined team "TERRORIST"
L 12/16/2019 - 22:28:37: "MARTI<34><STEAM_1:0:1064418867><CT>" killed "sake<41><STEAM_1:0:1906787367><TERRORIST>" with "deagle"
L 12/16/2019 - 22:28:40: "ILIQ 81<32><STEAM_1:0:1467772704><TERRORIST>" killed "MARTI<34><STEAM_1:0:1064418867><CT>" with "awp"
L 12/16/2019 - 22:28:40: Team "TERRORIST" triggered "Terrorists_Win" (CT "4") (T "3")
L 12/16/2019 - 22:28:40: World triggered "Round_End"
L 12/16/2019 - 22:28:46: World triggered "Round_Start"
L 12/16/2019 - 22:28:48: "ILIQ 81<32><STEAM_1:0:1467772704><TERRORIST>" committed suicide with "world"
L 12/16/2019 - 22:28:48: "ILIQ 81<32><STEAM_1:0:1467772704><TERRORIST>" joined team "CT"
L 12/16/2019 - 22:28:56: "sake<41><STEAM_1:0:1906787367><TERRORIST>" committed suicide with "world"
L 12/16/2019 - 22:28:56: "sake<41><STEAM_1:0:1906787367><TERRORIST>" joined team "CT"
L 12/16/2019 - 22:29:11: "MARTI<34><STEAM_1:0:1064418867><CT>" committed suicide with "world"
L 12/16/2019 - 22:29:11: World triggered "Round_Draw" (CT "4") (T "3")
L 12/16/2019 - 22:29:11: World triggered "Round_End"
L 12/16/2019 - 22:29:11: "MARTI<34><STEAM_1:0:1064418867><CT>" joined team "TERRORIST"
L 12/16/2019 - 22:29:17: World triggered "Round_Start"
L 12/16/2019 - 22:29:21: [REUNION]: zili mi ruka (93.86.100.21) authorized as RevEmu
L 12/16/2019 - 22:29:21: "zili mi ruka<42><STEAM_1:0:777369825><>" connected, address "93.86.100.21:27005"
L 12/16/2019 - 22:29:33: [REUNION]: zili mi ruka (93.86.100.21) authorized as RevEmu
L 12/16/2019 - 22:29:33: "zili mi ruka<43><STEAM_1:0:777369825><>" connected, address "93.86.100.21:27005"
L 12/16/2019 - 22:29:38: "MARTI<34><STEAM_1:0:1064418867><TERRORIST>" killed "ILIQ 81<32><STEAM_1:0:1467772704><CT>" with "deagle"
L 12/16/2019 - 22:29:38: World triggered "Game_Commencing"
L 12/16/2019 - 22:29:38: World triggered "Game_Commencing" (CT "4") (T "3")
L 12/16/2019 - 22:29:38: World triggered "Round_End"
L 12/16/2019 - 22:29:39: "zili mi ruka<43><STEAM_1:0:777369825><>" entered the game
L 12/16/2019 - 22:29:42: "zili mi ruka<43><STEAM_1:0:777369825><>" joined team "TERRORIST"
L 12/16/2019 - 22:29:42: World triggered "Round_Start"
L 12/16/2019 - 22:29:57: "ILIQ 81<32><STEAM_1:0:1467772704><CT>" committed suicide with "world"
L 12/16/2019 - 22:29:57: "ILIQ 81<32><STEAM_1:0:1467772704><CT>" joined team "TERRORIST"
L 12/16/2019 - 22:30:10: "MARTI<34><STEAM_1:0:1064418867><TERRORIST>" killed "sake<41><STEAM_1:0:1906787367><CT>" with "deagle"
L 12/16/2019 - 22:30:10: Team "TERRORIST" triggered "Terrorists_Win" (CT "0") (T "1")
L 12/16/2019 - 22:30:10: World triggered "Round_End"
L 12/16/2019 - 22:30:15: [REUNION]: turbo. (77.77.166.176) authorized as RevEmu
L 12/16/2019 - 22:30:15: "turbo.<44><STEAM_2:1:24722080><>" connected, address "77.77.166.176:27005"
L 12/16/2019 - 22:30:16: World triggered "Round_Start"
L 12/16/2019 - 22:30:28: "turbo.<44><STEAM_2:1:24722080><>" entered the game
L 12/16/2019 - 22:30:30: "turbo.<44><STEAM_2:1:24722080><>" joined team "CT"
L 12/16/2019 - 22:30:31: "sake<41><STEAM_1:0:1906787367><CT>" committed suicide with "world"
L 12/16/2019 - 22:30:31: "sake<41><STEAM_1:0:1906787367><CT>" joined team "SPECTATOR"
L 12/16/2019 - 22:30:40: "turbo.<44><STEAM_2:1:24722080><CT>" killed "ILIQ 81<32><STEAM_1:0:1467772704><TERRORIST>" with "deagle"
L 12/16/2019 - 22:31:19: "sake<41><STEAM_1:0:1906787367><SPECTATOR>" disconnected
L 12/16/2019 - 22:31:37: "turbo.<44><STEAM_2:1:24722080><CT>" killed "MARTI<34><STEAM_1:0:1064418867><TERRORIST>" with "deagle"
L 12/16/2019 - 22:31:57: "turbo.<44><STEAM_2:1:24722080><CT>" killed "zili mi ruka<43><STEAM_1:0:777369825><TERRORIST>" with "deagle"
L 12/16/2019 - 22:31:57: Team "CT" triggered "CTs_Win" (CT "1") (T "1")
L 12/16/2019 - 22:31:57: World triggered "Round_End"
L 12/16/2019 - 22:32:03: World triggered "Round_Start"
L 12/16/2019 - 22:32:30: "turbo.<44><STEAM_2:1:24722080><CT>" killed "ILIQ 81<32><STEAM_1:0:1467772704><TERRORIST>" with "tracktrain"
L 12/16/2019 - 22:32:45: "zili mi ruka<43><STEAM_1:0:777369825><TERRORIST>" killed "turbo.<44><STEAM_2:1:24722080><CT>" with "famas"
L 12/16/2019 - 22:32:45: Team "TERRORIST" triggered "Terrorists_Win" (CT "1") (T "2")
L 12/16/2019 - 22:32:45: World triggered "Round_End"
L 12/16/2019 - 22:32:51: World triggered "Round_Start"
L 12/16/2019 - 22:33:11: "ILIQ 81<32><STEAM_1:0:1467772704><TERRORIST>" killed "turbo.<44><STEAM_2:1:24722080><CT>" with "awp"
L 12/16/2019 - 22:33:11: Team "TERRORIST" triggered "Terrorists_Win" (CT "1") (T "3")
L 12/16/2019 - 22:33:11: World triggered "Round_End"
L 12/16/2019 - 22:33:16: "MARTI<34><STEAM_1:0:1064418867><TERRORIST>" joined team "CT"
L 12/16/2019 - 22:33:16: "<><><>" triggered "amx_chat" (text "[PTB] Transfered MARTI to CT")
L 12/16/2019 - 22:33:17: World triggered "Round_Start"
L 12/16/2019 - 22:33:40: "zili mi ruka<43><STEAM_1:0:777369825><TERRORIST>" killed "MARTI<34><STEAM_1:0:1064418867><CT>" with "deagle"
L 12/16/2019 - 22:34:54: "turbo.<44><STEAM_2:1:24722080><CT>" committed suicide with "world"
L 12/16/2019 - 22:34:54: Team "TERRORIST" triggered "Terrorists_Win" (CT "1") (T "4")
L 12/16/2019 - 22:34:54: World triggered "Round_End"
L 12/16/2019 - 22:35:00: World triggered "Round_Start"
L 12/16/2019 - 22:35:04: "ILIQ 81<32><STEAM_1:0:1467772704><TERRORIST>" committed suicide with "world"
L 12/16/2019 - 22:35:04: "ILIQ 81<32><STEAM_1:0:1467772704><TERRORIST>" joined team "CT"
L 12/16/2019 - 22:35:17: [REUNION]: PYSTINQK OT VRACA 121 BLOK (46.229.197.150) authorized as RevEmu
L 12/16/2019 - 22:35:17: "PYSTINQK OT VRACA 121 BLOK<45><STEAM_2:1:1203573394><>" connected, address "46.229.197.150:27005"
L 12/16/2019 - 22:35:40: [REUNION]: PYSTINQK OT VRACA 121 BLOK (46.229.197.150) authorized as RevEmu
L 12/16/2019 - 22:35:40: "PYSTINQK OT VRACA 121 BLOK<46><STEAM_2:1:1203573394><>" connected, address "46.229.197.150:27005"
L 12/16/2019 - 22:35:40: "zili mi ruka<43><STEAM_1:0:777369825><TERRORIST>" killed "turbo.<44><STEAM_2:1:24722080><CT>" with "famas"
L 12/16/2019 - 22:35:43: "turbo.<44><STEAM_2:1:24722080><CT>" joined team "TERRORIST"
L 12/16/2019 - 22:36:13: "zili mi ruka<43><STEAM_1:0:777369825><TERRORIST>" committed suicide with "worldspawn" (world)
L 12/16/2019 - 22:36:13: Team "CT" triggered "CTs_Win" (CT "2") (T "4")
L 12/16/2019 - 22:36:13: World triggered "Round_End"
L 12/16/2019 - 22:36:18: "zili mi ruka<43><STEAM_1:0:777369825><TERRORIST>" joined team "CT"
L 12/16/2019 - 22:36:18: "<><><>" triggered "amx_chat" (text "[PTB] Transfered zili mi ruka to CT")
L 12/16/2019 - 22:36:19: World triggered "Round_Start"
L 12/16/2019 - 22:36:44: "turbo.<44><STEAM_2:1:24722080><TERRORIST>" killed "MARTI<34><STEAM_1:0:1064418867><CT>" with "deagle"
L 12/16/2019 - 22:37:02: "turbo.<44><STEAM_2:1:24722080><TERRORIST>" killed "ILIQ 81<32><STEAM_1:0:1467772704><CT>" with "glock18"
L 12/16/2019 - 22:37:13: "zili mi ruka<43><STEAM_1:0:777369825><CT>" killed "turbo.<44><STEAM_2:1:24722080><TERRORIST>" with "famas"
L 12/16/2019 - 22:37:13: Team "CT" triggered "CTs_Win" (CT "3") (T "4")
L 12/16/2019 - 22:37:13: World triggered "Round_End"
L 12/16/2019 - 22:37:18: "MARTI<34><STEAM_1:0:1064418867><CT>" joined team "TERRORIST"
L 12/16/2019 - 22:37:18: "<><><>" triggered "amx_chat" (text "[PTB] Transfered MARTI to TERRORIST")
L 12/16/2019 - 22:37:19: World triggered "Round_Start"
L 12/16/2019 - 22:37:44: "zili mi ruka<43><STEAM_1:0:777369825><CT>" killed "turbo.<44><STEAM_2:1:24722080><TERRORIST>" with "m3"
L 12/16/2019 - 22:37:55: "MARTI<34><STEAM_1:0:1064418867><TERRORIST>" killed "ILIQ 81<32><STEAM_1:0:1467772704><CT>" with "m3"
L 12/16/2019 - 22:38:21: "MARTI<34><STEAM_1:0:1064418867><TERRORIST>" killed "zili mi ruka<43><STEAM_1:0:777369825><CT>" with "m3"
L 12/16/2019 - 22:38:21: Team "TERRORIST" triggered "Terrorists_Win" (CT "3") (T "5")
L 12/16/2019 - 22:38:21: World triggered "Round_End"
L 12/16/2019 - 22:38:27: World triggered "Round_Start"
L 12/16/2019 - 22:38:44: "zili mi ruka<43><STEAM_1:0:777369825><CT>" killed "MARTI<34><STEAM_1:0:1064418867><TERRORIST>" with "aug"
L 12/16/2019 - 22:39:01: "zili mi ruka<43><STEAM_1:0:777369825><CT>" killed "turbo.<44><STEAM_2:1:24722080><TERRORIST>" with "aug"
L 12/16/2019 - 22:39:01: Team "CT" triggered "CTs_Win" (CT "4") (T "5")
L 12/16/2019 - 22:39:01: World triggered "Round_End"
L 12/16/2019 - 22:39:07: World triggered "Round_Start"
L 12/16/2019 - 22:39:25: "ILIQ 81<32><STEAM_1:0:1467772704><CT>" killed "MARTI<34><STEAM_1:0:1064418867><TERRORIST>" with "awp"
L 12/16/2019 - 22:39:47: "zili mi ruka<43><STEAM_1:0:777369825><CT>" killed "turbo.<44><STEAM_2:1:24722080><TERRORIST>" with "aug"
L 12/16/2019 - 22:39:47: Team "CT" triggered "CTs_Win" (CT "5") (T "5")
L 12/16/2019 - 22:39:47: World triggered "Round_End"
L 12/16/2019 - 22:39:52: "ILIQ 81<32><STEAM_1:0:1467772704><CT>" joined team "TERRORIST"
L 12/16/2019 - 22:39:52: "<><><>" triggered "amx_chat" (text "[PTB] Transfered ILIQ 81 to TERRORIST")
L 12/16/2019 - 22:39:53: World triggered "Round_Start"
L 12/16/2019 - 22:40:00: "ILIQ 81<32><STEAM_1:0:1467772704><TERRORIST>" committed suicide with "world"
L 12/16/2019 - 22:40:00: "ILIQ 81<32><STEAM_1:0:1467772704><TERRORIST>" joined team "CT"
L 12/16/2019 - 22:40:43: "turbo.<44><STEAM_2:1:24722080><TERRORIST>" killed "zili mi ruka<43><STEAM_1:0:777369825><CT>" with "g3sg1"
L 12/16/2019 - 22:40:43: Team "TERRORIST" triggered "Terrorists_Win" (CT "5") (T "6")
L 12/16/2019 - 22:40:43: World triggered "Round_End"
L 12/16/2019 - 22:40:49: World triggered "Round_Start"
L 12/16/2019 - 22:40:50: "ILIQ 81<32><STEAM_1:0:1467772704><CT>" committed suicide with "world"
L 12/16/2019 - 22:40:50: "ILIQ 81<32><STEAM_1:0:1467772704><CT>" joined team "TERRORIST"
L 12/16/2019 - 22:41:15: "zili mi ruka<43><STEAM_1:0:777369825><CT>" killed "turbo.<44><STEAM_2:1:24722080><TERRORIST>" with "sg552"
L 12/16/2019 - 22:41:21: "turbo.<44><STEAM_2:1:24722080><TERRORIST>" joined team "CT"
L 12/16/2019 - 22:41:26: "MARTI<34><STEAM_1:0:1064418867><TERRORIST>" killed "zili mi ruka<43><STEAM_1:0:777369825><CT>" with "sg552"
L 12/16/2019 - 22:41:26: Team "TERRORIST" triggered "Terrorists_Win" (CT "5") (T "7")
L 12/16/2019 - 22:41:26: World triggered "Round_End"
L 12/16/2019 - 22:41:32: World triggered "Round_Start"
L 12/16/2019 - 22:41:48: "zili mi ruka<43><STEAM_1:0:777369825><CT>" killed "MARTI<34><STEAM_1:0:1064418867><TERRORIST>" with "awp"
L 12/16/2019 - 22:42:15: "ILIQ 81<32><STEAM_1:0:1467772704><TERRORIST>" killed "turbo.<44><STEAM_2:1:24722080><CT>" with "g3sg1"
L 12/16/2019 - 22:42:20: "zili mi ruka<43><STEAM_1:0:777369825><CT>" killed "ILIQ 81<32><STEAM_1:0:1467772704><TERRORIST>" with "awp"
L 12/16/2019 - 22:42:20: Team "CT" triggered "CTs_Win" (CT "6") (T "7")
L 12/16/2019 - 22:42:20: World triggered "Round_End"
L 12/16/2019 - 22:42:26: World triggered "Round_Start"
L 12/16/2019 - 22:42:45: "ILIQ 81<32><STEAM_1:0:1467772704><TERRORIST>" killed "turbo.<44><STEAM_2:1:24722080><CT>" with "awp"
L 12/16/2019 - 22:42:57: "zili mi ruka<43><STEAM_1:0:777369825><CT>" killed "ILIQ 81<32><STEAM_1:0:1467772704><TERRORIST>" with "awp"
L 12/16/2019 - 22:43:00: "zili mi ruka<43><STEAM_1:0:777369825><CT>" killed "MARTI<34><STEAM_1:0:1064418867><TERRORIST>" with "awp"
L 12/16/2019 - 22:43:00: Team "CT" triggered "CTs_Win" (CT "7") (T "7")
L 12/16/2019 - 22:43:00: World triggered "Round_End"
L 12/16/2019 - 22:43:06: World triggered "Round_Start"
L 12/16/2019 - 22:43:49: "ILIQ 81<32><STEAM_1:0:1467772704><TERRORIST>" killed "turbo.<44><STEAM_2:1:24722080><CT>" with "knife"
L 12/16/2019 - 22:43:50: "MARTI<34><STEAM_1:0:1064418867><TERRORIST>" killed "zili mi ruka<43><STEAM_1:0:777369825><CT>" with "knife"
L 12/16/2019 - 22:43:50: Team "TERRORIST" triggered "Terrorists_Win" (CT "7") (T "8")
L 12/16/2019 - 22:43:50: World triggered "Round_End"
L 12/16/2019 - 22:43:56: World triggered "Round_Start"
L 12/16/2019 - 22:44:31: "zili mi ruka<43><STEAM_1:0:777369825><CT>" killed "ILIQ 81<32><STEAM_1:0:1467772704><TERRORIST>" with "m249"
L 12/16/2019 - 22:44:46: "zili mi ruka<43><STEAM_1:0:777369825><CT>" killed "MARTI<34><STEAM_1:0:1064418867><TERRORIST>" with "tracktrain"
L 12/16/2019 - 22:44:46: Team "CT" triggered "CTs_Win" (CT "8") (T "8")
L 12/16/2019 - 22:44:46: World triggered "Round_End"
L 12/16/2019 - 22:44:52: World triggered "Round_Start"
L 12/16/2019 - 22:45:06: "zili mi ruka<43><STEAM_1:0:777369825><CT>" killed "MARTI<34><STEAM_1:0:1064418867><TERRORIST>" with "m249"
L 12/16/2019 - 22:45:11: "zili mi ruka<43><STEAM_1:0:777369825><CT>" killed "ILIQ 81<32><STEAM_1:0:1467772704><TERRORIST>" with "m249"
L 12/16/2019 - 22:45:11: Team "CT" triggered "CTs_Win" (CT "9") (T "8")
L 12/16/2019 - 22:45:11: World triggered "Round_End"
L 12/16/2019 - 22:45:16: "turbo.<44><STEAM_2:1:24722080><CT>" joined team "TERRORIST"
L 12/16/2019 - 22:45:16: "<><><>" triggered "amx_chat" (text "[PTB] Transfered turbo. to TERRORIST")
L 12/16/2019 - 22:45:16: [REUNION]: svemirski burek s mesom:D (212.200.181.154) authorized as RevEmu
L 12/16/2019 - 22:45:16: "svemirski burek s mesom:D<47><STEAM_1:0:2084001081><>" connected, address "212.200.181.154:1808"
L 12/16/2019 - 22:45:17: World triggered "Round_Start"
L 12/16/2019 - 22:45:38: "zili mi ruka<43><STEAM_1:0:777369825><CT>" killed "ILIQ 81<32><STEAM_1:0:1467772704><TERRORIST>" with "glock18"
L 12/16/2019 - 22:46:05: "turbo.<44><STEAM_2:1:24722080><TERRORIST>" killed "zili mi ruka<43><STEAM_1:0:777369825><CT>" with "glock18"
L 12/16/2019 - 22:46:05: Team "TERRORIST" triggered "Terrorists_Win" (CT "9") (T "9")
L 12/16/2019 - 22:46:05: World triggered "Round_End"
L 12/16/2019 - 22:46:11: World triggered "Round_Start"
L 12/16/2019 - 22:46:14: [REUNION]: svemirski burek s mesom:D (212.200.181.154) authorized as RevEmu
L 12/16/2019 - 22:46:14: "svemirski burek s mesom:D<48><STEAM_1:0:2084001081><>" connected, address "212.200.181.154:1808"
L 12/16/2019 - 22:46:34: "zili mi ruka<43><STEAM_1:0:777369825><CT>" killed "ILIQ 81<32><STEAM_1:0:1467772704><TERRORIST>" with "sg550"
L 12/16/2019 - 22:46:35: "zili mi ruka<43><STEAM_1:0:777369825><CT>" killed "MARTI<34><STEAM_1:0:1064418867><TERRORIST>" with "sg550"
L 12/16/2019 - 22:46:43: "zili mi ruka<43><STEAM_1:0:777369825><CT>" killed "turbo.<44><STEAM_2:1:24722080><TERRORIST>" with "sg550"
L 12/16/2019 - 22:46:43: Team "CT" triggered "CTs_Win" (CT "10") (T "9")
L 12/16/2019 - 22:46:43: World triggered "Round_End"
L 12/16/2019 - 22:46:49: World triggered "Round_Start"
L 12/16/2019 - 22:47:12: "zili mi ruka<43><STEAM_1:0:777369825><CT>" killed "MARTI<34><STEAM_1:0:1064418867><TERRORIST>" with "sg550"
L 12/16/2019 - 22:47:42: "ILIQ 81<32><STEAM_1:0:1467772704><TERRORIST>" killed "zili mi ruka<43><STEAM_1:0:777369825><CT>" with "awp"
L 12/16/2019 - 22:47:42: Team "TERRORIST" triggered "Terrorists_Win" (CT "10") (T "10")
L 12/16/2019 - 22:47:42: World triggered "Round_End"
L 12/16/2019 - 22:47:48: World triggered "Round_Start"
L 12/16/2019 - 22:48:01: [REUNION]: X EKO X (151.237.70.16) authorized as RevEmu
L 12/16/2019 - 22:48:01: "X EKO X<49><STEAM_1:0:700894237><>" connected, address "151.237.70.16:27005"
L 12/16/2019 - 22:48:07: "zili mi ruka<43><STEAM_1:0:777369825><CT>" killed "turbo.<44><STEAM_2:1:24722080><TERRORIST>" with "awp"
L 12/16/2019 - 22:48:12: "X EKO X<49><STEAM_1:0:700894237><>" entered the game
L 12/16/2019 - 22:48:20: "X EKO X<49><STEAM_1:0:700894237><>" joined team "CT"
L 12/16/2019 - 22:48:38: "zili mi ruka<43><STEAM_1:0:777369825><CT>" killed "ILIQ 81<32><STEAM_1:0:1467772704><TERRORIST>" with "awp"
L 12/16/2019 - 22:48:50: "MARTI<34><STEAM_1:0:1064418867><TERRORIST>" killed "zili mi ruka<43><STEAM_1:0:777369825><CT>" with "awp"
L 12/16/2019 - 22:48:50: Team "TERRORIST" triggered "Terrorists_Win" (CT "10") (T "11")
L 12/16/2019 - 22:48:50: World triggered "Round_End"
L 12/16/2019 - 22:48:56: World triggered "Round_Start"
L 12/16/2019 - 22:48:58: Server cvar "amx_nextmap" = "crazycar_v2"
L 12/16/2019 - 22:49:20: "turbo.<44><STEAM_2:1:24722080><TERRORIST>" killed "zili mi ruka<43><STEAM_1:0:777369825><CT>" with "awp"
L 12/16/2019 - 22:49:21: [REUNION]: Apis (178.220.205.176) authorized as RevEmu
L 12/16/2019 - 22:49:21: "Apis<50><STEAM_2:1:744537490><>" connected, address "178.220.205.176:15570"
L 12/16/2019 - 22:49:23: Server cvar "mp_timelimit" = "0.000000"
L 12/16/2019 - 22:49:38: "X EKO X<49><STEAM_1:0:700894237><CT>" killed "MARTI<34><STEAM_1:0:1064418867><TERRORIST>" with "grenade"
L 12/16/2019 - 22:50:02: "ILIQ 81<32><STEAM_1:0:1467772704><TERRORIST>" committed suicide with "worldspawn" (world)
L 12/16/2019 - 22:50:08: [REUNION]: Apis (178.220.205.176) authorized as RevEmu
L 12/16/2019 - 22:50:08: "Apis<51><STEAM_2:1:744537490><>" connected, address "178.220.205.176:15570"
L 12/16/2019 - 22:50:12: "X EKO X<49><STEAM_1:0:700894237><CT>" killed "turbo.<44><STEAM_2:1:24722080><TERRORIST>" with "awp"
L 12/16/2019 - 22:50:12: Team "CT" triggered "CTs_Win" (CT "11") (T "11")
L 12/16/2019 - 22:50:12: World triggered "Round_End"
L 12/16/2019 - 22:50:18: World triggered "Round_Start"
L 12/16/2019 - 22:50:18: Server cvar "sv_maxspeed" = "0.000000"
L 12/16/2019 - 22:50:18: Server cvar "mp_friendlyfire" = "1"
L 12/16/2019 - 22:50:21: "X EKO X<49><STEAM_1:0:700894237><CT>" killed "zili mi ruka<43><STEAM_1:0:777369825><CT>" with "m4a1"
L 12/16/2019 - 22:50:29: Server cvar "sv_maxspeed" = "900.000000"
L 12/16/2019 - 22:50:29: Server cvar "mp_friendlyfire" = "0"
L 12/16/2019 - 22:50:29: Server cvar "mp_timelimit" = "20.000000"
L 12/16/2019 - 22:50:29: [META] ini: Begin re-reading plugins list: /home/rented/public9/cstrike/addons/metamod/plugins.ini
L 12/16/2019 - 22:50:29: [META] ini: Read plugin config for: SafeNameAndChat
L 12/16/2019 - 22:50:29: [META] ini: Read plugin config for: AMX Mod X
L 12/16/2019 - 22:50:29: [META] ini: Read plugin config for: Reunion
L 12/16/2019 - 22:50:29: [META] ini: Read plugin config for: ReAuthCheck
L 12/16/2019 - 22:50:29: [META] ini: Read plugin config for: WHBlocker
L 12/16/2019 - 22:50:29: [META] ini: Read plugin config for: ReSemiclip
L 12/16/2019 - 22:50:29: [META] ini: Read plugin config for: Revoice
L 12/16/2019 - 22:50:29: [META] ini: Finished reading plugins list: /home/rented/public9/cstrike/addons/metamod/plugins.ini; Found 7 plugins
L 12/16/2019 - 22:50:29: [META] dll: Updating plugins...
L 12/16/2019 - 22:50:29: [META] WARNING: Cannot clear plugin 'SafeNameAndChat'; not marked as failed, empty, or open (status=valid)
L 12/16/2019 - 22:50:29: [META] dll: Unloaded plugin 'SafeNameAndChat' for reason 'file on disk is newer'
L 12/16/2019 - 22:50:29: [META] dll: Loaded plugin 'SafeNameAndChat': SafeNameAndChat v1.1 2017.02.01, WPMG.PRoSToC0der
L 12/16/2019 - 22:50:29: [META] WARNING: Cannot clear plugin 'WHBlocker'; not marked as failed, empty, or open (status=valid)
L 12/16/2019 - 22:50:29: [META] dll: Unloaded plugin 'WHBlocker' for reason 'file on disk is newer'
L 12/16/2019 - 22:50:29: [META] dll: Loaded plugin 'WHBlocker': WHBlocker v1.5.692 2017-04-13, s1lent
L 12/16/2019 - 22:50:29: [META] WARNING: Cannot clear plugin 'ReSemiclip'; not marked as failed, empty, or open (status=valid)
L 12/16/2019 - 22:50:29: [META] dll: Unloaded plugin 'ReSemiclip' for reason 'file on disk is newer'
L 12/16/2019 - 22:50:29: [META] dll: Loaded plugin 'ReSemiclip': ReSemiclip v2.3.9 13/02/17, s1lent & Adidasman
L 12/16/2019 - 22:50:29: [META] dll: Finished updating 14 plugins; kept 0, loaded 0, unloaded 0, reloaded 3, delayed 0
L 12/16/2019 - 22:50:29: "ILIQ 81<32><STEAM_1:0:1467772704><TERRORIST>" disconnected
L 12/16/2019 - 22:50:29: "svemirski burek s mesom:D<48><STEAM_1:0:2084001081><SPECTATOR>" disconnected
L 12/16/2019 - 22:50:29: "zili mi ruka<43><STEAM_1:0:777369825><CT>" disconnected
L 12/16/2019 - 22:50:29: "turbo.<44><STEAM_2:1:24722080><TERRORIST>" disconnected
L 12/16/2019 - 22:50:29: "MARTI<34><STEAM_1:0:1064418867><TERRORIST>" disconnected
L 12/16/2019 - 22:50:29: "X EKO X<49><STEAM_1:0:700894237><CT>" disconnected
L 12/16/2019 - 22:50:29: World triggered "Round_Draw" (CT "11") (T "11")
L 12/16/2019 - 22:50:29: World triggered "Round_End"
L 12/16/2019 - 22:50:29: Log file closed
