L 12/18/2019 - 11:57:33: Log file started (file "logs/L1218049.log") (game "cstrike") (version "48/1.1.2.7/Stdio/1621")
L 12/18/2019 - 11:57:33: Loading map "gijoehq_de"
L 12/18/2019 - 11:57:33: Server cvars start
L 12/18/2019 - 11:57:33: Server cvar "@BunnyHopper" = "3.x"
L 12/18/2019 - 11:57:33: Server cvar "@CRXGoSpec" = "1.1"
L 12/18/2019 - 11:57:33: Server cvar "@CRXRemoveImmunity" = "1.0"
L 12/18/2019 - 11:57:33: Server cvar "@D.I.C.E." = "1.1"
L 12/18/2019 - 11:57:33: Server cvar "@MOTDCommands" = "1.2"
L 12/18/2019 - 11:57:33: Server cvar "advanced_quake_sounds" = "5.0"
L 12/18/2019 - 11:57:33: Server cvar "AdvancedMute" = "1.0"
L 12/18/2019 - 11:57:33: Server cvar "aesp_version" = "1.3"
L 12/18/2019 - 11:57:33: Server cvar "allow_spectators" = "1.0"
L 12/18/2019 - 11:57:33: Server cvar "amx_client_languages" = "1"
L 12/18/2019 - 11:57:33: Server cvar "amx_language" = "en"
L 12/18/2019 - 11:57:33: Server cvar "amx_nextmap" = "gijoehq_de"
L 12/18/2019 - 11:57:33: Server cvar "amx_ptb_version" = "1.8b3"
L 12/18/2019 - 11:57:33: Server cvar "amx_timeleft" = "00:00"
L 12/18/2019 - 11:57:33: Server cvar "amxmodx_version" = "1.8.2"
L 12/18/2019 - 11:57:33: Server cvar "amxxbg_vip" = "1.0"
L 12/18/2019 - 11:57:33: Server cvar "asp_version" = "4.5.1"
L 12/18/2019 - 11:57:33: Server cvar "atac_version" = "3.0.1"
L 12/18/2019 - 11:57:33: Server cvar "badcamper_version" = "1.4 beta"
L 12/18/2019 - 11:57:33: Server cvar "blockmaker" = "4.01"
L 12/18/2019 - 11:57:33: Server cvar "c4 timer" = "1.1"
L 12/18/2019 - 11:57:33: Server cvar "coop" = "0"
L 12/18/2019 - 11:57:33: Server cvar "CRXAdminGroups" = "1.0"
L 12/18/2019 - 11:57:33: Server cvar "CRXCommandRestrictions" = "1.0"
L 12/18/2019 - 11:57:33: Server cvar "CRXFastKnife" = "1.0"
L 12/18/2019 - 11:57:33: Server cvar "CRXGametracker" = "2.0"
L 12/18/2019 - 11:57:33: Server cvar "CRXKnifeModels" = "2.5.7"
L 12/18/2019 - 11:57:33: Server cvar "CRXTeamAdvantage" = "1.0"
L 12/18/2019 - 11:57:33: Server cvar "CustomShop" = "4.2"
L 12/18/2019 - 11:57:33: Server cvar "deathmatch" = "1"
L 12/18/2019 - 11:57:33: Server cvar "decalfrequency" = "0"
L 12/18/2019 - 11:57:33: Server cvar "edgefriction" = "2"
L 12/18/2019 - 11:57:33: Server cvar "ers_version" = "2.3c"
L 12/18/2019 - 11:57:33: Server cvar "gagsystem_shoko" = "1.0"
L 12/18/2019 - 11:57:33: Server cvar "gal_mapcyclefile" = "mapcycle.txt"
L 12/18/2019 - 11:57:33: Server cvar "gal_version" = "v5.9.1-926"
L 12/18/2019 - 11:57:33: Server cvar "game_version" = "5.7.0.313-dev"
L 12/18/2019 - 11:57:33: Server cvar "humans_join_team" = "any"
L 12/18/2019 - 11:57:33: Server cvar "jtp10181" = "chute,gore"
L 12/18/2019 - 11:57:33: Server cvar "lawliet" = "ny_RainingSnow"
L 12/18/2019 - 11:57:33: Server cvar "LetitSnow" = "1.0"
L 12/18/2019 - 11:57:33: Server cvar "map_spawns" = "T(16) CT(16)"
L 12/18/2019 - 11:57:33: Server cvar "max_queries_sec" = "3"
L 12/18/2019 - 11:57:33: Server cvar "max_queries_sec_global" = "150"
L 12/18/2019 - 11:57:33: Server cvar "max_queries_window" = "60"
L 12/18/2019 - 11:57:33: Server cvar "mdbBans" = "4.8"
L 12/18/2019 - 11:57:33: Server cvar "metamod_version" = "1.21p37"
L 12/18/2019 - 11:57:33: Server cvar "mp_autokick" = "0"
L 12/18/2019 - 11:57:33: Server cvar "mp_autokick_timeout" = "-1"
L 12/18/2019 - 11:57:33: Server cvar "mp_autoteambalance" = "0"
L 12/18/2019 - 11:57:33: Server cvar "mp_buytime" = "0.25"
L 12/18/2019 - 11:57:33: Server cvar "mp_c4timer" = "35"
L 12/18/2019 - 11:57:33: Server cvar "mp_chattime" = "10.000000"
L 12/18/2019 - 11:57:33: Server cvar "mp_consistency" = "1"
L 12/18/2019 - 11:57:33: Server cvar "mp_fadetoblack" = "0"
L 12/18/2019 - 11:57:33: Server cvar "mp_flashlight" = "1"
L 12/18/2019 - 11:57:33: Server cvar "mp_footsteps" = "1"
L 12/18/2019 - 11:57:33: Server cvar "mp_forcecamera" = "0"
L 12/18/2019 - 11:57:33: Server cvar "mp_forcechasecam" = "0"
L 12/18/2019 - 11:57:33: Server cvar "mp_forcerespawn" = "0"
L 12/18/2019 - 11:57:33: Server cvar "mp_fraglimit" = "0"
L 12/18/2019 - 11:57:33: Server cvar "mp_fragsleft" = "0"
L 12/18/2019 - 11:57:33: Server cvar "mp_freeforall" = "0"
L 12/18/2019 - 11:57:33: Server cvar "mp_freezetime" = "1"
L 12/18/2019 - 11:57:33: Server cvar "mp_friendlyfire" = "0"
L 12/18/2019 - 11:57:33: Server cvar "mp_hostage_hurtable" = "1"
L 12/18/2019 - 11:57:33: Server cvar "mp_hostagepenalty" = "0"
L 12/18/2019 - 11:57:33: Server cvar "mp_item_staytime" = "300"
L 12/18/2019 - 11:57:33: Server cvar "mp_kickpercent" = "0.66"
L 12/18/2019 - 11:57:33: Server cvar "mp_legacy_bombtarget_touch" = "1"
L 12/18/2019 - 11:57:33: Server cvar "mp_limitteams" = "0"
L 12/18/2019 - 11:57:33: Server cvar "mp_logdetail" = "0"
L 12/18/2019 - 11:57:33: Server cvar "mp_logfile" = "1"
L 12/18/2019 - 11:57:33: Server cvar "mp_logmessages" = "1"
L 12/18/2019 - 11:57:33: Server cvar "mp_mapvoteratio" = "0.66"
L 12/18/2019 - 11:57:33: Server cvar "mp_maxmoney" = "999999"
L 12/18/2019 - 11:57:33: Server cvar "mp_maxrounds" = "0"
L 12/18/2019 - 11:57:33: Server cvar "mp_mirrordamage" = "0"
L 12/18/2019 - 11:57:33: Server cvar "mp_old_bomb_defused_sound" = "1"
L 12/18/2019 - 11:57:33: Server cvar "mp_playerid" = "0"
L 12/18/2019 - 11:57:33: Server cvar "mp_respawn_immunitytime" = "0"
L 12/18/2019 - 11:57:33: Server cvar "mp_round_infinite" = "0"
L 12/18/2019 - 11:57:33: Server cvar "mp_round_restart_delay" = "5"
L 12/18/2019 - 11:57:33: Server cvar "mp_roundover" = "0"
L 12/18/2019 - 11:57:33: Server cvar "mp_roundtime" = "2.3"
L 12/18/2019 - 11:57:33: Server cvar "mp_show_radioicon" = "1"
L 12/18/2019 - 11:57:33: Server cvar "mp_startmoney" = "850"
L 12/18/2019 - 11:57:33: Server cvar "mp_timeleft" = "00:00"
L 12/18/2019 - 11:57:33: Server cvar "mp_timelimit" = "10"
L 12/18/2019 - 11:57:33: Server cvar "mp_tkpunish" = "0"
L 12/18/2019 - 11:57:33: Server cvar "mp_windifference" = "1"
L 12/18/2019 - 11:57:33: Server cvar "mp_winlimit" = "0"
L 12/18/2019 - 11:57:33: Server cvar "NoWeaponsOnGround" = "1.0"
L 12/18/2019 - 11:57:33: Server cvar "pausable" = "0"
L 12/18/2019 - 11:57:33: Server cvar "present_version" = "2.01"
L 12/18/2019 - 11:57:33: Server cvar "RandomHP" = "2.2"
L 12/18/2019 - 11:57:33: Server cvar "reauthcheck_version" = "0.1.6"
L 12/18/2019 - 11:57:33: Server cvar "reconnect_features" = "0.3.1"
L 12/18/2019 - 11:57:33: Server cvar "report_system_version" = "3.1"
L 12/18/2019 - 11:57:33: Server cvar "resemiclip_version" = "2.3.9"
L 12/18/2019 - 11:57:33: Server cvar "reu_version" = "0.1.0.130"
L 12/18/2019 - 11:57:33: Server cvar "revoice_version" = "0.1.0.30"
L 12/18/2019 - 11:57:33: Server cvar "RRWM" = "2.0"
L 12/18/2019 - 11:57:33: Server cvar "sanksounds_version" = "1.8.6"
L 12/18/2019 - 11:57:33: Server cvar "SimpleMenu" = "1.1"
L 12/18/2019 - 11:57:33: Server cvar "SNAC_Version" = "1.1"
L 12/18/2019 - 11:57:33: Server cvar "SpecList" = "1.2a"
L 12/18/2019 - 11:57:33: Server cvar "sr_version" = "1.6"
L 12/18/2019 - 11:57:33: Server cvar "statsx_shell_ver" = "2.0.0 (BETA)"
L 12/18/2019 - 11:57:33: Server cvar "StyleC4Timer" = "2.1"
L 12/18/2019 - 11:57:33: Server cvar "sv_accelerate" = "5"
L 12/18/2019 - 11:57:33: Server cvar "sv_aim" = "1"
L 12/18/2019 - 11:57:33: Server cvar "sv_airaccelerate" = "100"
L 12/18/2019 - 11:57:33: Server cvar "sv_allowupload" = "1"
L 12/18/2019 - 11:57:33: Server cvar "sv_alltalk" = "1"
L 12/18/2019 - 11:57:33: Server cvar "sv_bounce" = "1"
L 12/18/2019 - 11:57:33: Server cvar "sv_cheats" = "0"
L 12/18/2019 - 11:57:33: Server cvar "sv_clienttrace" = "1"
L 12/18/2019 - 11:57:33: Server cvar "sv_contact" = "feruchio599@gmail.com"
L 12/18/2019 - 11:57:33: Server cvar "sv_friction" = "4"
L 12/18/2019 - 11:57:33: Server cvar "sv_gravity" = "800"
L 12/18/2019 - 11:57:33: Server cvar "sv_logblocks" = "0"
L 12/18/2019 - 11:57:33: Server cvar "sv_maxrate" = "50000"
L 12/18/2019 - 11:57:33: Server cvar "sv_maxspeed" = "900"
L 12/18/2019 - 11:57:33: Server cvar "sv_minrate" = "10000"
L 12/18/2019 - 11:57:33: Server cvar "sv_password" = ""
L 12/18/2019 - 11:57:33: Server cvar "sv_proxies" = "1"
L 12/18/2019 - 11:57:33: Server cvar "sv_restart" = "0"
L 12/18/2019 - 11:57:33: Server cvar "sv_restartround" = "0"
L 12/18/2019 - 11:57:33: Server cvar "sv_stepsize" = "18"
L 12/18/2019 - 11:57:33: Server cvar "sv_stopspeed" = "75"
L 12/18/2019 - 11:57:33: Server cvar "sv_uploadmax" = "0.5"
L 12/18/2019 - 11:57:33: Server cvar "sv_version" = "1.1.2.7/Stdio,48,1621"
L 12/18/2019 - 11:57:33: Server cvar "sv_voiceenable" = "1"
L 12/18/2019 - 11:57:33: Server cvar "sv_wateraccelerate" = "10"
L 12/18/2019 - 11:57:33: Server cvar "sv_waterfriction" = "1"
L 12/18/2019 - 11:57:33: Server cvar "Team_Semiclip_version" = "3.3.1"
L 12/18/2019 - 11:57:33: Server cvar "vehicle_real_killer" = "1.1"
L 12/18/2019 - 11:57:33: Server cvar "WalkGuard" = "1.3.2"
L 12/18/2019 - 11:57:33: Server cvar "we_grenades" = "Huehue"
L 12/18/2019 - 11:57:33: Server cvar "we_player_models" = "Huehue"
L 12/18/2019 - 11:57:33: Server cvar "whb_version" = "1.5.692"
L 12/18/2019 - 11:57:33: Server cvar "zp_jp_version" = "Extra Item Jetpack+Bazooka v3.2"
L 12/18/2019 - 11:57:33: Server cvars end
L 12/18/2019 - 11:57:36: Server cvar "mp_autoteambalance" = "1"
L 12/18/2019 - 11:57:36: Server cvar "mp_timelimit" = "20"
L 12/18/2019 - 11:57:36: Server cvar "mp_autoteambalance" = "0"
L 12/18/2019 - 11:57:36: Server cvar "amx_nextmap" = "[not yet voted on]"
L 12/18/2019 - 11:57:37: Started map "gijoehq_de" (CRC "848653466")
L 12/18/2019 - 11:57:39: World triggered "Round_Start"
L 12/18/2019 - 11:58:36: Server cvar "amx_nextmap" = "as_crazytank3"
L 12/18/2019 - 11:59:57: Team "CT" triggered "Target_Saved" (CT "1") (T "0")
L 12/18/2019 - 11:59:57: World triggered "Round_End"
L 12/18/2019 - 12:00:03: World triggered "Round_Start"
L 12/18/2019 - 12:02:18: [REUNION]: ago22 (195.199.248.150) authorized as RevEmu
L 12/18/2019 - 12:02:18: "ago22<16><STEAM_1:1:792406387><>" connected, address "195.199.248.150:37036"
L 12/18/2019 - 12:02:18: [REUNION]: ago22 (195.199.248.150) authorized as RevEmu
L 12/18/2019 - 12:02:18: "ago22<17><STEAM_1:1:792406387><>" connected, address "195.199.248.150:37036"
L 12/18/2019 - 12:02:21: Team "CT" triggered "Target_Saved" (CT "2") (T "0")
L 12/18/2019 - 12:02:21: World triggered "Round_End"
L 12/18/2019 - 12:02:27: World triggered "Round_Start"
L 12/18/2019 - 12:02:36: [REUNION]: ago22 (195.199.248.150) authorized as RevEmu
L 12/18/2019 - 12:02:36: "ago22<18><STEAM_1:1:792406387><>" connected, address "195.199.248.150:37036"
L 12/18/2019 - 12:02:50: "ago22<18><STEAM_1:1:792406387><>" entered the game
L 12/18/2019 - 12:02:51: [REUNION]: hekk tekk (195.199.251.135) authorized as RevEmu
L 12/18/2019 - 12:02:51: "hekk tekk<19><STEAM_1:0:1746463904><>" connected, address "195.199.251.135:4971"
L 12/18/2019 - 12:02:56: "ago22<18><STEAM_1:1:792406387><>" joined team "CT"
L 12/18/2019 - 12:03:07: "hekk tekk<19><STEAM_1:0:1746463904><>" entered the game
L 12/18/2019 - 12:03:09: "hekk tekk<19><STEAM_1:0:1746463904><>" joined team "TERRORIST"
L 12/18/2019 - 12:03:09: World triggered "Game_Commencing"
L 12/18/2019 - 12:03:09: World triggered "Game_Commencing" (CT "2") (T "0")
L 12/18/2019 - 12:03:09: World triggered "Round_End"
L 12/18/2019 - 12:03:12: "hekk tekk<19><STEAM_1:0:1746463904><TERRORIST>" triggered "Spawned_With_The_Bomb"
L 12/18/2019 - 12:03:13: World triggered "Round_Start"
L 12/18/2019 - 12:03:39: [REUNION]: <Warrior> Player (195.199.250.158) authorized as RevEmu
L 12/18/2019 - 12:03:39: "<Warrior> Player<20><STEAM_1:1:1890483331><>" connected, address "195.199.250.158:14978"
L 12/18/2019 - 12:03:51: "ago22<18><STEAM_1:1:792406387><CT>" killed "hekk tekk<19><STEAM_1:0:1746463904><TERRORIST>" with "usp"
L 12/18/2019 - 12:03:51: Team "CT" triggered "CTs_Win" (CT "1") (T "0")
L 12/18/2019 - 12:03:51: World triggered "Round_End"
L 12/18/2019 - 12:03:56: "hekk tekk<19><STEAM_1:0:1746463904><TERRORIST>" triggered "Spawned_With_The_Bomb"
L 12/18/2019 - 12:03:57: World triggered "Round_Start"
L 12/18/2019 - 12:04:12: "hekk tekk<19><STEAM_1:0:1746463904><TERRORIST>" killed "ago22<18><STEAM_1:1:792406387><CT>" with "deagle"
L 12/18/2019 - 12:04:12: Team "TERRORIST" triggered "Terrorists_Win" (CT "1") (T "1")
L 12/18/2019 - 12:04:12: World triggered "Round_End"
L 12/18/2019 - 12:04:12: "<Warrior> Player<20><STEAM_1:1:1890483331><>" entered the game
L 12/18/2019 - 12:04:15: "<Warrior> Player<20><STEAM_1:1:1890483331><>" joined team "CT"
L 12/18/2019 - 12:04:17: "hekk tekk<19><STEAM_1:0:1746463904><TERRORIST>" triggered "Spawned_With_The_Bomb"
L 12/18/2019 - 12:04:18: World triggered "Round_Start"
L 12/18/2019 - 12:05:57: "<Warrior> Player<20><STEAM_1:1:1890483331><CT>" killed "hekk tekk<19><STEAM_1:0:1746463904><TERRORIST>" with "usp"
L 12/18/2019 - 12:05:57: Team "CT" triggered "CTs_Win" (CT "2") (T "1")
L 12/18/2019 - 12:05:57: World triggered "Round_End"
L 12/18/2019 - 12:06:02: "hekk tekk<19><STEAM_1:0:1746463904><TERRORIST>" triggered "Spawned_With_The_Bomb"
L 12/18/2019 - 12:06:03: World triggered "Round_Start"
L 12/18/2019 - 12:06:30: "hekk tekk<19><STEAM_1:0:1746463904><TERRORIST>" killed "ago22<18><STEAM_1:1:792406387><CT>" with "ak47"
L 12/18/2019 - 12:07:19: "<Warrior> Player<20><STEAM_1:1:1890483331><CT>" killed "hekk tekk<19><STEAM_1:0:1746463904><TERRORIST>" with "usp"
L 12/18/2019 - 12:07:19: Team "CT" triggered "CTs_Win" (CT "3") (T "1")
L 12/18/2019 - 12:07:19: World triggered "Round_End"
L 12/18/2019 - 12:07:24: "hekk tekk<19><STEAM_1:0:1746463904><TERRORIST>" triggered "Spawned_With_The_Bomb"
L 12/18/2019 - 12:07:25: World triggered "Round_Start"
L 12/18/2019 - 12:07:35: "hekk tekk<19><STEAM_1:0:1746463904><TERRORIST>" killed "ago22<18><STEAM_1:1:792406387><CT>" with "sg552"
L 12/18/2019 - 12:07:36: "<Warrior> Player<20><STEAM_1:1:1890483331><CT>" committed suicide with "world"
L 12/18/2019 - 12:07:36: Team "TERRORIST" triggered "Terrorists_Win" (CT "3") (T "2")
L 12/18/2019 - 12:07:36: World triggered "Round_End"
L 12/18/2019 - 12:07:36: "<Warrior> Player<20><STEAM_1:1:1890483331><CT>" joined team "TERRORIST"
L 12/18/2019 - 12:07:41: "<Warrior> Player<20><STEAM_1:1:1890483331><TERRORIST>" triggered "Spawned_With_The_Bomb"
L 12/18/2019 - 12:07:42: World triggered "Round_Start"
L 12/18/2019 - 12:08:09: "hekk tekk<19><STEAM_1:0:1746463904><TERRORIST>" killed "ago22<18><STEAM_1:1:792406387><CT>" with "tracktrain"
L 12/18/2019 - 12:08:09: Team "TERRORIST" triggered "Terrorists_Win" (CT "3") (T "3")
L 12/18/2019 - 12:08:09: World triggered "Round_End"
L 12/18/2019 - 12:08:14: "hekk tekk<19><STEAM_1:0:1746463904><TERRORIST>" triggered "Spawned_With_The_Bomb"
L 12/18/2019 - 12:08:15: World triggered "Round_Start"
L 12/18/2019 - 12:08:58: "ago22<18><STEAM_1:1:792406387><CT>" killed "hekk tekk<19><STEAM_1:0:1746463904><TERRORIST>" with "usp"
L 12/18/2019 - 12:08:58: "hekk tekk<19><STEAM_1:0:1746463904><TERRORIST>" triggered "Dropped_The_Bomb"
L 12/18/2019 - 12:09:12: "ago22<18><STEAM_1:1:792406387><CT>" killed "<Warrior> Player<20><STEAM_1:1:1890483331><TERRORIST>" with "usp"
L 12/18/2019 - 12:09:12: Team "CT" triggered "CTs_Win" (CT "4") (T "3")
L 12/18/2019 - 12:09:12: World triggered "Round_End"
L 12/18/2019 - 12:09:17: "<Warrior> Player<20><STEAM_1:1:1890483331><TERRORIST>" triggered "Spawned_With_The_Bomb"
L 12/18/2019 - 12:09:18: World triggered "Round_Start"
L 12/18/2019 - 12:09:18: Server cvar "sv_maxspeed" = "0.000000"
L 12/18/2019 - 12:09:18: Server cvar "mp_friendlyfire" = "1"
L 12/18/2019 - 12:09:26: "ago22<18><STEAM_1:1:792406387><CT>" committed suicide with "worldspawn" (world)
L 12/18/2019 - 12:09:26: Team "TERRORIST" triggered "Terrorists_Win" (CT "4") (T "4")
L 12/18/2019 - 12:09:26: World triggered "Round_End"
L 12/18/2019 - 12:09:29: Server cvar "sv_maxspeed" = "900.000000"
L 12/18/2019 - 12:09:29: Server cvar "mp_friendlyfire" = "0"
L 12/18/2019 - 12:09:29: [META] ini: Begin re-reading plugins list: /home/rented/public9/cstrike/addons/metamod/plugins.ini
L 12/18/2019 - 12:09:29: [META] ini: Read plugin config for: SafeNameAndChat
L 12/18/2019 - 12:09:29: [META] ini: Read plugin config for: AMX Mod X
L 12/18/2019 - 12:09:29: [META] ini: Read plugin config for: Reunion
L 12/18/2019 - 12:09:29: [META] ini: Read plugin config for: ReAuthCheck
L 12/18/2019 - 12:09:29: [META] ini: Read plugin config for: WHBlocker
L 12/18/2019 - 12:09:29: [META] ini: Read plugin config for: ReSemiclip
L 12/18/2019 - 12:09:29: [META] ini: Read plugin config for: Revoice
L 12/18/2019 - 12:09:29: [META] ini: Finished reading plugins list: /home/rented/public9/cstrike/addons/metamod/plugins.ini; Found 7 plugins
L 12/18/2019 - 12:09:29: [META] dll: Updating plugins...
L 12/18/2019 - 12:09:29: [META] WARNING: Cannot clear plugin 'SafeNameAndChat'; not marked as failed, empty, or open (status=valid)
L 12/18/2019 - 12:09:29: [META] dll: Unloaded plugin 'SafeNameAndChat' for reason 'file on disk is newer'
L 12/18/2019 - 12:09:29: [META] dll: Loaded plugin 'SafeNameAndChat': SafeNameAndChat v1.1 2017.02.01, WPMG.PRoSToC0der
L 12/18/2019 - 12:09:29: [META] WARNING: Cannot clear plugin 'WHBlocker'; not marked as failed, empty, or open (status=valid)
L 12/18/2019 - 12:09:29: [META] dll: Unloaded plugin 'WHBlocker' for reason 'file on disk is newer'
L 12/18/2019 - 12:09:29: [META] dll: Loaded plugin 'WHBlocker': WHBlocker v1.5.692 2017-04-13, s1lent
L 12/18/2019 - 12:09:29: [META] WARNING: Cannot clear plugin 'ReSemiclip'; not marked as failed, empty, or open (status=valid)
L 12/18/2019 - 12:09:29: [META] dll: Unloaded plugin 'ReSemiclip' for reason 'file on disk is newer'
L 12/18/2019 - 12:09:29: [META] dll: Loaded plugin 'ReSemiclip': ReSemiclip v2.3.9 13/02/17, s1lent & Adidasman
L 12/18/2019 - 12:09:29: [META] dll: Finished updating 14 plugins; kept 0, loaded 0, unloaded 0, reloaded 3, delayed 0
L 12/18/2019 - 12:09:29: "ago22<18><STEAM_1:1:792406387><CT>" disconnected
L 12/18/2019 - 12:09:29: "hekk tekk<19><STEAM_1:0:1746463904><TERRORIST>" disconnected
L 12/18/2019 - 12:09:29: "<Warrior> Player<20><STEAM_1:1:1890483331><TERRORIST>" disconnected
L 12/18/2019 - 12:09:29: Log file closed
