L 12/13/2019 - 21:19:08: Log file started (file "logs/L1213176.log") (game "cstrike") (version "48/1.1.2.7/Stdio/1621")
L 12/13/2019 - 21:19:08: Loading map "big_city"
L 12/13/2019 - 21:19:08: Server cvars start
L 12/13/2019 - 21:19:08: Server cvar "@BunnyHopper" = "3.x"
L 12/13/2019 - 21:19:08: Server cvar "@CRXGoSpec" = "1.1"
L 12/13/2019 - 21:19:08: Server cvar "@CRXRemoveImmunity" = "1.0"
L 12/13/2019 - 21:19:08: Server cvar "@D.I.C.E." = "1.1"
L 12/13/2019 - 21:19:08: Server cvar "@MOTDCommands" = "1.2"
L 12/13/2019 - 21:19:08: Server cvar "advanced_quake_sounds" = "5.0"
L 12/13/2019 - 21:19:08: Server cvar "AdvancedMute" = "1.0"
L 12/13/2019 - 21:19:08: Server cvar "aesp_version" = "1.3"
L 12/13/2019 - 21:19:08: Server cvar "allow_spectators" = "1.0"
L 12/13/2019 - 21:19:08: Server cvar "amx_client_languages" = "1"
L 12/13/2019 - 21:19:08: Server cvar "amx_language" = "en"
L 12/13/2019 - 21:19:08: Server cvar "amx_nextmap" = "big_city"
L 12/13/2019 - 21:19:08: Server cvar "amx_ptb_version" = "1.8b3"
L 12/13/2019 - 21:19:08: Server cvar "amx_timeleft" = "00:00"
L 12/13/2019 - 21:19:08: Server cvar "amxmodx_version" = "1.8.2"
L 12/13/2019 - 21:19:08: Server cvar "amxxbg_vip" = "1.0"
L 12/13/2019 - 21:19:08: Server cvar "asp_version" = "4.5.1"
L 12/13/2019 - 21:19:08: Server cvar "atac_version" = "3.0.1"
L 12/13/2019 - 21:19:08: Server cvar "badcamper_version" = "1.4 beta"
L 12/13/2019 - 21:19:08: Server cvar "blockmaker" = "4.01"
L 12/13/2019 - 21:19:08: Server cvar "c4 timer" = "1.1"
L 12/13/2019 - 21:19:08: Server cvar "coop" = "0"
L 12/13/2019 - 21:19:08: Server cvar "CRXAdminGroups" = "1.0"
L 12/13/2019 - 21:19:08: Server cvar "CRXCommandRestrictions" = "1.0"
L 12/13/2019 - 21:19:08: Server cvar "CRXFastKnife" = "1.0"
L 12/13/2019 - 21:19:08: Server cvar "CRXGametracker" = "2.0"
L 12/13/2019 - 21:19:08: Server cvar "CRXKnifeModels" = "2.5.7"
L 12/13/2019 - 21:19:08: Server cvar "CRXTeamAdvantage" = "1.0"
L 12/13/2019 - 21:19:08: Server cvar "CustomShop" = "4.2"
L 12/13/2019 - 21:19:08: Server cvar "deathmatch" = "1"
L 12/13/2019 - 21:19:08: Server cvar "decalfrequency" = "0"
L 12/13/2019 - 21:19:08: Server cvar "edgefriction" = "2"
L 12/13/2019 - 21:19:08: Server cvar "ers_version" = "2.3c"
L 12/13/2019 - 21:19:08: Server cvar "gagsystem_shoko" = "1.0"
L 12/13/2019 - 21:19:08: Server cvar "gal_mapcyclefile" = "mapcycle.txt"
L 12/13/2019 - 21:19:08: Server cvar "gal_version" = "v5.9.1-926"
L 12/13/2019 - 21:19:08: Server cvar "game_version" = "5.7.0.313-dev"
L 12/13/2019 - 21:19:08: Server cvar "humans_join_team" = "any"
L 12/13/2019 - 21:19:08: Server cvar "jtp10181" = "chute,gore"
L 12/13/2019 - 21:19:08: Server cvar "lawliet" = "ny_RainingSnow"
L 12/13/2019 - 21:19:08: Server cvar "LetitSnow" = "1.0"
L 12/13/2019 - 21:19:08: Server cvar "map_spawns" = "T(16) CT(16)"
L 12/13/2019 - 21:19:08: Server cvar "max_queries_sec" = "3"
L 12/13/2019 - 21:19:08: Server cvar "max_queries_sec_global" = "150"
L 12/13/2019 - 21:19:08: Server cvar "max_queries_window" = "60"
L 12/13/2019 - 21:19:08: Server cvar "mdbBans" = "4.8"
L 12/13/2019 - 21:19:08: Server cvar "metamod_version" = "1.21p37"
L 12/13/2019 - 21:19:08: Server cvar "mp_autokick" = "0"
L 12/13/2019 - 21:19:08: Server cvar "mp_autokick_timeout" = "-1"
L 12/13/2019 - 21:19:08: Server cvar "mp_autoteambalance" = "0"
L 12/13/2019 - 21:19:08: Server cvar "mp_buytime" = "0.25"
L 12/13/2019 - 21:19:08: Server cvar "mp_c4timer" = "35"
L 12/13/2019 - 21:19:08: Server cvar "mp_chattime" = "10.000000"
L 12/13/2019 - 21:19:08: Server cvar "mp_consistency" = "1"
L 12/13/2019 - 21:19:08: Server cvar "mp_fadetoblack" = "0"
L 12/13/2019 - 21:19:08: Server cvar "mp_flashlight" = "1"
L 12/13/2019 - 21:19:08: Server cvar "mp_footsteps" = "1"
L 12/13/2019 - 21:19:08: Server cvar "mp_forcecamera" = "0"
L 12/13/2019 - 21:19:08: Server cvar "mp_forcechasecam" = "0"
L 12/13/2019 - 21:19:08: Server cvar "mp_forcerespawn" = "0"
L 12/13/2019 - 21:19:08: Server cvar "mp_fraglimit" = "0"
L 12/13/2019 - 21:19:08: Server cvar "mp_fragsleft" = "0"
L 12/13/2019 - 21:19:08: Server cvar "mp_freeforall" = "0"
L 12/13/2019 - 21:19:08: Server cvar "mp_freezetime" = "1"
L 12/13/2019 - 21:19:08: Server cvar "mp_friendlyfire" = "0"
L 12/13/2019 - 21:19:08: Server cvar "mp_hostage_hurtable" = "1"
L 12/13/2019 - 21:19:08: Server cvar "mp_hostagepenalty" = "0"
L 12/13/2019 - 21:19:08: Server cvar "mp_item_staytime" = "300"
L 12/13/2019 - 21:19:08: Server cvar "mp_kickpercent" = "0.66"
L 12/13/2019 - 21:19:08: Server cvar "mp_legacy_bombtarget_touch" = "1"
L 12/13/2019 - 21:19:08: Server cvar "mp_limitteams" = "0"
L 12/13/2019 - 21:19:08: Server cvar "mp_logdetail" = "0"
L 12/13/2019 - 21:19:08: Server cvar "mp_logfile" = "1"
L 12/13/2019 - 21:19:08: Server cvar "mp_logmessages" = "1"
L 12/13/2019 - 21:19:08: Server cvar "mp_mapvoteratio" = "0.66"
L 12/13/2019 - 21:19:08: Server cvar "mp_maxmoney" = "999999"
L 12/13/2019 - 21:19:08: Server cvar "mp_maxrounds" = "0"
L 12/13/2019 - 21:19:08: Server cvar "mp_mirrordamage" = "0"
L 12/13/2019 - 21:19:08: Server cvar "mp_old_bomb_defused_sound" = "1"
L 12/13/2019 - 21:19:08: Server cvar "mp_playerid" = "0"
L 12/13/2019 - 21:19:08: Server cvar "mp_respawn_immunitytime" = "0"
L 12/13/2019 - 21:19:08: Server cvar "mp_round_infinite" = "0"
L 12/13/2019 - 21:19:08: Server cvar "mp_round_restart_delay" = "5"
L 12/13/2019 - 21:19:08: Server cvar "mp_roundover" = "0"
L 12/13/2019 - 21:19:08: Server cvar "mp_roundtime" = "2.3"
L 12/13/2019 - 21:19:08: Server cvar "mp_show_radioicon" = "1"
L 12/13/2019 - 21:19:08: Server cvar "mp_startmoney" = "850"
L 12/13/2019 - 21:19:08: Server cvar "mp_timeleft" = "00:00"
L 12/13/2019 - 21:19:08: Server cvar "mp_timelimit" = "20.000000"
L 12/13/2019 - 21:19:08: Server cvar "mp_tkpunish" = "0"
L 12/13/2019 - 21:19:08: Server cvar "mp_windifference" = "1"
L 12/13/2019 - 21:19:08: Server cvar "mp_winlimit" = "0"
L 12/13/2019 - 21:19:08: Server cvar "NoWeaponsOnGround" = "1.0"
L 12/13/2019 - 21:19:08: Server cvar "pausable" = "0"
L 12/13/2019 - 21:19:08: Server cvar "present_version" = "2.01"
L 12/13/2019 - 21:19:08: Server cvar "RandomHP" = "2.2"
L 12/13/2019 - 21:19:08: Server cvar "reauthcheck_version" = "0.1.6"
L 12/13/2019 - 21:19:08: Server cvar "reconnect_features" = "0.3.1"
L 12/13/2019 - 21:19:08: Server cvar "report_system_version" = "3.1"
L 12/13/2019 - 21:19:08: Server cvar "resemiclip_version" = "2.3.9"
L 12/13/2019 - 21:19:08: Server cvar "reu_version" = "0.1.0.130"
L 12/13/2019 - 21:19:08: Server cvar "revoice_version" = "0.1.0.30"
L 12/13/2019 - 21:19:08: Server cvar "RRWM" = "2.0"
L 12/13/2019 - 21:19:08: Server cvar "sanksounds_version" = "1.8.6"
L 12/13/2019 - 21:19:08: Server cvar "SimpleMenu" = "1.1"
L 12/13/2019 - 21:19:08: Server cvar "SNAC_Version" = "1.1"
L 12/13/2019 - 21:19:08: Server cvar "SpecList" = "1.2a"
L 12/13/2019 - 21:19:08: Server cvar "sr_version" = "1.6"
L 12/13/2019 - 21:19:08: Server cvar "statsx_shell_ver" = "2.0.0 (BETA)"
L 12/13/2019 - 21:19:08: Server cvar "StyleC4Timer" = "2.1"
L 12/13/2019 - 21:19:08: Server cvar "sv_accelerate" = "5"
L 12/13/2019 - 21:19:08: Server cvar "sv_aim" = "1"
L 12/13/2019 - 21:19:08: Server cvar "sv_airaccelerate" = "100"
L 12/13/2019 - 21:19:08: Server cvar "sv_allowupload" = "1"
L 12/13/2019 - 21:19:08: Server cvar "sv_alltalk" = "1"
L 12/13/2019 - 21:19:08: Server cvar "sv_bounce" = "1"
L 12/13/2019 - 21:19:08: Server cvar "sv_cheats" = "0"
L 12/13/2019 - 21:19:08: Server cvar "sv_clienttrace" = "1"
L 12/13/2019 - 21:19:08: Server cvar "sv_contact" = "feruchio599@gmail.com"
L 12/13/2019 - 21:19:08: Server cvar "sv_friction" = "4"
L 12/13/2019 - 21:19:08: Server cvar "sv_gravity" = "800"
L 12/13/2019 - 21:19:08: Server cvar "sv_logblocks" = "0"
L 12/13/2019 - 21:19:08: Server cvar "sv_maxrate" = "50000"
L 12/13/2019 - 21:19:08: Server cvar "sv_maxspeed" = "900.000000"
L 12/13/2019 - 21:19:08: Server cvar "sv_minrate" = "10000"
L 12/13/2019 - 21:19:08: Server cvar "sv_password" = ""
L 12/13/2019 - 21:19:08: Server cvar "sv_proxies" = "1"
L 12/13/2019 - 21:19:08: Server cvar "sv_restart" = "0"
L 12/13/2019 - 21:19:08: Server cvar "sv_restartround" = "0"
L 12/13/2019 - 21:19:08: Server cvar "sv_stepsize" = "18"
L 12/13/2019 - 21:19:08: Server cvar "sv_stopspeed" = "75"
L 12/13/2019 - 21:19:08: Server cvar "sv_uploadmax" = "0.5"
L 12/13/2019 - 21:19:08: Server cvar "sv_version" = "1.1.2.7/Stdio,48,1621"
L 12/13/2019 - 21:19:08: Server cvar "sv_voiceenable" = "1"
L 12/13/2019 - 21:19:08: Server cvar "sv_wateraccelerate" = "10"
L 12/13/2019 - 21:19:08: Server cvar "sv_waterfriction" = "1"
L 12/13/2019 - 21:19:08: Server cvar "Team_Semiclip_version" = "3.3.1"
L 12/13/2019 - 21:19:08: Server cvar "vehicle_real_killer" = "1.1"
L 12/13/2019 - 21:19:08: Server cvar "WalkGuard" = "1.3.2"
L 12/13/2019 - 21:19:08: Server cvar "we_grenades" = "Huehue"
L 12/13/2019 - 21:19:08: Server cvar "we_player_models" = "Huehue"
L 12/13/2019 - 21:19:08: Server cvar "whb_version" = "1.5.692"
L 12/13/2019 - 21:19:08: Server cvar "zp_jp_version" = "Extra Item Jetpack+Bazooka v3.2"
L 12/13/2019 - 21:19:08: Server cvars end
L 12/13/2019 - 21:19:10: Server cvar "sv_maxspeed" = "900"
L 12/13/2019 - 21:19:10: Server cvar "mp_autoteambalance" = "1"
L 12/13/2019 - 21:19:10: Server cvar "mp_timelimit" = "20"
L 12/13/2019 - 21:19:10: Server cvar "mp_autoteambalance" = "0"
L 12/13/2019 - 21:19:10: Server cvar "amx_nextmap" = "[not yet voted on]"
L 12/13/2019 - 21:19:12: Started map "big_city" (CRC "-1756351155")
L 12/13/2019 - 21:19:14: World triggered "Round_Start"
L 12/13/2019 - 21:19:14: "Maverick<46><STEAM_0:0:37264973><>" entered the game
L 12/13/2019 - 21:19:15: "soldieR-<91><STEAM_0:1:91836881><>" connected, address "89.106.120.127:27005"
L 12/13/2019 - 21:19:16: [REUNION]: fun da king (85.130.9.158) authorized as RevEmu
L 12/13/2019 - 21:19:16: "fun da king<92><STEAM_1:0:1655898477><>" connected, address "85.130.9.158:27005"
L 12/13/2019 - 21:19:16: "soldieR-<91><STEAM_0:1:91836881><>" STEAM USERID validated
L 12/13/2019 - 21:19:16: "XxXgeorgiXxX :)<70><STEAM_1:1:1289710602><>" entered the game
L 12/13/2019 - 21:19:16: "BAD BOY<81><STEAM_1:1:175462098><>" entered the game
L 12/13/2019 - 21:19:18: "XxXgeorgiXxX :)<70><STEAM_1:1:1289710602><>" joined team "TERRORIST"
L 12/13/2019 - 21:19:18: "2Pacalypse<67><VALVE_ID_LAN><>" entered the game
L 12/13/2019 - 21:19:18: "BAD BOY<81><STEAM_1:1:175462098><>" joined team "CT"
L 12/13/2019 - 21:19:19: World triggered "Game_Commencing"
L 12/13/2019 - 21:19:19: World triggered "Game_Commencing" (CT "0") (T "0")
L 12/13/2019 - 21:19:19: World triggered "Round_End"
L 12/13/2019 - 21:19:21: "Saad<51><STEAM_0:1:113405507><>" entered the game
L 12/13/2019 - 21:19:22: "Maverick<46><STEAM_0:0:37264973><>" joined team "CT"
L 12/13/2019 - 21:19:22: "fun da king<92><STEAM_1:0:1655898477><>" entered the game
L 12/13/2019 - 21:19:23: World triggered "Round_Start"
L 12/13/2019 - 21:19:25: "2Pacalypse<67><VALVE_ID_LAN><>" joined team "TERRORIST"
L 12/13/2019 - 21:19:27: "fun da king<92><STEAM_1:0:1655898477><>" joined team "TERRORIST"
L 12/13/2019 - 21:19:29: [REUNION]: BABAITA (151.237.37.93) authorized as RevEmu
L 12/13/2019 - 21:19:29: "BABAITA<93><STEAM_1:0:603964278><>" connected, address "151.237.37.93:27005"
L 12/13/2019 - 21:19:34: [REUNION]: <Warrior> Player (82.211.172.207) authorized as RevEmu
L 12/13/2019 - 21:19:34: "<Warrior> Player<94><STEAM_2:0:730224424><>" connected, address "82.211.172.207:27005"
L 12/13/2019 - 21:19:35: "BABAITA<93><STEAM_1:0:603964278><>" entered the game
L 12/13/2019 - 21:19:35: "xXMr.ONurXx_YT<60><STEAM_2:1:935252518><>" entered the game
L 12/13/2019 - 21:19:36: [REUNION]: 2BONA (77.85.64.160) authorized as NoSteam47
L 12/13/2019 - 21:19:36: "2BONA<95><VALVE_ID_LAN><>" connected, address "77.85.64.160:27005"
L 12/13/2019 - 21:19:38: "soldieR-<96><STEAM_0:1:91836881><>" connected, address "89.106.120.127:27005"
L 12/13/2019 - 21:19:39: "soldieR-<96><STEAM_0:1:91836881><>" STEAM USERID validated
L 12/13/2019 - 21:19:41: "BABAITA<93><STEAM_1:0:603964278><>" joined team "CT"
L 12/13/2019 - 21:19:45: "XxXgeorgiXxX :)<70><STEAM_1:1:1289710602><TERRORIST>" killed "Maverick<46><STEAM_0:0:37264973><CT>" with "tracktrain"
L 12/13/2019 - 21:19:46: "XxXgeorgiXxX :)<70><STEAM_1:1:1289710602><TERRORIST>" committed suicide with "tracktrain"
L 12/13/2019 - 21:19:49: "xXMr.ONurXx_YT<60><STEAM_2:1:935252518><>" joined team "CT"
L 12/13/2019 - 21:19:53: "fun da king<92><STEAM_1:0:1655898477><TERRORIST>" triggered "Killed_A_Hostage"
L 12/13/2019 - 21:19:58: "BAD BOY<81><STEAM_1:1:175462098><CT>" killed "2Pacalypse<67><VALVE_ID_LAN><TERRORIST>" with "deagle"
L 12/13/2019 - 21:20:19: "Saad<51><STEAM_0:1:113405507><>" joined team "SPECTATOR"
L 12/13/2019 - 21:20:20: [REUNION]: Atal Youcef (41.97.189.7) authorized as RevEmu
L 12/13/2019 - 21:20:20: "Atal Youcef<97><STEAM_2:0:1528993718><>" connected, address "41.97.189.7:27005"
L 12/13/2019 - 21:20:26: "fun da king<92><STEAM_1:0:1655898477><TERRORIST>" killed "BABAITA<93><STEAM_1:0:603964278><CT>" with "p90"
L 12/13/2019 - 21:20:37: "Jason Statham<98><STEAM_0:1:65160151><>" connected, address "46.160.40.89:27005"
L 12/13/2019 - 21:20:37: "Jason Statham<98><STEAM_0:1:65160151><>" STEAM USERID validated
L 12/13/2019 - 21:20:49: [REUNION]: Atal Youcef (41.97.189.7) authorized as RevEmu
L 12/13/2019 - 21:20:49: "Atal Youcef<99><STEAM_2:0:1528993718><>" connected, address "41.97.189.7:27005"
L 12/13/2019 - 21:21:00: "Jason Statham<100><STEAM_0:1:65160151><>" connected, address "46.160.40.89:27005"
L 12/13/2019 - 21:21:01: "Jason Statham<100><STEAM_0:1:65160151><>" STEAM USERID validated
L 12/13/2019 - 21:21:01: "soldieR-<96><STEAM_0:1:91836881><>" entered the game
L 12/13/2019 - 21:21:05: "2BONA<95><VALVE_ID_LAN><>" entered the game
L 12/13/2019 - 21:21:08: "Maverick<8><STEAM_0:0:37264973><>" triggered "amx_chat" (text "hope they come one day again")
L 12/13/2019 - 21:21:19: "soldieR-<96><STEAM_0:1:91836881><>" joined team "TERRORIST"
L 12/13/2019 - 21:21:23: "2BONA<95><VALVE_ID_LAN><>" joined team "CT"
L 12/13/2019 - 21:21:37: [REUNION]: (1)xXMr.ONurXx_YT (79.132.15.120) authorized as RevEmu
L 12/13/2019 - 21:21:41: Team "TERRORIST" triggered "Hostages_Not_Rescued" (CT "0") (T "1")
L 12/13/2019 - 21:21:41: World triggered "Round_End"
L 12/13/2019 - 21:21:47: World triggered "Round_Start"
L 12/13/2019 - 21:21:47: "xXMr.ONurXx_YT<60><STEAM_2:1:935252518><CT>" disconnected
L 12/13/2019 - 21:22:03: [REUNION]: xXMr.ONurXx_YT (79.132.15.120) authorized as RevEmu
L 12/13/2019 - 21:22:03: "xXMr.ONurXx_YT<102><STEAM_2:1:935252518><>" connected, address "79.132.15.120:27005"
L 12/13/2019 - 21:22:11: "xXMr.ONurXx_YT<102><STEAM_2:1:935252518><>" entered the game
L 12/13/2019 - 21:22:13: "BAD BOY<81><STEAM_1:1:175462098><CT>" killed "soldieR-<96><STEAM_0:1:91836881><TERRORIST>" with "deagle"
L 12/13/2019 - 21:22:15: "xXMr.ONurXx_YT<102><STEAM_2:1:935252518><>" joined team "CT"
L 12/13/2019 - 21:22:24: "2Pacalypse<67><VALVE_ID_LAN><TERRORIST>" killed "BABAITA<93><STEAM_1:0:603964278><CT>" with "ak47"
L 12/13/2019 - 21:22:49: "2Pacalypse<67><VALVE_ID_LAN><TERRORIST>" killed "BAD BOY<81><STEAM_1:1:175462098><CT>" with "ak47"
L 12/13/2019 - 21:22:49: "Maverick<46><STEAM_0:0:37264973><CT>" killed "2Pacalypse<67><VALVE_ID_LAN><TERRORIST>" with "usp"
L 12/13/2019 - 21:22:49: "Saad<7><STEAM_0:1:113405507><>" triggered "amx_chat" (text "oh shit soldier")
L 12/13/2019 - 21:22:55: "fun da king<92><STEAM_1:0:1655898477><TERRORIST>" killed "Maverick<46><STEAM_0:0:37264973><CT>" with "m4a1"
L 12/13/2019 - 21:22:56: "Saad<7><STEAM_0:1:113405507><>" triggered "amx_chat" (text "i dont wanna addhim xD")
L 12/13/2019 - 21:23:08: "Maverick<8><STEAM_0:0:37264973><>" triggered "amx_chat" (text "who")
L 12/13/2019 - 21:23:12: "Saad<7><STEAM_0:1:113405507><>" triggered "amx_chat" (text "soldier")
L 12/13/2019 - 21:23:21: "Saad<7><STEAM_0:1:113405507><>" triggered "amx_chat" (text "you added him again i saw yesterday :D")
L 12/13/2019 - 21:23:23: "Maverick<8><STEAM_0:0:37264973><>" triggered "amx_chat" (text "its okay saad")
L 12/13/2019 - 21:23:29: "XxXgeorgiXxX :)<70><STEAM_1:1:1289710602><TERRORIST>" committed suicide with "world"
L 12/13/2019 - 21:23:32: "Maverick<8><STEAM_0:0:37264973><>" triggered "amx_chat" (text "he invited me")
L 12/13/2019 - 21:23:38: "Jason Statham<100><STEAM_0:1:65160151><>" entered the game
L 12/13/2019 - 21:23:53: "Jason Statham<100><STEAM_0:1:65160151><>" joined team "TERRORIST"
L 12/13/2019 - 21:23:58: "Saad<51><STEAM_0:1:113405507><SPECTATOR>" disconnected
L 12/13/2019 - 21:24:01: [REUNION]: HuN3r (188.255.184.74) authorized as RevEmu
L 12/13/2019 - 21:24:01: "HuN3r<103><STEAM_1:1:1071071391><>" connected, address "188.255.184.74:27005"
L 12/13/2019 - 21:24:05: Team "TERRORIST" triggered "Hostages_Not_Rescued" (CT "0") (T "2")
L 12/13/2019 - 21:24:05: World triggered "Round_End"
L 12/13/2019 - 21:24:11: World triggered "Round_Start"
L 12/13/2019 - 21:24:28: "BAD BOY<81><STEAM_1:1:175462098><CT>" killed "soldieR-<96><STEAM_0:1:91836881><TERRORIST>" with "m4a1"
L 12/13/2019 - 21:24:37: "BAD BOY<81><STEAM_1:1:175462098><CT>" killed "fun da king<92><STEAM_1:0:1655898477><TERRORIST>" with "m4a1"
L 12/13/2019 - 21:24:54: "XxXgeorgiXxX :)<70><STEAM_1:1:1289710602><TERRORIST>" killed "2BONA<95><VALVE_ID_LAN><CT>" with "ak47"
L 12/13/2019 - 21:25:05: "xXMr.ONurXx_YT<102><STEAM_2:1:935252518><CT>" killed "XxXgeorgiXxX :)<70><STEAM_1:1:1289710602><TERRORIST>" with "m4a1"
L 12/13/2019 - 21:25:09: "Jason Statham<100><STEAM_0:1:65160151><TERRORIST>" killed "Maverick<46><STEAM_0:0:37264973><CT>" with "ak47"
L 12/13/2019 - 21:25:09: [REUNION]: HuN3r (188.255.184.74) authorized as RevEmu
L 12/13/2019 - 21:25:09: "HuN3r<104><STEAM_1:1:1071071391><>" connected, address "188.255.184.74:27005"
L 12/13/2019 - 21:25:20: "2Pacalypse<67><VALVE_ID_LAN><TERRORIST>" killed "xXMr.ONurXx_YT<102><STEAM_2:1:935252518><CT>" with "ak47"
L 12/13/2019 - 21:25:20: "BABAITA<93><STEAM_1:0:603964278><CT>" killed "2Pacalypse<67><VALVE_ID_LAN><TERRORIST>" with "ak47"
L 12/13/2019 - 21:25:20: [REUNION]: frantaa (160.176.40.40) authorized as RevEmu
L 12/13/2019 - 21:25:20: "frantaa<105><STEAM_1:1:1310698194><>" connected, address "160.176.40.40:27005"
L 12/13/2019 - 21:25:45: [REUNION]: FRESH (94.21.173.140) authorized as RevEmu
L 12/13/2019 - 21:25:45: "FRESH<106><STEAM_1:1:2020878342><>" connected, address "94.21.173.140:27005"
L 12/13/2019 - 21:25:48: "Jason Statham<100><STEAM_0:1:65160151><TERRORIST>" killed "BABAITA<93><STEAM_1:0:603964278><CT>" with "ak47"
L 12/13/2019 - 21:25:52: "BAD BOY<81><STEAM_1:1:175462098><CT>" killed "Jason Statham<100><STEAM_0:1:65160151><TERRORIST>" with "ak47"
L 12/13/2019 - 21:25:52: Team "CT" triggered "CTs_Win" (CT "1") (T "2")
L 12/13/2019 - 21:25:52: World triggered "Round_End"
L 12/13/2019 - 21:25:58: World triggered "Round_Start"
L 12/13/2019 - 21:26:23: "BAD BOY<81><STEAM_1:1:175462098><CT>" killed "fun da king<92><STEAM_1:0:1655898477><TERRORIST>" with "ak47"
L 12/13/2019 - 21:26:24: [REUNION]: AMKO (77.77.218.31) authorized as RevEmu
L 12/13/2019 - 21:26:24: "AMKO<107><STEAM_1:1:568279429><>" connected, address "77.77.218.31:13292"
L 12/13/2019 - 21:26:26: "BAD BOY<81><STEAM_1:1:175462098><CT>" killed "soldieR-<96><STEAM_0:1:91836881><TERRORIST>" with "ak47"
L 12/13/2019 - 21:26:29: [REUNION]: [Pro]Man (178.138.99.181) authorized as RevEmu
L 12/13/2019 - 21:26:29: "[Pro]Man<108><STEAM_2:1:704756790><>" connected, address "178.138.99.181:51235"
L 12/13/2019 - 21:26:40: "BABAITA<93><STEAM_1:0:603964278><CT>" killed "XxXgeorgiXxX :)<70><STEAM_1:1:1289710602><TERRORIST>" with "m4a1"
L 12/13/2019 - 21:26:51: [REUNION]: FRESH (94.21.173.140) authorized as RevEmu
L 12/13/2019 - 21:26:51: "FRESH<109><STEAM_1:1:2020878342><>" connected, address "94.21.173.140:27005"
L 12/13/2019 - 21:26:55: "2BONA<95><VALVE_ID_LAN><CT>" triggered "Killed_A_Hostage"
L 12/13/2019 - 21:27:00: "Jason Statham<100><STEAM_0:1:65160151><TERRORIST>" killed "BABAITA<93><STEAM_1:0:603964278><CT>" with "ak47"
L 12/13/2019 - 21:27:06: [REUNION]: mehmet (78.180.27.41) authorized as RevEmu
L 12/13/2019 - 21:27:06: "mehmet<110><STEAM_1:1:1506693661><>" connected, address "78.180.27.41:43229"
L 12/13/2019 - 21:27:09: "Maverick<46><STEAM_0:0:37264973><CT>" killed "2Pacalypse<67><VALVE_ID_LAN><TERRORIST>" with "knife"
L 12/13/2019 - 21:27:10: "2BONA<95><VALVE_ID_LAN><CT>" killed "Jason Statham<100><STEAM_0:1:65160151><TERRORIST>" with "sg550"
L 12/13/2019 - 21:27:10: Team "CT" triggered "CTs_Win" (CT "2") (T "2")
L 12/13/2019 - 21:27:10: World triggered "Round_End"
L 12/13/2019 - 21:27:14: [REUNION]: Y2K (46.40.60.231) authorized as RevEmu
L 12/13/2019 - 21:27:14: "Y2K<111><STEAM_1:1:1141231493><>" connected, address "46.40.60.231:27005"
L 12/13/2019 - 21:27:15: "2BONA<95><VALVE_ID_LAN><CT>" joined team "TERRORIST"
L 12/13/2019 - 21:27:15: "<><><>" triggered "amx_chat" (text "[PTB] Transfered 2BONA to TERRORIST")
L 12/13/2019 - 21:27:15: [REUNION]: SERVERBOOST.ML BUY PLAYERS (89.108.88.97) authorized as NoSteam48
L 12/13/2019 - 21:27:15: "SERVERBOOST.ML BUY PLAYERS<112><STEAM_ID_LAN><>" connected, address "89.108.88.97:10947"
L 12/13/2019 - 21:27:16: World triggered "Round_Start"
L 12/13/2019 - 21:27:18: [META] ClientCommand 'meta list' from player ''
L 12/13/2019 - 21:27:26: "Y2K<111><STEAM_1:1:1141231493><>" entered the game
L 12/13/2019 - 21:27:29: "Y2K<111><STEAM_1:1:1141231493><>" joined team "CT"
L 12/13/2019 - 21:27:43: "BAD BOY<81><STEAM_1:1:175462098><CT>" killed "2BONA<95><VALVE_ID_LAN><TERRORIST>" with "ak47"
L 12/13/2019 - 21:27:45: "BAD BOY<81><STEAM_1:1:175462098><CT>" killed "Jason Statham<100><STEAM_0:1:65160151><TERRORIST>" with "ak47"
L 12/13/2019 - 21:27:50: "BAD BOY<81><STEAM_1:1:175462098><CT>" killed "soldieR-<96><STEAM_0:1:91836881><TERRORIST>" with "ak47"
L 12/13/2019 - 21:27:57: "BABAITA<93><STEAM_1:0:603964278><CT>" killed "fun da king<92><STEAM_1:0:1655898477><TERRORIST>" with "m4a1"
L 12/13/2019 - 21:28:03: "XxXgeorgiXxX :)<70><STEAM_1:1:1289710602><TERRORIST>" killed "Maverick<46><STEAM_0:0:37264973><CT>" with "tracktrain"
L 12/13/2019 - 21:28:03: "Maverick<46><STEAM_0:0:37264973><CT>" killed "XxXgeorgiXxX :)<70><STEAM_1:1:1289710602><TERRORIST>" with "tracktrain"
L 12/13/2019 - 21:28:21: "2Pacalypse<67><VALVE_ID_LAN><TERRORIST>" killed "BABAITA<93><STEAM_1:0:603964278><CT>" with "ak47"
L 12/13/2019 - 21:28:29: [REUNION]: master (84.50.54.144) authorized as RevEmu
L 12/13/2019 - 21:28:29: "master<113><STEAM_1:0:1562239588><>" connected, address "84.50.54.144:27005"
L 12/13/2019 - 21:28:39: "2BONA<95><VALVE_ID_LAN><TERRORIST>" joined team "SPECTATOR"
L 12/13/2019 - 21:28:42: "xXMr.ONurXx_YT<102><STEAM_2:1:935252518><CT>" committed suicide with "world"
L 12/13/2019 - 21:29:09: [REUNION]: Crimson | Vatan [STJ] (78.190.211.173) authorized as RevEmu
L 12/13/2019 - 21:29:09: "Crimson | Vatan [STJ]<114><STEAM_1:1:1487648915><>" connected, address "78.190.211.173:54099"
L 12/13/2019 - 21:29:10: [REUNION]: <Warrior> Player (37.218.213.107) authorized as RevEmu
L 12/13/2019 - 21:29:10: "<Warrior> Player<115><STEAM_1:1:1706350721><>" connected, address "37.218.213.107:27005"
L 12/13/2019 - 21:29:15: "2BONA<95><VALVE_ID_LAN><SPECTATOR>" joined team "CT"
L 12/13/2019 - 21:29:16: "BAD BOY<81><STEAM_1:1:175462098><CT>" killed "2Pacalypse<67><VALVE_ID_LAN><TERRORIST>" with "ak47"
L 12/13/2019 - 21:29:16: Team "CT" triggered "CTs_Win" (CT "3") (T "2")
L 12/13/2019 - 21:29:16: World triggered "Round_End"
L 12/13/2019 - 21:29:20: "xXMr.ONurXx_YT<102><STEAM_2:1:935252518><CT>" joined team "TERRORIST"
L 12/13/2019 - 21:29:20: "<><><>" triggered "amx_chat" (text "[PTB] Transfered xXMr.ONurXx_YT to TERRORIST")
L 12/13/2019 - 21:29:22: World triggered "Round_Start"
L 12/13/2019 - 21:29:23: Kick: "2Pacalypse<67><VALVE_ID_LAN><>" was kicked by "Console" (message ""You have been Kicked for Spamming"")
L 12/13/2019 - 21:29:23: "2Pacalypse<67><VALVE_ID_LAN><TERRORIST>" disconnected
L 12/13/2019 - 21:29:24: "2BONA<95><VALVE_ID_LAN><CT>" committed suicide with "world"
L 12/13/2019 - 21:29:24: "2BONA<95><VALVE_ID_LAN><CT>" joined team "CT"
L 12/13/2019 - 21:29:25: "XxXgeorgiXxX :)<70><STEAM_1:1:1289710602><TERRORIST>" committed suicide with "the block of death" (world)
L 12/13/2019 - 21:29:25: [REUNION]: 2Pacalypse (130.185.211.206) authorized as NoSteam47
L 12/13/2019 - 21:29:25: "2Pacalypse<116><VALVE_ID_LAN><>" connected, address "130.185.211.206:27005"
L 12/13/2019 - 21:29:29: "2Pacalypse<116><VALVE_ID_LAN><>" entered the game
L 12/13/2019 - 21:29:31: "2Pacalypse<116><VALVE_ID_LAN><>" joined team "TERRORIST"
L 12/13/2019 - 21:29:46: "BAD BOY<81><STEAM_1:1:175462098><CT>" killed "fun da king<92><STEAM_1:0:1655898477><TERRORIST>" with "m249"
L 12/13/2019 - 21:29:51: "BAD BOY<81><STEAM_1:1:175462098><CT>" killed "xXMr.ONurXx_YT<102><STEAM_2:1:935252518><TERRORIST>" with "m249"
L 12/13/2019 - 21:29:55: "fun da king<92><STEAM_1:0:1655898477><TERRORIST>" joined team "CT"
L 12/13/2019 - 21:29:55: [REUNION]: Natsu (190.36.8.220) authorized as RevEmu
L 12/13/2019 - 21:29:55: "Natsu<117><STEAM_2:1:654252059><>" connected, address "190.36.8.220:27005"
L 12/13/2019 - 21:30:02: [REUNION]: master (84.50.54.144) authorized as RevEmu
L 12/13/2019 - 21:30:02: "master<118><STEAM_1:0:1562239588><>" connected, address "84.50.54.144:27005"
L 12/13/2019 - 21:30:07: "BAD BOY<81><STEAM_1:1:175462098><CT>" killed "Jason Statham<100><STEAM_0:1:65160151><TERRORIST>" with "m249"
L 12/13/2019 - 21:30:09: "master<118><STEAM_1:0:1562239588><>" entered the game
L 12/13/2019 - 21:30:12: "master<118><STEAM_1:0:1562239588><>" joined team "TERRORIST"
L 12/13/2019 - 21:30:33: "BAD BOY<81><STEAM_1:1:175462098><CT>" killed "soldieR-<96><STEAM_0:1:91836881><TERRORIST>" with "m249"
L 12/13/2019 - 21:30:33: Team "CT" triggered "CTs_Win" (CT "4") (T "2")
L 12/13/2019 - 21:30:33: World triggered "Round_End"
L 12/13/2019 - 21:30:37: "Maverick<46><STEAM_0:0:37264973><CT>" joined team "TERRORIST"
L 12/13/2019 - 21:30:37: "<><><>" triggered "amx_chat" (text "[PTB] Transfered Maverick to TERRORIST")
L 12/13/2019 - 21:30:39: World triggered "Round_Start"
L 12/13/2019 - 21:30:44: [REUNION]: Killer Bean (190.152.235.171) authorized as RevEmu
L 12/13/2019 - 21:30:44: "Killer Bean<119><STEAM_1:1:583155642><>" connected, address "190.152.235.171:10453"
L 12/13/2019 - 21:30:45: [REUNION]: [Pro]Man (178.138.99.181) authorized as RevEmu
L 12/13/2019 - 21:30:45: "[Pro]Man<120><STEAM_2:1:704756790><>" connected, address "178.138.99.181:42302"
L 12/13/2019 - 21:30:54: "Jason Statham<100><STEAM_0:1:65160151><TERRORIST>" committed suicide with "world"
L 12/13/2019 - 21:30:54: "Jason Statham<100><STEAM_0:1:65160151><TERRORIST>" joined team "SPECTATOR"
L 12/13/2019 - 21:30:57: "BAD BOY<81><STEAM_1:1:175462098><CT>" killed "master<118><STEAM_1:0:1562239588><TERRORIST>" with "m4a1"
L 12/13/2019 - 21:30:59: "BABAITA<93><STEAM_1:0:603964278><CT>" killed "2Pacalypse<116><VALVE_ID_LAN><TERRORIST>" with "sg550"
L 12/13/2019 - 21:31:00: "BAD BOY<81><STEAM_1:1:175462098><CT>" killed "xXMr.ONurXx_YT<102><STEAM_2:1:935252518><TERRORIST>" with "m4a1"
L 12/13/2019 - 21:31:02: "soldieR-<96><STEAM_0:1:91836881><TERRORIST>" killed "BAD BOY<81><STEAM_1:1:175462098><CT>" with "ak47"
L 12/13/2019 - 21:31:07: "[Pro]Man<120><STEAM_2:1:704756790><>" entered the game
L 12/13/2019 - 21:31:14: "2BONA<95><VALVE_ID_LAN><CT>" committed suicide with "world"
L 12/13/2019 - 21:31:14: "2BONA<95><VALVE_ID_LAN><CT>" joined team "CT"
L 12/13/2019 - 21:31:16: "Jason Statham<100><STEAM_0:1:65160151><SPECTATOR>" joined team "CT"
L 12/13/2019 - 21:31:17: "[Pro]Man<120><STEAM_2:1:704756790><>" joined team "CT"
L 12/13/2019 - 21:31:24: "Y2K<111><STEAM_1:1:1141231493><CT>" killed "Maverick<46><STEAM_0:0:37264973><TERRORIST>" with "deagle"
L 12/13/2019 - 21:31:26: [REUNION]: Hirschi (89.0.34.166) authorized as RevEmu
L 12/13/2019 - 21:31:26: "Hirschi<121><STEAM_1:0:113492748><>" connected, address "89.0.34.166:27005"
L 12/13/2019 - 21:31:26: "BABAITA<93><STEAM_1:0:603964278><CT>" killed "XxXgeorgiXxX :)<70><STEAM_1:1:1289710602><TERRORIST>" with "sg550"
L 12/13/2019 - 21:31:34: [REUNION]: <Warrior> Player (37.218.213.107) authorized as RevEmu
L 12/13/2019 - 21:31:34: "<Warrior> Player<122><STEAM_1:1:1706350721><>" connected, address "37.218.213.107:27005"
L 12/13/2019 - 21:31:42: "soldieR-<96><STEAM_0:1:91836881><TERRORIST>" killed "Y2K<111><STEAM_1:1:1141231493><CT>" with "ak47"
L 12/13/2019 - 21:31:43: "<Warrior> Player<122><STEAM_1:1:1706350721><>" entered the game
L 12/13/2019 - 21:32:10: [REUNION]: Hirschi (89.0.34.166) authorized as RevEmu
L 12/13/2019 - 21:32:10: "Hirschi<123><STEAM_1:0:113492748><>" connected, address "89.0.34.166:27005"
L 12/13/2019 - 21:32:14: "BABAITA<93><STEAM_1:0:603964278><CT>" killed "soldieR-<96><STEAM_0:1:91836881><TERRORIST>" with "sg550"
L 12/13/2019 - 21:32:14: Team "CT" triggered "CTs_Win" (CT "5") (T "2")
L 12/13/2019 - 21:32:14: World triggered "Round_End"
L 12/13/2019 - 21:32:18: "Hirschi<123><STEAM_1:0:113492748><>" entered the game
L 12/13/2019 - 21:32:19: "BAD BOY<81><STEAM_1:1:175462098><CT>" joined team "TERRORIST"
L 12/13/2019 - 21:32:19: "<><><>" triggered "amx_chat" (text "[PTB] Transfered BAD BOY to TERRORIST")
L 12/13/2019 - 21:32:20: World triggered "Round_Start"
L 12/13/2019 - 21:32:21: "2BONA<95><VALVE_ID_LAN><CT>" committed suicide with "world"
L 12/13/2019 - 21:32:21: "2BONA<95><VALVE_ID_LAN><CT>" joined team "TERRORIST"
L 12/13/2019 - 21:32:23: "Hirschi<123><STEAM_1:0:113492748><>" joined team "CT"
L 12/13/2019 - 21:32:39: "<Warrior> Player<122><STEAM_1:1:1706350721><>" joined team "SPECTATOR"
L 12/13/2019 - 21:32:45: "BAD BOY<81><STEAM_1:1:175462098><TERRORIST>" killed "Y2K<111><STEAM_1:1:1141231493><CT>" with "ak47"
L 12/13/2019 - 21:32:50: "<Warrior> Player<122><STEAM_1:1:1706350721><SPECTATOR>" disconnected
L 12/13/2019 - 21:32:51: "Y2K<111><STEAM_1:1:1141231493><CT>" disconnected
L 12/13/2019 - 21:32:52: "Jason Statham<100><STEAM_0:1:65160151><CT>" killed "xXMr.ONurXx_YT<102><STEAM_2:1:935252518><TERRORIST>" with "tracktrain"
L 12/13/2019 - 21:32:53: "soldieR-<96><STEAM_0:1:91836881><TERRORIST>" killed "Hirschi<123><STEAM_1:0:113492748><CT>" with "ak47"
L 12/13/2019 - 21:33:01: "Jason Statham<100><STEAM_0:1:65160151><CT>" killed "[Pro]Man<120><STEAM_2:1:704756790><CT>" with "tracktrain"
L 12/13/2019 - 21:33:02: "BABAITA<93><STEAM_1:0:603964278><CT>" killed "soldieR-<96><STEAM_0:1:91836881><TERRORIST>" with "sg550"
L 12/13/2019 - 21:33:03: "master<118><STEAM_1:0:1562239588><TERRORIST>" killed "Jason Statham<100><STEAM_0:1:65160151><CT>" with "ak47"
L 12/13/2019 - 21:33:05: [REUNION]: . (197.14.68.60) authorized as RevEmu
L 12/13/2019 - 21:33:05: ".<124><STEAM_1:1:193371093><>" connected, address "197.14.68.60:27005"
L 12/13/2019 - 21:33:10: "BABAITA<93><STEAM_1:0:603964278><CT>" killed "XxXgeorgiXxX :)<70><STEAM_1:1:1289710602><TERRORIST>" with "sg550"
L 12/13/2019 - 21:33:13: "2Pacalypse<116><VALVE_ID_LAN><TERRORIST>" killed "fun da king<92><STEAM_1:0:1655898477><CT>" with "ak47"
L 12/13/2019 - 21:33:27: "2Pacalypse<116><VALVE_ID_LAN><TERRORIST>" killed "BABAITA<93><STEAM_1:0:603964278><CT>" with "ak47"
L 12/13/2019 - 21:33:27: Team "TERRORIST" triggered "Terrorists_Win" (CT "5") (T "3")
L 12/13/2019 - 21:33:27: World triggered "Round_End"
L 12/13/2019 - 21:33:28: [REUNION]: Bertasek (188.146.184.72) authorized as RevEmu
L 12/13/2019 - 21:33:28: "Bertasek<125><STEAM_1:1:1687247797><>" connected, address "188.146.184.72:46645"
L 12/13/2019 - 21:33:32: "XxXgeorgiXxX :)<70><STEAM_1:1:1289710602><TERRORIST>" joined team "CT"
L 12/13/2019 - 21:33:32: "<><><>" triggered "amx_chat" (text "[PTB] Transfered XxXgeorgiXxX :) to CT")
L 12/13/2019 - 21:33:33: World triggered "Round_Start"
L 12/13/2019 - 21:33:37: [REUNION]: Bertasek (188.146.184.72) authorized as RevEmu
L 12/13/2019 - 21:33:37: "Bertasek<126><STEAM_1:1:1687247797><>" connected, address "188.146.184.72:46645"
L 12/13/2019 - 21:33:51: "BAD BOY<81><STEAM_1:1:175462098><TERRORIST>" killed "Hirschi<123><STEAM_1:0:113492748><CT>" with "ak47"
L 12/13/2019 - 21:33:51: "Bertasek<126><STEAM_1:1:1687247797><>" entered the game
L 12/13/2019 - 21:33:53: "BAD BOY<81><STEAM_1:1:175462098><TERRORIST>" killed "fun da king<92><STEAM_1:0:1655898477><CT>" with "ak47"
L 12/13/2019 - 21:33:56: "soldieR-<96><STEAM_0:1:91836881><TERRORIST>" killed "XxXgeorgiXxX :)<70><STEAM_1:1:1289710602><CT>" with "ak47"
L 12/13/2019 - 21:33:56: "Bertasek<126><STEAM_1:1:1687247797><>" joined team "TERRORIST"
L 12/13/2019 - 21:33:57: "BABAITA<93><STEAM_1:0:603964278><CT>" killed "2Pacalypse<116><VALVE_ID_LAN><TERRORIST>" with "grenade"
L 12/13/2019 - 21:33:58: "XxXgeorgiXxX :)<70><STEAM_1:1:1289710602><CT>" joined team "TERRORIST"
L 12/13/2019 - 21:34:01: "BABAITA<93><STEAM_1:0:603964278><CT>" killed "Maverick<46><STEAM_0:0:37264973><TERRORIST>" with "m4a1"
L 12/13/2019 - 21:34:05: "soldieR-<96><STEAM_0:1:91836881><TERRORIST>" killed "[Pro]Man<120><STEAM_2:1:704756790><CT>" with "ak47"
L 12/13/2019 - 21:34:15: "Jason Statham<100><STEAM_0:1:65160151><CT>" disconnected
L 12/13/2019 - 21:34:15: "BAD BOY<81><STEAM_1:1:175462098><TERRORIST>" killed "BABAITA<93><STEAM_1:0:603964278><CT>" with "ak47"
L 12/13/2019 - 21:34:15: Team "TERRORIST" triggered "Terrorists_Win" (CT "5") (T "4")
L 12/13/2019 - 21:34:15: World triggered "Round_End"
L 12/13/2019 - 21:34:20: "2Pacalypse<116><VALVE_ID_LAN><TERRORIST>" joined team "CT"
L 12/13/2019 - 21:34:20: "<><><>" triggered "amx_chat" (text "[PTB] Transfered 2Pacalypse to CT")
L 12/13/2019 - 21:34:21: World triggered "Round_Start"
L 12/13/2019 - 21:34:45: "Hirschi<123><STEAM_1:0:113492748><CT>" killed "Maverick<46><STEAM_0:0:37264973><TERRORIST>" with "aug"
L 12/13/2019 - 21:34:50: "BAD BOY<81><STEAM_1:1:175462098><TERRORIST>" killed "[Pro]Man<120><STEAM_2:1:704756790><CT>" with "aug"
L 12/13/2019 - 21:34:50: "BABAITA<93><STEAM_1:0:603964278><CT>" killed "BAD BOY<81><STEAM_1:1:175462098><TERRORIST>" with "aug"
L 12/13/2019 - 21:34:54: "Jason Statham<127><STEAM_0:1:65160151><>" connected, address "46.160.40.89:27005"
L 12/13/2019 - 21:34:54: "Jason Statham<127><STEAM_0:1:65160151><>" STEAM USERID validated
L 12/13/2019 - 21:34:59: "Jason Statham<127><STEAM_0:1:65160151><>" entered the game
L 12/13/2019 - 21:35:01: "2BONA<95><VALVE_ID_LAN><TERRORIST>" killed "xXMr.ONurXx_YT<102><STEAM_2:1:935252518><TERRORIST>" with "tracktrain"
L 12/13/2019 - 21:35:01: "fun da king<92><STEAM_1:0:1655898477><CT>" killed "Bertasek<126><STEAM_1:1:1687247797><TERRORIST>" with "aug"
L 12/13/2019 - 21:35:01: "soldieR-<96><STEAM_0:1:91836881><TERRORIST>" killed "BABAITA<93><STEAM_1:0:603964278><CT>" with "aug"
L 12/13/2019 - 21:35:04: "Jason Statham<127><STEAM_0:1:65160151><>" joined team "CT"
L 12/13/2019 - 21:35:06: [REUNION]: Natsu (190.36.8.220) authorized as RevEmu
L 12/13/2019 - 21:35:06: "Natsu<128><STEAM_2:1:654252059><>" connected, address "190.36.8.220:27005"
L 12/13/2019 - 21:35:07: "XxXgeorgiXxX :)<70><STEAM_1:1:1289710602><TERRORIST>" killed "fun da king<92><STEAM_1:0:1655898477><CT>" with "aug"
L 12/13/2019 - 21:35:12: "XxXgeorgiXxX :)<70><STEAM_1:1:1289710602><TERRORIST>" killed "Hirschi<123><STEAM_1:0:113492748><CT>" with "aug"
L 12/13/2019 - 21:35:14: [REUNION]: I'm in love with Surf Gateway! (109.242.136.155) authorized as RevEmu
L 12/13/2019 - 21:35:14: "I'm in love with Surf Gateway!<129><STEAM_1:0:1571963449><>" connected, address "109.242.136.155:27005"
L 12/13/2019 - 21:35:20: "2Pacalypse<116><VALVE_ID_LAN><CT>" killed "soldieR-<96><STEAM_0:1:91836881><TERRORIST>" with "aug"
L 12/13/2019 - 21:35:23: "2Pacalypse<116><VALVE_ID_LAN><CT>" killed "XxXgeorgiXxX :)<70><STEAM_1:1:1289710602><TERRORIST>" with "aug"
L 12/13/2019 - 21:35:26: [REUNION]: SERVERBOOST.ML BUY PLAYERS (89.108.88.97) authorized as NoSteam48
L 12/13/2019 - 21:35:26: "SERVERBOOST.ML BUY PLAYERS<130><STEAM_ID_LAN><>" connected, address "89.108.88.97:10947"
L 12/13/2019 - 21:35:29: [META] ClientCommand 'meta list' from player ''
L 12/13/2019 - 21:35:36: "2Pacalypse<116><VALVE_ID_LAN><CT>" killed "master<118><STEAM_1:0:1562239588><TERRORIST>" with "aug"
L 12/13/2019 - 21:35:37: "2Pacalypse<116><VALVE_ID_LAN><CT>" killed "2BONA<95><VALVE_ID_LAN><TERRORIST>" with "aug"
L 12/13/2019 - 21:35:37: Team "CT" triggered "CTs_Win" (CT "6") (T "4")
L 12/13/2019 - 21:35:37: World triggered "Round_End"
L 12/13/2019 - 21:35:41: [REUNION]: KAMIKAZE22VL (187.114.34.64) authorized as RevEmu
L 12/13/2019 - 21:35:41: "KAMIKAZE22VL<131><STEAM_1:1:768400024><>" connected, address "187.114.34.64:27005"
L 12/13/2019 - 21:35:42: "soldieR-<96><STEAM_0:1:91836881><TERRORIST>" joined team "CT"
L 12/13/2019 - 21:35:42: "<><><>" triggered "amx_chat" (text "[PTB] Transfered soldieR- to CT")
L 12/13/2019 - 21:35:43: World triggered "Round_Start"
L 12/13/2019 - 21:35:49: "xXMr.ONurXx_YT<102><STEAM_2:1:935252518><TERRORIST>" disconnected
L 12/13/2019 - 21:35:49: [REUNION]: ~ Joca Vrdzalo ~ (77.29.116.73) authorized as RevEmu
L 12/13/2019 - 21:35:49: "~ Joca Vrdzalo ~<132><STEAM_2:1:1329027><>" connected, address "77.29.116.73:27005"
L 12/13/2019 - 21:35:51: "Natsu<128><STEAM_2:1:654252059><>" entered the game
L 12/13/2019 - 21:35:56: Kick: "Atal Youcef<99><STEAM_2:0:1528993718><>" was kicked by "Console" (message "Error! Idle Timeout (6).")
L 12/13/2019 - 21:36:03: "soldieR-<96><STEAM_0:1:91836881><CT>" killed "2BONA<95><VALVE_ID_LAN><TERRORIST>" with "m4a1"
L 12/13/2019 - 21:36:05: Kick: "~ Joca Vrdzalo ~<132><STEAM_2:1:1329027><>" was kicked by "Console" (message "Error! Idle Timeout (1).")
L 12/13/2019 - 21:36:06: [REUNION]: xXMr.ONurXx_YT (84.54.153.225) authorized as RevEmu
L 12/13/2019 - 21:36:06: "xXMr.ONurXx_YT<133><STEAM_2:1:935252518><>" connected, address "84.54.153.225:36808"
L 12/13/2019 - 21:36:10: "[Pro]Man<120><STEAM_2:1:704756790><CT>" killed "soldieR-<96><STEAM_0:1:91836881><CT>" with "tracktrain"
L 12/13/2019 - 21:36:11: "xXMr.ONurXx_YT<133><STEAM_2:1:935252518><>" entered the game
L 12/13/2019 - 21:36:12: "BAD BOY<81><STEAM_1:1:175462098><TERRORIST>" killed "[Pro]Man<120><STEAM_2:1:704756790><CT>" with "awp"
L 12/13/2019 - 21:36:18: "Jason Statham<127><STEAM_0:1:65160151><CT>" killed "XxXgeorgiXxX :)<70><STEAM_1:1:1289710602><TERRORIST>" with "m4a1"
L 12/13/2019 - 21:36:20: "xXMr.ONurXx_YT<133><STEAM_2:1:935252518><>" joined team "TERRORIST"
L 12/13/2019 - 21:36:24: "master<118><STEAM_1:0:1562239588><TERRORIST>" killed "fun da king<92><STEAM_1:0:1655898477><CT>" with "ak47"
L 12/13/2019 - 21:36:30: [REUNION]: lazar (77.78.131.200) authorized as RevEmu
L 12/13/2019 - 21:36:30: "lazar<134><STEAM_2:0:52687802><>" connected, address "77.78.131.200:27006"
L 12/13/2019 - 21:36:32: "2Pacalypse<116><VALVE_ID_LAN><CT>" killed "BAD BOY<81><STEAM_1:1:175462098><TERRORIST>" with "aug"
L 12/13/2019 - 21:36:32: "2Pacalypse<116><VALVE_ID_LAN><CT>" triggered "Killed_A_Hostage"
L 12/13/2019 - 21:36:46: [REUNION]: Shaqo-_- (79.125.169.104) authorized as RevEmu
L 12/13/2019 - 21:36:46: "Shaqo-_-<135><STEAM_1:0:558453709><>" connected, address "79.125.169.104:27005"
L 12/13/2019 - 21:36:49: "Natsu<128><STEAM_2:1:654252059><>" joined team "SPECTATOR"
L 12/13/2019 - 21:37:02: "[Pro]Man<120><STEAM_2:1:704756790><CT>" joined team "TERRORIST"
L 12/13/2019 - 21:37:08: "BABAITA<93><STEAM_1:0:603964278><CT>" killed "master<118><STEAM_1:0:1562239588><TERRORIST>" with "awp"
L 12/13/2019 - 21:37:10: "Hirschi<123><STEAM_1:0:113492748><CT>" triggered "Killed_A_Hostage"
L 12/13/2019 - 21:37:14: "Saad<136><STEAM_0:1:113405507><>" connected, address "196.246.134.26:27005"
L 12/13/2019 - 21:37:15: "Saad<136><STEAM_0:1:113405507><>" STEAM USERID validated
L 12/13/2019 - 21:37:20: "Hirschi<123><STEAM_1:0:113492748><CT>" killed "Bertasek<126><STEAM_1:1:1687247797><TERRORIST>" with "m4a1"
L 12/13/2019 - 21:37:22: [REUNION]: Shaqo-_- (79.125.169.104) authorized as RevEmu
L 12/13/2019 - 21:37:22: "Shaqo-_-<137><STEAM_1:0:558453709><>" connected, address "79.125.169.104:27005"
L 12/13/2019 - 21:37:22: "Saad<136><STEAM_0:1:113405507><>" entered the game
L 12/13/2019 - 21:37:24: "fun da king<92><STEAM_1:0:1655898477><CT>" joined team "SPECTATOR"
L 12/13/2019 - 21:37:31: "Saad<136><STEAM_0:1:113405507><>" joined team "CT"
L 12/13/2019 - 21:37:37: "Saad<19><STEAM_0:1:113405507><>" triggered "amx_chat" (text "OH my GOD!!")
L 12/13/2019 - 21:37:38: "Natsu<128><STEAM_2:1:654252059><SPECTATOR>" joined team "CT"
L 12/13/2019 - 21:37:47: "Jason Statham<127><STEAM_0:1:65160151><CT>" killed "Maverick<46><STEAM_0:0:37264973><TERRORIST>" with "m4a1"
L 12/13/2019 - 21:37:47: Team "CT" triggered "CTs_Win" (CT "7") (T "4")
L 12/13/2019 - 21:37:47: World triggered "Round_End"
L 12/13/2019 - 21:37:49: "Saad<19><STEAM_0:1:113405507><>" triggered "amx_chat" (text "havent seen this many players  before")
L 12/13/2019 - 21:37:53: World triggered "Round_Start"
L 12/13/2019 - 21:37:57: "Bertasek<126><STEAM_1:1:1687247797><TERRORIST>" disconnected
L 12/13/2019 - 21:37:58: "Maverick<8><STEAM_0:0:37264973><>" triggered "amx_chat" (text "fun da king boosted thats why")
L 12/13/2019 - 21:37:59: "Saad<19><STEAM_0:1:113405507><>" triggered "amx_chat" (text "looked sooo goood :D")
L 12/13/2019 - 21:38:04: "[Pro]Man<120><STEAM_2:1:704756790><TERRORIST>" committed suicide with "world"
L 12/13/2019 - 21:38:05: "Saad<19><STEAM_0:1:113405507><>" triggered "amx_chat" (text "yes :D is he vip now")
L 12/13/2019 - 21:38:07: "Saad<19><STEAM_0:1:113405507><>" triggered "amx_chat" (text "")
L 12/13/2019 - 21:38:08: "Saad<19><STEAM_0:1:113405507><>" triggered "amx_chat" (text "nice")
L 12/13/2019 - 21:38:10: "fun da king<92><STEAM_1:0:1655898477><SPECTATOR>" joined team "TERRORIST"
L 12/13/2019 - 21:38:11: "BAD BOY<81><STEAM_1:1:175462098><TERRORIST>" killed "soldieR-<96><STEAM_0:1:91836881><CT>" with "ak47"
L 12/13/2019 - 21:38:14: "BAD BOY<81><STEAM_1:1:175462098><TERRORIST>" killed "Natsu<128><STEAM_2:1:654252059><CT>" with "glock18"
L 12/13/2019 - 21:38:16: "2Pacalypse<116><VALVE_ID_LAN><CT>" killed "BAD BOY<81><STEAM_1:1:175462098><TERRORIST>" with "m4a1"
L 12/13/2019 - 21:38:17: "Saad<19><STEAM_0:1:113405507><>" triggered "amx_chat" (text "omgg there were like 7-8 in spec D: old days :D")
L 12/13/2019 - 21:38:21: "Jason Statham<127><STEAM_0:1:65160151><CT>" triggered "Touched_A_Hostage"
L 12/13/2019 - 21:38:22: "master<118><STEAM_1:0:1562239588><TERRORIST>" killed "Hirschi<123><STEAM_1:0:113492748><CT>" with "ak47"
L 12/13/2019 - 21:38:22: "BABAITA<93><STEAM_1:0:603964278><CT>" killed "master<118><STEAM_1:0:1562239588><TERRORIST>" with "awp"
L 12/13/2019 - 21:38:25: "BABAITA<93><STEAM_1:0:603964278><CT>" killed "Maverick<46><STEAM_0:0:37264973><TERRORIST>" with "awp"
L 12/13/2019 - 21:38:29: "Jason Statham<127><STEAM_0:1:65160151><CT>" triggered "Touched_A_Hostage"
L 12/13/2019 - 21:38:29: "2Pacalypse<116><VALVE_ID_LAN><CT>" killed "2BONA<95><VALVE_ID_LAN><TERRORIST>" with "m4a1"
L 12/13/2019 - 21:38:31: "BABAITA<93><STEAM_1:0:603964278><CT>" killed "xXMr.ONurXx_YT<133><STEAM_2:1:935252518><TERRORIST>" with "awp"
L 12/13/2019 - 21:38:40: "XxXgeorgiXxX :)<70><STEAM_1:1:1289710602><TERRORIST>" killed "Saad<136><STEAM_0:1:113405507><CT>" with "ak47"
L 12/13/2019 - 21:38:41: "Hirschi<123><STEAM_1:0:113492748><CT>" disconnected
L 12/13/2019 - 21:38:44: "Saad<19><STEAM_0:1:113405507><>" triggered "amx_chat" (text "oh shit idk how to  talk to him ahaha")
L 12/13/2019 - 21:38:47: "Maverick<8><STEAM_0:0:37264973><>" triggered "amx_chat" (text "yeah old days :D")
L 12/13/2019 - 21:38:52: "2Pacalypse<116><VALVE_ID_LAN><CT>" killed "fun da king<92><STEAM_1:0:1655898477><TERRORIST>" with "m4a1"
L 12/13/2019 - 21:38:56: Server cvar "mp_timelimit" = "0.000000"
L 12/13/2019 - 21:39:03: "Maverick<8><STEAM_0:0:37264973><>" triggered "amx_chat" (text "when I used to boost regulary and more ppl used to come form it")
L 12/13/2019 - 21:39:07: [REUNION]: bagabuntu (79.118.129.167) authorized as RevEmu
L 12/13/2019 - 21:39:07: "bagabuntu<138><STEAM_1:1:1022275788><>" connected, address "79.118.129.167:27005"
L 12/13/2019 - 21:39:07: "BABAITA<93><STEAM_1:0:603964278><CT>" killed "XxXgeorgiXxX :)<70><STEAM_1:1:1289710602><TERRORIST>" with "awp"
L 12/13/2019 - 21:39:07: Team "CT" triggered "CTs_Win" (CT "8") (T "4")
L 12/13/2019 - 21:39:07: World triggered "Round_End"
L 12/13/2019 - 21:39:13: World triggered "Round_Start"
L 12/13/2019 - 21:39:14: "Saad<19><STEAM_0:1:113405507><>" triggered "amx_chat" (text "yes :D")
L 12/13/2019 - 21:39:14: Server cvar "amx_nextmap" = "big_city2"
L 12/13/2019 - 21:39:21: Kick: "bagabuntu<138><STEAM_1:1:1022275788><>" was kicked by "Console" (message "Error! Idle Timeout (2).")
L 12/13/2019 - 21:39:28: [REUNION]: MC.moriss (176.43.97.71) authorized as RevEmu
L 12/13/2019 - 21:39:28: "MC.moriss<139><STEAM_1:0:1501121084><>" connected, address "176.43.97.71:27005"
L 12/13/2019 - 21:39:34: "xXMr.ONurXx_YT<133><STEAM_2:1:935252518><TERRORIST>" killed "Jason Statham<127><STEAM_0:1:65160151><CT>" with "mac10"
L 12/13/2019 - 21:39:35: "BABAITA<93><STEAM_1:0:603964278><CT>" killed "xXMr.ONurXx_YT<133><STEAM_2:1:935252518><TERRORIST>" with "mp5navy"
L 12/13/2019 - 21:39:40: "soldieR-<96><STEAM_0:1:91836881><CT>" killed "BAD BOY<81><STEAM_1:1:175462098><TERRORIST>" with "mac10"
L 12/13/2019 - 21:39:45: "Natsu<128><STEAM_2:1:654252059><CT>" triggered "Killed_A_Hostage"
L 12/13/2019 - 21:39:47: "fun da king<92><STEAM_1:0:1655898477><TERRORIST>" killed "Natsu<128><STEAM_2:1:654252059><CT>" with "mac10"
L 12/13/2019 - 21:39:48: "Saad<19><STEAM_0:1:113405507><>" triggered "amx_chat" (text "lol he sent me request :|")
L 12/13/2019 - 21:39:50: "[Pro]Man<120><STEAM_2:1:704756790><TERRORIST>" killed "2Pacalypse<116><VALVE_ID_LAN><CT>" with "mac10"
L 12/13/2019 - 21:39:56: "BABAITA<93><STEAM_1:0:603964278><CT>" killed "[Pro]Man<120><STEAM_2:1:704756790><TERRORIST>" with "mp5navy"
L 12/13/2019 - 21:39:58: "BABAITA<93><STEAM_1:0:603964278><CT>" killed "Maverick<46><STEAM_0:0:37264973><TERRORIST>" with "mp5navy"
L 12/13/2019 - 21:39:59: "Saad<19><STEAM_0:1:113405507><>" triggered "amx_chat" (text "my frinds are 26 now only after removing all and now again :/")
L 12/13/2019 - 21:40:04: "Maverick<8><STEAM_0:0:37264973><>" triggered "amx_chat" (text "he likes you as horny as you are")
L 12/13/2019 - 21:40:05: "2BONA<95><VALVE_ID_LAN><TERRORIST>" committed suicide with "world"
L 12/13/2019 - 21:40:10: "Saad<19><STEAM_0:1:113405507><>" triggered "amx_chat" (text "hahahahah")
L 12/13/2019 - 21:40:14: Kick: "HuN3r<104><STEAM_1:1:1071071391><>" was kicked by "Console" (message "Error! Idle Timeout (6).")
L 12/13/2019 - 21:40:21: "Saad<19><STEAM_0:1:113405507><>" triggered "amx_chat" (text "i passed luna horny test :D  me no horny")
L 12/13/2019 - 21:40:22: [REUNION]: HuN3r (188.255.184.74) authorized as RevEmu
L 12/13/2019 - 21:40:22: "HuN3r<140><STEAM_1:1:1071071391><>" connected, address "188.255.184.74:27005"
L 12/13/2019 - 21:40:36: [REUNION]: DON (194.58.74.118) authorized as RevEmu
L 12/13/2019 - 21:40:36: "DON<141><STEAM_1:1:1873194102><>" connected, address "194.58.74.118:27005"
L 12/13/2019 - 21:40:36: "BABAITA<93><STEAM_1:0:603964278><CT>" killed "master<118><STEAM_1:0:1562239588><TERRORIST>" with "mp5navy"
L 12/13/2019 - 21:41:05: "soldieR-<96><STEAM_0:1:91836881><CT>" killed "XxXgeorgiXxX :)<70><STEAM_1:1:1289710602><TERRORIST>" with "mac10"
L 12/13/2019 - 21:41:31: Team "TERRORIST" triggered "Hostages_Not_Rescued" (CT "8") (T "5")
L 12/13/2019 - 21:41:31: World triggered "Round_End"
L 12/13/2019 - 21:41:37: World triggered "Round_Start"
L 12/13/2019 - 21:41:37: Server cvar "sv_maxspeed" = "0.000000"
L 12/13/2019 - 21:41:37: Server cvar "mp_friendlyfire" = "1"
L 12/13/2019 - 21:41:40: "BABAITA<93><STEAM_1:0:603964278><CT>" killed "soldieR-<96><STEAM_0:1:91836881><CT>" with "g3sg1"
L 12/13/2019 - 21:41:40: "Jason Statham<127><STEAM_0:1:65160151><CT>" killed "Natsu<128><STEAM_2:1:654252059><CT>" with "g3sg1"
L 12/13/2019 - 21:41:41: "XxXgeorgiXxX :)<70><STEAM_1:1:1289710602><TERRORIST>" killed "xXMr.ONurXx_YT<133><STEAM_2:1:935252518><TERRORIST>" with "g3sg1"
L 12/13/2019 - 21:41:42: "2Pacalypse<116><VALVE_ID_LAN><CT>" killed "Jason Statham<127><STEAM_0:1:65160151><CT>" with "g3sg1"
L 12/13/2019 - 21:41:42: "BABAITA<93><STEAM_1:0:603964278><CT>" killed "2Pacalypse<116><VALVE_ID_LAN><CT>" with "g3sg1"
L 12/13/2019 - 21:41:42: "BAD BOY<81><STEAM_1:1:175462098><TERRORIST>" killed "Maverick<46><STEAM_0:0:37264973><TERRORIST>" with "g3sg1"
L 12/13/2019 - 21:41:43: "XxXgeorgiXxX :)<70><STEAM_1:1:1289710602><TERRORIST>" killed "fun da king<92><STEAM_1:0:1655898477><TERRORIST>" with "g3sg1"
L 12/13/2019 - 21:41:43: "BAD BOY<81><STEAM_1:1:175462098><TERRORIST>" killed "2BONA<95><VALVE_ID_LAN><TERRORIST>" with "g3sg1"
L 12/13/2019 - 21:41:45: "XxXgeorgiXxX :)<70><STEAM_1:1:1289710602><TERRORIST>" committed suicide with "world"
L 12/13/2019 - 21:41:47: "BAD BOY<81><STEAM_1:1:175462098><TERRORIST>" committed suicide with "world"
L 12/13/2019 - 21:41:49: Server cvar "sv_maxspeed" = "900.000000"
L 12/13/2019 - 21:41:49: Server cvar "mp_friendlyfire" = "0"
L 12/13/2019 - 21:41:49: Server cvar "mp_timelimit" = "20.000000"
L 12/13/2019 - 21:41:49: [META] ini: Begin re-reading plugins list: /home/rented/public9/cstrike/addons/metamod/plugins.ini
L 12/13/2019 - 21:41:49: [META] ini: Read plugin config for: SafeNameAndChat
L 12/13/2019 - 21:41:49: [META] ini: Read plugin config for: AMX Mod X
L 12/13/2019 - 21:41:49: [META] ini: Read plugin config for: Reunion
L 12/13/2019 - 21:41:49: [META] ini: Read plugin config for: ReAuthCheck
L 12/13/2019 - 21:41:49: [META] ini: Read plugin config for: WHBlocker
L 12/13/2019 - 21:41:49: [META] ini: Read plugin config for: ReSemiclip
L 12/13/2019 - 21:41:49: [META] ini: Read plugin config for: Revoice
L 12/13/2019 - 21:41:49: [META] ini: Finished reading plugins list: /home/rented/public9/cstrike/addons/metamod/plugins.ini; Found 7 plugins
L 12/13/2019 - 21:41:49: [META] dll: Updating plugins...
L 12/13/2019 - 21:41:49: [META] WARNING: Cannot clear plugin 'SafeNameAndChat'; not marked as failed, empty, or open (status=valid)
L 12/13/2019 - 21:41:49: [META] dll: Unloaded plugin 'SafeNameAndChat' for reason 'file on disk is newer'
L 12/13/2019 - 21:41:49: [META] dll: Loaded plugin 'SafeNameAndChat': SafeNameAndChat v1.1 2017.02.01, WPMG.PRoSToC0der
L 12/13/2019 - 21:41:49: [META] WARNING: Cannot clear plugin 'WHBlocker'; not marked as failed, empty, or open (status=valid)
L 12/13/2019 - 21:41:49: [META] dll: Unloaded plugin 'WHBlocker' for reason 'file on disk is newer'
L 12/13/2019 - 21:41:49: [META] dll: Loaded plugin 'WHBlocker': WHBlocker v1.5.692 2017-04-13, s1lent
L 12/13/2019 - 21:41:49: [META] WARNING: Cannot clear plugin 'ReSemiclip'; not marked as failed, empty, or open (status=valid)
L 12/13/2019 - 21:41:49: [META] dll: Unloaded plugin 'ReSemiclip' for reason 'file on disk is newer'
L 12/13/2019 - 21:41:49: [META] dll: Loaded plugin 'ReSemiclip': ReSemiclip v2.3.9 13/02/17, s1lent & Adidasman
L 12/13/2019 - 21:41:49: [META] dll: Finished updating 14 plugins; kept 0, loaded 0, unloaded 0, reloaded 3, delayed 0
L 12/13/2019 - 21:41:49: "BABAITA<93><STEAM_1:0:603964278><CT>" disconnected
L 12/13/2019 - 21:41:49: "xXMr.ONurXx_YT<133><STEAM_2:1:935252518><TERRORIST>" disconnected
L 12/13/2019 - 21:41:49: "fun da king<92><STEAM_1:0:1655898477><TERRORIST>" disconnected
L 12/13/2019 - 21:41:49: "XxXgeorgiXxX :)<70><STEAM_1:1:1289710602><TERRORIST>" disconnected
L 12/13/2019 - 21:41:49: "2Pacalypse<116><VALVE_ID_LAN><CT>" disconnected
L 12/13/2019 - 21:41:49: "2BONA<95><VALVE_ID_LAN><TERRORIST>" disconnected
L 12/13/2019 - 21:41:49: "HuN3r<140><STEAM_1:1:1071071391><SPECTATOR>" disconnected
L 12/13/2019 - 21:41:49: "Maverick<46><STEAM_0:0:37264973><TERRORIST>" disconnected
L 12/13/2019 - 21:41:49: "soldieR-<96><STEAM_0:1:91836881><CT>" disconnected
L 12/13/2019 - 21:41:49: "BAD BOY<81><STEAM_1:1:175462098><TERRORIST>" disconnected
L 12/13/2019 - 21:41:49: "Jason Statham<127><STEAM_0:1:65160151><CT>" disconnected
L 12/13/2019 - 21:41:49: "Natsu<128><STEAM_2:1:654252059><CT>" disconnected
L 12/13/2019 - 21:41:49: "master<118><STEAM_1:0:1562239588><TERRORIST>" disconnected
L 12/13/2019 - 21:41:49: "[Pro]Man<120><STEAM_2:1:704756790><TERRORIST>" disconnected
L 12/13/2019 - 21:41:49: "Saad<136><STEAM_0:1:113405507><CT>" disconnected
L 12/13/2019 - 21:41:49: World triggered "Round_Draw" (CT "8") (T "5")
L 12/13/2019 - 21:41:49: World triggered "Round_End"
L 12/13/2019 - 21:41:49: Log file closed
