L 12/13/2019 - 00:28:17: Log file started (file "logs/L1213092.log") (game "cstrike") (version "48/1.1.2.7/Stdio/1621")
L 12/13/2019 - 00:28:17: Loading map "GM_StarWars"
L 12/13/2019 - 00:28:17: Server cvars start
L 12/13/2019 - 00:28:17: Server cvar "@BunnyHopper" = "3.x"
L 12/13/2019 - 00:28:17: Server cvar "@CRXGoSpec" = "1.1"
L 12/13/2019 - 00:28:17: Server cvar "@CRXRemoveImmunity" = "1.0"
L 12/13/2019 - 00:28:17: Server cvar "@D.I.C.E." = "1.1"
L 12/13/2019 - 00:28:17: Server cvar "@MOTDCommands" = "1.2"
L 12/13/2019 - 00:28:17: Server cvar "advanced_quake_sounds" = "5.0"
L 12/13/2019 - 00:28:17: Server cvar "AdvancedMute" = "1.0"
L 12/13/2019 - 00:28:17: Server cvar "aesp_version" = "1.3"
L 12/13/2019 - 00:28:17: Server cvar "allow_spectators" = "1.0"
L 12/13/2019 - 00:28:17: Server cvar "amx_client_languages" = "1"
L 12/13/2019 - 00:28:17: Server cvar "amx_language" = "en"
L 12/13/2019 - 00:28:17: Server cvar "amx_nextmap" = "air_fight2"
L 12/13/2019 - 00:28:17: Server cvar "amx_ptb_version" = "1.8b3"
L 12/13/2019 - 00:28:17: Server cvar "amx_timeleft" = "19:57"
L 12/13/2019 - 00:28:17: Server cvar "amxmodx_version" = "1.8.2"
L 12/13/2019 - 00:28:17: Server cvar "amxxbg_vip" = "1.0"
L 12/13/2019 - 00:28:17: Server cvar "asp_version" = "4.5.1"
L 12/13/2019 - 00:28:17: Server cvar "atac_version" = "3.0.1"
L 12/13/2019 - 00:28:17: Server cvar "badcamper_version" = "1.4 beta"
L 12/13/2019 - 00:28:17: Server cvar "blockmaker" = "4.01"
L 12/13/2019 - 00:28:17: Server cvar "c4 timer" = "1.1"
L 12/13/2019 - 00:28:17: Server cvar "coop" = "0"
L 12/13/2019 - 00:28:17: Server cvar "CRXAdminGroups" = "1.0"
L 12/13/2019 - 00:28:17: Server cvar "CRXCommandRestrictions" = "1.0"
L 12/13/2019 - 00:28:17: Server cvar "CRXFastKnife" = "1.0"
L 12/13/2019 - 00:28:17: Server cvar "CRXGametracker" = "2.0"
L 12/13/2019 - 00:28:17: Server cvar "CRXKnifeModels" = "2.5.7"
L 12/13/2019 - 00:28:17: Server cvar "CRXTeamAdvantage" = "1.0"
L 12/13/2019 - 00:28:17: Server cvar "CustomShop" = "4.2"
L 12/13/2019 - 00:28:17: Server cvar "deathmatch" = "1"
L 12/13/2019 - 00:28:17: Server cvar "decalfrequency" = "0"
L 12/13/2019 - 00:28:17: Server cvar "edgefriction" = "2"
L 12/13/2019 - 00:28:17: Server cvar "ers_version" = "2.3c"
L 12/13/2019 - 00:28:17: Server cvar "gagsystem_shoko" = "1.0"
L 12/13/2019 - 00:28:17: Server cvar "gal_mapcyclefile" = "mapcycle.txt"
L 12/13/2019 - 00:28:17: Server cvar "gal_version" = "v5.9.1-926"
L 12/13/2019 - 00:28:17: Server cvar "game_version" = "5.7.0.313-dev"
L 12/13/2019 - 00:28:17: Server cvar "humans_join_team" = "any"
L 12/13/2019 - 00:28:17: Server cvar "jtp10181" = "chute,gore"
L 12/13/2019 - 00:28:17: Server cvar "lawliet" = "ny_RainingSnow"
L 12/13/2019 - 00:28:17: Server cvar "LetitSnow" = "1.0"
L 12/13/2019 - 00:28:17: Server cvar "map_spawns" = "T(16) CT(16)"
L 12/13/2019 - 00:28:17: Server cvar "max_queries_sec" = "3"
L 12/13/2019 - 00:28:17: Server cvar "max_queries_sec_global" = "150"
L 12/13/2019 - 00:28:17: Server cvar "max_queries_window" = "60"
L 12/13/2019 - 00:28:17: Server cvar "mdbBans" = "4.8"
L 12/13/2019 - 00:28:17: Server cvar "metamod_version" = "1.21p37"
L 12/13/2019 - 00:28:17: Server cvar "mp_autokick" = "0"
L 12/13/2019 - 00:28:17: Server cvar "mp_autokick_timeout" = "-1"
L 12/13/2019 - 00:28:17: Server cvar "mp_autoteambalance" = "0"
L 12/13/2019 - 00:28:17: Server cvar "mp_buytime" = "1"
L 12/13/2019 - 00:28:17: Server cvar "mp_c4timer" = "35"
L 12/13/2019 - 00:28:17: Server cvar "mp_chattime" = "10"
L 12/13/2019 - 00:28:17: Server cvar "mp_consistency" = "1"
L 12/13/2019 - 00:28:17: Server cvar "mp_fadetoblack" = "0"
L 12/13/2019 - 00:28:17: Server cvar "mp_flashlight" = "1"
L 12/13/2019 - 00:28:17: Server cvar "mp_footsteps" = "1"
L 12/13/2019 - 00:28:17: Server cvar "mp_forcecamera" = "0"
L 12/13/2019 - 00:28:17: Server cvar "mp_forcechasecam" = "0"
L 12/13/2019 - 00:28:17: Server cvar "mp_forcerespawn" = "0"
L 12/13/2019 - 00:28:17: Server cvar "mp_fraglimit" = "0"
L 12/13/2019 - 00:28:17: Server cvar "mp_fragsleft" = "0"
L 12/13/2019 - 00:28:17: Server cvar "mp_freeforall" = "0"
L 12/13/2019 - 00:28:17: Server cvar "mp_freezetime" = "1"
L 12/13/2019 - 00:28:17: Server cvar "mp_friendlyfire" = "0"
L 12/13/2019 - 00:28:17: Server cvar "mp_hostage_hurtable" = "1"
L 12/13/2019 - 00:28:17: Server cvar "mp_hostagepenalty" = "0"
L 12/13/2019 - 00:28:17: Server cvar "mp_item_staytime" = "300"
L 12/13/2019 - 00:28:17: Server cvar "mp_kickpercent" = "0.66"
L 12/13/2019 - 00:28:17: Server cvar "mp_legacy_bombtarget_touch" = "1"
L 12/13/2019 - 00:28:17: Server cvar "mp_limitteams" = "1"
L 12/13/2019 - 00:28:17: Server cvar "mp_logdetail" = "0"
L 12/13/2019 - 00:28:17: Server cvar "mp_logfile" = "1"
L 12/13/2019 - 00:28:17: Server cvar "mp_logmessages" = "1"
L 12/13/2019 - 00:28:17: Server cvar "mp_mapvoteratio" = "0.66"
L 12/13/2019 - 00:28:17: Server cvar "mp_maxmoney" = "999999"
L 12/13/2019 - 00:28:17: Server cvar "mp_maxrounds" = "0"
L 12/13/2019 - 00:28:17: Server cvar "mp_mirrordamage" = "0"
L 12/13/2019 - 00:28:17: Server cvar "mp_old_bomb_defused_sound" = "1"
L 12/13/2019 - 00:28:17: Server cvar "mp_playerid" = "0"
L 12/13/2019 - 00:28:17: Server cvar "mp_respawn_immunitytime" = "0"
L 12/13/2019 - 00:28:17: Server cvar "mp_round_infinite" = "0"
L 12/13/2019 - 00:28:17: Server cvar "mp_round_restart_delay" = "5"
L 12/13/2019 - 00:28:17: Server cvar "mp_roundover" = "0"
L 12/13/2019 - 00:28:17: Server cvar "mp_roundtime" = "2.3"
L 12/13/2019 - 00:28:17: Server cvar "mp_show_radioicon" = "1"
L 12/13/2019 - 00:28:17: Server cvar "mp_startmoney" = "850"
L 12/13/2019 - 00:28:17: Server cvar "mp_timeleft" = "19:56"
L 12/13/2019 - 00:28:17: Server cvar "mp_timelimit" = "20"
L 12/13/2019 - 00:28:17: Server cvar "mp_tkpunish" = "0"
L 12/13/2019 - 00:28:17: Server cvar "mp_windifference" = "1"
L 12/13/2019 - 00:28:17: Server cvar "mp_winlimit" = "0"
L 12/13/2019 - 00:28:17: Server cvar "NoWeaponsOnGround" = "1.0"
L 12/13/2019 - 00:28:17: Server cvar "pausable" = "0"
L 12/13/2019 - 00:28:17: Server cvar "present_version" = "2.01"
L 12/13/2019 - 00:28:17: Server cvar "RandomHP" = "2.2"
L 12/13/2019 - 00:28:17: Server cvar "reauthcheck_version" = "0.1.6"
L 12/13/2019 - 00:28:17: Server cvar "reconnect_features" = "0.3.1"
L 12/13/2019 - 00:28:17: Server cvar "report_system_version" = "3.1"
L 12/13/2019 - 00:28:17: Server cvar "resemiclip_version" = "2.3.9"
L 12/13/2019 - 00:28:17: Server cvar "reu_version" = "0.1.0.130"
L 12/13/2019 - 00:28:17: Server cvar "revoice_version" = "0.1.0.30"
L 12/13/2019 - 00:28:17: Server cvar "sanksounds_version" = "1.8.6"
L 12/13/2019 - 00:28:17: Server cvar "SimpleMenu" = "1.1"
L 12/13/2019 - 00:28:17: Server cvar "SNAC_Version" = "1.1"
L 12/13/2019 - 00:28:17: Server cvar "SpecList" = "1.2a"
L 12/13/2019 - 00:28:17: Server cvar "sr_version" = "1.6"
L 12/13/2019 - 00:28:17: Server cvar "statsx_shell_ver" = "2.0.0 (BETA)"
L 12/13/2019 - 00:28:17: Server cvar "StyleC4Timer" = "2.1"
L 12/13/2019 - 00:28:17: Server cvar "sv_accelerate" = "5"
L 12/13/2019 - 00:28:17: Server cvar "sv_aim" = "1"
L 12/13/2019 - 00:28:17: Server cvar "sv_airaccelerate" = "100"
L 12/13/2019 - 00:28:17: Server cvar "sv_allowupload" = "1"
L 12/13/2019 - 00:28:17: Server cvar "sv_alltalk" = "1"
L 12/13/2019 - 00:28:17: Server cvar "sv_bounce" = "1"
L 12/13/2019 - 00:28:17: Server cvar "sv_cheats" = "0"
L 12/13/2019 - 00:28:17: Server cvar "sv_clienttrace" = "1"
L 12/13/2019 - 00:28:17: Server cvar "sv_contact" = "feruchio599@gmail.com"
L 12/13/2019 - 00:28:17: Server cvar "sv_friction" = "4"
L 12/13/2019 - 00:28:17: Server cvar "sv_gravity" = "800"
L 12/13/2019 - 00:28:17: Server cvar "sv_logblocks" = "0"
L 12/13/2019 - 00:28:17: Server cvar "sv_maxrate" = "50000"
L 12/13/2019 - 00:28:17: Server cvar "sv_maxspeed" = "320"
L 12/13/2019 - 00:28:17: Server cvar "sv_minrate" = "10000"
L 12/13/2019 - 00:28:17: Server cvar "sv_password" = ""
L 12/13/2019 - 00:28:17: Server cvar "sv_proxies" = "1"
L 12/13/2019 - 00:28:17: Server cvar "sv_restart" = "0"
L 12/13/2019 - 00:28:17: Server cvar "sv_restartround" = "0"
L 12/13/2019 - 00:28:17: Server cvar "sv_stepsize" = "18"
L 12/13/2019 - 00:28:17: Server cvar "sv_stopspeed" = "75"
L 12/13/2019 - 00:28:17: Server cvar "sv_uploadmax" = "0.5"
L 12/13/2019 - 00:28:17: Server cvar "sv_version" = "1.1.2.7/Stdio,48,1621"
L 12/13/2019 - 00:28:17: Server cvar "sv_voiceenable" = "1"
L 12/13/2019 - 00:28:17: Server cvar "sv_wateraccelerate" = "10"
L 12/13/2019 - 00:28:17: Server cvar "sv_waterfriction" = "1"
L 12/13/2019 - 00:28:17: Server cvar "Team_Semiclip_version" = "3.3.1"
L 12/13/2019 - 00:28:17: Server cvar "vehicle_real_killer" = "1.1"
L 12/13/2019 - 00:28:17: Server cvar "WalkGuard" = "1.3.2"
L 12/13/2019 - 00:28:17: Server cvar "we_grenades" = "Huehue"
L 12/13/2019 - 00:28:17: Server cvar "we_player_models" = "Huehue"
L 12/13/2019 - 00:28:17: Server cvar "whb_version" = "1.5.692"
L 12/13/2019 - 00:28:17: Server cvar "zp_jp_version" = "Extra Item Jetpack+Bazooka v3.2"
L 12/13/2019 - 00:28:17: Server cvars end
L 12/13/2019 - 00:28:20: Server cvar "sv_maxspeed" = "900"
L 12/13/2019 - 00:28:20: Server cvar "mp_autoteambalance" = "1"
L 12/13/2019 - 00:28:20: Server cvar "mp_buytime" = "0.25"
L 12/13/2019 - 00:28:20: Server cvar "RRWM" = "2.0"
L 12/13/2019 - 00:28:20: Server cvar "mp_autoteambalance" = "0"
L 12/13/2019 - 00:28:20: Server cvar "mp_limitteams" = "0"
L 12/13/2019 - 00:28:20: Server cvar "amx_nextmap" = "[not yet voted on]"
L 12/13/2019 - 00:28:21: Started map "GM_StarWars" (CRC "1861694934")
L 12/13/2019 - 00:28:23: World triggered "Round_Start"
L 12/13/2019 - 00:28:26: "Geov<1><STEAM_0:1:76011721><>" connected, address "81.180.208.115:27005"
L 12/13/2019 - 00:28:26: "Geov<1><STEAM_0:1:76011721><>" STEAM USERID validated
L 12/13/2019 - 00:28:32: "Geov<2><STEAM_0:1:76011721><>" connected, address "81.180.208.115:27005"
L 12/13/2019 - 00:28:32: "Geov<2><STEAM_0:1:76011721><>" STEAM USERID validated
L 12/13/2019 - 00:28:37: "Geov<2><STEAM_0:1:76011721><>" entered the game
L 12/13/2019 - 00:28:39: "Geov<2><STEAM_0:1:76011721><>" joined team "CT"
L 12/13/2019 - 00:28:48: [REUNION]: Florin (188.241.70.184) authorized as RevEmu
L 12/13/2019 - 00:28:48: "Florin<3><STEAM_1:1:2079496364><>" connected, address "188.241.70.184:27005"
L 12/13/2019 - 00:28:50: [REUNION]: Hi (81.180.208.115) authorized as RevEmu
L 12/13/2019 - 00:28:50: "Hi<4><STEAM_1:0:66370703><>" connected, address "81.180.208.115:52801"
L 12/13/2019 - 00:28:52: [REUNION]: Florin (188.241.70.184) authorized as RevEmu
L 12/13/2019 - 00:28:52: "Florin<5><STEAM_1:1:2079496364><>" connected, address "188.241.70.184:27005"
L 12/13/2019 - 00:28:55: [REUNION]: Hi (81.180.208.115) authorized as RevEmu
L 12/13/2019 - 00:28:55: "Hi<6><STEAM_1:0:66370703><>" connected, address "81.180.208.115:52801"
L 12/13/2019 - 00:28:58: "Florin<5><STEAM_1:1:2079496364><>" entered the game
L 12/13/2019 - 00:28:58: "Brenton Tarrant<7><STEAM_0:1:72772108><>" connected, address "79.112.52.145:27005"
L 12/13/2019 - 00:28:59: "Adx<8><STEAM_0:0:469814030><>" connected, address "86.124.57.132:9873"
L 12/13/2019 - 00:28:59: "Brenton Tarrant<7><STEAM_0:1:72772108><>" STEAM USERID validated
L 12/13/2019 - 00:28:59: "Adx<8><STEAM_0:0:469814030><>" STEAM USERID validated
L 12/13/2019 - 00:28:59: "Florin<5><STEAM_1:1:2079496364><>" joined team "TERRORIST"
L 12/13/2019 - 00:29:00: World triggered "Game_Commencing"
L 12/13/2019 - 00:29:00: World triggered "Game_Commencing" (CT "0") (T "0")
L 12/13/2019 - 00:29:00: World triggered "Round_End"
L 12/13/2019 - 00:29:01: "Hi<6><STEAM_1:0:66370703><>" entered the game
L 12/13/2019 - 00:29:02: "Brenton Tarrant<9><STEAM_0:1:72772108><>" connected, address "79.112.52.145:27005"
L 12/13/2019 - 00:29:02: "Adx<10><STEAM_0:0:469814030><>" connected, address "86.124.57.132:9873"
L 12/13/2019 - 00:29:03: "Brenton Tarrant<9><STEAM_0:1:72772108><>" STEAM USERID validated
L 12/13/2019 - 00:29:03: "Adx<10><STEAM_0:0:469814030><>" STEAM USERID validated
L 12/13/2019 - 00:29:04: World triggered "Round_Start"
L 12/13/2019 - 00:29:05: "Brenton Tarrant<9><STEAM_0:1:72772108><>" entered the game
L 12/13/2019 - 00:29:06: "Adx<10><STEAM_0:0:469814030><>" entered the game
L 12/13/2019 - 00:29:06: "Brenton Tarrant<9><STEAM_0:1:72772108><>" joined team "CT"
L 12/13/2019 - 00:29:07: "Hi<6><STEAM_1:0:66370703><>" joined team "TERRORIST"
L 12/13/2019 - 00:29:09: "Adx<10><STEAM_0:0:469814030><>" joined team "TERRORIST"
L 12/13/2019 - 00:29:26: "Florin<5><STEAM_1:1:2079496364><TERRORIST>" killed "Brenton Tarrant<9><STEAM_0:1:72772108><CT>" with "ump45"
L 12/13/2019 - 00:29:28: "Florin<5><STEAM_1:1:2079496364><TERRORIST>" killed "Geov<2><STEAM_0:1:76011721><CT>" with "ump45"
L 12/13/2019 - 00:29:28: Team "TERRORIST" triggered "Terrorists_Win" (CT "0") (T "1")
L 12/13/2019 - 00:29:28: World triggered "Round_End"
L 12/13/2019 - 00:29:34: World triggered "Round_Start"
L 12/13/2019 - 00:29:52: "Geov<2><STEAM_0:1:76011721><CT>" killed "Florin<5><STEAM_1:1:2079496364><TERRORIST>" with "deagle"
L 12/13/2019 - 00:29:55: "Adx<10><STEAM_0:0:469814030><TERRORIST>" killed "Geov<2><STEAM_0:1:76011721><CT>" with "deagle"
L 12/13/2019 - 00:29:57: "Hi<6><STEAM_1:0:66370703><TERRORIST>" killed "Brenton Tarrant<9><STEAM_0:1:72772108><CT>" with "scout"
L 12/13/2019 - 00:29:57: Team "TERRORIST" triggered "Terrorists_Win" (CT "0") (T "2")
L 12/13/2019 - 00:29:57: World triggered "Round_End"
L 12/13/2019 - 00:30:02: "Florin<5><STEAM_1:1:2079496364><TERRORIST>" joined team "CT"
L 12/13/2019 - 00:30:02: "<><><>" triggered "amx_chat" (text "[PTB] Transfered Florin to CT")
L 12/13/2019 - 00:30:03: World triggered "Round_Start"
L 12/13/2019 - 00:30:22: "Florin<5><STEAM_1:1:2079496364><CT>" killed "Adx<10><STEAM_0:0:469814030><TERRORIST>" with "m4a1"
L 12/13/2019 - 00:30:35: "Hi<6><STEAM_1:0:66370703><TERRORIST>" killed "Brenton Tarrant<9><STEAM_0:1:72772108><CT>" with "deagle"
L 12/13/2019 - 00:30:43: "Florin<5><STEAM_1:1:2079496364><CT>" killed "Hi<6><STEAM_1:0:66370703><TERRORIST>" with "m4a1"
L 12/13/2019 - 00:30:43: Team "CT" triggered "CTs_Win" (CT "1") (T "2")
L 12/13/2019 - 00:30:43: World triggered "Round_End"
L 12/13/2019 - 00:30:47: "Geov<2><STEAM_0:1:76011721><CT>" joined team "TERRORIST"
L 12/13/2019 - 00:30:47: "<><><>" triggered "amx_chat" (text "[PTB] Transfered Geov to TERRORIST")
L 12/13/2019 - 00:30:49: World triggered "Round_Start"
L 12/13/2019 - 00:31:09: "Adx<10><STEAM_0:0:469814030><TERRORIST>" killed "Brenton Tarrant<9><STEAM_0:1:72772108><CT>" with "ak47"
L 12/13/2019 - 00:31:10: "Florin<5><STEAM_1:1:2079496364><CT>" killed "Geov<2><STEAM_0:1:76011721><TERRORIST>" with "tracktrain"
L 12/13/2019 - 00:31:31: "Adx<10><STEAM_0:0:469814030><TERRORIST>" killed "Florin<5><STEAM_1:1:2079496364><CT>" with "ak47"
L 12/13/2019 - 00:31:31: Team "TERRORIST" triggered "Terrorists_Win" (CT "1") (T "3")
L 12/13/2019 - 00:31:31: World triggered "Round_End"
L 12/13/2019 - 00:31:35: "Hi<6><STEAM_1:0:66370703><TERRORIST>" joined team "CT"
L 12/13/2019 - 00:31:35: "<><><>" triggered "amx_chat" (text "[PTB] Transfered Hi to CT")
L 12/13/2019 - 00:31:37: World triggered "Round_Start"
L 12/13/2019 - 00:31:47: "Adx<10><STEAM_0:0:469814030><TERRORIST>" killed "Florin<5><STEAM_1:1:2079496364><CT>" with "ak47"
L 12/13/2019 - 00:31:48: "Adx<10><STEAM_0:0:469814030><TERRORIST>" killed "Brenton Tarrant<9><STEAM_0:1:72772108><CT>" with "ak47"
L 12/13/2019 - 00:32:25: "Geov<2><STEAM_0:1:76011721><TERRORIST>" killed "Hi<6><STEAM_1:0:66370703><CT>" with "m4a1"
L 12/13/2019 - 00:32:25: Team "TERRORIST" triggered "Terrorists_Win" (CT "1") (T "4")
L 12/13/2019 - 00:32:25: World triggered "Round_End"
L 12/13/2019 - 00:32:31: World triggered "Round_Start"
L 12/13/2019 - 00:32:51: "Geov<2><STEAM_0:1:76011721><TERRORIST>" killed "Florin<5><STEAM_1:1:2079496364><CT>" with "m4a1"
L 12/13/2019 - 00:33:08: "Geov<2><STEAM_0:1:76011721><TERRORIST>" killed "Brenton Tarrant<9><STEAM_0:1:72772108><CT>" with "m4a1"
L 12/13/2019 - 00:33:33: "Hi<6><STEAM_1:0:66370703><CT>" killed "Adx<10><STEAM_0:0:469814030><TERRORIST>" with "deagle"
L 12/13/2019 - 00:34:23: "Hi<6><STEAM_1:0:66370703><CT>" killed "Geov<2><STEAM_0:1:76011721><TERRORIST>" with "ak47"
L 12/13/2019 - 00:34:23: Team "CT" triggered "CTs_Win" (CT "2") (T "4")
L 12/13/2019 - 00:34:23: World triggered "Round_End"
L 12/13/2019 - 00:34:29: World triggered "Round_Start"
L 12/13/2019 - 00:34:39: Server cvar "amx_nextmap" = "air_fight2"
L 12/13/2019 - 00:34:44: "Geov<2><STEAM_0:1:76011721><TERRORIST>" killed "Florin<5><STEAM_1:1:2079496364><CT>" with "famas"
L 12/13/2019 - 00:34:49: "Geov<2><STEAM_0:1:76011721><TERRORIST>" killed "Brenton Tarrant<9><STEAM_0:1:72772108><CT>" with "famas"
L 12/13/2019 - 00:35:22: [REUNION]: IP 193.42.110.171 banned for 10 minutes for query flooding (PPS: 335)
L 12/13/2019 - 00:35:34: "Adx<10><STEAM_0:0:469814030><TERRORIST>" killed "Hi<6><STEAM_1:0:66370703><CT>" with "mac10"
L 12/13/2019 - 00:35:34: Team "TERRORIST" triggered "Terrorists_Win" (CT "2") (T "5")
L 12/13/2019 - 00:35:34: World triggered "Round_End"
L 12/13/2019 - 00:35:40: World triggered "Round_Start"
L 12/13/2019 - 00:35:40: Server cvar "sv_maxspeed" = "0.000000"
L 12/13/2019 - 00:35:40: Server cvar "mp_friendlyfire" = "1"
L 12/13/2019 - 00:35:43: "Florin<5><STEAM_1:1:2079496364><CT>" committed suicide with "grenade"
L 12/13/2019 - 00:35:43: "Florin<5><STEAM_1:1:2079496364><CT>" killed "Hi<6><STEAM_1:0:66370703><CT>" with "grenade"
L 12/13/2019 - 00:35:51: Server cvar "sv_maxspeed" = "900.000000"
L 12/13/2019 - 00:35:51: Server cvar "mp_friendlyfire" = "0"
L 12/13/2019 - 00:35:51: [META] ini: Begin re-reading plugins list: /home/rented/public9/cstrike/addons/metamod/plugins.ini
L 12/13/2019 - 00:35:51: [META] ini: Read plugin config for: SafeNameAndChat
L 12/13/2019 - 00:35:51: [META] ini: Read plugin config for: AMX Mod X
L 12/13/2019 - 00:35:51: [META] ini: Read plugin config for: Reunion
L 12/13/2019 - 00:35:51: [META] ini: Read plugin config for: ReAuthCheck
L 12/13/2019 - 00:35:51: [META] ini: Read plugin config for: WHBlocker
L 12/13/2019 - 00:35:51: [META] ini: Read plugin config for: ReSemiclip
L 12/13/2019 - 00:35:51: [META] ini: Read plugin config for: Revoice
L 12/13/2019 - 00:35:51: [META] ini: Finished reading plugins list: /home/rented/public9/cstrike/addons/metamod/plugins.ini; Found 7 plugins
L 12/13/2019 - 00:35:51: [META] dll: Updating plugins...
L 12/13/2019 - 00:35:51: [META] WARNING: Cannot clear plugin 'SafeNameAndChat'; not marked as failed, empty, or open (status=valid)
L 12/13/2019 - 00:35:51: [META] dll: Unloaded plugin 'SafeNameAndChat' for reason 'file on disk is newer'
L 12/13/2019 - 00:35:51: [META] dll: Loaded plugin 'SafeNameAndChat': SafeNameAndChat v1.1 2017.02.01, WPMG.PRoSToC0der
L 12/13/2019 - 00:35:51: [META] WARNING: Cannot clear plugin 'WHBlocker'; not marked as failed, empty, or open (status=valid)
L 12/13/2019 - 00:35:51: [META] dll: Unloaded plugin 'WHBlocker' for reason 'file on disk is newer'
L 12/13/2019 - 00:35:51: [META] dll: Loaded plugin 'WHBlocker': WHBlocker v1.5.692 2017-04-13, s1lent
L 12/13/2019 - 00:35:51: [META] WARNING: Cannot clear plugin 'ReSemiclip'; not marked as failed, empty, or open (status=valid)
L 12/13/2019 - 00:35:51: [META] dll: Unloaded plugin 'ReSemiclip' for reason 'file on disk is newer'
L 12/13/2019 - 00:35:51: [META] dll: Loaded plugin 'ReSemiclip': ReSemiclip v2.3.9 13/02/17, s1lent & Adidasman
L 12/13/2019 - 00:35:51: [META] dll: Finished updating 14 plugins; kept 0, loaded 0, unloaded 0, reloaded 3, delayed 0
L 12/13/2019 - 00:35:51: "Geov<2><STEAM_0:1:76011721><TERRORIST>" disconnected
L 12/13/2019 - 00:35:51: "Florin<5><STEAM_1:1:2079496364><CT>" disconnected
L 12/13/2019 - 00:35:51: "Hi<6><STEAM_1:0:66370703><CT>" disconnected
L 12/13/2019 - 00:35:51: "Brenton Tarrant<9><STEAM_0:1:72772108><CT>" disconnected
L 12/13/2019 - 00:35:51: "Adx<10><STEAM_0:0:469814030><TERRORIST>" disconnected
L 12/13/2019 - 00:35:51: World triggered "Round_Draw" (CT "2") (T "5")
L 12/13/2019 - 00:35:51: World triggered "Round_End"
L 12/13/2019 - 00:35:51: Log file closed
