L 12/12/2019 - 21:26:14: Log file started (file "logs/L1212173.log") (game "cstrike") (version "48/1.1.2.7/Stdio/1621")
L 12/12/2019 - 21:26:14: Loading map "awp_snowfun2"
L 12/12/2019 - 21:26:14: Server cvars start
L 12/12/2019 - 21:26:14: Server cvar "@BunnyHopper" = "3.x"
L 12/12/2019 - 21:26:14: Server cvar "@CRXGoSpec" = "1.1"
L 12/12/2019 - 21:26:14: Server cvar "@CRXRemoveImmunity" = "1.0"
L 12/12/2019 - 21:26:14: Server cvar "@D.I.C.E." = "1.1"
L 12/12/2019 - 21:26:14: Server cvar "@MOTDCommands" = "1.2"
L 12/12/2019 - 21:26:14: Server cvar "advanced_quake_sounds" = "5.0"
L 12/12/2019 - 21:26:14: Server cvar "AdvancedMute" = "1.0"
L 12/12/2019 - 21:26:14: Server cvar "aesp_version" = "1.3"
L 12/12/2019 - 21:26:14: Server cvar "allow_spectators" = "1.0"
L 12/12/2019 - 21:26:14: Server cvar "amx_client_languages" = "1"
L 12/12/2019 - 21:26:14: Server cvar "amx_language" = "en"
L 12/12/2019 - 21:26:14: Server cvar "amx_nextmap" = "awp_snowfun2"
L 12/12/2019 - 21:26:14: Server cvar "amx_ptb_version" = "1.8b3"
L 12/12/2019 - 21:26:14: Server cvar "amx_timeleft" = "00:00"
L 12/12/2019 - 21:26:14: Server cvar "amxmodx_version" = "1.8.2"
L 12/12/2019 - 21:26:14: Server cvar "amxxbg_vip" = "1.0"
L 12/12/2019 - 21:26:14: Server cvar "asp_version" = "4.5.1"
L 12/12/2019 - 21:26:14: Server cvar "atac_version" = "3.0.1"
L 12/12/2019 - 21:26:14: Server cvar "badcamper_version" = "1.4 beta"
L 12/12/2019 - 21:26:14: Server cvar "blockmaker" = "4.01"
L 12/12/2019 - 21:26:14: Server cvar "c4 timer" = "1.1"
L 12/12/2019 - 21:26:14: Server cvar "coop" = "0"
L 12/12/2019 - 21:26:14: Server cvar "CRXAdminGroups" = "1.0"
L 12/12/2019 - 21:26:14: Server cvar "CRXCommandRestrictions" = "1.0"
L 12/12/2019 - 21:26:14: Server cvar "CRXFastKnife" = "1.0"
L 12/12/2019 - 21:26:14: Server cvar "CRXGametracker" = "2.0"
L 12/12/2019 - 21:26:14: Server cvar "CRXKnifeModels" = "2.5.7"
L 12/12/2019 - 21:26:14: Server cvar "CRXTeamAdvantage" = "1.0"
L 12/12/2019 - 21:26:14: Server cvar "CustomShop" = "4.2"
L 12/12/2019 - 21:26:14: Server cvar "deathmatch" = "1"
L 12/12/2019 - 21:26:14: Server cvar "decalfrequency" = "0"
L 12/12/2019 - 21:26:14: Server cvar "edgefriction" = "2"
L 12/12/2019 - 21:26:14: Server cvar "ers_version" = "2.3c"
L 12/12/2019 - 21:26:14: Server cvar "gagsystem_shoko" = "1.0"
L 12/12/2019 - 21:26:14: Server cvar "gal_mapcyclefile" = "mapcycle.txt"
L 12/12/2019 - 21:26:14: Server cvar "gal_version" = "v5.9.1-926"
L 12/12/2019 - 21:26:14: Server cvar "game_version" = "5.7.0.313-dev"
L 12/12/2019 - 21:26:14: Server cvar "humans_join_team" = "any"
L 12/12/2019 - 21:26:14: Server cvar "jtp10181" = "chute,gore"
L 12/12/2019 - 21:26:14: Server cvar "lawliet" = "ny_RainingSnow"
L 12/12/2019 - 21:26:14: Server cvar "LetitSnow" = "1.0"
L 12/12/2019 - 21:26:14: Server cvar "map_spawns" = "T(16) CT(16)"
L 12/12/2019 - 21:26:14: Server cvar "max_queries_sec" = "3"
L 12/12/2019 - 21:26:14: Server cvar "max_queries_sec_global" = "150"
L 12/12/2019 - 21:26:14: Server cvar "max_queries_window" = "60"
L 12/12/2019 - 21:26:14: Server cvar "mdbBans" = "4.8"
L 12/12/2019 - 21:26:14: Server cvar "metamod_version" = "1.21p37"
L 12/12/2019 - 21:26:14: Server cvar "mp_autokick" = "0"
L 12/12/2019 - 21:26:14: Server cvar "mp_autokick_timeout" = "-1"
L 12/12/2019 - 21:26:14: Server cvar "mp_autoteambalance" = "0"
L 12/12/2019 - 21:26:14: Server cvar "mp_buytime" = "0.25"
L 12/12/2019 - 21:26:14: Server cvar "mp_c4timer" = "35"
L 12/12/2019 - 21:26:14: Server cvar "mp_chattime" = "10.000000"
L 12/12/2019 - 21:26:14: Server cvar "mp_consistency" = "1"
L 12/12/2019 - 21:26:14: Server cvar "mp_fadetoblack" = "0"
L 12/12/2019 - 21:26:14: Server cvar "mp_flashlight" = "1"
L 12/12/2019 - 21:26:14: Server cvar "mp_footsteps" = "1"
L 12/12/2019 - 21:26:14: Server cvar "mp_forcecamera" = "0"
L 12/12/2019 - 21:26:14: Server cvar "mp_forcechasecam" = "0"
L 12/12/2019 - 21:26:14: Server cvar "mp_forcerespawn" = "0"
L 12/12/2019 - 21:26:14: Server cvar "mp_fraglimit" = "0"
L 12/12/2019 - 21:26:14: Server cvar "mp_fragsleft" = "0"
L 12/12/2019 - 21:26:14: Server cvar "mp_freeforall" = "0"
L 12/12/2019 - 21:26:14: Server cvar "mp_freezetime" = "1"
L 12/12/2019 - 21:26:14: Server cvar "mp_friendlyfire" = "0"
L 12/12/2019 - 21:26:14: Server cvar "mp_hostage_hurtable" = "1"
L 12/12/2019 - 21:26:14: Server cvar "mp_hostagepenalty" = "0"
L 12/12/2019 - 21:26:14: Server cvar "mp_item_staytime" = "300"
L 12/12/2019 - 21:26:14: Server cvar "mp_kickpercent" = "0.66"
L 12/12/2019 - 21:26:14: Server cvar "mp_legacy_bombtarget_touch" = "1"
L 12/12/2019 - 21:26:14: Server cvar "mp_limitteams" = "0"
L 12/12/2019 - 21:26:14: Server cvar "mp_logdetail" = "0"
L 12/12/2019 - 21:26:14: Server cvar "mp_logfile" = "1"
L 12/12/2019 - 21:26:14: Server cvar "mp_logmessages" = "1"
L 12/12/2019 - 21:26:14: Server cvar "mp_mapvoteratio" = "0.66"
L 12/12/2019 - 21:26:14: Server cvar "mp_maxmoney" = "999999"
L 12/12/2019 - 21:26:14: Server cvar "mp_maxrounds" = "0"
L 12/12/2019 - 21:26:14: Server cvar "mp_mirrordamage" = "0"
L 12/12/2019 - 21:26:14: Server cvar "mp_old_bomb_defused_sound" = "1"
L 12/12/2019 - 21:26:14: Server cvar "mp_playerid" = "0"
L 12/12/2019 - 21:26:14: Server cvar "mp_respawn_immunitytime" = "0"
L 12/12/2019 - 21:26:14: Server cvar "mp_round_infinite" = "0"
L 12/12/2019 - 21:26:14: Server cvar "mp_round_restart_delay" = "5"
L 12/12/2019 - 21:26:14: Server cvar "mp_roundover" = "0"
L 12/12/2019 - 21:26:14: Server cvar "mp_roundtime" = "2.3"
L 12/12/2019 - 21:26:14: Server cvar "mp_show_radioicon" = "1"
L 12/12/2019 - 21:26:14: Server cvar "mp_startmoney" = "850"
L 12/12/2019 - 21:26:14: Server cvar "mp_timeleft" = "00:00"
L 12/12/2019 - 21:26:14: Server cvar "mp_timelimit" = "20"
L 12/12/2019 - 21:26:14: Server cvar "mp_tkpunish" = "0"
L 12/12/2019 - 21:26:14: Server cvar "mp_windifference" = "1"
L 12/12/2019 - 21:26:14: Server cvar "mp_winlimit" = "0"
L 12/12/2019 - 21:26:14: Server cvar "NoWeaponsOnGround" = "1.0"
L 12/12/2019 - 21:26:14: Server cvar "pausable" = "0"
L 12/12/2019 - 21:26:14: Server cvar "present_version" = "2.01"
L 12/12/2019 - 21:26:14: Server cvar "RandomHP" = "2.2"
L 12/12/2019 - 21:26:14: Server cvar "reauthcheck_version" = "0.1.6"
L 12/12/2019 - 21:26:14: Server cvar "reconnect_features" = "0.3.1"
L 12/12/2019 - 21:26:14: Server cvar "report_system_version" = "3.1"
L 12/12/2019 - 21:26:14: Server cvar "resemiclip_version" = "2.3.9"
L 12/12/2019 - 21:26:14: Server cvar "reu_version" = "0.1.0.130"
L 12/12/2019 - 21:26:14: Server cvar "revoice_version" = "0.1.0.30"
L 12/12/2019 - 21:26:14: Server cvar "RRWM" = "2.0"
L 12/12/2019 - 21:26:14: Server cvar "sanksounds_version" = "1.8.6"
L 12/12/2019 - 21:26:14: Server cvar "SimpleMenu" = "1.1"
L 12/12/2019 - 21:26:14: Server cvar "SNAC_Version" = "1.1"
L 12/12/2019 - 21:26:14: Server cvar "SpecList" = "1.2a"
L 12/12/2019 - 21:26:14: Server cvar "sr_version" = "1.6"
L 12/12/2019 - 21:26:14: Server cvar "statsx_shell_ver" = "2.0.0 (BETA)"
L 12/12/2019 - 21:26:14: Server cvar "StyleC4Timer" = "2.1"
L 12/12/2019 - 21:26:14: Server cvar "sv_accelerate" = "5"
L 12/12/2019 - 21:26:14: Server cvar "sv_aim" = "1"
L 12/12/2019 - 21:26:14: Server cvar "sv_airaccelerate" = "100"
L 12/12/2019 - 21:26:14: Server cvar "sv_allowupload" = "1"
L 12/12/2019 - 21:26:14: Server cvar "sv_alltalk" = "1"
L 12/12/2019 - 21:26:14: Server cvar "sv_bounce" = "1"
L 12/12/2019 - 21:26:14: Server cvar "sv_cheats" = "0"
L 12/12/2019 - 21:26:14: Server cvar "sv_clienttrace" = "1"
L 12/12/2019 - 21:26:14: Server cvar "sv_contact" = "feruchio599@gmail.com"
L 12/12/2019 - 21:26:14: Server cvar "sv_friction" = "4"
L 12/12/2019 - 21:26:14: Server cvar "sv_gravity" = "800"
L 12/12/2019 - 21:26:14: Server cvar "sv_logblocks" = "0"
L 12/12/2019 - 21:26:14: Server cvar "sv_maxrate" = "50000"
L 12/12/2019 - 21:26:14: Server cvar "sv_maxspeed" = "900"
L 12/12/2019 - 21:26:14: Server cvar "sv_minrate" = "10000"
L 12/12/2019 - 21:26:14: Server cvar "sv_password" = ""
L 12/12/2019 - 21:26:14: Server cvar "sv_proxies" = "1"
L 12/12/2019 - 21:26:14: Server cvar "sv_restart" = "0"
L 12/12/2019 - 21:26:14: Server cvar "sv_restartround" = "0"
L 12/12/2019 - 21:26:14: Server cvar "sv_stepsize" = "18"
L 12/12/2019 - 21:26:14: Server cvar "sv_stopspeed" = "75"
L 12/12/2019 - 21:26:14: Server cvar "sv_uploadmax" = "0.5"
L 12/12/2019 - 21:26:14: Server cvar "sv_version" = "1.1.2.7/Stdio,48,1621"
L 12/12/2019 - 21:26:14: Server cvar "sv_voiceenable" = "1"
L 12/12/2019 - 21:26:14: Server cvar "sv_wateraccelerate" = "10"
L 12/12/2019 - 21:26:14: Server cvar "sv_waterfriction" = "1"
L 12/12/2019 - 21:26:14: Server cvar "Team_Semiclip_version" = "3.3.1"
L 12/12/2019 - 21:26:14: Server cvar "vehicle_real_killer" = "1.1"
L 12/12/2019 - 21:26:14: Server cvar "WalkGuard" = "1.3.2"
L 12/12/2019 - 21:26:14: Server cvar "we_grenades" = "Huehue"
L 12/12/2019 - 21:26:14: Server cvar "we_player_models" = "Huehue"
L 12/12/2019 - 21:26:14: Server cvar "whb_version" = "1.5.692"
L 12/12/2019 - 21:26:14: Server cvar "zp_jp_version" = "Extra Item Jetpack+Bazooka v3.2"
L 12/12/2019 - 21:26:14: Server cvars end
L 12/12/2019 - 21:26:17: Server cvar "mp_autoteambalance" = "1"
L 12/12/2019 - 21:26:17: Server cvar "mp_autoteambalance" = "0"
L 12/12/2019 - 21:26:17: Server cvar "amx_nextmap" = "[not yet voted on]"
L 12/12/2019 - 21:26:19: Started map "awp_snowfun2" (CRC "1799787328")
L 12/12/2019 - 21:26:20: World triggered "Round_Start"
L 12/12/2019 - 21:26:57: [REUNION]: IP 193.42.110.171 banned for 10 minutes for query flooding (PPS: 330)
L 12/12/2019 - 21:27:18: Server cvar "amx_nextmap" = "chopper_attack"
L 12/12/2019 - 21:28:38: Team "CT" triggered "Target_Saved" (CT "1") (T "0")
L 12/12/2019 - 21:28:38: World triggered "Round_End"
L 12/12/2019 - 21:28:44: World triggered "Round_Start"
L 12/12/2019 - 21:31:03: Team "CT" triggered "Target_Saved" (CT "2") (T "0")
L 12/12/2019 - 21:31:03: World triggered "Round_End"
L 12/12/2019 - 21:31:09: World triggered "Round_Start"
L 12/12/2019 - 21:31:38: [REUNION]: Ker!k (89.177.11.202) authorized as RevEmu
L 12/12/2019 - 21:31:38: "Ker!k<44><STEAM_2:0:1388221254><>" connected, address "89.177.11.202:27005"
L 12/12/2019 - 21:32:04: [REUNION]: Ker!k (89.177.11.202) authorized as RevEmu
L 12/12/2019 - 21:32:04: "Ker!k<45><STEAM_2:0:1388221254><>" connected, address "89.177.11.202:27005"
L 12/12/2019 - 21:32:29: [REUNION]: Ker!k (89.177.11.202) authorized as RevEmu
L 12/12/2019 - 21:32:29: "Ker!k<46><STEAM_2:0:1388221254><>" connected, address "89.177.11.202:27005"
L 12/12/2019 - 21:33:27: Team "CT" triggered "Target_Saved" (CT "3") (T "0")
L 12/12/2019 - 21:33:27: World triggered "Round_End"
L 12/12/2019 - 21:33:33: World triggered "Round_Start"
L 12/12/2019 - 21:34:11: "Ker!k<46><STEAM_2:0:1388221254><>" entered the game
L 12/12/2019 - 21:34:28: ":P<47><STEAM_0:1:197483626><>" connected, address "5.53.237.15:27005"
L 12/12/2019 - 21:34:29: ":P<47><STEAM_0:1:197483626><>" STEAM USERID validated
L 12/12/2019 - 21:35:11: "Ker!k<46><STEAM_2:0:1388221254><>" joined team "SPECTATOR"
L 12/12/2019 - 21:35:51: Team "CT" triggered "Target_Saved" (CT "4") (T "0")
L 12/12/2019 - 21:35:51: World triggered "Round_End"
L 12/12/2019 - 21:35:57: World triggered "Round_Start"
L 12/12/2019 - 21:38:15: Team "CT" triggered "Target_Saved" (CT "5") (T "0")
L 12/12/2019 - 21:38:15: World triggered "Round_End"
L 12/12/2019 - 21:38:21: World triggered "Round_Start"
L 12/12/2019 - 21:38:25: ":P<48><STEAM_0:1:197483626><>" connected, address "5.53.237.15:27005"
L 12/12/2019 - 21:38:26: ":P<48><STEAM_0:1:197483626><>" STEAM USERID validated
L 12/12/2019 - 21:40:24: ":P<49><STEAM_0:1:197483626><>" connected, address "5.53.237.15:27005"
L 12/12/2019 - 21:40:25: ":P<49><STEAM_0:1:197483626><>" STEAM USERID validated
L 12/12/2019 - 21:40:27: "cs_rats_1337<50><STEAM_0:0:169101037><>" connected, address "91.129.101.241:50144"
L 12/12/2019 - 21:40:28: "cs_rats_1337<50><STEAM_0:0:169101037><>" STEAM USERID validated
L 12/12/2019 - 21:40:33: "cs_rats_1337<51><STEAM_0:0:169101037><>" connected, address "91.129.101.241:50144"
L 12/12/2019 - 21:40:33: "cs_rats_1337<51><STEAM_0:0:169101037><>" STEAM USERID validated
L 12/12/2019 - 21:40:39: Team "CT" triggered "Target_Saved" (CT "6") (T "0")
L 12/12/2019 - 21:40:39: World triggered "Round_End"
L 12/12/2019 - 21:40:41: "cs_rats_1337<51><STEAM_0:0:169101037><>" entered the game
L 12/12/2019 - 21:40:44: "cs_rats_1337<51><STEAM_0:0:169101037><>" joined team "CT"
L 12/12/2019 - 21:40:45: World triggered "Round_Start"
L 12/12/2019 - 21:41:31: "Get fucked rat<52><STEAM_0:0:140304032><>" connected, address "83.179.131.74:27005"
L 12/12/2019 - 21:41:31: "Get fucked rat<52><STEAM_0:0:140304032><>" STEAM USERID validated
L 12/12/2019 - 21:41:51: "Get fucked rat<53><STEAM_0:0:140304032><>" connected, address "83.179.131.74:27005"
L 12/12/2019 - 21:41:52: "Get fucked rat<53><STEAM_0:0:140304032><>" STEAM USERID validated
L 12/12/2019 - 21:41:57: "Get fucked rat<53><STEAM_0:0:140304032><>" entered the game
L 12/12/2019 - 21:42:00: "cs_rats_1337<51><STEAM_0:0:169101037><CT>" committed suicide with "worldspawn" (world)
L 12/12/2019 - 21:42:00: World triggered "Round_Draw" (CT "6") (T "0")
L 12/12/2019 - 21:42:00: World triggered "Round_End"
L 12/12/2019 - 21:42:06: "Get fucked rat<53><STEAM_0:0:140304032><>" joined team "TERRORIST"
L 12/12/2019 - 21:42:06: World triggered "Round_Start"
L 12/12/2019 - 21:42:06: World triggered "Game_Commencing"
L 12/12/2019 - 21:42:06: World triggered "Game_Commencing" (CT "6") (T "0")
L 12/12/2019 - 21:42:06: World triggered "Round_End"
L 12/12/2019 - 21:42:09: "Get fucked rat<53><STEAM_0:0:140304032><TERRORIST>" triggered "Spawned_With_The_Bomb"
L 12/12/2019 - 21:42:10: World triggered "Round_Start"
L 12/12/2019 - 21:42:35: "cs_rats_1337<51><STEAM_0:0:169101037><CT>" killed "Get fucked rat<53><STEAM_0:0:140304032><TERRORIST>" with "ak47"
L 12/12/2019 - 21:42:35: Team "CT" triggered "CTs_Win" (CT "1") (T "0")
L 12/12/2019 - 21:42:35: World triggered "Round_End"
L 12/12/2019 - 21:42:40: "Get fucked rat<53><STEAM_0:0:140304032><TERRORIST>" triggered "Spawned_With_The_Bomb"
L 12/12/2019 - 21:42:41: World triggered "Round_Start"
L 12/12/2019 - 21:42:43: [REUNION]: IP 193.42.110.171 banned for 10 minutes for query flooding (PPS: 334)
L 12/12/2019 - 21:42:52: "cs_rats_1337<51><STEAM_0:0:169101037><CT>" killed "Get fucked rat<53><STEAM_0:0:140304032><TERRORIST>" with "ak47"
L 12/12/2019 - 21:42:52: Team "CT" triggered "CTs_Win" (CT "2") (T "0")
L 12/12/2019 - 21:42:52: World triggered "Round_End"
L 12/12/2019 - 21:42:53: ":P<54><STEAM_0:1:197483626><>" connected, address "5.53.237.15:27005"
L 12/12/2019 - 21:42:53: ":P<54><STEAM_0:1:197483626><>" STEAM USERID validated
L 12/12/2019 - 21:42:57: "Get fucked rat<53><STEAM_0:0:140304032><TERRORIST>" triggered "Spawned_With_The_Bomb"
L 12/12/2019 - 21:42:58: World triggered "Round_Start"
L 12/12/2019 - 21:43:10: "cs_rats_1337<51><STEAM_0:0:169101037><CT>" killed "Get fucked rat<53><STEAM_0:0:140304032><TERRORIST>" with "ak47"
L 12/12/2019 - 21:43:10: Team "CT" triggered "CTs_Win" (CT "3") (T "0")
L 12/12/2019 - 21:43:10: World triggered "Round_End"
L 12/12/2019 - 21:43:15: "Get fucked rat<53><STEAM_0:0:140304032><TERRORIST>" triggered "Spawned_With_The_Bomb"
L 12/12/2019 - 21:43:16: "Get fucked rat<53><STEAM_0:0:140304032><TERRORIST>" triggered "Dropped_The_Bomb"
L 12/12/2019 - 21:43:16: "Get fucked rat<53><STEAM_0:0:140304032><TERRORIST>" disconnected
L 12/12/2019 - 21:43:16: World triggered "Round_Start"
L 12/12/2019 - 21:43:17: "cs_rats_1337<51><STEAM_0:0:169101037><CT>" disconnected
L 12/12/2019 - 21:43:17: World triggered "Round_Draw" (CT "3") (T "0")
L 12/12/2019 - 21:43:17: World triggered "Round_End"
L 12/12/2019 - 21:43:23: World triggered "Round_Start"
L 12/12/2019 - 21:44:44: ":P<55><STEAM_0:1:197483626><>" connected, address "5.53.237.15:27005"
L 12/12/2019 - 21:44:44: ":P<55><STEAM_0:1:197483626><>" STEAM USERID validated
L 12/12/2019 - 21:45:14: ":P<56><STEAM_0:1:197483626><>" connected, address "5.53.237.15:27005"
L 12/12/2019 - 21:45:14: ":P<56><STEAM_0:1:197483626><>" STEAM USERID validated
L 12/12/2019 - 21:45:41: Team "CT" triggered "Target_Saved" (CT "3") (T "0")
L 12/12/2019 - 21:45:41: World triggered "Round_End"
L 12/12/2019 - 21:45:47: World triggered "Round_Start"
L 12/12/2019 - 21:47:20: "Ker!k<46><STEAM_2:0:1388221254><SPECTATOR>" joined team "TERRORIST"
L 12/12/2019 - 21:47:21: "Ker!k<46><STEAM_2:0:1388221254><TERRORIST>" triggered "Spawned_With_The_Bomb"
L 12/12/2019 - 21:48:05: Team "CT" triggered "Target_Saved" (CT "3") (T "0")
L 12/12/2019 - 21:48:05: World triggered "Round_End"
L 12/12/2019 - 21:48:10: "Ker!k<46><STEAM_2:0:1388221254><TERRORIST>" triggered "Spawned_With_The_Bomb"
L 12/12/2019 - 21:48:11: World triggered "Round_Start"
L 12/12/2019 - 21:49:23: [REUNION]: slovacijsoumr*ky (86.49.235.213) authorized as RevEmu
L 12/12/2019 - 21:49:23: "slovacijsoumr*ky<57><STEAM_1:0:1477597897><>" connected, address "86.49.235.213:13207"
L 12/12/2019 - 21:49:29: [REUNION]: slovacijsoumr*ky (86.49.235.213) authorized as RevEmu
L 12/12/2019 - 21:49:29: "slovacijsoumr*ky<58><STEAM_1:0:1477597897><>" connected, address "86.49.235.213:13207"
L 12/12/2019 - 21:49:39: "slovacijsoumr*ky<58><STEAM_1:0:1477597897><>" entered the game
L 12/12/2019 - 21:50:00: "slovacijsoumr*ky<58><STEAM_1:0:1477597897><>" joined team "TERRORIST"
L 12/12/2019 - 21:50:29: Team "CT" triggered "Target_Saved" (CT "3") (T "0")
L 12/12/2019 - 21:50:29: World triggered "Round_End"
L 12/12/2019 - 21:50:34: "slovacijsoumr*ky<58><STEAM_1:0:1477597897><TERRORIST>" triggered "Spawned_With_The_Bomb"
L 12/12/2019 - 21:50:35: World triggered "Round_Start"
L 12/12/2019 - 21:52:11: [REUNION]: ruska suka fundeluka (85.71.101.117) authorized as RevEmu
L 12/12/2019 - 21:52:11: "ruska suka fundeluka<59><STEAM_1:0:1057520300><>" connected, address "85.71.101.117:27005"
L 12/12/2019 - 21:52:39: [REUNION]: Master4Counter (24.135.196.245) authorized as RevEmu
L 12/12/2019 - 21:52:39: "Master4Counter<60><STEAM_1:0:91179968><>" connected, address "24.135.196.245:27005"
L 12/12/2019 - 21:52:39: [REUNION]: Rexaj_15 (93.87.170.250) authorized as RevEmu
L 12/12/2019 - 21:52:39: "Rexaj_15<61><STEAM_1:1:1126723978><>" connected, address "93.87.170.250:27005"
L 12/12/2019 - 21:52:53: Team "CT" triggered "Target_Saved" (CT "3") (T "0")
L 12/12/2019 - 21:52:53: World triggered "Round_End"
L 12/12/2019 - 21:52:58: "Ker!k<46><STEAM_2:0:1388221254><TERRORIST>" triggered "Spawned_With_The_Bomb"
L 12/12/2019 - 21:52:59: World triggered "Round_Start"
L 12/12/2019 - 21:53:14: [REUNION]: Rexaj_15 (93.87.170.250) authorized as RevEmu
L 12/12/2019 - 21:53:14: "Rexaj_15<62><STEAM_1:1:1126723978><>" connected, address "93.87.170.250:27005"
L 12/12/2019 - 21:53:28: "Ker!k<46><STEAM_2:0:1388221254><TERRORIST>" committed suicide with "world"
L 12/12/2019 - 21:53:28: "Ker!k<46><STEAM_2:0:1388221254><TERRORIST>" joined team "CT"
L 12/12/2019 - 21:53:28: World triggered "Game_Commencing"
L 12/12/2019 - 21:53:28: World triggered "Game_Commencing" (CT "3") (T "0")
L 12/12/2019 - 21:53:28: World triggered "Round_End"
L 12/12/2019 - 21:53:31: "slovacijsoumr*ky<58><STEAM_1:0:1477597897><TERRORIST>" triggered "Spawned_With_The_Bomb"
L 12/12/2019 - 21:53:32: World triggered "Round_Start"
L 12/12/2019 - 21:53:47: [REUNION]: Master4Counter (24.135.196.245) authorized as RevEmu
L 12/12/2019 - 21:53:47: "Master4Counter<63><STEAM_1:0:91179968><>" connected, address "24.135.196.245:27005"
L 12/12/2019 - 21:53:49: "Ker!k<46><STEAM_2:0:1388221254><CT>" killed "slovacijsoumr*ky<58><STEAM_1:0:1477597897><TERRORIST>" with "awp"
L 12/12/2019 - 21:53:49: Team "CT" triggered "CTs_Win" (CT "1") (T "0")
L 12/12/2019 - 21:53:49: World triggered "Round_End"
L 12/12/2019 - 21:53:54: "slovacijsoumr*ky<58><STEAM_1:0:1477597897><TERRORIST>" triggered "Spawned_With_The_Bomb"
L 12/12/2019 - 21:53:55: World triggered "Round_Start"
L 12/12/2019 - 21:54:19: "Ker!k<46><STEAM_2:0:1388221254><CT>" committed suicide with "tracktrain"
L 12/12/2019 - 21:54:19: Team "TERRORIST" triggered "Terrorists_Win" (CT "1") (T "1")
L 12/12/2019 - 21:54:19: World triggered "Round_End"
L 12/12/2019 - 21:54:24: "slovacijsoumr*ky<58><STEAM_1:0:1477597897><TERRORIST>" triggered "Spawned_With_The_Bomb"
L 12/12/2019 - 21:54:25: World triggered "Round_Start"
L 12/12/2019 - 21:54:37: "Ker!k<46><STEAM_2:0:1388221254><CT>" killed "slovacijsoumr*ky<58><STEAM_1:0:1477597897><TERRORIST>" with "tracktrain"
L 12/12/2019 - 21:54:37: Team "CT" triggered "CTs_Win" (CT "2") (T "1")
L 12/12/2019 - 21:54:37: World triggered "Round_End"
L 12/12/2019 - 21:54:42: "slovacijsoumr*ky<58><STEAM_1:0:1477597897><TERRORIST>" triggered "Spawned_With_The_Bomb"
L 12/12/2019 - 21:54:43: World triggered "Round_Start"
L 12/12/2019 - 21:55:11: [REUNION]: Rexaj_15 (93.87.170.250) authorized as RevEmu
L 12/12/2019 - 21:55:11: "Rexaj_15<64><STEAM_1:1:1126723978><>" connected, address "93.87.170.250:27005"
L 12/12/2019 - 21:55:31: "slovacijsoumr*ky<58><STEAM_1:0:1477597897><TERRORIST>" killed "Ker!k<46><STEAM_2:0:1388221254><CT>" with "glock18"
L 12/12/2019 - 21:55:31: Team "TERRORIST" triggered "Terrorists_Win" (CT "2") (T "2")
L 12/12/2019 - 21:55:31: World triggered "Round_End"
L 12/12/2019 - 21:55:32: "Ker!k<46><STEAM_2:0:1388221254><CT>" killed "slovacijsoumr*ky<58><STEAM_1:0:1477597897><TERRORIST>" with "tracktrain"
L 12/12/2019 - 21:55:36: "slovacijsoumr*ky<58><STEAM_1:0:1477597897><TERRORIST>" triggered "Spawned_With_The_Bomb"
L 12/12/2019 - 21:55:37: World triggered "Round_Start"
L 12/12/2019 - 21:55:45: "Master4Counter<63><STEAM_1:0:91179968><>" entered the game
L 12/12/2019 - 21:55:50: [REUNION]: Y2K (46.40.60.231) authorized as RevEmu
L 12/12/2019 - 21:55:50: "Y2K<65><STEAM_1:1:1141231493><>" connected, address "46.40.60.231:27005"
L 12/12/2019 - 21:55:50: "Master4Counter<63><STEAM_1:0:91179968><>" joined team "CT"
L 12/12/2019 - 21:55:56: [REUNION]: Rexaj_15 (93.87.170.250) authorized as RevEmu
L 12/12/2019 - 21:55:56: "Rexaj_15<66><STEAM_1:1:1126723978><>" connected, address "93.87.170.250:27005"
L 12/12/2019 - 21:55:58: "Y2K<65><STEAM_1:1:1141231493><>" entered the game
L 12/12/2019 - 21:56:05: "Y2K<65><STEAM_1:1:1141231493><>" joined team "CT"
L 12/12/2019 - 21:56:58: "slovacijsoumr*ky<58><STEAM_1:0:1477597897><TERRORIST>" killed "Master4Counter<63><STEAM_1:0:91179968><CT>" with "glock18"
L 12/12/2019 - 21:57:31: "Ker!k<46><STEAM_2:0:1388221254><CT>" committed suicide with "tracktrain"
L 12/12/2019 - 21:57:31: Team "TERRORIST" triggered "Terrorists_Win" (CT "2") (T "3")
L 12/12/2019 - 21:57:31: World triggered "Round_End"
L 12/12/2019 - 21:57:36: "Ker!k<46><STEAM_2:0:1388221254><CT>" joined team "TERRORIST"
L 12/12/2019 - 21:57:36: "<><><>" triggered "amx_chat" (text "[PTB] Transfered Ker!k to TERRORIST")
L 12/12/2019 - 21:57:36: "slovacijsoumr*ky<58><STEAM_1:0:1477597897><TERRORIST>" triggered "Spawned_With_The_Bomb"
L 12/12/2019 - 21:57:37: World triggered "Round_Start"
L 12/12/2019 - 21:57:38: [REUNION]: Rexaj_15 (93.87.170.250) authorized as RevEmu
L 12/12/2019 - 21:57:38: "Rexaj_15<67><STEAM_1:1:1126723978><>" connected, address "93.87.170.250:27005"
L 12/12/2019 - 21:58:02: "Y2K<65><STEAM_1:1:1141231493><CT>" killed "Ker!k<46><STEAM_2:0:1388221254><TERRORIST>" with "m4a1"
L 12/12/2019 - 21:58:27: "slovacijsoumr*ky<58><STEAM_1:0:1477597897><TERRORIST>" triggered "Dropped_The_Bomb"
L 12/12/2019 - 21:58:27: "slovacijsoumr*ky<58><STEAM_1:0:1477597897><TERRORIST>" disconnected
L 12/12/2019 - 21:58:27: Team "CT" triggered "CTs_Win" (CT "3") (T "3")
L 12/12/2019 - 21:58:27: World triggered "Round_End"
L 12/12/2019 - 21:58:32: "Ker!k<46><STEAM_2:0:1388221254><TERRORIST>" triggered "Spawned_With_The_Bomb"
L 12/12/2019 - 21:58:33: World triggered "Round_Start"
L 12/12/2019 - 21:58:56: "Ker!k<46><STEAM_2:0:1388221254><TERRORIST>" triggered "Dropped_The_Bomb"
L 12/12/2019 - 21:58:56: "Ker!k<46><STEAM_2:0:1388221254><TERRORIST>" disconnected
L 12/12/2019 - 21:59:09: "Rexaj_15<67><STEAM_1:1:1126723978><>" entered the game
L 12/12/2019 - 21:59:17: [REUNION]: IP 193.42.110.171 banned for 10 minutes for query flooding (PPS: 327)
L 12/12/2019 - 21:59:30: "Y2K<65><STEAM_1:1:1141231493><CT>" committed suicide with "world"
L 12/12/2019 - 21:59:30: "Y2K<65><STEAM_1:1:1141231493><CT>" joined team "TERRORIST"
L 12/12/2019 - 21:59:31: World triggered "Game_Commencing"
L 12/12/2019 - 21:59:31: World triggered "Game_Commencing" (CT "3") (T "3")
L 12/12/2019 - 21:59:31: World triggered "Round_End"
L 12/12/2019 - 21:59:34: "Y2K<65><STEAM_1:1:1141231493><TERRORIST>" triggered "Spawned_With_The_Bomb"
L 12/12/2019 - 21:59:35: World triggered "Round_Start"
L 12/12/2019 - 21:59:55: "Master4Counter<63><STEAM_1:0:91179968><CT>" killed "Y2K<65><STEAM_1:1:1141231493><TERRORIST>" with "usp"
L 12/12/2019 - 21:59:55: Team "CT" triggered "CTs_Win" (CT "1") (T "0")
L 12/12/2019 - 21:59:55: World triggered "Round_End"
L 12/12/2019 - 22:00:00: "Y2K<65><STEAM_1:1:1141231493><TERRORIST>" triggered "Spawned_With_The_Bomb"
L 12/12/2019 - 22:00:01: World triggered "Round_Start"
L 12/12/2019 - 22:00:06: "Rexaj_15<67><STEAM_1:1:1126723978><>" joined team "SPECTATOR"
L 12/12/2019 - 22:00:38: "Rexaj_15<67><STEAM_1:1:1126723978><SPECTATOR>" joined team "TERRORIST"
L 12/12/2019 - 22:00:51: "Master4Counter<63><STEAM_1:0:91179968><CT>" killed "Y2K<65><STEAM_1:1:1141231493><TERRORIST>" with "usp"
L 12/12/2019 - 22:00:51: Team "CT" triggered "CTs_Win" (CT "2") (T "0")
L 12/12/2019 - 22:00:51: World triggered "Round_End"
L 12/12/2019 - 22:00:56: "Rexaj_15<67><STEAM_1:1:1126723978><TERRORIST>" triggered "Spawned_With_The_Bomb"
L 12/12/2019 - 22:00:57: World triggered "Round_Start"
L 12/12/2019 - 22:01:11: "Y2K<65><STEAM_1:1:1141231493><TERRORIST>" killed "Master4Counter<63><STEAM_1:0:91179968><CT>" with "sg552"
L 12/12/2019 - 22:01:11: Team "TERRORIST" triggered "Terrorists_Win" (CT "2") (T "1")
L 12/12/2019 - 22:01:11: World triggered "Round_End"
L 12/12/2019 - 22:01:16: "Y2K<65><STEAM_1:1:1141231493><TERRORIST>" triggered "Spawned_With_The_Bomb"
L 12/12/2019 - 22:01:17: World triggered "Round_Start"
L 12/12/2019 - 22:01:27: "Y2K<65><STEAM_1:1:1141231493><TERRORIST>" killed "Master4Counter<63><STEAM_1:0:91179968><CT>" with "sg552"
L 12/12/2019 - 22:01:27: Team "TERRORIST" triggered "Terrorists_Win" (CT "2") (T "2")
L 12/12/2019 - 22:01:27: World triggered "Round_End"
L 12/12/2019 - 22:01:32: "Rexaj_15<67><STEAM_1:1:1126723978><TERRORIST>" triggered "Spawned_With_The_Bomb"
L 12/12/2019 - 22:01:33: World triggered "Round_Start"
L 12/12/2019 - 22:01:48: "Y2K<65><STEAM_1:1:1141231493><TERRORIST>" killed "Master4Counter<63><STEAM_1:0:91179968><CT>" with "sg552"
L 12/12/2019 - 22:01:48: Team "TERRORIST" triggered "Terrorists_Win" (CT "2") (T "3")
L 12/12/2019 - 22:01:48: World triggered "Round_End"
L 12/12/2019 - 22:01:53: "Y2K<65><STEAM_1:1:1141231493><TERRORIST>" triggered "Spawned_With_The_Bomb"
L 12/12/2019 - 22:01:54: World triggered "Round_Start"
L 12/12/2019 - 22:02:10: "Master4Counter<63><STEAM_1:0:91179968><CT>" killed "Rexaj_15<67><STEAM_1:1:1126723978><TERRORIST>" with "m4a1"
L 12/12/2019 - 22:02:16: "Y2K<65><STEAM_1:1:1141231493><TERRORIST>" killed "Master4Counter<63><STEAM_1:0:91179968><CT>" with "sg552"
L 12/12/2019 - 22:02:16: Team "TERRORIST" triggered "Terrorists_Win" (CT "2") (T "4")
L 12/12/2019 - 22:02:16: World triggered "Round_End"
L 12/12/2019 - 22:02:21: "Rexaj_15<67><STEAM_1:1:1126723978><TERRORIST>" triggered "Spawned_With_The_Bomb"
L 12/12/2019 - 22:02:22: World triggered "Round_Start"
L 12/12/2019 - 22:02:33: "Y2K<65><STEAM_1:1:1141231493><TERRORIST>" killed "Master4Counter<63><STEAM_1:0:91179968><CT>" with "sg552"
L 12/12/2019 - 22:02:33: Team "TERRORIST" triggered "Terrorists_Win" (CT "2") (T "5")
L 12/12/2019 - 22:02:33: World triggered "Round_End"
L 12/12/2019 - 22:02:38: "Y2K<65><STEAM_1:1:1141231493><TERRORIST>" triggered "Spawned_With_The_Bomb"
L 12/12/2019 - 22:02:39: World triggered "Round_Start"
L 12/12/2019 - 22:03:12: "Master4Counter<63><STEAM_1:0:91179968><CT>" killed "Rexaj_15<67><STEAM_1:1:1126723978><TERRORIST>" with "tracktrain"
L 12/12/2019 - 22:03:27: "Y2K<65><STEAM_1:1:1141231493><TERRORIST>" killed "Master4Counter<63><STEAM_1:0:91179968><CT>" with "sg552"
L 12/12/2019 - 22:03:27: Team "TERRORIST" triggered "Terrorists_Win" (CT "2") (T "6")
L 12/12/2019 - 22:03:27: World triggered "Round_End"
L 12/12/2019 - 22:03:32: "Rexaj_15<67><STEAM_1:1:1126723978><TERRORIST>" triggered "Spawned_With_The_Bomb"
L 12/12/2019 - 22:03:33: World triggered "Round_Start"
L 12/12/2019 - 22:03:48: "Master4Counter<63><STEAM_1:0:91179968><CT>" killed "Y2K<65><STEAM_1:1:1141231493><TERRORIST>" with "m4a1"
L 12/12/2019 - 22:04:07: "Master4Counter<63><STEAM_1:0:91179968><CT>" killed "Rexaj_15<67><STEAM_1:1:1126723978><TERRORIST>" with "deagle"
L 12/12/2019 - 22:04:07: Team "CT" triggered "CTs_Win" (CT "3") (T "6")
L 12/12/2019 - 22:04:07: World triggered "Round_End"
L 12/12/2019 - 22:04:12: "Y2K<65><STEAM_1:1:1141231493><TERRORIST>" triggered "Spawned_With_The_Bomb"
L 12/12/2019 - 22:04:13: World triggered "Round_Start"
L 12/12/2019 - 22:04:34: [REUNION]: xXMr.ONurXx_YT (79.132.15.161) authorized as RevEmu
L 12/12/2019 - 22:04:34: "xXMr.ONurXx_YT<68><STEAM_2:1:935252518><>" connected, address "79.132.15.161:27005"
L 12/12/2019 - 22:04:50: "Master4Counter<63><STEAM_1:0:91179968><CT>" killed "Rexaj_15<67><STEAM_1:1:1126723978><TERRORIST>" with "deagle"
L 12/12/2019 - 22:04:52: "xXMr.ONurXx_YT<68><STEAM_2:1:935252518><>" entered the game
L 12/12/2019 - 22:04:56: "xXMr.ONurXx_YT<68><STEAM_2:1:935252518><>" joined team "CT"
L 12/12/2019 - 22:05:02: "Master4Counter<63><STEAM_1:0:91179968><CT>" killed "Y2K<65><STEAM_1:1:1141231493><TERRORIST>" with "deagle"
L 12/12/2019 - 22:05:02: Team "CT" triggered "CTs_Win" (CT "4") (T "6")
L 12/12/2019 - 22:05:02: World triggered "Round_End"
L 12/12/2019 - 22:05:07: "Rexaj_15<67><STEAM_1:1:1126723978><TERRORIST>" triggered "Spawned_With_The_Bomb"
L 12/12/2019 - 22:05:08: World triggered "Round_Start"
L 12/12/2019 - 22:05:24: "Y2K<65><STEAM_1:1:1141231493><TERRORIST>" killed "Master4Counter<63><STEAM_1:0:91179968><CT>" with "g3sg1"
L 12/12/2019 - 22:05:37: "xXMr.ONurXx_YT<68><STEAM_2:1:935252518><CT>" killed "Y2K<65><STEAM_1:1:1141231493><TERRORIST>" with "g3sg1"
L 12/12/2019 - 22:05:43: "xXMr.ONurXx_YT<68><STEAM_2:1:935252518><CT>" killed "Rexaj_15<67><STEAM_1:1:1126723978><TERRORIST>" with "g3sg1"
L 12/12/2019 - 22:05:43: Team "CT" triggered "CTs_Win" (CT "5") (T "6")
L 12/12/2019 - 22:05:43: World triggered "Round_End"
L 12/12/2019 - 22:05:47: "Master4Counter<63><STEAM_1:0:91179968><CT>" joined team "TERRORIST"
L 12/12/2019 - 22:05:47: "<><><>" triggered "amx_chat" (text "[PTB] Transfered Master4Counter to TERRORIST")
L 12/12/2019 - 22:05:48: "Rexaj_15<67><STEAM_1:1:1126723978><TERRORIST>" triggered "Spawned_With_The_Bomb"
L 12/12/2019 - 22:05:49: World triggered "Round_Start"
L 12/12/2019 - 22:06:04: "xXMr.ONurXx_YT<68><STEAM_2:1:935252518><CT>" killed "Rexaj_15<67><STEAM_1:1:1126723978><TERRORIST>" with "g3sg1"
L 12/12/2019 - 22:06:04: "Rexaj_15<67><STEAM_1:1:1126723978><TERRORIST>" triggered "Dropped_The_Bomb"
L 12/12/2019 - 22:06:14: "xXMr.ONurXx_YT<68><STEAM_2:1:935252518><CT>" killed "Master4Counter<63><STEAM_1:0:91179968><TERRORIST>" with "g3sg1"
L 12/12/2019 - 22:06:19: "Rexaj_15<67><STEAM_1:1:1126723978><TERRORIST>" disconnected
L 12/12/2019 - 22:06:23: "xXMr.ONurXx_YT<68><STEAM_2:1:935252518><CT>" killed "Y2K<65><STEAM_1:1:1141231493><TERRORIST>" with "g3sg1"
L 12/12/2019 - 22:06:23: Team "CT" triggered "CTs_Win" (CT "6") (T "6")
L 12/12/2019 - 22:06:23: World triggered "Round_End"
L 12/12/2019 - 22:06:28: "Master4Counter<63><STEAM_1:0:91179968><TERRORIST>" triggered "Spawned_With_The_Bomb"
L 12/12/2019 - 22:06:29: World triggered "Round_Start"
L 12/12/2019 - 22:06:33: "Master4Counter<63><STEAM_1:0:91179968><TERRORIST>" disconnected
L 12/12/2019 - 22:08:31: "Y2K<65><STEAM_1:1:1141231493><TERRORIST>" committed suicide with "world"
L 12/12/2019 - 22:08:31: Team "CT" triggered "CTs_Win" (CT "7") (T "6")
L 12/12/2019 - 22:08:31: World triggered "Round_End"
L 12/12/2019 - 22:08:36: "Y2K<65><STEAM_1:1:1141231493><TERRORIST>" triggered "Spawned_With_The_Bomb"
L 12/12/2019 - 22:08:37: World triggered "Round_Start"
L 12/12/2019 - 22:10:35: "Y2K<65><STEAM_1:1:1141231493><TERRORIST>" committed suicide with "world"
L 12/12/2019 - 22:10:35: Team "CT" triggered "CTs_Win" (CT "8") (T "6")
L 12/12/2019 - 22:10:35: World triggered "Round_End"
L 12/12/2019 - 22:10:40: "Y2K<65><STEAM_1:1:1141231493><TERRORIST>" triggered "Spawned_With_The_Bomb"
L 12/12/2019 - 22:10:41: World triggered "Round_Start"
L 12/12/2019 - 22:12:40: [REUNION]: BAD BOY (178.169.239.222) authorized as RevEmu
L 12/12/2019 - 22:12:40: "BAD BOY<69><STEAM_1:1:175462098><>" connected, address "178.169.239.222:27005"
L 12/12/2019 - 22:12:56: [REUNION]: BABAITA (151.237.37.93) authorized as RevEmu
L 12/12/2019 - 22:12:56: "BABAITA<70><STEAM_1:0:603964278><>" connected, address "151.237.37.93:27005"
L 12/12/2019 - 22:12:59: Team "CT" triggered "Target_Saved" (CT "9") (T "6")
L 12/12/2019 - 22:12:59: World triggered "Round_End"
L 12/12/2019 - 22:12:59: "xXMr.ONurXx_YT<68><STEAM_2:1:935252518><CT>" killed "Y2K<65><STEAM_1:1:1141231493><TERRORIST>" with "awp"
L 12/12/2019 - 22:13:02: "BAD BOY<69><STEAM_1:1:175462098><>" entered the game
L 12/12/2019 - 22:13:02: "BABAITA<70><STEAM_1:0:603964278><>" entered the game
L 12/12/2019 - 22:13:04: "Y2K<65><STEAM_1:1:1141231493><TERRORIST>" triggered "Spawned_With_The_Bomb"
L 12/12/2019 - 22:13:05: World triggered "Round_Start"
L 12/12/2019 - 22:13:13: "BABAITA<70><STEAM_1:0:603964278><>" joined team "TERRORIST"
L 12/12/2019 - 22:13:30: "BABAITA<70><STEAM_1:0:603964278><TERRORIST>" killed "xXMr.ONurXx_YT<68><STEAM_2:1:935252518><CT>" with "deagle"
L 12/12/2019 - 22:13:30: Team "TERRORIST" triggered "Terrorists_Win" (CT "9") (T "7")
L 12/12/2019 - 22:13:30: World triggered "Round_End"
L 12/12/2019 - 22:13:35: "Y2K<65><STEAM_1:1:1141231493><TERRORIST>" triggered "Spawned_With_The_Bomb"
L 12/12/2019 - 22:13:36: World triggered "Round_Start"
L 12/12/2019 - 22:13:50: "xXMr.ONurXx_YT<68><STEAM_2:1:935252518><CT>" killed "Y2K<65><STEAM_1:1:1141231493><TERRORIST>" with "m4a1"
L 12/12/2019 - 22:13:50: "Y2K<65><STEAM_1:1:1141231493><TERRORIST>" triggered "Dropped_The_Bomb"
L 12/12/2019 - 22:14:00: "BABAITA<70><STEAM_1:0:603964278><TERRORIST>" killed "xXMr.ONurXx_YT<68><STEAM_2:1:935252518><CT>" with "deagle"
L 12/12/2019 - 22:14:00: Team "TERRORIST" triggered "Terrorists_Win" (CT "9") (T "8")
L 12/12/2019 - 22:14:00: World triggered "Round_End"
L 12/12/2019 - 22:14:01: "BAD BOY<69><STEAM_1:1:175462098><>" joined team "SPECTATOR"
L 12/12/2019 - 22:14:05: "Y2K<65><STEAM_1:1:1141231493><TERRORIST>" joined team "CT"
L 12/12/2019 - 22:14:05: "<><><>" triggered "amx_chat" (text "[PTB] Transfered Y2K to CT")
L 12/12/2019 - 22:14:06: "BABAITA<70><STEAM_1:0:603964278><TERRORIST>" triggered "Spawned_With_The_Bomb"
L 12/12/2019 - 22:14:06: World triggered "Round_Start"
L 12/12/2019 - 22:14:20: "xXMr.ONurXx_YT<68><STEAM_2:1:935252518><CT>" killed "BABAITA<70><STEAM_1:0:603964278><TERRORIST>" with "xm1014"
L 12/12/2019 - 22:14:20: Team "CT" triggered "CTs_Win" (CT "10") (T "8")
L 12/12/2019 - 22:14:20: World triggered "Round_End"
L 12/12/2019 - 22:14:25: "xXMr.ONurXx_YT<68><STEAM_2:1:935252518><CT>" joined team "TERRORIST"
L 12/12/2019 - 22:14:25: "<><><>" triggered "amx_chat" (text "[PTB] Transfered xXMr.ONurXx_YT to TERRORIST")
L 12/12/2019 - 22:14:25: "Y2K<65><STEAM_1:1:1141231493><CT>" killed "xXMr.ONurXx_YT<68><STEAM_2:1:935252518><TERRORIST>" with "deagle"
L 12/12/2019 - 22:14:25: "BABAITA<70><STEAM_1:0:603964278><TERRORIST>" triggered "Spawned_With_The_Bomb"
L 12/12/2019 - 22:14:26: World triggered "Round_Start"
L 12/12/2019 - 22:14:33: "BAD BOY<69><STEAM_1:1:175462098><SPECTATOR>" joined team "CT"
L 12/12/2019 - 22:14:33: "xXMr.ONurXx_YT<68><STEAM_2:1:935252518><TERRORIST>" triggered "Spawned_With_The_Bomb"
L 12/12/2019 - 22:14:35: "xXMr.ONurXx_YT<68><STEAM_2:1:935252518><TERRORIST>" killed "Y2K<65><STEAM_1:1:1141231493><CT>" with "mac10"
L 12/12/2019 - 22:14:44: "BAD BOY<69><STEAM_1:1:175462098><CT>" killed "xXMr.ONurXx_YT<68><STEAM_2:1:935252518><TERRORIST>" with "p228"
L 12/12/2019 - 22:14:44: "xXMr.ONurXx_YT<68><STEAM_2:1:935252518><TERRORIST>" triggered "Dropped_The_Bomb"
L 12/12/2019 - 22:15:22: "BABAITA<70><STEAM_1:0:603964278><TERRORIST>" triggered "Got_The_Bomb"
L 12/12/2019 - 22:15:53: Server cvar "amx_nextmap" = "4_houses"
L 12/12/2019 - 22:16:03: [REUNION]: IP 193.42.110.171 banned for 10 minutes for query flooding (PPS: 335)
L 12/12/2019 - 22:16:07: "BAD BOY<69><STEAM_1:1:175462098><CT>" killed "BABAITA<70><STEAM_1:0:603964278><TERRORIST>" with "knife"
L 12/12/2019 - 22:16:07: Team "CT" triggered "CTs_Win" (CT "11") (T "8")
L 12/12/2019 - 22:16:07: World triggered "Round_End"
L 12/12/2019 - 22:16:12: "BABAITA<70><STEAM_1:0:603964278><TERRORIST>" triggered "Spawned_With_The_Bomb"
L 12/12/2019 - 22:16:13: World triggered "Round_Start"
L 12/12/2019 - 22:16:13: Server cvar "sv_maxspeed" = "0.000000"
L 12/12/2019 - 22:16:13: Server cvar "mp_friendlyfire" = "1"
L 12/12/2019 - 22:16:19: "BABAITA<70><STEAM_1:0:603964278><TERRORIST>" killed "xXMr.ONurXx_YT<68><STEAM_2:1:935252518><TERRORIST>" with "ak47"
L 12/12/2019 - 22:16:23: "BABAITA<70><STEAM_1:0:603964278><TERRORIST>" committed suicide with "world"
L 12/12/2019 - 22:16:23: Team "CT" triggered "CTs_Win" (CT "12") (T "8")
L 12/12/2019 - 22:16:23: World triggered "Round_End"
L 12/12/2019 - 22:16:24: Server cvar "sv_maxspeed" = "900.000000"
L 12/12/2019 - 22:16:24: Server cvar "mp_friendlyfire" = "0"
L 12/12/2019 - 22:16:24: [META] ini: Begin re-reading plugins list: /home/rented/public9/cstrike/addons/metamod/plugins.ini
L 12/12/2019 - 22:16:24: [META] ini: Read plugin config for: SafeNameAndChat
L 12/12/2019 - 22:16:24: [META] ini: Read plugin config for: AMX Mod X
L 12/12/2019 - 22:16:24: [META] ini: Read plugin config for: Reunion
L 12/12/2019 - 22:16:24: [META] ini: Read plugin config for: ReAuthCheck
L 12/12/2019 - 22:16:24: [META] ini: Read plugin config for: WHBlocker
L 12/12/2019 - 22:16:24: [META] ini: Read plugin config for: ReSemiclip
L 12/12/2019 - 22:16:24: [META] ini: Read plugin config for: Revoice
L 12/12/2019 - 22:16:24: [META] ini: Finished reading plugins list: /home/rented/public9/cstrike/addons/metamod/plugins.ini; Found 7 plugins
L 12/12/2019 - 22:16:24: [META] dll: Updating plugins...
L 12/12/2019 - 22:16:24: [META] WARNING: Cannot clear plugin 'SafeNameAndChat'; not marked as failed, empty, or open (status=valid)
L 12/12/2019 - 22:16:24: [META] dll: Unloaded plugin 'SafeNameAndChat' for reason 'file on disk is newer'
L 12/12/2019 - 22:16:24: [META] dll: Loaded plugin 'SafeNameAndChat': SafeNameAndChat v1.1 2017.02.01, WPMG.PRoSToC0der
L 12/12/2019 - 22:16:24: [META] WARNING: Cannot clear plugin 'WHBlocker'; not marked as failed, empty, or open (status=valid)
L 12/12/2019 - 22:16:24: [META] dll: Unloaded plugin 'WHBlocker' for reason 'file on disk is newer'
L 12/12/2019 - 22:16:24: [META] dll: Loaded plugin 'WHBlocker': WHBlocker v1.5.692 2017-04-13, s1lent
L 12/12/2019 - 22:16:24: [META] WARNING: Cannot clear plugin 'ReSemiclip'; not marked as failed, empty, or open (status=valid)
L 12/12/2019 - 22:16:24: [META] dll: Unloaded plugin 'ReSemiclip' for reason 'file on disk is newer'
L 12/12/2019 - 22:16:24: [META] dll: Loaded plugin 'ReSemiclip': ReSemiclip v2.3.9 13/02/17, s1lent & Adidasman
L 12/12/2019 - 22:16:24: [META] dll: Finished updating 14 plugins; kept 0, loaded 0, unloaded 0, reloaded 3, delayed 0
L 12/12/2019 - 22:16:24: "xXMr.ONurXx_YT<68><STEAM_2:1:935252518><TERRORIST>" disconnected
L 12/12/2019 - 22:16:24: "BAD BOY<69><STEAM_1:1:175462098><CT>" disconnected
L 12/12/2019 - 22:16:24: "BABAITA<70><STEAM_1:0:603964278><TERRORIST>" disconnected
L 12/12/2019 - 22:16:24: "Y2K<65><STEAM_1:1:1141231493><CT>" disconnected
L 12/12/2019 - 22:16:24: Log file closed
