L 12/13/2019 - 13:36:03: Log file started (file "logs/L1213146.log") (game "cstrike") (version "48/1.1.2.7/Stdio/1621")
L 12/13/2019 - 13:36:03: Loading map "bridge"
L 12/13/2019 - 13:36:03: Server cvars start
L 12/13/2019 - 13:36:03: Server cvar "@BunnyHopper" = "3.x"
L 12/13/2019 - 13:36:03: Server cvar "@CRXGoSpec" = "1.1"
L 12/13/2019 - 13:36:03: Server cvar "@CRXRemoveImmunity" = "1.0"
L 12/13/2019 - 13:36:03: Server cvar "@D.I.C.E." = "1.1"
L 12/13/2019 - 13:36:03: Server cvar "@MOTDCommands" = "1.2"
L 12/13/2019 - 13:36:03: Server cvar "advanced_quake_sounds" = "5.0"
L 12/13/2019 - 13:36:03: Server cvar "AdvancedMute" = "1.0"
L 12/13/2019 - 13:36:03: Server cvar "aesp_version" = "1.3"
L 12/13/2019 - 13:36:03: Server cvar "allow_spectators" = "1.0"
L 12/13/2019 - 13:36:03: Server cvar "amx_client_languages" = "1"
L 12/13/2019 - 13:36:03: Server cvar "amx_language" = "en"
L 12/13/2019 - 13:36:03: Server cvar "amx_nextmap" = "bridge"
L 12/13/2019 - 13:36:03: Server cvar "amx_ptb_version" = "1.8b3"
L 12/13/2019 - 13:36:03: Server cvar "amx_timeleft" = "00:00"
L 12/13/2019 - 13:36:03: Server cvar "amxmodx_version" = "1.8.2"
L 12/13/2019 - 13:36:03: Server cvar "amxxbg_vip" = "1.0"
L 12/13/2019 - 13:36:03: Server cvar "asp_version" = "4.5.1"
L 12/13/2019 - 13:36:03: Server cvar "atac_version" = "3.0.1"
L 12/13/2019 - 13:36:03: Server cvar "badcamper_version" = "1.4 beta"
L 12/13/2019 - 13:36:03: Server cvar "blockmaker" = "4.01"
L 12/13/2019 - 13:36:03: Server cvar "c4 timer" = "1.1"
L 12/13/2019 - 13:36:03: Server cvar "coop" = "0"
L 12/13/2019 - 13:36:03: Server cvar "CRXAdminGroups" = "1.0"
L 12/13/2019 - 13:36:03: Server cvar "CRXCommandRestrictions" = "1.0"
L 12/13/2019 - 13:36:03: Server cvar "CRXFastKnife" = "1.0"
L 12/13/2019 - 13:36:03: Server cvar "CRXGametracker" = "2.0"
L 12/13/2019 - 13:36:03: Server cvar "CRXKnifeModels" = "2.5.7"
L 12/13/2019 - 13:36:03: Server cvar "CRXTeamAdvantage" = "1.0"
L 12/13/2019 - 13:36:03: Server cvar "CustomShop" = "4.2"
L 12/13/2019 - 13:36:03: Server cvar "deathmatch" = "1"
L 12/13/2019 - 13:36:03: Server cvar "decalfrequency" = "0"
L 12/13/2019 - 13:36:03: Server cvar "edgefriction" = "2"
L 12/13/2019 - 13:36:03: Server cvar "ers_version" = "2.3c"
L 12/13/2019 - 13:36:03: Server cvar "gagsystem_shoko" = "1.0"
L 12/13/2019 - 13:36:03: Server cvar "gal_mapcyclefile" = "mapcycle.txt"
L 12/13/2019 - 13:36:03: Server cvar "gal_version" = "v5.9.1-926"
L 12/13/2019 - 13:36:03: Server cvar "game_version" = "5.7.0.313-dev"
L 12/13/2019 - 13:36:03: Server cvar "humans_join_team" = "any"
L 12/13/2019 - 13:36:03: Server cvar "jtp10181" = "chute,gore"
L 12/13/2019 - 13:36:03: Server cvar "lawliet" = "ny_RainingSnow"
L 12/13/2019 - 13:36:03: Server cvar "LetitSnow" = "1.0"
L 12/13/2019 - 13:36:03: Server cvar "map_spawns" = "T(16) CT(16)"
L 12/13/2019 - 13:36:03: Server cvar "max_queries_sec" = "3"
L 12/13/2019 - 13:36:03: Server cvar "max_queries_sec_global" = "150"
L 12/13/2019 - 13:36:03: Server cvar "max_queries_window" = "60"
L 12/13/2019 - 13:36:03: Server cvar "mdbBans" = "4.8"
L 12/13/2019 - 13:36:03: Server cvar "metamod_version" = "1.21p37"
L 12/13/2019 - 13:36:03: Server cvar "mp_autokick" = "0"
L 12/13/2019 - 13:36:03: Server cvar "mp_autokick_timeout" = "-1"
L 12/13/2019 - 13:36:03: Server cvar "mp_autoteambalance" = "0"
L 12/13/2019 - 13:36:03: Server cvar "mp_buytime" = "0.25"
L 12/13/2019 - 13:36:03: Server cvar "mp_c4timer" = "35"
L 12/13/2019 - 13:36:03: Server cvar "mp_chattime" = "5.000000"
L 12/13/2019 - 13:36:03: Server cvar "mp_consistency" = "1"
L 12/13/2019 - 13:36:03: Server cvar "mp_fadetoblack" = "0"
L 12/13/2019 - 13:36:03: Server cvar "mp_flashlight" = "1"
L 12/13/2019 - 13:36:03: Server cvar "mp_footsteps" = "1"
L 12/13/2019 - 13:36:03: Server cvar "mp_forcecamera" = "0"
L 12/13/2019 - 13:36:03: Server cvar "mp_forcechasecam" = "0"
L 12/13/2019 - 13:36:03: Server cvar "mp_forcerespawn" = "0"
L 12/13/2019 - 13:36:03: Server cvar "mp_fraglimit" = "0"
L 12/13/2019 - 13:36:03: Server cvar "mp_fragsleft" = "0"
L 12/13/2019 - 13:36:03: Server cvar "mp_freeforall" = "0"
L 12/13/2019 - 13:36:03: Server cvar "mp_freezetime" = "1"
L 12/13/2019 - 13:36:03: Server cvar "mp_friendlyfire" = "0"
L 12/13/2019 - 13:36:03: Server cvar "mp_hostage_hurtable" = "1"
L 12/13/2019 - 13:36:03: Server cvar "mp_hostagepenalty" = "0"
L 12/13/2019 - 13:36:03: Server cvar "mp_item_staytime" = "300"
L 12/13/2019 - 13:36:03: Server cvar "mp_kickpercent" = "0.66"
L 12/13/2019 - 13:36:03: Server cvar "mp_legacy_bombtarget_touch" = "1"
L 12/13/2019 - 13:36:03: Server cvar "mp_limitteams" = "0"
L 12/13/2019 - 13:36:03: Server cvar "mp_logdetail" = "0"
L 12/13/2019 - 13:36:03: Server cvar "mp_logfile" = "1"
L 12/13/2019 - 13:36:03: Server cvar "mp_logmessages" = "1"
L 12/13/2019 - 13:36:03: Server cvar "mp_mapvoteratio" = "0.66"
L 12/13/2019 - 13:36:03: Server cvar "mp_maxmoney" = "999999"
L 12/13/2019 - 13:36:03: Server cvar "mp_maxrounds" = "0"
L 12/13/2019 - 13:36:03: Server cvar "mp_mirrordamage" = "0"
L 12/13/2019 - 13:36:03: Server cvar "mp_old_bomb_defused_sound" = "1"
L 12/13/2019 - 13:36:03: Server cvar "mp_playerid" = "0"
L 12/13/2019 - 13:36:03: Server cvar "mp_respawn_immunitytime" = "0"
L 12/13/2019 - 13:36:03: Server cvar "mp_round_infinite" = "0"
L 12/13/2019 - 13:36:03: Server cvar "mp_round_restart_delay" = "5"
L 12/13/2019 - 13:36:03: Server cvar "mp_roundover" = "0"
L 12/13/2019 - 13:36:03: Server cvar "mp_roundtime" = "2.3"
L 12/13/2019 - 13:36:03: Server cvar "mp_show_radioicon" = "1"
L 12/13/2019 - 13:36:03: Server cvar "mp_startmoney" = "850"
L 12/13/2019 - 13:36:03: Server cvar "mp_timeleft" = "00:00"
L 12/13/2019 - 13:36:03: Server cvar "mp_timelimit" = "20"
L 12/13/2019 - 13:36:03: Server cvar "mp_tkpunish" = "0"
L 12/13/2019 - 13:36:03: Server cvar "mp_windifference" = "1"
L 12/13/2019 - 13:36:03: Server cvar "mp_winlimit" = "0"
L 12/13/2019 - 13:36:03: Server cvar "NoWeaponsOnGround" = "1.0"
L 12/13/2019 - 13:36:03: Server cvar "pausable" = "0"
L 12/13/2019 - 13:36:03: Server cvar "present_version" = "2.01"
L 12/13/2019 - 13:36:03: Server cvar "RandomHP" = "2.2"
L 12/13/2019 - 13:36:03: Server cvar "reauthcheck_version" = "0.1.6"
L 12/13/2019 - 13:36:03: Server cvar "reconnect_features" = "0.3.1"
L 12/13/2019 - 13:36:03: Server cvar "report_system_version" = "3.1"
L 12/13/2019 - 13:36:03: Server cvar "resemiclip_version" = "2.3.9"
L 12/13/2019 - 13:36:03: Server cvar "reu_version" = "0.1.0.130"
L 12/13/2019 - 13:36:03: Server cvar "revoice_version" = "0.1.0.30"
L 12/13/2019 - 13:36:03: Server cvar "RRWM" = "2.0"
L 12/13/2019 - 13:36:03: Server cvar "sanksounds_version" = "1.8.6"
L 12/13/2019 - 13:36:03: Server cvar "SimpleMenu" = "1.1"
L 12/13/2019 - 13:36:03: Server cvar "SNAC_Version" = "1.1"
L 12/13/2019 - 13:36:03: Server cvar "SpecList" = "1.2a"
L 12/13/2019 - 13:36:03: Server cvar "sr_version" = "1.6"
L 12/13/2019 - 13:36:03: Server cvar "statsx_shell_ver" = "2.0.0 (BETA)"
L 12/13/2019 - 13:36:03: Server cvar "StyleC4Timer" = "2.1"
L 12/13/2019 - 13:36:03: Server cvar "sv_accelerate" = "5"
L 12/13/2019 - 13:36:03: Server cvar "sv_aim" = "1"
L 12/13/2019 - 13:36:03: Server cvar "sv_airaccelerate" = "100"
L 12/13/2019 - 13:36:03: Server cvar "sv_allowupload" = "1"
L 12/13/2019 - 13:36:03: Server cvar "sv_alltalk" = "1"
L 12/13/2019 - 13:36:03: Server cvar "sv_bounce" = "1"
L 12/13/2019 - 13:36:03: Server cvar "sv_cheats" = "0"
L 12/13/2019 - 13:36:03: Server cvar "sv_clienttrace" = "1"
L 12/13/2019 - 13:36:03: Server cvar "sv_contact" = "feruchio599@gmail.com"
L 12/13/2019 - 13:36:03: Server cvar "sv_friction" = "4"
L 12/13/2019 - 13:36:03: Server cvar "sv_gravity" = "800"
L 12/13/2019 - 13:36:03: Server cvar "sv_logblocks" = "0"
L 12/13/2019 - 13:36:03: Server cvar "sv_maxrate" = "50000"
L 12/13/2019 - 13:36:03: Server cvar "sv_maxspeed" = "900"
L 12/13/2019 - 13:36:03: Server cvar "sv_minrate" = "10000"
L 12/13/2019 - 13:36:03: Server cvar "sv_password" = ""
L 12/13/2019 - 13:36:03: Server cvar "sv_proxies" = "1"
L 12/13/2019 - 13:36:03: Server cvar "sv_restart" = "0"
L 12/13/2019 - 13:36:03: Server cvar "sv_restartround" = "0"
L 12/13/2019 - 13:36:03: Server cvar "sv_stepsize" = "18"
L 12/13/2019 - 13:36:03: Server cvar "sv_stopspeed" = "75"
L 12/13/2019 - 13:36:03: Server cvar "sv_uploadmax" = "0.5"
L 12/13/2019 - 13:36:03: Server cvar "sv_version" = "1.1.2.7/Stdio,48,1621"
L 12/13/2019 - 13:36:03: Server cvar "sv_voiceenable" = "1"
L 12/13/2019 - 13:36:03: Server cvar "sv_wateraccelerate" = "10"
L 12/13/2019 - 13:36:03: Server cvar "sv_waterfriction" = "1"
L 12/13/2019 - 13:36:03: Server cvar "Team_Semiclip_version" = "3.3.1"
L 12/13/2019 - 13:36:03: Server cvar "vehicle_real_killer" = "1.1"
L 12/13/2019 - 13:36:03: Server cvar "WalkGuard" = "1.3.2"
L 12/13/2019 - 13:36:03: Server cvar "we_grenades" = "Huehue"
L 12/13/2019 - 13:36:03: Server cvar "we_player_models" = "Huehue"
L 12/13/2019 - 13:36:03: Server cvar "whb_version" = "1.5.692"
L 12/13/2019 - 13:36:03: Server cvar "zp_jp_version" = "Extra Item Jetpack+Bazooka v3.2"
L 12/13/2019 - 13:36:03: Server cvars end
L 12/13/2019 - 13:36:05: Server cvar "mp_autoteambalance" = "1"
L 12/13/2019 - 13:36:05: Server cvar "mp_autoteambalance" = "0"
L 12/13/2019 - 13:36:05: Server cvar "amx_nextmap" = "[not yet voted on]"
L 12/13/2019 - 13:36:06: Started map "bridge" (CRC "980118759")
L 12/13/2019 - 13:36:08: World triggered "Round_Start"
L 12/13/2019 - 13:37:05: Server cvar "amx_nextmap" = "nw_gasstation"
L 12/13/2019 - 13:39:13: [REUNION]: IP 193.42.110.171 banned for 10 minutes for query flooding (PPS: 327)
L 12/13/2019 - 13:46:08: [REUNION]: bossa (94.156.117.43) authorized as RevEmu
L 12/13/2019 - 13:46:08: "bossa<5><STEAM_1:0:853193476><>" connected, address "94.156.117.43:27005"
L 12/13/2019 - 13:46:17: [REUNION]: MWR-SOBT (87.120.48.109) authorized as RevEmu
L 12/13/2019 - 13:46:17: "MWR-SOBT<6><STEAM_1:1:1657453429><>" connected, address "87.120.48.109:27005"
L 12/13/2019 - 13:46:19: [REUNION]: bossa (94.156.117.43) authorized as RevEmu
L 12/13/2019 - 13:46:19: "bossa<7><STEAM_1:0:853193476><>" connected, address "94.156.117.43:27005"
L 12/13/2019 - 13:46:27: "bossa<7><STEAM_1:0:853193476><>" entered the game
L 12/13/2019 - 13:46:30: "MWR-SOBT<6><STEAM_1:1:1657453429><>" entered the game
L 12/13/2019 - 13:46:31: "bossa<7><STEAM_1:0:853193476><>" joined team "CT"
L 12/13/2019 - 13:46:33: "MWR-SOBT<6><STEAM_1:1:1657453429><>" joined team "CT"
L 12/13/2019 - 13:46:36: "bossa<7><STEAM_1:0:853193476><CT>" committed suicide with "world"
L 12/13/2019 - 13:46:36: "bossa<7><STEAM_1:0:853193476><CT>" joined team "TERRORIST"
L 12/13/2019 - 13:46:37: World triggered "Game_Commencing"
L 12/13/2019 - 13:46:37: World triggered "Game_Commencing" (CT "0") (T "0")
L 12/13/2019 - 13:46:37: World triggered "Round_End"
L 12/13/2019 - 13:46:41: World triggered "Round_Start"
L 12/13/2019 - 13:47:32: "bossa<7><STEAM_1:0:853193476><TERRORIST>" killed "MWR-SOBT<6><STEAM_1:1:1657453429><CT>" with "p90"
L 12/13/2019 - 13:47:32: Team "TERRORIST" triggered "Terrorists_Win" (CT "0") (T "1")
L 12/13/2019 - 13:47:32: World triggered "Round_End"
L 12/13/2019 - 13:47:38: World triggered "Round_Start"
L 12/13/2019 - 13:47:58: "bossa<7><STEAM_1:0:853193476><TERRORIST>" killed "MWR-SOBT<6><STEAM_1:1:1657453429><CT>" with "p90"
L 12/13/2019 - 13:47:58: Team "TERRORIST" triggered "Terrorists_Win" (CT "0") (T "2")
L 12/13/2019 - 13:47:58: World triggered "Round_End"
L 12/13/2019 - 13:48:04: World triggered "Round_Start"
L 12/13/2019 - 13:48:38: "MWR-SOBT<6><STEAM_1:1:1657453429><CT>" killed "bossa<7><STEAM_1:0:853193476><TERRORIST>" with "usp"
L 12/13/2019 - 13:48:38: Team "CT" triggered "CTs_Win" (CT "1") (T "2")
L 12/13/2019 - 13:48:38: World triggered "Round_End"
L 12/13/2019 - 13:48:44: World triggered "Round_Start"
L 12/13/2019 - 13:49:07: "MWR-SOBT<6><STEAM_1:1:1657453429><CT>" killed "bossa<7><STEAM_1:0:853193476><TERRORIST>" with "mp5navy"
L 12/13/2019 - 13:49:07: Team "CT" triggered "CTs_Win" (CT "2") (T "2")
L 12/13/2019 - 13:49:07: World triggered "Round_End"
L 12/13/2019 - 13:49:13: World triggered "Round_Start"
L 12/13/2019 - 13:50:04: "MWR-SOBT<6><STEAM_1:1:1657453429><CT>" killed "bossa<7><STEAM_1:0:853193476><TERRORIST>" with "mp5navy"
L 12/13/2019 - 13:50:04: Team "CT" triggered "CTs_Win" (CT "3") (T "2")
L 12/13/2019 - 13:50:04: World triggered "Round_End"
L 12/13/2019 - 13:50:10: World triggered "Round_Start"
L 12/13/2019 - 13:50:27: "MWR-SOBT<6><STEAM_1:1:1657453429><CT>" killed "bossa<7><STEAM_1:0:853193476><TERRORIST>" with "aug"
L 12/13/2019 - 13:50:27: Team "CT" triggered "CTs_Win" (CT "4") (T "2")
L 12/13/2019 - 13:50:27: World triggered "Round_End"
L 12/13/2019 - 13:50:33: World triggered "Round_Start"
L 12/13/2019 - 13:51:18: "MWR-SOBT<6><STEAM_1:1:1657453429><CT>" killed "bossa<7><STEAM_1:0:853193476><TERRORIST>" with "aug"
L 12/13/2019 - 13:51:18: Team "CT" triggered "CTs_Win" (CT "5") (T "2")
L 12/13/2019 - 13:51:18: World triggered "Round_End"
L 12/13/2019 - 13:51:24: World triggered "Round_Start"
L 12/13/2019 - 13:51:43: "MWR-SOBT<6><STEAM_1:1:1657453429><CT>" killed "bossa<7><STEAM_1:0:853193476><TERRORIST>" with "aug"
L 12/13/2019 - 13:51:43: Team "CT" triggered "CTs_Win" (CT "6") (T "2")
L 12/13/2019 - 13:51:43: World triggered "Round_End"
L 12/13/2019 - 13:51:49: World triggered "Round_Start"
L 12/13/2019 - 13:52:52: "MWR-SOBT<6><STEAM_1:1:1657453429><CT>" killed "bossa<7><STEAM_1:0:853193476><TERRORIST>" with "m3"
L 12/13/2019 - 13:52:52: Team "CT" triggered "CTs_Win" (CT "7") (T "2")
L 12/13/2019 - 13:52:52: World triggered "Round_End"
L 12/13/2019 - 13:52:58: World triggered "Round_Start"
L 12/13/2019 - 13:53:48: "MWR-SOBT<6><STEAM_1:1:1657453429><CT>" killed "bossa<7><STEAM_1:0:853193476><TERRORIST>" with "tmp"
L 12/13/2019 - 13:53:48: Team "CT" triggered "CTs_Win" (CT "8") (T "2")
L 12/13/2019 - 13:53:48: World triggered "Round_End"
L 12/13/2019 - 13:53:49: "bossa<7><STEAM_1:0:853193476><TERRORIST>" killed "MWR-SOBT<6><STEAM_1:1:1657453429><CT>" with "grenade"
L 12/13/2019 - 13:53:54: World triggered "Round_Start"
L 12/13/2019 - 13:54:10: "bossa<7><STEAM_1:0:853193476><TERRORIST>" killed "MWR-SOBT<6><STEAM_1:1:1657453429><CT>" with "mp5navy"
L 12/13/2019 - 13:54:10: Team "TERRORIST" triggered "Terrorists_Win" (CT "8") (T "3")
L 12/13/2019 - 13:54:10: World triggered "Round_End"
L 12/13/2019 - 13:54:16: World triggered "Round_Start"
L 12/13/2019 - 13:54:45: "MWR-SOBT<6><STEAM_1:1:1657453429><CT>" killed "bossa<7><STEAM_1:0:853193476><TERRORIST>" with "mp5navy"
L 12/13/2019 - 13:54:45: Team "CT" triggered "CTs_Win" (CT "9") (T "3")
L 12/13/2019 - 13:54:45: World triggered "Round_End"
L 12/13/2019 - 13:54:51: World triggered "Round_Start"
L 12/13/2019 - 13:55:21: "bossa<7><STEAM_1:0:853193476><TERRORIST>" killed "MWR-SOBT<6><STEAM_1:1:1657453429><CT>" with "m3"
L 12/13/2019 - 13:55:21: Team "TERRORIST" triggered "Terrorists_Win" (CT "9") (T "4")
L 12/13/2019 - 13:55:21: World triggered "Round_End"
L 12/13/2019 - 13:55:27: World triggered "Round_Start"
L 12/13/2019 - 13:56:04: "MWR-SOBT<6><STEAM_1:1:1657453429><CT>" killed "bossa<7><STEAM_1:0:853193476><TERRORIST>" with "p90"
L 12/13/2019 - 13:56:04: Team "CT" triggered "CTs_Win" (CT "10") (T "4")
L 12/13/2019 - 13:56:04: World triggered "Round_End"
L 12/13/2019 - 13:56:10: World triggered "Round_Start"
L 12/13/2019 - 13:56:28: "MWR-SOBT<6><STEAM_1:1:1657453429><CT>" killed "bossa<7><STEAM_1:0:853193476><TERRORIST>" with "p90"
L 12/13/2019 - 13:56:28: Team "CT" triggered "CTs_Win" (CT "11") (T "4")
L 12/13/2019 - 13:56:28: World triggered "Round_End"
L 12/13/2019 - 13:56:34: World triggered "Round_Start"
L 12/13/2019 - 13:57:09: "MWR-SOBT<6><STEAM_1:1:1657453429><CT>" committed suicide with "tracktrain"
L 12/13/2019 - 13:57:09: Team "TERRORIST" triggered "Terrorists_Win" (CT "11") (T "5")
L 12/13/2019 - 13:57:09: World triggered "Round_End"
L 12/13/2019 - 13:57:15: World triggered "Round_Start"
L 12/13/2019 - 13:57:15: [REUNION]: IP 193.42.110.171 banned for 10 minutes for query flooding (PPS: 326)
L 12/13/2019 - 13:58:16: "bossa<7><STEAM_1:0:853193476><TERRORIST>" killed "MWR-SOBT<6><STEAM_1:1:1657453429><CT>" with "mp5navy"
L 12/13/2019 - 13:58:16: Team "TERRORIST" triggered "Terrorists_Win" (CT "11") (T "6")
L 12/13/2019 - 13:58:16: World triggered "Round_End"
L 12/13/2019 - 13:58:22: World triggered "Round_Start"
L 12/13/2019 - 13:58:47: "bossa<7><STEAM_1:0:853193476><TERRORIST>" killed "MWR-SOBT<6><STEAM_1:1:1657453429><CT>" with "ump45"
L 12/13/2019 - 13:58:47: Team "TERRORIST" triggered "Terrorists_Win" (CT "11") (T "7")
L 12/13/2019 - 13:58:47: World triggered "Round_End"
L 12/13/2019 - 13:58:53: World triggered "Round_Start"
L 12/13/2019 - 13:59:16: "MWR-SOBT<6><STEAM_1:1:1657453429><CT>" killed "bossa<7><STEAM_1:0:853193476><TERRORIST>" with "m3"
L 12/13/2019 - 13:59:16: Team "CT" triggered "CTs_Win" (CT "12") (T "7")
L 12/13/2019 - 13:59:16: World triggered "Round_End"
L 12/13/2019 - 13:59:22: World triggered "Round_Start"
L 12/13/2019 - 13:59:51: "MWR-SOBT<6><STEAM_1:1:1657453429><CT>" killed "bossa<7><STEAM_1:0:853193476><TERRORIST>" with "usp"
L 12/13/2019 - 13:59:51: Team "CT" triggered "CTs_Win" (CT "13") (T "7")
L 12/13/2019 - 13:59:51: World triggered "Round_End"
L 12/13/2019 - 13:59:57: World triggered "Round_Start"
L 12/13/2019 - 14:00:20: "bossa<7><STEAM_1:0:853193476><TERRORIST>" killed "MWR-SOBT<6><STEAM_1:1:1657453429><CT>" with "mp5navy"
L 12/13/2019 - 14:00:20: Team "TERRORIST" triggered "Terrorists_Win" (CT "13") (T "8")
L 12/13/2019 - 14:00:20: World triggered "Round_End"
L 12/13/2019 - 14:00:26: World triggered "Round_Start"
L 12/13/2019 - 14:00:51: "MWR-SOBT<6><STEAM_1:1:1657453429><CT>" killed "bossa<7><STEAM_1:0:853193476><TERRORIST>" with "tmp"
L 12/13/2019 - 14:00:51: Team "CT" triggered "CTs_Win" (CT "14") (T "8")
L 12/13/2019 - 14:00:51: World triggered "Round_End"
L 12/13/2019 - 14:00:57: World triggered "Round_Start"
L 12/13/2019 - 14:01:31: "bossa<7><STEAM_1:0:853193476><TERRORIST>" killed "MWR-SOBT<6><STEAM_1:1:1657453429><CT>" with "m3"
L 12/13/2019 - 14:01:31: Team "TERRORIST" triggered "Terrorists_Win" (CT "14") (T "9")
L 12/13/2019 - 14:01:31: World triggered "Round_End"
L 12/13/2019 - 14:01:37: World triggered "Round_Start"
L 12/13/2019 - 14:01:56: "MWR-SOBT<6><STEAM_1:1:1657453429><CT>" killed "bossa<7><STEAM_1:0:853193476><TERRORIST>" with "mp5navy"
L 12/13/2019 - 14:01:56: Team "CT" triggered "CTs_Win" (CT "15") (T "9")
L 12/13/2019 - 14:01:56: World triggered "Round_End"
L 12/13/2019 - 14:02:02: World triggered "Round_Start"
L 12/13/2019 - 14:02:37: "MWR-SOBT<6><STEAM_1:1:1657453429><CT>" killed "bossa<7><STEAM_1:0:853193476><TERRORIST>" with "aug"
L 12/13/2019 - 14:02:37: Team "CT" triggered "CTs_Win" (CT "16") (T "9")
L 12/13/2019 - 14:02:37: World triggered "Round_End"
L 12/13/2019 - 14:02:43: World triggered "Round_Start"
L 12/13/2019 - 14:03:02: "bossa<7><STEAM_1:0:853193476><TERRORIST>" committed suicide with "tracktrain"
L 12/13/2019 - 14:03:02: Team "CT" triggered "CTs_Win" (CT "17") (T "9")
L 12/13/2019 - 14:03:02: World triggered "Round_End"
L 12/13/2019 - 14:03:08: World triggered "Round_Start"
L 12/13/2019 - 14:03:32: "MWR-SOBT<6><STEAM_1:1:1657453429><CT>" killed "bossa<7><STEAM_1:0:853193476><TERRORIST>" with "fiveseven"
L 12/13/2019 - 14:03:32: Team "CT" triggered "CTs_Win" (CT "18") (T "9")
L 12/13/2019 - 14:03:32: World triggered "Round_End"
L 12/13/2019 - 14:03:38: World triggered "Round_Start"
L 12/13/2019 - 14:04:20: "MWR-SOBT<6><STEAM_1:1:1657453429><CT>" killed "bossa<7><STEAM_1:0:853193476><TERRORIST>" with "fiveseven"
L 12/13/2019 - 14:04:20: Team "CT" triggered "CTs_Win" (CT "19") (T "9")
L 12/13/2019 - 14:04:20: World triggered "Round_End"
L 12/13/2019 - 14:04:26: World triggered "Round_Start"
L 12/13/2019 - 14:05:28: "bossa<7><STEAM_1:0:853193476><TERRORIST>" killed "MWR-SOBT<6><STEAM_1:1:1657453429><CT>" with "m3"
L 12/13/2019 - 14:05:28: Team "TERRORIST" triggered "Terrorists_Win" (CT "19") (T "10")
L 12/13/2019 - 14:05:28: World triggered "Round_End"
L 12/13/2019 - 14:05:34: World triggered "Round_Start"
L 12/13/2019 - 14:05:53: "MWR-SOBT<6><STEAM_1:1:1657453429><CT>" killed "bossa<7><STEAM_1:0:853193476><TERRORIST>" with "usp"
L 12/13/2019 - 14:05:53: Team "CT" triggered "CTs_Win" (CT "20") (T "10")
L 12/13/2019 - 14:05:53: World triggered "Round_End"
L 12/13/2019 - 14:05:59: World triggered "Round_Start"
L 12/13/2019 - 14:06:16: "MWR-SOBT<6><STEAM_1:1:1657453429><CT>" killed "bossa<7><STEAM_1:0:853193476><TERRORIST>" with "tmp"
L 12/13/2019 - 14:06:16: Team "CT" triggered "CTs_Win" (CT "21") (T "10")
L 12/13/2019 - 14:06:16: World triggered "Round_End"
L 12/13/2019 - 14:06:21: Server cvar "mp_timelimit" = "0.000000"
L 12/13/2019 - 14:06:22: World triggered "Round_Start"
L 12/13/2019 - 14:06:47: "bossa<7><STEAM_1:0:853193476><TERRORIST>" killed "MWR-SOBT<6><STEAM_1:1:1657453429><CT>" with "mp5navy"
L 12/13/2019 - 14:06:47: Team "TERRORIST" triggered "Terrorists_Win" (CT "21") (T "11")
L 12/13/2019 - 14:06:47: World triggered "Round_End"
L 12/13/2019 - 14:06:53: World triggered "Round_Start"
L 12/13/2019 - 14:06:53: Server cvar "sv_maxspeed" = "0.000000"
L 12/13/2019 - 14:06:53: Server cvar "mp_friendlyfire" = "1"
L 12/13/2019 - 14:06:59: Server cvar "sv_maxspeed" = "900.000000"
L 12/13/2019 - 14:06:59: Server cvar "mp_friendlyfire" = "0"
L 12/13/2019 - 14:06:59: Server cvar "mp_timelimit" = "20.000000"
L 12/13/2019 - 14:06:59: [META] ini: Begin re-reading plugins list: /home/rented/public9/cstrike/addons/metamod/plugins.ini
L 12/13/2019 - 14:06:59: [META] ini: Read plugin config for: SafeNameAndChat
L 12/13/2019 - 14:06:59: [META] ini: Read plugin config for: AMX Mod X
L 12/13/2019 - 14:06:59: [META] ini: Read plugin config for: Reunion
L 12/13/2019 - 14:06:59: [META] ini: Read plugin config for: ReAuthCheck
L 12/13/2019 - 14:06:59: [META] ini: Read plugin config for: WHBlocker
L 12/13/2019 - 14:06:59: [META] ini: Read plugin config for: ReSemiclip
L 12/13/2019 - 14:06:59: [META] ini: Read plugin config for: Revoice
L 12/13/2019 - 14:06:59: [META] ini: Finished reading plugins list: /home/rented/public9/cstrike/addons/metamod/plugins.ini; Found 7 plugins
L 12/13/2019 - 14:06:59: [META] dll: Updating plugins...
L 12/13/2019 - 14:06:59: [META] WARNING: Cannot clear plugin 'SafeNameAndChat'; not marked as failed, empty, or open (status=valid)
L 12/13/2019 - 14:06:59: [META] dll: Unloaded plugin 'SafeNameAndChat' for reason 'file on disk is newer'
L 12/13/2019 - 14:06:59: [META] dll: Loaded plugin 'SafeNameAndChat': SafeNameAndChat v1.1 2017.02.01, WPMG.PRoSToC0der
L 12/13/2019 - 14:06:59: [META] WARNING: Cannot clear plugin 'WHBlocker'; not marked as failed, empty, or open (status=valid)
L 12/13/2019 - 14:06:59: [META] dll: Unloaded plugin 'WHBlocker' for reason 'file on disk is newer'
L 12/13/2019 - 14:06:59: [META] dll: Loaded plugin 'WHBlocker': WHBlocker v1.5.692 2017-04-13, s1lent
L 12/13/2019 - 14:06:59: [META] WARNING: Cannot clear plugin 'ReSemiclip'; not marked as failed, empty, or open (status=valid)
L 12/13/2019 - 14:06:59: [META] dll: Unloaded plugin 'ReSemiclip' for reason 'file on disk is newer'
L 12/13/2019 - 14:06:59: [META] dll: Loaded plugin 'ReSemiclip': ReSemiclip v2.3.9 13/02/17, s1lent & Adidasman
L 12/13/2019 - 14:06:59: [META] dll: Finished updating 14 plugins; kept 0, loaded 0, unloaded 0, reloaded 3, delayed 0
L 12/13/2019 - 14:06:59: "bossa<7><STEAM_1:0:853193476><TERRORIST>" disconnected
L 12/13/2019 - 14:06:59: "MWR-SOBT<6><STEAM_1:1:1657453429><CT>" disconnected
L 12/13/2019 - 14:06:59: World triggered "Round_Draw" (CT "21") (T "11")
L 12/13/2019 - 14:06:59: World triggered "Round_End"
L 12/13/2019 - 14:06:59: Log file closed
