L 12/12/2019 - 22:37:03: Log file started (file "logs/L1212175.log") (game "cstrike") (version "48/1.1.2.7/Stdio/1621")
L 12/12/2019 - 22:37:03: Loading map "de_westwood"
L 12/12/2019 - 22:37:03: Server cvars start
L 12/12/2019 - 22:37:03: Server cvar "@BunnyHopper" = "3.x"
L 12/12/2019 - 22:37:03: Server cvar "@CRXGoSpec" = "1.1"
L 12/12/2019 - 22:37:03: Server cvar "@CRXRemoveImmunity" = "1.0"
L 12/12/2019 - 22:37:03: Server cvar "@D.I.C.E." = "1.1"
L 12/12/2019 - 22:37:03: Server cvar "@MOTDCommands" = "1.2"
L 12/12/2019 - 22:37:03: Server cvar "advanced_quake_sounds" = "5.0"
L 12/12/2019 - 22:37:03: Server cvar "AdvancedMute" = "1.0"
L 12/12/2019 - 22:37:03: Server cvar "aesp_version" = "1.3"
L 12/12/2019 - 22:37:03: Server cvar "allow_spectators" = "1.0"
L 12/12/2019 - 22:37:03: Server cvar "amx_client_languages" = "1"
L 12/12/2019 - 22:37:03: Server cvar "amx_language" = "en"
L 12/12/2019 - 22:37:03: Server cvar "amx_nextmap" = "de_westwood"
L 12/12/2019 - 22:37:03: Server cvar "amx_ptb_version" = "1.8b3"
L 12/12/2019 - 22:37:03: Server cvar "amx_timeleft" = "00:00"
L 12/12/2019 - 22:37:03: Server cvar "amxmodx_version" = "1.8.2"
L 12/12/2019 - 22:37:03: Server cvar "amxxbg_vip" = "1.0"
L 12/12/2019 - 22:37:03: Server cvar "asp_version" = "4.5.1"
L 12/12/2019 - 22:37:03: Server cvar "atac_version" = "3.0.1"
L 12/12/2019 - 22:37:03: Server cvar "badcamper_version" = "1.4 beta"
L 12/12/2019 - 22:37:03: Server cvar "blockmaker" = "4.01"
L 12/12/2019 - 22:37:03: Server cvar "c4 timer" = "1.1"
L 12/12/2019 - 22:37:03: Server cvar "coop" = "0"
L 12/12/2019 - 22:37:03: Server cvar "CRXAdminGroups" = "1.0"
L 12/12/2019 - 22:37:03: Server cvar "CRXCommandRestrictions" = "1.0"
L 12/12/2019 - 22:37:03: Server cvar "CRXFastKnife" = "1.0"
L 12/12/2019 - 22:37:03: Server cvar "CRXGametracker" = "2.0"
L 12/12/2019 - 22:37:03: Server cvar "CRXKnifeModels" = "2.5.7"
L 12/12/2019 - 22:37:03: Server cvar "CRXTeamAdvantage" = "1.0"
L 12/12/2019 - 22:37:03: Server cvar "CustomShop" = "4.2"
L 12/12/2019 - 22:37:03: Server cvar "deathmatch" = "1"
L 12/12/2019 - 22:37:03: Server cvar "decalfrequency" = "0"
L 12/12/2019 - 22:37:03: Server cvar "edgefriction" = "2"
L 12/12/2019 - 22:37:03: Server cvar "ers_version" = "2.3c"
L 12/12/2019 - 22:37:03: Server cvar "gagsystem_shoko" = "1.0"
L 12/12/2019 - 22:37:03: Server cvar "gal_mapcyclefile" = "mapcycle.txt"
L 12/12/2019 - 22:37:03: Server cvar "gal_version" = "v5.9.1-926"
L 12/12/2019 - 22:37:03: Server cvar "game_version" = "5.7.0.313-dev"
L 12/12/2019 - 22:37:03: Server cvar "humans_join_team" = "any"
L 12/12/2019 - 22:37:03: Server cvar "jtp10181" = "chute,gore"
L 12/12/2019 - 22:37:03: Server cvar "lawliet" = "ny_RainingSnow"
L 12/12/2019 - 22:37:03: Server cvar "LetitSnow" = "1.0"
L 12/12/2019 - 22:37:03: Server cvar "map_spawns" = "T(16) CT(16)"
L 12/12/2019 - 22:37:03: Server cvar "max_queries_sec" = "3"
L 12/12/2019 - 22:37:03: Server cvar "max_queries_sec_global" = "150"
L 12/12/2019 - 22:37:03: Server cvar "max_queries_window" = "60"
L 12/12/2019 - 22:37:03: Server cvar "mdbBans" = "4.8"
L 12/12/2019 - 22:37:03: Server cvar "metamod_version" = "1.21p37"
L 12/12/2019 - 22:37:03: Server cvar "mp_autokick" = "0"
L 12/12/2019 - 22:37:03: Server cvar "mp_autokick_timeout" = "-1"
L 12/12/2019 - 22:37:03: Server cvar "mp_autoteambalance" = "0"
L 12/12/2019 - 22:37:03: Server cvar "mp_buytime" = "0.25"
L 12/12/2019 - 22:37:03: Server cvar "mp_c4timer" = "35"
L 12/12/2019 - 22:37:03: Server cvar "mp_chattime" = "10.000000"
L 12/12/2019 - 22:37:03: Server cvar "mp_consistency" = "1"
L 12/12/2019 - 22:37:03: Server cvar "mp_fadetoblack" = "0"
L 12/12/2019 - 22:37:03: Server cvar "mp_flashlight" = "1"
L 12/12/2019 - 22:37:03: Server cvar "mp_footsteps" = "1"
L 12/12/2019 - 22:37:03: Server cvar "mp_forcecamera" = "0"
L 12/12/2019 - 22:37:03: Server cvar "mp_forcechasecam" = "0"
L 12/12/2019 - 22:37:03: Server cvar "mp_forcerespawn" = "0"
L 12/12/2019 - 22:37:03: Server cvar "mp_fraglimit" = "0"
L 12/12/2019 - 22:37:03: Server cvar "mp_fragsleft" = "0"
L 12/12/2019 - 22:37:03: Server cvar "mp_freeforall" = "0"
L 12/12/2019 - 22:37:03: Server cvar "mp_freezetime" = "1"
L 12/12/2019 - 22:37:03: Server cvar "mp_friendlyfire" = "0"
L 12/12/2019 - 22:37:03: Server cvar "mp_hostage_hurtable" = "1"
L 12/12/2019 - 22:37:03: Server cvar "mp_hostagepenalty" = "0"
L 12/12/2019 - 22:37:03: Server cvar "mp_item_staytime" = "300"
L 12/12/2019 - 22:37:03: Server cvar "mp_kickpercent" = "0.66"
L 12/12/2019 - 22:37:03: Server cvar "mp_legacy_bombtarget_touch" = "1"
L 12/12/2019 - 22:37:03: Server cvar "mp_limitteams" = "0"
L 12/12/2019 - 22:37:03: Server cvar "mp_logdetail" = "0"
L 12/12/2019 - 22:37:03: Server cvar "mp_logfile" = "1"
L 12/12/2019 - 22:37:03: Server cvar "mp_logmessages" = "1"
L 12/12/2019 - 22:37:03: Server cvar "mp_mapvoteratio" = "0.66"
L 12/12/2019 - 22:37:03: Server cvar "mp_maxmoney" = "999999"
L 12/12/2019 - 22:37:03: Server cvar "mp_maxrounds" = "0"
L 12/12/2019 - 22:37:03: Server cvar "mp_mirrordamage" = "0"
L 12/12/2019 - 22:37:03: Server cvar "mp_old_bomb_defused_sound" = "1"
L 12/12/2019 - 22:37:03: Server cvar "mp_playerid" = "0"
L 12/12/2019 - 22:37:03: Server cvar "mp_respawn_immunitytime" = "0"
L 12/12/2019 - 22:37:03: Server cvar "mp_round_infinite" = "0"
L 12/12/2019 - 22:37:03: Server cvar "mp_round_restart_delay" = "5"
L 12/12/2019 - 22:37:03: Server cvar "mp_roundover" = "0"
L 12/12/2019 - 22:37:03: Server cvar "mp_roundtime" = "2.3"
L 12/12/2019 - 22:37:03: Server cvar "mp_show_radioicon" = "1"
L 12/12/2019 - 22:37:03: Server cvar "mp_startmoney" = "850"
L 12/12/2019 - 22:37:03: Server cvar "mp_timeleft" = "00:00"
L 12/12/2019 - 22:37:03: Server cvar "mp_timelimit" = "20.000000"
L 12/12/2019 - 22:37:03: Server cvar "mp_tkpunish" = "0"
L 12/12/2019 - 22:37:03: Server cvar "mp_windifference" = "1"
L 12/12/2019 - 22:37:03: Server cvar "mp_winlimit" = "0"
L 12/12/2019 - 22:37:03: Server cvar "NoWeaponsOnGround" = "1.0"
L 12/12/2019 - 22:37:03: Server cvar "pausable" = "0"
L 12/12/2019 - 22:37:03: Server cvar "present_version" = "2.01"
L 12/12/2019 - 22:37:03: Server cvar "RandomHP" = "2.2"
L 12/12/2019 - 22:37:03: Server cvar "reauthcheck_version" = "0.1.6"
L 12/12/2019 - 22:37:03: Server cvar "reconnect_features" = "0.3.1"
L 12/12/2019 - 22:37:03: Server cvar "report_system_version" = "3.1"
L 12/12/2019 - 22:37:03: Server cvar "resemiclip_version" = "2.3.9"
L 12/12/2019 - 22:37:03: Server cvar "reu_version" = "0.1.0.130"
L 12/12/2019 - 22:37:03: Server cvar "revoice_version" = "0.1.0.30"
L 12/12/2019 - 22:37:03: Server cvar "RRWM" = "2.0"
L 12/12/2019 - 22:37:03: Server cvar "sanksounds_version" = "1.8.6"
L 12/12/2019 - 22:37:03: Server cvar "SimpleMenu" = "1.1"
L 12/12/2019 - 22:37:03: Server cvar "SNAC_Version" = "1.1"
L 12/12/2019 - 22:37:03: Server cvar "SpecList" = "1.2a"
L 12/12/2019 - 22:37:03: Server cvar "sr_version" = "1.6"
L 12/12/2019 - 22:37:03: Server cvar "statsx_shell_ver" = "2.0.0 (BETA)"
L 12/12/2019 - 22:37:03: Server cvar "StyleC4Timer" = "2.1"
L 12/12/2019 - 22:37:03: Server cvar "sv_accelerate" = "5"
L 12/12/2019 - 22:37:03: Server cvar "sv_aim" = "1"
L 12/12/2019 - 22:37:03: Server cvar "sv_airaccelerate" = "100"
L 12/12/2019 - 22:37:03: Server cvar "sv_allowupload" = "1"
L 12/12/2019 - 22:37:03: Server cvar "sv_alltalk" = "1"
L 12/12/2019 - 22:37:03: Server cvar "sv_bounce" = "1"
L 12/12/2019 - 22:37:03: Server cvar "sv_cheats" = "0"
L 12/12/2019 - 22:37:03: Server cvar "sv_clienttrace" = "1"
L 12/12/2019 - 22:37:03: Server cvar "sv_contact" = "feruchio599@gmail.com"
L 12/12/2019 - 22:37:03: Server cvar "sv_friction" = "4"
L 12/12/2019 - 22:37:03: Server cvar "sv_gravity" = "800"
L 12/12/2019 - 22:37:03: Server cvar "sv_logblocks" = "0"
L 12/12/2019 - 22:37:03: Server cvar "sv_maxrate" = "50000"
L 12/12/2019 - 22:37:03: Server cvar "sv_maxspeed" = "900.000000"
L 12/12/2019 - 22:37:03: Server cvar "sv_minrate" = "10000"
L 12/12/2019 - 22:37:03: Server cvar "sv_password" = ""
L 12/12/2019 - 22:37:03: Server cvar "sv_proxies" = "1"
L 12/12/2019 - 22:37:03: Server cvar "sv_restart" = "0"
L 12/12/2019 - 22:37:03: Server cvar "sv_restartround" = "0"
L 12/12/2019 - 22:37:03: Server cvar "sv_stepsize" = "18"
L 12/12/2019 - 22:37:03: Server cvar "sv_stopspeed" = "75"
L 12/12/2019 - 22:37:03: Server cvar "sv_uploadmax" = "0.5"
L 12/12/2019 - 22:37:03: Server cvar "sv_version" = "1.1.2.7/Stdio,48,1621"
L 12/12/2019 - 22:37:03: Server cvar "sv_voiceenable" = "1"
L 12/12/2019 - 22:37:03: Server cvar "sv_wateraccelerate" = "10"
L 12/12/2019 - 22:37:03: Server cvar "sv_waterfriction" = "1"
L 12/12/2019 - 22:37:03: Server cvar "Team_Semiclip_version" = "3.3.1"
L 12/12/2019 - 22:37:03: Server cvar "vehicle_real_killer" = "1.1"
L 12/12/2019 - 22:37:03: Server cvar "WalkGuard" = "1.3.2"
L 12/12/2019 - 22:37:03: Server cvar "we_grenades" = "Huehue"
L 12/12/2019 - 22:37:03: Server cvar "we_player_models" = "Huehue"
L 12/12/2019 - 22:37:03: Server cvar "whb_version" = "1.5.692"
L 12/12/2019 - 22:37:03: Server cvar "zp_jp_version" = "Extra Item Jetpack+Bazooka v3.2"
L 12/12/2019 - 22:37:03: Server cvars end
L 12/12/2019 - 22:37:05: Server cvar "sv_maxspeed" = "900"
L 12/12/2019 - 22:37:05: Server cvar "mp_autoteambalance" = "1"
L 12/12/2019 - 22:37:05: Server cvar "mp_timelimit" = "20"
L 12/12/2019 - 22:37:06: Server cvar "mp_autoteambalance" = "0"
L 12/12/2019 - 22:37:06: Server cvar "amx_nextmap" = "[not yet voted on]"
L 12/12/2019 - 22:37:07: Started map "de_westwood" (CRC "-1879789846")
L 12/12/2019 - 22:37:09: World triggered "Round_Start"
L 12/12/2019 - 22:37:11: "BABAITA<70><STEAM_1:0:603964278><>" entered the game
L 12/12/2019 - 22:37:11: "BAD BOY<69><STEAM_1:1:175462098><>" entered the game
L 12/12/2019 - 22:37:15: "BAD BOY<69><STEAM_1:1:175462098><>" joined team "CT"
L 12/12/2019 - 22:37:15: "BABAITA<70><STEAM_1:0:603964278><>" joined team "TERRORIST"
L 12/12/2019 - 22:37:15: World triggered "Game_Commencing"
L 12/12/2019 - 22:37:15: World triggered "Game_Commencing" (CT "0") (T "0")
L 12/12/2019 - 22:37:15: World triggered "Round_End"
L 12/12/2019 - 22:37:18: "BABAITA<70><STEAM_1:0:603964278><TERRORIST>" triggered "Spawned_With_The_Bomb"
L 12/12/2019 - 22:37:19: World triggered "Round_Start"
L 12/12/2019 - 22:37:41: "BABAITA<70><STEAM_1:0:603964278><TERRORIST>" killed "BAD BOY<69><STEAM_1:1:175462098><CT>" with "grenade"
L 12/12/2019 - 22:37:41: Team "TERRORIST" triggered "Terrorists_Win" (CT "0") (T "1")
L 12/12/2019 - 22:37:41: World triggered "Round_End"
L 12/12/2019 - 22:37:46: "BABAITA<70><STEAM_1:0:603964278><TERRORIST>" triggered "Spawned_With_The_Bomb"
L 12/12/2019 - 22:37:47: World triggered "Round_Start"
L 12/12/2019 - 22:38:01: "BAD BOY<69><STEAM_1:1:175462098><CT>" killed "BABAITA<70><STEAM_1:0:603964278><TERRORIST>" with "famas"
L 12/12/2019 - 22:38:01: Team "CT" triggered "CTs_Win" (CT "1") (T "1")
L 12/12/2019 - 22:38:01: World triggered "Round_End"
L 12/12/2019 - 22:38:06: "BABAITA<70><STEAM_1:0:603964278><TERRORIST>" triggered "Spawned_With_The_Bomb"
L 12/12/2019 - 22:38:07: World triggered "Round_Start"
L 12/12/2019 - 22:38:20: "BAD BOY<69><STEAM_1:1:175462098><CT>" killed "BABAITA<70><STEAM_1:0:603964278><TERRORIST>" with "ak47"
L 12/12/2019 - 22:38:20: Team "CT" triggered "CTs_Win" (CT "2") (T "1")
L 12/12/2019 - 22:38:20: World triggered "Round_End"
L 12/12/2019 - 22:38:25: "BABAITA<70><STEAM_1:0:603964278><TERRORIST>" triggered "Spawned_With_The_Bomb"
L 12/12/2019 - 22:38:26: World triggered "Round_Start"
L 12/12/2019 - 22:38:59: "BABAITA<70><STEAM_1:0:603964278><TERRORIST>" triggered "Planted_The_Bomb"
L 12/12/2019 - 22:39:04: "BAD BOY<69><STEAM_1:1:175462098><CT>" triggered "Begin_Bomb_Defuse_Without_Kit"
L 12/12/2019 - 22:39:11: "BAD BOY<69><STEAM_1:1:175462098><CT>" killed "BABAITA<70><STEAM_1:0:603964278><TERRORIST>" with "ak47"
L 12/12/2019 - 22:39:13: "BAD BOY<69><STEAM_1:1:175462098><CT>" triggered "Begin_Bomb_Defuse_Without_Kit"
L 12/12/2019 - 22:39:23: "BAD BOY<69><STEAM_1:1:175462098><CT>" triggered "Defused_The_Bomb"
L 12/12/2019 - 22:39:23: Team "CT" triggered "Bomb_Defused" (CT "3") (T "1")
L 12/12/2019 - 22:39:23: World triggered "Round_End"
L 12/12/2019 - 22:39:28: "BABAITA<70><STEAM_1:0:603964278><TERRORIST>" triggered "Spawned_With_The_Bomb"
L 12/12/2019 - 22:39:29: World triggered "Round_Start"
L 12/12/2019 - 22:39:46: "BABAITA<70><STEAM_1:0:603964278><TERRORIST>" killed "BAD BOY<69><STEAM_1:1:175462098><CT>" with "sg552"
L 12/12/2019 - 22:39:46: Team "TERRORIST" triggered "Terrorists_Win" (CT "3") (T "2")
L 12/12/2019 - 22:39:46: World triggered "Round_End"
L 12/12/2019 - 22:39:51: "BABAITA<70><STEAM_1:0:603964278><TERRORIST>" triggered "Spawned_With_The_Bomb"
L 12/12/2019 - 22:39:52: World triggered "Round_Start"
L 12/12/2019 - 22:40:48: "BAD BOY<69><STEAM_1:1:175462098><CT>" killed "BABAITA<70><STEAM_1:0:603964278><TERRORIST>" with "aug"
L 12/12/2019 - 22:40:48: Team "CT" triggered "CTs_Win" (CT "4") (T "2")
L 12/12/2019 - 22:40:48: World triggered "Round_End"
L 12/12/2019 - 22:40:53: "BABAITA<70><STEAM_1:0:603964278><TERRORIST>" triggered "Spawned_With_The_Bomb"
L 12/12/2019 - 22:40:54: World triggered "Round_Start"
L 12/12/2019 - 22:41:07: "BAD BOY<69><STEAM_1:1:175462098><CT>" killed "BABAITA<70><STEAM_1:0:603964278><TERRORIST>" with "deagle"
L 12/12/2019 - 22:41:07: Team "CT" triggered "CTs_Win" (CT "5") (T "2")
L 12/12/2019 - 22:41:07: World triggered "Round_End"
L 12/12/2019 - 22:41:12: "BABAITA<70><STEAM_1:0:603964278><TERRORIST>" triggered "Spawned_With_The_Bomb"
L 12/12/2019 - 22:41:13: World triggered "Round_Start"
L 12/12/2019 - 22:41:36: "BABAITA<70><STEAM_1:0:603964278><TERRORIST>" killed "BAD BOY<69><STEAM_1:1:175462098><CT>" with "g3sg1"
L 12/12/2019 - 22:41:36: Team "TERRORIST" triggered "Terrorists_Win" (CT "5") (T "3")
L 12/12/2019 - 22:41:36: World triggered "Round_End"
L 12/12/2019 - 22:41:41: "BABAITA<70><STEAM_1:0:603964278><TERRORIST>" triggered "Spawned_With_The_Bomb"
L 12/12/2019 - 22:41:42: World triggered "Round_Start"
L 12/12/2019 - 22:42:12: "BABAITA<70><STEAM_1:0:603964278><TERRORIST>" triggered "Planted_The_Bomb"
L 12/12/2019 - 22:42:19: "BABAITA<70><STEAM_1:0:603964278><TERRORIST>" killed "BAD BOY<69><STEAM_1:1:175462098><CT>" with "g3sg1"
L 12/12/2019 - 22:42:19: Team "TERRORIST" triggered "Terrorists_Win" (CT "5") (T "4")
L 12/12/2019 - 22:42:19: World triggered "Round_End"
L 12/12/2019 - 22:42:24: "BABAITA<70><STEAM_1:0:603964278><TERRORIST>" triggered "Spawned_With_The_Bomb"
L 12/12/2019 - 22:42:25: World triggered "Round_Start"
L 12/12/2019 - 22:42:54: "BABAITA<70><STEAM_1:0:603964278><TERRORIST>" killed "BAD BOY<69><STEAM_1:1:175462098><CT>" with "g3sg1"
L 12/12/2019 - 22:42:54: Team "TERRORIST" triggered "Terrorists_Win" (CT "5") (T "5")
L 12/12/2019 - 22:42:54: World triggered "Round_End"
L 12/12/2019 - 22:42:59: "BABAITA<70><STEAM_1:0:603964278><TERRORIST>" triggered "Spawned_With_The_Bomb"
L 12/12/2019 - 22:43:00: World triggered "Round_Start"
L 12/12/2019 - 22:44:10: "BABAITA<70><STEAM_1:0:603964278><TERRORIST>" triggered "Planted_The_Bomb"
L 12/12/2019 - 22:44:16: "BAD BOY<69><STEAM_1:1:175462098><CT>" killed "BABAITA<70><STEAM_1:0:603964278><TERRORIST>" with "m4a1"
L 12/12/2019 - 22:44:20: "BAD BOY<69><STEAM_1:1:175462098><CT>" triggered "Begin_Bomb_Defuse_Without_Kit"
L 12/12/2019 - 22:44:30: "BAD BOY<69><STEAM_1:1:175462098><CT>" triggered "Defused_The_Bomb"
L 12/12/2019 - 22:44:30: Team "CT" triggered "Bomb_Defused" (CT "6") (T "5")
L 12/12/2019 - 22:44:30: World triggered "Round_End"
L 12/12/2019 - 22:44:35: "BABAITA<70><STEAM_1:0:603964278><TERRORIST>" triggered "Spawned_With_The_Bomb"
L 12/12/2019 - 22:44:36: World triggered "Round_Start"
L 12/12/2019 - 22:45:38: "BABAITA<70><STEAM_1:0:603964278><TERRORIST>" triggered "Planted_The_Bomb"
L 12/12/2019 - 22:45:57: "BAD BOY<69><STEAM_1:1:175462098><CT>" triggered "Begin_Bomb_Defuse_Without_Kit"
L 12/12/2019 - 22:46:06: "BAD BOY<69><STEAM_1:1:175462098><CT>" killed "BABAITA<70><STEAM_1:0:603964278><TERRORIST>" with "tmp"
L 12/12/2019 - 22:46:08: "BAD BOY<69><STEAM_1:1:175462098><CT>" triggered "Begin_Bomb_Defuse_Without_Kit"
L 12/12/2019 - 22:46:13: Team "TERRORIST" triggered "Target_Bombed" (CT "6") (T "6")
L 12/12/2019 - 22:46:13: World triggered "Round_End"
L 12/12/2019 - 22:46:18: "BABAITA<70><STEAM_1:0:603964278><TERRORIST>" triggered "Spawned_With_The_Bomb"
L 12/12/2019 - 22:46:19: World triggered "Round_Start"
L 12/12/2019 - 22:46:44: "BAD BOY<69><STEAM_1:1:175462098><CT>" killed "BABAITA<70><STEAM_1:0:603964278><TERRORIST>" with "awp"
L 12/12/2019 - 22:46:44: Team "CT" triggered "CTs_Win" (CT "7") (T "6")
L 12/12/2019 - 22:46:44: World triggered "Round_End"
L 12/12/2019 - 22:46:49: "BABAITA<70><STEAM_1:0:603964278><TERRORIST>" triggered "Spawned_With_The_Bomb"
L 12/12/2019 - 22:46:50: World triggered "Round_Start"
L 12/12/2019 - 22:47:01: "BAD BOY<69><STEAM_1:1:175462098><CT>" killed "BABAITA<70><STEAM_1:0:603964278><TERRORIST>" with "deagle"
L 12/12/2019 - 22:47:01: Team "CT" triggered "CTs_Win" (CT "8") (T "6")
L 12/12/2019 - 22:47:01: World triggered "Round_End"
L 12/12/2019 - 22:47:06: "BABAITA<70><STEAM_1:0:603964278><TERRORIST>" triggered "Spawned_With_The_Bomb"
L 12/12/2019 - 22:47:07: World triggered "Round_Start"
L 12/12/2019 - 22:47:39: "BABAITA<70><STEAM_1:0:603964278><TERRORIST>" killed "BAD BOY<69><STEAM_1:1:175462098><CT>" with "ak47"
L 12/12/2019 - 22:47:39: Team "TERRORIST" triggered "Terrorists_Win" (CT "8") (T "7")
L 12/12/2019 - 22:47:39: World triggered "Round_End"
L 12/12/2019 - 22:47:44: "BABAITA<70><STEAM_1:0:603964278><TERRORIST>" triggered "Spawned_With_The_Bomb"
L 12/12/2019 - 22:47:45: World triggered "Round_Start"
L 12/12/2019 - 22:48:02: "BABAITA<70><STEAM_1:0:603964278><TERRORIST>" killed "BAD BOY<69><STEAM_1:1:175462098><CT>" with "ak47"
L 12/12/2019 - 22:48:02: Team "TERRORIST" triggered "Terrorists_Win" (CT "8") (T "8")
L 12/12/2019 - 22:48:02: World triggered "Round_End"
L 12/12/2019 - 22:48:07: "BABAITA<70><STEAM_1:0:603964278><TERRORIST>" triggered "Spawned_With_The_Bomb"
L 12/12/2019 - 22:48:08: World triggered "Round_Start"
L 12/12/2019 - 22:48:29: "BABAITA<70><STEAM_1:0:603964278><TERRORIST>" triggered "Planted_The_Bomb"
L 12/12/2019 - 22:48:35: "BAD BOY<69><STEAM_1:1:175462098><CT>" killed "BABAITA<70><STEAM_1:0:603964278><TERRORIST>" with "awp"
L 12/12/2019 - 22:48:39: "BAD BOY<69><STEAM_1:1:175462098><CT>" triggered "Begin_Bomb_Defuse_With_Kit"
L 12/12/2019 - 22:48:44: "BAD BOY<69><STEAM_1:1:175462098><CT>" triggered "Defused_The_Bomb"
L 12/12/2019 - 22:48:44: Team "CT" triggered "Bomb_Defused" (CT "9") (T "8")
L 12/12/2019 - 22:48:44: World triggered "Round_End"
L 12/12/2019 - 22:48:49: "BABAITA<70><STEAM_1:0:603964278><TERRORIST>" triggered "Spawned_With_The_Bomb"
L 12/12/2019 - 22:48:50: World triggered "Round_Start"
L 12/12/2019 - 22:49:12: [REUNION]: IP 193.42.110.171 banned for 10 minutes for query flooding (PPS: 331)
L 12/12/2019 - 22:49:27: "BABAITA<70><STEAM_1:0:603964278><TERRORIST>" triggered "Planted_The_Bomb"
L 12/12/2019 - 22:49:51: "BAD BOY<69><STEAM_1:1:175462098><CT>" triggered "Begin_Bomb_Defuse_With_Kit"
L 12/12/2019 - 22:49:58: "BAD BOY<69><STEAM_1:1:175462098><CT>" killed "BABAITA<70><STEAM_1:0:603964278><TERRORIST>" with "awp"
L 12/12/2019 - 22:49:59: "BAD BOY<69><STEAM_1:1:175462098><CT>" triggered "Begin_Bomb_Defuse_With_Kit"
L 12/12/2019 - 22:50:02: Team "TERRORIST" triggered "Target_Bombed" (CT "9") (T "9")
L 12/12/2019 - 22:50:02: World triggered "Round_End"
L 12/12/2019 - 22:50:07: "BABAITA<70><STEAM_1:0:603964278><TERRORIST>" triggered "Spawned_With_The_Bomb"
L 12/12/2019 - 22:50:08: World triggered "Round_Start"
L 12/12/2019 - 22:50:45: "BABAITA<70><STEAM_1:0:603964278><TERRORIST>" killed "BAD BOY<69><STEAM_1:1:175462098><CT>" with "ak47"
L 12/12/2019 - 22:50:45: Team "TERRORIST" triggered "Terrorists_Win" (CT "9") (T "10")
L 12/12/2019 - 22:50:45: World triggered "Round_End"
L 12/12/2019 - 22:50:50: "BABAITA<70><STEAM_1:0:603964278><TERRORIST>" triggered "Spawned_With_The_Bomb"
L 12/12/2019 - 22:50:51: World triggered "Round_Start"
L 12/12/2019 - 22:51:03: "BABAITA<70><STEAM_1:0:603964278><TERRORIST>" killed "BAD BOY<69><STEAM_1:1:175462098><CT>" with "ak47"
L 12/12/2019 - 22:51:03: Team "TERRORIST" triggered "Terrorists_Win" (CT "9") (T "11")
L 12/12/2019 - 22:51:03: World triggered "Round_End"
L 12/12/2019 - 22:51:08: "BABAITA<70><STEAM_1:0:603964278><TERRORIST>" triggered "Spawned_With_The_Bomb"
L 12/12/2019 - 22:51:09: World triggered "Round_Start"
L 12/12/2019 - 22:51:34: "BABAITA<70><STEAM_1:0:603964278><TERRORIST>" killed "BAD BOY<69><STEAM_1:1:175462098><CT>" with "elite"
L 12/12/2019 - 22:51:34: Team "TERRORIST" triggered "Terrorists_Win" (CT "9") (T "12")
L 12/12/2019 - 22:51:34: World triggered "Round_End"
L 12/12/2019 - 22:51:39: "BABAITA<70><STEAM_1:0:603964278><TERRORIST>" triggered "Spawned_With_The_Bomb"
L 12/12/2019 - 22:51:40: World triggered "Round_Start"
L 12/12/2019 - 22:51:57: "BAD BOY<69><STEAM_1:1:175462098><CT>" disconnected
L 12/12/2019 - 22:52:19: "BABAITA<70><STEAM_1:0:603964278><TERRORIST>" triggered "Planted_The_Bomb"
L 12/12/2019 - 22:52:24: "BABAITA<70><STEAM_1:0:603964278><TERRORIST>" disconnected
L 12/12/2019 - 22:52:24: World triggered "Round_Draw" (CT "9") (T "12")
L 12/12/2019 - 22:52:24: World triggered "Round_End"
L 12/12/2019 - 22:52:30: World triggered "Round_Start"
L 12/12/2019 - 22:54:48: Team "CT" triggered "Target_Saved" (CT "9") (T "12")
L 12/12/2019 - 22:54:48: World triggered "Round_End"
L 12/12/2019 - 22:54:54: World triggered "Round_Start"
L 12/12/2019 - 22:57:12: Team "CT" triggered "Target_Saved" (CT "9") (T "12")
L 12/12/2019 - 22:57:12: World triggered "Round_End"
L 12/12/2019 - 22:57:18: Server cvar "mp_chattime" = "12.000000"
L 12/12/2019 - 22:57:18: Server cvar "amx_nextmap" = "cc_secret_base"
L 12/12/2019 - 22:57:18: World triggered "Round_Start"
L 12/12/2019 - 22:57:18: Team "CT" scored "9" with "0" players
L 12/12/2019 - 22:57:18: Team "TERRORIST" scored "12" with "0" players
L 12/12/2019 - 22:57:28: Server cvar "mp_chattime" = "10.000000"
L 12/12/2019 - 22:57:28: [META] ini: Begin re-reading plugins list: /home/rented/public9/cstrike/addons/metamod/plugins.ini
L 12/12/2019 - 22:57:28: [META] ini: Read plugin config for: SafeNameAndChat
L 12/12/2019 - 22:57:28: [META] ini: Read plugin config for: AMX Mod X
L 12/12/2019 - 22:57:28: [META] ini: Read plugin config for: Reunion
L 12/12/2019 - 22:57:28: [META] ini: Read plugin config for: ReAuthCheck
L 12/12/2019 - 22:57:28: [META] ini: Read plugin config for: WHBlocker
L 12/12/2019 - 22:57:28: [META] ini: Read plugin config for: ReSemiclip
L 12/12/2019 - 22:57:28: [META] ini: Read plugin config for: Revoice
L 12/12/2019 - 22:57:28: [META] ini: Finished reading plugins list: /home/rented/public9/cstrike/addons/metamod/plugins.ini; Found 7 plugins
L 12/12/2019 - 22:57:28: [META] dll: Updating plugins...
L 12/12/2019 - 22:57:28: [META] WARNING: Cannot clear plugin 'SafeNameAndChat'; not marked as failed, empty, or open (status=valid)
L 12/12/2019 - 22:57:28: [META] dll: Unloaded plugin 'SafeNameAndChat' for reason 'file on disk is newer'
L 12/12/2019 - 22:57:28: [META] dll: Loaded plugin 'SafeNameAndChat': SafeNameAndChat v1.1 2017.02.01, WPMG.PRoSToC0der
L 12/12/2019 - 22:57:28: [META] WARNING: Cannot clear plugin 'WHBlocker'; not marked as failed, empty, or open (status=valid)
L 12/12/2019 - 22:57:28: [META] dll: Unloaded plugin 'WHBlocker' for reason 'file on disk is newer'
L 12/12/2019 - 22:57:28: [META] dll: Loaded plugin 'WHBlocker': WHBlocker v1.5.692 2017-04-13, s1lent
L 12/12/2019 - 22:57:28: [META] WARNING: Cannot clear plugin 'ReSemiclip'; not marked as failed, empty, or open (status=valid)
L 12/12/2019 - 22:57:28: [META] dll: Unloaded plugin 'ReSemiclip' for reason 'file on disk is newer'
L 12/12/2019 - 22:57:28: [META] dll: Loaded plugin 'ReSemiclip': ReSemiclip v2.3.9 13/02/17, s1lent & Adidasman
L 12/12/2019 - 22:57:28: [META] dll: Finished updating 14 plugins; kept 0, loaded 0, unloaded 0, reloaded 3, delayed 0
L 12/12/2019 - 22:57:28: Log file closed
