L 12/14/2019 - 17:39:25: Log file started (file "logs/L1214167.log") (game "cstrike") (version "48/1.1.2.7/Stdio/1621")
L 12/14/2019 - 17:39:25: Loading map "awp_snowfun2"
L 12/14/2019 - 17:39:25: Server cvars start
L 12/14/2019 - 17:39:25: Server cvar "@BunnyHopper" = "3.x"
L 12/14/2019 - 17:39:25: Server cvar "@CRXGoSpec" = "1.1"
L 12/14/2019 - 17:39:25: Server cvar "@CRXRemoveImmunity" = "1.0"
L 12/14/2019 - 17:39:25: Server cvar "@D.I.C.E." = "1.1"
L 12/14/2019 - 17:39:25: Server cvar "@MOTDCommands" = "1.2"
L 12/14/2019 - 17:39:25: Server cvar "advanced_quake_sounds" = "5.0"
L 12/14/2019 - 17:39:25: Server cvar "AdvancedMute" = "1.0"
L 12/14/2019 - 17:39:25: Server cvar "aesp_version" = "1.3"
L 12/14/2019 - 17:39:25: Server cvar "allow_spectators" = "1.0"
L 12/14/2019 - 17:39:25: Server cvar "amx_client_languages" = "1"
L 12/14/2019 - 17:39:25: Server cvar "amx_language" = "en"
L 12/14/2019 - 17:39:25: Server cvar "amx_nextmap" = "awp_snowfun2"
L 12/14/2019 - 17:39:25: Server cvar "amx_ptb_version" = "1.8b3"
L 12/14/2019 - 17:39:25: Server cvar "amx_timeleft" = "00:00"
L 12/14/2019 - 17:39:25: Server cvar "amxmodx_version" = "1.8.2"
L 12/14/2019 - 17:39:25: Server cvar "amxxbg_vip" = "1.0"
L 12/14/2019 - 17:39:25: Server cvar "asp_version" = "4.5.1"
L 12/14/2019 - 17:39:25: Server cvar "atac_version" = "3.0.1"
L 12/14/2019 - 17:39:25: Server cvar "badcamper_version" = "1.4 beta"
L 12/14/2019 - 17:39:25: Server cvar "blockmaker" = "4.01"
L 12/14/2019 - 17:39:25: Server cvar "c4 timer" = "1.1"
L 12/14/2019 - 17:39:25: Server cvar "coop" = "0"
L 12/14/2019 - 17:39:25: Server cvar "CRXAdminGroups" = "1.0"
L 12/14/2019 - 17:39:25: Server cvar "CRXCommandRestrictions" = "1.0"
L 12/14/2019 - 17:39:25: Server cvar "CRXFastKnife" = "1.0"
L 12/14/2019 - 17:39:25: Server cvar "CRXGametracker" = "2.0"
L 12/14/2019 - 17:39:25: Server cvar "CRXKnifeModels" = "2.5.7"
L 12/14/2019 - 17:39:25: Server cvar "CRXTeamAdvantage" = "1.0"
L 12/14/2019 - 17:39:25: Server cvar "CustomShop" = "4.2"
L 12/14/2019 - 17:39:25: Server cvar "deathmatch" = "1"
L 12/14/2019 - 17:39:25: Server cvar "decalfrequency" = "0"
L 12/14/2019 - 17:39:25: Server cvar "edgefriction" = "2"
L 12/14/2019 - 17:39:25: Server cvar "ers_version" = "2.3c"
L 12/14/2019 - 17:39:25: Server cvar "gagsystem_shoko" = "1.0"
L 12/14/2019 - 17:39:25: Server cvar "gal_mapcyclefile" = "mapcycle.txt"
L 12/14/2019 - 17:39:25: Server cvar "gal_version" = "v5.9.1-926"
L 12/14/2019 - 17:39:25: Server cvar "game_version" = "5.7.0.313-dev"
L 12/14/2019 - 17:39:25: Server cvar "humans_join_team" = "any"
L 12/14/2019 - 17:39:25: Server cvar "jtp10181" = "chute,gore"
L 12/14/2019 - 17:39:25: Server cvar "lawliet" = "ny_RainingSnow"
L 12/14/2019 - 17:39:25: Server cvar "LetitSnow" = "1.0"
L 12/14/2019 - 17:39:25: Server cvar "map_spawns" = "T(16) CT(16)"
L 12/14/2019 - 17:39:25: Server cvar "max_queries_sec" = "3"
L 12/14/2019 - 17:39:25: Server cvar "max_queries_sec_global" = "150"
L 12/14/2019 - 17:39:25: Server cvar "max_queries_window" = "60"
L 12/14/2019 - 17:39:25: Server cvar "mdbBans" = "4.8"
L 12/14/2019 - 17:39:25: Server cvar "metamod_version" = "1.21p37"
L 12/14/2019 - 17:39:25: Server cvar "mp_autokick" = "0"
L 12/14/2019 - 17:39:25: Server cvar "mp_autokick_timeout" = "-1"
L 12/14/2019 - 17:39:25: Server cvar "mp_autoteambalance" = "0"
L 12/14/2019 - 17:39:25: Server cvar "mp_buytime" = "0.25"
L 12/14/2019 - 17:39:25: Server cvar "mp_c4timer" = "35"
L 12/14/2019 - 17:39:25: Server cvar "mp_chattime" = "10"
L 12/14/2019 - 17:39:25: Server cvar "mp_consistency" = "1"
L 12/14/2019 - 17:39:25: Server cvar "mp_fadetoblack" = "0"
L 12/14/2019 - 17:39:25: Server cvar "mp_flashlight" = "1"
L 12/14/2019 - 17:39:25: Server cvar "mp_footsteps" = "1"
L 12/14/2019 - 17:39:25: Server cvar "mp_forcecamera" = "0"
L 12/14/2019 - 17:39:25: Server cvar "mp_forcechasecam" = "0"
L 12/14/2019 - 17:39:25: Server cvar "mp_forcerespawn" = "0"
L 12/14/2019 - 17:39:25: Server cvar "mp_fraglimit" = "0"
L 12/14/2019 - 17:39:25: Server cvar "mp_fragsleft" = "0"
L 12/14/2019 - 17:39:25: Server cvar "mp_freeforall" = "0"
L 12/14/2019 - 17:39:25: Server cvar "mp_freezetime" = "1"
L 12/14/2019 - 17:39:25: Server cvar "mp_friendlyfire" = "0"
L 12/14/2019 - 17:39:25: Server cvar "mp_hostage_hurtable" = "1"
L 12/14/2019 - 17:39:25: Server cvar "mp_hostagepenalty" = "0"
L 12/14/2019 - 17:39:25: Server cvar "mp_item_staytime" = "300"
L 12/14/2019 - 17:39:25: Server cvar "mp_kickpercent" = "0.66"
L 12/14/2019 - 17:39:25: Server cvar "mp_legacy_bombtarget_touch" = "1"
L 12/14/2019 - 17:39:25: Server cvar "mp_limitteams" = "0"
L 12/14/2019 - 17:39:25: Server cvar "mp_logdetail" = "0"
L 12/14/2019 - 17:39:25: Server cvar "mp_logfile" = "1"
L 12/14/2019 - 17:39:25: Server cvar "mp_logmessages" = "1"
L 12/14/2019 - 17:39:25: Server cvar "mp_mapvoteratio" = "0.66"
L 12/14/2019 - 17:39:25: Server cvar "mp_maxmoney" = "999999"
L 12/14/2019 - 17:39:25: Server cvar "mp_maxrounds" = "0"
L 12/14/2019 - 17:39:25: Server cvar "mp_mirrordamage" = "0"
L 12/14/2019 - 17:39:25: Server cvar "mp_old_bomb_defused_sound" = "1"
L 12/14/2019 - 17:39:25: Server cvar "mp_playerid" = "0"
L 12/14/2019 - 17:39:25: Server cvar "mp_respawn_immunitytime" = "0"
L 12/14/2019 - 17:39:25: Server cvar "mp_round_infinite" = "0"
L 12/14/2019 - 17:39:25: Server cvar "mp_round_restart_delay" = "5"
L 12/14/2019 - 17:39:25: Server cvar "mp_roundover" = "0"
L 12/14/2019 - 17:39:25: Server cvar "mp_roundtime" = "2.3"
L 12/14/2019 - 17:39:25: Server cvar "mp_show_radioicon" = "1"
L 12/14/2019 - 17:39:25: Server cvar "mp_startmoney" = "850"
L 12/14/2019 - 17:39:25: Server cvar "mp_timeleft" = "00:00"
L 12/14/2019 - 17:39:25: Server cvar "mp_timelimit" = "20.000000"
L 12/14/2019 - 17:39:25: Server cvar "mp_tkpunish" = "0"
L 12/14/2019 - 17:39:25: Server cvar "mp_windifference" = "1"
L 12/14/2019 - 17:39:25: Server cvar "mp_winlimit" = "0"
L 12/14/2019 - 17:39:25: Server cvar "NoWeaponsOnGround" = "1.0"
L 12/14/2019 - 17:39:25: Server cvar "pausable" = "0"
L 12/14/2019 - 17:39:25: Server cvar "present_version" = "2.01"
L 12/14/2019 - 17:39:25: Server cvar "RandomHP" = "2.2"
L 12/14/2019 - 17:39:25: Server cvar "reauthcheck_version" = "0.1.6"
L 12/14/2019 - 17:39:25: Server cvar "reconnect_features" = "0.3.1"
L 12/14/2019 - 17:39:25: Server cvar "report_system_version" = "3.1"
L 12/14/2019 - 17:39:25: Server cvar "resemiclip_version" = "2.3.9"
L 12/14/2019 - 17:39:25: Server cvar "reu_version" = "0.1.0.130"
L 12/14/2019 - 17:39:25: Server cvar "revoice_version" = "0.1.0.30"
L 12/14/2019 - 17:39:25: Server cvar "RRWM" = "2.0"
L 12/14/2019 - 17:39:25: Server cvar "sanksounds_version" = "1.8.6"
L 12/14/2019 - 17:39:25: Server cvar "SimpleMenu" = "1.1"
L 12/14/2019 - 17:39:25: Server cvar "SNAC_Version" = "1.1"
L 12/14/2019 - 17:39:25: Server cvar "SpecList" = "1.2a"
L 12/14/2019 - 17:39:25: Server cvar "sr_version" = "1.6"
L 12/14/2019 - 17:39:25: Server cvar "statsx_shell_ver" = "2.0.0 (BETA)"
L 12/14/2019 - 17:39:25: Server cvar "StyleC4Timer" = "2.1"
L 12/14/2019 - 17:39:25: Server cvar "sv_accelerate" = "5"
L 12/14/2019 - 17:39:25: Server cvar "sv_aim" = "1"
L 12/14/2019 - 17:39:25: Server cvar "sv_airaccelerate" = "100"
L 12/14/2019 - 17:39:25: Server cvar "sv_allowupload" = "1"
L 12/14/2019 - 17:39:25: Server cvar "sv_alltalk" = "1"
L 12/14/2019 - 17:39:25: Server cvar "sv_bounce" = "1"
L 12/14/2019 - 17:39:25: Server cvar "sv_cheats" = "0"
L 12/14/2019 - 17:39:25: Server cvar "sv_clienttrace" = "1"
L 12/14/2019 - 17:39:25: Server cvar "sv_contact" = "feruchio599@gmail.com"
L 12/14/2019 - 17:39:25: Server cvar "sv_friction" = "4"
L 12/14/2019 - 17:39:25: Server cvar "sv_gravity" = "800"
L 12/14/2019 - 17:39:25: Server cvar "sv_logblocks" = "0"
L 12/14/2019 - 17:39:25: Server cvar "sv_maxrate" = "50000"
L 12/14/2019 - 17:39:25: Server cvar "sv_maxspeed" = "900.000000"
L 12/14/2019 - 17:39:25: Server cvar "sv_minrate" = "10000"
L 12/14/2019 - 17:39:25: Server cvar "sv_password" = ""
L 12/14/2019 - 17:39:25: Server cvar "sv_proxies" = "1"
L 12/14/2019 - 17:39:25: Server cvar "sv_restart" = "0"
L 12/14/2019 - 17:39:25: Server cvar "sv_restartround" = "0"
L 12/14/2019 - 17:39:25: Server cvar "sv_stepsize" = "18"
L 12/14/2019 - 17:39:25: Server cvar "sv_stopspeed" = "75"
L 12/14/2019 - 17:39:25: Server cvar "sv_uploadmax" = "0.5"
L 12/14/2019 - 17:39:25: Server cvar "sv_version" = "1.1.2.7/Stdio,48,1621"
L 12/14/2019 - 17:39:25: Server cvar "sv_voiceenable" = "1"
L 12/14/2019 - 17:39:25: Server cvar "sv_wateraccelerate" = "10"
L 12/14/2019 - 17:39:25: Server cvar "sv_waterfriction" = "1"
L 12/14/2019 - 17:39:25: Server cvar "Team_Semiclip_version" = "3.3.1"
L 12/14/2019 - 17:39:25: Server cvar "vehicle_real_killer" = "1.1"
L 12/14/2019 - 17:39:25: Server cvar "WalkGuard" = "1.3.2"
L 12/14/2019 - 17:39:25: Server cvar "we_grenades" = "Huehue"
L 12/14/2019 - 17:39:25: Server cvar "we_player_models" = "Huehue"
L 12/14/2019 - 17:39:25: Server cvar "whb_version" = "1.5.692"
L 12/14/2019 - 17:39:25: Server cvar "zp_jp_version" = "Extra Item Jetpack+Bazooka v3.2"
L 12/14/2019 - 17:39:25: Server cvars end
L 12/14/2019 - 17:39:27: Server cvar "sv_maxspeed" = "900"
L 12/14/2019 - 17:39:27: Server cvar "mp_autoteambalance" = "1"
L 12/14/2019 - 17:39:27: Server cvar "mp_timelimit" = "20"
L 12/14/2019 - 17:39:27: Server cvar "mp_autoteambalance" = "0"
L 12/14/2019 - 17:39:27: Server cvar "amx_nextmap" = "[not yet voted on]"
L 12/14/2019 - 17:39:28: Started map "awp_snowfun2" (CRC "1799787328")
L 12/14/2019 - 17:39:30: World triggered "Round_Start"
L 12/14/2019 - 17:39:37: "+-->Kllier`Boss<--+<7><STEAM_1:1:1316058917><>" entered the game
L 12/14/2019 - 17:39:40: "+-->Kllier`Boss<--+<7><STEAM_1:1:1316058917><>" joined team "TERRORIST"
L 12/14/2019 - 17:39:40: "+-->Kllier`Boss<--+<7><STEAM_1:1:1316058917><TERRORIST>" triggered "Spawned_With_The_Bomb"
L 12/14/2019 - 17:40:02: "+-->Kllier`Boss<--+<7><STEAM_1:1:1316058917><TERRORIST>" triggered "Planted_The_Bomb"
L 12/14/2019 - 17:40:37: Team "TERRORIST" triggered "Target_Bombed" (CT "0") (T "0")
L 12/14/2019 - 17:40:37: World triggered "Round_End"
L 12/14/2019 - 17:40:42: "+-->Kllier`Boss<--+<7><STEAM_1:1:1316058917><TERRORIST>" triggered "Spawned_With_The_Bomb"
L 12/14/2019 - 17:40:43: World triggered "Round_Start"
L 12/14/2019 - 17:40:54: [REUNION]: <Warrior> Player (82.211.172.207) authorized as RevEmu
L 12/14/2019 - 17:40:54: "<Warrior> Player<9><STEAM_2:0:730224424><>" connected, address "82.211.172.207:27005"
L 12/14/2019 - 17:41:43: [REUNION]: <Warrior> Player (82.211.172.207) authorized as RevEmu
L 12/14/2019 - 17:41:43: "<Warrior> Player<10><STEAM_2:0:730224424><>" connected, address "82.211.172.207:27005"
L 12/14/2019 - 17:41:50: [REUNION]: fun da king (85.130.9.158) authorized as RevEmu
L 12/14/2019 - 17:41:50: "fun da king<11><STEAM_1:0:1655898477><>" connected, address "85.130.9.158:27005"
L 12/14/2019 - 17:43:01: Team "CT" triggered "Target_Saved" (CT "0") (T "0")
L 12/14/2019 - 17:43:01: World triggered "Round_End"
L 12/14/2019 - 17:43:02: "fun da king<11><STEAM_1:0:1655898477><>" entered the game
L 12/14/2019 - 17:43:06: "+-->Kllier`Boss<--+<7><STEAM_1:1:1316058917><TERRORIST>" triggered "Spawned_With_The_Bomb"
L 12/14/2019 - 17:43:07: World triggered "Round_Start"
L 12/14/2019 - 17:43:13: "fun da king<11><STEAM_1:0:1655898477><>" joined team "CT"
L 12/14/2019 - 17:43:14: World triggered "Game_Commencing"
L 12/14/2019 - 17:43:14: World triggered "Game_Commencing" (CT "0") (T "0")
L 12/14/2019 - 17:43:14: World triggered "Round_End"
L 12/14/2019 - 17:43:17: "+-->Kllier`Boss<--+<7><STEAM_1:1:1316058917><TERRORIST>" triggered "Spawned_With_The_Bomb"
L 12/14/2019 - 17:43:18: World triggered "Round_Start"
L 12/14/2019 - 17:43:32: "+-->Kllier`Boss<--+<7><STEAM_1:1:1316058917><TERRORIST>" killed "fun da king<11><STEAM_1:0:1655898477><CT>" with "knife"
L 12/14/2019 - 17:43:32: Team "TERRORIST" triggered "Terrorists_Win" (CT "0") (T "1")
L 12/14/2019 - 17:43:32: World triggered "Round_End"
L 12/14/2019 - 17:43:37: "+-->Kllier`Boss<--+<7><STEAM_1:1:1316058917><TERRORIST>" triggered "Spawned_With_The_Bomb"
L 12/14/2019 - 17:43:38: World triggered "Round_Start"
L 12/14/2019 - 17:43:59: "fun da king<11><STEAM_1:0:1655898477><CT>" killed "+-->Kllier`Boss<--+<7><STEAM_1:1:1316058917><TERRORIST>" with "usp"
L 12/14/2019 - 17:43:59: Team "CT" triggered "CTs_Win" (CT "1") (T "1")
L 12/14/2019 - 17:43:59: World triggered "Round_End"
L 12/14/2019 - 17:44:04: "+-->Kllier`Boss<--+<7><STEAM_1:1:1316058917><TERRORIST>" triggered "Spawned_With_The_Bomb"
L 12/14/2019 - 17:44:05: World triggered "Round_Start"
L 12/14/2019 - 17:44:16: "fun da king<11><STEAM_1:0:1655898477><CT>" killed "+-->Kllier`Boss<--+<7><STEAM_1:1:1316058917><TERRORIST>" with "m4a1"
L 12/14/2019 - 17:44:16: Team "CT" triggered "CTs_Win" (CT "2") (T "1")
L 12/14/2019 - 17:44:16: World triggered "Round_End"
L 12/14/2019 - 17:44:21: "+-->Kllier`Boss<--+<7><STEAM_1:1:1316058917><TERRORIST>" triggered "Spawned_With_The_Bomb"
L 12/14/2019 - 17:44:22: World triggered "Round_Start"
L 12/14/2019 - 17:44:37: "fun da king<11><STEAM_1:0:1655898477><CT>" killed "+-->Kllier`Boss<--+<7><STEAM_1:1:1316058917><TERRORIST>" with "usp"
L 12/14/2019 - 17:44:37: Team "CT" triggered "CTs_Win" (CT "3") (T "1")
L 12/14/2019 - 17:44:37: World triggered "Round_End"
L 12/14/2019 - 17:44:42: "+-->Kllier`Boss<--+<7><STEAM_1:1:1316058917><TERRORIST>" triggered "Spawned_With_The_Bomb"
L 12/14/2019 - 17:44:43: World triggered "Round_Start"
L 12/14/2019 - 17:44:59: "+-->Kllier`Boss<--+<7><STEAM_1:1:1316058917><TERRORIST>" killed "fun da king<11><STEAM_1:0:1655898477><CT>" with "ak47"
L 12/14/2019 - 17:44:59: Team "TERRORIST" triggered "Terrorists_Win" (CT "3") (T "2")
L 12/14/2019 - 17:44:59: World triggered "Round_End"
L 12/14/2019 - 17:45:04: "+-->Kllier`Boss<--+<7><STEAM_1:1:1316058917><TERRORIST>" triggered "Spawned_With_The_Bomb"
L 12/14/2019 - 17:45:05: World triggered "Round_Start"
L 12/14/2019 - 17:45:12: "fun da king<11><STEAM_1:0:1655898477><CT>" killed "+-->Kllier`Boss<--+<7><STEAM_1:1:1316058917><TERRORIST>" with "m4a1"
L 12/14/2019 - 17:45:12: Team "CT" triggered "CTs_Win" (CT "4") (T "2")
L 12/14/2019 - 17:45:12: World triggered "Round_End"
L 12/14/2019 - 17:45:17: "+-->Kllier`Boss<--+<7><STEAM_1:1:1316058917><TERRORIST>" triggered "Spawned_With_The_Bomb"
L 12/14/2019 - 17:45:18: World triggered "Round_Start"
L 12/14/2019 - 17:45:27: "fun da king<11><STEAM_1:0:1655898477><CT>" killed "+-->Kllier`Boss<--+<7><STEAM_1:1:1316058917><TERRORIST>" with "m4a1"
L 12/14/2019 - 17:45:27: Team "CT" triggered "CTs_Win" (CT "5") (T "2")
L 12/14/2019 - 17:45:27: World triggered "Round_End"
L 12/14/2019 - 17:45:29: "+-->Kllier`Boss<--+<7><STEAM_1:1:1316058917><TERRORIST>" joined team "CT"
L 12/14/2019 - 17:45:33: World triggered "Round_Start"
L 12/14/2019 - 17:45:34: "+-->Kllier`Boss<--+<7><STEAM_1:1:1316058917><CT>" committed suicide with "world"
L 12/14/2019 - 17:45:34: "+-->Kllier`Boss<--+<7><STEAM_1:1:1316058917><CT>" joined team "TERRORIST"
L 12/14/2019 - 17:45:34: World triggered "Game_Commencing"
L 12/14/2019 - 17:45:34: World triggered "Game_Commencing" (CT "5") (T "2")
L 12/14/2019 - 17:45:34: World triggered "Round_End"
L 12/14/2019 - 17:45:37: "+-->Kllier`Boss<--+<7><STEAM_1:1:1316058917><TERRORIST>" triggered "Spawned_With_The_Bomb"
L 12/14/2019 - 17:45:38: World triggered "Round_Start"
L 12/14/2019 - 17:45:58: "+-->Kllier`Boss<--+<7><STEAM_1:1:1316058917><TERRORIST>" committed suicide with "grenade"
L 12/14/2019 - 17:45:58: Team "CT" triggered "CTs_Win" (CT "1") (T "0")
L 12/14/2019 - 17:45:58: World triggered "Round_End"
L 12/14/2019 - 17:46:03: "+-->Kllier`Boss<--+<7><STEAM_1:1:1316058917><TERRORIST>" triggered "Spawned_With_The_Bomb"
L 12/14/2019 - 17:46:04: World triggered "Round_Start"
L 12/14/2019 - 17:46:15: "fun da king<11><STEAM_1:0:1655898477><CT>" killed "+-->Kllier`Boss<--+<7><STEAM_1:1:1316058917><TERRORIST>" with "m249"
L 12/14/2019 - 17:46:15: Team "CT" triggered "CTs_Win" (CT "2") (T "0")
L 12/14/2019 - 17:46:15: World triggered "Round_End"
L 12/14/2019 - 17:46:17: "+-->Kllier`Boss<--+<7><STEAM_1:1:1316058917><TERRORIST>" joined team "CT"
L 12/14/2019 - 17:46:21: World triggered "Round_Start"
L 12/14/2019 - 17:46:21: "+-->Kllier`Boss<--+<7><STEAM_1:1:1316058917><CT>" committed suicide with "world"
L 12/14/2019 - 17:46:21: "+-->Kllier`Boss<--+<7><STEAM_1:1:1316058917><CT>" joined team "TERRORIST"
L 12/14/2019 - 17:46:21: World triggered "Game_Commencing"
L 12/14/2019 - 17:46:21: World triggered "Game_Commencing" (CT "2") (T "0")
L 12/14/2019 - 17:46:21: World triggered "Round_End"
L 12/14/2019 - 17:46:24: "+-->Kllier`Boss<--+<7><STEAM_1:1:1316058917><TERRORIST>" triggered "Spawned_With_The_Bomb"
L 12/14/2019 - 17:46:25: World triggered "Round_Start"
L 12/14/2019 - 17:46:38: "+-->Kllier`Boss<--+<7><STEAM_1:1:1316058917><TERRORIST>" committed suicide with "world"
L 12/14/2019 - 17:46:38: "+-->Kllier`Boss<--+<7><STEAM_1:1:1316058917><TERRORIST>" joined team "CT"
L 12/14/2019 - 17:47:35: "fun da king<11><STEAM_1:0:1655898477><CT>" disconnected
L 12/14/2019 - 17:47:35: World triggered "Round_Draw" (CT "0") (T "0")
L 12/14/2019 - 17:47:35: World triggered "Round_End"
L 12/14/2019 - 17:47:41: World triggered "Round_Start"
L 12/14/2019 - 17:48:50: World triggered "Round_Draw" (CT "0") (T "0")
L 12/14/2019 - 17:48:50: World triggered "Round_End"
L 12/14/2019 - 17:48:56: World triggered "Round_Start"
L 12/14/2019 - 17:49:22: "+-->Kllier`Boss<--+<7><STEAM_1:1:1316058917><CT>" committed suicide with "worldspawn" (world)
L 12/14/2019 - 17:49:22: World triggered "Round_Draw" (CT "0") (T "0")
L 12/14/2019 - 17:49:22: World triggered "Round_End"
L 12/14/2019 - 17:49:24: Server cvar "amx_nextmap" = "xmas_crazytank"
L 12/14/2019 - 17:49:28: World triggered "Round_Start"
L 12/14/2019 - 17:49:30: Server cvar "sv_maxspeed" = "0.000000"
L 12/14/2019 - 17:49:30: Server cvar "mp_friendlyfire" = "1"
L 12/14/2019 - 17:49:41: Server cvar "sv_maxspeed" = "900.000000"
L 12/14/2019 - 17:49:41: Server cvar "mp_friendlyfire" = "0"
L 12/14/2019 - 17:49:41: [META] ini: Begin re-reading plugins list: /home/rented/public9/cstrike/addons/metamod/plugins.ini
L 12/14/2019 - 17:49:41: [META] ini: Read plugin config for: SafeNameAndChat
L 12/14/2019 - 17:49:41: [META] ini: Read plugin config for: AMX Mod X
L 12/14/2019 - 17:49:41: [META] ini: Read plugin config for: Reunion
L 12/14/2019 - 17:49:41: [META] ini: Read plugin config for: ReAuthCheck
L 12/14/2019 - 17:49:41: [META] ini: Read plugin config for: WHBlocker
L 12/14/2019 - 17:49:41: [META] ini: Read plugin config for: ReSemiclip
L 12/14/2019 - 17:49:41: [META] ini: Read plugin config for: Revoice
L 12/14/2019 - 17:49:41: [META] ini: Finished reading plugins list: /home/rented/public9/cstrike/addons/metamod/plugins.ini; Found 7 plugins
L 12/14/2019 - 17:49:41: [META] dll: Updating plugins...
L 12/14/2019 - 17:49:41: [META] WARNING: Cannot clear plugin 'SafeNameAndChat'; not marked as failed, empty, or open (status=valid)
L 12/14/2019 - 17:49:41: [META] dll: Unloaded plugin 'SafeNameAndChat' for reason 'file on disk is newer'
L 12/14/2019 - 17:49:41: [META] dll: Loaded plugin 'SafeNameAndChat': SafeNameAndChat v1.1 2017.02.01, WPMG.PRoSToC0der
L 12/14/2019 - 17:49:41: [META] WARNING: Cannot clear plugin 'WHBlocker'; not marked as failed, empty, or open (status=valid)
L 12/14/2019 - 17:49:41: [META] dll: Unloaded plugin 'WHBlocker' for reason 'file on disk is newer'
L 12/14/2019 - 17:49:41: [META] dll: Loaded plugin 'WHBlocker': WHBlocker v1.5.692 2017-04-13, s1lent
L 12/14/2019 - 17:49:41: [META] WARNING: Cannot clear plugin 'ReSemiclip'; not marked as failed, empty, or open (status=valid)
L 12/14/2019 - 17:49:41: [META] dll: Unloaded plugin 'ReSemiclip' for reason 'file on disk is newer'
L 12/14/2019 - 17:49:41: [META] dll: Loaded plugin 'ReSemiclip': ReSemiclip v2.3.9 13/02/17, s1lent & Adidasman
L 12/14/2019 - 17:49:41: [META] dll: Finished updating 14 plugins; kept 0, loaded 0, unloaded 0, reloaded 3, delayed 0
L 12/14/2019 - 17:49:41: "+-->Kllier`Boss<--+<7><STEAM_1:1:1316058917><CT>" disconnected
L 12/14/2019 - 17:49:41: World triggered "Round_Draw" (CT "0") (T "0")
L 12/14/2019 - 17:49:41: World triggered "Round_End"
L 12/14/2019 - 17:49:41: Log file closed
