L 12/13/2019 - 22:41:33: Log file started (file "logs/L1213179.log") (game "cstrike") (version "48/1.1.2.7/Stdio/1621")
L 12/13/2019 - 22:41:33: Loading map "isengard_battle"
L 12/13/2019 - 22:41:33: Server cvars start
L 12/13/2019 - 22:41:33: Server cvar "@BunnyHopper" = "3.x"
L 12/13/2019 - 22:41:33: Server cvar "@CRXGoSpec" = "1.1"
L 12/13/2019 - 22:41:33: Server cvar "@CRXRemoveImmunity" = "1.0"
L 12/13/2019 - 22:41:33: Server cvar "@D.I.C.E." = "1.1"
L 12/13/2019 - 22:41:33: Server cvar "@MOTDCommands" = "1.2"
L 12/13/2019 - 22:41:33: Server cvar "advanced_quake_sounds" = "5.0"
L 12/13/2019 - 22:41:33: Server cvar "AdvancedMute" = "1.0"
L 12/13/2019 - 22:41:33: Server cvar "aesp_version" = "1.3"
L 12/13/2019 - 22:41:33: Server cvar "allow_spectators" = "1.0"
L 12/13/2019 - 22:41:33: Server cvar "amx_client_languages" = "1"
L 12/13/2019 - 22:41:33: Server cvar "amx_language" = "en"
L 12/13/2019 - 22:41:33: Server cvar "amx_nextmap" = "isengard_battle"
L 12/13/2019 - 22:41:33: Server cvar "amx_ptb_version" = "1.8b3"
L 12/13/2019 - 22:41:33: Server cvar "amx_timeleft" = "00:00"
L 12/13/2019 - 22:41:33: Server cvar "amxmodx_version" = "1.8.2"
L 12/13/2019 - 22:41:33: Server cvar "amxxbg_vip" = "1.0"
L 12/13/2019 - 22:41:33: Server cvar "asp_version" = "4.5.1"
L 12/13/2019 - 22:41:33: Server cvar "atac_version" = "3.0.1"
L 12/13/2019 - 22:41:33: Server cvar "badcamper_version" = "1.4 beta"
L 12/13/2019 - 22:41:33: Server cvar "blockmaker" = "4.01"
L 12/13/2019 - 22:41:33: Server cvar "c4 timer" = "1.1"
L 12/13/2019 - 22:41:33: Server cvar "coop" = "0"
L 12/13/2019 - 22:41:33: Server cvar "CRXAdminGroups" = "1.0"
L 12/13/2019 - 22:41:33: Server cvar "CRXCommandRestrictions" = "1.0"
L 12/13/2019 - 22:41:33: Server cvar "CRXFastKnife" = "1.0"
L 12/13/2019 - 22:41:33: Server cvar "CRXGametracker" = "2.0"
L 12/13/2019 - 22:41:33: Server cvar "CRXKnifeModels" = "2.5.7"
L 12/13/2019 - 22:41:33: Server cvar "CRXTeamAdvantage" = "1.0"
L 12/13/2019 - 22:41:33: Server cvar "CustomShop" = "4.2"
L 12/13/2019 - 22:41:33: Server cvar "deathmatch" = "1"
L 12/13/2019 - 22:41:33: Server cvar "decalfrequency" = "0"
L 12/13/2019 - 22:41:33: Server cvar "edgefriction" = "2"
L 12/13/2019 - 22:41:33: Server cvar "ers_version" = "2.3c"
L 12/13/2019 - 22:41:33: Server cvar "gagsystem_shoko" = "1.0"
L 12/13/2019 - 22:41:33: Server cvar "gal_mapcyclefile" = "mapcycle.txt"
L 12/13/2019 - 22:41:33: Server cvar "gal_version" = "v5.9.1-926"
L 12/13/2019 - 22:41:33: Server cvar "game_version" = "5.7.0.313-dev"
L 12/13/2019 - 22:41:33: Server cvar "humans_join_team" = "any"
L 12/13/2019 - 22:41:33: Server cvar "jtp10181" = "chute,gore"
L 12/13/2019 - 22:41:33: Server cvar "lawliet" = "ny_RainingSnow"
L 12/13/2019 - 22:41:33: Server cvar "LetitSnow" = "1.0"
L 12/13/2019 - 22:41:33: Server cvar "map_spawns" = "T(16) CT(16)"
L 12/13/2019 - 22:41:33: Server cvar "max_queries_sec" = "3"
L 12/13/2019 - 22:41:33: Server cvar "max_queries_sec_global" = "150"
L 12/13/2019 - 22:41:33: Server cvar "max_queries_window" = "60"
L 12/13/2019 - 22:41:33: Server cvar "mdbBans" = "4.8"
L 12/13/2019 - 22:41:33: Server cvar "metamod_version" = "1.21p37"
L 12/13/2019 - 22:41:33: Server cvar "mp_autokick" = "0"
L 12/13/2019 - 22:41:33: Server cvar "mp_autokick_timeout" = "-1"
L 12/13/2019 - 22:41:33: Server cvar "mp_autoteambalance" = "0"
L 12/13/2019 - 22:41:33: Server cvar "mp_buytime" = "0.25"
L 12/13/2019 - 22:41:33: Server cvar "mp_c4timer" = "35"
L 12/13/2019 - 22:41:33: Server cvar "mp_chattime" = "10.000000"
L 12/13/2019 - 22:41:33: Server cvar "mp_consistency" = "1"
L 12/13/2019 - 22:41:33: Server cvar "mp_fadetoblack" = "0"
L 12/13/2019 - 22:41:33: Server cvar "mp_flashlight" = "1"
L 12/13/2019 - 22:41:33: Server cvar "mp_footsteps" = "1"
L 12/13/2019 - 22:41:33: Server cvar "mp_forcecamera" = "0"
L 12/13/2019 - 22:41:33: Server cvar "mp_forcechasecam" = "0"
L 12/13/2019 - 22:41:33: Server cvar "mp_forcerespawn" = "0"
L 12/13/2019 - 22:41:33: Server cvar "mp_fraglimit" = "0"
L 12/13/2019 - 22:41:33: Server cvar "mp_fragsleft" = "0"
L 12/13/2019 - 22:41:33: Server cvar "mp_freeforall" = "0"
L 12/13/2019 - 22:41:33: Server cvar "mp_freezetime" = "1"
L 12/13/2019 - 22:41:33: Server cvar "mp_friendlyfire" = "0"
L 12/13/2019 - 22:41:33: Server cvar "mp_hostage_hurtable" = "1"
L 12/13/2019 - 22:41:33: Server cvar "mp_hostagepenalty" = "0"
L 12/13/2019 - 22:41:33: Server cvar "mp_item_staytime" = "300"
L 12/13/2019 - 22:41:33: Server cvar "mp_kickpercent" = "0.66"
L 12/13/2019 - 22:41:33: Server cvar "mp_legacy_bombtarget_touch" = "1"
L 12/13/2019 - 22:41:33: Server cvar "mp_limitteams" = "0"
L 12/13/2019 - 22:41:33: Server cvar "mp_logdetail" = "0"
L 12/13/2019 - 22:41:33: Server cvar "mp_logfile" = "1"
L 12/13/2019 - 22:41:33: Server cvar "mp_logmessages" = "1"
L 12/13/2019 - 22:41:33: Server cvar "mp_mapvoteratio" = "0.66"
L 12/13/2019 - 22:41:33: Server cvar "mp_maxmoney" = "999999"
L 12/13/2019 - 22:41:33: Server cvar "mp_maxrounds" = "0"
L 12/13/2019 - 22:41:33: Server cvar "mp_mirrordamage" = "0"
L 12/13/2019 - 22:41:33: Server cvar "mp_old_bomb_defused_sound" = "1"
L 12/13/2019 - 22:41:33: Server cvar "mp_playerid" = "0"
L 12/13/2019 - 22:41:33: Server cvar "mp_respawn_immunitytime" = "0"
L 12/13/2019 - 22:41:33: Server cvar "mp_round_infinite" = "0"
L 12/13/2019 - 22:41:33: Server cvar "mp_round_restart_delay" = "5"
L 12/13/2019 - 22:41:33: Server cvar "mp_roundover" = "0"
L 12/13/2019 - 22:41:33: Server cvar "mp_roundtime" = "2.3"
L 12/13/2019 - 22:41:33: Server cvar "mp_show_radioicon" = "1"
L 12/13/2019 - 22:41:33: Server cvar "mp_startmoney" = "850"
L 12/13/2019 - 22:41:33: Server cvar "mp_timeleft" = "00:00"
L 12/13/2019 - 22:41:33: Server cvar "mp_timelimit" = "20.000000"
L 12/13/2019 - 22:41:33: Server cvar "mp_tkpunish" = "0"
L 12/13/2019 - 22:41:33: Server cvar "mp_windifference" = "1"
L 12/13/2019 - 22:41:33: Server cvar "mp_winlimit" = "0"
L 12/13/2019 - 22:41:33: Server cvar "NoWeaponsOnGround" = "1.0"
L 12/13/2019 - 22:41:33: Server cvar "pausable" = "0"
L 12/13/2019 - 22:41:33: Server cvar "present_version" = "2.01"
L 12/13/2019 - 22:41:33: Server cvar "RandomHP" = "2.2"
L 12/13/2019 - 22:41:33: Server cvar "reauthcheck_version" = "0.1.6"
L 12/13/2019 - 22:41:33: Server cvar "reconnect_features" = "0.3.1"
L 12/13/2019 - 22:41:33: Server cvar "report_system_version" = "3.1"
L 12/13/2019 - 22:41:33: Server cvar "resemiclip_version" = "2.3.9"
L 12/13/2019 - 22:41:33: Server cvar "reu_version" = "0.1.0.130"
L 12/13/2019 - 22:41:33: Server cvar "revoice_version" = "0.1.0.30"
L 12/13/2019 - 22:41:33: Server cvar "RRWM" = "2.0"
L 12/13/2019 - 22:41:33: Server cvar "sanksounds_version" = "1.8.6"
L 12/13/2019 - 22:41:33: Server cvar "SimpleMenu" = "1.1"
L 12/13/2019 - 22:41:33: Server cvar "SNAC_Version" = "1.1"
L 12/13/2019 - 22:41:33: Server cvar "SpecList" = "1.2a"
L 12/13/2019 - 22:41:33: Server cvar "sr_version" = "1.6"
L 12/13/2019 - 22:41:33: Server cvar "statsx_shell_ver" = "2.0.0 (BETA)"
L 12/13/2019 - 22:41:33: Server cvar "StyleC4Timer" = "2.1"
L 12/13/2019 - 22:41:33: Server cvar "sv_accelerate" = "5"
L 12/13/2019 - 22:41:33: Server cvar "sv_aim" = "1"
L 12/13/2019 - 22:41:33: Server cvar "sv_airaccelerate" = "100"
L 12/13/2019 - 22:41:33: Server cvar "sv_allowupload" = "1"
L 12/13/2019 - 22:41:33: Server cvar "sv_alltalk" = "1"
L 12/13/2019 - 22:41:33: Server cvar "sv_bounce" = "1"
L 12/13/2019 - 22:41:33: Server cvar "sv_cheats" = "0"
L 12/13/2019 - 22:41:33: Server cvar "sv_clienttrace" = "1"
L 12/13/2019 - 22:41:33: Server cvar "sv_contact" = "feruchio599@gmail.com"
L 12/13/2019 - 22:41:33: Server cvar "sv_friction" = "4"
L 12/13/2019 - 22:41:33: Server cvar "sv_gravity" = "800"
L 12/13/2019 - 22:41:33: Server cvar "sv_logblocks" = "0"
L 12/13/2019 - 22:41:33: Server cvar "sv_maxrate" = "50000"
L 12/13/2019 - 22:41:33: Server cvar "sv_maxspeed" = "900.000000"
L 12/13/2019 - 22:41:33: Server cvar "sv_minrate" = "10000"
L 12/13/2019 - 22:41:33: Server cvar "sv_password" = ""
L 12/13/2019 - 22:41:33: Server cvar "sv_proxies" = "1"
L 12/13/2019 - 22:41:33: Server cvar "sv_restart" = "0"
L 12/13/2019 - 22:41:33: Server cvar "sv_restartround" = "0"
L 12/13/2019 - 22:41:33: Server cvar "sv_stepsize" = "18"
L 12/13/2019 - 22:41:33: Server cvar "sv_stopspeed" = "75"
L 12/13/2019 - 22:41:33: Server cvar "sv_uploadmax" = "0.5"
L 12/13/2019 - 22:41:33: Server cvar "sv_version" = "1.1.2.7/Stdio,48,1621"
L 12/13/2019 - 22:41:33: Server cvar "sv_voiceenable" = "1"
L 12/13/2019 - 22:41:33: Server cvar "sv_wateraccelerate" = "10"
L 12/13/2019 - 22:41:33: Server cvar "sv_waterfriction" = "1"
L 12/13/2019 - 22:41:33: Server cvar "Team_Semiclip_version" = "3.3.1"
L 12/13/2019 - 22:41:33: Server cvar "vehicle_real_killer" = "1.1"
L 12/13/2019 - 22:41:33: Server cvar "WalkGuard" = "1.3.2"
L 12/13/2019 - 22:41:33: Server cvar "we_grenades" = "Huehue"
L 12/13/2019 - 22:41:33: Server cvar "we_player_models" = "Huehue"
L 12/13/2019 - 22:41:33: Server cvar "whb_version" = "1.5.692"
L 12/13/2019 - 22:41:33: Server cvar "zp_jp_version" = "Extra Item Jetpack+Bazooka v3.2"
L 12/13/2019 - 22:41:33: Server cvars end
L 12/13/2019 - 22:41:35: Server cvar "sv_maxspeed" = "900"
L 12/13/2019 - 22:41:35: Server cvar "mp_autoteambalance" = "1"
L 12/13/2019 - 22:41:35: Server cvar "mp_timelimit" = "20"
L 12/13/2019 - 22:41:36: Server cvar "mp_autoteambalance" = "0"
L 12/13/2019 - 22:41:36: Server cvar "amx_nextmap" = "[not yet voted on]"
L 12/13/2019 - 22:41:37: Started map "isengard_battle" (CRC "633477866")
L 12/13/2019 - 22:41:39: World triggered "Round_Start"
L 12/13/2019 - 22:41:41: [REUNION]: Master4Counter (24.135.196.245) authorized as RevEmu
L 12/13/2019 - 22:41:41: "Master4Counter<262><STEAM_1:0:91179968><>" connected, address "24.135.196.245:27005"
L 12/13/2019 - 22:41:44: [REUNION]: stefaNNN (92.53.59.21) authorized as RevEmu
L 12/13/2019 - 22:41:44: "stefaNNN<263><STEAM_1:0:1384712919><>" connected, address "92.53.59.21:30680"
L 12/13/2019 - 22:41:47: "Master4Counter<262><STEAM_1:0:91179968><>" entered the game
L 12/13/2019 - 22:41:48: [REUNION]: turbo (77.77.166.176) authorized as RevEmu
L 12/13/2019 - 22:41:48: "turbo<264><STEAM_2:1:24722080><>" connected, address "77.77.166.176:27005"
L 12/13/2019 - 22:41:48: "stefaNNN<263><STEAM_1:0:1384712919><>" entered the game
L 12/13/2019 - 22:41:49: [REUNION]: Ghostface (77.85.24.154) authorized as NoSteam47
L 12/13/2019 - 22:41:49: "Ghostface<265><VALVE_ID_LAN><>" connected, address "77.85.24.154:27005"
L 12/13/2019 - 22:41:51: "turbo<264><STEAM_2:1:24722080><>" entered the game
L 12/13/2019 - 22:41:51: "Master4Counter<262><STEAM_1:0:91179968><>" joined team "TERRORIST"
L 12/13/2019 - 22:41:53: "Ghostface<265><VALVE_ID_LAN><>" entered the game
L 12/13/2019 - 22:41:53: "turbo<264><STEAM_2:1:24722080><>" joined team "CT"
L 12/13/2019 - 22:41:54: "Ghostface<265><VALVE_ID_LAN><>" joined team "CT"
L 12/13/2019 - 22:41:54: "stefaNNN<263><STEAM_1:0:1384712919><>" disconnected
L 12/13/2019 - 22:41:55: World triggered "Game_Commencing"
L 12/13/2019 - 22:41:55: World triggered "Game_Commencing" (CT "0") (T "0")
L 12/13/2019 - 22:41:55: World triggered "Round_End"
L 12/13/2019 - 22:41:58: "Master4Counter<262><STEAM_1:0:91179968><TERRORIST>" triggered "Spawned_With_The_Bomb"
L 12/13/2019 - 22:41:58: "Ghostface<265><VALVE_ID_LAN><CT>" committed suicide with "world"
L 12/13/2019 - 22:41:58: "Ghostface<265><VALVE_ID_LAN><CT>" joined team "TERRORIST"
L 12/13/2019 - 22:41:59: World triggered "Round_Start"
L 12/13/2019 - 22:41:59: [REUNION]: Lost-Souls | Player[23] (109.175.102.193) authorized as RevEmu
L 12/13/2019 - 22:41:59: "Lost-Souls | Player[23]<266><STEAM_1:0:1712944301><>" connected, address "109.175.102.193:27418"
L 12/13/2019 - 22:42:02: [REUNION]: 0123456 (41.105.113.247) authorized as RevEmu
L 12/13/2019 - 22:42:02: "0123456<267><STEAM_1:0:402823672><>" connected, address "41.105.113.247:27005"
L 12/13/2019 - 22:42:09: [REUNION]: Player-Fatal (156.214.61.255) authorized as RevEmu
L 12/13/2019 - 22:42:09: "Player-Fatal<268><STEAM_1:0:841290966><>" connected, address "156.214.61.255:27005"
L 12/13/2019 - 22:42:11: [REUNION]: SAVAA (77.243.28.145) authorized as RevEmu
L 12/13/2019 - 22:42:11: "SAVAA<269><STEAM_1:1:1969036847><>" connected, address "77.243.28.145:41618"
L 12/13/2019 - 22:42:13: [REUNION]: ZogisT (94.68.50.198) authorized as RevEmu
L 12/13/2019 - 22:42:13: "ZogisT<270><STEAM_1:0:1822448314><>" connected, address "94.68.50.198:27005"
L 12/13/2019 - 22:42:14: [REUNION]: Syfra23 (95.76.3.185) authorized as RevEmu
L 12/13/2019 - 22:42:14: "Syfra23<271><STEAM_1:0:1074087418><>" connected, address "95.76.3.185:21955"
L 12/13/2019 - 22:42:17: [REUNION]: HuNt3r (188.255.184.74) authorized as RevEmu
L 12/13/2019 - 22:42:17: "HuNt3r<272><STEAM_1:1:1071071391><>" connected, address "188.255.184.74:27005"
L 12/13/2019 - 22:42:20: "Syfra23<271><STEAM_1:0:1074087418><>" entered the game
L 12/13/2019 - 22:42:22: "Syfra23<271><STEAM_1:0:1074087418><>" joined team "CT"
L 12/13/2019 - 22:42:23: "HuNt3r<272><STEAM_1:1:1071071391><>" entered the game
L 12/13/2019 - 22:42:23: "Player-Fatal<268><STEAM_1:0:841290966><>" entered the game
L 12/13/2019 - 22:42:29: "HuNt3r<272><STEAM_1:1:1071071391><>" joined team "CT"
L 12/13/2019 - 22:42:29: [REUNION]: Lost-Souls | Player[23] (109.175.102.193) authorized as RevEmu
L 12/13/2019 - 22:42:29: "Lost-Souls | Player[23]<273><STEAM_1:0:1712944301><>" connected, address "109.175.102.193:27418"
L 12/13/2019 - 22:42:32: "turbo<264><STEAM_2:1:24722080><CT>" committed suicide with "worldspawn" (world)
L 12/13/2019 - 22:42:32: Team "TERRORIST" triggered "Terrorists_Win" (CT "0") (T "1")
L 12/13/2019 - 22:42:32: World triggered "Round_End"
L 12/13/2019 - 22:42:32: "Player-Fatal<268><STEAM_1:0:841290966><>" joined team "CT"
L 12/13/2019 - 22:42:37: "Ghostface<265><VALVE_ID_LAN><TERRORIST>" triggered "Spawned_With_The_Bomb"
L 12/13/2019 - 22:42:38: World triggered "Round_Start"
L 12/13/2019 - 22:42:41: [REUNION]: LO-lMI (41.250.190.89) authorized as RevEmu
L 12/13/2019 - 22:42:41: "LO-lMI<274><STEAM_2:1:180027904><>" connected, address "41.250.190.89:15455"
L 12/13/2019 - 22:42:42: "Lost-Souls | Player[23]<273><STEAM_1:0:1712944301><>" entered the game
L 12/13/2019 - 22:42:48: "Lost-Souls | Player[23]<273><STEAM_1:0:1712944301><>" joined team "CT"
L 12/13/2019 - 22:42:51: [REUNION]: khaled (102.169.6.234) authorized as RevEmu
L 12/13/2019 - 22:42:51: "khaled<275><STEAM_1:1:1510260862><>" connected, address "102.169.6.234:27005"
L 12/13/2019 - 22:42:51: "LO-lMI<274><STEAM_2:1:180027904><>" entered the game
L 12/13/2019 - 22:42:52: [REUNION]: mCL15 (189.38.140.129) authorized as RevEmu
L 12/13/2019 - 22:42:52: "mCL15<276><STEAM_1:1:1761569056><>" connected, address "189.38.140.129:27005"
L 12/13/2019 - 22:42:56: "LO-lMI<274><STEAM_2:1:180027904><>" joined team "CT"
L 12/13/2019 - 22:43:00: "khaled<275><STEAM_1:1:1510260862><>" entered the game
L 12/13/2019 - 22:43:04: "khaled<275><STEAM_1:1:1510260862><>" joined team "CT"
L 12/13/2019 - 22:43:17: "Master4Counter<262><STEAM_1:0:91179968><TERRORIST>" killed "turbo<264><STEAM_2:1:24722080><CT>" with "deagle"
L 12/13/2019 - 22:43:18: "Player-Fatal<268><STEAM_1:0:841290966><CT>" committed suicide with "worldspawn" (world)
L 12/13/2019 - 22:43:26: "Master4Counter<262><STEAM_1:0:91179968><TERRORIST>" killed "Syfra23<271><STEAM_1:0:1074087418><CT>" with "deagle"
L 12/13/2019 - 22:43:28: "LO-lMI<274><STEAM_2:1:180027904><CT>" killed "Master4Counter<262><STEAM_1:0:91179968><TERRORIST>" with "m3"
L 12/13/2019 - 22:43:31: "Syfra23<271><STEAM_1:0:1074087418><CT>" joined team "TERRORIST"
L 12/13/2019 - 22:43:35: "HuNt3r<272><STEAM_1:1:1071071391><CT>" killed "Ghostface<265><VALVE_ID_LAN><TERRORIST>" with "deagle"
L 12/13/2019 - 22:43:35: Team "CT" triggered "CTs_Win" (CT "1") (T "1")
L 12/13/2019 - 22:43:35: World triggered "Round_End"
L 12/13/2019 - 22:43:40: "Ghostface<265><VALVE_ID_LAN><TERRORIST>" triggered "Spawned_With_The_Bomb"
L 12/13/2019 - 22:43:41: World triggered "Round_Start"
L 12/13/2019 - 22:44:06: "Master4Counter<262><STEAM_1:0:91179968><TERRORIST>" killed "HuNt3r<272><STEAM_1:1:1071071391><CT>" with "deagle"
L 12/13/2019 - 22:44:08: "Ghostface<265><VALVE_ID_LAN><TERRORIST>" killed "Lost-Souls | Player[23]<273><STEAM_1:0:1712944301><CT>" with "tracktrain"
L 12/13/2019 - 22:44:16: "Ghostface<265><VALVE_ID_LAN><TERRORIST>" triggered "Dropped_The_Bomb"
L 12/13/2019 - 22:44:18: "LO-lMI<274><STEAM_2:1:180027904><CT>" committed suicide with "trigger_hurt" (world)
L 12/13/2019 - 22:44:22: [REUNION]: mCL15 (189.38.140.129) authorized as RevEmu
L 12/13/2019 - 22:44:22: "mCL15<277><STEAM_1:1:1761569056><>" connected, address "189.38.140.129:27005"
L 12/13/2019 - 22:44:31: "Master4Counter<262><STEAM_1:0:91179968><TERRORIST>" killed "Player-Fatal<268><STEAM_1:0:841290966><CT>" with "deagle"
L 12/13/2019 - 22:44:36: "mCL15<277><STEAM_1:1:1761569056><>" entered the game
L 12/13/2019 - 22:44:43: "Lost-Souls | Player[23]<273><STEAM_1:0:1712944301><CT>" disconnected
L 12/13/2019 - 22:44:45: "mCL15<277><STEAM_1:1:1761569056><>" joined team "TERRORIST"
L 12/13/2019 - 22:45:09: "Player-Fatal<268><STEAM_1:0:841290966><CT>" joined team "TERRORIST"
L 12/13/2019 - 22:45:09: [REUNION]: TheBlackGG (186.90.69.75) authorized as RevEmu
L 12/13/2019 - 22:45:09: "TheBlackGG<278><STEAM_1:0:1141278726><>" connected, address "186.90.69.75:27005"
L 12/13/2019 - 22:45:20: "Master4Counter<262><STEAM_1:0:91179968><TERRORIST>" killed "turbo<264><STEAM_2:1:24722080><CT>" with "deagle"
L 12/13/2019 - 22:45:32: "Master4Counter<262><STEAM_1:0:91179968><TERRORIST>" killed "khaled<275><STEAM_1:1:1510260862><CT>" with "m3"
L 12/13/2019 - 22:45:32: Team "TERRORIST" triggered "Terrorists_Win" (CT "1") (T "2")
L 12/13/2019 - 22:45:32: World triggered "Round_End"
L 12/13/2019 - 22:45:37: "Ghostface<265><VALVE_ID_LAN><TERRORIST>" joined team "CT"
L 12/13/2019 - 22:45:37: "<><><>" triggered "amx_chat" (text "[PTB] Transfered Ghostface to CT")
L 12/13/2019 - 22:45:37: "mCL15<277><STEAM_1:1:1761569056><TERRORIST>" triggered "Spawned_With_The_Bomb"
L 12/13/2019 - 22:45:38: World triggered "Round_Start"
L 12/13/2019 - 22:45:49: "mCL15<277><STEAM_1:1:1761569056><TERRORIST>" triggered "Dropped_The_Bomb"
L 12/13/2019 - 22:45:49: "Player-Fatal<268><STEAM_1:0:841290966><TERRORIST>" triggered "Got_The_Bomb"
L 12/13/2019 - 22:45:59: "HuNt3r<272><STEAM_1:1:1071071391><CT>" killed "mCL15<277><STEAM_1:1:1761569056><TERRORIST>" with "deagle"
L 12/13/2019 - 22:46:18: "Master4Counter<262><STEAM_1:0:91179968><TERRORIST>" disconnected
L 12/13/2019 - 22:46:20: "Ghostface<265><VALVE_ID_LAN><CT>" killed "Syfra23<271><STEAM_1:0:1074087418><TERRORIST>" with "deagle"
L 12/13/2019 - 22:46:28: "khaled<275><STEAM_1:1:1510260862><CT>" killed "Player-Fatal<268><STEAM_1:0:841290966><TERRORIST>" with "deagle"
L 12/13/2019 - 22:46:28: Team "CT" triggered "CTs_Win" (CT "2") (T "2")
L 12/13/2019 - 22:46:28: World triggered "Round_End"
L 12/13/2019 - 22:46:32: "HuNt3r<272><STEAM_1:1:1071071391><CT>" joined team "TERRORIST"
L 12/13/2019 - 22:46:32: "<><><>" triggered "amx_chat" (text "[PTB] Transfered HuNt3r to TERRORIST")
L 12/13/2019 - 22:46:33: "Syfra23<271><STEAM_1:0:1074087418><TERRORIST>" triggered "Spawned_With_The_Bomb"
L 12/13/2019 - 22:46:33: "Syfra23<271><STEAM_1:0:1074087418><TERRORIST>" triggered "Dropped_The_Bomb"
L 12/13/2019 - 22:46:33: "Syfra23<271><STEAM_1:0:1074087418><TERRORIST>" disconnected
L 12/13/2019 - 22:46:34: World triggered "Round_Start"
L 12/13/2019 - 22:46:48: "khaled<275><STEAM_1:1:1510260862><CT>" committed suicide with "worldspawn" (world)
L 12/13/2019 - 22:47:20: "mCL15<277><STEAM_1:1:1761569056><TERRORIST>" committed suicide with "world"
L 12/13/2019 - 22:47:25: "mCL15<277><STEAM_1:1:1761569056><TERRORIST>" disconnected
L 12/13/2019 - 22:47:44: "Player-Fatal<268><STEAM_1:0:841290966><TERRORIST>" killed "Ghostface<265><VALVE_ID_LAN><CT>" with "m3"
L 12/13/2019 - 22:48:15: "turbo<264><STEAM_2:1:24722080><CT>" killed "Player-Fatal<268><STEAM_1:0:841290966><TERRORIST>" with "deagle"
L 12/13/2019 - 22:48:16: "Jason Statham<279><STEAM_0:1:65160151><>" connected, address "46.160.40.89:27005"
L 12/13/2019 - 22:48:17: "Jason Statham<279><STEAM_0:1:65160151><>" STEAM USERID validated
L 12/13/2019 - 22:48:40: "Jason Statham<280><STEAM_0:1:65160151><>" connected, address "46.160.40.89:27005"
L 12/13/2019 - 22:48:41: "Jason Statham<280><STEAM_0:1:65160151><>" STEAM USERID validated
L 12/13/2019 - 22:48:41: "khaled<275><STEAM_1:1:1510260862><CT>" disconnected
L 12/13/2019 - 22:48:44: "HuNt3r<272><STEAM_1:1:1071071391><TERRORIST>" killed "turbo<264><STEAM_2:1:24722080><CT>" with "m3"
L 12/13/2019 - 22:48:52: Team "CT" triggered "Target_Saved" (CT "3") (T "2")
L 12/13/2019 - 22:48:52: World triggered "Round_End"
L 12/13/2019 - 22:48:57: "HuNt3r<272><STEAM_1:1:1071071391><TERRORIST>" triggered "Spawned_With_The_Bomb"
L 12/13/2019 - 22:48:58: World triggered "Round_Start"
L 12/13/2019 - 22:48:59: [REUNION]: (^_^)_$.:Polathcx:.$_(^_^) (85.106.84.245) authorized as RevEmu
L 12/13/2019 - 22:48:59: "(^_^)_$.:Polathcx:.$_(^_^)<281><STEAM_2:1:572473806><>" connected, address "85.106.84.245:11681"
L 12/13/2019 - 22:49:11: "turbo<264><STEAM_2:1:24722080><CT>" killed "HuNt3r<272><STEAM_1:1:1071071391><TERRORIST>" with "deagle"
L 12/13/2019 - 22:49:11: "HuNt3r<272><STEAM_1:1:1071071391><TERRORIST>" triggered "Dropped_The_Bomb"
L 12/13/2019 - 22:49:13: "Player-Fatal<268><STEAM_1:0:841290966><TERRORIST>" killed "turbo<264><STEAM_2:1:24722080><CT>" with "tracktrain"
L 12/13/2019 - 22:49:27: "turbo<264><STEAM_2:1:24722080><CT>" say_team "weapon: deagle, ammo: 7/0, health: 1, armor: 29" (dead)
L 12/13/2019 - 22:50:00: "Player-Fatal<268><STEAM_1:0:841290966><TERRORIST>" killed "LO-lMI<274><STEAM_2:1:180027904><CT>" with "m3"
L 12/13/2019 - 22:50:03: "Ghostface<265><VALVE_ID_LAN><CT>" killed "Player-Fatal<268><STEAM_1:0:841290966><TERRORIST>" with "deagle"
L 12/13/2019 - 22:50:03: Team "CT" triggered "CTs_Win" (CT "4") (T "2")
L 12/13/2019 - 22:50:03: World triggered "Round_End"
L 12/13/2019 - 22:50:07: "LO-lMI<274><STEAM_2:1:180027904><CT>" joined team "TERRORIST"
L 12/13/2019 - 22:50:07: "<><><>" triggered "amx_chat" (text "[PTB] Transfered LO-lMI to TERRORIST")
L 12/13/2019 - 22:50:08: "LO-lMI<274><STEAM_2:1:180027904><TERRORIST>" triggered "Spawned_With_The_Bomb"
L 12/13/2019 - 22:50:09: World triggered "Round_Start"
L 12/13/2019 - 22:50:39: "Player-Fatal<268><STEAM_1:0:841290966><TERRORIST>" committed suicide with "worldspawn" (world)
L 12/13/2019 - 22:50:58: "LO-lMI<274><STEAM_2:1:180027904><TERRORIST>" triggered "Dropped_The_Bomb"
L 12/13/2019 - 22:51:04: [REUNION]: SERVERBOOST.ML BUY PLAYERS (89.108.88.97) authorized as RevEmu
L 12/13/2019 - 22:51:04: "SERVERBOOST.ML BUY PLAYERS<282><STEAM_2:0:2108560526><>" connected, address "89.108.88.97:10976"
L 12/13/2019 - 22:51:07: "LO-lMI<274><STEAM_2:1:180027904><TERRORIST>" triggered "Got_The_Bomb"
L 12/13/2019 - 22:51:07: [META] ClientCommand 'meta list' from player 'SERVERBOOST.ML BUY PLAYERS'
L 12/13/2019 - 22:51:18: "Ghostface<265><VALVE_ID_LAN><CT>" killed "HuNt3r<272><STEAM_1:1:1071071391><TERRORIST>" with "deagle"
L 12/13/2019 - 22:51:30: "turbo<264><STEAM_2:1:24722080><CT>" committed suicide with "tracktrain"
L 12/13/2019 - 22:51:45: "Ghostface<265><VALVE_ID_LAN><CT>" killed "LO-lMI<274><STEAM_2:1:180027904><TERRORIST>" with "deagle"
L 12/13/2019 - 22:51:45: Team "CT" triggered "CTs_Win" (CT "5") (T "2")
L 12/13/2019 - 22:51:45: World triggered "Round_End"
L 12/13/2019 - 22:51:50: "Jason Statham<280><STEAM_0:1:65160151><>" entered the game
L 12/13/2019 - 22:51:50: "Player-Fatal<268><STEAM_1:0:841290966><TERRORIST>" triggered "Spawned_With_The_Bomb"
L 12/13/2019 - 22:51:51: World triggered "Round_Start"
L 12/13/2019 - 22:52:10: "Jason Statham<280><STEAM_0:1:65160151><>" joined team "CT"
L 12/13/2019 - 22:52:11: "Ghostface<265><VALVE_ID_LAN><CT>" killed "HuNt3r<272><STEAM_1:1:1071071391><TERRORIST>" with "deagle"
L 12/13/2019 - 22:52:12: "turbo<264><STEAM_2:1:24722080><CT>" killed "LO-lMI<274><STEAM_2:1:180027904><TERRORIST>" with "deagle"
L 12/13/2019 - 22:52:28: [REUNION]: pro (188.2.215.200) authorized as RevEmu
L 12/13/2019 - 22:52:28: "pro<283><STEAM_1:0:441412582><>" connected, address "188.2.215.200:27005"
L 12/13/2019 - 22:52:42: "LO-lMI<274><STEAM_2:1:180027904><TERRORIST>" disconnected
L 12/13/2019 - 22:53:47: "Jason Statham<280><STEAM_0:1:65160151><CT>" killed "Player-Fatal<268><STEAM_1:0:841290966><TERRORIST>" with "deagle"
L 12/13/2019 - 22:53:47: Team "CT" triggered "CTs_Win" (CT "6") (T "2")
L 12/13/2019 - 22:53:47: World triggered "Round_End"
L 12/13/2019 - 22:53:51: "Ghostface<265><VALVE_ID_LAN><CT>" joined team "TERRORIST"
L 12/13/2019 - 22:53:51: "<><><>" triggered "amx_chat" (text "[PTB] Transfered Ghostface to TERRORIST")
L 12/13/2019 - 22:53:52: "Player-Fatal<268><STEAM_1:0:841290966><TERRORIST>" triggered "Spawned_With_The_Bomb"
L 12/13/2019 - 22:53:53: World triggered "Round_Start"
L 12/13/2019 - 22:54:50: "Ghostface<265><VALVE_ID_LAN><TERRORIST>" killed "HuNt3r<272><STEAM_1:1:1071071391><TERRORIST>" with "tracktrain"
L 12/13/2019 - 22:54:58: "Player-Fatal<268><STEAM_1:0:841290966><TERRORIST>" committed suicide with "worldspawn" (world)
L 12/13/2019 - 22:54:58: "Player-Fatal<268><STEAM_1:0:841290966><TERRORIST>" triggered "Dropped_The_Bomb"
L 12/13/2019 - 22:54:59: [REUNION]: pro (188.2.215.200) authorized as RevEmu
L 12/13/2019 - 22:54:59: "pro<284><STEAM_1:0:441412582><>" connected, address "188.2.215.200:27005"
L 12/13/2019 - 22:55:05: "Ghostface<265><VALVE_ID_LAN><TERRORIST>" killed "Jason Statham<280><STEAM_0:1:65160151><CT>" with "deagle"
L 12/13/2019 - 22:55:34: [REUNION]: RAICOEN (77.219.5.66) authorized as RevEmu
L 12/13/2019 - 22:55:34: "RAICOEN<285><STEAM_1:0:716195845><>" connected, address "77.219.5.66:39841"
L 12/13/2019 - 22:56:06: "turbo<264><STEAM_2:1:24722080><CT>" killed "Ghostface<265><VALVE_ID_LAN><TERRORIST>" with "deagle"
L 12/13/2019 - 22:56:06: Team "CT" triggered "CTs_Win" (CT "7") (T "2")
L 12/13/2019 - 22:56:06: World triggered "Round_End"
L 12/13/2019 - 22:56:11: "HuNt3r<272><STEAM_1:1:1071071391><TERRORIST>" joined team "CT"
L 12/13/2019 - 22:56:11: "<><><>" triggered "amx_chat" (text "[PTB] Transfered HuNt3r to CT")
L 12/13/2019 - 22:56:11: "Ghostface<265><VALVE_ID_LAN><TERRORIST>" triggered "Spawned_With_The_Bomb"
L 12/13/2019 - 22:56:11: [REUNION]: edi (188.241.201.127) authorized as RevEmu
L 12/13/2019 - 22:56:11: "edi<286><STEAM_1:0:1456055566><>" connected, address "188.241.201.127:27005"
L 12/13/2019 - 22:56:12: World triggered "Round_Start"
L 12/13/2019 - 22:56:38: "Player-Fatal<268><STEAM_1:0:841290966><TERRORIST>" killed "turbo<264><STEAM_2:1:24722080><CT>" with "tracktrain"
L 12/13/2019 - 22:56:40: "HuNt3r<272><STEAM_1:1:1071071391><CT>" killed "Ghostface<265><VALVE_ID_LAN><TERRORIST>" with "deagle"
L 12/13/2019 - 22:56:40: "Ghostface<265><VALVE_ID_LAN><TERRORIST>" triggered "Dropped_The_Bomb"
L 12/13/2019 - 22:56:51: [REUNION]: Florin (188.241.70.184) authorized as RevEmu
L 12/13/2019 - 22:56:51: "Florin<287><STEAM_1:1:2079496364><>" connected, address "188.241.70.184:27005"
L 12/13/2019 - 22:57:02: [REUNION]: edi (188.241.201.127) authorized as RevEmu
L 12/13/2019 - 22:57:02: "edi<288><STEAM_1:0:1456055566><>" connected, address "188.241.201.127:27005"
L 12/13/2019 - 22:57:10: "edi<288><STEAM_1:0:1456055566><>" entered the game
L 12/13/2019 - 22:57:15: "edi<288><STEAM_1:0:1456055566><>" joined team "TERRORIST"
L 12/13/2019 - 22:57:34: "turbo<264><STEAM_2:1:24722080><CT>" joined team "SPECTATOR"
L 12/13/2019 - 22:57:36: [REUNION]: Florin (188.241.70.184) authorized as RevEmu
L 12/13/2019 - 22:57:36: "Florin<289><STEAM_1:1:2079496364><>" connected, address "188.241.70.184:27005"
L 12/13/2019 - 22:57:39: "Jason Statham<280><STEAM_0:1:65160151><CT>" killed "Player-Fatal<268><STEAM_1:0:841290966><TERRORIST>" with "deagle"
L 12/13/2019 - 22:57:39: Team "CT" triggered "CTs_Win" (CT "8") (T "2")
L 12/13/2019 - 22:57:39: World triggered "Round_End"
L 12/13/2019 - 22:57:44: "turbo<264><STEAM_2:1:24722080><SPECTATOR>" joined team "CT"
L 12/13/2019 - 22:57:44: "Ghostface<265><VALVE_ID_LAN><TERRORIST>" triggered "Spawned_With_The_Bomb"
L 12/13/2019 - 22:57:45: World triggered "Round_Start"
L 12/13/2019 - 22:57:49: "Florin<289><STEAM_1:1:2079496364><>" entered the game
L 12/13/2019 - 22:57:53: "Florin<289><STEAM_1:1:2079496364><>" joined team "TERRORIST"
L 12/13/2019 - 22:57:54: "Ghostface<265><VALVE_ID_LAN><TERRORIST>" triggered "Spawned_With_The_Bomb"
L 12/13/2019 - 22:57:57: "HuNt3r<272><STEAM_1:1:1071071391><CT>" killed "edi<288><STEAM_1:0:1456055566><TERRORIST>" with "scout"
L 12/13/2019 - 22:57:59: "Ghostface<265><VALVE_ID_LAN><TERRORIST>" triggered "Dropped_The_Bomb"
L 12/13/2019 - 22:57:59: "Player-Fatal<268><STEAM_1:0:841290966><TERRORIST>" triggered "Got_The_Bomb"
L 12/13/2019 - 22:58:00: "turbo<264><STEAM_2:1:24722080><CT>" killed "Florin<289><STEAM_1:1:2079496364><TERRORIST>" with "p228"
L 12/13/2019 - 22:58:10: "HuNt3r<272><STEAM_1:1:1071071391><CT>" killed "Player-Fatal<268><STEAM_1:0:841290966><TERRORIST>" with "scout"
L 12/13/2019 - 22:58:10: "Player-Fatal<268><STEAM_1:0:841290966><TERRORIST>" triggered "Dropped_The_Bomb"
L 12/13/2019 - 22:58:40: "HuNt3r<272><STEAM_1:1:1071071391><CT>" killed "Ghostface<265><VALVE_ID_LAN><TERRORIST>" with "scout"
L 12/13/2019 - 22:58:40: Team "CT" triggered "CTs_Win" (CT "9") (T "2")
L 12/13/2019 - 22:58:40: World triggered "Round_End"
L 12/13/2019 - 22:58:45: "Player-Fatal<268><STEAM_1:0:841290966><TERRORIST>" triggered "Spawned_With_The_Bomb"
L 12/13/2019 - 22:58:46: World triggered "Round_Start"
L 12/13/2019 - 22:58:47: "edi<288><STEAM_1:0:1456055566><TERRORIST>" disconnected
L 12/13/2019 - 22:58:47: [REUNION]: edi (188.241.201.127) authorized as RevEmu
L 12/13/2019 - 22:58:47: "edi<290><STEAM_1:0:1456055566><>" connected, address "188.241.201.127:27005"
L 12/13/2019 - 22:58:52: "edi<290><STEAM_1:0:1456055566><>" entered the game
L 12/13/2019 - 22:58:55: "edi<290><STEAM_1:0:1456055566><>" joined team "CT"
L 12/13/2019 - 22:59:04: "Jason Statham<280><STEAM_0:1:65160151><CT>" killed "Ghostface<265><VALVE_ID_LAN><TERRORIST>" with "grenade"
L 12/13/2019 - 22:59:16: [REUNION]: SERVERBOOST.ML BUY PLAYERS (89.108.88.97) authorized as RevEmu
L 12/13/2019 - 22:59:16: "SERVERBOOST.ML BUY PLAYERS<291><STEAM_2:0:2108560526><>" connected, address "89.108.88.97:10976"
L 12/13/2019 - 22:59:19: [META] ClientCommand 'meta list' from player 'SERVERBOOST.ML BUY PLAYERS'
L 12/13/2019 - 22:59:20: "Jason Statham<280><STEAM_0:1:65160151><CT>" killed "Florin<289><STEAM_1:1:2079496364><TERRORIST>" with "scout"
L 12/13/2019 - 22:59:28: "Jason Statham<280><STEAM_0:1:65160151><CT>" killed "Player-Fatal<268><STEAM_1:0:841290966><TERRORIST>" with "scout"
L 12/13/2019 - 22:59:28: Team "CT" triggered "CTs_Win" (CT "10") (T "2")
L 12/13/2019 - 22:59:28: World triggered "Round_End"
L 12/13/2019 - 22:59:32: "Jason Statham<280><STEAM_0:1:65160151><CT>" joined team "TERRORIST"
L 12/13/2019 - 22:59:32: "<><><>" triggered "amx_chat" (text "[PTB] Transfered Jason Statham to TERRORIST")
L 12/13/2019 - 22:59:33: "Jason Statham<280><STEAM_0:1:65160151><TERRORIST>" triggered "Spawned_With_The_Bomb"
L 12/13/2019 - 22:59:34: World triggered "Round_Start"
L 12/13/2019 - 22:59:44: "Jason Statham<280><STEAM_0:1:65160151><TERRORIST>" killed "turbo<264><STEAM_2:1:24722080><CT>" with "scout"
L 12/13/2019 - 22:59:48: "HuNt3r<272><STEAM_1:1:1071071391><CT>" killed "Florin<289><STEAM_1:1:2079496364><TERRORIST>" with "scout"
L 12/13/2019 - 22:59:50: "Jason Statham<280><STEAM_0:1:65160151><TERRORIST>" killed "HuNt3r<272><STEAM_1:1:1071071391><CT>" with "scout"
L 12/13/2019 - 22:59:52: "Jason Statham<280><STEAM_0:1:65160151><TERRORIST>" killed "edi<290><STEAM_1:0:1456055566><CT>" with "scout"
L 12/13/2019 - 22:59:52: Team "TERRORIST" triggered "Terrorists_Win" (CT "10") (T "3")
L 12/13/2019 - 22:59:52: World triggered "Round_End"
L 12/13/2019 - 22:59:57: "Ghostface<265><VALVE_ID_LAN><TERRORIST>" joined team "CT"
L 12/13/2019 - 22:59:57: "<><><>" triggered "amx_chat" (text "[PTB] Transfered Ghostface to CT")
L 12/13/2019 - 22:59:57: "Florin<289><STEAM_1:1:2079496364><TERRORIST>" triggered "Spawned_With_The_Bomb"
L 12/13/2019 - 22:59:58: World triggered "Round_Start"
L 12/13/2019 - 23:00:00: "edi<290><STEAM_1:0:1456055566><CT>" disconnected
L 12/13/2019 - 23:00:06: "Jason Statham<280><STEAM_0:1:65160151><TERRORIST>" killed "Ghostface<265><VALVE_ID_LAN><CT>" with "scout"
L 12/13/2019 - 23:00:08: Server cvar "amx_nextmap" = "cars_n_robots"
L 12/13/2019 - 23:00:11: "Jason Statham<280><STEAM_0:1:65160151><TERRORIST>" killed "turbo<264><STEAM_2:1:24722080><CT>" with "deagle"
L 12/13/2019 - 23:00:18: "Player-Fatal<268><STEAM_1:0:841290966><TERRORIST>" killed "Florin<289><STEAM_1:1:2079496364><TERRORIST>" with "tracktrain"
L 12/13/2019 - 23:00:18: "Florin<289><STEAM_1:1:2079496364><TERRORIST>" triggered "Dropped_The_Bomb"
L 12/13/2019 - 23:00:38: "Jason Statham<280><STEAM_0:1:65160151><TERRORIST>" killed "HuNt3r<272><STEAM_1:1:1071071391><CT>" with "tracktrain"
L 12/13/2019 - 23:00:38: Team "TERRORIST" triggered "Terrorists_Win" (CT "10") (T "4")
L 12/13/2019 - 23:00:38: World triggered "Round_End"
L 12/13/2019 - 23:00:43: "Player-Fatal<268><STEAM_1:0:841290966><TERRORIST>" joined team "CT"
L 12/13/2019 - 23:00:43: "<><><>" triggered "amx_chat" (text "[PTB] Transfered Player-Fatal to CT")
L 12/13/2019 - 23:00:43: "Jason Statham<280><STEAM_0:1:65160151><TERRORIST>" triggered "Spawned_With_The_Bomb"
L 12/13/2019 - 23:00:44: World triggered "Round_Start"
L 12/13/2019 - 23:00:52: [REUNION]: Annnnnellll (5.43.118.198) authorized as RevEmu
L 12/13/2019 - 23:00:52: "Annnnnellll<292><STEAM_1:0:575618077><>" connected, address "5.43.118.198:27005"
L 12/13/2019 - 23:00:53: "Jason Statham<280><STEAM_0:1:65160151><TERRORIST>" killed "HuNt3r<272><STEAM_1:1:1071071391><CT>" with "scout"
L 12/13/2019 - 23:00:59: "Jason Statham<280><STEAM_0:1:65160151><TERRORIST>" killed "Ghostface<265><VALVE_ID_LAN><CT>" with "scout"
L 12/13/2019 - 23:01:22: "Jason Statham<280><STEAM_0:1:65160151><TERRORIST>" killed "Player-Fatal<268><STEAM_1:0:841290966><CT>" with "scout"
L 12/13/2019 - 23:01:36: Server cvar "mp_timelimit" = "0.000000"
L 12/13/2019 - 23:01:37: "Florin<289><STEAM_1:1:2079496364><TERRORIST>" killed "turbo<264><STEAM_2:1:24722080><CT>" with "tracktrain"
L 12/13/2019 - 23:01:37: Team "TERRORIST" triggered "Terrorists_Win" (CT "10") (T "5")
L 12/13/2019 - 23:01:37: World triggered "Round_End"
L 12/13/2019 - 23:01:37: "Jason Statham<280><STEAM_0:1:65160151><TERRORIST>" committed suicide with "tracktrain"
L 12/13/2019 - 23:01:42: "Florin<289><STEAM_1:1:2079496364><TERRORIST>" triggered "Spawned_With_The_Bomb"
L 12/13/2019 - 23:01:43: World triggered "Round_Start"
L 12/13/2019 - 23:01:43: Server cvar "sv_maxspeed" = "0.000000"
L 12/13/2019 - 23:01:43: Server cvar "mp_friendlyfire" = "1"
L 12/13/2019 - 23:01:43: [REUNION]: jear hoti (79.106.127.22) authorized as RevEmu
L 12/13/2019 - 23:01:43: "jear hoti<293><STEAM_2:1:2009449443><>" connected, address "79.106.127.22:27005"
L 12/13/2019 - 23:01:54: Server cvar "sv_maxspeed" = "900.000000"
L 12/13/2019 - 23:01:54: Server cvar "mp_friendlyfire" = "0"
L 12/13/2019 - 23:01:54: Server cvar "mp_timelimit" = "20.000000"
L 12/13/2019 - 23:01:54: [META] ini: Begin re-reading plugins list: /home/rented/public9/cstrike/addons/metamod/plugins.ini
L 12/13/2019 - 23:01:54: [META] ini: Read plugin config for: SafeNameAndChat
L 12/13/2019 - 23:01:54: [META] ini: Read plugin config for: AMX Mod X
L 12/13/2019 - 23:01:54: [META] ini: Read plugin config for: Reunion
L 12/13/2019 - 23:01:54: [META] ini: Read plugin config for: ReAuthCheck
L 12/13/2019 - 23:01:54: [META] ini: Read plugin config for: WHBlocker
L 12/13/2019 - 23:01:54: [META] ini: Read plugin config for: ReSemiclip
L 12/13/2019 - 23:01:54: [META] ini: Read plugin config for: Revoice
L 12/13/2019 - 23:01:54: [META] ini: Finished reading plugins list: /home/rented/public9/cstrike/addons/metamod/plugins.ini; Found 7 plugins
L 12/13/2019 - 23:01:54: [META] dll: Updating plugins...
L 12/13/2019 - 23:01:54: [META] WARNING: Cannot clear plugin 'SafeNameAndChat'; not marked as failed, empty, or open (status=valid)
L 12/13/2019 - 23:01:54: [META] dll: Unloaded plugin 'SafeNameAndChat' for reason 'file on disk is newer'
L 12/13/2019 - 23:01:54: [META] dll: Loaded plugin 'SafeNameAndChat': SafeNameAndChat v1.1 2017.02.01, WPMG.PRoSToC0der
L 12/13/2019 - 23:01:54: [META] WARNING: Cannot clear plugin 'WHBlocker'; not marked as failed, empty, or open (status=valid)
L 12/13/2019 - 23:01:54: [META] dll: Unloaded plugin 'WHBlocker' for reason 'file on disk is newer'
L 12/13/2019 - 23:01:54: [META] dll: Loaded plugin 'WHBlocker': WHBlocker v1.5.692 2017-04-13, s1lent
L 12/13/2019 - 23:01:54: [META] WARNING: Cannot clear plugin 'ReSemiclip'; not marked as failed, empty, or open (status=valid)
L 12/13/2019 - 23:01:54: [META] dll: Unloaded plugin 'ReSemiclip' for reason 'file on disk is newer'
L 12/13/2019 - 23:01:54: [META] dll: Loaded plugin 'ReSemiclip': ReSemiclip v2.3.9 13/02/17, s1lent & Adidasman
L 12/13/2019 - 23:01:54: [META] dll: Finished updating 14 plugins; kept 0, loaded 0, unloaded 0, reloaded 3, delayed 0
L 12/13/2019 - 23:01:54: "turbo<264><STEAM_2:1:24722080><CT>" disconnected
L 12/13/2019 - 23:01:54: "Jason Statham<280><STEAM_0:1:65160151><TERRORIST>" disconnected
L 12/13/2019 - 23:01:54: "Florin<289><STEAM_1:1:2079496364><TERRORIST>" disconnected
L 12/13/2019 - 23:01:54: "jear hoti<293><STEAM_2:1:2009449443><CT>" disconnected
L 12/13/2019 - 23:01:54: "Ghostface<265><VALVE_ID_LAN><CT>" disconnected
L 12/13/2019 - 23:01:54: "Player-Fatal<268><STEAM_1:0:841290966><CT>" disconnected
L 12/13/2019 - 23:01:54: "HuNt3r<272><STEAM_1:1:1071071391><CT>" disconnected
L 12/13/2019 - 23:01:54: World triggered "Round_Draw" (CT "10") (T "5")
L 12/13/2019 - 23:01:54: World triggered "Round_End"
L 12/13/2019 - 23:01:54: Log file closed
