L 12/24/2019 - 22:44:23: Log file started (file "logs/L1224107.log") (game "cstrike") (version "48/1.1.2.7/Stdio/1621")
L 12/24/2019 - 22:44:23: Loading map "fun_gta"
L 12/24/2019 - 22:44:23: Server cvars start
L 12/24/2019 - 22:44:23: Server cvar "@BunnyHopper" = "3.x"
L 12/24/2019 - 22:44:23: Server cvar "@CRXGoSpec" = "1.1"
L 12/24/2019 - 22:44:23: Server cvar "@CRXRemoveImmunity" = "1.0"
L 12/24/2019 - 22:44:23: Server cvar "@D.I.C.E." = "1.1"
L 12/24/2019 - 22:44:23: Server cvar "@MOTDCommands" = "1.2"
L 12/24/2019 - 22:44:23: Server cvar "advanced_quake_sounds" = "5.0"
L 12/24/2019 - 22:44:23: Server cvar "AdvancedMute" = "1.0"
L 12/24/2019 - 22:44:23: Server cvar "aesp_version" = "1.3"
L 12/24/2019 - 22:44:23: Server cvar "allow_spectators" = "1.0"
L 12/24/2019 - 22:44:23: Server cvar "amx_client_languages" = "1"
L 12/24/2019 - 22:44:23: Server cvar "amx_language" = "en"
L 12/24/2019 - 22:44:23: Server cvar "amx_nextmap" = "fun_gta"
L 12/24/2019 - 22:44:23: Server cvar "amx_ptb_version" = "1.8b3"
L 12/24/2019 - 22:44:23: Server cvar "amx_timeleft" = "11:21"
L 12/24/2019 - 22:44:23: Server cvar "amxmodx_version" = "1.8.2"
L 12/24/2019 - 22:44:23: Server cvar "amxxbg_vip" = "1.0"
L 12/24/2019 - 22:44:23: Server cvar "asp_version" = "4.5.1"
L 12/24/2019 - 22:44:23: Server cvar "atac_version" = "3.0.1"
L 12/24/2019 - 22:44:23: Server cvar "badcamper_version" = "1.4 beta"
L 12/24/2019 - 22:44:23: Server cvar "blockmaker" = "4.01"
L 12/24/2019 - 22:44:23: Server cvar "c4 timer" = "1.1"
L 12/24/2019 - 22:44:23: Server cvar "coop" = "0"
L 12/24/2019 - 22:44:23: Server cvar "CRXAdminGroups" = "1.0"
L 12/24/2019 - 22:44:23: Server cvar "CRXCommandRestrictions" = "1.0"
L 12/24/2019 - 22:44:23: Server cvar "CRXFastKnife" = "1.0"
L 12/24/2019 - 22:44:23: Server cvar "CRXGametracker" = "2.0"
L 12/24/2019 - 22:44:23: Server cvar "CRXKnifeModels" = "2.5.7"
L 12/24/2019 - 22:44:23: Server cvar "CRXTeamAdvantage" = "1.0"
L 12/24/2019 - 22:44:23: Server cvar "CustomShop" = "4.2"
L 12/24/2019 - 22:44:23: Server cvar "deathmatch" = "1"
L 12/24/2019 - 22:44:23: Server cvar "decalfrequency" = "0"
L 12/24/2019 - 22:44:23: Server cvar "edgefriction" = "2"
L 12/24/2019 - 22:44:23: Server cvar "ers_version" = "2.3c"
L 12/24/2019 - 22:44:23: Server cvar "gagsystem_shoko" = "1.0"
L 12/24/2019 - 22:44:23: Server cvar "gal_mapcyclefile" = "mapcycle.txt"
L 12/24/2019 - 22:44:23: Server cvar "gal_version" = "v5.9.1-926"
L 12/24/2019 - 22:44:23: Server cvar "game_version" = "5.7.0.313-dev"
L 12/24/2019 - 22:44:23: Server cvar "humans_join_team" = "any"
L 12/24/2019 - 22:44:23: Server cvar "jtp10181" = "chute,gore"
L 12/24/2019 - 22:44:23: Server cvar "lawliet" = "ny_RainingSnow"
L 12/24/2019 - 22:44:23: Server cvar "LetitSnow" = "1.0"
L 12/24/2019 - 22:44:23: Server cvar "map_spawns" = "T(16) CT(16)"
L 12/24/2019 - 22:44:23: Server cvar "max_queries_sec" = "3"
L 12/24/2019 - 22:44:23: Server cvar "max_queries_sec_global" = "150"
L 12/24/2019 - 22:44:23: Server cvar "max_queries_window" = "60"
L 12/24/2019 - 22:44:23: Server cvar "mdbBans" = "4.8"
L 12/24/2019 - 22:44:23: Server cvar "metamod_version" = "1.21p37"
L 12/24/2019 - 22:44:23: Server cvar "mp_autokick" = "0"
L 12/24/2019 - 22:44:23: Server cvar "mp_autokick_timeout" = "-1"
L 12/24/2019 - 22:44:23: Server cvar "mp_autoteambalance" = "0"
L 12/24/2019 - 22:44:23: Server cvar "mp_buytime" = "0.25"
L 12/24/2019 - 22:44:23: Server cvar "mp_c4timer" = "35"
L 12/24/2019 - 22:44:23: Server cvar "mp_chattime" = "10.000000"
L 12/24/2019 - 22:44:23: Server cvar "mp_consistency" = "1"
L 12/24/2019 - 22:44:23: Server cvar "mp_fadetoblack" = "0"
L 12/24/2019 - 22:44:23: Server cvar "mp_flashlight" = "1"
L 12/24/2019 - 22:44:23: Server cvar "mp_footsteps" = "1"
L 12/24/2019 - 22:44:23: Server cvar "mp_forcecamera" = "0"
L 12/24/2019 - 22:44:23: Server cvar "mp_forcechasecam" = "0"
L 12/24/2019 - 22:44:23: Server cvar "mp_forcerespawn" = "0"
L 12/24/2019 - 22:44:23: Server cvar "mp_fraglimit" = "0"
L 12/24/2019 - 22:44:23: Server cvar "mp_fragsleft" = "0"
L 12/24/2019 - 22:44:23: Server cvar "mp_freeforall" = "0"
L 12/24/2019 - 22:44:23: Server cvar "mp_freezetime" = "1"
L 12/24/2019 - 22:44:23: Server cvar "mp_friendlyfire" = "0"
L 12/24/2019 - 22:44:23: Server cvar "mp_hostage_hurtable" = "1"
L 12/24/2019 - 22:44:23: Server cvar "mp_hostagepenalty" = "0"
L 12/24/2019 - 22:44:23: Server cvar "mp_item_staytime" = "300"
L 12/24/2019 - 22:44:23: Server cvar "mp_kickpercent" = "0.66"
L 12/24/2019 - 22:44:23: Server cvar "mp_legacy_bombtarget_touch" = "1"
L 12/24/2019 - 22:44:23: Server cvar "mp_limitteams" = "0"
L 12/24/2019 - 22:44:23: Server cvar "mp_logdetail" = "0"
L 12/24/2019 - 22:44:23: Server cvar "mp_logfile" = "1"
L 12/24/2019 - 22:44:23: Server cvar "mp_logmessages" = "1"
L 12/24/2019 - 22:44:23: Server cvar "mp_mapvoteratio" = "0.66"
L 12/24/2019 - 22:44:23: Server cvar "mp_maxmoney" = "999999"
L 12/24/2019 - 22:44:23: Server cvar "mp_maxrounds" = "0"
L 12/24/2019 - 22:44:23: Server cvar "mp_mirrordamage" = "0"
L 12/24/2019 - 22:44:23: Server cvar "mp_old_bomb_defused_sound" = "1"
L 12/24/2019 - 22:44:23: Server cvar "mp_playerid" = "0"
L 12/24/2019 - 22:44:23: Server cvar "mp_respawn_immunitytime" = "0"
L 12/24/2019 - 22:44:23: Server cvar "mp_round_infinite" = "0"
L 12/24/2019 - 22:44:23: Server cvar "mp_round_restart_delay" = "5"
L 12/24/2019 - 22:44:23: Server cvar "mp_roundover" = "0"
L 12/24/2019 - 22:44:23: Server cvar "mp_roundtime" = "2.3"
L 12/24/2019 - 22:44:23: Server cvar "mp_show_radioicon" = "1"
L 12/24/2019 - 22:44:23: Server cvar "mp_startmoney" = "850"
L 12/24/2019 - 22:44:23: Server cvar "mp_timeleft" = "11:20"
L 12/24/2019 - 22:44:23: Server cvar "mp_timelimit" = "20"
L 12/24/2019 - 22:44:23: Server cvar "mp_tkpunish" = "0"
L 12/24/2019 - 22:44:23: Server cvar "mp_windifference" = "1"
L 12/24/2019 - 22:44:23: Server cvar "mp_winlimit" = "0"
L 12/24/2019 - 22:44:23: Server cvar "NoWeaponsOnGround" = "1.0"
L 12/24/2019 - 22:44:23: Server cvar "pausable" = "0"
L 12/24/2019 - 22:44:23: Server cvar "present_version" = "2.01"
L 12/24/2019 - 22:44:23: Server cvar "RandomHP" = "2.2"
L 12/24/2019 - 22:44:23: Server cvar "reauthcheck_version" = "0.1.6"
L 12/24/2019 - 22:44:23: Server cvar "reconnect_features" = "0.3.1"
L 12/24/2019 - 22:44:23: Server cvar "report_system_version" = "3.1"
L 12/24/2019 - 22:44:23: Server cvar "resemiclip_version" = "2.3.9"
L 12/24/2019 - 22:44:23: Server cvar "reu_version" = "0.1.0.130"
L 12/24/2019 - 22:44:23: Server cvar "revoice_version" = "0.1.0.30"
L 12/24/2019 - 22:44:23: Server cvar "RRWM" = "2.0"
L 12/24/2019 - 22:44:23: Server cvar "sanksounds_version" = "1.8.6"
L 12/24/2019 - 22:44:23: Server cvar "SimpleMenu" = "1.1"
L 12/24/2019 - 22:44:23: Server cvar "SNAC_Version" = "1.1"
L 12/24/2019 - 22:44:23: Server cvar "SpecList" = "1.2a"
L 12/24/2019 - 22:44:23: Server cvar "sr_version" = "1.6"
L 12/24/2019 - 22:44:23: Server cvar "statsx_shell_ver" = "2.0.0 (BETA)"
L 12/24/2019 - 22:44:23: Server cvar "StyleC4Timer" = "2.1"
L 12/24/2019 - 22:44:23: Server cvar "sv_accelerate" = "5"
L 12/24/2019 - 22:44:23: Server cvar "sv_aim" = "1"
L 12/24/2019 - 22:44:23: Server cvar "sv_airaccelerate" = "100"
L 12/24/2019 - 22:44:23: Server cvar "sv_allowupload" = "1"
L 12/24/2019 - 22:44:23: Server cvar "sv_alltalk" = "1"
L 12/24/2019 - 22:44:23: Server cvar "sv_bounce" = "1"
L 12/24/2019 - 22:44:23: Server cvar "sv_cheats" = "0"
L 12/24/2019 - 22:44:23: Server cvar "sv_clienttrace" = "1"
L 12/24/2019 - 22:44:23: Server cvar "sv_contact" = "feruchio599@gmail.com"
L 12/24/2019 - 22:44:23: Server cvar "sv_friction" = "4"
L 12/24/2019 - 22:44:23: Server cvar "sv_gravity" = "800"
L 12/24/2019 - 22:44:23: Server cvar "sv_logblocks" = "0"
L 12/24/2019 - 22:44:23: Server cvar "sv_maxrate" = "50000"
L 12/24/2019 - 22:44:23: Server cvar "sv_maxspeed" = "900.000000"
L 12/24/2019 - 22:44:23: Server cvar "sv_minrate" = "10000"
L 12/24/2019 - 22:44:23: Server cvar "sv_password" = ""
L 12/24/2019 - 22:44:23: Server cvar "sv_proxies" = "1"
L 12/24/2019 - 22:44:23: Server cvar "sv_restart" = "0"
L 12/24/2019 - 22:44:23: Server cvar "sv_restartround" = "0"
L 12/24/2019 - 22:44:23: Server cvar "sv_stepsize" = "18"
L 12/24/2019 - 22:44:23: Server cvar "sv_stopspeed" = "75"
L 12/24/2019 - 22:44:23: Server cvar "sv_uploadmax" = "0.5"
L 12/24/2019 - 22:44:23: Server cvar "sv_version" = "1.1.2.7/Stdio,48,1621"
L 12/24/2019 - 22:44:23: Server cvar "sv_voiceenable" = "1"
L 12/24/2019 - 22:44:23: Server cvar "sv_wateraccelerate" = "10"
L 12/24/2019 - 22:44:23: Server cvar "sv_waterfriction" = "1"
L 12/24/2019 - 22:44:23: Server cvar "Team_Semiclip_version" = "3.3.1"
L 12/24/2019 - 22:44:23: Server cvar "vehicle_real_killer" = "1.1"
L 12/24/2019 - 22:44:23: Server cvar "WalkGuard" = "1.3.2"
L 12/24/2019 - 22:44:23: Server cvar "we_grenades" = "Huehue"
L 12/24/2019 - 22:44:23: Server cvar "we_player_models" = "Huehue"
L 12/24/2019 - 22:44:23: Server cvar "whb_version" = "1.5.692"
L 12/24/2019 - 22:44:23: Server cvar "zp_jp_version" = "Extra Item Jetpack+Bazooka v3.2"
L 12/24/2019 - 22:44:23: Server cvars end
L 12/24/2019 - 22:44:26: Server cvar "sv_maxspeed" = "900"
L 12/24/2019 - 22:44:26: Server cvar "mp_autoteambalance" = "1"
L 12/24/2019 - 22:44:26: Server cvar "mp_autoteambalance" = "0"
L 12/24/2019 - 22:44:26: Server cvar "amx_nextmap" = "[not yet voted on]"
L 12/24/2019 - 22:44:27: Started map "fun_gta" (CRC "1896134593")
L 12/24/2019 - 22:44:29: World triggered "Round_Start"
L 12/24/2019 - 22:44:30: [REUNION]: Pafko (78.130.136.42) authorized as NoSteam47
L 12/24/2019 - 22:44:30: "Pafko<26><VALVE_ID_LAN><>" connected, address "78.130.136.42:27005"
L 12/24/2019 - 22:44:30: [REUNION]: KTM (78.130.136.26) authorized as RevEmu
L 12/24/2019 - 22:44:30: "KTM<27><STEAM_2:1:773855342><>" connected, address "78.130.136.26:27005"
L 12/24/2019 - 22:44:32: "Ghostface<25><VALVE_ID_LAN><>" entered the game
L 12/24/2019 - 22:44:34: "Pafko<26><VALVE_ID_LAN><>" entered the game
L 12/24/2019 - 22:44:34: "Ghostface<25><VALVE_ID_LAN><>" joined team "CT"
L 12/24/2019 - 22:44:35: "KTM<27><STEAM_2:1:773855342><>" entered the game
L 12/24/2019 - 22:44:38: "KTM<27><STEAM_2:1:773855342><>" joined team "TERRORIST"
L 12/24/2019 - 22:44:38: World triggered "Game_Commencing"
L 12/24/2019 - 22:44:38: World triggered "Game_Commencing" (CT "0") (T "0")
L 12/24/2019 - 22:44:38: World triggered "Round_End"
L 12/24/2019 - 22:44:40: "Pafko<26><VALVE_ID_LAN><>" joined team "TERRORIST"
L 12/24/2019 - 22:44:42: World triggered "Round_Start"
L 12/24/2019 - 22:45:11: [REUNION]: Na Pafko OHRANATA (89.25.115.121) authorized as NoSteam47
L 12/24/2019 - 22:45:11: "Na Pafko OHRANATA<28><VALVE_ID_LAN><>" connected, address "89.25.115.121:39473"
L 12/24/2019 - 22:46:55: "Na Pafko OHRANATA<28><VALVE_ID_LAN><>" entered the game
L 12/24/2019 - 22:47:00: "KTM<27><STEAM_2:1:773855342><TERRORIST>" committed suicide with "world"
L 12/24/2019 - 22:47:00: "Pafko<26><VALVE_ID_LAN><TERRORIST>" committed suicide with "world"
L 12/24/2019 - 22:47:00: Team "CT" triggered "CTs_Win" (CT "1") (T "0")
L 12/24/2019 - 22:47:00: World triggered "Round_End"
L 12/24/2019 - 22:47:00: "Ghostface<25><VALVE_ID_LAN><CT>" committed suicide with "world"
L 12/24/2019 - 22:47:02: "Na Pafko OHRANATA<28><VALVE_ID_LAN><>" joined team "CT"
L 12/24/2019 - 22:47:06: World triggered "Round_Start"
L 12/24/2019 - 22:47:21: "Na Pafko OHRANATA<28><VALVE_ID_LAN><CT>" committed suicide with "worldspawn" (world)
L 12/24/2019 - 22:47:47: "KTM<27><STEAM_2:1:773855342><TERRORIST>" killed "Ghostface<25><VALVE_ID_LAN><CT>" with "m4a1"
L 12/24/2019 - 22:47:47: Team "TERRORIST" triggered "Terrorists_Win" (CT "1") (T "1")
L 12/24/2019 - 22:47:47: World triggered "Round_End"
L 12/24/2019 - 22:47:53: World triggered "Round_Start"
L 12/24/2019 - 22:48:17: "Ghostface<25><VALVE_ID_LAN><CT>" killed "KTM<27><STEAM_2:1:773855342><TERRORIST>" with "knife"
L 12/24/2019 - 22:48:20: "Ghostface<25><VALVE_ID_LAN><CT>" killed "Pafko<26><VALVE_ID_LAN><TERRORIST>" with "knife"
L 12/24/2019 - 22:48:20: Team "CT" triggered "CTs_Win" (CT "2") (T "1")
L 12/24/2019 - 22:48:20: World triggered "Round_End"
L 12/24/2019 - 22:48:26: World triggered "Round_Start"
L 12/24/2019 - 22:48:56: "Na Pafko OHRANATA<28><VALVE_ID_LAN><CT>" committed suicide with "worldspawn" (world)
L 12/24/2019 - 22:49:07: "KTM<27><STEAM_2:1:773855342><TERRORIST>" killed "Ghostface<25><VALVE_ID_LAN><CT>" with "ak47"
L 12/24/2019 - 22:49:07: Team "TERRORIST" triggered "Terrorists_Win" (CT "2") (T "2")
L 12/24/2019 - 22:49:07: World triggered "Round_End"
L 12/24/2019 - 22:49:13: World triggered "Round_Start"
L 12/24/2019 - 22:49:26: [REUNION]: XxXBadBoyXxX (37.220.68.177) authorized as RevEmu
L 12/24/2019 - 22:49:26: "XxXBadBoyXxX<29><STEAM_1:1:41823316><>" connected, address "37.220.68.177:26769"
L 12/24/2019 - 22:49:26: Kick: "XxXBadBoyXxX<29><STEAM_1:1:41823316><>" was kicked by "Console" (message ""You have no entry to the server..."")
L 12/24/2019 - 22:49:47: [REUNION]: kL!nAc (37.220.68.177) authorized as RevEmu
L 12/24/2019 - 22:49:47: "kL!nAc<30><STEAM_1:1:41823316><>" connected, address "37.220.68.177:26769"
L 12/24/2019 - 22:50:11: "Ghostface<25><VALVE_ID_LAN><CT>" killed "Pafko<26><VALVE_ID_LAN><TERRORIST>" with "m4a1"
L 12/24/2019 - 22:50:14: [REUNION]: kL!nAc (37.220.68.177) authorized as RevEmu
L 12/24/2019 - 22:50:14: "kL!nAc<31><STEAM_1:1:41823316><>" connected, address "37.220.68.177:26769"
L 12/24/2019 - 22:50:40: "KTM<27><STEAM_2:1:773855342><TERRORIST>" killed "Ghostface<25><VALVE_ID_LAN><CT>" with "m4a1"
L 12/24/2019 - 22:50:47: "KTM<27><STEAM_2:1:773855342><TERRORIST>" killed "Na Pafko OHRANATA<28><VALVE_ID_LAN><CT>" with "m4a1"
L 12/24/2019 - 22:50:47: Team "TERRORIST" triggered "Terrorists_Win" (CT "2") (T "3")
L 12/24/2019 - 22:50:47: World triggered "Round_End"
L 12/24/2019 - 22:50:53: World triggered "Round_Start"
L 12/24/2019 - 22:51:24: "kL!nAc<31><STEAM_1:1:41823316><>" entered the game
L 12/24/2019 - 22:51:28: "KTM<27><STEAM_2:1:773855342><TERRORIST>" killed "Ghostface<25><VALVE_ID_LAN><CT>" with "m4a1"
L 12/24/2019 - 22:51:31: "kL!nAc<31><STEAM_1:1:41823316><>" joined team "CT"
L 12/24/2019 - 22:51:54: "Pafko<26><VALVE_ID_LAN><TERRORIST>" killed "Na Pafko OHRANATA<28><VALVE_ID_LAN><CT>" with "awp"
L 12/24/2019 - 22:51:54: Team "TERRORIST" triggered "Terrorists_Win" (CT "2") (T "4")
L 12/24/2019 - 22:51:54: World triggered "Round_End"
L 12/24/2019 - 22:51:58: "Pafko<26><VALVE_ID_LAN><TERRORIST>" joined team "CT"
L 12/24/2019 - 22:51:58: "<><><>" triggered "amx_chat" (text "[PTB] Transfered Pafko to CT")
L 12/24/2019 - 22:52:00: World triggered "Round_Start"
L 12/24/2019 - 22:52:27: "kL!nAc<31><STEAM_1:1:41823316><CT>" killed "KTM<27><STEAM_2:1:773855342><TERRORIST>" with "m4a1"
L 12/24/2019 - 22:52:27: Team "CT" triggered "CTs_Win" (CT "3") (T "4")
L 12/24/2019 - 22:52:27: World triggered "Round_End"
L 12/24/2019 - 22:52:30: "Ghostface<25><VALVE_ID_LAN><CT>" killed "Na Pafko OHRANATA<28><VALVE_ID_LAN><CT>" with "tracktrain"
L 12/24/2019 - 22:52:31: "Ghostface<25><VALVE_ID_LAN><CT>" joined team "TERRORIST"
L 12/24/2019 - 22:52:31: "<><><>" triggered "amx_chat" (text "[PTB] Transfered Ghostface to TERRORIST")
L 12/24/2019 - 22:52:33: World triggered "Round_Start"
L 12/24/2019 - 22:52:49: "Ghostface<25><VALVE_ID_LAN><TERRORIST>" committed suicide with "world"
L 12/24/2019 - 22:53:03: "KTM<27><STEAM_2:1:773855342><TERRORIST>" killed "kL!nAc<31><STEAM_1:1:41823316><CT>" with "awp"
L 12/24/2019 - 22:53:21: "KTM<27><STEAM_2:1:773855342><TERRORIST>" killed "Na Pafko OHRANATA<28><VALVE_ID_LAN><CT>" with "deagle"
L 12/24/2019 - 22:53:49: "Pafko<26><VALVE_ID_LAN><CT>" killed "KTM<27><STEAM_2:1:773855342><TERRORIST>" with "awp"
L 12/24/2019 - 22:53:49: Team "CT" triggered "CTs_Win" (CT "4") (T "4")
L 12/24/2019 - 22:53:49: World triggered "Round_End"
L 12/24/2019 - 22:53:55: World triggered "Round_Start"
L 12/24/2019 - 22:54:20: "KTM<27><STEAM_2:1:773855342><TERRORIST>" killed "kL!nAc<31><STEAM_1:1:41823316><CT>" with "mp5navy"
L 12/24/2019 - 22:54:43: "KTM<27><STEAM_2:1:773855342><TERRORIST>" killed "Pafko<26><VALVE_ID_LAN><CT>" with "mp5navy"
L 12/24/2019 - 22:54:46: "Na Pafko OHRANATA<28><VALVE_ID_LAN><CT>" killed "Ghostface<25><VALVE_ID_LAN><TERRORIST>" with "knife"
L 12/24/2019 - 22:55:24: "Na Pafko OHRANATA<28><VALVE_ID_LAN><CT>" committed suicide with "worldspawn" (world)
L 12/24/2019 - 22:55:24: Team "TERRORIST" triggered "Terrorists_Win" (CT "4") (T "5")
L 12/24/2019 - 22:55:24: World triggered "Round_End"
L 12/24/2019 - 22:55:30: World triggered "Round_Start"
L 12/24/2019 - 22:55:53: "KTM<27><STEAM_2:1:773855342><TERRORIST>" killed "Na Pafko OHRANATA<28><VALVE_ID_LAN><CT>" with "ak47"
L 12/24/2019 - 22:55:55: "Pafko<26><VALVE_ID_LAN><CT>" killed "Ghostface<25><VALVE_ID_LAN><TERRORIST>" with "deagle"
L 12/24/2019 - 22:55:55: "kL!nAc<31><STEAM_1:1:41823316><CT>" killed "KTM<27><STEAM_2:1:773855342><TERRORIST>" with "awp"
L 12/24/2019 - 22:55:55: Team "CT" triggered "CTs_Win" (CT "5") (T "5")
L 12/24/2019 - 22:55:55: World triggered "Round_End"
L 12/24/2019 - 22:56:01: World triggered "Round_Start"
L 12/24/2019 - 22:56:31: "Na Pafko OHRANATA<28><VALVE_ID_LAN><CT>" killed "Ghostface<25><VALVE_ID_LAN><TERRORIST>" with "m4a1"
L 12/24/2019 - 22:56:48: "Pafko<26><VALVE_ID_LAN><CT>" killed "KTM<27><STEAM_2:1:773855342><TERRORIST>" with "knife"
L 12/24/2019 - 22:56:48: Team "CT" triggered "CTs_Win" (CT "6") (T "5")
L 12/24/2019 - 22:56:48: World triggered "Round_End"
L 12/24/2019 - 22:56:53: "Na Pafko OHRANATA<28><VALVE_ID_LAN><CT>" joined team "TERRORIST"
L 12/24/2019 - 22:56:53: "<><><>" triggered "amx_chat" (text "[PTB] Transfered Na Pafko OHRANATA to TERRORIST")
L 12/24/2019 - 22:56:54: World triggered "Round_Start"
L 12/24/2019 - 22:57:15: "Pafko<26><VALVE_ID_LAN><CT>" killed "Ghostface<25><VALVE_ID_LAN><TERRORIST>" with "tmp"
L 12/24/2019 - 22:57:34: "KTM<27><STEAM_2:1:773855342><TERRORIST>" killed "Pafko<26><VALVE_ID_LAN><CT>" with "deagle"
L 12/24/2019 - 22:57:39: "kL!nAc<31><STEAM_1:1:41823316><CT>" killed "Na Pafko OHRANATA<28><VALVE_ID_LAN><TERRORIST>" with "tmp"
L 12/24/2019 - 22:57:45: "Pafko<26><VALVE_ID_LAN><CT>" joined team "TERRORIST"
L 12/24/2019 - 22:57:56: "kL!nAc<31><STEAM_1:1:41823316><CT>" killed "KTM<27><STEAM_2:1:773855342><TERRORIST>" with "deagle"
L 12/24/2019 - 22:57:56: Team "CT" triggered "CTs_Win" (CT "7") (T "5")
L 12/24/2019 - 22:57:56: World triggered "Round_End"
L 12/24/2019 - 22:58:00: "KTM<27><STEAM_2:1:773855342><TERRORIST>" joined team "CT"
L 12/24/2019 - 22:58:00: "<><><>" triggered "amx_chat" (text "[PTB] Transfered KTM to CT")
L 12/24/2019 - 22:58:00: "Na Pafko OHRANATA<28><VALVE_ID_LAN><TERRORIST>" joined team "CT"
L 12/24/2019 - 22:58:02: World triggered "Round_Start"
L 12/24/2019 - 22:58:27: "KTM<27><STEAM_2:1:773855342><CT>" killed "Pafko<26><VALVE_ID_LAN><TERRORIST>" with "m4a1"
L 12/24/2019 - 22:58:37: "Pafko<26><VALVE_ID_LAN><TERRORIST>" joined team "CT"
L 12/24/2019 - 22:58:49: "KTM<27><STEAM_2:1:773855342><CT>" killed "Ghostface<25><VALVE_ID_LAN><TERRORIST>" with "m4a1"
L 12/24/2019 - 22:58:49: Team "CT" triggered "CTs_Win" (CT "8") (T "5")
L 12/24/2019 - 22:58:49: World triggered "Round_End"
L 12/24/2019 - 22:58:53: "kL!nAc<31><STEAM_1:1:41823316><CT>" joined team "TERRORIST"
L 12/24/2019 - 22:58:53: "<><><>" triggered "amx_chat" (text "[PTB] Transfered kL!nAc to TERRORIST")
L 12/24/2019 - 22:58:55: World triggered "Round_Start"
L 12/24/2019 - 22:59:25: "kL!nAc<31><STEAM_1:1:41823316><TERRORIST>" killed "Na Pafko OHRANATA<28><VALVE_ID_LAN><CT>" with "knife"
L 12/24/2019 - 22:59:33: "kL!nAc<31><STEAM_1:1:41823316><TERRORIST>" killed "KTM<27><STEAM_2:1:773855342><CT>" with "sg550"
L 12/24/2019 - 22:59:43: "kL!nAc<31><STEAM_1:1:41823316><TERRORIST>" killed "Pafko<26><VALVE_ID_LAN><CT>" with "sg550"
L 12/24/2019 - 22:59:43: Team "TERRORIST" triggered "Terrorists_Win" (CT "8") (T "6")
L 12/24/2019 - 22:59:43: World triggered "Round_End"
L 12/24/2019 - 22:59:46: "Ghostface<25><VALVE_ID_LAN><TERRORIST>" committed suicide with "worldspawn" (world)
L 12/24/2019 - 22:59:49: World triggered "Round_Start"
L 12/24/2019 - 23:00:04: "KTM<27><STEAM_2:1:773855342><CT>" killed "Ghostface<25><VALVE_ID_LAN><TERRORIST>" with "m4a1"
L 12/24/2019 - 23:00:15: "kL!nAc<31><STEAM_1:1:41823316><TERRORIST>" killed "Na Pafko OHRANATA<28><VALVE_ID_LAN><CT>" with "sg550"
L 12/24/2019 - 23:00:27: "kL!nAc<31><STEAM_1:1:41823316><TERRORIST>" killed "KTM<27><STEAM_2:1:773855342><CT>" with "sg550"
L 12/24/2019 - 23:00:37: "Ghostface<25><VALVE_ID_LAN><TERRORIST>" disconnected
L 12/24/2019 - 23:01:24: "KTM<27><STEAM_2:1:773855342><CT>" joined team "SPECTATOR"
L 12/24/2019 - 23:01:44: "Pafko<26><VALVE_ID_LAN><CT>" killed "kL!nAc<31><STEAM_1:1:41823316><TERRORIST>" with "sg550"
L 12/24/2019 - 23:01:44: Team "CT" triggered "CTs_Win" (CT "9") (T "6")
L 12/24/2019 - 23:01:44: World triggered "Round_End"
L 12/24/2019 - 23:01:48: "KTM<27><STEAM_2:1:773855342><SPECTATOR>" joined team "TERRORIST"
L 12/24/2019 - 23:01:50: World triggered "Round_Start"
L 12/24/2019 - 23:02:12: "kL!nAc<31><STEAM_1:1:41823316><TERRORIST>" killed "Na Pafko OHRANATA<28><VALVE_ID_LAN><CT>" with "ak47"
L 12/24/2019 - 23:02:16: "Pafko<26><VALVE_ID_LAN><CT>" killed "kL!nAc<31><STEAM_1:1:41823316><TERRORIST>" with "sg550"
L 12/24/2019 - 23:02:45: "Pafko<26><VALVE_ID_LAN><CT>" killed "KTM<27><STEAM_2:1:773855342><TERRORIST>" with "sg550"
L 12/24/2019 - 23:02:45: Team "CT" triggered "CTs_Win" (CT "10") (T "6")
L 12/24/2019 - 23:02:45: World triggered "Round_End"
L 12/24/2019 - 23:02:51: World triggered "Round_Start"
L 12/24/2019 - 23:03:12: Server cvar "amx_nextmap" = "rr_meh"
L 12/24/2019 - 23:03:18: "Pafko<26><VALVE_ID_LAN><CT>" killed "KTM<27><STEAM_2:1:773855342><TERRORIST>" with "knife"
L 12/24/2019 - 23:03:33: "Na Pafko OHRANATA<28><VALVE_ID_LAN><CT>" killed "kL!nAc<31><STEAM_1:1:41823316><TERRORIST>" with "knife"
L 12/24/2019 - 23:03:33: Team "CT" triggered "CTs_Win" (CT "11") (T "6")
L 12/24/2019 - 23:03:33: World triggered "Round_End"
L 12/24/2019 - 23:03:39: World triggered "Round_Start"
L 12/24/2019 - 23:04:09: "kL!nAc<31><STEAM_1:1:41823316><TERRORIST>" killed "Na Pafko OHRANATA<28><VALVE_ID_LAN><CT>" with "g3sg1"
L 12/24/2019 - 23:04:10: "Pafko<26><VALVE_ID_LAN><CT>" killed "kL!nAc<31><STEAM_1:1:41823316><TERRORIST>" with "awp"
L 12/24/2019 - 23:04:11: Server cvar "mp_timelimit" = "0.000000"
L 12/24/2019 - 23:05:09: "KTM<27><STEAM_2:1:773855342><TERRORIST>" killed "Pafko<26><VALVE_ID_LAN><CT>" with "deagle"
L 12/24/2019 - 23:05:09: Team "TERRORIST" triggered "Terrorists_Win" (CT "11") (T "7")
L 12/24/2019 - 23:05:09: World triggered "Round_End"
L 12/24/2019 - 23:05:14: "kL!nAc<31><STEAM_1:1:41823316><TERRORIST>" changed name to "kL!nAc^^"
L 12/24/2019 - 23:05:15: World triggered "Round_Start"
L 12/24/2019 - 23:05:15: Server cvar "sv_maxspeed" = "0.000000"
L 12/24/2019 - 23:05:15: Server cvar "mp_friendlyfire" = "1"
L 12/24/2019 - 23:05:26: Server cvar "sv_maxspeed" = "900.000000"
L 12/24/2019 - 23:05:26: Server cvar "mp_friendlyfire" = "0"
L 12/24/2019 - 23:05:26: Server cvar "mp_timelimit" = "20.000000"
L 12/24/2019 - 23:05:26: [META] ini: Begin re-reading plugins list: /home/rented/public9/cstrike/addons/metamod/plugins.ini
L 12/24/2019 - 23:05:26: [META] ini: Read plugin config for: SafeNameAndChat
L 12/24/2019 - 23:05:26: [META] ini: Read plugin config for: AMX Mod X
L 12/24/2019 - 23:05:26: [META] ini: Read plugin config for: Reunion
L 12/24/2019 - 23:05:26: [META] ini: Read plugin config for: ReAuthCheck
L 12/24/2019 - 23:05:26: [META] ini: Read plugin config for: WHBlocker
L 12/24/2019 - 23:05:26: [META] ini: Read plugin config for: ReSemiclip
L 12/24/2019 - 23:05:26: [META] ini: Read plugin config for: Revoice
L 12/24/2019 - 23:05:26: [META] ini: Finished reading plugins list: /home/rented/public9/cstrike/addons/metamod/plugins.ini; Found 7 plugins
L 12/24/2019 - 23:05:26: [META] dll: Updating plugins...
L 12/24/2019 - 23:05:26: [META] WARNING: Cannot clear plugin 'SafeNameAndChat'; not marked as failed, empty, or open (status=valid)
L 12/24/2019 - 23:05:26: [META] dll: Unloaded plugin 'SafeNameAndChat' for reason 'file on disk is newer'
L 12/24/2019 - 23:05:26: [META] dll: Loaded plugin 'SafeNameAndChat': SafeNameAndChat v1.1 2017.02.01, WPMG.PRoSToC0der
L 12/24/2019 - 23:05:26: [META] WARNING: Cannot clear plugin 'WHBlocker'; not marked as failed, empty, or open (status=valid)
L 12/24/2019 - 23:05:26: [META] dll: Unloaded plugin 'WHBlocker' for reason 'file on disk is newer'
L 12/24/2019 - 23:05:26: [META] dll: Loaded plugin 'WHBlocker': WHBlocker v1.5.692 2017-04-13, s1lent
L 12/24/2019 - 23:05:26: [META] WARNING: Cannot clear plugin 'ReSemiclip'; not marked as failed, empty, or open (status=valid)
L 12/24/2019 - 23:05:26: [META] dll: Unloaded plugin 'ReSemiclip' for reason 'file on disk is newer'
L 12/24/2019 - 23:05:26: [META] dll: Loaded plugin 'ReSemiclip': ReSemiclip v2.3.9 13/02/17, s1lent & Adidasman
L 12/24/2019 - 23:05:26: [META] dll: Finished updating 14 plugins; kept 0, loaded 0, unloaded 0, reloaded 3, delayed 0
L 12/24/2019 - 23:05:26: "Na Pafko OHRANATA<28><VALVE_ID_LAN><CT>" disconnected
L 12/24/2019 - 23:05:26: "KTM<27><STEAM_2:1:773855342><TERRORIST>" disconnected
L 12/24/2019 - 23:05:26: "Pafko<26><VALVE_ID_LAN><CT>" disconnected
L 12/24/2019 - 23:05:26: "kL!nAc^^<31><STEAM_1:1:41823316><TERRORIST>" disconnected
L 12/24/2019 - 23:05:26: World triggered "Round_Draw" (CT "11") (T "7")
L 12/24/2019 - 23:05:26: World triggered "Round_End"
L 12/24/2019 - 23:05:26: Log file closed
