L 12/25/2019 - 22:12:23: Log file started (file "logs/L1225105.log") (game "cstrike") (version "48/1.1.2.7/Stdio/1621")
L 12/25/2019 - 22:12:23: Loading map "GM_StarWars"
L 12/25/2019 - 22:12:23: Server cvars start
L 12/25/2019 - 22:12:23: Server cvar "@BunnyHopper" = "3.x"
L 12/25/2019 - 22:12:23: Server cvar "@CRXGoSpec" = "1.1"
L 12/25/2019 - 22:12:23: Server cvar "@CRXRemoveImmunity" = "1.0"
L 12/25/2019 - 22:12:23: Server cvar "@D.I.C.E." = "1.1"
L 12/25/2019 - 22:12:23: Server cvar "@MOTDCommands" = "1.2"
L 12/25/2019 - 22:12:23: Server cvar "advanced_quake_sounds" = "5.0"
L 12/25/2019 - 22:12:23: Server cvar "AdvancedMute" = "1.0"
L 12/25/2019 - 22:12:23: Server cvar "aesp_version" = "1.3"
L 12/25/2019 - 22:12:23: Server cvar "allow_spectators" = "1.0"
L 12/25/2019 - 22:12:23: Server cvar "amx_client_languages" = "1"
L 12/25/2019 - 22:12:23: Server cvar "amx_language" = "en"
L 12/25/2019 - 22:12:23: Server cvar "amx_nextmap" = "GM_StarWars"
L 12/25/2019 - 22:12:23: Server cvar "amx_ptb_version" = "1.8b3"
L 12/25/2019 - 22:12:23: Server cvar "amx_timeleft" = "00:00"
L 12/25/2019 - 22:12:23: Server cvar "amxmodx_version" = "1.8.2"
L 12/25/2019 - 22:12:23: Server cvar "amxxbg_vip" = "1.0"
L 12/25/2019 - 22:12:23: Server cvar "asp_version" = "4.5.1"
L 12/25/2019 - 22:12:23: Server cvar "atac_version" = "3.0.1"
L 12/25/2019 - 22:12:23: Server cvar "badcamper_version" = "1.4 beta"
L 12/25/2019 - 22:12:23: Server cvar "blockmaker" = "4.01"
L 12/25/2019 - 22:12:23: Server cvar "c4 timer" = "1.1"
L 12/25/2019 - 22:12:23: Server cvar "coop" = "0"
L 12/25/2019 - 22:12:23: Server cvar "CRXAdminGroups" = "1.0"
L 12/25/2019 - 22:12:23: Server cvar "CRXCommandRestrictions" = "1.0"
L 12/25/2019 - 22:12:23: Server cvar "CRXFastKnife" = "1.0"
L 12/25/2019 - 22:12:23: Server cvar "CRXGametracker" = "2.0"
L 12/25/2019 - 22:12:23: Server cvar "CRXKnifeModels" = "2.5.7"
L 12/25/2019 - 22:12:23: Server cvar "CRXTeamAdvantage" = "1.0"
L 12/25/2019 - 22:12:23: Server cvar "CustomShop" = "4.2"
L 12/25/2019 - 22:12:23: Server cvar "deathmatch" = "1"
L 12/25/2019 - 22:12:23: Server cvar "decalfrequency" = "0"
L 12/25/2019 - 22:12:23: Server cvar "edgefriction" = "2"
L 12/25/2019 - 22:12:23: Server cvar "ers_version" = "2.3c"
L 12/25/2019 - 22:12:23: Server cvar "gagsystem_shoko" = "1.0"
L 12/25/2019 - 22:12:23: Server cvar "gal_mapcyclefile" = "mapcycle.txt"
L 12/25/2019 - 22:12:23: Server cvar "gal_version" = "v5.9.1-926"
L 12/25/2019 - 22:12:23: Server cvar "game_version" = "5.7.0.313-dev"
L 12/25/2019 - 22:12:23: Server cvar "humans_join_team" = "any"
L 12/25/2019 - 22:12:23: Server cvar "jtp10181" = "chute,gore"
L 12/25/2019 - 22:12:23: Server cvar "lawliet" = "ny_RainingSnow"
L 12/25/2019 - 22:12:23: Server cvar "LetitSnow" = "1.0"
L 12/25/2019 - 22:12:23: Server cvar "map_spawns" = "T(16) CT(16)"
L 12/25/2019 - 22:12:23: Server cvar "max_queries_sec" = "3"
L 12/25/2019 - 22:12:23: Server cvar "max_queries_sec_global" = "150"
L 12/25/2019 - 22:12:23: Server cvar "max_queries_window" = "60"
L 12/25/2019 - 22:12:23: Server cvar "mdbBans" = "4.8"
L 12/25/2019 - 22:12:23: Server cvar "metamod_version" = "1.21p37"
L 12/25/2019 - 22:12:23: Server cvar "mp_autokick" = "0"
L 12/25/2019 - 22:12:23: Server cvar "mp_autokick_timeout" = "-1"
L 12/25/2019 - 22:12:23: Server cvar "mp_autoteambalance" = "0"
L 12/25/2019 - 22:12:23: Server cvar "mp_buytime" = "0.25"
L 12/25/2019 - 22:12:23: Server cvar "mp_c4timer" = "35"
L 12/25/2019 - 22:12:23: Server cvar "mp_chattime" = "10"
L 12/25/2019 - 22:12:23: Server cvar "mp_consistency" = "1"
L 12/25/2019 - 22:12:23: Server cvar "mp_fadetoblack" = "0"
L 12/25/2019 - 22:12:23: Server cvar "mp_flashlight" = "1"
L 12/25/2019 - 22:12:23: Server cvar "mp_footsteps" = "1"
L 12/25/2019 - 22:12:23: Server cvar "mp_forcecamera" = "0"
L 12/25/2019 - 22:12:23: Server cvar "mp_forcechasecam" = "0"
L 12/25/2019 - 22:12:23: Server cvar "mp_forcerespawn" = "0"
L 12/25/2019 - 22:12:23: Server cvar "mp_fraglimit" = "0"
L 12/25/2019 - 22:12:23: Server cvar "mp_fragsleft" = "0"
L 12/25/2019 - 22:12:23: Server cvar "mp_freeforall" = "0"
L 12/25/2019 - 22:12:23: Server cvar "mp_freezetime" = "1"
L 12/25/2019 - 22:12:23: Server cvar "mp_friendlyfire" = "0"
L 12/25/2019 - 22:12:23: Server cvar "mp_hostage_hurtable" = "1"
L 12/25/2019 - 22:12:23: Server cvar "mp_hostagepenalty" = "0"
L 12/25/2019 - 22:12:23: Server cvar "mp_item_staytime" = "300"
L 12/25/2019 - 22:12:23: Server cvar "mp_kickpercent" = "0.66"
L 12/25/2019 - 22:12:23: Server cvar "mp_legacy_bombtarget_touch" = "1"
L 12/25/2019 - 22:12:23: Server cvar "mp_limitteams" = "0"
L 12/25/2019 - 22:12:23: Server cvar "mp_logdetail" = "0"
L 12/25/2019 - 22:12:23: Server cvar "mp_logfile" = "1"
L 12/25/2019 - 22:12:23: Server cvar "mp_logmessages" = "1"
L 12/25/2019 - 22:12:23: Server cvar "mp_mapvoteratio" = "0.66"
L 12/25/2019 - 22:12:23: Server cvar "mp_maxmoney" = "999999"
L 12/25/2019 - 22:12:23: Server cvar "mp_maxrounds" = "0"
L 12/25/2019 - 22:12:23: Server cvar "mp_mirrordamage" = "0"
L 12/25/2019 - 22:12:23: Server cvar "mp_old_bomb_defused_sound" = "1"
L 12/25/2019 - 22:12:23: Server cvar "mp_playerid" = "0"
L 12/25/2019 - 22:12:23: Server cvar "mp_respawn_immunitytime" = "0"
L 12/25/2019 - 22:12:23: Server cvar "mp_round_infinite" = "0"
L 12/25/2019 - 22:12:23: Server cvar "mp_round_restart_delay" = "5"
L 12/25/2019 - 22:12:23: Server cvar "mp_roundover" = "0"
L 12/25/2019 - 22:12:23: Server cvar "mp_roundtime" = "2.3"
L 12/25/2019 - 22:12:23: Server cvar "mp_show_radioicon" = "1"
L 12/25/2019 - 22:12:23: Server cvar "mp_startmoney" = "850"
L 12/25/2019 - 22:12:23: Server cvar "mp_timeleft" = "00:00"
L 12/25/2019 - 22:12:23: Server cvar "mp_timelimit" = "20.000000"
L 12/25/2019 - 22:12:23: Server cvar "mp_tkpunish" = "0"
L 12/25/2019 - 22:12:23: Server cvar "mp_windifference" = "1"
L 12/25/2019 - 22:12:23: Server cvar "mp_winlimit" = "0"
L 12/25/2019 - 22:12:23: Server cvar "NoWeaponsOnGround" = "1.0"
L 12/25/2019 - 22:12:23: Server cvar "pausable" = "0"
L 12/25/2019 - 22:12:23: Server cvar "present_version" = "2.01"
L 12/25/2019 - 22:12:23: Server cvar "RandomHP" = "2.2"
L 12/25/2019 - 22:12:23: Server cvar "reauthcheck_version" = "0.1.6"
L 12/25/2019 - 22:12:23: Server cvar "reconnect_features" = "0.3.1"
L 12/25/2019 - 22:12:23: Server cvar "report_system_version" = "3.1"
L 12/25/2019 - 22:12:23: Server cvar "resemiclip_version" = "2.3.9"
L 12/25/2019 - 22:12:23: Server cvar "reu_version" = "0.1.0.130"
L 12/25/2019 - 22:12:23: Server cvar "revoice_version" = "0.1.0.30"
L 12/25/2019 - 22:12:23: Server cvar "RRWM" = "2.0"
L 12/25/2019 - 22:12:23: Server cvar "sanksounds_version" = "1.8.6"
L 12/25/2019 - 22:12:23: Server cvar "SimpleMenu" = "1.1"
L 12/25/2019 - 22:12:23: Server cvar "SNAC_Version" = "1.1"
L 12/25/2019 - 22:12:23: Server cvar "SpecList" = "1.2a"
L 12/25/2019 - 22:12:23: Server cvar "sr_version" = "1.6"
L 12/25/2019 - 22:12:23: Server cvar "statsx_shell_ver" = "2.0.0 (BETA)"
L 12/25/2019 - 22:12:23: Server cvar "StyleC4Timer" = "2.1"
L 12/25/2019 - 22:12:23: Server cvar "sv_accelerate" = "5"
L 12/25/2019 - 22:12:23: Server cvar "sv_aim" = "1"
L 12/25/2019 - 22:12:23: Server cvar "sv_airaccelerate" = "100"
L 12/25/2019 - 22:12:23: Server cvar "sv_allowupload" = "1"
L 12/25/2019 - 22:12:23: Server cvar "sv_alltalk" = "1"
L 12/25/2019 - 22:12:23: Server cvar "sv_bounce" = "1"
L 12/25/2019 - 22:12:23: Server cvar "sv_cheats" = "0"
L 12/25/2019 - 22:12:23: Server cvar "sv_clienttrace" = "1"
L 12/25/2019 - 22:12:23: Server cvar "sv_contact" = "feruchio599@gmail.com"
L 12/25/2019 - 22:12:23: Server cvar "sv_friction" = "4"
L 12/25/2019 - 22:12:23: Server cvar "sv_gravity" = "800"
L 12/25/2019 - 22:12:23: Server cvar "sv_logblocks" = "0"
L 12/25/2019 - 22:12:23: Server cvar "sv_maxrate" = "50000"
L 12/25/2019 - 22:12:23: Server cvar "sv_maxspeed" = "900.000000"
L 12/25/2019 - 22:12:23: Server cvar "sv_minrate" = "10000"
L 12/25/2019 - 22:12:23: Server cvar "sv_password" = ""
L 12/25/2019 - 22:12:23: Server cvar "sv_proxies" = "1"
L 12/25/2019 - 22:12:23: Server cvar "sv_restart" = "0"
L 12/25/2019 - 22:12:23: Server cvar "sv_restartround" = "0"
L 12/25/2019 - 22:12:23: Server cvar "sv_stepsize" = "18"
L 12/25/2019 - 22:12:23: Server cvar "sv_stopspeed" = "75"
L 12/25/2019 - 22:12:23: Server cvar "sv_uploadmax" = "0.5"
L 12/25/2019 - 22:12:23: Server cvar "sv_version" = "1.1.2.7/Stdio,48,1621"
L 12/25/2019 - 22:12:23: Server cvar "sv_voiceenable" = "1"
L 12/25/2019 - 22:12:23: Server cvar "sv_wateraccelerate" = "10"
L 12/25/2019 - 22:12:23: Server cvar "sv_waterfriction" = "1"
L 12/25/2019 - 22:12:23: Server cvar "Team_Semiclip_version" = "3.3.1"
L 12/25/2019 - 22:12:23: Server cvar "vehicle_real_killer" = "1.1"
L 12/25/2019 - 22:12:23: Server cvar "WalkGuard" = "1.3.2"
L 12/25/2019 - 22:12:23: Server cvar "we_grenades" = "Huehue"
L 12/25/2019 - 22:12:23: Server cvar "we_player_models" = "Huehue"
L 12/25/2019 - 22:12:23: Server cvar "whb_version" = "1.5.692"
L 12/25/2019 - 22:12:23: Server cvar "zp_jp_version" = "Extra Item Jetpack+Bazooka v3.2"
L 12/25/2019 - 22:12:23: Server cvars end
L 12/25/2019 - 22:12:25: Server cvar "sv_maxspeed" = "900"
L 12/25/2019 - 22:12:25: Server cvar "mp_autoteambalance" = "1"
L 12/25/2019 - 22:12:25: Server cvar "mp_timelimit" = "20"
L 12/25/2019 - 22:12:26: Server cvar "mp_autoteambalance" = "0"
L 12/25/2019 - 22:12:26: Server cvar "amx_nextmap" = "[not yet voted on]"
L 12/25/2019 - 22:12:27: Started map "GM_StarWars" (CRC "1861694934")
L 12/25/2019 - 22:12:29: World triggered "Round_Start"
L 12/25/2019 - 22:12:30: [REUNION]: NOOB :D (109.104.221.53) authorized as RevEmu
L 12/25/2019 - 22:12:30: "NOOB :D<61><STEAM_2:1:1392295388><>" connected, address "109.104.221.53:1024"
L 12/25/2019 - 22:12:30: "Maverick<28><STEAM_0:0:37264973><>" entered the game
L 12/25/2019 - 22:12:33: "Maverick<28><STEAM_0:0:37264973><>" joined team "CT"
L 12/25/2019 - 22:12:33: "xXmR.oNuRxX_yT<57><STEAM_2:1:935252518><>" entered the game
L 12/25/2019 - 22:12:34: "Viru<33><STEAM_1:0:1632616421><>" entered the game
L 12/25/2019 - 22:12:34: "NOOB :D<61><STEAM_2:1:1392295388><>" entered the game
L 12/25/2019 - 22:12:34: "Sebastian Smith<60><STEAM_1:1:1141231493><>" entered the game
L 12/25/2019 - 22:12:35: "NOOB :D<61><STEAM_2:1:1392295388><>" joined team "TERRORIST"
L 12/25/2019 - 22:12:36: World triggered "Game_Commencing"
L 12/25/2019 - 22:12:36: World triggered "Game_Commencing" (CT "0") (T "0")
L 12/25/2019 - 22:12:36: World triggered "Round_End"
L 12/25/2019 - 22:12:36: "xXmR.oNuRxX_yT<57><STEAM_2:1:935252518><>" joined team "CT"
L 12/25/2019 - 22:12:37: "Sebastian Smith<60><STEAM_1:1:1141231493><>" joined team "CT"
L 12/25/2019 - 22:12:38: [REUNION]: jesse_pinkman (91.148.164.81) authorized as RevEmu
L 12/25/2019 - 22:12:38: "jesse_pinkman<62><STEAM_1:0:1973059967><>" connected, address "91.148.164.81:27005"
L 12/25/2019 - 22:12:39: "xXmR.oNuRxX_yT<57><STEAM_2:1:935252518><CT>" committed suicide with "world"
L 12/25/2019 - 22:12:40: World triggered "Round_Start"
L 12/25/2019 - 22:12:40: "xXmR.oNuRxX_yT<57><STEAM_2:1:935252518><CT>" joined team "SPECTATOR"
L 12/25/2019 - 22:12:43: [REUNION]: Foxcon (37.220.68.177) authorized as RevEmu
L 12/25/2019 - 22:12:43: "Foxcon<63><STEAM_1:1:41823316><>" connected, address "37.220.68.177:26769"
L 12/25/2019 - 22:12:44: "jesse_pinkman<62><STEAM_1:0:1973059967><>" entered the game
L 12/25/2019 - 22:12:44: "HeaD|RolleR<64><STEAM_0:1:161838116><>" connected, address "212.200.101.206:27005"
L 12/25/2019 - 22:12:44: "HeaD|RolleR<64><STEAM_0:1:161838116><>" STEAM USERID validated
L 12/25/2019 - 22:12:46: "jesse_pinkman<62><STEAM_1:0:1973059967><>" joined team "TERRORIST"
L 12/25/2019 - 22:12:47: "Foxcon<63><STEAM_1:1:41823316><>" entered the game
L 12/25/2019 - 22:12:48: [REUNION]: pencho lydiq (78.108.248.252) authorized as RevEmu
L 12/25/2019 - 22:12:48: "pencho lydiq<65><STEAM_1:0:760868375><>" connected, address "78.108.248.252:1024"
L 12/25/2019 - 22:12:49: "HeaD|RolleR<64><STEAM_0:1:161838116><>" entered the game
L 12/25/2019 - 22:12:50: "Foxcon<63><STEAM_1:1:41823316><>" joined team "TERRORIST"
L 12/25/2019 - 22:12:52: "HeaD|RolleR<64><STEAM_0:1:161838116><>" joined team "CT"
L 12/25/2019 - 22:12:54: [REUNION]: pencho lydiq (78.108.248.252) authorized as RevEmu
L 12/25/2019 - 22:12:54: "pencho lydiq<66><STEAM_1:0:760868375><>" connected, address "78.108.248.252:1024"
L 12/25/2019 - 22:12:58: "pencho lydiq<66><STEAM_1:0:760868375><>" entered the game
L 12/25/2019 - 22:12:59: "Maverick<28><STEAM_0:0:37264973><CT>" killed "NOOB :D<61><STEAM_2:1:1392295388><TERRORIST>" with "deagle"
L 12/25/2019 - 22:13:01: "Maverick<28><STEAM_0:0:37264973><CT>" killed "jesse_pinkman<62><STEAM_1:0:1973059967><TERRORIST>" with "deagle"
L 12/25/2019 - 22:13:05: "Maverick<28><STEAM_0:0:37264973><CT>" killed "Foxcon<63><STEAM_1:1:41823316><TERRORIST>" with "deagle"
L 12/25/2019 - 22:13:05: Team "CT" triggered "CTs_Win" (CT "1") (T "0")
L 12/25/2019 - 22:13:05: World triggered "Round_End"
L 12/25/2019 - 22:13:11: World triggered "Round_Start"
L 12/25/2019 - 22:13:25: [REUNION]: Ludia :D (77.76.16.213) authorized as RevEmu
L 12/25/2019 - 22:13:25: "Ludia :D<67><STEAM_1:0:186885685><>" connected, address "77.76.16.213:26072"
L 12/25/2019 - 22:13:29: "Viru<33><STEAM_1:0:1632616421><>" joined team "SPECTATOR"
L 12/25/2019 - 22:13:30: [REUNION]: <Warrior> Player (95.42.205.149) authorized as RevEmu
L 12/25/2019 - 22:13:30: "<Warrior> Player<68><STEAM_1:0:889748961><>" connected, address "95.42.205.149:27005"
L 12/25/2019 - 22:13:32: "Maverick<28><STEAM_0:0:37264973><CT>" killed "Foxcon<63><STEAM_1:1:41823316><TERRORIST>" with "deagle"
L 12/25/2019 - 22:13:33: [REUNION]: <Warrior> Player (95.42.205.149) authorized as RevEmu
L 12/25/2019 - 22:13:33: "<Warrior> Player<69><STEAM_1:0:889748961><>" connected, address "95.42.205.149:27005"
L 12/25/2019 - 22:13:34: "Ludia :D<67><STEAM_1:0:186885685><>" entered the game
L 12/25/2019 - 22:13:37: "Ludia :D<67><STEAM_1:0:186885685><>" joined team "TERRORIST"
L 12/25/2019 - 22:13:42: "Maverick<28><STEAM_0:0:37264973><CT>" killed "NOOB :D<61><STEAM_2:1:1392295388><TERRORIST>" with "deagle"
L 12/25/2019 - 22:13:45: "jesse_pinkman<62><STEAM_1:0:1973059967><TERRORIST>" killed "Sebastian Smith<60><STEAM_1:1:1141231493><CT>" with "deagle"
L 12/25/2019 - 22:13:47: "jesse_pinkman<62><STEAM_1:0:1973059967><TERRORIST>" killed "Maverick<28><STEAM_0:0:37264973><CT>" with "galil"
L 12/25/2019 - 22:13:50: "NOOB :D<61><STEAM_2:1:1392295388><TERRORIST>" disconnected
L 12/25/2019 - 22:13:50: "<Warrior> Player<69><STEAM_1:0:889748961><>" entered the game
L 12/25/2019 - 22:13:54: "pencho lydiq<66><STEAM_1:0:760868375><>" joined team "SPECTATOR"
L 12/25/2019 - 22:13:58: "<Warrior> Player<69><STEAM_1:0:889748961><>" joined team "TERRORIST"
L 12/25/2019 - 22:14:18: "HeaD|RolleR<64><STEAM_0:1:161838116><CT>" killed "jesse_pinkman<62><STEAM_1:0:1973059967><TERRORIST>" with "knife"
L 12/25/2019 - 22:14:18: Team "CT" triggered "CTs_Win" (CT "2") (T "0")
L 12/25/2019 - 22:14:18: World triggered "Round_End"
L 12/25/2019 - 22:14:24: World triggered "Round_Start"
L 12/25/2019 - 22:14:30: "HeaD|RolleR<64><STEAM_0:1:161838116><CT>" killed "Foxcon<63><STEAM_1:1:41823316><TERRORIST>" with "awp"
L 12/25/2019 - 22:14:43: "Maverick<28><STEAM_0:0:37264973><CT>" killed "Ludia :D<67><STEAM_1:0:186885685><TERRORIST>" with "awp"
L 12/25/2019 - 22:14:49: "Foxcon<63><STEAM_1:1:41823316><TERRORIST>" disconnected
L 12/25/2019 - 22:14:51: "HeaD|RolleR<1><STEAM_0:1:161838116><>" triggered "amx_chat" (text "i know to to tp in enemy base in 1 secon")
L 12/25/2019 - 22:14:52: "jesse_pinkman<62><STEAM_1:0:1973059967><TERRORIST>" killed "Maverick<28><STEAM_0:0:37264973><CT>" with "awp"
L 12/25/2019 - 22:14:54: "HeaD|RolleR<1><STEAM_0:1:161838116><>" triggered "amx_chat" (text "in any map")
L 12/25/2019 - 22:15:03: "jesse_pinkman<62><STEAM_1:0:1973059967><TERRORIST>" killed "Sebastian Smith<60><STEAM_1:1:1141231493><CT>" with "awp"
L 12/25/2019 - 22:15:11: "jesse_pinkman<62><STEAM_1:0:1973059967><TERRORIST>" killed "HeaD|RolleR<64><STEAM_0:1:161838116><CT>" with "awp"
L 12/25/2019 - 22:15:11: Team "TERRORIST" triggered "Terrorists_Win" (CT "2") (T "1")
L 12/25/2019 - 22:15:11: World triggered "Round_End"
L 12/25/2019 - 22:15:15: "Maverick<5><STEAM_0:0:37264973><>" triggered "amx_chat" (text "dont tell onur ")
L 12/25/2019 - 22:15:17: World triggered "Round_Start"
L 12/25/2019 - 22:15:21: "HeaD|RolleR<1><STEAM_0:1:161838116><>" triggered "amx_chat" (text "someone challenges you to a duel")
L 12/25/2019 - 22:15:25: "HeaD|RolleR<1><STEAM_0:1:161838116><>" triggered "amx_chat" (text "you dont accept it")
L 12/25/2019 - 22:15:26: "HeaD|RolleR<1><STEAM_0:1:161838116><>" triggered "amx_chat" (text "and kill him")
L 12/25/2019 - 22:15:34: "HeaD|RolleR<1><STEAM_0:1:161838116><>" triggered "amx_chat" (text "i mean you dont click anything")
L 12/25/2019 - 22:15:36: "HeaD|RolleR<1><STEAM_0:1:161838116><>" triggered "amx_chat" (text "and kill him")
L 12/25/2019 - 22:15:39: "HeaD|RolleR<1><STEAM_0:1:161838116><>" triggered "amx_chat" (text "next round you accept")
L 12/25/2019 - 22:15:41: "HeaD|RolleR<1><STEAM_0:1:161838116><>" triggered "amx_chat" (text "and u will be tped")
L 12/25/2019 - 22:15:42: "<Warrior> Player<69><STEAM_1:0:889748961><TERRORIST>" killed "Sebastian Smith<60><STEAM_1:1:1141231493><CT>" with "awp"
L 12/25/2019 - 22:15:46: "jesse_pinkman<62><STEAM_1:0:1973059967><TERRORIST>" killed "Maverick<28><STEAM_0:0:37264973><CT>" with "ak47"
L 12/25/2019 - 22:15:55: "Maverick<5><STEAM_0:0:37264973><>" triggered "amx_chat" (text "hmm interesting a new bug")
L 12/25/2019 - 22:15:56: "jesse_pinkman<62><STEAM_1:0:1973059967><TERRORIST>" killed "HeaD|RolleR<64><STEAM_0:1:161838116><CT>" with "deagle"
L 12/25/2019 - 22:15:57: Team "TERRORIST" triggered "Terrorists_Win" (CT "2") (T "2")
L 12/25/2019 - 22:15:57: World triggered "Round_End"
L 12/25/2019 - 22:15:58: "HeaD|RolleR<1><STEAM_0:1:161838116><>" triggered "amx_chat" (text "ye")
L 12/25/2019 - 22:15:58: "Sebastian Smith<60><STEAM_1:1:1141231493><CT>" disconnected
L 12/25/2019 - 22:16:03: World triggered "Round_Start"
L 12/25/2019 - 22:16:08: "Maverick<5><STEAM_0:0:37264973><>" triggered "amx_chat" (text "we could live with it tough")
L 12/25/2019 - 22:16:12: "HeaD|RolleR<1><STEAM_0:1:161838116><>" triggered "amx_chat" (text "someone challenges you, you dont press anything and kill him")
L 12/25/2019 - 22:16:16: "HeaD|RolleR<1><STEAM_0:1:161838116><>" triggered "amx_chat" (text "next round accept and tp boom")
L 12/25/2019 - 22:16:17: "HeaD|RolleR<1><STEAM_0:1:161838116><>" triggered "amx_chat" (text ":D")
L 12/25/2019 - 22:16:30: "Ludia :D<67><STEAM_1:0:186885685><TERRORIST>" killed "HeaD|RolleR<64><STEAM_0:1:161838116><CT>" with "galil"
L 12/25/2019 - 22:16:31: "Maverick<5><STEAM_0:0:37264973><>" triggered "amx_chat" (text "but won,t  all be with knifes in that round")
L 12/25/2019 - 22:16:31: "HeaD|RolleR<1><STEAM_0:1:161838116><>" triggered "amx_chat" (text "and also when u accept it in new round")
L 12/25/2019 - 22:16:33: "HeaD|RolleR<1><STEAM_0:1:161838116><>" triggered "amx_chat" (text "you dont lose gun")
L 12/25/2019 - 22:16:37: "Maverick<28><STEAM_0:0:37264973><CT>" killed "jesse_pinkman<62><STEAM_1:0:1973059967><TERRORIST>" with "galil"
L 12/25/2019 - 22:16:38: "Ludia :D<67><STEAM_1:0:186885685><TERRORIST>" killed "Maverick<28><STEAM_0:0:37264973><CT>" with "galil"
L 12/25/2019 - 22:16:38: Team "TERRORIST" triggered "Terrorists_Win" (CT "2") (T "3")
L 12/25/2019 - 22:16:38: World triggered "Round_End"
L 12/25/2019 - 22:16:40: "HeaD|RolleR<1><STEAM_0:1:161838116><>" triggered "amx_chat" (text "no")
L 12/25/2019 - 22:16:42: "jesse_pinkman<62><STEAM_1:0:1973059967><TERRORIST>" joined team "CT"
L 12/25/2019 - 22:16:42: "<><><>" triggered "amx_chat" (text "[PTB] Transfered jesse_pinkman to CT")
L 12/25/2019 - 22:16:44: World triggered "Round_Start"
L 12/25/2019 - 22:16:48: "Maverick<5><STEAM_0:0:37264973><>" triggered "amx_chat" (text "but it used to be like that I think")
L 12/25/2019 - 22:16:54: "HeaD|RolleR<1><STEAM_0:1:161838116><>" triggered "amx_chat" (text "i just did that")
L 12/25/2019 - 22:16:58: "HeaD|RolleR<1><STEAM_0:1:161838116><>" triggered "amx_chat" (text "and stayed with awp")
L 12/25/2019 - 22:17:04: "Ludia :D<67><STEAM_1:0:186885685><TERRORIST>" killed "jesse_pinkman<62><STEAM_1:0:1973059967><CT>" with "galil"
L 12/25/2019 - 22:17:15: "<Warrior> Player<69><STEAM_1:0:889748961><TERRORIST>" committed suicide with "worldspawn" (world)
L 12/25/2019 - 22:17:24: "Maverick<5><STEAM_0:0:37264973><>" triggered "amx_chat" (text "oh that could be because you can,t loose wep on random wep round")
L 12/25/2019 - 22:17:26: "Ludia :D<67><STEAM_1:0:186885685><TERRORIST>" killed "HeaD|RolleR<64><STEAM_0:1:161838116><CT>" with "galil"
L 12/25/2019 - 22:17:47: "HeaD|RolleR<1><STEAM_0:1:161838116><>" triggered "amx_chat" (text "also my ping is constantly 100")
L 12/25/2019 - 22:17:49: "HeaD|RolleR<1><STEAM_0:1:161838116><>" triggered "amx_chat" (text "wtf")
L 12/25/2019 - 22:18:04: "Ludia :D<67><STEAM_1:0:186885685><TERRORIST>" killed "Maverick<28><STEAM_0:0:37264973><CT>" with "galil"
L 12/25/2019 - 22:18:04: Team "TERRORIST" triggered "Terrorists_Win" (CT "2") (T "4")
L 12/25/2019 - 22:18:04: World triggered "Round_End"
L 12/25/2019 - 22:18:10: World triggered "Round_Start"
L 12/25/2019 - 22:18:12: "Maverick<5><STEAM_0:0:37264973><>" triggered "amx_chat" (text "it is worse")
L 12/25/2019 - 22:18:27: "Ludia :D<67><STEAM_1:0:186885685><TERRORIST>" killed "jesse_pinkman<62><STEAM_1:0:1973059967><CT>" with "galil"
L 12/25/2019 - 22:18:28: "Maverick<5><STEAM_0:0:37264973><>" triggered "amx_chat" (text "ppl from finland have 70")
L 12/25/2019 - 22:18:32: "Ludia :D<67><STEAM_1:0:186885685><TERRORIST>" killed "Maverick<28><STEAM_0:0:37264973><CT>" with "galil"
L 12/25/2019 - 22:18:49: "Ludia :D<67><STEAM_1:0:186885685><TERRORIST>" killed "<Warrior> Player<69><STEAM_1:0:889748961><TERRORIST>" with "tracktrain"
L 12/25/2019 - 22:19:32: "Ludia :D<67><STEAM_1:0:186885685><TERRORIST>" killed "HeaD|RolleR<64><STEAM_0:1:161838116><CT>" with "galil"
L 12/25/2019 - 22:19:32: Team "TERRORIST" triggered "Terrorists_Win" (CT "2") (T "5")
L 12/25/2019 - 22:19:32: World triggered "Round_End"
L 12/25/2019 - 22:19:37: "<Warrior> Player<69><STEAM_1:0:889748961><TERRORIST>" joined team "CT"
L 12/25/2019 - 22:19:37: "<><><>" triggered "amx_chat" (text "[PTB] Transfered <Warrior> Player to CT")
L 12/25/2019 - 22:19:38: World triggered "Round_Start"
L 12/25/2019 - 22:19:42: "Maverick<5><STEAM_0:0:37264973><>" triggered "amx_chat" (text "mary xmas roller")
L 12/25/2019 - 22:19:50: "HeaD|RolleR<1><STEAM_0:1:161838116><>" triggered "amx_chat" (text "in 10 days but thanks")
L 12/25/2019 - 22:19:57: "HeaD|RolleR<1><STEAM_0:1:161838116><>" triggered "amx_chat" (text "actualy 14")
L 12/25/2019 - 22:20:07: "jesse_pinkman<62><STEAM_1:0:1973059967><CT>" killed "Ludia :D<67><STEAM_1:0:186885685><TERRORIST>" with "scout"
L 12/25/2019 - 22:20:07: Team "CT" triggered "CTs_Win" (CT "3") (T "5")
L 12/25/2019 - 22:20:07: World triggered "Round_End"
L 12/25/2019 - 22:20:12: "jesse_pinkman<62><STEAM_1:0:1973059967><CT>" joined team "TERRORIST"
L 12/25/2019 - 22:20:12: "<><><>" triggered "amx_chat" (text "[PTB] Transfered jesse_pinkman to TERRORIST")
L 12/25/2019 - 22:20:12: "xXmR.oNuRxX_yT<57><STEAM_2:1:935252518><SPECTATOR>" joined team "TERRORIST"
L 12/25/2019 - 22:20:13: World triggered "Round_Start"
L 12/25/2019 - 22:20:15: "Maverick<5><STEAM_0:0:37264973><>" triggered "amx_chat" (text "what is your religion")
L 12/25/2019 - 22:20:20: "HeaD|RolleR<1><STEAM_0:1:161838116><>" triggered "amx_chat" (text "Orthodox")
L 12/25/2019 - 22:20:28: "HeaD|RolleR<1><STEAM_0:1:161838116><>" triggered "amx_chat" (text "im a Serbian goddamnit")
L 12/25/2019 - 22:20:34: "Maverick<5><STEAM_0:0:37264973><>" triggered "amx_chat" (text "then why is there a difference")
L 12/25/2019 - 22:20:41: "HeaD|RolleR<1><STEAM_0:1:161838116><>" triggered "amx_chat" (text "you are also Orthodox")
L 12/25/2019 - 22:20:49: "jesse_pinkman<62><STEAM_1:0:1973059967><TERRORIST>" committed suicide with "tracktrain"
L 12/25/2019 - 22:20:50: "HeaD|RolleR<1><STEAM_0:1:161838116><>" triggered "amx_chat" (text "you celebrate on 7th January")
L 12/25/2019 - 22:20:51: "Maverick<5><STEAM_0:0:37264973><>" triggered "amx_chat" (text "I know")
L 12/25/2019 - 22:20:51: "HeaD|RolleR<1><STEAM_0:1:161838116><>" triggered "amx_chat" (text "dont u")
L 12/25/2019 - 22:20:59: "HeaD|RolleR<64><STEAM_0:1:161838116><CT>" killed "Ludia :D<67><STEAM_1:0:186885685><TERRORIST>" with "p228"
L 12/25/2019 - 22:21:00: "Maverick<5><STEAM_0:0:37264973><>" triggered "amx_chat" (text "today")
L 12/25/2019 - 22:21:03: "HeaD|RolleR<1><STEAM_0:1:161838116><>" triggered "amx_chat" (text "rly")
L 12/25/2019 - 22:21:08: "<Warrior> Player<69><STEAM_1:0:889748961><CT>" killed "xXmR.oNuRxX_yT<57><STEAM_2:1:935252518><TERRORIST>" with "xm1014"
L 12/25/2019 - 22:21:08: Team "CT" triggered "CTs_Win" (CT "4") (T "5")
L 12/25/2019 - 22:21:08: World triggered "Round_End"
L 12/25/2019 - 22:21:12: "Maverick<5><STEAM_0:0:37264973><>" triggered "amx_chat" (text "ye")
L 12/25/2019 - 22:21:14: World triggered "Round_Start"
L 12/25/2019 - 22:21:21: "HeaD|RolleR<1><STEAM_0:1:161838116><>" triggered "amx_chat" (text "do u have greek Orthodoxy")
L 12/25/2019 - 22:21:23: "HeaD|RolleR<1><STEAM_0:1:161838116><>" triggered "amx_chat" (text "or Russian")
L 12/25/2019 - 22:21:27: "Maverick<28><STEAM_0:0:37264973><CT>" killed "Ludia :D<67><STEAM_1:0:186885685><TERRORIST>" with "xm1014"
L 12/25/2019 - 22:21:35: "HeaD|RolleR<1><STEAM_0:1:161838116><>" triggered "amx_chat" (text "greek orthodoxy celebrates on 25th")
L 12/25/2019 - 22:21:36: [REUNION]: svinger (46.161.103.76) authorized as RevEmu
L 12/25/2019 - 22:21:36: "svinger<70><STEAM_2:1:2008482990><>" connected, address "46.161.103.76:27005"
L 12/25/2019 - 22:21:37: "Maverick<28><STEAM_0:0:37264973><CT>" killed "xXmR.oNuRxX_yT<57><STEAM_2:1:935252518><TERRORIST>" with "xm1014"
L 12/25/2019 - 22:21:43: "HeaD|RolleR<1><STEAM_0:1:161838116><>" triggered "amx_chat" (text "Russian orthodoxy on 7th january")
L 12/25/2019 - 22:21:49: "<Warrior> Player<69><STEAM_1:0:889748961><CT>" committed suicide with "worldspawn" (world)
L 12/25/2019 - 22:21:53: "HeaD|RolleR<64><STEAM_0:1:161838116><CT>" killed "jesse_pinkman<62><STEAM_1:0:1973059967><TERRORIST>" with "knife"
L 12/25/2019 - 22:21:53: Team "CT" triggered "CTs_Win" (CT "5") (T "5")
L 12/25/2019 - 22:21:53: World triggered "Round_End"
L 12/25/2019 - 22:21:59: World triggered "Round_Start"
L 12/25/2019 - 22:22:02: [REUNION]: svinger (46.161.103.76) authorized as RevEmu
L 12/25/2019 - 22:22:02: "svinger<71><STEAM_2:1:2008482990><>" connected, address "46.161.103.76:27005"
L 12/25/2019 - 22:22:11: "Maverick<5><STEAM_0:0:37264973><>" triggered "amx_chat" (text "I think is bulgarian on its own :D")
L 12/25/2019 - 22:22:15: "HeaD|RolleR<1><STEAM_0:1:161838116><>" triggered "amx_chat" (text "i didnt know bg celebrates on 25th")
L 12/25/2019 - 22:22:16: "HeaD|RolleR<1><STEAM_0:1:161838116><>" triggered "amx_chat" (text ":D")
L 12/25/2019 - 22:22:18: [REUNION]: svinger (46.161.103.76) authorized as RevEmu
L 12/25/2019 - 22:22:18: "svinger<72><STEAM_2:1:2008482990><>" connected, address "46.161.103.76:27005"
L 12/25/2019 - 22:22:24: "HeaD|RolleR<1><STEAM_0:1:161838116><>" triggered "amx_chat" (text "well merry christmas to you then")
L 12/25/2019 - 22:22:32: "jesse_pinkman<62><STEAM_1:0:1973059967><TERRORIST>" killed "<Warrior> Player<69><STEAM_1:0:889748961><CT>" with "ak47"
L 12/25/2019 - 22:22:33: "HeaD|RolleR<1><STEAM_0:1:161838116><>" triggered "amx_chat" (text "there's no real difference")
L 12/25/2019 - 22:22:34: "Maverick<5><STEAM_0:0:37264973><>" triggered "amx_chat" (text "neither I did for serbians")
L 12/25/2019 - 22:22:39: "HeaD|RolleR<1><STEAM_0:1:161838116><>" triggered "amx_chat" (text "we use Julian calendar")
L 12/25/2019 - 22:22:42: "HeaD|RolleR<1><STEAM_0:1:161838116><>" triggered "amx_chat" (text "you use Gregorian")
L 12/25/2019 - 22:22:45: "xXmR.oNuRxX_yT<57><STEAM_2:1:935252518><TERRORIST>" changed name to "xXMr.ONurXx_YT"
L 12/25/2019 - 22:22:45: "Maverick<28><STEAM_0:0:37264973><CT>" killed "jesse_pinkman<62><STEAM_1:0:1973059967><TERRORIST>" with "xm1014"
L 12/25/2019 - 22:22:52: "Ludia :D<67><STEAM_1:0:186885685><TERRORIST>" killed "Maverick<28><STEAM_0:0:37264973><CT>" with "deagle"
L 12/25/2019 - 22:22:57: "HeaD|RolleR<1><STEAM_0:1:161838116><>" triggered "amx_chat" (text "thats why")
L 12/25/2019 - 22:23:00: [REUNION]: svinger (46.161.103.76) authorized as RevEmu
L 12/25/2019 - 22:23:00: "svinger<73><STEAM_2:1:2008482990><>" connected, address "46.161.103.76:27005"
L 12/25/2019 - 22:23:02: "Maverick<5><STEAM_0:0:37264973><>" triggered "amx_chat" (text "and why is that with you ")
L 12/25/2019 - 22:23:10: "Maverick<5><STEAM_0:0:37264973><>" triggered "amx_chat" (text "I think everyone uses gerogian")
L 12/25/2019 - 22:23:18: "HeaD|RolleR<1><STEAM_0:1:161838116><>" triggered "amx_chat" (text "Serbian Orthodox church uses it on 7th")
L 12/25/2019 - 22:23:23: "Ludia :D<67><STEAM_1:0:186885685><TERRORIST>" killed "HeaD|RolleR<64><STEAM_0:1:161838116><CT>" with "xm1014"
L 12/25/2019 - 22:23:23: Team "TERRORIST" triggered "Terrorists_Win" (CT "5") (T "6")
L 12/25/2019 - 22:23:23: World triggered "Round_End"
L 12/25/2019 - 22:23:23: "HeaD|RolleR<1><STEAM_0:1:161838116><>" triggered "amx_chat" (text "uses Julian")
L 12/25/2019 - 22:23:25: "HeaD|RolleR<1><STEAM_0:1:161838116><>" triggered "amx_chat" (text "i wana say")
L 12/25/2019 - 22:23:27: "HeaD|RolleR<1><STEAM_0:1:161838116><>" triggered "amx_chat" (text "always did")
L 12/25/2019 - 22:23:29: World triggered "Round_Start"
L 12/25/2019 - 22:23:42: "HeaD|RolleR<1><STEAM_0:1:161838116><>" triggered "amx_chat" (text "you know, the emperor Julian of Byzantine came up with the calendar")
L 12/25/2019 - 22:23:49: "HeaD|RolleR<1><STEAM_0:1:161838116><>" triggered "amx_chat" (text "later after the split between orthodox and catholic")
L 12/25/2019 - 22:23:58: "HeaD|RolleR<1><STEAM_0:1:161838116><>" triggered "amx_chat" (text "catholic pope gregor made new one")
L 12/25/2019 - 22:24:15: "jesse_pinkman<62><STEAM_1:0:1973059967><TERRORIST>" killed "<Warrior> Player<69><STEAM_1:0:889748961><CT>" with "ak47"
L 12/25/2019 - 22:24:21: "Maverick<5><STEAM_0:0:37264973><>" triggered "amx_chat" (text "yes but why not everyone uses it")
L 12/25/2019 - 22:24:30: "HeaD|RolleR<1><STEAM_0:1:161838116><>" triggered "amx_chat" (text "dunno, our church decided it")
L 12/25/2019 - 22:24:37: "HeaD|RolleR<1><STEAM_0:1:161838116><>" triggered "amx_chat" (text "Jesus wasnt born on either dates anyways")
L 12/25/2019 - 22:24:44: "xXMr.ONurXx_YT<57><STEAM_2:1:935252518><TERRORIST>" killed "Maverick<28><STEAM_0:0:37264973><CT>" with "m4a1"
L 12/25/2019 - 22:24:45: "Maverick<5><STEAM_0:0:37264973><>" triggered "amx_chat" (text "yeah")
L 12/25/2019 - 22:24:51: "jesse_pinkman<62><STEAM_1:0:1973059967><TERRORIST>" killed "HeaD|RolleR<64><STEAM_0:1:161838116><CT>" with "tracktrain"
L 12/25/2019 - 22:24:51: Team "TERRORIST" triggered "Terrorists_Win" (CT "5") (T "7")
L 12/25/2019 - 22:24:51: World triggered "Round_End"
L 12/25/2019 - 22:24:56: "HeaD|RolleR<1><STEAM_0:1:161838116><>" triggered "amx_chat" (text "if u read the bible there's no specific date when he was born")
L 12/25/2019 - 22:24:57: World triggered "Round_Start"
L 12/25/2019 - 22:24:59: "jesse_pinkman<62><STEAM_1:0:1973059967><TERRORIST>" disconnected
L 12/25/2019 - 22:25:05: "Saad<74><STEAM_0:1:113405507><>" connected, address "196.246.241.62:27005"
L 12/25/2019 - 22:25:05: "Saad<74><STEAM_0:1:113405507><>" STEAM USERID validated
L 12/25/2019 - 22:25:07: "Maverick<5><STEAM_0:0:37264973><>" triggered "amx_chat" (text "its like imperial system vs metric")
L 12/25/2019 - 22:25:19: "HeaD|RolleR<1><STEAM_0:1:161838116><>" triggered "amx_chat" (text "ye")
L 12/25/2019 - 22:25:24: "Ludia :D<67><STEAM_1:0:186885685><TERRORIST>" killed "HeaD|RolleR<64><STEAM_0:1:161838116><CT>" with "famas"
L 12/25/2019 - 22:25:33: "Saad<74><STEAM_0:1:113405507><>" entered the game
L 12/25/2019 - 22:25:36: "HeaD|RolleR<1><STEAM_0:1:161838116><>" triggered "amx_chat" (text "christmas isnt a christian thing anyways")
L 12/25/2019 - 22:25:36: "Maverick<5><STEAM_0:0:37264973><>" triggered "amx_chat" (text "retarded churchs")
L 12/25/2019 - 22:25:39: "HeaD|RolleR<1><STEAM_0:1:161838116><>" triggered "amx_chat" (text "we took it from pagans")
L 12/25/2019 - 22:25:40: "Saad<74><STEAM_0:1:113405507><>" joined team "TERRORIST"
L 12/25/2019 - 22:25:49: "HeaD|RolleR<1><STEAM_0:1:161838116><>" triggered "amx_chat" (text "they celebrated Saturnalia on 25th december")
L 12/25/2019 - 22:25:54: "Ludia :D<67><STEAM_1:0:186885685><TERRORIST>" killed "<Warrior> Player<69><STEAM_1:0:889748961><CT>" with "famas"
L 12/25/2019 - 22:25:54: "Viru<33><STEAM_1:0:1632616421><SPECTATOR>" joined team "CT"
L 12/25/2019 - 22:25:57: "Ludia :D<67><STEAM_1:0:186885685><TERRORIST>" killed "Maverick<28><STEAM_0:0:37264973><CT>" with "famas"
L 12/25/2019 - 22:25:57: Team "TERRORIST" triggered "Terrorists_Win" (CT "5") (T "8")
L 12/25/2019 - 22:25:57: World triggered "Round_End"
L 12/25/2019 - 22:25:57: "pencho lydiq<66><STEAM_1:0:760868375><SPECTATOR>" joined team "TERRORIST"
L 12/25/2019 - 22:26:03: World triggered "Round_Start"
L 12/25/2019 - 22:26:05: "HeaD|RolleR<1><STEAM_0:1:161838116><>" triggered "amx_chat" (text "they bring gifts to god Saturn on 25th december")
L 12/25/2019 - 22:26:07: "HeaD|RolleR<1><STEAM_0:1:161838116><>" triggered "amx_chat" (text "and celebrate")
L 12/25/2019 - 22:26:19: "Maverick<5><STEAM_0:0:37264973><>" triggered "amx_chat" (text "wow nice history lesson bro")
L 12/25/2019 - 22:26:25: "HeaD|RolleR<1><STEAM_0:1:161838116><>" triggered "amx_chat" (text "im really into history")
L 12/25/2019 - 22:26:29: "HeaD|RolleR<1><STEAM_0:1:161838116><>" triggered "amx_chat" (text "you can ask me anything :D")
L 12/25/2019 - 22:26:34: "Ludia :D<67><STEAM_1:0:186885685><TERRORIST>" killed "<Warrior> Player<69><STEAM_1:0:889748961><CT>" with "famas"
L 12/25/2019 - 22:26:41: "HeaD|RolleR<64><STEAM_0:1:161838116><CT>" killed "Ludia :D<67><STEAM_1:0:186885685><TERRORIST>" with "deagle"
L 12/25/2019 - 22:26:58: "xXMr.ONurXx_YT<57><STEAM_2:1:935252518><TERRORIST>" killed "HeaD|RolleR<64><STEAM_0:1:161838116><CT>" with "knife"
L 12/25/2019 - 22:27:04: "xXMr.ONurXx_YT<57><STEAM_2:1:935252518><TERRORIST>" killed "Maverick<28><STEAM_0:0:37264973><CT>" with "knife"
L 12/25/2019 - 22:27:17: "HeaD|RolleR<1><STEAM_0:1:161838116><>" triggered "amx_chat" (text "Hi Saad")
L 12/25/2019 - 22:27:33: "Maverick<5><STEAM_0:0:37264973><>" triggered "amx_chat" (text "so every chritian is giving gifts to saturn now?")
L 12/25/2019 - 22:27:35: "pencho lydiq<66><STEAM_1:0:760868375><TERRORIST>" killed "Viru<33><STEAM_1:0:1632616421><CT>" with "deagle"
L 12/25/2019 - 22:27:35: Team "TERRORIST" triggered "Terrorists_Win" (CT "5") (T "9")
L 12/25/2019 - 22:27:35: World triggered "Round_End"
L 12/25/2019 - 22:27:39: [REUNION]: DethPierce (103.93.14.156) authorized as RevEmu
L 12/25/2019 - 22:27:39: "DethPierce<75><STEAM_1:0:343162879><>" connected, address "103.93.14.156:27005"
L 12/25/2019 - 22:27:40: "xXMr.ONurXx_YT<57><STEAM_2:1:935252518><TERRORIST>" joined team "CT"
L 12/25/2019 - 22:27:40: "<><><>" triggered "amx_chat" (text "[PTB] Transfered xXMr.ONurXx_YT to CT")
L 12/25/2019 - 22:27:41: World triggered "Round_Start"
L 12/25/2019 - 22:27:46: "Saad<2><STEAM_0:1:113405507><>" triggered "amx_chat" (text "hellloooooooooooooooooooooo rollllller")
L 12/25/2019 - 22:27:49: "HeaD|RolleR<1><STEAM_0:1:161838116><>" triggered "amx_chat" (text "well to Santa, who has nothing to do with Jesus being born")
L 12/25/2019 - 22:27:52: "HeaD|RolleR<1><STEAM_0:1:161838116><>" triggered "amx_chat" (text "just take logic")
L 12/25/2019 - 22:27:56: "HeaD|RolleR<1><STEAM_0:1:161838116><>" triggered "amx_chat" (text "who is santa")
L 12/25/2019 - 22:27:57: "HeaD|RolleR<1><STEAM_0:1:161838116><>" triggered "amx_chat" (text "lmao")
L 12/25/2019 - 22:28:03: "HeaD|RolleR<1><STEAM_0:1:161838116><>" triggered "amx_chat" (text "and how is he connected to christ")
L 12/25/2019 - 22:28:08: [REUNION]: DethPierce (103.93.14.156) authorized as RevEmu
L 12/25/2019 - 22:28:08: "DethPierce<76><STEAM_1:0:343162879><>" connected, address "103.93.14.156:27005"
L 12/25/2019 - 22:28:08: "HeaD|RolleR<1><STEAM_0:1:161838116><>" triggered "amx_chat" (text "nothing")
L 12/25/2019 - 22:28:09: "HeaD|RolleR<1><STEAM_0:1:161838116><>" triggered "amx_chat" (text "right")
L 12/25/2019 - 22:28:11: "xXMr.ONurXx_YT<57><STEAM_2:1:935252518><CT>" killed "Saad<74><STEAM_0:1:113405507><TERRORIST>" with "deagle"
L 12/25/2019 - 22:28:12: "xXMr.ONurXx_YT<57><STEAM_2:1:935252518><CT>" killed "Ludia :D<67><STEAM_1:0:186885685><TERRORIST>" with "deagle"
L 12/25/2019 - 22:28:15: "HeaD|RolleR<1><STEAM_0:1:161838116><>" triggered "amx_chat" (text "Saad long time no see ")
L 12/25/2019 - 22:28:15: "HeaD|RolleR<1><STEAM_0:1:161838116><>" triggered "amx_chat" (text ":D")
L 12/25/2019 - 22:28:20: "DethPierce<76><STEAM_1:0:343162879><>" entered the game
L 12/25/2019 - 22:28:23: "DethPierce<76><STEAM_1:0:343162879><>" joined team "TERRORIST"
L 12/25/2019 - 22:28:24: "Saad<2><STEAM_0:1:113405507><>" triggered "amx_chat" (text "hehehehehehe i had to ask you this :D")
L 12/25/2019 - 22:28:28: "Saad<2><STEAM_0:1:113405507><>" triggered "amx_chat" (text "not you :D")
L 12/25/2019 - 22:28:33: "<Warrior> Player<69><STEAM_1:0:889748961><CT>" killed "pencho lydiq<66><STEAM_1:0:760868375><TERRORIST>" with "m4a1"
L 12/25/2019 - 22:28:33: Team "CT" triggered "CTs_Win" (CT "6") (T "9")
L 12/25/2019 - 22:28:33: World triggered "Round_End"
L 12/25/2019 - 22:28:39: World triggered "Round_Start"
L 12/25/2019 - 22:28:56: "pencho lydiq<66><STEAM_1:0:760868375><TERRORIST>" committed suicide with "worldspawn" (world)
L 12/25/2019 - 22:29:02: "Ludia :D<67><STEAM_1:0:186885685><TERRORIST>" killed "<Warrior> Player<69><STEAM_1:0:889748961><CT>" with "ak47"
L 12/25/2019 - 22:29:05: "HeaD|RolleR<1><STEAM_0:1:161838116><>" triggered "amx_chat" (text "why r u not sleeping")
L 12/25/2019 - 22:29:06: "HeaD|RolleR<1><STEAM_0:1:161838116><>" triggered "amx_chat" (text ":DDD")
L 12/25/2019 - 22:29:13: "Viru<33><STEAM_1:0:1632616421><CT>" disconnected
L 12/25/2019 - 22:29:14: "Saad<2><STEAM_0:1:113405507><>" triggered "amx_chat" (text "haha idk he is a paki and telling wrong time haha")
L 12/25/2019 - 22:29:15: "pencho lydiq<66><STEAM_1:0:760868375><TERRORIST>" disconnected
L 12/25/2019 - 22:29:19: "HeaD|RolleR<1><STEAM_0:1:161838116><>" triggered "amx_chat" (text "hahahahha")
L 12/25/2019 - 22:29:19: "HeaD|RolleR<1><STEAM_0:1:161838116><>" triggered "amx_chat" (text "wtf")
L 12/25/2019 - 22:29:32: "HeaD|RolleR<1><STEAM_0:1:161838116><>" triggered "amx_chat" (text "Saad ")
L 12/25/2019 - 22:29:34: "Saad<2><STEAM_0:1:113405507><>" triggered "amx_chat" (text "yes")
L 12/25/2019 - 22:29:35: "Ludia :D<67><STEAM_1:0:186885685><TERRORIST>" killed "HeaD|RolleR<64><STEAM_0:1:161838116><CT>" with "ak47"
L 12/25/2019 - 22:29:37: "HeaD|RolleR<1><STEAM_0:1:161838116><>" triggered "amx_chat" (text "is pakistan really good in Cricket")
L 12/25/2019 - 22:29:45: "Maverick<28><STEAM_0:0:37264973><CT>" committed suicide with "world"
L 12/25/2019 - 22:29:45: "svinger<73><STEAM_2:1:2008482990><>" entered the game
L 12/25/2019 - 22:29:51: "Ludia :D<67><STEAM_1:0:186885685><TERRORIST>" killed "xXMr.ONurXx_YT<57><STEAM_2:1:935252518><CT>" with "ak47"
L 12/25/2019 - 22:29:51: Team "TERRORIST" triggered "Terrorists_Win" (CT "6") (T "10")
L 12/25/2019 - 22:29:51: World triggered "Round_End"
L 12/25/2019 - 22:29:52: "svinger<73><STEAM_2:1:2008482990><>" joined team "TERRORIST"
L 12/25/2019 - 22:29:55: "Saad<2><STEAM_0:1:113405507><>" triggered "amx_chat" (text "hahahahahaha how do you know :D sometimes good sometimes bad")
L 12/25/2019 - 22:29:57: World triggered "Round_Start"
L 12/25/2019 - 22:30:08: "Saad<2><STEAM_0:1:113405507><>" triggered "amx_chat" (text "they are called")
L 12/25/2019 - 22:30:11: "HeaD|RolleR<1><STEAM_0:1:161838116><>" triggered "amx_chat" (text " dunno why but i got recomended some cricket stuff on one website")
L 12/25/2019 - 22:30:18: "HeaD|RolleR<1><STEAM_0:1:161838116><>" triggered "amx_chat" (text "and saw pakistan winning some stuff")
L 12/25/2019 - 22:30:18: "<Warrior> Player<69><STEAM_1:0:889748961><CT>" killed "Ludia :D<67><STEAM_1:0:186885685><TERRORIST>" with "sg550"
L 12/25/2019 - 22:30:19: "svinger<73><STEAM_2:1:2008482990><TERRORIST>" killed "<Warrior> Player<69><STEAM_1:0:889748961><CT>" with "sg550"
L 12/25/2019 - 22:30:25: "HeaD|RolleR<1><STEAM_0:1:161838116><>" triggered "amx_chat" (text "and Indians trying to make fun of Pakistanis")
L 12/25/2019 - 22:30:29: "xXMr.ONurXx_YT<57><STEAM_2:1:935252518><CT>" killed "DethPierce<76><STEAM_1:0:343162879><TERRORIST>" with "sg550"
L 12/25/2019 - 22:30:37: [REUNION]: fun da king (85.130.9.158) authorized as RevEmu
L 12/25/2019 - 22:30:37: "fun da king<77><STEAM_1:0:1655898477><>" connected, address "85.130.9.158:27005"
L 12/25/2019 - 22:30:40: "Saad<2><STEAM_0:1:113405507><>" triggered "amx_chat" (text "ohh yes :D indian pakistan match is like war :D")
L 12/25/2019 - 22:30:49: "svinger<73><STEAM_2:1:2008482990><TERRORIST>" killed "HeaD|RolleR<64><STEAM_0:1:161838116><CT>" with "sg550"
L 12/25/2019 - 22:30:54: "fun da king<77><STEAM_1:0:1655898477><>" entered the game
L 12/25/2019 - 22:31:03: "HeaD|RolleR<1><STEAM_0:1:161838116><>" triggered "amx_chat" (text "are you even allowed to have match")
L 12/25/2019 - 22:31:04: "HeaD|RolleR<1><STEAM_0:1:161838116><>" triggered "amx_chat" (text ":D")
L 12/25/2019 - 22:31:29: "Saad<2><STEAM_0:1:113405507><>" triggered "amx_chat" (text "hahaha oh sometimes they cancel :D when there was attack they cancelled the match :D that we wont play with pak")
L 12/25/2019 - 22:31:35: "HeaD|RolleR<1><STEAM_0:1:161838116><>" triggered "amx_chat" (text "lol")
L 12/25/2019 - 22:31:37: "xXMr.ONurXx_YT<57><STEAM_2:1:935252518><CT>" committed suicide with "world"
L 12/25/2019 - 22:31:38: "Maverick<28><STEAM_0:0:37264973><CT>" committed suicide with "worldspawn" (world)
L 12/25/2019 - 22:31:38: Team "TERRORIST" triggered "Terrorists_Win" (CT "6") (T "11")
L 12/25/2019 - 22:31:38: World triggered "Round_End"
L 12/25/2019 - 22:31:39: "<Warrior> Player<69><STEAM_1:0:889748961><CT>" joined team "SPECTATOR"
L 12/25/2019 - 22:31:41: "HeaD|RolleR<1><STEAM_0:1:161838116><>" triggered "amx_chat" (text "same as with Serbia vs Albania")
L 12/25/2019 - 22:31:44: World triggered "Round_Start"
L 12/25/2019 - 22:31:47: "HeaD|RolleR<1><STEAM_0:1:161838116><>" triggered "amx_chat" (text "Matches get considered high risk")
L 12/25/2019 - 22:31:49: "HeaD|RolleR<1><STEAM_0:1:161838116><>" triggered "amx_chat" (text "and canceled")
L 12/25/2019 - 22:31:49: "fun da king<77><STEAM_1:0:1655898477><>" joined team "SPECTATOR"
L 12/25/2019 - 22:31:58: "Saad<2><STEAM_0:1:113405507><>" triggered "amx_chat" (text "haha yes :D and then losing winning becomes matter of life and death :LD")
L 12/25/2019 - 22:32:07: "Ludia :D<67><STEAM_1:0:186885685><TERRORIST>" killed "HeaD|RolleR<64><STEAM_0:1:161838116><CT>" with "ak47"
L 12/25/2019 - 22:32:23: Server cvar "amx_nextmap" = "air_fight2"
L 12/25/2019 - 22:32:26: "HeaD|RolleR<1><STEAM_0:1:161838116><>" triggered "amx_chat" (text "btw Saad i was just speaking to Maverick about it")
L 12/25/2019 - 22:32:29: "svinger<73><STEAM_2:1:2008482990><TERRORIST>" killed "Maverick<28><STEAM_0:0:37264973><CT>" with "sg550"
L 12/25/2019 - 22:32:29: "xXMr.ONurXx_YT<57><STEAM_2:1:935252518><CT>" killed "DethPierce<76><STEAM_1:0:343162879><TERRORIST>" with "deagle"
L 12/25/2019 - 22:32:38: Server cvar "mp_chattime" = "12.000000"
L 12/25/2019 - 22:32:39: Team "CT" scored "6" with "3" players
L 12/25/2019 - 22:32:39: Team "TERRORIST" scored "11" with "4" players
L 12/25/2019 - 22:32:39: "Saad<2><STEAM_0:1:113405507><>" triggered "amx_chat" (text "about cricket?")
L 12/25/2019 - 22:32:48: Server cvar "mp_chattime" = "10.000000"
L 12/25/2019 - 22:32:48: [META] ini: Begin re-reading plugins list: /home/rented/public9/cstrike/addons/metamod/plugins.ini
L 12/25/2019 - 22:32:48: [META] ini: Read plugin config for: SafeNameAndChat
L 12/25/2019 - 22:32:48: [META] ini: Read plugin config for: AMX Mod X
L 12/25/2019 - 22:32:48: [META] ini: Read plugin config for: Reunion
L 12/25/2019 - 22:32:48: [META] ini: Read plugin config for: ReAuthCheck
L 12/25/2019 - 22:32:48: [META] ini: Read plugin config for: WHBlocker
L 12/25/2019 - 22:32:48: [META] ini: Read plugin config for: ReSemiclip
L 12/25/2019 - 22:32:48: [META] ini: Read plugin config for: Revoice
L 12/25/2019 - 22:32:48: [META] ini: Finished reading plugins list: /home/rented/public9/cstrike/addons/metamod/plugins.ini; Found 7 plugins
L 12/25/2019 - 22:32:48: [META] dll: Updating plugins...
L 12/25/2019 - 22:32:48: [META] WARNING: Cannot clear plugin 'SafeNameAndChat'; not marked as failed, empty, or open (status=valid)
L 12/25/2019 - 22:32:48: [META] dll: Unloaded plugin 'SafeNameAndChat' for reason 'file on disk is newer'
L 12/25/2019 - 22:32:48: [META] dll: Loaded plugin 'SafeNameAndChat': SafeNameAndChat v1.1 2017.02.01, WPMG.PRoSToC0der
L 12/25/2019 - 22:32:48: [META] WARNING: Cannot clear plugin 'WHBlocker'; not marked as failed, empty, or open (status=valid)
L 12/25/2019 - 22:32:48: [META] dll: Unloaded plugin 'WHBlocker' for reason 'file on disk is newer'
L 12/25/2019 - 22:32:48: [META] dll: Loaded plugin 'WHBlocker': WHBlocker v1.5.692 2017-04-13, s1lent
L 12/25/2019 - 22:32:48: [META] WARNING: Cannot clear plugin 'ReSemiclip'; not marked as failed, empty, or open (status=valid)
L 12/25/2019 - 22:32:48: [META] dll: Unloaded plugin 'ReSemiclip' for reason 'file on disk is newer'
L 12/25/2019 - 22:32:48: [META] dll: Loaded plugin 'ReSemiclip': ReSemiclip v2.3.9 13/02/17, s1lent & Adidasman
L 12/25/2019 - 22:32:48: [META] dll: Finished updating 14 plugins; kept 0, loaded 0, unloaded 0, reloaded 3, delayed 0
L 12/25/2019 - 22:32:48: Log file closed
