L 12/23/2019 - 22:13:26: Log file started (file "logs/L1223120.log") (game "cstrike") (version "48/1.1.2.7/Stdio/1621")
L 12/23/2019 - 22:13:26: Loading map "fy_buzzkill"
L 12/23/2019 - 22:13:26: Server cvars start
L 12/23/2019 - 22:13:26: Server cvar "@BunnyHopper" = "3.x"
L 12/23/2019 - 22:13:26: Server cvar "@CRXGoSpec" = "1.1"
L 12/23/2019 - 22:13:26: Server cvar "@CRXRemoveImmunity" = "1.0"
L 12/23/2019 - 22:13:26: Server cvar "@D.I.C.E." = "1.1"
L 12/23/2019 - 22:13:26: Server cvar "@MOTDCommands" = "1.2"
L 12/23/2019 - 22:13:26: Server cvar "advanced_quake_sounds" = "5.0"
L 12/23/2019 - 22:13:26: Server cvar "AdvancedMute" = "1.0"
L 12/23/2019 - 22:13:26: Server cvar "aesp_version" = "1.3"
L 12/23/2019 - 22:13:26: Server cvar "allow_spectators" = "1.0"
L 12/23/2019 - 22:13:26: Server cvar "amx_client_languages" = "1"
L 12/23/2019 - 22:13:26: Server cvar "amx_language" = "en"
L 12/23/2019 - 22:13:26: Server cvar "amx_nextmap" = "fy_buzzkill"
L 12/23/2019 - 22:13:26: Server cvar "amx_ptb_version" = "1.8b3"
L 12/23/2019 - 22:13:26: Server cvar "amx_timeleft" = "11:51"
L 12/23/2019 - 22:13:26: Server cvar "amxmodx_version" = "1.8.2"
L 12/23/2019 - 22:13:26: Server cvar "amxxbg_vip" = "1.0"
L 12/23/2019 - 22:13:26: Server cvar "asp_version" = "4.5.1"
L 12/23/2019 - 22:13:26: Server cvar "atac_version" = "3.0.1"
L 12/23/2019 - 22:13:26: Server cvar "badcamper_version" = "1.4 beta"
L 12/23/2019 - 22:13:26: Server cvar "blockmaker" = "4.01"
L 12/23/2019 - 22:13:26: Server cvar "c4 timer" = "1.1"
L 12/23/2019 - 22:13:26: Server cvar "coop" = "0"
L 12/23/2019 - 22:13:26: Server cvar "CRXAdminGroups" = "1.0"
L 12/23/2019 - 22:13:26: Server cvar "CRXCommandRestrictions" = "1.0"
L 12/23/2019 - 22:13:26: Server cvar "CRXFastKnife" = "1.0"
L 12/23/2019 - 22:13:26: Server cvar "CRXGametracker" = "2.0"
L 12/23/2019 - 22:13:26: Server cvar "CRXKnifeModels" = "2.5.7"
L 12/23/2019 - 22:13:26: Server cvar "CRXTeamAdvantage" = "1.0"
L 12/23/2019 - 22:13:26: Server cvar "CustomShop" = "4.2"
L 12/23/2019 - 22:13:26: Server cvar "deathmatch" = "1"
L 12/23/2019 - 22:13:26: Server cvar "decalfrequency" = "0"
L 12/23/2019 - 22:13:26: Server cvar "edgefriction" = "2"
L 12/23/2019 - 22:13:26: Server cvar "ers_version" = "2.3c"
L 12/23/2019 - 22:13:26: Server cvar "gagsystem_shoko" = "1.0"
L 12/23/2019 - 22:13:26: Server cvar "gal_mapcyclefile" = "mapcycle.txt"
L 12/23/2019 - 22:13:26: Server cvar "gal_version" = "v5.9.1-926"
L 12/23/2019 - 22:13:26: Server cvar "game_version" = "5.7.0.313-dev"
L 12/23/2019 - 22:13:26: Server cvar "humans_join_team" = "any"
L 12/23/2019 - 22:13:26: Server cvar "jtp10181" = "chute,gore"
L 12/23/2019 - 22:13:26: Server cvar "lawliet" = "ny_RainingSnow"
L 12/23/2019 - 22:13:26: Server cvar "LetitSnow" = "1.0"
L 12/23/2019 - 22:13:26: Server cvar "map_spawns" = "T(16) CT(16)"
L 12/23/2019 - 22:13:26: Server cvar "max_queries_sec" = "3"
L 12/23/2019 - 22:13:26: Server cvar "max_queries_sec_global" = "150"
L 12/23/2019 - 22:13:26: Server cvar "max_queries_window" = "60"
L 12/23/2019 - 22:13:26: Server cvar "mdbBans" = "4.8"
L 12/23/2019 - 22:13:26: Server cvar "metamod_version" = "1.21p37"
L 12/23/2019 - 22:13:26: Server cvar "mp_autokick" = "0"
L 12/23/2019 - 22:13:26: Server cvar "mp_autokick_timeout" = "-1"
L 12/23/2019 - 22:13:26: Server cvar "mp_autoteambalance" = "0"
L 12/23/2019 - 22:13:26: Server cvar "mp_buytime" = "0.25"
L 12/23/2019 - 22:13:26: Server cvar "mp_c4timer" = "35"
L 12/23/2019 - 22:13:26: Server cvar "mp_chattime" = "10.000000"
L 12/23/2019 - 22:13:26: Server cvar "mp_consistency" = "1"
L 12/23/2019 - 22:13:26: Server cvar "mp_fadetoblack" = "0"
L 12/23/2019 - 22:13:26: Server cvar "mp_flashlight" = "1"
L 12/23/2019 - 22:13:26: Server cvar "mp_footsteps" = "1"
L 12/23/2019 - 22:13:26: Server cvar "mp_forcecamera" = "0"
L 12/23/2019 - 22:13:26: Server cvar "mp_forcechasecam" = "0"
L 12/23/2019 - 22:13:26: Server cvar "mp_forcerespawn" = "0"
L 12/23/2019 - 22:13:26: Server cvar "mp_fraglimit" = "0"
L 12/23/2019 - 22:13:26: Server cvar "mp_fragsleft" = "0"
L 12/23/2019 - 22:13:26: Server cvar "mp_freeforall" = "0"
L 12/23/2019 - 22:13:26: Server cvar "mp_freezetime" = "1"
L 12/23/2019 - 22:13:26: Server cvar "mp_friendlyfire" = "0"
L 12/23/2019 - 22:13:26: Server cvar "mp_hostage_hurtable" = "1"
L 12/23/2019 - 22:13:26: Server cvar "mp_hostagepenalty" = "0"
L 12/23/2019 - 22:13:26: Server cvar "mp_item_staytime" = "300"
L 12/23/2019 - 22:13:26: Server cvar "mp_kickpercent" = "0.66"
L 12/23/2019 - 22:13:26: Server cvar "mp_legacy_bombtarget_touch" = "1"
L 12/23/2019 - 22:13:26: Server cvar "mp_limitteams" = "0"
L 12/23/2019 - 22:13:26: Server cvar "mp_logdetail" = "0"
L 12/23/2019 - 22:13:26: Server cvar "mp_logfile" = "1"
L 12/23/2019 - 22:13:26: Server cvar "mp_logmessages" = "1"
L 12/23/2019 - 22:13:26: Server cvar "mp_mapvoteratio" = "0.66"
L 12/23/2019 - 22:13:26: Server cvar "mp_maxmoney" = "999999"
L 12/23/2019 - 22:13:26: Server cvar "mp_maxrounds" = "0"
L 12/23/2019 - 22:13:26: Server cvar "mp_mirrordamage" = "0"
L 12/23/2019 - 22:13:26: Server cvar "mp_old_bomb_defused_sound" = "1"
L 12/23/2019 - 22:13:26: Server cvar "mp_playerid" = "0"
L 12/23/2019 - 22:13:26: Server cvar "mp_respawn_immunitytime" = "0"
L 12/23/2019 - 22:13:26: Server cvar "mp_round_infinite" = "0"
L 12/23/2019 - 22:13:26: Server cvar "mp_round_restart_delay" = "5"
L 12/23/2019 - 22:13:26: Server cvar "mp_roundover" = "0"
L 12/23/2019 - 22:13:26: Server cvar "mp_roundtime" = "2.3"
L 12/23/2019 - 22:13:26: Server cvar "mp_show_radioicon" = "1"
L 12/23/2019 - 22:13:26: Server cvar "mp_startmoney" = "850"
L 12/23/2019 - 22:13:26: Server cvar "mp_timeleft" = "11:50"
L 12/23/2019 - 22:13:26: Server cvar "mp_timelimit" = "20"
L 12/23/2019 - 22:13:26: Server cvar "mp_tkpunish" = "0"
L 12/23/2019 - 22:13:26: Server cvar "mp_windifference" = "1"
L 12/23/2019 - 22:13:26: Server cvar "mp_winlimit" = "0"
L 12/23/2019 - 22:13:26: Server cvar "NoWeaponsOnGround" = "1.0"
L 12/23/2019 - 22:13:26: Server cvar "pausable" = "0"
L 12/23/2019 - 22:13:26: Server cvar "present_version" = "2.01"
L 12/23/2019 - 22:13:26: Server cvar "RandomHP" = "2.2"
L 12/23/2019 - 22:13:26: Server cvar "reauthcheck_version" = "0.1.6"
L 12/23/2019 - 22:13:26: Server cvar "reconnect_features" = "0.3.1"
L 12/23/2019 - 22:13:26: Server cvar "report_system_version" = "3.1"
L 12/23/2019 - 22:13:26: Server cvar "resemiclip_version" = "2.3.9"
L 12/23/2019 - 22:13:26: Server cvar "reu_version" = "0.1.0.130"
L 12/23/2019 - 22:13:26: Server cvar "revoice_version" = "0.1.0.30"
L 12/23/2019 - 22:13:26: Server cvar "RRWM" = "2.0"
L 12/23/2019 - 22:13:26: Server cvar "sanksounds_version" = "1.8.6"
L 12/23/2019 - 22:13:26: Server cvar "SimpleMenu" = "1.1"
L 12/23/2019 - 22:13:26: Server cvar "SNAC_Version" = "1.1"
L 12/23/2019 - 22:13:26: Server cvar "SpecList" = "1.2a"
L 12/23/2019 - 22:13:26: Server cvar "sr_version" = "1.6"
L 12/23/2019 - 22:13:26: Server cvar "statsx_shell_ver" = "2.0.0 (BETA)"
L 12/23/2019 - 22:13:26: Server cvar "StyleC4Timer" = "2.1"
L 12/23/2019 - 22:13:26: Server cvar "sv_accelerate" = "5"
L 12/23/2019 - 22:13:26: Server cvar "sv_aim" = "1"
L 12/23/2019 - 22:13:26: Server cvar "sv_airaccelerate" = "100"
L 12/23/2019 - 22:13:26: Server cvar "sv_allowupload" = "1"
L 12/23/2019 - 22:13:26: Server cvar "sv_alltalk" = "1"
L 12/23/2019 - 22:13:26: Server cvar "sv_bounce" = "1"
L 12/23/2019 - 22:13:26: Server cvar "sv_cheats" = "0"
L 12/23/2019 - 22:13:26: Server cvar "sv_clienttrace" = "1"
L 12/23/2019 - 22:13:26: Server cvar "sv_contact" = "feruchio599@gmail.com"
L 12/23/2019 - 22:13:26: Server cvar "sv_friction" = "4"
L 12/23/2019 - 22:13:26: Server cvar "sv_gravity" = "800"
L 12/23/2019 - 22:13:26: Server cvar "sv_logblocks" = "0"
L 12/23/2019 - 22:13:26: Server cvar "sv_maxrate" = "50000"
L 12/23/2019 - 22:13:26: Server cvar "sv_maxspeed" = "900.000000"
L 12/23/2019 - 22:13:26: Server cvar "sv_minrate" = "10000"
L 12/23/2019 - 22:13:26: Server cvar "sv_password" = ""
L 12/23/2019 - 22:13:26: Server cvar "sv_proxies" = "1"
L 12/23/2019 - 22:13:26: Server cvar "sv_restart" = "0"
L 12/23/2019 - 22:13:26: Server cvar "sv_restartround" = "0"
L 12/23/2019 - 22:13:26: Server cvar "sv_stepsize" = "18"
L 12/23/2019 - 22:13:26: Server cvar "sv_stopspeed" = "75"
L 12/23/2019 - 22:13:26: Server cvar "sv_uploadmax" = "0.5"
L 12/23/2019 - 22:13:26: Server cvar "sv_version" = "1.1.2.7/Stdio,48,1621"
L 12/23/2019 - 22:13:26: Server cvar "sv_voiceenable" = "1"
L 12/23/2019 - 22:13:26: Server cvar "sv_wateraccelerate" = "10"
L 12/23/2019 - 22:13:26: Server cvar "sv_waterfriction" = "1"
L 12/23/2019 - 22:13:26: Server cvar "Team_Semiclip_version" = "3.3.1"
L 12/23/2019 - 22:13:26: Server cvar "vehicle_real_killer" = "1.1"
L 12/23/2019 - 22:13:26: Server cvar "WalkGuard" = "1.3.2"
L 12/23/2019 - 22:13:26: Server cvar "we_grenades" = "Huehue"
L 12/23/2019 - 22:13:26: Server cvar "we_player_models" = "Huehue"
L 12/23/2019 - 22:13:26: Server cvar "whb_version" = "1.5.692"
L 12/23/2019 - 22:13:26: Server cvar "zp_jp_version" = "Extra Item Jetpack+Bazooka v3.2"
L 12/23/2019 - 22:13:26: Server cvars end
L 12/23/2019 - 22:13:28: Server cvar "sv_maxspeed" = "900"
L 12/23/2019 - 22:13:28: Server cvar "mp_autoteambalance" = "1"
L 12/23/2019 - 22:13:28: Server cvar "mp_autoteambalance" = "0"
L 12/23/2019 - 22:13:29: Server cvar "amx_nextmap" = "[not yet voted on]"
L 12/23/2019 - 22:13:30: Started map "fy_buzzkill" (CRC "1751606704")
L 12/23/2019 - 22:13:32: World triggered "Round_Start"
L 12/23/2019 - 22:13:34: "2Pacalypse<40><VALVE_ID_LAN><>" entered the game
L 12/23/2019 - 22:13:36: [REUNION]: svinger (46.161.103.76) authorized as RevEmu
L 12/23/2019 - 22:13:36: "svinger<43><STEAM_2:1:2008482990><>" connected, address "46.161.103.76:27005"
L 12/23/2019 - 22:13:38: "2Pacalypse<40><VALVE_ID_LAN><>" joined team "TERRORIST"
L 12/23/2019 - 22:13:44: "svinger<43><STEAM_2:1:2008482990><>" entered the game
L 12/23/2019 - 22:13:50: "svinger<43><STEAM_2:1:2008482990><>" joined team "TERRORIST"
L 12/23/2019 - 22:13:59: "Cui<41><STEAM_1:1:1141231493><>" entered the game
L 12/23/2019 - 22:14:08: "Cui<41><STEAM_1:1:1141231493><>" joined team "CT"
L 12/23/2019 - 22:14:09: "svinger<43><STEAM_2:1:2008482990><TERRORIST>" committed suicide with "world"
L 12/23/2019 - 22:14:09: "svinger<43><STEAM_2:1:2008482990><TERRORIST>" joined team "CT"
L 12/23/2019 - 22:14:09: World triggered "Game_Commencing"
L 12/23/2019 - 22:14:09: World triggered "Game_Commencing" (CT "0") (T "0")
L 12/23/2019 - 22:14:09: World triggered "Round_End"
L 12/23/2019 - 22:14:09: "PLAMENA~~<44><STEAM_0:0:186939542><>" connected, address "46.237.123.235:27005"
L 12/23/2019 - 22:14:11: "PLAMENA~~<45><STEAM_0:0:186939542><>" connected, address "46.237.123.235:27005"
L 12/23/2019 - 22:14:12: "PLAMENA~~<45><STEAM_0:0:186939542><>" STEAM USERID validated
L 12/23/2019 - 22:14:13: World triggered "Round_Start"
L 12/23/2019 - 22:14:15: "PLAMENA~~<45><STEAM_0:0:186939542><>" entered the game
L 12/23/2019 - 22:14:17: "PLAMENA~~<45><STEAM_0:0:186939542><>" joined team "TERRORIST"
L 12/23/2019 - 22:14:31: "PLAMENA~~<45><STEAM_0:0:186939542><TERRORIST>" killed "Cui<41><STEAM_1:1:1141231493><CT>" with "m249"
L 12/23/2019 - 22:14:32: "svinger<43><STEAM_2:1:2008482990><CT>" killed "PLAMENA~~<45><STEAM_0:0:186939542><TERRORIST>" with "ak47"
L 12/23/2019 - 22:14:38: "2Pacalypse<40><VALVE_ID_LAN><TERRORIST>" killed "svinger<43><STEAM_2:1:2008482990><CT>" with "m4a1"
L 12/23/2019 - 22:14:38: Team "TERRORIST" triggered "Terrorists_Win" (CT "0") (T "1")
L 12/23/2019 - 22:14:38: World triggered "Round_End"
L 12/23/2019 - 22:14:40: [REUNION]: CSTYLER (46.211.131.188) authorized as RevEmu
L 12/23/2019 - 22:14:40: "CSTYLER<46><STEAM_2:0:2052157424><>" connected, address "46.211.131.188:37925"
L 12/23/2019 - 22:14:44: World triggered "Round_Start"
L 12/23/2019 - 22:14:47: "PLAMENA~~<45><STEAM_0:0:186939542><TERRORIST>" disconnected
L 12/23/2019 - 22:14:55: "2Pacalypse<40><VALVE_ID_LAN><TERRORIST>" killed "svinger<43><STEAM_2:1:2008482990><CT>" with "m4a1"
L 12/23/2019 - 22:14:57: [REUNION]: nicolas clark (109.93.195.185) authorized as RevEmu
L 12/23/2019 - 22:14:57: "nicolas clark<47><STEAM_2:0:1053402994><>" connected, address "109.93.195.185:44263"
L 12/23/2019 - 22:15:02: "2Pacalypse<40><VALVE_ID_LAN><TERRORIST>" killed "Cui<41><STEAM_1:1:1141231493><CT>" with "m4a1"
L 12/23/2019 - 22:15:02: Team "TERRORIST" triggered "Terrorists_Win" (CT "0") (T "2")
L 12/23/2019 - 22:15:02: World triggered "Round_End"
L 12/23/2019 - 22:15:04: [REUNION]: nicolas clark (109.93.195.185) authorized as RevEmu
L 12/23/2019 - 22:15:04: "nicolas clark<48><STEAM_2:0:1053402994><>" connected, address "109.93.195.185:44263"
L 12/23/2019 - 22:15:05: "CSTYLER<46><STEAM_2:0:2052157424><>" entered the game
L 12/23/2019 - 22:15:08: World triggered "Round_Start"
L 12/23/2019 - 22:15:08: "CSTYLER<46><STEAM_2:0:2052157424><>" joined team "TERRORIST"
L 12/23/2019 - 22:15:15: "2Pacalypse<40><VALVE_ID_LAN><TERRORIST>" killed "Cui<41><STEAM_1:1:1141231493><CT>" with "m4a1"
L 12/23/2019 - 22:15:21: "nicolas clark<48><STEAM_2:0:1053402994><>" entered the game
L 12/23/2019 - 22:15:22: "CSTYLER<46><STEAM_2:0:2052157424><TERRORIST>" killed "svinger<43><STEAM_2:1:2008482990><CT>" with "mp5navy"
L 12/23/2019 - 22:15:22: Team "TERRORIST" triggered "Terrorists_Win" (CT "0") (T "3")
L 12/23/2019 - 22:15:22: World triggered "Round_End"
L 12/23/2019 - 22:15:27: "2Pacalypse<40><VALVE_ID_LAN><TERRORIST>" joined team "CT"
L 12/23/2019 - 22:15:27: "<><><>" triggered "amx_chat" (text "[PTB] Transfered 2Pacalypse to CT")
L 12/23/2019 - 22:15:27: "nicolas clark<48><STEAM_2:0:1053402994><>" joined team "TERRORIST"
L 12/23/2019 - 22:15:28: World triggered "Round_Start"
L 12/23/2019 - 22:15:34: "2Pacalypse<40><VALVE_ID_LAN><CT>" killed "nicolas clark<48><STEAM_2:0:1053402994><TERRORIST>" with "m249"
L 12/23/2019 - 22:15:38: "CSTYLER<46><STEAM_2:0:2052157424><TERRORIST>" killed "Cui<41><STEAM_1:1:1141231493><CT>" with "m249"
L 12/23/2019 - 22:15:44: "svinger<43><STEAM_2:1:2008482990><CT>" killed "CSTYLER<46><STEAM_2:0:2052157424><TERRORIST>" with "m249"
L 12/23/2019 - 22:15:44: Team "CT" triggered "CTs_Win" (CT "1") (T "3")
L 12/23/2019 - 22:15:44: World triggered "Round_End"
L 12/23/2019 - 22:15:48: "svinger<43><STEAM_2:1:2008482990><CT>" joined team "TERRORIST"
L 12/23/2019 - 22:15:48: "<><><>" triggered "amx_chat" (text "[PTB] Transfered svinger to TERRORIST")
L 12/23/2019 - 22:15:50: World triggered "Round_Start"
L 12/23/2019 - 22:15:55: "nicolas clark<48><STEAM_2:0:1053402994><TERRORIST>" disconnected
L 12/23/2019 - 22:15:57: "Cui<41><STEAM_1:1:1141231493><CT>" disconnected
L 12/23/2019 - 22:16:05: "2Pacalypse<40><VALVE_ID_LAN><CT>" killed "svinger<43><STEAM_2:1:2008482990><TERRORIST>" with "m249"
L 12/23/2019 - 22:16:11: "2Pacalypse<40><VALVE_ID_LAN><CT>" killed "CSTYLER<46><STEAM_2:0:2052157424><TERRORIST>" with "m249"
L 12/23/2019 - 22:16:11: Team "CT" triggered "CTs_Win" (CT "2") (T "3")
L 12/23/2019 - 22:16:11: World triggered "Round_End"
L 12/23/2019 - 22:16:17: World triggered "Round_Start"
L 12/23/2019 - 22:16:27: "2Pacalypse<40><VALVE_ID_LAN><CT>" killed "svinger<43><STEAM_2:1:2008482990><TERRORIST>" with "m4a1"
L 12/23/2019 - 22:16:34: "2Pacalypse<40><VALVE_ID_LAN><CT>" killed "CSTYLER<46><STEAM_2:0:2052157424><TERRORIST>" with "m4a1"
L 12/23/2019 - 22:16:34: Team "CT" triggered "CTs_Win" (CT "3") (T "3")
L 12/23/2019 - 22:16:34: World triggered "Round_End"
L 12/23/2019 - 22:16:40: World triggered "Round_Start"
L 12/23/2019 - 22:16:52: [REUNION]: DaddyToni (109.120.225.104) authorized as RevEmu
L 12/23/2019 - 22:16:52: "DaddyToni<49><STEAM_1:0:348585671><>" connected, address "109.120.225.104:27005"
L 12/23/2019 - 22:16:54: [REUNION]: DaddyToni (109.120.225.104) authorized as RevEmu
L 12/23/2019 - 22:16:54: "DaddyToni<50><STEAM_1:0:348585671><>" connected, address "109.120.225.104:27005"
L 12/23/2019 - 22:17:03: "2Pacalypse<40><VALVE_ID_LAN><CT>" killed "CSTYLER<46><STEAM_2:0:2052157424><TERRORIST>" with "m4a1"
L 12/23/2019 - 22:17:05: "DaddyToni<50><STEAM_1:0:348585671><>" entered the game
L 12/23/2019 - 22:17:08: "DaddyToni<50><STEAM_1:0:348585671><>" joined team "CT"
L 12/23/2019 - 22:17:08: "2Pacalypse<40><VALVE_ID_LAN><CT>" killed "svinger<43><STEAM_2:1:2008482990><TERRORIST>" with "m4a1"
L 12/23/2019 - 22:17:08: Team "CT" triggered "CTs_Win" (CT "4") (T "3")
L 12/23/2019 - 22:17:08: World triggered "Round_End"
L 12/23/2019 - 22:17:14: World triggered "Round_Start"
L 12/23/2019 - 22:17:24: "CSTYLER<46><STEAM_2:0:2052157424><TERRORIST>" killed "2Pacalypse<40><VALVE_ID_LAN><CT>" with "xm1014"
L 12/23/2019 - 22:17:25: "DaddyToni<50><STEAM_1:0:348585671><CT>" killed "svinger<43><STEAM_2:1:2008482990><TERRORIST>" with "ak47"
L 12/23/2019 - 22:17:30: "DaddyToni<50><STEAM_1:0:348585671><CT>" killed "CSTYLER<46><STEAM_2:0:2052157424><TERRORIST>" with "ak47"
L 12/23/2019 - 22:17:30: Team "CT" triggered "CTs_Win" (CT "5") (T "3")
L 12/23/2019 - 22:17:30: World triggered "Round_End"
L 12/23/2019 - 22:17:34: "2Pacalypse<40><VALVE_ID_LAN><CT>" joined team "TERRORIST"
L 12/23/2019 - 22:17:34: "<><><>" triggered "amx_chat" (text "[PTB] Transfered 2Pacalypse to TERRORIST")
L 12/23/2019 - 22:17:36: World triggered "Round_Start"
L 12/23/2019 - 22:17:43: "DaddyToni<50><STEAM_1:0:348585671><CT>" killed "2Pacalypse<40><VALVE_ID_LAN><TERRORIST>" with "ak47"
L 12/23/2019 - 22:17:46: "svinger<43><STEAM_2:1:2008482990><TERRORIST>" killed "DaddyToni<50><STEAM_1:0:348585671><CT>" with "ak47"
L 12/23/2019 - 22:17:46: Team "TERRORIST" triggered "Terrorists_Win" (CT "5") (T "4")
L 12/23/2019 - 22:17:46: World triggered "Round_End"
L 12/23/2019 - 22:17:50: "CSTYLER<46><STEAM_2:0:2052157424><TERRORIST>" joined team "CT"
L 12/23/2019 - 22:17:50: "<><><>" triggered "amx_chat" (text "[PTB] Transfered CSTYLER to CT")
L 12/23/2019 - 22:17:52: World triggered "Round_Start"
L 12/23/2019 - 22:17:59: "DaddyToni<50><STEAM_1:0:348585671><CT>" killed "svinger<43><STEAM_2:1:2008482990><TERRORIST>" with "deagle"
L 12/23/2019 - 22:18:07: "2Pacalypse<40><VALVE_ID_LAN><TERRORIST>" killed "DaddyToni<50><STEAM_1:0:348585671><CT>" with "m4a1"
L 12/23/2019 - 22:18:12: "2Pacalypse<40><VALVE_ID_LAN><TERRORIST>" killed "CSTYLER<46><STEAM_2:0:2052157424><CT>" with "m4a1"
L 12/23/2019 - 22:18:12: Team "TERRORIST" triggered "Terrorists_Win" (CT "5") (T "5")
L 12/23/2019 - 22:18:12: World triggered "Round_End"
L 12/23/2019 - 22:18:17: "svinger<43><STEAM_2:1:2008482990><TERRORIST>" joined team "CT"
L 12/23/2019 - 22:18:17: "<><><>" triggered "amx_chat" (text "[PTB] Transfered svinger to CT")
L 12/23/2019 - 22:18:18: World triggered "Round_Start"
L 12/23/2019 - 22:18:23: "2Pacalypse<40><VALVE_ID_LAN><TERRORIST>" killed "DaddyToni<50><STEAM_1:0:348585671><CT>" with "m4a1"
L 12/23/2019 - 22:18:24: "DaddyToni<50><STEAM_1:0:348585671><CT>" joined team "TERRORIST"
L 12/23/2019 - 22:18:26: "2Pacalypse<40><VALVE_ID_LAN><TERRORIST>" killed "svinger<43><STEAM_2:1:2008482990><CT>" with "m4a1"
L 12/23/2019 - 22:18:40: "2Pacalypse<40><VALVE_ID_LAN><TERRORIST>" killed "CSTYLER<46><STEAM_2:0:2052157424><CT>" with "m4a1"
L 12/23/2019 - 22:18:40: Team "TERRORIST" triggered "Terrorists_Win" (CT "5") (T "6")
L 12/23/2019 - 22:18:40: World triggered "Round_End"
L 12/23/2019 - 22:18:44: "2Pacalypse<40><VALVE_ID_LAN><TERRORIST>" joined team "CT"
L 12/23/2019 - 22:18:44: "<><><>" triggered "amx_chat" (text "[PTB] Transfered 2Pacalypse to CT")
L 12/23/2019 - 22:18:46: World triggered "Round_Start"
L 12/23/2019 - 22:18:51: "DaddyToni<50><STEAM_1:0:348585671><TERRORIST>" killed "svinger<43><STEAM_2:1:2008482990><CT>" with "awp"
L 12/23/2019 - 22:18:54: "DaddyToni<50><STEAM_1:0:348585671><TERRORIST>" killed "CSTYLER<46><STEAM_2:0:2052157424><CT>" with "awp"
L 12/23/2019 - 22:19:04: "2Pacalypse<40><VALVE_ID_LAN><CT>" killed "DaddyToni<50><STEAM_1:0:348585671><TERRORIST>" with "awp"
L 12/23/2019 - 22:19:04: Team "CT" triggered "CTs_Win" (CT "6") (T "6")
L 12/23/2019 - 22:19:04: World triggered "Round_End"
L 12/23/2019 - 22:19:09: "CSTYLER<46><STEAM_2:0:2052157424><CT>" joined team "TERRORIST"
L 12/23/2019 - 22:19:09: "<><><>" triggered "amx_chat" (text "[PTB] Transfered CSTYLER to TERRORIST")
L 12/23/2019 - 22:19:10: World triggered "Round_Start"
L 12/23/2019 - 22:19:25: "DaddyToni<50><STEAM_1:0:348585671><TERRORIST>" killed "2Pacalypse<40><VALVE_ID_LAN><CT>" with "ump45"
L 12/23/2019 - 22:19:34: "DaddyToni<50><STEAM_1:0:348585671><TERRORIST>" killed "svinger<43><STEAM_2:1:2008482990><CT>" with "elite"
L 12/23/2019 - 22:19:34: Team "TERRORIST" triggered "Terrorists_Win" (CT "6") (T "7")
L 12/23/2019 - 22:19:34: World triggered "Round_End"
L 12/23/2019 - 22:19:40: World triggered "Round_Start"
L 12/23/2019 - 22:19:57: "CSTYLER<46><STEAM_2:0:2052157424><TERRORIST>" committed suicide with "worldspawn" (world)
L 12/23/2019 - 22:20:25: "CSTYLER<46><STEAM_2:0:2052157424><TERRORIST>" disconnected
L 12/23/2019 - 22:20:25: "2Pacalypse<40><VALVE_ID_LAN><CT>" killed "DaddyToni<50><STEAM_1:0:348585671><TERRORIST>" with "ak47"
L 12/23/2019 - 22:20:25: Team "CT" triggered "CTs_Win" (CT "7") (T "7")
L 12/23/2019 - 22:20:25: World triggered "Round_End"
L 12/23/2019 - 22:20:31: World triggered "Round_Start"
L 12/23/2019 - 22:20:38: "2Pacalypse<40><VALVE_ID_LAN><CT>" killed "DaddyToni<50><STEAM_1:0:348585671><TERRORIST>" with "ak47"
L 12/23/2019 - 22:20:38: Team "CT" triggered "CTs_Win" (CT "8") (T "7")
L 12/23/2019 - 22:20:38: World triggered "Round_End"
L 12/23/2019 - 22:20:44: World triggered "Round_Start"
L 12/23/2019 - 22:20:52: "svinger<43><STEAM_2:1:2008482990><CT>" killed "DaddyToni<50><STEAM_1:0:348585671><TERRORIST>" with "m4a1"
L 12/23/2019 - 22:20:52: Team "CT" triggered "CTs_Win" (CT "9") (T "7")
L 12/23/2019 - 22:20:52: World triggered "Round_End"
L 12/23/2019 - 22:20:56: [REUNION]: Aksha (87.116.176.173) authorized as RevEmu
L 12/23/2019 - 22:20:56: "Aksha<51><STEAM_1:1:814295510><>" connected, address "87.116.176.173:64801"
L 12/23/2019 - 22:20:58: World triggered "Round_Start"
L 12/23/2019 - 22:21:00: [REUNION]: Aksha (87.116.176.173) authorized as RevEmu
L 12/23/2019 - 22:21:00: "Aksha<52><STEAM_1:1:814295510><>" connected, address "87.116.176.173:64801"
L 12/23/2019 - 22:21:07: "Aksha<52><STEAM_1:1:814295510><>" entered the game
L 12/23/2019 - 22:21:12: "Aksha<52><STEAM_1:1:814295510><>" joined team "CT"
L 12/23/2019 - 22:21:14: "DaddyToni<50><STEAM_1:0:348585671><TERRORIST>" killed "svinger<43><STEAM_2:1:2008482990><CT>" with "mac10"
L 12/23/2019 - 22:21:23: "DaddyToni<50><STEAM_1:0:348585671><TERRORIST>" killed "2Pacalypse<40><VALVE_ID_LAN><CT>" with "mac10"
L 12/23/2019 - 22:21:31: "DaddyToni<50><STEAM_1:0:348585671><TERRORIST>" killed "Aksha<52><STEAM_1:1:814295510><CT>" with "mac10"
L 12/23/2019 - 22:21:31: Team "TERRORIST" triggered "Terrorists_Win" (CT "9") (T "8")
L 12/23/2019 - 22:21:31: World triggered "Round_End"
L 12/23/2019 - 22:21:34: "Aksha<52><STEAM_1:1:814295510><CT>" disconnected
L 12/23/2019 - 22:21:37: World triggered "Round_Start"
L 12/23/2019 - 22:21:49: "DaddyToni<50><STEAM_1:0:348585671><TERRORIST>" killed "2Pacalypse<40><VALVE_ID_LAN><CT>" with "deagle"
L 12/23/2019 - 22:21:50: "2Pacalypse<40><VALVE_ID_LAN><CT>" killed "DaddyToni<50><STEAM_1:0:348585671><TERRORIST>" with "grenade"
L 12/23/2019 - 22:21:50: Team "CT" triggered "CTs_Win" (CT "10") (T "8")
L 12/23/2019 - 22:21:50: World triggered "Round_End"
L 12/23/2019 - 22:21:56: World triggered "Round_Start"
L 12/23/2019 - 22:22:12: "DaddyToni<50><STEAM_1:0:348585671><TERRORIST>" killed "svinger<43><STEAM_2:1:2008482990><CT>" with "deagle"
L 12/23/2019 - 22:22:13: "2Pacalypse<40><VALVE_ID_LAN><CT>" killed "DaddyToni<50><STEAM_1:0:348585671><TERRORIST>" with "knife"
L 12/23/2019 - 22:22:13: Team "CT" triggered "CTs_Win" (CT "11") (T "8")
L 12/23/2019 - 22:22:13: World triggered "Round_End"
L 12/23/2019 - 22:22:19: World triggered "Round_Start"
L 12/23/2019 - 22:22:30: "DaddyToni<50><STEAM_1:0:348585671><TERRORIST>" killed "svinger<43><STEAM_2:1:2008482990><CT>" with "ump45"
L 12/23/2019 - 22:22:47: "2Pacalypse<40><VALVE_ID_LAN><CT>" killed "DaddyToni<50><STEAM_1:0:348585671><TERRORIST>" with "ump45"
L 12/23/2019 - 22:22:47: Team "CT" triggered "CTs_Win" (CT "12") (T "8")
L 12/23/2019 - 22:22:47: World triggered "Round_End"
L 12/23/2019 - 22:22:53: World triggered "Round_Start"
L 12/23/2019 - 22:23:05: [REUNION]: Player (5.58.180.59) authorized as RevEmu
L 12/23/2019 - 22:23:05: "Player<53><STEAM_2:0:1886291632><>" connected, address "5.58.180.59:27005"
L 12/23/2019 - 22:23:09: "DaddyToni<50><STEAM_1:0:348585671><TERRORIST>" killed "2Pacalypse<40><VALVE_ID_LAN><CT>" with "m4a1"
L 12/23/2019 - 22:23:11: [REUNION]: Player (5.58.180.59) authorized as RevEmu
L 12/23/2019 - 22:23:11: "Player<54><STEAM_2:0:1886291632><>" connected, address "5.58.180.59:27005"
L 12/23/2019 - 22:23:16: "svinger<43><STEAM_2:1:2008482990><CT>" killed "DaddyToni<50><STEAM_1:0:348585671><TERRORIST>" with "ak47"
L 12/23/2019 - 22:23:16: Team "CT" triggered "CTs_Win" (CT "13") (T "8")
L 12/23/2019 - 22:23:16: World triggered "Round_End"
L 12/23/2019 - 22:23:22: World triggered "Round_Start"
L 12/23/2019 - 22:23:30: "Player<54><STEAM_2:0:1886291632><>" entered the game
L 12/23/2019 - 22:23:31: "2Pacalypse<40><VALVE_ID_LAN><CT>" killed "DaddyToni<50><STEAM_1:0:348585671><TERRORIST>" with "m4a1"
L 12/23/2019 - 22:23:31: Team "CT" triggered "CTs_Win" (CT "14") (T "8")
L 12/23/2019 - 22:23:31: World triggered "Round_End"
L 12/23/2019 - 22:23:36: "2Pacalypse<40><VALVE_ID_LAN><CT>" joined team "TERRORIST"
L 12/23/2019 - 22:23:36: "<><><>" triggered "amx_chat" (text "[PTB] Transfered 2Pacalypse to TERRORIST")
L 12/23/2019 - 22:23:37: World triggered "Round_Start"
L 12/23/2019 - 22:23:38: "H3ADROOM<55><STEAM_0:0:150924950><>" connected, address "176.105.192.86:57012"
L 12/23/2019 - 22:23:39: "H3ADROOM<55><STEAM_0:0:150924950><>" STEAM USERID validated
L 12/23/2019 - 22:23:42: "Player<54><STEAM_2:0:1886291632><>" joined team "CT"
L 12/23/2019 - 22:23:43: "H3ADROOM<56><STEAM_0:0:150924950><>" connected, address "176.105.192.86:57012"
L 12/23/2019 - 22:23:43: "H3ADROOM<56><STEAM_0:0:150924950><>" STEAM USERID validated
L 12/23/2019 - 22:23:49: "DaddyToni<50><STEAM_1:0:348585671><TERRORIST>" killed "Player<54><STEAM_2:0:1886291632><CT>" with "m4a1"
L 12/23/2019 - 22:23:53: "2Pacalypse<40><VALVE_ID_LAN><TERRORIST>" killed "svinger<43><STEAM_2:1:2008482990><CT>" with "m4a1"
L 12/23/2019 - 22:23:53: Team "TERRORIST" triggered "Terrorists_Win" (CT "14") (T "9")
L 12/23/2019 - 22:23:53: World triggered "Round_End"
L 12/23/2019 - 22:23:55: "H3ADROOM<56><STEAM_0:0:150924950><>" entered the game
L 12/23/2019 - 22:23:58: "DaddyToni<50><STEAM_1:0:348585671><TERRORIST>" joined team "CT"
L 12/23/2019 - 22:23:58: "<><><>" triggered "amx_chat" (text "[PTB] Transfered DaddyToni to CT")
L 12/23/2019 - 22:23:59: World triggered "Round_Start"
L 12/23/2019 - 22:24:00: "H3ADROOM<56><STEAM_0:0:150924950><>" joined team "CT"
L 12/23/2019 - 22:24:07: "2Pacalypse<40><VALVE_ID_LAN><TERRORIST>" killed "Player<54><STEAM_2:0:1886291632><CT>" with "m4a1"
L 12/23/2019 - 22:24:08: "svinger<43><STEAM_2:1:2008482990><CT>" committed suicide with "world"
L 12/23/2019 - 22:24:08: "svinger<43><STEAM_2:1:2008482990><CT>" joined team "TERRORIST"
L 12/23/2019 - 22:24:20: "2Pacalypse<40><VALVE_ID_LAN><TERRORIST>" killed "DaddyToni<50><STEAM_1:0:348585671><CT>" with "m4a1"
L 12/23/2019 - 22:24:44: "2Pacalypse<40><VALVE_ID_LAN><TERRORIST>" killed "H3ADROOM<56><STEAM_0:0:150924950><CT>" with "m4a1"
L 12/23/2019 - 22:24:44: Team "TERRORIST" triggered "Terrorists_Win" (CT "14") (T "10")
L 12/23/2019 - 22:24:44: World triggered "Round_End"
L 12/23/2019 - 22:24:50: World triggered "Round_Start"
L 12/23/2019 - 22:25:00: "DaddyToni<50><STEAM_1:0:348585671><CT>" killed "svinger<43><STEAM_2:1:2008482990><TERRORIST>" with "mp5navy"
L 12/23/2019 - 22:25:14: "2Pacalypse<40><VALVE_ID_LAN><TERRORIST>" killed "DaddyToni<50><STEAM_1:0:348585671><CT>" with "m4a1"
L 12/23/2019 - 22:25:25: "H3ADROOM<56><STEAM_0:0:150924950><CT>" killed "2Pacalypse<40><VALVE_ID_LAN><TERRORIST>" with "m249"
L 12/23/2019 - 22:25:25: Team "CT" triggered "CTs_Win" (CT "15") (T "10")
L 12/23/2019 - 22:25:25: World triggered "Round_End"
L 12/23/2019 - 22:25:31: World triggered "Round_Start"
L 12/23/2019 - 22:25:43: "H3ADROOM<56><STEAM_0:0:150924950><CT>" killed "2Pacalypse<40><VALVE_ID_LAN><TERRORIST>" with "m4a1"
L 12/23/2019 - 22:25:51: "DaddyToni<50><STEAM_1:0:348585671><CT>" killed "svinger<43><STEAM_2:1:2008482990><TERRORIST>" with "mp5navy"
L 12/23/2019 - 22:25:51: Team "CT" triggered "CTs_Win" (CT "16") (T "10")
L 12/23/2019 - 22:25:51: World triggered "Round_End"
L 12/23/2019 - 22:25:57: World triggered "Round_Start"
L 12/23/2019 - 22:26:06: "2Pacalypse<40><VALVE_ID_LAN><TERRORIST>" killed "H3ADROOM<56><STEAM_0:0:150924950><CT>" with "ak47"
L 12/23/2019 - 22:26:08: "DaddyToni<50><STEAM_1:0:348585671><CT>" killed "2Pacalypse<40><VALVE_ID_LAN><TERRORIST>" with "ak47"
L 12/23/2019 - 22:26:32: "DaddyToni<50><STEAM_1:0:348585671><CT>" killed "svinger<43><STEAM_2:1:2008482990><TERRORIST>" with "knife"
L 12/23/2019 - 22:26:32: Team "CT" triggered "CTs_Win" (CT "17") (T "10")
L 12/23/2019 - 22:26:32: World triggered "Round_End"
L 12/23/2019 - 22:26:38: World triggered "Round_Start"
L 12/23/2019 - 22:26:54: "Player<54><STEAM_2:0:1886291632><CT>" killed "svinger<43><STEAM_2:1:2008482990><TERRORIST>" with "knife"
L 12/23/2019 - 22:26:56: "2Pacalypse<40><VALVE_ID_LAN><TERRORIST>" killed "DaddyToni<50><STEAM_1:0:348585671><CT>" with "ak47"
L 12/23/2019 - 22:27:03: "2Pacalypse<40><VALVE_ID_LAN><TERRORIST>" killed "H3ADROOM<56><STEAM_0:0:150924950><CT>" with "m4a1"
L 12/23/2019 - 22:27:14: "Player<54><STEAM_2:0:1886291632><CT>" killed "2Pacalypse<40><VALVE_ID_LAN><TERRORIST>" with "knife"
L 12/23/2019 - 22:27:14: Team "CT" triggered "CTs_Win" (CT "18") (T "10")
L 12/23/2019 - 22:27:14: World triggered "Round_End"
L 12/23/2019 - 22:27:20: World triggered "Round_Start"
L 12/23/2019 - 22:27:32: "DaddyToni<50><STEAM_1:0:348585671><CT>" killed "svinger<43><STEAM_2:1:2008482990><TERRORIST>" with "ak47"
L 12/23/2019 - 22:27:33: "svinger<43><STEAM_2:1:2008482990><TERRORIST>" disconnected
L 12/23/2019 - 22:27:37: "DaddyToni<50><STEAM_1:0:348585671><CT>" killed "2Pacalypse<40><VALVE_ID_LAN><TERRORIST>" with "ak47"
L 12/23/2019 - 22:27:37: Team "CT" triggered "CTs_Win" (CT "19") (T "10")
L 12/23/2019 - 22:27:37: World triggered "Round_End"
L 12/23/2019 - 22:27:42: "DaddyToni<50><STEAM_1:0:348585671><CT>" joined team "TERRORIST"
L 12/23/2019 - 22:27:42: "<><><>" triggered "amx_chat" (text "[PTB] Transfered DaddyToni to TERRORIST")
L 12/23/2019 - 22:27:43: World triggered "Round_Start"
L 12/23/2019 - 22:27:53: "H3ADROOM<56><STEAM_0:0:150924950><CT>" killed "DaddyToni<50><STEAM_1:0:348585671><TERRORIST>" with "m4a1"
L 12/23/2019 - 22:28:07: "2Pacalypse<40><VALVE_ID_LAN><TERRORIST>" killed "Player<54><STEAM_2:0:1886291632><CT>" with "m4a1"
L 12/23/2019 - 22:28:11: "2Pacalypse<40><VALVE_ID_LAN><TERRORIST>" killed "H3ADROOM<56><STEAM_0:0:150924950><CT>" with "m4a1"
L 12/23/2019 - 22:28:11: Team "TERRORIST" triggered "Terrorists_Win" (CT "19") (T "11")
L 12/23/2019 - 22:28:11: World triggered "Round_End"
L 12/23/2019 - 22:28:17: World triggered "Round_Start"
L 12/23/2019 - 22:28:26: "2Pacalypse<40><VALVE_ID_LAN><TERRORIST>" killed "Player<54><STEAM_2:0:1886291632><CT>" with "aug"
L 12/23/2019 - 22:28:29: "2Pacalypse<40><VALVE_ID_LAN><TERRORIST>" killed "H3ADROOM<56><STEAM_0:0:150924950><CT>" with "aug"
L 12/23/2019 - 22:28:29: Team "TERRORIST" triggered "Terrorists_Win" (CT "19") (T "12")
L 12/23/2019 - 22:28:29: World triggered "Round_End"
L 12/23/2019 - 22:28:34: "2Pacalypse<40><VALVE_ID_LAN><TERRORIST>" joined team "CT"
L 12/23/2019 - 22:28:34: "<><><>" triggered "amx_chat" (text "[PTB] Transfered 2Pacalypse to CT")
L 12/23/2019 - 22:28:35: World triggered "Round_Start"
L 12/23/2019 - 22:28:42: "2Pacalypse<40><VALVE_ID_LAN><CT>" killed "DaddyToni<50><STEAM_1:0:348585671><TERRORIST>" with "m4a1"
L 12/23/2019 - 22:28:42: Team "CT" triggered "CTs_Win" (CT "20") (T "12")
L 12/23/2019 - 22:28:42: World triggered "Round_End"
L 12/23/2019 - 22:28:46: "H3ADROOM<56><STEAM_0:0:150924950><CT>" joined team "TERRORIST"
L 12/23/2019 - 22:28:46: "<><><>" triggered "amx_chat" (text "[PTB] Transfered H3ADROOM to TERRORIST")
L 12/23/2019 - 22:28:48: World triggered "Round_Start"
L 12/23/2019 - 22:28:59: "2Pacalypse<40><VALVE_ID_LAN><CT>" killed "DaddyToni<50><STEAM_1:0:348585671><TERRORIST>" with "m4a1"
L 12/23/2019 - 22:28:59: "Player<54><STEAM_2:0:1886291632><CT>" disconnected
L 12/23/2019 - 22:28:59: [REUNION]: Player (5.58.180.59) authorized as RevEmu
L 12/23/2019 - 22:28:59: "Player<57><STEAM_2:0:1886291632><>" connected, address "5.58.180.59:27005"
L 12/23/2019 - 22:29:02: "2Pacalypse<40><VALVE_ID_LAN><CT>" killed "H3ADROOM<56><STEAM_0:0:150924950><TERRORIST>" with "m4a1"
L 12/23/2019 - 22:29:02: Team "CT" triggered "CTs_Win" (CT "21") (T "12")
L 12/23/2019 - 22:29:02: World triggered "Round_End"
L 12/23/2019 - 22:29:08: "Player<57><STEAM_2:0:1886291632><>" entered the game
L 12/23/2019 - 22:29:08: World triggered "Round_Start"
L 12/23/2019 - 22:29:12: "Player<57><STEAM_2:0:1886291632><>" joined team "TERRORIST"
L 12/23/2019 - 22:29:27: "2Pacalypse<40><VALVE_ID_LAN><CT>" killed "Player<57><STEAM_2:0:1886291632><TERRORIST>" with "m4a1"
L 12/23/2019 - 22:29:28: "2Pacalypse<40><VALVE_ID_LAN><CT>" killed "DaddyToni<50><STEAM_1:0:348585671><TERRORIST>" with "m4a1"
L 12/23/2019 - 22:29:31: "2Pacalypse<40><VALVE_ID_LAN><CT>" killed "H3ADROOM<56><STEAM_0:0:150924950><TERRORIST>" with "m4a1"
L 12/23/2019 - 22:29:31: Team "CT" triggered "CTs_Win" (CT "22") (T "12")
L 12/23/2019 - 22:29:31: World triggered "Round_End"
L 12/23/2019 - 22:29:37: World triggered "Round_Start"
L 12/23/2019 - 22:29:49: "2Pacalypse<40><VALVE_ID_LAN><CT>" killed "Player<57><STEAM_2:0:1886291632><TERRORIST>" with "m4a1"
L 12/23/2019 - 22:29:52: "Player<57><STEAM_2:0:1886291632><TERRORIST>" disconnected
L 12/23/2019 - 22:29:57: "DaddyToni<50><STEAM_1:0:348585671><TERRORIST>" killed "2Pacalypse<40><VALVE_ID_LAN><CT>" with "m4a1"
L 12/23/2019 - 22:29:57: Team "TERRORIST" triggered "Terrorists_Win" (CT "22") (T "13")
L 12/23/2019 - 22:29:57: World triggered "Round_End"
L 12/23/2019 - 22:30:03: World triggered "Round_Start"
L 12/23/2019 - 22:30:10: "2Pacalypse<40><VALVE_ID_LAN><CT>" killed "H3ADROOM<56><STEAM_0:0:150924950><TERRORIST>" with "ak47"
L 12/23/2019 - 22:30:13: "DaddyToni<50><STEAM_1:0:348585671><TERRORIST>" killed "2Pacalypse<40><VALVE_ID_LAN><CT>" with "m4a1"
L 12/23/2019 - 22:30:13: Team "TERRORIST" triggered "Terrorists_Win" (CT "22") (T "14")
L 12/23/2019 - 22:30:13: World triggered "Round_End"
L 12/23/2019 - 22:30:14: "H3ADROOM<56><STEAM_0:0:150924950><TERRORIST>" disconnected
L 12/23/2019 - 22:30:19: World triggered "Round_Start"
L 12/23/2019 - 22:30:27: "2Pacalypse<40><VALVE_ID_LAN><CT>" killed "DaddyToni<50><STEAM_1:0:348585671><TERRORIST>" with "m4a1"
L 12/23/2019 - 22:30:27: Team "CT" triggered "CTs_Win" (CT "23") (T "14")
L 12/23/2019 - 22:30:27: World triggered "Round_End"
L 12/23/2019 - 22:30:33: World triggered "Round_Start"
L 12/23/2019 - 22:30:41: "2Pacalypse<40><VALVE_ID_LAN><CT>" killed "DaddyToni<50><STEAM_1:0:348585671><TERRORIST>" with "m4a1"
L 12/23/2019 - 22:30:41: Team "CT" triggered "CTs_Win" (CT "24") (T "14")
L 12/23/2019 - 22:30:41: World triggered "Round_End"
L 12/23/2019 - 22:30:47: World triggered "Round_Start"
L 12/23/2019 - 22:30:53: "2Pacalypse<40><VALVE_ID_LAN><CT>" killed "DaddyToni<50><STEAM_1:0:348585671><TERRORIST>" with "famas"
L 12/23/2019 - 22:30:53: Team "CT" triggered "CTs_Win" (CT "25") (T "14")
L 12/23/2019 - 22:30:53: World triggered "Round_End"
L 12/23/2019 - 22:30:59: World triggered "Round_Start"
L 12/23/2019 - 22:31:11: "DaddyToni<50><STEAM_1:0:348585671><TERRORIST>" killed "2Pacalypse<40><VALVE_ID_LAN><CT>" with "m4a1"
L 12/23/2019 - 22:31:11: Team "TERRORIST" triggered "Terrorists_Win" (CT "25") (T "15")
L 12/23/2019 - 22:31:11: World triggered "Round_End"
L 12/23/2019 - 22:31:17: World triggered "Round_Start"
L 12/23/2019 - 22:31:31: "2Pacalypse<40><VALVE_ID_LAN><CT>" killed "DaddyToni<50><STEAM_1:0:348585671><TERRORIST>" with "m4a1"
L 12/23/2019 - 22:31:31: Team "CT" triggered "CTs_Win" (CT "26") (T "15")
L 12/23/2019 - 22:31:31: World triggered "Round_End"
L 12/23/2019 - 22:31:37: World triggered "Round_Start"
L 12/23/2019 - 22:31:37: "DaddyToni<50><STEAM_1:0:348585671><TERRORIST>" disconnected
L 12/23/2019 - 22:32:05: "2Pacalypse<40><VALVE_ID_LAN><CT>" disconnected
L 12/23/2019 - 22:32:05: World triggered "Round_Draw" (CT "26") (T "15")
L 12/23/2019 - 22:32:05: World triggered "Round_End"
L 12/23/2019 - 22:32:11: World triggered "Round_Start"
L 12/23/2019 - 22:34:12: Server cvar "mp_chattime" = "12.000000"
L 12/23/2019 - 22:34:12: Server cvar "amx_nextmap" = "cart_attack"
L 12/23/2019 - 22:34:12: Team "CT" scored "26" with "0" players
L 12/23/2019 - 22:34:12: Team "TERRORIST" scored "15" with "0" players
L 12/23/2019 - 22:34:22: Server cvar "mp_chattime" = "10.000000"
L 12/23/2019 - 22:34:22: [META] ini: Begin re-reading plugins list: /home/rented/public9/cstrike/addons/metamod/plugins.ini
L 12/23/2019 - 22:34:22: [META] ini: Read plugin config for: SafeNameAndChat
L 12/23/2019 - 22:34:22: [META] ini: Read plugin config for: AMX Mod X
L 12/23/2019 - 22:34:22: [META] ini: Read plugin config for: Reunion
L 12/23/2019 - 22:34:22: [META] ini: Read plugin config for: ReAuthCheck
L 12/23/2019 - 22:34:22: [META] ini: Read plugin config for: WHBlocker
L 12/23/2019 - 22:34:22: [META] ini: Read plugin config for: ReSemiclip
L 12/23/2019 - 22:34:22: [META] ini: Read plugin config for: Revoice
L 12/23/2019 - 22:34:22: [META] ini: Finished reading plugins list: /home/rented/public9/cstrike/addons/metamod/plugins.ini; Found 7 plugins
L 12/23/2019 - 22:34:22: [META] dll: Updating plugins...
L 12/23/2019 - 22:34:22: [META] WARNING: Cannot clear plugin 'SafeNameAndChat'; not marked as failed, empty, or open (status=valid)
L 12/23/2019 - 22:34:22: [META] dll: Unloaded plugin 'SafeNameAndChat' for reason 'file on disk is newer'
L 12/23/2019 - 22:34:22: [META] dll: Loaded plugin 'SafeNameAndChat': SafeNameAndChat v1.1 2017.02.01, WPMG.PRoSToC0der
L 12/23/2019 - 22:34:22: [META] WARNING: Cannot clear plugin 'WHBlocker'; not marked as failed, empty, or open (status=valid)
L 12/23/2019 - 22:34:22: [META] dll: Unloaded plugin 'WHBlocker' for reason 'file on disk is newer'
L 12/23/2019 - 22:34:22: [META] dll: Loaded plugin 'WHBlocker': WHBlocker v1.5.692 2017-04-13, s1lent
L 12/23/2019 - 22:34:22: [META] WARNING: Cannot clear plugin 'ReSemiclip'; not marked as failed, empty, or open (status=valid)
L 12/23/2019 - 22:34:22: [META] dll: Unloaded plugin 'ReSemiclip' for reason 'file on disk is newer'
L 12/23/2019 - 22:34:22: [META] dll: Loaded plugin 'ReSemiclip': ReSemiclip v2.3.9 13/02/17, s1lent & Adidasman
L 12/23/2019 - 22:34:22: [META] dll: Finished updating 14 plugins; kept 0, loaded 0, unloaded 0, reloaded 3, delayed 0
L 12/23/2019 - 22:34:22: Log file closed
