L 12/24/2019 - 17:44:54: Log file started (file "logs/L1224071.log") (game "cstrike") (version "48/1.1.2.7/Stdio/1621")
L 12/24/2019 - 17:44:54: Loading map "GM_StarWars"
L 12/24/2019 - 17:44:54: Server cvars start
L 12/24/2019 - 17:44:54: Server cvar "@BunnyHopper" = "3.x"
L 12/24/2019 - 17:44:54: Server cvar "@CRXGoSpec" = "1.1"
L 12/24/2019 - 17:44:54: Server cvar "@CRXRemoveImmunity" = "1.0"
L 12/24/2019 - 17:44:54: Server cvar "@D.I.C.E." = "1.1"
L 12/24/2019 - 17:44:54: Server cvar "@MOTDCommands" = "1.2"
L 12/24/2019 - 17:44:54: Server cvar "advanced_quake_sounds" = "5.0"
L 12/24/2019 - 17:44:54: Server cvar "AdvancedMute" = "1.0"
L 12/24/2019 - 17:44:54: Server cvar "aesp_version" = "1.3"
L 12/24/2019 - 17:44:54: Server cvar "allow_spectators" = "1.0"
L 12/24/2019 - 17:44:54: Server cvar "amx_client_languages" = "1"
L 12/24/2019 - 17:44:54: Server cvar "amx_language" = "en"
L 12/24/2019 - 17:44:54: Server cvar "amx_nextmap" = "GM_StarWars"
L 12/24/2019 - 17:44:54: Server cvar "amx_ptb_version" = "1.8b3"
L 12/24/2019 - 17:44:54: Server cvar "amx_timeleft" = "00:00"
L 12/24/2019 - 17:44:54: Server cvar "amxmodx_version" = "1.8.2"
L 12/24/2019 - 17:44:54: Server cvar "amxxbg_vip" = "1.0"
L 12/24/2019 - 17:44:54: Server cvar "asp_version" = "4.5.1"
L 12/24/2019 - 17:44:54: Server cvar "atac_version" = "3.0.1"
L 12/24/2019 - 17:44:54: Server cvar "badcamper_version" = "1.4 beta"
L 12/24/2019 - 17:44:54: Server cvar "blockmaker" = "4.01"
L 12/24/2019 - 17:44:54: Server cvar "c4 timer" = "1.1"
L 12/24/2019 - 17:44:54: Server cvar "coop" = "0"
L 12/24/2019 - 17:44:54: Server cvar "CRXAdminGroups" = "1.0"
L 12/24/2019 - 17:44:54: Server cvar "CRXCommandRestrictions" = "1.0"
L 12/24/2019 - 17:44:54: Server cvar "CRXFastKnife" = "1.0"
L 12/24/2019 - 17:44:54: Server cvar "CRXGametracker" = "2.0"
L 12/24/2019 - 17:44:54: Server cvar "CRXKnifeModels" = "2.5.7"
L 12/24/2019 - 17:44:54: Server cvar "CRXTeamAdvantage" = "1.0"
L 12/24/2019 - 17:44:54: Server cvar "CustomShop" = "4.2"
L 12/24/2019 - 17:44:54: Server cvar "deathmatch" = "1"
L 12/24/2019 - 17:44:54: Server cvar "decalfrequency" = "0"
L 12/24/2019 - 17:44:54: Server cvar "edgefriction" = "2"
L 12/24/2019 - 17:44:54: Server cvar "ers_version" = "2.3c"
L 12/24/2019 - 17:44:54: Server cvar "gagsystem_shoko" = "1.0"
L 12/24/2019 - 17:44:54: Server cvar "gal_mapcyclefile" = "mapcycle.txt"
L 12/24/2019 - 17:44:54: Server cvar "gal_version" = "v5.9.1-926"
L 12/24/2019 - 17:44:54: Server cvar "game_version" = "5.7.0.313-dev"
L 12/24/2019 - 17:44:54: Server cvar "humans_join_team" = "any"
L 12/24/2019 - 17:44:54: Server cvar "jtp10181" = "chute,gore"
L 12/24/2019 - 17:44:54: Server cvar "lawliet" = "ny_RainingSnow"
L 12/24/2019 - 17:44:54: Server cvar "LetitSnow" = "1.0"
L 12/24/2019 - 17:44:54: Server cvar "map_spawns" = "T(16) CT(16)"
L 12/24/2019 - 17:44:54: Server cvar "max_queries_sec" = "3"
L 12/24/2019 - 17:44:54: Server cvar "max_queries_sec_global" = "150"
L 12/24/2019 - 17:44:54: Server cvar "max_queries_window" = "60"
L 12/24/2019 - 17:44:54: Server cvar "mdbBans" = "4.8"
L 12/24/2019 - 17:44:54: Server cvar "metamod_version" = "1.21p37"
L 12/24/2019 - 17:44:54: Server cvar "mp_autokick" = "0"
L 12/24/2019 - 17:44:54: Server cvar "mp_autokick_timeout" = "-1"
L 12/24/2019 - 17:44:54: Server cvar "mp_autoteambalance" = "0"
L 12/24/2019 - 17:44:54: Server cvar "mp_buytime" = "0.25"
L 12/24/2019 - 17:44:54: Server cvar "mp_c4timer" = "35"
L 12/24/2019 - 17:44:54: Server cvar "mp_chattime" = "10"
L 12/24/2019 - 17:44:54: Server cvar "mp_consistency" = "1"
L 12/24/2019 - 17:44:54: Server cvar "mp_fadetoblack" = "0"
L 12/24/2019 - 17:44:54: Server cvar "mp_flashlight" = "1"
L 12/24/2019 - 17:44:54: Server cvar "mp_footsteps" = "1"
L 12/24/2019 - 17:44:54: Server cvar "mp_forcecamera" = "0"
L 12/24/2019 - 17:44:54: Server cvar "mp_forcechasecam" = "0"
L 12/24/2019 - 17:44:54: Server cvar "mp_forcerespawn" = "0"
L 12/24/2019 - 17:44:54: Server cvar "mp_fraglimit" = "0"
L 12/24/2019 - 17:44:54: Server cvar "mp_fragsleft" = "0"
L 12/24/2019 - 17:44:54: Server cvar "mp_freeforall" = "0"
L 12/24/2019 - 17:44:54: Server cvar "mp_freezetime" = "1"
L 12/24/2019 - 17:44:54: Server cvar "mp_friendlyfire" = "0"
L 12/24/2019 - 17:44:54: Server cvar "mp_hostage_hurtable" = "1"
L 12/24/2019 - 17:44:54: Server cvar "mp_hostagepenalty" = "0"
L 12/24/2019 - 17:44:54: Server cvar "mp_item_staytime" = "300"
L 12/24/2019 - 17:44:54: Server cvar "mp_kickpercent" = "0.66"
L 12/24/2019 - 17:44:54: Server cvar "mp_legacy_bombtarget_touch" = "1"
L 12/24/2019 - 17:44:54: Server cvar "mp_limitteams" = "0"
L 12/24/2019 - 17:44:54: Server cvar "mp_logdetail" = "0"
L 12/24/2019 - 17:44:54: Server cvar "mp_logfile" = "1"
L 12/24/2019 - 17:44:54: Server cvar "mp_logmessages" = "1"
L 12/24/2019 - 17:44:54: Server cvar "mp_mapvoteratio" = "0.66"
L 12/24/2019 - 17:44:54: Server cvar "mp_maxmoney" = "999999"
L 12/24/2019 - 17:44:54: Server cvar "mp_maxrounds" = "0"
L 12/24/2019 - 17:44:54: Server cvar "mp_mirrordamage" = "0"
L 12/24/2019 - 17:44:54: Server cvar "mp_old_bomb_defused_sound" = "1"
L 12/24/2019 - 17:44:54: Server cvar "mp_playerid" = "0"
L 12/24/2019 - 17:44:54: Server cvar "mp_respawn_immunitytime" = "0"
L 12/24/2019 - 17:44:54: Server cvar "mp_round_infinite" = "0"
L 12/24/2019 - 17:44:54: Server cvar "mp_round_restart_delay" = "5"
L 12/24/2019 - 17:44:54: Server cvar "mp_roundover" = "0"
L 12/24/2019 - 17:44:54: Server cvar "mp_roundtime" = "2.3"
L 12/24/2019 - 17:44:54: Server cvar "mp_show_radioicon" = "1"
L 12/24/2019 - 17:44:54: Server cvar "mp_startmoney" = "850"
L 12/24/2019 - 17:44:54: Server cvar "mp_timeleft" = "00:00"
L 12/24/2019 - 17:44:54: Server cvar "mp_timelimit" = "20.000000"
L 12/24/2019 - 17:44:54: Server cvar "mp_tkpunish" = "0"
L 12/24/2019 - 17:44:54: Server cvar "mp_windifference" = "1"
L 12/24/2019 - 17:44:54: Server cvar "mp_winlimit" = "0"
L 12/24/2019 - 17:44:54: Server cvar "NoWeaponsOnGround" = "1.0"
L 12/24/2019 - 17:44:54: Server cvar "pausable" = "0"
L 12/24/2019 - 17:44:54: Server cvar "present_version" = "2.01"
L 12/24/2019 - 17:44:54: Server cvar "RandomHP" = "2.2"
L 12/24/2019 - 17:44:54: Server cvar "reauthcheck_version" = "0.1.6"
L 12/24/2019 - 17:44:54: Server cvar "reconnect_features" = "0.3.1"
L 12/24/2019 - 17:44:54: Server cvar "report_system_version" = "3.1"
L 12/24/2019 - 17:44:54: Server cvar "resemiclip_version" = "2.3.9"
L 12/24/2019 - 17:44:54: Server cvar "reu_version" = "0.1.0.130"
L 12/24/2019 - 17:44:54: Server cvar "revoice_version" = "0.1.0.30"
L 12/24/2019 - 17:44:54: Server cvar "RRWM" = "2.0"
L 12/24/2019 - 17:44:54: Server cvar "sanksounds_version" = "1.8.6"
L 12/24/2019 - 17:44:54: Server cvar "SimpleMenu" = "1.1"
L 12/24/2019 - 17:44:54: Server cvar "SNAC_Version" = "1.1"
L 12/24/2019 - 17:44:54: Server cvar "SpecList" = "1.2a"
L 12/24/2019 - 17:44:54: Server cvar "sr_version" = "1.6"
L 12/24/2019 - 17:44:54: Server cvar "statsx_shell_ver" = "2.0.0 (BETA)"
L 12/24/2019 - 17:44:54: Server cvar "StyleC4Timer" = "2.1"
L 12/24/2019 - 17:44:54: Server cvar "sv_accelerate" = "5"
L 12/24/2019 - 17:44:54: Server cvar "sv_aim" = "1"
L 12/24/2019 - 17:44:54: Server cvar "sv_airaccelerate" = "100"
L 12/24/2019 - 17:44:54: Server cvar "sv_allowupload" = "1"
L 12/24/2019 - 17:44:54: Server cvar "sv_alltalk" = "1"
L 12/24/2019 - 17:44:54: Server cvar "sv_bounce" = "1"
L 12/24/2019 - 17:44:54: Server cvar "sv_cheats" = "0"
L 12/24/2019 - 17:44:54: Server cvar "sv_clienttrace" = "1"
L 12/24/2019 - 17:44:54: Server cvar "sv_contact" = "feruchio599@gmail.com"
L 12/24/2019 - 17:44:54: Server cvar "sv_friction" = "4"
L 12/24/2019 - 17:44:54: Server cvar "sv_gravity" = "800"
L 12/24/2019 - 17:44:54: Server cvar "sv_logblocks" = "0"
L 12/24/2019 - 17:44:54: Server cvar "sv_maxrate" = "50000"
L 12/24/2019 - 17:44:54: Server cvar "sv_maxspeed" = "900.000000"
L 12/24/2019 - 17:44:54: Server cvar "sv_minrate" = "10000"
L 12/24/2019 - 17:44:54: Server cvar "sv_password" = ""
L 12/24/2019 - 17:44:54: Server cvar "sv_proxies" = "1"
L 12/24/2019 - 17:44:54: Server cvar "sv_restart" = "0"
L 12/24/2019 - 17:44:54: Server cvar "sv_restartround" = "0"
L 12/24/2019 - 17:44:54: Server cvar "sv_stepsize" = "18"
L 12/24/2019 - 17:44:54: Server cvar "sv_stopspeed" = "75"
L 12/24/2019 - 17:44:54: Server cvar "sv_uploadmax" = "0.5"
L 12/24/2019 - 17:44:54: Server cvar "sv_version" = "1.1.2.7/Stdio,48,1621"
L 12/24/2019 - 17:44:54: Server cvar "sv_voiceenable" = "1"
L 12/24/2019 - 17:44:54: Server cvar "sv_wateraccelerate" = "10"
L 12/24/2019 - 17:44:54: Server cvar "sv_waterfriction" = "1"
L 12/24/2019 - 17:44:54: Server cvar "Team_Semiclip_version" = "3.3.1"
L 12/24/2019 - 17:44:54: Server cvar "vehicle_real_killer" = "1.1"
L 12/24/2019 - 17:44:54: Server cvar "WalkGuard" = "1.3.2"
L 12/24/2019 - 17:44:54: Server cvar "we_grenades" = "Huehue"
L 12/24/2019 - 17:44:54: Server cvar "we_player_models" = "Huehue"
L 12/24/2019 - 17:44:54: Server cvar "whb_version" = "1.5.692"
L 12/24/2019 - 17:44:54: Server cvar "zp_jp_version" = "Extra Item Jetpack+Bazooka v3.2"
L 12/24/2019 - 17:44:54: Server cvars end
L 12/24/2019 - 17:44:57: Server cvar "sv_maxspeed" = "900"
L 12/24/2019 - 17:44:57: Server cvar "mp_autoteambalance" = "1"
L 12/24/2019 - 17:44:57: Server cvar "mp_timelimit" = "20"
L 12/24/2019 - 17:44:57: Server cvar "mp_autoteambalance" = "0"
L 12/24/2019 - 17:44:57: Server cvar "amx_nextmap" = "[not yet voted on]"
L 12/24/2019 - 17:44:59: Started map "GM_StarWars" (CRC "1861694934")
L 12/24/2019 - 17:45:01: World triggered "Round_Start"
L 12/24/2019 - 17:45:02: [REUNION]: M (83.222.160.71) authorized as RevEmu
L 12/24/2019 - 17:45:02: "M<104><STEAM_1:0:1783152450><>" connected, address "83.222.160.71:27005"
L 12/24/2019 - 17:45:03: [REUNION]: BlacK_Angel (87.97.194.5) authorized as NoSteam47
L 12/24/2019 - 17:45:03: "BlacK_Angel<105><VALVE_ID_LAN><>" connected, address "87.97.194.5:27005"
L 12/24/2019 - 17:45:04: "Kebab<106><STEAM_0:1:87683200><>" connected, address "78.83.207.11:27005"
L 12/24/2019 - 17:45:05: "Kebab<106><STEAM_0:1:87683200><>" STEAM USERID validated
L 12/24/2019 - 17:45:05: "M<104><STEAM_1:0:1783152450><>" entered the game
L 12/24/2019 - 17:45:06: "yeet_nigga<101><STEAM_2:1:418654493><>" entered the game
L 12/24/2019 - 17:45:07: "BlacK_Angel<105><VALVE_ID_LAN><>" entered the game
L 12/24/2019 - 17:45:07: "Kebab<106><STEAM_0:1:87683200><>" entered the game
L 12/24/2019 - 17:45:08: "Kebab<106><STEAM_0:1:87683200><>" joined team "CT"
L 12/24/2019 - 17:45:10: "BlacK_Angel<105><VALVE_ID_LAN><>" joined team "CT"
L 12/24/2019 - 17:45:10: "yeet_nigga<101><STEAM_2:1:418654493><>" joined team "CT"
L 12/24/2019 - 17:45:11: "M<104><STEAM_1:0:1783152450><>" joined team "CT"
L 12/24/2019 - 17:45:20: "BlacK_Angel<105><VALVE_ID_LAN><CT>" committed suicide with "world"
L 12/24/2019 - 17:45:20: "BlacK_Angel<105><VALVE_ID_LAN><CT>" joined team "TERRORIST"
L 12/24/2019 - 17:45:20: "M<104><STEAM_1:0:1783152450><CT>" committed suicide with "world"
L 12/24/2019 - 17:45:20: "M<104><STEAM_1:0:1783152450><CT>" joined team "TERRORIST"
L 12/24/2019 - 17:45:20: World triggered "Game_Commencing"
L 12/24/2019 - 17:45:20: World triggered "Game_Commencing" (CT "0") (T "0")
L 12/24/2019 - 17:45:20: World triggered "Round_End"
L 12/24/2019 - 17:45:24: World triggered "Round_Start"
L 12/24/2019 - 17:45:50: "Kebab<106><STEAM_0:1:87683200><CT>" killed "M<104><STEAM_1:0:1783152450><TERRORIST>" with "usp"
L 12/24/2019 - 17:45:50: Team "CT" triggered "CTs_Win" (CT "1") (T "0")
L 12/24/2019 - 17:45:50: World triggered "Round_End"
L 12/24/2019 - 17:45:56: World triggered "Round_Start"
L 12/24/2019 - 17:46:16: "BlacK_Angel<105><VALVE_ID_LAN><TERRORIST>" joined team "SPECTATOR"
L 12/24/2019 - 17:46:20: "Kebab<106><STEAM_0:1:87683200><CT>" killed "M<104><STEAM_1:0:1783152450><TERRORIST>" with "usp"
L 12/24/2019 - 17:46:20: Team "CT" triggered "CTs_Win" (CT "2") (T "0")
L 12/24/2019 - 17:46:20: World triggered "Round_End"
L 12/24/2019 - 17:46:24: "Kebab<106><STEAM_0:1:87683200><CT>" joined team "TERRORIST"
L 12/24/2019 - 17:46:24: "<><><>" triggered "amx_chat" (text "[PTB] Transfered Kebab to TERRORIST")
L 12/24/2019 - 17:46:26: World triggered "Round_Start"
L 12/24/2019 - 17:46:31: "BlacK_Angel<105><VALVE_ID_LAN><SPECTATOR>" joined team "TERRORIST"
L 12/24/2019 - 17:47:16: "Kebab<106><STEAM_0:1:87683200><TERRORIST>" killed "yeet_nigga<101><STEAM_2:1:418654493><CT>" with "usp"
L 12/24/2019 - 17:47:16: Team "TERRORIST" triggered "Terrorists_Win" (CT "2") (T "1")
L 12/24/2019 - 17:47:16: World triggered "Round_End"
L 12/24/2019 - 17:47:20: "BlacK_Angel<105><VALVE_ID_LAN><TERRORIST>" committed suicide with "worldspawn" (world)
L 12/24/2019 - 17:47:20: "M<104><STEAM_1:0:1783152450><TERRORIST>" committed suicide with "world"
L 12/24/2019 - 17:47:20: "M<104><STEAM_1:0:1783152450><TERRORIST>" joined team "CT"
L 12/24/2019 - 17:47:22: World triggered "Round_Start"
L 12/24/2019 - 17:47:30: "Saad<107><STEAM_0:1:113405507><>" connected, address "168.211.111.187:27005"
L 12/24/2019 - 17:47:30: "Saad<107><STEAM_0:1:113405507><>" STEAM USERID validated
L 12/24/2019 - 17:47:47: "BlacK_Angel<105><VALVE_ID_LAN><TERRORIST>" killed "yeet_nigga<101><STEAM_2:1:418654493><CT>" with "ak47"
L 12/24/2019 - 17:47:55: "Saad<107><STEAM_0:1:113405507><>" entered the game
L 12/24/2019 - 17:47:56: "yeet_nigga<101><STEAM_2:1:418654493><CT>" disconnected
L 12/24/2019 - 17:47:58: "Saad<107><STEAM_0:1:113405507><>" joined team "CT"
L 12/24/2019 - 17:47:59: "BlacK_Angel<105><VALVE_ID_LAN><TERRORIST>" killed "M<104><STEAM_1:0:1783152450><CT>" with "ak47"
L 12/24/2019 - 17:47:59: Team "TERRORIST" triggered "Terrorists_Win" (CT "2") (T "2")
L 12/24/2019 - 17:47:59: World triggered "Round_End"
L 12/24/2019 - 17:48:05: World triggered "Round_Start"
L 12/24/2019 - 17:48:24: [REUNION]: yeet_nigga (80.89.74.137) authorized as RevEmu
L 12/24/2019 - 17:48:24: "yeet_nigga<108><STEAM_2:1:418654493><>" connected, address "80.89.74.137:27005"
L 12/24/2019 - 17:48:30: "yeet_nigga<108><STEAM_2:1:418654493><>" entered the game
L 12/24/2019 - 17:48:34: "yeet_nigga<108><STEAM_2:1:418654493><>" joined team "TERRORIST"
L 12/24/2019 - 17:48:37: "Kebab<106><STEAM_0:1:87683200><TERRORIST>" killed "M<104><STEAM_1:0:1783152450><CT>" with "scout"
L 12/24/2019 - 17:48:37: "BlacK_Angel<105><VALVE_ID_LAN><TERRORIST>" killed "Saad<107><STEAM_0:1:113405507><CT>" with "ak47"
L 12/24/2019 - 17:48:37: Team "TERRORIST" triggered "Terrorists_Win" (CT "2") (T "3")
L 12/24/2019 - 17:48:37: World triggered "Round_End"
L 12/24/2019 - 17:48:42: "Kebab<106><STEAM_0:1:87683200><TERRORIST>" joined team "CT"
L 12/24/2019 - 17:48:42: "<><><>" triggered "amx_chat" (text "[PTB] Transfered Kebab to CT")
L 12/24/2019 - 17:48:43: World triggered "Round_Start"
L 12/24/2019 - 17:49:11: "Kebab<106><STEAM_0:1:87683200><CT>" killed "BlacK_Angel<105><VALVE_ID_LAN><TERRORIST>" with "usp"
L 12/24/2019 - 17:49:15: "M<104><STEAM_1:0:1783152450><CT>" committed suicide with "world"
L 12/24/2019 - 17:49:15: "M<104><STEAM_1:0:1783152450><CT>" joined team "TERRORIST"
L 12/24/2019 - 17:49:25: "Saad<107><STEAM_0:1:113405507><CT>" killed "yeet_nigga<108><STEAM_2:1:418654493><TERRORIST>" with "m4a1"
L 12/24/2019 - 17:49:25: Team "CT" triggered "CTs_Win" (CT "3") (T "3")
L 12/24/2019 - 17:49:25: World triggered "Round_End"
L 12/24/2019 - 17:49:31: World triggered "Round_Start"
L 12/24/2019 - 17:49:41: "Saad<107><STEAM_0:1:113405507><CT>" killed "BlacK_Angel<105><VALVE_ID_LAN><TERRORIST>" with "m4a1"
L 12/24/2019 - 17:49:43: "Saad<107><STEAM_0:1:113405507><CT>" killed "M<104><STEAM_1:0:1783152450><TERRORIST>" with "m4a1"
L 12/24/2019 - 17:50:04: "Saad<107><STEAM_0:1:113405507><CT>" killed "yeet_nigga<108><STEAM_2:1:418654493><TERRORIST>" with "grenade"
L 12/24/2019 - 17:50:04: Team "CT" triggered "CTs_Win" (CT "4") (T "3")
L 12/24/2019 - 17:50:04: World triggered "Round_End"
L 12/24/2019 - 17:50:09: "Saad<107><STEAM_0:1:113405507><CT>" joined team "TERRORIST"
L 12/24/2019 - 17:50:09: "<><><>" triggered "amx_chat" (text "[PTB] Transfered Saad to TERRORIST")
L 12/24/2019 - 17:50:09: [REUNION]: fun da king (85.130.9.158) authorized as RevEmu
L 12/24/2019 - 17:50:09: "fun da king<109><STEAM_1:0:1655898477><>" connected, address "85.130.9.158:27005"
L 12/24/2019 - 17:50:10: World triggered "Round_Start"
L 12/24/2019 - 17:50:11: "BlacK_Angel<105><VALVE_ID_LAN><TERRORIST>" committed suicide with "world"
L 12/24/2019 - 17:50:11: "BlacK_Angel<105><VALVE_ID_LAN><TERRORIST>" joined team "TERRORIST"
L 12/24/2019 - 17:50:17: "Kebab<106><STEAM_0:1:87683200><CT>" killed "yeet_nigga<108><STEAM_2:1:418654493><TERRORIST>" with "knife"
L 12/24/2019 - 17:50:17: [REUNION]: Smirnoff (77.76.131.56) authorized as NoSteam47
L 12/24/2019 - 17:50:17: "Smirnoff<110><VALVE_ID_LAN><>" connected, address "77.76.131.56:27005"
L 12/24/2019 - 17:50:22: "Kebab<106><STEAM_0:1:87683200><CT>" killed "M<104><STEAM_1:0:1783152450><TERRORIST>" with "elite"
L 12/24/2019 - 17:50:24: "Smirnoff<110><VALVE_ID_LAN><>" entered the game
L 12/24/2019 - 17:50:28: "Smirnoff<110><VALVE_ID_LAN><>" joined team "TERRORIST"
L 12/24/2019 - 17:50:37: "fun da king<109><STEAM_1:0:1655898477><>" entered the game
L 12/24/2019 - 17:50:55: "fun da king<109><STEAM_1:0:1655898477><>" joined team "CT"
L 12/24/2019 - 17:51:05: "M<104><STEAM_1:0:1783152450><TERRORIST>" disconnected
L 12/24/2019 - 17:51:17: "Kebab<106><STEAM_0:1:87683200><CT>" killed "Saad<107><STEAM_0:1:113405507><TERRORIST>" with "ak47"
L 12/24/2019 - 17:52:15: "Kebab<106><STEAM_0:1:87683200><CT>" committed suicide with "tracktrain"
L 12/24/2019 - 17:52:15: Team "TERRORIST" triggered "Terrorists_Win" (CT "4") (T "4")
L 12/24/2019 - 17:52:15: World triggered "Round_End"
L 12/24/2019 - 17:52:21: World triggered "Round_Start"
L 12/24/2019 - 17:52:35: "Saad<107><STEAM_0:1:113405507><TERRORIST>" killed "fun da king<109><STEAM_1:0:1655898477><CT>" with "ak47"
L 12/24/2019 - 17:52:46: "Saad<107><STEAM_0:1:113405507><TERRORIST>" killed "Kebab<106><STEAM_0:1:87683200><CT>" with "ak47"
L 12/24/2019 - 17:52:46: Team "TERRORIST" triggered "Terrorists_Win" (CT "4") (T "5")
L 12/24/2019 - 17:52:46: World triggered "Round_End"
L 12/24/2019 - 17:52:52: World triggered "Round_Start"
L 12/24/2019 - 17:53:05: "BlacK_Angel<105><VALVE_ID_LAN><TERRORIST>" killed "Kebab<106><STEAM_0:1:87683200><CT>" with "ak47"
L 12/24/2019 - 17:53:10: "Saad<107><STEAM_0:1:113405507><TERRORIST>" killed "fun da king<109><STEAM_1:0:1655898477><CT>" with "ak47"
L 12/24/2019 - 17:53:10: Team "TERRORIST" triggered "Terrorists_Win" (CT "4") (T "6")
L 12/24/2019 - 17:53:10: World triggered "Round_End"
L 12/24/2019 - 17:53:15: "Saad<107><STEAM_0:1:113405507><TERRORIST>" joined team "CT"
L 12/24/2019 - 17:53:15: "<><><>" triggered "amx_chat" (text "[PTB] Transfered Saad to CT")
L 12/24/2019 - 17:53:16: World triggered "Round_Start"
L 12/24/2019 - 17:53:31: "Saad<107><STEAM_0:1:113405507><CT>" killed "yeet_nigga<108><STEAM_2:1:418654493><TERRORIST>" with "ak47"
L 12/24/2019 - 17:53:34: "Kebab<106><STEAM_0:1:87683200><CT>" killed "Smirnoff<110><VALVE_ID_LAN><TERRORIST>" with "m4a1"
L 12/24/2019 - 17:53:36: "BlacK_Angel<105><VALVE_ID_LAN><TERRORIST>" killed "fun da king<109><STEAM_1:0:1655898477><CT>" with "ak47"
L 12/24/2019 - 17:53:38: "Smirnoff<110><VALVE_ID_LAN><TERRORIST>" disconnected
L 12/24/2019 - 17:53:39: [REUNION]: KlodEMane-{A.I.M-botec}- (95.42.116.69) authorized as RevEmu
L 12/24/2019 - 17:53:39: "KlodEMane-{A.I.M-botec}-<111><STEAM_1:1:2087220290><>" connected, address "95.42.116.69:27005"
L 12/24/2019 - 17:53:42: [REUNION]: Smirnoff (77.76.131.56) authorized as NoSteam47
L 12/24/2019 - 17:53:42: "Smirnoff<112><VALVE_ID_LAN><>" connected, address "77.76.131.56:27005"
L 12/24/2019 - 17:53:46: "Smirnoff<112><VALVE_ID_LAN><>" entered the game
L 12/24/2019 - 17:53:47: "Smirnoff<112><VALVE_ID_LAN><>" joined team "TERRORIST"
L 12/24/2019 - 17:54:32: "Kebab<106><STEAM_0:1:87683200><CT>" killed "BlacK_Angel<105><VALVE_ID_LAN><TERRORIST>" with "grenade"
L 12/24/2019 - 17:54:32: Team "CT" triggered "CTs_Win" (CT "5") (T "6")
L 12/24/2019 - 17:54:32: World triggered "Round_End"
L 12/24/2019 - 17:54:36: "Kebab<106><STEAM_0:1:87683200><CT>" joined team "TERRORIST"
L 12/24/2019 - 17:54:36: "<><><>" triggered "amx_chat" (text "[PTB] Transfered Kebab to TERRORIST")
L 12/24/2019 - 17:54:38: World triggered "Round_Start"
L 12/24/2019 - 17:54:54: "Kebab<106><STEAM_0:1:87683200><TERRORIST>" killed "Saad<107><STEAM_0:1:113405507><CT>" with "m4a1"
L 12/24/2019 - 17:54:58: "Smirnoff<112><VALVE_ID_LAN><TERRORIST>" disconnected
L 12/24/2019 - 17:55:36: "Robotul<113><STEAM_0:1:76919707><>" connected, address "188.173.104.210:27005"
L 12/24/2019 - 17:55:36: "Robotul<113><STEAM_0:1:76919707><>" STEAM USERID validated
L 12/24/2019 - 17:56:07: "BlacK_Angel<105><VALVE_ID_LAN><TERRORIST>" committed suicide with "worldspawn" (world)
L 12/24/2019 - 17:56:35: "Kebab<106><STEAM_0:1:87683200><TERRORIST>" killed "fun da king<109><STEAM_1:0:1655898477><CT>" with "tracktrain"
L 12/24/2019 - 17:56:35: Team "TERRORIST" triggered "Terrorists_Win" (CT "5") (T "7")
L 12/24/2019 - 17:56:35: World triggered "Round_End"
L 12/24/2019 - 17:56:36: "Kebab<106><STEAM_0:1:87683200><TERRORIST>" committed suicide with "tracktrain"
L 12/24/2019 - 17:56:39: "BlacK_Angel<105><VALVE_ID_LAN><TERRORIST>" joined team "CT"
L 12/24/2019 - 17:56:39: "<><><>" triggered "amx_chat" (text "[PTB] Transfered BlacK_Angel to CT")
L 12/24/2019 - 17:56:41: World triggered "Round_Start"
L 12/24/2019 - 17:57:04: "Saad<107><STEAM_0:1:113405507><CT>" killed "Kebab<106><STEAM_0:1:87683200><TERRORIST>" with "m4a1"
L 12/24/2019 - 17:57:10: "fun da king<109><STEAM_1:0:1655898477><CT>" killed "yeet_nigga<108><STEAM_2:1:418654493><TERRORIST>" with "famas"
L 12/24/2019 - 17:57:10: Team "CT" triggered "CTs_Win" (CT "6") (T "7")
L 12/24/2019 - 17:57:10: World triggered "Round_End"
L 12/24/2019 - 17:57:16: World triggered "Round_Start"
L 12/24/2019 - 17:57:36: "Kebab<106><STEAM_0:1:87683200><TERRORIST>" killed "BlacK_Angel<105><VALVE_ID_LAN><CT>" with "ak47"
L 12/24/2019 - 17:57:45: "Kebab<106><STEAM_0:1:87683200><TERRORIST>" killed "Saad<107><STEAM_0:1:113405507><CT>" with "ak47"
L 12/24/2019 - 17:58:23: "BlacK_Angel<105><VALVE_ID_LAN><CT>" disconnected
L 12/24/2019 - 17:58:33: "Kebab<106><STEAM_0:1:87683200><TERRORIST>" killed "fun da king<109><STEAM_1:0:1655898477><CT>" with "m4a1"
L 12/24/2019 - 17:58:33: Team "TERRORIST" triggered "Terrorists_Win" (CT "6") (T "8")
L 12/24/2019 - 17:58:33: World triggered "Round_End"
L 12/24/2019 - 17:58:39: World triggered "Round_Start"
L 12/24/2019 - 17:58:52: "X_Wolf_O GaME [0]vER ;] [P][@][<114><STEAM_0:1:197483626><>" connected, address "5.53.234.105:27005"
L 12/24/2019 - 17:58:52: "X_Wolf_O GaME [0]vER ;] [P][@][<114><STEAM_0:1:197483626><>" STEAM USERID validated
L 12/24/2019 - 17:58:57: "X_Wolf_O GaME [0]vER ;] [P][@][<115><STEAM_0:1:197483626><>" connected, address "5.53.234.105:27005"
L 12/24/2019 - 17:58:58: "X_Wolf_O GaME [0]vER ;] [P][@][<115><STEAM_0:1:197483626><>" STEAM USERID validated
L 12/24/2019 - 17:58:58: "Saad<107><STEAM_0:1:113405507><CT>" disconnected
L 12/24/2019 - 17:59:26: "X_Wolf_O GaME [0]vER ;] [P][@][<116><STEAM_0:1:197483626><>" connected, address "5.53.234.105:27005"
L 12/24/2019 - 17:59:26: "X_Wolf_O GaME [0]vER ;] [P][@][<116><STEAM_0:1:197483626><>" STEAM USERID validated
L 12/24/2019 - 17:59:26: "yeet_nigga<108><STEAM_2:1:418654493><TERRORIST>" committed suicide with "worldspawn" (world)
L 12/24/2019 - 17:59:29: "Kebab<106><STEAM_0:1:87683200><TERRORIST>" killed "fun da king<109><STEAM_1:0:1655898477><CT>" with "m4a1"
L 12/24/2019 - 17:59:29: Team "TERRORIST" triggered "Terrorists_Win" (CT "6") (T "9")
L 12/24/2019 - 17:59:29: World triggered "Round_End"
L 12/24/2019 - 17:59:35: World triggered "Round_Start"
L 12/24/2019 - 18:00:02: "Kebab<106><STEAM_0:1:87683200><TERRORIST>" killed "fun da king<109><STEAM_1:0:1655898477><CT>" with "m4a1"
L 12/24/2019 - 18:00:02: Team "TERRORIST" triggered "Terrorists_Win" (CT "6") (T "10")
L 12/24/2019 - 18:00:02: World triggered "Round_End"
L 12/24/2019 - 18:00:08: World triggered "Round_Start"
L 12/24/2019 - 18:00:41: "fun da king<109><STEAM_1:0:1655898477><CT>" killed "Kebab<106><STEAM_0:1:87683200><TERRORIST>" with "scout"
L 12/24/2019 - 18:00:47: "yeet_nigga<108><STEAM_2:1:418654493><TERRORIST>" killed "fun da king<109><STEAM_1:0:1655898477><CT>" with "sg552"
L 12/24/2019 - 18:00:47: Team "TERRORIST" triggered "Terrorists_Win" (CT "6") (T "11")
L 12/24/2019 - 18:00:47: World triggered "Round_End"
L 12/24/2019 - 18:00:53: World triggered "Round_Start"
L 12/24/2019 - 18:01:48: "fun da king<109><STEAM_1:0:1655898477><CT>" committed suicide with "world"
L 12/24/2019 - 18:01:48: Team "TERRORIST" triggered "Terrorists_Win" (CT "6") (T "12")
L 12/24/2019 - 18:01:48: World triggered "Round_End"
L 12/24/2019 - 18:01:54: World triggered "Round_Start"
L 12/24/2019 - 18:01:56: "fun da king<109><STEAM_1:0:1655898477><CT>" committed suicide with "world"
L 12/24/2019 - 18:01:56: Team "TERRORIST" triggered "Terrorists_Win" (CT "6") (T "13")
L 12/24/2019 - 18:01:56: World triggered "Round_End"
L 12/24/2019 - 18:01:56: "fun da king<109><STEAM_1:0:1655898477><CT>" joined team "SPECTATOR"
L 12/24/2019 - 18:01:58: "Kebab<106><STEAM_0:1:87683200><TERRORIST>" committed suicide with "world"
L 12/24/2019 - 18:01:58: "Kebab<106><STEAM_0:1:87683200><TERRORIST>" joined team "CT"
L 12/24/2019 - 18:02:02: World triggered "Round_Start"
L 12/24/2019 - 18:02:43: "Kebab<106><STEAM_0:1:87683200><CT>" killed "yeet_nigga<108><STEAM_2:1:418654493><TERRORIST>" with "m4a1"
L 12/24/2019 - 18:02:43: Team "CT" triggered "CTs_Win" (CT "7") (T "13")
L 12/24/2019 - 18:02:43: World triggered "Round_End"
L 12/24/2019 - 18:02:49: World triggered "Round_Start"
L 12/24/2019 - 18:03:24: "Kebab<106><STEAM_0:1:87683200><CT>" killed "yeet_nigga<108><STEAM_2:1:418654493><TERRORIST>" with "m4a1"
L 12/24/2019 - 18:03:24: Team "CT" triggered "CTs_Win" (CT "8") (T "13")
L 12/24/2019 - 18:03:24: World triggered "Round_End"
L 12/24/2019 - 18:03:30: World triggered "Round_Start"
L 12/24/2019 - 18:04:05: "Kebab<106><STEAM_0:1:87683200><CT>" committed suicide with "worldspawn" (world)
L 12/24/2019 - 18:04:05: Team "TERRORIST" triggered "Terrorists_Win" (CT "8") (T "14")
L 12/24/2019 - 18:04:05: World triggered "Round_End"
L 12/24/2019 - 18:04:08: Server cvar "amx_nextmap" = "awesome_cars2"
L 12/24/2019 - 18:04:11: World triggered "Round_Start"
L 12/24/2019 - 18:04:33: "Kebab<106><STEAM_0:1:87683200><CT>" killed "yeet_nigga<108><STEAM_2:1:418654493><TERRORIST>" with "m4a1"
L 12/24/2019 - 18:04:33: Team "CT" triggered "CTs_Win" (CT "9") (T "14")
L 12/24/2019 - 18:04:33: World triggered "Round_End"
L 12/24/2019 - 18:04:39: World triggered "Round_Start"
L 12/24/2019 - 18:04:47: "fun da king<109><STEAM_1:0:1655898477><SPECTATOR>" joined team "CT"
L 12/24/2019 - 18:04:58: Server cvar "mp_timelimit" = "0.000000"
L 12/24/2019 - 18:04:58: "Kebab<106><STEAM_0:1:87683200><CT>" killed "yeet_nigga<108><STEAM_2:1:418654493><TERRORIST>" with "g3sg1"
L 12/24/2019 - 18:04:58: Team "CT" triggered "CTs_Win" (CT "10") (T "14")
L 12/24/2019 - 18:04:58: World triggered "Round_End"
L 12/24/2019 - 18:05:02: "Kebab<106><STEAM_0:1:87683200><CT>" disconnected
L 12/24/2019 - 18:05:04: World triggered "Round_Start"
L 12/24/2019 - 18:05:04: Server cvar "sv_maxspeed" = "0.000000"
L 12/24/2019 - 18:05:04: Server cvar "mp_friendlyfire" = "1"
L 12/24/2019 - 18:05:12: "yeet_nigga<108><STEAM_2:1:418654493><TERRORIST>" committed suicide with "worldspawn" (world)
L 12/24/2019 - 18:05:12: Team "CT" triggered "CTs_Win" (CT "11") (T "14")
L 12/24/2019 - 18:05:12: World triggered "Round_End"
L 12/24/2019 - 18:05:15: Server cvar "sv_maxspeed" = "900.000000"
L 12/24/2019 - 18:05:15: Server cvar "mp_friendlyfire" = "0"
L 12/24/2019 - 18:05:15: Server cvar "mp_timelimit" = "20.000000"
L 12/24/2019 - 18:05:15: [META] ini: Begin re-reading plugins list: /home/rented/public9/cstrike/addons/metamod/plugins.ini
L 12/24/2019 - 18:05:15: [META] ini: Read plugin config for: SafeNameAndChat
L 12/24/2019 - 18:05:15: [META] ini: Read plugin config for: AMX Mod X
L 12/24/2019 - 18:05:15: [META] ini: Read plugin config for: Reunion
L 12/24/2019 - 18:05:15: [META] ini: Read plugin config for: ReAuthCheck
L 12/24/2019 - 18:05:15: [META] ini: Read plugin config for: WHBlocker
L 12/24/2019 - 18:05:15: [META] ini: Read plugin config for: ReSemiclip
L 12/24/2019 - 18:05:15: [META] ini: Read plugin config for: Revoice
L 12/24/2019 - 18:05:15: [META] ini: Finished reading plugins list: /home/rented/public9/cstrike/addons/metamod/plugins.ini; Found 7 plugins
L 12/24/2019 - 18:05:15: [META] dll: Updating plugins...
L 12/24/2019 - 18:05:15: [META] WARNING: Cannot clear plugin 'SafeNameAndChat'; not marked as failed, empty, or open (status=valid)
L 12/24/2019 - 18:05:15: [META] dll: Unloaded plugin 'SafeNameAndChat' for reason 'file on disk is newer'
L 12/24/2019 - 18:05:15: [META] dll: Loaded plugin 'SafeNameAndChat': SafeNameAndChat v1.1 2017.02.01, WPMG.PRoSToC0der
L 12/24/2019 - 18:05:15: [META] WARNING: Cannot clear plugin 'WHBlocker'; not marked as failed, empty, or open (status=valid)
L 12/24/2019 - 18:05:15: [META] dll: Unloaded plugin 'WHBlocker' for reason 'file on disk is newer'
L 12/24/2019 - 18:05:15: [META] dll: Loaded plugin 'WHBlocker': WHBlocker v1.5.692 2017-04-13, s1lent
L 12/24/2019 - 18:05:15: [META] WARNING: Cannot clear plugin 'ReSemiclip'; not marked as failed, empty, or open (status=valid)
L 12/24/2019 - 18:05:15: [META] dll: Unloaded plugin 'ReSemiclip' for reason 'file on disk is newer'
L 12/24/2019 - 18:05:15: [META] dll: Loaded plugin 'ReSemiclip': ReSemiclip v2.3.9 13/02/17, s1lent & Adidasman
L 12/24/2019 - 18:05:15: [META] dll: Finished updating 14 plugins; kept 0, loaded 0, unloaded 0, reloaded 3, delayed 0
L 12/24/2019 - 18:05:15: "yeet_nigga<108><STEAM_2:1:418654493><TERRORIST>" disconnected
L 12/24/2019 - 18:05:15: "fun da king<109><STEAM_1:0:1655898477><CT>" disconnected
L 12/24/2019 - 18:05:15: Log file closed
