L 12/22/2019 - 18:01:20: Log file started (file "logs/L1222074.log") (game "cstrike") (version "48/1.1.2.7/Stdio/1621")
L 12/22/2019 - 18:01:20: Loading map "4_houses"
L 12/22/2019 - 18:01:20: Server cvars start
L 12/22/2019 - 18:01:20: Server cvar "@BunnyHopper" = "3.x"
L 12/22/2019 - 18:01:20: Server cvar "@CRXGoSpec" = "1.1"
L 12/22/2019 - 18:01:20: Server cvar "@CRXRemoveImmunity" = "1.0"
L 12/22/2019 - 18:01:20: Server cvar "@D.I.C.E." = "1.1"
L 12/22/2019 - 18:01:20: Server cvar "@MOTDCommands" = "1.2"
L 12/22/2019 - 18:01:20: Server cvar "advanced_quake_sounds" = "5.0"
L 12/22/2019 - 18:01:20: Server cvar "AdvancedMute" = "1.0"
L 12/22/2019 - 18:01:20: Server cvar "aesp_version" = "1.3"
L 12/22/2019 - 18:01:20: Server cvar "allow_spectators" = "1.0"
L 12/22/2019 - 18:01:20: Server cvar "amx_client_languages" = "1"
L 12/22/2019 - 18:01:20: Server cvar "amx_language" = "en"
L 12/22/2019 - 18:01:20: Server cvar "amx_nextmap" = "4_houses"
L 12/22/2019 - 18:01:20: Server cvar "amx_ptb_version" = "1.8b3"
L 12/22/2019 - 18:01:20: Server cvar "amx_timeleft" = "05:51"
L 12/22/2019 - 18:01:20: Server cvar "amxmodx_version" = "1.8.2"
L 12/22/2019 - 18:01:20: Server cvar "amxxbg_vip" = "1.0"
L 12/22/2019 - 18:01:20: Server cvar "asp_version" = "4.5.1"
L 12/22/2019 - 18:01:20: Server cvar "atac_version" = "3.0.1"
L 12/22/2019 - 18:01:20: Server cvar "badcamper_version" = "1.4 beta"
L 12/22/2019 - 18:01:20: Server cvar "blockmaker" = "4.01"
L 12/22/2019 - 18:01:20: Server cvar "c4 timer" = "1.1"
L 12/22/2019 - 18:01:20: Server cvar "coop" = "0"
L 12/22/2019 - 18:01:20: Server cvar "CRXAdminGroups" = "1.0"
L 12/22/2019 - 18:01:20: Server cvar "CRXCommandRestrictions" = "1.0"
L 12/22/2019 - 18:01:20: Server cvar "CRXFastKnife" = "1.0"
L 12/22/2019 - 18:01:20: Server cvar "CRXGametracker" = "2.0"
L 12/22/2019 - 18:01:20: Server cvar "CRXKnifeModels" = "2.5.7"
L 12/22/2019 - 18:01:20: Server cvar "CRXTeamAdvantage" = "1.0"
L 12/22/2019 - 18:01:20: Server cvar "CustomShop" = "4.2"
L 12/22/2019 - 18:01:20: Server cvar "deathmatch" = "1"
L 12/22/2019 - 18:01:20: Server cvar "decalfrequency" = "0"
L 12/22/2019 - 18:01:20: Server cvar "edgefriction" = "2"
L 12/22/2019 - 18:01:20: Server cvar "ers_version" = "2.3c"
L 12/22/2019 - 18:01:20: Server cvar "gagsystem_shoko" = "1.0"
L 12/22/2019 - 18:01:20: Server cvar "gal_mapcyclefile" = "mapcycle.txt"
L 12/22/2019 - 18:01:20: Server cvar "gal_version" = "v5.9.1-926"
L 12/22/2019 - 18:01:20: Server cvar "game_version" = "5.7.0.313-dev"
L 12/22/2019 - 18:01:20: Server cvar "humans_join_team" = "any"
L 12/22/2019 - 18:01:20: Server cvar "jtp10181" = "chute,gore"
L 12/22/2019 - 18:01:20: Server cvar "lawliet" = "ny_RainingSnow"
L 12/22/2019 - 18:01:20: Server cvar "LetitSnow" = "1.0"
L 12/22/2019 - 18:01:20: Server cvar "map_spawns" = "T(16) CT(16)"
L 12/22/2019 - 18:01:20: Server cvar "max_queries_sec" = "3"
L 12/22/2019 - 18:01:20: Server cvar "max_queries_sec_global" = "150"
L 12/22/2019 - 18:01:20: Server cvar "max_queries_window" = "60"
L 12/22/2019 - 18:01:20: Server cvar "mdbBans" = "4.8"
L 12/22/2019 - 18:01:20: Server cvar "metamod_version" = "1.21p37"
L 12/22/2019 - 18:01:20: Server cvar "mp_autokick" = "0"
L 12/22/2019 - 18:01:20: Server cvar "mp_autokick_timeout" = "-1"
L 12/22/2019 - 18:01:20: Server cvar "mp_autoteambalance" = "0"
L 12/22/2019 - 18:01:20: Server cvar "mp_buytime" = "0.25"
L 12/22/2019 - 18:01:20: Server cvar "mp_c4timer" = "35"
L 12/22/2019 - 18:01:20: Server cvar "mp_chattime" = "10.000000"
L 12/22/2019 - 18:01:20: Server cvar "mp_consistency" = "1"
L 12/22/2019 - 18:01:20: Server cvar "mp_fadetoblack" = "0"
L 12/22/2019 - 18:01:20: Server cvar "mp_flashlight" = "1"
L 12/22/2019 - 18:01:20: Server cvar "mp_footsteps" = "1"
L 12/22/2019 - 18:01:20: Server cvar "mp_forcecamera" = "0"
L 12/22/2019 - 18:01:20: Server cvar "mp_forcechasecam" = "0"
L 12/22/2019 - 18:01:20: Server cvar "mp_forcerespawn" = "0"
L 12/22/2019 - 18:01:20: Server cvar "mp_fraglimit" = "0"
L 12/22/2019 - 18:01:20: Server cvar "mp_fragsleft" = "0"
L 12/22/2019 - 18:01:20: Server cvar "mp_freeforall" = "0"
L 12/22/2019 - 18:01:20: Server cvar "mp_freezetime" = "1"
L 12/22/2019 - 18:01:20: Server cvar "mp_friendlyfire" = "0"
L 12/22/2019 - 18:01:20: Server cvar "mp_hostage_hurtable" = "1"
L 12/22/2019 - 18:01:20: Server cvar "mp_hostagepenalty" = "0"
L 12/22/2019 - 18:01:20: Server cvar "mp_item_staytime" = "300"
L 12/22/2019 - 18:01:20: Server cvar "mp_kickpercent" = "0.66"
L 12/22/2019 - 18:01:20: Server cvar "mp_legacy_bombtarget_touch" = "1"
L 12/22/2019 - 18:01:20: Server cvar "mp_limitteams" = "0"
L 12/22/2019 - 18:01:20: Server cvar "mp_logdetail" = "0"
L 12/22/2019 - 18:01:20: Server cvar "mp_logfile" = "1"
L 12/22/2019 - 18:01:20: Server cvar "mp_logmessages" = "1"
L 12/22/2019 - 18:01:20: Server cvar "mp_mapvoteratio" = "0.66"
L 12/22/2019 - 18:01:20: Server cvar "mp_maxmoney" = "999999"
L 12/22/2019 - 18:01:20: Server cvar "mp_maxrounds" = "0"
L 12/22/2019 - 18:01:20: Server cvar "mp_mirrordamage" = "0"
L 12/22/2019 - 18:01:20: Server cvar "mp_old_bomb_defused_sound" = "1"
L 12/22/2019 - 18:01:20: Server cvar "mp_playerid" = "0"
L 12/22/2019 - 18:01:20: Server cvar "mp_respawn_immunitytime" = "0"
L 12/22/2019 - 18:01:20: Server cvar "mp_round_infinite" = "0"
L 12/22/2019 - 18:01:20: Server cvar "mp_round_restart_delay" = "5"
L 12/22/2019 - 18:01:20: Server cvar "mp_roundover" = "0"
L 12/22/2019 - 18:01:20: Server cvar "mp_roundtime" = "2.3"
L 12/22/2019 - 18:01:20: Server cvar "mp_show_radioicon" = "1"
L 12/22/2019 - 18:01:20: Server cvar "mp_startmoney" = "850"
L 12/22/2019 - 18:01:20: Server cvar "mp_timeleft" = "05:51"
L 12/22/2019 - 18:01:20: Server cvar "mp_timelimit" = "20"
L 12/22/2019 - 18:01:20: Server cvar "mp_tkpunish" = "0"
L 12/22/2019 - 18:01:20: Server cvar "mp_windifference" = "1"
L 12/22/2019 - 18:01:20: Server cvar "mp_winlimit" = "0"
L 12/22/2019 - 18:01:20: Server cvar "NoWeaponsOnGround" = "1.0"
L 12/22/2019 - 18:01:20: Server cvar "pausable" = "0"
L 12/22/2019 - 18:01:20: Server cvar "present_version" = "2.01"
L 12/22/2019 - 18:01:20: Server cvar "RandomHP" = "2.2"
L 12/22/2019 - 18:01:20: Server cvar "reauthcheck_version" = "0.1.6"
L 12/22/2019 - 18:01:20: Server cvar "reconnect_features" = "0.3.1"
L 12/22/2019 - 18:01:20: Server cvar "report_system_version" = "3.1"
L 12/22/2019 - 18:01:20: Server cvar "resemiclip_version" = "2.3.9"
L 12/22/2019 - 18:01:20: Server cvar "reu_version" = "0.1.0.130"
L 12/22/2019 - 18:01:20: Server cvar "revoice_version" = "0.1.0.30"
L 12/22/2019 - 18:01:20: Server cvar "RRWM" = "2.0"
L 12/22/2019 - 18:01:20: Server cvar "sanksounds_version" = "1.8.6"
L 12/22/2019 - 18:01:20: Server cvar "SimpleMenu" = "1.1"
L 12/22/2019 - 18:01:20: Server cvar "SNAC_Version" = "1.1"
L 12/22/2019 - 18:01:20: Server cvar "SpecList" = "1.2a"
L 12/22/2019 - 18:01:20: Server cvar "sr_version" = "1.6"
L 12/22/2019 - 18:01:20: Server cvar "statsx_shell_ver" = "2.0.0 (BETA)"
L 12/22/2019 - 18:01:20: Server cvar "StyleC4Timer" = "2.1"
L 12/22/2019 - 18:01:20: Server cvar "sv_accelerate" = "5"
L 12/22/2019 - 18:01:20: Server cvar "sv_aim" = "1"
L 12/22/2019 - 18:01:20: Server cvar "sv_airaccelerate" = "100"
L 12/22/2019 - 18:01:20: Server cvar "sv_allowupload" = "1"
L 12/22/2019 - 18:01:20: Server cvar "sv_alltalk" = "1"
L 12/22/2019 - 18:01:20: Server cvar "sv_bounce" = "1"
L 12/22/2019 - 18:01:20: Server cvar "sv_cheats" = "0"
L 12/22/2019 - 18:01:20: Server cvar "sv_clienttrace" = "1"
L 12/22/2019 - 18:01:20: Server cvar "sv_contact" = "feruchio599@gmail.com"
L 12/22/2019 - 18:01:20: Server cvar "sv_friction" = "4"
L 12/22/2019 - 18:01:20: Server cvar "sv_gravity" = "800"
L 12/22/2019 - 18:01:20: Server cvar "sv_logblocks" = "0"
L 12/22/2019 - 18:01:20: Server cvar "sv_maxrate" = "50000"
L 12/22/2019 - 18:01:20: Server cvar "sv_maxspeed" = "900.000000"
L 12/22/2019 - 18:01:20: Server cvar "sv_minrate" = "10000"
L 12/22/2019 - 18:01:20: Server cvar "sv_password" = ""
L 12/22/2019 - 18:01:20: Server cvar "sv_proxies" = "1"
L 12/22/2019 - 18:01:20: Server cvar "sv_restart" = "0"
L 12/22/2019 - 18:01:20: Server cvar "sv_restartround" = "0"
L 12/22/2019 - 18:01:20: Server cvar "sv_stepsize" = "18"
L 12/22/2019 - 18:01:20: Server cvar "sv_stopspeed" = "75"
L 12/22/2019 - 18:01:20: Server cvar "sv_uploadmax" = "0.5"
L 12/22/2019 - 18:01:20: Server cvar "sv_version" = "1.1.2.7/Stdio,48,1621"
L 12/22/2019 - 18:01:20: Server cvar "sv_voiceenable" = "1"
L 12/22/2019 - 18:01:20: Server cvar "sv_wateraccelerate" = "10"
L 12/22/2019 - 18:01:20: Server cvar "sv_waterfriction" = "1"
L 12/22/2019 - 18:01:20: Server cvar "Team_Semiclip_version" = "3.3.1"
L 12/22/2019 - 18:01:20: Server cvar "vehicle_real_killer" = "1.1"
L 12/22/2019 - 18:01:20: Server cvar "WalkGuard" = "1.3.2"
L 12/22/2019 - 18:01:20: Server cvar "we_grenades" = "Huehue"
L 12/22/2019 - 18:01:20: Server cvar "we_player_models" = "Huehue"
L 12/22/2019 - 18:01:20: Server cvar "whb_version" = "1.5.692"
L 12/22/2019 - 18:01:20: Server cvar "zp_jp_version" = "Extra Item Jetpack+Bazooka v3.2"
L 12/22/2019 - 18:01:20: Server cvars end
L 12/22/2019 - 18:01:23: Server cvar "sv_maxspeed" = "900"
L 12/22/2019 - 18:01:23: Server cvar "mp_autoteambalance" = "1"
L 12/22/2019 - 18:01:23: Server cvar "mp_autoteambalance" = "0"
L 12/22/2019 - 18:01:23: Server cvar "amx_nextmap" = "[not yet voted on]"
L 12/22/2019 - 18:01:25: Started map "4_houses" (CRC "451486053")
L 12/22/2019 - 18:01:27: World triggered "Round_Start"
L 12/22/2019 - 18:01:27: [REUNION]: short circuit (213.145.110.105) authorized as RevEmu
L 12/22/2019 - 18:01:27: "short circuit<64><STEAM_1:1:1245774753><>" connected, address "213.145.110.105:27005"
L 12/22/2019 - 18:01:28: [REUNION]: NE MI SE PRAVI NA PRO (77.85.119.123) authorized as RevEmu
L 12/22/2019 - 18:01:28: "NE MI SE PRAVI NA PRO<65><STEAM_2:1:1478724606><>" connected, address "77.85.119.123:27005"
L 12/22/2019 - 18:01:29: "BABAITA<57><STEAM_1:0:603964278><>" entered the game
L 12/22/2019 - 18:01:30: "short circuit<64><STEAM_1:1:1245774753><>" entered the game
L 12/22/2019 - 18:01:32: "NE MI SE PRAVI NA PRO<65><STEAM_2:1:1478724606><>" entered the game
L 12/22/2019 - 18:01:32: "short circuit<64><STEAM_1:1:1245774753><>" joined team "TERRORIST"
L 12/22/2019 - 18:01:34: "BABAITA<57><STEAM_1:0:603964278><>" joined team "CT"
L 12/22/2019 - 18:01:34: World triggered "Game_Commencing"
L 12/22/2019 - 18:01:34: World triggered "Game_Commencing" (CT "0") (T "0")
L 12/22/2019 - 18:01:34: World triggered "Round_End"
L 12/22/2019 - 18:01:36: "NE MI SE PRAVI NA PRO<65><STEAM_2:1:1478724606><>" joined team "TERRORIST"
L 12/22/2019 - 18:01:37: "2Pacalypse<41><VALVE_ID_LAN><>" entered the game
L 12/22/2019 - 18:01:38: World triggered "Round_Start"
L 12/22/2019 - 18:01:41: "2Pacalypse<41><VALVE_ID_LAN><>" joined team "TERRORIST"
L 12/22/2019 - 18:02:23: "BABAITA<57><STEAM_1:0:603964278><CT>" killed "NE MI SE PRAVI NA PRO<65><STEAM_2:1:1478724606><TERRORIST>" with "mac10"
L 12/22/2019 - 18:02:29: "BABAITA<57><STEAM_1:0:603964278><CT>" killed "short circuit<64><STEAM_1:1:1245774753><TERRORIST>" with "mac10"
L 12/22/2019 - 18:02:47: "BABAITA<57><STEAM_1:0:603964278><CT>" killed "2Pacalypse<41><VALVE_ID_LAN><TERRORIST>" with "mac10"
L 12/22/2019 - 18:02:47: Team "CT" triggered "CTs_Win" (CT "1") (T "0")
L 12/22/2019 - 18:02:47: World triggered "Round_End"
L 12/22/2019 - 18:02:53: World triggered "Round_Start"
L 12/22/2019 - 18:02:55: "BABAITA<57><STEAM_1:0:603964278><CT>" disconnected
L 12/22/2019 - 18:03:06: "short circuit<64><STEAM_1:1:1245774753><TERRORIST>" committed suicide with "world"
L 12/22/2019 - 18:03:06: "short circuit<64><STEAM_1:1:1245774753><TERRORIST>" joined team "CT"
L 12/22/2019 - 18:03:06: World triggered "Game_Commencing"
L 12/22/2019 - 18:03:06: World triggered "Game_Commencing" (CT "1") (T "0")
L 12/22/2019 - 18:03:06: World triggered "Round_End"
L 12/22/2019 - 18:03:10: World triggered "Round_Start"
L 12/22/2019 - 18:03:40: "short circuit<64><STEAM_1:1:1245774753><CT>" killed "NE MI SE PRAVI NA PRO<65><STEAM_2:1:1478724606><TERRORIST>" with "mac10"
L 12/22/2019 - 18:03:41: [REUNION]: BABAITA (151.237.37.93) authorized as RevEmu
L 12/22/2019 - 18:03:41: "BABAITA<66><STEAM_1:0:603964278><>" connected, address "151.237.37.93:27005"
L 12/22/2019 - 18:03:46: "BABAITA<66><STEAM_1:0:603964278><>" entered the game
L 12/22/2019 - 18:03:50: "BABAITA<66><STEAM_1:0:603964278><>" joined team "CT"
L 12/22/2019 - 18:04:02: "short circuit<64><STEAM_1:1:1245774753><CT>" killed "2Pacalypse<41><VALVE_ID_LAN><TERRORIST>" with "mac10"
L 12/22/2019 - 18:04:02: Team "CT" triggered "CTs_Win" (CT "1") (T "0")
L 12/22/2019 - 18:04:02: World triggered "Round_End"
L 12/22/2019 - 18:04:08: World triggered "Round_Start"
L 12/22/2019 - 18:04:34: "short circuit<64><STEAM_1:1:1245774753><CT>" killed "NE MI SE PRAVI NA PRO<65><STEAM_2:1:1478724606><TERRORIST>" with "m4a1"
L 12/22/2019 - 18:04:41: "2Pacalypse<41><VALVE_ID_LAN><TERRORIST>" killed "BABAITA<66><STEAM_1:0:603964278><CT>" with "galil"
L 12/22/2019 - 18:04:59: "2Pacalypse<41><VALVE_ID_LAN><TERRORIST>" killed "short circuit<64><STEAM_1:1:1245774753><CT>" with "m4a1"
L 12/22/2019 - 18:04:59: Team "TERRORIST" triggered "Terrorists_Win" (CT "1") (T "1")
L 12/22/2019 - 18:04:59: World triggered "Round_End"
L 12/22/2019 - 18:05:05: World triggered "Round_Start"
L 12/22/2019 - 18:05:36: "NE MI SE PRAVI NA PRO<65><STEAM_2:1:1478724606><TERRORIST>" killed "short circuit<64><STEAM_1:1:1245774753><CT>" with "ak47"
L 12/22/2019 - 18:06:36: "2Pacalypse<41><VALVE_ID_LAN><TERRORIST>" killed "BABAITA<66><STEAM_1:0:603964278><CT>" with "m4a1"
L 12/22/2019 - 18:06:36: Team "TERRORIST" triggered "Terrorists_Win" (CT "1") (T "2")
L 12/22/2019 - 18:06:36: World triggered "Round_End"
L 12/22/2019 - 18:06:41: "NE MI SE PRAVI NA PRO<65><STEAM_2:1:1478724606><TERRORIST>" joined team "CT"
L 12/22/2019 - 18:06:41: "<><><>" triggered "amx_chat" (text "[PTB] Transfered NE MI SE PRAVI NA PRO to CT")
L 12/22/2019 - 18:06:42: World triggered "Round_Start"
L 12/22/2019 - 18:06:50: "BABAITA<66><STEAM_1:0:603964278><CT>" killed "2Pacalypse<41><VALVE_ID_LAN><TERRORIST>" with "m249"
L 12/22/2019 - 18:06:50: Team "CT" triggered "CTs_Win" (CT "2") (T "2")
L 12/22/2019 - 18:06:50: World triggered "Round_End"
L 12/22/2019 - 18:06:52: "short circuit<64><STEAM_1:1:1245774753><CT>" committed suicide with "world"
L 12/22/2019 - 18:06:52: "short circuit<64><STEAM_1:1:1245774753><CT>" joined team "TERRORIST"
L 12/22/2019 - 18:06:54: "2Pacalypse<41><VALVE_ID_LAN><TERRORIST>" joined team "CT"
L 12/22/2019 - 18:06:54: "<><><>" triggered "amx_chat" (text "[PTB] Transfered 2Pacalypse to CT")
L 12/22/2019 - 18:06:56: World triggered "Round_Start"
L 12/22/2019 - 18:07:05: "NE MI SE PRAVI NA PRO<65><STEAM_2:1:1478724606><CT>" committed suicide with "world"
L 12/22/2019 - 18:07:05: "NE MI SE PRAVI NA PRO<65><STEAM_2:1:1478724606><CT>" joined team "TERRORIST"
L 12/22/2019 - 18:07:09: "2Pacalypse<41><VALVE_ID_LAN><CT>" committed suicide with "world"
L 12/22/2019 - 18:07:09: "2Pacalypse<41><VALVE_ID_LAN><CT>" joined team "TERRORIST"
L 12/22/2019 - 18:07:12: "BABAITA<66><STEAM_1:0:603964278><CT>" committed suicide with "world"
L 12/22/2019 - 18:07:12: "BABAITA<66><STEAM_1:0:603964278><CT>" joined team "TERRORIST"
L 12/22/2019 - 18:07:16: "short circuit<64><STEAM_1:1:1245774753><TERRORIST>" committed suicide with "world"
L 12/22/2019 - 18:07:16: World triggered "Round_Draw" (CT "2") (T "2")
L 12/22/2019 - 18:07:16: World triggered "Round_End"
L 12/22/2019 - 18:07:16: "short circuit<64><STEAM_1:1:1245774753><TERRORIST>" joined team "CT"
L 12/22/2019 - 18:07:22: World triggered "Round_Start"
L 12/22/2019 - 18:07:23: "NE MI SE PRAVI NA PRO<65><STEAM_2:1:1478724606><TERRORIST>" committed suicide with "world"
L 12/22/2019 - 18:07:23: World triggered "Game_Commencing"
L 12/22/2019 - 18:07:23: World triggered "Game_Commencing" (CT "2") (T "2")
L 12/22/2019 - 18:07:23: World triggered "Round_End"
L 12/22/2019 - 18:07:23: "NE MI SE PRAVI NA PRO<65><STEAM_2:1:1478724606><TERRORIST>" joined team "CT"
L 12/22/2019 - 18:07:27: World triggered "Round_Start"
L 12/22/2019 - 18:07:33: "BABAITA<66><STEAM_1:0:603964278><TERRORIST>" killed "short circuit<64><STEAM_1:1:1245774753><CT>" with "sg550"
L 12/22/2019 - 18:08:12: "NE MI SE PRAVI NA PRO<65><STEAM_2:1:1478724606><CT>" killed "BABAITA<66><STEAM_1:0:603964278><TERRORIST>" with "sg550"
L 12/22/2019 - 18:08:30: "2Pacalypse<41><VALVE_ID_LAN><TERRORIST>" killed "NE MI SE PRAVI NA PRO<65><STEAM_2:1:1478724606><CT>" with "sg550"
L 12/22/2019 - 18:08:30: Team "TERRORIST" triggered "Terrorists_Win" (CT "0") (T "1")
L 12/22/2019 - 18:08:30: World triggered "Round_End"
L 12/22/2019 - 18:08:36: World triggered "Round_Start"
L 12/22/2019 - 18:08:53: "2Pacalypse<41><VALVE_ID_LAN><TERRORIST>" killed "short circuit<64><STEAM_1:1:1245774753><CT>" with "ak47"
L 12/22/2019 - 18:08:57: "BABAITA<66><STEAM_1:0:603964278><TERRORIST>" killed "NE MI SE PRAVI NA PRO<65><STEAM_2:1:1478724606><CT>" with "glock18"
L 12/22/2019 - 18:08:57: Team "TERRORIST" triggered "Terrorists_Win" (CT "0") (T "2")
L 12/22/2019 - 18:08:57: World triggered "Round_End"
L 12/22/2019 - 18:09:01: "2Pacalypse<41><VALVE_ID_LAN><TERRORIST>" committed suicide with "world"
L 12/22/2019 - 18:09:01: "2Pacalypse<41><VALVE_ID_LAN><TERRORIST>" joined team "CT"
L 12/22/2019 - 18:09:03: World triggered "Round_Start"
L 12/22/2019 - 18:09:04: "BABAITA<66><STEAM_1:0:603964278><TERRORIST>" committed suicide with "world"
L 12/22/2019 - 18:09:04: "BABAITA<66><STEAM_1:0:603964278><TERRORIST>" joined team "CT"
L 12/22/2019 - 18:09:07: "short circuit<64><STEAM_1:1:1245774753><CT>" committed suicide with "world"
L 12/22/2019 - 18:09:07: "short circuit<64><STEAM_1:1:1245774753><CT>" joined team "TERRORIST"
L 12/22/2019 - 18:09:07: World triggered "Game_Commencing"
L 12/22/2019 - 18:09:07: World triggered "Game_Commencing" (CT "0") (T "2")
L 12/22/2019 - 18:09:07: World triggered "Round_End"
L 12/22/2019 - 18:09:11: World triggered "Round_Start"
L 12/22/2019 - 18:09:30: [REUNION]: LEO (151.237.37.93) authorized as RevEmu
L 12/22/2019 - 18:09:30: "LEO<67><STEAM_1:0:681183515><>" connected, address "151.237.37.93:1024"
L 12/22/2019 - 18:10:02: "LEO<67><STEAM_1:0:681183515><>" entered the game
L 12/22/2019 - 18:10:10: "LEO<67><STEAM_1:0:681183515><>" joined team "TERRORIST"
L 12/22/2019 - 18:10:23: "Sco7ch<68><STEAM_0:0:523417429><>" connected, address "188.62.217.4:27005"
L 12/22/2019 - 18:10:23: "Sco7ch<68><STEAM_0:0:523417429><>" STEAM USERID validated
L 12/22/2019 - 18:10:29: "Sco7ch<68><STEAM_0:0:523417429><>" entered the game
L 12/22/2019 - 18:10:31: "Sco7ch<68><STEAM_0:0:523417429><>" joined team "TERRORIST"
L 12/22/2019 - 18:10:46: "2Pacalypse<41><VALVE_ID_LAN><CT>" committed suicide with "world"
L 12/22/2019 - 18:10:46: "2Pacalypse<41><VALVE_ID_LAN><CT>" joined team "CT"
L 12/22/2019 - 18:11:19: "NE MI SE PRAVI NA PRO<65><STEAM_2:1:1478724606><CT>" killed "short circuit<64><STEAM_1:1:1245774753><TERRORIST>" with "usp"
L 12/22/2019 - 18:11:19: Team "CT" triggered "CTs_Win" (CT "1") (T "0")
L 12/22/2019 - 18:11:19: World triggered "Round_End"
L 12/22/2019 - 18:11:23: "BABAITA<66><STEAM_1:0:603964278><CT>" committed suicide with "world"
L 12/22/2019 - 18:11:23: "BABAITA<66><STEAM_1:0:603964278><CT>" joined team "TERRORIST"
L 12/22/2019 - 18:11:25: World triggered "Round_Start"
L 12/22/2019 - 18:11:39: "2Pacalypse<41><VALVE_ID_LAN><CT>" killed "short circuit<64><STEAM_1:1:1245774753><TERRORIST>" with "m4a1"
L 12/22/2019 - 18:11:41: "short circuit<64><STEAM_1:1:1245774753><TERRORIST>" joined team "CT"
L 12/22/2019 - 18:11:43: "Sco7ch<68><STEAM_0:0:523417429><TERRORIST>" killed "2Pacalypse<41><VALVE_ID_LAN><CT>" with "deagle"
L 12/22/2019 - 18:11:50: "Sco7ch<68><STEAM_0:0:523417429><TERRORIST>" killed "NE MI SE PRAVI NA PRO<65><STEAM_2:1:1478724606><CT>" with "m4a1"
L 12/22/2019 - 18:11:50: Team "TERRORIST" triggered "Terrorists_Win" (CT "1") (T "1")
L 12/22/2019 - 18:11:50: World triggered "Round_End"
L 12/22/2019 - 18:11:56: World triggered "Round_Start"
L 12/22/2019 - 18:12:16: "short circuit<64><STEAM_1:1:1245774753><CT>" killed "LEO<67><STEAM_1:0:681183515><TERRORIST>" with "usp"
L 12/22/2019 - 18:12:19: "2Pacalypse<41><VALVE_ID_LAN><CT>" killed "BABAITA<66><STEAM_1:0:603964278><TERRORIST>" with "usp"
L 12/22/2019 - 18:12:21: "Sco7ch<68><STEAM_0:0:523417429><TERRORIST>" killed "NE MI SE PRAVI NA PRO<65><STEAM_2:1:1478724606><CT>" with "m4a1"
L 12/22/2019 - 18:12:26: "Sco7ch<68><STEAM_0:0:523417429><TERRORIST>" killed "2Pacalypse<41><VALVE_ID_LAN><CT>" with "m4a1"
L 12/22/2019 - 18:12:31: "Sco7ch<68><STEAM_0:0:523417429><TERRORIST>" killed "short circuit<64><STEAM_1:1:1245774753><CT>" with "m4a1"
L 12/22/2019 - 18:12:31: Team "TERRORIST" triggered "Terrorists_Win" (CT "1") (T "2")
L 12/22/2019 - 18:12:31: World triggered "Round_End"
L 12/22/2019 - 18:12:36: [REUNION]: Cilimov klan - Tepih (87.116.177.56) authorized as RevEmu
L 12/22/2019 - 18:12:36: "Cilimov klan - Tepih<69><STEAM_2:0:1194249546><>" connected, address "87.116.177.56:58388"
L 12/22/2019 - 18:12:37: World triggered "Round_Start"
L 12/22/2019 - 18:12:46: "Cilimov klan - Tepih<69><STEAM_2:0:1194249546><>" entered the game
L 12/22/2019 - 18:12:50: Kick: "Cilimov klan - Tepih<69><STEAM_2:0:1194249546><>" was kicked by "Console" (message " "You are banned from this server... Unfair ban? Visit our forum awesomecs.syntrwave.com"")
L 12/22/2019 - 18:12:50: "Cilimov klan - Tepih<69><STEAM_2:0:1194249546><>" disconnected
L 12/22/2019 - 18:12:58: "Sco7ch<68><STEAM_0:0:523417429><TERRORIST>" killed "short circuit<64><STEAM_1:1:1245774753><CT>" with "m4a1"
L 12/22/2019 - 18:13:14: "2Pacalypse<41><VALVE_ID_LAN><CT>" killed "Sco7ch<68><STEAM_0:0:523417429><TERRORIST>" with "famas"
L 12/22/2019 - 18:13:17: "2Pacalypse<41><VALVE_ID_LAN><CT>" killed "LEO<67><STEAM_1:0:681183515><TERRORIST>" with "famas"
L 12/22/2019 - 18:13:18: "cala221<70><STEAM_0:1:204654532><>" connected, address "87.245.69.13:27005"
L 12/22/2019 - 18:13:19: "cala221<70><STEAM_0:1:204654532><>" STEAM USERID validated
L 12/22/2019 - 18:13:20: "BABAITA<66><STEAM_1:0:603964278><TERRORIST>" killed "NE MI SE PRAVI NA PRO<65><STEAM_2:1:1478724606><CT>" with "ak47"
L 12/22/2019 - 18:13:22: "2Pacalypse<41><VALVE_ID_LAN><CT>" killed "BABAITA<66><STEAM_1:0:603964278><TERRORIST>" with "famas"
L 12/22/2019 - 18:13:22: Team "CT" triggered "CTs_Win" (CT "2") (T "2")
L 12/22/2019 - 18:13:22: World triggered "Round_End"
L 12/22/2019 - 18:13:26: [REUNION]: CSTYLER (80.77.46.241) authorized as RevEmu
L 12/22/2019 - 18:13:26: "CSTYLER<71><STEAM_2:0:2052157424><>" connected, address "80.77.46.241:27005"
L 12/22/2019 - 18:13:28: World triggered "Round_Start"
L 12/22/2019 - 18:13:33: "Sco7ch<68><STEAM_0:0:523417429><TERRORIST>" killed "2Pacalypse<41><VALVE_ID_LAN><CT>" with "ak47"
L 12/22/2019 - 18:13:44: "CSTYLER<71><STEAM_2:0:2052157424><>" entered the game
L 12/22/2019 - 18:13:45: "LEO<67><STEAM_1:0:681183515><TERRORIST>" killed "NE MI SE PRAVI NA PRO<65><STEAM_2:1:1478724606><CT>" with "scout"
L 12/22/2019 - 18:13:48: "CSTYLER<71><STEAM_2:0:2052157424><>" joined team "TERRORIST"
L 12/22/2019 - 18:14:05: "short circuit<64><STEAM_1:1:1245774753><CT>" killed "BABAITA<66><STEAM_1:0:603964278><TERRORIST>" with "m4a1"
L 12/22/2019 - 18:14:09: "short circuit<64><STEAM_1:1:1245774753><CT>" killed "Sco7ch<68><STEAM_0:0:523417429><TERRORIST>" with "m4a1"
L 12/22/2019 - 18:14:20: "short circuit<64><STEAM_1:1:1245774753><CT>" killed "LEO<67><STEAM_1:0:681183515><TERRORIST>" with "m4a1"
L 12/22/2019 - 18:14:20: Team "CT" triggered "CTs_Win" (CT "3") (T "2")
L 12/22/2019 - 18:14:20: World triggered "Round_End"
L 12/22/2019 - 18:14:26: World triggered "Round_Start"
L 12/22/2019 - 18:14:37: "short circuit<64><STEAM_1:1:1245774753><CT>" killed "BABAITA<66><STEAM_1:0:603964278><TERRORIST>" with "m4a1"
L 12/22/2019 - 18:14:38: "CSTYLER<71><STEAM_2:0:2052157424><TERRORIST>" killed "short circuit<64><STEAM_1:1:1245774753><CT>" with "ak47"
L 12/22/2019 - 18:14:53: "Sco7ch<68><STEAM_0:0:523417429><TERRORIST>" killed "NE MI SE PRAVI NA PRO<65><STEAM_2:1:1478724606><CT>" with "ak47"
L 12/22/2019 - 18:14:59: "2Pacalypse<41><VALVE_ID_LAN><CT>" killed "CSTYLER<71><STEAM_2:0:2052157424><TERRORIST>" with "m4a1"
L 12/22/2019 - 18:15:03: "2Pacalypse<41><VALVE_ID_LAN><CT>" killed "LEO<67><STEAM_1:0:681183515><TERRORIST>" with "m4a1"
L 12/22/2019 - 18:15:04: "Sco7ch<68><STEAM_0:0:523417429><TERRORIST>" killed "2Pacalypse<41><VALVE_ID_LAN><CT>" with "ak47"
L 12/22/2019 - 18:15:04: Team "TERRORIST" triggered "Terrorists_Win" (CT "3") (T "3")
L 12/22/2019 - 18:15:04: World triggered "Round_End"
L 12/22/2019 - 18:15:09: "BABAITA<66><STEAM_1:0:603964278><TERRORIST>" joined team "CT"
L 12/22/2019 - 18:15:09: "<><><>" triggered "amx_chat" (text "[PTB] Transfered BABAITA to CT")
L 12/22/2019 - 18:15:10: World triggered "Round_Start"
L 12/22/2019 - 18:15:23: "BABAITA<66><STEAM_1:0:603964278><CT>" committed suicide with "world"
L 12/22/2019 - 18:15:23: "BABAITA<66><STEAM_1:0:603964278><CT>" joined team "TERRORIST"
L 12/22/2019 - 18:15:26: "BABAITA<66><STEAM_1:0:603964278><TERRORIST>" disconnected
L 12/22/2019 - 18:15:27: "Sco7ch<68><STEAM_0:0:523417429><TERRORIST>" killed "short circuit<64><STEAM_1:1:1245774753><CT>" with "ump45"
L 12/22/2019 - 18:15:30: "2Pacalypse<41><VALVE_ID_LAN><CT>" killed "LEO<67><STEAM_1:0:681183515><TERRORIST>" with "grenade"
L 12/22/2019 - 18:15:33: "Sco7ch<68><STEAM_0:0:523417429><TERRORIST>" killed "2Pacalypse<41><VALVE_ID_LAN><CT>" with "ump45"
L 12/22/2019 - 18:15:40: "LEO<67><STEAM_1:0:681183515><TERRORIST>" disconnected
L 12/22/2019 - 18:15:41: "2Pacalypse<41><VALVE_ID_LAN><CT>" disconnected
L 12/22/2019 - 18:15:50: "NE MI SE PRAVI NA PRO<65><STEAM_2:1:1478724606><CT>" killed "Sco7ch<68><STEAM_0:0:523417429><TERRORIST>" with "ump45"
L 12/22/2019 - 18:16:06: "NE MI SE PRAVI NA PRO<65><STEAM_2:1:1478724606><CT>" killed "CSTYLER<71><STEAM_2:0:2052157424><TERRORIST>" with "ump45"
L 12/22/2019 - 18:16:06: Team "CT" triggered "CTs_Win" (CT "4") (T "3")
L 12/22/2019 - 18:16:06: World triggered "Round_End"
L 12/22/2019 - 18:16:12: World triggered "Round_Start"
L 12/22/2019 - 18:16:28: "CSTYLER<71><STEAM_2:0:2052157424><TERRORIST>" killed "NE MI SE PRAVI NA PRO<65><STEAM_2:1:1478724606><CT>" with "sg552"
L 12/22/2019 - 18:16:41: "short circuit<64><STEAM_1:1:1245774753><CT>" killed "CSTYLER<71><STEAM_2:0:2052157424><TERRORIST>" with "m4a1"
L 12/22/2019 - 18:16:46: "CSTYLER<71><STEAM_2:0:2052157424><TERRORIST>" disconnected
L 12/22/2019 - 18:16:47: [REUNION]: yeet_nigga (212.3.195.241) authorized as RevEmu
L 12/22/2019 - 18:16:47: "yeet_nigga<72><STEAM_2:1:418654493><>" connected, address "212.3.195.241:27005"
L 12/22/2019 - 18:16:55: "Sco7ch<68><STEAM_0:0:523417429><TERRORIST>" killed "short circuit<64><STEAM_1:1:1245774753><CT>" with "ak47"
L 12/22/2019 - 18:16:55: Team "TERRORIST" triggered "Terrorists_Win" (CT "4") (T "4")
L 12/22/2019 - 18:16:55: World triggered "Round_End"
L 12/22/2019 - 18:16:59: "short circuit<64><STEAM_1:1:1245774753><CT>" disconnected
L 12/22/2019 - 18:17:01: World triggered "Round_Start"
L 12/22/2019 - 18:17:05: "yeet_nigga<72><STEAM_2:1:418654493><>" entered the game
L 12/22/2019 - 18:17:11: "yeet_nigga<72><STEAM_2:1:418654493><>" joined team "CT"
L 12/22/2019 - 18:17:12: "Sco7ch<68><STEAM_0:0:523417429><TERRORIST>" killed "NE MI SE PRAVI NA PRO<65><STEAM_2:1:1478724606><CT>" with "ak47"
L 12/22/2019 - 18:17:12: Team "TERRORIST" triggered "Terrorists_Win" (CT "4") (T "5")
L 12/22/2019 - 18:17:12: World triggered "Round_End"
L 12/22/2019 - 18:17:18: World triggered "Round_Start"
L 12/22/2019 - 18:17:25: "NE MI SE PRAVI NA PRO<65><STEAM_2:1:1478724606><CT>" disconnected
L 12/22/2019 - 18:17:33: [REUNION]: LEO (151.237.37.93) authorized as RevEmu
L 12/22/2019 - 18:17:33: "LEO<73><STEAM_1:0:603964278><>" connected, address "151.237.37.93:27005"
L 12/22/2019 - 18:17:38: "LEO<73><STEAM_1:0:603964278><>" entered the game
L 12/22/2019 - 18:17:48: "LEO<73><STEAM_1:0:603964278><>" joined team "CT"
L 12/22/2019 - 18:18:01: "Sco7ch<68><STEAM_0:0:523417429><TERRORIST>" killed "yeet_nigga<72><STEAM_2:1:418654493><CT>" with "ak47"
L 12/22/2019 - 18:18:01: Team "TERRORIST" triggered "Terrorists_Win" (CT "4") (T "6")
L 12/22/2019 - 18:18:01: World triggered "Round_End"
L 12/22/2019 - 18:18:07: World triggered "Round_Start"
L 12/22/2019 - 18:18:28: "cala221<74><STEAM_0:1:204654532><>" connected, address "87.245.69.13:27005"
L 12/22/2019 - 18:18:29: "cala221<74><STEAM_0:1:204654532><>" STEAM USERID validated
L 12/22/2019 - 18:18:33: "Sco7ch<68><STEAM_0:0:523417429><TERRORIST>" killed "yeet_nigga<72><STEAM_2:1:418654493><CT>" with "ak47"
L 12/22/2019 - 18:19:02: "Sco7ch<68><STEAM_0:0:523417429><TERRORIST>" killed "LEO<73><STEAM_1:0:603964278><CT>" with "ak47"
L 12/22/2019 - 18:19:02: Team "TERRORIST" triggered "Terrorists_Win" (CT "4") (T "7")
L 12/22/2019 - 18:19:02: World triggered "Round_End"
L 12/22/2019 - 18:19:08: World triggered "Round_Start"
L 12/22/2019 - 18:19:44: "LEO<73><STEAM_1:0:603964278><CT>" killed "Sco7ch<68><STEAM_0:0:523417429><TERRORIST>" with "m4a1"
L 12/22/2019 - 18:19:44: Team "CT" triggered "CTs_Win" (CT "5") (T "7")
L 12/22/2019 - 18:19:44: World triggered "Round_End"
L 12/22/2019 - 18:19:50: World triggered "Round_Start"
L 12/22/2019 - 18:20:02: "Sco7ch<68><STEAM_0:0:523417429><TERRORIST>" killed "LEO<73><STEAM_1:0:603964278><CT>" with "awp"
L 12/22/2019 - 18:20:09: "Sco7ch<68><STEAM_0:0:523417429><TERRORIST>" killed "yeet_nigga<72><STEAM_2:1:418654493><CT>" with "awp"
L 12/22/2019 - 18:20:09: Team "TERRORIST" triggered "Terrorists_Win" (CT "5") (T "8")
L 12/22/2019 - 18:20:09: World triggered "Round_End"
L 12/22/2019 - 18:20:15: World triggered "Round_Start"
L 12/22/2019 - 18:20:41: "Sco7ch<68><STEAM_0:0:523417429><TERRORIST>" killed "LEO<73><STEAM_1:0:603964278><CT>" with "awp"
L 12/22/2019 - 18:21:42: "Sco7ch<68><STEAM_0:0:523417429><TERRORIST>" killed "yeet_nigga<72><STEAM_2:1:418654493><CT>" with "awp"
L 12/22/2019 - 18:21:42: Team "TERRORIST" triggered "Terrorists_Win" (CT "5") (T "9")
L 12/22/2019 - 18:21:42: World triggered "Round_End"
L 12/22/2019 - 18:21:48: World triggered "Round_Start"
L 12/22/2019 - 18:22:16: "Sco7ch<68><STEAM_0:0:523417429><TERRORIST>" killed "yeet_nigga<72><STEAM_2:1:418654493><CT>" with "awp"
L 12/22/2019 - 18:22:24: "Sco7ch<68><STEAM_0:0:523417429><TERRORIST>" killed "LEO<73><STEAM_1:0:603964278><CT>" with "awp"
L 12/22/2019 - 18:22:24: Team "TERRORIST" triggered "Terrorists_Win" (CT "5") (T "10")
L 12/22/2019 - 18:22:24: World triggered "Round_End"
L 12/22/2019 - 18:22:30: World triggered "Round_Start"
L 12/22/2019 - 18:22:36: "yeet_nigga<72><STEAM_2:1:418654493><CT>" disconnected
L 12/22/2019 - 18:22:45: "Sco7ch<68><STEAM_0:0:523417429><TERRORIST>" killed "LEO<73><STEAM_1:0:603964278><CT>" with "awp"
L 12/22/2019 - 18:22:45: Team "TERRORIST" triggered "Terrorists_Win" (CT "5") (T "11")
L 12/22/2019 - 18:22:45: World triggered "Round_End"
L 12/22/2019 - 18:22:51: World triggered "Round_Start"
L 12/22/2019 - 18:22:54: [REUNION]: cala221 (87.245.69.13) authorized as RevEmu
L 12/22/2019 - 18:22:54: "cala221<75><STEAM_1:1:110586922><>" connected, address "87.245.69.13:27005"
L 12/22/2019 - 18:23:00: "Sco7ch<68><STEAM_0:0:523417429><TERRORIST>" killed "LEO<73><STEAM_1:0:603964278><CT>" with "awp"
L 12/22/2019 - 18:23:00: Team "TERRORIST" triggered "Terrorists_Win" (CT "5") (T "12")
L 12/22/2019 - 18:23:00: World triggered "Round_End"
L 12/22/2019 - 18:23:06: World triggered "Round_Start"
L 12/22/2019 - 18:23:09: Kick: "cala221<75><STEAM_1:1:110586922><>" was kicked by "Console" (message "Error! Idle Timeout (2).")
L 12/22/2019 - 18:23:33: "Sco7ch<68><STEAM_0:0:523417429><TERRORIST>" killed "LEO<73><STEAM_1:0:603964278><CT>" with "aug"
L 12/22/2019 - 18:23:33: Team "TERRORIST" triggered "Terrorists_Win" (CT "5") (T "13")
L 12/22/2019 - 18:23:33: World triggered "Round_End"
L 12/22/2019 - 18:23:39: World triggered "Round_Start"
L 12/22/2019 - 18:24:09: [REUNION]: cala221 (87.245.69.13) authorized as RevEmu
L 12/22/2019 - 18:24:09: "cala221<76><STEAM_1:1:110586922><>" connected, address "87.245.69.13:27005"
L 12/22/2019 - 18:24:32: "Sco7ch<68><STEAM_0:0:523417429><TERRORIST>" killed "LEO<73><STEAM_1:0:603964278><CT>" with "aug"
L 12/22/2019 - 18:24:32: Team "TERRORIST" triggered "Terrorists_Win" (CT "5") (T "14")
L 12/22/2019 - 18:24:32: World triggered "Round_End"
L 12/22/2019 - 18:24:38: World triggered "Round_Start"
L 12/22/2019 - 18:24:43: "cala221<77><STEAM_0:1:204654532><>" connected, address "87.245.69.13:27005"
L 12/22/2019 - 18:24:44: "cala221<77><STEAM_0:1:204654532><>" STEAM USERID validated
L 12/22/2019 - 18:24:50: "Sco7ch<68><STEAM_0:0:523417429><TERRORIST>" killed "LEO<73><STEAM_1:0:603964278><CT>" with "g3sg1"
L 12/22/2019 - 18:24:50: Team "TERRORIST" triggered "Terrorists_Win" (CT "5") (T "15")
L 12/22/2019 - 18:24:50: World triggered "Round_End"
L 12/22/2019 - 18:24:55: World triggered "Round_Start"
L 12/22/2019 - 18:25:12: "LEO<73><STEAM_1:0:603964278><CT>" killed "Sco7ch<68><STEAM_0:0:523417429><TERRORIST>" with "ump45"
L 12/22/2019 - 18:25:12: Team "CT" triggered "CTs_Win" (CT "6") (T "15")
L 12/22/2019 - 18:25:12: World triggered "Round_End"
L 12/22/2019 - 18:25:18: World triggered "Round_Start"
L 12/22/2019 - 18:25:21: "cala221<78><STEAM_0:1:204654532><>" connected, address "87.245.69.13:27005"
L 12/22/2019 - 18:25:21: "cala221<78><STEAM_0:1:204654532><>" STEAM USERID validated
L 12/22/2019 - 18:25:41: "Sco7ch<68><STEAM_0:0:523417429><TERRORIST>" killed "LEO<73><STEAM_1:0:603964278><CT>" with "awp"
L 12/22/2019 - 18:25:41: Team "TERRORIST" triggered "Terrorists_Win" (CT "6") (T "16")
L 12/22/2019 - 18:25:41: World triggered "Round_End"
L 12/22/2019 - 18:25:47: World triggered "Round_Start"
L 12/22/2019 - 18:25:59: [REUNION]: LEON (151.237.37.93) authorized as RevEmu
L 12/22/2019 - 18:25:59: "LEON<79><STEAM_1:0:681183515><>" connected, address "151.237.37.93:1024"
L 12/22/2019 - 18:26:05: "Sco7ch<68><STEAM_0:0:523417429><TERRORIST>" killed "LEO<73><STEAM_1:0:603964278><CT>" with "awp"
L 12/22/2019 - 18:26:05: Team "TERRORIST" triggered "Terrorists_Win" (CT "6") (T "17")
L 12/22/2019 - 18:26:05: World triggered "Round_End"
L 12/22/2019 - 18:26:11: World triggered "Round_Start"
L 12/22/2019 - 18:26:25: "LEON<79><STEAM_1:0:681183515><>" entered the game
L 12/22/2019 - 18:26:29: "Sco7ch<68><STEAM_0:0:523417429><TERRORIST>" killed "LEO<73><STEAM_1:0:603964278><CT>" with "awp"
L 12/22/2019 - 18:26:29: Team "TERRORIST" triggered "Terrorists_Win" (CT "6") (T "18")
L 12/22/2019 - 18:26:29: World triggered "Round_End"
L 12/22/2019 - 18:26:30: "LEON<79><STEAM_1:0:681183515><>" joined team "CT"
L 12/22/2019 - 18:26:35: World triggered "Round_Start"
L 12/22/2019 - 18:26:41: "Sco7ch<68><STEAM_0:0:523417429><TERRORIST>" killed "LEO<73><STEAM_1:0:603964278><CT>" with "sg552"
L 12/22/2019 - 18:26:59: "LEON<79><STEAM_1:0:681183515><CT>" killed "Sco7ch<68><STEAM_0:0:523417429><TERRORIST>" with "sg552"
L 12/22/2019 - 18:26:59: Team "CT" triggered "CTs_Win" (CT "7") (T "18")
L 12/22/2019 - 18:26:59: World triggered "Round_End"
L 12/22/2019 - 18:27:03: "cala221<80><STEAM_0:1:204654532><>" connected, address "87.245.69.13:27005"
L 12/22/2019 - 18:27:04: "cala221<80><STEAM_0:1:204654532><>" STEAM USERID validated
L 12/22/2019 - 18:27:05: World triggered "Round_Start"
L 12/22/2019 - 18:27:24: "LEON<79><STEAM_1:0:681183515><CT>" killed "Sco7ch<68><STEAM_0:0:523417429><TERRORIST>" with "sg552"
L 12/22/2019 - 18:27:24: Team "CT" triggered "CTs_Win" (CT "8") (T "18")
L 12/22/2019 - 18:27:24: World triggered "Round_End"
L 12/22/2019 - 18:27:30: World triggered "Round_Start"
L 12/22/2019 - 18:27:39: "Sco7ch<68><STEAM_0:0:523417429><TERRORIST>" killed "LEON<79><STEAM_1:0:681183515><CT>" with "ak47"
L 12/22/2019 - 18:28:19: "Sco7ch<68><STEAM_0:0:523417429><TERRORIST>" killed "LEO<73><STEAM_1:0:603964278><CT>" with "ak47"
L 12/22/2019 - 18:28:19: Team "TERRORIST" triggered "Terrorists_Win" (CT "8") (T "19")
L 12/22/2019 - 18:28:19: World triggered "Round_End"
L 12/22/2019 - 18:28:21: "cala221<81><STEAM_0:1:204654532><>" connected, address "87.245.69.13:27005"
L 12/22/2019 - 18:28:21: Server cvar "amx_nextmap" = "air_fight2"
L 12/22/2019 - 18:28:21: "cala221<81><STEAM_0:1:204654532><>" STEAM USERID validated
L 12/22/2019 - 18:28:25: World triggered "Round_Start"
L 12/22/2019 - 18:28:48: "LEO<73><STEAM_1:0:603964278><CT>" killed "Sco7ch<68><STEAM_0:0:523417429><TERRORIST>" with "ump45"
L 12/22/2019 - 18:28:48: Team "CT" triggered "CTs_Win" (CT "9") (T "19")
L 12/22/2019 - 18:28:48: World triggered "Round_End"
L 12/22/2019 - 18:28:54: Server cvar "mp_timelimit" = "0.000000"
L 12/22/2019 - 18:28:54: World triggered "Round_Start"
L 12/22/2019 - 18:29:08: "LEON<79><STEAM_1:0:681183515><CT>" killed "Sco7ch<68><STEAM_0:0:523417429><TERRORIST>" with "ump45"
L 12/22/2019 - 18:29:08: Team "CT" triggered "CTs_Win" (CT "10") (T "19")
L 12/22/2019 - 18:29:08: World triggered "Round_End"
L 12/22/2019 - 18:29:14: World triggered "Round_Start"
L 12/22/2019 - 18:29:14: Server cvar "sv_maxspeed" = "0.000000"
L 12/22/2019 - 18:29:14: Server cvar "mp_friendlyfire" = "1"
L 12/22/2019 - 18:29:24: [REUNION]: [Дети 90-тых]KOcmoc:с (145.255.9.59) authorized as RevEmu
L 12/22/2019 - 18:29:24: "[Дети 90-тых]KOcmoc:с<82><STEAM_2:0:1425231621><>" connected, address "145.255.9.59:27005"
L 12/22/2019 - 18:29:25: Server cvar "sv_maxspeed" = "900.000000"
L 12/22/2019 - 18:29:25: Server cvar "mp_friendlyfire" = "0"
L 12/22/2019 - 18:29:25: Server cvar "mp_timelimit" = "20.000000"
L 12/22/2019 - 18:29:25: [META] ini: Begin re-reading plugins list: /home/rented/public9/cstrike/addons/metamod/plugins.ini
L 12/22/2019 - 18:29:25: [META] ini: Read plugin config for: SafeNameAndChat
L 12/22/2019 - 18:29:25: [META] ini: Read plugin config for: AMX Mod X
L 12/22/2019 - 18:29:25: [META] ini: Read plugin config for: Reunion
L 12/22/2019 - 18:29:25: [META] ini: Read plugin config for: ReAuthCheck
L 12/22/2019 - 18:29:25: [META] ini: Read plugin config for: WHBlocker
L 12/22/2019 - 18:29:25: [META] ini: Read plugin config for: ReSemiclip
L 12/22/2019 - 18:29:25: [META] ini: Read plugin config for: Revoice
L 12/22/2019 - 18:29:25: [META] ini: Finished reading plugins list: /home/rented/public9/cstrike/addons/metamod/plugins.ini; Found 7 plugins
L 12/22/2019 - 18:29:25: [META] dll: Updating plugins...
L 12/22/2019 - 18:29:25: [META] WARNING: Cannot clear plugin 'SafeNameAndChat'; not marked as failed, empty, or open (status=valid)
L 12/22/2019 - 18:29:25: [META] dll: Unloaded plugin 'SafeNameAndChat' for reason 'file on disk is newer'
L 12/22/2019 - 18:29:25: [META] dll: Loaded plugin 'SafeNameAndChat': SafeNameAndChat v1.1 2017.02.01, WPMG.PRoSToC0der
L 12/22/2019 - 18:29:25: [META] WARNING: Cannot clear plugin 'WHBlocker'; not marked as failed, empty, or open (status=valid)
L 12/22/2019 - 18:29:25: [META] dll: Unloaded plugin 'WHBlocker' for reason 'file on disk is newer'
L 12/22/2019 - 18:29:25: [META] dll: Loaded plugin 'WHBlocker': WHBlocker v1.5.692 2017-04-13, s1lent
L 12/22/2019 - 18:29:25: [META] WARNING: Cannot clear plugin 'ReSemiclip'; not marked as failed, empty, or open (status=valid)
L 12/22/2019 - 18:29:25: [META] dll: Unloaded plugin 'ReSemiclip' for reason 'file on disk is newer'
L 12/22/2019 - 18:29:25: [META] dll: Loaded plugin 'ReSemiclip': ReSemiclip v2.3.9 13/02/17, s1lent & Adidasman
L 12/22/2019 - 18:29:25: [META] dll: Finished updating 14 plugins; kept 0, loaded 0, unloaded 0, reloaded 3, delayed 0
L 12/22/2019 - 18:29:25: "LEON<79><STEAM_1:0:681183515><CT>" disconnected
L 12/22/2019 - 18:29:25: "[Дети 90-тых]KOcmoc:с<82><STEAM_2:0:1425231621><CT>" disconnected
L 12/22/2019 - 18:29:25: "LEO<73><STEAM_1:0:603964278><CT>" disconnected
L 12/22/2019 - 18:29:25: "Sco7ch<68><STEAM_0:0:523417429><TERRORIST>" disconnected
L 12/22/2019 - 18:29:25: World triggered "Round_Draw" (CT "10") (T "19")
L 12/22/2019 - 18:29:25: World triggered "Round_End"
L 12/22/2019 - 18:29:25: Log file closed
