L 12/26/2019 - 21:46:03: Log file started (file "logs/L1226074.log") (game "cstrike") (version "48/1.1.2.7/Stdio/1621")
L 12/26/2019 - 21:46:03: Loading map "GM_StarWars"
L 12/26/2019 - 21:46:03: Server cvars start
L 12/26/2019 - 21:46:03: Server cvar "@BunnyHopper" = "3.x"
L 12/26/2019 - 21:46:03: Server cvar "@CRXGoSpec" = "1.1"
L 12/26/2019 - 21:46:03: Server cvar "@CRXRemoveImmunity" = "1.0"
L 12/26/2019 - 21:46:03: Server cvar "@D.I.C.E." = "1.1"
L 12/26/2019 - 21:46:03: Server cvar "@MOTDCommands" = "1.2"
L 12/26/2019 - 21:46:03: Server cvar "advanced_quake_sounds" = "5.0"
L 12/26/2019 - 21:46:03: Server cvar "AdvancedMute" = "1.0"
L 12/26/2019 - 21:46:03: Server cvar "aesp_version" = "1.3"
L 12/26/2019 - 21:46:03: Server cvar "allow_spectators" = "1.0"
L 12/26/2019 - 21:46:03: Server cvar "amx_client_languages" = "1"
L 12/26/2019 - 21:46:03: Server cvar "amx_language" = "en"
L 12/26/2019 - 21:46:03: Server cvar "amx_nextmap" = "GM_StarWars"
L 12/26/2019 - 21:46:03: Server cvar "amx_ptb_version" = "1.8b3"
L 12/26/2019 - 21:46:03: Server cvar "amx_timeleft" = "00:00"
L 12/26/2019 - 21:46:03: Server cvar "amxmodx_version" = "1.8.2"
L 12/26/2019 - 21:46:03: Server cvar "amxxbg_vip" = "1.0"
L 12/26/2019 - 21:46:03: Server cvar "asp_version" = "4.5.1"
L 12/26/2019 - 21:46:03: Server cvar "atac_version" = "3.0.1"
L 12/26/2019 - 21:46:03: Server cvar "badcamper_version" = "1.4 beta"
L 12/26/2019 - 21:46:03: Server cvar "blockmaker" = "4.01"
L 12/26/2019 - 21:46:03: Server cvar "c4 timer" = "1.1"
L 12/26/2019 - 21:46:03: Server cvar "coop" = "0"
L 12/26/2019 - 21:46:03: Server cvar "CRXAdminGroups" = "1.0"
L 12/26/2019 - 21:46:03: Server cvar "CRXCommandRestrictions" = "1.0"
L 12/26/2019 - 21:46:03: Server cvar "CRXFastKnife" = "1.0"
L 12/26/2019 - 21:46:03: Server cvar "CRXGametracker" = "2.0"
L 12/26/2019 - 21:46:03: Server cvar "CRXKnifeModels" = "2.5.7"
L 12/26/2019 - 21:46:03: Server cvar "CRXTeamAdvantage" = "1.0"
L 12/26/2019 - 21:46:03: Server cvar "CustomShop" = "4.2"
L 12/26/2019 - 21:46:03: Server cvar "deathmatch" = "1"
L 12/26/2019 - 21:46:03: Server cvar "decalfrequency" = "0"
L 12/26/2019 - 21:46:03: Server cvar "edgefriction" = "2"
L 12/26/2019 - 21:46:03: Server cvar "ers_version" = "2.3c"
L 12/26/2019 - 21:46:03: Server cvar "gagsystem_shoko" = "1.0"
L 12/26/2019 - 21:46:03: Server cvar "gal_mapcyclefile" = "mapcycle.txt"
L 12/26/2019 - 21:46:03: Server cvar "gal_version" = "v5.9.1-926"
L 12/26/2019 - 21:46:03: Server cvar "game_version" = "5.7.0.313-dev"
L 12/26/2019 - 21:46:03: Server cvar "humans_join_team" = "any"
L 12/26/2019 - 21:46:03: Server cvar "jtp10181" = "chute,gore"
L 12/26/2019 - 21:46:03: Server cvar "lawliet" = "ny_RainingSnow"
L 12/26/2019 - 21:46:03: Server cvar "LetitSnow" = "1.0"
L 12/26/2019 - 21:46:03: Server cvar "map_spawns" = "T(16) CT(16)"
L 12/26/2019 - 21:46:03: Server cvar "max_queries_sec" = "3"
L 12/26/2019 - 21:46:03: Server cvar "max_queries_sec_global" = "150"
L 12/26/2019 - 21:46:03: Server cvar "max_queries_window" = "60"
L 12/26/2019 - 21:46:03: Server cvar "mdbBans" = "4.8"
L 12/26/2019 - 21:46:03: Server cvar "metamod_version" = "1.21p37"
L 12/26/2019 - 21:46:03: Server cvar "mp_autokick" = "0"
L 12/26/2019 - 21:46:03: Server cvar "mp_autokick_timeout" = "-1"
L 12/26/2019 - 21:46:03: Server cvar "mp_autoteambalance" = "0"
L 12/26/2019 - 21:46:03: Server cvar "mp_buytime" = "0.25"
L 12/26/2019 - 21:46:03: Server cvar "mp_c4timer" = "35"
L 12/26/2019 - 21:46:03: Server cvar "mp_chattime" = "10.000000"
L 12/26/2019 - 21:46:03: Server cvar "mp_consistency" = "1"
L 12/26/2019 - 21:46:03: Server cvar "mp_fadetoblack" = "0"
L 12/26/2019 - 21:46:03: Server cvar "mp_flashlight" = "1"
L 12/26/2019 - 21:46:03: Server cvar "mp_footsteps" = "1"
L 12/26/2019 - 21:46:03: Server cvar "mp_forcecamera" = "0"
L 12/26/2019 - 21:46:03: Server cvar "mp_forcechasecam" = "0"
L 12/26/2019 - 21:46:03: Server cvar "mp_forcerespawn" = "0"
L 12/26/2019 - 21:46:03: Server cvar "mp_fraglimit" = "0"
L 12/26/2019 - 21:46:03: Server cvar "mp_fragsleft" = "0"
L 12/26/2019 - 21:46:03: Server cvar "mp_freeforall" = "0"
L 12/26/2019 - 21:46:03: Server cvar "mp_freezetime" = "1"
L 12/26/2019 - 21:46:03: Server cvar "mp_friendlyfire" = "0"
L 12/26/2019 - 21:46:03: Server cvar "mp_hostage_hurtable" = "1"
L 12/26/2019 - 21:46:03: Server cvar "mp_hostagepenalty" = "0"
L 12/26/2019 - 21:46:03: Server cvar "mp_item_staytime" = "300"
L 12/26/2019 - 21:46:03: Server cvar "mp_kickpercent" = "0.66"
L 12/26/2019 - 21:46:03: Server cvar "mp_legacy_bombtarget_touch" = "1"
L 12/26/2019 - 21:46:03: Server cvar "mp_limitteams" = "0"
L 12/26/2019 - 21:46:03: Server cvar "mp_logdetail" = "0"
L 12/26/2019 - 21:46:03: Server cvar "mp_logfile" = "1"
L 12/26/2019 - 21:46:03: Server cvar "mp_logmessages" = "1"
L 12/26/2019 - 21:46:03: Server cvar "mp_mapvoteratio" = "0.66"
L 12/26/2019 - 21:46:03: Server cvar "mp_maxmoney" = "999999"
L 12/26/2019 - 21:46:03: Server cvar "mp_maxrounds" = "0"
L 12/26/2019 - 21:46:03: Server cvar "mp_mirrordamage" = "0"
L 12/26/2019 - 21:46:03: Server cvar "mp_old_bomb_defused_sound" = "1"
L 12/26/2019 - 21:46:03: Server cvar "mp_playerid" = "0"
L 12/26/2019 - 21:46:03: Server cvar "mp_respawn_immunitytime" = "0"
L 12/26/2019 - 21:46:03: Server cvar "mp_round_infinite" = "0"
L 12/26/2019 - 21:46:03: Server cvar "mp_round_restart_delay" = "5"
L 12/26/2019 - 21:46:03: Server cvar "mp_roundover" = "0"
L 12/26/2019 - 21:46:03: Server cvar "mp_roundtime" = "2.3"
L 12/26/2019 - 21:46:03: Server cvar "mp_show_radioicon" = "1"
L 12/26/2019 - 21:46:03: Server cvar "mp_startmoney" = "850"
L 12/26/2019 - 21:46:03: Server cvar "mp_timeleft" = "00:00"
L 12/26/2019 - 21:46:03: Server cvar "mp_timelimit" = "20.000000"
L 12/26/2019 - 21:46:03: Server cvar "mp_tkpunish" = "0"
L 12/26/2019 - 21:46:03: Server cvar "mp_windifference" = "1"
L 12/26/2019 - 21:46:03: Server cvar "mp_winlimit" = "0"
L 12/26/2019 - 21:46:03: Server cvar "NoWeaponsOnGround" = "1.0"
L 12/26/2019 - 21:46:03: Server cvar "pausable" = "0"
L 12/26/2019 - 21:46:03: Server cvar "present_version" = "2.01"
L 12/26/2019 - 21:46:03: Server cvar "RandomHP" = "2.2"
L 12/26/2019 - 21:46:03: Server cvar "reauthcheck_version" = "0.1.6"
L 12/26/2019 - 21:46:03: Server cvar "reconnect_features" = "0.3.1"
L 12/26/2019 - 21:46:03: Server cvar "report_system_version" = "3.1"
L 12/26/2019 - 21:46:03: Server cvar "resemiclip_version" = "2.3.9"
L 12/26/2019 - 21:46:03: Server cvar "reu_version" = "0.1.0.130"
L 12/26/2019 - 21:46:03: Server cvar "revoice_version" = "0.1.0.30"
L 12/26/2019 - 21:46:03: Server cvar "RRWM" = "2.0"
L 12/26/2019 - 21:46:03: Server cvar "sanksounds_version" = "1.8.6"
L 12/26/2019 - 21:46:03: Server cvar "SimpleMenu" = "1.1"
L 12/26/2019 - 21:46:03: Server cvar "SNAC_Version" = "1.1"
L 12/26/2019 - 21:46:03: Server cvar "SpecList" = "1.2a"
L 12/26/2019 - 21:46:03: Server cvar "sr_version" = "1.6"
L 12/26/2019 - 21:46:03: Server cvar "statsx_shell_ver" = "2.0.0 (BETA)"
L 12/26/2019 - 21:46:03: Server cvar "StyleC4Timer" = "2.1"
L 12/26/2019 - 21:46:03: Server cvar "sv_accelerate" = "5"
L 12/26/2019 - 21:46:03: Server cvar "sv_aim" = "1"
L 12/26/2019 - 21:46:03: Server cvar "sv_airaccelerate" = "100"
L 12/26/2019 - 21:46:03: Server cvar "sv_allowupload" = "1"
L 12/26/2019 - 21:46:03: Server cvar "sv_alltalk" = "1"
L 12/26/2019 - 21:46:03: Server cvar "sv_bounce" = "1"
L 12/26/2019 - 21:46:03: Server cvar "sv_cheats" = "0"
L 12/26/2019 - 21:46:03: Server cvar "sv_clienttrace" = "1"
L 12/26/2019 - 21:46:03: Server cvar "sv_contact" = "feruchio599@gmail.com"
L 12/26/2019 - 21:46:03: Server cvar "sv_friction" = "4"
L 12/26/2019 - 21:46:03: Server cvar "sv_gravity" = "800"
L 12/26/2019 - 21:46:03: Server cvar "sv_logblocks" = "0"
L 12/26/2019 - 21:46:03: Server cvar "sv_maxrate" = "50000"
L 12/26/2019 - 21:46:03: Server cvar "sv_maxspeed" = "900.000000"
L 12/26/2019 - 21:46:03: Server cvar "sv_minrate" = "10000"
L 12/26/2019 - 21:46:03: Server cvar "sv_password" = ""
L 12/26/2019 - 21:46:03: Server cvar "sv_proxies" = "1"
L 12/26/2019 - 21:46:03: Server cvar "sv_restart" = "0"
L 12/26/2019 - 21:46:03: Server cvar "sv_restartround" = "0"
L 12/26/2019 - 21:46:03: Server cvar "sv_stepsize" = "18"
L 12/26/2019 - 21:46:03: Server cvar "sv_stopspeed" = "75"
L 12/26/2019 - 21:46:03: Server cvar "sv_uploadmax" = "0.5"
L 12/26/2019 - 21:46:03: Server cvar "sv_version" = "1.1.2.7/Stdio,48,1621"
L 12/26/2019 - 21:46:03: Server cvar "sv_voiceenable" = "1"
L 12/26/2019 - 21:46:03: Server cvar "sv_wateraccelerate" = "10"
L 12/26/2019 - 21:46:03: Server cvar "sv_waterfriction" = "1"
L 12/26/2019 - 21:46:03: Server cvar "Team_Semiclip_version" = "3.3.1"
L 12/26/2019 - 21:46:03: Server cvar "vehicle_real_killer" = "1.1"
L 12/26/2019 - 21:46:03: Server cvar "WalkGuard" = "1.3.2"
L 12/26/2019 - 21:46:03: Server cvar "we_grenades" = "Huehue"
L 12/26/2019 - 21:46:03: Server cvar "we_player_models" = "Huehue"
L 12/26/2019 - 21:46:03: Server cvar "whb_version" = "1.5.692"
L 12/26/2019 - 21:46:03: Server cvar "zp_jp_version" = "Extra Item Jetpack+Bazooka v3.2"
L 12/26/2019 - 21:46:03: Server cvars end
L 12/26/2019 - 21:46:05: Server cvar "sv_maxspeed" = "900"
L 12/26/2019 - 21:46:05: Server cvar "mp_autoteambalance" = "1"
L 12/26/2019 - 21:46:05: Server cvar "mp_timelimit" = "20"
L 12/26/2019 - 21:46:06: Server cvar "mp_autoteambalance" = "0"
L 12/26/2019 - 21:46:06: Server cvar "amx_nextmap" = "[not yet voted on]"
L 12/26/2019 - 21:46:07: Started map "GM_StarWars" (CRC "1861694934")
L 12/26/2019 - 21:46:09: World triggered "Round_Start"
L 12/26/2019 - 21:46:10: "Mr.Knife<249><STEAM_1:1:1973042010><>" entered the game
L 12/26/2019 - 21:46:11: "NOOB :D<279><STEAM_2:1:1392295388><>" entered the game
L 12/26/2019 - 21:46:11: "Maverick<250><STEAM_0:0:37264973><>" entered the game
L 12/26/2019 - 21:46:12: "Foxcon<273><STEAM_1:1:41823316><>" entered the game
L 12/26/2019 - 21:46:12: "soldieR-<280><STEAM_0:1:91836881><>" connected, address "178.75.231.230:27005"
L 12/26/2019 - 21:46:12: "soldieR-<280><STEAM_0:1:91836881><>" STEAM USERID validated
L 12/26/2019 - 21:46:13: "NOOB :D<279><STEAM_2:1:1392295388><>" joined team "TERRORIST"
L 12/26/2019 - 21:46:14: "Mr.Knife<249><STEAM_1:1:1973042010><>" joined team "CT"
L 12/26/2019 - 21:46:14: "<Warrior> Player<277><STEAM_1:0:889748961><>" entered the game
L 12/26/2019 - 21:46:14: World triggered "Game_Commencing"
L 12/26/2019 - 21:46:14: World triggered "Game_Commencing" (CT "0") (T "0")
L 12/26/2019 - 21:46:14: World triggered "Round_End"
L 12/26/2019 - 21:46:15: "Saad<253><STEAM_0:1:113405507><>" entered the game
L 12/26/2019 - 21:46:15: "soldieR-<280><STEAM_0:1:91836881><>" entered the game
L 12/26/2019 - 21:46:16: "soldieR-<280><STEAM_0:1:91836881><>" joined team "CT"
L 12/26/2019 - 21:46:18: World triggered "Round_Start"
L 12/26/2019 - 21:46:18: "<Warrior> Player<277><STEAM_1:0:889748961><>" joined team "CT"
L 12/26/2019 - 21:46:20: "Foxcon<273><STEAM_1:1:41823316><>" joined team "CT"
L 12/26/2019 - 21:46:20: [REUNION]: play :D (85.11.141.214) authorized as NoSteam47
L 12/26/2019 - 21:46:20: "play :D<281><VALVE_ID_LAN><>" connected, address "85.11.141.214:27005"
L 12/26/2019 - 21:46:29: "Maverick<250><STEAM_0:0:37264973><>" joined team "TERRORIST"
L 12/26/2019 - 21:46:30: "jesse_pinkman<282><STEAM_0:1:526796648><>" connected, address "151.251.252.124:10775"
L 12/26/2019 - 21:46:31: "jesse_pinkman<282><STEAM_0:1:526796648><>" STEAM USERID validated
L 12/26/2019 - 21:46:31: "Ludia :D<266><STEAM_1:0:186885685><>" entered the game
L 12/26/2019 - 21:46:32: "Foxcon<273><STEAM_1:1:41823316><CT>" disconnected
L 12/26/2019 - 21:46:33: [REUNION]: Foxcon (37.220.68.177) authorized as RevEmu
L 12/26/2019 - 21:46:33: "Foxcon<283><STEAM_1:1:41823316><>" connected, address "37.220.68.177:26769"
L 12/26/2019 - 21:46:34: "Ludia :D<266><STEAM_1:0:186885685><>" joined team "TERRORIST"
L 12/26/2019 - 21:46:35: "soldieR-<280><STEAM_0:1:91836881><CT>" killed "NOOB :D<279><STEAM_2:1:1392295388><TERRORIST>" with "usp"
L 12/26/2019 - 21:46:37: "Foxcon<283><STEAM_1:1:41823316><>" entered the game
L 12/26/2019 - 21:46:37: [REUNION]: BAD BOY (178.169.239.222) authorized as RevEmu
L 12/26/2019 - 21:46:37: "BAD BOY<284><STEAM_1:1:175462098><>" connected, address "178.169.239.222:27005"
L 12/26/2019 - 21:46:38: [REUNION]: play :D (85.11.141.214) authorized as NoSteam47
L 12/26/2019 - 21:46:38: "play :D<285><VALVE_ID_LAN><>" connected, address "85.11.141.214:27005"
L 12/26/2019 - 21:46:40: "Foxcon<283><STEAM_1:1:41823316><>" joined team "SPECTATOR"
L 12/26/2019 - 21:46:41: "BAD BOY<284><STEAM_1:1:175462098><>" entered the game
L 12/26/2019 - 21:46:46: "BAD BOY<284><STEAM_1:1:175462098><>" joined team "TERRORIST"
L 12/26/2019 - 21:46:47: "soldieR-<280><STEAM_0:1:91836881><CT>" killed "Maverick<250><STEAM_0:0:37264973><TERRORIST>" with "usp"
L 12/26/2019 - 21:46:51: "soldieR-<280><STEAM_0:1:91836881><CT>" killed "Ludia :D<266><STEAM_1:0:186885685><TERRORIST>" with "usp"
L 12/26/2019 - 21:46:51: Team "CT" triggered "CTs_Win" (CT "1") (T "0")
L 12/26/2019 - 21:46:51: World triggered "Round_End"
L 12/26/2019 - 21:46:57: World triggered "Round_Start"
L 12/26/2019 - 21:47:14: "Saad<253><STEAM_0:1:113405507><>" joined team "SPECTATOR"
L 12/26/2019 - 21:47:18: "soldieR-<280><STEAM_0:1:91836881><CT>" killed "Ludia :D<266><STEAM_1:0:186885685><TERRORIST>" with "awp"
L 12/26/2019 - 21:47:22: [REUNION]: play :D (85.11.141.214) authorized as NoSteam47
L 12/26/2019 - 21:47:22: "play :D<286><VALVE_ID_LAN><>" connected, address "85.11.141.214:27005"
L 12/26/2019 - 21:47:29: "soldieR-<280><STEAM_0:1:91836881><CT>" killed "BAD BOY<284><STEAM_1:1:175462098><TERRORIST>" with "awp"
L 12/26/2019 - 21:47:43: "<Warrior> Player<277><STEAM_1:0:889748961><CT>" killed "NOOB :D<279><STEAM_2:1:1392295388><TERRORIST>" with "awp"
L 12/26/2019 - 21:47:46: "Mr.Knife<249><STEAM_1:1:1973042010><CT>" killed "Maverick<250><STEAM_0:0:37264973><TERRORIST>" with "awp"
L 12/26/2019 - 21:47:46: Team "CT" triggered "CTs_Win" (CT "2") (T "0")
L 12/26/2019 - 21:47:46: World triggered "Round_End"
L 12/26/2019 - 21:47:51: "Mr.Knife<249><STEAM_1:1:1973042010><CT>" joined team "TERRORIST"
L 12/26/2019 - 21:47:51: "<><><>" triggered "amx_chat" (text "[PTB] Transfered Mr.Knife to TERRORIST")
L 12/26/2019 - 21:47:52: World triggered "Round_Start"
L 12/26/2019 - 21:48:11: "soldieR-<280><STEAM_0:1:91836881><CT>" killed "Mr.Knife<249><STEAM_1:1:1973042010><TERRORIST>" with "awp"
L 12/26/2019 - 21:48:13: "Ludia :D<266><STEAM_1:0:186885685><TERRORIST>" killed "<Warrior> Player<277><STEAM_1:0:889748961><CT>" with "ak47"
L 12/26/2019 - 21:48:51: "soldieR-<280><STEAM_0:1:91836881><CT>" killed "Maverick<250><STEAM_0:0:37264973><TERRORIST>" with "elite"
L 12/26/2019 - 21:48:54: "BAD BOY<284><STEAM_1:1:175462098><TERRORIST>" killed "soldieR-<280><STEAM_0:1:91836881><CT>" with "awp"
L 12/26/2019 - 21:48:54: Team "TERRORIST" triggered "Terrorists_Win" (CT "2") (T "1")
L 12/26/2019 - 21:48:54: World triggered "Round_End"
L 12/26/2019 - 21:49:00: World triggered "Round_Start"
L 12/26/2019 - 21:49:02: "Saad<253><STEAM_0:1:113405507><SPECTATOR>" joined team "CT"
L 12/26/2019 - 21:49:15: "soldieR-<280><STEAM_0:1:91836881><CT>" killed "NOOB :D<279><STEAM_2:1:1392295388><TERRORIST>" with "m4a1"
L 12/26/2019 - 21:49:19: "soldieR-<280><STEAM_0:1:91836881><CT>" killed "Ludia :D<266><STEAM_1:0:186885685><TERRORIST>" with "m4a1"
L 12/26/2019 - 21:49:24: "jesse_pinkman<282><STEAM_0:1:526796648><>" entered the game
L 12/26/2019 - 21:49:26: "jesse_pinkman<282><STEAM_0:1:526796648><>" joined team "CT"
L 12/26/2019 - 21:49:30: "uh oh stinky<287><STEAM_0:1:160665695><>" connected, address "102.115.181.195:27005"
L 12/26/2019 - 21:49:31: "uh oh stinky<287><STEAM_0:1:160665695><>" STEAM USERID validated
L 12/26/2019 - 21:49:48: "BAD BOY<284><STEAM_1:1:175462098><TERRORIST>" killed "soldieR-<280><STEAM_0:1:91836881><CT>" with "awp"
L 12/26/2019 - 21:49:55: "Mr.Knife<249><STEAM_1:1:1973042010><TERRORIST>" killed "<Warrior> Player<277><STEAM_1:0:889748961><CT>" with "awp"
L 12/26/2019 - 21:50:20: "BAD BOY<284><STEAM_1:1:175462098><TERRORIST>" killed "Saad<253><STEAM_0:1:113405507><CT>" with "awp"
L 12/26/2019 - 21:50:20: Team "TERRORIST" triggered "Terrorists_Win" (CT "2") (T "2")
L 12/26/2019 - 21:50:20: World triggered "Round_End"
L 12/26/2019 - 21:50:26: World triggered "Round_Start"
L 12/26/2019 - 21:50:41: "soldieR-<280><STEAM_0:1:91836881><CT>" killed "Ludia :D<266><STEAM_1:0:186885685><TERRORIST>" with "m4a1"
L 12/26/2019 - 21:50:49: "jesse_pinkman<282><STEAM_0:1:526796648><CT>" killed "NOOB :D<279><STEAM_2:1:1392295388><TERRORIST>" with "m4a1"
L 12/26/2019 - 21:50:53: "BAD BOY<284><STEAM_1:1:175462098><TERRORIST>" killed "soldieR-<280><STEAM_0:1:91836881><CT>" with "awp"
L 12/26/2019 - 21:50:56: "BAD BOY<284><STEAM_1:1:175462098><TERRORIST>" killed "jesse_pinkman<282><STEAM_0:1:526796648><CT>" with "awp"
L 12/26/2019 - 21:51:13: "<Warrior> Player<277><STEAM_1:0:889748961><CT>" killed "BAD BOY<284><STEAM_1:1:175462098><TERRORIST>" with "m4a1"
L 12/26/2019 - 21:51:35: "Mr.Knife<249><STEAM_1:1:1973042010><TERRORIST>" killed "<Warrior> Player<277><STEAM_1:0:889748961><CT>" with "awp"
L 12/26/2019 - 21:51:43: "Saad<253><STEAM_0:1:113405507><CT>" killed "Maverick<250><STEAM_0:0:37264973><TERRORIST>" with "knife"
L 12/26/2019 - 21:52:10: [REUNION]: 2Pacalypse (130.185.211.206) authorized as NoSteam47
L 12/26/2019 - 21:52:10: "2Pacalypse<288><VALVE_ID_LAN><>" connected, address "130.185.211.206:27005"
L 12/26/2019 - 21:52:23: "2Pacalypse<288><VALVE_ID_LAN><>" entered the game
L 12/26/2019 - 21:52:32: "Foxcon<283><STEAM_1:1:41823316><SPECTATOR>" joined team "CT"
L 12/26/2019 - 21:52:33: "2Pacalypse<288><VALVE_ID_LAN><>" joined team "CT"
L 12/26/2019 - 21:52:38: "Saad<253><STEAM_0:1:113405507><CT>" committed suicide with "world"
L 12/26/2019 - 21:52:38: Team "TERRORIST" triggered "Terrorists_Win" (CT "2") (T "3")
L 12/26/2019 - 21:52:38: World triggered "Round_End"
L 12/26/2019 - 21:52:44: World triggered "Round_Start"
L 12/26/2019 - 21:53:04: "jesse_pinkman<282><STEAM_0:1:526796648><CT>" killed "Ludia :D<266><STEAM_1:0:186885685><TERRORIST>" with "m4a1"
L 12/26/2019 - 21:53:05: "2Pacalypse<288><VALVE_ID_LAN><CT>" killed "Mr.Knife<249><STEAM_1:1:1973042010><TERRORIST>" with "m4a1"
L 12/26/2019 - 21:53:12: "2Pacalypse<288><VALVE_ID_LAN><CT>" killed "NOOB :D<279><STEAM_2:1:1392295388><TERRORIST>" with "m4a1"
L 12/26/2019 - 21:53:15: "jesse_pinkman<282><STEAM_0:1:526796648><CT>" killed "Maverick<250><STEAM_0:0:37264973><TERRORIST>" with "m4a1"
L 12/26/2019 - 21:53:20: "BAD BOY<284><STEAM_1:1:175462098><TERRORIST>" killed "2Pacalypse<288><VALVE_ID_LAN><CT>" with "awp"
L 12/26/2019 - 21:53:36: "soldieR-<280><STEAM_0:1:91836881><CT>" committed suicide with "world"
L 12/26/2019 - 21:53:38: "Saad<253><STEAM_0:1:113405507><CT>" committed suicide with "world"
L 12/26/2019 - 21:53:43: "BAD BOY<284><STEAM_1:1:175462098><TERRORIST>" killed "jesse_pinkman<282><STEAM_0:1:526796648><CT>" with "awp"
L 12/26/2019 - 21:53:49: "BAD BOY<284><STEAM_1:1:175462098><TERRORIST>" killed "<Warrior> Player<277><STEAM_1:0:889748961><CT>" with "awp"
L 12/26/2019 - 21:54:02: [REUNION]: 19 Panzerwaffe 14 (84.252.35.205) authorized as NoSteam47
L 12/26/2019 - 21:54:02: "19 Panzerwaffe 14<289><VALVE_ID_LAN><>" connected, address "84.252.35.205:27005"
L 12/26/2019 - 21:54:45: "Foxcon<283><STEAM_1:1:41823316><CT>" killed "BAD BOY<284><STEAM_1:1:175462098><TERRORIST>" with "awp"
L 12/26/2019 - 21:54:45: Team "CT" triggered "CTs_Win" (CT "3") (T "3")
L 12/26/2019 - 21:54:45: World triggered "Round_End"
L 12/26/2019 - 21:54:49: "Foxcon<283><STEAM_1:1:41823316><CT>" committed suicide with "worldspawn" (world)
L 12/26/2019 - 21:54:50: "soldieR-<280><STEAM_0:1:91836881><CT>" joined team "TERRORIST"
L 12/26/2019 - 21:54:50: "<><><>" triggered "amx_chat" (text "[PTB] Transfered soldieR- to TERRORIST")
L 12/26/2019 - 21:54:51: World triggered "Round_Start"
L 12/26/2019 - 21:54:54: "soldieR-<280><STEAM_0:1:91836881><TERRORIST>" committed suicide with "world"
L 12/26/2019 - 21:54:54: "soldieR-<280><STEAM_0:1:91836881><TERRORIST>" joined team "SPECTATOR"
L 12/26/2019 - 21:55:02: [REUNION]: 19 Panzerwaffe 14 (84.252.35.205) authorized as NoSteam47
L 12/26/2019 - 21:55:02: "19 Panzerwaffe 14<290><VALVE_ID_LAN><>" connected, address "84.252.35.205:27005"
L 12/26/2019 - 21:55:08: "soldieR-<280><STEAM_0:1:91836881><SPECTATOR>" joined team "CT"
L 12/26/2019 - 21:55:09: "uh oh stinky<291><STEAM_0:1:160665695><>" connected, address "102.115.181.195:27005"
L 12/26/2019 - 21:55:09: "uh oh stinky<291><STEAM_0:1:160665695><>" STEAM USERID validated
L 12/26/2019 - 21:55:14: "Saad<253><STEAM_0:1:113405507><CT>" committed suicide with "world"
L 12/26/2019 - 21:55:14: "Saad<253><STEAM_0:1:113405507><CT>" joined team "SPECTATOR"
L 12/26/2019 - 21:55:20: "BAD BOY<284><STEAM_1:1:175462098><TERRORIST>" killed "2Pacalypse<288><VALVE_ID_LAN><CT>" with "ak47"
L 12/26/2019 - 21:55:21: "soldieR-<280><STEAM_0:1:91836881><CT>" joined team "TERRORIST"
L 12/26/2019 - 21:55:27: "Foxcon<283><STEAM_1:1:41823316><CT>" killed "Ludia :D<266><STEAM_1:0:186885685><TERRORIST>" with "usp"
L 12/26/2019 - 21:55:29: "jesse_pinkman<282><STEAM_0:1:526796648><CT>" killed "Mr.Knife<249><STEAM_1:1:1973042010><TERRORIST>" with "m4a1"
L 12/26/2019 - 21:55:29: "BAD BOY<284><STEAM_1:1:175462098><TERRORIST>" killed "Foxcon<283><STEAM_1:1:41823316><CT>" with "ak47"
L 12/26/2019 - 21:55:35: "soldieR-<280><STEAM_0:1:91836881><TERRORIST>" disconnected
L 12/26/2019 - 21:55:36: "jesse_pinkman<282><STEAM_0:1:526796648><CT>" killed "NOOB :D<279><STEAM_2:1:1392295388><TERRORIST>" with "m4a1"
L 12/26/2019 - 21:55:42: "<Warrior> Player<277><STEAM_1:0:889748961><CT>" killed "Maverick<250><STEAM_0:0:37264973><TERRORIST>" with "m4a1"
L 12/26/2019 - 21:55:42: "Maverick<250><STEAM_0:0:37264973><TERRORIST>" killed "<Warrior> Player<277><STEAM_1:0:889748961><CT>" with "tracktrain"
L 12/26/2019 - 21:55:47: "jesse_pinkman<282><STEAM_0:1:526796648><CT>" killed "BAD BOY<284><STEAM_1:1:175462098><TERRORIST>" with "m4a1"
L 12/26/2019 - 21:55:47: Team "CT" triggered "CTs_Win" (CT "4") (T "3")
L 12/26/2019 - 21:55:47: World triggered "Round_End"
L 12/26/2019 - 21:55:53: World triggered "Round_Start"
L 12/26/2019 - 21:56:08: "Ludia :D<266><STEAM_1:0:186885685><TERRORIST>" killed "jesse_pinkman<282><STEAM_0:1:526796648><CT>" with "tracktrain"
L 12/26/2019 - 21:56:10: "Foxcon<283><STEAM_1:1:41823316><CT>" killed "NOOB :D<279><STEAM_2:1:1392295388><TERRORIST>" with "ump45"
L 12/26/2019 - 21:56:13: "Foxcon<283><STEAM_1:1:41823316><CT>" killed "Ludia :D<266><STEAM_1:0:186885685><TERRORIST>" with "elite"
L 12/26/2019 - 21:56:25: "BAD BOY<284><STEAM_1:1:175462098><TERRORIST>" killed "Foxcon<283><STEAM_1:1:41823316><CT>" with "ump45"
L 12/26/2019 - 21:56:33: "Mr.Knife<249><STEAM_1:1:1973042010><TERRORIST>" killed "2Pacalypse<288><VALVE_ID_LAN><CT>" with "ump45"
L 12/26/2019 - 21:56:58: "<Warrior> Player<277><STEAM_1:0:889748961><CT>" killed "Mr.Knife<249><STEAM_1:1:1973042010><TERRORIST>" with "ump45"
L 12/26/2019 - 21:57:15: "<Warrior> Player<277><STEAM_1:0:889748961><CT>" killed "BAD BOY<284><STEAM_1:1:175462098><TERRORIST>" with "ump45"
L 12/26/2019 - 21:57:21: Kick: "Foxcon<283><STEAM_1:1:41823316><>" was kicked by "Console" (message ""You have been Kicked for Spamming"")
L 12/26/2019 - 21:57:21: "Foxcon<283><STEAM_1:1:41823316><CT>" disconnected
L 12/26/2019 - 21:57:24: "NOOB :D<279><STEAM_2:1:1392295388><TERRORIST>" joined team "SPECTATOR"
L 12/26/2019 - 21:57:26: [REUNION]: Foxcon (37.220.68.177) authorized as RevEmu
L 12/26/2019 - 21:57:26: "Foxcon<292><STEAM_1:1:41823316><>" connected, address "37.220.68.177:26769"
L 12/26/2019 - 21:57:31: "Foxcon<292><STEAM_1:1:41823316><>" entered the game
L 12/26/2019 - 21:57:35: "Foxcon<292><STEAM_1:1:41823316><>" joined team "CT"
L 12/26/2019 - 21:57:37: "NOOB :D<279><STEAM_2:1:1392295388><SPECTATOR>" joined team "CT"
L 12/26/2019 - 21:57:56: "Maverick<250><STEAM_0:0:37264973><TERRORIST>" killed "<Warrior> Player<277><STEAM_1:0:889748961><CT>" with "elite"
L 12/26/2019 - 21:57:56: Team "TERRORIST" triggered "Terrorists_Win" (CT "4") (T "4")
L 12/26/2019 - 21:57:56: World triggered "Round_End"
L 12/26/2019 - 21:57:57: "19 Panzerwaffe 14<290><VALVE_ID_LAN><>" entered the game
L 12/26/2019 - 21:58:02: World triggered "Round_Start"
L 12/26/2019 - 21:58:02: "19 Panzerwaffe 14<290><VALVE_ID_LAN><>" joined team "CT"
L 12/26/2019 - 21:58:15: "2Pacalypse<288><VALVE_ID_LAN><CT>" killed "Maverick<250><STEAM_0:0:37264973><TERRORIST>" with "m4a1"
L 12/26/2019 - 21:58:27: "Mr.Knife<249><STEAM_1:1:1973042010><TERRORIST>" killed "jesse_pinkman<282><STEAM_0:1:526796648><CT>" with "awp"
L 12/26/2019 - 21:58:29: "<Warrior> Player<277><STEAM_1:0:889748961><CT>" killed "BAD BOY<284><STEAM_1:1:175462098><TERRORIST>" with "m4a1"
L 12/26/2019 - 21:58:33: "Mr.Knife<249><STEAM_1:1:1973042010><TERRORIST>" killed "Foxcon<292><STEAM_1:1:41823316><CT>" with "awp"
L 12/26/2019 - 21:58:42: "2Pacalypse<288><VALVE_ID_LAN><CT>" killed "Mr.Knife<249><STEAM_1:1:1973042010><TERRORIST>" with "m4a1"
L 12/26/2019 - 21:58:47: "NOOB :D<279><STEAM_2:1:1392295388><CT>" killed "Ludia :D<266><STEAM_1:0:186885685><TERRORIST>" with "famas"
L 12/26/2019 - 21:58:47: Team "CT" triggered "CTs_Win" (CT "5") (T "4")
L 12/26/2019 - 21:58:47: World triggered "Round_End"
L 12/26/2019 - 21:58:47: "19 Panzerwaffe 14<290><VALVE_ID_LAN><CT>" killed "2Pacalypse<288><VALVE_ID_LAN><CT>" with "tracktrain"
L 12/26/2019 - 21:58:52: "NOOB :D<279><STEAM_2:1:1392295388><CT>" committed suicide with "worldspawn" (world)
L 12/26/2019 - 21:58:53: World triggered "Round_Start"
L 12/26/2019 - 21:59:10: "BAD BOY<284><STEAM_1:1:175462098><TERRORIST>" killed "<Warrior> Player<277><STEAM_1:0:889748961><CT>" with "ak47"
L 12/26/2019 - 21:59:13: "Mr.Knife<249><STEAM_1:1:1973042010><TERRORIST>" killed "NOOB :D<279><STEAM_2:1:1392295388><CT>" with "awp"
L 12/26/2019 - 21:59:15: "jesse_pinkman<282><STEAM_0:1:526796648><CT>" killed "Maverick<250><STEAM_0:0:37264973><TERRORIST>" with "tracktrain"
L 12/26/2019 - 21:59:18: "NOOB :D<279><STEAM_2:1:1392295388><CT>" disconnected
L 12/26/2019 - 21:59:33: "Mr.Knife<249><STEAM_1:1:1973042010><TERRORIST>" killed "jesse_pinkman<282><STEAM_0:1:526796648><CT>" with "awp"
L 12/26/2019 - 21:59:37: "Foxcon<292><STEAM_1:1:41823316><CT>" committed suicide with "world"
L 12/26/2019 - 21:59:46: "19 Panzerwaffe 14<290><VALVE_ID_LAN><CT>" killed "BAD BOY<284><STEAM_1:1:175462098><TERRORIST>" with "famas"
L 12/26/2019 - 21:59:55: "Foxcon<292><STEAM_1:1:41823316><CT>" disconnected
L 12/26/2019 - 22:00:00: "Mr.Knife<249><STEAM_1:1:1973042010><TERRORIST>" killed "19 Panzerwaffe 14<290><VALVE_ID_LAN><CT>" with "awp"
L 12/26/2019 - 22:00:15: "2Pacalypse<288><VALVE_ID_LAN><CT>" killed "Ludia :D<266><STEAM_1:0:186885685><TERRORIST>" with "m4a1"
L 12/26/2019 - 22:00:23: "2Pacalypse<288><VALVE_ID_LAN><CT>" killed "Mr.Knife<249><STEAM_1:1:1973042010><TERRORIST>" with "m4a1"
L 12/26/2019 - 22:00:23: Team "CT" triggered "CTs_Win" (CT "6") (T "4")
L 12/26/2019 - 22:00:23: World triggered "Round_End"
L 12/26/2019 - 22:00:29: World triggered "Round_Start"
L 12/26/2019 - 22:00:52: "2Pacalypse<288><VALVE_ID_LAN><CT>" killed "Mr.Knife<249><STEAM_1:1:1973042010><TERRORIST>" with "m4a1"
L 12/26/2019 - 22:00:56: "2Pacalypse<288><VALVE_ID_LAN><CT>" killed "Ludia :D<266><STEAM_1:0:186885685><TERRORIST>" with "m4a1"
L 12/26/2019 - 22:01:01: "2Pacalypse<288><VALVE_ID_LAN><CT>" killed "Maverick<250><STEAM_0:0:37264973><TERRORIST>" with "m4a1"
L 12/26/2019 - 22:01:09: "jesse_pinkman<282><STEAM_0:1:526796648><CT>" killed "BAD BOY<284><STEAM_1:1:175462098><TERRORIST>" with "tracktrain"
L 12/26/2019 - 22:01:09: Team "CT" triggered "CTs_Win" (CT "7") (T "4")
L 12/26/2019 - 22:01:09: World triggered "Round_End"
L 12/26/2019 - 22:01:14: "jesse_pinkman<282><STEAM_0:1:526796648><CT>" joined team "TERRORIST"
L 12/26/2019 - 22:01:14: "<><><>" triggered "amx_chat" (text "[PTB] Transfered jesse_pinkman to TERRORIST")
L 12/26/2019 - 22:01:15: World triggered "Round_Start"
L 12/26/2019 - 22:01:33: "Saad<253><STEAM_0:1:113405507><SPECTATOR>" joined team "TERRORIST"
L 12/26/2019 - 22:01:36: "jesse_pinkman<282><STEAM_0:1:526796648><TERRORIST>" killed "2Pacalypse<288><VALVE_ID_LAN><CT>" with "m4a1"
L 12/26/2019 - 22:01:36: "BAD BOY<284><STEAM_1:1:175462098><TERRORIST>" killed "19 Panzerwaffe 14<290><VALVE_ID_LAN><CT>" with "m4a1"
L 12/26/2019 - 22:01:40: "<Warrior> Player<277><STEAM_1:0:889748961><CT>" killed "jesse_pinkman<282><STEAM_0:1:526796648><TERRORIST>" with "m4a1"
L 12/26/2019 - 22:01:46: "BAD BOY<284><STEAM_1:1:175462098><TERRORIST>" killed "<Warrior> Player<277><STEAM_1:0:889748961><CT>" with "m4a1"
L 12/26/2019 - 22:01:46: Team "TERRORIST" triggered "Terrorists_Win" (CT "7") (T "5")
L 12/26/2019 - 22:01:46: World triggered "Round_End"
L 12/26/2019 - 22:01:51: "jesse_pinkman<282><STEAM_0:1:526796648><TERRORIST>" joined team "CT"
L 12/26/2019 - 22:01:52: World triggered "Round_Start"
L 12/26/2019 - 22:02:10: "2Pacalypse<288><VALVE_ID_LAN><CT>" killed "BAD BOY<284><STEAM_1:1:175462098><TERRORIST>" with "m4a1"
L 12/26/2019 - 22:02:13: "2Pacalypse<288><VALVE_ID_LAN><CT>" killed "Ludia :D<266><STEAM_1:0:186885685><TERRORIST>" with "m4a1"
L 12/26/2019 - 22:02:26: "jesse_pinkman<282><STEAM_0:1:526796648><CT>" killed "Mr.Knife<249><STEAM_1:1:1973042010><TERRORIST>" with "deagle"
L 12/26/2019 - 22:02:30: "<Warrior> Player<277><STEAM_1:0:889748961><CT>" killed "Maverick<250><STEAM_0:0:37264973><TERRORIST>" with "m4a1"
L 12/26/2019 - 22:02:42: "2Pacalypse<288><VALVE_ID_LAN><CT>" killed "Saad<253><STEAM_0:1:113405507><TERRORIST>" with "m4a1"
L 12/26/2019 - 22:02:42: Team "CT" triggered "CTs_Win" (CT "8") (T "5")
L 12/26/2019 - 22:02:42: World triggered "Round_End"
L 12/26/2019 - 22:02:48: World triggered "Round_Start"
L 12/26/2019 - 22:02:54: "Saad<253><STEAM_0:1:113405507><TERRORIST>" committed suicide with "world"
L 12/26/2019 - 22:02:54: "Saad<253><STEAM_0:1:113405507><TERRORIST>" joined team "SPECTATOR"
L 12/26/2019 - 22:03:06: "jesse_pinkman<282><STEAM_0:1:526796648><CT>" killed "Ludia :D<266><STEAM_1:0:186885685><TERRORIST>" with "m4a1"
L 12/26/2019 - 22:03:10: "2Pacalypse<288><VALVE_ID_LAN><CT>" killed "Mr.Knife<249><STEAM_1:1:1973042010><TERRORIST>" with "m4a1"
L 12/26/2019 - 22:03:14: "BAD BOY<284><STEAM_1:1:175462098><TERRORIST>" killed "2Pacalypse<288><VALVE_ID_LAN><CT>" with "awp"
L 12/26/2019 - 22:03:21: "jesse_pinkman<282><STEAM_0:1:526796648><CT>" killed "Maverick<250><STEAM_0:0:37264973><TERRORIST>" with "m4a1"
L 12/26/2019 - 22:03:25: "uh oh stinky<293><STEAM_0:1:160665695><>" connected, address "102.115.181.195:27005"
L 12/26/2019 - 22:03:25: "uh oh stinky<293><STEAM_0:1:160665695><>" STEAM USERID validated
L 12/26/2019 - 22:03:34: "BAD BOY<284><STEAM_1:1:175462098><TERRORIST>" killed "<Warrior> Player<277><STEAM_1:0:889748961><CT>" with "awp"
L 12/26/2019 - 22:03:41: "19 Panzerwaffe 14<290><VALVE_ID_LAN><CT>" killed "BAD BOY<284><STEAM_1:1:175462098><TERRORIST>" with "m4a1"
L 12/26/2019 - 22:03:41: Team "CT" triggered "CTs_Win" (CT "9") (T "5")
L 12/26/2019 - 22:03:41: World triggered "Round_End"
L 12/26/2019 - 22:03:45: "19 Panzerwaffe 14<290><VALVE_ID_LAN><CT>" joined team "TERRORIST"
L 12/26/2019 - 22:03:45: "<><><>" triggered "amx_chat" (text "[PTB] Transfered 19 Panzerwaffe 14 to TERRORIST")
L 12/26/2019 - 22:03:47: World triggered "Round_Start"
L 12/26/2019 - 22:04:14: "Mr.Knife<249><STEAM_1:1:1973042010><TERRORIST>" killed "jesse_pinkman<282><STEAM_0:1:526796648><CT>" with "awp"
L 12/26/2019 - 22:04:21: "BAD BOY<284><STEAM_1:1:175462098><TERRORIST>" killed "2Pacalypse<288><VALVE_ID_LAN><CT>" with "ak47"
L 12/26/2019 - 22:04:25: "<Warrior> Player<277><STEAM_1:0:889748961><CT>" killed "Ludia :D<266><STEAM_1:0:186885685><TERRORIST>" with "m4a1"
L 12/26/2019 - 22:04:39: "Maverick<250><STEAM_0:0:37264973><TERRORIST>" committed suicide with "world"
L 12/26/2019 - 22:05:05: "<Warrior> Player<277><STEAM_1:0:889748961><CT>" killed "BAD BOY<284><STEAM_1:1:175462098><TERRORIST>" with "m4a1"
L 12/26/2019 - 22:05:08: Server cvar "amx_nextmap" = "cs_rio"
L 12/26/2019 - 22:05:24: "19 Panzerwaffe 14<290><VALVE_ID_LAN><TERRORIST>" committed suicide with "grenade"
L 12/26/2019 - 22:05:51: Server cvar "mp_timelimit" = "0.000000"
L 12/26/2019 - 22:05:56: "Mr.Knife<249><STEAM_1:1:1973042010><TERRORIST>" killed "<Warrior> Player<277><STEAM_1:0:889748961><CT>" with "awp"
L 12/26/2019 - 22:05:56: Team "TERRORIST" triggered "Terrorists_Win" (CT "9") (T "6")
L 12/26/2019 - 22:05:56: World triggered "Round_End"
L 12/26/2019 - 22:06:02: World triggered "Round_Start"
L 12/26/2019 - 22:06:02: Server cvar "sv_maxspeed" = "0.000000"
L 12/26/2019 - 22:06:02: Server cvar "mp_friendlyfire" = "1"
L 12/26/2019 - 22:06:09: "2Pacalypse<288><VALVE_ID_LAN><CT>" committed suicide with "grenade"
L 12/26/2019 - 22:06:12: "19 Panzerwaffe 14<290><VALVE_ID_LAN><TERRORIST>" killed "Mr.Knife<249><STEAM_1:1:1973042010><TERRORIST>" with "scout"
L 12/26/2019 - 22:06:13: "Ludia :D<266><STEAM_1:0:186885685><TERRORIST>" killed "19 Panzerwaffe 14<290><VALVE_ID_LAN><TERRORIST>" with "grenade"
L 12/26/2019 - 22:06:13: Server cvar "sv_maxspeed" = "900.000000"
L 12/26/2019 - 22:06:13: Server cvar "mp_friendlyfire" = "0"
L 12/26/2019 - 22:06:13: Server cvar "mp_timelimit" = "20.000000"
L 12/26/2019 - 22:06:14: [META] ini: Begin re-reading plugins list: /home/rented/public9/cstrike/addons/metamod/plugins.ini
L 12/26/2019 - 22:06:14: [META] ini: Read plugin config for: SafeNameAndChat
L 12/26/2019 - 22:06:14: [META] ini: Read plugin config for: AMX Mod X
L 12/26/2019 - 22:06:14: [META] ini: Read plugin config for: Reunion
L 12/26/2019 - 22:06:14: [META] ini: Read plugin config for: ReAuthCheck
L 12/26/2019 - 22:06:14: [META] ini: Read plugin config for: WHBlocker
L 12/26/2019 - 22:06:14: [META] ini: Read plugin config for: ReSemiclip
L 12/26/2019 - 22:06:14: [META] ini: Read plugin config for: Revoice
L 12/26/2019 - 22:06:14: [META] ini: Finished reading plugins list: /home/rented/public9/cstrike/addons/metamod/plugins.ini; Found 7 plugins
L 12/26/2019 - 22:06:14: [META] dll: Updating plugins...
L 12/26/2019 - 22:06:14: [META] WARNING: Cannot clear plugin 'SafeNameAndChat'; not marked as failed, empty, or open (status=valid)
L 12/26/2019 - 22:06:14: [META] dll: Unloaded plugin 'SafeNameAndChat' for reason 'file on disk is newer'
L 12/26/2019 - 22:06:14: [META] dll: Loaded plugin 'SafeNameAndChat': SafeNameAndChat v1.1 2017.02.01, WPMG.PRoSToC0der
L 12/26/2019 - 22:06:14: [META] WARNING: Cannot clear plugin 'WHBlocker'; not marked as failed, empty, or open (status=valid)
L 12/26/2019 - 22:06:14: [META] dll: Unloaded plugin 'WHBlocker' for reason 'file on disk is newer'
L 12/26/2019 - 22:06:14: [META] dll: Loaded plugin 'WHBlocker': WHBlocker v1.5.692 2017-04-13, s1lent
L 12/26/2019 - 22:06:14: [META] WARNING: Cannot clear plugin 'ReSemiclip'; not marked as failed, empty, or open (status=valid)
L 12/26/2019 - 22:06:14: [META] dll: Unloaded plugin 'ReSemiclip' for reason 'file on disk is newer'
L 12/26/2019 - 22:06:14: [META] dll: Loaded plugin 'ReSemiclip': ReSemiclip v2.3.9 13/02/17, s1lent & Adidasman
L 12/26/2019 - 22:06:14: [META] dll: Finished updating 14 plugins; kept 0, loaded 0, unloaded 0, reloaded 3, delayed 0
L 12/26/2019 - 22:06:14: "Mr.Knife<249><STEAM_1:1:1973042010><TERRORIST>" disconnected
L 12/26/2019 - 22:06:14: "jesse_pinkman<282><STEAM_0:1:526796648><CT>" disconnected
L 12/26/2019 - 22:06:14: "Ludia :D<266><STEAM_1:0:186885685><TERRORIST>" disconnected
L 12/26/2019 - 22:06:14: "2Pacalypse<288><VALVE_ID_LAN><CT>" disconnected
L 12/26/2019 - 22:06:14: "Maverick<250><STEAM_0:0:37264973><TERRORIST>" disconnected
L 12/26/2019 - 22:06:14: "<Warrior> Player<277><STEAM_1:0:889748961><CT>" disconnected
L 12/26/2019 - 22:06:14: "BAD BOY<284><STEAM_1:1:175462098><TERRORIST>" disconnected
L 12/26/2019 - 22:06:14: World triggered "Round_Draw" (CT "9") (T "6")
L 12/26/2019 - 22:06:14: World triggered "Round_End"
L 12/26/2019 - 22:06:14: "Saad<253><STEAM_0:1:113405507><SPECTATOR>" disconnected
L 12/26/2019 - 22:06:14: "19 Panzerwaffe 14<290><VALVE_ID_LAN><TERRORIST>" disconnected
L 12/26/2019 - 22:06:14: Log file closed
