L 12/28/2019 - 14:44:01: Log file started (file "logs/L1228043.log") (game "cstrike") (version "48/1.1.2.7/Stdio/1621")
L 12/28/2019 - 14:44:01: Loading map "de_airninja"
L 12/28/2019 - 14:44:01: Server cvars start
L 12/28/2019 - 14:44:01: Server cvar "@BunnyHopper" = "3.x"
L 12/28/2019 - 14:44:01: Server cvar "@CRXGoSpec" = "1.1"
L 12/28/2019 - 14:44:01: Server cvar "@CRXRemoveImmunity" = "1.0"
L 12/28/2019 - 14:44:01: Server cvar "@D.I.C.E." = "1.1"
L 12/28/2019 - 14:44:01: Server cvar "@MOTDCommands" = "1.2"
L 12/28/2019 - 14:44:01: Server cvar "advanced_quake_sounds" = "5.0"
L 12/28/2019 - 14:44:01: Server cvar "AdvancedMute" = "1.0"
L 12/28/2019 - 14:44:01: Server cvar "aesp_version" = "1.3"
L 12/28/2019 - 14:44:01: Server cvar "allow_spectators" = "1.0"
L 12/28/2019 - 14:44:01: Server cvar "amx_client_languages" = "1"
L 12/28/2019 - 14:44:01: Server cvar "amx_language" = "en"
L 12/28/2019 - 14:44:01: Server cvar "amx_nextmap" = "de_airninja"
L 12/28/2019 - 14:44:01: Server cvar "amx_ptb_version" = "1.8b3"
L 12/28/2019 - 14:44:01: Server cvar "amx_timeleft" = "00:00"
L 12/28/2019 - 14:44:01: Server cvar "amxmodx_version" = "1.8.2"
L 12/28/2019 - 14:44:01: Server cvar "amxxbg_vip" = "1.0"
L 12/28/2019 - 14:44:01: Server cvar "asp_version" = "4.5.1"
L 12/28/2019 - 14:44:01: Server cvar "atac_version" = "3.0.1"
L 12/28/2019 - 14:44:01: Server cvar "badcamper_version" = "1.4 beta"
L 12/28/2019 - 14:44:01: Server cvar "blockmaker" = "4.01"
L 12/28/2019 - 14:44:01: Server cvar "c4 timer" = "1.1"
L 12/28/2019 - 14:44:01: Server cvar "coop" = "0"
L 12/28/2019 - 14:44:01: Server cvar "CRXAdminGroups" = "1.0"
L 12/28/2019 - 14:44:01: Server cvar "CRXCommandRestrictions" = "1.0"
L 12/28/2019 - 14:44:01: Server cvar "CRXFastKnife" = "1.0"
L 12/28/2019 - 14:44:01: Server cvar "CRXGametracker" = "2.0"
L 12/28/2019 - 14:44:01: Server cvar "CRXKnifeModels" = "2.5.7"
L 12/28/2019 - 14:44:01: Server cvar "CRXTeamAdvantage" = "1.0"
L 12/28/2019 - 14:44:01: Server cvar "CustomShop" = "4.2"
L 12/28/2019 - 14:44:01: Server cvar "deathmatch" = "1"
L 12/28/2019 - 14:44:01: Server cvar "decalfrequency" = "0"
L 12/28/2019 - 14:44:01: Server cvar "edgefriction" = "2"
L 12/28/2019 - 14:44:01: Server cvar "ers_version" = "2.3c"
L 12/28/2019 - 14:44:01: Server cvar "gagsystem_shoko" = "1.0"
L 12/28/2019 - 14:44:01: Server cvar "gal_mapcyclefile" = "mapcycle.txt"
L 12/28/2019 - 14:44:01: Server cvar "gal_version" = "v5.9.1-926"
L 12/28/2019 - 14:44:01: Server cvar "game_version" = "5.7.0.313-dev"
L 12/28/2019 - 14:44:01: Server cvar "humans_join_team" = "any"
L 12/28/2019 - 14:44:01: Server cvar "jtp10181" = "chute,gore"
L 12/28/2019 - 14:44:01: Server cvar "lawliet" = "ny_RainingSnow"
L 12/28/2019 - 14:44:01: Server cvar "LetitSnow" = "1.0"
L 12/28/2019 - 14:44:01: Server cvar "map_spawns" = "T(16) CT(16)"
L 12/28/2019 - 14:44:01: Server cvar "max_queries_sec" = "3"
L 12/28/2019 - 14:44:01: Server cvar "max_queries_sec_global" = "150"
L 12/28/2019 - 14:44:01: Server cvar "max_queries_window" = "60"
L 12/28/2019 - 14:44:01: Server cvar "mdbBans" = "4.8"
L 12/28/2019 - 14:44:01: Server cvar "metamod_version" = "1.21p37"
L 12/28/2019 - 14:44:01: Server cvar "mp_autokick" = "0"
L 12/28/2019 - 14:44:01: Server cvar "mp_autokick_timeout" = "-1"
L 12/28/2019 - 14:44:01: Server cvar "mp_autoteambalance" = "0"
L 12/28/2019 - 14:44:01: Server cvar "mp_buytime" = "0.25"
L 12/28/2019 - 14:44:01: Server cvar "mp_c4timer" = "35"
L 12/28/2019 - 14:44:01: Server cvar "mp_chattime" = "5.000000"
L 12/28/2019 - 14:44:01: Server cvar "mp_consistency" = "1"
L 12/28/2019 - 14:44:01: Server cvar "mp_fadetoblack" = "0"
L 12/28/2019 - 14:44:01: Server cvar "mp_flashlight" = "1"
L 12/28/2019 - 14:44:01: Server cvar "mp_footsteps" = "1"
L 12/28/2019 - 14:44:01: Server cvar "mp_forcecamera" = "0"
L 12/28/2019 - 14:44:01: Server cvar "mp_forcechasecam" = "0"
L 12/28/2019 - 14:44:01: Server cvar "mp_forcerespawn" = "0"
L 12/28/2019 - 14:44:01: Server cvar "mp_fraglimit" = "0"
L 12/28/2019 - 14:44:01: Server cvar "mp_fragsleft" = "0"
L 12/28/2019 - 14:44:01: Server cvar "mp_freeforall" = "0"
L 12/28/2019 - 14:44:01: Server cvar "mp_freezetime" = "1"
L 12/28/2019 - 14:44:01: Server cvar "mp_friendlyfire" = "0"
L 12/28/2019 - 14:44:01: Server cvar "mp_hostage_hurtable" = "1"
L 12/28/2019 - 14:44:01: Server cvar "mp_hostagepenalty" = "0"
L 12/28/2019 - 14:44:01: Server cvar "mp_item_staytime" = "300"
L 12/28/2019 - 14:44:01: Server cvar "mp_kickpercent" = "0.66"
L 12/28/2019 - 14:44:01: Server cvar "mp_legacy_bombtarget_touch" = "1"
L 12/28/2019 - 14:44:01: Server cvar "mp_limitteams" = "0"
L 12/28/2019 - 14:44:01: Server cvar "mp_logdetail" = "0"
L 12/28/2019 - 14:44:01: Server cvar "mp_logfile" = "1"
L 12/28/2019 - 14:44:01: Server cvar "mp_logmessages" = "1"
L 12/28/2019 - 14:44:01: Server cvar "mp_mapvoteratio" = "0.66"
L 12/28/2019 - 14:44:01: Server cvar "mp_maxmoney" = "999999"
L 12/28/2019 - 14:44:01: Server cvar "mp_maxrounds" = "0"
L 12/28/2019 - 14:44:01: Server cvar "mp_mirrordamage" = "0"
L 12/28/2019 - 14:44:01: Server cvar "mp_old_bomb_defused_sound" = "1"
L 12/28/2019 - 14:44:01: Server cvar "mp_playerid" = "0"
L 12/28/2019 - 14:44:01: Server cvar "mp_respawn_immunitytime" = "0"
L 12/28/2019 - 14:44:01: Server cvar "mp_round_infinite" = "0"
L 12/28/2019 - 14:44:01: Server cvar "mp_round_restart_delay" = "5"
L 12/28/2019 - 14:44:01: Server cvar "mp_roundover" = "0"
L 12/28/2019 - 14:44:01: Server cvar "mp_roundtime" = "2.3"
L 12/28/2019 - 14:44:01: Server cvar "mp_show_radioicon" = "1"
L 12/28/2019 - 14:44:01: Server cvar "mp_startmoney" = "850"
L 12/28/2019 - 14:44:01: Server cvar "mp_timeleft" = "00:00"
L 12/28/2019 - 14:44:01: Server cvar "mp_timelimit" = "20"
L 12/28/2019 - 14:44:01: Server cvar "mp_tkpunish" = "0"
L 12/28/2019 - 14:44:01: Server cvar "mp_windifference" = "1"
L 12/28/2019 - 14:44:01: Server cvar "mp_winlimit" = "0"
L 12/28/2019 - 14:44:01: Server cvar "NoWeaponsOnGround" = "1.0"
L 12/28/2019 - 14:44:01: Server cvar "pausable" = "0"
L 12/28/2019 - 14:44:01: Server cvar "present_version" = "2.01"
L 12/28/2019 - 14:44:01: Server cvar "RandomHP" = "2.2"
L 12/28/2019 - 14:44:01: Server cvar "reauthcheck_version" = "0.1.6"
L 12/28/2019 - 14:44:01: Server cvar "reconnect_features" = "0.3.1"
L 12/28/2019 - 14:44:01: Server cvar "report_system_version" = "3.1"
L 12/28/2019 - 14:44:01: Server cvar "resemiclip_version" = "2.3.9"
L 12/28/2019 - 14:44:01: Server cvar "reu_version" = "0.1.0.130"
L 12/28/2019 - 14:44:01: Server cvar "revoice_version" = "0.1.0.30"
L 12/28/2019 - 14:44:01: Server cvar "RRWM" = "2.0"
L 12/28/2019 - 14:44:01: Server cvar "sanksounds_version" = "1.8.6"
L 12/28/2019 - 14:44:01: Server cvar "SimpleMenu" = "1.1"
L 12/28/2019 - 14:44:01: Server cvar "SNAC_Version" = "1.1"
L 12/28/2019 - 14:44:01: Server cvar "SpecList" = "1.2a"
L 12/28/2019 - 14:44:01: Server cvar "sr_version" = "1.6"
L 12/28/2019 - 14:44:01: Server cvar "statsx_shell_ver" = "2.0.0 (BETA)"
L 12/28/2019 - 14:44:01: Server cvar "StyleC4Timer" = "2.1"
L 12/28/2019 - 14:44:01: Server cvar "sv_accelerate" = "5"
L 12/28/2019 - 14:44:01: Server cvar "sv_aim" = "1"
L 12/28/2019 - 14:44:01: Server cvar "sv_airaccelerate" = "100"
L 12/28/2019 - 14:44:01: Server cvar "sv_allowupload" = "1"
L 12/28/2019 - 14:44:01: Server cvar "sv_alltalk" = "1"
L 12/28/2019 - 14:44:01: Server cvar "sv_bounce" = "1"
L 12/28/2019 - 14:44:01: Server cvar "sv_cheats" = "0"
L 12/28/2019 - 14:44:01: Server cvar "sv_clienttrace" = "1"
L 12/28/2019 - 14:44:01: Server cvar "sv_contact" = "feruchio599@gmail.com"
L 12/28/2019 - 14:44:01: Server cvar "sv_friction" = "4"
L 12/28/2019 - 14:44:01: Server cvar "sv_gravity" = "800"
L 12/28/2019 - 14:44:01: Server cvar "sv_logblocks" = "0"
L 12/28/2019 - 14:44:01: Server cvar "sv_maxrate" = "50000"
L 12/28/2019 - 14:44:01: Server cvar "sv_maxspeed" = "900"
L 12/28/2019 - 14:44:01: Server cvar "sv_minrate" = "10000"
L 12/28/2019 - 14:44:01: Server cvar "sv_password" = ""
L 12/28/2019 - 14:44:01: Server cvar "sv_proxies" = "1"
L 12/28/2019 - 14:44:01: Server cvar "sv_restart" = "0"
L 12/28/2019 - 14:44:01: Server cvar "sv_restartround" = "0"
L 12/28/2019 - 14:44:01: Server cvar "sv_stepsize" = "18"
L 12/28/2019 - 14:44:01: Server cvar "sv_stopspeed" = "75"
L 12/28/2019 - 14:44:01: Server cvar "sv_uploadmax" = "0.5"
L 12/28/2019 - 14:44:01: Server cvar "sv_version" = "1.1.2.7/Stdio,48,1621"
L 12/28/2019 - 14:44:01: Server cvar "sv_voiceenable" = "1"
L 12/28/2019 - 14:44:01: Server cvar "sv_wateraccelerate" = "10"
L 12/28/2019 - 14:44:01: Server cvar "sv_waterfriction" = "1"
L 12/28/2019 - 14:44:01: Server cvar "Team_Semiclip_version" = "3.3.1"
L 12/28/2019 - 14:44:01: Server cvar "vehicle_real_killer" = "1.1"
L 12/28/2019 - 14:44:01: Server cvar "WalkGuard" = "1.3.2"
L 12/28/2019 - 14:44:01: Server cvar "we_grenades" = "Huehue"
L 12/28/2019 - 14:44:01: Server cvar "we_player_models" = "Huehue"
L 12/28/2019 - 14:44:01: Server cvar "whb_version" = "1.5.692"
L 12/28/2019 - 14:44:01: Server cvar "zp_jp_version" = "Extra Item Jetpack+Bazooka v3.2"
L 12/28/2019 - 14:44:01: Server cvars end
L 12/28/2019 - 14:44:04: Server cvar "mp_autoteambalance" = "1"
L 12/28/2019 - 14:44:04: Server cvar "mp_autoteambalance" = "0"
L 12/28/2019 - 14:44:04: Server cvar "amx_nextmap" = "[not yet voted on]"
L 12/28/2019 - 14:44:06: Started map "de_airninja" (CRC "1948477588")
L 12/28/2019 - 14:44:08: World triggered "Round_Start"
L 12/28/2019 - 14:44:30: [REUNION]: cz512floverka [nay-dobriq] (78.128.125.38) authorized as RevEmu
L 12/28/2019 - 14:44:30: "cz512floverka [nay-dobriq]<99><STEAM_1:1:749420691><>" connected, address "78.128.125.38:27005"
L 12/28/2019 - 14:44:41: "cz512floverka [nay-dobriq]<99><STEAM_1:1:749420691><>" entered the game
L 12/28/2019 - 14:44:47: "cz512floverka [nay-dobriq]<99><STEAM_1:1:749420691><>" joined team "TERRORIST"
L 12/28/2019 - 14:44:47: "cz512floverka [nay-dobriq]<99><STEAM_1:1:749420691><TERRORIST>" triggered "Spawned_With_The_Bomb"
L 12/28/2019 - 14:44:49: [REUNION]: killer boss (178.217.88.239) authorized as RevEmu
L 12/28/2019 - 14:44:49: "killer boss<100><STEAM_1:0:280969512><>" connected, address "178.217.88.239:14078"
L 12/28/2019 - 14:45:05: "killer boss<100><STEAM_1:0:280969512><>" entered the game
L 12/28/2019 - 14:45:10: "killer boss<100><STEAM_1:0:280969512><>" joined team "CT"
L 12/28/2019 - 14:45:10: World triggered "Game_Commencing"
L 12/28/2019 - 14:45:10: World triggered "Game_Commencing" (CT "0") (T "0")
L 12/28/2019 - 14:45:10: World triggered "Round_End"
L 12/28/2019 - 14:45:13: "cz512floverka [nay-dobriq]<99><STEAM_1:1:749420691><TERRORIST>" triggered "Spawned_With_The_Bomb"
L 12/28/2019 - 14:45:14: World triggered "Round_Start"
L 12/28/2019 - 14:45:51: "killer boss<100><STEAM_1:0:280969512><CT>" killed "cz512floverka [nay-dobriq]<99><STEAM_1:1:749420691><TERRORIST>" with "usp"
L 12/28/2019 - 14:45:51: Team "CT" triggered "CTs_Win" (CT "1") (T "0")
L 12/28/2019 - 14:45:51: World triggered "Round_End"
L 12/28/2019 - 14:45:56: "cz512floverka [nay-dobriq]<99><STEAM_1:1:749420691><TERRORIST>" triggered "Spawned_With_The_Bomb"
L 12/28/2019 - 14:45:57: World triggered "Round_Start"
L 12/28/2019 - 14:46:39: [REUNION]: geca7a (212.104.106.63) authorized as NoSteam47
L 12/28/2019 - 14:46:39: "geca7a<101><VALVE_ID_LAN><>" connected, address "212.104.106.63:27005"
L 12/28/2019 - 14:46:41: [REUNION]: geca7a (212.104.106.63) authorized as NoSteam47
L 12/28/2019 - 14:46:41: "geca7a<102><VALVE_ID_LAN><>" connected, address "212.104.106.63:27005"
L 12/28/2019 - 14:46:46: "geca7a<102><VALVE_ID_LAN><>" entered the game
L 12/28/2019 - 14:46:55: "geca7a<102><VALVE_ID_LAN><>" joined team "TERRORIST"
L 12/28/2019 - 14:47:25: "cz512floverka [nay-dobriq]<99><STEAM_1:1:749420691><TERRORIST>" killed "killer boss<100><STEAM_1:0:280969512><CT>" with "deagle"
L 12/28/2019 - 14:47:25: Team "TERRORIST" triggered "Terrorists_Win" (CT "1") (T "1")
L 12/28/2019 - 14:47:25: World triggered "Round_End"
L 12/28/2019 - 14:47:26: "killer boss<100><STEAM_1:0:280969512><CT>" killed "cz512floverka [nay-dobriq]<99><STEAM_1:1:749420691><TERRORIST>" with "grenade"
L 12/28/2019 - 14:47:27: "geca7a<102><VALVE_ID_LAN><TERRORIST>" disconnected
L 12/28/2019 - 14:47:30: "cz512floverka [nay-dobriq]<99><STEAM_1:1:749420691><TERRORIST>" triggered "Spawned_With_The_Bomb"
L 12/28/2019 - 14:47:31: World triggered "Round_Start"
L 12/28/2019 - 14:48:31: "cz512floverka [nay-dobriq]<99><STEAM_1:1:749420691><TERRORIST>" killed "killer boss<100><STEAM_1:0:280969512><CT>" with "m249"
L 12/28/2019 - 14:48:31: Team "TERRORIST" triggered "Terrorists_Win" (CT "1") (T "2")
L 12/28/2019 - 14:48:31: World triggered "Round_End"
L 12/28/2019 - 14:48:36: "cz512floverka [nay-dobriq]<99><STEAM_1:1:749420691><TERRORIST>" triggered "Spawned_With_The_Bomb"
L 12/28/2019 - 14:48:37: World triggered "Round_Start"
L 12/28/2019 - 14:49:10: [REUNION]: $ KoролЬ ГранаТ $ (37.44.122.95) authorized as RevEmu
L 12/28/2019 - 14:49:10: "$ KoролЬ ГранаТ $<103><STEAM_1:1:56395424><>" connected, address "37.44.122.95:27005"
L 12/28/2019 - 14:49:12: "killer boss<100><STEAM_1:0:280969512><CT>" killed "cz512floverka [nay-dobriq]<99><STEAM_1:1:749420691><TERRORIST>" with "m4a1"
L 12/28/2019 - 14:49:12: Team "CT" triggered "CTs_Win" (CT "2") (T "2")
L 12/28/2019 - 14:49:12: World triggered "Round_End"
L 12/28/2019 - 14:49:17: "cz512floverka [nay-dobriq]<99><STEAM_1:1:749420691><TERRORIST>" triggered "Spawned_With_The_Bomb"
L 12/28/2019 - 14:49:18: World triggered "Round_Start"
L 12/28/2019 - 14:49:21: [REUNION]: $ KoролЬ ГранаТ $ (37.44.122.95) authorized as RevEmu
L 12/28/2019 - 14:49:21: "$ KoролЬ ГранаТ $<104><STEAM_1:1:56395424><>" connected, address "37.44.122.95:27005"
L 12/28/2019 - 14:50:07: "cz512floverka [nay-dobriq]<99><STEAM_1:1:749420691><TERRORIST>" killed "killer boss<100><STEAM_1:0:280969512><CT>" with "knife"
L 12/28/2019 - 14:50:07: Team "TERRORIST" triggered "Terrorists_Win" (CT "2") (T "3")
L 12/28/2019 - 14:50:07: World triggered "Round_End"
L 12/28/2019 - 14:50:12: "cz512floverka [nay-dobriq]<99><STEAM_1:1:749420691><TERRORIST>" triggered "Spawned_With_The_Bomb"
L 12/28/2019 - 14:50:13: World triggered "Round_Start"
L 12/28/2019 - 14:50:27: "killer boss<100><STEAM_1:0:280969512><CT>" killed "cz512floverka [nay-dobriq]<99><STEAM_1:1:749420691><TERRORIST>" with "knife"
L 12/28/2019 - 14:50:27: Team "CT" triggered "CTs_Win" (CT "3") (T "3")
L 12/28/2019 - 14:50:27: World triggered "Round_End"
L 12/28/2019 - 14:50:32: "cz512floverka [nay-dobriq]<99><STEAM_1:1:749420691><TERRORIST>" triggered "Spawned_With_The_Bomb"
L 12/28/2019 - 14:50:33: World triggered "Round_Start"
L 12/28/2019 - 14:51:16: "cz512floverka [nay-dobriq]<99><STEAM_1:1:749420691><TERRORIST>" killed "killer boss<100><STEAM_1:0:280969512><CT>" with "knife"
L 12/28/2019 - 14:51:16: Team "TERRORIST" triggered "Terrorists_Win" (CT "3") (T "4")
L 12/28/2019 - 14:51:16: World triggered "Round_End"
L 12/28/2019 - 14:51:21: "cz512floverka [nay-dobriq]<99><STEAM_1:1:749420691><TERRORIST>" triggered "Spawned_With_The_Bomb"
L 12/28/2019 - 14:51:22: World triggered "Round_Start"
L 12/28/2019 - 14:52:04: "cz512floverka [nay-dobriq]<99><STEAM_1:1:749420691><TERRORIST>" killed "killer boss<100><STEAM_1:0:280969512><CT>" with "knife"
L 12/28/2019 - 14:52:04: Team "TERRORIST" triggered "Terrorists_Win" (CT "3") (T "5")
L 12/28/2019 - 14:52:04: World triggered "Round_End"
L 12/28/2019 - 14:52:09: "cz512floverka [nay-dobriq]<99><STEAM_1:1:749420691><TERRORIST>" triggered "Spawned_With_The_Bomb"
L 12/28/2019 - 14:52:10: World triggered "Round_Start"
L 12/28/2019 - 14:52:36: "killer boss<100><STEAM_1:0:280969512><CT>" killed "cz512floverka [nay-dobriq]<99><STEAM_1:1:749420691><TERRORIST>" with "deagle"
L 12/28/2019 - 14:52:36: Team "CT" triggered "CTs_Win" (CT "4") (T "5")
L 12/28/2019 - 14:52:36: World triggered "Round_End"
L 12/28/2019 - 14:52:41: "cz512floverka [nay-dobriq]<99><STEAM_1:1:749420691><TERRORIST>" triggered "Spawned_With_The_Bomb"
L 12/28/2019 - 14:52:42: World triggered "Round_Start"
L 12/28/2019 - 14:53:14: "killer boss<100><STEAM_1:0:280969512><CT>" killed "cz512floverka [nay-dobriq]<99><STEAM_1:1:749420691><TERRORIST>" with "deagle"
L 12/28/2019 - 14:53:14: Team "CT" triggered "CTs_Win" (CT "5") (T "5")
L 12/28/2019 - 14:53:14: World triggered "Round_End"
L 12/28/2019 - 14:53:19: "cz512floverka [nay-dobriq]<99><STEAM_1:1:749420691><TERRORIST>" triggered "Spawned_With_The_Bomb"
L 12/28/2019 - 14:53:20: World triggered "Round_Start"
L 12/28/2019 - 14:53:53: "cz512floverka [nay-dobriq]<99><STEAM_1:1:749420691><TERRORIST>" killed "killer boss<100><STEAM_1:0:280969512><CT>" with "ak47"
L 12/28/2019 - 14:53:53: Team "TERRORIST" triggered "Terrorists_Win" (CT "5") (T "6")
L 12/28/2019 - 14:53:53: World triggered "Round_End"
L 12/28/2019 - 14:53:58: "cz512floverka [nay-dobriq]<99><STEAM_1:1:749420691><TERRORIST>" triggered "Spawned_With_The_Bomb"
L 12/28/2019 - 14:53:59: World triggered "Round_Start"
L 12/28/2019 - 14:55:18: "cz512floverka [nay-dobriq]<99><STEAM_1:1:749420691><TERRORIST>" killed "killer boss<100><STEAM_1:0:280969512><CT>" with "ak47"
L 12/28/2019 - 14:55:18: Team "TERRORIST" triggered "Terrorists_Win" (CT "5") (T "7")
L 12/28/2019 - 14:55:18: World triggered "Round_End"
L 12/28/2019 - 14:55:23: "cz512floverka [nay-dobriq]<99><STEAM_1:1:749420691><TERRORIST>" triggered "Spawned_With_The_Bomb"
L 12/28/2019 - 14:55:24: World triggered "Round_Start"
L 12/28/2019 - 14:56:06: [REUNION]: sake (178.236.86.52) authorized as RevEmu
L 12/28/2019 - 14:56:06: "sake<105><STEAM_1:0:1906787367><>" connected, address "178.236.86.52:27005"
L 12/28/2019 - 14:56:13: "cz512floverka [nay-dobriq]<99><STEAM_1:1:749420691><TERRORIST>" killed "killer boss<100><STEAM_1:0:280969512><CT>" with "m249"
L 12/28/2019 - 14:56:13: Team "TERRORIST" triggered "Terrorists_Win" (CT "5") (T "8")
L 12/28/2019 - 14:56:13: World triggered "Round_End"
L 12/28/2019 - 14:56:18: "cz512floverka [nay-dobriq]<99><STEAM_1:1:749420691><TERRORIST>" triggered "Spawned_With_The_Bomb"
L 12/28/2019 - 14:56:19: World triggered "Round_Start"
L 12/28/2019 - 14:56:33: [REUNION]: sake (178.236.86.52) authorized as RevEmu
L 12/28/2019 - 14:56:33: "sake<106><STEAM_1:0:1906787367><>" connected, address "178.236.86.52:27005"
L 12/28/2019 - 14:57:21: "killer boss<100><STEAM_1:0:280969512><CT>" killed "cz512floverka [nay-dobriq]<99><STEAM_1:1:749420691><TERRORIST>" with "ump45"
L 12/28/2019 - 14:57:21: Team "CT" triggered "CTs_Win" (CT "6") (T "8")
L 12/28/2019 - 14:57:21: World triggered "Round_End"
L 12/28/2019 - 14:57:26: "cz512floverka [nay-dobriq]<99><STEAM_1:1:749420691><TERRORIST>" triggered "Spawned_With_The_Bomb"
L 12/28/2019 - 14:57:27: World triggered "Round_Start"
L 12/28/2019 - 14:57:58: [REUNION]: geca7a (212.104.106.63) authorized as NoSteam47
L 12/28/2019 - 14:57:58: "geca7a<107><VALVE_ID_LAN><>" connected, address "212.104.106.63:27005"
L 12/28/2019 - 14:58:01: "geca7a<107><VALVE_ID_LAN><>" entered the game
L 12/28/2019 - 14:58:06: "geca7a<107><VALVE_ID_LAN><>" joined team "CT"
L 12/28/2019 - 14:59:10: [REUNION]: $ KoролЬ ГранаТ $ (37.44.122.95) authorized as RevEmu
L 12/28/2019 - 14:59:10: "$ KoролЬ ГранаТ $<108><STEAM_1:1:56395424><>" connected, address "37.44.122.95:27005"
L 12/28/2019 - 14:59:15: "sake<106><STEAM_1:0:1906787367><>" entered the game
L 12/28/2019 - 14:59:18: "sake<106><STEAM_1:0:1906787367><>" joined team "TERRORIST"
L 12/28/2019 - 14:59:19: "killer boss<100><STEAM_1:0:280969512><CT>" killed "cz512floverka [nay-dobriq]<99><STEAM_1:1:749420691><TERRORIST>" with "ump45"
L 12/28/2019 - 14:59:19: Team "CT" triggered "CTs_Win" (CT "7") (T "8")
L 12/28/2019 - 14:59:19: World triggered "Round_End"
L 12/28/2019 - 14:59:24: "sake<106><STEAM_1:0:1906787367><TERRORIST>" triggered "Spawned_With_The_Bomb"
L 12/28/2019 - 14:59:25: World triggered "Round_Start"
L 12/28/2019 - 14:59:43: "killer boss<100><STEAM_1:0:280969512><CT>" killed "cz512floverka [nay-dobriq]<99><STEAM_1:1:749420691><TERRORIST>" with "m4a1"
L 12/28/2019 - 14:59:54: "sake<106><STEAM_1:0:1906787367><TERRORIST>" triggered "Planted_The_Bomb"
L 12/28/2019 - 15:00:07: "sake<106><STEAM_1:0:1906787367><TERRORIST>" killed "killer boss<100><STEAM_1:0:280969512><CT>" with "ak47"
L 12/28/2019 - 15:00:29: Team "TERRORIST" triggered "Target_Bombed" (CT "7") (T "9")
L 12/28/2019 - 15:00:29: World triggered "Round_End"
L 12/28/2019 - 15:00:34: "cz512floverka [nay-dobriq]<99><STEAM_1:1:749420691><TERRORIST>" triggered "Spawned_With_The_Bomb"
L 12/28/2019 - 15:00:35: World triggered "Round_Start"
L 12/28/2019 - 15:00:49: "sake<106><STEAM_1:0:1906787367><TERRORIST>" killed "killer boss<100><STEAM_1:0:280969512><CT>" with "ak47"
L 12/28/2019 - 15:00:57: "geca7a<107><VALVE_ID_LAN><CT>" killed "sake<106><STEAM_1:0:1906787367><TERRORIST>" with "m4a1"
L 12/28/2019 - 15:01:33: "geca7a<107><VALVE_ID_LAN><CT>" killed "cz512floverka [nay-dobriq]<99><STEAM_1:1:749420691><TERRORIST>" with "m4a1"
L 12/28/2019 - 15:01:33: Team "CT" triggered "CTs_Win" (CT "8") (T "9")
L 12/28/2019 - 15:01:33: World triggered "Round_End"
L 12/28/2019 - 15:01:38: "sake<106><STEAM_1:0:1906787367><TERRORIST>" triggered "Spawned_With_The_Bomb"
L 12/28/2019 - 15:01:39: World triggered "Round_Start"
L 12/28/2019 - 15:01:53: "sake<106><STEAM_1:0:1906787367><TERRORIST>" killed "geca7a<107><VALVE_ID_LAN><CT>" with "ak47"
L 12/28/2019 - 15:01:58: "killer boss<100><STEAM_1:0:280969512><CT>" killed "sake<106><STEAM_1:0:1906787367><TERRORIST>" with "aug"
L 12/28/2019 - 15:01:58: "sake<106><STEAM_1:0:1906787367><TERRORIST>" triggered "Dropped_The_Bomb"
L 12/28/2019 - 15:02:05: "cz512floverka [nay-dobriq]<99><STEAM_1:1:749420691><TERRORIST>" killed "killer boss<100><STEAM_1:0:280969512><CT>" with "sg552"
L 12/28/2019 - 15:02:05: Team "TERRORIST" triggered "Terrorists_Win" (CT "8") (T "10")
L 12/28/2019 - 15:02:05: World triggered "Round_End"
L 12/28/2019 - 15:02:10: "cz512floverka [nay-dobriq]<99><STEAM_1:1:749420691><TERRORIST>" triggered "Spawned_With_The_Bomb"
L 12/28/2019 - 15:02:11: World triggered "Round_Start"
L 12/28/2019 - 15:02:31: "$ KoролЬ ГранаТ $<108><STEAM_1:1:56395424><>" entered the game
L 12/28/2019 - 15:02:40: "geca7a<107><VALVE_ID_LAN><CT>" killed "sake<106><STEAM_1:0:1906787367><TERRORIST>" with "m4a1"
L 12/28/2019 - 15:03:12: "geca7a<107><VALVE_ID_LAN><CT>" killed "cz512floverka [nay-dobriq]<99><STEAM_1:1:749420691><TERRORIST>" with "m4a1"
L 12/28/2019 - 15:03:12: Team "CT" triggered "CTs_Win" (CT "9") (T "10")
L 12/28/2019 - 15:03:12: World triggered "Round_End"
L 12/28/2019 - 15:03:16: "$ KoролЬ ГранаТ $<108><STEAM_1:1:56395424><>" joined team "TERRORIST"
L 12/28/2019 - 15:03:17: "sake<106><STEAM_1:0:1906787367><TERRORIST>" triggered "Spawned_With_The_Bomb"
L 12/28/2019 - 15:03:18: World triggered "Round_Start"
L 12/28/2019 - 15:03:32: Server cvar "amx_nextmap" = "cs_militia"
L 12/28/2019 - 15:03:50: "geca7a<107><VALVE_ID_LAN><CT>" killed "$ KoролЬ ГранаТ $<108><STEAM_1:1:56395424><TERRORIST>" with "mp5navy"
L 12/28/2019 - 15:03:57: "cz512floverka [nay-dobriq]<99><STEAM_1:1:749420691><TERRORIST>" killed "killer boss<100><STEAM_1:0:280969512><CT>" with "mp5navy"
L 12/28/2019 - 15:04:02: "geca7a<107><VALVE_ID_LAN><CT>" killed "cz512floverka [nay-dobriq]<99><STEAM_1:1:749420691><TERRORIST>" with "mp5navy"
L 12/28/2019 - 15:04:03: "sake<106><STEAM_1:0:1906787367><TERRORIST>" triggered "Planted_The_Bomb"
L 12/28/2019 - 15:04:19: "sake<106><STEAM_1:0:1906787367><TERRORIST>" killed "geca7a<107><VALVE_ID_LAN><CT>" with "mp5navy"
L 12/28/2019 - 15:04:19: Team "TERRORIST" triggered "Terrorists_Win" (CT "9") (T "11")
L 12/28/2019 - 15:04:19: World triggered "Round_End"
L 12/28/2019 - 15:04:24: "$ KoролЬ ГранаТ $<108><STEAM_1:1:56395424><TERRORIST>" triggered "Spawned_With_The_Bomb"
L 12/28/2019 - 15:04:25: World triggered "Round_Start"
L 12/28/2019 - 15:04:38: "$ KoролЬ ГранаТ $<108><STEAM_1:1:56395424><TERRORIST>" triggered "Dropped_The_Bomb"
L 12/28/2019 - 15:04:38: "sake<106><STEAM_1:0:1906787367><TERRORIST>" triggered "Got_The_Bomb"
L 12/28/2019 - 15:04:50: Server cvar "mp_timelimit" = "0.000000"
L 12/28/2019 - 15:05:03: "sake<106><STEAM_1:0:1906787367><TERRORIST>" killed "killer boss<100><STEAM_1:0:280969512><CT>" with "ak47"
L 12/28/2019 - 15:05:17: "geca7a<107><VALVE_ID_LAN><CT>" killed "sake<106><STEAM_1:0:1906787367><TERRORIST>" with "m4a1"
L 12/28/2019 - 15:05:17: "sake<106><STEAM_1:0:1906787367><TERRORIST>" triggered "Dropped_The_Bomb"
L 12/28/2019 - 15:05:19: "geca7a<107><VALVE_ID_LAN><CT>" killed "$ KoролЬ ГранаТ $<108><STEAM_1:1:56395424><TERRORIST>" with "m4a1"
L 12/28/2019 - 15:05:32: "killer boss<100><STEAM_1:0:280969512><CT>" disconnected
L 12/28/2019 - 15:05:32: "sake<106><STEAM_1:0:1906787367><TERRORIST>" disconnected
L 12/28/2019 - 15:05:32: [REUNION]: sake (178.236.86.52) authorized as RevEmu
L 12/28/2019 - 15:05:32: "sake<109><STEAM_1:0:1906787367><>" connected, address "178.236.86.52:27005"
L 12/28/2019 - 15:05:47: Kick: "sake<109><STEAM_1:0:1906787367><>" was kicked by "Console" (message "Error! Idle Timeout (2).")
L 12/28/2019 - 15:05:53: "cz512floverka [nay-dobriq]<99><STEAM_1:1:749420691><TERRORIST>" committed suicide with "world"
L 12/28/2019 - 15:05:53: Team "CT" triggered "CTs_Win" (CT "10") (T "11")
L 12/28/2019 - 15:05:53: World triggered "Round_End"
L 12/28/2019 - 15:05:57: "geca7a<107><VALVE_ID_LAN><CT>" committed suicide with "tracktrain"
L 12/28/2019 - 15:05:58: "cz512floverka [nay-dobriq]<99><STEAM_1:1:749420691><TERRORIST>" triggered "Spawned_With_The_Bomb"
L 12/28/2019 - 15:05:59: World triggered "Round_Start"
L 12/28/2019 - 15:05:59: Server cvar "sv_maxspeed" = "0.000000"
L 12/28/2019 - 15:05:59: Server cvar "mp_friendlyfire" = "1"
L 12/28/2019 - 15:06:05: Server cvar "sv_maxspeed" = "900.000000"
L 12/28/2019 - 15:06:05: Server cvar "mp_friendlyfire" = "0"
L 12/28/2019 - 15:06:05: Server cvar "mp_timelimit" = "20.000000"
L 12/28/2019 - 15:06:05: [META] ini: Begin re-reading plugins list: /home/rented/public9/cstrike/addons/metamod/plugins.ini
L 12/28/2019 - 15:06:05: [META] ini: Read plugin config for: SafeNameAndChat
L 12/28/2019 - 15:06:05: [META] ini: Read plugin config for: AMX Mod X
L 12/28/2019 - 15:06:05: [META] ini: Read plugin config for: Reunion
L 12/28/2019 - 15:06:05: [META] ini: Read plugin config for: ReAuthCheck
L 12/28/2019 - 15:06:05: [META] ini: Read plugin config for: WHBlocker
L 12/28/2019 - 15:06:05: [META] ini: Read plugin config for: ReSemiclip
L 12/28/2019 - 15:06:05: [META] ini: Read plugin config for: Revoice
L 12/28/2019 - 15:06:05: [META] ini: Finished reading plugins list: /home/rented/public9/cstrike/addons/metamod/plugins.ini; Found 7 plugins
L 12/28/2019 - 15:06:05: [META] dll: Updating plugins...
L 12/28/2019 - 15:06:05: [META] WARNING: Cannot clear plugin 'SafeNameAndChat'; not marked as failed, empty, or open (status=valid)
L 12/28/2019 - 15:06:05: [META] dll: Unloaded plugin 'SafeNameAndChat' for reason 'file on disk is newer'
L 12/28/2019 - 15:06:05: [META] dll: Loaded plugin 'SafeNameAndChat': SafeNameAndChat v1.1 2017.02.01, WPMG.PRoSToC0der
L 12/28/2019 - 15:06:05: [META] WARNING: Cannot clear plugin 'WHBlocker'; not marked as failed, empty, or open (status=valid)
L 12/28/2019 - 15:06:05: [META] dll: Unloaded plugin 'WHBlocker' for reason 'file on disk is newer'
L 12/28/2019 - 15:06:05: [META] dll: Loaded plugin 'WHBlocker': WHBlocker v1.5.692 2017-04-13, s1lent
L 12/28/2019 - 15:06:05: [META] WARNING: Cannot clear plugin 'ReSemiclip'; not marked as failed, empty, or open (status=valid)
L 12/28/2019 - 15:06:05: [META] dll: Unloaded plugin 'ReSemiclip' for reason 'file on disk is newer'
L 12/28/2019 - 15:06:05: [META] dll: Loaded plugin 'ReSemiclip': ReSemiclip v2.3.9 13/02/17, s1lent & Adidasman
L 12/28/2019 - 15:06:05: [META] dll: Finished updating 14 plugins; kept 0, loaded 0, unloaded 0, reloaded 3, delayed 0
L 12/28/2019 - 15:06:05: "cz512floverka [nay-dobriq]<99><STEAM_1:1:749420691><TERRORIST>" disconnected
L 12/28/2019 - 15:06:05: "geca7a<107><VALVE_ID_LAN><CT>" disconnected
L 12/28/2019 - 15:06:05: "$ KoролЬ ГранаТ $<108><STEAM_1:1:56395424><TERRORIST>" disconnected
L 12/28/2019 - 15:06:05: World triggered "Round_Draw" (CT "10") (T "11")
L 12/28/2019 - 15:06:05: World triggered "Round_End"
L 12/28/2019 - 15:06:05: Log file closed
