L 12/27/2019 - 09:44:58: Log file started (file "logs/L1227045.log") (game "cstrike") (version "48/1.1.2.7/Stdio/1621")
L 12/27/2019 - 09:44:58: Loading map "gijoehq_de"
L 12/27/2019 - 09:44:58: Server cvars start
L 12/27/2019 - 09:44:58: Server cvar "@BunnyHopper" = "3.x"
L 12/27/2019 - 09:44:58: Server cvar "@CRXGoSpec" = "1.1"
L 12/27/2019 - 09:44:58: Server cvar "@CRXRemoveImmunity" = "1.0"
L 12/27/2019 - 09:44:58: Server cvar "@D.I.C.E." = "1.1"
L 12/27/2019 - 09:44:58: Server cvar "@MOTDCommands" = "1.2"
L 12/27/2019 - 09:44:58: Server cvar "advanced_quake_sounds" = "5.0"
L 12/27/2019 - 09:44:58: Server cvar "AdvancedMute" = "1.0"
L 12/27/2019 - 09:44:58: Server cvar "aesp_version" = "1.3"
L 12/27/2019 - 09:44:58: Server cvar "allow_spectators" = "1.0"
L 12/27/2019 - 09:44:58: Server cvar "amx_client_languages" = "1"
L 12/27/2019 - 09:44:58: Server cvar "amx_language" = "en"
L 12/27/2019 - 09:44:58: Server cvar "amx_nextmap" = "gijoehq_de"
L 12/27/2019 - 09:44:58: Server cvar "amx_ptb_version" = "1.8b3"
L 12/27/2019 - 09:44:58: Server cvar "amx_timeleft" = "00:00"
L 12/27/2019 - 09:44:58: Server cvar "amxmodx_version" = "1.8.2"
L 12/27/2019 - 09:44:58: Server cvar "amxxbg_vip" = "1.0"
L 12/27/2019 - 09:44:58: Server cvar "asp_version" = "4.5.1"
L 12/27/2019 - 09:44:58: Server cvar "atac_version" = "3.0.1"
L 12/27/2019 - 09:44:58: Server cvar "badcamper_version" = "1.4 beta"
L 12/27/2019 - 09:44:58: Server cvar "blockmaker" = "4.01"
L 12/27/2019 - 09:44:58: Server cvar "c4 timer" = "1.1"
L 12/27/2019 - 09:44:58: Server cvar "coop" = "0"
L 12/27/2019 - 09:44:58: Server cvar "CRXAdminGroups" = "1.0"
L 12/27/2019 - 09:44:58: Server cvar "CRXCommandRestrictions" = "1.0"
L 12/27/2019 - 09:44:58: Server cvar "CRXFastKnife" = "1.0"
L 12/27/2019 - 09:44:58: Server cvar "CRXGametracker" = "2.0"
L 12/27/2019 - 09:44:58: Server cvar "CRXKnifeModels" = "2.5.7"
L 12/27/2019 - 09:44:58: Server cvar "CRXTeamAdvantage" = "1.0"
L 12/27/2019 - 09:44:58: Server cvar "CustomShop" = "4.2"
L 12/27/2019 - 09:44:58: Server cvar "deathmatch" = "1"
L 12/27/2019 - 09:44:58: Server cvar "decalfrequency" = "0"
L 12/27/2019 - 09:44:58: Server cvar "edgefriction" = "2"
L 12/27/2019 - 09:44:58: Server cvar "ers_version" = "2.3c"
L 12/27/2019 - 09:44:58: Server cvar "gagsystem_shoko" = "1.0"
L 12/27/2019 - 09:44:58: Server cvar "gal_mapcyclefile" = "mapcycle.txt"
L 12/27/2019 - 09:44:58: Server cvar "gal_version" = "v5.9.1-926"
L 12/27/2019 - 09:44:58: Server cvar "game_version" = "5.7.0.313-dev"
L 12/27/2019 - 09:44:58: Server cvar "humans_join_team" = "any"
L 12/27/2019 - 09:44:58: Server cvar "jtp10181" = "chute,gore"
L 12/27/2019 - 09:44:58: Server cvar "lawliet" = "ny_RainingSnow"
L 12/27/2019 - 09:44:58: Server cvar "LetitSnow" = "1.0"
L 12/27/2019 - 09:44:58: Server cvar "map_spawns" = "T(16) CT(16)"
L 12/27/2019 - 09:44:58: Server cvar "max_queries_sec" = "3"
L 12/27/2019 - 09:44:58: Server cvar "max_queries_sec_global" = "150"
L 12/27/2019 - 09:44:58: Server cvar "max_queries_window" = "60"
L 12/27/2019 - 09:44:58: Server cvar "mdbBans" = "4.8"
L 12/27/2019 - 09:44:58: Server cvar "metamod_version" = "1.21p37"
L 12/27/2019 - 09:44:58: Server cvar "mp_autokick" = "0"
L 12/27/2019 - 09:44:58: Server cvar "mp_autokick_timeout" = "-1"
L 12/27/2019 - 09:44:58: Server cvar "mp_autoteambalance" = "0"
L 12/27/2019 - 09:44:58: Server cvar "mp_buytime" = "0.25"
L 12/27/2019 - 09:44:58: Server cvar "mp_c4timer" = "35"
L 12/27/2019 - 09:44:58: Server cvar "mp_chattime" = "10.000000"
L 12/27/2019 - 09:44:58: Server cvar "mp_consistency" = "1"
L 12/27/2019 - 09:44:58: Server cvar "mp_fadetoblack" = "0"
L 12/27/2019 - 09:44:58: Server cvar "mp_flashlight" = "1"
L 12/27/2019 - 09:44:58: Server cvar "mp_footsteps" = "1"
L 12/27/2019 - 09:44:58: Server cvar "mp_forcecamera" = "0"
L 12/27/2019 - 09:44:58: Server cvar "mp_forcechasecam" = "0"
L 12/27/2019 - 09:44:58: Server cvar "mp_forcerespawn" = "0"
L 12/27/2019 - 09:44:58: Server cvar "mp_fraglimit" = "0"
L 12/27/2019 - 09:44:58: Server cvar "mp_fragsleft" = "0"
L 12/27/2019 - 09:44:58: Server cvar "mp_freeforall" = "0"
L 12/27/2019 - 09:44:58: Server cvar "mp_freezetime" = "1"
L 12/27/2019 - 09:44:58: Server cvar "mp_friendlyfire" = "0"
L 12/27/2019 - 09:44:58: Server cvar "mp_hostage_hurtable" = "1"
L 12/27/2019 - 09:44:58: Server cvar "mp_hostagepenalty" = "0"
L 12/27/2019 - 09:44:58: Server cvar "mp_item_staytime" = "300"
L 12/27/2019 - 09:44:58: Server cvar "mp_kickpercent" = "0.66"
L 12/27/2019 - 09:44:58: Server cvar "mp_legacy_bombtarget_touch" = "1"
L 12/27/2019 - 09:44:58: Server cvar "mp_limitteams" = "0"
L 12/27/2019 - 09:44:58: Server cvar "mp_logdetail" = "0"
L 12/27/2019 - 09:44:58: Server cvar "mp_logfile" = "1"
L 12/27/2019 - 09:44:58: Server cvar "mp_logmessages" = "1"
L 12/27/2019 - 09:44:58: Server cvar "mp_mapvoteratio" = "0.66"
L 12/27/2019 - 09:44:58: Server cvar "mp_maxmoney" = "999999"
L 12/27/2019 - 09:44:58: Server cvar "mp_maxrounds" = "0"
L 12/27/2019 - 09:44:58: Server cvar "mp_mirrordamage" = "0"
L 12/27/2019 - 09:44:58: Server cvar "mp_old_bomb_defused_sound" = "1"
L 12/27/2019 - 09:44:58: Server cvar "mp_playerid" = "0"
L 12/27/2019 - 09:44:58: Server cvar "mp_respawn_immunitytime" = "0"
L 12/27/2019 - 09:44:58: Server cvar "mp_round_infinite" = "0"
L 12/27/2019 - 09:44:58: Server cvar "mp_round_restart_delay" = "5"
L 12/27/2019 - 09:44:58: Server cvar "mp_roundover" = "0"
L 12/27/2019 - 09:44:58: Server cvar "mp_roundtime" = "2.3"
L 12/27/2019 - 09:44:58: Server cvar "mp_show_radioicon" = "1"
L 12/27/2019 - 09:44:58: Server cvar "mp_startmoney" = "850"
L 12/27/2019 - 09:44:58: Server cvar "mp_timeleft" = "00:00"
L 12/27/2019 - 09:44:58: Server cvar "mp_timelimit" = "10"
L 12/27/2019 - 09:44:58: Server cvar "mp_tkpunish" = "0"
L 12/27/2019 - 09:44:58: Server cvar "mp_windifference" = "1"
L 12/27/2019 - 09:44:58: Server cvar "mp_winlimit" = "0"
L 12/27/2019 - 09:44:58: Server cvar "NoWeaponsOnGround" = "1.0"
L 12/27/2019 - 09:44:58: Server cvar "pausable" = "0"
L 12/27/2019 - 09:44:58: Server cvar "present_version" = "2.01"
L 12/27/2019 - 09:44:58: Server cvar "RandomHP" = "2.2"
L 12/27/2019 - 09:44:58: Server cvar "reauthcheck_version" = "0.1.6"
L 12/27/2019 - 09:44:58: Server cvar "reconnect_features" = "0.3.1"
L 12/27/2019 - 09:44:58: Server cvar "report_system_version" = "3.1"
L 12/27/2019 - 09:44:58: Server cvar "resemiclip_version" = "2.3.9"
L 12/27/2019 - 09:44:58: Server cvar "reu_version" = "0.1.0.130"
L 12/27/2019 - 09:44:58: Server cvar "revoice_version" = "0.1.0.30"
L 12/27/2019 - 09:44:58: Server cvar "RRWM" = "2.0"
L 12/27/2019 - 09:44:58: Server cvar "sanksounds_version" = "1.8.6"
L 12/27/2019 - 09:44:58: Server cvar "SimpleMenu" = "1.1"
L 12/27/2019 - 09:44:58: Server cvar "SNAC_Version" = "1.1"
L 12/27/2019 - 09:44:58: Server cvar "SpecList" = "1.2a"
L 12/27/2019 - 09:44:58: Server cvar "sr_version" = "1.6"
L 12/27/2019 - 09:44:58: Server cvar "statsx_shell_ver" = "2.0.0 (BETA)"
L 12/27/2019 - 09:44:58: Server cvar "StyleC4Timer" = "2.1"
L 12/27/2019 - 09:44:58: Server cvar "sv_accelerate" = "5"
L 12/27/2019 - 09:44:58: Server cvar "sv_aim" = "1"
L 12/27/2019 - 09:44:58: Server cvar "sv_airaccelerate" = "100"
L 12/27/2019 - 09:44:58: Server cvar "sv_allowupload" = "1"
L 12/27/2019 - 09:44:58: Server cvar "sv_alltalk" = "1"
L 12/27/2019 - 09:44:58: Server cvar "sv_bounce" = "1"
L 12/27/2019 - 09:44:58: Server cvar "sv_cheats" = "0"
L 12/27/2019 - 09:44:58: Server cvar "sv_clienttrace" = "1"
L 12/27/2019 - 09:44:58: Server cvar "sv_contact" = "feruchio599@gmail.com"
L 12/27/2019 - 09:44:58: Server cvar "sv_friction" = "4"
L 12/27/2019 - 09:44:58: Server cvar "sv_gravity" = "800"
L 12/27/2019 - 09:44:58: Server cvar "sv_logblocks" = "0"
L 12/27/2019 - 09:44:58: Server cvar "sv_maxrate" = "50000"
L 12/27/2019 - 09:44:58: Server cvar "sv_maxspeed" = "900"
L 12/27/2019 - 09:44:58: Server cvar "sv_minrate" = "10000"
L 12/27/2019 - 09:44:58: Server cvar "sv_password" = ""
L 12/27/2019 - 09:44:58: Server cvar "sv_proxies" = "1"
L 12/27/2019 - 09:44:58: Server cvar "sv_restart" = "0"
L 12/27/2019 - 09:44:58: Server cvar "sv_restartround" = "0"
L 12/27/2019 - 09:44:58: Server cvar "sv_stepsize" = "18"
L 12/27/2019 - 09:44:58: Server cvar "sv_stopspeed" = "75"
L 12/27/2019 - 09:44:58: Server cvar "sv_uploadmax" = "0.5"
L 12/27/2019 - 09:44:58: Server cvar "sv_version" = "1.1.2.7/Stdio,48,1621"
L 12/27/2019 - 09:44:58: Server cvar "sv_voiceenable" = "1"
L 12/27/2019 - 09:44:58: Server cvar "sv_wateraccelerate" = "10"
L 12/27/2019 - 09:44:58: Server cvar "sv_waterfriction" = "1"
L 12/27/2019 - 09:44:58: Server cvar "Team_Semiclip_version" = "3.3.1"
L 12/27/2019 - 09:44:58: Server cvar "vehicle_real_killer" = "1.1"
L 12/27/2019 - 09:44:58: Server cvar "WalkGuard" = "1.3.2"
L 12/27/2019 - 09:44:58: Server cvar "we_grenades" = "Huehue"
L 12/27/2019 - 09:44:58: Server cvar "we_player_models" = "Huehue"
L 12/27/2019 - 09:44:58: Server cvar "whb_version" = "1.5.692"
L 12/27/2019 - 09:44:58: Server cvar "zp_jp_version" = "Extra Item Jetpack+Bazooka v3.2"
L 12/27/2019 - 09:44:58: Server cvars end
L 12/27/2019 - 09:45:01: Server cvar "mp_autoteambalance" = "1"
L 12/27/2019 - 09:45:01: Server cvar "mp_timelimit" = "20"
L 12/27/2019 - 09:45:01: Server cvar "mp_autoteambalance" = "0"
L 12/27/2019 - 09:45:01: Server cvar "amx_nextmap" = "[not yet voted on]"
L 12/27/2019 - 09:45:03: Started map "gijoehq_de" (CRC "848653466")
L 12/27/2019 - 09:45:05: World triggered "Round_Start"
L 12/27/2019 - 09:46:02: Server cvar "amx_nextmap" = "as_crazytank3"
L 12/27/2019 - 09:47:23: Team "CT" triggered "Target_Saved" (CT "1") (T "0")
L 12/27/2019 - 09:47:23: World triggered "Round_End"
L 12/27/2019 - 09:47:29: World triggered "Round_Start"
L 12/27/2019 - 09:49:47: Team "CT" triggered "Target_Saved" (CT "2") (T "0")
L 12/27/2019 - 09:49:47: World triggered "Round_End"
L 12/27/2019 - 09:49:53: World triggered "Round_Start"
L 12/27/2019 - 09:51:42: [REUNION]: Paradise ＃ BCS16 (156.205.93.101) authorized as RevEmu
L 12/27/2019 - 09:51:42: "Paradise ＃ BCS16<1><STEAM_2:0:343338069><>" connected, address "156.205.93.101:27005"
L 12/27/2019 - 09:51:48: [REUNION]: Paradise ＃ BCS16 (156.205.93.101) authorized as RevEmu
L 12/27/2019 - 09:51:48: "Paradise ＃ BCS16<2><STEAM_2:0:343338069><>" connected, address "156.205.93.101:27005"
L 12/27/2019 - 09:51:58: [REUNION]: Paradise ＃ BCS16 (156.205.93.101) authorized as RevEmu
L 12/27/2019 - 09:51:58: "Paradise ＃ BCS16<3><STEAM_2:0:343338069><>" connected, address "156.205.93.101:27005"
L 12/27/2019 - 09:52:11: Team "CT" triggered "Target_Saved" (CT "3") (T "0")
L 12/27/2019 - 09:52:11: World triggered "Round_End"
L 12/27/2019 - 09:52:17: World triggered "Round_Start"
L 12/27/2019 - 09:52:21: "Paradise ＃ BCS16<3><STEAM_2:0:343338069><>" entered the game
L 12/27/2019 - 09:52:33: "Paradise ＃ BCS16<3><STEAM_2:0:343338069><>" joined team "TERRORIST"
L 12/27/2019 - 09:52:35: "Paradise ＃ BCS16<3><STEAM_2:0:343338069><TERRORIST>" triggered "Spawned_With_The_Bomb"
L 12/27/2019 - 09:54:35: Team "CT" triggered "Target_Saved" (CT "3") (T "0")
L 12/27/2019 - 09:54:35: World triggered "Round_End"
L 12/27/2019 - 09:54:40: "Paradise ＃ BCS16<3><STEAM_2:0:343338069><TERRORIST>" triggered "Spawned_With_The_Bomb"
L 12/27/2019 - 09:54:41: World triggered "Round_Start"
L 12/27/2019 - 09:55:23: [REUNION]: fun da king (85.130.9.158) authorized as RevEmu
L 12/27/2019 - 09:55:23: "fun da king<4><STEAM_1:0:1655898477><>" connected, address "85.130.9.158:27005"
L 12/27/2019 - 09:55:46: "fun da king<4><STEAM_1:0:1655898477><>" entered the game
L 12/27/2019 - 09:56:31: "Paradise ＃ BCS16<3><STEAM_2:0:343338069><TERRORIST>" committed suicide with "tracktrain"
L 12/27/2019 - 09:56:31: World triggered "Round_Draw" (CT "3") (T "0")
L 12/27/2019 - 09:56:31: World triggered "Round_End"
L 12/27/2019 - 09:56:36: "Paradise ＃ BCS16<3><STEAM_2:0:343338069><TERRORIST>" triggered "Spawned_With_The_Bomb"
L 12/27/2019 - 09:56:37: World triggered "Round_Start"
L 12/27/2019 - 09:56:45: "fun da king<4><STEAM_1:0:1655898477><>" joined team "SPECTATOR"
L 12/27/2019 - 09:57:00: "fun da king<4><STEAM_1:0:1655898477><SPECTATOR>" joined team "CT"
L 12/27/2019 - 09:57:00: World triggered "Game_Commencing"
L 12/27/2019 - 09:57:00: World triggered "Game_Commencing" (CT "3") (T "0")
L 12/27/2019 - 09:57:00: World triggered "Round_End"
L 12/27/2019 - 09:57:03: "Paradise ＃ BCS16<3><STEAM_2:0:343338069><TERRORIST>" triggered "Spawned_With_The_Bomb"
L 12/27/2019 - 09:57:04: World triggered "Round_Start"
L 12/27/2019 - 09:57:28: "fun da king<4><STEAM_1:0:1655898477><CT>" killed "Paradise ＃ BCS16<3><STEAM_2:0:343338069><TERRORIST>" with "grenade"
L 12/27/2019 - 09:57:28: Team "CT" triggered "CTs_Win" (CT "1") (T "0")
L 12/27/2019 - 09:57:28: World triggered "Round_End"
L 12/27/2019 - 09:57:33: "Paradise ＃ BCS16<3><STEAM_2:0:343338069><TERRORIST>" triggered "Spawned_With_The_Bomb"
L 12/27/2019 - 09:57:34: World triggered "Round_Start"
L 12/27/2019 - 09:58:22: "fun da king<4><STEAM_1:0:1655898477><CT>" killed "Paradise ＃ BCS16<3><STEAM_2:0:343338069><TERRORIST>" with "aug"
L 12/27/2019 - 09:58:22: Team "CT" triggered "CTs_Win" (CT "2") (T "0")
L 12/27/2019 - 09:58:22: World triggered "Round_End"
L 12/27/2019 - 09:58:27: "Paradise ＃ BCS16<3><STEAM_2:0:343338069><TERRORIST>" triggered "Spawned_With_The_Bomb"
L 12/27/2019 - 09:58:28: World triggered "Round_Start"
L 12/27/2019 - 09:58:48: "fun da king<4><STEAM_1:0:1655898477><CT>" killed "Paradise ＃ BCS16<3><STEAM_2:0:343338069><TERRORIST>" with "aug"
L 12/27/2019 - 09:58:48: Team "CT" triggered "CTs_Win" (CT "3") (T "0")
L 12/27/2019 - 09:58:48: World triggered "Round_End"
L 12/27/2019 - 09:58:53: "Paradise ＃ BCS16<3><STEAM_2:0:343338069><TERRORIST>" triggered "Spawned_With_The_Bomb"
L 12/27/2019 - 09:58:54: World triggered "Round_Start"
L 12/27/2019 - 09:59:34: "fun da king<4><STEAM_1:0:1655898477><CT>" killed "Paradise ＃ BCS16<3><STEAM_2:0:343338069><TERRORIST>" with "m4a1"
L 12/27/2019 - 09:59:34: Team "CT" triggered "CTs_Win" (CT "4") (T "0")
L 12/27/2019 - 09:59:34: World triggered "Round_End"
L 12/27/2019 - 09:59:39: "Paradise ＃ BCS16<3><STEAM_2:0:343338069><TERRORIST>" triggered "Spawned_With_The_Bomb"
L 12/27/2019 - 09:59:40: World triggered "Round_Start"
L 12/27/2019 - 09:59:59: "fun da king<4><STEAM_1:0:1655898477><CT>" killed "Paradise ＃ BCS16<3><STEAM_2:0:343338069><TERRORIST>" with "deagle"
L 12/27/2019 - 09:59:59: Team "CT" triggered "CTs_Win" (CT "5") (T "0")
L 12/27/2019 - 09:59:59: World triggered "Round_End"
L 12/27/2019 - 10:00:04: "Paradise ＃ BCS16<3><STEAM_2:0:343338069><TERRORIST>" triggered "Spawned_With_The_Bomb"
L 12/27/2019 - 10:00:05: World triggered "Round_Start"
L 12/27/2019 - 10:00:23: "fun da king<4><STEAM_1:0:1655898477><CT>" killed "Paradise ＃ BCS16<3><STEAM_2:0:343338069><TERRORIST>" with "m4a1"
L 12/27/2019 - 10:00:23: Team "CT" triggered "CTs_Win" (CT "6") (T "0")
L 12/27/2019 - 10:00:23: World triggered "Round_End"
L 12/27/2019 - 10:00:28: "Paradise ＃ BCS16<3><STEAM_2:0:343338069><TERRORIST>" triggered "Spawned_With_The_Bomb"
L 12/27/2019 - 10:00:29: World triggered "Round_Start"
L 12/27/2019 - 10:00:55: "Paradise ＃ BCS16<3><STEAM_2:0:343338069><TERRORIST>" killed "fun da king<4><STEAM_1:0:1655898477><CT>" with "deagle"
L 12/27/2019 - 10:00:55: Team "TERRORIST" triggered "Terrorists_Win" (CT "6") (T "1")
L 12/27/2019 - 10:00:55: World triggered "Round_End"
L 12/27/2019 - 10:01:00: "Paradise ＃ BCS16<3><STEAM_2:0:343338069><TERRORIST>" triggered "Spawned_With_The_Bomb"
L 12/27/2019 - 10:01:01: World triggered "Round_Start"
L 12/27/2019 - 10:01:29: "fun da king<4><STEAM_1:0:1655898477><CT>" killed "Paradise ＃ BCS16<3><STEAM_2:0:343338069><TERRORIST>" with "deagle"
L 12/27/2019 - 10:01:29: Team "CT" triggered "CTs_Win" (CT "7") (T "1")
L 12/27/2019 - 10:01:29: World triggered "Round_End"
L 12/27/2019 - 10:01:34: "Paradise ＃ BCS16<3><STEAM_2:0:343338069><TERRORIST>" triggered "Spawned_With_The_Bomb"
L 12/27/2019 - 10:01:35: World triggered "Round_Start"
L 12/27/2019 - 10:01:59: "fun da king<4><STEAM_1:0:1655898477><CT>" killed "Paradise ＃ BCS16<3><STEAM_2:0:343338069><TERRORIST>" with "deagle"
L 12/27/2019 - 10:01:59: Team "CT" triggered "CTs_Win" (CT "8") (T "1")
L 12/27/2019 - 10:01:59: World triggered "Round_End"
L 12/27/2019 - 10:02:04: "Paradise ＃ BCS16<3><STEAM_2:0:343338069><TERRORIST>" triggered "Spawned_With_The_Bomb"
L 12/27/2019 - 10:02:05: World triggered "Round_Start"
L 12/27/2019 - 10:02:31: "fun da king<4><STEAM_1:0:1655898477><CT>" killed "Paradise ＃ BCS16<3><STEAM_2:0:343338069><TERRORIST>" with "fiveseven"
L 12/27/2019 - 10:02:31: Team "CT" triggered "CTs_Win" (CT "9") (T "1")
L 12/27/2019 - 10:02:31: World triggered "Round_End"
L 12/27/2019 - 10:02:36: "Paradise ＃ BCS16<3><STEAM_2:0:343338069><TERRORIST>" triggered "Spawned_With_The_Bomb"
L 12/27/2019 - 10:02:37: World triggered "Round_Start"
L 12/27/2019 - 10:03:11: "fun da king<4><STEAM_1:0:1655898477><CT>" killed "Paradise ＃ BCS16<3><STEAM_2:0:343338069><TERRORIST>" with "scout"
L 12/27/2019 - 10:03:11: Team "CT" triggered "CTs_Win" (CT "10") (T "1")
L 12/27/2019 - 10:03:11: World triggered "Round_End"
L 12/27/2019 - 10:03:16: "Paradise ＃ BCS16<3><STEAM_2:0:343338069><TERRORIST>" triggered "Spawned_With_The_Bomb"
L 12/27/2019 - 10:03:17: World triggered "Round_Start"
L 12/27/2019 - 10:04:23: "fun da king<4><STEAM_1:0:1655898477><CT>" killed "Paradise ＃ BCS16<3><STEAM_2:0:343338069><TERRORIST>" with "m4a1"
L 12/27/2019 - 10:04:23: Team "CT" triggered "CTs_Win" (CT "11") (T "1")
L 12/27/2019 - 10:04:23: World triggered "Round_End"
L 12/27/2019 - 10:04:28: "Paradise ＃ BCS16<3><STEAM_2:0:343338069><TERRORIST>" triggered "Spawned_With_The_Bomb"
L 12/27/2019 - 10:04:29: World triggered "Round_Start"
L 12/27/2019 - 10:04:40: "fun da king<4><STEAM_1:0:1655898477><CT>" killed "Paradise ＃ BCS16<3><STEAM_2:0:343338069><TERRORIST>" with "m4a1"
L 12/27/2019 - 10:04:40: Team "CT" triggered "CTs_Win" (CT "12") (T "1")
L 12/27/2019 - 10:04:40: World triggered "Round_End"
L 12/27/2019 - 10:04:45: "Paradise ＃ BCS16<3><STEAM_2:0:343338069><TERRORIST>" triggered "Spawned_With_The_Bomb"
L 12/27/2019 - 10:04:46: World triggered "Round_Start"
L 12/27/2019 - 10:04:57: "fun da king<4><STEAM_1:0:1655898477><CT>" killed "Paradise ＃ BCS16<3><STEAM_2:0:343338069><TERRORIST>" with "m4a1"
L 12/27/2019 - 10:04:57: Team "CT" triggered "CTs_Win" (CT "13") (T "1")
L 12/27/2019 - 10:04:57: World triggered "Round_End"
L 12/27/2019 - 10:05:02: "Paradise ＃ BCS16<3><STEAM_2:0:343338069><TERRORIST>" triggered "Spawned_With_The_Bomb"
L 12/27/2019 - 10:05:03: World triggered "Round_Start"
L 12/27/2019 - 10:05:21: "fun da king<4><STEAM_1:0:1655898477><CT>" killed "Paradise ＃ BCS16<3><STEAM_2:0:343338069><TERRORIST>" with "m4a1"
L 12/27/2019 - 10:05:21: Team "CT" triggered "CTs_Win" (CT "14") (T "1")
L 12/27/2019 - 10:05:21: World triggered "Round_End"
L 12/27/2019 - 10:05:26: "Paradise ＃ BCS16<3><STEAM_2:0:343338069><TERRORIST>" triggered "Spawned_With_The_Bomb"
L 12/27/2019 - 10:05:27: World triggered "Round_Start"
L 12/27/2019 - 10:05:36: "fun da king<4><STEAM_1:0:1655898477><CT>" killed "Paradise ＃ BCS16<3><STEAM_2:0:343338069><TERRORIST>" with "m4a1"
L 12/27/2019 - 10:05:36: Team "CT" triggered "CTs_Win" (CT "15") (T "1")
L 12/27/2019 - 10:05:36: World triggered "Round_End"
L 12/27/2019 - 10:05:41: "Paradise ＃ BCS16<3><STEAM_2:0:343338069><TERRORIST>" triggered "Spawned_With_The_Bomb"
L 12/27/2019 - 10:05:42: World triggered "Round_Start"
L 12/27/2019 - 10:05:44: "Paradise ＃ BCS16<3><STEAM_2:0:343338069><TERRORIST>" triggered "Dropped_The_Bomb"
L 12/27/2019 - 10:05:44: "Paradise ＃ BCS16<3><STEAM_2:0:343338069><TERRORIST>" disconnected
L 12/27/2019 - 10:07:12: "fun da king<4><STEAM_1:0:1655898477><CT>" disconnected
L 12/27/2019 - 10:07:12: World triggered "Round_Draw" (CT "15") (T "1")
L 12/27/2019 - 10:07:12: World triggered "Round_End"
L 12/27/2019 - 10:07:18: World triggered "Round_Start"
L 12/27/2019 - 10:09:36: Team "CT" triggered "Target_Saved" (CT "15") (T "1")
L 12/27/2019 - 10:09:36: World triggered "Round_End"
L 12/27/2019 - 10:09:42: World triggered "Round_Start"
L 12/27/2019 - 10:11:13: [REUNION]: XplE4r;) (213.167.9.197) authorized as RevEmu
L 12/27/2019 - 10:11:13: "XplE4r;)<5><STEAM_2:1:190285650><>" connected, address "213.167.9.197:27005"
L 12/27/2019 - 10:11:39: [REUNION]: XplE4r;) (213.167.9.197) authorized as RevEmu
L 12/27/2019 - 10:11:39: "XplE4r;)<6><STEAM_2:1:190285650><>" connected, address "213.167.9.197:27005"
L 12/27/2019 - 10:11:45: "XplE4r;)<6><STEAM_2:1:190285650><>" entered the game
L 12/27/2019 - 10:11:50: "XplE4r;)<6><STEAM_2:1:190285650><>" joined team "CT"
L 12/27/2019 - 10:12:00: Team "CT" triggered "Target_Saved" (CT "15") (T "1")
L 12/27/2019 - 10:12:00: World triggered "Round_End"
L 12/27/2019 - 10:12:06: World triggered "Round_Start"
L 12/27/2019 - 10:14:24: Team "CT" triggered "Target_Saved" (CT "15") (T "1")
L 12/27/2019 - 10:14:24: World triggered "Round_End"
L 12/27/2019 - 10:14:30: World triggered "Round_Start"
L 12/27/2019 - 10:15:17: "XplE4r;)<6><STEAM_2:1:190285650><CT>" changed name to "saske :d"
L 12/27/2019 - 10:16:47: Server cvar "mp_timelimit" = "0.000000"
L 12/27/2019 - 10:16:48: Team "CT" triggered "Target_Saved" (CT "15") (T "1")
L 12/27/2019 - 10:16:48: World triggered "Round_End"
L 12/27/2019 - 10:16:54: World triggered "Round_Start"
L 12/27/2019 - 10:16:54: Server cvar "sv_maxspeed" = "0.000000"
L 12/27/2019 - 10:16:54: Server cvar "mp_friendlyfire" = "1"
L 12/27/2019 - 10:16:58: "saske :d<6><STEAM_2:1:190285650><CT>" committed suicide with "worldspawn" (world)
L 12/27/2019 - 10:16:58: World triggered "Round_Draw" (CT "15") (T "1")
L 12/27/2019 - 10:16:58: World triggered "Round_End"
L 12/27/2019 - 10:17:04: World triggered "Round_Start"
L 12/27/2019 - 10:17:05: Server cvar "mp_timelimit" = "20.000000"
L 12/27/2019 - 10:17:05: [META] ini: Begin re-reading plugins list: /home/rented/public9/cstrike/addons/metamod/plugins.ini
L 12/27/2019 - 10:17:05: [META] ini: Read plugin config for: SafeNameAndChat
L 12/27/2019 - 10:17:05: [META] ini: Read plugin config for: AMX Mod X
L 12/27/2019 - 10:17:05: [META] ini: Read plugin config for: Reunion
L 12/27/2019 - 10:17:05: [META] ini: Read plugin config for: ReAuthCheck
L 12/27/2019 - 10:17:05: [META] ini: Read plugin config for: WHBlocker
L 12/27/2019 - 10:17:05: [META] ini: Read plugin config for: ReSemiclip
L 12/27/2019 - 10:17:05: [META] ini: Read plugin config for: Revoice
L 12/27/2019 - 10:17:05: [META] ini: Finished reading plugins list: /home/rented/public9/cstrike/addons/metamod/plugins.ini; Found 7 plugins
L 12/27/2019 - 10:17:05: [META] dll: Updating plugins...
L 12/27/2019 - 10:17:05: [META] WARNING: Cannot clear plugin 'SafeNameAndChat'; not marked as failed, empty, or open (status=valid)
L 12/27/2019 - 10:17:05: [META] dll: Unloaded plugin 'SafeNameAndChat' for reason 'file on disk is newer'
L 12/27/2019 - 10:17:05: [META] dll: Loaded plugin 'SafeNameAndChat': SafeNameAndChat v1.1 2017.02.01, WPMG.PRoSToC0der
L 12/27/2019 - 10:17:05: [META] WARNING: Cannot clear plugin 'WHBlocker'; not marked as failed, empty, or open (status=valid)
L 12/27/2019 - 10:17:05: [META] dll: Unloaded plugin 'WHBlocker' for reason 'file on disk is newer'
L 12/27/2019 - 10:17:05: [META] dll: Loaded plugin 'WHBlocker': WHBlocker v1.5.692 2017-04-13, s1lent
L 12/27/2019 - 10:17:05: [META] WARNING: Cannot clear plugin 'ReSemiclip'; not marked as failed, empty, or open (status=valid)
L 12/27/2019 - 10:17:05: [META] dll: Unloaded plugin 'ReSemiclip' for reason 'file on disk is newer'
L 12/27/2019 - 10:17:05: [META] dll: Loaded plugin 'ReSemiclip': ReSemiclip v2.3.9 13/02/17, s1lent & Adidasman
L 12/27/2019 - 10:17:05: [META] dll: Finished updating 14 plugins; kept 0, loaded 0, unloaded 0, reloaded 3, delayed 0
L 12/27/2019 - 10:17:05: "saske :d<6><STEAM_2:1:190285650><CT>" disconnected
L 12/27/2019 - 10:17:05: World triggered "Round_Draw" (CT "15") (T "1")
L 12/27/2019 - 10:17:05: World triggered "Round_End"
L 12/27/2019 - 10:17:05: Log file closed
