L 12/29/2019 - 21:30:18: Log file started (file "logs/L1229079.log") (game "cstrike") (version "48/1.1.2.7/Stdio/1621")
L 12/29/2019 - 21:30:18: Server cvar "mp_buytime" = "1"
L 12/29/2019 - 21:30:18: Server cvar "mp_c4timer" = "35"
L 12/29/2019 - 21:30:18: Server cvar "mp_flashlight" = "1"
L 12/29/2019 - 21:30:18: Server cvar "mp_freezetime" = "1"
L 12/29/2019 - 21:30:18: Server cvar "mp_hostagepenalty" = "0"
L 12/29/2019 - 21:30:18: Server cvar "mp_limitteams" = "1"
L 12/29/2019 - 21:30:18: Server cvar "mp_roundtime" = "2.3"
L 12/29/2019 - 21:30:18: Server cvar "mp_startmoney" = "850"
L 12/29/2019 - 21:30:18: Server cvar "sv_contact" = "feruchio599@gmail.com"
L 12/29/2019 - 21:30:18: Server cvar "sv_maxrate" = "50000"
L 12/29/2019 - 21:30:18: Server cvar "sv_maxspeed" = "320"
L 12/29/2019 - 21:30:18: Server cvar "sv_minrate" = "10000"
L 12/29/2019 - 21:30:18: Server cvar "max_queries_sec_global" = "***PROTECTED***"
L 12/29/2019 - 21:30:18: Server cvar "max_queries_sec" = "***PROTECTED***"
L 12/29/2019 - 21:30:18: Server cvar "decalfrequency" = "0"
L 12/29/2019 - 21:30:18: Server cvar "sv_airaccelerate" = "100"
L 12/29/2019 - 21:30:18: Server cvar "sv_friction" = "3"
L 12/29/2019 - 21:30:19: Server cvar "sv_friction" = "4"
L 12/29/2019 - 21:30:19: [REUNION]: Tacuaaa (186.50.4.52) authorized as RevEmu
L 12/29/2019 - 21:30:19: "Tacuaaa<1><STEAM_1:0:527709563><>" connected, address "186.50.4.52:27005"
L 12/29/2019 - 21:30:19: [REUNION]: Tacuaaa (186.50.4.52) authorized as RevEmu
L 12/29/2019 - 21:30:19: "Tacuaaa<2><STEAM_1:0:527709563><>" connected, address "186.50.4.52:27005"
L 12/29/2019 - 21:30:24: Server cvar "mp_timelimit" = "10"
L 12/29/2019 - 21:30:26: World triggered "Round_Start"
L 12/29/2019 - 21:30:27: [REUNION]: Tacuaaa (186.50.4.52) authorized as RevEmu
L 12/29/2019 - 21:30:27: "Tacuaaa<3><STEAM_1:0:527709563><>" connected, address "186.50.4.52:27005"
L 12/29/2019 - 21:30:38: "Tacuaaa<3><STEAM_1:0:527709563><>" entered the game
L 12/29/2019 - 21:30:42: "Tacuaaa<3><STEAM_1:0:527709563><>" joined team "CT"
L 12/29/2019 - 21:30:46: "why i need a name?<4><STEAM_0:1:243975700><>" connected, address "5.173.249.20:46211"
L 12/29/2019 - 21:30:46: "why i need a name?<4><STEAM_0:1:243975700><>" STEAM USERID validated
L 12/29/2019 - 21:30:48: "jesse_pinkman<5><STEAM_0:1:526796648><>" connected, address "91.148.164.81:27005"
L 12/29/2019 - 21:30:48: "jesse_pinkman<5><STEAM_0:1:526796648><>" STEAM USERID validated
L 12/29/2019 - 21:30:51: "why i need a name?<4><STEAM_0:1:243975700><>" entered the game
L 12/29/2019 - 21:30:53: "jesse_pinkman<5><STEAM_0:1:526796648><>" entered the game
L 12/29/2019 - 21:30:54: "jesse_pinkman<5><STEAM_0:1:526796648><>" joined team "TERRORIST"
L 12/29/2019 - 21:30:54: World triggered "Game_Commencing"
L 12/29/2019 - 21:30:54: World triggered "Game_Commencing" (CT "0") (T "0")
L 12/29/2019 - 21:30:54: World triggered "Round_End"
L 12/29/2019 - 21:30:58: World triggered "Round_Start"
L 12/29/2019 - 21:31:03: "why i need a name?<4><STEAM_0:1:243975700><>" joined team "CT"
L 12/29/2019 - 21:31:09: "Knife Noob<6><STEAM_0:1:520390096><>" connected, address "77.236.174.94:27005"
L 12/29/2019 - 21:31:10: "Knife Noob<6><STEAM_0:1:520390096><>" STEAM USERID validated
L 12/29/2019 - 21:31:27: "Knife Noob<7><STEAM_0:1:520390096><>" connected, address "77.236.174.94:27005"
L 12/29/2019 - 21:31:27: "Knife Noob<7><STEAM_0:1:520390096><>" STEAM USERID validated
L 12/29/2019 - 21:31:34: "why i need a name?<4><STEAM_0:1:243975700><CT>" killed "jesse_pinkman<5><STEAM_0:1:526796648><TERRORIST>" with "knife"
L 12/29/2019 - 21:31:34: Team "CT" triggered "CTs_Win" (CT "1") (T "0")
L 12/29/2019 - 21:31:34: World triggered "Round_End"
L 12/29/2019 - 21:31:39: "Knife Noob<8><STEAM_0:1:520390096><>" connected, address "77.236.174.94:27005"
L 12/29/2019 - 21:31:39: "Knife Noob<8><STEAM_0:1:520390096><>" STEAM USERID validated
L 12/29/2019 - 21:31:40: World triggered "Round_Start"
L 12/29/2019 - 21:31:45: "Knife Noob<9><STEAM_0:1:520390096><>" connected, address "77.236.174.94:27005"
L 12/29/2019 - 21:31:46: "Knife Noob<9><STEAM_0:1:520390096><>" STEAM USERID validated
L 12/29/2019 - 21:31:57: "funny<10><STEAM_0:1:108592592><>" connected, address "5.173.236.79:41627"
L 12/29/2019 - 21:31:58: "funny<10><STEAM_0:1:108592592><>" STEAM USERID validated
L 12/29/2019 - 21:32:02: "funny<10><STEAM_0:1:108592592><>" entered the game
L 12/29/2019 - 21:32:04: "i FAK with KateIRONk<11><STEAM_0:1:176532502><>" connected, address "5.173.236.79:41621"
L 12/29/2019 - 21:32:05: "mlaDIIIuu 6paT<12><STEAM_0:1:215402100><>" connected, address "94.232.74.26:27005"
L 12/29/2019 - 21:32:05: "i FAK with KateIRONk<11><STEAM_0:1:176532502><>" STEAM USERID validated
L 12/29/2019 - 21:32:05: "mlaDIIIuu 6paT<12><STEAM_0:1:215402100><>" STEAM USERID validated
L 12/29/2019 - 21:32:10: "i FAK with KateIRONk<11><STEAM_0:1:176532502><>" entered the game
L 12/29/2019 - 21:32:15: "funny<10><STEAM_0:1:108592592><>" joined team "TERRORIST"
L 12/29/2019 - 21:32:16: "Tacuaaa<3><STEAM_1:0:527709563><CT>" killed "jesse_pinkman<5><STEAM_0:1:526796648><TERRORIST>" with "knife"
L 12/29/2019 - 21:32:16: Team "CT" triggered "CTs_Win" (CT "2") (T "0")
L 12/29/2019 - 21:32:16: World triggered "Round_End"
L 12/29/2019 - 21:32:17: [REUNION]: PRO-BG (46.233.49.53) authorized as RevEmu
L 12/29/2019 - 21:32:17: "PRO-BG<13><STEAM_1:1:2076539104><>" connected, address "46.233.49.53:27005"
L 12/29/2019 - 21:32:21: "Tacuaaa<3><STEAM_1:0:527709563><CT>" joined team "TERRORIST"
L 12/29/2019 - 21:32:21: "<><><>" triggered "amx_chat" (text "[PTB] Transfered Tacuaaa to TERRORIST")
L 12/29/2019 - 21:32:22: World triggered "Round_Start"
L 12/29/2019 - 21:32:26: "i FAK with KateIRONk<11><STEAM_0:1:176532502><>" joined team "CT"
L 12/29/2019 - 21:32:29: "mlaDIIIuu 6paT<14><STEAM_0:1:215402100><>" connected, address "94.232.74.26:27005"
L 12/29/2019 - 21:32:29: "mlaDIIIuu 6paT<14><STEAM_0:1:215402100><>" STEAM USERID validated
L 12/29/2019 - 21:32:54: "Tacuaaa<3><STEAM_1:0:527709563><TERRORIST>" killed "why i need a name?<4><STEAM_0:1:243975700><CT>" with "tracktrain"
L 12/29/2019 - 21:33:05: "Maverick<15><STEAM_0:0:37264973><>" connected, address "79.134.63.56:27005"
L 12/29/2019 - 21:33:06: "Maverick<15><STEAM_0:0:37264973><>" STEAM USERID validated
L 12/29/2019 - 21:33:07: "jesse_pinkman<5><STEAM_0:1:526796648><TERRORIST>" killed "funny<10><STEAM_0:1:108592592><TERRORIST>" with "tracktrain"
L 12/29/2019 - 21:33:08: "Maverick<15><STEAM_0:0:37264973><>" entered the game
L 12/29/2019 - 21:33:13: "jesse_pinkman<5><STEAM_0:1:526796648><TERRORIST>" committed suicide with "world"
L 12/29/2019 - 21:33:51: "i FAK with KateIRONk<11><STEAM_0:1:176532502><CT>" committed suicide with "tracktrain"
L 12/29/2019 - 21:33:51: Team "TERRORIST" triggered "Terrorists_Win" (CT "2") (T "1")
L 12/29/2019 - 21:33:51: World triggered "Round_End"
L 12/29/2019 - 21:33:57: World triggered "Round_Start"
L 12/29/2019 - 21:34:19: "jesse_pinkman<5><STEAM_0:1:526796648><TERRORIST>" killed "why i need a name?<4><STEAM_0:1:243975700><CT>" with "knife"
L 12/29/2019 - 21:34:21: [REUNION]: Mr.Knife (87.243.100.90) authorized as RevEmu
L 12/29/2019 - 21:34:21: "Mr.Knife<16><STEAM_1:1:1973042010><>" connected, address "87.243.100.90:27005"
L 12/29/2019 - 21:34:24: "Mr.Knife<16><STEAM_1:1:1973042010><>" entered the game
L 12/29/2019 - 21:34:31: "Mr.Knife<16><STEAM_1:1:1973042010><>" joined team "CT"
L 12/29/2019 - 21:34:36: Kick: "Maverick<15><STEAM_0:0:37264973><>" was kicked by "Console" (message ""Away From Keyboard (AFK)"")
L 12/29/2019 - 21:34:36: "Maverick<15><STEAM_0:0:37264973><>" disconnected
L 12/29/2019 - 21:35:01: "Tacuaaa<3><STEAM_1:0:527709563><TERRORIST>" killed "funny<10><STEAM_0:1:108592592><TERRORIST>" with "tracktrain"
L 12/29/2019 - 21:35:09: "i FAK with KateIRONk<11><STEAM_0:1:176532502><CT>" killed "jesse_pinkman<5><STEAM_0:1:526796648><TERRORIST>" with "knife"
L 12/29/2019 - 21:35:16: "Tacuaaa<3><STEAM_1:0:527709563><TERRORIST>" committed suicide with "world"
L 12/29/2019 - 21:35:16: Team "CT" triggered "CTs_Win" (CT "3") (T "1")
L 12/29/2019 - 21:35:16: World triggered "Round_End"
L 12/29/2019 - 21:35:17: "mlaDIIIuu 6paT<14><STEAM_0:1:215402100><>" entered the game
L 12/29/2019 - 21:35:21: "mlaDIIIuu 6paT<14><STEAM_0:1:215402100><>" joined team "TERRORIST"
L 12/29/2019 - 21:35:22: World triggered "Round_Start"
L 12/29/2019 - 21:35:46: "Tacuaaa<3><STEAM_1:0:527709563><TERRORIST>" killed "why i need a name?<4><STEAM_0:1:243975700><CT>" with "knife"
L 12/29/2019 - 21:36:09: "i FAK with KateIRONk<11><STEAM_0:1:176532502><CT>" killed "mlaDIIIuu 6paT<14><STEAM_0:1:215402100><TERRORIST>" with "knife"
L 12/29/2019 - 21:36:18: [REUNION]: IP 193.42.110.171 banned for 10 minutes for query flooding (PPS: 334)
L 12/29/2019 - 21:36:31: "Player<17><STEAM_0:1:156837511><>" connected, address "2.94.196.47:27005"
L 12/29/2019 - 21:36:32: "Player<17><STEAM_0:1:156837511><>" STEAM USERID validated
L 12/29/2019 - 21:36:32: "jesse_pinkman<5><STEAM_0:1:526796648><TERRORIST>" killed "funny<10><STEAM_0:1:108592592><TERRORIST>" with "tracktrain"
L 12/29/2019 - 21:36:39: "i FAK with KateIRONk<11><STEAM_0:1:176532502><CT>" killed "jesse_pinkman<5><STEAM_0:1:526796648><TERRORIST>" with "knife"
L 12/29/2019 - 21:36:39: "Tacuaaa<3><STEAM_1:0:527709563><TERRORIST>" killed "Mr.Knife<16><STEAM_1:1:1973042010><CT>" with "knife"
L 12/29/2019 - 21:37:29: "Player<18><STEAM_0:1:156837511><>" connected, address "2.94.196.47:27005"
L 12/29/2019 - 21:37:29: "Player<18><STEAM_0:1:156837511><>" STEAM USERID validated
L 12/29/2019 - 21:37:40: "Tacuaaa<3><STEAM_1:0:527709563><TERRORIST>" committed suicide with "world"
L 12/29/2019 - 21:37:40: Team "CT" triggered "CTs_Win" (CT "4") (T "1")
L 12/29/2019 - 21:37:40: World triggered "Round_End"
L 12/29/2019 - 21:37:40: "i FAK with KateIRONk<11><STEAM_0:1:176532502><CT>" committed suicide with "world"
L 12/29/2019 - 21:37:46: World triggered "Round_Start"
L 12/29/2019 - 21:38:03: "jesse_pinkman<5><STEAM_0:1:526796648><TERRORIST>" killed "mlaDIIIuu 6paT<14><STEAM_0:1:215402100><TERRORIST>" with "tracktrain"
L 12/29/2019 - 21:38:05: "jesse_pinkman<5><STEAM_0:1:526796648><TERRORIST>" killed "Mr.Knife<16><STEAM_1:1:1973042010><CT>" with "tracktrain"
L 12/29/2019 - 21:38:26: "i FAK with KateIRONk<11><STEAM_0:1:176532502><CT>" killed "jesse_pinkman<5><STEAM_0:1:526796648><TERRORIST>" with "knife"
L 12/29/2019 - 21:38:31: "Tacuaaa<3><STEAM_1:0:527709563><TERRORIST>" killed "i FAK with KateIRONk<11><STEAM_0:1:176532502><CT>" with "tracktrain"
L 12/29/2019 - 21:38:34: "mlaDIIIuu 6paT<14><STEAM_0:1:215402100><TERRORIST>" disconnected
L 12/29/2019 - 21:38:34: "Player<19><STEAM_0:1:156837511><>" connected, address "2.94.196.47:27005"
L 12/29/2019 - 21:38:34: "Player<19><STEAM_0:1:156837511><>" STEAM USERID validated
L 12/29/2019 - 21:38:42: "mlaDIIIuu 6paT<20><STEAM_0:1:215402100><>" connected, address "94.232.74.26:27005"
L 12/29/2019 - 21:38:43: "mlaDIIIuu 6paT<20><STEAM_0:1:215402100><>" STEAM USERID validated
L 12/29/2019 - 21:38:57: "mlaDIIIuu 6paT<21><STEAM_0:1:215402100><>" connected, address "94.232.74.26:27005"
L 12/29/2019 - 21:38:57: "mlaDIIIuu 6paT<21><STEAM_0:1:215402100><>" STEAM USERID validated
L 12/29/2019 - 21:39:02: "mlaDIIIuu 6paT<21><STEAM_0:1:215402100><>" entered the game
L 12/29/2019 - 21:39:04: "mlaDIIIuu 6paT<21><STEAM_0:1:215402100><>" joined team "TERRORIST"
L 12/29/2019 - 21:39:23: "Maverick<22><STEAM_0:0:37264973><>" connected, address "79.134.63.56:27005"
L 12/29/2019 - 21:39:23: "Maverick<22><STEAM_0:0:37264973><>" STEAM USERID validated
L 12/29/2019 - 21:39:25: "Maverick<22><STEAM_0:0:37264973><>" entered the game
L 12/29/2019 - 21:39:29: "funny<10><STEAM_0:1:108592592><TERRORIST>" killed "why i need a name?<4><STEAM_0:1:243975700><CT>" with "knife"
L 12/29/2019 - 21:39:29: Team "TERRORIST" triggered "Terrorists_Win" (CT "4") (T "2")
L 12/29/2019 - 21:39:29: World triggered "Round_End"
L 12/29/2019 - 21:39:30: [REUNION]: IP 46.160.40.89 banned for 10 minutes for query flooding (PPS: 347)
L 12/29/2019 - 21:39:34: "funny<10><STEAM_0:1:108592592><TERRORIST>" joined team "CT"
L 12/29/2019 - 21:39:34: "<><><>" triggered "amx_chat" (text "[PTB] Transfered funny to CT")
L 12/29/2019 - 21:39:35: World triggered "Round_Start"
L 12/29/2019 - 21:39:43: Server cvar "amx_nextmap" = "crazycar_v2"
L 12/29/2019 - 21:39:46: "Mr.Knife<16><STEAM_1:1:1973042010><CT>" killed "jesse_pinkman<5><STEAM_0:1:526796648><TERRORIST>" with "knife"
L 12/29/2019 - 21:40:10: "i FAK with KateIRONk<11><STEAM_0:1:176532502><CT>" killed "mlaDIIIuu 6paT<21><STEAM_0:1:215402100><TERRORIST>" with "tracktrain"
L 12/29/2019 - 21:40:16: "Mr.Knife<16><STEAM_1:1:1973042010><CT>" committed suicide with "worldspawn" (world)
L 12/29/2019 - 21:40:35: "i FAK with KateIRONk<11><STEAM_0:1:176532502><CT>" killed "Tacuaaa<3><STEAM_1:0:527709563><TERRORIST>" with "tracktrain"
L 12/29/2019 - 21:40:35: Team "CT" triggered "CTs_Win" (CT "5") (T "2")
L 12/29/2019 - 21:40:35: World triggered "Round_End"
L 12/29/2019 - 21:40:41: World triggered "Round_Start"
L 12/29/2019 - 21:40:41: Server cvar "sv_maxspeed" = "0.000000"
L 12/29/2019 - 21:40:41: Server cvar "mp_friendlyfire" = "1"
L 12/29/2019 - 21:40:45: "Mr.Knife<16><STEAM_1:1:1973042010><CT>" committed suicide with "grenade"
L 12/29/2019 - 21:40:45: "why i need a name?<4><STEAM_0:1:243975700><CT>" committed suicide with "worldspawn" (world)
L 12/29/2019 - 21:40:46: "mlaDIIIuu 6paT<21><STEAM_0:1:215402100><TERRORIST>" committed suicide with "worldspawn" (world)
L 12/29/2019 - 21:40:51: Kick: "Maverick<22><STEAM_0:0:37264973><>" was kicked by "Console" (message ""Away From Keyboard (AFK)"")
L 12/29/2019 - 21:40:51: "Maverick<22><STEAM_0:0:37264973><>" disconnected
L 12/29/2019 - 21:40:52: Server cvar "sv_maxspeed" = "320.000000"
L 12/29/2019 - 21:40:52: Server cvar "mp_friendlyfire" = "0"
L 12/29/2019 - 21:40:52: [META] ini: Begin re-reading plugins list: /home/rented/public9/cstrike/addons/metamod/plugins.ini
L 12/29/2019 - 21:40:52: [META] ini: Read plugin config for: SafeNameAndChat
L 12/29/2019 - 21:40:52: [META] ini: Read plugin config for: AMX Mod X
L 12/29/2019 - 21:40:52: [META] ini: Read plugin config for: Reunion
L 12/29/2019 - 21:40:52: [META] ini: Read plugin config for: ReAuthCheck
L 12/29/2019 - 21:40:52: [META] ini: Read plugin config for: WHBlocker
L 12/29/2019 - 21:40:52: [META] ini: Read plugin config for: ReSemiclip
L 12/29/2019 - 21:40:52: [META] ini: Read plugin config for: Revoice
L 12/29/2019 - 21:40:52: [META] ini: Finished reading plugins list: /home/rented/public9/cstrike/addons/metamod/plugins.ini; Found 7 plugins
L 12/29/2019 - 21:40:52: [META] dll: Updating plugins...
L 12/29/2019 - 21:40:52: [META] WARNING: Cannot clear plugin 'SafeNameAndChat'; not marked as failed, empty, or open (status=valid)
L 12/29/2019 - 21:40:52: [META] dll: Unloaded plugin 'SafeNameAndChat' for reason 'file on disk is newer'
L 12/29/2019 - 21:40:52: [META] dll: Loaded plugin 'SafeNameAndChat': SafeNameAndChat v1.1 2017.02.01, WPMG.PRoSToC0der
L 12/29/2019 - 21:40:52: [META] WARNING: Cannot clear plugin 'WHBlocker'; not marked as failed, empty, or open (status=valid)
L 12/29/2019 - 21:40:52: [META] dll: Unloaded plugin 'WHBlocker' for reason 'file on disk is newer'
L 12/29/2019 - 21:40:52: [META] dll: Loaded plugin 'WHBlocker': WHBlocker v1.5.692 2017-04-13, s1lent
L 12/29/2019 - 21:40:52: [META] WARNING: Cannot clear plugin 'ReSemiclip'; not marked as failed, empty, or open (status=valid)
L 12/29/2019 - 21:40:52: [META] dll: Unloaded plugin 'ReSemiclip' for reason 'file on disk is newer'
L 12/29/2019 - 21:40:52: [META] dll: Loaded plugin 'ReSemiclip': ReSemiclip v2.3.9 13/02/17, s1lent & Adidasman
L 12/29/2019 - 21:40:52: [META] dll: Finished updating 14 plugins; kept 0, loaded 0, unloaded 0, reloaded 3, delayed 0
L 12/29/2019 - 21:40:52: "Tacuaaa<3><STEAM_1:0:527709563><TERRORIST>" disconnected
L 12/29/2019 - 21:40:52: "why i need a name?<4><STEAM_0:1:243975700><CT>" disconnected
L 12/29/2019 - 21:40:52: "jesse_pinkman<5><STEAM_0:1:526796648><TERRORIST>" disconnected
L 12/29/2019 - 21:40:52: Team "CT" triggered "CTs_Win" (CT "6") (T "2")
L 12/29/2019 - 21:40:52: World triggered "Round_End"
L 12/29/2019 - 21:40:52: "funny<10><STEAM_0:1:108592592><CT>" disconnected
L 12/29/2019 - 21:40:52: "i FAK with KateIRONk<11><STEAM_0:1:176532502><CT>" disconnected
L 12/29/2019 - 21:40:52: "mlaDIIIuu 6paT<21><STEAM_0:1:215402100><TERRORIST>" disconnected
L 12/29/2019 - 21:40:52: "Mr.Knife<16><STEAM_1:1:1973042010><CT>" disconnected
L 12/29/2019 - 21:40:52: Log file closed
