L 12/25/2019 - 21:19:58: Log file started (file "logs/L1225101.log") (game "cstrike") (version "48/1.1.2.7/Stdio/1621")
L 12/25/2019 - 21:19:58: Server cvar "mp_buytime" = "1"
L 12/25/2019 - 21:19:58: Server cvar "mp_c4timer" = "35"
L 12/25/2019 - 21:19:58: Server cvar "mp_flashlight" = "1"
L 12/25/2019 - 21:19:58: Server cvar "mp_freezetime" = "1"
L 12/25/2019 - 21:19:58: Server cvar "mp_hostagepenalty" = "0"
L 12/25/2019 - 21:19:58: Server cvar "mp_limitteams" = "1"
L 12/25/2019 - 21:19:58: Server cvar "mp_roundtime" = "2.3"
L 12/25/2019 - 21:19:58: Server cvar "mp_startmoney" = "850"
L 12/25/2019 - 21:19:58: Server cvar "sv_contact" = "feruchio599@gmail.com"
L 12/25/2019 - 21:19:58: Server cvar "sv_maxrate" = "50000"
L 12/25/2019 - 21:19:58: Server cvar "sv_maxspeed" = "320"
L 12/25/2019 - 21:19:58: Server cvar "sv_minrate" = "10000"
L 12/25/2019 - 21:19:58: Server cvar "max_queries_sec_global" = "***PROTECTED***"
L 12/25/2019 - 21:19:58: Server cvar "max_queries_sec" = "***PROTECTED***"
L 12/25/2019 - 21:19:58: Server cvar "decalfrequency" = "0"
L 12/25/2019 - 21:19:58: Server cvar "sv_airaccelerate" = "100"
L 12/25/2019 - 21:19:58: Server cvar "sv_friction" = "3"
L 12/25/2019 - 21:19:59: Server cvar "sv_friction" = "4"
L 12/25/2019 - 21:20:04: Server cvar "mp_timelimit" = "10"
L 12/25/2019 - 21:20:05: "Maverick<1><STEAM_0:0:37264973><>" connected, address "79.134.63.56:27005"
L 12/25/2019 - 21:20:05: "Maverick<1><STEAM_0:0:37264973><>" STEAM USERID validated
L 12/25/2019 - 21:20:06: World triggered "Round_Start"
L 12/25/2019 - 21:20:07: "SoC *My Anus Is Endless *<2><STEAM_0:0:13014189><>" connected, address "99.252.234.47:27005"
L 12/25/2019 - 21:20:07: "SoC *My Anus Is Endless *<2><STEAM_0:0:13014189><>" STEAM USERID validated
L 12/25/2019 - 21:20:08: "Maverick<1><STEAM_0:0:37264973><>" entered the game
L 12/25/2019 - 21:20:10: [REUNION]: xXMr.ONurXx_YT (79.132.3.189) authorized as RevEmu
L 12/25/2019 - 21:20:10: "xXMr.ONurXx_YT<3><STEAM_2:1:935252518><>" connected, address "79.132.3.189:27005"
L 12/25/2019 - 21:20:10: "Maverick<1><STEAM_0:0:37264973><>" joined team "CT"
L 12/25/2019 - 21:20:12: [REUNION]: jesse_pinkman (91.148.164.81) authorized as RevEmu
L 12/25/2019 - 21:20:12: "jesse_pinkman<4><STEAM_1:0:1973059967><>" connected, address "91.148.164.81:27005"
L 12/25/2019 - 21:20:12: "SoC *My Anus Is Endless *<5><STEAM_0:0:13014189><>" connected, address "99.252.234.47:27005"
L 12/25/2019 - 21:20:13: "SoC *My Anus Is Endless *<5><STEAM_0:0:13014189><>" STEAM USERID validated
L 12/25/2019 - 21:20:18: "jesse_pinkman<4><STEAM_1:0:1973059967><>" entered the game
L 12/25/2019 - 21:20:19: "SoC *My Anus Is Endless *<5><STEAM_0:0:13014189><>" entered the game
L 12/25/2019 - 21:20:19: [META] ini: Begin re-reading plugins list: /home/rented/public9/cstrike/addons/metamod/plugins.ini
L 12/25/2019 - 21:20:19: [META] ini: Read plugin config for: SafeNameAndChat
L 12/25/2019 - 21:20:19: [META] ini: Read plugin config for: AMX Mod X
L 12/25/2019 - 21:20:19: [META] ini: Read plugin config for: Reunion
L 12/25/2019 - 21:20:19: [META] ini: Read plugin config for: ReAuthCheck
L 12/25/2019 - 21:20:19: [META] ini: Read plugin config for: WHBlocker
L 12/25/2019 - 21:20:19: [META] ini: Read plugin config for: ReSemiclip
L 12/25/2019 - 21:20:19: [META] ini: Read plugin config for: Revoice
L 12/25/2019 - 21:20:19: [META] ini: Finished reading plugins list: /home/rented/public9/cstrike/addons/metamod/plugins.ini; Found 7 plugins
L 12/25/2019 - 21:20:19: [META] dll: Updating plugins...
L 12/25/2019 - 21:20:19: [META] WARNING: Cannot clear plugin 'SafeNameAndChat'; not marked as failed, empty, or open (status=valid)
L 12/25/2019 - 21:20:19: [META] dll: Unloaded plugin 'SafeNameAndChat' for reason 'file on disk is newer'
L 12/25/2019 - 21:20:19: [META] dll: Loaded plugin 'SafeNameAndChat': SafeNameAndChat v1.1 2017.02.01, WPMG.PRoSToC0der
L 12/25/2019 - 21:20:19: [META] WARNING: Cannot clear plugin 'WHBlocker'; not marked as failed, empty, or open (status=valid)
L 12/25/2019 - 21:20:19: [META] dll: Unloaded plugin 'WHBlocker' for reason 'file on disk is newer'
L 12/25/2019 - 21:20:19: [META] dll: Loaded plugin 'WHBlocker': WHBlocker v1.5.692 2017-04-13, s1lent
L 12/25/2019 - 21:20:19: [META] WARNING: Cannot clear plugin 'ReSemiclip'; not marked as failed, empty, or open (status=valid)
L 12/25/2019 - 21:20:19: [META] dll: Unloaded plugin 'ReSemiclip' for reason 'file on disk is newer'
L 12/25/2019 - 21:20:19: [META] dll: Loaded plugin 'ReSemiclip': ReSemiclip v2.3.9 13/02/17, s1lent & Adidasman
L 12/25/2019 - 21:20:19: [META] dll: Finished updating 14 plugins; kept 0, loaded 0, unloaded 0, reloaded 3, delayed 0
L 12/25/2019 - 21:20:19: "Maverick<1><STEAM_0:0:37264973><CT>" disconnected
L 12/25/2019 - 21:20:19: World triggered "Round_Draw" (CT "0") (T "0")
L 12/25/2019 - 21:20:19: World triggered "Round_End"
L 12/25/2019 - 21:20:19: "jesse_pinkman<4><STEAM_1:0:1973059967><>" disconnected
L 12/25/2019 - 21:20:19: "SoC *My Anus Is Endless *<5><STEAM_0:0:13014189><>" disconnected
L 12/25/2019 - 21:20:19: Log file closed
