L 12/24/2019 - 21:46:34: Log file started (file "logs/L1224103.log") (game "cstrike") (version "48/1.1.2.7/Stdio/1621")
L 12/24/2019 - 21:46:34: Loading map "de_jeepathon6k"
L 12/24/2019 - 21:46:34: Server cvars start
L 12/24/2019 - 21:46:34: Server cvar "@BunnyHopper" = "3.x"
L 12/24/2019 - 21:46:34: Server cvar "@CRXGoSpec" = "1.1"
L 12/24/2019 - 21:46:34: Server cvar "@CRXRemoveImmunity" = "1.0"
L 12/24/2019 - 21:46:34: Server cvar "@D.I.C.E." = "1.1"
L 12/24/2019 - 21:46:34: Server cvar "@MOTDCommands" = "1.2"
L 12/24/2019 - 21:46:34: Server cvar "advanced_quake_sounds" = "5.0"
L 12/24/2019 - 21:46:34: Server cvar "AdvancedMute" = "1.0"
L 12/24/2019 - 21:46:34: Server cvar "aesp_version" = "1.3"
L 12/24/2019 - 21:46:34: Server cvar "allow_spectators" = "1.0"
L 12/24/2019 - 21:46:34: Server cvar "amx_client_languages" = "1"
L 12/24/2019 - 21:46:34: Server cvar "amx_language" = "en"
L 12/24/2019 - 21:46:34: Server cvar "amx_nextmap" = "de_jeepathon6k"
L 12/24/2019 - 21:46:34: Server cvar "amx_ptb_version" = "1.8b3"
L 12/24/2019 - 21:46:34: Server cvar "amx_timeleft" = "00:00"
L 12/24/2019 - 21:46:34: Server cvar "amxmodx_version" = "1.8.2"
L 12/24/2019 - 21:46:34: Server cvar "amxxbg_vip" = "1.0"
L 12/24/2019 - 21:46:34: Server cvar "asp_version" = "4.5.1"
L 12/24/2019 - 21:46:34: Server cvar "atac_version" = "3.0.1"
L 12/24/2019 - 21:46:34: Server cvar "badcamper_version" = "1.4 beta"
L 12/24/2019 - 21:46:34: Server cvar "blockmaker" = "4.01"
L 12/24/2019 - 21:46:34: Server cvar "c4 timer" = "1.1"
L 12/24/2019 - 21:46:34: Server cvar "coop" = "0"
L 12/24/2019 - 21:46:34: Server cvar "CRXAdminGroups" = "1.0"
L 12/24/2019 - 21:46:34: Server cvar "CRXCommandRestrictions" = "1.0"
L 12/24/2019 - 21:46:34: Server cvar "CRXFastKnife" = "1.0"
L 12/24/2019 - 21:46:34: Server cvar "CRXGametracker" = "2.0"
L 12/24/2019 - 21:46:34: Server cvar "CRXKnifeModels" = "2.5.7"
L 12/24/2019 - 21:46:34: Server cvar "CRXTeamAdvantage" = "1.0"
L 12/24/2019 - 21:46:34: Server cvar "CustomShop" = "4.2"
L 12/24/2019 - 21:46:34: Server cvar "deathmatch" = "1"
L 12/24/2019 - 21:46:34: Server cvar "decalfrequency" = "0"
L 12/24/2019 - 21:46:34: Server cvar "edgefriction" = "2"
L 12/24/2019 - 21:46:34: Server cvar "ers_version" = "2.3c"
L 12/24/2019 - 21:46:34: Server cvar "gagsystem_shoko" = "1.0"
L 12/24/2019 - 21:46:34: Server cvar "gal_mapcyclefile" = "mapcycle.txt"
L 12/24/2019 - 21:46:34: Server cvar "gal_version" = "v5.9.1-926"
L 12/24/2019 - 21:46:34: Server cvar "game_version" = "5.7.0.313-dev"
L 12/24/2019 - 21:46:34: Server cvar "humans_join_team" = "any"
L 12/24/2019 - 21:46:34: Server cvar "jtp10181" = "chute,gore"
L 12/24/2019 - 21:46:34: Server cvar "lawliet" = "ny_RainingSnow"
L 12/24/2019 - 21:46:34: Server cvar "LetitSnow" = "1.0"
L 12/24/2019 - 21:46:34: Server cvar "map_spawns" = "T(16) CT(16)"
L 12/24/2019 - 21:46:34: Server cvar "max_queries_sec" = "3"
L 12/24/2019 - 21:46:34: Server cvar "max_queries_sec_global" = "150"
L 12/24/2019 - 21:46:34: Server cvar "max_queries_window" = "60"
L 12/24/2019 - 21:46:34: Server cvar "mdbBans" = "4.8"
L 12/24/2019 - 21:46:34: Server cvar "metamod_version" = "1.21p37"
L 12/24/2019 - 21:46:34: Server cvar "mp_autokick" = "0"
L 12/24/2019 - 21:46:34: Server cvar "mp_autokick_timeout" = "-1"
L 12/24/2019 - 21:46:34: Server cvar "mp_autoteambalance" = "0"
L 12/24/2019 - 21:46:34: Server cvar "mp_buytime" = "0.25"
L 12/24/2019 - 21:46:34: Server cvar "mp_c4timer" = "35"
L 12/24/2019 - 21:46:34: Server cvar "mp_chattime" = "10"
L 12/24/2019 - 21:46:34: Server cvar "mp_consistency" = "1"
L 12/24/2019 - 21:46:34: Server cvar "mp_fadetoblack" = "0"
L 12/24/2019 - 21:46:34: Server cvar "mp_flashlight" = "1"
L 12/24/2019 - 21:46:34: Server cvar "mp_footsteps" = "1"
L 12/24/2019 - 21:46:34: Server cvar "mp_forcecamera" = "0"
L 12/24/2019 - 21:46:34: Server cvar "mp_forcechasecam" = "0"
L 12/24/2019 - 21:46:34: Server cvar "mp_forcerespawn" = "0"
L 12/24/2019 - 21:46:34: Server cvar "mp_fraglimit" = "0"
L 12/24/2019 - 21:46:34: Server cvar "mp_fragsleft" = "0"
L 12/24/2019 - 21:46:34: Server cvar "mp_freeforall" = "0"
L 12/24/2019 - 21:46:34: Server cvar "mp_freezetime" = "1"
L 12/24/2019 - 21:46:34: Server cvar "mp_friendlyfire" = "0"
L 12/24/2019 - 21:46:34: Server cvar "mp_hostage_hurtable" = "1"
L 12/24/2019 - 21:46:34: Server cvar "mp_hostagepenalty" = "0"
L 12/24/2019 - 21:46:34: Server cvar "mp_item_staytime" = "300"
L 12/24/2019 - 21:46:34: Server cvar "mp_kickpercent" = "0.66"
L 12/24/2019 - 21:46:34: Server cvar "mp_legacy_bombtarget_touch" = "1"
L 12/24/2019 - 21:46:34: Server cvar "mp_limitteams" = "0"
L 12/24/2019 - 21:46:34: Server cvar "mp_logdetail" = "0"
L 12/24/2019 - 21:46:34: Server cvar "mp_logfile" = "1"
L 12/24/2019 - 21:46:34: Server cvar "mp_logmessages" = "1"
L 12/24/2019 - 21:46:34: Server cvar "mp_mapvoteratio" = "0.66"
L 12/24/2019 - 21:46:34: Server cvar "mp_maxmoney" = "999999"
L 12/24/2019 - 21:46:34: Server cvar "mp_maxrounds" = "0"
L 12/24/2019 - 21:46:34: Server cvar "mp_mirrordamage" = "0"
L 12/24/2019 - 21:46:34: Server cvar "mp_old_bomb_defused_sound" = "1"
L 12/24/2019 - 21:46:34: Server cvar "mp_playerid" = "0"
L 12/24/2019 - 21:46:34: Server cvar "mp_respawn_immunitytime" = "0"
L 12/24/2019 - 21:46:34: Server cvar "mp_round_infinite" = "0"
L 12/24/2019 - 21:46:34: Server cvar "mp_round_restart_delay" = "5"
L 12/24/2019 - 21:46:34: Server cvar "mp_roundover" = "0"
L 12/24/2019 - 21:46:34: Server cvar "mp_roundtime" = "2.3"
L 12/24/2019 - 21:46:34: Server cvar "mp_show_radioicon" = "1"
L 12/24/2019 - 21:46:34: Server cvar "mp_startmoney" = "850"
L 12/24/2019 - 21:46:34: Server cvar "mp_timeleft" = "00:00"
L 12/24/2019 - 21:46:34: Server cvar "mp_timelimit" = "20.000000"
L 12/24/2019 - 21:46:34: Server cvar "mp_tkpunish" = "0"
L 12/24/2019 - 21:46:34: Server cvar "mp_windifference" = "1"
L 12/24/2019 - 21:46:34: Server cvar "mp_winlimit" = "0"
L 12/24/2019 - 21:46:34: Server cvar "NoWeaponsOnGround" = "1.0"
L 12/24/2019 - 21:46:34: Server cvar "pausable" = "0"
L 12/24/2019 - 21:46:34: Server cvar "present_version" = "2.01"
L 12/24/2019 - 21:46:34: Server cvar "RandomHP" = "2.2"
L 12/24/2019 - 21:46:34: Server cvar "reauthcheck_version" = "0.1.6"
L 12/24/2019 - 21:46:34: Server cvar "reconnect_features" = "0.3.1"
L 12/24/2019 - 21:46:34: Server cvar "report_system_version" = "3.1"
L 12/24/2019 - 21:46:34: Server cvar "resemiclip_version" = "2.3.9"
L 12/24/2019 - 21:46:34: Server cvar "reu_version" = "0.1.0.130"
L 12/24/2019 - 21:46:34: Server cvar "revoice_version" = "0.1.0.30"
L 12/24/2019 - 21:46:34: Server cvar "RRWM" = "2.0"
L 12/24/2019 - 21:46:34: Server cvar "sanksounds_version" = "1.8.6"
L 12/24/2019 - 21:46:34: Server cvar "SimpleMenu" = "1.1"
L 12/24/2019 - 21:46:34: Server cvar "SNAC_Version" = "1.1"
L 12/24/2019 - 21:46:34: Server cvar "SpecList" = "1.2a"
L 12/24/2019 - 21:46:34: Server cvar "sr_version" = "1.6"
L 12/24/2019 - 21:46:34: Server cvar "statsx_shell_ver" = "2.0.0 (BETA)"
L 12/24/2019 - 21:46:34: Server cvar "StyleC4Timer" = "2.1"
L 12/24/2019 - 21:46:34: Server cvar "sv_accelerate" = "5"
L 12/24/2019 - 21:46:34: Server cvar "sv_aim" = "1"
L 12/24/2019 - 21:46:34: Server cvar "sv_airaccelerate" = "100"
L 12/24/2019 - 21:46:34: Server cvar "sv_allowupload" = "1"
L 12/24/2019 - 21:46:34: Server cvar "sv_alltalk" = "1"
L 12/24/2019 - 21:46:34: Server cvar "sv_bounce" = "1"
L 12/24/2019 - 21:46:34: Server cvar "sv_cheats" = "0"
L 12/24/2019 - 21:46:34: Server cvar "sv_clienttrace" = "1"
L 12/24/2019 - 21:46:34: Server cvar "sv_contact" = "feruchio599@gmail.com"
L 12/24/2019 - 21:46:34: Server cvar "sv_friction" = "4"
L 12/24/2019 - 21:46:34: Server cvar "sv_gravity" = "800"
L 12/24/2019 - 21:46:34: Server cvar "sv_logblocks" = "0"
L 12/24/2019 - 21:46:34: Server cvar "sv_maxrate" = "50000"
L 12/24/2019 - 21:46:34: Server cvar "sv_maxspeed" = "900.000000"
L 12/24/2019 - 21:46:34: Server cvar "sv_minrate" = "10000"
L 12/24/2019 - 21:46:34: Server cvar "sv_password" = ""
L 12/24/2019 - 21:46:34: Server cvar "sv_proxies" = "1"
L 12/24/2019 - 21:46:34: Server cvar "sv_restart" = "0"
L 12/24/2019 - 21:46:34: Server cvar "sv_restartround" = "0"
L 12/24/2019 - 21:46:34: Server cvar "sv_stepsize" = "18"
L 12/24/2019 - 21:46:34: Server cvar "sv_stopspeed" = "75"
L 12/24/2019 - 21:46:34: Server cvar "sv_uploadmax" = "0.5"
L 12/24/2019 - 21:46:34: Server cvar "sv_version" = "1.1.2.7/Stdio,48,1621"
L 12/24/2019 - 21:46:34: Server cvar "sv_voiceenable" = "1"
L 12/24/2019 - 21:46:34: Server cvar "sv_wateraccelerate" = "10"
L 12/24/2019 - 21:46:34: Server cvar "sv_waterfriction" = "1"
L 12/24/2019 - 21:46:34: Server cvar "Team_Semiclip_version" = "3.3.1"
L 12/24/2019 - 21:46:34: Server cvar "vehicle_real_killer" = "1.1"
L 12/24/2019 - 21:46:34: Server cvar "WalkGuard" = "1.3.2"
L 12/24/2019 - 21:46:34: Server cvar "we_grenades" = "Huehue"
L 12/24/2019 - 21:46:34: Server cvar "we_player_models" = "Huehue"
L 12/24/2019 - 21:46:34: Server cvar "whb_version" = "1.5.692"
L 12/24/2019 - 21:46:34: Server cvar "zp_jp_version" = "Extra Item Jetpack+Bazooka v3.2"
L 12/24/2019 - 21:46:34: Server cvars end
L 12/24/2019 - 21:46:37: Server cvar "sv_maxspeed" = "900"
L 12/24/2019 - 21:46:37: Server cvar "mp_autoteambalance" = "1"
L 12/24/2019 - 21:46:37: Server cvar "mp_timelimit" = "20"
L 12/24/2019 - 21:46:37: Server cvar "mp_autoteambalance" = "0"
L 12/24/2019 - 21:46:37: Server cvar "amx_nextmap" = "[not yet voted on]"
L 12/24/2019 - 21:46:38: Started map "de_jeepathon6k" (CRC "429959279")
L 12/24/2019 - 21:46:40: World triggered "Round_Start"
L 12/24/2019 - 21:46:42: "Maverick<1><STEAM_0:0:37264973><>" entered the game
L 12/24/2019 - 21:47:17: "Maverick<1><STEAM_0:0:37264973><>" joined team "TERRORIST"
L 12/24/2019 - 21:47:41: "b28v/double.dll<13><STEAM_0:0:132347840><>" connected, address "90.154.193.180:43617"
L 12/24/2019 - 21:47:41: "b28v/double.dll<13><STEAM_0:0:132347840><>" STEAM USERID validated
L 12/24/2019 - 21:48:13: "b28v/double.dll<13><STEAM_0:0:132347840><>" entered the game
L 12/24/2019 - 21:48:25: "b28v/double.dll<13><STEAM_0:0:132347840><>" disconnected
L 12/24/2019 - 21:48:57: "Maverick<1><STEAM_0:0:37264973><TERRORIST>" committed suicide with "world"
L 12/24/2019 - 21:48:57: World triggered "Round_Draw" (CT "0") (T "0")
L 12/24/2019 - 21:48:57: World triggered "Round_End"
L 12/24/2019 - 21:48:58: "Maverick<1><STEAM_0:0:37264973><TERRORIST>" disconnected
L 12/24/2019 - 21:49:03: World triggered "Round_Start"
L 12/24/2019 - 21:51:25: [REUNION]: CSTYLER (94.153.104.86) authorized as RevEmu
L 12/24/2019 - 21:51:25: "CSTYLER<14><STEAM_2:0:2052157424><>" connected, address "94.153.104.86:62017"
L 12/24/2019 - 21:51:35: [REUNION]: CSTYLER (94.153.104.86) authorized as RevEmu
L 12/24/2019 - 21:51:35: "CSTYLER<15><STEAM_2:0:2052157424><>" connected, address "94.153.104.86:62017"
L 12/24/2019 - 21:52:00: "CSTYLER<15><STEAM_2:0:2052157424><>" entered the game
L 12/24/2019 - 21:52:20: "CSTYLER<15><STEAM_2:0:2052157424><>" joined team "CT"
L 12/24/2019 - 21:52:30: "CSTYLER<15><STEAM_2:0:2052157424><CT>" disconnected
L 12/24/2019 - 21:52:30: World triggered "Round_Draw" (CT "0") (T "0")
L 12/24/2019 - 21:52:30: World triggered "Round_End"
L 12/24/2019 - 21:52:36: World triggered "Round_Start"
L 12/24/2019 - 22:03:48: [REUNION]: Ludia :D (77.76.16.213) authorized as RevEmu
L 12/24/2019 - 22:03:48: "Ludia :D<16><STEAM_1:0:186885685><>" connected, address "77.76.16.213:21341"
L 12/24/2019 - 22:03:56: "Ludia :D<16><STEAM_1:0:186885685><>" entered the game
L 12/24/2019 - 22:03:59: "Ludia :D<16><STEAM_1:0:186885685><>" joined team "TERRORIST"
L 12/24/2019 - 22:05:59: "Ludia :D<16><STEAM_1:0:186885685><TERRORIST>" disconnected
L 12/24/2019 - 22:05:59: World triggered "Round_Draw" (CT "0") (T "0")
L 12/24/2019 - 22:05:59: World triggered "Round_End"
L 12/24/2019 - 22:06:05: World triggered "Round_Start"
L 12/24/2019 - 22:06:36: Server cvar "mp_chattime" = "12.000000"
L 12/24/2019 - 22:06:36: Server cvar "amx_nextmap" = "as_cliffsea"
L 12/24/2019 - 22:06:36: Team "CT" scored "0" with "0" players
L 12/24/2019 - 22:06:36: Team "TERRORIST" scored "0" with "0" players
L 12/24/2019 - 22:06:46: Server cvar "mp_chattime" = "10.000000"
L 12/24/2019 - 22:06:46: [META] ini: Begin re-reading plugins list: /home/rented/public9/cstrike/addons/metamod/plugins.ini
L 12/24/2019 - 22:06:46: [META] ini: Read plugin config for: SafeNameAndChat
L 12/24/2019 - 22:06:46: [META] ini: Read plugin config for: AMX Mod X
L 12/24/2019 - 22:06:46: [META] ini: Read plugin config for: Reunion
L 12/24/2019 - 22:06:46: [META] ini: Read plugin config for: ReAuthCheck
L 12/24/2019 - 22:06:46: [META] ini: Read plugin config for: WHBlocker
L 12/24/2019 - 22:06:46: [META] ini: Read plugin config for: ReSemiclip
L 12/24/2019 - 22:06:46: [META] ini: Read plugin config for: Revoice
L 12/24/2019 - 22:06:46: [META] ini: Finished reading plugins list: /home/rented/public9/cstrike/addons/metamod/plugins.ini; Found 7 plugins
L 12/24/2019 - 22:06:46: [META] dll: Updating plugins...
L 12/24/2019 - 22:06:46: [META] WARNING: Cannot clear plugin 'SafeNameAndChat'; not marked as failed, empty, or open (status=valid)
L 12/24/2019 - 22:06:46: [META] dll: Unloaded plugin 'SafeNameAndChat' for reason 'file on disk is newer'
L 12/24/2019 - 22:06:46: [META] dll: Loaded plugin 'SafeNameAndChat': SafeNameAndChat v1.1 2017.02.01, WPMG.PRoSToC0der
L 12/24/2019 - 22:06:46: [META] WARNING: Cannot clear plugin 'WHBlocker'; not marked as failed, empty, or open (status=valid)
L 12/24/2019 - 22:06:46: [META] dll: Unloaded plugin 'WHBlocker' for reason 'file on disk is newer'
L 12/24/2019 - 22:06:46: [META] dll: Loaded plugin 'WHBlocker': WHBlocker v1.5.692 2017-04-13, s1lent
L 12/24/2019 - 22:06:46: [META] WARNING: Cannot clear plugin 'ReSemiclip'; not marked as failed, empty, or open (status=valid)
L 12/24/2019 - 22:06:46: [META] dll: Unloaded plugin 'ReSemiclip' for reason 'file on disk is newer'
L 12/24/2019 - 22:06:46: [META] dll: Loaded plugin 'ReSemiclip': ReSemiclip v2.3.9 13/02/17, s1lent & Adidasman
L 12/24/2019 - 22:06:46: [META] dll: Finished updating 14 plugins; kept 0, loaded 0, unloaded 0, reloaded 3, delayed 0
L 12/24/2019 - 22:06:46: Log file closed
