L 12/23/2019 - 17:50:37: Log file started (file "logs/L1223083.log") (game "cstrike") (version "48/1.1.2.7/Stdio/1621")
L 12/23/2019 - 17:50:37: Loading map "air_fight2"
L 12/23/2019 - 17:50:37: Server cvars start
L 12/23/2019 - 17:50:37: Server cvar "@BunnyHopper" = "3.x"
L 12/23/2019 - 17:50:37: Server cvar "@CRXGoSpec" = "1.1"
L 12/23/2019 - 17:50:37: Server cvar "@CRXRemoveImmunity" = "1.0"
L 12/23/2019 - 17:50:37: Server cvar "@D.I.C.E." = "1.1"
L 12/23/2019 - 17:50:37: Server cvar "@MOTDCommands" = "1.2"
L 12/23/2019 - 17:50:37: Server cvar "advanced_quake_sounds" = "5.0"
L 12/23/2019 - 17:50:37: Server cvar "AdvancedMute" = "1.0"
L 12/23/2019 - 17:50:37: Server cvar "aesp_version" = "1.3"
L 12/23/2019 - 17:50:37: Server cvar "allow_spectators" = "1.0"
L 12/23/2019 - 17:50:37: Server cvar "amx_client_languages" = "1"
L 12/23/2019 - 17:50:37: Server cvar "amx_language" = "en"
L 12/23/2019 - 17:50:37: Server cvar "amx_nextmap" = "air_fight2"
L 12/23/2019 - 17:50:37: Server cvar "amx_ptb_version" = "1.8b3"
L 12/23/2019 - 17:50:37: Server cvar "amx_timeleft" = "00:00"
L 12/23/2019 - 17:50:37: Server cvar "amxmodx_version" = "1.8.2"
L 12/23/2019 - 17:50:37: Server cvar "amxxbg_vip" = "1.0"
L 12/23/2019 - 17:50:37: Server cvar "asp_version" = "4.5.1"
L 12/23/2019 - 17:50:37: Server cvar "atac_version" = "3.0.1"
L 12/23/2019 - 17:50:37: Server cvar "badcamper_version" = "1.4 beta"
L 12/23/2019 - 17:50:37: Server cvar "blockmaker" = "4.01"
L 12/23/2019 - 17:50:37: Server cvar "c4 timer" = "1.1"
L 12/23/2019 - 17:50:37: Server cvar "coop" = "0"
L 12/23/2019 - 17:50:37: Server cvar "CRXAdminGroups" = "1.0"
L 12/23/2019 - 17:50:37: Server cvar "CRXCommandRestrictions" = "1.0"
L 12/23/2019 - 17:50:37: Server cvar "CRXFastKnife" = "1.0"
L 12/23/2019 - 17:50:37: Server cvar "CRXGametracker" = "2.0"
L 12/23/2019 - 17:50:37: Server cvar "CRXKnifeModels" = "2.5.7"
L 12/23/2019 - 17:50:37: Server cvar "CRXTeamAdvantage" = "1.0"
L 12/23/2019 - 17:50:37: Server cvar "CustomShop" = "4.2"
L 12/23/2019 - 17:50:37: Server cvar "deathmatch" = "1"
L 12/23/2019 - 17:50:37: Server cvar "decalfrequency" = "0"
L 12/23/2019 - 17:50:37: Server cvar "edgefriction" = "2"
L 12/23/2019 - 17:50:37: Server cvar "ers_version" = "2.3c"
L 12/23/2019 - 17:50:37: Server cvar "gagsystem_shoko" = "1.0"
L 12/23/2019 - 17:50:37: Server cvar "gal_mapcyclefile" = "mapcycle.txt"
L 12/23/2019 - 17:50:37: Server cvar "gal_version" = "v5.9.1-926"
L 12/23/2019 - 17:50:37: Server cvar "game_version" = "5.7.0.313-dev"
L 12/23/2019 - 17:50:37: Server cvar "humans_join_team" = "any"
L 12/23/2019 - 17:50:37: Server cvar "jtp10181" = "chute,gore"
L 12/23/2019 - 17:50:37: Server cvar "lawliet" = "ny_RainingSnow"
L 12/23/2019 - 17:50:37: Server cvar "LetitSnow" = "1.0"
L 12/23/2019 - 17:50:37: Server cvar "map_spawns" = "T(16) CT(16)"
L 12/23/2019 - 17:50:37: Server cvar "max_queries_sec" = "3"
L 12/23/2019 - 17:50:37: Server cvar "max_queries_sec_global" = "150"
L 12/23/2019 - 17:50:37: Server cvar "max_queries_window" = "60"
L 12/23/2019 - 17:50:37: Server cvar "mdbBans" = "4.8"
L 12/23/2019 - 17:50:37: Server cvar "metamod_version" = "1.21p37"
L 12/23/2019 - 17:50:37: Server cvar "mp_autokick" = "0"
L 12/23/2019 - 17:50:37: Server cvar "mp_autokick_timeout" = "-1"
L 12/23/2019 - 17:50:37: Server cvar "mp_autoteambalance" = "0"
L 12/23/2019 - 17:50:37: Server cvar "mp_buytime" = "0.25"
L 12/23/2019 - 17:50:37: Server cvar "mp_c4timer" = "35"
L 12/23/2019 - 17:50:37: Server cvar "mp_chattime" = "10.000000"
L 12/23/2019 - 17:50:37: Server cvar "mp_consistency" = "1"
L 12/23/2019 - 17:50:37: Server cvar "mp_fadetoblack" = "0"
L 12/23/2019 - 17:50:37: Server cvar "mp_flashlight" = "1"
L 12/23/2019 - 17:50:37: Server cvar "mp_footsteps" = "1"
L 12/23/2019 - 17:50:37: Server cvar "mp_forcecamera" = "0"
L 12/23/2019 - 17:50:37: Server cvar "mp_forcechasecam" = "0"
L 12/23/2019 - 17:50:37: Server cvar "mp_forcerespawn" = "0"
L 12/23/2019 - 17:50:37: Server cvar "mp_fraglimit" = "0"
L 12/23/2019 - 17:50:37: Server cvar "mp_fragsleft" = "0"
L 12/23/2019 - 17:50:37: Server cvar "mp_freeforall" = "0"
L 12/23/2019 - 17:50:37: Server cvar "mp_freezetime" = "1"
L 12/23/2019 - 17:50:37: Server cvar "mp_friendlyfire" = "0"
L 12/23/2019 - 17:50:37: Server cvar "mp_hostage_hurtable" = "1"
L 12/23/2019 - 17:50:37: Server cvar "mp_hostagepenalty" = "0"
L 12/23/2019 - 17:50:37: Server cvar "mp_item_staytime" = "300"
L 12/23/2019 - 17:50:37: Server cvar "mp_kickpercent" = "0.66"
L 12/23/2019 - 17:50:37: Server cvar "mp_legacy_bombtarget_touch" = "1"
L 12/23/2019 - 17:50:37: Server cvar "mp_limitteams" = "0"
L 12/23/2019 - 17:50:37: Server cvar "mp_logdetail" = "0"
L 12/23/2019 - 17:50:37: Server cvar "mp_logfile" = "1"
L 12/23/2019 - 17:50:37: Server cvar "mp_logmessages" = "1"
L 12/23/2019 - 17:50:37: Server cvar "mp_mapvoteratio" = "0.66"
L 12/23/2019 - 17:50:37: Server cvar "mp_maxmoney" = "999999"
L 12/23/2019 - 17:50:37: Server cvar "mp_maxrounds" = "0"
L 12/23/2019 - 17:50:37: Server cvar "mp_mirrordamage" = "0"
L 12/23/2019 - 17:50:37: Server cvar "mp_old_bomb_defused_sound" = "1"
L 12/23/2019 - 17:50:37: Server cvar "mp_playerid" = "0"
L 12/23/2019 - 17:50:37: Server cvar "mp_respawn_immunitytime" = "0"
L 12/23/2019 - 17:50:37: Server cvar "mp_round_infinite" = "0"
L 12/23/2019 - 17:50:37: Server cvar "mp_round_restart_delay" = "5"
L 12/23/2019 - 17:50:37: Server cvar "mp_roundover" = "0"
L 12/23/2019 - 17:50:37: Server cvar "mp_roundtime" = "2.3"
L 12/23/2019 - 17:50:37: Server cvar "mp_show_radioicon" = "1"
L 12/23/2019 - 17:50:37: Server cvar "mp_startmoney" = "850"
L 12/23/2019 - 17:50:37: Server cvar "mp_timeleft" = "00:00"
L 12/23/2019 - 17:50:37: Server cvar "mp_timelimit" = "20"
L 12/23/2019 - 17:50:37: Server cvar "mp_tkpunish" = "0"
L 12/23/2019 - 17:50:37: Server cvar "mp_windifference" = "1"
L 12/23/2019 - 17:50:37: Server cvar "mp_winlimit" = "0"
L 12/23/2019 - 17:50:37: Server cvar "NoWeaponsOnGround" = "1.0"
L 12/23/2019 - 17:50:37: Server cvar "pausable" = "0"
L 12/23/2019 - 17:50:37: Server cvar "present_version" = "2.01"
L 12/23/2019 - 17:50:37: Server cvar "RandomHP" = "2.2"
L 12/23/2019 - 17:50:37: Server cvar "reauthcheck_version" = "0.1.6"
L 12/23/2019 - 17:50:37: Server cvar "reconnect_features" = "0.3.1"
L 12/23/2019 - 17:50:37: Server cvar "report_system_version" = "3.1"
L 12/23/2019 - 17:50:37: Server cvar "resemiclip_version" = "2.3.9"
L 12/23/2019 - 17:50:37: Server cvar "reu_version" = "0.1.0.130"
L 12/23/2019 - 17:50:37: Server cvar "revoice_version" = "0.1.0.30"
L 12/23/2019 - 17:50:37: Server cvar "RRWM" = "2.0"
L 12/23/2019 - 17:50:37: Server cvar "sanksounds_version" = "1.8.6"
L 12/23/2019 - 17:50:37: Server cvar "SimpleMenu" = "1.1"
L 12/23/2019 - 17:50:37: Server cvar "SNAC_Version" = "1.1"
L 12/23/2019 - 17:50:37: Server cvar "SpecList" = "1.2a"
L 12/23/2019 - 17:50:37: Server cvar "sr_version" = "1.6"
L 12/23/2019 - 17:50:37: Server cvar "statsx_shell_ver" = "2.0.0 (BETA)"
L 12/23/2019 - 17:50:37: Server cvar "StyleC4Timer" = "2.1"
L 12/23/2019 - 17:50:37: Server cvar "sv_accelerate" = "5"
L 12/23/2019 - 17:50:37: Server cvar "sv_aim" = "1"
L 12/23/2019 - 17:50:37: Server cvar "sv_airaccelerate" = "100"
L 12/23/2019 - 17:50:37: Server cvar "sv_allowupload" = "1"
L 12/23/2019 - 17:50:37: Server cvar "sv_alltalk" = "1"
L 12/23/2019 - 17:50:37: Server cvar "sv_bounce" = "1"
L 12/23/2019 - 17:50:37: Server cvar "sv_cheats" = "0"
L 12/23/2019 - 17:50:37: Server cvar "sv_clienttrace" = "1"
L 12/23/2019 - 17:50:37: Server cvar "sv_contact" = "feruchio599@gmail.com"
L 12/23/2019 - 17:50:37: Server cvar "sv_friction" = "4"
L 12/23/2019 - 17:50:37: Server cvar "sv_gravity" = "800"
L 12/23/2019 - 17:50:37: Server cvar "sv_logblocks" = "0"
L 12/23/2019 - 17:50:37: Server cvar "sv_maxrate" = "50000"
L 12/23/2019 - 17:50:37: Server cvar "sv_maxspeed" = "900"
L 12/23/2019 - 17:50:37: Server cvar "sv_minrate" = "10000"
L 12/23/2019 - 17:50:37: Server cvar "sv_password" = ""
L 12/23/2019 - 17:50:37: Server cvar "sv_proxies" = "1"
L 12/23/2019 - 17:50:37: Server cvar "sv_restart" = "0"
L 12/23/2019 - 17:50:37: Server cvar "sv_restartround" = "0"
L 12/23/2019 - 17:50:37: Server cvar "sv_stepsize" = "18"
L 12/23/2019 - 17:50:37: Server cvar "sv_stopspeed" = "75"
L 12/23/2019 - 17:50:37: Server cvar "sv_uploadmax" = "0.5"
L 12/23/2019 - 17:50:37: Server cvar "sv_version" = "1.1.2.7/Stdio,48,1621"
L 12/23/2019 - 17:50:37: Server cvar "sv_voiceenable" = "1"
L 12/23/2019 - 17:50:37: Server cvar "sv_wateraccelerate" = "10"
L 12/23/2019 - 17:50:37: Server cvar "sv_waterfriction" = "1"
L 12/23/2019 - 17:50:37: Server cvar "Team_Semiclip_version" = "3.3.1"
L 12/23/2019 - 17:50:37: Server cvar "vehicle_real_killer" = "1.1"
L 12/23/2019 - 17:50:37: Server cvar "WalkGuard" = "1.3.2"
L 12/23/2019 - 17:50:37: Server cvar "we_grenades" = "Huehue"
L 12/23/2019 - 17:50:37: Server cvar "we_player_models" = "Huehue"
L 12/23/2019 - 17:50:37: Server cvar "whb_version" = "1.5.692"
L 12/23/2019 - 17:50:37: Server cvar "zp_jp_version" = "Extra Item Jetpack+Bazooka v3.2"
L 12/23/2019 - 17:50:37: Server cvars end
L 12/23/2019 - 17:50:40: Server cvar "mp_autoteambalance" = "1"
L 12/23/2019 - 17:50:40: Server cvar "mp_autoteambalance" = "0"
L 12/23/2019 - 17:50:40: Server cvar "amx_nextmap" = "[not yet voted on]"
L 12/23/2019 - 17:50:41: Started map "air_fight2" (CRC "-1788665057")
L 12/23/2019 - 17:50:43: World triggered "Round_Start"
L 12/23/2019 - 17:54:41: Server cvar "amx_nextmap" = "as_crazytank3"
L 12/23/2019 - 18:01:28: [REUNION]: ShadowWmAstErr (109.199.244.42) authorized as NoSteam47
L 12/23/2019 - 18:01:28: "ShadowWmAstErr<44><VALVE_ID_LAN><>" connected, address "109.199.244.42:27005"
L 12/23/2019 - 18:01:31: [REUNION]: ShadowWmAstErr (109.199.244.42) authorized as NoSteam47
L 12/23/2019 - 18:01:31: "ShadowWmAstErr<45><VALVE_ID_LAN><>" connected, address "109.199.244.42:27005"
L 12/23/2019 - 18:01:36: "ShadowWmAstErr<45><VALVE_ID_LAN><>" entered the game
L 12/23/2019 - 18:01:38: "ShadowWmAstErr<45><VALVE_ID_LAN><>" joined team "CT"
L 12/23/2019 - 18:02:28: "ShadowWmAstErr<45><VALVE_ID_LAN><CT>" committed suicide with "worldspawn" (world)
L 12/23/2019 - 18:02:28: World triggered "Round_Draw" (CT "0") (T "0")
L 12/23/2019 - 18:02:28: World triggered "Round_End"
L 12/23/2019 - 18:02:34: World triggered "Round_Start"
L 12/23/2019 - 18:03:07: "ShadowWmAstErr<45><VALVE_ID_LAN><CT>" committed suicide with "worldspawn" (world)
L 12/23/2019 - 18:03:07: World triggered "Round_Draw" (CT "0") (T "0")
L 12/23/2019 - 18:03:07: World triggered "Round_End"
L 12/23/2019 - 18:03:13: World triggered "Round_Start"
L 12/23/2019 - 18:03:59: "ShadowWmAstErr<45><VALVE_ID_LAN><CT>" committed suicide with "worldspawn" (world)
L 12/23/2019 - 18:03:59: World triggered "Round_Draw" (CT "0") (T "0")
L 12/23/2019 - 18:03:59: World triggered "Round_End"
L 12/23/2019 - 18:04:05: World triggered "Round_Start"
L 12/23/2019 - 18:04:55: "ShadowWmAstErr<45><VALVE_ID_LAN><CT>" committed suicide with "worldspawn" (world)
L 12/23/2019 - 18:04:55: World triggered "Round_Draw" (CT "0") (T "0")
L 12/23/2019 - 18:04:55: World triggered "Round_End"
L 12/23/2019 - 18:05:01: World triggered "Round_Start"
L 12/23/2019 - 18:05:22: "ShadowWmAstErr<45><VALVE_ID_LAN><CT>" committed suicide with "worldspawn" (world)
L 12/23/2019 - 18:05:22: World triggered "Round_Draw" (CT "0") (T "0")
L 12/23/2019 - 18:05:22: World triggered "Round_End"
L 12/23/2019 - 18:05:28: World triggered "Round_Start"
L 12/23/2019 - 18:06:06: [REUNION]: killer boss (178.217.88.239) authorized as RevEmu
L 12/23/2019 - 18:06:06: "killer boss<46><STEAM_1:0:280969512><>" connected, address "178.217.88.239:58876"
L 12/23/2019 - 18:06:13: "killer boss<46><STEAM_1:0:280969512><>" entered the game
L 12/23/2019 - 18:06:17: "killer boss<46><STEAM_1:0:280969512><>" joined team "TERRORIST"
L 12/23/2019 - 18:06:18: World triggered "Game_Commencing"
L 12/23/2019 - 18:06:18: World triggered "Game_Commencing" (CT "0") (T "0")
L 12/23/2019 - 18:06:18: World triggered "Round_End"
L 12/23/2019 - 18:06:22: World triggered "Round_Start"
L 12/23/2019 - 18:07:02: "killer boss<46><STEAM_1:0:280969512><TERRORIST>" killed "ShadowWmAstErr<45><VALVE_ID_LAN><CT>" with "ak47"
L 12/23/2019 - 18:07:02: Team "TERRORIST" triggered "Terrorists_Win" (CT "0") (T "1")
L 12/23/2019 - 18:07:02: World triggered "Round_End"
L 12/23/2019 - 18:07:08: World triggered "Round_Start"
L 12/23/2019 - 18:07:51: "killer boss<46><STEAM_1:0:280969512><TERRORIST>" killed "ShadowWmAstErr<45><VALVE_ID_LAN><CT>" with "ak47"
L 12/23/2019 - 18:07:51: Team "TERRORIST" triggered "Terrorists_Win" (CT "0") (T "2")
L 12/23/2019 - 18:07:51: World triggered "Round_End"
L 12/23/2019 - 18:07:57: World triggered "Round_Start"
L 12/23/2019 - 18:08:27: "killer boss<46><STEAM_1:0:280969512><TERRORIST>" killed "ShadowWmAstErr<45><VALVE_ID_LAN><CT>" with "ak47"
L 12/23/2019 - 18:08:27: Team "TERRORIST" triggered "Terrorists_Win" (CT "0") (T "3")
L 12/23/2019 - 18:08:27: World triggered "Round_End"
L 12/23/2019 - 18:08:33: World triggered "Round_Start"
L 12/23/2019 - 18:08:43: [REUNION]: fun da king (85.130.9.158) authorized as RevEmu
L 12/23/2019 - 18:08:43: "fun da king<47><STEAM_1:0:1655898477><>" connected, address "85.130.9.158:27005"
L 12/23/2019 - 18:09:00: "ShadowWmAstErr<45><VALVE_ID_LAN><CT>" killed "killer boss<46><STEAM_1:0:280969512><TERRORIST>" with "ak47"
L 12/23/2019 - 18:09:00: Team "CT" triggered "CTs_Win" (CT "1") (T "3")
L 12/23/2019 - 18:09:00: World triggered "Round_End"
L 12/23/2019 - 18:09:06: World triggered "Round_Start"
L 12/23/2019 - 18:09:14: "fun da king<47><STEAM_1:0:1655898477><>" entered the game
L 12/23/2019 - 18:09:22: "fun da king<47><STEAM_1:0:1655898477><>" joined team "CT"
L 12/23/2019 - 18:09:22: "ShadowWmAstErr<45><VALVE_ID_LAN><CT>" killed "killer boss<46><STEAM_1:0:280969512><TERRORIST>" with "ak47"
L 12/23/2019 - 18:09:22: Team "CT" triggered "CTs_Win" (CT "2") (T "3")
L 12/23/2019 - 18:09:22: World triggered "Round_End"
L 12/23/2019 - 18:09:28: World triggered "Round_Start"
L 12/23/2019 - 18:09:55: "killer boss<46><STEAM_1:0:280969512><TERRORIST>" killed "fun da king<47><STEAM_1:0:1655898477><CT>" with "ak47"
L 12/23/2019 - 18:10:01: "ShadowWmAstErr<45><VALVE_ID_LAN><CT>" committed suicide with "worldspawn" (world)
L 12/23/2019 - 18:10:01: Team "TERRORIST" triggered "Terrorists_Win" (CT "2") (T "4")
L 12/23/2019 - 18:10:01: World triggered "Round_End"
L 12/23/2019 - 18:10:07: World triggered "Round_Start"
L 12/23/2019 - 18:10:31: "ShadowWmAstErr<45><VALVE_ID_LAN><CT>" committed suicide with "worldspawn" (world)
L 12/23/2019 - 18:10:45: "killer boss<46><STEAM_1:0:280969512><TERRORIST>" killed "fun da king<47><STEAM_1:0:1655898477><CT>" with "ak47"
L 12/23/2019 - 18:10:45: Team "TERRORIST" triggered "Terrorists_Win" (CT "2") (T "5")
L 12/23/2019 - 18:10:45: World triggered "Round_End"
L 12/23/2019 - 18:10:51: World triggered "Round_Start"
L 12/23/2019 - 18:11:14: "killer boss<46><STEAM_1:0:280969512><TERRORIST>" killed "ShadowWmAstErr<45><VALVE_ID_LAN><CT>" with "galil"
L 12/23/2019 - 18:11:31: "killer boss<46><STEAM_1:0:280969512><TERRORIST>" killed "fun da king<47><STEAM_1:0:1655898477><CT>" with "galil"
L 12/23/2019 - 18:11:31: Team "TERRORIST" triggered "Terrorists_Win" (CT "2") (T "6")
L 12/23/2019 - 18:11:31: World triggered "Round_End"
L 12/23/2019 - 18:11:37: World triggered "Round_Start"
L 12/23/2019 - 18:12:15: "killer boss<46><STEAM_1:0:280969512><TERRORIST>" killed "fun da king<47><STEAM_1:0:1655898477><CT>" with "galil"
L 12/23/2019 - 18:12:29: "ShadowWmAstErr<45><VALVE_ID_LAN><CT>" committed suicide with "world"
L 12/23/2019 - 18:12:29: Team "TERRORIST" triggered "Terrorists_Win" (CT "2") (T "7")
L 12/23/2019 - 18:12:29: World triggered "Round_End"
L 12/23/2019 - 18:12:35: World triggered "Round_Start"
L 12/23/2019 - 18:12:38: "ShadowWmAstErr<45><VALVE_ID_LAN><CT>" committed suicide with "world"
L 12/23/2019 - 18:12:38: "ShadowWmAstErr<45><VALVE_ID_LAN><CT>" joined team "SPECTATOR"
L 12/23/2019 - 18:12:44: [REUNION]: Suc_Bebe_07 (46.40.60.231) authorized as RevEmu
L 12/23/2019 - 18:12:44: "Suc_Bebe_07<48><STEAM_1:1:1141231493><>" connected, address "46.40.60.231:27005"
L 12/23/2019 - 18:12:56: "Suc_Bebe_07<48><STEAM_1:1:1141231493><>" entered the game
L 12/23/2019 - 18:12:59: "killer boss<46><STEAM_1:0:280969512><TERRORIST>" killed "fun da king<47><STEAM_1:0:1655898477><CT>" with "ak47"
L 12/23/2019 - 18:12:59: Team "TERRORIST" triggered "Terrorists_Win" (CT "2") (T "8")
L 12/23/2019 - 18:12:59: World triggered "Round_End"
L 12/23/2019 - 18:13:05: World triggered "Round_Start"
L 12/23/2019 - 18:13:05: "Suc_Bebe_07<48><STEAM_1:1:1141231493><>" joined team "CT"
L 12/23/2019 - 18:13:39: "killer boss<46><STEAM_1:0:280969512><TERRORIST>" killed "Suc_Bebe_07<48><STEAM_1:1:1141231493><CT>" with "ak47"
L 12/23/2019 - 18:13:57: "killer boss<46><STEAM_1:0:280969512><TERRORIST>" killed "fun da king<47><STEAM_1:0:1655898477><CT>" with "glock18"
L 12/23/2019 - 18:13:57: Team "TERRORIST" triggered "Terrorists_Win" (CT "2") (T "9")
L 12/23/2019 - 18:13:57: World triggered "Round_End"
L 12/23/2019 - 18:14:03: World triggered "Round_Start"
L 12/23/2019 - 18:14:21: "Suc_Bebe_07<48><STEAM_1:1:1141231493><CT>" committed suicide with "tracktrain"
L 12/23/2019 - 18:14:39: "Suc_Bebe_07<48><STEAM_1:1:1141231493><CT>" disconnected
L 12/23/2019 - 18:14:44: "killer boss<46><STEAM_1:0:280969512><TERRORIST>" killed "fun da king<47><STEAM_1:0:1655898477><CT>" with "ak47"
L 12/23/2019 - 18:14:44: Team "TERRORIST" triggered "Terrorists_Win" (CT "2") (T "10")
L 12/23/2019 - 18:14:44: World triggered "Round_End"
L 12/23/2019 - 18:14:50: World triggered "Round_Start"
L 12/23/2019 - 18:15:22: "fun da king<47><STEAM_1:0:1655898477><CT>" committed suicide with "tracktrain"
L 12/23/2019 - 18:15:22: Team "TERRORIST" triggered "Terrorists_Win" (CT "2") (T "11")
L 12/23/2019 - 18:15:22: World triggered "Round_End"
L 12/23/2019 - 18:15:28: World triggered "Round_Start"
L 12/23/2019 - 18:15:55: "killer boss<46><STEAM_1:0:280969512><TERRORIST>" killed "fun da king<47><STEAM_1:0:1655898477><CT>" with "ak47"
L 12/23/2019 - 18:15:55: Team "TERRORIST" triggered "Terrorists_Win" (CT "2") (T "12")
L 12/23/2019 - 18:15:55: World triggered "Round_End"
L 12/23/2019 - 18:16:01: World triggered "Round_Start"
L 12/23/2019 - 18:16:21: "killer boss<46><STEAM_1:0:280969512><TERRORIST>" killed "fun da king<47><STEAM_1:0:1655898477><CT>" with "ak47"
L 12/23/2019 - 18:16:21: Team "TERRORIST" triggered "Terrorists_Win" (CT "2") (T "13")
L 12/23/2019 - 18:16:21: World triggered "Round_End"
L 12/23/2019 - 18:16:27: World triggered "Round_Start"
L 12/23/2019 - 18:17:06: "ک!мþℓعмэи†э么<49><STEAM_0:1:49983591><>" connected, address "89.153.230.159:27005"
L 12/23/2019 - 18:17:07: "ک!мþℓعмэи†э么<49><STEAM_0:1:49983591><>" STEAM USERID validated
L 12/23/2019 - 18:17:25: "fun da king<47><STEAM_1:0:1655898477><CT>" killed "killer boss<46><STEAM_1:0:280969512><TERRORIST>" with "m4a1"
L 12/23/2019 - 18:17:25: Team "CT" triggered "CTs_Win" (CT "3") (T "13")
L 12/23/2019 - 18:17:25: World triggered "Round_End"
L 12/23/2019 - 18:17:31: World triggered "Round_Start"
L 12/23/2019 - 18:17:51: [REUNION]: Suc_Bebe_07 (46.40.60.231) authorized as RevEmu
L 12/23/2019 - 18:17:51: "Suc_Bebe_07<50><STEAM_1:1:1141231493><>" connected, address "46.40.60.231:27005"
L 12/23/2019 - 18:17:57: "Suc_Bebe_07<50><STEAM_1:1:1141231493><>" entered the game
L 12/23/2019 - 18:18:06: "Suc_Bebe_07<50><STEAM_1:1:1141231493><>" disconnected
L 12/23/2019 - 18:18:45: "killer boss<46><STEAM_1:0:280969512><TERRORIST>" disconnected
L 12/23/2019 - 18:19:49: "fun da king<47><STEAM_1:0:1655898477><CT>" committed suicide with "world"
L 12/23/2019 - 18:19:49: World triggered "Round_Draw" (CT "3") (T "13")
L 12/23/2019 - 18:19:49: World triggered "Round_End"
L 12/23/2019 - 18:19:55: World triggered "Round_Start"
L 12/23/2019 - 18:20:48: [REUNION]: Luger (94.228.234.85) authorized as RevEmu
L 12/23/2019 - 18:20:48: "Luger<51><STEAM_1:1:416690652><>" connected, address "94.228.234.85:28785"
L 12/23/2019 - 18:20:58: "Luger<51><STEAM_1:1:416690652><>" entered the game
L 12/23/2019 - 18:21:00: "Luger<51><STEAM_1:1:416690652><>" joined team "TERRORIST"
L 12/23/2019 - 18:21:00: World triggered "Game_Commencing"
L 12/23/2019 - 18:21:00: World triggered "Game_Commencing" (CT "3") (T "13")
L 12/23/2019 - 18:21:00: World triggered "Round_End"
L 12/23/2019 - 18:21:04: World triggered "Round_Start"
L 12/23/2019 - 18:21:16: "fun da king<47><STEAM_1:0:1655898477><CT>" committed suicide with "worldspawn" (world)
L 12/23/2019 - 18:21:16: Team "TERRORIST" triggered "Terrorists_Win" (CT "0") (T "1")
L 12/23/2019 - 18:21:16: World triggered "Round_End"
L 12/23/2019 - 18:21:22: World triggered "Round_Start"
L 12/23/2019 - 18:21:58: "Luger<51><STEAM_1:1:416690652><TERRORIST>" killed "fun da king<47><STEAM_1:0:1655898477><CT>" with "deagle"
L 12/23/2019 - 18:21:58: Team "TERRORIST" triggered "Terrorists_Win" (CT "0") (T "2")
L 12/23/2019 - 18:21:58: World triggered "Round_End"
L 12/23/2019 - 18:22:04: World triggered "Round_Start"
L 12/23/2019 - 18:22:22: "Luger<51><STEAM_1:1:416690652><TERRORIST>" disconnected
L 12/23/2019 - 18:24:08: "Melinda<52><STEAM_0:1:164765999><>" connected, address "86.126.249.150:27005"
L 12/23/2019 - 18:24:09: "Melinda<52><STEAM_0:1:164765999><>" STEAM USERID validated
L 12/23/2019 - 18:24:22: "fun da king<47><STEAM_1:0:1655898477><CT>" committed suicide with "world"
L 12/23/2019 - 18:24:22: World triggered "Round_Draw" (CT "0") (T "2")
L 12/23/2019 - 18:24:22: World triggered "Round_End"
L 12/23/2019 - 18:24:28: World triggered "Round_Start"
L 12/23/2019 - 18:25:22: "fun da king<47><STEAM_1:0:1655898477><CT>" committed suicide with "world"
L 12/23/2019 - 18:25:22: World triggered "Round_Draw" (CT "0") (T "2")
L 12/23/2019 - 18:25:22: World triggered "Round_End"
L 12/23/2019 - 18:25:28: World triggered "Round_Start"
L 12/23/2019 - 18:26:58: "fun da king<47><STEAM_1:0:1655898477><CT>" committed suicide with "tracktrain"
L 12/23/2019 - 18:26:58: World triggered "Round_Draw" (CT "0") (T "2")
L 12/23/2019 - 18:26:58: World triggered "Round_End"
L 12/23/2019 - 18:27:02: "fun da king<47><STEAM_1:0:1655898477><CT>" disconnected
L 12/23/2019 - 18:27:04: World triggered "Round_Start"
L 12/23/2019 - 18:31:38: Kick: "ShadowWmAstErr<45><VALVE_ID_LAN><>" was kicked by "Console" (message ""Away From Keyboard (AFK)"")
L 12/23/2019 - 18:31:38: "ShadowWmAstErr<45><VALVE_ID_LAN><SPECTATOR>" disconnected
L 12/23/2019 - 18:31:38: World triggered "Round_Draw" (CT "0") (T "2")
L 12/23/2019 - 18:31:38: World triggered "Round_End"
L 12/23/2019 - 18:31:44: World triggered "Round_Start"
L 12/23/2019 - 18:36:43: [REUNION]: EbamSecham (77.29.3.77) authorized as RevEmu
L 12/23/2019 - 18:36:43: "EbamSecham<53><STEAM_1:0:924797974><>" connected, address "77.29.3.77:27005"
L 12/23/2019 - 18:38:13: [REUNION]: 2Pacalypse (130.185.211.206) authorized as NoSteam47
L 12/23/2019 - 18:38:13: "2Pacalypse<54><VALVE_ID_LAN><>" connected, address "130.185.211.206:27005"
L 12/23/2019 - 18:38:31: "2Pacalypse<54><VALVE_ID_LAN><>" entered the game
L 12/23/2019 - 18:38:39: "2Pacalypse<54><VALVE_ID_LAN><>" joined team "CT"
L 12/23/2019 - 18:39:32: Server cvar "amx_nextmap" = "fy_buzzkill"
L 12/23/2019 - 18:39:36: "2Pacalypse<54><VALVE_ID_LAN><CT>" committed suicide with "trigger_hurt" (world)
L 12/23/2019 - 18:39:36: World triggered "Round_Draw" (CT "0") (T "2")
L 12/23/2019 - 18:39:36: World triggered "Round_End"
L 12/23/2019 - 18:39:38: Server cvar "sv_maxspeed" = "0.000000"
L 12/23/2019 - 18:39:38: Server cvar "mp_friendlyfire" = "1"
L 12/23/2019 - 18:39:42: World triggered "Round_Start"
L 12/23/2019 - 18:39:49: Server cvar "sv_maxspeed" = "900.000000"
L 12/23/2019 - 18:39:49: Server cvar "mp_friendlyfire" = "0"
L 12/23/2019 - 18:39:49: [META] ini: Begin re-reading plugins list: /home/rented/public9/cstrike/addons/metamod/plugins.ini
L 12/23/2019 - 18:39:49: [META] ini: Read plugin config for: SafeNameAndChat
L 12/23/2019 - 18:39:49: [META] ini: Read plugin config for: AMX Mod X
L 12/23/2019 - 18:39:49: [META] ini: Read plugin config for: Reunion
L 12/23/2019 - 18:39:49: [META] ini: Read plugin config for: ReAuthCheck
L 12/23/2019 - 18:39:49: [META] ini: Read plugin config for: WHBlocker
L 12/23/2019 - 18:39:49: [META] ini: Read plugin config for: ReSemiclip
L 12/23/2019 - 18:39:49: [META] ini: Read plugin config for: Revoice
L 12/23/2019 - 18:39:49: [META] ini: Finished reading plugins list: /home/rented/public9/cstrike/addons/metamod/plugins.ini; Found 7 plugins
L 12/23/2019 - 18:39:49: [META] dll: Updating plugins...
L 12/23/2019 - 18:39:49: [META] WARNING: Cannot clear plugin 'SafeNameAndChat'; not marked as failed, empty, or open (status=valid)
L 12/23/2019 - 18:39:49: [META] dll: Unloaded plugin 'SafeNameAndChat' for reason 'file on disk is newer'
L 12/23/2019 - 18:39:49: [META] dll: Loaded plugin 'SafeNameAndChat': SafeNameAndChat v1.1 2017.02.01, WPMG.PRoSToC0der
L 12/23/2019 - 18:39:49: [META] WARNING: Cannot clear plugin 'WHBlocker'; not marked as failed, empty, or open (status=valid)
L 12/23/2019 - 18:39:49: [META] dll: Unloaded plugin 'WHBlocker' for reason 'file on disk is newer'
L 12/23/2019 - 18:39:49: [META] dll: Loaded plugin 'WHBlocker': WHBlocker v1.5.692 2017-04-13, s1lent
L 12/23/2019 - 18:39:49: [META] WARNING: Cannot clear plugin 'ReSemiclip'; not marked as failed, empty, or open (status=valid)
L 12/23/2019 - 18:39:49: [META] dll: Unloaded plugin 'ReSemiclip' for reason 'file on disk is newer'
L 12/23/2019 - 18:39:49: [META] dll: Loaded plugin 'ReSemiclip': ReSemiclip v2.3.9 13/02/17, s1lent & Adidasman
L 12/23/2019 - 18:39:49: [META] dll: Finished updating 14 plugins; kept 0, loaded 0, unloaded 0, reloaded 3, delayed 0
L 12/23/2019 - 18:39:49: "2Pacalypse<54><VALVE_ID_LAN><CT>" disconnected
L 12/23/2019 - 18:39:49: World triggered "Round_Draw" (CT "0") (T "2")
L 12/23/2019 - 18:39:49: World triggered "Round_End"
L 12/23/2019 - 18:39:49: Log file closed
