L 12/28/2019 - 21:34:28: Log file started (file "logs/L1228074.log") (game "cstrike") (version "48/1.1.2.7/Stdio/1621")
L 12/28/2019 - 21:34:28: Loading map "bridge"
L 12/28/2019 - 21:34:28: Server cvars start
L 12/28/2019 - 21:34:28: Server cvar "@BunnyHopper" = "3.x"
L 12/28/2019 - 21:34:28: Server cvar "@CRXGoSpec" = "1.1"
L 12/28/2019 - 21:34:28: Server cvar "@CRXRemoveImmunity" = "1.0"
L 12/28/2019 - 21:34:28: Server cvar "@D.I.C.E." = "1.1"
L 12/28/2019 - 21:34:28: Server cvar "@MOTDCommands" = "1.2"
L 12/28/2019 - 21:34:28: Server cvar "advanced_quake_sounds" = "5.0"
L 12/28/2019 - 21:34:28: Server cvar "AdvancedMute" = "1.0"
L 12/28/2019 - 21:34:28: Server cvar "aesp_version" = "1.3"
L 12/28/2019 - 21:34:28: Server cvar "allow_spectators" = "1.0"
L 12/28/2019 - 21:34:28: Server cvar "amx_client_languages" = "1"
L 12/28/2019 - 21:34:28: Server cvar "amx_language" = "en"
L 12/28/2019 - 21:34:28: Server cvar "amx_nextmap" = "bridge"
L 12/28/2019 - 21:34:28: Server cvar "amx_ptb_version" = "1.8b3"
L 12/28/2019 - 21:34:28: Server cvar "amx_timeleft" = "00:00"
L 12/28/2019 - 21:34:28: Server cvar "amxmodx_version" = "1.8.2"
L 12/28/2019 - 21:34:28: Server cvar "amxxbg_vip" = "1.0"
L 12/28/2019 - 21:34:28: Server cvar "asp_version" = "4.5.1"
L 12/28/2019 - 21:34:28: Server cvar "atac_version" = "3.0.1"
L 12/28/2019 - 21:34:28: Server cvar "badcamper_version" = "1.4 beta"
L 12/28/2019 - 21:34:28: Server cvar "blockmaker" = "4.01"
L 12/28/2019 - 21:34:28: Server cvar "c4 timer" = "1.1"
L 12/28/2019 - 21:34:28: Server cvar "coop" = "0"
L 12/28/2019 - 21:34:28: Server cvar "CRXAdminGroups" = "1.0"
L 12/28/2019 - 21:34:28: Server cvar "CRXCommandRestrictions" = "1.0"
L 12/28/2019 - 21:34:28: Server cvar "CRXFastKnife" = "1.0"
L 12/28/2019 - 21:34:28: Server cvar "CRXGametracker" = "2.0"
L 12/28/2019 - 21:34:28: Server cvar "CRXKnifeModels" = "2.5.7"
L 12/28/2019 - 21:34:28: Server cvar "CRXTeamAdvantage" = "1.0"
L 12/28/2019 - 21:34:28: Server cvar "CustomShop" = "4.2"
L 12/28/2019 - 21:34:28: Server cvar "deathmatch" = "1"
L 12/28/2019 - 21:34:28: Server cvar "decalfrequency" = "0"
L 12/28/2019 - 21:34:28: Server cvar "edgefriction" = "2"
L 12/28/2019 - 21:34:28: Server cvar "ers_version" = "2.3c"
L 12/28/2019 - 21:34:28: Server cvar "gagsystem_shoko" = "1.0"
L 12/28/2019 - 21:34:28: Server cvar "gal_mapcyclefile" = "mapcycle.txt"
L 12/28/2019 - 21:34:28: Server cvar "gal_version" = "v5.9.1-926"
L 12/28/2019 - 21:34:28: Server cvar "game_version" = "5.7.0.313-dev"
L 12/28/2019 - 21:34:28: Server cvar "humans_join_team" = "any"
L 12/28/2019 - 21:34:28: Server cvar "jtp10181" = "chute,gore"
L 12/28/2019 - 21:34:28: Server cvar "lawliet" = "ny_RainingSnow"
L 12/28/2019 - 21:34:28: Server cvar "LetitSnow" = "1.0"
L 12/28/2019 - 21:34:28: Server cvar "map_spawns" = "T(16) CT(16)"
L 12/28/2019 - 21:34:28: Server cvar "max_queries_sec" = "3"
L 12/28/2019 - 21:34:28: Server cvar "max_queries_sec_global" = "150"
L 12/28/2019 - 21:34:28: Server cvar "max_queries_window" = "60"
L 12/28/2019 - 21:34:28: Server cvar "mdbBans" = "4.8"
L 12/28/2019 - 21:34:28: Server cvar "metamod_version" = "1.21p37"
L 12/28/2019 - 21:34:28: Server cvar "mp_autokick" = "0"
L 12/28/2019 - 21:34:28: Server cvar "mp_autokick_timeout" = "-1"
L 12/28/2019 - 21:34:28: Server cvar "mp_autoteambalance" = "0"
L 12/28/2019 - 21:34:28: Server cvar "mp_buytime" = "0.25"
L 12/28/2019 - 21:34:28: Server cvar "mp_c4timer" = "35"
L 12/28/2019 - 21:34:28: Server cvar "mp_chattime" = "5.000000"
L 12/28/2019 - 21:34:28: Server cvar "mp_consistency" = "1"
L 12/28/2019 - 21:34:28: Server cvar "mp_fadetoblack" = "0"
L 12/28/2019 - 21:34:28: Server cvar "mp_flashlight" = "1"
L 12/28/2019 - 21:34:28: Server cvar "mp_footsteps" = "1"
L 12/28/2019 - 21:34:28: Server cvar "mp_forcecamera" = "0"
L 12/28/2019 - 21:34:28: Server cvar "mp_forcechasecam" = "0"
L 12/28/2019 - 21:34:28: Server cvar "mp_forcerespawn" = "0"
L 12/28/2019 - 21:34:28: Server cvar "mp_fraglimit" = "0"
L 12/28/2019 - 21:34:28: Server cvar "mp_fragsleft" = "0"
L 12/28/2019 - 21:34:28: Server cvar "mp_freeforall" = "0"
L 12/28/2019 - 21:34:28: Server cvar "mp_freezetime" = "1"
L 12/28/2019 - 21:34:28: Server cvar "mp_friendlyfire" = "0"
L 12/28/2019 - 21:34:28: Server cvar "mp_hostage_hurtable" = "1"
L 12/28/2019 - 21:34:28: Server cvar "mp_hostagepenalty" = "0"
L 12/28/2019 - 21:34:28: Server cvar "mp_item_staytime" = "300"
L 12/28/2019 - 21:34:28: Server cvar "mp_kickpercent" = "0.66"
L 12/28/2019 - 21:34:28: Server cvar "mp_legacy_bombtarget_touch" = "1"
L 12/28/2019 - 21:34:28: Server cvar "mp_limitteams" = "0"
L 12/28/2019 - 21:34:28: Server cvar "mp_logdetail" = "0"
L 12/28/2019 - 21:34:28: Server cvar "mp_logfile" = "1"
L 12/28/2019 - 21:34:28: Server cvar "mp_logmessages" = "1"
L 12/28/2019 - 21:34:28: Server cvar "mp_mapvoteratio" = "0.66"
L 12/28/2019 - 21:34:28: Server cvar "mp_maxmoney" = "999999"
L 12/28/2019 - 21:34:28: Server cvar "mp_maxrounds" = "0"
L 12/28/2019 - 21:34:28: Server cvar "mp_mirrordamage" = "0"
L 12/28/2019 - 21:34:28: Server cvar "mp_old_bomb_defused_sound" = "1"
L 12/28/2019 - 21:34:28: Server cvar "mp_playerid" = "0"
L 12/28/2019 - 21:34:28: Server cvar "mp_respawn_immunitytime" = "0"
L 12/28/2019 - 21:34:28: Server cvar "mp_round_infinite" = "0"
L 12/28/2019 - 21:34:28: Server cvar "mp_round_restart_delay" = "5"
L 12/28/2019 - 21:34:28: Server cvar "mp_roundover" = "0"
L 12/28/2019 - 21:34:28: Server cvar "mp_roundtime" = "2.3"
L 12/28/2019 - 21:34:28: Server cvar "mp_show_radioicon" = "1"
L 12/28/2019 - 21:34:28: Server cvar "mp_startmoney" = "850"
L 12/28/2019 - 21:34:28: Server cvar "mp_timeleft" = "00:00"
L 12/28/2019 - 21:34:28: Server cvar "mp_timelimit" = "20.000000"
L 12/28/2019 - 21:34:28: Server cvar "mp_tkpunish" = "0"
L 12/28/2019 - 21:34:28: Server cvar "mp_windifference" = "1"
L 12/28/2019 - 21:34:28: Server cvar "mp_winlimit" = "0"
L 12/28/2019 - 21:34:28: Server cvar "NoWeaponsOnGround" = "1.0"
L 12/28/2019 - 21:34:28: Server cvar "pausable" = "0"
L 12/28/2019 - 21:34:28: Server cvar "present_version" = "2.01"
L 12/28/2019 - 21:34:28: Server cvar "RandomHP" = "2.2"
L 12/28/2019 - 21:34:28: Server cvar "reauthcheck_version" = "0.1.6"
L 12/28/2019 - 21:34:28: Server cvar "reconnect_features" = "0.3.1"
L 12/28/2019 - 21:34:28: Server cvar "report_system_version" = "3.1"
L 12/28/2019 - 21:34:28: Server cvar "resemiclip_version" = "2.3.9"
L 12/28/2019 - 21:34:28: Server cvar "reu_version" = "0.1.0.130"
L 12/28/2019 - 21:34:28: Server cvar "revoice_version" = "0.1.0.30"
L 12/28/2019 - 21:34:28: Server cvar "RRWM" = "2.0"
L 12/28/2019 - 21:34:28: Server cvar "sanksounds_version" = "1.8.6"
L 12/28/2019 - 21:34:28: Server cvar "SimpleMenu" = "1.1"
L 12/28/2019 - 21:34:28: Server cvar "SNAC_Version" = "1.1"
L 12/28/2019 - 21:34:28: Server cvar "SpecList" = "1.2a"
L 12/28/2019 - 21:34:28: Server cvar "sr_version" = "1.6"
L 12/28/2019 - 21:34:28: Server cvar "statsx_shell_ver" = "2.0.0 (BETA)"
L 12/28/2019 - 21:34:28: Server cvar "StyleC4Timer" = "2.1"
L 12/28/2019 - 21:34:28: Server cvar "sv_accelerate" = "5"
L 12/28/2019 - 21:34:28: Server cvar "sv_aim" = "1"
L 12/28/2019 - 21:34:28: Server cvar "sv_airaccelerate" = "100"
L 12/28/2019 - 21:34:28: Server cvar "sv_allowupload" = "1"
L 12/28/2019 - 21:34:28: Server cvar "sv_alltalk" = "1"
L 12/28/2019 - 21:34:28: Server cvar "sv_bounce" = "1"
L 12/28/2019 - 21:34:28: Server cvar "sv_cheats" = "0"
L 12/28/2019 - 21:34:28: Server cvar "sv_clienttrace" = "1"
L 12/28/2019 - 21:34:28: Server cvar "sv_contact" = "feruchio599@gmail.com"
L 12/28/2019 - 21:34:28: Server cvar "sv_friction" = "4"
L 12/28/2019 - 21:34:28: Server cvar "sv_gravity" = "800"
L 12/28/2019 - 21:34:28: Server cvar "sv_logblocks" = "0"
L 12/28/2019 - 21:34:28: Server cvar "sv_maxrate" = "50000"
L 12/28/2019 - 21:34:28: Server cvar "sv_maxspeed" = "900.000000"
L 12/28/2019 - 21:34:28: Server cvar "sv_minrate" = "10000"
L 12/28/2019 - 21:34:28: Server cvar "sv_password" = ""
L 12/28/2019 - 21:34:28: Server cvar "sv_proxies" = "1"
L 12/28/2019 - 21:34:28: Server cvar "sv_restart" = "0"
L 12/28/2019 - 21:34:28: Server cvar "sv_restartround" = "0"
L 12/28/2019 - 21:34:28: Server cvar "sv_stepsize" = "18"
L 12/28/2019 - 21:34:28: Server cvar "sv_stopspeed" = "75"
L 12/28/2019 - 21:34:28: Server cvar "sv_uploadmax" = "0.5"
L 12/28/2019 - 21:34:28: Server cvar "sv_version" = "1.1.2.7/Stdio,48,1621"
L 12/28/2019 - 21:34:28: Server cvar "sv_voiceenable" = "1"
L 12/28/2019 - 21:34:28: Server cvar "sv_wateraccelerate" = "10"
L 12/28/2019 - 21:34:28: Server cvar "sv_waterfriction" = "1"
L 12/28/2019 - 21:34:28: Server cvar "Team_Semiclip_version" = "3.3.1"
L 12/28/2019 - 21:34:28: Server cvar "vehicle_real_killer" = "1.1"
L 12/28/2019 - 21:34:28: Server cvar "WalkGuard" = "1.3.2"
L 12/28/2019 - 21:34:28: Server cvar "we_grenades" = "Huehue"
L 12/28/2019 - 21:34:28: Server cvar "we_player_models" = "Huehue"
L 12/28/2019 - 21:34:28: Server cvar "whb_version" = "1.5.692"
L 12/28/2019 - 21:34:28: Server cvar "zp_jp_version" = "Extra Item Jetpack+Bazooka v3.2"
L 12/28/2019 - 21:34:28: Server cvars end
L 12/28/2019 - 21:34:30: Server cvar "sv_maxspeed" = "900"
L 12/28/2019 - 21:34:30: Server cvar "mp_autoteambalance" = "1"
L 12/28/2019 - 21:34:30: Server cvar "mp_timelimit" = "20"
L 12/28/2019 - 21:34:30: Server cvar "mp_autoteambalance" = "0"
L 12/28/2019 - 21:34:31: Server cvar "amx_nextmap" = "[not yet voted on]"
L 12/28/2019 - 21:34:32: Started map "bridge" (CRC "980118759")
L 12/28/2019 - 21:34:34: "yashveer<249><STEAM_0:1:160665695><>" connected, address "102.116.8.100:27005"
L 12/28/2019 - 21:34:34: World triggered "Round_Start"
L 12/28/2019 - 21:34:34: "yashveer<249><STEAM_0:1:160665695><>" STEAM USERID validated
L 12/28/2019 - 21:34:35: "Maverick<215><STEAM_0:0:37264973><>" entered the game
L 12/28/2019 - 21:34:35: "XxXBadBoyXxX<236><STEAM_0:1:507815102><>" entered the game
L 12/28/2019 - 21:34:36: [REUNION]: COCAINA (46.217.77.173) authorized as RevEmu
L 12/28/2019 - 21:34:36: "COCAINA<250><STEAM_1:1:172358811><>" connected, address "46.217.77.173:27005"
L 12/28/2019 - 21:34:37: "Maverick<215><STEAM_0:0:37264973><>" joined team "CT"
L 12/28/2019 - 21:34:38: "Imash Shans ;d<247><VALVE_ID_LAN><>" entered the game
L 12/28/2019 - 21:34:38: "HuNt3r<232><STEAM_1:1:1071071391><>" entered the game
L 12/28/2019 - 21:34:40: [REUNION]: awesome car for awesome meee (41.200.177.116) authorized as RevEmu
L 12/28/2019 - 21:34:40: "awesome car for awesome meee<251><STEAM_2:0:549266178><>" connected, address "41.200.177.116:27005"
L 12/28/2019 - 21:34:40: "XxXBadBoyXxX<236><STEAM_0:1:507815102><>" joined team "TERRORIST"
L 12/28/2019 - 21:34:40: World triggered "Game_Commencing"
L 12/28/2019 - 21:34:40: World triggered "Game_Commencing" (CT "0") (T "0")
L 12/28/2019 - 21:34:40: World triggered "Round_End"
L 12/28/2019 - 21:34:41: "Saad<217><STEAM_0:1:113405507><>" entered the game
L 12/28/2019 - 21:34:41: "Imash Shans ;d<247><VALVE_ID_LAN><>" joined team "CT"
L 12/28/2019 - 21:34:44: World triggered "Round_Start"
L 12/28/2019 - 21:34:48: "COCAINA<250><STEAM_1:1:172358811><>" entered the game
L 12/28/2019 - 21:34:52: "Saad<217><STEAM_0:1:113405507><>" joined team "TERRORIST"
L 12/28/2019 - 21:34:53: "Szwagier<252><STEAM_0:1:37115487><>" connected, address "89.64.16.88:24243"
L 12/28/2019 - 21:34:53: "Szwagier<252><STEAM_0:1:37115487><>" STEAM USERID validated
L 12/28/2019 - 21:34:54: "COCAINA<250><STEAM_1:1:172358811><>" joined team "TERRORIST"
L 12/28/2019 - 21:34:56: "awesome car for awesome meeee<253><STEAM_0:1:108592592><>" connected, address "5.173.236.79:9865"
L 12/28/2019 - 21:34:57: "awesome car for awesome me<254><STEAM_0:1:176532502><>" connected, address "5.173.252.253:55502"
L 12/28/2019 - 21:34:57: "Why i need a name<255><STEAM_0:1:243975700><>" connected, address "5.173.252.253:26179"
L 12/28/2019 - 21:34:57: "awesome car for awesome meeee<253><STEAM_0:1:108592592><>" STEAM USERID validated
L 12/28/2019 - 21:34:57: "awesome car for awesome me<254><STEAM_0:1:176532502><>" STEAM USERID validated
L 12/28/2019 - 21:34:57: "Why i need a name<255><STEAM_0:1:243975700><>" STEAM USERID validated
L 12/28/2019 - 21:35:05: "HuNt3r<232><STEAM_1:1:1071071391><>" joined team "CT"
L 12/28/2019 - 21:35:06: "yashveer<256><STEAM_0:1:160665695><>" connected, address "102.116.8.100:27005"
L 12/28/2019 - 21:35:06: "yashveer<256><STEAM_0:1:160665695><>" STEAM USERID validated
L 12/28/2019 - 21:35:10: "Imash Shans ;d<247><VALVE_ID_LAN><CT>" killed "Saad<217><STEAM_0:1:113405507><TERRORIST>" with "m4a1"
L 12/28/2019 - 21:35:14: [REUNION]: (1)xXMr.ONurXx_YT (84.54.153.138) authorized as NoSteam48
L 12/28/2019 - 21:35:14: "(1)xXMr.ONurXx_YT<257><STEAM_ID_LAN><>" connected, address "84.54.153.138:33280"
L 12/28/2019 - 21:35:16: "Szwagier<258><STEAM_0:1:37115487><>" connected, address "89.64.16.88:24243"
L 12/28/2019 - 21:35:16: "XxXBadBoyXxX<236><STEAM_0:1:507815102><TERRORIST>" killed "Imash Shans ;d<247><VALVE_ID_LAN><CT>" with "mp5navy"
L 12/28/2019 - 21:35:17: "Szwagier<258><STEAM_0:1:37115487><>" STEAM USERID validated
L 12/28/2019 - 21:35:23: "XxXBadBoyXxX<236><STEAM_0:1:507815102><TERRORIST>" killed "Maverick<215><STEAM_0:0:37264973><CT>" with "m4a1"
L 12/28/2019 - 21:35:23: Team "TERRORIST" triggered "Terrorists_Win" (CT "0") (T "1")
L 12/28/2019 - 21:35:23: World triggered "Round_End"
L 12/28/2019 - 21:35:29: World triggered "Round_Start"
L 12/28/2019 - 21:35:29: "awesome car for awesome meee<251><STEAM_2:0:549266178><>" entered the game
L 12/28/2019 - 21:35:35: "awesome car for awesome meee<251><STEAM_2:0:549266178><>" joined team "TERRORIST"
L 12/28/2019 - 21:35:38: "awesome car for awesome meeee<253><STEAM_0:1:108592592><>" entered the game
L 12/28/2019 - 21:35:38: "xXMr.ONurXx_YT<259><STEAM_0:0:526678195><>" connected, address "84.54.153.138:33280"
L 12/28/2019 - 21:35:39: "xXMr.ONurXx_YT<259><STEAM_0:0:526678195><>" STEAM USERID validated
L 12/28/2019 - 21:35:46: "awesome car for awesome meeee<253><STEAM_0:1:108592592><>" joined team "CT"
L 12/28/2019 - 21:35:48: "Maverick<215><STEAM_0:0:37264973><CT>" killed "COCAINA<250><STEAM_1:1:172358811><TERRORIST>" with "m3"
L 12/28/2019 - 21:35:49: "Why i need a name<255><STEAM_0:1:243975700><>" entered the game
L 12/28/2019 - 21:35:51: "XxXBadBoyXxX<236><STEAM_0:1:507815102><TERRORIST>" killed "Maverick<215><STEAM_0:0:37264973><CT>" with "mp5navy"
L 12/28/2019 - 21:35:51: "awesome car for awesome me<254><STEAM_0:1:176532502><>" entered the game
L 12/28/2019 - 21:35:55: "XxXBadBoyXxX<236><STEAM_0:1:507815102><TERRORIST>" killed "Imash Shans ;d<247><VALVE_ID_LAN><CT>" with "mp5navy"
L 12/28/2019 - 21:35:58: "XxXBadBoyXxX<236><STEAM_0:1:507815102><TERRORIST>" killed "HuNt3r<232><STEAM_1:1:1071071391><CT>" with "glock18"
L 12/28/2019 - 21:35:58: "Szwagier<258><STEAM_0:1:37115487><>" entered the game
L 12/28/2019 - 21:36:00: "Szwagier<258><STEAM_0:1:37115487><>" joined team "CT"
L 12/28/2019 - 21:36:01: "Why i need a name<255><STEAM_0:1:243975700><>" joined team "TERRORIST"
L 12/28/2019 - 21:36:02: "awesome car for awesome me<254><STEAM_0:1:176532502><>" joined team "CT"
L 12/28/2019 - 21:36:05: "XxXBadBoyXxX<236><STEAM_0:1:507815102><TERRORIST>" killed "awesome car for awesome meeee<253><STEAM_0:1:108592592><CT>" with "mp5navy"
L 12/28/2019 - 21:36:05: Team "TERRORIST" triggered "Terrorists_Win" (CT "0") (T "2")
L 12/28/2019 - 21:36:05: World triggered "Round_End"
L 12/28/2019 - 21:36:08: "xXMr.ONurXx_YT<259><STEAM_0:0:526678195><>" entered the game
L 12/28/2019 - 21:36:11: World triggered "Round_Start"
L 12/28/2019 - 21:36:11: [REUNION]: ЛЮБЛЮ БТС (213.59.139.154) authorized as RevEmu
L 12/28/2019 - 21:36:11: "ЛЮБЛЮ БТС<260><STEAM_2:0:1062017746><>" connected, address "213.59.139.154:27005"
L 12/28/2019 - 21:36:29: "Szwagier<258><STEAM_0:1:37115487><CT>" killed "Why i need a name<255><STEAM_0:1:243975700><TERRORIST>" with "mp5navy"
L 12/28/2019 - 21:36:43: "awesome car for awesome meee<251><STEAM_2:0:549266178><TERRORIST>" killed "awesome car for awesome me<254><STEAM_0:1:176532502><CT>" with "xm1014"
L 12/28/2019 - 21:36:45: "HuNt3r<232><STEAM_1:1:1071071391><CT>" killed "XxXBadBoyXxX<236><STEAM_0:1:507815102><TERRORIST>" with "tmp"
L 12/28/2019 - 21:36:54: "Imash Shans ;d<247><VALVE_ID_LAN><CT>" killed "Saad<217><STEAM_0:1:113405507><TERRORIST>" with "mp5navy"
L 12/28/2019 - 21:36:56: "awesome car for awesome meeee<253><STEAM_0:1:108592592><CT>" killed "Imash Shans ;d<247><VALVE_ID_LAN><CT>" with "tracktrain"
L 12/28/2019 - 21:37:02: "Why i need a name<255><STEAM_0:1:243975700><TERRORIST>" joined team "CT"
L 12/28/2019 - 21:37:03: "xXMr.ONurXx_YT<259><STEAM_0:0:526678195><>" joined team "TERRORIST"
L 12/28/2019 - 21:37:05: "awesome car for awesome meeee<253><STEAM_0:1:108592592><CT>" committed suicide with "world"
L 12/28/2019 - 21:37:11: "HuNt3r<232><STEAM_1:1:1071071391><CT>" killed "COCAINA<250><STEAM_1:1:172358811><TERRORIST>" with "mp5navy"
L 12/28/2019 - 21:37:17: "Szwagier<258><STEAM_0:1:37115487><CT>" killed "awesome car for awesome meee<251><STEAM_2:0:549266178><TERRORIST>" with "usp"
L 12/28/2019 - 21:37:17: Team "CT" triggered "CTs_Win" (CT "1") (T "2")
L 12/28/2019 - 21:37:17: World triggered "Round_End"
L 12/28/2019 - 21:37:23: World triggered "Round_Start"
L 12/28/2019 - 21:37:38: "Why i need a name<255><STEAM_0:1:243975700><CT>" committed suicide with "worldspawn" (world)
L 12/28/2019 - 21:37:39: "yashveer<256><STEAM_0:1:160665695><>" entered the game
L 12/28/2019 - 21:37:47: "yashveer<256><STEAM_0:1:160665695><>" joined team "CT"
L 12/28/2019 - 21:37:48: "awesome car for awesome meee<251><STEAM_2:0:549266178><TERRORIST>" killed "HuNt3r<232><STEAM_1:1:1071071391><CT>" with "mac10"
L 12/28/2019 - 21:37:57: "xXMr.ONurXx_YT<259><STEAM_0:0:526678195><TERRORIST>" killed "awesome car for awesome meeee<253><STEAM_0:1:108592592><CT>" with "tracktrain"
L 12/28/2019 - 21:37:57: "xXMr.ONurXx_YT<259><STEAM_0:0:526678195><TERRORIST>" committed suicide with "tracktrain"
L 12/28/2019 - 21:37:57: "xXMr.ONurXx_YT<259><STEAM_0:0:526678195><TERRORIST>" killed "Saad<217><STEAM_0:1:113405507><TERRORIST>" with "tracktrain"
L 12/28/2019 - 21:37:59: "XxXBadBoyXxX<236><STEAM_0:1:507815102><TERRORIST>" killed "awesome car for awesome me<254><STEAM_0:1:176532502><CT>" with "glock18"
L 12/28/2019 - 21:38:08: "Szwagier<258><STEAM_0:1:37115487><CT>" killed "XxXBadBoyXxX<236><STEAM_0:1:507815102><TERRORIST>" with "tmp"
L 12/28/2019 - 21:38:20: "HuNt3r<232><STEAM_1:1:1071071391><CT>" disconnected
L 12/28/2019 - 21:38:43: "awesome car for awesome meee<251><STEAM_2:0:549266178><TERRORIST>" killed "Imash Shans ;d<247><VALVE_ID_LAN><CT>" with "mac10"
L 12/28/2019 - 21:38:48: "Szwagier<258><STEAM_0:1:37115487><CT>" killed "COCAINA<250><STEAM_1:1:172358811><TERRORIST>" with "mp5navy"
L 12/28/2019 - 21:38:53: "Jeff<261><STEAM_0:1:85241197><>" connected, address "89.215.132.15:27005"
L 12/28/2019 - 21:38:53: "Jeff<261><STEAM_0:1:85241197><>" STEAM USERID validated
L 12/28/2019 - 21:39:02: "awesome car for awesome meee<251><STEAM_2:0:549266178><TERRORIST>" killed "Maverick<215><STEAM_0:0:37264973><CT>" with "mp5navy"
L 12/28/2019 - 21:39:14: "Szwagier<258><STEAM_0:1:37115487><CT>" killed "awesome car for awesome meee<251><STEAM_2:0:549266178><TERRORIST>" with "usp"
L 12/28/2019 - 21:39:14: Team "CT" triggered "CTs_Win" (CT "2") (T "2")
L 12/28/2019 - 21:39:14: World triggered "Round_End"
L 12/28/2019 - 21:39:20: World triggered "Round_Start"
L 12/28/2019 - 21:39:39: "yashveer<256><STEAM_0:1:160665695><CT>" killed "xXMr.ONurXx_YT<259><STEAM_0:0:526678195><TERRORIST>" with "scout"
L 12/28/2019 - 21:39:45: "XxXBadBoyXxX<236><STEAM_0:1:507815102><TERRORIST>" killed "Maverick<215><STEAM_0:0:37264973><CT>" with "fiveseven"
L 12/28/2019 - 21:39:48: "Szwagier<258><STEAM_0:1:37115487><CT>" killed "Saad<217><STEAM_0:1:113405507><TERRORIST>" with "scout"
L 12/28/2019 - 21:39:51: [REUNION]: IP 193.42.110.171 banned for 10 minutes for query flooding (PPS: 335)
L 12/28/2019 - 21:39:54: "Szwagier<258><STEAM_0:1:37115487><CT>" killed "COCAINA<250><STEAM_1:1:172358811><TERRORIST>" with "scout"
L 12/28/2019 - 21:39:57: "COCAINA<250><STEAM_1:1:172358811><TERRORIST>" disconnected
L 12/28/2019 - 21:39:58: "Saad<2><STEAM_0:1:113405507><>" triggered "amx_psay" against "awesome car for awesome me<3><STEAM_0:1:176532502><>" (text "are you 3 friends? real life?")
L 12/28/2019 - 21:40:05: "Why i need a name<255><STEAM_0:1:243975700><CT>" killed "XxXBadBoyXxX<236><STEAM_0:1:507815102><TERRORIST>" with "knife"
L 12/28/2019 - 21:40:12: "awesome car for awesome meeee<253><STEAM_0:1:108592592><CT>" killed "awesome car for awesome meee<251><STEAM_2:0:549266178><TERRORIST>" with "scout"
L 12/28/2019 - 21:40:12: Team "CT" triggered "CTs_Win" (CT "3") (T "2")
L 12/28/2019 - 21:40:12: World triggered "Round_End"
L 12/28/2019 - 21:40:17: "Szwagier<258><STEAM_0:1:37115487><CT>" joined team "TERRORIST"
L 12/28/2019 - 21:40:17: "<><><>" triggered "amx_chat" (text "[PTB] Transfered Szwagier to TERRORIST")
L 12/28/2019 - 21:40:18: World triggered "Round_Start"
L 12/28/2019 - 21:40:26: "awesome car for awesome me<254><STEAM_0:1:176532502><CT>" killed "Saad<217><STEAM_0:1:113405507><TERRORIST>" with "m3"
L 12/28/2019 - 21:40:28: "XxXBadBoyXxX<236><STEAM_0:1:507815102><TERRORIST>" killed "awesome car for awesome me<254><STEAM_0:1:176532502><CT>" with "mp5navy"
L 12/28/2019 - 21:40:32: "Szwagier<258><STEAM_0:1:37115487><TERRORIST>" killed "Why i need a name<255><STEAM_0:1:243975700><CT>" with "scout"
L 12/28/2019 - 21:40:37: "xXMr.ONurXx_YT<259><STEAM_0:0:526678195><TERRORIST>" killed "Maverick<215><STEAM_0:0:37264973><CT>" with "m3"
L 12/28/2019 - 21:40:42: "Szwagier<258><STEAM_0:1:37115487><TERRORIST>" killed "Imash Shans ;d<247><VALVE_ID_LAN><CT>" with "scout"
L 12/28/2019 - 21:40:49: "awesome car for awesome meee<251><STEAM_2:0:549266178><TERRORIST>" disconnected
L 12/28/2019 - 21:40:51: "XxXBadBoyXxX<236><STEAM_0:1:507815102><TERRORIST>" killed "awesome car for awesome meeee<253><STEAM_0:1:108592592><CT>" with "mp5navy"
L 12/28/2019 - 21:40:51: "yashveer<256><STEAM_0:1:160665695><CT>" killed "xXMr.ONurXx_YT<259><STEAM_0:0:526678195><TERRORIST>" with "scout"
L 12/28/2019 - 21:41:05: "Szwagier<258><STEAM_0:1:37115487><TERRORIST>" killed "yashveer<256><STEAM_0:1:160665695><CT>" with "xm1014"
L 12/28/2019 - 21:41:05: Team "TERRORIST" triggered "Terrorists_Win" (CT "3") (T "3")
L 12/28/2019 - 21:41:05: World triggered "Round_End"
L 12/28/2019 - 21:41:09: "Szwagier<258><STEAM_0:1:37115487><TERRORIST>" committed suicide with "worldspawn" (world)
L 12/28/2019 - 21:41:11: World triggered "Round_Start"
L 12/28/2019 - 21:41:13: "ivOOooooooo333<262><STEAM_0:1:526084662><>" connected, address "188.126.11.126:27005"
L 12/28/2019 - 21:41:13: "ivOOooooooo333<262><STEAM_0:1:526084662><>" STEAM USERID validated
L 12/28/2019 - 21:41:22: "ivOOooooooo333<263><STEAM_0:1:526084662><>" connected, address "188.126.11.126:27005"
L 12/28/2019 - 21:41:22: "ivOOooooooo333<263><STEAM_0:1:526084662><>" STEAM USERID validated
L 12/28/2019 - 21:41:25: "Why i need a name<255><STEAM_0:1:243975700><CT>" killed "xXMr.ONurXx_YT<259><STEAM_0:0:526678195><TERRORIST>" with "mp5navy"
L 12/28/2019 - 21:41:28: "awesome car for awesome meeee<253><STEAM_0:1:108592592><CT>" killed "Why i need a name<255><STEAM_0:1:243975700><CT>" with "tracktrain"
L 12/28/2019 - 21:41:28: "Why i need a name<255><STEAM_0:1:243975700><CT>" killed "awesome car for awesome meeee<253><STEAM_0:1:108592592><CT>" with "tracktrain"
L 12/28/2019 - 21:41:28: "ivOOooooooo333<263><STEAM_0:1:526084662><>" entered the game
L 12/28/2019 - 21:41:28: "Szwagier<258><STEAM_0:1:37115487><TERRORIST>" killed "yashveer<256><STEAM_0:1:160665695><CT>" with "m3"
L 12/28/2019 - 21:41:32: "Imash Shans ;d<247><VALVE_ID_LAN><CT>" killed "Saad<217><STEAM_0:1:113405507><TERRORIST>" with "mp5navy"
L 12/28/2019 - 21:41:33: "ivOOooooooo333<263><STEAM_0:1:526084662><>" joined team "TERRORIST"
L 12/28/2019 - 21:41:33: "Szwagier<258><STEAM_0:1:37115487><TERRORIST>" killed "Imash Shans ;d<247><VALVE_ID_LAN><CT>" with "m3"
L 12/28/2019 - 21:41:43: "awesome car for awesome me<254><STEAM_0:1:176532502><CT>" killed "Szwagier<258><STEAM_0:1:37115487><TERRORIST>" with "xm1014"
L 12/28/2019 - 21:41:45: "XxXBadBoyXxX<236><STEAM_0:1:507815102><TERRORIST>" killed "awesome car for awesome me<254><STEAM_0:1:176532502><CT>" with "mp5navy"
L 12/28/2019 - 21:41:51: "XxXBadBoyXxX<236><STEAM_0:1:507815102><TERRORIST>" killed "Maverick<215><STEAM_0:0:37264973><CT>" with "knife"
L 12/28/2019 - 21:41:51: Team "TERRORIST" triggered "Terrorists_Win" (CT "3") (T "4")
L 12/28/2019 - 21:41:51: World triggered "Round_End"
L 12/28/2019 - 21:41:56: "XxXBadBoyXxX<236><STEAM_0:1:507815102><TERRORIST>" joined team "CT"
L 12/28/2019 - 21:41:56: "<><><>" triggered "amx_chat" (text "[PTB] Transfered XxXBadBoyXxX to CT")
L 12/28/2019 - 21:41:56: "ivOOooooooo333<263><STEAM_0:1:526084662><TERRORIST>" disconnected
L 12/28/2019 - 21:41:57: World triggered "Round_Start"
L 12/28/2019 - 21:42:01: [REUNION]: zdr (217.75.154.140) authorized as RevEmu
L 12/28/2019 - 21:42:01: "zdr<264><STEAM_1:1:309594971><>" connected, address "217.75.154.140:27005"
L 12/28/2019 - 21:42:08: "Why i need a name<255><STEAM_0:1:243975700><CT>" committed suicide with "world"
L 12/28/2019 - 21:42:10: "zdr<264><STEAM_1:1:309594971><>" entered the game
L 12/28/2019 - 21:42:13: "zdr<264><STEAM_1:1:309594971><>" joined team "TERRORIST"
L 12/28/2019 - 21:42:19: "Maverick<215><STEAM_0:0:37264973><CT>" killed "xXMr.ONurXx_YT<259><STEAM_0:0:526678195><TERRORIST>" with "m3"
L 12/28/2019 - 21:42:21: "Szwagier<258><STEAM_0:1:37115487><TERRORIST>" killed "awesome car for awesome meeee<253><STEAM_0:1:108592592><CT>" with "m3"
L 12/28/2019 - 21:42:23: "Maverick<215><STEAM_0:0:37264973><CT>" killed "Saad<217><STEAM_0:1:113405507><TERRORIST>" with "m3"
L 12/28/2019 - 21:42:28: "Saad<2><STEAM_0:1:113405507><>" triggered "amx_chat" (text "Steam only server :D")
L 12/28/2019 - 21:42:31: "XxXBadBoyXxX<236><STEAM_0:1:507815102><CT>" killed "Szwagier<258><STEAM_0:1:37115487><TERRORIST>" with "knife"
L 12/28/2019 - 21:42:32: "Imash Shans ;d<247><VALVE_ID_LAN><CT>" killed "zdr<264><STEAM_1:1:309594971><TERRORIST>" with "mp5navy"
L 12/28/2019 - 21:42:32: Team "CT" triggered "CTs_Win" (CT "4") (T "4")
L 12/28/2019 - 21:42:32: World triggered "Round_End"
L 12/28/2019 - 21:42:36: "Why i need a name<255><STEAM_0:1:243975700><CT>" joined team "TERRORIST"
L 12/28/2019 - 21:42:36: "<><><>" triggered "amx_chat" (text "[PTB] Transfered Why i need a name to TERRORIST")
L 12/28/2019 - 21:42:38: World triggered "Round_Start"
L 12/28/2019 - 21:42:48: "Maverick<7><STEAM_0:0:37264973><>" triggered "amx_chat" (text "yeah")
L 12/28/2019 - 21:42:57: "awesome car for awesome meeee<253><STEAM_0:1:108592592><CT>" killed "Saad<217><STEAM_0:1:113405507><TERRORIST>" with "m3"
L 12/28/2019 - 21:42:59: "yashveer<256><STEAM_0:1:160665695><CT>" killed "Szwagier<258><STEAM_0:1:37115487><TERRORIST>" with "mp5navy"
L 12/28/2019 - 21:42:59: "awesome car for awesome me<254><STEAM_0:1:176532502><CT>" killed "Why i need a name<255><STEAM_0:1:243975700><TERRORIST>" with "xm1014"
L 12/28/2019 - 21:43:13: "XxXBadBoyXxX<236><STEAM_0:1:507815102><CT>" killed "zdr<264><STEAM_1:1:309594971><TERRORIST>" with "knife"
L 12/28/2019 - 21:43:16: "awesome car for awesome me<254><STEAM_0:1:176532502><CT>" killed "xXMr.ONurXx_YT<259><STEAM_0:0:526678195><TERRORIST>" with "xm1014"
L 12/28/2019 - 21:43:16: Team "CT" triggered "CTs_Win" (CT "5") (T "4")
L 12/28/2019 - 21:43:16: World triggered "Round_End"
L 12/28/2019 - 21:43:20: "yashveer<256><STEAM_0:1:160665695><CT>" joined team "TERRORIST"
L 12/28/2019 - 21:43:20: "<><><>" triggered "amx_chat" (text "[PTB] Transfered yashveer to TERRORIST")
L 12/28/2019 - 21:43:22: World triggered "Round_Start"
L 12/28/2019 - 21:43:28: [REUNION]: Foxcon (37.220.68.177) authorized as RevEmu
L 12/28/2019 - 21:43:28: "Foxcon<265><STEAM_1:1:41823316><>" connected, address "37.220.68.177:26769"
L 12/28/2019 - 21:43:34: "Foxcon<265><STEAM_1:1:41823316><>" entered the game
L 12/28/2019 - 21:43:35: "Imash Shans ;d<247><VALVE_ID_LAN><CT>" committed suicide with "tracktrain"
L 12/28/2019 - 21:43:37: "Szwagier<258><STEAM_0:1:37115487><TERRORIST>" killed "Maverick<215><STEAM_0:0:37264973><CT>" with "mp5navy"
L 12/28/2019 - 21:43:38: "awesome car for awesome meeee<253><STEAM_0:1:108592592><CT>" killed "Saad<217><STEAM_0:1:113405507><TERRORIST>" with "m3"
L 12/28/2019 - 21:43:42: "Szwagier<258><STEAM_0:1:37115487><TERRORIST>" killed "awesome car for awesome meeee<253><STEAM_0:1:108592592><CT>" with "mp5navy"
L 12/28/2019 - 21:43:43: "awesome car for awesome me<254><STEAM_0:1:176532502><CT>" killed "Why i need a name<255><STEAM_0:1:243975700><TERRORIST>" with "xm1014"
L 12/28/2019 - 21:43:45: "XxXBadBoyXxX<236><STEAM_0:1:507815102><CT>" killed "zdr<264><STEAM_1:1:309594971><TERRORIST>" with "knife"
L 12/28/2019 - 21:43:46: "xXMr.ONurXx_YT<259><STEAM_0:0:526678195><TERRORIST>" killed "awesome car for awesome me<254><STEAM_0:1:176532502><CT>" with "mac10"
L 12/28/2019 - 21:43:48: "XxXBadBoyXxX<236><STEAM_0:1:507815102><CT>" killed "xXMr.ONurXx_YT<259><STEAM_0:0:526678195><TERRORIST>" with "mp5navy"
L 12/28/2019 - 21:43:51: "Why i need a name<255><STEAM_0:1:243975700><TERRORIST>" joined team "CT"
L 12/28/2019 - 21:43:53: "XxXBadBoyXxX<236><STEAM_0:1:507815102><CT>" killed "Szwagier<258><STEAM_0:1:37115487><TERRORIST>" with "mp5navy"
L 12/28/2019 - 21:43:55: "Foxcon<265><STEAM_1:1:41823316><>" disconnected
L 12/28/2019 - 21:44:02: "XxXBadBoyXxX<236><STEAM_0:1:507815102><CT>" killed "yashveer<256><STEAM_0:1:160665695><TERRORIST>" with "knife"
L 12/28/2019 - 21:44:02: Team "CT" triggered "CTs_Win" (CT "6") (T "4")
L 12/28/2019 - 21:44:02: World triggered "Round_End"
L 12/28/2019 - 21:44:06: "awesome car for awesome me<254><STEAM_0:1:176532502><CT>" joined team "TERRORIST"
L 12/28/2019 - 21:44:06: "<><><>" triggered "amx_chat" (text "[PTB] Transfered awesome car for awesome me to TERRORIST")
L 12/28/2019 - 21:44:08: World triggered "Round_Start"
L 12/28/2019 - 21:44:17: "Szwagier<258><STEAM_0:1:37115487><TERRORIST>" killed "awesome car for awesome me<254><STEAM_0:1:176532502><TERRORIST>" with "tracktrain"
L 12/28/2019 - 21:44:23: "Saad<217><STEAM_0:1:113405507><TERRORIST>" killed "awesome car for awesome meeee<253><STEAM_0:1:108592592><CT>" with "m249"
L 12/28/2019 - 21:44:25: "Why i need a name<255><STEAM_0:1:243975700><CT>" killed "zdr<264><STEAM_1:1:309594971><TERRORIST>" with "m249"
L 12/28/2019 - 21:44:27: "Imash Shans ;d<247><VALVE_ID_LAN><CT>" killed "Saad<217><STEAM_0:1:113405507><TERRORIST>" with "m249"
L 12/28/2019 - 21:44:28: "XxXBadBoyXxX<236><STEAM_0:1:507815102><CT>" killed "Szwagier<258><STEAM_0:1:37115487><TERRORIST>" with "m249"
L 12/28/2019 - 21:44:40: "XxXBadBoyXxX<236><STEAM_0:1:507815102><CT>" killed "xXMr.ONurXx_YT<259><STEAM_0:0:526678195><TERRORIST>" with "m249"
L 12/28/2019 - 21:44:48: "XxXBadBoyXxX<236><STEAM_0:1:507815102><CT>" killed "yashveer<256><STEAM_0:1:160665695><TERRORIST>" with "m249"
L 12/28/2019 - 21:44:48: Team "CT" triggered "CTs_Win" (CT "7") (T "4")
L 12/28/2019 - 21:44:48: World triggered "Round_End"
L 12/28/2019 - 21:44:52: "sdasd<266><STEAM_0:0:484961803><>" connected, address "89.215.104.179:27005"
L 12/28/2019 - 21:44:53: "sdasd<266><STEAM_0:0:484961803><>" STEAM USERID validated
L 12/28/2019 - 21:44:54: World triggered "Round_Start"
L 12/28/2019 - 21:45:04: "Imash Shans ;d<247><VALVE_ID_LAN><CT>" committed suicide with "tracktrain"
L 12/28/2019 - 21:45:07: "Imash Shans ;d<247><VALVE_ID_LAN><CT>" disconnected
L 12/28/2019 - 21:45:08: [REUNION]: sajat antidestroyer xD (41.200.177.116) authorized as RevEmu
L 12/28/2019 - 21:45:08: "sajat antidestroyer xD<267><STEAM_2:0:549266178><>" connected, address "41.200.177.116:27005"
L 12/28/2019 - 21:45:09: "sdasd<266><STEAM_0:0:484961803><>" entered the game
L 12/28/2019 - 21:45:12: "sdasd<266><STEAM_0:0:484961803><>" joined team "CT"
L 12/28/2019 - 21:45:14: "awesome car for awesome meeee<253><STEAM_0:1:108592592><CT>" killed "awesome car for awesome me<254><STEAM_0:1:176532502><TERRORIST>" with "tracktrain"
L 12/28/2019 - 21:45:14: "Maverick<215><STEAM_0:0:37264973><CT>" killed "zdr<264><STEAM_1:1:309594971><TERRORIST>" with "m249"
L 12/28/2019 - 21:45:20: "sajat antidestroyer xD<267><STEAM_2:0:549266178><>" entered the game
L 12/28/2019 - 21:45:22: "Szwagier<258><STEAM_0:1:37115487><TERRORIST>" killed "Why i need a name<255><STEAM_0:1:243975700><CT>" with "xm1014"
L 12/28/2019 - 21:45:23: "sajat antidestroyer xD<267><STEAM_2:0:549266178><>" disconnected
L 12/28/2019 - 21:45:24: "Maverick<215><STEAM_0:0:37264973><CT>" killed "awesome car for awesome meeee<253><STEAM_0:1:108592592><CT>" with "tracktrain"
L 12/28/2019 - 21:45:30: "XxXBadBoyXxX<236><STEAM_0:1:507815102><CT>" killed "xXMr.ONurXx_YT<259><STEAM_0:0:526678195><TERRORIST>" with "m249"
L 12/28/2019 - 21:45:30: "XxXBadBoyXxX<236><STEAM_0:1:507815102><CT>" killed "Saad<217><STEAM_0:1:113405507><TERRORIST>" with "m249"
L 12/28/2019 - 21:45:32: "XxXBadBoyXxX<236><STEAM_0:1:507815102><CT>" killed "yashveer<256><STEAM_0:1:160665695><TERRORIST>" with "m249"
L 12/28/2019 - 21:45:36: "XxXBadBoyXxX<236><STEAM_0:1:507815102><CT>" killed "Szwagier<258><STEAM_0:1:37115487><TERRORIST>" with "m249"
L 12/28/2019 - 21:45:36: Team "CT" triggered "CTs_Win" (CT "8") (T "4")
L 12/28/2019 - 21:45:36: World triggered "Round_End"
L 12/28/2019 - 21:45:38: "awesome car for awesome me<254><STEAM_0:1:176532502><TERRORIST>" joined team "CT"
L 12/28/2019 - 21:45:41: "awesome car for awesome meeee<253><STEAM_0:1:108592592><CT>" joined team "TERRORIST"
L 12/28/2019 - 21:45:41: "<><><>" triggered "amx_chat" (text "[PTB] Transfered awesome car for awesome meeee to TERRORIST")
L 12/28/2019 - 21:45:42: World triggered "Round_Start"
L 12/28/2019 - 21:45:57: "Maverick<215><STEAM_0:0:37264973><CT>" committed suicide with "world"
L 12/28/2019 - 21:45:59: "yashveer<256><STEAM_0:1:160665695><TERRORIST>" killed "Szwagier<258><STEAM_0:1:37115487><TERRORIST>" with "tracktrain"
L 12/28/2019 - 21:45:59: "yashveer<256><STEAM_0:1:160665695><TERRORIST>" killed "zdr<264><STEAM_1:1:309594971><TERRORIST>" with "tracktrain"
L 12/28/2019 - 21:46:03: "awesome car for awesome meeee<253><STEAM_0:1:108592592><TERRORIST>" committed suicide with "tracktrain"
L 12/28/2019 - 21:46:04: "XxXBadBoyXxX<236><STEAM_0:1:507815102><CT>" killed "xXMr.ONurXx_YT<259><STEAM_0:0:526678195><TERRORIST>" with "m249"
L 12/28/2019 - 21:46:07: "yashveer<256><STEAM_0:1:160665695><TERRORIST>" committed suicide with "world"
L 12/28/2019 - 21:46:14: "XxXBadBoyXxX<236><STEAM_0:1:507815102><CT>" killed "Saad<217><STEAM_0:1:113405507><TERRORIST>" with "m249"
L 12/28/2019 - 21:46:14: Team "CT" triggered "CTs_Win" (CT "9") (T "4")
L 12/28/2019 - 21:46:14: World triggered "Round_End"
L 12/28/2019 - 21:46:17: "sdasd<266><STEAM_0:0:484961803><CT>" disconnected
L 12/28/2019 - 21:46:19: "zdr<264><STEAM_1:1:309594971><TERRORIST>" joined team "CT"
L 12/28/2019 - 21:46:19: "<><><>" triggered "amx_chat" (text "[PTB] Transfered zdr to CT")
L 12/28/2019 - 21:46:19: "Why i need a name<255><STEAM_0:1:243975700><CT>" joined team "TERRORIST"
L 12/28/2019 - 21:46:19: "<><><>" triggered "amx_chat" (text "[PTB] Transfered Why i need a name to TERRORIST")
L 12/28/2019 - 21:46:20: World triggered "Round_Start"
L 12/28/2019 - 21:46:32: "awesome car for awesome meeee<253><STEAM_0:1:108592592><TERRORIST>" killed "Szwagier<258><STEAM_0:1:37115487><TERRORIST>" with "tracktrain"
L 12/28/2019 - 21:46:39: "awesome car for awesome meeee<253><STEAM_0:1:108592592><TERRORIST>" committed suicide with "world"
L 12/28/2019 - 21:46:51: "XxXBadBoyXxX<236><STEAM_0:1:507815102><CT>" killed "Why i need a name<255><STEAM_0:1:243975700><TERRORIST>" with "m249"
L 12/28/2019 - 21:46:52: "awesome car for awesome me<254><STEAM_0:1:176532502><CT>" killed "yashveer<256><STEAM_0:1:160665695><TERRORIST>" with "xm1014"
L 12/28/2019 - 21:46:55: "awesome car for awesome me<254><STEAM_0:1:176532502><CT>" killed "Saad<217><STEAM_0:1:113405507><TERRORIST>" with "xm1014"
L 12/28/2019 - 21:46:55: "xXMr.ONurXx_YT<259><STEAM_0:0:526678195><TERRORIST>" killed "zdr<264><STEAM_1:1:309594971><CT>" with "m3"
L 12/28/2019 - 21:46:57: "Maverick<215><STEAM_0:0:37264973><CT>" killed "xXMr.ONurXx_YT<259><STEAM_0:0:526678195><TERRORIST>" with "usp"
L 12/28/2019 - 21:46:57: Team "CT" triggered "CTs_Win" (CT "10") (T "4")
L 12/28/2019 - 21:46:57: World triggered "Round_End"
L 12/28/2019 - 21:47:03: World triggered "Round_Start"
L 12/28/2019 - 21:47:16: "Why i need a name<255><STEAM_0:1:243975700><TERRORIST>" killed "zdr<264><STEAM_1:1:309594971><CT>" with "xm1014"
L 12/28/2019 - 21:47:20: "xXMr.ONurXx_YT<259><STEAM_0:0:526678195><TERRORIST>" killed "awesome car for awesome me<254><STEAM_0:1:176532502><CT>" with "tracktrain"
L 12/28/2019 - 21:47:20: "xXMr.ONurXx_YT<259><STEAM_0:0:526678195><TERRORIST>" killed "Maverick<215><STEAM_0:0:37264973><CT>" with "tracktrain"
L 12/28/2019 - 21:47:23: "XxXBadBoyXxX<236><STEAM_0:1:507815102><CT>" killed "awesome car for awesome meeee<253><STEAM_0:1:108592592><TERRORIST>" with "m249"
L 12/28/2019 - 21:47:27: "XxXBadBoyXxX<236><STEAM_0:1:507815102><CT>" killed "xXMr.ONurXx_YT<259><STEAM_0:0:526678195><TERRORIST>" with "m249"
L 12/28/2019 - 21:47:30: "XxXBadBoyXxX<236><STEAM_0:1:507815102><CT>" killed "Szwagier<258><STEAM_0:1:37115487><TERRORIST>" with "m249"
L 12/28/2019 - 21:47:31: "zdr<264><STEAM_1:1:309594971><CT>" disconnected
L 12/28/2019 - 21:47:31: [REUNION]: Rad0slav (217.75.154.140) authorized as RevEmu
L 12/28/2019 - 21:47:31: "Rad0slav<268><STEAM_1:1:309594971><>" connected, address "217.75.154.140:27005"
L 12/28/2019 - 21:47:32: "XxXBadBoyXxX<236><STEAM_0:1:507815102><CT>" killed "Why i need a name<255><STEAM_0:1:243975700><TERRORIST>" with "m249"
L 12/28/2019 - 21:47:34: "Rad0slav<268><STEAM_1:1:309594971><>" entered the game
L 12/28/2019 - 21:47:36: "Rad0slav<268><STEAM_1:1:309594971><>" joined team "CT"
L 12/28/2019 - 21:47:36: "XxXBadBoyXxX<236><STEAM_0:1:507815102><CT>" killed "Saad<217><STEAM_0:1:113405507><TERRORIST>" with "m249"
L 12/28/2019 - 21:47:54: "XxXBadBoyXxX<236><STEAM_0:1:507815102><CT>" killed "yashveer<256><STEAM_0:1:160665695><TERRORIST>" with "m249"
L 12/28/2019 - 21:47:54: Team "CT" triggered "CTs_Win" (CT "11") (T "4")
L 12/28/2019 - 21:47:54: World triggered "Round_End"
L 12/28/2019 - 21:47:58: "Saad<217><STEAM_0:1:113405507><TERRORIST>" joined team "CT"
L 12/28/2019 - 21:47:58: "<><><>" triggered "amx_chat" (text "[PTB] Transfered Saad to CT")
L 12/28/2019 - 21:47:58: "awesome car for awesome me<254><STEAM_0:1:176532502><CT>" joined team "TERRORIST"
L 12/28/2019 - 21:47:58: "<><><>" triggered "amx_chat" (text "[PTB] Transfered awesome car for awesome me to TERRORIST")
L 12/28/2019 - 21:48:00: World triggered "Round_Start"
L 12/28/2019 - 21:48:15: "Saad<217><STEAM_0:1:113405507><CT>" killed "Why i need a name<255><STEAM_0:1:243975700><TERRORIST>" with "m3"
L 12/28/2019 - 21:48:15: "awesome car for awesome meeee<253><STEAM_0:1:108592592><TERRORIST>" killed "Rad0slav<268><STEAM_1:1:309594971><CT>" with "m3"
L 12/28/2019 - 21:48:19: "Maverick<215><STEAM_0:0:37264973><CT>" killed "awesome car for awesome meeee<253><STEAM_0:1:108592592><TERRORIST>" with "tracktrain"
L 12/28/2019 - 21:48:20: "Szwagier<258><STEAM_0:1:37115487><TERRORIST>" killed "Saad<217><STEAM_0:1:113405507><CT>" with "m3"
L 12/28/2019 - 21:48:25: "XxXBadBoyXxX<236><STEAM_0:1:507815102><CT>" killed "awesome car for awesome me<254><STEAM_0:1:176532502><TERRORIST>" with "m249"
L 12/28/2019 - 21:48:29: "XxXBadBoyXxX<236><STEAM_0:1:507815102><CT>" killed "Szwagier<258><STEAM_0:1:37115487><TERRORIST>" with "m249"
L 12/28/2019 - 21:48:30: "Maverick<215><STEAM_0:0:37264973><CT>" killed "xXMr.ONurXx_YT<259><STEAM_0:0:526678195><TERRORIST>" with "m3"
L 12/28/2019 - 21:48:51: "XxXBadBoyXxX<236><STEAM_0:1:507815102><CT>" killed "yashveer<256><STEAM_0:1:160665695><TERRORIST>" with "m249"
L 12/28/2019 - 21:48:51: Team "CT" triggered "CTs_Win" (CT "12") (T "4")
L 12/28/2019 - 21:48:51: World triggered "Round_End"
L 12/28/2019 - 21:48:57: World triggered "Round_Start"
L 12/28/2019 - 21:49:07: Server cvar "amx_nextmap" = "big_city"
L 12/28/2019 - 21:49:12: "awesome car for awesome me<254><STEAM_0:1:176532502><TERRORIST>" killed "XxXBadBoyXxX<236><STEAM_0:1:507815102><CT>" with "xm1014"
L 12/28/2019 - 21:49:18: "Szwagier<258><STEAM_0:1:37115487><TERRORIST>" killed "Maverick<215><STEAM_0:0:37264973><CT>" with "m3"
L 12/28/2019 - 21:49:24: "xXMr.ONurXx_YT<259><STEAM_0:0:526678195><TERRORIST>" killed "Rad0slav<268><STEAM_1:1:309594971><CT>" with "glock18"
L 12/28/2019 - 21:49:26: "awesome car for awesome me<254><STEAM_0:1:176532502><TERRORIST>" killed "Saad<217><STEAM_0:1:113405507><CT>" with "m249"
L 12/28/2019 - 21:49:26: Team "TERRORIST" triggered "Terrorists_Win" (CT "12") (T "5")
L 12/28/2019 - 21:49:26: World triggered "Round_End"
L 12/28/2019 - 21:49:32: World triggered "Round_Start"
L 12/28/2019 - 21:49:32: Server cvar "sv_maxspeed" = "0.000000"
L 12/28/2019 - 21:49:32: Server cvar "mp_friendlyfire" = "1"
L 12/28/2019 - 21:49:34: "awesome car for awesome me<254><STEAM_0:1:176532502><TERRORIST>" killed "Why i need a name<255><STEAM_0:1:243975700><TERRORIST>" with "xm1014"
L 12/28/2019 - 21:49:37: Kick: "awesome car for awesome meeee<253><STEAM_0:1:108592592><>" was kicked by "Console" (message "You have been banned by ATAC  due to reaching the maximum  team kill limit.")
L 12/28/2019 - 21:49:37: "awesome car for awesome meeee<253><STEAM_0:1:108592592><TERRORIST>" disconnected
L 12/28/2019 - 21:49:38: "xXMr.ONurXx_YT<259><STEAM_0:0:526678195><TERRORIST>" killed "awesome car for awesome me<254><STEAM_0:1:176532502><TERRORIST>" with "mac10"
L 12/28/2019 - 21:49:38: Server cvar "sv_maxspeed" = "900.000000"
L 12/28/2019 - 21:49:38: Server cvar "mp_friendlyfire" = "0"
L 12/28/2019 - 21:49:38: [META] ini: Begin re-reading plugins list: /home/rented/public9/cstrike/addons/metamod/plugins.ini
L 12/28/2019 - 21:49:38: [META] ini: Read plugin config for: SafeNameAndChat
L 12/28/2019 - 21:49:38: [META] ini: Read plugin config for: AMX Mod X
L 12/28/2019 - 21:49:38: [META] ini: Read plugin config for: Reunion
L 12/28/2019 - 21:49:38: [META] ini: Read plugin config for: ReAuthCheck
L 12/28/2019 - 21:49:38: [META] ini: Read plugin config for: WHBlocker
L 12/28/2019 - 21:49:38: [META] ini: Read plugin config for: ReSemiclip
L 12/28/2019 - 21:49:38: [META] ini: Read plugin config for: Revoice
L 12/28/2019 - 21:49:38: [META] ini: Finished reading plugins list: /home/rented/public9/cstrike/addons/metamod/plugins.ini; Found 7 plugins
L 12/28/2019 - 21:49:38: [META] dll: Updating plugins...
L 12/28/2019 - 21:49:38: [META] WARNING: Cannot clear plugin 'SafeNameAndChat'; not marked as failed, empty, or open (status=valid)
L 12/28/2019 - 21:49:38: [META] dll: Unloaded plugin 'SafeNameAndChat' for reason 'file on disk is newer'
L 12/28/2019 - 21:49:38: [META] dll: Loaded plugin 'SafeNameAndChat': SafeNameAndChat v1.1 2017.02.01, WPMG.PRoSToC0der
L 12/28/2019 - 21:49:38: [META] WARNING: Cannot clear plugin 'WHBlocker'; not marked as failed, empty, or open (status=valid)
L 12/28/2019 - 21:49:38: [META] dll: Unloaded plugin 'WHBlocker' for reason 'file on disk is newer'
L 12/28/2019 - 21:49:38: [META] dll: Loaded plugin 'WHBlocker': WHBlocker v1.5.692 2017-04-13, s1lent
L 12/28/2019 - 21:49:38: [META] WARNING: Cannot clear plugin 'ReSemiclip'; not marked as failed, empty, or open (status=valid)
L 12/28/2019 - 21:49:38: [META] dll: Unloaded plugin 'ReSemiclip' for reason 'file on disk is newer'
L 12/28/2019 - 21:49:38: [META] dll: Loaded plugin 'ReSemiclip': ReSemiclip v2.3.9 13/02/17, s1lent & Adidasman
L 12/28/2019 - 21:49:38: [META] dll: Finished updating 14 plugins; kept 0, loaded 0, unloaded 0, reloaded 3, delayed 0
L 12/28/2019 - 21:49:38: "xXMr.ONurXx_YT<259><STEAM_0:0:526678195><TERRORIST>" disconnected
L 12/28/2019 - 21:49:38: "Saad<217><STEAM_0:1:113405507><CT>" disconnected
L 12/28/2019 - 21:49:38: "awesome car for awesome me<254><STEAM_0:1:176532502><TERRORIST>" disconnected
L 12/28/2019 - 21:49:38: "Rad0slav<268><STEAM_1:1:309594971><CT>" disconnected
L 12/28/2019 - 21:49:38: "Maverick<215><STEAM_0:0:37264973><CT>" disconnected
L 12/28/2019 - 21:49:38: "XxXBadBoyXxX<236><STEAM_0:1:507815102><CT>" disconnected
L 12/28/2019 - 21:49:38: "Why i need a name<255><STEAM_0:1:243975700><TERRORIST>" disconnected
L 12/28/2019 - 21:49:38: "yashveer<256><STEAM_0:1:160665695><TERRORIST>" disconnected
L 12/28/2019 - 21:49:38: "Szwagier<258><STEAM_0:1:37115487><TERRORIST>" disconnected
L 12/28/2019 - 21:49:38: World triggered "Round_Draw" (CT "12") (T "5")
L 12/28/2019 - 21:49:38: World triggered "Round_End"
L 12/28/2019 - 21:49:38: Log file closed
