L 12/26/2019 - 15:11:30: Log file started (file "logs/L1226058.log") (game "cstrike") (version "48/1.1.2.7/Stdio/1621")
L 12/26/2019 - 15:11:30: Loading map "car_fight"
L 12/26/2019 - 15:11:30: Server cvars start
L 12/26/2019 - 15:11:30: Server cvar "@BunnyHopper" = "3.x"
L 12/26/2019 - 15:11:30: Server cvar "@CRXGoSpec" = "1.1"
L 12/26/2019 - 15:11:30: Server cvar "@CRXRemoveImmunity" = "1.0"
L 12/26/2019 - 15:11:30: Server cvar "@D.I.C.E." = "1.1"
L 12/26/2019 - 15:11:30: Server cvar "@MOTDCommands" = "1.2"
L 12/26/2019 - 15:11:30: Server cvar "advanced_quake_sounds" = "5.0"
L 12/26/2019 - 15:11:30: Server cvar "AdvancedMute" = "1.0"
L 12/26/2019 - 15:11:30: Server cvar "aesp_version" = "1.3"
L 12/26/2019 - 15:11:30: Server cvar "allow_spectators" = "1.0"
L 12/26/2019 - 15:11:30: Server cvar "amx_client_languages" = "1"
L 12/26/2019 - 15:11:30: Server cvar "amx_language" = "en"
L 12/26/2019 - 15:11:30: Server cvar "amx_nextmap" = "car_fight"
L 12/26/2019 - 15:11:30: Server cvar "amx_ptb_version" = "1.8b3"
L 12/26/2019 - 15:11:30: Server cvar "amx_timeleft" = "14:05"
L 12/26/2019 - 15:11:30: Server cvar "amxmodx_version" = "1.8.2"
L 12/26/2019 - 15:11:30: Server cvar "amxxbg_vip" = "1.0"
L 12/26/2019 - 15:11:30: Server cvar "asp_version" = "4.5.1"
L 12/26/2019 - 15:11:30: Server cvar "atac_version" = "3.0.1"
L 12/26/2019 - 15:11:30: Server cvar "badcamper_version" = "1.4 beta"
L 12/26/2019 - 15:11:30: Server cvar "blockmaker" = "4.01"
L 12/26/2019 - 15:11:30: Server cvar "c4 timer" = "1.1"
L 12/26/2019 - 15:11:30: Server cvar "coop" = "0"
L 12/26/2019 - 15:11:30: Server cvar "CRXAdminGroups" = "1.0"
L 12/26/2019 - 15:11:30: Server cvar "CRXCommandRestrictions" = "1.0"
L 12/26/2019 - 15:11:30: Server cvar "CRXFastKnife" = "1.0"
L 12/26/2019 - 15:11:30: Server cvar "CRXGametracker" = "2.0"
L 12/26/2019 - 15:11:30: Server cvar "CRXKnifeModels" = "2.5.7"
L 12/26/2019 - 15:11:30: Server cvar "CRXTeamAdvantage" = "1.0"
L 12/26/2019 - 15:11:30: Server cvar "CustomShop" = "4.2"
L 12/26/2019 - 15:11:30: Server cvar "deathmatch" = "1"
L 12/26/2019 - 15:11:30: Server cvar "decalfrequency" = "0"
L 12/26/2019 - 15:11:30: Server cvar "edgefriction" = "2"
L 12/26/2019 - 15:11:30: Server cvar "ers_version" = "2.3c"
L 12/26/2019 - 15:11:30: Server cvar "gagsystem_shoko" = "1.0"
L 12/26/2019 - 15:11:30: Server cvar "gal_mapcyclefile" = "mapcycle.txt"
L 12/26/2019 - 15:11:30: Server cvar "gal_version" = "v5.9.1-926"
L 12/26/2019 - 15:11:30: Server cvar "game_version" = "5.7.0.313-dev"
L 12/26/2019 - 15:11:30: Server cvar "humans_join_team" = "any"
L 12/26/2019 - 15:11:30: Server cvar "jtp10181" = "chute,gore"
L 12/26/2019 - 15:11:30: Server cvar "lawliet" = "ny_RainingSnow"
L 12/26/2019 - 15:11:30: Server cvar "LetitSnow" = "1.0"
L 12/26/2019 - 15:11:30: Server cvar "map_spawns" = "T(16) CT(16)"
L 12/26/2019 - 15:11:30: Server cvar "max_queries_sec" = "3"
L 12/26/2019 - 15:11:30: Server cvar "max_queries_sec_global" = "150"
L 12/26/2019 - 15:11:30: Server cvar "max_queries_window" = "60"
L 12/26/2019 - 15:11:30: Server cvar "mdbBans" = "4.8"
L 12/26/2019 - 15:11:30: Server cvar "metamod_version" = "1.21p37"
L 12/26/2019 - 15:11:30: Server cvar "mp_autokick" = "0"
L 12/26/2019 - 15:11:30: Server cvar "mp_autokick_timeout" = "-1"
L 12/26/2019 - 15:11:30: Server cvar "mp_autoteambalance" = "0"
L 12/26/2019 - 15:11:30: Server cvar "mp_buytime" = "0.25"
L 12/26/2019 - 15:11:30: Server cvar "mp_c4timer" = "35"
L 12/26/2019 - 15:11:30: Server cvar "mp_chattime" = "10.000000"
L 12/26/2019 - 15:11:30: Server cvar "mp_consistency" = "1"
L 12/26/2019 - 15:11:30: Server cvar "mp_fadetoblack" = "0"
L 12/26/2019 - 15:11:30: Server cvar "mp_flashlight" = "1"
L 12/26/2019 - 15:11:30: Server cvar "mp_footsteps" = "1"
L 12/26/2019 - 15:11:30: Server cvar "mp_forcecamera" = "0"
L 12/26/2019 - 15:11:30: Server cvar "mp_forcechasecam" = "0"
L 12/26/2019 - 15:11:30: Server cvar "mp_forcerespawn" = "0"
L 12/26/2019 - 15:11:30: Server cvar "mp_fraglimit" = "0"
L 12/26/2019 - 15:11:30: Server cvar "mp_fragsleft" = "0"
L 12/26/2019 - 15:11:30: Server cvar "mp_freeforall" = "0"
L 12/26/2019 - 15:11:30: Server cvar "mp_freezetime" = "1"
L 12/26/2019 - 15:11:30: Server cvar "mp_friendlyfire" = "0"
L 12/26/2019 - 15:11:30: Server cvar "mp_hostage_hurtable" = "1"
L 12/26/2019 - 15:11:30: Server cvar "mp_hostagepenalty" = "0"
L 12/26/2019 - 15:11:30: Server cvar "mp_item_staytime" = "300"
L 12/26/2019 - 15:11:30: Server cvar "mp_kickpercent" = "0.66"
L 12/26/2019 - 15:11:30: Server cvar "mp_legacy_bombtarget_touch" = "1"
L 12/26/2019 - 15:11:30: Server cvar "mp_limitteams" = "0"
L 12/26/2019 - 15:11:30: Server cvar "mp_logdetail" = "0"
L 12/26/2019 - 15:11:30: Server cvar "mp_logfile" = "1"
L 12/26/2019 - 15:11:30: Server cvar "mp_logmessages" = "1"
L 12/26/2019 - 15:11:30: Server cvar "mp_mapvoteratio" = "0.66"
L 12/26/2019 - 15:11:30: Server cvar "mp_maxmoney" = "999999"
L 12/26/2019 - 15:11:30: Server cvar "mp_maxrounds" = "0"
L 12/26/2019 - 15:11:30: Server cvar "mp_mirrordamage" = "0"
L 12/26/2019 - 15:11:30: Server cvar "mp_old_bomb_defused_sound" = "1"
L 12/26/2019 - 15:11:30: Server cvar "mp_playerid" = "0"
L 12/26/2019 - 15:11:30: Server cvar "mp_respawn_immunitytime" = "0"
L 12/26/2019 - 15:11:30: Server cvar "mp_round_infinite" = "0"
L 12/26/2019 - 15:11:30: Server cvar "mp_round_restart_delay" = "5"
L 12/26/2019 - 15:11:30: Server cvar "mp_roundover" = "0"
L 12/26/2019 - 15:11:30: Server cvar "mp_roundtime" = "2.3"
L 12/26/2019 - 15:11:30: Server cvar "mp_show_radioicon" = "1"
L 12/26/2019 - 15:11:30: Server cvar "mp_startmoney" = "850"
L 12/26/2019 - 15:11:30: Server cvar "mp_timeleft" = "14:05"
L 12/26/2019 - 15:11:30: Server cvar "mp_timelimit" = "20"
L 12/26/2019 - 15:11:30: Server cvar "mp_tkpunish" = "0"
L 12/26/2019 - 15:11:30: Server cvar "mp_windifference" = "1"
L 12/26/2019 - 15:11:30: Server cvar "mp_winlimit" = "0"
L 12/26/2019 - 15:11:30: Server cvar "NoWeaponsOnGround" = "1.0"
L 12/26/2019 - 15:11:30: Server cvar "pausable" = "0"
L 12/26/2019 - 15:11:30: Server cvar "present_version" = "2.01"
L 12/26/2019 - 15:11:30: Server cvar "RandomHP" = "2.2"
L 12/26/2019 - 15:11:30: Server cvar "reauthcheck_version" = "0.1.6"
L 12/26/2019 - 15:11:30: Server cvar "reconnect_features" = "0.3.1"
L 12/26/2019 - 15:11:30: Server cvar "report_system_version" = "3.1"
L 12/26/2019 - 15:11:30: Server cvar "resemiclip_version" = "2.3.9"
L 12/26/2019 - 15:11:30: Server cvar "reu_version" = "0.1.0.130"
L 12/26/2019 - 15:11:30: Server cvar "revoice_version" = "0.1.0.30"
L 12/26/2019 - 15:11:30: Server cvar "RRWM" = "2.0"
L 12/26/2019 - 15:11:30: Server cvar "sanksounds_version" = "1.8.6"
L 12/26/2019 - 15:11:30: Server cvar "SimpleMenu" = "1.1"
L 12/26/2019 - 15:11:30: Server cvar "SNAC_Version" = "1.1"
L 12/26/2019 - 15:11:30: Server cvar "SpecList" = "1.2a"
L 12/26/2019 - 15:11:30: Server cvar "sr_version" = "1.6"
L 12/26/2019 - 15:11:30: Server cvar "statsx_shell_ver" = "2.0.0 (BETA)"
L 12/26/2019 - 15:11:30: Server cvar "StyleC4Timer" = "2.1"
L 12/26/2019 - 15:11:30: Server cvar "sv_accelerate" = "5"
L 12/26/2019 - 15:11:30: Server cvar "sv_aim" = "1"
L 12/26/2019 - 15:11:30: Server cvar "sv_airaccelerate" = "100"
L 12/26/2019 - 15:11:30: Server cvar "sv_allowupload" = "1"
L 12/26/2019 - 15:11:30: Server cvar "sv_alltalk" = "1"
L 12/26/2019 - 15:11:30: Server cvar "sv_bounce" = "1"
L 12/26/2019 - 15:11:30: Server cvar "sv_cheats" = "0"
L 12/26/2019 - 15:11:30: Server cvar "sv_clienttrace" = "1"
L 12/26/2019 - 15:11:30: Server cvar "sv_contact" = "feruchio599@gmail.com"
L 12/26/2019 - 15:11:30: Server cvar "sv_friction" = "4"
L 12/26/2019 - 15:11:30: Server cvar "sv_gravity" = "800"
L 12/26/2019 - 15:11:30: Server cvar "sv_logblocks" = "0"
L 12/26/2019 - 15:11:30: Server cvar "sv_maxrate" = "50000"
L 12/26/2019 - 15:11:30: Server cvar "sv_maxspeed" = "900.000000"
L 12/26/2019 - 15:11:30: Server cvar "sv_minrate" = "10000"
L 12/26/2019 - 15:11:30: Server cvar "sv_password" = ""
L 12/26/2019 - 15:11:30: Server cvar "sv_proxies" = "1"
L 12/26/2019 - 15:11:30: Server cvar "sv_restart" = "0"
L 12/26/2019 - 15:11:30: Server cvar "sv_restartround" = "0"
L 12/26/2019 - 15:11:30: Server cvar "sv_stepsize" = "18"
L 12/26/2019 - 15:11:30: Server cvar "sv_stopspeed" = "75"
L 12/26/2019 - 15:11:30: Server cvar "sv_uploadmax" = "0.5"
L 12/26/2019 - 15:11:30: Server cvar "sv_version" = "1.1.2.7/Stdio,48,1621"
L 12/26/2019 - 15:11:30: Server cvar "sv_voiceenable" = "1"
L 12/26/2019 - 15:11:30: Server cvar "sv_wateraccelerate" = "10"
L 12/26/2019 - 15:11:30: Server cvar "sv_waterfriction" = "1"
L 12/26/2019 - 15:11:30: Server cvar "Team_Semiclip_version" = "3.3.1"
L 12/26/2019 - 15:11:30: Server cvar "vehicle_real_killer" = "1.1"
L 12/26/2019 - 15:11:30: Server cvar "WalkGuard" = "1.3.2"
L 12/26/2019 - 15:11:30: Server cvar "we_grenades" = "Huehue"
L 12/26/2019 - 15:11:30: Server cvar "we_player_models" = "Huehue"
L 12/26/2019 - 15:11:30: Server cvar "whb_version" = "1.5.692"
L 12/26/2019 - 15:11:30: Server cvar "zp_jp_version" = "Extra Item Jetpack+Bazooka v3.2"
L 12/26/2019 - 15:11:30: Server cvars end
L 12/26/2019 - 15:11:33: Server cvar "sv_maxspeed" = "900"
L 12/26/2019 - 15:11:33: Server cvar "mp_autoteambalance" = "1"
L 12/26/2019 - 15:11:33: Server cvar "mp_autoteambalance" = "0"
L 12/26/2019 - 15:11:33: Server cvar "amx_nextmap" = "[not yet voted on]"
L 12/26/2019 - 15:11:35: Started map "car_fight" (CRC "-1323436437")
L 12/26/2019 - 15:11:37: World triggered "Round_Start"
L 12/26/2019 - 15:11:44: "svinger<72><STEAM_2:1:2008482990><>" entered the game
L 12/26/2019 - 15:11:49: "svinger<72><STEAM_2:1:2008482990><>" joined team "TERRORIST"
L 12/26/2019 - 15:12:20: [REUNION]: cs | russian (185.35.9.26) authorized as RevEmu
L 12/26/2019 - 15:12:20: "cs | russian<76><STEAM_1:1:697086419><>" connected, address "185.35.9.26:27525"
L 12/26/2019 - 15:13:27: "cs | russian<76><STEAM_1:1:697086419><>" entered the game
L 12/26/2019 - 15:13:33: "cs | russian<76><STEAM_1:1:697086419><>" joined team "CT"
L 12/26/2019 - 15:13:35: World triggered "Game_Commencing"
L 12/26/2019 - 15:13:35: World triggered "Game_Commencing" (CT "0") (T "0")
L 12/26/2019 - 15:13:35: World triggered "Round_End"
L 12/26/2019 - 15:13:39: World triggered "Round_Start"
L 12/26/2019 - 15:14:20: "cs | russian<76><STEAM_1:1:697086419><CT>" killed "svinger<72><STEAM_2:1:2008482990><TERRORIST>" with "usp"
L 12/26/2019 - 15:14:20: Team "CT" triggered "CTs_Win" (CT "1") (T "0")
L 12/26/2019 - 15:14:20: World triggered "Round_End"
L 12/26/2019 - 15:14:26: World triggered "Round_Start"
L 12/26/2019 - 15:14:44: "cs | russian<76><STEAM_1:1:697086419><CT>" killed "svinger<72><STEAM_2:1:2008482990><TERRORIST>" with "m4a1"
L 12/26/2019 - 15:14:44: Team "CT" triggered "CTs_Win" (CT "2") (T "0")
L 12/26/2019 - 15:14:44: World triggered "Round_End"
L 12/26/2019 - 15:14:50: World triggered "Round_Start"
L 12/26/2019 - 15:15:02: "cs | russian<76><STEAM_1:1:697086419><CT>" killed "svinger<72><STEAM_2:1:2008482990><TERRORIST>" with "m4a1"
L 12/26/2019 - 15:15:02: Team "CT" triggered "CTs_Win" (CT "3") (T "0")
L 12/26/2019 - 15:15:02: World triggered "Round_End"
L 12/26/2019 - 15:15:08: World triggered "Round_Start"
L 12/26/2019 - 15:15:42: "svinger<72><STEAM_2:1:2008482990><TERRORIST>" killed "cs | russian<76><STEAM_1:1:697086419><CT>" with "ak47"
L 12/26/2019 - 15:15:42: Team "TERRORIST" triggered "Terrorists_Win" (CT "3") (T "1")
L 12/26/2019 - 15:15:42: World triggered "Round_End"
L 12/26/2019 - 15:15:48: World triggered "Round_Start"
L 12/26/2019 - 15:16:03: "cs | russian<76><STEAM_1:1:697086419><CT>" killed "svinger<72><STEAM_2:1:2008482990><TERRORIST>" with "sg552"
L 12/26/2019 - 15:16:03: Team "CT" triggered "CTs_Win" (CT "4") (T "1")
L 12/26/2019 - 15:16:03: World triggered "Round_End"
L 12/26/2019 - 15:16:09: World triggered "Round_Start"
L 12/26/2019 - 15:16:29: "cs | russian<76><STEAM_1:1:697086419><CT>" killed "svinger<72><STEAM_2:1:2008482990><TERRORIST>" with "aug"
L 12/26/2019 - 15:16:29: Team "CT" triggered "CTs_Win" (CT "5") (T "1")
L 12/26/2019 - 15:16:29: World triggered "Round_End"
L 12/26/2019 - 15:16:35: World triggered "Round_Start"
L 12/26/2019 - 15:16:53: "cs | russian<76><STEAM_1:1:697086419><CT>" killed "svinger<72><STEAM_2:1:2008482990><TERRORIST>" with "aug"
L 12/26/2019 - 15:16:53: Team "CT" triggered "CTs_Win" (CT "6") (T "1")
L 12/26/2019 - 15:16:53: World triggered "Round_End"
L 12/26/2019 - 15:16:59: World triggered "Round_Start"
L 12/26/2019 - 15:17:08: [REUNION]: BW;TM(mAg() (212.5.158.202) authorized as RevEmu
L 12/26/2019 - 15:17:08: "BW;TM(mAg()<77><STEAM_1:1:3751163><>" connected, address "212.5.158.202:20535"
L 12/26/2019 - 15:17:18: "BW;TM(mAg()<77><STEAM_1:1:3751163><>" entered the game
L 12/26/2019 - 15:17:20: "BW;TM(mAg()<77><STEAM_1:1:3751163><>" joined team "TERRORIST"
L 12/26/2019 - 15:17:21: "cs | russian<76><STEAM_1:1:697086419><CT>" killed "svinger<72><STEAM_2:1:2008482990><TERRORIST>" with "deagle"
L 12/26/2019 - 15:17:21: Team "CT" triggered "CTs_Win" (CT "7") (T "1")
L 12/26/2019 - 15:17:21: World triggered "Round_End"
L 12/26/2019 - 15:17:27: World triggered "Round_Start"
L 12/26/2019 - 15:17:45: "cs | russian<76><STEAM_1:1:697086419><CT>" killed "BW;TM(mAg()<77><STEAM_1:1:3751163><TERRORIST>" with "awp"
L 12/26/2019 - 15:17:48: "BW;TM(mAg()<77><STEAM_1:1:3751163><TERRORIST>" disconnected
L 12/26/2019 - 15:17:58: "svinger<72><STEAM_2:1:2008482990><TERRORIST>" killed "cs | russian<76><STEAM_1:1:697086419><CT>" with "ak47"
L 12/26/2019 - 15:17:58: Team "TERRORIST" triggered "Terrorists_Win" (CT "7") (T "2")
L 12/26/2019 - 15:17:58: World triggered "Round_End"
L 12/26/2019 - 15:18:04: World triggered "Round_Start"
L 12/26/2019 - 15:18:18: "cs | russian<76><STEAM_1:1:697086419><CT>" killed "svinger<72><STEAM_2:1:2008482990><TERRORIST>" with "m4a1"
L 12/26/2019 - 15:18:18: Team "CT" triggered "CTs_Win" (CT "8") (T "2")
L 12/26/2019 - 15:18:18: World triggered "Round_End"
L 12/26/2019 - 15:18:24: World triggered "Round_Start"
L 12/26/2019 - 15:18:26: "svinger<72><STEAM_2:1:2008482990><TERRORIST>" disconnected
L 12/26/2019 - 15:18:46: "cs | russian<76><STEAM_1:1:697086419><CT>" disconnected
L 12/26/2019 - 15:18:46: World triggered "Round_Draw" (CT "8") (T "2")
L 12/26/2019 - 15:18:46: World triggered "Round_End"
L 12/26/2019 - 15:18:52: World triggered "Round_Start"
L 12/26/2019 - 15:18:58: [REUNION]: svinger (46.161.103.76) authorized as RevEmu
L 12/26/2019 - 15:18:58: "svinger<78><STEAM_2:1:2008482990><>" connected, address "46.161.103.76:27005"
L 12/26/2019 - 15:19:07: "svinger<78><STEAM_2:1:2008482990><>" entered the game
L 12/26/2019 - 15:19:12: "svinger<78><STEAM_2:1:2008482990><>" joined team "TERRORIST"
L 12/26/2019 - 15:21:10: "svinger<78><STEAM_2:1:2008482990><TERRORIST>" committed suicide with "world"
L 12/26/2019 - 15:21:10: World triggered "Round_Draw" (CT "8") (T "2")
L 12/26/2019 - 15:21:10: World triggered "Round_End"
L 12/26/2019 - 15:21:16: World triggered "Round_Start"
L 12/26/2019 - 15:23:34: "svinger<78><STEAM_2:1:2008482990><TERRORIST>" committed suicide with "world"
L 12/26/2019 - 15:23:34: World triggered "Round_Draw" (CT "8") (T "2")
L 12/26/2019 - 15:23:34: World triggered "Round_End"
L 12/26/2019 - 15:23:40: World triggered "Round_Start"
L 12/26/2019 - 15:23:40: Server cvar "amx_nextmap" = "cars_n_robots"
L 12/26/2019 - 15:23:41: Server cvar "sv_maxspeed" = "0.000000"
L 12/26/2019 - 15:23:41: Server cvar "mp_friendlyfire" = "1"
L 12/26/2019 - 15:23:52: "svinger<78><STEAM_2:1:2008482990><TERRORIST>" committed suicide with "world"
L 12/26/2019 - 15:23:52: World triggered "Round_Draw" (CT "8") (T "2")
L 12/26/2019 - 15:23:52: World triggered "Round_End"
L 12/26/2019 - 15:23:52: Server cvar "sv_maxspeed" = "900.000000"
L 12/26/2019 - 15:23:52: Server cvar "mp_friendlyfire" = "0"
L 12/26/2019 - 15:23:53: [META] ini: Begin re-reading plugins list: /home/rented/public9/cstrike/addons/metamod/plugins.ini
L 12/26/2019 - 15:23:53: [META] ini: Read plugin config for: SafeNameAndChat
L 12/26/2019 - 15:23:53: [META] ini: Read plugin config for: AMX Mod X
L 12/26/2019 - 15:23:53: [META] ini: Read plugin config for: Reunion
L 12/26/2019 - 15:23:53: [META] ini: Read plugin config for: ReAuthCheck
L 12/26/2019 - 15:23:53: [META] ini: Read plugin config for: WHBlocker
L 12/26/2019 - 15:23:53: [META] ini: Read plugin config for: ReSemiclip
L 12/26/2019 - 15:23:53: [META] ini: Read plugin config for: Revoice
L 12/26/2019 - 15:23:53: [META] ini: Finished reading plugins list: /home/rented/public9/cstrike/addons/metamod/plugins.ini; Found 7 plugins
L 12/26/2019 - 15:23:53: [META] dll: Updating plugins...
L 12/26/2019 - 15:23:53: [META] WARNING: Cannot clear plugin 'SafeNameAndChat'; not marked as failed, empty, or open (status=valid)
L 12/26/2019 - 15:23:53: [META] dll: Unloaded plugin 'SafeNameAndChat' for reason 'file on disk is newer'
L 12/26/2019 - 15:23:53: [META] dll: Loaded plugin 'SafeNameAndChat': SafeNameAndChat v1.1 2017.02.01, WPMG.PRoSToC0der
L 12/26/2019 - 15:23:53: [META] WARNING: Cannot clear plugin 'WHBlocker'; not marked as failed, empty, or open (status=valid)
L 12/26/2019 - 15:23:53: [META] dll: Unloaded plugin 'WHBlocker' for reason 'file on disk is newer'
L 12/26/2019 - 15:23:53: [META] dll: Loaded plugin 'WHBlocker': WHBlocker v1.5.692 2017-04-13, s1lent
L 12/26/2019 - 15:23:53: [META] WARNING: Cannot clear plugin 'ReSemiclip'; not marked as failed, empty, or open (status=valid)
L 12/26/2019 - 15:23:53: [META] dll: Unloaded plugin 'ReSemiclip' for reason 'file on disk is newer'
L 12/26/2019 - 15:23:53: [META] dll: Loaded plugin 'ReSemiclip': ReSemiclip v2.3.9 13/02/17, s1lent & Adidasman
L 12/26/2019 - 15:23:53: [META] dll: Finished updating 14 plugins; kept 0, loaded 0, unloaded 0, reloaded 3, delayed 0
L 12/26/2019 - 15:23:53: "svinger<78><STEAM_2:1:2008482990><TERRORIST>" disconnected
L 12/26/2019 - 15:23:53: Log file closed
