L 12/25/2019 - 10:04:06: Log file started (file "logs/L1225046.log") (game "cstrike") (version "48/1.1.2.7/Stdio/1621")
L 12/25/2019 - 10:04:06: Loading map "xmas_nipperhouse"
L 12/25/2019 - 10:04:06: Server cvars start
L 12/25/2019 - 10:04:06: Server cvar "@BunnyHopper" = "3.x"
L 12/25/2019 - 10:04:06: Server cvar "@CRXGoSpec" = "1.1"
L 12/25/2019 - 10:04:06: Server cvar "@CRXRemoveImmunity" = "1.0"
L 12/25/2019 - 10:04:06: Server cvar "@D.I.C.E." = "1.1"
L 12/25/2019 - 10:04:06: Server cvar "@MOTDCommands" = "1.2"
L 12/25/2019 - 10:04:06: Server cvar "advanced_quake_sounds" = "5.0"
L 12/25/2019 - 10:04:06: Server cvar "AdvancedMute" = "1.0"
L 12/25/2019 - 10:04:06: Server cvar "aesp_version" = "1.3"
L 12/25/2019 - 10:04:06: Server cvar "allow_spectators" = "1.0"
L 12/25/2019 - 10:04:06: Server cvar "amx_client_languages" = "1"
L 12/25/2019 - 10:04:06: Server cvar "amx_language" = "en"
L 12/25/2019 - 10:04:06: Server cvar "amx_nextmap" = "xmas_nipperhouse"
L 12/25/2019 - 10:04:06: Server cvar "amx_ptb_version" = "1.8b3"
L 12/25/2019 - 10:04:06: Server cvar "amx_timeleft" = "11:28"
L 12/25/2019 - 10:04:06: Server cvar "amxmodx_version" = "1.8.2"
L 12/25/2019 - 10:04:06: Server cvar "amxxbg_vip" = "1.0"
L 12/25/2019 - 10:04:06: Server cvar "asp_version" = "4.5.1"
L 12/25/2019 - 10:04:06: Server cvar "atac_version" = "3.0.1"
L 12/25/2019 - 10:04:06: Server cvar "badcamper_version" = "1.4 beta"
L 12/25/2019 - 10:04:06: Server cvar "blockmaker" = "4.01"
L 12/25/2019 - 10:04:06: Server cvar "c4 timer" = "1.1"
L 12/25/2019 - 10:04:06: Server cvar "coop" = "0"
L 12/25/2019 - 10:04:06: Server cvar "CRXAdminGroups" = "1.0"
L 12/25/2019 - 10:04:06: Server cvar "CRXCommandRestrictions" = "1.0"
L 12/25/2019 - 10:04:06: Server cvar "CRXFastKnife" = "1.0"
L 12/25/2019 - 10:04:06: Server cvar "CRXGametracker" = "2.0"
L 12/25/2019 - 10:04:06: Server cvar "CRXKnifeModels" = "2.5.7"
L 12/25/2019 - 10:04:06: Server cvar "CRXTeamAdvantage" = "1.0"
L 12/25/2019 - 10:04:06: Server cvar "CustomShop" = "4.2"
L 12/25/2019 - 10:04:06: Server cvar "deathmatch" = "1"
L 12/25/2019 - 10:04:06: Server cvar "decalfrequency" = "0"
L 12/25/2019 - 10:04:06: Server cvar "edgefriction" = "2"
L 12/25/2019 - 10:04:06: Server cvar "ers_version" = "2.3c"
L 12/25/2019 - 10:04:06: Server cvar "gagsystem_shoko" = "1.0"
L 12/25/2019 - 10:04:06: Server cvar "gal_mapcyclefile" = "mapcycle.txt"
L 12/25/2019 - 10:04:06: Server cvar "gal_version" = "v5.9.1-926"
L 12/25/2019 - 10:04:06: Server cvar "game_version" = "5.7.0.313-dev"
L 12/25/2019 - 10:04:06: Server cvar "humans_join_team" = "any"
L 12/25/2019 - 10:04:06: Server cvar "jtp10181" = "chute,gore"
L 12/25/2019 - 10:04:06: Server cvar "lawliet" = "ny_RainingSnow"
L 12/25/2019 - 10:04:06: Server cvar "LetitSnow" = "1.0"
L 12/25/2019 - 10:04:06: Server cvar "map_spawns" = "T(16) CT(16)"
L 12/25/2019 - 10:04:06: Server cvar "max_queries_sec" = "3"
L 12/25/2019 - 10:04:06: Server cvar "max_queries_sec_global" = "150"
L 12/25/2019 - 10:04:06: Server cvar "max_queries_window" = "60"
L 12/25/2019 - 10:04:06: Server cvar "mdbBans" = "4.8"
L 12/25/2019 - 10:04:06: Server cvar "metamod_version" = "1.21p37"
L 12/25/2019 - 10:04:06: Server cvar "mp_autokick" = "0"
L 12/25/2019 - 10:04:06: Server cvar "mp_autokick_timeout" = "-1"
L 12/25/2019 - 10:04:06: Server cvar "mp_autoteambalance" = "1"
L 12/25/2019 - 10:04:06: Server cvar "mp_buytime" = "0.25"
L 12/25/2019 - 10:04:06: Server cvar "mp_c4timer" = "35"
L 12/25/2019 - 10:04:06: Server cvar "mp_chattime" = "10.000000"
L 12/25/2019 - 10:04:06: Server cvar "mp_consistency" = "1"
L 12/25/2019 - 10:04:06: Server cvar "mp_fadetoblack" = "0"
L 12/25/2019 - 10:04:06: Server cvar "mp_flashlight" = "1"
L 12/25/2019 - 10:04:06: Server cvar "mp_footsteps" = "1"
L 12/25/2019 - 10:04:06: Server cvar "mp_forcecamera" = "0"
L 12/25/2019 - 10:04:06: Server cvar "mp_forcechasecam" = "0"
L 12/25/2019 - 10:04:06: Server cvar "mp_forcerespawn" = "0"
L 12/25/2019 - 10:04:06: Server cvar "mp_fraglimit" = "0"
L 12/25/2019 - 10:04:06: Server cvar "mp_fragsleft" = "0"
L 12/25/2019 - 10:04:06: Server cvar "mp_freeforall" = "0"
L 12/25/2019 - 10:04:06: Server cvar "mp_freezetime" = "1"
L 12/25/2019 - 10:04:06: Server cvar "mp_friendlyfire" = "0"
L 12/25/2019 - 10:04:06: Server cvar "mp_hostage_hurtable" = "1"
L 12/25/2019 - 10:04:06: Server cvar "mp_hostagepenalty" = "0"
L 12/25/2019 - 10:04:06: Server cvar "mp_item_staytime" = "300"
L 12/25/2019 - 10:04:06: Server cvar "mp_kickpercent" = "0.66"
L 12/25/2019 - 10:04:06: Server cvar "mp_legacy_bombtarget_touch" = "1"
L 12/25/2019 - 10:04:06: Server cvar "mp_limitteams" = "0"
L 12/25/2019 - 10:04:06: Server cvar "mp_logdetail" = "0"
L 12/25/2019 - 10:04:06: Server cvar "mp_logfile" = "1"
L 12/25/2019 - 10:04:06: Server cvar "mp_logmessages" = "1"
L 12/25/2019 - 10:04:06: Server cvar "mp_mapvoteratio" = "0.66"
L 12/25/2019 - 10:04:06: Server cvar "mp_maxmoney" = "999999"
L 12/25/2019 - 10:04:06: Server cvar "mp_maxrounds" = "0"
L 12/25/2019 - 10:04:06: Server cvar "mp_mirrordamage" = "0"
L 12/25/2019 - 10:04:06: Server cvar "mp_old_bomb_defused_sound" = "1"
L 12/25/2019 - 10:04:06: Server cvar "mp_playerid" = "0"
L 12/25/2019 - 10:04:06: Server cvar "mp_respawn_immunitytime" = "0"
L 12/25/2019 - 10:04:06: Server cvar "mp_round_infinite" = "0"
L 12/25/2019 - 10:04:06: Server cvar "mp_round_restart_delay" = "5"
L 12/25/2019 - 10:04:06: Server cvar "mp_roundover" = "0"
L 12/25/2019 - 10:04:06: Server cvar "mp_roundtime" = "2.3"
L 12/25/2019 - 10:04:06: Server cvar "mp_show_radioicon" = "1"
L 12/25/2019 - 10:04:06: Server cvar "mp_startmoney" = "850"
L 12/25/2019 - 10:04:06: Server cvar "mp_timeleft" = "11:28"
L 12/25/2019 - 10:04:06: Server cvar "mp_timelimit" = "20"
L 12/25/2019 - 10:04:06: Server cvar "mp_tkpunish" = "0"
L 12/25/2019 - 10:04:06: Server cvar "mp_windifference" = "1"
L 12/25/2019 - 10:04:06: Server cvar "mp_winlimit" = "0"
L 12/25/2019 - 10:04:06: Server cvar "NoWeaponsOnGround" = "1.0"
L 12/25/2019 - 10:04:06: Server cvar "pausable" = "0"
L 12/25/2019 - 10:04:06: Server cvar "present_version" = "2.01"
L 12/25/2019 - 10:04:06: Server cvar "RandomHP" = "2.2"
L 12/25/2019 - 10:04:06: Server cvar "reauthcheck_version" = "0.1.6"
L 12/25/2019 - 10:04:06: Server cvar "reconnect_features" = "0.3.1"
L 12/25/2019 - 10:04:06: Server cvar "report_system_version" = "3.1"
L 12/25/2019 - 10:04:06: Server cvar "resemiclip_version" = "2.3.9"
L 12/25/2019 - 10:04:06: Server cvar "reu_version" = "0.1.0.130"
L 12/25/2019 - 10:04:06: Server cvar "revoice_version" = "0.1.0.30"
L 12/25/2019 - 10:04:06: Server cvar "RRWM" = "2.0"
L 12/25/2019 - 10:04:06: Server cvar "sanksounds_version" = "1.8.6"
L 12/25/2019 - 10:04:06: Server cvar "SimpleMenu" = "1.1"
L 12/25/2019 - 10:04:06: Server cvar "SNAC_Version" = "1.1"
L 12/25/2019 - 10:04:06: Server cvar "SpecList" = "1.2a"
L 12/25/2019 - 10:04:06: Server cvar "sr_version" = "1.6"
L 12/25/2019 - 10:04:06: Server cvar "statsx_shell_ver" = "2.0.0 (BETA)"
L 12/25/2019 - 10:04:06: Server cvar "StyleC4Timer" = "2.1"
L 12/25/2019 - 10:04:06: Server cvar "sv_accelerate" = "5"
L 12/25/2019 - 10:04:06: Server cvar "sv_aim" = "1"
L 12/25/2019 - 10:04:06: Server cvar "sv_airaccelerate" = "100"
L 12/25/2019 - 10:04:06: Server cvar "sv_allowupload" = "1"
L 12/25/2019 - 10:04:06: Server cvar "sv_alltalk" = "1"
L 12/25/2019 - 10:04:06: Server cvar "sv_bounce" = "1"
L 12/25/2019 - 10:04:06: Server cvar "sv_cheats" = "0"
L 12/25/2019 - 10:04:06: Server cvar "sv_clienttrace" = "1"
L 12/25/2019 - 10:04:06: Server cvar "sv_contact" = "feruchio599@gmail.com"
L 12/25/2019 - 10:04:06: Server cvar "sv_friction" = "4"
L 12/25/2019 - 10:04:06: Server cvar "sv_gravity" = "800"
L 12/25/2019 - 10:04:06: Server cvar "sv_logblocks" = "0"
L 12/25/2019 - 10:04:06: Server cvar "sv_maxrate" = "50000"
L 12/25/2019 - 10:04:06: Server cvar "sv_maxspeed" = "900.000000"
L 12/25/2019 - 10:04:06: Server cvar "sv_minrate" = "10000"
L 12/25/2019 - 10:04:06: Server cvar "sv_password" = ""
L 12/25/2019 - 10:04:06: Server cvar "sv_proxies" = "1"
L 12/25/2019 - 10:04:06: Server cvar "sv_restart" = "0"
L 12/25/2019 - 10:04:06: Server cvar "sv_restartround" = "0"
L 12/25/2019 - 10:04:06: Server cvar "sv_stepsize" = "18"
L 12/25/2019 - 10:04:06: Server cvar "sv_stopspeed" = "75"
L 12/25/2019 - 10:04:06: Server cvar "sv_uploadmax" = "0.5"
L 12/25/2019 - 10:04:06: Server cvar "sv_version" = "1.1.2.7/Stdio,48,1621"
L 12/25/2019 - 10:04:06: Server cvar "sv_voiceenable" = "1"
L 12/25/2019 - 10:04:06: Server cvar "sv_wateraccelerate" = "10"
L 12/25/2019 - 10:04:06: Server cvar "sv_waterfriction" = "1"
L 12/25/2019 - 10:04:06: Server cvar "Team_Semiclip_version" = "3.3.1"
L 12/25/2019 - 10:04:06: Server cvar "vehicle_real_killer" = "1.1"
L 12/25/2019 - 10:04:06: Server cvar "WalkGuard" = "1.3.2"
L 12/25/2019 - 10:04:06: Server cvar "we_grenades" = "Huehue"
L 12/25/2019 - 10:04:06: Server cvar "we_player_models" = "Huehue"
L 12/25/2019 - 10:04:06: Server cvar "whb_version" = "1.5.692"
L 12/25/2019 - 10:04:06: Server cvar "zp_jp_version" = "Extra Item Jetpack+Bazooka v3.2"
L 12/25/2019 - 10:04:06: Server cvars end
L 12/25/2019 - 10:04:09: Server cvar "sv_maxspeed" = "900"
L 12/25/2019 - 10:04:09: Server cvar "mp_autoteambalance" = "0"
L 12/25/2019 - 10:04:09: Server cvar "amx_nextmap" = "[not yet voted on]"
L 12/25/2019 - 10:04:10: Started map "xmas_nipperhouse" (CRC "1699608332")
L 12/25/2019 - 10:04:12: World triggered "Round_Start"
L 12/25/2019 - 10:04:25: "fun da king<4><STEAM_1:0:1655898477><>" entered the game
L 12/25/2019 - 10:04:36: [REUNION]: mohemed (156.205.86.212) authorized as RevEmu
L 12/25/2019 - 10:04:36: "mohemed<7><STEAM_2:0:343338069><>" connected, address "156.205.86.212:27005"
L 12/25/2019 - 10:04:39: "fun da king<4><STEAM_1:0:1655898477><>" joined team "CT"
L 12/25/2019 - 10:04:47: "fun da king<4><STEAM_1:0:1655898477><CT>" committed suicide with "world"
L 12/25/2019 - 10:04:47: World triggered "Round_Draw" (CT "0") (T "0")
L 12/25/2019 - 10:04:47: World triggered "Round_End"
L 12/25/2019 - 10:04:47: "fun da king<4><STEAM_1:0:1655898477><CT>" joined team "TERRORIST"
L 12/25/2019 - 10:04:48: "mohemed<7><STEAM_2:0:343338069><>" entered the game
L 12/25/2019 - 10:04:52: "fun da king<4><STEAM_1:0:1655898477><TERRORIST>" triggered "Spawned_With_The_Bomb"
L 12/25/2019 - 10:04:53: World triggered "Round_Start"
L 12/25/2019 - 10:04:56: "mohemed<7><STEAM_2:0:343338069><>" joined team "CT"
L 12/25/2019 - 10:04:57: World triggered "Game_Commencing"
L 12/25/2019 - 10:04:57: World triggered "Game_Commencing" (CT "0") (T "0")
L 12/25/2019 - 10:04:57: World triggered "Round_End"
L 12/25/2019 - 10:04:59: [REUNION]: Player-Fatal (85.217.233.184) authorized as RevEmu
L 12/25/2019 - 10:04:59: "Player-Fatal<8><STEAM_1:1:407977153><>" connected, address "85.217.233.184:27005"
L 12/25/2019 - 10:05:00: "fun da king<4><STEAM_1:0:1655898477><TERRORIST>" triggered "Spawned_With_The_Bomb"
L 12/25/2019 - 10:05:01: [REUNION]: Player-Fatal (85.217.233.184) authorized as RevEmu
L 12/25/2019 - 10:05:01: "Player-Fatal<9><STEAM_1:1:407977153><>" connected, address "85.217.233.184:27005"
L 12/25/2019 - 10:05:01: World triggered "Round_Start"
L 12/25/2019 - 10:05:06: "Player-Fatal<9><STEAM_1:1:407977153><>" entered the game
L 12/25/2019 - 10:05:08: "Player-Fatal<9><STEAM_1:1:407977153><>" joined team "CT"
L 12/25/2019 - 10:05:13: [REUNION]: Cui :| (46.40.60.231) authorized as RevEmu
L 12/25/2019 - 10:05:13: "Cui :|<10><STEAM_1:1:1141231493><>" connected, address "46.40.60.231:27005"
L 12/25/2019 - 10:05:21: "Cui :|<10><STEAM_1:1:1141231493><>" entered the game
L 12/25/2019 - 10:05:24: "Cui :|<10><STEAM_1:1:1141231493><>" joined team "TERRORIST"
L 12/25/2019 - 10:05:35: "fun da king<4><STEAM_1:0:1655898477><TERRORIST>" killed "mohemed<7><STEAM_2:0:343338069><CT>" with "m3"
L 12/25/2019 - 10:05:47: "fun da king<4><STEAM_1:0:1655898477><TERRORIST>" killed "Player-Fatal<9><STEAM_1:1:407977153><CT>" with "m3"
L 12/25/2019 - 10:05:47: Team "TERRORIST" triggered "Terrorists_Win" (CT "0") (T "1")
L 12/25/2019 - 10:05:47: World triggered "Round_End"
L 12/25/2019 - 10:05:49: "mohemed<7><STEAM_2:0:343338069><CT>" joined team "TERRORIST"
L 12/25/2019 - 10:05:52: "mohemed<7><STEAM_2:0:343338069><TERRORIST>" triggered "Spawned_With_The_Bomb"
L 12/25/2019 - 10:05:53: World triggered "Round_Start"
L 12/25/2019 - 10:06:07: "mohemed<7><STEAM_2:0:343338069><TERRORIST>" committed suicide with "world"
L 12/25/2019 - 10:06:07: "mohemed<7><STEAM_2:0:343338069><TERRORIST>" triggered "Dropped_The_Bomb"
L 12/25/2019 - 10:06:07: "mohemed<7><STEAM_2:0:343338069><TERRORIST>" joined team "CT"
L 12/25/2019 - 10:06:08: "Player-Fatal<9><STEAM_1:1:407977153><CT>" killed "Cui :|<10><STEAM_1:1:1141231493><TERRORIST>" with "famas"
L 12/25/2019 - 10:06:32: "mohemed<7><STEAM_2:0:343338069><CT>" disconnected
L 12/25/2019 - 10:07:15: "fun da king<4><STEAM_1:0:1655898477><TERRORIST>" killed "Player-Fatal<9><STEAM_1:1:407977153><CT>" with "knife"
L 12/25/2019 - 10:07:15: Team "TERRORIST" triggered "Terrorists_Win" (CT "0") (T "2")
L 12/25/2019 - 10:07:15: World triggered "Round_End"
L 12/25/2019 - 10:07:20: "fun da king<4><STEAM_1:0:1655898477><TERRORIST>" triggered "Spawned_With_The_Bomb"
L 12/25/2019 - 10:07:21: "Player-Fatal<9><STEAM_1:1:407977153><CT>" committed suicide with "world"
L 12/25/2019 - 10:07:21: "Player-Fatal<9><STEAM_1:1:407977153><CT>" joined team "TERRORIST"
L 12/25/2019 - 10:07:21: World triggered "Round_Start"
L 12/25/2019 - 10:07:26: "Cui :|<10><STEAM_1:1:1141231493><TERRORIST>" disconnected
L 12/25/2019 - 10:08:00: "Player-Fatal<9><STEAM_1:1:407977153><TERRORIST>" disconnected
L 12/25/2019 - 10:09:28: "fun da king<4><STEAM_1:0:1655898477><TERRORIST>" triggered "Planted_The_Bomb"
L 12/25/2019 - 10:10:03: Team "TERRORIST" triggered "Target_Bombed" (CT "0") (T "2")
L 12/25/2019 - 10:10:03: World triggered "Round_End"
L 12/25/2019 - 10:10:08: "fun da king<4><STEAM_1:0:1655898477><TERRORIST>" triggered "Spawned_With_The_Bomb"
L 12/25/2019 - 10:10:09: World triggered "Round_Start"
L 12/25/2019 - 10:11:40: "fun da king<4><STEAM_1:0:1655898477><TERRORIST>" disconnected
L 12/25/2019 - 10:11:40: World triggered "Round_Draw" (CT "0") (T "2")
L 12/25/2019 - 10:11:40: World triggered "Round_End"
L 12/25/2019 - 10:11:46: World triggered "Round_Start"
L 12/25/2019 - 10:14:04: Team "CT" triggered "Target_Saved" (CT "0") (T "2")
L 12/25/2019 - 10:14:04: World triggered "Round_End"
L 12/25/2019 - 10:14:10: World triggered "Round_Start"
L 12/25/2019 - 10:16:28: Team "CT" triggered "Target_Saved" (CT "0") (T "2")
L 12/25/2019 - 10:16:28: World triggered "Round_End"
L 12/25/2019 - 10:16:34: World triggered "Round_Start"
L 12/25/2019 - 10:18:52: Team "CT" triggered "Target_Saved" (CT "0") (T "2")
L 12/25/2019 - 10:18:52: World triggered "Round_End"
L 12/25/2019 - 10:18:58: World triggered "Round_Start"
L 12/25/2019 - 10:21:16: Team "CT" triggered "Target_Saved" (CT "0") (T "2")
L 12/25/2019 - 10:21:16: World triggered "Round_End"
L 12/25/2019 - 10:21:22: World triggered "Round_Start"
L 12/25/2019 - 10:23:40: Team "CT" triggered "Target_Saved" (CT "0") (T "2")
L 12/25/2019 - 10:23:40: World triggered "Round_End"
L 12/25/2019 - 10:23:46: World triggered "Round_Start"
L 12/25/2019 - 10:25:00: Server cvar "mp_chattime" = "12.000000"
L 12/25/2019 - 10:25:00: Server cvar "amx_nextmap" = "awesome_cars2"
L 12/25/2019 - 10:25:00: Team "CT" scored "0" with "0" players
L 12/25/2019 - 10:25:00: Team "TERRORIST" scored "2" with "0" players
L 12/25/2019 - 10:25:10: Server cvar "mp_chattime" = "10.000000"
L 12/25/2019 - 10:25:10: [META] ini: Begin re-reading plugins list: /home/rented/public9/cstrike/addons/metamod/plugins.ini
L 12/25/2019 - 10:25:10: [META] ini: Read plugin config for: SafeNameAndChat
L 12/25/2019 - 10:25:10: [META] ini: Read plugin config for: AMX Mod X
L 12/25/2019 - 10:25:10: [META] ini: Read plugin config for: Reunion
L 12/25/2019 - 10:25:10: [META] ini: Read plugin config for: ReAuthCheck
L 12/25/2019 - 10:25:10: [META] ini: Read plugin config for: WHBlocker
L 12/25/2019 - 10:25:10: [META] ini: Read plugin config for: ReSemiclip
L 12/25/2019 - 10:25:10: [META] ini: Read plugin config for: Revoice
L 12/25/2019 - 10:25:10: [META] ini: Finished reading plugins list: /home/rented/public9/cstrike/addons/metamod/plugins.ini; Found 7 plugins
L 12/25/2019 - 10:25:10: [META] dll: Updating plugins...
L 12/25/2019 - 10:25:10: [META] WARNING: Cannot clear plugin 'SafeNameAndChat'; not marked as failed, empty, or open (status=valid)
L 12/25/2019 - 10:25:10: [META] dll: Unloaded plugin 'SafeNameAndChat' for reason 'file on disk is newer'
L 12/25/2019 - 10:25:10: [META] dll: Loaded plugin 'SafeNameAndChat': SafeNameAndChat v1.1 2017.02.01, WPMG.PRoSToC0der
L 12/25/2019 - 10:25:10: [META] WARNING: Cannot clear plugin 'WHBlocker'; not marked as failed, empty, or open (status=valid)
L 12/25/2019 - 10:25:10: [META] dll: Unloaded plugin 'WHBlocker' for reason 'file on disk is newer'
L 12/25/2019 - 10:25:10: [META] dll: Loaded plugin 'WHBlocker': WHBlocker v1.5.692 2017-04-13, s1lent
L 12/25/2019 - 10:25:10: [META] WARNING: Cannot clear plugin 'ReSemiclip'; not marked as failed, empty, or open (status=valid)
L 12/25/2019 - 10:25:10: [META] dll: Unloaded plugin 'ReSemiclip' for reason 'file on disk is newer'
L 12/25/2019 - 10:25:10: [META] dll: Loaded plugin 'ReSemiclip': ReSemiclip v2.3.9 13/02/17, s1lent & Adidasman
L 12/25/2019 - 10:25:10: [META] dll: Finished updating 14 plugins; kept 0, loaded 0, unloaded 0, reloaded 3, delayed 0
L 12/25/2019 - 10:25:10: Log file closed
