L 12/29/2019 - 20:58:40: Log file started (file "logs/L1229077.log") (game "cstrike") (version "48/1.1.2.7/Stdio/1621")
L 12/29/2019 - 20:58:40: Loading map "4_houses"
L 12/29/2019 - 20:58:40: Server cvars start
L 12/29/2019 - 20:58:40: Server cvar "@BunnyHopper" = "3.x"
L 12/29/2019 - 20:58:40: Server cvar "@CRXGoSpec" = "1.1"
L 12/29/2019 - 20:58:40: Server cvar "@CRXRemoveImmunity" = "1.0"
L 12/29/2019 - 20:58:40: Server cvar "@D.I.C.E." = "1.1"
L 12/29/2019 - 20:58:40: Server cvar "@MOTDCommands" = "1.2"
L 12/29/2019 - 20:58:40: Server cvar "advanced_quake_sounds" = "5.0"
L 12/29/2019 - 20:58:40: Server cvar "AdvancedMute" = "1.0"
L 12/29/2019 - 20:58:40: Server cvar "aesp_version" = "1.3"
L 12/29/2019 - 20:58:40: Server cvar "allow_spectators" = "1.0"
L 12/29/2019 - 20:58:40: Server cvar "amx_client_languages" = "1"
L 12/29/2019 - 20:58:40: Server cvar "amx_language" = "en"
L 12/29/2019 - 20:58:40: Server cvar "amx_nextmap" = "4_houses"
L 12/29/2019 - 20:58:40: Server cvar "amx_ptb_version" = "1.8b3"
L 12/29/2019 - 20:58:40: Server cvar "amx_timeleft" = "00:00"
L 12/29/2019 - 20:58:40: Server cvar "amxmodx_version" = "1.8.2"
L 12/29/2019 - 20:58:40: Server cvar "amxxbg_vip" = "1.0"
L 12/29/2019 - 20:58:40: Server cvar "asp_version" = "4.5.1"
L 12/29/2019 - 20:58:40: Server cvar "atac_version" = "3.0.1"
L 12/29/2019 - 20:58:40: Server cvar "badcamper_version" = "1.4 beta"
L 12/29/2019 - 20:58:40: Server cvar "blockmaker" = "4.01"
L 12/29/2019 - 20:58:40: Server cvar "c4 timer" = "1.1"
L 12/29/2019 - 20:58:40: Server cvar "coop" = "0"
L 12/29/2019 - 20:58:40: Server cvar "CRXAdminGroups" = "1.0"
L 12/29/2019 - 20:58:40: Server cvar "CRXCommandRestrictions" = "1.0"
L 12/29/2019 - 20:58:40: Server cvar "CRXFastKnife" = "1.0"
L 12/29/2019 - 20:58:40: Server cvar "CRXGametracker" = "2.0"
L 12/29/2019 - 20:58:40: Server cvar "CRXKnifeModels" = "2.5.7"
L 12/29/2019 - 20:58:40: Server cvar "CRXTeamAdvantage" = "1.0"
L 12/29/2019 - 20:58:40: Server cvar "CustomShop" = "4.2"
L 12/29/2019 - 20:58:40: Server cvar "deathmatch" = "1"
L 12/29/2019 - 20:58:40: Server cvar "decalfrequency" = "0"
L 12/29/2019 - 20:58:40: Server cvar "edgefriction" = "2"
L 12/29/2019 - 20:58:40: Server cvar "ers_version" = "2.3c"
L 12/29/2019 - 20:58:40: Server cvar "gagsystem_shoko" = "1.0"
L 12/29/2019 - 20:58:40: Server cvar "gal_mapcyclefile" = "mapcycle.txt"
L 12/29/2019 - 20:58:40: Server cvar "gal_version" = "v5.9.1-926"
L 12/29/2019 - 20:58:40: Server cvar "game_version" = "5.7.0.313-dev"
L 12/29/2019 - 20:58:40: Server cvar "humans_join_team" = "any"
L 12/29/2019 - 20:58:40: Server cvar "jtp10181" = "chute,gore"
L 12/29/2019 - 20:58:40: Server cvar "lawliet" = "ny_RainingSnow"
L 12/29/2019 - 20:58:40: Server cvar "LetitSnow" = "1.0"
L 12/29/2019 - 20:58:40: Server cvar "map_spawns" = "T(16) CT(16)"
L 12/29/2019 - 20:58:40: Server cvar "max_queries_sec" = "3"
L 12/29/2019 - 20:58:40: Server cvar "max_queries_sec_global" = "150"
L 12/29/2019 - 20:58:40: Server cvar "max_queries_window" = "60"
L 12/29/2019 - 20:58:40: Server cvar "mdbBans" = "4.8"
L 12/29/2019 - 20:58:40: Server cvar "metamod_version" = "1.21p37"
L 12/29/2019 - 20:58:40: Server cvar "mp_autokick" = "0"
L 12/29/2019 - 20:58:40: Server cvar "mp_autokick_timeout" = "-1"
L 12/29/2019 - 20:58:40: Server cvar "mp_autoteambalance" = "0"
L 12/29/2019 - 20:58:40: Server cvar "mp_buytime" = "0.25"
L 12/29/2019 - 20:58:40: Server cvar "mp_c4timer" = "35"
L 12/29/2019 - 20:58:40: Server cvar "mp_chattime" = "10.000000"
L 12/29/2019 - 20:58:40: Server cvar "mp_consistency" = "1"
L 12/29/2019 - 20:58:40: Server cvar "mp_fadetoblack" = "0"
L 12/29/2019 - 20:58:40: Server cvar "mp_flashlight" = "1"
L 12/29/2019 - 20:58:40: Server cvar "mp_footsteps" = "1"
L 12/29/2019 - 20:58:40: Server cvar "mp_forcecamera" = "0"
L 12/29/2019 - 20:58:40: Server cvar "mp_forcechasecam" = "0"
L 12/29/2019 - 20:58:40: Server cvar "mp_forcerespawn" = "0"
L 12/29/2019 - 20:58:40: Server cvar "mp_fraglimit" = "0"
L 12/29/2019 - 20:58:40: Server cvar "mp_fragsleft" = "0"
L 12/29/2019 - 20:58:40: Server cvar "mp_freeforall" = "0"
L 12/29/2019 - 20:58:40: Server cvar "mp_freezetime" = "1"
L 12/29/2019 - 20:58:40: Server cvar "mp_friendlyfire" = "0"
L 12/29/2019 - 20:58:40: Server cvar "mp_hostage_hurtable" = "1"
L 12/29/2019 - 20:58:40: Server cvar "mp_hostagepenalty" = "0"
L 12/29/2019 - 20:58:40: Server cvar "mp_item_staytime" = "300"
L 12/29/2019 - 20:58:40: Server cvar "mp_kickpercent" = "0.66"
L 12/29/2019 - 20:58:40: Server cvar "mp_legacy_bombtarget_touch" = "1"
L 12/29/2019 - 20:58:40: Server cvar "mp_limitteams" = "0"
L 12/29/2019 - 20:58:40: Server cvar "mp_logdetail" = "0"
L 12/29/2019 - 20:58:40: Server cvar "mp_logfile" = "1"
L 12/29/2019 - 20:58:40: Server cvar "mp_logmessages" = "1"
L 12/29/2019 - 20:58:40: Server cvar "mp_mapvoteratio" = "0.66"
L 12/29/2019 - 20:58:40: Server cvar "mp_maxmoney" = "999999"
L 12/29/2019 - 20:58:40: Server cvar "mp_maxrounds" = "0"
L 12/29/2019 - 20:58:40: Server cvar "mp_mirrordamage" = "0"
L 12/29/2019 - 20:58:40: Server cvar "mp_old_bomb_defused_sound" = "1"
L 12/29/2019 - 20:58:40: Server cvar "mp_playerid" = "0"
L 12/29/2019 - 20:58:40: Server cvar "mp_respawn_immunitytime" = "0"
L 12/29/2019 - 20:58:40: Server cvar "mp_round_infinite" = "0"
L 12/29/2019 - 20:58:40: Server cvar "mp_round_restart_delay" = "5"
L 12/29/2019 - 20:58:40: Server cvar "mp_roundover" = "0"
L 12/29/2019 - 20:58:40: Server cvar "mp_roundtime" = "2.3"
L 12/29/2019 - 20:58:40: Server cvar "mp_show_radioicon" = "1"
L 12/29/2019 - 20:58:40: Server cvar "mp_startmoney" = "850"
L 12/29/2019 - 20:58:40: Server cvar "mp_timeleft" = "00:00"
L 12/29/2019 - 20:58:40: Server cvar "mp_timelimit" = "20.000000"
L 12/29/2019 - 20:58:40: Server cvar "mp_tkpunish" = "0"
L 12/29/2019 - 20:58:40: Server cvar "mp_windifference" = "1"
L 12/29/2019 - 20:58:40: Server cvar "mp_winlimit" = "0"
L 12/29/2019 - 20:58:40: Server cvar "NoWeaponsOnGround" = "1.0"
L 12/29/2019 - 20:58:40: Server cvar "pausable" = "0"
L 12/29/2019 - 20:58:40: Server cvar "present_version" = "2.01"
L 12/29/2019 - 20:58:40: Server cvar "RandomHP" = "2.2"
L 12/29/2019 - 20:58:40: Server cvar "reauthcheck_version" = "0.1.6"
L 12/29/2019 - 20:58:40: Server cvar "reconnect_features" = "0.3.1"
L 12/29/2019 - 20:58:40: Server cvar "report_system_version" = "3.1"
L 12/29/2019 - 20:58:40: Server cvar "resemiclip_version" = "2.3.9"
L 12/29/2019 - 20:58:40: Server cvar "reu_version" = "0.1.0.130"
L 12/29/2019 - 20:58:40: Server cvar "revoice_version" = "0.1.0.30"
L 12/29/2019 - 20:58:40: Server cvar "RRWM" = "2.0"
L 12/29/2019 - 20:58:40: Server cvar "sanksounds_version" = "1.8.6"
L 12/29/2019 - 20:58:40: Server cvar "SimpleMenu" = "1.1"
L 12/29/2019 - 20:58:40: Server cvar "SNAC_Version" = "1.1"
L 12/29/2019 - 20:58:40: Server cvar "SpecList" = "1.2a"
L 12/29/2019 - 20:58:40: Server cvar "sr_version" = "1.6"
L 12/29/2019 - 20:58:40: Server cvar "statsx_shell_ver" = "2.0.0 (BETA)"
L 12/29/2019 - 20:58:40: Server cvar "StyleC4Timer" = "2.1"
L 12/29/2019 - 20:58:40: Server cvar "sv_accelerate" = "5"
L 12/29/2019 - 20:58:40: Server cvar "sv_aim" = "1"
L 12/29/2019 - 20:58:40: Server cvar "sv_airaccelerate" = "100"
L 12/29/2019 - 20:58:40: Server cvar "sv_allowupload" = "1"
L 12/29/2019 - 20:58:40: Server cvar "sv_alltalk" = "1"
L 12/29/2019 - 20:58:40: Server cvar "sv_bounce" = "1"
L 12/29/2019 - 20:58:40: Server cvar "sv_cheats" = "0"
L 12/29/2019 - 20:58:40: Server cvar "sv_clienttrace" = "1"
L 12/29/2019 - 20:58:40: Server cvar "sv_contact" = "feruchio599@gmail.com"
L 12/29/2019 - 20:58:40: Server cvar "sv_friction" = "4"
L 12/29/2019 - 20:58:40: Server cvar "sv_gravity" = "800"
L 12/29/2019 - 20:58:40: Server cvar "sv_logblocks" = "0"
L 12/29/2019 - 20:58:40: Server cvar "sv_maxrate" = "50000"
L 12/29/2019 - 20:58:40: Server cvar "sv_maxspeed" = "900.000000"
L 12/29/2019 - 20:58:40: Server cvar "sv_minrate" = "10000"
L 12/29/2019 - 20:58:40: Server cvar "sv_password" = ""
L 12/29/2019 - 20:58:40: Server cvar "sv_proxies" = "1"
L 12/29/2019 - 20:58:40: Server cvar "sv_restart" = "0"
L 12/29/2019 - 20:58:40: Server cvar "sv_restartround" = "0"
L 12/29/2019 - 20:58:40: Server cvar "sv_stepsize" = "18"
L 12/29/2019 - 20:58:40: Server cvar "sv_stopspeed" = "75"
L 12/29/2019 - 20:58:40: Server cvar "sv_uploadmax" = "0.5"
L 12/29/2019 - 20:58:40: Server cvar "sv_version" = "1.1.2.7/Stdio,48,1621"
L 12/29/2019 - 20:58:40: Server cvar "sv_voiceenable" = "1"
L 12/29/2019 - 20:58:40: Server cvar "sv_wateraccelerate" = "10"
L 12/29/2019 - 20:58:40: Server cvar "sv_waterfriction" = "1"
L 12/29/2019 - 20:58:40: Server cvar "Team_Semiclip_version" = "3.3.1"
L 12/29/2019 - 20:58:40: Server cvar "vehicle_real_killer" = "1.1"
L 12/29/2019 - 20:58:40: Server cvar "WalkGuard" = "1.3.2"
L 12/29/2019 - 20:58:40: Server cvar "we_grenades" = "Huehue"
L 12/29/2019 - 20:58:40: Server cvar "we_player_models" = "Huehue"
L 12/29/2019 - 20:58:40: Server cvar "whb_version" = "1.5.692"
L 12/29/2019 - 20:58:40: Server cvar "zp_jp_version" = "Extra Item Jetpack+Bazooka v3.2"
L 12/29/2019 - 20:58:40: Server cvars end
L 12/29/2019 - 20:58:43: Server cvar "sv_maxspeed" = "900"
L 12/29/2019 - 20:58:43: Server cvar "mp_autoteambalance" = "1"
L 12/29/2019 - 20:58:43: Server cvar "mp_timelimit" = "20"
L 12/29/2019 - 20:58:43: Server cvar "mp_autoteambalance" = "0"
L 12/29/2019 - 20:58:43: Server cvar "amx_nextmap" = "[not yet voted on]"
L 12/29/2019 - 20:58:45: Started map "4_houses" (CRC "451486053")
L 12/29/2019 - 20:58:47: World triggered "Round_Start"
L 12/29/2019 - 20:58:48: "Maverick<68><STEAM_0:0:37264973><>" entered the game
L 12/29/2019 - 20:58:48: "Mr.Skeleton<62><VALVE_ID_LAN><>" entered the game
L 12/29/2019 - 20:58:48: "jesse_pinkman<73><STEAM_0:1:526796648><>" entered the game
L 12/29/2019 - 20:58:48: [REUNION]: Dimitrow (151.237.37.245) authorized as NoSteam47
L 12/29/2019 - 20:58:48: "Dimitrow<93><VALVE_ID_LAN><>" connected, address "151.237.37.245:27005"
L 12/29/2019 - 20:58:49: "cepam ds<94><STEAM_0:1:22162369><>" connected, address "46.17.121.200:27005"
L 12/29/2019 - 20:58:49: "/// M5<82><STEAM_1:0:603964278><>" entered the game
L 12/29/2019 - 20:58:49: "cepam ds<94><STEAM_0:1:22162369><>" STEAM USERID validated
L 12/29/2019 - 20:58:49: "BAD BOY<81><STEAM_1:0:681183515><>" entered the game
L 12/29/2019 - 20:58:49: "W.T.F|NeaDekvaTen<58><STEAM_2:1:24722080><>" entered the game
L 12/29/2019 - 20:58:50: "Mr.Skeleton<62><VALVE_ID_LAN><>" joined team "TERRORIST"
L 12/29/2019 - 20:58:50: "mlaDIIIuu 6paT<95><STEAM_0:1:215402100><>" connected, address "94.232.74.26:27005"
L 12/29/2019 - 20:58:50: [REUNION]: DethPierce (103.39.83.22) authorized as RevEmu
L 12/29/2019 - 20:58:50: "DethPierce<96><STEAM_1:0:343162879><>" connected, address "103.39.83.22:27005"
L 12/29/2019 - 20:58:50: "mlaDIIIuu 6paT<95><STEAM_0:1:215402100><>" STEAM USERID validated
L 12/29/2019 - 20:58:51: "funny<89><STEAM_0:1:108592592><>" entered the game
L 12/29/2019 - 20:58:51: "why i need a name?<88><STEAM_0:1:243975700><>" entered the game
L 12/29/2019 - 20:58:51: "i FAK with KateIRONk<85><STEAM_0:1:176532502><>" entered the game
L 12/29/2019 - 20:58:53: "BAD BOY<81><STEAM_1:0:681183515><>" joined team "CT"
L 12/29/2019 - 20:58:53: "/// M5<82><STEAM_1:0:603964278><>" joined team "CT"
L 12/29/2019 - 20:58:53: World triggered "Game_Commencing"
L 12/29/2019 - 20:58:53: World triggered "Game_Commencing" (CT "0") (T "0")
L 12/29/2019 - 20:58:53: World triggered "Round_End"
L 12/29/2019 - 20:58:53: "cepam ds<94><STEAM_0:1:22162369><>" entered the game
L 12/29/2019 - 20:58:53: "W.T.F|NeaDekvaTen<58><STEAM_2:1:24722080><>" joined team "CT"
L 12/29/2019 - 20:58:54: "xXMr.ONurXx_YT<71><STEAM_0:0:526678195><>" entered the game
L 12/29/2019 - 20:58:54: [REUNION]: henry :V PERU (181.64.36.251) authorized as RevEmu
L 12/29/2019 - 20:58:54: "henry :V PERU<97><STEAM_2:1:1570225391><>" connected, address "181.64.36.251:13318"
L 12/29/2019 - 20:58:55: "mlaDIIIuu 6paT<95><STEAM_0:1:215402100><>" entered the game
L 12/29/2019 - 20:58:55: "funny<89><STEAM_0:1:108592592><>" joined team "TERRORIST"
L 12/29/2019 - 20:58:55: [REUNION]: Tacuaaa (186.50.4.52) authorized as RevEmu
L 12/29/2019 - 20:58:55: "Tacuaaa<98><STEAM_1:0:527709563><>" connected, address "186.50.4.52:27005"
L 12/29/2019 - 20:58:55: "i FAK with KateIRONk<85><STEAM_0:1:176532502><>" joined team "TERRORIST"
L 12/29/2019 - 20:58:55: "Dimitrow<93><VALVE_ID_LAN><>" entered the game
L 12/29/2019 - 20:58:56: "cepam ds<94><STEAM_0:1:22162369><>" joined team "CT"
L 12/29/2019 - 20:58:56: "why i need a name?<88><STEAM_0:1:243975700><>" joined team "TERRORIST"
L 12/29/2019 - 20:58:57: World triggered "Round_Start"
L 12/29/2019 - 20:58:57: "xXMr.ONurXx_YT<71><STEAM_0:0:526678195><>" joined team "TERRORIST"
L 12/29/2019 - 20:59:00: "Maverick<68><STEAM_0:0:37264973><>" joined team "CT"
L 12/29/2019 - 20:59:01: "Dimitrow<93><VALVE_ID_LAN><>" joined team "TERRORIST"
L 12/29/2019 - 20:59:04: "henry :V PERU<97><STEAM_2:1:1570225391><>" entered the game
L 12/29/2019 - 20:59:06: "mlaDIIIuu 6paT<95><STEAM_0:1:215402100><>" joined team "TERRORIST"
L 12/29/2019 - 20:59:07: "Tacuaaa<98><STEAM_1:0:527709563><>" entered the game
L 12/29/2019 - 20:59:10: "BAD BOY<81><STEAM_1:0:681183515><CT>" killed "i FAK with KateIRONk<85><STEAM_0:1:176532502><TERRORIST>" with "deagle"
L 12/29/2019 - 20:59:10: "Tacuaaa<98><STEAM_1:0:527709563><>" joined team "CT"
L 12/29/2019 - 20:59:11: "Maverick<68><STEAM_0:0:37264973><CT>" killed "funny<89><STEAM_0:1:108592592><TERRORIST>" with "usp"
L 12/29/2019 - 20:59:11: "henry :V PERU<97><STEAM_2:1:1570225391><>" joined team "TERRORIST"
L 12/29/2019 - 20:59:12: "Mr.Skeleton<62><VALVE_ID_LAN><TERRORIST>" killed "Maverick<68><STEAM_0:0:37264973><CT>" with "usp"
L 12/29/2019 - 20:59:13: "W.T.F|NeaDekvaTen<58><STEAM_2:1:24722080><CT>" killed "why i need a name?<88><STEAM_0:1:243975700><TERRORIST>" with "usp"
L 12/29/2019 - 20:59:14: "/// M5<82><STEAM_1:0:603964278><CT>" killed "Dimitrow<93><VALVE_ID_LAN><TERRORIST>" with "usp"
L 12/29/2019 - 20:59:15: "henry :V PERU<97><STEAM_2:1:1570225391><TERRORIST>" killed "BAD BOY<81><STEAM_1:0:681183515><CT>" with "glock18"
L 12/29/2019 - 20:59:16: "mlaDIIIuu 6paT<95><STEAM_0:1:215402100><TERRORIST>" killed "/// M5<82><STEAM_1:0:603964278><CT>" with "glock18"
L 12/29/2019 - 20:59:18: "W.T.F|NeaDekvaTen<58><STEAM_2:1:24722080><CT>" killed "xXMr.ONurXx_YT<71><STEAM_0:0:526678195><TERRORIST>" with "usp"
L 12/29/2019 - 20:59:20: "cepam ds<94><STEAM_0:1:22162369><CT>" killed "henry :V PERU<97><STEAM_2:1:1570225391><TERRORIST>" with "deagle"
L 12/29/2019 - 20:59:21: "jesse_pinkman<73><STEAM_0:1:526796648><>" joined team "CT"
L 12/29/2019 - 20:59:28: "Mr.Skeleton<62><VALVE_ID_LAN><TERRORIST>" killed "cepam ds<94><STEAM_0:1:22162369><CT>" with "usp"
L 12/29/2019 - 20:59:37: "mlaDIIIuu 6paT<95><STEAM_0:1:215402100><TERRORIST>" killed "W.T.F|NeaDekvaTen<58><STEAM_2:1:24722080><CT>" with "glock18"
L 12/29/2019 - 20:59:43: "Tacuaaa<98><STEAM_1:0:527709563><CT>" killed "mlaDIIIuu 6paT<95><STEAM_0:1:215402100><TERRORIST>" with "usp"
L 12/29/2019 - 20:59:53: "Mr.Skeleton<62><VALVE_ID_LAN><TERRORIST>" killed "Tacuaaa<98><STEAM_1:0:527709563><CT>" with "usp"
L 12/29/2019 - 20:59:53: Team "TERRORIST" triggered "Terrorists_Win" (CT "0") (T "1")
L 12/29/2019 - 20:59:53: World triggered "Round_End"
L 12/29/2019 - 20:59:59: World triggered "Round_Start"
L 12/29/2019 - 21:00:08: "henry :V PERU<97><STEAM_2:1:1570225391><TERRORIST>" killed "/// M5<82><STEAM_1:0:603964278><CT>" with "sg552"
L 12/29/2019 - 21:00:10: "BAD BOY<81><STEAM_1:0:681183515><CT>" killed "why i need a name?<88><STEAM_0:1:243975700><TERRORIST>" with "deagle"
L 12/29/2019 - 21:00:13: "xXMr.ONurXx_YT<71><STEAM_0:0:526678195><TERRORIST>" killed "Maverick<68><STEAM_0:0:37264973><CT>" with "ak47"
L 12/29/2019 - 21:00:17: "jesse_pinkman<73><STEAM_0:1:526796648><CT>" killed "i FAK with KateIRONk<85><STEAM_0:1:176532502><TERRORIST>" with "famas"
L 12/29/2019 - 21:00:18: "funny<89><STEAM_0:1:108592592><TERRORIST>" killed "cepam ds<94><STEAM_0:1:22162369><CT>" with "ak47"
L 12/29/2019 - 21:00:23: "henry :V PERU<97><STEAM_2:1:1570225391><TERRORIST>" killed "W.T.F|NeaDekvaTen<58><STEAM_2:1:24722080><CT>" with "sg552"
L 12/29/2019 - 21:00:24: "cepam ds<94><STEAM_0:1:22162369><CT>" disconnected
L 12/29/2019 - 21:00:28: "funny<89><STEAM_0:1:108592592><TERRORIST>" killed "jesse_pinkman<73><STEAM_0:1:526796648><CT>" with "ak47"
L 12/29/2019 - 21:00:28: "W.T.F|NeaDekvaTen<58><STEAM_2:1:24722080><CT>" say_team "weapon: sg552, ammo: 0/0, health: 1, armor: 0" (dead)
L 12/29/2019 - 21:00:29: "BAD BOY<81><STEAM_1:0:681183515><CT>" killed "Mr.Skeleton<62><VALVE_ID_LAN><TERRORIST>" with "deagle"
L 12/29/2019 - 21:00:43: "funny<89><STEAM_0:1:108592592><TERRORIST>" killed "BAD BOY<81><STEAM_1:0:681183515><CT>" with "ak47"
L 12/29/2019 - 21:00:45: "Tacuaaa<98><STEAM_1:0:527709563><CT>" killed "funny<89><STEAM_0:1:108592592><TERRORIST>" with "mp5navy"
L 12/29/2019 - 21:01:00: "Dimitrow<93><VALVE_ID_LAN><TERRORIST>" killed "Tacuaaa<98><STEAM_1:0:527709563><CT>" with "scout"
L 12/29/2019 - 21:01:00: Team "TERRORIST" triggered "Terrorists_Win" (CT "0") (T "2")
L 12/29/2019 - 21:01:00: World triggered "Round_End"
L 12/29/2019 - 21:01:05: "Mr.Skeleton<62><VALVE_ID_LAN><TERRORIST>" joined team "CT"
L 12/29/2019 - 21:01:05: "<><><>" triggered "amx_chat" (text "[PTB] Transfered Mr.Skeleton to CT")
L 12/29/2019 - 21:01:06: World triggered "Round_Start"
L 12/29/2019 - 21:01:07: "/// M5<82><STEAM_1:0:603964278><CT>" committed suicide with "world"
L 12/29/2019 - 21:01:07: "/// M5<82><STEAM_1:0:603964278><CT>" joined team "SPECTATOR"
L 12/29/2019 - 21:01:14: "funny<89><STEAM_0:1:108592592><TERRORIST>" killed "W.T.F|NeaDekvaTen<58><STEAM_2:1:24722080><CT>" with "ak47"
L 12/29/2019 - 21:01:18: "/// M5<82><STEAM_1:0:603964278><SPECTATOR>" joined team "CT"
L 12/29/2019 - 21:01:21: "BAD BOY<81><STEAM_1:0:681183515><CT>" killed "why i need a name?<88><STEAM_0:1:243975700><TERRORIST>" with "m4a1"
L 12/29/2019 - 21:01:22: "funny<89><STEAM_0:1:108592592><TERRORIST>" killed "Maverick<68><STEAM_0:0:37264973><CT>" with "ak47"
L 12/29/2019 - 21:01:22: "mlaDIIIuu 6paT<95><STEAM_0:1:215402100><TERRORIST>" killed "Mr.Skeleton<62><VALVE_ID_LAN><CT>" with "ak47"
L 12/29/2019 - 21:01:24: "jesse_pinkman<73><STEAM_0:1:526796648><CT>" killed "funny<89><STEAM_0:1:108592592><TERRORIST>" with "m4a1"
L 12/29/2019 - 21:01:32: "Dimitrow<93><VALVE_ID_LAN><TERRORIST>" killed "jesse_pinkman<73><STEAM_0:1:526796648><CT>" with "glock18"
L 12/29/2019 - 21:01:45: "xXMr.ONurXx_YT<71><STEAM_0:0:526678195><TERRORIST>" killed "BAD BOY<81><STEAM_1:0:681183515><CT>" with "ak47"
L 12/29/2019 - 21:01:49: "Tacuaaa<98><STEAM_1:0:527709563><CT>" killed "xXMr.ONurXx_YT<71><STEAM_0:0:526678195><TERRORIST>" with "grenade"
L 12/29/2019 - 21:02:02: "henry :V PERU<97><STEAM_2:1:1570225391><TERRORIST>" killed "Tacuaaa<98><STEAM_1:0:527709563><CT>" with "sg552"
L 12/29/2019 - 21:02:02: Team "TERRORIST" triggered "Terrorists_Win" (CT "0") (T "3")
L 12/29/2019 - 21:02:02: World triggered "Round_End"
L 12/29/2019 - 21:02:08: World triggered "Round_Start"
L 12/29/2019 - 21:02:15: "funny<89><STEAM_0:1:108592592><TERRORIST>" killed "Maverick<68><STEAM_0:0:37264973><CT>" with "ak47"
L 12/29/2019 - 21:02:21: "Tacuaaa<98><STEAM_1:0:527709563><CT>" killed "Dimitrow<93><VALVE_ID_LAN><TERRORIST>" with "knife"
L 12/29/2019 - 21:02:23: "/// M5<82><STEAM_1:0:603964278><CT>" killed "henry :V PERU<97><STEAM_2:1:1570225391><TERRORIST>" with "m4a1"
L 12/29/2019 - 21:02:25: "funny<89><STEAM_0:1:108592592><TERRORIST>" killed "/// M5<82><STEAM_1:0:603964278><CT>" with "ak47"
L 12/29/2019 - 21:02:25: "BAD BOY<81><STEAM_1:0:681183515><CT>" killed "xXMr.ONurXx_YT<71><STEAM_0:0:526678195><TERRORIST>" with "m4a1"
L 12/29/2019 - 21:02:29: "funny<89><STEAM_0:1:108592592><TERRORIST>" killed "jesse_pinkman<73><STEAM_0:1:526796648><CT>" with "ak47"
L 12/29/2019 - 21:02:36: "BAD BOY<81><STEAM_1:0:681183515><CT>" killed "mlaDIIIuu 6paT<95><STEAM_0:1:215402100><TERRORIST>" with "m4a1"
L 12/29/2019 - 21:02:43: "funny<89><STEAM_0:1:108592592><TERRORIST>" killed "BAD BOY<81><STEAM_1:0:681183515><CT>" with "ak47"
L 12/29/2019 - 21:02:51: "why i need a name?<88><STEAM_0:1:243975700><TERRORIST>" killed "Tacuaaa<98><STEAM_1:0:527709563><CT>" with "knife"
L 12/29/2019 - 21:03:04: "W.T.F|NeaDekvaTen<58><STEAM_2:1:24722080><CT>" committed suicide with "world"
L 12/29/2019 - 21:03:09: "Mr.Skeleton<62><VALVE_ID_LAN><CT>" killed "why i need a name?<88><STEAM_0:1:243975700><TERRORIST>" with "grenade"
L 12/29/2019 - 21:03:13: "W.T.F|NeaDekvaTen<58><STEAM_2:1:24722080><CT>" joined team "CT"
L 12/29/2019 - 21:03:20: [REUNION]: ella (46.10.27.121) authorized as RevEmu
L 12/29/2019 - 21:03:20: "ella<99><STEAM_1:1:475092139><>" connected, address "46.10.27.121:27005"
L 12/29/2019 - 21:03:34: "henry :V PERU<97><STEAM_2:1:1570225391><TERRORIST>" disconnected
L 12/29/2019 - 21:03:39: "ella<99><STEAM_1:1:475092139><>" entered the game
L 12/29/2019 - 21:03:40: "funny<89><STEAM_0:1:108592592><TERRORIST>" killed "Mr.Skeleton<62><VALVE_ID_LAN><CT>" with "ak47"
L 12/29/2019 - 21:03:40: Team "TERRORIST" triggered "Terrorists_Win" (CT "0") (T "4")
L 12/29/2019 - 21:03:40: World triggered "Round_End"
L 12/29/2019 - 21:03:44: "ella<99><STEAM_1:1:475092139><>" joined team "CT"
L 12/29/2019 - 21:03:46: World triggered "Round_Start"
L 12/29/2019 - 21:03:58: "jesse_pinkman<73><STEAM_0:1:526796648><CT>" killed "xXMr.ONurXx_YT<71><STEAM_0:0:526678195><TERRORIST>" with "scout"
L 12/29/2019 - 21:03:58: "funny<89><STEAM_0:1:108592592><TERRORIST>" killed "Tacuaaa<98><STEAM_1:0:527709563><CT>" with "knife"
L 12/29/2019 - 21:04:01: "funny<89><STEAM_0:1:108592592><TERRORIST>" killed "jesse_pinkman<73><STEAM_0:1:526796648><CT>" with "knife"
L 12/29/2019 - 21:04:01: "BAD BOY<81><STEAM_1:0:681183515><CT>" killed "i FAK with KateIRONk<85><STEAM_0:1:176532502><TERRORIST>" with "scout"
L 12/29/2019 - 21:04:15: "funny<89><STEAM_0:1:108592592><TERRORIST>" killed "W.T.F|NeaDekvaTen<58><STEAM_2:1:24722080><CT>" with "knife"
L 12/29/2019 - 21:04:15: "/// M5<82><STEAM_1:0:603964278><CT>" killed "why i need a name?<88><STEAM_0:1:243975700><TERRORIST>" with "scout"
L 12/29/2019 - 21:04:18: "ella<99><STEAM_1:1:475092139><CT>" killed "funny<89><STEAM_0:1:108592592><TERRORIST>" with "elite"
L 12/29/2019 - 21:04:24: "/// M5<82><STEAM_1:0:603964278><CT>" killed "mlaDIIIuu 6paT<95><STEAM_0:1:215402100><TERRORIST>" with "scout"
L 12/29/2019 - 21:04:36: "Dimitrow<93><VALVE_ID_LAN><TERRORIST>" killed "Mr.Skeleton<62><VALVE_ID_LAN><CT>" with "elite"
L 12/29/2019 - 21:05:03: "/// M5<82><STEAM_1:0:603964278><CT>" killed "Dimitrow<93><VALVE_ID_LAN><TERRORIST>" with "elite"
L 12/29/2019 - 21:05:03: Team "CT" triggered "CTs_Win" (CT "1") (T "4")
L 12/29/2019 - 21:05:03: World triggered "Round_End"
L 12/29/2019 - 21:05:09: World triggered "Round_Start"
L 12/29/2019 - 21:05:15: "ella<99><STEAM_1:1:475092139><CT>" killed "Dimitrow<93><VALVE_ID_LAN><TERRORIST>" with "m4a1"
L 12/29/2019 - 21:05:17: "xXMr.ONurXx_YT<71><STEAM_0:0:526678195><TERRORIST>" killed "Mr.Skeleton<62><VALVE_ID_LAN><CT>" with "ak47"
L 12/29/2019 - 21:05:18: "funny<89><STEAM_0:1:108592592><TERRORIST>" killed "/// M5<82><STEAM_1:0:603964278><CT>" with "ak47"
L 12/29/2019 - 21:05:22: "BAD BOY<81><STEAM_1:0:681183515><CT>" killed "xXMr.ONurXx_YT<71><STEAM_0:0:526678195><TERRORIST>" with "awp"
L 12/29/2019 - 21:05:25: "ella<99><STEAM_1:1:475092139><CT>" killed "funny<89><STEAM_0:1:108592592><TERRORIST>" with "m4a1"
L 12/29/2019 - 21:05:27: "BAD BOY<81><STEAM_1:0:681183515><CT>" killed "why i need a name?<88><STEAM_0:1:243975700><TERRORIST>" with "awp"
L 12/29/2019 - 21:05:40: "jesse_pinkman<73><STEAM_0:1:526796648><CT>" killed "mlaDIIIuu 6paT<95><STEAM_0:1:215402100><TERRORIST>" with "grenade"
L 12/29/2019 - 21:05:55: "ella<99><STEAM_1:1:475092139><CT>" killed "i FAK with KateIRONk<85><STEAM_0:1:176532502><TERRORIST>" with "ak47"
L 12/29/2019 - 21:05:55: Team "CT" triggered "CTs_Win" (CT "2") (T "4")
L 12/29/2019 - 21:05:55: World triggered "Round_End"
L 12/29/2019 - 21:06:00: "BAD BOY<81><STEAM_1:0:681183515><CT>" joined team "TERRORIST"
L 12/29/2019 - 21:06:00: "<><><>" triggered "amx_chat" (text "[PTB] Transfered BAD BOY to TERRORIST")
L 12/29/2019 - 21:06:01: World triggered "Round_Start"
L 12/29/2019 - 21:06:06: "ella<99><STEAM_1:1:475092139><CT>" killed "funny<89><STEAM_0:1:108592592><TERRORIST>" with "ak47"
L 12/29/2019 - 21:06:09: "BAD BOY<81><STEAM_1:0:681183515><TERRORIST>" killed "Maverick<68><STEAM_0:0:37264973><CT>" with "awp"
L 12/29/2019 - 21:06:13: "BAD BOY<81><STEAM_1:0:681183515><TERRORIST>" killed "/// M5<82><STEAM_1:0:603964278><CT>" with "awp"
L 12/29/2019 - 21:06:15: "jesse_pinkman<73><STEAM_0:1:526796648><CT>" killed "mlaDIIIuu 6paT<95><STEAM_0:1:215402100><TERRORIST>" with "m4a1"
L 12/29/2019 - 21:06:16: "BAD BOY<81><STEAM_1:0:681183515><TERRORIST>" killed "Tacuaaa<98><STEAM_1:0:527709563><CT>" with "awp"
L 12/29/2019 - 21:06:20: [REUNION]: RUsnak (77.78.38.4) authorized as RevEmu
L 12/29/2019 - 21:06:20: "RUsnak<100><STEAM_2:0:1730561053><>" connected, address "77.78.38.4:27005"
L 12/29/2019 - 21:06:23: "xXMr.ONurXx_YT<71><STEAM_0:0:526678195><TERRORIST>" killed "jesse_pinkman<73><STEAM_0:1:526796648><CT>" with "ak47"
L 12/29/2019 - 21:06:26: "RUsnak<100><STEAM_2:0:1730561053><>" entered the game
L 12/29/2019 - 21:06:27: "W.T.F|NeaDekvaTen<58><STEAM_2:1:24722080><CT>" disconnected
L 12/29/2019 - 21:06:28: "RUsnak<100><STEAM_2:0:1730561053><>" joined team "CT"
L 12/29/2019 - 21:06:40: "Mr.Skeleton<62><VALVE_ID_LAN><CT>" killed "BAD BOY<81><STEAM_1:0:681183515><TERRORIST>" with "m4a1"
L 12/29/2019 - 21:06:43: "ella<99><STEAM_1:1:475092139><CT>" killed "i FAK with KateIRONk<85><STEAM_0:1:176532502><TERRORIST>" with "ak47"
L 12/29/2019 - 21:06:44: "xXMr.ONurXx_YT<71><STEAM_0:0:526678195><TERRORIST>" killed "Mr.Skeleton<62><VALVE_ID_LAN><CT>" with "ak47"
L 12/29/2019 - 21:06:47: "RUsnak<100><STEAM_2:0:1730561053><CT>" disconnected
L 12/29/2019 - 21:07:03: "ella<99><STEAM_1:1:475092139><CT>" killed "why i need a name?<88><STEAM_0:1:243975700><TERRORIST>" with "ak47"
L 12/29/2019 - 21:07:13: "xXMr.ONurXx_YT<71><STEAM_0:0:526678195><TERRORIST>" killed "ella<99><STEAM_1:1:475092139><CT>" with "ak47"
L 12/29/2019 - 21:07:13: Team "TERRORIST" triggered "Terrorists_Win" (CT "2") (T "5")
L 12/29/2019 - 21:07:13: World triggered "Round_End"
L 12/29/2019 - 21:07:18: "BAD BOY<81><STEAM_1:0:681183515><TERRORIST>" changed name to "LEOPARD"
L 12/29/2019 - 21:07:19: World triggered "Round_Start"
L 12/29/2019 - 21:07:30: "funny<89><STEAM_0:1:108592592><TERRORIST>" killed "jesse_pinkman<73><STEAM_0:1:526796648><CT>" with "ak47"
L 12/29/2019 - 21:07:30: "Dimitrow<93><VALVE_ID_LAN><TERRORIST>" killed "Maverick<68><STEAM_0:0:37264973><CT>" with "m4a1"
L 12/29/2019 - 21:07:33: "funny<89><STEAM_0:1:108592592><TERRORIST>" killed "Mr.Skeleton<62><VALVE_ID_LAN><CT>" with "ak47"
L 12/29/2019 - 21:07:37: "Dimitrow<93><VALVE_ID_LAN><TERRORIST>" killed "Tacuaaa<98><STEAM_1:0:527709563><CT>" with "m4a1"
L 12/29/2019 - 21:07:41: "ella<99><STEAM_1:1:475092139><CT>" killed "funny<89><STEAM_0:1:108592592><TERRORIST>" with "m4a1"
L 12/29/2019 - 21:07:46: "i FAK with KateIRONk<85><STEAM_0:1:176532502><TERRORIST>" killed "ella<99><STEAM_1:1:475092139><CT>" with "ak47"
L 12/29/2019 - 21:07:47: "why i need a name?<88><STEAM_0:1:243975700><TERRORIST>" committed suicide with "worldspawn" (world)
L 12/29/2019 - 21:08:06: Server cvar "amx_nextmap" = "awesome_cars"
L 12/29/2019 - 21:08:16: "LEOPARD<81><STEAM_1:0:681183515><TERRORIST>" killed "/// M5<82><STEAM_1:0:603964278><CT>" with "awp"
L 12/29/2019 - 21:08:16: Team "TERRORIST" triggered "Terrorists_Win" (CT "2") (T "6")
L 12/29/2019 - 21:08:16: World triggered "Round_End"
L 12/29/2019 - 21:08:22: World triggered "Round_Start"
L 12/29/2019 - 21:08:22: Server cvar "sv_maxspeed" = "0.000000"
L 12/29/2019 - 21:08:22: Server cvar "mp_friendlyfire" = "1"
L 12/29/2019 - 21:08:24: "/// M5<82><STEAM_1:0:603964278><CT>" killed "Maverick<68><STEAM_0:0:37264973><CT>" with "m4a1"
L 12/29/2019 - 21:08:26: "Dimitrow<93><VALVE_ID_LAN><TERRORIST>" committed suicide with "grenade"
L 12/29/2019 - 21:08:28: "why i need a name?<88><STEAM_0:1:243975700><TERRORIST>" killed "Mr.Skeleton<62><VALVE_ID_LAN><CT>" with "grenade"
L 12/29/2019 - 21:08:30: "LEOPARD<81><STEAM_1:0:681183515><TERRORIST>" killed "why i need a name?<88><STEAM_0:1:243975700><TERRORIST>" with "grenade"
L 12/29/2019 - 21:08:33: Server cvar "sv_maxspeed" = "900.000000"
L 12/29/2019 - 21:08:33: Server cvar "mp_friendlyfire" = "0"
L 12/29/2019 - 21:08:33: [META] ini: Begin re-reading plugins list: /home/rented/public9/cstrike/addons/metamod/plugins.ini
L 12/29/2019 - 21:08:33: [META] ini: Read plugin config for: SafeNameAndChat
L 12/29/2019 - 21:08:33: [META] ini: Read plugin config for: AMX Mod X
L 12/29/2019 - 21:08:33: [META] ini: Read plugin config for: Reunion
L 12/29/2019 - 21:08:33: [META] ini: Read plugin config for: ReAuthCheck
L 12/29/2019 - 21:08:33: [META] ini: Read plugin config for: WHBlocker
L 12/29/2019 - 21:08:33: [META] ini: Read plugin config for: ReSemiclip
L 12/29/2019 - 21:08:33: [META] ini: Read plugin config for: Revoice
L 12/29/2019 - 21:08:33: [META] ini: Finished reading plugins list: /home/rented/public9/cstrike/addons/metamod/plugins.ini; Found 7 plugins
L 12/29/2019 - 21:08:33: [META] dll: Updating plugins...
L 12/29/2019 - 21:08:33: [META] WARNING: Cannot clear plugin 'SafeNameAndChat'; not marked as failed, empty, or open (status=valid)
L 12/29/2019 - 21:08:33: [META] dll: Unloaded plugin 'SafeNameAndChat' for reason 'file on disk is newer'
L 12/29/2019 - 21:08:33: [META] dll: Loaded plugin 'SafeNameAndChat': SafeNameAndChat v1.1 2017.02.01, WPMG.PRoSToC0der
L 12/29/2019 - 21:08:33: [META] WARNING: Cannot clear plugin 'WHBlocker'; not marked as failed, empty, or open (status=valid)
L 12/29/2019 - 21:08:33: [META] dll: Unloaded plugin 'WHBlocker' for reason 'file on disk is newer'
L 12/29/2019 - 21:08:33: [META] dll: Loaded plugin 'WHBlocker': WHBlocker v1.5.692 2017-04-13, s1lent
L 12/29/2019 - 21:08:33: [META] WARNING: Cannot clear plugin 'ReSemiclip'; not marked as failed, empty, or open (status=valid)
L 12/29/2019 - 21:08:33: [META] dll: Unloaded plugin 'ReSemiclip' for reason 'file on disk is newer'
L 12/29/2019 - 21:08:33: [META] dll: Loaded plugin 'ReSemiclip': ReSemiclip v2.3.9 13/02/17, s1lent & Adidasman
L 12/29/2019 - 21:08:33: [META] dll: Finished updating 14 plugins; kept 0, loaded 0, unloaded 0, reloaded 3, delayed 0
L 12/29/2019 - 21:08:33: "ella<99><STEAM_1:1:475092139><CT>" disconnected
L 12/29/2019 - 21:08:33: "Mr.Skeleton<62><VALVE_ID_LAN><CT>" disconnected
L 12/29/2019 - 21:08:33: "jesse_pinkman<73><STEAM_0:1:526796648><CT>" disconnected
L 12/29/2019 - 21:08:33: "Tacuaaa<98><STEAM_1:0:527709563><CT>" disconnected
L 12/29/2019 - 21:08:33: "xXMr.ONurXx_YT<71><STEAM_0:0:526678195><TERRORIST>" disconnected
L 12/29/2019 - 21:08:33: "LEOPARD<81><STEAM_1:0:681183515><TERRORIST>" disconnected
L 12/29/2019 - 21:08:33: "Maverick<68><STEAM_0:0:37264973><CT>" disconnected
L 12/29/2019 - 21:08:33: "/// M5<82><STEAM_1:0:603964278><CT>" disconnected
L 12/29/2019 - 21:08:33: "Dimitrow<93><VALVE_ID_LAN><TERRORIST>" disconnected
L 12/29/2019 - 21:08:33: "i FAK with KateIRONk<85><STEAM_0:1:176532502><TERRORIST>" disconnected
L 12/29/2019 - 21:08:33: "why i need a name?<88><STEAM_0:1:243975700><TERRORIST>" disconnected
L 12/29/2019 - 21:08:33: "funny<89><STEAM_0:1:108592592><TERRORIST>" disconnected
L 12/29/2019 - 21:08:33: "mlaDIIIuu 6paT<95><STEAM_0:1:215402100><TERRORIST>" disconnected
L 12/29/2019 - 21:08:33: World triggered "Round_Draw" (CT "2") (T "6")
L 12/29/2019 - 21:08:33: World triggered "Round_End"
L 12/29/2019 - 21:08:33: Log file closed
