L 12/21/2019 - 23:37:15: Log file started (file "logs/L1221100.log") (game "cstrike") (version "48/1.1.2.7/Stdio/1621")
L 12/21/2019 - 23:37:15: Loading map "Cb_Tanks"
L 12/21/2019 - 23:37:15: Server cvars start
L 12/21/2019 - 23:37:15: Server cvar "@BunnyHopper" = "3.x"
L 12/21/2019 - 23:37:15: Server cvar "@CRXGoSpec" = "1.1"
L 12/21/2019 - 23:37:15: Server cvar "@CRXRemoveImmunity" = "1.0"
L 12/21/2019 - 23:37:15: Server cvar "@D.I.C.E." = "1.1"
L 12/21/2019 - 23:37:15: Server cvar "@MOTDCommands" = "1.2"
L 12/21/2019 - 23:37:15: Server cvar "advanced_quake_sounds" = "5.0"
L 12/21/2019 - 23:37:15: Server cvar "AdvancedMute" = "1.0"
L 12/21/2019 - 23:37:15: Server cvar "aesp_version" = "1.3"
L 12/21/2019 - 23:37:15: Server cvar "allow_spectators" = "1.0"
L 12/21/2019 - 23:37:15: Server cvar "amx_client_languages" = "1"
L 12/21/2019 - 23:37:15: Server cvar "amx_language" = "en"
L 12/21/2019 - 23:37:15: Server cvar "amx_nextmap" = "Cb_Tanks"
L 12/21/2019 - 23:37:15: Server cvar "amx_ptb_version" = "1.8b3"
L 12/21/2019 - 23:37:15: Server cvar "amx_timeleft" = "00:00"
L 12/21/2019 - 23:37:15: Server cvar "amxmodx_version" = "1.8.2"
L 12/21/2019 - 23:37:15: Server cvar "amxxbg_vip" = "1.0"
L 12/21/2019 - 23:37:15: Server cvar "asp_version" = "4.5.1"
L 12/21/2019 - 23:37:15: Server cvar "atac_version" = "3.0.1"
L 12/21/2019 - 23:37:15: Server cvar "badcamper_version" = "1.4 beta"
L 12/21/2019 - 23:37:15: Server cvar "blockmaker" = "4.01"
L 12/21/2019 - 23:37:15: Server cvar "c4 timer" = "1.1"
L 12/21/2019 - 23:37:15: Server cvar "coop" = "0"
L 12/21/2019 - 23:37:15: Server cvar "CRXAdminGroups" = "1.0"
L 12/21/2019 - 23:37:15: Server cvar "CRXCommandRestrictions" = "1.0"
L 12/21/2019 - 23:37:15: Server cvar "CRXFastKnife" = "1.0"
L 12/21/2019 - 23:37:15: Server cvar "CRXGametracker" = "2.0"
L 12/21/2019 - 23:37:15: Server cvar "CRXKnifeModels" = "2.5.7"
L 12/21/2019 - 23:37:15: Server cvar "CRXTeamAdvantage" = "1.0"
L 12/21/2019 - 23:37:15: Server cvar "CustomShop" = "4.2"
L 12/21/2019 - 23:37:15: Server cvar "deathmatch" = "1"
L 12/21/2019 - 23:37:15: Server cvar "decalfrequency" = "0"
L 12/21/2019 - 23:37:15: Server cvar "edgefriction" = "2"
L 12/21/2019 - 23:37:15: Server cvar "ers_version" = "2.3c"
L 12/21/2019 - 23:37:15: Server cvar "gagsystem_shoko" = "1.0"
L 12/21/2019 - 23:37:15: Server cvar "gal_mapcyclefile" = "mapcycle.txt"
L 12/21/2019 - 23:37:15: Server cvar "gal_version" = "v5.9.1-926"
L 12/21/2019 - 23:37:15: Server cvar "game_version" = "5.7.0.313-dev"
L 12/21/2019 - 23:37:15: Server cvar "humans_join_team" = "any"
L 12/21/2019 - 23:37:15: Server cvar "jtp10181" = "chute,gore"
L 12/21/2019 - 23:37:15: Server cvar "lawliet" = "ny_RainingSnow"
L 12/21/2019 - 23:37:15: Server cvar "LetitSnow" = "1.0"
L 12/21/2019 - 23:37:15: Server cvar "map_spawns" = "T(16) CT(16)"
L 12/21/2019 - 23:37:15: Server cvar "max_queries_sec" = "3"
L 12/21/2019 - 23:37:15: Server cvar "max_queries_sec_global" = "150"
L 12/21/2019 - 23:37:15: Server cvar "max_queries_window" = "60"
L 12/21/2019 - 23:37:15: Server cvar "mdbBans" = "4.8"
L 12/21/2019 - 23:37:15: Server cvar "metamod_version" = "1.21p37"
L 12/21/2019 - 23:37:15: Server cvar "mp_autokick" = "0"
L 12/21/2019 - 23:37:15: Server cvar "mp_autokick_timeout" = "-1"
L 12/21/2019 - 23:37:15: Server cvar "mp_autoteambalance" = "0"
L 12/21/2019 - 23:37:15: Server cvar "mp_buytime" = "0.25"
L 12/21/2019 - 23:37:15: Server cvar "mp_c4timer" = "35"
L 12/21/2019 - 23:37:15: Server cvar "mp_chattime" = "10.000000"
L 12/21/2019 - 23:37:15: Server cvar "mp_consistency" = "1"
L 12/21/2019 - 23:37:15: Server cvar "mp_fadetoblack" = "0"
L 12/21/2019 - 23:37:15: Server cvar "mp_flashlight" = "1"
L 12/21/2019 - 23:37:15: Server cvar "mp_footsteps" = "1"
L 12/21/2019 - 23:37:15: Server cvar "mp_forcecamera" = "0"
L 12/21/2019 - 23:37:15: Server cvar "mp_forcechasecam" = "0"
L 12/21/2019 - 23:37:15: Server cvar "mp_forcerespawn" = "0"
L 12/21/2019 - 23:37:15: Server cvar "mp_fraglimit" = "0"
L 12/21/2019 - 23:37:15: Server cvar "mp_fragsleft" = "0"
L 12/21/2019 - 23:37:15: Server cvar "mp_freeforall" = "0"
L 12/21/2019 - 23:37:15: Server cvar "mp_freezetime" = "1"
L 12/21/2019 - 23:37:15: Server cvar "mp_friendlyfire" = "0"
L 12/21/2019 - 23:37:15: Server cvar "mp_hostage_hurtable" = "1"
L 12/21/2019 - 23:37:15: Server cvar "mp_hostagepenalty" = "0"
L 12/21/2019 - 23:37:15: Server cvar "mp_item_staytime" = "300"
L 12/21/2019 - 23:37:15: Server cvar "mp_kickpercent" = "0.66"
L 12/21/2019 - 23:37:15: Server cvar "mp_legacy_bombtarget_touch" = "1"
L 12/21/2019 - 23:37:15: Server cvar "mp_limitteams" = "0"
L 12/21/2019 - 23:37:15: Server cvar "mp_logdetail" = "0"
L 12/21/2019 - 23:37:15: Server cvar "mp_logfile" = "1"
L 12/21/2019 - 23:37:15: Server cvar "mp_logmessages" = "1"
L 12/21/2019 - 23:37:15: Server cvar "mp_mapvoteratio" = "0.66"
L 12/21/2019 - 23:37:15: Server cvar "mp_maxmoney" = "999999"
L 12/21/2019 - 23:37:15: Server cvar "mp_maxrounds" = "0"
L 12/21/2019 - 23:37:15: Server cvar "mp_mirrordamage" = "0"
L 12/21/2019 - 23:37:15: Server cvar "mp_old_bomb_defused_sound" = "1"
L 12/21/2019 - 23:37:15: Server cvar "mp_playerid" = "0"
L 12/21/2019 - 23:37:15: Server cvar "mp_respawn_immunitytime" = "0"
L 12/21/2019 - 23:37:15: Server cvar "mp_round_infinite" = "0"
L 12/21/2019 - 23:37:15: Server cvar "mp_round_restart_delay" = "5"
L 12/21/2019 - 23:37:15: Server cvar "mp_roundover" = "0"
L 12/21/2019 - 23:37:15: Server cvar "mp_roundtime" = "2.3"
L 12/21/2019 - 23:37:15: Server cvar "mp_show_radioicon" = "1"
L 12/21/2019 - 23:37:15: Server cvar "mp_startmoney" = "850"
L 12/21/2019 - 23:37:15: Server cvar "mp_timeleft" = "00:00"
L 12/21/2019 - 23:37:15: Server cvar "mp_timelimit" = "20"
L 12/21/2019 - 23:37:15: Server cvar "mp_tkpunish" = "0"
L 12/21/2019 - 23:37:15: Server cvar "mp_windifference" = "1"
L 12/21/2019 - 23:37:15: Server cvar "mp_winlimit" = "0"
L 12/21/2019 - 23:37:15: Server cvar "NoWeaponsOnGround" = "1.0"
L 12/21/2019 - 23:37:15: Server cvar "pausable" = "0"
L 12/21/2019 - 23:37:15: Server cvar "present_version" = "2.01"
L 12/21/2019 - 23:37:15: Server cvar "RandomHP" = "2.2"
L 12/21/2019 - 23:37:15: Server cvar "reauthcheck_version" = "0.1.6"
L 12/21/2019 - 23:37:15: Server cvar "reconnect_features" = "0.3.1"
L 12/21/2019 - 23:37:15: Server cvar "report_system_version" = "3.1"
L 12/21/2019 - 23:37:15: Server cvar "resemiclip_version" = "2.3.9"
L 12/21/2019 - 23:37:15: Server cvar "reu_version" = "0.1.0.130"
L 12/21/2019 - 23:37:15: Server cvar "revoice_version" = "0.1.0.30"
L 12/21/2019 - 23:37:15: Server cvar "RRWM" = "2.0"
L 12/21/2019 - 23:37:15: Server cvar "sanksounds_version" = "1.8.6"
L 12/21/2019 - 23:37:15: Server cvar "SimpleMenu" = "1.1"
L 12/21/2019 - 23:37:15: Server cvar "SNAC_Version" = "1.1"
L 12/21/2019 - 23:37:15: Server cvar "SpecList" = "1.2a"
L 12/21/2019 - 23:37:15: Server cvar "sr_version" = "1.6"
L 12/21/2019 - 23:37:15: Server cvar "statsx_shell_ver" = "2.0.0 (BETA)"
L 12/21/2019 - 23:37:15: Server cvar "StyleC4Timer" = "2.1"
L 12/21/2019 - 23:37:15: Server cvar "sv_accelerate" = "5"
L 12/21/2019 - 23:37:15: Server cvar "sv_aim" = "1"
L 12/21/2019 - 23:37:15: Server cvar "sv_airaccelerate" = "100"
L 12/21/2019 - 23:37:15: Server cvar "sv_allowupload" = "1"
L 12/21/2019 - 23:37:15: Server cvar "sv_alltalk" = "1"
L 12/21/2019 - 23:37:15: Server cvar "sv_bounce" = "1"
L 12/21/2019 - 23:37:15: Server cvar "sv_cheats" = "0"
L 12/21/2019 - 23:37:15: Server cvar "sv_clienttrace" = "1"
L 12/21/2019 - 23:37:15: Server cvar "sv_contact" = "feruchio599@gmail.com"
L 12/21/2019 - 23:37:15: Server cvar "sv_friction" = "4"
L 12/21/2019 - 23:37:15: Server cvar "sv_gravity" = "800"
L 12/21/2019 - 23:37:15: Server cvar "sv_logblocks" = "0"
L 12/21/2019 - 23:37:15: Server cvar "sv_maxrate" = "50000"
L 12/21/2019 - 23:37:15: Server cvar "sv_maxspeed" = "900"
L 12/21/2019 - 23:37:15: Server cvar "sv_minrate" = "10000"
L 12/21/2019 - 23:37:15: Server cvar "sv_password" = ""
L 12/21/2019 - 23:37:15: Server cvar "sv_proxies" = "1"
L 12/21/2019 - 23:37:15: Server cvar "sv_restart" = "0"
L 12/21/2019 - 23:37:15: Server cvar "sv_restartround" = "0"
L 12/21/2019 - 23:37:15: Server cvar "sv_stepsize" = "18"
L 12/21/2019 - 23:37:15: Server cvar "sv_stopspeed" = "75"
L 12/21/2019 - 23:37:15: Server cvar "sv_uploadmax" = "0.5"
L 12/21/2019 - 23:37:15: Server cvar "sv_version" = "1.1.2.7/Stdio,48,1621"
L 12/21/2019 - 23:37:15: Server cvar "sv_voiceenable" = "1"
L 12/21/2019 - 23:37:15: Server cvar "sv_wateraccelerate" = "10"
L 12/21/2019 - 23:37:15: Server cvar "sv_waterfriction" = "1"
L 12/21/2019 - 23:37:15: Server cvar "Team_Semiclip_version" = "3.3.1"
L 12/21/2019 - 23:37:15: Server cvar "vehicle_real_killer" = "1.1"
L 12/21/2019 - 23:37:15: Server cvar "WalkGuard" = "1.3.2"
L 12/21/2019 - 23:37:15: Server cvar "we_grenades" = "Huehue"
L 12/21/2019 - 23:37:15: Server cvar "we_player_models" = "Huehue"
L 12/21/2019 - 23:37:15: Server cvar "whb_version" = "1.5.692"
L 12/21/2019 - 23:37:15: Server cvar "zp_jp_version" = "Extra Item Jetpack+Bazooka v3.2"
L 12/21/2019 - 23:37:15: Server cvars end
L 12/21/2019 - 23:37:18: Server cvar "mp_autoteambalance" = "1"
L 12/21/2019 - 23:37:18: Server cvar "mp_autoteambalance" = "0"
L 12/21/2019 - 23:37:18: Server cvar "amx_nextmap" = "[not yet voted on]"
L 12/21/2019 - 23:37:19: Started map "Cb_Tanks" (CRC "1486628298")
L 12/21/2019 - 23:37:21: World triggered "Round_Start"
L 12/21/2019 - 23:38:48: [REUNION]: n0m0 (78.98.50.158) authorized as RevEmu
L 12/21/2019 - 23:38:48: "n0m0<10><STEAM_1:0:948687295><>" connected, address "78.98.50.158:54226"
L 12/21/2019 - 23:38:54: [REUNION]: n0m0 (78.98.50.158) authorized as RevEmu
L 12/21/2019 - 23:38:54: "n0m0<11><STEAM_1:0:948687295><>" connected, address "78.98.50.158:54226"
L 12/21/2019 - 23:38:55: [REUNION]: Domin GOPRO (217.144.31.153) authorized as RevEmu
L 12/21/2019 - 23:38:55: "Domin GOPRO<12><STEAM_1:1:580901376><>" connected, address "217.144.31.153:27005"
L 12/21/2019 - 23:38:59: "n0m0<11><STEAM_1:0:948687295><>" entered the game
L 12/21/2019 - 23:39:04: [REUNION]: Mateezek (185.98.208.108) authorized as RevEmu
L 12/21/2019 - 23:39:04: "Mateezek<13><STEAM_1:1:1957053965><>" connected, address "185.98.208.108:1024"
L 12/21/2019 - 23:39:09: [REUNION]: D3NDO (185.98.208.108) authorized as RevEmu
L 12/21/2019 - 23:39:09: "D3NDO<14><STEAM_1:0:1042275415><>" connected, address "185.98.208.108:27005"
L 12/21/2019 - 23:39:12: "Mateezek<13><STEAM_1:1:1957053965><>" entered the game
L 12/21/2019 - 23:39:15: "Mateezek<13><STEAM_1:1:1957053965><>" joined team "TERRORIST"
L 12/21/2019 - 23:39:33: "n0m0<11><STEAM_1:0:948687295><>" joined team "TERRORIST"
L 12/21/2019 - 23:39:39: "Mateezek<13><STEAM_1:1:1957053965><TERRORIST>" committed suicide with "world"
L 12/21/2019 - 23:39:39: "n0m0<11><STEAM_1:0:948687295><TERRORIST>" committed suicide with "world"
L 12/21/2019 - 23:39:39: World triggered "Round_Draw" (CT "0") (T "0")
L 12/21/2019 - 23:39:39: World triggered "Round_End"
L 12/21/2019 - 23:39:45: World triggered "Round_Start"
L 12/21/2019 - 23:40:28: "Domin GOPRO<12><STEAM_1:1:580901376><>" entered the game
L 12/21/2019 - 23:40:34: "D3NDO<14><STEAM_1:0:1042275415><>" entered the game
L 12/21/2019 - 23:40:34: "Domin GOPRO<12><STEAM_1:1:580901376><>" joined team "CT"
L 12/21/2019 - 23:40:36: World triggered "Game_Commencing"
L 12/21/2019 - 23:40:36: World triggered "Game_Commencing" (CT "0") (T "0")
L 12/21/2019 - 23:40:36: World triggered "Round_End"
L 12/21/2019 - 23:40:40: World triggered "Round_Start"
L 12/21/2019 - 23:41:09: "D3NDO<14><STEAM_1:0:1042275415><>" joined team "CT"
L 12/21/2019 - 23:41:09: "Mateezek<13><STEAM_1:1:1957053965><TERRORIST>" killed "Domin GOPRO<12><STEAM_1:1:580901376><CT>" with "tracktrain"
L 12/21/2019 - 23:41:09: Team "TERRORIST" triggered "Terrorists_Win" (CT "0") (T "1")
L 12/21/2019 - 23:41:09: World triggered "Round_End"
L 12/21/2019 - 23:41:15: World triggered "Round_Start"
L 12/21/2019 - 23:42:25: "D3NDO<14><STEAM_1:0:1042275415><CT>" killed "Domin GOPRO<12><STEAM_1:1:580901376><CT>" with "tracktrain"
L 12/21/2019 - 23:42:37: "Mateezek<13><STEAM_1:1:1957053965><TERRORIST>" killed "D3NDO<14><STEAM_1:0:1042275415><CT>" with "ak47"
L 12/21/2019 - 23:42:37: Team "TERRORIST" triggered "Terrorists_Win" (CT "0") (T "2")
L 12/21/2019 - 23:42:37: World triggered "Round_End"
L 12/21/2019 - 23:42:43: World triggered "Round_Start"
L 12/21/2019 - 23:43:27: "n0m0<11><STEAM_1:0:948687295><TERRORIST>" killed "Domin GOPRO<12><STEAM_1:1:580901376><CT>" with "galil"
L 12/21/2019 - 23:43:39: "D3NDO<14><STEAM_1:0:1042275415><CT>" committed suicide with "world"
L 12/21/2019 - 23:43:39: Team "TERRORIST" triggered "Terrorists_Win" (CT "0") (T "3")
L 12/21/2019 - 23:43:39: World triggered "Round_End"
L 12/21/2019 - 23:43:43: "Mateezek<13><STEAM_1:1:1957053965><TERRORIST>" joined team "CT"
L 12/21/2019 - 23:43:43: "<><><>" triggered "amx_chat" (text "[PTB] Transfered Mateezek to CT")
L 12/21/2019 - 23:43:45: World triggered "Round_Start"
L 12/21/2019 - 23:44:07: "Domin GOPRO<12><STEAM_1:1:580901376><CT>" killed "Mateezek<13><STEAM_1:1:1957053965><CT>" with "tracktrain"
L 12/21/2019 - 23:44:33: "Domin GOPRO<12><STEAM_1:1:580901376><CT>" killed "n0m0<11><STEAM_1:0:948687295><TERRORIST>" with "m4a1"
L 12/21/2019 - 23:44:33: Team "CT" triggered "CTs_Win" (CT "1") (T "3")
L 12/21/2019 - 23:44:33: World triggered "Round_End"
L 12/21/2019 - 23:44:38: "Domin GOPRO<12><STEAM_1:1:580901376><CT>" joined team "TERRORIST"
L 12/21/2019 - 23:44:38: "<><><>" triggered "amx_chat" (text "[PTB] Transfered Domin GOPRO to TERRORIST")
L 12/21/2019 - 23:44:39: World triggered "Round_Start"
L 12/21/2019 - 23:44:47: "D3NDO<14><STEAM_1:0:1042275415><CT>" killed "Mateezek<13><STEAM_1:1:1957053965><CT>" with "tracktrain"
L 12/21/2019 - 23:44:53: "D3NDO<14><STEAM_1:0:1042275415><CT>" committed suicide with "world"
L 12/21/2019 - 23:44:53: Team "TERRORIST" triggered "Terrorists_Win" (CT "1") (T "4")
L 12/21/2019 - 23:44:53: World triggered "Round_End"
L 12/21/2019 - 23:44:59: World triggered "Round_Start"
L 12/21/2019 - 23:45:55: "D3NDO<14><STEAM_1:0:1042275415><CT>" killed "n0m0<11><STEAM_1:0:948687295><TERRORIST>" with "deagle"
L 12/21/2019 - 23:45:58: "Domin GOPRO<12><STEAM_1:1:580901376><TERRORIST>" killed "D3NDO<14><STEAM_1:0:1042275415><CT>" with "m4a1"
L 12/21/2019 - 23:46:00: "Mateezek<13><STEAM_1:1:1957053965><CT>" killed "Domin GOPRO<12><STEAM_1:1:580901376><TERRORIST>" with "deagle"
L 12/21/2019 - 23:46:00: Team "CT" triggered "CTs_Win" (CT "2") (T "4")
L 12/21/2019 - 23:46:00: World triggered "Round_End"
L 12/21/2019 - 23:46:06: World triggered "Round_Start"
L 12/21/2019 - 23:46:51: "Mateezek<13><STEAM_1:1:1957053965><CT>" killed "Domin GOPRO<12><STEAM_1:1:580901376><TERRORIST>" with "scout"
L 12/21/2019 - 23:46:55: "Mateezek<13><STEAM_1:1:1957053965><CT>" killed "n0m0<11><STEAM_1:0:948687295><TERRORIST>" with "scout"
L 12/21/2019 - 23:46:55: Team "CT" triggered "CTs_Win" (CT "3") (T "4")
L 12/21/2019 - 23:46:55: World triggered "Round_End"
L 12/21/2019 - 23:47:00: "D3NDO<14><STEAM_1:0:1042275415><CT>" joined team "TERRORIST"
L 12/21/2019 - 23:47:00: "<><><>" triggered "amx_chat" (text "[PTB] Transfered D3NDO to TERRORIST")
L 12/21/2019 - 23:47:01: World triggered "Round_Start"
L 12/21/2019 - 23:47:38: "Mateezek<13><STEAM_1:1:1957053965><CT>" killed "n0m0<11><STEAM_1:0:948687295><TERRORIST>" with "scout"
L 12/21/2019 - 23:48:14: "Mateezek<13><STEAM_1:1:1957053965><CT>" killed "D3NDO<14><STEAM_1:0:1042275415><TERRORIST>" with "galil"
L 12/21/2019 - 23:48:27: "Domin GOPRO<12><STEAM_1:1:580901376><TERRORIST>" killed "Mateezek<13><STEAM_1:1:1957053965><CT>" with "m3"
L 12/21/2019 - 23:48:27: Team "TERRORIST" triggered "Terrorists_Win" (CT "3") (T "5")
L 12/21/2019 - 23:48:27: World triggered "Round_End"
L 12/21/2019 - 23:48:33: World triggered "Round_Start"
L 12/21/2019 - 23:48:48: "n0m0<11><STEAM_1:0:948687295><TERRORIST>" committed suicide with "world"
L 12/21/2019 - 23:48:48: "n0m0<11><STEAM_1:0:948687295><TERRORIST>" joined team "CT"
L 12/21/2019 - 23:49:06: "Domin GOPRO<12><STEAM_1:1:580901376><TERRORIST>" killed "Mateezek<13><STEAM_1:1:1957053965><CT>" with "m3"
L 12/21/2019 - 23:49:06: Team "TERRORIST" triggered "Terrorists_Win" (CT "3") (T "6")
L 12/21/2019 - 23:49:06: World triggered "Round_End"
L 12/21/2019 - 23:49:12: World triggered "Round_Start"
L 12/21/2019 - 23:49:25: "D3NDO<14><STEAM_1:0:1042275415><TERRORIST>" killed "Domin GOPRO<12><STEAM_1:1:580901376><TERRORIST>" with "tracktrain"
L 12/21/2019 - 23:49:37: "Mateezek<13><STEAM_1:1:1957053965><CT>" killed "D3NDO<14><STEAM_1:0:1042275415><TERRORIST>" with "g3sg1"
L 12/21/2019 - 23:49:37: Team "CT" triggered "CTs_Win" (CT "4") (T "6")
L 12/21/2019 - 23:49:37: World triggered "Round_End"
L 12/21/2019 - 23:49:37: "D3NDO<14><STEAM_1:0:1042275415><TERRORIST>" killed "Mateezek<13><STEAM_1:1:1957053965><CT>" with "tracktrain"
L 12/21/2019 - 23:49:43: World triggered "Round_Start"
L 12/21/2019 - 23:50:18: "Mateezek<13><STEAM_1:1:1957053965><CT>" killed "D3NDO<14><STEAM_1:0:1042275415><TERRORIST>" with "tracktrain"
L 12/21/2019 - 23:50:21: "Mateezek<13><STEAM_1:1:1957053965><CT>" killed "Domin GOPRO<12><STEAM_1:1:580901376><TERRORIST>" with "sg552"
L 12/21/2019 - 23:50:21: Team "CT" triggered "CTs_Win" (CT "5") (T "6")
L 12/21/2019 - 23:50:21: World triggered "Round_End"
L 12/21/2019 - 23:50:27: World triggered "Round_Start"
L 12/21/2019 - 23:50:51: "D3NDO<14><STEAM_1:0:1042275415><TERRORIST>" committed suicide with "world"
L 12/21/2019 - 23:50:51: "D3NDO<14><STEAM_1:0:1042275415><TERRORIST>" joined team "SPECTATOR"
L 12/21/2019 - 23:51:35: "Jason Statham<15><STEAM_0:1:65160151><>" connected, address "46.160.40.89:27005"
L 12/21/2019 - 23:51:35: "Jason Statham<15><STEAM_0:1:65160151><>" STEAM USERID validated
L 12/21/2019 - 23:51:39: "Jason Statham<16><STEAM_0:1:65160151><>" connected, address "46.160.40.89:27005"
L 12/21/2019 - 23:51:39: "Jason Statham<16><STEAM_0:1:65160151><>" STEAM USERID validated
L 12/21/2019 - 23:51:50: "n0m0<11><STEAM_1:0:948687295><CT>" killed "Domin GOPRO<12><STEAM_1:1:580901376><TERRORIST>" with "m4a1"
L 12/21/2019 - 23:51:50: Team "CT" triggered "CTs_Win" (CT "6") (T "6")
L 12/21/2019 - 23:51:50: World triggered "Round_End"
L 12/21/2019 - 23:51:51: "Jason Statham<16><STEAM_0:1:65160151><>" entered the game
L 12/21/2019 - 23:51:55: "Mateezek<13><STEAM_1:1:1957053965><CT>" joined team "TERRORIST"
L 12/21/2019 - 23:51:55: "<><><>" triggered "amx_chat" (text "[PTB] Transfered Mateezek to TERRORIST")
L 12/21/2019 - 23:51:56: World triggered "Round_Start"
L 12/21/2019 - 23:52:01: "Jason Statham<16><STEAM_0:1:65160151><>" joined team "CT"
L 12/21/2019 - 23:52:30: "Jason Statham<16><STEAM_0:1:65160151><CT>" killed "Domin GOPRO<12><STEAM_1:1:580901376><TERRORIST>" with "ak47"
L 12/21/2019 - 23:52:31: "Mateezek<13><STEAM_1:1:1957053965><TERRORIST>" killed "Jason Statham<16><STEAM_0:1:65160151><CT>" with "sg552"
L 12/21/2019 - 23:52:34: "Mateezek<13><STEAM_1:1:1957053965><TERRORIST>" killed "n0m0<11><STEAM_1:0:948687295><CT>" with "tracktrain"
L 12/21/2019 - 23:52:34: Team "TERRORIST" triggered "Terrorists_Win" (CT "6") (T "7")
L 12/21/2019 - 23:52:34: World triggered "Round_End"
L 12/21/2019 - 23:52:38: "Domin GOPRO<12><STEAM_1:1:580901376><TERRORIST>" joined team "CT"
L 12/21/2019 - 23:52:38: "<><><>" triggered "amx_chat" (text "[PTB] Transfered Domin GOPRO to CT")
L 12/21/2019 - 23:52:40: World triggered "Round_Start"
L 12/21/2019 - 23:53:03: "n0m0<11><STEAM_1:0:948687295><CT>" disconnected
L 12/21/2019 - 23:53:04: "stihiqta<17><STEAM_0:0:484961803><>" connected, address "89.215.104.179:27005"
L 12/21/2019 - 23:53:04: "stihiqta<17><STEAM_0:0:484961803><>" STEAM USERID validated
L 12/21/2019 - 23:53:10: "stihiqta<17><STEAM_0:0:484961803><>" entered the game
L 12/21/2019 - 23:53:12: "stihiqta<17><STEAM_0:0:484961803><>" joined team "TERRORIST"
L 12/21/2019 - 23:53:18: "stihiqta<17><STEAM_0:0:484961803><TERRORIST>" disconnected
L 12/21/2019 - 23:53:22: "Jason Statham<16><STEAM_0:1:65160151><CT>" killed "Mateezek<13><STEAM_1:1:1957053965><TERRORIST>" with "m4a1"
L 12/21/2019 - 23:53:22: Team "CT" triggered "CTs_Win" (CT "7") (T "7")
L 12/21/2019 - 23:53:22: World triggered "Round_End"
L 12/21/2019 - 23:53:28: World triggered "Round_Start"
L 12/21/2019 - 23:53:56: "D3NDO<14><STEAM_1:0:1042275415><SPECTATOR>" joined team "TERRORIST"
L 12/21/2019 - 23:54:04: "Jason Statham<16><STEAM_0:1:65160151><CT>" killed "Mateezek<13><STEAM_1:1:1957053965><TERRORIST>" with "knife"
L 12/21/2019 - 23:54:04: Team "CT" triggered "CTs_Win" (CT "8") (T "7")
L 12/21/2019 - 23:54:04: World triggered "Round_End"
L 12/21/2019 - 23:54:10: World triggered "Round_Start"
L 12/21/2019 - 23:54:15: Server cvar "amx_nextmap" = "jp_cars"
L 12/21/2019 - 23:54:31: "Jason Statham<16><STEAM_0:1:65160151><CT>" killed "Mateezek<13><STEAM_1:1:1957053965><TERRORIST>" with "awp"
L 12/21/2019 - 23:54:35: "Jason Statham<16><STEAM_0:1:65160151><CT>" killed "D3NDO<14><STEAM_1:0:1042275415><TERRORIST>" with "awp"
L 12/21/2019 - 23:54:35: Team "CT" triggered "CTs_Win" (CT "9") (T "7")
L 12/21/2019 - 23:54:35: World triggered "Round_End"
L 12/21/2019 - 23:54:40: "Domin GOPRO<12><STEAM_1:1:580901376><CT>" joined team "TERRORIST"
L 12/21/2019 - 23:54:40: "<><><>" triggered "amx_chat" (text "[PTB] Transfered Domin GOPRO to TERRORIST")
L 12/21/2019 - 23:54:41: World triggered "Round_Start"
L 12/21/2019 - 23:54:41: Server cvar "sv_maxspeed" = "0.000000"
L 12/21/2019 - 23:54:41: Server cvar "mp_friendlyfire" = "1"
L 12/21/2019 - 23:54:52: Server cvar "sv_maxspeed" = "900.000000"
L 12/21/2019 - 23:54:52: Server cvar "mp_friendlyfire" = "0"
L 12/21/2019 - 23:54:53: [META] ini: Begin re-reading plugins list: /home/rented/public9/cstrike/addons/metamod/plugins.ini
L 12/21/2019 - 23:54:53: [META] ini: Read plugin config for: SafeNameAndChat
L 12/21/2019 - 23:54:53: [META] ini: Read plugin config for: AMX Mod X
L 12/21/2019 - 23:54:53: [META] ini: Read plugin config for: Reunion
L 12/21/2019 - 23:54:53: [META] ini: Read plugin config for: ReAuthCheck
L 12/21/2019 - 23:54:53: [META] ini: Read plugin config for: WHBlocker
L 12/21/2019 - 23:54:53: [META] ini: Read plugin config for: ReSemiclip
L 12/21/2019 - 23:54:53: [META] ini: Read plugin config for: Revoice
L 12/21/2019 - 23:54:53: [META] ini: Finished reading plugins list: /home/rented/public9/cstrike/addons/metamod/plugins.ini; Found 7 plugins
L 12/21/2019 - 23:54:53: [META] dll: Updating plugins...
L 12/21/2019 - 23:54:53: [META] WARNING: Cannot clear plugin 'SafeNameAndChat'; not marked as failed, empty, or open (status=valid)
L 12/21/2019 - 23:54:53: [META] dll: Unloaded plugin 'SafeNameAndChat' for reason 'file on disk is newer'
L 12/21/2019 - 23:54:53: [META] dll: Loaded plugin 'SafeNameAndChat': SafeNameAndChat v1.1 2017.02.01, WPMG.PRoSToC0der
L 12/21/2019 - 23:54:53: [META] WARNING: Cannot clear plugin 'WHBlocker'; not marked as failed, empty, or open (status=valid)
L 12/21/2019 - 23:54:53: [META] dll: Unloaded plugin 'WHBlocker' for reason 'file on disk is newer'
L 12/21/2019 - 23:54:53: [META] dll: Loaded plugin 'WHBlocker': WHBlocker v1.5.692 2017-04-13, s1lent
L 12/21/2019 - 23:54:53: [META] WARNING: Cannot clear plugin 'ReSemiclip'; not marked as failed, empty, or open (status=valid)
L 12/21/2019 - 23:54:53: [META] dll: Unloaded plugin 'ReSemiclip' for reason 'file on disk is newer'
L 12/21/2019 - 23:54:53: [META] dll: Loaded plugin 'ReSemiclip': ReSemiclip v2.3.9 13/02/17, s1lent & Adidasman
L 12/21/2019 - 23:54:53: [META] dll: Finished updating 14 plugins; kept 0, loaded 0, unloaded 0, reloaded 3, delayed 0
L 12/21/2019 - 23:54:53: "Domin GOPRO<12><STEAM_1:1:580901376><TERRORIST>" disconnected
L 12/21/2019 - 23:54:53: "Mateezek<13><STEAM_1:1:1957053965><TERRORIST>" disconnected
L 12/21/2019 - 23:54:53: "D3NDO<14><STEAM_1:0:1042275415><TERRORIST>" disconnected
L 12/21/2019 - 23:54:53: "Jason Statham<16><STEAM_0:1:65160151><CT>" disconnected
L 12/21/2019 - 23:54:53: World triggered "Round_Draw" (CT "9") (T "7")
L 12/21/2019 - 23:54:53: World triggered "Round_End"
L 12/21/2019 - 23:54:53: Log file closed
