L 12/23/2019 - 13:17:28: Log file started (file "logs/L1223056.log") (game "cstrike") (version "48/1.1.2.7/Stdio/1621")
L 12/23/2019 - 13:17:28: Loading map "big_city2"
L 12/23/2019 - 13:17:28: Server cvars start
L 12/23/2019 - 13:17:28: Server cvar "@BunnyHopper" = "3.x"
L 12/23/2019 - 13:17:28: Server cvar "@CRXGoSpec" = "1.1"
L 12/23/2019 - 13:17:28: Server cvar "@CRXRemoveImmunity" = "1.0"
L 12/23/2019 - 13:17:28: Server cvar "@D.I.C.E." = "1.1"
L 12/23/2019 - 13:17:28: Server cvar "@MOTDCommands" = "1.2"
L 12/23/2019 - 13:17:28: Server cvar "advanced_quake_sounds" = "5.0"
L 12/23/2019 - 13:17:28: Server cvar "AdvancedMute" = "1.0"
L 12/23/2019 - 13:17:28: Server cvar "aesp_version" = "1.3"
L 12/23/2019 - 13:17:28: Server cvar "allow_spectators" = "1.0"
L 12/23/2019 - 13:17:28: Server cvar "amx_client_languages" = "1"
L 12/23/2019 - 13:17:28: Server cvar "amx_language" = "en"
L 12/23/2019 - 13:17:28: Server cvar "amx_nextmap" = "big_city2"
L 12/23/2019 - 13:17:28: Server cvar "amx_ptb_version" = "1.8b3"
L 12/23/2019 - 13:17:28: Server cvar "amx_timeleft" = "00:00"
L 12/23/2019 - 13:17:28: Server cvar "amxmodx_version" = "1.8.2"
L 12/23/2019 - 13:17:28: Server cvar "amxxbg_vip" = "1.0"
L 12/23/2019 - 13:17:28: Server cvar "asp_version" = "4.5.1"
L 12/23/2019 - 13:17:28: Server cvar "atac_version" = "3.0.1"
L 12/23/2019 - 13:17:28: Server cvar "badcamper_version" = "1.4 beta"
L 12/23/2019 - 13:17:28: Server cvar "blockmaker" = "4.01"
L 12/23/2019 - 13:17:28: Server cvar "c4 timer" = "1.1"
L 12/23/2019 - 13:17:28: Server cvar "coop" = "0"
L 12/23/2019 - 13:17:28: Server cvar "CRXAdminGroups" = "1.0"
L 12/23/2019 - 13:17:28: Server cvar "CRXCommandRestrictions" = "1.0"
L 12/23/2019 - 13:17:28: Server cvar "CRXFastKnife" = "1.0"
L 12/23/2019 - 13:17:28: Server cvar "CRXGametracker" = "2.0"
L 12/23/2019 - 13:17:28: Server cvar "CRXKnifeModels" = "2.5.7"
L 12/23/2019 - 13:17:28: Server cvar "CRXTeamAdvantage" = "1.0"
L 12/23/2019 - 13:17:28: Server cvar "CustomShop" = "4.2"
L 12/23/2019 - 13:17:28: Server cvar "deathmatch" = "1"
L 12/23/2019 - 13:17:28: Server cvar "decalfrequency" = "0"
L 12/23/2019 - 13:17:28: Server cvar "edgefriction" = "2"
L 12/23/2019 - 13:17:28: Server cvar "ers_version" = "2.3c"
L 12/23/2019 - 13:17:28: Server cvar "gagsystem_shoko" = "1.0"
L 12/23/2019 - 13:17:28: Server cvar "gal_mapcyclefile" = "mapcycle.txt"
L 12/23/2019 - 13:17:28: Server cvar "gal_version" = "v5.9.1-926"
L 12/23/2019 - 13:17:28: Server cvar "game_version" = "5.7.0.313-dev"
L 12/23/2019 - 13:17:28: Server cvar "humans_join_team" = "any"
L 12/23/2019 - 13:17:28: Server cvar "jtp10181" = "chute,gore"
L 12/23/2019 - 13:17:28: Server cvar "lawliet" = "ny_RainingSnow"
L 12/23/2019 - 13:17:28: Server cvar "LetitSnow" = "1.0"
L 12/23/2019 - 13:17:28: Server cvar "map_spawns" = "T(16) CT(16)"
L 12/23/2019 - 13:17:28: Server cvar "max_queries_sec" = "3"
L 12/23/2019 - 13:17:28: Server cvar "max_queries_sec_global" = "150"
L 12/23/2019 - 13:17:28: Server cvar "max_queries_window" = "60"
L 12/23/2019 - 13:17:28: Server cvar "mdbBans" = "4.8"
L 12/23/2019 - 13:17:28: Server cvar "metamod_version" = "1.21p37"
L 12/23/2019 - 13:17:28: Server cvar "mp_autokick" = "0"
L 12/23/2019 - 13:17:28: Server cvar "mp_autokick_timeout" = "-1"
L 12/23/2019 - 13:17:28: Server cvar "mp_autoteambalance" = "0"
L 12/23/2019 - 13:17:28: Server cvar "mp_buytime" = "0.25"
L 12/23/2019 - 13:17:28: Server cvar "mp_c4timer" = "35"
L 12/23/2019 - 13:17:28: Server cvar "mp_chattime" = "10.000000"
L 12/23/2019 - 13:17:28: Server cvar "mp_consistency" = "1"
L 12/23/2019 - 13:17:28: Server cvar "mp_fadetoblack" = "0"
L 12/23/2019 - 13:17:28: Server cvar "mp_flashlight" = "1"
L 12/23/2019 - 13:17:28: Server cvar "mp_footsteps" = "1"
L 12/23/2019 - 13:17:28: Server cvar "mp_forcecamera" = "0"
L 12/23/2019 - 13:17:28: Server cvar "mp_forcechasecam" = "0"
L 12/23/2019 - 13:17:28: Server cvar "mp_forcerespawn" = "0"
L 12/23/2019 - 13:17:28: Server cvar "mp_fraglimit" = "0"
L 12/23/2019 - 13:17:28: Server cvar "mp_fragsleft" = "0"
L 12/23/2019 - 13:17:28: Server cvar "mp_freeforall" = "0"
L 12/23/2019 - 13:17:28: Server cvar "mp_freezetime" = "1"
L 12/23/2019 - 13:17:28: Server cvar "mp_friendlyfire" = "0"
L 12/23/2019 - 13:17:28: Server cvar "mp_hostage_hurtable" = "1"
L 12/23/2019 - 13:17:28: Server cvar "mp_hostagepenalty" = "0"
L 12/23/2019 - 13:17:28: Server cvar "mp_item_staytime" = "300"
L 12/23/2019 - 13:17:28: Server cvar "mp_kickpercent" = "0.66"
L 12/23/2019 - 13:17:28: Server cvar "mp_legacy_bombtarget_touch" = "1"
L 12/23/2019 - 13:17:28: Server cvar "mp_limitteams" = "0"
L 12/23/2019 - 13:17:28: Server cvar "mp_logdetail" = "0"
L 12/23/2019 - 13:17:28: Server cvar "mp_logfile" = "1"
L 12/23/2019 - 13:17:28: Server cvar "mp_logmessages" = "1"
L 12/23/2019 - 13:17:28: Server cvar "mp_mapvoteratio" = "0.66"
L 12/23/2019 - 13:17:28: Server cvar "mp_maxmoney" = "999999"
L 12/23/2019 - 13:17:28: Server cvar "mp_maxrounds" = "0"
L 12/23/2019 - 13:17:28: Server cvar "mp_mirrordamage" = "0"
L 12/23/2019 - 13:17:28: Server cvar "mp_old_bomb_defused_sound" = "1"
L 12/23/2019 - 13:17:28: Server cvar "mp_playerid" = "0"
L 12/23/2019 - 13:17:28: Server cvar "mp_respawn_immunitytime" = "0"
L 12/23/2019 - 13:17:28: Server cvar "mp_round_infinite" = "0"
L 12/23/2019 - 13:17:28: Server cvar "mp_round_restart_delay" = "5"
L 12/23/2019 - 13:17:28: Server cvar "mp_roundover" = "0"
L 12/23/2019 - 13:17:28: Server cvar "mp_roundtime" = "2.3"
L 12/23/2019 - 13:17:28: Server cvar "mp_show_radioicon" = "1"
L 12/23/2019 - 13:17:28: Server cvar "mp_startmoney" = "850"
L 12/23/2019 - 13:17:28: Server cvar "mp_timeleft" = "00:00"
L 12/23/2019 - 13:17:28: Server cvar "mp_timelimit" = "20"
L 12/23/2019 - 13:17:28: Server cvar "mp_tkpunish" = "0"
L 12/23/2019 - 13:17:28: Server cvar "mp_windifference" = "1"
L 12/23/2019 - 13:17:28: Server cvar "mp_winlimit" = "0"
L 12/23/2019 - 13:17:28: Server cvar "NoWeaponsOnGround" = "1.0"
L 12/23/2019 - 13:17:28: Server cvar "pausable" = "0"
L 12/23/2019 - 13:17:28: Server cvar "present_version" = "2.01"
L 12/23/2019 - 13:17:28: Server cvar "RandomHP" = "2.2"
L 12/23/2019 - 13:17:28: Server cvar "reauthcheck_version" = "0.1.6"
L 12/23/2019 - 13:17:28: Server cvar "reconnect_features" = "0.3.1"
L 12/23/2019 - 13:17:28: Server cvar "report_system_version" = "3.1"
L 12/23/2019 - 13:17:28: Server cvar "resemiclip_version" = "2.3.9"
L 12/23/2019 - 13:17:28: Server cvar "reu_version" = "0.1.0.130"
L 12/23/2019 - 13:17:28: Server cvar "revoice_version" = "0.1.0.30"
L 12/23/2019 - 13:17:28: Server cvar "RRWM" = "2.0"
L 12/23/2019 - 13:17:28: Server cvar "sanksounds_version" = "1.8.6"
L 12/23/2019 - 13:17:28: Server cvar "SimpleMenu" = "1.1"
L 12/23/2019 - 13:17:28: Server cvar "SNAC_Version" = "1.1"
L 12/23/2019 - 13:17:28: Server cvar "SpecList" = "1.2a"
L 12/23/2019 - 13:17:28: Server cvar "sr_version" = "1.6"
L 12/23/2019 - 13:17:28: Server cvar "statsx_shell_ver" = "2.0.0 (BETA)"
L 12/23/2019 - 13:17:28: Server cvar "StyleC4Timer" = "2.1"
L 12/23/2019 - 13:17:28: Server cvar "sv_accelerate" = "5"
L 12/23/2019 - 13:17:28: Server cvar "sv_aim" = "1"
L 12/23/2019 - 13:17:28: Server cvar "sv_airaccelerate" = "100"
L 12/23/2019 - 13:17:28: Server cvar "sv_allowupload" = "1"
L 12/23/2019 - 13:17:28: Server cvar "sv_alltalk" = "1"
L 12/23/2019 - 13:17:28: Server cvar "sv_bounce" = "1"
L 12/23/2019 - 13:17:28: Server cvar "sv_cheats" = "0"
L 12/23/2019 - 13:17:28: Server cvar "sv_clienttrace" = "1"
L 12/23/2019 - 13:17:28: Server cvar "sv_contact" = "feruchio599@gmail.com"
L 12/23/2019 - 13:17:28: Server cvar "sv_friction" = "4"
L 12/23/2019 - 13:17:28: Server cvar "sv_gravity" = "800"
L 12/23/2019 - 13:17:28: Server cvar "sv_logblocks" = "0"
L 12/23/2019 - 13:17:28: Server cvar "sv_maxrate" = "50000"
L 12/23/2019 - 13:17:28: Server cvar "sv_maxspeed" = "900"
L 12/23/2019 - 13:17:28: Server cvar "sv_minrate" = "10000"
L 12/23/2019 - 13:17:28: Server cvar "sv_password" = ""
L 12/23/2019 - 13:17:28: Server cvar "sv_proxies" = "1"
L 12/23/2019 - 13:17:28: Server cvar "sv_restart" = "0"
L 12/23/2019 - 13:17:28: Server cvar "sv_restartround" = "0"
L 12/23/2019 - 13:17:28: Server cvar "sv_stepsize" = "18"
L 12/23/2019 - 13:17:28: Server cvar "sv_stopspeed" = "75"
L 12/23/2019 - 13:17:28: Server cvar "sv_uploadmax" = "0.5"
L 12/23/2019 - 13:17:28: Server cvar "sv_version" = "1.1.2.7/Stdio,48,1621"
L 12/23/2019 - 13:17:28: Server cvar "sv_voiceenable" = "1"
L 12/23/2019 - 13:17:28: Server cvar "sv_wateraccelerate" = "10"
L 12/23/2019 - 13:17:28: Server cvar "sv_waterfriction" = "1"
L 12/23/2019 - 13:17:28: Server cvar "Team_Semiclip_version" = "3.3.1"
L 12/23/2019 - 13:17:28: Server cvar "vehicle_real_killer" = "1.1"
L 12/23/2019 - 13:17:28: Server cvar "WalkGuard" = "1.3.2"
L 12/23/2019 - 13:17:28: Server cvar "we_grenades" = "Huehue"
L 12/23/2019 - 13:17:28: Server cvar "we_player_models" = "Huehue"
L 12/23/2019 - 13:17:28: Server cvar "whb_version" = "1.5.692"
L 12/23/2019 - 13:17:28: Server cvar "zp_jp_version" = "Extra Item Jetpack+Bazooka v3.2"
L 12/23/2019 - 13:17:28: Server cvars end
L 12/23/2019 - 13:17:30: Server cvar "mp_autoteambalance" = "1"
L 12/23/2019 - 13:17:31: Server cvar "mp_autoteambalance" = "0"
L 12/23/2019 - 13:17:31: Server cvar "amx_nextmap" = "[not yet voted on]"
L 12/23/2019 - 13:17:32: Started map "big_city2" (CRC "602850574")
L 12/23/2019 - 13:17:34: World triggered "Round_Start"
L 12/23/2019 - 13:18:20: [REUNION]: MidNight (85.187.4.187) authorized as RevEmu
L 12/23/2019 - 13:18:20: "MidNight<12><STEAM_1:0:26326493><>" connected, address "85.187.4.187:9372"
L 12/23/2019 - 13:18:26: [REUNION]: MidNight (85.187.4.187) authorized as RevEmu
L 12/23/2019 - 13:18:26: "MidNight<13><STEAM_1:0:26326493><>" connected, address "85.187.4.187:9372"
L 12/23/2019 - 13:18:35: "MidNight<13><STEAM_1:0:26326493><>" entered the game
L 12/23/2019 - 13:18:38: "MidNight<13><STEAM_1:0:26326493><>" joined team "CT"
L 12/23/2019 - 13:18:44: "MidNight<13><STEAM_1:0:26326493><CT>" disconnected
L 12/23/2019 - 13:18:44: World triggered "Round_Draw" (CT "0") (T "0")
L 12/23/2019 - 13:18:44: World triggered "Round_End"
L 12/23/2019 - 13:18:50: World triggered "Round_Start"
L 12/23/2019 - 13:20:54: [REUNION]: IP 193.42.110.171 banned for 10 minutes for query flooding (PPS: 331)
L 12/23/2019 - 13:21:08: Team "TERRORIST" triggered "Hostages_Not_Rescued" (CT "0") (T "0")
L 12/23/2019 - 13:21:08: World triggered "Round_End"
L 12/23/2019 - 13:21:14: World triggered "Round_Start"
L 12/23/2019 - 13:21:31: Server cvar "amx_nextmap" = "big_city"
L 12/23/2019 - 13:23:32: Team "TERRORIST" triggered "Hostages_Not_Rescued" (CT "0") (T "0")
L 12/23/2019 - 13:23:32: World triggered "Round_End"
L 12/23/2019 - 13:23:38: World triggered "Round_Start"
L 12/23/2019 - 13:25:56: Team "TERRORIST" triggered "Hostages_Not_Rescued" (CT "0") (T "0")
L 12/23/2019 - 13:25:56: World triggered "Round_End"
L 12/23/2019 - 13:26:02: World triggered "Round_Start"
L 12/23/2019 - 13:28:20: Team "TERRORIST" triggered "Hostages_Not_Rescued" (CT "0") (T "0")
L 12/23/2019 - 13:28:20: World triggered "Round_End"
L 12/23/2019 - 13:28:26: World triggered "Round_Start"
L 12/23/2019 - 13:30:44: Team "TERRORIST" triggered "Hostages_Not_Rescued" (CT "0") (T "0")
L 12/23/2019 - 13:30:44: World triggered "Round_End"
L 12/23/2019 - 13:30:50: World triggered "Round_Start"
L 12/23/2019 - 13:32:11: [REUNION]: abdenather:D (85.118.92.69) authorized as RevEmu
L 12/23/2019 - 13:32:11: "abdenather:D<14><STEAM_2:1:630252266><>" connected, address "85.118.92.69:4392"
L 12/23/2019 - 13:32:16: [REUNION]: abdenather:D (85.118.92.69) authorized as RevEmu
L 12/23/2019 - 13:32:16: "abdenather:D<15><STEAM_2:1:630252266><>" connected, address "85.118.92.69:4392"
L 12/23/2019 - 13:32:22: "abdenather:D<15><STEAM_2:1:630252266><>" entered the game
L 12/23/2019 - 13:32:45: "abdenather:D<15><STEAM_2:1:630252266><>" joined team "TERRORIST"
L 12/23/2019 - 13:32:45: "abdenather:D<15><STEAM_2:1:630252266><TERRORIST>" changed name to "Zumer14"
L 12/23/2019 - 13:33:08: Team "TERRORIST" triggered "Hostages_Not_Rescued" (CT "0") (T "0")
L 12/23/2019 - 13:33:08: World triggered "Round_End"
L 12/23/2019 - 13:33:08: [REUNION]: PapaSmurf (79.100.133.74) authorized as RevEmu
L 12/23/2019 - 13:33:08: "PapaSmurf<16><STEAM_1:0:1394048084><>" connected, address "79.100.133.74:27005"
L 12/23/2019 - 13:33:11: [REUNION]: PapaSmurf (79.100.133.74) authorized as RevEmu
L 12/23/2019 - 13:33:11: "PapaSmurf<17><STEAM_1:0:1394048084><>" connected, address "79.100.133.74:27005"
L 12/23/2019 - 13:33:14: World triggered "Round_Start"
L 12/23/2019 - 13:33:18: "PapaSmurf<17><STEAM_1:0:1394048084><>" entered the game
L 12/23/2019 - 13:33:21: "PapaSmurf<17><STEAM_1:0:1394048084><>" joined team "CT"
L 12/23/2019 - 13:33:21: World triggered "Game_Commencing"
L 12/23/2019 - 13:33:21: World triggered "Game_Commencing" (CT "0") (T "0")
L 12/23/2019 - 13:33:21: World triggered "Round_End"
L 12/23/2019 - 13:33:25: World triggered "Round_Start"
L 12/23/2019 - 13:33:26: [REUNION]: NoVakaa_-_ (212.75.22.10) authorized as RevEmu
L 12/23/2019 - 13:33:26: "NoVakaa_-_<18><STEAM_1:1:443766518><>" connected, address "212.75.22.10:27005"
L 12/23/2019 - 13:33:38: [REUNION]: NoVakaa_-_ (212.75.22.10) authorized as RevEmu
L 12/23/2019 - 13:33:38: "NoVakaa_-_<19><STEAM_1:1:443766518><>" connected, address "212.75.22.10:27005"
L 12/23/2019 - 13:33:44: "NoVakaa_-_<19><STEAM_1:1:443766518><>" entered the game
L 12/23/2019 - 13:33:46: "NoVakaa_-_<19><STEAM_1:1:443766518><>" joined team "CT"
L 12/23/2019 - 13:34:02: "PapaSmurf<17><STEAM_1:0:1394048084><CT>" killed "Zumer14<15><STEAM_2:1:630252266><TERRORIST>" with "usp"
L 12/23/2019 - 13:34:02: Team "CT" triggered "CTs_Win" (CT "1") (T "0")
L 12/23/2019 - 13:34:02: World triggered "Round_End"
L 12/23/2019 - 13:34:08: World triggered "Round_Start"
L 12/23/2019 - 13:34:25: "Zumer14<15><STEAM_2:1:630252266><TERRORIST>" triggered "Killed_A_Hostage"
L 12/23/2019 - 13:34:42: "PapaSmurf<17><STEAM_1:0:1394048084><CT>" killed "Zumer14<15><STEAM_2:1:630252266><TERRORIST>" with "mp5navy"
L 12/23/2019 - 13:34:42: Team "CT" triggered "CTs_Win" (CT "2") (T "0")
L 12/23/2019 - 13:34:42: World triggered "Round_End"
L 12/23/2019 - 13:34:48: World triggered "Round_Start"
L 12/23/2019 - 13:35:06: "Zumer14<15><STEAM_2:1:630252266><TERRORIST>" killed "NoVakaa_-_<19><STEAM_1:1:443766518><CT>" with "tracktrain"
L 12/23/2019 - 13:35:58: "PapaSmurf<17><STEAM_1:0:1394048084><CT>" triggered "Touched_A_Hostage"
L 12/23/2019 - 13:36:53: "NoVakaa_-_<19><STEAM_1:1:443766518><CT>" disconnected
L 12/23/2019 - 13:37:06: Team "TERRORIST" triggered "Hostages_Not_Rescued" (CT "2") (T "1")
L 12/23/2019 - 13:37:06: World triggered "Round_End"
L 12/23/2019 - 13:37:07: [REUNION]: IP 193.42.110.171 banned for 10 minutes for query flooding (PPS: 327)
L 12/23/2019 - 13:37:12: World triggered "Round_Start"
L 12/23/2019 - 13:37:34: [REUNION]: Extensi0n (94.156.52.202) authorized as RevEmu
L 12/23/2019 - 13:37:34: "Extensi0n<20><STEAM_1:1:367629660><>" connected, address "94.156.52.202:27005"
L 12/23/2019 - 13:37:38: [REUNION]: Extensi0n (94.156.52.202) authorized as RevEmu
L 12/23/2019 - 13:37:38: "Extensi0n<21><STEAM_1:1:367629660><>" connected, address "94.156.52.202:27005"
L 12/23/2019 - 13:37:46: "Extensi0n<21><STEAM_1:1:367629660><>" entered the game
L 12/23/2019 - 13:37:50: "Extensi0n<21><STEAM_1:1:367629660><>" joined team "TERRORIST"
L 12/23/2019 - 13:38:04: "PapaSmurf<17><STEAM_1:0:1394048084><CT>" killed "Zumer14<15><STEAM_2:1:630252266><TERRORIST>" with "m249"
L 12/23/2019 - 13:38:04: Team "CT" triggered "CTs_Win" (CT "3") (T "1")
L 12/23/2019 - 13:38:04: World triggered "Round_End"
L 12/23/2019 - 13:38:10: World triggered "Round_Start"
L 12/23/2019 - 13:39:21: [REUNION]: ShadowWmAstErr (109.199.244.42) authorized as NoSteam47
L 12/23/2019 - 13:39:21: "ShadowWmAstErr<22><VALVE_ID_LAN><>" connected, address "109.199.244.42:27005"
L 12/23/2019 - 13:39:34: [REUNION]: ShadowWmAstErr (109.199.244.42) authorized as NoSteam47
L 12/23/2019 - 13:39:34: "ShadowWmAstErr<23><VALVE_ID_LAN><>" connected, address "109.199.244.42:27005"
L 12/23/2019 - 13:39:39: "ShadowWmAstErr<23><VALVE_ID_LAN><>" entered the game
L 12/23/2019 - 13:39:41: "PapaSmurf<17><STEAM_1:0:1394048084><CT>" killed "Zumer14<15><STEAM_2:1:630252266><TERRORIST>" with "deagle"
L 12/23/2019 - 13:39:46: "ShadowWmAstErr<23><VALVE_ID_LAN><>" joined team "CT"
L 12/23/2019 - 13:40:15: Server cvar "amx_nextmap" = "cs_whiteXmas"
L 12/23/2019 - 13:40:28: Team "TERRORIST" triggered "Hostages_Not_Rescued" (CT "3") (T "2")
L 12/23/2019 - 13:40:28: World triggered "Round_End"
L 12/23/2019 - 13:40:33: "PapaSmurf<17><STEAM_1:0:1394048084><CT>" joined team "TERRORIST"
L 12/23/2019 - 13:40:33: "<><><>" triggered "amx_chat" (text "[PTB] Transfered PapaSmurf to TERRORIST")
L 12/23/2019 - 13:40:34: World triggered "Round_Start"
L 12/23/2019 - 13:40:34: Server cvar "sv_maxspeed" = "0.000000"
L 12/23/2019 - 13:40:34: Server cvar "mp_friendlyfire" = "1"
L 12/23/2019 - 13:40:45: Server cvar "sv_maxspeed" = "900.000000"
L 12/23/2019 - 13:40:45: Server cvar "mp_friendlyfire" = "0"
L 12/23/2019 - 13:40:45: [META] ini: Begin re-reading plugins list: /home/rented/public9/cstrike/addons/metamod/plugins.ini
L 12/23/2019 - 13:40:45: [META] ini: Read plugin config for: SafeNameAndChat
L 12/23/2019 - 13:40:46: [META] ini: Read plugin config for: AMX Mod X
L 12/23/2019 - 13:40:46: [META] ini: Read plugin config for: Reunion
L 12/23/2019 - 13:40:46: [META] ini: Read plugin config for: ReAuthCheck
L 12/23/2019 - 13:40:46: [META] ini: Read plugin config for: WHBlocker
L 12/23/2019 - 13:40:46: [META] ini: Read plugin config for: ReSemiclip
L 12/23/2019 - 13:40:46: [META] ini: Read plugin config for: Revoice
L 12/23/2019 - 13:40:46: [META] ini: Finished reading plugins list: /home/rented/public9/cstrike/addons/metamod/plugins.ini; Found 7 plugins
L 12/23/2019 - 13:40:46: [META] dll: Updating plugins...
L 12/23/2019 - 13:40:46: [META] WARNING: Cannot clear plugin 'SafeNameAndChat'; not marked as failed, empty, or open (status=valid)
L 12/23/2019 - 13:40:46: [META] dll: Unloaded plugin 'SafeNameAndChat' for reason 'file on disk is newer'
L 12/23/2019 - 13:40:46: [META] dll: Loaded plugin 'SafeNameAndChat': SafeNameAndChat v1.1 2017.02.01, WPMG.PRoSToC0der
L 12/23/2019 - 13:40:46: [META] WARNING: Cannot clear plugin 'WHBlocker'; not marked as failed, empty, or open (status=valid)
L 12/23/2019 - 13:40:46: [META] dll: Unloaded plugin 'WHBlocker' for reason 'file on disk is newer'
L 12/23/2019 - 13:40:46: [META] dll: Loaded plugin 'WHBlocker': WHBlocker v1.5.692 2017-04-13, s1lent
L 12/23/2019 - 13:40:46: [META] WARNING: Cannot clear plugin 'ReSemiclip'; not marked as failed, empty, or open (status=valid)
L 12/23/2019 - 13:40:46: [META] dll: Unloaded plugin 'ReSemiclip' for reason 'file on disk is newer'
L 12/23/2019 - 13:40:46: [META] dll: Loaded plugin 'ReSemiclip': ReSemiclip v2.3.9 13/02/17, s1lent & Adidasman
L 12/23/2019 - 13:40:46: [META] dll: Finished updating 14 plugins; kept 0, loaded 0, unloaded 0, reloaded 3, delayed 0
L 12/23/2019 - 13:40:46: "Zumer14<15><STEAM_2:1:630252266><TERRORIST>" disconnected
L 12/23/2019 - 13:40:46: "PapaSmurf<17><STEAM_1:0:1394048084><TERRORIST>" disconnected
L 12/23/2019 - 13:40:46: "Extensi0n<21><STEAM_1:1:367629660><TERRORIST>" disconnected
L 12/23/2019 - 13:40:46: "ShadowWmAstErr<23><VALVE_ID_LAN><CT>" disconnected
L 12/23/2019 - 13:40:46: World triggered "Round_Draw" (CT "3") (T "2")
L 12/23/2019 - 13:40:46: World triggered "Round_End"
L 12/23/2019 - 13:40:46: Log file closed
