L 12/21/2019 - 14:09:59: Log file started (file "logs/L1221057.log") (game "cstrike") (version "48/1.1.2.7/Stdio/1621")
L 12/21/2019 - 14:09:59: Loading map "GM_StarWars"
L 12/21/2019 - 14:09:59: Server cvars start
L 12/21/2019 - 14:09:59: Server cvar "@BunnyHopper" = "3.x"
L 12/21/2019 - 14:09:59: Server cvar "@CRXGoSpec" = "1.1"
L 12/21/2019 - 14:09:59: Server cvar "@CRXRemoveImmunity" = "1.0"
L 12/21/2019 - 14:09:59: Server cvar "@D.I.C.E." = "1.1"
L 12/21/2019 - 14:09:59: Server cvar "@MOTDCommands" = "1.2"
L 12/21/2019 - 14:09:59: Server cvar "advanced_quake_sounds" = "5.0"
L 12/21/2019 - 14:09:59: Server cvar "AdvancedMute" = "1.0"
L 12/21/2019 - 14:09:59: Server cvar "aesp_version" = "1.3"
L 12/21/2019 - 14:09:59: Server cvar "allow_spectators" = "1.0"
L 12/21/2019 - 14:09:59: Server cvar "amx_client_languages" = "1"
L 12/21/2019 - 14:09:59: Server cvar "amx_language" = "en"
L 12/21/2019 - 14:09:59: Server cvar "amx_nextmap" = "GM_StarWars"
L 12/21/2019 - 14:09:59: Server cvar "amx_ptb_version" = "1.8b3"
L 12/21/2019 - 14:09:59: Server cvar "amx_timeleft" = "00:00"
L 12/21/2019 - 14:09:59: Server cvar "amxmodx_version" = "1.8.2"
L 12/21/2019 - 14:09:59: Server cvar "amxxbg_vip" = "1.0"
L 12/21/2019 - 14:09:59: Server cvar "asp_version" = "4.5.1"
L 12/21/2019 - 14:09:59: Server cvar "atac_version" = "3.0.1"
L 12/21/2019 - 14:09:59: Server cvar "badcamper_version" = "1.4 beta"
L 12/21/2019 - 14:09:59: Server cvar "blockmaker" = "4.01"
L 12/21/2019 - 14:09:59: Server cvar "c4 timer" = "1.1"
L 12/21/2019 - 14:09:59: Server cvar "coop" = "0"
L 12/21/2019 - 14:09:59: Server cvar "CRXAdminGroups" = "1.0"
L 12/21/2019 - 14:09:59: Server cvar "CRXCommandRestrictions" = "1.0"
L 12/21/2019 - 14:09:59: Server cvar "CRXFastKnife" = "1.0"
L 12/21/2019 - 14:09:59: Server cvar "CRXGametracker" = "2.0"
L 12/21/2019 - 14:09:59: Server cvar "CRXKnifeModels" = "2.5.7"
L 12/21/2019 - 14:09:59: Server cvar "CRXTeamAdvantage" = "1.0"
L 12/21/2019 - 14:09:59: Server cvar "CustomShop" = "4.2"
L 12/21/2019 - 14:09:59: Server cvar "deathmatch" = "1"
L 12/21/2019 - 14:09:59: Server cvar "decalfrequency" = "0"
L 12/21/2019 - 14:09:59: Server cvar "edgefriction" = "2"
L 12/21/2019 - 14:09:59: Server cvar "ers_version" = "2.3c"
L 12/21/2019 - 14:09:59: Server cvar "gagsystem_shoko" = "1.0"
L 12/21/2019 - 14:09:59: Server cvar "gal_mapcyclefile" = "mapcycle.txt"
L 12/21/2019 - 14:09:59: Server cvar "gal_version" = "v5.9.1-926"
L 12/21/2019 - 14:09:59: Server cvar "game_version" = "5.7.0.313-dev"
L 12/21/2019 - 14:09:59: Server cvar "humans_join_team" = "any"
L 12/21/2019 - 14:09:59: Server cvar "jtp10181" = "chute,gore"
L 12/21/2019 - 14:09:59: Server cvar "lawliet" = "ny_RainingSnow"
L 12/21/2019 - 14:09:59: Server cvar "LetitSnow" = "1.0"
L 12/21/2019 - 14:09:59: Server cvar "map_spawns" = "T(16) CT(16)"
L 12/21/2019 - 14:09:59: Server cvar "max_queries_sec" = "3"
L 12/21/2019 - 14:09:59: Server cvar "max_queries_sec_global" = "150"
L 12/21/2019 - 14:09:59: Server cvar "max_queries_window" = "60"
L 12/21/2019 - 14:09:59: Server cvar "mdbBans" = "4.8"
L 12/21/2019 - 14:09:59: Server cvar "metamod_version" = "1.21p37"
L 12/21/2019 - 14:09:59: Server cvar "mp_autokick" = "0"
L 12/21/2019 - 14:09:59: Server cvar "mp_autokick_timeout" = "-1"
L 12/21/2019 - 14:09:59: Server cvar "mp_autoteambalance" = "0"
L 12/21/2019 - 14:09:59: Server cvar "mp_buytime" = "0.25"
L 12/21/2019 - 14:09:59: Server cvar "mp_c4timer" = "35"
L 12/21/2019 - 14:09:59: Server cvar "mp_chattime" = "10.000000"
L 12/21/2019 - 14:09:59: Server cvar "mp_consistency" = "1"
L 12/21/2019 - 14:09:59: Server cvar "mp_fadetoblack" = "0"
L 12/21/2019 - 14:09:59: Server cvar "mp_flashlight" = "1"
L 12/21/2019 - 14:09:59: Server cvar "mp_footsteps" = "1"
L 12/21/2019 - 14:09:59: Server cvar "mp_forcecamera" = "0"
L 12/21/2019 - 14:09:59: Server cvar "mp_forcechasecam" = "0"
L 12/21/2019 - 14:09:59: Server cvar "mp_forcerespawn" = "0"
L 12/21/2019 - 14:09:59: Server cvar "mp_fraglimit" = "0"
L 12/21/2019 - 14:09:59: Server cvar "mp_fragsleft" = "0"
L 12/21/2019 - 14:09:59: Server cvar "mp_freeforall" = "0"
L 12/21/2019 - 14:09:59: Server cvar "mp_freezetime" = "1"
L 12/21/2019 - 14:09:59: Server cvar "mp_friendlyfire" = "0"
L 12/21/2019 - 14:09:59: Server cvar "mp_hostage_hurtable" = "1"
L 12/21/2019 - 14:09:59: Server cvar "mp_hostagepenalty" = "0"
L 12/21/2019 - 14:09:59: Server cvar "mp_item_staytime" = "300"
L 12/21/2019 - 14:09:59: Server cvar "mp_kickpercent" = "0.66"
L 12/21/2019 - 14:09:59: Server cvar "mp_legacy_bombtarget_touch" = "1"
L 12/21/2019 - 14:09:59: Server cvar "mp_limitteams" = "0"
L 12/21/2019 - 14:09:59: Server cvar "mp_logdetail" = "0"
L 12/21/2019 - 14:09:59: Server cvar "mp_logfile" = "1"
L 12/21/2019 - 14:09:59: Server cvar "mp_logmessages" = "1"
L 12/21/2019 - 14:09:59: Server cvar "mp_mapvoteratio" = "0.66"
L 12/21/2019 - 14:09:59: Server cvar "mp_maxmoney" = "999999"
L 12/21/2019 - 14:09:59: Server cvar "mp_maxrounds" = "0"
L 12/21/2019 - 14:09:59: Server cvar "mp_mirrordamage" = "0"
L 12/21/2019 - 14:09:59: Server cvar "mp_old_bomb_defused_sound" = "1"
L 12/21/2019 - 14:09:59: Server cvar "mp_playerid" = "0"
L 12/21/2019 - 14:09:59: Server cvar "mp_respawn_immunitytime" = "0"
L 12/21/2019 - 14:09:59: Server cvar "mp_round_infinite" = "0"
L 12/21/2019 - 14:09:59: Server cvar "mp_round_restart_delay" = "5"
L 12/21/2019 - 14:09:59: Server cvar "mp_roundover" = "0"
L 12/21/2019 - 14:09:59: Server cvar "mp_roundtime" = "2.3"
L 12/21/2019 - 14:09:59: Server cvar "mp_show_radioicon" = "1"
L 12/21/2019 - 14:09:59: Server cvar "mp_startmoney" = "850"
L 12/21/2019 - 14:09:59: Server cvar "mp_timeleft" = "00:00"
L 12/21/2019 - 14:09:59: Server cvar "mp_timelimit" = "20.000000"
L 12/21/2019 - 14:09:59: Server cvar "mp_tkpunish" = "0"
L 12/21/2019 - 14:09:59: Server cvar "mp_windifference" = "1"
L 12/21/2019 - 14:09:59: Server cvar "mp_winlimit" = "0"
L 12/21/2019 - 14:09:59: Server cvar "NoWeaponsOnGround" = "1.0"
L 12/21/2019 - 14:09:59: Server cvar "pausable" = "0"
L 12/21/2019 - 14:09:59: Server cvar "present_version" = "2.01"
L 12/21/2019 - 14:09:59: Server cvar "RandomHP" = "2.2"
L 12/21/2019 - 14:09:59: Server cvar "reauthcheck_version" = "0.1.6"
L 12/21/2019 - 14:09:59: Server cvar "reconnect_features" = "0.3.1"
L 12/21/2019 - 14:09:59: Server cvar "report_system_version" = "3.1"
L 12/21/2019 - 14:09:59: Server cvar "resemiclip_version" = "2.3.9"
L 12/21/2019 - 14:09:59: Server cvar "reu_version" = "0.1.0.130"
L 12/21/2019 - 14:09:59: Server cvar "revoice_version" = "0.1.0.30"
L 12/21/2019 - 14:09:59: Server cvar "RRWM" = "2.0"
L 12/21/2019 - 14:09:59: Server cvar "sanksounds_version" = "1.8.6"
L 12/21/2019 - 14:09:59: Server cvar "SimpleMenu" = "1.1"
L 12/21/2019 - 14:09:59: Server cvar "SNAC_Version" = "1.1"
L 12/21/2019 - 14:09:59: Server cvar "SpecList" = "1.2a"
L 12/21/2019 - 14:09:59: Server cvar "sr_version" = "1.6"
L 12/21/2019 - 14:09:59: Server cvar "statsx_shell_ver" = "2.0.0 (BETA)"
L 12/21/2019 - 14:09:59: Server cvar "StyleC4Timer" = "2.1"
L 12/21/2019 - 14:09:59: Server cvar "sv_accelerate" = "5"
L 12/21/2019 - 14:09:59: Server cvar "sv_aim" = "1"
L 12/21/2019 - 14:09:59: Server cvar "sv_airaccelerate" = "100"
L 12/21/2019 - 14:09:59: Server cvar "sv_allowupload" = "1"
L 12/21/2019 - 14:09:59: Server cvar "sv_alltalk" = "1"
L 12/21/2019 - 14:09:59: Server cvar "sv_bounce" = "1"
L 12/21/2019 - 14:09:59: Server cvar "sv_cheats" = "0"
L 12/21/2019 - 14:09:59: Server cvar "sv_clienttrace" = "1"
L 12/21/2019 - 14:09:59: Server cvar "sv_contact" = "feruchio599@gmail.com"
L 12/21/2019 - 14:09:59: Server cvar "sv_friction" = "4"
L 12/21/2019 - 14:09:59: Server cvar "sv_gravity" = "800"
L 12/21/2019 - 14:09:59: Server cvar "sv_logblocks" = "0"
L 12/21/2019 - 14:09:59: Server cvar "sv_maxrate" = "50000"
L 12/21/2019 - 14:09:59: Server cvar "sv_maxspeed" = "900.000000"
L 12/21/2019 - 14:09:59: Server cvar "sv_minrate" = "10000"
L 12/21/2019 - 14:09:59: Server cvar "sv_password" = ""
L 12/21/2019 - 14:09:59: Server cvar "sv_proxies" = "1"
L 12/21/2019 - 14:09:59: Server cvar "sv_restart" = "0"
L 12/21/2019 - 14:09:59: Server cvar "sv_restartround" = "0"
L 12/21/2019 - 14:09:59: Server cvar "sv_stepsize" = "18"
L 12/21/2019 - 14:09:59: Server cvar "sv_stopspeed" = "75"
L 12/21/2019 - 14:09:59: Server cvar "sv_uploadmax" = "0.5"
L 12/21/2019 - 14:09:59: Server cvar "sv_version" = "1.1.2.7/Stdio,48,1621"
L 12/21/2019 - 14:09:59: Server cvar "sv_voiceenable" = "1"
L 12/21/2019 - 14:09:59: Server cvar "sv_wateraccelerate" = "10"
L 12/21/2019 - 14:09:59: Server cvar "sv_waterfriction" = "1"
L 12/21/2019 - 14:09:59: Server cvar "Team_Semiclip_version" = "3.3.1"
L 12/21/2019 - 14:09:59: Server cvar "vehicle_real_killer" = "1.1"
L 12/21/2019 - 14:09:59: Server cvar "WalkGuard" = "1.3.2"
L 12/21/2019 - 14:09:59: Server cvar "we_grenades" = "Huehue"
L 12/21/2019 - 14:09:59: Server cvar "we_player_models" = "Huehue"
L 12/21/2019 - 14:09:59: Server cvar "whb_version" = "1.5.692"
L 12/21/2019 - 14:09:59: Server cvar "zp_jp_version" = "Extra Item Jetpack+Bazooka v3.2"
L 12/21/2019 - 14:09:59: Server cvars end
L 12/21/2019 - 14:10:02: Server cvar "sv_maxspeed" = "900"
L 12/21/2019 - 14:10:02: Server cvar "mp_autoteambalance" = "1"
L 12/21/2019 - 14:10:02: Server cvar "mp_timelimit" = "20"
L 12/21/2019 - 14:10:02: Server cvar "mp_autoteambalance" = "0"
L 12/21/2019 - 14:10:02: Server cvar "amx_nextmap" = "[not yet voted on]"
L 12/21/2019 - 14:10:04: Started map "GM_StarWars" (CRC "1861694934")
L 12/21/2019 - 14:10:06: World triggered "Round_Start"
L 12/21/2019 - 14:10:23: "fun da king<59><STEAM_1:0:1655898477><>" entered the game
L 12/21/2019 - 14:10:33: "fun da king<59><STEAM_1:0:1655898477><>" joined team "CT"
L 12/21/2019 - 14:12:24: "fun da king<59><STEAM_1:0:1655898477><CT>" committed suicide with "world"
L 12/21/2019 - 14:12:24: World triggered "Round_Draw" (CT "0") (T "0")
L 12/21/2019 - 14:12:24: World triggered "Round_End"
L 12/21/2019 - 14:12:30: World triggered "Round_Start"
L 12/21/2019 - 14:14:48: "fun da king<59><STEAM_1:0:1655898477><CT>" committed suicide with "world"
L 12/21/2019 - 14:14:48: World triggered "Round_Draw" (CT "0") (T "0")
L 12/21/2019 - 14:14:48: World triggered "Round_End"
L 12/21/2019 - 14:14:54: World triggered "Round_Start"
L 12/21/2019 - 14:16:43: [REUNION]: mohemed (156.205.86.34) authorized as RevEmu
L 12/21/2019 - 14:16:43: "mohemed<62><STEAM_2:0:343338069><>" connected, address "156.205.86.34:27005"
L 12/21/2019 - 14:17:12: "fun da king<59><STEAM_1:0:1655898477><CT>" committed suicide with "world"
L 12/21/2019 - 14:17:12: World triggered "Round_Draw" (CT "0") (T "0")
L 12/21/2019 - 14:17:12: World triggered "Round_End"
L 12/21/2019 - 14:17:15: [REUNION]: mohemed (156.205.86.34) authorized as RevEmu
L 12/21/2019 - 14:17:15: "mohemed<63><STEAM_2:0:343338069><>" connected, address "156.205.86.34:27005"
L 12/21/2019 - 14:17:18: World triggered "Round_Start"
L 12/21/2019 - 14:17:19: "fun da king<59><STEAM_1:0:1655898477><CT>" committed suicide with "world"
L 12/21/2019 - 14:17:19: World triggered "Round_Draw" (CT "0") (T "0")
L 12/21/2019 - 14:17:19: World triggered "Round_End"
L 12/21/2019 - 14:17:19: "fun da king<59><STEAM_1:0:1655898477><CT>" joined team "TERRORIST"
L 12/21/2019 - 14:17:25: "mohemed<63><STEAM_2:0:343338069><>" entered the game
L 12/21/2019 - 14:17:25: World triggered "Round_Start"
L 12/21/2019 - 14:17:32: "mohemed<63><STEAM_2:0:343338069><>" joined team "CT"
L 12/21/2019 - 14:17:33: World triggered "Game_Commencing"
L 12/21/2019 - 14:17:33: World triggered "Game_Commencing" (CT "0") (T "0")
L 12/21/2019 - 14:17:33: World triggered "Round_End"
L 12/21/2019 - 14:17:37: World triggered "Round_Start"
L 12/21/2019 - 14:18:03: "fun da king<59><STEAM_1:0:1655898477><TERRORIST>" killed "mohemed<63><STEAM_2:0:343338069><CT>" with "glock18"
L 12/21/2019 - 14:18:03: Team "TERRORIST" triggered "Terrorists_Win" (CT "0") (T "1")
L 12/21/2019 - 14:18:03: World triggered "Round_End"
L 12/21/2019 - 14:18:09: World triggered "Round_Start"
L 12/21/2019 - 14:20:27: "fun da king<59><STEAM_1:0:1655898477><TERRORIST>" committed suicide with "world"
L 12/21/2019 - 14:20:27: Team "CT" triggered "CTs_Win" (CT "1") (T "1")
L 12/21/2019 - 14:20:27: World triggered "Round_End"
L 12/21/2019 - 14:20:27: "mohemed<63><STEAM_2:0:343338069><CT>" committed suicide with "world"
L 12/21/2019 - 14:20:33: World triggered "Round_Start"
L 12/21/2019 - 14:22:07: "fun da king<59><STEAM_1:0:1655898477><TERRORIST>" killed "mohemed<63><STEAM_2:0:343338069><CT>" with "ak47"
L 12/21/2019 - 14:22:07: Team "TERRORIST" triggered "Terrorists_Win" (CT "1") (T "2")
L 12/21/2019 - 14:22:07: World triggered "Round_End"
L 12/21/2019 - 14:22:13: World triggered "Round_Start"
L 12/21/2019 - 14:22:43: "mohemed<63><STEAM_2:0:343338069><CT>" killed "fun da king<59><STEAM_1:0:1655898477><TERRORIST>" with "mp5navy"
L 12/21/2019 - 14:22:43: Team "CT" triggered "CTs_Win" (CT "2") (T "2")
L 12/21/2019 - 14:22:43: World triggered "Round_End"
L 12/21/2019 - 14:22:49: World triggered "Round_Start"
L 12/21/2019 - 14:23:18: "fun da king<59><STEAM_1:0:1655898477><TERRORIST>" killed "mohemed<63><STEAM_2:0:343338069><CT>" with "ak47"
L 12/21/2019 - 14:23:18: Team "TERRORIST" triggered "Terrorists_Win" (CT "2") (T "3")
L 12/21/2019 - 14:23:18: World triggered "Round_End"
L 12/21/2019 - 14:23:24: World triggered "Round_Start"
L 12/21/2019 - 14:23:36: "fun da king<59><STEAM_1:0:1655898477><TERRORIST>" killed "mohemed<63><STEAM_2:0:343338069><CT>" with "ak47"
L 12/21/2019 - 14:23:36: Team "TERRORIST" triggered "Terrorists_Win" (CT "2") (T "4")
L 12/21/2019 - 14:23:36: World triggered "Round_End"
L 12/21/2019 - 14:23:42: World triggered "Round_Start"
L 12/21/2019 - 14:23:53: "fun da king<59><STEAM_1:0:1655898477><TERRORIST>" killed "mohemed<63><STEAM_2:0:343338069><CT>" with "sg550"
L 12/21/2019 - 14:23:53: Team "TERRORIST" triggered "Terrorists_Win" (CT "2") (T "5")
L 12/21/2019 - 14:23:53: World triggered "Round_End"
L 12/21/2019 - 14:23:59: World triggered "Round_Start"
L 12/21/2019 - 14:24:41: "fun da king<59><STEAM_1:0:1655898477><TERRORIST>" killed "mohemed<63><STEAM_2:0:343338069><CT>" with "sg550"
L 12/21/2019 - 14:24:41: Team "TERRORIST" triggered "Terrorists_Win" (CT "2") (T "6")
L 12/21/2019 - 14:24:41: World triggered "Round_End"
L 12/21/2019 - 14:24:47: World triggered "Round_Start"
L 12/21/2019 - 14:24:59: "fun da king<59><STEAM_1:0:1655898477><TERRORIST>" killed "mohemed<63><STEAM_2:0:343338069><CT>" with "scout"
L 12/21/2019 - 14:24:59: Team "TERRORIST" triggered "Terrorists_Win" (CT "2") (T "7")
L 12/21/2019 - 14:24:59: World triggered "Round_End"
L 12/21/2019 - 14:25:04: [REUNION]: +-->Kllier`Boss<--+ (85.113.98.208) authorized as RevEmu
L 12/21/2019 - 14:25:04: "+-->Kllier`Boss<--+<64><STEAM_1:1:1316058917><>" connected, address "85.113.98.208:27229"
L 12/21/2019 - 14:25:05: World triggered "Round_Start"
L 12/21/2019 - 14:25:15: "+-->Kllier`Boss<--+<64><STEAM_1:1:1316058917><>" entered the game
L 12/21/2019 - 14:25:25: "+-->Kllier`Boss<--+<64><STEAM_1:1:1316058917><>" joined team "TERRORIST"
L 12/21/2019 - 14:25:40: "fun da king<59><STEAM_1:0:1655898477><TERRORIST>" killed "mohemed<63><STEAM_2:0:343338069><CT>" with "scout"
L 12/21/2019 - 14:25:40: Team "TERRORIST" triggered "Terrorists_Win" (CT "2") (T "8")
L 12/21/2019 - 14:25:40: World triggered "Round_End"
L 12/21/2019 - 14:25:46: World triggered "Round_Start"
L 12/21/2019 - 14:26:42: "fun da king<59><STEAM_1:0:1655898477><TERRORIST>" killed "mohemed<63><STEAM_2:0:343338069><CT>" with "usp"
L 12/21/2019 - 14:26:42: Team "TERRORIST" triggered "Terrorists_Win" (CT "2") (T "9")
L 12/21/2019 - 14:26:42: World triggered "Round_End"
L 12/21/2019 - 14:26:48: World triggered "Round_Start"
L 12/21/2019 - 14:27:12: "+-->Kllier`Boss<--+<64><STEAM_1:1:1316058917><TERRORIST>" killed "mohemed<63><STEAM_2:0:343338069><CT>" with "knife"
L 12/21/2019 - 14:27:12: Team "TERRORIST" triggered "Terrorists_Win" (CT "2") (T "10")
L 12/21/2019 - 14:27:12: World triggered "Round_End"
L 12/21/2019 - 14:27:18: World triggered "Round_Start"
L 12/21/2019 - 14:27:30: "fun da king<59><STEAM_1:0:1655898477><TERRORIST>" killed "mohemed<63><STEAM_2:0:343338069><CT>" with "ak47"
L 12/21/2019 - 14:27:30: Team "TERRORIST" triggered "Terrorists_Win" (CT "2") (T "11")
L 12/21/2019 - 14:27:30: World triggered "Round_End"
L 12/21/2019 - 14:27:36: World triggered "Round_Start"
L 12/21/2019 - 14:27:59: "mohemed<63><STEAM_2:0:343338069><CT>" killed "fun da king<59><STEAM_1:0:1655898477><TERRORIST>" with "famas"
L 12/21/2019 - 14:28:46: "+-->Kllier`Boss<--+<64><STEAM_1:1:1316058917><TERRORIST>" disconnected
L 12/21/2019 - 14:28:46: Team "CT" triggered "CTs_Win" (CT "3") (T "11")
L 12/21/2019 - 14:28:46: World triggered "Round_End"
L 12/21/2019 - 14:28:46: [REUNION]: +-->Kllier`Boss<--+ (85.113.98.208) authorized as RevEmu
L 12/21/2019 - 14:28:46: "+-->Kllier`Boss<--+<65><STEAM_1:1:1316058917><>" connected, address "85.113.98.208:27229"
L 12/21/2019 - 14:28:48: "mohemed<63><STEAM_2:0:343338069><CT>" committed suicide with "worldspawn" (world)
L 12/21/2019 - 14:28:52: World triggered "Round_Start"
L 12/21/2019 - 14:28:57: "+-->Kllier`Boss<--+<65><STEAM_1:1:1316058917><>" entered the game
L 12/21/2019 - 14:29:03: "+-->Kllier`Boss<--+<65><STEAM_1:1:1316058917><>" joined team "TERRORIST"
L 12/21/2019 - 14:29:50: "fun da king<59><STEAM_1:0:1655898477><TERRORIST>" killed "mohemed<63><STEAM_2:0:343338069><CT>" with "ak47"
L 12/21/2019 - 14:29:50: Team "TERRORIST" triggered "Terrorists_Win" (CT "3") (T "12")
L 12/21/2019 - 14:29:50: World triggered "Round_End"
L 12/21/2019 - 14:29:54: "+-->Kllier`Boss<--+<65><STEAM_1:1:1316058917><TERRORIST>" committed suicide with "worldspawn" (world)
L 12/21/2019 - 14:29:56: World triggered "Round_Start"
L 12/21/2019 - 14:30:25: "+-->Kllier`Boss<--+<65><STEAM_1:1:1316058917><TERRORIST>" killed "mohemed<63><STEAM_2:0:343338069><CT>" with "ak47"
L 12/21/2019 - 14:30:25: Team "TERRORIST" triggered "Terrorists_Win" (CT "3") (T "13")
L 12/21/2019 - 14:30:25: World triggered "Round_End"
L 12/21/2019 - 14:30:31: World triggered "Round_Start"
L 12/21/2019 - 14:30:45: "fun da king<59><STEAM_1:0:1655898477><TERRORIST>" killed "mohemed<63><STEAM_2:0:343338069><CT>" with "ak47"
L 12/21/2019 - 14:30:45: Team "TERRORIST" triggered "Terrorists_Win" (CT "3") (T "14")
L 12/21/2019 - 14:30:45: World triggered "Round_End"
L 12/21/2019 - 14:30:51: World triggered "Round_Start"
L 12/21/2019 - 14:31:08: "mohemed<63><STEAM_2:0:343338069><CT>" killed "fun da king<59><STEAM_1:0:1655898477><TERRORIST>" with "p90"
L 12/21/2019 - 14:31:15: "+-->Kllier`Boss<--+<65><STEAM_1:1:1316058917><TERRORIST>" killed "mohemed<63><STEAM_2:0:343338069><CT>" with "m4a1"
L 12/21/2019 - 14:31:15: Team "TERRORIST" triggered "Terrorists_Win" (CT "3") (T "15")
L 12/21/2019 - 14:31:15: World triggered "Round_End"
L 12/21/2019 - 14:31:21: World triggered "Round_Start"
L 12/21/2019 - 14:31:34: "fun da king<59><STEAM_1:0:1655898477><TERRORIST>" killed "mohemed<63><STEAM_2:0:343338069><CT>" with "tmp"
L 12/21/2019 - 14:31:34: Team "TERRORIST" triggered "Terrorists_Win" (CT "3") (T "16")
L 12/21/2019 - 14:31:34: World triggered "Round_End"
L 12/21/2019 - 14:31:40: "mohemed<63><STEAM_2:0:343338069><CT>" disconnected
L 12/21/2019 - 14:31:40: World triggered "Round_Start"
L 12/21/2019 - 14:31:56: "fun da king<59><STEAM_1:0:1655898477><TERRORIST>" committed suicide with "world"
L 12/21/2019 - 14:31:56: "fun da king<59><STEAM_1:0:1655898477><TERRORIST>" joined team "CT"
L 12/21/2019 - 14:31:56: World triggered "Game_Commencing"
L 12/21/2019 - 14:31:56: World triggered "Game_Commencing" (CT "3") (T "16")
L 12/21/2019 - 14:31:56: World triggered "Round_End"
L 12/21/2019 - 14:32:00: World triggered "Round_Start"
L 12/21/2019 - 14:32:29: "fun da king<59><STEAM_1:0:1655898477><CT>" killed "+-->Kllier`Boss<--+<65><STEAM_1:1:1316058917><TERRORIST>" with "usp"
L 12/21/2019 - 14:32:29: Team "CT" triggered "CTs_Win" (CT "1") (T "0")
L 12/21/2019 - 14:32:29: World triggered "Round_End"
L 12/21/2019 - 14:32:35: World triggered "Round_Start"
L 12/21/2019 - 14:33:18: "fun da king<59><STEAM_1:0:1655898477><CT>" killed "+-->Kllier`Boss<--+<65><STEAM_1:1:1316058917><TERRORIST>" with "m4a1"
L 12/21/2019 - 14:33:18: Team "CT" triggered "CTs_Win" (CT "2") (T "0")
L 12/21/2019 - 14:33:18: World triggered "Round_End"
L 12/21/2019 - 14:33:24: World triggered "Round_Start"
L 12/21/2019 - 14:34:14: "fun da king<59><STEAM_1:0:1655898477><CT>" killed "+-->Kllier`Boss<--+<65><STEAM_1:1:1316058917><TERRORIST>" with "awp"
L 12/21/2019 - 14:34:14: Team "CT" triggered "CTs_Win" (CT "3") (T "0")
L 12/21/2019 - 14:34:14: World triggered "Round_End"
L 12/21/2019 - 14:34:20: World triggered "Round_Start"
L 12/21/2019 - 14:34:23: "+-->Kllier`Boss<--+<65><STEAM_1:1:1316058917><TERRORIST>" disconnected
L 12/21/2019 - 14:35:17: [REUNION]: nemene meskovica (95.85.135.195) authorized as RevEmu
L 12/21/2019 - 14:35:17: "nemene meskovica<66><STEAM_1:1:473357904><>" connected, address "95.85.135.195:27005"
L 12/21/2019 - 14:36:38: "fun da king<59><STEAM_1:0:1655898477><CT>" committed suicide with "world"
L 12/21/2019 - 14:36:38: World triggered "Round_Draw" (CT "3") (T "0")
L 12/21/2019 - 14:36:38: World triggered "Round_End"
L 12/21/2019 - 14:36:44: World triggered "Round_Start"
L 12/21/2019 - 14:38:56: "fun da king<59><STEAM_1:0:1655898477><CT>" committed suicide with "world"
L 12/21/2019 - 14:38:56: World triggered "Round_Draw" (CT "3") (T "0")
L 12/21/2019 - 14:38:56: World triggered "Round_End"
L 12/21/2019 - 14:38:56: "fun da king<59><STEAM_1:0:1655898477><CT>" joined team "SPECTATOR"
L 12/21/2019 - 14:39:02: World triggered "Round_Start"
L 12/21/2019 - 14:42:25: [REUNION]: mohemed (156.205.86.34) authorized as RevEmu
L 12/21/2019 - 14:42:25: "mohemed<67><STEAM_2:0:343338069><>" connected, address "156.205.86.34:27005"
L 12/21/2019 - 14:42:38: "mohemed<67><STEAM_2:0:343338069><>" entered the game
L 12/21/2019 - 14:42:43: "mohemed<67><STEAM_2:0:343338069><>" joined team "CT"
L 12/21/2019 - 14:44:41: "mohemed<67><STEAM_2:0:343338069><CT>" disconnected
L 12/21/2019 - 14:44:41: World triggered "Round_Draw" (CT "3") (T "0")
L 12/21/2019 - 14:44:41: World triggered "Round_End"
L 12/21/2019 - 14:44:47: World triggered "Round_Start"
L 12/21/2019 - 14:50:51: [REUNION]: Master4Counter (24.135.196.245) authorized as RevEmu
L 12/21/2019 - 14:50:51: "Master4Counter<68><STEAM_1:0:91179968><>" connected, address "24.135.196.245:27005"
L 12/21/2019 - 14:51:09: "Master4Counter<68><STEAM_1:0:91179968><>" entered the game
L 12/21/2019 - 14:51:14: "Master4Counter<68><STEAM_1:0:91179968><>" joined team "TERRORIST"
L 12/21/2019 - 14:51:33: Server cvar "mp_timelimit" = "0.000000"
L 12/21/2019 - 14:53:27: "Master4Counter<68><STEAM_1:0:91179968><TERRORIST>" committed suicide with "world"
L 12/21/2019 - 14:53:27: World triggered "Round_Draw" (CT "3") (T "0")
L 12/21/2019 - 14:53:27: World triggered "Round_End"
L 12/21/2019 - 14:53:31: [REUNION]: <Warrior> Player (87.116.176.173) authorized as RevEmu
L 12/21/2019 - 14:53:31: "<Warrior> Player<69><STEAM_1:1:814295510><>" connected, address "87.116.176.173:64977"
L 12/21/2019 - 14:53:33: World triggered "Round_Start"
L 12/21/2019 - 14:54:03: [REUNION]: <Warrior> Player (87.116.176.173) authorized as RevEmu
L 12/21/2019 - 14:54:03: "<Warrior> Player<70><STEAM_1:1:814295510><>" connected, address "87.116.176.173:64977"
L 12/21/2019 - 14:54:09: "<Warrior> Player<70><STEAM_1:1:814295510><>" entered the game
L 12/21/2019 - 14:54:15: "<Warrior> Player<70><STEAM_1:1:814295510><>" joined team "CT"
L 12/21/2019 - 14:54:16: World triggered "Game_Commencing"
L 12/21/2019 - 14:54:16: World triggered "Game_Commencing" (CT "3") (T "0")
L 12/21/2019 - 14:54:16: World triggered "Round_End"
L 12/21/2019 - 14:54:20: World triggered "Round_Start"
L 12/21/2019 - 14:54:21: Server cvar "mp_timelimit" = "20.000000"
L 12/21/2019 - 14:54:41: "<Warrior> Player<70><STEAM_1:1:814295510><CT>" changed name to "Aksha"
L 12/21/2019 - 14:55:08: "Aksha<70><STEAM_1:1:814295510><CT>" killed "Master4Counter<68><STEAM_1:0:91179968><TERRORIST>" with "usp"
L 12/21/2019 - 14:55:08: Team "CT" triggered "CTs_Win" (CT "1") (T "0")
L 12/21/2019 - 14:55:08: World triggered "Round_End"
L 12/21/2019 - 14:55:14: World triggered "Round_Start"
L 12/21/2019 - 14:55:50: "Aksha<70><STEAM_1:1:814295510><CT>" killed "Master4Counter<68><STEAM_1:0:91179968><TERRORIST>" with "m4a1"
L 12/21/2019 - 14:55:50: Team "CT" triggered "CTs_Win" (CT "2") (T "0")
L 12/21/2019 - 14:55:50: World triggered "Round_End"
L 12/21/2019 - 14:55:56: World triggered "Round_Start"
L 12/21/2019 - 14:57:24: "Aksha<70><STEAM_1:1:814295510><CT>" killed "Master4Counter<68><STEAM_1:0:91179968><TERRORIST>" with "fiveseven"
L 12/21/2019 - 14:57:24: Team "CT" triggered "CTs_Win" (CT "3") (T "0")
L 12/21/2019 - 14:57:24: World triggered "Round_End"
L 12/21/2019 - 14:57:30: World triggered "Round_Start"
L 12/21/2019 - 14:57:36: [REUNION]: mohemed (156.205.86.34) authorized as RevEmu
L 12/21/2019 - 14:57:36: "mohemed<71><STEAM_2:0:343338069><>" connected, address "156.205.86.34:27005"
L 12/21/2019 - 14:57:40: [REUNION]: mohemed (156.205.86.34) authorized as RevEmu
L 12/21/2019 - 14:57:40: "mohemed<72><STEAM_2:0:343338069><>" connected, address "156.205.86.34:27005"
L 12/21/2019 - 14:57:56: Kick: "fun da king<59><STEAM_1:0:1655898477><>" was kicked by "Console" (message ""Away From Keyboard (AFK)"")
L 12/21/2019 - 14:57:56: "fun da king<59><STEAM_1:0:1655898477><SPECTATOR>" disconnected
L 12/21/2019 - 14:58:08: "Aksha<70><STEAM_1:1:814295510><CT>" committed suicide with "worldspawn" (world)
L 12/21/2019 - 14:58:08: Team "TERRORIST" triggered "Terrorists_Win" (CT "3") (T "1")
L 12/21/2019 - 14:58:08: World triggered "Round_End"
L 12/21/2019 - 14:58:14: World triggered "Round_Start"
L 12/21/2019 - 14:58:39: "Aksha<70><STEAM_1:1:814295510><CT>" killed "Master4Counter<68><STEAM_1:0:91179968><TERRORIST>" with "m4a1"
L 12/21/2019 - 14:58:39: Team "CT" triggered "CTs_Win" (CT "4") (T "1")
L 12/21/2019 - 14:58:39: World triggered "Round_End"
L 12/21/2019 - 14:58:45: World triggered "Round_Start"
L 12/21/2019 - 14:58:59: "Aksha<70><STEAM_1:1:814295510><CT>" killed "Master4Counter<68><STEAM_1:0:91179968><TERRORIST>" with "deagle"
L 12/21/2019 - 14:58:59: Team "CT" triggered "CTs_Win" (CT "5") (T "1")
L 12/21/2019 - 14:58:59: World triggered "Round_End"
L 12/21/2019 - 14:59:05: World triggered "Round_Start"
L 12/21/2019 - 14:59:40: "Aksha<70><STEAM_1:1:814295510><CT>" killed "Master4Counter<68><STEAM_1:0:91179968><TERRORIST>" with "deagle"
L 12/21/2019 - 14:59:40: Team "CT" triggered "CTs_Win" (CT "6") (T "1")
L 12/21/2019 - 14:59:40: World triggered "Round_End"
L 12/21/2019 - 14:59:46: World triggered "Round_Start"
L 12/21/2019 - 15:01:50: "Aksha<70><STEAM_1:1:814295510><CT>" killed "Master4Counter<68><STEAM_1:0:91179968><TERRORIST>" with "m4a1"
L 12/21/2019 - 15:01:50: Team "CT" triggered "CTs_Win" (CT "7") (T "1")
L 12/21/2019 - 15:01:50: World triggered "Round_End"
L 12/21/2019 - 15:01:56: World triggered "Round_Start"
L 12/21/2019 - 15:02:27: "Aksha<70><STEAM_1:1:814295510><CT>" killed "Master4Counter<68><STEAM_1:0:91179968><TERRORIST>" with "knife"
L 12/21/2019 - 15:02:27: Team "CT" triggered "CTs_Win" (CT "8") (T "1")
L 12/21/2019 - 15:02:27: World triggered "Round_End"
L 12/21/2019 - 15:02:33: World triggered "Round_Start"
L 12/21/2019 - 15:03:08: "Aksha<70><STEAM_1:1:814295510><CT>" killed "Master4Counter<68><STEAM_1:0:91179968><TERRORIST>" with "deagle"
L 12/21/2019 - 15:03:08: Team "CT" triggered "CTs_Win" (CT "9") (T "1")
L 12/21/2019 - 15:03:08: World triggered "Round_End"
L 12/21/2019 - 15:03:14: World triggered "Round_Start"
L 12/21/2019 - 15:03:44: "Aksha<70><STEAM_1:1:814295510><CT>" killed "Master4Counter<68><STEAM_1:0:91179968><TERRORIST>" with "m4a1"
L 12/21/2019 - 15:03:44: Team "CT" triggered "CTs_Win" (CT "10") (T "1")
L 12/21/2019 - 15:03:44: World triggered "Round_End"
L 12/21/2019 - 15:03:50: World triggered "Round_Start"
L 12/21/2019 - 15:04:06: "Master4Counter<68><STEAM_1:0:91179968><TERRORIST>" killed "Aksha<70><STEAM_1:1:814295510><CT>" with "ak47"
L 12/21/2019 - 15:04:06: Team "TERRORIST" triggered "Terrorists_Win" (CT "10") (T "2")
L 12/21/2019 - 15:04:06: World triggered "Round_End"
L 12/21/2019 - 15:04:12: World triggered "Round_Start"
L 12/21/2019 - 15:05:17: "Master4Counter<68><STEAM_1:0:91179968><TERRORIST>" killed "Aksha<70><STEAM_1:1:814295510><CT>" with "ak47"
L 12/21/2019 - 15:05:17: Team "TERRORIST" triggered "Terrorists_Win" (CT "10") (T "3")
L 12/21/2019 - 15:05:17: World triggered "Round_End"
L 12/21/2019 - 15:05:23: World triggered "Round_Start"
L 12/21/2019 - 15:05:40: [REUNION]: zergo (93.86.25.119) authorized as RevEmu
L 12/21/2019 - 15:05:40: "zergo<73><STEAM_1:0:1564342469><>" connected, address "93.86.25.119:27005"
L 12/21/2019 - 15:05:46: [REUNION]: zergo (93.86.25.119) authorized as RevEmu
L 12/21/2019 - 15:05:46: "zergo<74><STEAM_1:0:1564342469><>" connected, address "93.86.25.119:27005"
L 12/21/2019 - 15:05:58: "zergo<74><STEAM_1:0:1564342469><>" entered the game
L 12/21/2019 - 15:05:58: "Aksha<70><STEAM_1:1:814295510><CT>" killed "Master4Counter<68><STEAM_1:0:91179968><TERRORIST>" with "m4a1"
L 12/21/2019 - 15:05:58: Team "CT" triggered "CTs_Win" (CT "11") (T "3")
L 12/21/2019 - 15:05:58: World triggered "Round_End"
L 12/21/2019 - 15:06:02: "zergo<74><STEAM_1:0:1564342469><>" joined team "CT"
L 12/21/2019 - 15:06:04: World triggered "Round_Start"
L 12/21/2019 - 15:06:09: [REUNION]: zdr (217.75.154.140) authorized as RevEmu
L 12/21/2019 - 15:06:09: "zdr<75><STEAM_1:1:309594971><>" connected, address "217.75.154.140:27005"
L 12/21/2019 - 15:06:20: [REUNION]: zdr (217.75.154.140) authorized as RevEmu
L 12/21/2019 - 15:06:20: "zdr<76><STEAM_1:1:309594971><>" connected, address "217.75.154.140:27005"
L 12/21/2019 - 15:06:36: "zdr<76><STEAM_1:1:309594971><>" entered the game
L 12/21/2019 - 15:06:47: "Aksha<70><STEAM_1:1:814295510><CT>" killed "Master4Counter<68><STEAM_1:0:91179968><TERRORIST>" with "m4a1"
L 12/21/2019 - 15:06:47: Team "CT" triggered "CTs_Win" (CT "12") (T "3")
L 12/21/2019 - 15:06:47: World triggered "Round_End"
L 12/21/2019 - 15:06:51: "Aksha<70><STEAM_1:1:814295510><CT>" joined team "TERRORIST"
L 12/21/2019 - 15:06:51: "<><><>" triggered "amx_chat" (text "[PTB] Transfered Aksha to TERRORIST")
L 12/21/2019 - 15:06:53: World triggered "Round_Start"
L 12/21/2019 - 15:06:59: "zdr<76><STEAM_1:1:309594971><>" joined team "CT"
L 12/21/2019 - 15:07:13: "Master4Counter<68><STEAM_1:0:91179968><TERRORIST>" killed "zergo<74><STEAM_1:0:1564342469><CT>" with "ak47"
L 12/21/2019 - 15:07:16: "zergo<74><STEAM_1:0:1564342469><CT>" disconnected
L 12/21/2019 - 15:07:39: "zdr<76><STEAM_1:1:309594971><CT>" killed "Master4Counter<68><STEAM_1:0:91179968><TERRORIST>" with "mp5navy"
L 12/21/2019 - 15:07:40: "Aksha<70><STEAM_1:1:814295510><TERRORIST>" killed "zdr<76><STEAM_1:1:309594971><CT>" with "m4a1"
L 12/21/2019 - 15:07:40: Team "TERRORIST" triggered "Terrorists_Win" (CT "12") (T "4")
L 12/21/2019 - 15:07:40: World triggered "Round_End"
L 12/21/2019 - 15:07:46: World triggered "Round_Start"
L 12/21/2019 - 15:08:21: "Aksha<70><STEAM_1:1:814295510><TERRORIST>" killed "zdr<76><STEAM_1:1:309594971><CT>" with "ak47"
L 12/21/2019 - 15:08:21: Team "TERRORIST" triggered "Terrorists_Win" (CT "12") (T "5")
L 12/21/2019 - 15:08:21: World triggered "Round_End"
L 12/21/2019 - 15:08:27: World triggered "Round_Start"
L 12/21/2019 - 15:09:14: "zdr<76><STEAM_1:1:309594971><CT>" killed "Aksha<70><STEAM_1:1:814295510><TERRORIST>" with "m4a1"
L 12/21/2019 - 15:09:56: "zdr<76><STEAM_1:1:309594971><CT>" killed "Master4Counter<68><STEAM_1:0:91179968><TERRORIST>" with "m4a1"
L 12/21/2019 - 15:09:56: Team "CT" triggered "CTs_Win" (CT "13") (T "5")
L 12/21/2019 - 15:09:56: World triggered "Round_End"
L 12/21/2019 - 15:10:02: World triggered "Round_Start"
L 12/21/2019 - 15:10:22: "zdr<76><STEAM_1:1:309594971><CT>" killed "Master4Counter<68><STEAM_1:0:91179968><TERRORIST>" with "m4a1"
L 12/21/2019 - 15:10:32: "Aksha<70><STEAM_1:1:814295510><TERRORIST>" killed "zdr<76><STEAM_1:1:309594971><CT>" with "ak47"
L 12/21/2019 - 15:10:32: Team "TERRORIST" triggered "Terrorists_Win" (CT "13") (T "6")
L 12/21/2019 - 15:10:32: World triggered "Round_End"
L 12/21/2019 - 15:10:38: World triggered "Round_Start"
L 12/21/2019 - 15:10:58: "Aksha<70><STEAM_1:1:814295510><TERRORIST>" killed "zdr<76><STEAM_1:1:309594971><CT>" with "ak47"
L 12/21/2019 - 15:10:58: Team "TERRORIST" triggered "Terrorists_Win" (CT "13") (T "7")
L 12/21/2019 - 15:10:58: World triggered "Round_End"
L 12/21/2019 - 15:11:04: World triggered "Round_Start"
L 12/21/2019 - 15:12:11: "zdr<76><STEAM_1:1:309594971><CT>" killed "Aksha<70><STEAM_1:1:814295510><TERRORIST>" with "m4a1"
L 12/21/2019 - 15:12:51: "zdr<76><STEAM_1:1:309594971><CT>" killed "Master4Counter<68><STEAM_1:0:91179968><TERRORIST>" with "m4a1"
L 12/21/2019 - 15:12:51: Team "CT" triggered "CTs_Win" (CT "14") (T "7")
L 12/21/2019 - 15:12:51: World triggered "Round_End"
L 12/21/2019 - 15:12:57: World triggered "Round_Start"
L 12/21/2019 - 15:13:13: "zdr<76><STEAM_1:1:309594971><CT>" killed "Master4Counter<68><STEAM_1:0:91179968><TERRORIST>" with "m4a1"
L 12/21/2019 - 15:13:22: "Aksha<70><STEAM_1:1:814295510><TERRORIST>" killed "zdr<76><STEAM_1:1:309594971><CT>" with "sg552"
L 12/21/2019 - 15:13:22: Team "TERRORIST" triggered "Terrorists_Win" (CT "14") (T "8")
L 12/21/2019 - 15:13:22: World triggered "Round_End"
L 12/21/2019 - 15:13:28: World triggered "Round_Start"
L 12/21/2019 - 15:13:38: "Aksha<70><STEAM_1:1:814295510><TERRORIST>" killed "zdr<76><STEAM_1:1:309594971><CT>" with "awp"
L 12/21/2019 - 15:13:38: Team "TERRORIST" triggered "Terrorists_Win" (CT "14") (T "9")
L 12/21/2019 - 15:13:38: World triggered "Round_End"
L 12/21/2019 - 15:13:44: World triggered "Round_Start"
L 12/21/2019 - 15:13:57: "Aksha<70><STEAM_1:1:814295510><TERRORIST>" killed "zdr<76><STEAM_1:1:309594971><CT>" with "awp"
L 12/21/2019 - 15:13:57: Team "TERRORIST" triggered "Terrorists_Win" (CT "14") (T "10")
L 12/21/2019 - 15:13:57: World triggered "Round_End"
L 12/21/2019 - 15:14:03: Server cvar "mp_timelimit" = "0.000000"
L 12/21/2019 - 15:14:03: World triggered "Round_Start"
L 12/21/2019 - 15:14:18: Server cvar "amx_nextmap" = "air_fight2"
L 12/21/2019 - 15:14:41: "Master4Counter<68><STEAM_1:0:91179968><TERRORIST>" killed "zdr<76><STEAM_1:1:309594971><CT>" with "scout"
L 12/21/2019 - 15:14:41: Team "TERRORIST" triggered "Terrorists_Win" (CT "14") (T "11")
L 12/21/2019 - 15:14:41: World triggered "Round_End"
L 12/21/2019 - 15:14:43: "zdr<76><STEAM_1:1:309594971><CT>" disconnected
L 12/21/2019 - 15:14:47: World triggered "Round_Start"
L 12/21/2019 - 15:14:47: Server cvar "sv_maxspeed" = "0.000000"
L 12/21/2019 - 15:14:47: Server cvar "mp_friendlyfire" = "1"
L 12/21/2019 - 15:14:51: "Aksha<70><STEAM_1:1:814295510><TERRORIST>" committed suicide with "world"
L 12/21/2019 - 15:14:51: "Aksha<70><STEAM_1:1:814295510><TERRORIST>" joined team "CT"
L 12/21/2019 - 15:14:58: Server cvar "sv_maxspeed" = "900.000000"
L 12/21/2019 - 15:14:58: Server cvar "mp_friendlyfire" = "0"
L 12/21/2019 - 15:14:58: Server cvar "mp_timelimit" = "20.000000"
L 12/21/2019 - 15:14:58: [META] ini: Begin re-reading plugins list: /home/rented/public9/cstrike/addons/metamod/plugins.ini
L 12/21/2019 - 15:14:58: [META] ini: Read plugin config for: SafeNameAndChat
L 12/21/2019 - 15:14:58: [META] ini: Read plugin config for: AMX Mod X
L 12/21/2019 - 15:14:58: [META] ini: Read plugin config for: Reunion
L 12/21/2019 - 15:14:58: [META] ini: Read plugin config for: ReAuthCheck
L 12/21/2019 - 15:14:58: [META] ini: Read plugin config for: WHBlocker
L 12/21/2019 - 15:14:58: [META] ini: Read plugin config for: ReSemiclip
L 12/21/2019 - 15:14:58: [META] ini: Read plugin config for: Revoice
L 12/21/2019 - 15:14:58: [META] ini: Finished reading plugins list: /home/rented/public9/cstrike/addons/metamod/plugins.ini; Found 7 plugins
L 12/21/2019 - 15:14:58: [META] dll: Updating plugins...
L 12/21/2019 - 15:14:58: [META] WARNING: Cannot clear plugin 'SafeNameAndChat'; not marked as failed, empty, or open (status=valid)
L 12/21/2019 - 15:14:58: [META] dll: Unloaded plugin 'SafeNameAndChat' for reason 'file on disk is newer'
L 12/21/2019 - 15:14:58: [META] dll: Loaded plugin 'SafeNameAndChat': SafeNameAndChat v1.1 2017.02.01, WPMG.PRoSToC0der
L 12/21/2019 - 15:14:58: [META] WARNING: Cannot clear plugin 'WHBlocker'; not marked as failed, empty, or open (status=valid)
L 12/21/2019 - 15:14:58: [META] dll: Unloaded plugin 'WHBlocker' for reason 'file on disk is newer'
L 12/21/2019 - 15:14:58: [META] dll: Loaded plugin 'WHBlocker': WHBlocker v1.5.692 2017-04-13, s1lent
L 12/21/2019 - 15:14:58: [META] WARNING: Cannot clear plugin 'ReSemiclip'; not marked as failed, empty, or open (status=valid)
L 12/21/2019 - 15:14:58: [META] dll: Unloaded plugin 'ReSemiclip' for reason 'file on disk is newer'
L 12/21/2019 - 15:14:58: [META] dll: Loaded plugin 'ReSemiclip': ReSemiclip v2.3.9 13/02/17, s1lent & Adidasman
L 12/21/2019 - 15:14:58: [META] dll: Finished updating 14 plugins; kept 0, loaded 0, unloaded 0, reloaded 3, delayed 0
L 12/21/2019 - 15:14:58: "Master4Counter<68><STEAM_1:0:91179968><TERRORIST>" disconnected
L 12/21/2019 - 15:14:58: World triggered "Round_Draw" (CT "14") (T "11")
L 12/21/2019 - 15:14:58: World triggered "Round_End"
L 12/21/2019 - 15:14:58: "Aksha<70><STEAM_1:1:814295510><CT>" disconnected
L 12/21/2019 - 15:14:58: Log file closed
