L 12/26/2019 - 01:52:27: Log file started (file "logs/L1226003.log") (game "cstrike") (version "48/1.1.2.7/Stdio/1621")
L 12/26/2019 - 01:52:27: Loading map "big_city"
L 12/26/2019 - 01:52:27: Server cvars start
L 12/26/2019 - 01:52:27: Server cvar "@BunnyHopper" = "3.x"
L 12/26/2019 - 01:52:27: Server cvar "@CRXGoSpec" = "1.1"
L 12/26/2019 - 01:52:27: Server cvar "@CRXRemoveImmunity" = "1.0"
L 12/26/2019 - 01:52:27: Server cvar "@D.I.C.E." = "1.1"
L 12/26/2019 - 01:52:27: Server cvar "@MOTDCommands" = "1.2"
L 12/26/2019 - 01:52:27: Server cvar "advanced_quake_sounds" = "5.0"
L 12/26/2019 - 01:52:27: Server cvar "AdvancedMute" = "1.0"
L 12/26/2019 - 01:52:27: Server cvar "aesp_version" = "1.3"
L 12/26/2019 - 01:52:27: Server cvar "allow_spectators" = "1.0"
L 12/26/2019 - 01:52:27: Server cvar "amx_client_languages" = "1"
L 12/26/2019 - 01:52:27: Server cvar "amx_language" = "en"
L 12/26/2019 - 01:52:27: Server cvar "amx_nextmap" = "big_city"
L 12/26/2019 - 01:52:27: Server cvar "amx_ptb_version" = "1.8b3"
L 12/26/2019 - 01:52:27: Server cvar "amx_timeleft" = "00:00"
L 12/26/2019 - 01:52:27: Server cvar "amxmodx_version" = "1.8.2"
L 12/26/2019 - 01:52:27: Server cvar "amxxbg_vip" = "1.0"
L 12/26/2019 - 01:52:27: Server cvar "asp_version" = "4.5.1"
L 12/26/2019 - 01:52:27: Server cvar "atac_version" = "3.0.1"
L 12/26/2019 - 01:52:27: Server cvar "badcamper_version" = "1.4 beta"
L 12/26/2019 - 01:52:27: Server cvar "blockmaker" = "4.01"
L 12/26/2019 - 01:52:27: Server cvar "c4 timer" = "1.1"
L 12/26/2019 - 01:52:27: Server cvar "coop" = "0"
L 12/26/2019 - 01:52:27: Server cvar "CRXAdminGroups" = "1.0"
L 12/26/2019 - 01:52:27: Server cvar "CRXCommandRestrictions" = "1.0"
L 12/26/2019 - 01:52:27: Server cvar "CRXFastKnife" = "1.0"
L 12/26/2019 - 01:52:27: Server cvar "CRXGametracker" = "2.0"
L 12/26/2019 - 01:52:27: Server cvar "CRXKnifeModels" = "2.5.7"
L 12/26/2019 - 01:52:27: Server cvar "CRXTeamAdvantage" = "1.0"
L 12/26/2019 - 01:52:27: Server cvar "CustomShop" = "4.2"
L 12/26/2019 - 01:52:27: Server cvar "deathmatch" = "1"
L 12/26/2019 - 01:52:27: Server cvar "decalfrequency" = "0"
L 12/26/2019 - 01:52:27: Server cvar "edgefriction" = "2"
L 12/26/2019 - 01:52:27: Server cvar "ers_version" = "2.3c"
L 12/26/2019 - 01:52:27: Server cvar "gagsystem_shoko" = "1.0"
L 12/26/2019 - 01:52:27: Server cvar "gal_mapcyclefile" = "mapcycle.txt"
L 12/26/2019 - 01:52:27: Server cvar "gal_version" = "v5.9.1-926"
L 12/26/2019 - 01:52:27: Server cvar "game_version" = "5.7.0.313-dev"
L 12/26/2019 - 01:52:27: Server cvar "humans_join_team" = "any"
L 12/26/2019 - 01:52:27: Server cvar "jtp10181" = "chute,gore"
L 12/26/2019 - 01:52:27: Server cvar "lawliet" = "ny_RainingSnow"
L 12/26/2019 - 01:52:27: Server cvar "LetitSnow" = "1.0"
L 12/26/2019 - 01:52:27: Server cvar "map_spawns" = "T(16) CT(16)"
L 12/26/2019 - 01:52:27: Server cvar "max_queries_sec" = "3"
L 12/26/2019 - 01:52:27: Server cvar "max_queries_sec_global" = "150"
L 12/26/2019 - 01:52:27: Server cvar "max_queries_window" = "60"
L 12/26/2019 - 01:52:27: Server cvar "mdbBans" = "4.8"
L 12/26/2019 - 01:52:27: Server cvar "metamod_version" = "1.21p37"
L 12/26/2019 - 01:52:27: Server cvar "mp_autokick" = "0"
L 12/26/2019 - 01:52:27: Server cvar "mp_autokick_timeout" = "-1"
L 12/26/2019 - 01:52:27: Server cvar "mp_autoteambalance" = "0"
L 12/26/2019 - 01:52:27: Server cvar "mp_buytime" = "0.25"
L 12/26/2019 - 01:52:27: Server cvar "mp_c4timer" = "35"
L 12/26/2019 - 01:52:27: Server cvar "mp_chattime" = "10.000000"
L 12/26/2019 - 01:52:27: Server cvar "mp_consistency" = "1"
L 12/26/2019 - 01:52:27: Server cvar "mp_fadetoblack" = "0"
L 12/26/2019 - 01:52:27: Server cvar "mp_flashlight" = "1"
L 12/26/2019 - 01:52:27: Server cvar "mp_footsteps" = "1"
L 12/26/2019 - 01:52:27: Server cvar "mp_forcecamera" = "0"
L 12/26/2019 - 01:52:27: Server cvar "mp_forcechasecam" = "0"
L 12/26/2019 - 01:52:27: Server cvar "mp_forcerespawn" = "0"
L 12/26/2019 - 01:52:27: Server cvar "mp_fraglimit" = "0"
L 12/26/2019 - 01:52:27: Server cvar "mp_fragsleft" = "0"
L 12/26/2019 - 01:52:27: Server cvar "mp_freeforall" = "0"
L 12/26/2019 - 01:52:27: Server cvar "mp_freezetime" = "1"
L 12/26/2019 - 01:52:27: Server cvar "mp_friendlyfire" = "0"
L 12/26/2019 - 01:52:27: Server cvar "mp_hostage_hurtable" = "1"
L 12/26/2019 - 01:52:27: Server cvar "mp_hostagepenalty" = "0"
L 12/26/2019 - 01:52:27: Server cvar "mp_item_staytime" = "300"
L 12/26/2019 - 01:52:27: Server cvar "mp_kickpercent" = "0.66"
L 12/26/2019 - 01:52:27: Server cvar "mp_legacy_bombtarget_touch" = "1"
L 12/26/2019 - 01:52:27: Server cvar "mp_limitteams" = "0"
L 12/26/2019 - 01:52:27: Server cvar "mp_logdetail" = "0"
L 12/26/2019 - 01:52:27: Server cvar "mp_logfile" = "1"
L 12/26/2019 - 01:52:27: Server cvar "mp_logmessages" = "1"
L 12/26/2019 - 01:52:27: Server cvar "mp_mapvoteratio" = "0.66"
L 12/26/2019 - 01:52:27: Server cvar "mp_maxmoney" = "999999"
L 12/26/2019 - 01:52:27: Server cvar "mp_maxrounds" = "0"
L 12/26/2019 - 01:52:27: Server cvar "mp_mirrordamage" = "0"
L 12/26/2019 - 01:52:27: Server cvar "mp_old_bomb_defused_sound" = "1"
L 12/26/2019 - 01:52:27: Server cvar "mp_playerid" = "0"
L 12/26/2019 - 01:52:27: Server cvar "mp_respawn_immunitytime" = "0"
L 12/26/2019 - 01:52:27: Server cvar "mp_round_infinite" = "0"
L 12/26/2019 - 01:52:27: Server cvar "mp_round_restart_delay" = "5"
L 12/26/2019 - 01:52:27: Server cvar "mp_roundover" = "0"
L 12/26/2019 - 01:52:27: Server cvar "mp_roundtime" = "2.3"
L 12/26/2019 - 01:52:27: Server cvar "mp_show_radioicon" = "1"
L 12/26/2019 - 01:52:27: Server cvar "mp_startmoney" = "850"
L 12/26/2019 - 01:52:27: Server cvar "mp_timeleft" = "00:00"
L 12/26/2019 - 01:52:27: Server cvar "mp_timelimit" = "20.000000"
L 12/26/2019 - 01:52:27: Server cvar "mp_tkpunish" = "0"
L 12/26/2019 - 01:52:27: Server cvar "mp_windifference" = "1"
L 12/26/2019 - 01:52:27: Server cvar "mp_winlimit" = "0"
L 12/26/2019 - 01:52:27: Server cvar "NoWeaponsOnGround" = "1.0"
L 12/26/2019 - 01:52:27: Server cvar "pausable" = "0"
L 12/26/2019 - 01:52:27: Server cvar "present_version" = "2.01"
L 12/26/2019 - 01:52:27: Server cvar "RandomHP" = "2.2"
L 12/26/2019 - 01:52:27: Server cvar "reauthcheck_version" = "0.1.6"
L 12/26/2019 - 01:52:27: Server cvar "reconnect_features" = "0.3.1"
L 12/26/2019 - 01:52:27: Server cvar "report_system_version" = "3.1"
L 12/26/2019 - 01:52:27: Server cvar "resemiclip_version" = "2.3.9"
L 12/26/2019 - 01:52:27: Server cvar "reu_version" = "0.1.0.130"
L 12/26/2019 - 01:52:27: Server cvar "revoice_version" = "0.1.0.30"
L 12/26/2019 - 01:52:27: Server cvar "RRWM" = "2.0"
L 12/26/2019 - 01:52:27: Server cvar "sanksounds_version" = "1.8.6"
L 12/26/2019 - 01:52:27: Server cvar "SimpleMenu" = "1.1"
L 12/26/2019 - 01:52:27: Server cvar "SNAC_Version" = "1.1"
L 12/26/2019 - 01:52:27: Server cvar "SpecList" = "1.2a"
L 12/26/2019 - 01:52:27: Server cvar "sr_version" = "1.6"
L 12/26/2019 - 01:52:27: Server cvar "statsx_shell_ver" = "2.0.0 (BETA)"
L 12/26/2019 - 01:52:27: Server cvar "StyleC4Timer" = "2.1"
L 12/26/2019 - 01:52:27: Server cvar "sv_accelerate" = "5"
L 12/26/2019 - 01:52:27: Server cvar "sv_aim" = "1"
L 12/26/2019 - 01:52:27: Server cvar "sv_airaccelerate" = "100"
L 12/26/2019 - 01:52:27: Server cvar "sv_allowupload" = "1"
L 12/26/2019 - 01:52:27: Server cvar "sv_alltalk" = "1"
L 12/26/2019 - 01:52:27: Server cvar "sv_bounce" = "1"
L 12/26/2019 - 01:52:27: Server cvar "sv_cheats" = "0"
L 12/26/2019 - 01:52:27: Server cvar "sv_clienttrace" = "1"
L 12/26/2019 - 01:52:27: Server cvar "sv_contact" = "feruchio599@gmail.com"
L 12/26/2019 - 01:52:27: Server cvar "sv_friction" = "4"
L 12/26/2019 - 01:52:27: Server cvar "sv_gravity" = "800"
L 12/26/2019 - 01:52:27: Server cvar "sv_logblocks" = "0"
L 12/26/2019 - 01:52:27: Server cvar "sv_maxrate" = "50000"
L 12/26/2019 - 01:52:27: Server cvar "sv_maxspeed" = "900.000000"
L 12/26/2019 - 01:52:27: Server cvar "sv_minrate" = "10000"
L 12/26/2019 - 01:52:27: Server cvar "sv_password" = ""
L 12/26/2019 - 01:52:27: Server cvar "sv_proxies" = "1"
L 12/26/2019 - 01:52:27: Server cvar "sv_restart" = "0"
L 12/26/2019 - 01:52:27: Server cvar "sv_restartround" = "0"
L 12/26/2019 - 01:52:27: Server cvar "sv_stepsize" = "18"
L 12/26/2019 - 01:52:27: Server cvar "sv_stopspeed" = "75"
L 12/26/2019 - 01:52:27: Server cvar "sv_uploadmax" = "0.5"
L 12/26/2019 - 01:52:27: Server cvar "sv_version" = "1.1.2.7/Stdio,48,1621"
L 12/26/2019 - 01:52:27: Server cvar "sv_voiceenable" = "1"
L 12/26/2019 - 01:52:27: Server cvar "sv_wateraccelerate" = "10"
L 12/26/2019 - 01:52:27: Server cvar "sv_waterfriction" = "1"
L 12/26/2019 - 01:52:27: Server cvar "Team_Semiclip_version" = "3.3.1"
L 12/26/2019 - 01:52:27: Server cvar "vehicle_real_killer" = "1.1"
L 12/26/2019 - 01:52:27: Server cvar "WalkGuard" = "1.3.2"
L 12/26/2019 - 01:52:27: Server cvar "we_grenades" = "Huehue"
L 12/26/2019 - 01:52:27: Server cvar "we_player_models" = "Huehue"
L 12/26/2019 - 01:52:27: Server cvar "whb_version" = "1.5.692"
L 12/26/2019 - 01:52:27: Server cvar "zp_jp_version" = "Extra Item Jetpack+Bazooka v3.2"
L 12/26/2019 - 01:52:27: Server cvars end
L 12/26/2019 - 01:52:30: Server cvar "sv_maxspeed" = "900"
L 12/26/2019 - 01:52:30: Server cvar "mp_autoteambalance" = "1"
L 12/26/2019 - 01:52:30: Server cvar "mp_timelimit" = "20"
L 12/26/2019 - 01:52:30: Server cvar "mp_autoteambalance" = "0"
L 12/26/2019 - 01:52:30: Server cvar "amx_nextmap" = "[not yet voted on]"
L 12/26/2019 - 01:52:31: Started map "big_city" (CRC "-1756351155")
L 12/26/2019 - 01:52:33: World triggered "Round_Start"
L 12/26/2019 - 01:52:35: [REUNION]: veselin (89.216.139.26) authorized as RevEmu
L 12/26/2019 - 01:52:35: "veselin<136><STEAM_1:0:1496565260><>" connected, address "89.216.139.26:27005"
L 12/26/2019 - 01:52:37: [REUNION]: peniy maca pusi (188.2.35.122) authorized as RevEmu
L 12/26/2019 - 01:52:37: "peniy maca pusi<137><STEAM_1:1:1762807662><>" connected, address "188.2.35.122:27005"
L 12/26/2019 - 01:52:39: [REUNION]: Mladen Pedofil *volim decu (109.93.38.35) authorized as RevEmu
L 12/26/2019 - 01:52:39: "Mladen Pedofil *volim decu<138><STEAM_1:1:767892478><>" connected, address "109.93.38.35:27005"
L 12/26/2019 - 01:52:39: [REUNION]: KanYe WesT (212.200.200.87) authorized as RevEmu
L 12/26/2019 - 01:52:39: "KanYe WesT<139><STEAM_1:1:1294988909><>" connected, address "212.200.200.87:27005"
L 12/26/2019 - 01:52:40: "8==F<135><STEAM_1:0:365614513><>" entered the game
L 12/26/2019 - 01:52:42: "veselin<136><STEAM_1:0:1496565260><>" entered the game
L 12/26/2019 - 01:52:42: "8==F<135><STEAM_1:0:365614513><>" joined team "TERRORIST"
L 12/26/2019 - 01:52:43: "peniy maca pusi<137><STEAM_1:1:1762807662><>" entered the game
L 12/26/2019 - 01:52:45: "Mladen Pedofil *volim decu<138><STEAM_1:1:767892478><>" entered the game
L 12/26/2019 - 01:52:47: "Mladen Pedofil *volim decu<138><STEAM_1:1:767892478><>" joined team "CT"
L 12/26/2019 - 01:52:48: World triggered "Game_Commencing"
L 12/26/2019 - 01:52:48: World triggered "Game_Commencing" (CT "0") (T "0")
L 12/26/2019 - 01:52:48: World triggered "Round_End"
L 12/26/2019 - 01:52:49: "KanYe WesT<139><STEAM_1:1:1294988909><>" entered the game
L 12/26/2019 - 01:52:51: "veselin<136><STEAM_1:0:1496565260><>" joined team "TERRORIST"
L 12/26/2019 - 01:52:52: World triggered "Round_Start"
L 12/26/2019 - 01:52:54: "KanYe WesT<139><STEAM_1:1:1294988909><>" joined team "CT"
L 12/26/2019 - 01:53:01: "peniy maca pusi<137><STEAM_1:1:1762807662><>" joined team "CT"
L 12/26/2019 - 01:53:21: "veselin<136><STEAM_1:0:1496565260><TERRORIST>" triggered "Killed_A_Hostage"
L 12/26/2019 - 01:53:35: "veselin<136><STEAM_1:0:1496565260><TERRORIST>" killed "KanYe WesT<139><STEAM_1:1:1294988909><CT>" with "deagle"
L 12/26/2019 - 01:53:37: "veselin<136><STEAM_1:0:1496565260><TERRORIST>" killed "Mladen Pedofil *volim decu<138><STEAM_1:1:767892478><CT>" with "deagle"
L 12/26/2019 - 01:53:52: "peniy maca pusi<137><STEAM_1:1:1762807662><CT>" killed "8==F<135><STEAM_1:0:365614513><TERRORIST>" with "deagle"
L 12/26/2019 - 01:54:01: "8==F<135><STEAM_1:0:365614513><TERRORIST>" joined team "CT"
L 12/26/2019 - 01:54:04: "peniy maca pusi<137><STEAM_1:1:1762807662><CT>" killed "veselin<136><STEAM_1:0:1496565260><TERRORIST>" with "deagle"
L 12/26/2019 - 01:54:04: Team "CT" triggered "CTs_Win" (CT "1") (T "0")
L 12/26/2019 - 01:54:04: World triggered "Round_End"
L 12/26/2019 - 01:54:10: World triggered "Round_Start"
L 12/26/2019 - 01:54:53: "veselin<136><STEAM_1:0:1496565260><TERRORIST>" committed suicide with "grenade"
L 12/26/2019 - 01:54:53: Team "CT" triggered "CTs_Win" (CT "2") (T "0")
L 12/26/2019 - 01:54:53: World triggered "Round_End"
L 12/26/2019 - 01:54:59: World triggered "Round_Start"
L 12/26/2019 - 01:55:41: "8==F<135><STEAM_1:0:365614513><CT>" killed "veselin<136><STEAM_1:0:1496565260><TERRORIST>" with "m4a1"
L 12/26/2019 - 01:55:41: Team "CT" triggered "CTs_Win" (CT "3") (T "0")
L 12/26/2019 - 01:55:41: World triggered "Round_End"
L 12/26/2019 - 01:55:47: World triggered "Round_Start"
L 12/26/2019 - 01:56:24: "8==F<135><STEAM_1:0:365614513><CT>" killed "veselin<136><STEAM_1:0:1496565260><TERRORIST>" with "deagle"
L 12/26/2019 - 01:56:24: Team "CT" triggered "CTs_Win" (CT "4") (T "0")
L 12/26/2019 - 01:56:24: World triggered "Round_End"
L 12/26/2019 - 01:56:29: "peniy maca pusi<137><STEAM_1:1:1762807662><CT>" joined team "TERRORIST"
L 12/26/2019 - 01:56:29: "<><><>" triggered "amx_chat" (text "[PTB] Transfered peniy maca pusi to TERRORIST")
L 12/26/2019 - 01:56:30: World triggered "Round_Start"
L 12/26/2019 - 01:57:03: "8==F<135><STEAM_1:0:365614513><CT>" killed "veselin<136><STEAM_1:0:1496565260><TERRORIST>" with "m4a1"
L 12/26/2019 - 01:57:38: "Mladen Pedofil *volim decu<138><STEAM_1:1:767892478><CT>" killed "peniy maca pusi<137><STEAM_1:1:1762807662><TERRORIST>" with "m4a1"
L 12/26/2019 - 01:57:38: Team "CT" triggered "CTs_Win" (CT "5") (T "0")
L 12/26/2019 - 01:57:38: World triggered "Round_End"
L 12/26/2019 - 01:57:43: "Mladen Pedofil *volim decu<138><STEAM_1:1:767892478><CT>" joined team "TERRORIST"
L 12/26/2019 - 01:57:43: "<><><>" triggered "amx_chat" (text "[PTB] Transfered Mladen Pedofil *volim decu to TERRORIST")
L 12/26/2019 - 01:57:44: World triggered "Round_Start"
L 12/26/2019 - 01:58:05: "8==F<135><STEAM_1:0:365614513><CT>" killed "Mladen Pedofil *volim decu<138><STEAM_1:1:767892478><TERRORIST>" with "m4a1"
L 12/26/2019 - 01:58:08: "veselin<136><STEAM_1:0:1496565260><TERRORIST>" committed suicide with "tracktrain"
L 12/26/2019 - 01:58:36: "peniy maca pusi<137><STEAM_1:1:1762807662><TERRORIST>" committed suicide with "world"
L 12/26/2019 - 01:58:36: Team "CT" triggered "CTs_Win" (CT "6") (T "0")
L 12/26/2019 - 01:58:36: World triggered "Round_End"
L 12/26/2019 - 01:58:42: World triggered "Round_Start"
L 12/26/2019 - 01:58:58: "peniy maca pusi<137><STEAM_1:1:1762807662><TERRORIST>" committed suicide with "world"
L 12/26/2019 - 01:58:58: "peniy maca pusi<137><STEAM_1:1:1762807662><TERRORIST>" joined team "SPECTATOR"
L 12/26/2019 - 01:59:23: "8==F<135><STEAM_1:0:365614513><CT>" killed "veselin<136><STEAM_1:0:1496565260><TERRORIST>" with "m4a1"
L 12/26/2019 - 01:59:44: "Mladen Pedofil *volim decu<138><STEAM_1:1:767892478><TERRORIST>" killed "8==F<135><STEAM_1:0:365614513><CT>" with "deagle"
L 12/26/2019 - 01:59:55: "KanYe WesT<139><STEAM_1:1:1294988909><CT>" killed "Mladen Pedofil *volim decu<138><STEAM_1:1:767892478><TERRORIST>" with "deagle"
L 12/26/2019 - 01:59:55: Team "CT" triggered "CTs_Win" (CT "7") (T "0")
L 12/26/2019 - 01:59:55: World triggered "Round_End"
L 12/26/2019 - 02:00:00: "KanYe WesT<139><STEAM_1:1:1294988909><CT>" joined team "TERRORIST"
L 12/26/2019 - 02:00:00: "<><><>" triggered "amx_chat" (text "[PTB] Transfered KanYe WesT to TERRORIST")
L 12/26/2019 - 02:00:01: World triggered "Round_Start"
L 12/26/2019 - 02:00:59: "KanYe WesT<139><STEAM_1:1:1294988909><TERRORIST>" triggered "Killed_A_Hostage"
L 12/26/2019 - 02:02:19: Team "TERRORIST" triggered "Hostages_Not_Rescued" (CT "7") (T "1")
L 12/26/2019 - 02:02:19: World triggered "Round_End"
L 12/26/2019 - 02:02:22: "Mladen Pedofil *volim decu<138><STEAM_1:1:767892478><TERRORIST>" killed "veselin<136><STEAM_1:0:1496565260><TERRORIST>" with "tracktrain"
L 12/26/2019 - 02:02:24: "Mladen Pedofil *volim decu<138><STEAM_1:1:767892478><TERRORIST>" joined team "CT"
L 12/26/2019 - 02:02:24: "<><><>" triggered "amx_chat" (text "[PTB] Transfered Mladen Pedofil *volim decu to CT")
L 12/26/2019 - 02:02:25: World triggered "Round_Start"
L 12/26/2019 - 02:02:44: "KanYe WesT<139><STEAM_1:1:1294988909><TERRORIST>" killed "veselin<136><STEAM_1:0:1496565260><TERRORIST>" with "tracktrain"
L 12/26/2019 - 02:03:22: "8==F<135><STEAM_1:0:365614513><CT>" killed "KanYe WesT<139><STEAM_1:1:1294988909><TERRORIST>" with "m4a1"
L 12/26/2019 - 02:03:22: Team "CT" triggered "CTs_Win" (CT "8") (T "1")
L 12/26/2019 - 02:03:22: World triggered "Round_End"
L 12/26/2019 - 02:03:28: World triggered "Round_Start"
L 12/26/2019 - 02:03:57: "KanYe WesT<139><STEAM_1:1:1294988909><TERRORIST>" committed suicide with "world"
L 12/26/2019 - 02:04:18: "veselin<136><STEAM_1:0:1496565260><TERRORIST>" killed "Mladen Pedofil *volim decu<138><STEAM_1:1:767892478><CT>" with "galil"
L 12/26/2019 - 02:04:24: "8==F<135><STEAM_1:0:365614513><CT>" killed "veselin<136><STEAM_1:0:1496565260><TERRORIST>" with "m4a1"
L 12/26/2019 - 02:04:24: Team "CT" triggered "CTs_Win" (CT "9") (T "1")
L 12/26/2019 - 02:04:24: World triggered "Round_End"
L 12/26/2019 - 02:04:30: World triggered "Round_Start"
L 12/26/2019 - 02:05:41: "Mladen Pedofil *volim decu<138><STEAM_1:1:767892478><CT>" killed "veselin<136><STEAM_1:0:1496565260><TERRORIST>" with "m4a1"
L 12/26/2019 - 02:06:02: "KanYe WesT<139><STEAM_1:1:1294988909><TERRORIST>" killed "8==F<135><STEAM_1:0:365614513><CT>" with "tracktrain"
L 12/26/2019 - 02:06:06: "Mladen Pedofil *volim decu<138><STEAM_1:1:767892478><CT>" killed "KanYe WesT<139><STEAM_1:1:1294988909><TERRORIST>" with "m4a1"
L 12/26/2019 - 02:06:06: Team "CT" triggered "CTs_Win" (CT "10") (T "1")
L 12/26/2019 - 02:06:06: World triggered "Round_End"
L 12/26/2019 - 02:06:10: "Mladen Pedofil *volim decu<138><STEAM_1:1:767892478><CT>" joined team "TERRORIST"
L 12/26/2019 - 02:06:10: "<><><>" triggered "amx_chat" (text "[PTB] Transfered Mladen Pedofil *volim decu to TERRORIST")
L 12/26/2019 - 02:06:12: World triggered "Round_Start"
L 12/26/2019 - 02:06:30: "KanYe WesT<139><STEAM_1:1:1294988909><TERRORIST>" committed suicide with "tracktrain"
L 12/26/2019 - 02:07:01: "8==F<135><STEAM_1:0:365614513><CT>" killed "Mladen Pedofil *volim decu<138><STEAM_1:1:767892478><TERRORIST>" with "m4a1"
L 12/26/2019 - 02:08:11: "8==F<135><STEAM_1:0:365614513><CT>" killed "veselin<136><STEAM_1:0:1496565260><TERRORIST>" with "deagle"
L 12/26/2019 - 02:08:11: Team "CT" triggered "CTs_Win" (CT "11") (T "1")
L 12/26/2019 - 02:08:11: World triggered "Round_End"
L 12/26/2019 - 02:08:17: World triggered "Round_Start"
L 12/26/2019 - 02:08:31: "veselin<136><STEAM_1:0:1496565260><TERRORIST>" triggered "Killed_A_Hostage"
L 12/26/2019 - 02:08:47: "KanYe WesT<139><STEAM_1:1:1294988909><TERRORIST>" killed "Mladen Pedofil *volim decu<138><STEAM_1:1:767892478><TERRORIST>" with "tracktrain"
L 12/26/2019 - 02:08:47: "KanYe WesT<139><STEAM_1:1:1294988909><TERRORIST>" killed "veselin<136><STEAM_1:0:1496565260><TERRORIST>" with "tracktrain"
L 12/26/2019 - 02:09:17: "KanYe WesT<139><STEAM_1:1:1294988909><TERRORIST>" committed suicide with "world"
L 12/26/2019 - 02:09:17: Team "CT" triggered "CTs_Win" (CT "12") (T "1")
L 12/26/2019 - 02:09:17: World triggered "Round_End"
L 12/26/2019 - 02:09:23: World triggered "Round_Start"
L 12/26/2019 - 02:09:27: "KanYe WesT<139><STEAM_1:1:1294988909><TERRORIST>" triggered "Killed_A_Hostage"
L 12/26/2019 - 02:09:54: "KanYe WesT<139><STEAM_1:1:1294988909><TERRORIST>" killed "8==F<135><STEAM_1:0:365614513><CT>" with "mp5navy"
L 12/26/2019 - 02:09:54: Team "TERRORIST" triggered "Terrorists_Win" (CT "12") (T "2")
L 12/26/2019 - 02:09:54: World triggered "Round_End"
L 12/26/2019 - 02:09:59: "KanYe WesT<139><STEAM_1:1:1294988909><TERRORIST>" joined team "CT"
L 12/26/2019 - 02:09:59: "<><><>" triggered "amx_chat" (text "[PTB] Transfered KanYe WesT to CT")
L 12/26/2019 - 02:10:00: World triggered "Round_Start"
L 12/26/2019 - 02:10:09: "KanYe WesT<139><STEAM_1:1:1294988909><CT>" killed "8==F<135><STEAM_1:0:365614513><CT>" with "tracktrain"
L 12/26/2019 - 02:10:16: "KanYe WesT<139><STEAM_1:1:1294988909><CT>" committed suicide with "world"
L 12/26/2019 - 02:10:16: Team "TERRORIST" triggered "Terrorists_Win" (CT "12") (T "3")
L 12/26/2019 - 02:10:16: World triggered "Round_End"
L 12/26/2019 - 02:10:22: World triggered "Round_Start"
L 12/26/2019 - 02:10:46: "8==F<135><STEAM_1:0:365614513><CT>" killed "Mladen Pedofil *volim decu<138><STEAM_1:1:767892478><TERRORIST>" with "m4a1"
L 12/26/2019 - 02:10:50: "veselin<136><STEAM_1:0:1496565260><TERRORIST>" killed "8==F<135><STEAM_1:0:365614513><CT>" with "ak47"
L 12/26/2019 - 02:11:19: "KanYe WesT<139><STEAM_1:1:1294988909><CT>" killed "veselin<136><STEAM_1:0:1496565260><TERRORIST>" with "deagle"
L 12/26/2019 - 02:11:19: Team "CT" triggered "CTs_Win" (CT "13") (T "3")
L 12/26/2019 - 02:11:19: World triggered "Round_End"
L 12/26/2019 - 02:11:24: "8==F<135><STEAM_1:0:365614513><CT>" joined team "TERRORIST"
L 12/26/2019 - 02:11:24: "<><><>" triggered "amx_chat" (text "[PTB] Transfered 8==F to TERRORIST")
L 12/26/2019 - 02:11:25: World triggered "Round_Start"
L 12/26/2019 - 02:11:39: "veselin<136><STEAM_1:0:1496565260><TERRORIST>" killed "8==F<135><STEAM_1:0:365614513><TERRORIST>" with "tracktrain"
L 12/26/2019 - 02:11:43: Server cvar "amx_nextmap" = "city_of_roadrage2"
L 12/26/2019 - 02:11:47: "veselin<136><STEAM_1:0:1496565260><TERRORIST>" committed suicide with "tracktrain"
L 12/26/2019 - 02:12:30: Server cvar "mp_timelimit" = "0.000000"
L 12/26/2019 - 02:12:43: "KanYe WesT<139><STEAM_1:1:1294988909><CT>" killed "Mladen Pedofil *volim decu<138><STEAM_1:1:767892478><TERRORIST>" with "deagle"
L 12/26/2019 - 02:12:43: Team "CT" triggered "CTs_Win" (CT "14") (T "3")
L 12/26/2019 - 02:12:43: World triggered "Round_End"
L 12/26/2019 - 02:12:48: "Mladen Pedofil *volim decu<138><STEAM_1:1:767892478><TERRORIST>" joined team "CT"
L 12/26/2019 - 02:12:48: "<><><>" triggered "amx_chat" (text "[PTB] Transfered Mladen Pedofil *volim decu to CT")
L 12/26/2019 - 02:12:49: World triggered "Round_Start"
L 12/26/2019 - 02:12:49: Server cvar "sv_maxspeed" = "0.000000"
L 12/26/2019 - 02:12:49: Server cvar "mp_friendlyfire" = "1"
L 12/26/2019 - 02:13:00: Server cvar "sv_maxspeed" = "900.000000"
L 12/26/2019 - 02:13:00: Server cvar "mp_friendlyfire" = "0"
L 12/26/2019 - 02:13:00: Server cvar "mp_timelimit" = "20.000000"
L 12/26/2019 - 02:13:00: [META] ini: Begin re-reading plugins list: /home/rented/public9/cstrike/addons/metamod/plugins.ini
L 12/26/2019 - 02:13:00: [META] ini: Read plugin config for: SafeNameAndChat
L 12/26/2019 - 02:13:00: [META] ini: Read plugin config for: AMX Mod X
L 12/26/2019 - 02:13:00: [META] ini: Read plugin config for: Reunion
L 12/26/2019 - 02:13:00: [META] ini: Read plugin config for: ReAuthCheck
L 12/26/2019 - 02:13:00: [META] ini: Read plugin config for: WHBlocker
L 12/26/2019 - 02:13:00: [META] ini: Read plugin config for: ReSemiclip
L 12/26/2019 - 02:13:00: [META] ini: Read plugin config for: Revoice
L 12/26/2019 - 02:13:00: [META] ini: Finished reading plugins list: /home/rented/public9/cstrike/addons/metamod/plugins.ini; Found 7 plugins
L 12/26/2019 - 02:13:00: [META] dll: Updating plugins...
L 12/26/2019 - 02:13:00: [META] WARNING: Cannot clear plugin 'SafeNameAndChat'; not marked as failed, empty, or open (status=valid)
L 12/26/2019 - 02:13:00: [META] dll: Unloaded plugin 'SafeNameAndChat' for reason 'file on disk is newer'
L 12/26/2019 - 02:13:00: [META] dll: Loaded plugin 'SafeNameAndChat': SafeNameAndChat v1.1 2017.02.01, WPMG.PRoSToC0der
L 12/26/2019 - 02:13:00: [META] WARNING: Cannot clear plugin 'WHBlocker'; not marked as failed, empty, or open (status=valid)
L 12/26/2019 - 02:13:00: [META] dll: Unloaded plugin 'WHBlocker' for reason 'file on disk is newer'
L 12/26/2019 - 02:13:00: [META] dll: Loaded plugin 'WHBlocker': WHBlocker v1.5.692 2017-04-13, s1lent
L 12/26/2019 - 02:13:00: [META] WARNING: Cannot clear plugin 'ReSemiclip'; not marked as failed, empty, or open (status=valid)
L 12/26/2019 - 02:13:00: [META] dll: Unloaded plugin 'ReSemiclip' for reason 'file on disk is newer'
L 12/26/2019 - 02:13:00: [META] dll: Loaded plugin 'ReSemiclip': ReSemiclip v2.3.9 13/02/17, s1lent & Adidasman
L 12/26/2019 - 02:13:00: [META] dll: Finished updating 14 plugins; kept 0, loaded 0, unloaded 0, reloaded 3, delayed 0
L 12/26/2019 - 02:13:00: "veselin<136><STEAM_1:0:1496565260><TERRORIST>" disconnected
L 12/26/2019 - 02:13:00: "8==F<135><STEAM_1:0:365614513><TERRORIST>" disconnected
L 12/26/2019 - 02:13:00: "KanYe WesT<139><STEAM_1:1:1294988909><CT>" disconnected
L 12/26/2019 - 02:13:00: "peniy maca pusi<137><STEAM_1:1:1762807662><SPECTATOR>" disconnected
L 12/26/2019 - 02:13:00: "Mladen Pedofil *volim decu<138><STEAM_1:1:767892478><CT>" disconnected
L 12/26/2019 - 02:13:00: World triggered "Round_Draw" (CT "14") (T "3")
L 12/26/2019 - 02:13:00: World triggered "Round_End"
L 12/26/2019 - 02:13:00: Log file closed
