L 12/24/2019 - 20:52:49: Log file started (file "logs/L1224099.log") (game "cstrike") (version "48/1.1.2.7/Stdio/1621")
L 12/24/2019 - 20:52:49: Server cvar "mp_buytime" = "1"
L 12/24/2019 - 20:52:49: Server cvar "mp_c4timer" = "35"
L 12/24/2019 - 20:52:49: Server cvar "mp_flashlight" = "1"
L 12/24/2019 - 20:52:49: Server cvar "mp_freezetime" = "1"
L 12/24/2019 - 20:52:49: Server cvar "mp_hostagepenalty" = "0"
L 12/24/2019 - 20:52:49: Server cvar "mp_limitteams" = "1"
L 12/24/2019 - 20:52:49: Server cvar "mp_roundtime" = "2.3"
L 12/24/2019 - 20:52:49: Server cvar "mp_startmoney" = "850"
L 12/24/2019 - 20:52:49: Server cvar "sv_contact" = "feruchio599@gmail.com"
L 12/24/2019 - 20:52:49: Server cvar "sv_maxrate" = "50000"
L 12/24/2019 - 20:52:49: Server cvar "sv_maxspeed" = "320"
L 12/24/2019 - 20:52:49: Server cvar "sv_minrate" = "10000"
L 12/24/2019 - 20:52:49: Server cvar "max_queries_sec_global" = "***PROTECTED***"
L 12/24/2019 - 20:52:49: Server cvar "max_queries_sec" = "***PROTECTED***"
L 12/24/2019 - 20:52:49: Server cvar "decalfrequency" = "0"
L 12/24/2019 - 20:52:49: Server cvar "sv_airaccelerate" = "100"
L 12/24/2019 - 20:52:49: Server cvar "sv_friction" = "3"
L 12/24/2019 - 20:52:50: Server cvar "sv_friction" = "4"
L 12/24/2019 - 20:52:51: [META] ini: Begin re-reading plugins list: /home/rented/public9/cstrike/addons/metamod/plugins.ini
L 12/24/2019 - 20:52:51: [META] ini: Read plugin config for: SafeNameAndChat
L 12/24/2019 - 20:52:51: [META] ini: Read plugin config for: AMX Mod X
L 12/24/2019 - 20:52:51: [META] ini: Read plugin config for: Reunion
L 12/24/2019 - 20:52:51: [META] ini: Read plugin config for: ReAuthCheck
L 12/24/2019 - 20:52:51: [META] ini: Read plugin config for: WHBlocker
L 12/24/2019 - 20:52:51: [META] ini: Read plugin config for: ReSemiclip
L 12/24/2019 - 20:52:51: [META] ini: Read plugin config for: Revoice
L 12/24/2019 - 20:52:51: [META] ini: Finished reading plugins list: /home/rented/public9/cstrike/addons/metamod/plugins.ini; Found 7 plugins
L 12/24/2019 - 20:52:51: [META] dll: Updating plugins...
L 12/24/2019 - 20:52:51: [META] dll: Finished updating 14 plugins; kept 7, loaded 0, unloaded 0, reloaded 0, delayed 0
L 12/24/2019 - 20:52:51: Log file closed
