L 12/21/2019 - 23:54:53: Log file started (file "logs/L1221101.log") (game "cstrike") (version "48/1.1.2.7/Stdio/1621")
L 12/21/2019 - 23:54:53: Loading map "jp_cars"
L 12/21/2019 - 23:54:53: Server cvars start
L 12/21/2019 - 23:54:53: Server cvar "@BunnyHopper" = "3.x"
L 12/21/2019 - 23:54:53: Server cvar "@CRXGoSpec" = "1.1"
L 12/21/2019 - 23:54:53: Server cvar "@CRXRemoveImmunity" = "1.0"
L 12/21/2019 - 23:54:53: Server cvar "@D.I.C.E." = "1.1"
L 12/21/2019 - 23:54:53: Server cvar "@MOTDCommands" = "1.2"
L 12/21/2019 - 23:54:53: Server cvar "advanced_quake_sounds" = "5.0"
L 12/21/2019 - 23:54:53: Server cvar "AdvancedMute" = "1.0"
L 12/21/2019 - 23:54:53: Server cvar "aesp_version" = "1.3"
L 12/21/2019 - 23:54:53: Server cvar "allow_spectators" = "1.0"
L 12/21/2019 - 23:54:53: Server cvar "amx_client_languages" = "1"
L 12/21/2019 - 23:54:53: Server cvar "amx_language" = "en"
L 12/21/2019 - 23:54:53: Server cvar "amx_nextmap" = "jp_cars"
L 12/21/2019 - 23:54:53: Server cvar "amx_ptb_version" = "1.8b3"
L 12/21/2019 - 23:54:53: Server cvar "amx_timeleft" = "05:47"
L 12/21/2019 - 23:54:53: Server cvar "amxmodx_version" = "1.8.2"
L 12/21/2019 - 23:54:53: Server cvar "amxxbg_vip" = "1.0"
L 12/21/2019 - 23:54:53: Server cvar "asp_version" = "4.5.1"
L 12/21/2019 - 23:54:53: Server cvar "atac_version" = "3.0.1"
L 12/21/2019 - 23:54:53: Server cvar "badcamper_version" = "1.4 beta"
L 12/21/2019 - 23:54:53: Server cvar "blockmaker" = "4.01"
L 12/21/2019 - 23:54:53: Server cvar "c4 timer" = "1.1"
L 12/21/2019 - 23:54:53: Server cvar "coop" = "0"
L 12/21/2019 - 23:54:53: Server cvar "CRXAdminGroups" = "1.0"
L 12/21/2019 - 23:54:53: Server cvar "CRXCommandRestrictions" = "1.0"
L 12/21/2019 - 23:54:53: Server cvar "CRXFastKnife" = "1.0"
L 12/21/2019 - 23:54:53: Server cvar "CRXGametracker" = "2.0"
L 12/21/2019 - 23:54:53: Server cvar "CRXKnifeModels" = "2.5.7"
L 12/21/2019 - 23:54:53: Server cvar "CRXTeamAdvantage" = "1.0"
L 12/21/2019 - 23:54:53: Server cvar "CustomShop" = "4.2"
L 12/21/2019 - 23:54:53: Server cvar "deathmatch" = "1"
L 12/21/2019 - 23:54:53: Server cvar "decalfrequency" = "0"
L 12/21/2019 - 23:54:53: Server cvar "edgefriction" = "2"
L 12/21/2019 - 23:54:53: Server cvar "ers_version" = "2.3c"
L 12/21/2019 - 23:54:53: Server cvar "gagsystem_shoko" = "1.0"
L 12/21/2019 - 23:54:53: Server cvar "gal_mapcyclefile" = "mapcycle.txt"
L 12/21/2019 - 23:54:53: Server cvar "gal_version" = "v5.9.1-926"
L 12/21/2019 - 23:54:53: Server cvar "game_version" = "5.7.0.313-dev"
L 12/21/2019 - 23:54:53: Server cvar "humans_join_team" = "any"
L 12/21/2019 - 23:54:53: Server cvar "jtp10181" = "chute,gore"
L 12/21/2019 - 23:54:53: Server cvar "lawliet" = "ny_RainingSnow"
L 12/21/2019 - 23:54:53: Server cvar "LetitSnow" = "1.0"
L 12/21/2019 - 23:54:53: Server cvar "map_spawns" = "T(16) CT(16)"
L 12/21/2019 - 23:54:53: Server cvar "max_queries_sec" = "3"
L 12/21/2019 - 23:54:53: Server cvar "max_queries_sec_global" = "150"
L 12/21/2019 - 23:54:53: Server cvar "max_queries_window" = "60"
L 12/21/2019 - 23:54:53: Server cvar "mdbBans" = "4.8"
L 12/21/2019 - 23:54:53: Server cvar "metamod_version" = "1.21p37"
L 12/21/2019 - 23:54:53: Server cvar "mp_autokick" = "0"
L 12/21/2019 - 23:54:53: Server cvar "mp_autokick_timeout" = "-1"
L 12/21/2019 - 23:54:53: Server cvar "mp_autoteambalance" = "0"
L 12/21/2019 - 23:54:53: Server cvar "mp_buytime" = "0.25"
L 12/21/2019 - 23:54:53: Server cvar "mp_c4timer" = "35"
L 12/21/2019 - 23:54:53: Server cvar "mp_chattime" = "10.000000"
L 12/21/2019 - 23:54:53: Server cvar "mp_consistency" = "1"
L 12/21/2019 - 23:54:53: Server cvar "mp_fadetoblack" = "0"
L 12/21/2019 - 23:54:53: Server cvar "mp_flashlight" = "1"
L 12/21/2019 - 23:54:53: Server cvar "mp_footsteps" = "1"
L 12/21/2019 - 23:54:53: Server cvar "mp_forcecamera" = "0"
L 12/21/2019 - 23:54:53: Server cvar "mp_forcechasecam" = "0"
L 12/21/2019 - 23:54:53: Server cvar "mp_forcerespawn" = "0"
L 12/21/2019 - 23:54:53: Server cvar "mp_fraglimit" = "0"
L 12/21/2019 - 23:54:53: Server cvar "mp_fragsleft" = "0"
L 12/21/2019 - 23:54:53: Server cvar "mp_freeforall" = "0"
L 12/21/2019 - 23:54:53: Server cvar "mp_freezetime" = "1"
L 12/21/2019 - 23:54:53: Server cvar "mp_friendlyfire" = "0"
L 12/21/2019 - 23:54:53: Server cvar "mp_hostage_hurtable" = "1"
L 12/21/2019 - 23:54:53: Server cvar "mp_hostagepenalty" = "0"
L 12/21/2019 - 23:54:53: Server cvar "mp_item_staytime" = "300"
L 12/21/2019 - 23:54:53: Server cvar "mp_kickpercent" = "0.66"
L 12/21/2019 - 23:54:53: Server cvar "mp_legacy_bombtarget_touch" = "1"
L 12/21/2019 - 23:54:53: Server cvar "mp_limitteams" = "0"
L 12/21/2019 - 23:54:53: Server cvar "mp_logdetail" = "0"
L 12/21/2019 - 23:54:53: Server cvar "mp_logfile" = "1"
L 12/21/2019 - 23:54:53: Server cvar "mp_logmessages" = "1"
L 12/21/2019 - 23:54:53: Server cvar "mp_mapvoteratio" = "0.66"
L 12/21/2019 - 23:54:53: Server cvar "mp_maxmoney" = "999999"
L 12/21/2019 - 23:54:53: Server cvar "mp_maxrounds" = "0"
L 12/21/2019 - 23:54:53: Server cvar "mp_mirrordamage" = "0"
L 12/21/2019 - 23:54:53: Server cvar "mp_old_bomb_defused_sound" = "1"
L 12/21/2019 - 23:54:53: Server cvar "mp_playerid" = "0"
L 12/21/2019 - 23:54:53: Server cvar "mp_respawn_immunitytime" = "0"
L 12/21/2019 - 23:54:53: Server cvar "mp_round_infinite" = "0"
L 12/21/2019 - 23:54:53: Server cvar "mp_round_restart_delay" = "5"
L 12/21/2019 - 23:54:53: Server cvar "mp_roundover" = "0"
L 12/21/2019 - 23:54:53: Server cvar "mp_roundtime" = "2.3"
L 12/21/2019 - 23:54:53: Server cvar "mp_show_radioicon" = "1"
L 12/21/2019 - 23:54:53: Server cvar "mp_startmoney" = "850"
L 12/21/2019 - 23:54:53: Server cvar "mp_timeleft" = "05:46"
L 12/21/2019 - 23:54:53: Server cvar "mp_timelimit" = "20"
L 12/21/2019 - 23:54:53: Server cvar "mp_tkpunish" = "0"
L 12/21/2019 - 23:54:53: Server cvar "mp_windifference" = "1"
L 12/21/2019 - 23:54:53: Server cvar "mp_winlimit" = "0"
L 12/21/2019 - 23:54:53: Server cvar "NoWeaponsOnGround" = "1.0"
L 12/21/2019 - 23:54:53: Server cvar "pausable" = "0"
L 12/21/2019 - 23:54:53: Server cvar "present_version" = "2.01"
L 12/21/2019 - 23:54:53: Server cvar "RandomHP" = "2.2"
L 12/21/2019 - 23:54:53: Server cvar "reauthcheck_version" = "0.1.6"
L 12/21/2019 - 23:54:53: Server cvar "reconnect_features" = "0.3.1"
L 12/21/2019 - 23:54:53: Server cvar "report_system_version" = "3.1"
L 12/21/2019 - 23:54:53: Server cvar "resemiclip_version" = "2.3.9"
L 12/21/2019 - 23:54:53: Server cvar "reu_version" = "0.1.0.130"
L 12/21/2019 - 23:54:53: Server cvar "revoice_version" = "0.1.0.30"
L 12/21/2019 - 23:54:53: Server cvar "RRWM" = "2.0"
L 12/21/2019 - 23:54:53: Server cvar "sanksounds_version" = "1.8.6"
L 12/21/2019 - 23:54:53: Server cvar "SimpleMenu" = "1.1"
L 12/21/2019 - 23:54:53: Server cvar "SNAC_Version" = "1.1"
L 12/21/2019 - 23:54:53: Server cvar "SpecList" = "1.2a"
L 12/21/2019 - 23:54:53: Server cvar "sr_version" = "1.6"
L 12/21/2019 - 23:54:53: Server cvar "statsx_shell_ver" = "2.0.0 (BETA)"
L 12/21/2019 - 23:54:53: Server cvar "StyleC4Timer" = "2.1"
L 12/21/2019 - 23:54:53: Server cvar "sv_accelerate" = "5"
L 12/21/2019 - 23:54:53: Server cvar "sv_aim" = "1"
L 12/21/2019 - 23:54:53: Server cvar "sv_airaccelerate" = "100"
L 12/21/2019 - 23:54:53: Server cvar "sv_allowupload" = "1"
L 12/21/2019 - 23:54:53: Server cvar "sv_alltalk" = "1"
L 12/21/2019 - 23:54:53: Server cvar "sv_bounce" = "1"
L 12/21/2019 - 23:54:53: Server cvar "sv_cheats" = "0"
L 12/21/2019 - 23:54:53: Server cvar "sv_clienttrace" = "1"
L 12/21/2019 - 23:54:53: Server cvar "sv_contact" = "feruchio599@gmail.com"
L 12/21/2019 - 23:54:53: Server cvar "sv_friction" = "4"
L 12/21/2019 - 23:54:53: Server cvar "sv_gravity" = "800"
L 12/21/2019 - 23:54:53: Server cvar "sv_logblocks" = "0"
L 12/21/2019 - 23:54:53: Server cvar "sv_maxrate" = "50000"
L 12/21/2019 - 23:54:53: Server cvar "sv_maxspeed" = "900.000000"
L 12/21/2019 - 23:54:53: Server cvar "sv_minrate" = "10000"
L 12/21/2019 - 23:54:53: Server cvar "sv_password" = ""
L 12/21/2019 - 23:54:53: Server cvar "sv_proxies" = "1"
L 12/21/2019 - 23:54:53: Server cvar "sv_restart" = "0"
L 12/21/2019 - 23:54:53: Server cvar "sv_restartround" = "0"
L 12/21/2019 - 23:54:53: Server cvar "sv_stepsize" = "18"
L 12/21/2019 - 23:54:53: Server cvar "sv_stopspeed" = "75"
L 12/21/2019 - 23:54:53: Server cvar "sv_uploadmax" = "0.5"
L 12/21/2019 - 23:54:53: Server cvar "sv_version" = "1.1.2.7/Stdio,48,1621"
L 12/21/2019 - 23:54:53: Server cvar "sv_voiceenable" = "1"
L 12/21/2019 - 23:54:53: Server cvar "sv_wateraccelerate" = "10"
L 12/21/2019 - 23:54:53: Server cvar "sv_waterfriction" = "1"
L 12/21/2019 - 23:54:53: Server cvar "Team_Semiclip_version" = "3.3.1"
L 12/21/2019 - 23:54:53: Server cvar "vehicle_real_killer" = "1.1"
L 12/21/2019 - 23:54:53: Server cvar "WalkGuard" = "1.3.2"
L 12/21/2019 - 23:54:53: Server cvar "we_grenades" = "Huehue"
L 12/21/2019 - 23:54:53: Server cvar "we_player_models" = "Huehue"
L 12/21/2019 - 23:54:53: Server cvar "whb_version" = "1.5.692"
L 12/21/2019 - 23:54:53: Server cvar "zp_jp_version" = "Extra Item Jetpack+Bazooka v3.2"
L 12/21/2019 - 23:54:53: Server cvars end
L 12/21/2019 - 23:54:55: Server cvar "sv_maxspeed" = "900"
L 12/21/2019 - 23:54:55: Server cvar "mp_autoteambalance" = "1"
L 12/21/2019 - 23:54:55: Server cvar "mp_autoteambalance" = "0"
L 12/21/2019 - 23:54:55: Server cvar "amx_nextmap" = "[not yet voted on]"
L 12/21/2019 - 23:54:57: Started map "jp_cars" (CRC "-1563467776")
L 12/21/2019 - 23:54:59: World triggered "Round_Start"
L 12/21/2019 - 23:55:01: "Jason Statham<18><STEAM_0:1:65160151><>" connected, address "46.160.40.89:27005"
L 12/21/2019 - 23:55:02: "Jason Statham<18><STEAM_0:1:65160151><>" STEAM USERID validated
L 12/21/2019 - 23:55:02: [REUNION]: D3NDO (185.98.208.108) authorized as RevEmu
L 12/21/2019 - 23:55:02: "D3NDO<19><STEAM_1:0:1042275415><>" connected, address "185.98.208.108:27005"
L 12/21/2019 - 23:55:02: [REUNION]: Mateezek (185.98.208.108) authorized as RevEmu
L 12/21/2019 - 23:55:02: "Mateezek<20><STEAM_1:1:1957053965><>" connected, address "185.98.208.108:1024"
L 12/21/2019 - 23:55:03: [REUNION]: Domin GOPRO (217.144.31.153) authorized as RevEmu
L 12/21/2019 - 23:55:03: "Domin GOPRO<21><STEAM_1:1:580901376><>" connected, address "217.144.31.153:27005"
L 12/21/2019 - 23:55:06: "Jason Statham<18><STEAM_0:1:65160151><>" entered the game
L 12/21/2019 - 23:55:06: "D3NDO<19><STEAM_1:0:1042275415><>" entered the game
L 12/21/2019 - 23:55:06: "Mateezek<20><STEAM_1:1:1957053965><>" entered the game
L 12/21/2019 - 23:55:09: "Domin GOPRO<21><STEAM_1:1:580901376><>" entered the game
L 12/21/2019 - 23:55:09: "Mateezek<20><STEAM_1:1:1957053965><>" joined team "CT"
L 12/21/2019 - 23:55:13: "Domin GOPRO<21><STEAM_1:1:580901376><>" joined team "CT"
L 12/21/2019 - 23:55:16: "D3NDO<19><STEAM_1:0:1042275415><>" joined team "TERRORIST"
L 12/21/2019 - 23:55:16: World triggered "Game_Commencing"
L 12/21/2019 - 23:55:16: World triggered "Game_Commencing" (CT "0") (T "0")
L 12/21/2019 - 23:55:16: World triggered "Round_End"
L 12/21/2019 - 23:55:19: "D3NDO<19><STEAM_1:0:1042275415><TERRORIST>" triggered "Spawned_With_The_Bomb"
L 12/21/2019 - 23:55:20: World triggered "Round_Start"
L 12/21/2019 - 23:55:26: "Jason Statham<18><STEAM_0:1:65160151><>" joined team "TERRORIST"
L 12/21/2019 - 23:55:26: "Jason Statham<18><STEAM_0:1:65160151><TERRORIST>" triggered "Spawned_With_The_Bomb"
L 12/21/2019 - 23:55:47: "D3NDO<19><STEAM_1:0:1042275415><TERRORIST>" killed "Domin GOPRO<21><STEAM_1:1:580901376><CT>" with "tracktrain"
L 12/21/2019 - 23:55:48: "D3NDO<19><STEAM_1:0:1042275415><TERRORIST>" killed "Mateezek<20><STEAM_1:1:1957053965><CT>" with "tracktrain"
L 12/21/2019 - 23:55:48: Team "TERRORIST" triggered "Terrorists_Win" (CT "0") (T "1")
L 12/21/2019 - 23:55:48: World triggered "Round_End"
L 12/21/2019 - 23:55:53: "D3NDO<19><STEAM_1:0:1042275415><TERRORIST>" triggered "Spawned_With_The_Bomb"
L 12/21/2019 - 23:55:54: World triggered "Round_Start"
L 12/21/2019 - 23:56:22: "Jason Statham<18><STEAM_0:1:65160151><TERRORIST>" killed "Mateezek<20><STEAM_1:1:1957053965><CT>" with "tracktrain"
L 12/21/2019 - 23:56:34: "Jason Statham<18><STEAM_0:1:65160151><TERRORIST>" killed "Domin GOPRO<21><STEAM_1:1:580901376><CT>" with "tracktrain"
L 12/21/2019 - 23:56:34: Team "TERRORIST" triggered "Terrorists_Win" (CT "0") (T "2")
L 12/21/2019 - 23:56:34: World triggered "Round_End"
L 12/21/2019 - 23:56:38: "D3NDO<19><STEAM_1:0:1042275415><TERRORIST>" joined team "CT"
L 12/21/2019 - 23:56:38: "<><><>" triggered "amx_chat" (text "[PTB] Transfered D3NDO to CT")
L 12/21/2019 - 23:56:39: "Jason Statham<18><STEAM_0:1:65160151><TERRORIST>" triggered "Spawned_With_The_Bomb"
L 12/21/2019 - 23:56:40: World triggered "Round_Start"
L 12/21/2019 - 23:57:02: "Jason Statham<18><STEAM_0:1:65160151><TERRORIST>" killed "Mateezek<20><STEAM_1:1:1957053965><CT>" with "tracktrain"
L 12/21/2019 - 23:57:02: "Jason Statham<18><STEAM_0:1:65160151><TERRORIST>" killed "Domin GOPRO<21><STEAM_1:1:580901376><CT>" with "tracktrain"
L 12/21/2019 - 23:57:03: "Mateezek<20><STEAM_1:1:1957053965><CT>" killed "Jason Statham<18><STEAM_0:1:65160151><TERRORIST>" with "tracktrain"
L 12/21/2019 - 23:57:03: Team "CT" triggered "CTs_Win" (CT "1") (T "2")
L 12/21/2019 - 23:57:03: World triggered "Round_End"
L 12/21/2019 - 23:57:08: "Jason Statham<18><STEAM_0:1:65160151><TERRORIST>" triggered "Spawned_With_The_Bomb"
L 12/21/2019 - 23:57:09: World triggered "Round_Start"
L 12/21/2019 - 23:57:41: "Jason Statham<18><STEAM_0:1:65160151><TERRORIST>" killed "D3NDO<19><STEAM_1:0:1042275415><CT>" with "tracktrain"
L 12/21/2019 - 23:57:49: "Domin GOPRO<21><STEAM_1:1:580901376><CT>" committed suicide with "worldspawn" (world)
L 12/21/2019 - 23:58:22: "Jason Statham<18><STEAM_0:1:65160151><TERRORIST>" killed "Mateezek<20><STEAM_1:1:1957053965><CT>" with "knife"
L 12/21/2019 - 23:58:22: Team "TERRORIST" triggered "Terrorists_Win" (CT "1") (T "3")
L 12/21/2019 - 23:58:22: World triggered "Round_End"
L 12/21/2019 - 23:58:27: "Jason Statham<18><STEAM_0:1:65160151><TERRORIST>" triggered "Spawned_With_The_Bomb"
L 12/21/2019 - 23:58:28: World triggered "Round_Start"
L 12/21/2019 - 23:58:43: "Mateezek<20><STEAM_1:1:1957053965><CT>" killed "D3NDO<19><STEAM_1:0:1042275415><CT>" with "tracktrain"
L 12/22/2019 - 00:00:01: "Mateezek<20><STEAM_1:1:1957053965><CT>" killed "Jason Statham<18><STEAM_0:1:65160151><TERRORIST>" with "ak47"
L 12/22/2019 - 00:00:01: Team "CT" triggered "CTs_Win" (CT "2") (T "3")
L 12/22/2019 - 00:00:01: World triggered "Round_End"
L 12/22/2019 - 00:00:06: "Mateezek<20><STEAM_1:1:1957053965><CT>" joined team "TERRORIST"
L 12/22/2019 - 00:00:06: "<><><>" triggered "amx_chat" (text "[PTB] Transfered Mateezek to TERRORIST")
L 12/22/2019 - 00:00:06: "Jason Statham<18><STEAM_0:1:65160151><TERRORIST>" triggered "Spawned_With_The_Bomb"
L 12/22/2019 - 00:00:07: World triggered "Round_Start"
L 12/22/2019 - 00:00:20: "Mateezek<20><STEAM_1:1:1957053965><TERRORIST>" committed suicide with "world"
L 12/22/2019 - 00:00:20: "Mateezek<20><STEAM_1:1:1957053965><TERRORIST>" joined team "CT"
L 12/22/2019 - 00:00:44: "D3NDO<19><STEAM_1:0:1042275415><CT>" killed "Jason Statham<18><STEAM_0:1:65160151><TERRORIST>" with "tracktrain"
L 12/22/2019 - 00:00:44: Team "CT" triggered "CTs_Win" (CT "3") (T "3")
L 12/22/2019 - 00:00:44: World triggered "Round_End"
L 12/22/2019 - 00:00:49: "D3NDO<19><STEAM_1:0:1042275415><CT>" joined team "TERRORIST"
L 12/22/2019 - 00:00:49: "<><><>" triggered "amx_chat" (text "[PTB] Transfered D3NDO to TERRORIST")
L 12/22/2019 - 00:00:49: "D3NDO<19><STEAM_1:0:1042275415><TERRORIST>" triggered "Spawned_With_The_Bomb"
L 12/22/2019 - 00:00:50: World triggered "Round_Start"
L 12/22/2019 - 00:01:19: "Jason Statham<18><STEAM_0:1:65160151><TERRORIST>" killed "Domin GOPRO<21><STEAM_1:1:580901376><CT>" with "ak47"
L 12/22/2019 - 00:01:20: "Mateezek<20><STEAM_1:1:1957053965><CT>" killed "Jason Statham<18><STEAM_0:1:65160151><TERRORIST>" with "m249"
L 12/22/2019 - 00:01:20: "D3NDO<19><STEAM_1:0:1042275415><TERRORIST>" killed "Mateezek<20><STEAM_1:1:1957053965><CT>" with "tracktrain"
L 12/22/2019 - 00:01:20: Team "TERRORIST" triggered "Terrorists_Win" (CT "3") (T "4")
L 12/22/2019 - 00:01:20: World triggered "Round_End"
L 12/22/2019 - 00:01:25: "Jason Statham<18><STEAM_0:1:65160151><TERRORIST>" joined team "CT"
L 12/22/2019 - 00:01:25: "<><><>" triggered "amx_chat" (text "[PTB] Transfered Jason Statham to CT")
L 12/22/2019 - 00:01:25: "D3NDO<19><STEAM_1:0:1042275415><TERRORIST>" triggered "Spawned_With_The_Bomb"
L 12/22/2019 - 00:01:26: World triggered "Round_Start"
L 12/22/2019 - 00:01:58: "Jason Statham<18><STEAM_0:1:65160151><CT>" killed "D3NDO<19><STEAM_1:0:1042275415><TERRORIST>" with "deagle"
L 12/22/2019 - 00:01:58: Team "CT" triggered "CTs_Win" (CT "4") (T "4")
L 12/22/2019 - 00:01:58: World triggered "Round_End"
L 12/22/2019 - 00:02:03: "D3NDO<19><STEAM_1:0:1042275415><TERRORIST>" triggered "Spawned_With_The_Bomb"
L 12/22/2019 - 00:02:04: World triggered "Round_Start"
L 12/22/2019 - 00:02:33: "Mateezek<20><STEAM_1:1:1957053965><CT>" killed "Domin GOPRO<21><STEAM_1:1:580901376><CT>" with "tracktrain"
L 12/22/2019 - 00:02:45: "Jason Statham<18><STEAM_0:1:65160151><CT>" killed "D3NDO<19><STEAM_1:0:1042275415><TERRORIST>" with "scout"
L 12/22/2019 - 00:02:45: Team "CT" triggered "CTs_Win" (CT "5") (T "4")
L 12/22/2019 - 00:02:45: World triggered "Round_End"
L 12/22/2019 - 00:02:50: "Mateezek<20><STEAM_1:1:1957053965><CT>" joined team "TERRORIST"
L 12/22/2019 - 00:02:50: "<><><>" triggered "amx_chat" (text "[PTB] Transfered Mateezek to TERRORIST")
L 12/22/2019 - 00:02:50: "D3NDO<19><STEAM_1:0:1042275415><TERRORIST>" triggered "Spawned_With_The_Bomb"
L 12/22/2019 - 00:02:51: World triggered "Round_Start"
L 12/22/2019 - 00:03:10: "Jason Statham<18><STEAM_0:1:65160151><CT>" killed "Mateezek<20><STEAM_1:1:1957053965><TERRORIST>" with "deagle"
L 12/22/2019 - 00:03:31: "Jason Statham<18><STEAM_0:1:65160151><CT>" killed "D3NDO<19><STEAM_1:0:1042275415><TERRORIST>" with "scout"
L 12/22/2019 - 00:03:31: Team "CT" triggered "CTs_Win" (CT "6") (T "4")
L 12/22/2019 - 00:03:31: World triggered "Round_End"
L 12/22/2019 - 00:03:36: "Mateezek<20><STEAM_1:1:1957053965><TERRORIST>" triggered "Spawned_With_The_Bomb"
L 12/22/2019 - 00:03:36: "Mateezek<20><STEAM_1:1:1957053965><TERRORIST>" triggered "Dropped_The_Bomb"
L 12/22/2019 - 00:03:36: "Mateezek<20><STEAM_1:1:1957053965><TERRORIST>" disconnected
L 12/22/2019 - 00:03:37: World triggered "Round_Start"
L 12/22/2019 - 00:03:39: "D3NDO<19><STEAM_1:0:1042275415><TERRORIST>" disconnected
L 12/22/2019 - 00:03:45: "Domin GOPRO<21><STEAM_1:1:580901376><CT>" disconnected
L 12/22/2019 - 00:04:23: "Jason Statham<18><STEAM_0:1:65160151><CT>" committed suicide with "worldspawn" (world)
L 12/22/2019 - 00:04:23: World triggered "Round_Draw" (CT "6") (T "4")
L 12/22/2019 - 00:04:23: World triggered "Round_End"
L 12/22/2019 - 00:04:27: "Jason Statham<18><STEAM_0:1:65160151><CT>" disconnected
L 12/22/2019 - 00:04:29: World triggered "Round_Start"
L 12/22/2019 - 00:06:47: Team "CT" triggered "Target_Saved" (CT "6") (T "4")
L 12/22/2019 - 00:06:47: World triggered "Round_End"
L 12/22/2019 - 00:06:53: World triggered "Round_Start"
L 12/22/2019 - 00:09:11: Team "CT" triggered "Target_Saved" (CT "6") (T "4")
L 12/22/2019 - 00:09:11: World triggered "Round_End"
L 12/22/2019 - 00:09:17: World triggered "Round_Start"
L 12/22/2019 - 00:11:35: Team "CT" triggered "Target_Saved" (CT "6") (T "4")
L 12/22/2019 - 00:11:35: World triggered "Round_End"
L 12/22/2019 - 00:11:41: World triggered "Round_Start"
L 12/22/2019 - 00:13:59: Team "CT" triggered "Target_Saved" (CT "6") (T "4")
L 12/22/2019 - 00:13:59: World triggered "Round_End"
L 12/22/2019 - 00:14:05: World triggered "Round_Start"
L 12/22/2019 - 00:15:19: Server cvar "mp_chattime" = "12.000000"
L 12/22/2019 - 00:15:19: Server cvar "amx_nextmap" = "as_cliffsea"
L 12/22/2019 - 00:15:19: Team "CT" scored "6" with "0" players
L 12/22/2019 - 00:15:19: Team "TERRORIST" scored "4" with "0" players
L 12/22/2019 - 00:15:29: Server cvar "mp_chattime" = "10.000000"
L 12/22/2019 - 00:15:29: [META] ini: Begin re-reading plugins list: /home/rented/public9/cstrike/addons/metamod/plugins.ini
L 12/22/2019 - 00:15:29: [META] ini: Read plugin config for: SafeNameAndChat
L 12/22/2019 - 00:15:29: [META] ini: Read plugin config for: AMX Mod X
L 12/22/2019 - 00:15:29: [META] ini: Read plugin config for: Reunion
L 12/22/2019 - 00:15:29: [META] ini: Read plugin config for: ReAuthCheck
L 12/22/2019 - 00:15:29: [META] ini: Read plugin config for: WHBlocker
L 12/22/2019 - 00:15:29: [META] ini: Read plugin config for: ReSemiclip
L 12/22/2019 - 00:15:29: [META] ini: Read plugin config for: Revoice
L 12/22/2019 - 00:15:29: [META] ini: Finished reading plugins list: /home/rented/public9/cstrike/addons/metamod/plugins.ini; Found 7 plugins
L 12/22/2019 - 00:15:29: [META] dll: Updating plugins...
L 12/22/2019 - 00:15:29: [META] WARNING: Cannot clear plugin 'SafeNameAndChat'; not marked as failed, empty, or open (status=valid)
L 12/22/2019 - 00:15:29: [META] dll: Unloaded plugin 'SafeNameAndChat' for reason 'file on disk is newer'
L 12/22/2019 - 00:15:29: [META] dll: Loaded plugin 'SafeNameAndChat': SafeNameAndChat v1.1 2017.02.01, WPMG.PRoSToC0der
L 12/22/2019 - 00:15:29: [META] WARNING: Cannot clear plugin 'WHBlocker'; not marked as failed, empty, or open (status=valid)
L 12/22/2019 - 00:15:29: [META] dll: Unloaded plugin 'WHBlocker' for reason 'file on disk is newer'
L 12/22/2019 - 00:15:29: [META] dll: Loaded plugin 'WHBlocker': WHBlocker v1.5.692 2017-04-13, s1lent
L 12/22/2019 - 00:15:29: [META] WARNING: Cannot clear plugin 'ReSemiclip'; not marked as failed, empty, or open (status=valid)
L 12/22/2019 - 00:15:29: [META] dll: Unloaded plugin 'ReSemiclip' for reason 'file on disk is newer'
L 12/22/2019 - 00:15:29: [META] dll: Loaded plugin 'ReSemiclip': ReSemiclip v2.3.9 13/02/17, s1lent & Adidasman
L 12/22/2019 - 00:15:29: [META] dll: Finished updating 14 plugins; kept 0, loaded 0, unloaded 0, reloaded 3, delayed 0
L 12/22/2019 - 00:15:29: Log file closed
