L 12/21/2019 - 20:01:41: Log file started (file "logs/L1221082.log") (game "cstrike") (version "48/1.1.2.7/Stdio/1621")
L 12/21/2019 - 20:01:41: Loading map "xmas_nipperhouse"
L 12/21/2019 - 20:01:41: Server cvars start
L 12/21/2019 - 20:01:41: Server cvar "@BunnyHopper" = "3.x"
L 12/21/2019 - 20:01:41: Server cvar "@CRXGoSpec" = "1.1"
L 12/21/2019 - 20:01:41: Server cvar "@CRXRemoveImmunity" = "1.0"
L 12/21/2019 - 20:01:41: Server cvar "@D.I.C.E." = "1.1"
L 12/21/2019 - 20:01:41: Server cvar "@MOTDCommands" = "1.2"
L 12/21/2019 - 20:01:41: Server cvar "advanced_quake_sounds" = "5.0"
L 12/21/2019 - 20:01:41: Server cvar "AdvancedMute" = "1.0"
L 12/21/2019 - 20:01:41: Server cvar "aesp_version" = "1.3"
L 12/21/2019 - 20:01:41: Server cvar "allow_spectators" = "1.0"
L 12/21/2019 - 20:01:41: Server cvar "amx_client_languages" = "1"
L 12/21/2019 - 20:01:41: Server cvar "amx_language" = "en"
L 12/21/2019 - 20:01:41: Server cvar "amx_nextmap" = "xmas_nipperhouse"
L 12/21/2019 - 20:01:41: Server cvar "amx_ptb_version" = "1.8b3"
L 12/21/2019 - 20:01:41: Server cvar "amx_timeleft" = "00:00"
L 12/21/2019 - 20:01:41: Server cvar "amxmodx_version" = "1.8.2"
L 12/21/2019 - 20:01:41: Server cvar "amxxbg_vip" = "1.0"
L 12/21/2019 - 20:01:41: Server cvar "asp_version" = "4.5.1"
L 12/21/2019 - 20:01:41: Server cvar "atac_version" = "3.0.1"
L 12/21/2019 - 20:01:41: Server cvar "badcamper_version" = "1.4 beta"
L 12/21/2019 - 20:01:41: Server cvar "blockmaker" = "4.01"
L 12/21/2019 - 20:01:41: Server cvar "c4 timer" = "1.1"
L 12/21/2019 - 20:01:41: Server cvar "coop" = "0"
L 12/21/2019 - 20:01:41: Server cvar "CRXAdminGroups" = "1.0"
L 12/21/2019 - 20:01:41: Server cvar "CRXCommandRestrictions" = "1.0"
L 12/21/2019 - 20:01:41: Server cvar "CRXFastKnife" = "1.0"
L 12/21/2019 - 20:01:41: Server cvar "CRXGametracker" = "2.0"
L 12/21/2019 - 20:01:41: Server cvar "CRXKnifeModels" = "2.5.7"
L 12/21/2019 - 20:01:41: Server cvar "CRXTeamAdvantage" = "1.0"
L 12/21/2019 - 20:01:41: Server cvar "CustomShop" = "4.2"
L 12/21/2019 - 20:01:41: Server cvar "deathmatch" = "1"
L 12/21/2019 - 20:01:41: Server cvar "decalfrequency" = "0"
L 12/21/2019 - 20:01:41: Server cvar "edgefriction" = "2"
L 12/21/2019 - 20:01:41: Server cvar "ers_version" = "2.3c"
L 12/21/2019 - 20:01:41: Server cvar "gagsystem_shoko" = "1.0"
L 12/21/2019 - 20:01:41: Server cvar "gal_mapcyclefile" = "mapcycle.txt"
L 12/21/2019 - 20:01:41: Server cvar "gal_version" = "v5.9.1-926"
L 12/21/2019 - 20:01:41: Server cvar "game_version" = "5.7.0.313-dev"
L 12/21/2019 - 20:01:41: Server cvar "humans_join_team" = "any"
L 12/21/2019 - 20:01:41: Server cvar "jtp10181" = "chute,gore"
L 12/21/2019 - 20:01:41: Server cvar "lawliet" = "ny_RainingSnow"
L 12/21/2019 - 20:01:41: Server cvar "LetitSnow" = "1.0"
L 12/21/2019 - 20:01:41: Server cvar "map_spawns" = "T(16) CT(16)"
L 12/21/2019 - 20:01:41: Server cvar "max_queries_sec" = "3"
L 12/21/2019 - 20:01:41: Server cvar "max_queries_sec_global" = "150"
L 12/21/2019 - 20:01:41: Server cvar "max_queries_window" = "60"
L 12/21/2019 - 20:01:41: Server cvar "mdbBans" = "4.8"
L 12/21/2019 - 20:01:41: Server cvar "metamod_version" = "1.21p37"
L 12/21/2019 - 20:01:41: Server cvar "mp_autokick" = "0"
L 12/21/2019 - 20:01:41: Server cvar "mp_autokick_timeout" = "-1"
L 12/21/2019 - 20:01:41: Server cvar "mp_autoteambalance" = "0"
L 12/21/2019 - 20:01:41: Server cvar "mp_buytime" = "0.25"
L 12/21/2019 - 20:01:41: Server cvar "mp_c4timer" = "35"
L 12/21/2019 - 20:01:41: Server cvar "mp_chattime" = "10.000000"
L 12/21/2019 - 20:01:41: Server cvar "mp_consistency" = "1"
L 12/21/2019 - 20:01:41: Server cvar "mp_fadetoblack" = "0"
L 12/21/2019 - 20:01:41: Server cvar "mp_flashlight" = "1"
L 12/21/2019 - 20:01:41: Server cvar "mp_footsteps" = "1"
L 12/21/2019 - 20:01:41: Server cvar "mp_forcecamera" = "0"
L 12/21/2019 - 20:01:41: Server cvar "mp_forcechasecam" = "0"
L 12/21/2019 - 20:01:41: Server cvar "mp_forcerespawn" = "0"
L 12/21/2019 - 20:01:41: Server cvar "mp_fraglimit" = "0"
L 12/21/2019 - 20:01:41: Server cvar "mp_fragsleft" = "0"
L 12/21/2019 - 20:01:41: Server cvar "mp_freeforall" = "0"
L 12/21/2019 - 20:01:41: Server cvar "mp_freezetime" = "1"
L 12/21/2019 - 20:01:41: Server cvar "mp_friendlyfire" = "0"
L 12/21/2019 - 20:01:41: Server cvar "mp_hostage_hurtable" = "1"
L 12/21/2019 - 20:01:41: Server cvar "mp_hostagepenalty" = "0"
L 12/21/2019 - 20:01:41: Server cvar "mp_item_staytime" = "300"
L 12/21/2019 - 20:01:41: Server cvar "mp_kickpercent" = "0.66"
L 12/21/2019 - 20:01:41: Server cvar "mp_legacy_bombtarget_touch" = "1"
L 12/21/2019 - 20:01:41: Server cvar "mp_limitteams" = "0"
L 12/21/2019 - 20:01:41: Server cvar "mp_logdetail" = "0"
L 12/21/2019 - 20:01:41: Server cvar "mp_logfile" = "1"
L 12/21/2019 - 20:01:41: Server cvar "mp_logmessages" = "1"
L 12/21/2019 - 20:01:41: Server cvar "mp_mapvoteratio" = "0.66"
L 12/21/2019 - 20:01:41: Server cvar "mp_maxmoney" = "999999"
L 12/21/2019 - 20:01:41: Server cvar "mp_maxrounds" = "0"
L 12/21/2019 - 20:01:41: Server cvar "mp_mirrordamage" = "0"
L 12/21/2019 - 20:01:41: Server cvar "mp_old_bomb_defused_sound" = "1"
L 12/21/2019 - 20:01:41: Server cvar "mp_playerid" = "0"
L 12/21/2019 - 20:01:41: Server cvar "mp_respawn_immunitytime" = "0"
L 12/21/2019 - 20:01:41: Server cvar "mp_round_infinite" = "0"
L 12/21/2019 - 20:01:41: Server cvar "mp_round_restart_delay" = "5"
L 12/21/2019 - 20:01:41: Server cvar "mp_roundover" = "0"
L 12/21/2019 - 20:01:41: Server cvar "mp_roundtime" = "2.3"
L 12/21/2019 - 20:01:41: Server cvar "mp_show_radioicon" = "1"
L 12/21/2019 - 20:01:41: Server cvar "mp_startmoney" = "850"
L 12/21/2019 - 20:01:41: Server cvar "mp_timeleft" = "00:00"
L 12/21/2019 - 20:01:41: Server cvar "mp_timelimit" = "20.000000"
L 12/21/2019 - 20:01:41: Server cvar "mp_tkpunish" = "0"
L 12/21/2019 - 20:01:41: Server cvar "mp_windifference" = "1"
L 12/21/2019 - 20:01:41: Server cvar "mp_winlimit" = "0"
L 12/21/2019 - 20:01:41: Server cvar "NoWeaponsOnGround" = "1.0"
L 12/21/2019 - 20:01:41: Server cvar "pausable" = "0"
L 12/21/2019 - 20:01:41: Server cvar "present_version" = "2.01"
L 12/21/2019 - 20:01:41: Server cvar "RandomHP" = "2.2"
L 12/21/2019 - 20:01:41: Server cvar "reauthcheck_version" = "0.1.6"
L 12/21/2019 - 20:01:41: Server cvar "reconnect_features" = "0.3.1"
L 12/21/2019 - 20:01:41: Server cvar "report_system_version" = "3.1"
L 12/21/2019 - 20:01:41: Server cvar "resemiclip_version" = "2.3.9"
L 12/21/2019 - 20:01:41: Server cvar "reu_version" = "0.1.0.130"
L 12/21/2019 - 20:01:41: Server cvar "revoice_version" = "0.1.0.30"
L 12/21/2019 - 20:01:41: Server cvar "RRWM" = "2.0"
L 12/21/2019 - 20:01:41: Server cvar "sanksounds_version" = "1.8.6"
L 12/21/2019 - 20:01:41: Server cvar "SimpleMenu" = "1.1"
L 12/21/2019 - 20:01:41: Server cvar "SNAC_Version" = "1.1"
L 12/21/2019 - 20:01:41: Server cvar "SpecList" = "1.2a"
L 12/21/2019 - 20:01:41: Server cvar "sr_version" = "1.6"
L 12/21/2019 - 20:01:41: Server cvar "statsx_shell_ver" = "2.0.0 (BETA)"
L 12/21/2019 - 20:01:41: Server cvar "StyleC4Timer" = "2.1"
L 12/21/2019 - 20:01:41: Server cvar "sv_accelerate" = "5"
L 12/21/2019 - 20:01:41: Server cvar "sv_aim" = "1"
L 12/21/2019 - 20:01:41: Server cvar "sv_airaccelerate" = "100"
L 12/21/2019 - 20:01:41: Server cvar "sv_allowupload" = "1"
L 12/21/2019 - 20:01:41: Server cvar "sv_alltalk" = "1"
L 12/21/2019 - 20:01:41: Server cvar "sv_bounce" = "1"
L 12/21/2019 - 20:01:41: Server cvar "sv_cheats" = "0"
L 12/21/2019 - 20:01:41: Server cvar "sv_clienttrace" = "1"
L 12/21/2019 - 20:01:41: Server cvar "sv_contact" = "feruchio599@gmail.com"
L 12/21/2019 - 20:01:41: Server cvar "sv_friction" = "4"
L 12/21/2019 - 20:01:41: Server cvar "sv_gravity" = "800"
L 12/21/2019 - 20:01:41: Server cvar "sv_logblocks" = "0"
L 12/21/2019 - 20:01:41: Server cvar "sv_maxrate" = "50000"
L 12/21/2019 - 20:01:41: Server cvar "sv_maxspeed" = "900.000000"
L 12/21/2019 - 20:01:41: Server cvar "sv_minrate" = "10000"
L 12/21/2019 - 20:01:41: Server cvar "sv_password" = ""
L 12/21/2019 - 20:01:41: Server cvar "sv_proxies" = "1"
L 12/21/2019 - 20:01:41: Server cvar "sv_restart" = "0"
L 12/21/2019 - 20:01:41: Server cvar "sv_restartround" = "0"
L 12/21/2019 - 20:01:41: Server cvar "sv_stepsize" = "18"
L 12/21/2019 - 20:01:41: Server cvar "sv_stopspeed" = "75"
L 12/21/2019 - 20:01:41: Server cvar "sv_uploadmax" = "0.5"
L 12/21/2019 - 20:01:41: Server cvar "sv_version" = "1.1.2.7/Stdio,48,1621"
L 12/21/2019 - 20:01:41: Server cvar "sv_voiceenable" = "1"
L 12/21/2019 - 20:01:41: Server cvar "sv_wateraccelerate" = "10"
L 12/21/2019 - 20:01:41: Server cvar "sv_waterfriction" = "1"
L 12/21/2019 - 20:01:41: Server cvar "Team_Semiclip_version" = "3.3.1"
L 12/21/2019 - 20:01:41: Server cvar "vehicle_real_killer" = "1.1"
L 12/21/2019 - 20:01:41: Server cvar "WalkGuard" = "1.3.2"
L 12/21/2019 - 20:01:41: Server cvar "we_grenades" = "Huehue"
L 12/21/2019 - 20:01:41: Server cvar "we_player_models" = "Huehue"
L 12/21/2019 - 20:01:41: Server cvar "whb_version" = "1.5.692"
L 12/21/2019 - 20:01:41: Server cvar "zp_jp_version" = "Extra Item Jetpack+Bazooka v3.2"
L 12/21/2019 - 20:01:41: Server cvars end
L 12/21/2019 - 20:01:44: Server cvar "sv_maxspeed" = "900"
L 12/21/2019 - 20:01:44: Server cvar "mp_autoteambalance" = "1"
L 12/21/2019 - 20:01:44: Server cvar "mp_timelimit" = "20"
L 12/21/2019 - 20:01:44: Server cvar "mp_autoteambalance" = "0"
L 12/21/2019 - 20:01:44: Server cvar "amx_nextmap" = "[not yet voted on]"
L 12/21/2019 - 20:01:46: Started map "xmas_nipperhouse" (CRC "1699608332")
L 12/21/2019 - 20:01:47: World triggered "Round_Start"
L 12/21/2019 - 20:01:48: [REUNION]: PapaSmurf (79.100.133.74) authorized as RevEmu
L 12/21/2019 - 20:01:48: "PapaSmurf<46><STEAM_1:0:1394048084><>" connected, address "79.100.133.74:27005"
L 12/21/2019 - 20:01:48: [REUNION]: Zumer14 (84.238.252.121) authorized as RevEmu
L 12/21/2019 - 20:01:48: "Zumer14<47><STEAM_2:1:630252266><>" connected, address "84.238.252.121:27005"
L 12/21/2019 - 20:01:48: [REUNION]: 2Pacalypse (130.185.211.206) authorized as NoSteam47
L 12/21/2019 - 20:01:48: "2Pacalypse<48><VALVE_ID_LAN><>" connected, address "130.185.211.206:27005"
L 12/21/2019 - 20:01:49: [REUNION]: KoLibRi (37.220.68.177) authorized as RevEmu
L 12/21/2019 - 20:01:49: "KoLibRi<49><STEAM_1:1:41823316><>" connected, address "37.220.68.177:26769"
L 12/21/2019 - 20:01:50: "BAD BOY<36><STEAM_1:1:175462098><>" entered the game
L 12/21/2019 - 20:01:52: "2Pacalypse<48><VALVE_ID_LAN><>" entered the game
L 12/21/2019 - 20:01:52: "Zumer14<47><STEAM_2:1:630252266><>" entered the game
L 12/21/2019 - 20:01:52: "PapaSmurf<46><STEAM_1:0:1394048084><>" entered the game
L 12/21/2019 - 20:01:54: "KoLibRi<49><STEAM_1:1:41823316><>" entered the game
L 12/21/2019 - 20:01:54: "PapaSmurf<46><STEAM_1:0:1394048084><>" joined team "TERRORIST"
L 12/21/2019 - 20:01:54: "PapaSmurf<46><STEAM_1:0:1394048084><TERRORIST>" triggered "Spawned_With_The_Bomb"
L 12/21/2019 - 20:01:56: "Zumer14<47><STEAM_2:1:630252266><>" joined team "TERRORIST"
L 12/21/2019 - 20:01:58: "BAD BOY<36><STEAM_1:1:175462098><>" joined team "CT"
L 12/21/2019 - 20:01:58: World triggered "Game_Commencing"
L 12/21/2019 - 20:01:58: World triggered "Game_Commencing" (CT "0") (T "0")
L 12/21/2019 - 20:01:58: World triggered "Round_End"
L 12/21/2019 - 20:02:00: "2Pacalypse<48><VALVE_ID_LAN><>" joined team "TERRORIST"
L 12/21/2019 - 20:02:00: "KoLibRi<49><STEAM_1:1:41823316><>" joined team "CT"
L 12/21/2019 - 20:02:01: "Zumer14<47><STEAM_2:1:630252266><TERRORIST>" triggered "Spawned_With_The_Bomb"
L 12/21/2019 - 20:02:02: World triggered "Round_Start"
L 12/21/2019 - 20:02:31: "PapaSmurf<46><STEAM_1:0:1394048084><TERRORIST>" killed "BAD BOY<36><STEAM_1:1:175462098><CT>" with "glock18"
L 12/21/2019 - 20:02:33: "2Pacalypse<48><VALVE_ID_LAN><TERRORIST>" killed "KoLibRi<49><STEAM_1:1:41823316><CT>" with "deagle"
L 12/21/2019 - 20:02:33: Team "TERRORIST" triggered "Terrorists_Win" (CT "0") (T "1")
L 12/21/2019 - 20:02:33: World triggered "Round_End"
L 12/21/2019 - 20:02:38: "PapaSmurf<46><STEAM_1:0:1394048084><TERRORIST>" triggered "Spawned_With_The_Bomb"
L 12/21/2019 - 20:02:39: World triggered "Round_Start"
L 12/21/2019 - 20:03:01: "2Pacalypse<48><VALVE_ID_LAN><TERRORIST>" killed "KoLibRi<49><STEAM_1:1:41823316><CT>" with "ak47"
L 12/21/2019 - 20:03:45: "PapaSmurf<46><STEAM_1:0:1394048084><TERRORIST>" killed "BAD BOY<36><STEAM_1:1:175462098><CT>" with "ak47"
L 12/21/2019 - 20:03:45: Team "TERRORIST" triggered "Terrorists_Win" (CT "0") (T "2")
L 12/21/2019 - 20:03:45: World triggered "Round_End"
L 12/21/2019 - 20:03:50: "PapaSmurf<46><STEAM_1:0:1394048084><TERRORIST>" joined team "CT"
L 12/21/2019 - 20:03:50: "<><><>" triggered "amx_chat" (text "[PTB] Transfered PapaSmurf to CT")
L 12/21/2019 - 20:03:50: "2Pacalypse<48><VALVE_ID_LAN><TERRORIST>" triggered "Spawned_With_The_Bomb"
L 12/21/2019 - 20:03:51: World triggered "Round_Start"
L 12/21/2019 - 20:04:09: "2Pacalypse<48><VALVE_ID_LAN><TERRORIST>" killed "PapaSmurf<46><STEAM_1:0:1394048084><CT>" with "ak47"
L 12/21/2019 - 20:04:13: "2Pacalypse<48><VALVE_ID_LAN><TERRORIST>" killed "BAD BOY<36><STEAM_1:1:175462098><CT>" with "ak47"
L 12/21/2019 - 20:04:48: [REUNION]: `eXp (213.167.29.213) authorized as RevEmu
L 12/21/2019 - 20:04:48: "`eXp<50><STEAM_1:0:860921214><>" connected, address "213.167.29.213:27005"
L 12/21/2019 - 20:04:53: "`eXp<50><STEAM_1:0:860921214><>" entered the game
L 12/21/2019 - 20:05:10: "`eXp<50><STEAM_1:0:860921214><>" joined team "TERRORIST"
L 12/21/2019 - 20:05:13: "2Pacalypse<48><VALVE_ID_LAN><TERRORIST>" triggered "Dropped_The_Bomb"
L 12/21/2019 - 20:05:13: "Zumer14<47><STEAM_2:1:630252266><TERRORIST>" triggered "Got_The_Bomb"
L 12/21/2019 - 20:05:29: "KoLibRi<49><STEAM_1:1:41823316><CT>" killed "Zumer14<47><STEAM_2:1:630252266><TERRORIST>" with "ak47"
L 12/21/2019 - 20:05:29: "Zumer14<47><STEAM_2:1:630252266><TERRORIST>" triggered "Dropped_The_Bomb"
L 12/21/2019 - 20:05:31: "2Pacalypse<48><VALVE_ID_LAN><TERRORIST>" triggered "Got_The_Bomb"
L 12/21/2019 - 20:05:35: "KoLibRi<49><STEAM_1:1:41823316><CT>" killed "2Pacalypse<48><VALVE_ID_LAN><TERRORIST>" with "ak47"
L 12/21/2019 - 20:05:35: Team "CT" triggered "CTs_Win" (CT "1") (T "2")
L 12/21/2019 - 20:05:35: World triggered "Round_End"
L 12/21/2019 - 20:05:40: "Zumer14<47><STEAM_2:1:630252266><TERRORIST>" triggered "Spawned_With_The_Bomb"
L 12/21/2019 - 20:05:41: World triggered "Round_Start"
L 12/21/2019 - 20:06:12: "PapaSmurf<46><STEAM_1:0:1394048084><CT>" killed "2Pacalypse<48><VALVE_ID_LAN><TERRORIST>" with "m4a1"
L 12/21/2019 - 20:06:18: "BAD BOY<36><STEAM_1:1:175462098><CT>" disconnected
L 12/21/2019 - 20:06:48: "PapaSmurf<46><STEAM_1:0:1394048084><CT>" killed "Zumer14<47><STEAM_2:1:630252266><TERRORIST>" with "usp"
L 12/21/2019 - 20:06:48: "Zumer14<47><STEAM_2:1:630252266><TERRORIST>" triggered "Dropped_The_Bomb"
L 12/21/2019 - 20:06:53: "PapaSmurf<46><STEAM_1:0:1394048084><CT>" killed "`eXp<50><STEAM_1:0:860921214><TERRORIST>" with "m4a1"
L 12/21/2019 - 20:06:53: Team "CT" triggered "CTs_Win" (CT "2") (T "2")
L 12/21/2019 - 20:06:53: World triggered "Round_End"
L 12/21/2019 - 20:06:57: "KoLibRi<49><STEAM_1:1:41823316><CT>" joined team "TERRORIST"
L 12/21/2019 - 20:06:57: "<><><>" triggered "amx_chat" (text "[PTB] Transfered KoLibRi to TERRORIST")
L 12/21/2019 - 20:06:58: "Zumer14<47><STEAM_2:1:630252266><TERRORIST>" triggered "Spawned_With_The_Bomb"
L 12/21/2019 - 20:06:59: World triggered "Round_Start"
L 12/21/2019 - 20:07:42: "PapaSmurf<46><STEAM_1:0:1394048084><CT>" killed "KoLibRi<49><STEAM_1:1:41823316><TERRORIST>" with "p90"
L 12/21/2019 - 20:07:44: "2Pacalypse<48><VALVE_ID_LAN><TERRORIST>" killed "PapaSmurf<46><STEAM_1:0:1394048084><CT>" with "p90"
L 12/21/2019 - 20:07:44: Team "TERRORIST" triggered "Terrorists_Win" (CT "2") (T "3")
L 12/21/2019 - 20:07:44: World triggered "Round_End"
L 12/21/2019 - 20:07:49: "2Pacalypse<48><VALVE_ID_LAN><TERRORIST>" joined team "CT"
L 12/21/2019 - 20:07:49: "<><><>" triggered "amx_chat" (text "[PTB] Transfered 2Pacalypse to CT")
L 12/21/2019 - 20:07:49: "KoLibRi<49><STEAM_1:1:41823316><TERRORIST>" triggered "Spawned_With_The_Bomb"
L 12/21/2019 - 20:07:50: World triggered "Round_Start"
L 12/21/2019 - 20:08:05: "`eXp<50><STEAM_1:0:860921214><TERRORIST>" killed "2Pacalypse<48><VALVE_ID_LAN><CT>" with "ak47"
L 12/21/2019 - 20:08:08: "PapaSmurf<46><STEAM_1:0:1394048084><CT>" killed "`eXp<50><STEAM_1:0:860921214><TERRORIST>" with "m4a1"
L 12/21/2019 - 20:09:06: "PapaSmurf<46><STEAM_1:0:1394048084><CT>" killed "Zumer14<47><STEAM_2:1:630252266><TERRORIST>" with "m4a1"
L 12/21/2019 - 20:09:14: "PapaSmurf<46><STEAM_1:0:1394048084><CT>" killed "KoLibRi<49><STEAM_1:1:41823316><TERRORIST>" with "m4a1"
L 12/21/2019 - 20:09:14: Team "CT" triggered "CTs_Win" (CT "3") (T "3")
L 12/21/2019 - 20:09:14: World triggered "Round_End"
L 12/21/2019 - 20:09:19: "Zumer14<47><STEAM_2:1:630252266><TERRORIST>" triggered "Spawned_With_The_Bomb"
L 12/21/2019 - 20:09:20: World triggered "Round_Start"
L 12/21/2019 - 20:09:35: "2Pacalypse<48><VALVE_ID_LAN><CT>" killed "Zumer14<47><STEAM_2:1:630252266><TERRORIST>" with "m4a1"
L 12/21/2019 - 20:09:35: "Zumer14<47><STEAM_2:1:630252266><TERRORIST>" triggered "Dropped_The_Bomb"
L 12/21/2019 - 20:09:38: "2Pacalypse<48><VALVE_ID_LAN><CT>" killed "`eXp<50><STEAM_1:0:860921214><TERRORIST>" with "m4a1"
L 12/21/2019 - 20:09:39: "`eXp<50><STEAM_1:0:860921214><TERRORIST>" joined team "SPECTATOR"
L 12/21/2019 - 20:09:41: "2Pacalypse<48><VALVE_ID_LAN><CT>" killed "KoLibRi<49><STEAM_1:1:41823316><TERRORIST>" with "m4a1"
L 12/21/2019 - 20:09:41: Team "CT" triggered "CTs_Win" (CT "4") (T "3")
L 12/21/2019 - 20:09:41: World triggered "Round_End"
L 12/21/2019 - 20:09:46: "PapaSmurf<46><STEAM_1:0:1394048084><CT>" joined team "TERRORIST"
L 12/21/2019 - 20:09:46: "<><><>" triggered "amx_chat" (text "[PTB] Transfered PapaSmurf to TERRORIST")
L 12/21/2019 - 20:09:46: "PapaSmurf<46><STEAM_1:0:1394048084><TERRORIST>" triggered "Spawned_With_The_Bomb"
L 12/21/2019 - 20:09:47: World triggered "Round_Start"
L 12/21/2019 - 20:09:49: [REUNION]: Florin (188.241.70.184) authorized as RevEmu
L 12/21/2019 - 20:09:49: "Florin<51><STEAM_1:1:2079496364><>" connected, address "188.241.70.184:27005"
L 12/21/2019 - 20:10:07: "`eXp<50><STEAM_1:0:860921214><SPECTATOR>" joined team "CT"
L 12/21/2019 - 20:10:09: [REUNION]: Florin (188.241.70.184) authorized as RevEmu
L 12/21/2019 - 20:10:09: "Florin<52><STEAM_1:1:2079496364><>" connected, address "188.241.70.184:27005"
L 12/21/2019 - 20:10:12: [REUNION]: Florin (188.241.70.184) authorized as RevEmu
L 12/21/2019 - 20:10:12: "Florin<53><STEAM_1:1:2079496364><>" connected, address "188.241.70.184:27005"
L 12/21/2019 - 20:10:13: "PapaSmurf<46><STEAM_1:0:1394048084><TERRORIST>" killed "2Pacalypse<48><VALVE_ID_LAN><CT>" with "m4a1"
L 12/21/2019 - 20:10:13: Team "TERRORIST" triggered "Terrorists_Win" (CT "4") (T "4")
L 12/21/2019 - 20:10:13: World triggered "Round_End"
L 12/21/2019 - 20:10:18: "KoLibRi<49><STEAM_1:1:41823316><TERRORIST>" joined team "CT"
L 12/21/2019 - 20:10:18: "<><><>" triggered "amx_chat" (text "[PTB] Transfered KoLibRi to CT")
L 12/21/2019 - 20:10:18: "Zumer14<47><STEAM_2:1:630252266><TERRORIST>" triggered "Spawned_With_The_Bomb"
L 12/21/2019 - 20:10:19: World triggered "Round_Start"
L 12/21/2019 - 20:10:47: "KoLibRi<49><STEAM_1:1:41823316><CT>" killed "PapaSmurf<46><STEAM_1:0:1394048084><TERRORIST>" with "g3sg1"
L 12/21/2019 - 20:10:47: "KoLibRi<49><STEAM_1:1:41823316><CT>" killed "Zumer14<47><STEAM_2:1:630252266><TERRORIST>" with "g3sg1"
L 12/21/2019 - 20:10:47: Team "CT" triggered "CTs_Win" (CT "5") (T "4")
L 12/21/2019 - 20:10:47: World triggered "Round_End"
L 12/21/2019 - 20:10:52: "PapaSmurf<46><STEAM_1:0:1394048084><TERRORIST>" triggered "Spawned_With_The_Bomb"
L 12/21/2019 - 20:10:53: World triggered "Round_Start"
L 12/21/2019 - 20:11:08: "PapaSmurf<46><STEAM_1:0:1394048084><TERRORIST>" killed "2Pacalypse<48><VALVE_ID_LAN><CT>" with "ak47"
L 12/21/2019 - 20:11:10: "KoLibRi<49><STEAM_1:1:41823316><CT>" killed "PapaSmurf<46><STEAM_1:0:1394048084><TERRORIST>" with "g3sg1"
L 12/21/2019 - 20:11:10: "PapaSmurf<46><STEAM_1:0:1394048084><TERRORIST>" triggered "Dropped_The_Bomb"
L 12/21/2019 - 20:11:16: "Zumer14<47><STEAM_2:1:630252266><TERRORIST>" killed "KoLibRi<49><STEAM_1:1:41823316><CT>" with "ak47"
L 12/21/2019 - 20:11:32: "`eXp<50><STEAM_1:0:860921214><CT>" killed "Zumer14<47><STEAM_2:1:630252266><TERRORIST>" with "m4a1"
L 12/21/2019 - 20:11:32: Team "CT" triggered "CTs_Win" (CT "6") (T "4")
L 12/21/2019 - 20:11:32: World triggered "Round_End"
L 12/21/2019 - 20:11:37: "Zumer14<47><STEAM_2:1:630252266><TERRORIST>" triggered "Spawned_With_The_Bomb"
L 12/21/2019 - 20:11:38: World triggered "Round_Start"
L 12/21/2019 - 20:12:26: "Zumer14<47><STEAM_2:1:630252266><TERRORIST>" killed "KoLibRi<49><STEAM_1:1:41823316><CT>" with "m249"
L 12/21/2019 - 20:12:47: "`eXp<50><STEAM_1:0:860921214><CT>" killed "Zumer14<47><STEAM_2:1:630252266><TERRORIST>" with "m4a1"
L 12/21/2019 - 20:12:47: "Zumer14<47><STEAM_2:1:630252266><TERRORIST>" triggered "Dropped_The_Bomb"
L 12/21/2019 - 20:12:51: "2Pacalypse<48><VALVE_ID_LAN><CT>" killed "PapaSmurf<46><STEAM_1:0:1394048084><TERRORIST>" with "m4a1"
L 12/21/2019 - 20:12:51: Team "CT" triggered "CTs_Win" (CT "7") (T "4")
L 12/21/2019 - 20:12:51: World triggered "Round_End"
L 12/21/2019 - 20:12:55: "`eXp<50><STEAM_1:0:860921214><CT>" joined team "TERRORIST"
L 12/21/2019 - 20:12:55: "<><><>" triggered "amx_chat" (text "[PTB] Transfered `eXp to TERRORIST")
L 12/21/2019 - 20:12:56: "PapaSmurf<46><STEAM_1:0:1394048084><TERRORIST>" triggered "Spawned_With_The_Bomb"
L 12/21/2019 - 20:12:57: World triggered "Round_Start"
L 12/21/2019 - 20:13:27: "PapaSmurf<46><STEAM_1:0:1394048084><TERRORIST>" killed "2Pacalypse<48><VALVE_ID_LAN><CT>" with "ak47"
L 12/21/2019 - 20:13:29: "KoLibRi<49><STEAM_1:1:41823316><CT>" killed "PapaSmurf<46><STEAM_1:0:1394048084><TERRORIST>" with "ump45"
L 12/21/2019 - 20:13:29: "PapaSmurf<46><STEAM_1:0:1394048084><TERRORIST>" triggered "Dropped_The_Bomb"
L 12/21/2019 - 20:13:54: "`eXp<50><STEAM_1:0:860921214><TERRORIST>" killed "KoLibRi<49><STEAM_1:1:41823316><CT>" with "m4a1"
L 12/21/2019 - 20:13:54: Team "TERRORIST" triggered "Terrorists_Win" (CT "7") (T "5")
L 12/21/2019 - 20:13:54: World triggered "Round_End"
L 12/21/2019 - 20:13:59: "PapaSmurf<46><STEAM_1:0:1394048084><TERRORIST>" joined team "CT"
L 12/21/2019 - 20:13:59: "<><><>" triggered "amx_chat" (text "[PTB] Transfered PapaSmurf to CT")
L 12/21/2019 - 20:13:59: "Zumer14<47><STEAM_2:1:630252266><TERRORIST>" triggered "Spawned_With_The_Bomb"
L 12/21/2019 - 20:14:00: World triggered "Round_Start"
L 12/21/2019 - 20:14:19: "2Pacalypse<48><VALVE_ID_LAN><CT>" killed "Zumer14<47><STEAM_2:1:630252266><TERRORIST>" with "m4a1"
L 12/21/2019 - 20:14:19: "Zumer14<47><STEAM_2:1:630252266><TERRORIST>" triggered "Dropped_The_Bomb"
L 12/21/2019 - 20:14:50: "`eXp<50><STEAM_1:0:860921214><TERRORIST>" killed "2Pacalypse<48><VALVE_ID_LAN><CT>" with "ak47"
L 12/21/2019 - 20:14:52: "`eXp<50><STEAM_1:0:860921214><TERRORIST>" killed "KoLibRi<49><STEAM_1:1:41823316><CT>" with "ak47"
L 12/21/2019 - 20:15:01: "PapaSmurf<46><STEAM_1:0:1394048084><CT>" killed "`eXp<50><STEAM_1:0:860921214><TERRORIST>" with "famas"
L 12/21/2019 - 20:15:01: Team "CT" triggered "CTs_Win" (CT "8") (T "5")
L 12/21/2019 - 20:15:01: World triggered "Round_End"
L 12/21/2019 - 20:15:06: "2Pacalypse<48><VALVE_ID_LAN><CT>" joined team "TERRORIST"
L 12/21/2019 - 20:15:06: "<><><>" triggered "amx_chat" (text "[PTB] Transfered 2Pacalypse to TERRORIST")
L 12/21/2019 - 20:15:06: "Zumer14<47><STEAM_2:1:630252266><TERRORIST>" triggered "Spawned_With_The_Bomb"
L 12/21/2019 - 20:15:07: World triggered "Round_Start"
L 12/21/2019 - 20:15:29: "KoLibRi<49><STEAM_1:1:41823316><CT>" killed "Zumer14<47><STEAM_2:1:630252266><TERRORIST>" with "m4a1"
L 12/21/2019 - 20:15:29: "Zumer14<47><STEAM_2:1:630252266><TERRORIST>" triggered "Dropped_The_Bomb"
L 12/21/2019 - 20:15:34: "`eXp<50><STEAM_1:0:860921214><TERRORIST>" killed "KoLibRi<49><STEAM_1:1:41823316><CT>" with "m4a1"
L 12/21/2019 - 20:15:43: "`eXp<50><STEAM_1:0:860921214><TERRORIST>" killed "PapaSmurf<46><STEAM_1:0:1394048084><CT>" with "m4a1"
L 12/21/2019 - 20:15:43: Team "TERRORIST" triggered "Terrorists_Win" (CT "8") (T "6")
L 12/21/2019 - 20:15:43: World triggered "Round_End"
L 12/21/2019 - 20:15:48: "`eXp<50><STEAM_1:0:860921214><TERRORIST>" joined team "CT"
L 12/21/2019 - 20:15:48: "<><><>" triggered "amx_chat" (text "[PTB] Transfered `eXp to CT")
L 12/21/2019 - 20:15:48: "2Pacalypse<48><VALVE_ID_LAN><TERRORIST>" triggered "Spawned_With_The_Bomb"
L 12/21/2019 - 20:15:49: World triggered "Round_Start"
L 12/21/2019 - 20:16:07: "KoLibRi<49><STEAM_1:1:41823316><CT>" killed "2Pacalypse<48><VALVE_ID_LAN><TERRORIST>" with "m4a1"
L 12/21/2019 - 20:16:07: "2Pacalypse<48><VALVE_ID_LAN><TERRORIST>" triggered "Dropped_The_Bomb"
L 12/21/2019 - 20:16:09: "Zumer14<47><STEAM_2:1:630252266><TERRORIST>" disconnected
L 12/21/2019 - 20:16:09: Team "CT" triggered "CTs_Win" (CT "9") (T "6")
L 12/21/2019 - 20:16:09: World triggered "Round_End"
L 12/21/2019 - 20:16:09: [REUNION]: Zumer14 (84.238.252.121) authorized as RevEmu
L 12/21/2019 - 20:16:09: "Zumer14<54><STEAM_2:1:630252266><>" connected, address "84.238.252.121:27005"
L 12/21/2019 - 20:16:13: "PapaSmurf<46><STEAM_1:0:1394048084><CT>" joined team "TERRORIST"
L 12/21/2019 - 20:16:13: "<><><>" triggered "amx_chat" (text "[PTB] Transfered PapaSmurf to TERRORIST")
L 12/21/2019 - 20:16:14: "PapaSmurf<46><STEAM_1:0:1394048084><TERRORIST>" triggered "Spawned_With_The_Bomb"
L 12/21/2019 - 20:16:14: "Zumer14<54><STEAM_2:1:630252266><>" entered the game
L 12/21/2019 - 20:16:15: World triggered "Round_Start"
L 12/21/2019 - 20:16:19: "Zumer14<54><STEAM_2:1:630252266><>" joined team "TERRORIST"
L 12/21/2019 - 20:16:30: "PapaSmurf<46><STEAM_1:0:1394048084><TERRORIST>" killed "KoLibRi<49><STEAM_1:1:41823316><CT>" with "m4a1"
L 12/21/2019 - 20:16:35: "2Pacalypse<48><VALVE_ID_LAN><TERRORIST>" killed "`eXp<50><STEAM_1:0:860921214><CT>" with "ak47"
L 12/21/2019 - 20:16:35: Team "TERRORIST" triggered "Terrorists_Win" (CT "9") (T "7")
L 12/21/2019 - 20:16:35: World triggered "Round_End"
L 12/21/2019 - 20:16:39: "2Pacalypse<48><VALVE_ID_LAN><TERRORIST>" joined team "CT"
L 12/21/2019 - 20:16:39: "<><><>" triggered "amx_chat" (text "[PTB] Transfered 2Pacalypse to CT")
L 12/21/2019 - 20:16:40: "Zumer14<54><STEAM_2:1:630252266><TERRORIST>" triggered "Spawned_With_The_Bomb"
L 12/21/2019 - 20:16:41: World triggered "Round_Start"
L 12/21/2019 - 20:16:53: "Zumer14<54><STEAM_2:1:630252266><TERRORIST>" triggered "Dropped_The_Bomb"
L 12/21/2019 - 20:16:53: "PapaSmurf<46><STEAM_1:0:1394048084><TERRORIST>" triggered "Got_The_Bomb"
L 12/21/2019 - 20:17:09: "KoLibRi<49><STEAM_1:1:41823316><CT>" killed "PapaSmurf<46><STEAM_1:0:1394048084><TERRORIST>" with "awp"
L 12/21/2019 - 20:17:09: "PapaSmurf<46><STEAM_1:0:1394048084><TERRORIST>" triggered "Dropped_The_Bomb"
L 12/21/2019 - 20:17:32: "`eXp<50><STEAM_1:0:860921214><CT>" killed "Zumer14<54><STEAM_2:1:630252266><TERRORIST>" with "knife"
L 12/21/2019 - 20:17:32: Team "CT" triggered "CTs_Win" (CT "10") (T "7")
L 12/21/2019 - 20:17:32: World triggered "Round_End"
L 12/21/2019 - 20:17:37: "`eXp<50><STEAM_1:0:860921214><CT>" joined team "TERRORIST"
L 12/21/2019 - 20:17:37: "<><><>" triggered "amx_chat" (text "[PTB] Transfered `eXp to TERRORIST")
L 12/21/2019 - 20:17:37: "PapaSmurf<46><STEAM_1:0:1394048084><TERRORIST>" triggered "Spawned_With_The_Bomb"
L 12/21/2019 - 20:17:38: World triggered "Round_Start"
L 12/21/2019 - 20:17:48: "Zumer14<54><STEAM_2:1:630252266><TERRORIST>" committed suicide with "world"
L 12/21/2019 - 20:17:48: "Zumer14<54><STEAM_2:1:630252266><TERRORIST>" joined team "SPECTATOR"
L 12/21/2019 - 20:17:50: "Zumer14<54><STEAM_2:1:630252266><SPECTATOR>" disconnected
L 12/21/2019 - 20:17:51: "PapaSmurf<46><STEAM_1:0:1394048084><TERRORIST>" killed "KoLibRi<49><STEAM_1:1:41823316><CT>" with "sg550"
L 12/21/2019 - 20:17:52: "PapaSmurf<46><STEAM_1:0:1394048084><TERRORIST>" killed "2Pacalypse<48><VALVE_ID_LAN><CT>" with "sg550"
L 12/21/2019 - 20:17:52: Team "TERRORIST" triggered "Terrorists_Win" (CT "10") (T "8")
L 12/21/2019 - 20:17:52: World triggered "Round_End"
L 12/21/2019 - 20:17:55: "2Pacalypse<48><VALVE_ID_LAN><CT>" disconnected
L 12/21/2019 - 20:17:57: "PapaSmurf<46><STEAM_1:0:1394048084><TERRORIST>" triggered "Spawned_With_The_Bomb"
L 12/21/2019 - 20:17:58: World triggered "Round_Start"
L 12/21/2019 - 20:18:13: "KoLibRi<49><STEAM_1:1:41823316><CT>" killed "`eXp<50><STEAM_1:0:860921214><TERRORIST>" with "awp"
L 12/21/2019 - 20:18:17: "PapaSmurf<46><STEAM_1:0:1394048084><TERRORIST>" killed "KoLibRi<49><STEAM_1:1:41823316><CT>" with "ak47"
L 12/21/2019 - 20:18:17: Team "TERRORIST" triggered "Terrorists_Win" (CT "10") (T "9")
L 12/21/2019 - 20:18:17: World triggered "Round_End"
L 12/21/2019 - 20:18:22: "`eXp<50><STEAM_1:0:860921214><TERRORIST>" triggered "Spawned_With_The_Bomb"
L 12/21/2019 - 20:18:23: World triggered "Round_Start"
L 12/21/2019 - 20:19:09: "PapaSmurf<46><STEAM_1:0:1394048084><TERRORIST>" disconnected
L 12/21/2019 - 20:19:35: "`eXp<50><STEAM_1:0:860921214><TERRORIST>" killed "KoLibRi<49><STEAM_1:1:41823316><CT>" with "ak47"
L 12/21/2019 - 20:19:35: Team "TERRORIST" triggered "Terrorists_Win" (CT "10") (T "10")
L 12/21/2019 - 20:19:35: World triggered "Round_End"
L 12/21/2019 - 20:19:40: "`eXp<50><STEAM_1:0:860921214><TERRORIST>" triggered "Spawned_With_The_Bomb"
L 12/21/2019 - 20:19:41: World triggered "Round_Start"
L 12/21/2019 - 20:20:41: "KoLibRi<49><STEAM_1:1:41823316><CT>" killed "`eXp<50><STEAM_1:0:860921214><TERRORIST>" with "m4a1"
L 12/21/2019 - 20:20:41: Team "CT" triggered "CTs_Win" (CT "11") (T "10")
L 12/21/2019 - 20:20:41: World triggered "Round_End"
L 12/21/2019 - 20:20:46: "`eXp<50><STEAM_1:0:860921214><TERRORIST>" triggered "Spawned_With_The_Bomb"
L 12/21/2019 - 20:20:47: World triggered "Round_Start"
L 12/21/2019 - 20:21:26: Server cvar "amx_nextmap" = "cart_attack"
L 12/21/2019 - 20:21:35: "KoLibRi<49><STEAM_1:1:41823316><CT>" killed "`eXp<50><STEAM_1:0:860921214><TERRORIST>" with "m4a1"
L 12/21/2019 - 20:21:35: Team "CT" triggered "CTs_Win" (CT "12") (T "10")
L 12/21/2019 - 20:21:35: World triggered "Round_End"
L 12/21/2019 - 20:21:40: "`eXp<50><STEAM_1:0:860921214><TERRORIST>" triggered "Spawned_With_The_Bomb"
L 12/21/2019 - 20:21:41: World triggered "Round_Start"
L 12/21/2019 - 20:21:45: Server cvar "mp_timelimit" = "0.000000"
L 12/21/2019 - 20:21:57: "`eXp<50><STEAM_1:0:860921214><TERRORIST>" killed "KoLibRi<49><STEAM_1:1:41823316><CT>" with "ak47"
L 12/21/2019 - 20:21:57: Team "TERRORIST" triggered "Terrorists_Win" (CT "12") (T "11")
L 12/21/2019 - 20:21:57: World triggered "Round_End"
L 12/21/2019 - 20:22:02: "`eXp<50><STEAM_1:0:860921214><TERRORIST>" triggered "Spawned_With_The_Bomb"
L 12/21/2019 - 20:22:03: World triggered "Round_Start"
L 12/21/2019 - 20:22:03: Server cvar "sv_maxspeed" = "0.000000"
L 12/21/2019 - 20:22:03: Server cvar "mp_friendlyfire" = "1"
L 12/21/2019 - 20:22:06: "`eXp<50><STEAM_1:0:860921214><TERRORIST>" committed suicide with "worldspawn" (world)
L 12/21/2019 - 20:22:06: Team "CT" triggered "CTs_Win" (CT "13") (T "11")
L 12/21/2019 - 20:22:06: World triggered "Round_End"
L 12/21/2019 - 20:22:11: "`eXp<50><STEAM_1:0:860921214><TERRORIST>" triggered "Spawned_With_The_Bomb"
L 12/21/2019 - 20:22:12: World triggered "Round_Start"
L 12/21/2019 - 20:22:14: Server cvar "mp_timelimit" = "20.000000"
L 12/21/2019 - 20:22:14: [META] ini: Begin re-reading plugins list: /home/rented/public9/cstrike/addons/metamod/plugins.ini
L 12/21/2019 - 20:22:14: [META] ini: Read plugin config for: SafeNameAndChat
L 12/21/2019 - 20:22:14: [META] ini: Read plugin config for: AMX Mod X
L 12/21/2019 - 20:22:14: [META] ini: Read plugin config for: Reunion
L 12/21/2019 - 20:22:14: [META] ini: Read plugin config for: ReAuthCheck
L 12/21/2019 - 20:22:14: [META] ini: Read plugin config for: WHBlocker
L 12/21/2019 - 20:22:14: [META] ini: Read plugin config for: ReSemiclip
L 12/21/2019 - 20:22:14: [META] ini: Read plugin config for: Revoice
L 12/21/2019 - 20:22:14: [META] ini: Finished reading plugins list: /home/rented/public9/cstrike/addons/metamod/plugins.ini; Found 7 plugins
L 12/21/2019 - 20:22:14: [META] dll: Updating plugins...
L 12/21/2019 - 20:22:14: [META] WARNING: Cannot clear plugin 'SafeNameAndChat'; not marked as failed, empty, or open (status=valid)
L 12/21/2019 - 20:22:14: [META] dll: Unloaded plugin 'SafeNameAndChat' for reason 'file on disk is newer'
L 12/21/2019 - 20:22:14: [META] dll: Loaded plugin 'SafeNameAndChat': SafeNameAndChat v1.1 2017.02.01, WPMG.PRoSToC0der
L 12/21/2019 - 20:22:14: [META] WARNING: Cannot clear plugin 'WHBlocker'; not marked as failed, empty, or open (status=valid)
L 12/21/2019 - 20:22:14: [META] dll: Unloaded plugin 'WHBlocker' for reason 'file on disk is newer'
L 12/21/2019 - 20:22:14: [META] dll: Loaded plugin 'WHBlocker': WHBlocker v1.5.692 2017-04-13, s1lent
L 12/21/2019 - 20:22:14: [META] WARNING: Cannot clear plugin 'ReSemiclip'; not marked as failed, empty, or open (status=valid)
L 12/21/2019 - 20:22:14: [META] dll: Unloaded plugin 'ReSemiclip' for reason 'file on disk is newer'
L 12/21/2019 - 20:22:14: [META] dll: Loaded plugin 'ReSemiclip': ReSemiclip v2.3.9 13/02/17, s1lent & Adidasman
L 12/21/2019 - 20:22:14: [META] dll: Finished updating 14 plugins; kept 0, loaded 0, unloaded 0, reloaded 3, delayed 0
L 12/21/2019 - 20:22:14: "KoLibRi<49><STEAM_1:1:41823316><CT>" disconnected
L 12/21/2019 - 20:22:14: "`eXp<50><STEAM_1:0:860921214><TERRORIST>" triggered "Dropped_The_Bomb"
L 12/21/2019 - 20:22:14: "`eXp<50><STEAM_1:0:860921214><TERRORIST>" disconnected
L 12/21/2019 - 20:22:14: World triggered "Round_Draw" (CT "13") (T "11")
L 12/21/2019 - 20:22:14: World triggered "Round_End"
L 12/21/2019 - 20:22:14: Log file closed
