L 12/29/2019 - 16:55:30: Log file started (file "logs/L1229057.log") (game "cstrike") (version "48/1.1.2.7/Stdio/1621")
L 12/29/2019 - 16:55:30: Loading map "de_eldorado"
L 12/29/2019 - 16:55:30: Server cvars start
L 12/29/2019 - 16:55:30: Server cvar "@BunnyHopper" = "3.x"
L 12/29/2019 - 16:55:30: Server cvar "@CRXGoSpec" = "1.1"
L 12/29/2019 - 16:55:30: Server cvar "@CRXRemoveImmunity" = "1.0"
L 12/29/2019 - 16:55:30: Server cvar "@D.I.C.E." = "1.1"
L 12/29/2019 - 16:55:30: Server cvar "@MOTDCommands" = "1.2"
L 12/29/2019 - 16:55:30: Server cvar "advanced_quake_sounds" = "5.0"
L 12/29/2019 - 16:55:30: Server cvar "AdvancedMute" = "1.0"
L 12/29/2019 - 16:55:30: Server cvar "aesp_version" = "1.3"
L 12/29/2019 - 16:55:30: Server cvar "allow_spectators" = "1.0"
L 12/29/2019 - 16:55:30: Server cvar "amx_client_languages" = "1"
L 12/29/2019 - 16:55:30: Server cvar "amx_language" = "en"
L 12/29/2019 - 16:55:30: Server cvar "amx_nextmap" = "de_eldorado"
L 12/29/2019 - 16:55:30: Server cvar "amx_ptb_version" = "1.8b3"
L 12/29/2019 - 16:55:30: Server cvar "amx_timeleft" = "00:00"
L 12/29/2019 - 16:55:30: Server cvar "amxmodx_version" = "1.8.2"
L 12/29/2019 - 16:55:30: Server cvar "amxxbg_vip" = "1.0"
L 12/29/2019 - 16:55:30: Server cvar "asp_version" = "4.5.1"
L 12/29/2019 - 16:55:30: Server cvar "atac_version" = "3.0.1"
L 12/29/2019 - 16:55:30: Server cvar "badcamper_version" = "1.4 beta"
L 12/29/2019 - 16:55:30: Server cvar "blockmaker" = "4.01"
L 12/29/2019 - 16:55:30: Server cvar "c4 timer" = "1.1"
L 12/29/2019 - 16:55:30: Server cvar "coop" = "0"
L 12/29/2019 - 16:55:30: Server cvar "CRXAdminGroups" = "1.0"
L 12/29/2019 - 16:55:30: Server cvar "CRXCommandRestrictions" = "1.0"
L 12/29/2019 - 16:55:30: Server cvar "CRXFastKnife" = "1.0"
L 12/29/2019 - 16:55:30: Server cvar "CRXGametracker" = "2.0"
L 12/29/2019 - 16:55:30: Server cvar "CRXKnifeModels" = "2.5.7"
L 12/29/2019 - 16:55:30: Server cvar "CRXTeamAdvantage" = "1.0"
L 12/29/2019 - 16:55:30: Server cvar "CustomShop" = "4.2"
L 12/29/2019 - 16:55:30: Server cvar "deathmatch" = "1"
L 12/29/2019 - 16:55:30: Server cvar "decalfrequency" = "0"
L 12/29/2019 - 16:55:30: Server cvar "edgefriction" = "2"
L 12/29/2019 - 16:55:30: Server cvar "ers_version" = "2.3c"
L 12/29/2019 - 16:55:30: Server cvar "gagsystem_shoko" = "1.0"
L 12/29/2019 - 16:55:30: Server cvar "gal_mapcyclefile" = "mapcycle.txt"
L 12/29/2019 - 16:55:30: Server cvar "gal_version" = "v5.9.1-926"
L 12/29/2019 - 16:55:30: Server cvar "game_version" = "5.7.0.313-dev"
L 12/29/2019 - 16:55:30: Server cvar "humans_join_team" = "any"
L 12/29/2019 - 16:55:30: Server cvar "jtp10181" = "chute,gore"
L 12/29/2019 - 16:55:30: Server cvar "lawliet" = "ny_RainingSnow"
L 12/29/2019 - 16:55:30: Server cvar "LetitSnow" = "1.0"
L 12/29/2019 - 16:55:30: Server cvar "map_spawns" = "T(16) CT(16)"
L 12/29/2019 - 16:55:30: Server cvar "max_queries_sec" = "3"
L 12/29/2019 - 16:55:30: Server cvar "max_queries_sec_global" = "150"
L 12/29/2019 - 16:55:30: Server cvar "max_queries_window" = "60"
L 12/29/2019 - 16:55:30: Server cvar "mdbBans" = "4.8"
L 12/29/2019 - 16:55:30: Server cvar "metamod_version" = "1.21p37"
L 12/29/2019 - 16:55:30: Server cvar "mp_autokick" = "0"
L 12/29/2019 - 16:55:30: Server cvar "mp_autokick_timeout" = "-1"
L 12/29/2019 - 16:55:30: Server cvar "mp_autoteambalance" = "0"
L 12/29/2019 - 16:55:30: Server cvar "mp_buytime" = "0.25"
L 12/29/2019 - 16:55:30: Server cvar "mp_c4timer" = "35"
L 12/29/2019 - 16:55:30: Server cvar "mp_chattime" = "10.000000"
L 12/29/2019 - 16:55:30: Server cvar "mp_consistency" = "1"
L 12/29/2019 - 16:55:30: Server cvar "mp_fadetoblack" = "0"
L 12/29/2019 - 16:55:30: Server cvar "mp_flashlight" = "1"
L 12/29/2019 - 16:55:30: Server cvar "mp_footsteps" = "1"
L 12/29/2019 - 16:55:30: Server cvar "mp_forcecamera" = "0"
L 12/29/2019 - 16:55:30: Server cvar "mp_forcechasecam" = "0"
L 12/29/2019 - 16:55:30: Server cvar "mp_forcerespawn" = "0"
L 12/29/2019 - 16:55:30: Server cvar "mp_fraglimit" = "0"
L 12/29/2019 - 16:55:30: Server cvar "mp_fragsleft" = "0"
L 12/29/2019 - 16:55:30: Server cvar "mp_freeforall" = "0"
L 12/29/2019 - 16:55:30: Server cvar "mp_freezetime" = "1"
L 12/29/2019 - 16:55:30: Server cvar "mp_friendlyfire" = "0"
L 12/29/2019 - 16:55:30: Server cvar "mp_hostage_hurtable" = "1"
L 12/29/2019 - 16:55:30: Server cvar "mp_hostagepenalty" = "0"
L 12/29/2019 - 16:55:30: Server cvar "mp_item_staytime" = "300"
L 12/29/2019 - 16:55:30: Server cvar "mp_kickpercent" = "0.66"
L 12/29/2019 - 16:55:30: Server cvar "mp_legacy_bombtarget_touch" = "1"
L 12/29/2019 - 16:55:30: Server cvar "mp_limitteams" = "0"
L 12/29/2019 - 16:55:30: Server cvar "mp_logdetail" = "0"
L 12/29/2019 - 16:55:30: Server cvar "mp_logfile" = "1"
L 12/29/2019 - 16:55:30: Server cvar "mp_logmessages" = "1"
L 12/29/2019 - 16:55:30: Server cvar "mp_mapvoteratio" = "0.66"
L 12/29/2019 - 16:55:30: Server cvar "mp_maxmoney" = "999999"
L 12/29/2019 - 16:55:30: Server cvar "mp_maxrounds" = "0"
L 12/29/2019 - 16:55:30: Server cvar "mp_mirrordamage" = "0"
L 12/29/2019 - 16:55:30: Server cvar "mp_old_bomb_defused_sound" = "1"
L 12/29/2019 - 16:55:30: Server cvar "mp_playerid" = "0"
L 12/29/2019 - 16:55:30: Server cvar "mp_respawn_immunitytime" = "0"
L 12/29/2019 - 16:55:30: Server cvar "mp_round_infinite" = "0"
L 12/29/2019 - 16:55:30: Server cvar "mp_round_restart_delay" = "5"
L 12/29/2019 - 16:55:30: Server cvar "mp_roundover" = "0"
L 12/29/2019 - 16:55:30: Server cvar "mp_roundtime" = "2.3"
L 12/29/2019 - 16:55:30: Server cvar "mp_show_radioicon" = "1"
L 12/29/2019 - 16:55:30: Server cvar "mp_startmoney" = "850"
L 12/29/2019 - 16:55:30: Server cvar "mp_timeleft" = "00:00"
L 12/29/2019 - 16:55:30: Server cvar "mp_timelimit" = "20.000000"
L 12/29/2019 - 16:55:30: Server cvar "mp_tkpunish" = "0"
L 12/29/2019 - 16:55:30: Server cvar "mp_windifference" = "1"
L 12/29/2019 - 16:55:30: Server cvar "mp_winlimit" = "0"
L 12/29/2019 - 16:55:30: Server cvar "NoWeaponsOnGround" = "1.0"
L 12/29/2019 - 16:55:30: Server cvar "pausable" = "0"
L 12/29/2019 - 16:55:30: Server cvar "present_version" = "2.01"
L 12/29/2019 - 16:55:30: Server cvar "RandomHP" = "2.2"
L 12/29/2019 - 16:55:30: Server cvar "reauthcheck_version" = "0.1.6"
L 12/29/2019 - 16:55:30: Server cvar "reconnect_features" = "0.3.1"
L 12/29/2019 - 16:55:30: Server cvar "report_system_version" = "3.1"
L 12/29/2019 - 16:55:30: Server cvar "resemiclip_version" = "2.3.9"
L 12/29/2019 - 16:55:30: Server cvar "reu_version" = "0.1.0.130"
L 12/29/2019 - 16:55:30: Server cvar "revoice_version" = "0.1.0.30"
L 12/29/2019 - 16:55:30: Server cvar "RRWM" = "2.0"
L 12/29/2019 - 16:55:30: Server cvar "sanksounds_version" = "1.8.6"
L 12/29/2019 - 16:55:30: Server cvar "SimpleMenu" = "1.1"
L 12/29/2019 - 16:55:30: Server cvar "SNAC_Version" = "1.1"
L 12/29/2019 - 16:55:30: Server cvar "SpecList" = "1.2a"
L 12/29/2019 - 16:55:30: Server cvar "sr_version" = "1.6"
L 12/29/2019 - 16:55:30: Server cvar "statsx_shell_ver" = "2.0.0 (BETA)"
L 12/29/2019 - 16:55:30: Server cvar "StyleC4Timer" = "2.1"
L 12/29/2019 - 16:55:30: Server cvar "sv_accelerate" = "5"
L 12/29/2019 - 16:55:30: Server cvar "sv_aim" = "1"
L 12/29/2019 - 16:55:30: Server cvar "sv_airaccelerate" = "100"
L 12/29/2019 - 16:55:30: Server cvar "sv_allowupload" = "1"
L 12/29/2019 - 16:55:30: Server cvar "sv_alltalk" = "1"
L 12/29/2019 - 16:55:30: Server cvar "sv_bounce" = "1"
L 12/29/2019 - 16:55:30: Server cvar "sv_cheats" = "0"
L 12/29/2019 - 16:55:30: Server cvar "sv_clienttrace" = "1"
L 12/29/2019 - 16:55:30: Server cvar "sv_contact" = "feruchio599@gmail.com"
L 12/29/2019 - 16:55:30: Server cvar "sv_friction" = "4"
L 12/29/2019 - 16:55:30: Server cvar "sv_gravity" = "800"
L 12/29/2019 - 16:55:30: Server cvar "sv_logblocks" = "0"
L 12/29/2019 - 16:55:30: Server cvar "sv_maxrate" = "50000"
L 12/29/2019 - 16:55:30: Server cvar "sv_maxspeed" = "900.000000"
L 12/29/2019 - 16:55:30: Server cvar "sv_minrate" = "10000"
L 12/29/2019 - 16:55:30: Server cvar "sv_password" = ""
L 12/29/2019 - 16:55:30: Server cvar "sv_proxies" = "1"
L 12/29/2019 - 16:55:30: Server cvar "sv_restart" = "0"
L 12/29/2019 - 16:55:30: Server cvar "sv_restartround" = "0"
L 12/29/2019 - 16:55:30: Server cvar "sv_stepsize" = "18"
L 12/29/2019 - 16:55:30: Server cvar "sv_stopspeed" = "75"
L 12/29/2019 - 16:55:30: Server cvar "sv_uploadmax" = "0.5"
L 12/29/2019 - 16:55:30: Server cvar "sv_version" = "1.1.2.7/Stdio,48,1621"
L 12/29/2019 - 16:55:30: Server cvar "sv_voiceenable" = "1"
L 12/29/2019 - 16:55:30: Server cvar "sv_wateraccelerate" = "10"
L 12/29/2019 - 16:55:30: Server cvar "sv_waterfriction" = "1"
L 12/29/2019 - 16:55:30: Server cvar "Team_Semiclip_version" = "3.3.1"
L 12/29/2019 - 16:55:30: Server cvar "vehicle_real_killer" = "1.1"
L 12/29/2019 - 16:55:30: Server cvar "WalkGuard" = "1.3.2"
L 12/29/2019 - 16:55:30: Server cvar "we_grenades" = "Huehue"
L 12/29/2019 - 16:55:30: Server cvar "we_player_models" = "Huehue"
L 12/29/2019 - 16:55:30: Server cvar "whb_version" = "1.5.692"
L 12/29/2019 - 16:55:30: Server cvar "zp_jp_version" = "Extra Item Jetpack+Bazooka v3.2"
L 12/29/2019 - 16:55:30: Server cvars end
L 12/29/2019 - 16:55:33: Server cvar "sv_maxspeed" = "900"
L 12/29/2019 - 16:55:33: Server cvar "mp_autoteambalance" = "1"
L 12/29/2019 - 16:55:33: Server cvar "mp_timelimit" = "20"
L 12/29/2019 - 16:55:33: Server cvar "mp_autoteambalance" = "0"
L 12/29/2019 - 16:55:33: Server cvar "amx_nextmap" = "[not yet voted on]"
L 12/29/2019 - 16:55:35: Started map "de_eldorado" (CRC "107007239")
L 12/29/2019 - 16:55:36: [REUNION]: Mr.Skeleton (62.221.159.64) authorized as NoSteam47
L 12/29/2019 - 16:55:36: "Mr.Skeleton<54><VALVE_ID_LAN><>" connected, address "62.221.159.64:27005"
L 12/29/2019 - 16:55:37: World triggered "Round_Start"
L 12/29/2019 - 16:55:37: [REUNION]: Chane (77.85.7.9) authorized as RevEmu
L 12/29/2019 - 16:55:37: "Chane<55><STEAM_2:1:1034716719><>" connected, address "77.85.7.9:21797"
L 12/29/2019 - 16:55:38: "XxXBadBoyXxX<42><STEAM_0:1:435231343><>" entered the game
L 12/29/2019 - 16:55:40: "Mr.Skeleton<54><VALVE_ID_LAN><>" entered the game
L 12/29/2019 - 16:55:41: "awesome cars for awesome mee<56><STEAM_0:1:108592592><>" connected, address "5.173.236.79:9883"
L 12/29/2019 - 16:55:41: "awesome cars for awesome mee<56><STEAM_0:1:108592592><>" STEAM USERID validated
L 12/29/2019 - 16:55:41: "sake<36><STEAM_1:0:1906787367><>" entered the game
L 12/29/2019 - 16:55:42: "Mr.Skeleton<54><VALVE_ID_LAN><>" joined team "TERRORIST"
L 12/29/2019 - 16:55:42: "why i need a name?<57><STEAM_0:1:243975700><>" connected, address "5.173.249.20:19738"
L 12/29/2019 - 16:55:42: "XxXBadBoyXxX<42><STEAM_0:1:435231343><>" joined team "SPECTATOR"
L 12/29/2019 - 16:55:42: "Mr.Skeleton<54><VALVE_ID_LAN><TERRORIST>" triggered "Spawned_With_The_Bomb"
L 12/29/2019 - 16:55:42: "awesome cars for awesome me<58><STEAM_0:1:176532502><>" connected, address "5.173.236.79:44951"
L 12/29/2019 - 16:55:42: "why i need a name?<57><STEAM_0:1:243975700><>" STEAM USERID validated
L 12/29/2019 - 16:55:42: "awesome cars for awesome me<58><STEAM_0:1:176532502><>" STEAM USERID validated
L 12/29/2019 - 16:55:43: "OwO<53><STEAM_2:0:2052157424><>" entered the game
L 12/29/2019 - 16:55:45: "sake<36><STEAM_1:0:1906787367><>" joined team "CT"
L 12/29/2019 - 16:55:45: World triggered "Game_Commencing"
L 12/29/2019 - 16:55:45: World triggered "Game_Commencing" (CT "0") (T "0")
L 12/29/2019 - 16:55:45: World triggered "Round_End"
L 12/29/2019 - 16:55:46: "awesome cars for awesome mee<56><STEAM_0:1:108592592><>" entered the game
L 12/29/2019 - 16:55:48: "Mr.Skeleton<54><VALVE_ID_LAN><TERRORIST>" triggered "Spawned_With_The_Bomb"
L 12/29/2019 - 16:55:48: "awesome cars for awesome me<58><STEAM_0:1:176532502><>" entered the game
L 12/29/2019 - 16:55:48: "why i need a name?<57><STEAM_0:1:243975700><>" entered the game
L 12/29/2019 - 16:55:48: [REUNION]: NOOB :D (109.104.220.188) authorized as RevEmu
L 12/29/2019 - 16:55:48: "NOOB :D<59><STEAM_2:1:1392295388><>" connected, address "109.104.220.188:44205"
L 12/29/2019 - 16:55:49: World triggered "Round_Start"
L 12/29/2019 - 16:55:50: "OwO<53><STEAM_2:0:2052157424><>" joined team "CT"
L 12/29/2019 - 16:55:50: "awesome cars for awesome mee<56><STEAM_0:1:108592592><>" joined team "CT"
L 12/29/2019 - 16:55:51: [REUNION]: NOOB :D (109.104.220.188) authorized as RevEmu
L 12/29/2019 - 16:55:51: "NOOB :D<60><STEAM_2:1:1392295388><>" connected, address "109.104.220.188:44205"
L 12/29/2019 - 16:55:55: "NOOB :D<60><STEAM_2:1:1392295388><>" entered the game
L 12/29/2019 - 16:55:58: "NOOB :D<60><STEAM_2:1:1392295388><>" joined team "TERRORIST"
L 12/29/2019 - 16:56:02: "OwO<53><STEAM_2:0:2052157424><CT>" killed "Mr.Skeleton<54><VALVE_ID_LAN><TERRORIST>" with "usp"
L 12/29/2019 - 16:56:02: "Mr.Skeleton<54><VALVE_ID_LAN><TERRORIST>" triggered "Dropped_The_Bomb"
L 12/29/2019 - 16:56:06: "sake<36><STEAM_1:0:1906787367><CT>" killed "NOOB :D<60><STEAM_2:1:1392295388><TERRORIST>" with "usp"
L 12/29/2019 - 16:56:06: Team "CT" triggered "CTs_Win" (CT "1") (T "0")
L 12/29/2019 - 16:56:06: World triggered "Round_End"
L 12/29/2019 - 16:56:10: "awesome cars for awesome me<58><STEAM_0:1:176532502><>" joined team "CT"
L 12/29/2019 - 16:56:11: "Mr.Skeleton<54><VALVE_ID_LAN><TERRORIST>" triggered "Spawned_With_The_Bomb"
L 12/29/2019 - 16:56:12: World triggered "Round_Start"
L 12/29/2019 - 16:56:12: "why i need a name?<57><STEAM_0:1:243975700><>" joined team "CT"
L 12/29/2019 - 16:56:21: "sake<36><STEAM_1:0:1906787367><CT>" killed "Mr.Skeleton<54><VALVE_ID_LAN><TERRORIST>" with "m4a1"
L 12/29/2019 - 16:56:21: "Mr.Skeleton<54><VALVE_ID_LAN><TERRORIST>" triggered "Dropped_The_Bomb"
L 12/29/2019 - 16:56:23: "sake<36><STEAM_1:0:1906787367><CT>" killed "NOOB :D<60><STEAM_2:1:1392295388><TERRORIST>" with "m4a1"
L 12/29/2019 - 16:56:23: Team "CT" triggered "CTs_Win" (CT "2") (T "0")
L 12/29/2019 - 16:56:23: World triggered "Round_End"
L 12/29/2019 - 16:56:27: "sake<36><STEAM_1:0:1906787367><CT>" joined team "TERRORIST"
L 12/29/2019 - 16:56:27: "<><><>" triggered "amx_chat" (text "[PTB] Transfered sake to TERRORIST")
L 12/29/2019 - 16:56:27: "NOOB :D<60><STEAM_2:1:1392295388><TERRORIST>" disconnected
L 12/29/2019 - 16:56:28: "sake<36><STEAM_1:0:1906787367><TERRORIST>" triggered "Spawned_With_The_Bomb"
L 12/29/2019 - 16:56:29: World triggered "Round_Start"
L 12/29/2019 - 16:56:39: "awesome cars for awesome mee<56><STEAM_0:1:108592592><CT>" killed "Mr.Skeleton<54><VALVE_ID_LAN><TERRORIST>" with "m4a1"
L 12/29/2019 - 16:56:49: "sake<36><STEAM_1:0:1906787367><TERRORIST>" killed "awesome cars for awesome mee<56><STEAM_0:1:108592592><CT>" with "m4a1"
L 12/29/2019 - 16:56:53: "OwO<53><STEAM_2:0:2052157424><CT>" killed "sake<36><STEAM_1:0:1906787367><TERRORIST>" with "usp"
L 12/29/2019 - 16:56:53: Team "CT" triggered "CTs_Win" (CT "3") (T "0")
L 12/29/2019 - 16:56:53: World triggered "Round_End"
L 12/29/2019 - 16:56:58: "Mr.Skeleton<54><VALVE_ID_LAN><TERRORIST>" triggered "Spawned_With_The_Bomb"
L 12/29/2019 - 16:56:59: World triggered "Round_Start"
L 12/29/2019 - 16:57:09: "sake<36><STEAM_1:0:1906787367><TERRORIST>" killed "OwO<53><STEAM_2:0:2052157424><CT>" with "ak47"
L 12/29/2019 - 16:57:14: "sake<36><STEAM_1:0:1906787367><TERRORIST>" killed "awesome cars for awesome me<58><STEAM_0:1:176532502><CT>" with "ak47"
L 12/29/2019 - 16:57:20: "sake<36><STEAM_1:0:1906787367><TERRORIST>" killed "awesome cars for awesome mee<56><STEAM_0:1:108592592><CT>" with "ak47"
L 12/29/2019 - 16:57:32: "why i need a name?<57><STEAM_0:1:243975700><CT>" killed "Mr.Skeleton<54><VALVE_ID_LAN><TERRORIST>" with "m4a1"
L 12/29/2019 - 16:57:32: "Mr.Skeleton<54><VALVE_ID_LAN><TERRORIST>" triggered "Dropped_The_Bomb"
L 12/29/2019 - 16:57:39: "why i need a name?<57><STEAM_0:1:243975700><CT>" killed "sake<36><STEAM_1:0:1906787367><TERRORIST>" with "m4a1"
L 12/29/2019 - 16:57:39: Team "CT" triggered "CTs_Win" (CT "4") (T "0")
L 12/29/2019 - 16:57:39: World triggered "Round_End"
L 12/29/2019 - 16:57:43: "OwO<53><STEAM_2:0:2052157424><CT>" joined team "TERRORIST"
L 12/29/2019 - 16:57:43: "<><><>" triggered "amx_chat" (text "[PTB] Transfered OwO to TERRORIST")
L 12/29/2019 - 16:57:44: "Mr.Skeleton<54><VALVE_ID_LAN><TERRORIST>" triggered "Spawned_With_The_Bomb"
L 12/29/2019 - 16:57:45: World triggered "Round_Start"
L 12/29/2019 - 16:58:00: "Mr.Skeleton<54><VALVE_ID_LAN><TERRORIST>" killed "awesome cars for awesome mee<56><STEAM_0:1:108592592><CT>" with "ak47"
L 12/29/2019 - 16:58:05: "OwO<53><STEAM_2:0:2052157424><TERRORIST>" killed "why i need a name?<57><STEAM_0:1:243975700><CT>" with "galil"
L 12/29/2019 - 16:58:15: "awesome cars for awesome me<58><STEAM_0:1:176532502><CT>" killed "OwO<53><STEAM_2:0:2052157424><TERRORIST>" with "m4a1"
L 12/29/2019 - 16:58:19: "sake<36><STEAM_1:0:1906787367><TERRORIST>" killed "awesome cars for awesome me<58><STEAM_0:1:176532502><CT>" with "ak47"
L 12/29/2019 - 16:58:19: Team "TERRORIST" triggered "Terrorists_Win" (CT "4") (T "1")
L 12/29/2019 - 16:58:19: World triggered "Round_End"
L 12/29/2019 - 16:58:24: "sake<36><STEAM_1:0:1906787367><TERRORIST>" triggered "Spawned_With_The_Bomb"
L 12/29/2019 - 16:58:25: World triggered "Round_Start"
L 12/29/2019 - 16:58:38: "sake<36><STEAM_1:0:1906787367><TERRORIST>" killed "awesome cars for awesome me<58><STEAM_0:1:176532502><CT>" with "ak47"
L 12/29/2019 - 16:58:40: "awesome cars for awesome mee<56><STEAM_0:1:108592592><CT>" killed "OwO<53><STEAM_2:0:2052157424><TERRORIST>" with "mp5navy"
L 12/29/2019 - 16:58:40: "why i need a name?<57><STEAM_0:1:243975700><CT>" killed "sake<36><STEAM_1:0:1906787367><TERRORIST>" with "m4a1"
L 12/29/2019 - 16:58:40: "sake<36><STEAM_1:0:1906787367><TERRORIST>" triggered "Dropped_The_Bomb"
L 12/29/2019 - 16:59:04: "Mr.Skeleton<54><VALVE_ID_LAN><TERRORIST>" killed "awesome cars for awesome mee<56><STEAM_0:1:108592592><CT>" with "ak47"
L 12/29/2019 - 16:59:09: "why i need a name?<57><STEAM_0:1:243975700><CT>" committed suicide with "worldspawn" (world)
L 12/29/2019 - 16:59:09: Team "TERRORIST" triggered "Terrorists_Win" (CT "4") (T "2")
L 12/29/2019 - 16:59:09: World triggered "Round_End"
L 12/29/2019 - 16:59:14: "OwO<53><STEAM_2:0:2052157424><TERRORIST>" triggered "Spawned_With_The_Bomb"
L 12/29/2019 - 16:59:15: World triggered "Round_Start"
L 12/29/2019 - 16:59:24: "Mr.Skeleton<54><VALVE_ID_LAN><TERRORIST>" killed "awesome cars for awesome me<58><STEAM_0:1:176532502><CT>" with "ak47"
L 12/29/2019 - 16:59:25: "sake<36><STEAM_1:0:1906787367><TERRORIST>" killed "why i need a name?<57><STEAM_0:1:243975700><CT>" with "ak47"
L 12/29/2019 - 16:59:27: "awesome cars for awesome mee<56><STEAM_0:1:108592592><CT>" killed "sake<36><STEAM_1:0:1906787367><TERRORIST>" with "m4a1"
L 12/29/2019 - 16:59:44: "OwO<53><STEAM_2:0:2052157424><TERRORIST>" killed "awesome cars for awesome mee<56><STEAM_0:1:108592592><CT>" with "ak47"
L 12/29/2019 - 16:59:44: Team "TERRORIST" triggered "Terrorists_Win" (CT "4") (T "3")
L 12/29/2019 - 16:59:44: World triggered "Round_End"
L 12/29/2019 - 16:59:49: "Mr.Skeleton<54><VALVE_ID_LAN><TERRORIST>" triggered "Spawned_With_The_Bomb"
L 12/29/2019 - 16:59:50: World triggered "Round_Start"
L 12/29/2019 - 17:00:09: "awesome cars for awesome me<58><STEAM_0:1:176532502><CT>" killed "OwO<53><STEAM_2:0:2052157424><TERRORIST>" with "aug"
L 12/29/2019 - 17:00:09: "Mr.Skeleton<54><VALVE_ID_LAN><TERRORIST>" killed "awesome cars for awesome me<58><STEAM_0:1:176532502><CT>" with "aug"
L 12/29/2019 - 17:00:12: "sake<36><STEAM_1:0:1906787367><TERRORIST>" killed "awesome cars for awesome mee<56><STEAM_0:1:108592592><CT>" with "glock18"
L 12/29/2019 - 17:00:35: "sake<36><STEAM_1:0:1906787367><TERRORIST>" killed "why i need a name?<57><STEAM_0:1:243975700><CT>" with "aug"
L 12/29/2019 - 17:00:35: Team "TERRORIST" triggered "Terrorists_Win" (CT "4") (T "4")
L 12/29/2019 - 17:00:35: World triggered "Round_End"
L 12/29/2019 - 17:00:40: "OwO<53><STEAM_2:0:2052157424><TERRORIST>" joined team "CT"
L 12/29/2019 - 17:00:40: "<><><>" triggered "amx_chat" (text "[PTB] Transfered OwO to CT")
L 12/29/2019 - 17:00:40: "sake<36><STEAM_1:0:1906787367><TERRORIST>" triggered "Spawned_With_The_Bomb"
L 12/29/2019 - 17:00:41: World triggered "Round_Start"
L 12/29/2019 - 17:00:59: "awesome cars for awesome mee<56><STEAM_0:1:108592592><CT>" killed "Mr.Skeleton<54><VALVE_ID_LAN><TERRORIST>" with "m4a1"
L 12/29/2019 - 17:01:02: "sake<36><STEAM_1:0:1906787367><TERRORIST>" killed "awesome cars for awesome mee<56><STEAM_0:1:108592592><CT>" with "aug"
L 12/29/2019 - 17:01:11: "sake<36><STEAM_1:0:1906787367><TERRORIST>" killed "OwO<53><STEAM_2:0:2052157424><CT>" with "aug"
L 12/29/2019 - 17:01:17: "sake<36><STEAM_1:0:1906787367><TERRORIST>" killed "why i need a name?<57><STEAM_0:1:243975700><CT>" with "aug"
L 12/29/2019 - 17:01:20: "awesome cars for awesome me<58><STEAM_0:1:176532502><CT>" killed "sake<36><STEAM_1:0:1906787367><TERRORIST>" with "m4a1"
L 12/29/2019 - 17:01:20: Team "CT" triggered "CTs_Win" (CT "5") (T "4")
L 12/29/2019 - 17:01:20: World triggered "Round_End"
L 12/29/2019 - 17:01:25: "Mr.Skeleton<54><VALVE_ID_LAN><TERRORIST>" triggered "Spawned_With_The_Bomb"
L 12/29/2019 - 17:01:26: World triggered "Round_Start"
L 12/29/2019 - 17:01:32: "awesome cars for awesome mee<56><STEAM_0:1:108592592><CT>" killed "sake<36><STEAM_1:0:1906787367><TERRORIST>" with "m4a1"
L 12/29/2019 - 17:01:37: "awesome cars for awesome mee<56><STEAM_0:1:108592592><CT>" killed "Mr.Skeleton<54><VALVE_ID_LAN><TERRORIST>" with "m4a1"
L 12/29/2019 - 17:01:37: Team "CT" triggered "CTs_Win" (CT "6") (T "4")
L 12/29/2019 - 17:01:37: World triggered "Round_End"
L 12/29/2019 - 17:01:42: "awesome cars for awesome mee<56><STEAM_0:1:108592592><CT>" joined team "TERRORIST"
L 12/29/2019 - 17:01:42: "<><><>" triggered "amx_chat" (text "[PTB] Transfered awesome cars for awesome mee to TERRORIST")
L 12/29/2019 - 17:01:42: "Mr.Skeleton<54><VALVE_ID_LAN><TERRORIST>" triggered "Spawned_With_The_Bomb"
L 12/29/2019 - 17:01:43: World triggered "Round_Start"
L 12/29/2019 - 17:01:53: "Mr.Skeleton<54><VALVE_ID_LAN><TERRORIST>" killed "awesome cars for awesome me<58><STEAM_0:1:176532502><CT>" with "ak47"
L 12/29/2019 - 17:01:56: "sake<36><STEAM_1:0:1906787367><TERRORIST>" killed "OwO<53><STEAM_2:0:2052157424><CT>" with "ak47"
L 12/29/2019 - 17:01:58: "awesome cars for awesome mee<56><STEAM_0:1:108592592><TERRORIST>" killed "why i need a name?<57><STEAM_0:1:243975700><CT>" with "m4a1"
L 12/29/2019 - 17:01:58: Team "TERRORIST" triggered "Terrorists_Win" (CT "6") (T "5")
L 12/29/2019 - 17:01:58: World triggered "Round_End"
L 12/29/2019 - 17:02:03: "sake<36><STEAM_1:0:1906787367><TERRORIST>" triggered "Spawned_With_The_Bomb"
L 12/29/2019 - 17:02:04: World triggered "Round_Start"
L 12/29/2019 - 17:02:14: "Mr.Skeleton<54><VALVE_ID_LAN><TERRORIST>" killed "OwO<53><STEAM_2:0:2052157424><CT>" with "m4a1"
L 12/29/2019 - 17:02:18: "awesome cars for awesome mee<56><STEAM_0:1:108592592><TERRORIST>" killed "why i need a name?<57><STEAM_0:1:243975700><CT>" with "m4a1"
L 12/29/2019 - 17:02:20: "Mr.Skeleton<54><VALVE_ID_LAN><TERRORIST>" killed "awesome cars for awesome me<58><STEAM_0:1:176532502><CT>" with "glock18"
L 12/29/2019 - 17:02:20: Team "TERRORIST" triggered "Terrorists_Win" (CT "6") (T "6")
L 12/29/2019 - 17:02:20: World triggered "Round_End"
L 12/29/2019 - 17:02:24: "Mr.Skeleton<54><VALVE_ID_LAN><TERRORIST>" joined team "CT"
L 12/29/2019 - 17:02:24: "<><><>" triggered "amx_chat" (text "[PTB] Transfered Mr.Skeleton to CT")
L 12/29/2019 - 17:02:25: "awesome cars for awesome mee<56><STEAM_0:1:108592592><TERRORIST>" triggered "Spawned_With_The_Bomb"
L 12/29/2019 - 17:02:26: World triggered "Round_Start"
L 12/29/2019 - 17:02:34: "awesome cars for awesome mee<56><STEAM_0:1:108592592><TERRORIST>" killed "OwO<53><STEAM_2:0:2052157424><CT>" with "m4a1"
L 12/29/2019 - 17:02:48: "awesome cars for awesome mee<56><STEAM_0:1:108592592><TERRORIST>" killed "Mr.Skeleton<54><VALVE_ID_LAN><CT>" with "m4a1"
L 12/29/2019 - 17:02:54: "Mr.Skeleton<54><VALVE_ID_LAN><CT>" joined team "TERRORIST"
L 12/29/2019 - 17:03:04: "sake<36><STEAM_1:0:1906787367><TERRORIST>" killed "awesome cars for awesome me<58><STEAM_0:1:176532502><CT>" with "ak47"
L 12/29/2019 - 17:03:09: "why i need a name?<57><STEAM_0:1:243975700><CT>" killed "awesome cars for awesome mee<56><STEAM_0:1:108592592><TERRORIST>" with "m4a1"
L 12/29/2019 - 17:03:09: "awesome cars for awesome mee<56><STEAM_0:1:108592592><TERRORIST>" triggered "Dropped_The_Bomb"
L 12/29/2019 - 17:03:17: "why i need a name?<57><STEAM_0:1:243975700><CT>" killed "sake<36><STEAM_1:0:1906787367><TERRORIST>" with "m4a1"
L 12/29/2019 - 17:03:17: Team "CT" triggered "CTs_Win" (CT "7") (T "6")
L 12/29/2019 - 17:03:17: World triggered "Round_End"
L 12/29/2019 - 17:03:21: "Mr.Skeleton<54><VALVE_ID_LAN><TERRORIST>" triggered "Spawned_With_The_Bomb"
L 12/29/2019 - 17:03:22: World triggered "Round_Start"
L 12/29/2019 - 17:03:42: "awesome cars for awesome mee<56><STEAM_0:1:108592592><TERRORIST>" killed "OwO<53><STEAM_2:0:2052157424><CT>" with "ak47"
L 12/29/2019 - 17:03:46: "Mr.Skeleton<54><VALVE_ID_LAN><TERRORIST>" killed "why i need a name?<57><STEAM_0:1:243975700><CT>" with "ak47"
L 12/29/2019 - 17:03:50: "sake<36><STEAM_1:0:1906787367><TERRORIST>" killed "awesome cars for awesome me<58><STEAM_0:1:176532502><CT>" with "knife"
L 12/29/2019 - 17:03:50: Team "TERRORIST" triggered "Terrorists_Win" (CT "7") (T "7")
L 12/29/2019 - 17:03:50: World triggered "Round_End"
L 12/29/2019 - 17:03:55: "awesome cars for awesome mee<56><STEAM_0:1:108592592><TERRORIST>" joined team "CT"
L 12/29/2019 - 17:03:55: "<><><>" triggered "amx_chat" (text "[PTB] Transfered awesome cars for awesome mee to CT")
L 12/29/2019 - 17:03:55: "sake<36><STEAM_1:0:1906787367><TERRORIST>" triggered "Spawned_With_The_Bomb"
L 12/29/2019 - 17:03:56: World triggered "Round_Start"
L 12/29/2019 - 17:04:13: "awesome cars for awesome mee<56><STEAM_0:1:108592592><CT>" killed "Mr.Skeleton<54><VALVE_ID_LAN><TERRORIST>" with "m4a1"
L 12/29/2019 - 17:04:25: "awesome cars for awesome mee<56><STEAM_0:1:108592592><CT>" killed "sake<36><STEAM_1:0:1906787367><TERRORIST>" with "m4a1"
L 12/29/2019 - 17:04:25: Team "CT" triggered "CTs_Win" (CT "8") (T "7")
L 12/29/2019 - 17:04:25: World triggered "Round_End"
L 12/29/2019 - 17:04:30: "Mr.Skeleton<54><VALVE_ID_LAN><TERRORIST>" triggered "Spawned_With_The_Bomb"
L 12/29/2019 - 17:04:31: World triggered "Round_Start"
L 12/29/2019 - 17:04:32: "Mr.Skeleton<54><VALVE_ID_LAN><TERRORIST>" triggered "Dropped_The_Bomb"
L 12/29/2019 - 17:04:32: "sake<36><STEAM_1:0:1906787367><TERRORIST>" triggered "Got_The_Bomb"
L 12/29/2019 - 17:04:41: "awesome cars for awesome mee<56><STEAM_0:1:108592592><CT>" killed "Mr.Skeleton<54><VALVE_ID_LAN><TERRORIST>" with "m4a1"
L 12/29/2019 - 17:04:50: "awesome cars for awesome mee<56><STEAM_0:1:108592592><CT>" killed "sake<36><STEAM_1:0:1906787367><TERRORIST>" with "m4a1"
L 12/29/2019 - 17:04:50: Team "CT" triggered "CTs_Win" (CT "9") (T "7")
L 12/29/2019 - 17:04:50: World triggered "Round_End"
L 12/29/2019 - 17:04:54: "why i need a name?<57><STEAM_0:1:243975700><CT>" joined team "TERRORIST"
L 12/29/2019 - 17:04:54: "<><><>" triggered "amx_chat" (text "[PTB] Transfered why i need a name? to TERRORIST")
L 12/29/2019 - 17:04:55: "Mr.Skeleton<54><VALVE_ID_LAN><TERRORIST>" triggered "Spawned_With_The_Bomb"
L 12/29/2019 - 17:04:56: World triggered "Round_Start"
L 12/29/2019 - 17:04:57: "Mr.Skeleton<54><VALVE_ID_LAN><TERRORIST>" triggered "Dropped_The_Bomb"
L 12/29/2019 - 17:04:57: "sake<36><STEAM_1:0:1906787367><TERRORIST>" triggered "Got_The_Bomb"
L 12/29/2019 - 17:05:04: "awesome cars for awesome mee<56><STEAM_0:1:108592592><CT>" killed "why i need a name?<57><STEAM_0:1:243975700><TERRORIST>" with "m4a1"
L 12/29/2019 - 17:05:21: "sake<36><STEAM_1:0:1906787367><TERRORIST>" killed "awesome cars for awesome me<58><STEAM_0:1:176532502><CT>" with "ak47"
L 12/29/2019 - 17:05:24: "why i need a name?<57><STEAM_0:1:243975700><TERRORIST>" joined team "CT"
L 12/29/2019 - 17:05:28: "sake<36><STEAM_1:0:1906787367><TERRORIST>" triggered "Planted_The_Bomb"
L 12/29/2019 - 17:05:31: "Mr.Skeleton<54><VALVE_ID_LAN><TERRORIST>" killed "OwO<53><STEAM_2:0:2052157424><CT>" with "galil"
L 12/29/2019 - 17:05:34: "awesome cars for awesome mee<56><STEAM_0:1:108592592><CT>" killed "Mr.Skeleton<54><VALVE_ID_LAN><TERRORIST>" with "m4a1"
L 12/29/2019 - 17:05:52: "sake<36><STEAM_1:0:1906787367><TERRORIST>" killed "awesome cars for awesome mee<56><STEAM_0:1:108592592><CT>" with "ak47"
L 12/29/2019 - 17:05:52: Team "TERRORIST" triggered "Terrorists_Win" (CT "9") (T "8")
L 12/29/2019 - 17:05:52: World triggered "Round_End"
L 12/29/2019 - 17:05:56: "OwO<53><STEAM_2:0:2052157424><CT>" joined team "TERRORIST"
L 12/29/2019 - 17:05:56: "<><><>" triggered "amx_chat" (text "[PTB] Transfered OwO to TERRORIST")
L 12/29/2019 - 17:05:57: "sake<36><STEAM_1:0:1906787367><TERRORIST>" triggered "Spawned_With_The_Bomb"
L 12/29/2019 - 17:05:58: World triggered "Round_Start"
L 12/29/2019 - 17:06:08: "awesome cars for awesome mee<56><STEAM_0:1:108592592><CT>" killed "Mr.Skeleton<54><VALVE_ID_LAN><TERRORIST>" with "m4a1"
L 12/29/2019 - 17:06:19: "sake<36><STEAM_1:0:1906787367><TERRORIST>" killed "why i need a name?<57><STEAM_0:1:243975700><CT>" with "ak47"
L 12/29/2019 - 17:06:22: "awesome cars for awesome mee<56><STEAM_0:1:108592592><CT>" killed "OwO<53><STEAM_2:0:2052157424><TERRORIST>" with "ak47"
L 12/29/2019 - 17:06:24: "sake<36><STEAM_1:0:1906787367><TERRORIST>" killed "awesome cars for awesome mee<56><STEAM_0:1:108592592><CT>" with "ak47"
L 12/29/2019 - 17:06:59: "sake<36><STEAM_1:0:1906787367><TERRORIST>" killed "awesome cars for awesome me<58><STEAM_0:1:176532502><CT>" with "ak47"
L 12/29/2019 - 17:06:59: Team "TERRORIST" triggered "Terrorists_Win" (CT "9") (T "9")
L 12/29/2019 - 17:06:59: World triggered "Round_End"
L 12/29/2019 - 17:07:00: [REUNION]: IP 193.42.110.171 banned for 10 minutes for query flooding (PPS: 330)
L 12/29/2019 - 17:07:04: "OwO<53><STEAM_2:0:2052157424><TERRORIST>" triggered "Spawned_With_The_Bomb"
L 12/29/2019 - 17:07:05: World triggered "Round_Start"
L 12/29/2019 - 17:07:07: "Mr.Skeleton<54><VALVE_ID_LAN><TERRORIST>" committed suicide with "world"
L 12/29/2019 - 17:07:07: "Mr.Skeleton<54><VALVE_ID_LAN><TERRORIST>" joined team "SPECTATOR"
L 12/29/2019 - 17:07:13: "awesome cars for awesome mee<56><STEAM_0:1:108592592><CT>" killed "sake<36><STEAM_1:0:1906787367><TERRORIST>" with "m4a1"
L 12/29/2019 - 17:07:13: "Mr.Skeleton<54><VALVE_ID_LAN><SPECTATOR>" joined team "TERRORIST"
L 12/29/2019 - 17:07:21: "why i need a name?<57><STEAM_0:1:243975700><CT>" killed "OwO<53><STEAM_2:0:2052157424><TERRORIST>" with "m4a1"
L 12/29/2019 - 17:07:21: Team "CT" triggered "CTs_Win" (CT "10") (T "9")
L 12/29/2019 - 17:07:21: World triggered "Round_End"
L 12/29/2019 - 17:07:26: "Mr.Skeleton<54><VALVE_ID_LAN><TERRORIST>" triggered "Spawned_With_The_Bomb"
L 12/29/2019 - 17:07:27: World triggered "Round_Start"
L 12/29/2019 - 17:07:41: "sake<36><STEAM_1:0:1906787367><TERRORIST>" killed "why i need a name?<57><STEAM_0:1:243975700><CT>" with "ak47"
L 12/29/2019 - 17:07:44: "awesome cars for awesome mee<56><STEAM_0:1:108592592><CT>" killed "OwO<53><STEAM_2:0:2052157424><TERRORIST>" with "m4a1"
L 12/29/2019 - 17:07:44: "sake<36><STEAM_1:0:1906787367><TERRORIST>" killed "awesome cars for awesome mee<56><STEAM_0:1:108592592><CT>" with "ak47"
L 12/29/2019 - 17:08:22: "awesome cars for awesome me<58><STEAM_0:1:176532502><CT>" killed "Mr.Skeleton<54><VALVE_ID_LAN><TERRORIST>" with "m4a1"
L 12/29/2019 - 17:08:22: "Mr.Skeleton<54><VALVE_ID_LAN><TERRORIST>" triggered "Dropped_The_Bomb"
L 12/29/2019 - 17:08:46: "sake<36><STEAM_1:0:1906787367><TERRORIST>" killed "awesome cars for awesome me<58><STEAM_0:1:176532502><CT>" with "ak47"
L 12/29/2019 - 17:08:46: Team "TERRORIST" triggered "Terrorists_Win" (CT "10") (T "10")
L 12/29/2019 - 17:08:46: World triggered "Round_End"
L 12/29/2019 - 17:08:51: "sake<36><STEAM_1:0:1906787367><TERRORIST>" triggered "Spawned_With_The_Bomb"
L 12/29/2019 - 17:08:52: World triggered "Round_Start"
L 12/29/2019 - 17:09:03: "awesome cars for awesome me<58><STEAM_0:1:176532502><CT>" killed "sake<36><STEAM_1:0:1906787367><TERRORIST>" with "m4a1"
L 12/29/2019 - 17:09:03: "sake<36><STEAM_1:0:1906787367><TERRORIST>" triggered "Dropped_The_Bomb"
L 12/29/2019 - 17:09:18: "awesome cars for awesome mee<56><STEAM_0:1:108592592><CT>" killed "OwO<53><STEAM_2:0:2052157424><TERRORIST>" with "m4a1"
L 12/29/2019 - 17:09:40: "Mr.Skeleton<54><VALVE_ID_LAN><TERRORIST>" killed "why i need a name?<57><STEAM_0:1:243975700><CT>" with "ak47"
L 12/29/2019 - 17:09:44: [REUNION]: HuNt3r (188.255.184.74) authorized as RevEmu
L 12/29/2019 - 17:09:44: "HuNt3r<61><STEAM_1:1:1071071391><>" connected, address "188.255.184.74:27005"
L 12/29/2019 - 17:09:48: "awesome cars for awesome mee<56><STEAM_0:1:108592592><CT>" killed "Mr.Skeleton<54><VALVE_ID_LAN><TERRORIST>" with "m4a1"
L 12/29/2019 - 17:09:48: Team "CT" triggered "CTs_Win" (CT "11") (T "10")
L 12/29/2019 - 17:09:48: World triggered "Round_End"
L 12/29/2019 - 17:09:50: "HuNt3r<61><STEAM_1:1:1071071391><>" entered the game
L 12/29/2019 - 17:09:53: "OwO<53><STEAM_2:0:2052157424><TERRORIST>" triggered "Spawned_With_The_Bomb"
L 12/29/2019 - 17:09:54: World triggered "Round_Start"
L 12/29/2019 - 17:10:03: "HuNt3r<61><STEAM_1:1:1071071391><>" joined team "TERRORIST"
L 12/29/2019 - 17:10:05: "awesome cars for awesome mee<56><STEAM_0:1:108592592><CT>" killed "OwO<53><STEAM_2:0:2052157424><TERRORIST>" with "m4a1"
L 12/29/2019 - 17:10:05: "OwO<53><STEAM_2:0:2052157424><TERRORIST>" triggered "Dropped_The_Bomb"
L 12/29/2019 - 17:10:11: "Mr.Skeleton<54><VALVE_ID_LAN><TERRORIST>" killed "awesome cars for awesome mee<56><STEAM_0:1:108592592><CT>" with "mp5navy"
L 12/29/2019 - 17:10:14: "awesome cars for awesome me<58><STEAM_0:1:176532502><CT>" killed "HuNt3r<61><STEAM_1:1:1071071391><TERRORIST>" with "m4a1"
L 12/29/2019 - 17:10:23: "Mr.Skeleton<54><VALVE_ID_LAN><TERRORIST>" killed "awesome cars for awesome me<58><STEAM_0:1:176532502><CT>" with "mp5navy"
L 12/29/2019 - 17:10:28: "sake<36><STEAM_1:0:1906787367><TERRORIST>" killed "why i need a name?<57><STEAM_0:1:243975700><CT>" with "ak47"
L 12/29/2019 - 17:10:28: Team "TERRORIST" triggered "Terrorists_Win" (CT "11") (T "11")
L 12/29/2019 - 17:10:28: World triggered "Round_End"
L 12/29/2019 - 17:10:30: "Mr.Skeleton<54><VALVE_ID_LAN><TERRORIST>" triggered "Got_The_Bomb"
L 12/29/2019 - 17:10:33: "OwO<53><STEAM_2:0:2052157424><TERRORIST>" triggered "Spawned_With_The_Bomb"
L 12/29/2019 - 17:10:34: World triggered "Round_Start"
L 12/29/2019 - 17:10:43: "sake<36><STEAM_1:0:1906787367><TERRORIST>" killed "awesome cars for awesome mee<56><STEAM_0:1:108592592><CT>" with "ak47"
L 12/29/2019 - 17:10:48: "Mr.Skeleton<54><VALVE_ID_LAN><TERRORIST>" killed "awesome cars for awesome me<58><STEAM_0:1:176532502><CT>" with "m4a1"
L 12/29/2019 - 17:10:48: "sake<36><STEAM_1:0:1906787367><TERRORIST>" killed "why i need a name?<57><STEAM_0:1:243975700><CT>" with "ak47"
L 12/29/2019 - 17:10:48: Team "TERRORIST" triggered "Terrorists_Win" (CT "11") (T "12")
L 12/29/2019 - 17:10:48: World triggered "Round_End"
L 12/29/2019 - 17:10:52: "Mr.Skeleton<54><VALVE_ID_LAN><TERRORIST>" joined team "CT"
L 12/29/2019 - 17:10:52: "<><><>" triggered "amx_chat" (text "[PTB] Transfered Mr.Skeleton to CT")
L 12/29/2019 - 17:10:53: "HuNt3r<61><STEAM_1:1:1071071391><TERRORIST>" triggered "Spawned_With_The_Bomb"
L 12/29/2019 - 17:10:54: World triggered "Round_Start"
L 12/29/2019 - 17:11:01: Server cvar "amx_nextmap" = "de_christmas"
L 12/29/2019 - 17:11:02: "sake<36><STEAM_1:0:1906787367><TERRORIST>" killed "awesome cars for awesome me<58><STEAM_0:1:176532502><CT>" with "ak47"
L 12/29/2019 - 17:11:08: "OwO<53><STEAM_2:0:2052157424><TERRORIST>" killed "why i need a name?<57><STEAM_0:1:243975700><CT>" with "ak47"
L 12/29/2019 - 17:11:15: "OwO<53><STEAM_2:0:2052157424><TERRORIST>" killed "awesome cars for awesome mee<56><STEAM_0:1:108592592><CT>" with "ak47"
L 12/29/2019 - 17:11:23: "OwO<53><STEAM_2:0:2052157424><TERRORIST>" committed suicide with "worldspawn" (world)
L 12/29/2019 - 17:11:30: "Mr.Skeleton<54><VALVE_ID_LAN><CT>" killed "HuNt3r<61><STEAM_1:1:1071071391><TERRORIST>" with "m4a1"
L 12/29/2019 - 17:11:30: "HuNt3r<61><STEAM_1:1:1071071391><TERRORIST>" triggered "Dropped_The_Bomb"
L 12/29/2019 - 17:11:36: "Mr.Skeleton<54><VALVE_ID_LAN><CT>" killed "sake<36><STEAM_1:0:1906787367><TERRORIST>" with "m4a1"
L 12/29/2019 - 17:11:36: Team "CT" triggered "CTs_Win" (CT "12") (T "12")
L 12/29/2019 - 17:11:36: World triggered "Round_End"
L 12/29/2019 - 17:11:41: "sake<36><STEAM_1:0:1906787367><TERRORIST>" triggered "Spawned_With_The_Bomb"
L 12/29/2019 - 17:11:42: World triggered "Round_Start"
L 12/29/2019 - 17:11:42: Server cvar "sv_maxspeed" = "0.000000"
L 12/29/2019 - 17:11:42: Server cvar "mp_friendlyfire" = "1"
L 12/29/2019 - 17:11:45: "Mr.Skeleton<54><VALVE_ID_LAN><CT>" killed "why i need a name?<57><STEAM_0:1:243975700><CT>" with "m4a1"
L 12/29/2019 - 17:11:45: "sake<36><STEAM_1:0:1906787367><TERRORIST>" killed "HuNt3r<61><STEAM_1:1:1071071391><TERRORIST>" with "ak47"
L 12/29/2019 - 17:11:47: "awesome cars for awesome me<58><STEAM_0:1:176532502><CT>" committed suicide with "worldspawn" (world)
L 12/29/2019 - 17:11:51: "Mr.Skeleton<54><VALVE_ID_LAN><CT>" killed "awesome cars for awesome mee<56><STEAM_0:1:108592592><CT>" with "m4a1"
L 12/29/2019 - 17:11:53: Server cvar "sv_maxspeed" = "900.000000"
L 12/29/2019 - 17:11:53: Server cvar "mp_friendlyfire" = "0"
L 12/29/2019 - 17:11:53: [META] ini: Begin re-reading plugins list: /home/rented/public9/cstrike/addons/metamod/plugins.ini
L 12/29/2019 - 17:11:53: [META] ini: Read plugin config for: SafeNameAndChat
L 12/29/2019 - 17:11:53: [META] ini: Read plugin config for: AMX Mod X
L 12/29/2019 - 17:11:53: [META] ini: Read plugin config for: Reunion
L 12/29/2019 - 17:11:53: [META] ini: Read plugin config for: ReAuthCheck
L 12/29/2019 - 17:11:53: [META] ini: Read plugin config for: WHBlocker
L 12/29/2019 - 17:11:53: [META] ini: Read plugin config for: ReSemiclip
L 12/29/2019 - 17:11:53: [META] ini: Read plugin config for: Revoice
L 12/29/2019 - 17:11:53: [META] ini: Finished reading plugins list: /home/rented/public9/cstrike/addons/metamod/plugins.ini; Found 7 plugins
L 12/29/2019 - 17:11:53: [META] dll: Updating plugins...
L 12/29/2019 - 17:11:53: [META] WARNING: Cannot clear plugin 'SafeNameAndChat'; not marked as failed, empty, or open (status=valid)
L 12/29/2019 - 17:11:53: [META] dll: Unloaded plugin 'SafeNameAndChat' for reason 'file on disk is newer'
L 12/29/2019 - 17:11:53: [META] dll: Loaded plugin 'SafeNameAndChat': SafeNameAndChat v1.1 2017.02.01, WPMG.PRoSToC0der
L 12/29/2019 - 17:11:53: [META] WARNING: Cannot clear plugin 'WHBlocker'; not marked as failed, empty, or open (status=valid)
L 12/29/2019 - 17:11:53: [META] dll: Unloaded plugin 'WHBlocker' for reason 'file on disk is newer'
L 12/29/2019 - 17:11:53: [META] dll: Loaded plugin 'WHBlocker': WHBlocker v1.5.692 2017-04-13, s1lent
L 12/29/2019 - 17:11:53: [META] WARNING: Cannot clear plugin 'ReSemiclip'; not marked as failed, empty, or open (status=valid)
L 12/29/2019 - 17:11:53: [META] dll: Unloaded plugin 'ReSemiclip' for reason 'file on disk is newer'
L 12/29/2019 - 17:11:53: [META] dll: Loaded plugin 'ReSemiclip': ReSemiclip v2.3.9 13/02/17, s1lent & Adidasman
L 12/29/2019 - 17:11:53: [META] dll: Finished updating 14 plugins; kept 0, loaded 0, unloaded 0, reloaded 3, delayed 0
L 12/29/2019 - 17:11:53: "HuNt3r<61><STEAM_1:1:1071071391><TERRORIST>" disconnected
L 12/29/2019 - 17:11:53: "awesome cars for awesome me<58><STEAM_0:1:176532502><CT>" disconnected
L 12/29/2019 - 17:11:53: "sake<36><STEAM_1:0:1906787367><TERRORIST>" disconnected
L 12/29/2019 - 17:11:53: "awesome cars for awesome mee<56><STEAM_0:1:108592592><CT>" disconnected
L 12/29/2019 - 17:11:53: "why i need a name?<57><STEAM_0:1:243975700><CT>" disconnected
L 12/29/2019 - 17:11:53: "XxXBadBoyXxX<42><STEAM_0:1:435231343><SPECTATOR>" disconnected
L 12/29/2019 - 17:11:53: "OwO<53><STEAM_2:0:2052157424><TERRORIST>" disconnected
L 12/29/2019 - 17:11:53: "Mr.Skeleton<54><VALVE_ID_LAN><CT>" disconnected
L 12/29/2019 - 17:11:53: World triggered "Round_Draw" (CT "12") (T "12")
L 12/29/2019 - 17:11:53: World triggered "Round_End"
L 12/29/2019 - 17:11:53: Log file closed
