L 12/25/2019 - 20:59:03: Log file started (file "logs/L1225100.log") (game "cstrike") (version "48/1.1.2.7/Stdio/1621")
L 12/25/2019 - 20:59:03: Loading map "car_fight"
L 12/25/2019 - 20:59:03: Server cvars start
L 12/25/2019 - 20:59:03: Server cvar "@BunnyHopper" = "3.x"
L 12/25/2019 - 20:59:03: Server cvar "@CRXGoSpec" = "1.1"
L 12/25/2019 - 20:59:03: Server cvar "@CRXRemoveImmunity" = "1.0"
L 12/25/2019 - 20:59:03: Server cvar "@D.I.C.E." = "1.1"
L 12/25/2019 - 20:59:03: Server cvar "@MOTDCommands" = "1.2"
L 12/25/2019 - 20:59:03: Server cvar "advanced_quake_sounds" = "5.0"
L 12/25/2019 - 20:59:03: Server cvar "AdvancedMute" = "1.0"
L 12/25/2019 - 20:59:03: Server cvar "aesp_version" = "1.3"
L 12/25/2019 - 20:59:03: Server cvar "allow_spectators" = "1.0"
L 12/25/2019 - 20:59:03: Server cvar "amx_client_languages" = "1"
L 12/25/2019 - 20:59:03: Server cvar "amx_language" = "en"
L 12/25/2019 - 20:59:03: Server cvar "amx_nextmap" = "car_fight"
L 12/25/2019 - 20:59:03: Server cvar "amx_ptb_version" = "1.8b3"
L 12/25/2019 - 20:59:03: Server cvar "amx_timeleft" = "02:59"
L 12/25/2019 - 20:59:03: Server cvar "amxmodx_version" = "1.8.2"
L 12/25/2019 - 20:59:03: Server cvar "amxxbg_vip" = "1.0"
L 12/25/2019 - 20:59:03: Server cvar "asp_version" = "4.5.1"
L 12/25/2019 - 20:59:03: Server cvar "atac_version" = "3.0.1"
L 12/25/2019 - 20:59:03: Server cvar "badcamper_version" = "1.4 beta"
L 12/25/2019 - 20:59:03: Server cvar "blockmaker" = "4.01"
L 12/25/2019 - 20:59:03: Server cvar "c4 timer" = "1.1"
L 12/25/2019 - 20:59:03: Server cvar "coop" = "0"
L 12/25/2019 - 20:59:03: Server cvar "CRXAdminGroups" = "1.0"
L 12/25/2019 - 20:59:03: Server cvar "CRXCommandRestrictions" = "1.0"
L 12/25/2019 - 20:59:03: Server cvar "CRXFastKnife" = "1.0"
L 12/25/2019 - 20:59:03: Server cvar "CRXGametracker" = "2.0"
L 12/25/2019 - 20:59:03: Server cvar "CRXKnifeModels" = "2.5.7"
L 12/25/2019 - 20:59:03: Server cvar "CRXTeamAdvantage" = "1.0"
L 12/25/2019 - 20:59:03: Server cvar "CustomShop" = "4.2"
L 12/25/2019 - 20:59:03: Server cvar "deathmatch" = "1"
L 12/25/2019 - 20:59:03: Server cvar "decalfrequency" = "0"
L 12/25/2019 - 20:59:03: Server cvar "edgefriction" = "2"
L 12/25/2019 - 20:59:03: Server cvar "ers_version" = "2.3c"
L 12/25/2019 - 20:59:03: Server cvar "gagsystem_shoko" = "1.0"
L 12/25/2019 - 20:59:03: Server cvar "gal_mapcyclefile" = "mapcycle.txt"
L 12/25/2019 - 20:59:03: Server cvar "gal_version" = "v5.9.1-926"
L 12/25/2019 - 20:59:03: Server cvar "game_version" = "5.7.0.313-dev"
L 12/25/2019 - 20:59:03: Server cvar "humans_join_team" = "any"
L 12/25/2019 - 20:59:03: Server cvar "jtp10181" = "chute,gore"
L 12/25/2019 - 20:59:03: Server cvar "lawliet" = "ny_RainingSnow"
L 12/25/2019 - 20:59:03: Server cvar "LetitSnow" = "1.0"
L 12/25/2019 - 20:59:03: Server cvar "map_spawns" = "T(16) CT(16)"
L 12/25/2019 - 20:59:03: Server cvar "max_queries_sec" = "3"
L 12/25/2019 - 20:59:03: Server cvar "max_queries_sec_global" = "150"
L 12/25/2019 - 20:59:03: Server cvar "max_queries_window" = "60"
L 12/25/2019 - 20:59:03: Server cvar "mdbBans" = "4.8"
L 12/25/2019 - 20:59:03: Server cvar "metamod_version" = "1.21p37"
L 12/25/2019 - 20:59:03: Server cvar "mp_autokick" = "0"
L 12/25/2019 - 20:59:03: Server cvar "mp_autokick_timeout" = "-1"
L 12/25/2019 - 20:59:03: Server cvar "mp_autoteambalance" = "0"
L 12/25/2019 - 20:59:03: Server cvar "mp_buytime" = "0.25"
L 12/25/2019 - 20:59:03: Server cvar "mp_c4timer" = "35"
L 12/25/2019 - 20:59:03: Server cvar "mp_chattime" = "10"
L 12/25/2019 - 20:59:03: Server cvar "mp_consistency" = "1"
L 12/25/2019 - 20:59:03: Server cvar "mp_fadetoblack" = "0"
L 12/25/2019 - 20:59:03: Server cvar "mp_flashlight" = "1"
L 12/25/2019 - 20:59:03: Server cvar "mp_footsteps" = "1"
L 12/25/2019 - 20:59:03: Server cvar "mp_forcecamera" = "0"
L 12/25/2019 - 20:59:03: Server cvar "mp_forcechasecam" = "0"
L 12/25/2019 - 20:59:03: Server cvar "mp_forcerespawn" = "0"
L 12/25/2019 - 20:59:03: Server cvar "mp_fraglimit" = "0"
L 12/25/2019 - 20:59:03: Server cvar "mp_fragsleft" = "0"
L 12/25/2019 - 20:59:03: Server cvar "mp_freeforall" = "0"
L 12/25/2019 - 20:59:03: Server cvar "mp_freezetime" = "1"
L 12/25/2019 - 20:59:03: Server cvar "mp_friendlyfire" = "0"
L 12/25/2019 - 20:59:03: Server cvar "mp_hostage_hurtable" = "1"
L 12/25/2019 - 20:59:03: Server cvar "mp_hostagepenalty" = "0"
L 12/25/2019 - 20:59:03: Server cvar "mp_item_staytime" = "300"
L 12/25/2019 - 20:59:03: Server cvar "mp_kickpercent" = "0.66"
L 12/25/2019 - 20:59:03: Server cvar "mp_legacy_bombtarget_touch" = "1"
L 12/25/2019 - 20:59:03: Server cvar "mp_limitteams" = "0"
L 12/25/2019 - 20:59:03: Server cvar "mp_logdetail" = "0"
L 12/25/2019 - 20:59:03: Server cvar "mp_logfile" = "1"
L 12/25/2019 - 20:59:03: Server cvar "mp_logmessages" = "1"
L 12/25/2019 - 20:59:03: Server cvar "mp_mapvoteratio" = "0.66"
L 12/25/2019 - 20:59:03: Server cvar "mp_maxmoney" = "999999"
L 12/25/2019 - 20:59:03: Server cvar "mp_maxrounds" = "0"
L 12/25/2019 - 20:59:03: Server cvar "mp_mirrordamage" = "0"
L 12/25/2019 - 20:59:03: Server cvar "mp_old_bomb_defused_sound" = "1"
L 12/25/2019 - 20:59:03: Server cvar "mp_playerid" = "0"
L 12/25/2019 - 20:59:03: Server cvar "mp_respawn_immunitytime" = "0"
L 12/25/2019 - 20:59:03: Server cvar "mp_round_infinite" = "0"
L 12/25/2019 - 20:59:03: Server cvar "mp_round_restart_delay" = "5"
L 12/25/2019 - 20:59:03: Server cvar "mp_roundover" = "0"
L 12/25/2019 - 20:59:03: Server cvar "mp_roundtime" = "2.3"
L 12/25/2019 - 20:59:03: Server cvar "mp_show_radioicon" = "1"
L 12/25/2019 - 20:59:03: Server cvar "mp_startmoney" = "850"
L 12/25/2019 - 20:59:03: Server cvar "mp_timeleft" = "02:59"
L 12/25/2019 - 20:59:03: Server cvar "mp_timelimit" = "20"
L 12/25/2019 - 20:59:03: Server cvar "mp_tkpunish" = "0"
L 12/25/2019 - 20:59:03: Server cvar "mp_windifference" = "1"
L 12/25/2019 - 20:59:03: Server cvar "mp_winlimit" = "0"
L 12/25/2019 - 20:59:03: Server cvar "NoWeaponsOnGround" = "1.0"
L 12/25/2019 - 20:59:03: Server cvar "pausable" = "0"
L 12/25/2019 - 20:59:03: Server cvar "present_version" = "2.01"
L 12/25/2019 - 20:59:03: Server cvar "RandomHP" = "2.2"
L 12/25/2019 - 20:59:03: Server cvar "reauthcheck_version" = "0.1.6"
L 12/25/2019 - 20:59:03: Server cvar "reconnect_features" = "0.3.1"
L 12/25/2019 - 20:59:03: Server cvar "report_system_version" = "3.1"
L 12/25/2019 - 20:59:03: Server cvar "resemiclip_version" = "2.3.9"
L 12/25/2019 - 20:59:03: Server cvar "reu_version" = "0.1.0.130"
L 12/25/2019 - 20:59:03: Server cvar "revoice_version" = "0.1.0.30"
L 12/25/2019 - 20:59:03: Server cvar "RRWM" = "2.0"
L 12/25/2019 - 20:59:03: Server cvar "sanksounds_version" = "1.8.6"
L 12/25/2019 - 20:59:03: Server cvar "SimpleMenu" = "1.1"
L 12/25/2019 - 20:59:03: Server cvar "SNAC_Version" = "1.1"
L 12/25/2019 - 20:59:03: Server cvar "SpecList" = "1.2a"
L 12/25/2019 - 20:59:03: Server cvar "sr_version" = "1.6"
L 12/25/2019 - 20:59:03: Server cvar "statsx_shell_ver" = "2.0.0 (BETA)"
L 12/25/2019 - 20:59:03: Server cvar "StyleC4Timer" = "2.1"
L 12/25/2019 - 20:59:03: Server cvar "sv_accelerate" = "5"
L 12/25/2019 - 20:59:03: Server cvar "sv_aim" = "1"
L 12/25/2019 - 20:59:03: Server cvar "sv_airaccelerate" = "100"
L 12/25/2019 - 20:59:03: Server cvar "sv_allowupload" = "1"
L 12/25/2019 - 20:59:03: Server cvar "sv_alltalk" = "1"
L 12/25/2019 - 20:59:03: Server cvar "sv_bounce" = "1"
L 12/25/2019 - 20:59:03: Server cvar "sv_cheats" = "0"
L 12/25/2019 - 20:59:03: Server cvar "sv_clienttrace" = "1"
L 12/25/2019 - 20:59:03: Server cvar "sv_contact" = "feruchio599@gmail.com"
L 12/25/2019 - 20:59:03: Server cvar "sv_friction" = "4"
L 12/25/2019 - 20:59:03: Server cvar "sv_gravity" = "800"
L 12/25/2019 - 20:59:03: Server cvar "sv_logblocks" = "0"
L 12/25/2019 - 20:59:03: Server cvar "sv_maxrate" = "50000"
L 12/25/2019 - 20:59:03: Server cvar "sv_maxspeed" = "900.000000"
L 12/25/2019 - 20:59:03: Server cvar "sv_minrate" = "10000"
L 12/25/2019 - 20:59:03: Server cvar "sv_password" = ""
L 12/25/2019 - 20:59:03: Server cvar "sv_proxies" = "1"
L 12/25/2019 - 20:59:03: Server cvar "sv_restart" = "0"
L 12/25/2019 - 20:59:03: Server cvar "sv_restartround" = "0"
L 12/25/2019 - 20:59:03: Server cvar "sv_stepsize" = "18"
L 12/25/2019 - 20:59:03: Server cvar "sv_stopspeed" = "75"
L 12/25/2019 - 20:59:03: Server cvar "sv_uploadmax" = "0.5"
L 12/25/2019 - 20:59:03: Server cvar "sv_version" = "1.1.2.7/Stdio,48,1621"
L 12/25/2019 - 20:59:03: Server cvar "sv_voiceenable" = "1"
L 12/25/2019 - 20:59:03: Server cvar "sv_wateraccelerate" = "10"
L 12/25/2019 - 20:59:03: Server cvar "sv_waterfriction" = "1"
L 12/25/2019 - 20:59:03: Server cvar "Team_Semiclip_version" = "3.3.1"
L 12/25/2019 - 20:59:03: Server cvar "vehicle_real_killer" = "1.1"
L 12/25/2019 - 20:59:03: Server cvar "WalkGuard" = "1.3.2"
L 12/25/2019 - 20:59:03: Server cvar "we_grenades" = "Huehue"
L 12/25/2019 - 20:59:03: Server cvar "we_player_models" = "Huehue"
L 12/25/2019 - 20:59:03: Server cvar "whb_version" = "1.5.692"
L 12/25/2019 - 20:59:03: Server cvar "zp_jp_version" = "Extra Item Jetpack+Bazooka v3.2"
L 12/25/2019 - 20:59:03: Server cvars end
L 12/25/2019 - 20:59:06: Server cvar "sv_maxspeed" = "900"
L 12/25/2019 - 20:59:06: Server cvar "mp_autoteambalance" = "1"
L 12/25/2019 - 20:59:06: Server cvar "mp_autoteambalance" = "0"
L 12/25/2019 - 20:59:06: Server cvar "amx_nextmap" = "[not yet voted on]"
L 12/25/2019 - 20:59:08: Started map "car_fight" (CRC "-1323436437")
L 12/25/2019 - 20:59:10: World triggered "Round_Start"
L 12/25/2019 - 20:59:11: "Maverick<4><STEAM_0:0:37264973><>" entered the game
L 12/25/2019 - 20:59:14: "xXMr.ONurXx_YT<19><STEAM_2:1:935252518><>" entered the game
L 12/25/2019 - 20:59:14: "jesse_pinkman<18><STEAM_1:0:1973059967><>" entered the game
L 12/25/2019 - 20:59:15: [REUNION]: Viru (78.108.248.252) authorized as RevEmu
L 12/25/2019 - 20:59:15: "Viru<20><STEAM_1:0:1632616421><>" connected, address "78.108.248.252:27005"
L 12/25/2019 - 20:59:15: "jesse_pinkman<18><STEAM_1:0:1973059967><>" joined team "TERRORIST"
L 12/25/2019 - 20:59:16: "Saad<16><STEAM_0:1:113405507><>" entered the game
L 12/25/2019 - 20:59:20: [REUNION]: pencho lydiq (78.108.248.252) authorized as RevEmu
L 12/25/2019 - 20:59:20: "pencho lydiq<21><STEAM_1:0:760868375><>" connected, address "78.108.248.252:1024"
L 12/25/2019 - 20:59:22: "Viru<20><STEAM_1:0:1632616421><>" entered the game
L 12/25/2019 - 20:59:24: "pencho lydiq<21><STEAM_1:0:760868375><>" entered the game
L 12/25/2019 - 20:59:26: "Viru<20><STEAM_1:0:1632616421><>" joined team "CT"
L 12/25/2019 - 20:59:26: World triggered "Game_Commencing"
L 12/25/2019 - 20:59:26: World triggered "Game_Commencing" (CT "0") (T "0")
L 12/25/2019 - 20:59:26: World triggered "Round_End"
L 12/25/2019 - 20:59:27: "pencho lydiq<21><STEAM_1:0:760868375><>" joined team "TERRORIST"
L 12/25/2019 - 20:59:30: World triggered "Round_Start"
L 12/25/2019 - 20:59:36: "Saad<16><STEAM_0:1:113405507><>" joined team "CT"
L 12/25/2019 - 20:59:39: "xXMr.ONurXx_YT<19><STEAM_2:1:935252518><>" joined team "TERRORIST"
L 12/25/2019 - 20:59:54: "Viru<20><STEAM_1:0:1632616421><CT>" killed "jesse_pinkman<18><STEAM_1:0:1973059967><TERRORIST>" with "usp"
L 12/25/2019 - 21:00:04: "pencho lydiq<21><STEAM_1:0:760868375><TERRORIST>" killed "Viru<20><STEAM_1:0:1632616421><CT>" with "tracktrain"
L 12/25/2019 - 21:00:10: "Maverick<4><STEAM_0:0:37264973><>" joined team "SPECTATOR"
L 12/25/2019 - 21:00:25: "pencho lydiq<21><STEAM_1:0:760868375><TERRORIST>" killed "Saad<16><STEAM_0:1:113405507><CT>" with "p228"
L 12/25/2019 - 21:00:25: Team "TERRORIST" triggered "Terrorists_Win" (CT "0") (T "1")
L 12/25/2019 - 21:00:25: World triggered "Round_End"
L 12/25/2019 - 21:00:31: World triggered "Round_Start"
L 12/25/2019 - 21:00:49: "Maverick<4><STEAM_0:0:37264973><SPECTATOR>" joined team "CT"
L 12/25/2019 - 21:00:52: "jesse_pinkman<18><STEAM_1:0:1973059967><TERRORIST>" killed "Viru<20><STEAM_1:0:1632616421><CT>" with "ak47"
L 12/25/2019 - 21:00:55: "Saad<16><STEAM_0:1:113405507><CT>" killed "jesse_pinkman<18><STEAM_1:0:1973059967><TERRORIST>" with "famas"
L 12/25/2019 - 21:01:15: "xXMr.ONurXx_YT<19><STEAM_2:1:935252518><TERRORIST>" killed "Saad<16><STEAM_0:1:113405507><CT>" with "glock18"
L 12/25/2019 - 21:02:20: "Maverick<4><STEAM_0:0:37264973><CT>" committed suicide with "world"
L 12/25/2019 - 21:02:20: Team "TERRORIST" triggered "Terrorists_Win" (CT "0") (T "2")
L 12/25/2019 - 21:02:20: World triggered "Round_End"
L 12/25/2019 - 21:02:24: "jesse_pinkman<18><STEAM_1:0:1973059967><TERRORIST>" joined team "CT"
L 12/25/2019 - 21:02:24: "<><><>" triggered "amx_chat" (text "[PTB] Transfered jesse_pinkman to CT")
L 12/25/2019 - 21:02:26: World triggered "Round_Start"
L 12/25/2019 - 21:02:48: "jesse_pinkman<18><STEAM_1:0:1973059967><CT>" killed "xXMr.ONurXx_YT<19><STEAM_2:1:935252518><TERRORIST>" with "tracktrain"
L 12/25/2019 - 21:03:01: "jesse_pinkman<18><STEAM_1:0:1973059967><CT>" killed "Viru<20><STEAM_1:0:1632616421><CT>" with "tracktrain"
L 12/25/2019 - 21:03:06: "jesse_pinkman<18><STEAM_1:0:1973059967><CT>" committed suicide with "tracktrain"
L 12/25/2019 - 21:03:27: "pencho lydiq<21><STEAM_1:0:760868375><TERRORIST>" killed "Maverick<4><STEAM_0:0:37264973><CT>" with "ak47"
L 12/25/2019 - 21:03:37: "pencho lydiq<21><STEAM_1:0:760868375><TERRORIST>" killed "Saad<16><STEAM_0:1:113405507><CT>" with "ak47"
L 12/25/2019 - 21:03:37: Team "TERRORIST" triggered "Terrorists_Win" (CT "0") (T "3")
L 12/25/2019 - 21:03:37: World triggered "Round_End"
L 12/25/2019 - 21:03:43: World triggered "Round_Start"
L 12/25/2019 - 21:03:47: "jesse_pinkman<18><STEAM_1:0:1973059967><CT>" committed suicide with "world"
L 12/25/2019 - 21:03:47: "jesse_pinkman<18><STEAM_1:0:1973059967><CT>" joined team "TERRORIST"
L 12/25/2019 - 21:04:00: "Viru<20><STEAM_1:0:1632616421><CT>" killed "pencho lydiq<21><STEAM_1:0:760868375><TERRORIST>" with "scout"
L 12/25/2019 - 21:04:17: "xXMr.ONurXx_YT<19><STEAM_2:1:935252518><TERRORIST>" killed "Saad<16><STEAM_0:1:113405507><CT>" with "ak47"
L 12/25/2019 - 21:04:29: "Viru<20><STEAM_1:0:1632616421><CT>" killed "xXMr.ONurXx_YT<19><STEAM_2:1:935252518><TERRORIST>" with "scout"
L 12/25/2019 - 21:04:29: Team "CT" triggered "CTs_Win" (CT "1") (T "3")
L 12/25/2019 - 21:04:29: World triggered "Round_End"
L 12/25/2019 - 21:04:33: "xXMr.ONurXx_YT<19><STEAM_2:1:935252518><TERRORIST>" joined team "CT"
L 12/25/2019 - 21:04:33: "<><><>" triggered "amx_chat" (text "[PTB] Transfered xXMr.ONurXx_YT to CT")
L 12/25/2019 - 21:04:35: World triggered "Round_Start"
L 12/25/2019 - 21:05:08: "Viru<20><STEAM_1:0:1632616421><CT>" killed "pencho lydiq<21><STEAM_1:0:760868375><TERRORIST>" with "scout"
L 12/25/2019 - 21:05:17: Team "CT" triggered "CTs_Win" (CT "2") (T "3")
L 12/25/2019 - 21:05:17: World triggered "Round_End"
L 12/25/2019 - 21:05:22: "Viru<20><STEAM_1:0:1632616421><CT>" joined team "TERRORIST"
L 12/25/2019 - 21:05:22: "<><><>" triggered "amx_chat" (text "[PTB] Transfered Viru to TERRORIST")
L 12/25/2019 - 21:05:23: World triggered "Round_Start"
L 12/25/2019 - 21:05:39: "Saad<16><STEAM_0:1:113405507><CT>" killed "Viru<20><STEAM_1:0:1632616421><TERRORIST>" with "m4a1"
L 12/25/2019 - 21:06:13: Team "CT" triggered "CTs_Win" (CT "3") (T "3")
L 12/25/2019 - 21:06:13: World triggered "Round_End"
L 12/25/2019 - 21:06:19: World triggered "Round_Start"
L 12/25/2019 - 21:06:43: "jesse_pinkman<18><STEAM_1:0:1973059967><TERRORIST>" killed "Saad<16><STEAM_0:1:113405507><CT>" with "ak47"
L 12/25/2019 - 21:06:43: "pencho lydiq<21><STEAM_1:0:760868375><TERRORIST>" killed "Maverick<4><STEAM_0:0:37264973><CT>" with "scout"
L 12/25/2019 - 21:07:01: "Viru<20><STEAM_1:0:1632616421><TERRORIST>" killed "xXMr.ONurXx_YT<19><STEAM_2:1:935252518><CT>" with "g3sg1"
L 12/25/2019 - 21:07:01: Team "TERRORIST" triggered "Terrorists_Win" (CT "3") (T "4")
L 12/25/2019 - 21:07:01: World triggered "Round_End"
L 12/25/2019 - 21:07:05: "pencho lydiq<21><STEAM_1:0:760868375><TERRORIST>" joined team "CT"
L 12/25/2019 - 21:07:05: "<><><>" triggered "amx_chat" (text "[PTB] Transfered pencho lydiq to CT")
L 12/25/2019 - 21:07:07: World triggered "Round_Start"
L 12/25/2019 - 21:07:39: "Viru<20><STEAM_1:0:1632616421><TERRORIST>" killed "Maverick<4><STEAM_0:0:37264973><CT>" with "g3sg1"
L 12/25/2019 - 21:07:43: "pencho lydiq<21><STEAM_1:0:760868375><CT>" killed "jesse_pinkman<18><STEAM_1:0:1973059967><TERRORIST>" with "scout"
L 12/25/2019 - 21:07:47: "Viru<20><STEAM_1:0:1632616421><TERRORIST>" killed "pencho lydiq<21><STEAM_1:0:760868375><CT>" with "g3sg1"
L 12/25/2019 - 21:07:54: Team "TERRORIST" triggered "Terrorists_Win" (CT "3") (T "5")
L 12/25/2019 - 21:07:54: World triggered "Round_End"
L 12/25/2019 - 21:08:00: World triggered "Round_Start"
L 12/25/2019 - 21:08:21: "Viru<20><STEAM_1:0:1632616421><TERRORIST>" killed "pencho lydiq<21><STEAM_1:0:760868375><CT>" with "awp"
L 12/25/2019 - 21:08:30: "Viru<20><STEAM_1:0:1632616421><TERRORIST>" killed "Maverick<4><STEAM_0:0:37264973><CT>" with "awp"
L 12/25/2019 - 21:08:32: "jesse_pinkman<18><STEAM_1:0:1973059967><TERRORIST>" killed "xXMr.ONurXx_YT<19><STEAM_2:1:935252518><CT>" with "knife"
L 12/25/2019 - 21:08:52: "Saad<16><STEAM_0:1:113405507><CT>" committed suicide with "world"
L 12/25/2019 - 21:08:52: Team "TERRORIST" triggered "Terrorists_Win" (CT "3") (T "6")
L 12/25/2019 - 21:08:52: World triggered "Round_End"
L 12/25/2019 - 21:08:58: World triggered "Round_Start"
L 12/25/2019 - 21:09:00: "Saad<16><STEAM_0:1:113405507><CT>" committed suicide with "world"
L 12/25/2019 - 21:09:00: "Saad<16><STEAM_0:1:113405507><CT>" joined team "SPECTATOR"
L 12/25/2019 - 21:09:20: "Maverick<4><STEAM_0:0:37264973><CT>" killed "jesse_pinkman<18><STEAM_1:0:1973059967><TERRORIST>" with "m4a1"
L 12/25/2019 - 21:09:36: "Viru<20><STEAM_1:0:1632616421><TERRORIST>" killed "Maverick<4><STEAM_0:0:37264973><CT>" with "awp"
L 12/25/2019 - 21:10:51: "pencho lydiq<21><STEAM_1:0:760868375><CT>" killed "Viru<20><STEAM_1:0:1632616421><TERRORIST>" with "scout"
L 12/25/2019 - 21:10:51: Team "CT" triggered "CTs_Win" (CT "4") (T "6")
L 12/25/2019 - 21:10:51: World triggered "Round_End"
L 12/25/2019 - 21:10:57: World triggered "Round_Start"
L 12/25/2019 - 21:11:21: "jesse_pinkman<18><STEAM_1:0:1973059967><TERRORIST>" killed "pencho lydiq<21><STEAM_1:0:760868375><CT>" with "ak47"
L 12/25/2019 - 21:11:27: "jesse_pinkman<18><STEAM_1:0:1973059967><TERRORIST>" killed "Maverick<4><STEAM_0:0:37264973><CT>" with "tracktrain"
L 12/25/2019 - 21:11:33: "jesse_pinkman<18><STEAM_1:0:1973059967><TERRORIST>" killed "xXMr.ONurXx_YT<19><STEAM_2:1:935252518><CT>" with "tracktrain"
L 12/25/2019 - 21:11:33: Team "TERRORIST" triggered "Terrorists_Win" (CT "4") (T "7")
L 12/25/2019 - 21:11:33: World triggered "Round_End"
L 12/25/2019 - 21:11:39: World triggered "Round_Start"
L 12/25/2019 - 21:12:03: "pencho lydiq<21><STEAM_1:0:760868375><CT>" killed "Viru<20><STEAM_1:0:1632616421><TERRORIST>" with "scout"
L 12/25/2019 - 21:12:29: "jesse_pinkman<18><STEAM_1:0:1973059967><TERRORIST>" killed "xXMr.ONurXx_YT<19><STEAM_2:1:935252518><CT>" with "tracktrain"
L 12/25/2019 - 21:12:32: "pencho lydiq<21><STEAM_1:0:760868375><CT>" killed "jesse_pinkman<18><STEAM_1:0:1973059967><TERRORIST>" with "scout"
L 12/25/2019 - 21:12:32: Team "CT" triggered "CTs_Win" (CT "5") (T "7")
L 12/25/2019 - 21:12:32: World triggered "Round_End"
L 12/25/2019 - 21:12:38: World triggered "Round_Start"
L 12/25/2019 - 21:13:00: "Maverick<4><STEAM_0:0:37264973><CT>" killed "jesse_pinkman<18><STEAM_1:0:1973059967><TERRORIST>" with "usp"
L 12/25/2019 - 21:13:19: "Viru<20><STEAM_1:0:1632616421><TERRORIST>" killed "xXMr.ONurXx_YT<19><STEAM_2:1:935252518><CT>" with "knife"
L 12/25/2019 - 21:13:52: "Viru<20><STEAM_1:0:1632616421><TERRORIST>" killed "pencho lydiq<21><STEAM_1:0:760868375><CT>" with "scout"
L 12/25/2019 - 21:14:23: [REUNION]: ko ti ne da ljubavi (46.40.40.106) authorized as RevEmu
L 12/25/2019 - 21:14:23: "ko ti ne da ljubavi<22><STEAM_2:0:2082303020><>" connected, address "46.40.40.106:27005"
L 12/25/2019 - 21:14:23: "Viru<20><STEAM_1:0:1632616421><TERRORIST>" killed "Maverick<4><STEAM_0:0:37264973><CT>" with "scout"
L 12/25/2019 - 21:14:23: Team "TERRORIST" triggered "Terrorists_Win" (CT "5") (T "8")
L 12/25/2019 - 21:14:23: World triggered "Round_End"
L 12/25/2019 - 21:14:29: World triggered "Round_Start"
L 12/25/2019 - 21:14:37: "ko ti ne da ljubavi<22><STEAM_2:0:2082303020><>" entered the game
L 12/25/2019 - 21:14:42: "ko ti ne da ljubavi<22><STEAM_2:0:2082303020><>" joined team "TERRORIST"
L 12/25/2019 - 21:14:42: "SoC Killerman<23><STEAM_0:0:753285><>" connected, address "174.138.195.116:27005"
L 12/25/2019 - 21:14:43: "SoC Killerman<23><STEAM_0:0:753285><>" STEAM USERID validated
L 12/25/2019 - 21:14:48: "xXMr.ONurXx_YT<19><STEAM_2:1:935252518><CT>" killed "jesse_pinkman<18><STEAM_1:0:1973059967><TERRORIST>" with "m4a1"
L 12/25/2019 - 21:14:48: "Viru<20><STEAM_1:0:1632616421><TERRORIST>" killed "Maverick<4><STEAM_0:0:37264973><CT>" with "knife"
L 12/25/2019 - 21:14:50: "xXMr.ONurXx_YT<19><STEAM_2:1:935252518><CT>" killed "ko ti ne da ljubavi<22><STEAM_2:0:2082303020><TERRORIST>" with "m4a1"
L 12/25/2019 - 21:15:01: "Viru<20><STEAM_1:0:1632616421><TERRORIST>" killed "pencho lydiq<21><STEAM_1:0:760868375><CT>" with "scout"
L 12/25/2019 - 21:15:25: "xXMr.ONurXx_YT<19><STEAM_2:1:935252518><CT>" committed suicide with "worldspawn" (world)
L 12/25/2019 - 21:15:25: Team "TERRORIST" triggered "Terrorists_Win" (CT "5") (T "9")
L 12/25/2019 - 21:15:25: World triggered "Round_End"
L 12/25/2019 - 21:15:30: "jesse_pinkman<18><STEAM_1:0:1973059967><TERRORIST>" joined team "CT"
L 12/25/2019 - 21:15:30: "<><><>" triggered "amx_chat" (text "[PTB] Transfered jesse_pinkman to CT")
L 12/25/2019 - 21:15:31: World triggered "Round_Start"
L 12/25/2019 - 21:15:36: "SoC Killerman<24><STEAM_0:0:753285><>" connected, address "174.138.195.116:27005"
L 12/25/2019 - 21:15:36: "SoC Killerman<24><STEAM_0:0:753285><>" STEAM USERID validated
L 12/25/2019 - 21:15:50: "xXMr.ONurXx_YT<19><STEAM_2:1:935252518><CT>" killed "ko ti ne da ljubavi<22><STEAM_2:0:2082303020><TERRORIST>" with "m4a1"
L 12/25/2019 - 21:15:51: "Viru<20><STEAM_1:0:1632616421><TERRORIST>" killed "Maverick<4><STEAM_0:0:37264973><CT>" with "scout"
L 12/25/2019 - 21:15:55: "ko ti ne da ljubavi<22><STEAM_2:0:2082303020><TERRORIST>" disconnected
L 12/25/2019 - 21:15:59: "Viru<20><STEAM_1:0:1632616421><TERRORIST>" killed "jesse_pinkman<18><STEAM_1:0:1973059967><CT>" with "scout"
L 12/25/2019 - 21:16:02: "Viru<20><STEAM_1:0:1632616421><TERRORIST>" killed "pencho lydiq<21><STEAM_1:0:760868375><CT>" with "scout"
L 12/25/2019 - 21:16:05: "SoC Killerman<24><STEAM_0:0:753285><>" entered the game
L 12/25/2019 - 21:16:11: "SoC Killerman<24><STEAM_0:0:753285><>" joined team "TERRORIST"
L 12/25/2019 - 21:16:25: "Viru<20><STEAM_1:0:1632616421><TERRORIST>" killed "xXMr.ONurXx_YT<19><STEAM_2:1:935252518><CT>" with "scout"
L 12/25/2019 - 21:16:25: Team "TERRORIST" triggered "Terrorists_Win" (CT "5") (T "10")
L 12/25/2019 - 21:16:25: World triggered "Round_End"
L 12/25/2019 - 21:16:31: World triggered "Round_Start"
L 12/25/2019 - 21:16:33: "SoC *My Anus Is Endless *<25><STEAM_0:0:13014189><>" connected, address "99.252.234.47:27005"
L 12/25/2019 - 21:16:34: "SoC *My Anus Is Endless *<25><STEAM_0:0:13014189><>" STEAM USERID validated
L 12/25/2019 - 21:16:46: "Viru<20><STEAM_1:0:1632616421><TERRORIST>" killed "xXMr.ONurXx_YT<19><STEAM_2:1:935252518><CT>" with "scout"
L 12/25/2019 - 21:17:00: "jesse_pinkman<18><STEAM_1:0:1973059967><CT>" committed suicide with "tracktrain"
L 12/25/2019 - 21:17:08: "SoC *My Anus Is Endless *<26><STEAM_0:0:13014189><>" connected, address "99.252.234.47:27005"
L 12/25/2019 - 21:17:09: "SoC *My Anus Is Endless *<26><STEAM_0:0:13014189><>" STEAM USERID validated
L 12/25/2019 - 21:17:09: "pencho lydiq<21><STEAM_1:0:760868375><CT>" killed "SoC Killerman<24><STEAM_0:0:753285><TERRORIST>" with "glock18"
L 12/25/2019 - 21:17:16: "SoC *My Anus Is Endless *<26><STEAM_0:0:13014189><>" entered the game
L 12/25/2019 - 21:17:20: "SoC *My Anus Is Endless *<26><STEAM_0:0:13014189><>" joined team "TERRORIST"
L 12/25/2019 - 21:17:23: "Viru<20><STEAM_1:0:1632616421><TERRORIST>" killed "Maverick<4><STEAM_0:0:37264973><CT>" with "scout"
L 12/25/2019 - 21:17:49: "Viru<20><STEAM_1:0:1632616421><TERRORIST>" killed "pencho lydiq<21><STEAM_1:0:760868375><CT>" with "scout"
L 12/25/2019 - 21:17:49: Team "TERRORIST" triggered "Terrorists_Win" (CT "5") (T "11")
L 12/25/2019 - 21:17:49: World triggered "Round_End"
L 12/25/2019 - 21:17:52: Server cvar "amx_nextmap" = "cs_militia"
L 12/25/201