L 12/24/2019 - 20:56:55: Log file started (file "logs/L1224101.log") (game "cstrike") (version "48/1.1.2.7/Stdio/1621")
L 12/24/2019 - 20:56:55: Loading map "awp_snowfun2"
L 12/24/2019 - 20:56:55: Server cvars start
L 12/24/2019 - 20:56:55: Server cvar "@BunnyHopper" = "3.x"
L 12/24/2019 - 20:56:55: Server cvar "@CRXGoSpec" = "1.1"
L 12/24/2019 - 20:56:55: Server cvar "@CRXRemoveImmunity" = "1.0"
L 12/24/2019 - 20:56:55: Server cvar "@D.I.C.E." = "1.1"
L 12/24/2019 - 20:56:55: Server cvar "@MOTDCommands" = "1.2"
L 12/24/2019 - 20:56:55: Server cvar "advanced_quake_sounds" = "5.0"
L 12/24/2019 - 20:56:55: Server cvar "AdvancedMute" = "1.0"
L 12/24/2019 - 20:56:55: Server cvar "aesp_version" = "1.3"
L 12/24/2019 - 20:56:55: Server cvar "allow_spectators" = "1.0"
L 12/24/2019 - 20:56:55: Server cvar "amx_client_languages" = "1"
L 12/24/2019 - 20:56:55: Server cvar "amx_language" = "en"
L 12/24/2019 - 20:56:55: Server cvar "amx_nextmap" = "awp_snowfun2"
L 12/24/2019 - 20:56:55: Server cvar "amx_ptb_version" = "1.8b3"
L 12/24/2019 - 20:56:55: Server cvar "amx_timeleft" = "15:58"
L 12/24/2019 - 20:56:55: Server cvar "amxmodx_version" = "1.8.2"
L 12/24/2019 - 20:56:55: Server cvar "amxxbg_vip" = "1.0"
L 12/24/2019 - 20:56:55: Server cvar "asp_version" = "4.5.1"
L 12/24/2019 - 20:56:55: Server cvar "atac_version" = "3.0.1"
L 12/24/2019 - 20:56:55: Server cvar "badcamper_version" = "1.4 beta"
L 12/24/2019 - 20:56:55: Server cvar "blockmaker" = "4.01"
L 12/24/2019 - 20:56:55: Server cvar "c4 timer" = "1.1"
L 12/24/2019 - 20:56:55: Server cvar "coop" = "0"
L 12/24/2019 - 20:56:55: Server cvar "CRXAdminGroups" = "1.0"
L 12/24/2019 - 20:56:55: Server cvar "CRXCommandRestrictions" = "1.0"
L 12/24/2019 - 20:56:55: Server cvar "CRXFastKnife" = "1.0"
L 12/24/2019 - 20:56:55: Server cvar "CRXGametracker" = "2.0"
L 12/24/2019 - 20:56:55: Server cvar "CRXKnifeModels" = "2.5.7"
L 12/24/2019 - 20:56:55: Server cvar "CRXTeamAdvantage" = "1.0"
L 12/24/2019 - 20:56:55: Server cvar "CustomShop" = "4.2"
L 12/24/2019 - 20:56:55: Server cvar "deathmatch" = "1"
L 12/24/2019 - 20:56:55: Server cvar "decalfrequency" = "0"
L 12/24/2019 - 20:56:55: Server cvar "edgefriction" = "2"
L 12/24/2019 - 20:56:55: Server cvar "ers_version" = "2.3c"
L 12/24/2019 - 20:56:55: Server cvar "gagsystem_shoko" = "1.0"
L 12/24/2019 - 20:56:55: Server cvar "gal_mapcyclefile" = "mapcycle.txt"
L 12/24/2019 - 20:56:55: Server cvar "gal_version" = "v5.9.1-926"
L 12/24/2019 - 20:56:55: Server cvar "game_version" = "5.7.0.313-dev"
L 12/24/2019 - 20:56:55: Server cvar "humans_join_team" = "any"
L 12/24/2019 - 20:56:55: Server cvar "jtp10181" = "chute,gore"
L 12/24/2019 - 20:56:55: Server cvar "lawliet" = "ny_RainingSnow"
L 12/24/2019 - 20:56:55: Server cvar "LetitSnow" = "1.0"
L 12/24/2019 - 20:56:55: Server cvar "map_spawns" = "T(16) CT(16)"
L 12/24/2019 - 20:56:55: Server cvar "max_queries_sec" = "3"
L 12/24/2019 - 20:56:55: Server cvar "max_queries_sec_global" = "150"
L 12/24/2019 - 20:56:55: Server cvar "max_queries_window" = "60"
L 12/24/2019 - 20:56:55: Server cvar "mdbBans" = "4.8"
L 12/24/2019 - 20:56:55: Server cvar "metamod_version" = "1.21p37"
L 12/24/2019 - 20:56:55: Server cvar "mp_autokick" = "0"
L 12/24/2019 - 20:56:55: Server cvar "mp_autokick_timeout" = "-1"
L 12/24/2019 - 20:56:55: Server cvar "mp_autoteambalance" = "0"
L 12/24/2019 - 20:56:55: Server cvar "mp_buytime" = "0.25"
L 12/24/2019 - 20:56:55: Server cvar "mp_c4timer" = "35"
L 12/24/2019 - 20:56:55: Server cvar "mp_chattime" = "10"
L 12/24/2019 - 20:56:55: Server cvar "mp_consistency" = "1"
L 12/24/2019 - 20:56:55: Server cvar "mp_fadetoblack" = "0"
L 12/24/2019 - 20:56:55: Server cvar "mp_flashlight" = "1"
L 12/24/2019 - 20:56:55: Server cvar "mp_footsteps" = "1"
L 12/24/2019 - 20:56:55: Server cvar "mp_forcecamera" = "0"
L 12/24/2019 - 20:56:55: Server cvar "mp_forcechasecam" = "0"
L 12/24/2019 - 20:56:55: Server cvar "mp_forcerespawn" = "0"
L 12/24/2019 - 20:56:55: Server cvar "mp_fraglimit" = "0"
L 12/24/2019 - 20:56:55: Server cvar "mp_fragsleft" = "0"
L 12/24/2019 - 20:56:55: Server cvar "mp_freeforall" = "0"
L 12/24/2019 - 20:56:55: Server cvar "mp_freezetime" = "1"
L 12/24/2019 - 20:56:55: Server cvar "mp_friendlyfire" = "0"
L 12/24/2019 - 20:56:55: Server cvar "mp_hostage_hurtable" = "1"
L 12/24/2019 - 20:56:55: Server cvar "mp_hostagepenalty" = "0"
L 12/24/2019 - 20:56:55: Server cvar "mp_item_staytime" = "300"
L 12/24/2019 - 20:56:55: Server cvar "mp_kickpercent" = "0.66"
L 12/24/2019 - 20:56:55: Server cvar "mp_legacy_bombtarget_touch" = "1"
L 12/24/2019 - 20:56:55: Server cvar "mp_limitteams" = "0"
L 12/24/2019 - 20:56:55: Server cvar "mp_logdetail" = "0"
L 12/24/2019 - 20:56:55: Server cvar "mp_logfile" = "1"
L 12/24/2019 - 20:56:55: Server cvar "mp_logmessages" = "1"
L 12/24/2019 - 20:56:55: Server cvar "mp_mapvoteratio" = "0.66"
L 12/24/2019 - 20:56:55: Server cvar "mp_maxmoney" = "999999"
L 12/24/2019 - 20:56:55: Server cvar "mp_maxrounds" = "0"
L 12/24/2019 - 20:56:55: Server cvar "mp_mirrordamage" = "0"
L 12/24/2019 - 20:56:55: Server cvar "mp_old_bomb_defused_sound" = "1"
L 12/24/2019 - 20:56:55: Server cvar "mp_playerid" = "0"
L 12/24/2019 - 20:56:55: Server cvar "mp_respawn_immunitytime" = "0"
L 12/24/2019 - 20:56:55: Server cvar "mp_round_infinite" = "0"
L 12/24/2019 - 20:56:55: Server cvar "mp_round_restart_delay" = "5"
L 12/24/2019 - 20:56:55: Server cvar "mp_roundover" = "0"
L 12/24/2019 - 20:56:55: Server cvar "mp_roundtime" = "2.3"
L 12/24/2019 - 20:56:55: Server cvar "mp_show_radioicon" = "1"
L 12/24/2019 - 20:56:55: Server cvar "mp_startmoney" = "850"
L 12/24/2019 - 20:56:55: Server cvar "mp_timeleft" = "15:58"
L 12/24/2019 - 20:56:55: Server cvar "mp_timelimit" = "20"
L 12/24/2019 - 20:56:55: Server cvar "mp_tkpunish" = "0"
L 12/24/2019 - 20:56:55: Server cvar "mp_windifference" = "1"
L 12/24/2019 - 20:56:55: Server cvar "mp_winlimit" = "0"
L 12/24/2019 - 20:56:55: Server cvar "NoWeaponsOnGround" = "1.0"
L 12/24/2019 - 20:56:55: Server cvar "pausable" = "0"
L 12/24/2019 - 20:56:55: Server cvar "present_version" = "2.01"
L 12/24/2019 - 20:56:55: Server cvar "RandomHP" = "2.2"
L 12/24/2019 - 20:56:55: Server cvar "reauthcheck_version" = "0.1.6"
L 12/24/2019 - 20:56:55: Server cvar "reconnect_features" = "0.3.1"
L 12/24/2019 - 20:56:55: Server cvar "report_system_version" = "3.1"
L 12/24/2019 - 20:56:55: Server cvar "resemiclip_version" = "2.3.9"
L 12/24/2019 - 20:56:55: Server cvar "reu_version" = "0.1.0.130"
L 12/24/2019 - 20:56:55: Server cvar "revoice_version" = "0.1.0.30"
L 12/24/2019 - 20:56:55: Server cvar "RRWM" = "2.0"
L 12/24/2019 - 20:56:55: Server cvar "sanksounds_version" = "1.8.6"
L 12/24/2019 - 20:56:55: Server cvar "SimpleMenu" = "1.1"
L 12/24/2019 - 20:56:55: Server cvar "SNAC_Version" = "1.1"
L 12/24/2019 - 20:56:55: Server cvar "SpecList" = "1.2a"
L 12/24/2019 - 20:56:55: Server cvar "sr_version" = "1.6"
L 12/24/2019 - 20:56:55: Server cvar "statsx_shell_ver" = "2.0.0 (BETA)"
L 12/24/2019 - 20:56:55: Server cvar "StyleC4Timer" = "2.1"
L 12/24/2019 - 20:56:55: Server cvar "sv_accelerate" = "5"
L 12/24/2019 - 20:56:55: Server cvar "sv_aim" = "1"
L 12/24/2019 - 20:56:55: Server cvar "sv_airaccelerate" = "100"
L 12/24/2019 - 20:56:55: Server cvar "sv_allowupload" = "1"
L 12/24/2019 - 20:56:55: Server cvar "sv_alltalk" = "1"
L 12/24/2019 - 20:56:55: Server cvar "sv_bounce" = "1"
L 12/24/2019 - 20:56:55: Server cvar "sv_cheats" = "0"
L 12/24/2019 - 20:56:55: Server cvar "sv_clienttrace" = "1"
L 12/24/2019 - 20:56:55: Server cvar "sv_contact" = "feruchio599@gmail.com"
L 12/24/2019 - 20:56:55: Server cvar "sv_friction" = "4"
L 12/24/2019 - 20:56:55: Server cvar "sv_gravity" = "800"
L 12/24/2019 - 20:56:55: Server cvar "sv_logblocks" = "0"
L 12/24/2019 - 20:56:55: Server cvar "sv_maxrate" = "50000"
L 12/24/2019 - 20:56:55: Server cvar "sv_maxspeed" = "900"
L 12/24/2019 - 20:56:55: Server cvar "sv_minrate" = "10000"
L 12/24/2019 - 20:56:55: Server cvar "sv_password" = ""
L 12/24/2019 - 20:56:55: Server cvar "sv_proxies" = "1"
L 12/24/2019 - 20:56:55: Server cvar "sv_restart" = "0"
L 12/24/2019 - 20:56:55: Server cvar "sv_restartround" = "0"
L 12/24/2019 - 20:56:55: Server cvar "sv_stepsize" = "18"
L 12/24/2019 - 20:56:55: Server cvar "sv_stopspeed" = "75"
L 12/24/2019 - 20:56:55: Server cvar "sv_uploadmax" = "0.5"
L 12/24/2019 - 20:56:55: Server cvar "sv_version" = "1.1.2.7/Stdio,48,1621"
L 12/24/2019 - 20:56:55: Server cvar "sv_voiceenable" = "1"
L 12/24/2019 - 20:56:55: Server cvar "sv_wateraccelerate" = "10"
L 12/24/2019 - 20:56:55: Server cvar "sv_waterfriction" = "1"
L 12/24/2019 - 20:56:55: Server cvar "Team_Semiclip_version" = "3.3.1"
L 12/24/2019 - 20:56:55: Server cvar "vehicle_real_killer" = "1.1"
L 12/24/2019 - 20:56:55: Server cvar "WalkGuard" = "1.3.2"
L 12/24/2019 - 20:56:55: Server cvar "we_grenades" = "Huehue"
L 12/24/2019 - 20:56:55: Server cvar "we_player_models" = "Huehue"
L 12/24/2019 - 20:56:55: Server cvar "whb_version" = "1.5.692"
L 12/24/2019 - 20:56:55: Server cvar "zp_jp_version" = "Extra Item Jetpack+Bazooka v3.2"
L 12/24/2019 - 20:56:55: Server cvars end
L 12/24/2019 - 20:56:57: Server cvar "mp_autoteambalance" = "1"
L 12/24/2019 - 20:56:58: Server cvar "mp_autoteambalance" = "0"
L 12/24/2019 - 20:56:58: Server cvar "amx_nextmap" = "[not yet voted on]"
L 12/24/2019 - 20:56:59: Started map "awp_snowfun2" (CRC "1799787328")
L 12/24/2019 - 20:57:01: World triggered "Round_Start"
L 12/24/2019 - 20:57:58: Server cvar "amx_nextmap" = "chopper_attack"
L 12/24/2019 - 20:58:07: "Maverick<1><STEAM_0:0:37264973><>" connected, address "79.134.63.56:27005"
L 12/24/2019 - 20:58:07: "Maverick<1><STEAM_0:0:37264973><>" STEAM USERID validated
L 12/24/2019 - 20:58:12: "Maverick<1><STEAM_0:0:37264973><>" entered the game
L 12/24/2019 - 20:58:15: "Maverick<1><STEAM_0:0:37264973><>" joined team "CT"
L 12/24/2019 - 20:59:19: Team "CT" triggered "Target_Saved" (CT "0") (T "0")
L 12/24/2019 - 20:59:19: World triggered "Round_End"
L 12/24/2019 - 20:59:25: World triggered "Round_Start"
L 12/24/2019 - 21:01:43: Team "CT" triggered "Target_Saved" (CT "0") (T "0")
L 12/24/2019 - 21:01:43: World triggered "Round_End"
L 12/24/2019 - 21:01:49: World triggered "Round_Start"
L 12/24/2019 - 21:04:07: Team "CT" triggered "Target_Saved" (CT "0") (T "0")
L 12/24/2019 - 21:04:07: World triggered "Round_End"
L 12/24/2019 - 21:04:13: World triggered "Round_Start"
L 12/24/2019 - 21:04:57: [REUNION]: Cilimov klan - Tepih (87.116.179.26) authorized as RevEmu
L 12/24/2019 - 21:04:57: "Cilimov klan - Tepih<2><STEAM_2:0:1194249546><>" connected, address "87.116.179.26:3201"
L 12/24/2019 - 21:05:09: "Cilimov klan - Tepih<2><STEAM_2:0:1194249546><>" entered the game
L 12/24/2019 - 21:05:12: "Cilimov klan - Tepih<2><STEAM_2:0:1194249546><>" joined team "TERRORIST"
L 12/24/2019 - 21:05:12: World triggered "Game_Commencing"
L 12/24/2019 - 21:05:12: World triggered "Game_Commencing" (CT "0") (T "0")
L 12/24/2019 - 21:05:12: World triggered "Round_End"
L 12/24/2019 - 21:05:13: Kick: "Cilimov klan - Tepih<2><STEAM_2:0:1194249546><>" was kicked by "Console" (message " "You are banned from this server... Unfair ban? Visit our forum awesomecs.syntrwave.com"")
L 12/24/2019 - 21:05:13: "Cilimov klan - Tepih<2><STEAM_2:0:1194249546><TERRORIST>" disconnected
L 12/24/2019 - 21:05:16: World triggered "Round_Start"
L 12/24/2019 - 21:06:43: [REUNION]: yeet_nigga (80.89.74.137) authorized as RevEmu
L 12/24/2019 - 21:06:43: "yeet_nigga<3><STEAM_2:1:418654493><>" connected, address "80.89.74.137:27005"
L 12/24/2019 - 21:07:01: "yeet_nigga<3><STEAM_2:1:418654493><>" entered the game
L 12/24/2019 - 21:07:12: "yeet_nigga<3><STEAM_2:1:418654493><>" joined team "TERRORIST"
L 12/24/2019 - 21:07:13: Team "CT" triggered "CTs_Win" (CT "1") (T "0")
L 12/24/2019 - 21:07:13: World triggered "Round_End"
L 12/24/2019 - 21:07:18: "yeet_nigga<3><STEAM_2:1:418654493><TERRORIST>" triggered "Spawned_With_The_Bomb"
L 12/24/2019 - 21:07:19: World triggered "Round_Start"
L 12/24/2019 - 21:08:17: "yeet_nigga<3><STEAM_2:1:418654493><TERRORIST>" committed suicide with "world"
L 12/24/2019 - 21:08:17: Team "CT" triggered "CTs_Win" (CT "2") (T "0")
L 12/24/2019 - 21:08:17: World triggered "Round_End"
L 12/24/2019 - 21:08:22: "yeet_nigga<3><STEAM_2:1:418654493><TERRORIST>" triggered "Spawned_With_The_Bomb"
L 12/24/2019 - 21:08:23: World triggered "Round_Start"
L 12/24/2019 - 21:09:04: "Maverick<1><STEAM_0:0:37264973><CT>" killed "yeet_nigga<3><STEAM_2:1:418654493><TERRORIST>" with "usp"
L 12/24/2019 - 21:09:04: Team "CT" triggered "CTs_Win" (CT "3") (T "0")
L 12/24/2019 - 21:09:04: World triggered "Round_End"
L 12/24/2019 - 21:09:09: "yeet_nigga<3><STEAM_2:1:418654493><TERRORIST>" triggered "Spawned_With_The_Bomb"
L 12/24/2019 - 21:09:10: World triggered "Round_Start"
L 12/24/2019 - 21:09:39: "Maverick<1><STEAM_0:0:37264973><CT>" killed "yeet_nigga<3><STEAM_2:1:418654493><TERRORIST>" with "usp"
L 12/24/2019 - 21:09:39: Team "CT" triggered "CTs_Win" (CT "4") (T "0")
L 12/24/2019 - 21:09:39: World triggered "Round_End"
L 12/24/2019 - 21:09:44: "yeet_nigga<3><STEAM_2:1:418654493><TERRORIST>" triggered "Spawned_With_The_Bomb"
L 12/24/2019 - 21:09:45: World triggered "Round_Start"
L 12/24/2019 - 21:09:54: [REUNION]: xXMr.ONurXx_YT (79.132.23.31) authorized as RevEmu
L 12/24/2019 - 21:09:54: "xXMr.ONurXx_YT<4><STEAM_2:1:935252518><>" connected, address "79.132.23.31:27005"
L 12/24/2019 - 21:10:09: "Maverick<1><STEAM_0:0:37264973><CT>" killed "yeet_nigga<3><STEAM_2:1:418654493><TERRORIST>" with "xm1014"
L 12/24/2019 - 21:10:09: Team "CT" triggered "CTs_Win" (CT "5") (T "0")
L 12/24/2019 - 21:10:09: World triggered "Round_End"
L 12/24/2019 - 21:10:14: "yeet_nigga<3><STEAM_2:1:418654493><TERRORIST>" triggered "Spawned_With_The_Bomb"
L 12/24/2019 - 21:10:15: World triggered "Round_Start"
L 12/24/2019 - 21:10:25: "xXMr.ONurXx_YT<4><STEAM_2:1:935252518><>" entered the game
L 12/24/2019 - 21:10:51: "xXMr.ONurXx_YT<4><STEAM_2:1:935252518><>" joined team "TERRORIST"
L 12/24/2019 - 21:10:52: "Maverick<1><STEAM_0:0:37264973><CT>" killed "yeet_nigga<3><STEAM_2:1:418654493><TERRORIST>" with "usp"
L 12/24/2019 - 21:10:52: Team "CT" triggered "CTs_Win" (CT "6") (T "0")
L 12/24/2019 - 21:10:52: World triggered "Round_End"
L 12/24/2019 - 21:10:57: "xXMr.ONurXx_YT<4><STEAM_2:1:935252518><TERRORIST>" triggered "Spawned_With_The_Bomb"
L 12/24/2019 - 21:10:58: World triggered "Round_Start"
L 12/24/2019 - 21:11:35: "xXMr.ONurXx_YT<4><STEAM_2:1:935252518><TERRORIST>" killed "Maverick<1><STEAM_0:0:37264973><CT>" with "deagle"
L 12/24/2019 - 21:11:35: Team "TERRORIST" triggered "Terrorists_Win" (CT "6") (T "1")
L 12/24/2019 - 21:11:35: World triggered "Round_End"
L 12/24/2019 - 21:11:40: "yeet_nigga<3><STEAM_2:1:418654493><TERRORIST>" triggered "Spawned_With_The_Bomb"
L 12/24/2019 - 21:11:41: World triggered "Round_Start"
L 12/24/2019 - 21:11:58: "xXMr.ONurXx_YT<4><STEAM_2:1:935252518><TERRORIST>" killed "Maverick<1><STEAM_0:0:37264973><CT>" with "deagle"
L 12/24/2019 - 21:11:58: Team "TERRORIST" triggered "Terrorists_Win" (CT "6") (T "2")
L 12/24/2019 - 21:11:58: World triggered "Round_End"
L 12/24/2019 - 21:12:03: "xXMr.ONurXx_YT<4><STEAM_2:1:935252518><TERRORIST>" triggered "Spawned_With_The_Bomb"
L 12/24/2019 - 21:12:04: World triggered "Round_Start"
L 12/24/2019 - 21:12:25: "xXMr.ONurXx_YT<4><STEAM_2:1:935252518><TERRORIST>" killed "Maverick<1><STEAM_0:0:37264973><CT>" with "deagle"
L 12/24/2019 - 21:12:25: Team "TERRORIST" triggered "Terrorists_Win" (CT "6") (T "3")
L 12/24/2019 - 21:12:25: World triggered "Round_End"
L 12/24/2019 - 21:12:30: "yeet_nigga<3><STEAM_2:1:418654493><TERRORIST>" triggered "Spawned_With_The_Bomb"
L 12/24/2019 - 21:12:31: World triggered "Round_Start"
L 12/24/2019 - 21:12:49: "yeet_nigga<3><STEAM_2:1:418654493><TERRORIST>" killed "Maverick<1><STEAM_0:0:37264973><CT>" with "galil"
L 12/24/2019 - 21:12:49: Team "TERRORIST" triggered "Terrorists_Win" (CT "6") (T "4")
L 12/24/2019 - 21:12:49: World triggered "Round_End"
L 12/24/2019 - 21:12:54: "xXMr.ONurXx_YT<4><STEAM_2:1:935252518><TERRORIST>" triggered "Spawned_With_The_Bomb"
L 12/24/2019 - 21:12:55: World triggered "Round_Start"
L 12/24/2019 - 21:13:12: "Maverick<1><STEAM_0:0:37264973><CT>" killed "yeet_nigga<3><STEAM_2:1:418654493><TERRORIST>" with "knife"
L 12/24/2019 - 21:13:17: "xXMr.ONurXx_YT<4><STEAM_2:1:935252518><TERRORIST>" killed "Maverick<1><STEAM_0:0:37264973><CT>" with "knife"
L 12/24/2019 - 21:13:17: Team "TERRORIST" triggered "Terrorists_Win" (CT "6") (T "5")
L 12/24/2019 - 21:13:17: World triggered "Round_End"
L 12/24/2019 - 21:13:22: "yeet_nigga<3><STEAM_2:1:418654493><TERRORIST>" triggered "Spawned_With_The_Bomb"
L 12/24/2019 - 21:13:23: World triggered "Round_Start"
L 12/24/2019 - 21:13:38: "xXMr.ONurXx_YT<4><STEAM_2:1:935252518><TERRORIST>" killed "Maverick<1><STEAM_0:0:37264973><CT>" with "deagle"
L 12/24/2019 - 21:13:38: Team "TERRORIST" triggered "Terrorists_Win" (CT "6") (T "6")
L 12/24/2019 - 21:13:38: World triggered "Round_End"
L 12/24/2019 - 21:13:43: "xXMr.ONurXx_YT<4><STEAM_2:1:935252518><TERRORIST>" triggered "Spawned_With_The_Bomb"
L 12/24/2019 - 21:13:44: World triggered "Round_Start"
L 12/24/2019 - 21:13:56: "Saad<5><STEAM_0:1:113405507><>" connected, address "168.211.37.93:27005"
L 12/24/2019 - 21:13:56: "Saad<5><STEAM_0:1:113405507><>" STEAM USERID validated
L 12/24/2019 - 21:14:12: "Saad<5><STEAM_0:1:113405507><>" entered the game
L 12/24/2019 - 21:14:13: "Maverick<1><STEAM_0:0:37264973><CT>" killed "yeet_nigga<3><STEAM_2:1:418654493><TERRORIST>" with "usp"
L 12/24/2019 - 21:14:15: "Saad<5><STEAM_0:1:113405507><>" joined team "CT"
L 12/24/2019 - 21:14:15: "Maverick<1><STEAM_0:0:37264973><CT>" killed "xXMr.ONurXx_YT<4><STEAM_2:1:935252518><TERRORIST>" with "knife"
L 12/24/2019 - 21:14:15: Team "CT" triggered "CTs_Win" (CT "7") (T "6")
L 12/24/2019 - 21:14:15: World triggered "Round_End"
L 12/24/2019 - 21:14:20: "yeet_nigga<3><STEAM_2:1:418654493><TERRORIST>" joined team "CT"
L 12/24/2019 - 21:14:20: "<><><>" triggered "amx_chat" (text "[PTB] Transfered yeet_nigga to CT")
L 12/24/2019 - 21:14:20: "xXMr.ONurXx_YT<4><STEAM_2:1:935252518><TERRORIST>" triggered "Spawned_With_The_Bomb"
L 12/24/2019 - 21:14:21: World triggered "Round_Start"
L 12/24/2019 - 21:14:45: "Maverick<1><STEAM_0:0:37264973><CT>" killed "xXMr.ONurXx_YT<4><STEAM_2:1:935252518><TERRORIST>" with "usp"
L 12/24/2019 - 21:14:45: Team "CT" triggered "CTs_Win" (CT "8") (T "6")
L 12/24/2019 - 21:14:45: World triggered "Round_End"
L 12/24/2019 - 21:14:50: "xXMr.ONurXx_YT<4><STEAM_2:1:935252518><TERRORIST>" triggered "Spawned_With_The_Bomb"
L 12/24/2019 - 21:14:51: World triggered "Round_Start"
L 12/24/2019 - 21:15:12: "Maverick<1><STEAM_0:0:37264973><CT>" killed "xXMr.ONurXx_YT<4><STEAM_2:1:935252518><TERRORIST>" with "usp"
L 12/24/2019 - 21:15:12: Team "CT" triggered "CTs_Win" (CT "9") (T "6")
L 12/24/2019 - 21:15:12: World triggered "Round_End"
L 12/24/2019 - 21:15:16: "Maverick<1><STEAM_0:0:37264973><CT>" joined team "TERRORIST"
L 12/24/2019 - 21:15:16: "<><><>" triggered "amx_chat" (text "[PTB] Transfered Maverick to TERRORIST")
L 12/24/2019 - 21:15:17: "xXMr.ONurXx_YT<4><STEAM_2:1:935252518><TERRORIST>" triggered "Spawned_With_The_Bomb"
L 12/24/2019 - 21:15:18: World triggered "Round_Start"
L 12/24/2019 - 21:15:29: "yeet_nigga<3><STEAM_2:1:418654493><CT>" committed suicide with "worldspawn" (world)
L 12/24/2019 - 21:15:31: "Saad<5><STEAM_0:1:113405507><CT>" killed "Maverick<1><STEAM_0:0:37264973><TERRORIST>" with "m4a1"
L 12/24/2019 - 21:16:14: "xXMr.ONurXx_YT<4><STEAM_2:1:935252518><TERRORIST>" killed "Saad<5><STEAM_0:1:113405507><CT>" with "knife"
L 12/24/2019 - 21:16:14: Team "TERRORIST" triggered "Terrorists_Win" (CT "9") (T "7")
L 12/24/2019 - 21:16:14: World triggered "Round_End"
L 12/24/2019 - 21:16:19: "Maverick<1><STEAM_0:0:37264973><TERRORIST>" triggered "Spawned_With_The_Bomb"
L 12/24/2019 - 21:16:20: World triggered "Round_Start"
L 12/24/2019 - 21:16:31: "xXMr.ONurXx_YT<4><STEAM_2:1:935252518><TERRORIST>" killed "yeet_nigga<3><STEAM_2:1:418654493><CT>" with "ak47"
L 12/24/2019 - 21:16:33: "Saad<5><STEAM_0:1:113405507><CT>" killed "xXMr.ONurXx_YT<4><STEAM_2:1:935252518><TERRORIST>" with "m4a1"
L 12/24/2019 - 21:16:41: "Saad<5><STEAM_0:1:113405507><CT>" killed "Maverick<1><STEAM_0:0:37264973><TERRORIST>" with "m4a1"
L 12/24/2019 - 21:16:41: Team "CT" triggered "CTs_Win" (CT "10") (T "7")
L 12/24/2019 - 21:16:41: World triggered "Round_End"
L 12/24/2019 - 21:16:46: "xXMr.ONurXx_YT<4><STEAM_2:1:935252518><TERRORIST>" triggered "Spawned_With_The_Bomb"
L 12/24/2019 - 21:16:47: World triggered "Round_Start"
L 12/24/2019 - 21:16:56: "xXMr.ONurXx_YT<4><STEAM_2:1:935252518><TERRORIST>" killed "Saad<5><STEAM_0:1:113405507><CT>" with "ak47"
L 12/24/2019 - 21:17:02: "xXMr.ONurXx_YT<4><STEAM_2:1:935252518><TERRORIST>" killed "yeet_nigga<3><STEAM_2:1:418654493><CT>" with "ak47"
L 12/24/2019 - 21:17:02: Team "TERRORIST" triggered "Terrorists_Win" (CT "10") (T "8")
L 12/24/2019 - 21:17:02: World triggered "Round_End"
L 12/24/2019 - 21:17:07: "Maverick<1><STEAM_0:0:37264973><TERRORIST>" triggered "Spawned_With_The_Bomb"
L 12/24/2019 - 21:17:08: World triggered "Round_Start"
L 12/24/2019 - 21:17:17: "xXMr.ONurXx_YT<4><STEAM_2:1:935252518><TERRORIST>" killed "yeet_nigga<3><STEAM_2:1:418654493><CT>" with "knife"
L 12/24/2019 - 21:17:20: "xXMr.ONurXx_YT<4><STEAM_2:1:935252518><TERRORIST>" killed "Saad<5><STEAM_0:1:113405507><CT>" with "ak47"
L 12/24/2019 - 21:17:20: Team "TERRORIST" triggered "Terrorists_Win" (CT "10") (T "9")
L 12/24/2019 - 21:17:20: World triggered "Round_End"
L 12/24/2019 - 21:17:25: "Maverick<1><STEAM_0:0:37264973><TERRORIST>" joined team "CT"
L 12/24/2019 - 21:17:25: "<><><>" triggered "amx_chat" (text "[PTB] Transfered Maverick to CT")
L 12/24/2019 - 21:17:25: "xXMr.ONurXx_YT<4><STEAM_2:1:935252518><TERRORIST>" triggered "Spawned_With_The_Bomb"
L 12/24/2019 - 21:17:26: World triggered "Round_Start"
L 12/24/2019 - 21:17:40: "xXMr.ONurXx_YT<4><STEAM_2:1:935252518><TERRORIST>" killed "yeet_nigga<3><STEAM_2:1:418654493><CT>" with "knife"
L 12/24/2019 - 21:17:44: "Maverick<1><STEAM_0:0:37264973><CT>" killed "xXMr.ONurXx_YT<4><STEAM_2:1:935252518><TERRORIST>" with "knife"
L 12/24/2019 - 21:17:44: Team "CT" triggered "CTs_Win" (CT "11") (T "9")
L 12/24/2019 - 21:17:44: World triggered "Round_End"
L 12/24/2019 - 21:17:49: "Saad<5><STEAM_0:1:113405507><CT>" joined team "TERRORIST"
L 12/24/2019 - 21:17:49: "<><><>" triggered "amx_chat" (text "[PTB] Transfered Saad to TERRORIST")
L 12/24/2019 - 21:17:49: "Saad<5><STEAM_0:1:113405507><TERRORIST>" triggered "Spawned_With_The_Bomb"
L 12/24/2019 - 21:17:50: World triggered "Round_Start"
L 12/24/2019 - 21:18:16: "yeet_nigga<3><STEAM_2:1:418654493><CT>" killed "Saad<5><STEAM_0:1:113405507><TERRORIST>" with "famas"
L 12/24/2019 - 21:18:16: "Saad<5><STEAM_0:1:113405507><TERRORIST>" triggered "Dropped_The_Bomb"
L 12/24/2019 - 21:18:37: "yeet_nigga<3><STEAM_2:1:418654493><CT>" committed suicide with "worldspawn" (world)
L 12/24/2019 - 21:18:52: "Maverick<1><STEAM_0:0:37264973><CT>" killed "xXMr.ONurXx_YT<4><STEAM_2:1:935252518><TERRORIST>" with "glock18"
L 12/24/2019 - 21:18:52: Team "CT" triggered "CTs_Win" (CT "12") (T "9")
L 12/24/2019 - 21:18:52: World triggered "Round_End"
L 12/24/2019 - 21:18:57: "xXMr.ONurXx_YT<4><STEAM_2:1:935252518><TERRORIST>" triggered "Spawned_With_The_Bomb"
L 12/24/2019 - 21:18:58: World triggered "Round_Start"
L 12/24/2019 - 21:19:14: "Saad<5><STEAM_0:1:113405507><TERRORIST>" killed "yeet_nigga<3><STEAM_2:1:418654493><CT>" with "grenade"
L 12/24/2019 - 21:19:16: "xXMr.ONurXx_YT<4><STEAM_2:1:935252518><TERRORIST>" triggered "Dropped_The_Bomb"
L 12/24/2019 - 21:19:16: "Saad<5><STEAM_0:1:113405507><TERRORIST>" triggered "Got_The_Bomb"
L 12/24/2019 - 21:19:31: "Saad<5><STEAM_0:1:113405507><TERRORIST>" killed "Maverick<1><STEAM_0:0:37264973><CT>" with "glock18"
L 12/24/2019 - 21:19:31: Team "TERRORIST" triggered "Terrorists_Win" (CT "12") (T "10")
L 12/24/2019 - 21:19:31: World triggered "Round_End"
L 12/24/2019 - 21:19:36: "Saad<5><STEAM_0:1:113405507><TERRORIST>" triggered "Spawned_With_The_Bomb"
L 12/24/2019 - 21:19:37: World triggered "Round_Start"
L 12/24/2019 - 21:20:09: "Saad<5><STEAM_0:1:113405507><TERRORIST>" killed "yeet_nigga<3><STEAM_2:1:418654493><CT>" with "glock18"
L 12/24/2019 - 21:20:15: "Saad<5><STEAM_0:1:113405507><TERRORIST>" triggered "Dropped_The_Bomb"
L 12/24/2019 - 21:20:15: "xXMr.ONurXx_YT<4><STEAM_2:1:935252518><TERRORIST>" triggered "Got_The_Bomb"
L 12/24/2019 - 21:20:33: "xXMr.ONurXx_YT<4><STEAM_2:1:935252518><TERRORIST>" triggered "Planted_The_Bomb"
L 12/24/2019 - 21:20:59: "Maverick<1><STEAM_0:0:37264973><CT>" killed "Saad<5><STEAM_0:1:113405507><TERRORIST>" with "usp"
L 12/24/2019 - 21:21:02: "Maverick<1><STEAM_0:0:37264973><CT>" killed "xXMr.ONurXx_YT<4><STEAM_2:1:935252518><TERRORIST>" with "usp"
L 12/24/2019 - 21:21:08: Team "TERRORIST" triggered "Target_Bombed" (CT "12") (T "11")
L 12/24/2019 - 21:21:08: World triggered "Round_End"
L 12/24/2019 - 21:21:13: "xXMr.ONurXx_YT<4><STEAM_2:1:935252518><TERRORIST>" triggered "Spawned_With_The_Bomb"
L 12/24/2019 - 21:21:14: World triggered "Round_Start"
L 12/24/2019 - 21:21:21: "xXMr.ONurXx_YT<4><STEAM_2:1:935252518><TERRORIST>" triggered "Dropped_The_Bomb"
L 12/24/2019 - 21:21:21: "Saad<5><STEAM_0:1:113405507><TERRORIST>" triggered "Got_The_Bomb"
L 12/24/2019 - 21:21:24: "yeet_nigga<3><STEAM_2:1:418654493><CT>" killed "Saad<5><STEAM_0:1:113405507><TERRORIST>" with "xm1014"
L 12/24/2019 - 21:21:24: "Saad<5><STEAM_0:1:113405507><TERRORIST>" triggered "Dropped_The_Bomb"
L 12/24/2019 - 21:21:45: "xXMr.ONurXx_YT<4><STEAM_2:1:935252518><TERRORIST>" killed "Maverick<1><STEAM_0:0:37264973><CT>" with "ak47"
L 12/24/2019 - 21:22:11: "yeet_nigga<3><STEAM_2:1:418654493><CT>" killed "xXMr.ONurXx_YT<4><STEAM_2:1:935252518><TERRORIST>" with "xm1014"
L 12/24/2019 - 21:22:11: Team "CT" triggered "CTs_Win" (CT "13") (T "11")
L 12/24/2019 - 21:22:11: World triggered "Round_End"
L 12/24/2019 - 21:22:16: "Saad<5><STEAM_0:1:113405507><TERRORIST>" triggered "Spawned_With_The_Bomb"
L 12/24/2019 - 21:22:17: World triggered "Round_Start"
L 12/24/2019 - 21:22:24: "ＴＲＡＳＨ 新 ドラゴ<6><STEAM_0:1:435231343><>" connected, address "77.85.167.11:27005"
L 12/24/2019 - 21:22:24: "ＴＲＡＳＨ 新 ドラゴ<6><STEAM_0:1:435231343><>" STEAM USERID validated
L 12/24/2019 - 21:22:35: "ＴＲＡＳＨ 新 ドラゴ<6><STEAM_0:1:435231343><>" entered the game
L 12/24/2019 - 21:22:40: "ＴＲＡＳＨ 新 ドラゴ<6><STEAM_0:1:435231343><>" joined team "CT"
L 12/24/2019 - 21:22:41: "Saad<5><STEAM_0:1:113405507><TERRORIST>" triggered "Dropped_The_Bomb"
L 12/24/2019 - 21:22:41: "xXMr.ONurXx_YT<4><STEAM_2:1:935252518><TERRORIST>" triggered "Got_The_Bomb"
L 12/24/2019 - 21:23:20: "Saad<5><STEAM_0:1:113405507><TERRORIST>" committed suicide with "world"
L 12/24/2019 - 21:24:02: "Levski i tesni ;3<7><STEAM_0:1:91836881><>" connected, address "178.75.231.230:27005"
L 12/24/2019 - 21:24:02: "Levski i tesni ;3<7><STEAM_0:1:91836881><>" STEAM USERID validated
L 12/24/2019 - 21:24:05: "yeet_nigga<3><STEAM_2:1:418654493><CT>" killed "xXMr.ONurXx_YT<4><STEAM_2:1:935252518><TERRORIST>" with "xm1014"
L 12/24/2019 - 21:24:05: Team "CT" triggered "CTs_Win" (CT "14") (T "11")
L 12/24/2019 - 21:24:05: World triggered "Round_End"
L 12/24/2019 - 21:24:10: "xXMr.ONurXx_YT<4><STEAM_2:1:935252518><TERRORIST>" triggered "Spawned_With_The_Bomb"
L 12/24/2019 - 21:24:10: "Levski i tesni ;3<7><STEAM_0:1:91836881><>" entered the game
L 12/24/2019 - 21:24:11: World triggered "Round_Start"
L 12/24/2019 - 21:24:14: "Levski i tesni ;3<7><STEAM_0:1:91836881><>" joined team "TERRORIST"
L 12/24/2019 - 21:24:14: "Saad<5><STEAM_0:1:113405507><TERRORIST>" triggered "Spawned_With_The_Bomb"
L 12/24/2019 - 21:24:16: "Saad<5><STEAM_0:1:113405507><TERRORIST>" triggered "Dropped_The_Bomb"
L 12/24/2019 - 21:24:16: "Levski i tesni ;3<7><STEAM_0:1:91836881><TERRORIST>" triggered "Got_The_Bomb"
L 12/24/2019 - 21:24:38: "ＴＲＡＳＨ 新 ドラゴ<6><STEAM_0:1:435231343><CT>" killed "Levski i tesni ;3<7><STEAM_0:1:91836881><TERRORIST>" with "tmp"
L 12/24/2019 - 21:24:48: "ＴＲＡＳＨ 新 ドラゴ<6><STEAM_0:1:435231343><CT>" killed "Saad<5><STEAM_0:1:113405507><TERRORIST>" with "tmp"
L 12/24/2019 - 21:24:48: "Levski i tesni ;3<7><STEAM_0:1:91836881><TERRORIST>" disconnected
L 12/24/2019 - 21:24:58: Server cvar "mp_timelimit" = "0.000000"
L 12/24/2019 - 21:25:03: "Levski i tesni ;3<8><STEAM_0:1:91836881><>" connected, address "178.75.231.230:27005"
L 12/24/2019 - 21:25:03: "Levski i tesni ;3<8><STEAM_0:1:91836881><>" STEAM USERID validated
L 12/24/2019 - 21:25:06: "Levski i tesni ;3<8><STEAM_0:1:91836881><>" entered the game
L 12/24/2019 - 21:25:06: "yeet_nigga<3><STEAM_2:1:418654493><CT>" committed suicide with "world"
L 12/24/2019 - 21:25:06: "yeet_nigga<3><STEAM_2:1:418654493><CT>" joined team "SPECTATOR"
L 12/24/2019 - 21:25:07: "ＴＲＡＳＨ 新 ドラゴ<6><STEAM_0:1:435231343><CT>" killed "xXMr.ONurXx_YT<4><STEAM_2:1:935252518><TERRORIST>" with "knife"
L 12/24/2019 - 21:25:07: Team "CT" triggered "CTs_Win" (CT "15") (T "11")
L 12/24/2019 - 21:25:07: World triggered "Round_End"
L 12/24/2019 - 21:25:09: "Levski i tesni ;3<8><STEAM_0:1:91836881><>" joined team "TERRORIST"
L 12/24/2019 - 21:25:12: "Levski i tesni ;3<8><STEAM_0:1:91836881><TERRORIST>" triggered "Spawned_With_The_Bomb"
L 12/24/2019 - 21:25:13: World triggered "Round_Start"
L 12/24/2019 - 21:25:13: Server cvar "sv_maxspeed" = "0.000000"
L 12/24/2019 - 21:25:13: Server cvar "mp_friendlyfire" = "1"
L 12/24/2019 - 21:25:21: "Maverick<1><STEAM_0:0:37264973><CT>" committed suicide with "grenade"
L 12/24/2019 - 21:25:24: Server cvar "sv_maxspeed" = "900.000000"
L 12/24/2019 - 21:25:24: Server cvar "mp_friendlyfire" = "0"
L 12/24/2019 - 21:25:24: Server cvar "mp_timelimit" = "20.000000"
L 12/24/2019 - 21:25:24: [META] ini: Begin re-reading plugins list: /home/rented/public9/cstrike/addons/metamod/plugins.ini
L 12/24/2019 - 21:25:24: [META] ini: Read plugin config for: SafeNameAndChat
L 12/24/2019 - 21:25:24: [META] ini: Read plugin config for: AMX Mod X
L 12/24/2019 - 21:25:24: [META] ini: Read plugin config for: Reunion
L 12/24/2019 - 21:25:24: [META] ini: Read plugin config for: ReAuthCheck
L 12/24/2019 - 21:25:24: [META] ini: Read plugin config for: WHBlocker
L 12/24/2019 - 21:25:24: [META] ini: Read plugin config for: ReSemiclip
L 12/24/2019 - 21:25:24: [META] ini: Read plugin config for: Revoice
L 12/24/2019 - 21:25:24: [META] ini: Finished reading plugins list: /home/rented/public9/cstrike/addons/metamod/plugins.ini; Found 7 plugins
L 12/24/2019 - 21:25:24: [META] dll: Updating plugins...
L 12/24/2019 - 21:25:24: [META] WARNING: Cannot clear plugin 'SafeNameAndChat'; not marked as failed, empty, or open (status=valid)
L 12/24/2019 - 21:25:24: [META] dll: Unloaded plugin 'SafeNameAndChat' for reason 'file on disk is newer'
L 12/24/2019 - 21:25:24: [META] dll: Loaded plugin 'SafeNameAndChat': SafeNameAndChat v1.1 2017.02.01, WPMG.PRoSToC0der
L 12/24/2019 - 21:25:24: [META] WARNING: Cannot clear plugin 'WHBlocker'; not marked as failed, empty, or open (status=valid)
L 12/24/2019 - 21:25:24: [META] dll: Unloaded plugin 'WHBlocker' for reason 'file on disk is newer'
L 12/24/2019 - 21:25:24: [META] dll: Loaded plugin 'WHBlocker': WHBlocker v1.5.692 2017-04-13, s1lent
L 12/24/2019 - 21:25:24: [META] WARNING: Cannot clear plugin 'ReSemiclip'; not marked as failed, empty, or open (status=valid)
L 12/24/2019 - 21:25:24: [META] dll: Unloaded plugin 'ReSemiclip' for reason 'file on disk is newer'
L 12/24/2019 - 21:25:24: [META] dll: Loaded plugin 'ReSemiclip': ReSemiclip v2.3.9 13/02/17, s1lent & Adidasman
L 12/24/2019 - 21:25:24: [META] dll: Finished updating 14 plugins; kept 0, loaded 0, unloaded 0, reloaded 3, delayed 0
L 12/24/2019 - 21:25:24: "Maverick<1><STEAM_0:0:37264973><CT>" disconnected
L 12/24/2019 - 21:25:24: "yeet_nigga<3><STEAM_2:1:418654493><SPECTATOR>" disconnected
L 12/24/2019 - 21:25:24: "xXMr.ONurXx_YT<4><STEAM_2:1:935252518><TERRORIST>" disconnected
L 12/24/2019 - 21:25:24: "Saad<5><STEAM_0:1:113405507><TERRORIST>" disconnected
L 12/24/2019 - 21:25:24: "ＴＲＡＳＨ 新 ドラゴ<6><STEAM_0:1:435231343><CT>" disconnected
L 12/24/2019 - 21:25:24: "Levski i tesni ;3<8><STEAM_0:1:91836881><TERRORIST>" disconnected
L 12/24/2019 - 21:25:24: World triggered "Round_Draw" (CT "15") (T "11")
L 12/24/2019 - 21:25:24: World triggered "Round_End"
L 12/24/2019 - 21:25:24: Log file closed
