L 12/31/2019 - 17:57:18: Log file started (file "logs/L1231057.log") (game "cstrike") (version "48/1.1.2.7/Stdio/1621")
L 12/31/2019 - 17:57:18: Loading map "nojarq_fun_zone"
L 12/31/2019 - 17:57:18: Server cvars start
L 12/31/2019 - 17:57:18: Server cvar "@BunnyHopper" = "3.x"
L 12/31/2019 - 17:57:18: Server cvar "@CRXGoSpec" = "1.1"
L 12/31/2019 - 17:57:18: Server cvar "@CRXRemoveImmunity" = "1.0"
L 12/31/2019 - 17:57:18: Server cvar "@D.I.C.E." = "1.1"
L 12/31/2019 - 17:57:18: Server cvar "@MOTDCommands" = "1.2"
L 12/31/2019 - 17:57:18: Server cvar "advanced_quake_sounds" = "5.0"
L 12/31/2019 - 17:57:18: Server cvar "AdvancedMute" = "1.0"
L 12/31/2019 - 17:57:18: Server cvar "aesp_version" = "1.3"
L 12/31/2019 - 17:57:18: Server cvar "allow_spectators" = "1.0"
L 12/31/2019 - 17:57:18: Server cvar "amx_client_languages" = "1"
L 12/31/2019 - 17:57:18: Server cvar "amx_language" = "en"
L 12/31/2019 - 17:57:18: Server cvar "amx_nextmap" = "nojarq_fun_zone"
L 12/31/2019 - 17:57:18: Server cvar "amx_ptb_version" = "1.8b3"
L 12/31/2019 - 17:57:18: Server cvar "amx_timeleft" = "06:14"
L 12/31/2019 - 17:57:18: Server cvar "amxmodx_version" = "1.8.2"
L 12/31/2019 - 17:57:18: Server cvar "amxxbg_vip" = "1.0"
L 12/31/2019 - 17:57:18: Server cvar "asp_version" = "4.5.1"
L 12/31/2019 - 17:57:18: Server cvar "atac_version" = "3.0.1"
L 12/31/2019 - 17:57:18: Server cvar "badcamper_version" = "1.4 beta"
L 12/31/2019 - 17:57:18: Server cvar "blockmaker" = "4.01"
L 12/31/2019 - 17:57:18: Server cvar "c4 timer" = "1.1"
L 12/31/2019 - 17:57:18: Server cvar "coop" = "0"
L 12/31/2019 - 17:57:18: Server cvar "CRXAdminGroups" = "1.0"
L 12/31/2019 - 17:57:18: Server cvar "CRXCommandRestrictions" = "1.0"
L 12/31/2019 - 17:57:18: Server cvar "CRXFastKnife" = "1.0"
L 12/31/2019 - 17:57:18: Server cvar "CRXGametracker" = "2.0"
L 12/31/2019 - 17:57:18: Server cvar "CRXKnifeModels" = "2.5.7"
L 12/31/2019 - 17:57:18: Server cvar "CRXTeamAdvantage" = "1.0"
L 12/31/2019 - 17:57:18: Server cvar "CustomShop" = "4.2"
L 12/31/2019 - 17:57:18: Server cvar "deathmatch" = "1"
L 12/31/2019 - 17:57:18: Server cvar "decalfrequency" = "0"
L 12/31/2019 - 17:57:18: Server cvar "edgefriction" = "2"
L 12/31/2019 - 17:57:18: Server cvar "ers_version" = "2.3c"
L 12/31/2019 - 17:57:18: Server cvar "gagsystem_shoko" = "1.0"
L 12/31/2019 - 17:57:18: Server cvar "gal_mapcyclefile" = "mapcycle.txt"
L 12/31/2019 - 17:57:18: Server cvar "gal_version" = "v5.9.1-926"
L 12/31/2019 - 17:57:18: Server cvar "game_version" = "5.7.0.313-dev"
L 12/31/2019 - 17:57:18: Server cvar "humans_join_team" = "any"
L 12/31/2019 - 17:57:18: Server cvar "jtp10181" = "chute,gore"
L 12/31/2019 - 17:57:18: Server cvar "lawliet" = "ny_RainingSnow"
L 12/31/2019 - 17:57:18: Server cvar "LetitSnow" = "1.0"
L 12/31/2019 - 17:57:18: Server cvar "map_spawns" = "T(16) CT(16)"
L 12/31/2019 - 17:57:18: Server cvar "max_queries_sec" = "3"
L 12/31/2019 - 17:57:18: Server cvar "max_queries_sec_global" = "150"
L 12/31/2019 - 17:57:18: Server cvar "max_queries_window" = "60"
L 12/31/2019 - 17:57:18: Server cvar "mdbBans" = "4.8"
L 12/31/2019 - 17:57:18: Server cvar "metamod_version" = "1.21p37"
L 12/31/2019 - 17:57:18: Server cvar "mp_autokick" = "0"
L 12/31/2019 - 17:57:18: Server cvar "mp_autokick_timeout" = "-1"
L 12/31/2019 - 17:57:18: Server cvar "mp_autoteambalance" = "0"
L 12/31/2019 - 17:57:18: Server cvar "mp_buytime" = "0.25"
L 12/31/2019 - 17:57:18: Server cvar "mp_c4timer" = "35"
L 12/31/2019 - 17:57:18: Server cvar "mp_chattime" = "5.000000"
L 12/31/2019 - 17:57:18: Server cvar "mp_consistency" = "1"
L 12/31/2019 - 17:57:18: Server cvar "mp_fadetoblack" = "0"
L 12/31/2019 - 17:57:18: Server cvar "mp_flashlight" = "1"
L 12/31/2019 - 17:57:18: Server cvar "mp_footsteps" = "1"
L 12/31/2019 - 17:57:18: Server cvar "mp_forcecamera" = "0"
L 12/31/2019 - 17:57:18: Server cvar "mp_forcechasecam" = "0"
L 12/31/2019 - 17:57:18: Server cvar "mp_forcerespawn" = "0"
L 12/31/2019 - 17:57:18: Server cvar "mp_fraglimit" = "0"
L 12/31/2019 - 17:57:18: Server cvar "mp_fragsleft" = "0"
L 12/31/2019 - 17:57:18: Server cvar "mp_freeforall" = "0"
L 12/31/2019 - 17:57:18: Server cvar "mp_freezetime" = "1"
L 12/31/2019 - 17:57:18: Server cvar "mp_friendlyfire" = "0"
L 12/31/2019 - 17:57:18: Server cvar "mp_hostage_hurtable" = "1"
L 12/31/2019 - 17:57:18: Server cvar "mp_hostagepenalty" = "0"
L 12/31/2019 - 17:57:18: Server cvar "mp_item_staytime" = "300"
L 12/31/2019 - 17:57:18: Server cvar "mp_kickpercent" = "0.66"
L 12/31/2019 - 17:57:18: Server cvar "mp_legacy_bombtarget_touch" = "1"
L 12/31/2019 - 17:57:18: Server cvar "mp_limitteams" = "0"
L 12/31/2019 - 17:57:18: Server cvar "mp_logdetail" = "0"
L 12/31/2019 - 17:57:18: Server cvar "mp_logfile" = "1"
L 12/31/2019 - 17:57:18: Server cvar "mp_logmessages" = "1"
L 12/31/2019 - 17:57:18: Server cvar "mp_mapvoteratio" = "0.66"
L 12/31/2019 - 17:57:18: Server cvar "mp_maxmoney" = "999999"
L 12/31/2019 - 17:57:18: Server cvar "mp_maxrounds" = "0"
L 12/31/2019 - 17:57:18: Server cvar "mp_mirrordamage" = "0"
L 12/31/2019 - 17:57:18: Server cvar "mp_old_bomb_defused_sound" = "1"
L 12/31/2019 - 17:57:18: Server cvar "mp_playerid" = "0"
L 12/31/2019 - 17:57:18: Server cvar "mp_respawn_immunitytime" = "0"
L 12/31/2019 - 17:57:18: Server cvar "mp_round_infinite" = "0"
L 12/31/2019 - 17:57:18: Server cvar "mp_round_restart_delay" = "5"
L 12/31/2019 - 17:57:18: Server cvar "mp_roundover" = "0"
L 12/31/2019 - 17:57:18: Server cvar "mp_roundtime" = "2.3"
L 12/31/2019 - 17:57:18: Server cvar "mp_show_radioicon" = "1"
L 12/31/2019 - 17:57:18: Server cvar "mp_startmoney" = "850"
L 12/31/2019 - 17:57:18: Server cvar "mp_timeleft" = "06:14"
L 12/31/2019 - 17:57:18: Server cvar "mp_timelimit" = "20"
L 12/31/2019 - 17:57:18: Server cvar "mp_tkpunish" = "0"
L 12/31/2019 - 17:57:18: Server cvar "mp_windifference" = "1"
L 12/31/2019 - 17:57:18: Server cvar "mp_winlimit" = "0"
L 12/31/2019 - 17:57:18: Server cvar "NoWeaponsOnGround" = "1.0"
L 12/31/2019 - 17:57:18: Server cvar "pausable" = "0"
L 12/31/2019 - 17:57:18: Server cvar "present_version" = "2.01"
L 12/31/2019 - 17:57:18: Server cvar "RandomHP" = "2.2"
L 12/31/2019 - 17:57:18: Server cvar "reauthcheck_version" = "0.1.6"
L 12/31/2019 - 17:57:18: Server cvar "reconnect_features" = "0.3.1"
L 12/31/2019 - 17:57:18: Server cvar "report_system_version" = "3.1"
L 12/31/2019 - 17:57:18: Server cvar "resemiclip_version" = "2.3.9"
L 12/31/2019 - 17:57:18: Server cvar "reu_version" = "0.1.0.130"
L 12/31/2019 - 17:57:18: Server cvar "revoice_version" = "0.1.0.30"
L 12/31/2019 - 17:57:18: Server cvar "RRWM" = "2.0"
L 12/31/2019 - 17:57:18: Server cvar "sanksounds_version" = "1.8.6"
L 12/31/2019 - 17:57:18: Server cvar "SimpleMenu" = "1.1"
L 12/31/2019 - 17:57:18: Server cvar "SNAC_Version" = "1.1"
L 12/31/2019 - 17:57:18: Server cvar "SpecList" = "1.2a"
L 12/31/2019 - 17:57:18: Server cvar "sr_version" = "1.6"
L 12/31/2019 - 17:57:18: Server cvar "statsx_shell_ver" = "2.0.0 (BETA)"
L 12/31/2019 - 17:57:18: Server cvar "StyleC4Timer" = "2.1"
L 12/31/2019 - 17:57:18: Server cvar "sv_accelerate" = "5"
L 12/31/2019 - 17:57:18: Server cvar "sv_aim" = "1"
L 12/31/2019 - 17:57:18: Server cvar "sv_airaccelerate" = "100"
L 12/31/2019 - 17:57:18: Server cvar "sv_allowupload" = "1"
L 12/31/2019 - 17:57:18: Server cvar "sv_alltalk" = "1"
L 12/31/2019 - 17:57:18: Server cvar "sv_bounce" = "1"
L 12/31/2019 - 17:57:18: Server cvar "sv_cheats" = "0"
L 12/31/2019 - 17:57:18: Server cvar "sv_clienttrace" = "1"
L 12/31/2019 - 17:57:18: Server cvar "sv_contact" = "feruchio599@gmail.com"
L 12/31/2019 - 17:57:18: Server cvar "sv_friction" = "4"
L 12/31/2019 - 17:57:18: Server cvar "sv_gravity" = "800"
L 12/31/2019 - 17:57:18: Server cvar "sv_logblocks" = "0"
L 12/31/2019 - 17:57:18: Server cvar "sv_maxrate" = "50000"
L 12/31/2019 - 17:57:18: Server cvar "sv_maxspeed" = "900.000000"
L 12/31/2019 - 17:57:18: Server cvar "sv_minrate" = "10000"
L 12/31/2019 - 17:57:18: Server cvar "sv_password" = ""
L 12/31/2019 - 17:57:18: Server cvar "sv_proxies" = "1"
L 12/31/2019 - 17:57:18: Server cvar "sv_restart" = "0"
L 12/31/2019 - 17:57:18: Server cvar "sv_restartround" = "0"
L 12/31/2019 - 17:57:18: Server cvar "sv_stepsize" = "18"
L 12/31/2019 - 17:57:18: Server cvar "sv_stopspeed" = "75"
L 12/31/2019 - 17:57:18: Server cvar "sv_uploadmax" = "0.5"
L 12/31/2019 - 17:57:18: Server cvar "sv_version" = "1.1.2.7/Stdio,48,1621"
L 12/31/2019 - 17:57:18: Server cvar "sv_voiceenable" = "1"
L 12/31/2019 - 17:57:18: Server cvar "sv_wateraccelerate" = "10"
L 12/31/2019 - 17:57:18: Server cvar "sv_waterfriction" = "1"
L 12/31/2019 - 17:57:18: Server cvar "Team_Semiclip_version" = "3.3.1"
L 12/31/2019 - 17:57:18: Server cvar "vehicle_real_killer" = "1.1"
L 12/31/2019 - 17:57:18: Server cvar "WalkGuard" = "1.3.2"
L 12/31/2019 - 17:57:18: Server cvar "we_grenades" = "Huehue"
L 12/31/2019 - 17:57:18: Server cvar "we_player_models" = "Huehue"
L 12/31/2019 - 17:57:18: Server cvar "whb_version" = "1.5.692"
L 12/31/2019 - 17:57:18: Server cvar "zp_jp_version" = "Extra Item Jetpack+Bazooka v3.2"
L 12/31/2019 - 17:57:18: Server cvars end
L 12/31/2019 - 17:57:20: Server cvar "sv_maxspeed" = "900"
L 12/31/2019 - 17:57:20: Server cvar "mp_autoteambalance" = "1"
L 12/31/2019 - 17:57:21: Server cvar "mp_autoteambalance" = "0"
L 12/31/2019 - 17:57:21: Server cvar "amx_nextmap" = "[not yet voted on]"
L 12/31/2019 - 17:57:22: Started map "nojarq_fun_zone" (CRC "-2030338303")
L 12/31/2019 - 17:57:24: World triggered "Round_Start"
L 12/31/2019 - 17:57:27: "W.T.F|NeaDekvaTen<137><STEAM_2:1:24722080><>" entered the game
L 12/31/2019 - 17:57:29: "HuNt3r<142><STEAM_1:1:1071071391><>" entered the game
L 12/31/2019 - 17:57:29: "W.T.F|NeaDekvaTen<137><STEAM_2:1:24722080><>" joined team "CT"
L 12/31/2019 - 17:57:32: "HuNt3r<142><STEAM_1:1:1071071391><>" joined team "TERRORIST"
L 12/31/2019 - 17:57:32: World triggered "Game_Commencing"
L 12/31/2019 - 17:57:32: World triggered "Game_Commencing" (CT "0") (T "0")
L 12/31/2019 - 17:57:32: World triggered "Round_End"
L 12/31/2019 - 17:57:33: [REUNION]: NE MI SE PRAVI NA PRO (46.10.202.234) authorized as RevEmu
L 12/31/2019 - 17:57:33: "NE MI SE PRAVI NA PRO<144><STEAM_2:1:1478724606><>" connected, address "46.10.202.234:27005"
L 12/31/2019 - 17:57:36: World triggered "Round_Start"
L 12/31/2019 - 17:57:37: "NE MI SE PRAVI NA PRO<144><STEAM_2:1:1478724606><>" entered the game
L 12/31/2019 - 17:57:42: "NE MI SE PRAVI NA PRO<144><STEAM_2:1:1478724606><>" joined team "TERRORIST"
L 12/31/2019 - 17:57:46: "W.T.F|NeaDekvaTen<137><STEAM_2:1:24722080><CT>" killed "HuNt3r<142><STEAM_1:1:1071071391><TERRORIST>" with "knife"
L 12/31/2019 - 17:57:49: "W.T.F|NeaDekvaTen<137><STEAM_2:1:24722080><CT>" killed "NE MI SE PRAVI NA PRO<144><STEAM_2:1:1478724606><TERRORIST>" with "knife"
L 12/31/2019 - 17:57:49: Team "CT" triggered "CTs_Win" (CT "1") (T "0")
L 12/31/2019 - 17:57:49: World triggered "Round_End"
L 12/31/2019 - 17:57:55: World triggered "Round_Start"
L 12/31/2019 - 17:58:06: "jesse_pinkman<145><STEAM_0:1:526796648><>" connected, address "91.148.164.81:27005"
L 12/31/2019 - 17:58:07: "jesse_pinkman<145><STEAM_0:1:526796648><>" STEAM USERID validated
L 12/31/2019 - 17:58:20: "W.T.F|NeaDekvaTen<137><STEAM_2:1:24722080><CT>" killed "NE MI SE PRAVI NA PRO<144><STEAM_2:1:1478724606><TERRORIST>" with "knife"
L 12/31/2019 - 17:58:59: "W.T.F|NeaDekvaTen<137><STEAM_2:1:24722080><CT>" killed "HuNt3r<142><STEAM_1:1:1071071391><TERRORIST>" with "knife"
L 12/31/2019 - 17:58:59: Team "CT" triggered "CTs_Win" (CT "2") (T "0")
L 12/31/2019 - 17:58:59: World triggered "Round_End"
L 12/31/2019 - 17:59:05: World triggered "Round_Start"
L 12/31/2019 - 17:59:30: "NE MI SE PRAVI NA PRO<144><STEAM_2:1:1478724606><TERRORIST>" committed suicide with "worldspawn" (world)
L 12/31/2019 - 17:59:39: "W.T.F|NeaDekvaTen<137><STEAM_2:1:24722080><CT>" killed "HuNt3r<142><STEAM_1:1:1071071391><TERRORIST>" with "knife"
L 12/31/2019 - 17:59:39: Team "CT" triggered "CTs_Win" (CT "3") (T "0")
L 12/31/2019 - 17:59:39: World triggered "Round_End"
L 12/31/2019 - 17:59:45: World triggered "Round_Start"
L 12/31/2019 - 18:00:58: "W.T.F|NeaDekvaTen<137><STEAM_2:1:24722080><CT>" killed "HuNt3r<142><STEAM_1:1:1071071391><TERRORIST>" with "knife"
L 12/31/2019 - 18:01:07: "W.T.F|NeaDekvaTen<137><STEAM_2:1:24722080><CT>" killed "NE MI SE PRAVI NA PRO<144><STEAM_2:1:1478724606><TERRORIST>" with "knife"
L 12/31/2019 - 18:01:07: Team "CT" triggered "CTs_Win" (CT "4") (T "0")
L 12/31/2019 - 18:01:07: World triggered "Round_End"
L 12/31/2019 - 18:01:09: "HuNt3r<142><STEAM_1:1:1071071391><TERRORIST>" disconnected
L 12/31/2019 - 18:01:13: World triggered "Round_Start"
L 12/31/2019 - 18:01:51: "NE MI SE PRAVI NA PRO<144><STEAM_2:1:1478724606><TERRORIST>" killed "W.T.F|NeaDekvaTen<137><STEAM_2:1:24722080><CT>" with "grenade"
L 12/31/2019 - 18:01:51: Team "TERRORIST" triggered "Terrorists_Win" (CT "4") (T "1")
L 12/31/2019 - 18:01:51: World triggered "Round_End"
L 12/31/2019 - 18:01:57: "jesse_pinkman<145><STEAM_0:1:526796648><>" entered the game
L 12/31/2019 - 18:01:57: World triggered "Round_Start"
L 12/31/2019 - 18:02:01: "jesse_pinkman<145><STEAM_0:1:526796648><>" joined team "TERRORIST"
L 12/31/2019 - 18:02:09: "W.T.F|NeaDekvaTen<137><STEAM_2:1:24722080><CT>" killed "jesse_pinkman<145><STEAM_0:1:526796648><TERRORIST>" with "knife"
L 12/31/2019 - 18:02:24: Team "TERRORIST" triggered "Terrorists_Win" (CT "4") (T "2")
L 12/31/2019 - 18:02:24: World triggered "Round_End"
L 12/31/2019 - 18:02:28: [REUNION]: IP 193.42.110.171 banned for 10 minutes for query flooding (PPS: 334)
L 12/31/2019 - 18:02:30: World triggered "Round_Start"
L 12/31/2019 - 18:03:04: "W.T.F|NeaDekvaTen<137><STEAM_2:1:24722080><CT>" killed "jesse_pinkman<145><STEAM_0:1:526796648><TERRORIST>" with "tracktrain"
L 12/31/2019 - 18:03:25: "W.T.F|NeaDekvaTen<137><STEAM_2:1:24722080><CT>" killed "NE MI SE PRAVI NA PRO<144><STEAM_2:1:1478724606><TERRORIST>" with "knife"
L 12/31/2019 - 18:03:25: Team "CT" triggered "CTs_Win" (CT "5") (T "2")
L 12/31/2019 - 18:03:25: World triggered "Round_End"
L 12/31/2019 - 18:03:31: World triggered "Round_Start"
L 12/31/2019 - 18:03:46: "jesse_pinkman<145><STEAM_0:1:526796648><TERRORIST>" committed suicide with "worldspawn" (world)
L 12/31/2019 - 18:03:47: "jesse_pinkman<145><STEAM_0:1:526796648><TERRORIST>" disconnected
L 12/31/2019 - 18:04:06: Team "CT" triggered "CTs_Win" (CT "6") (T "2")
L 12/31/2019 - 18:04:06: World triggered "Round_End"
L 12/31/2019 - 18:04:12: World triggered "Round_Start"
L 12/31/2019 - 18:04:47: "W.T.F|NeaDekvaTen<137><STEAM_2:1:24722080><CT>" committed suicide with "trigger_hurt" (world)
L 12/31/2019 - 18:04:47: Team "TERRORIST" triggered "Terrorists_Win" (CT "6") (T "3")
L 12/31/2019 - 18:04:47: World triggered "Round_End"
L 12/31/2019 - 18:04:53: World triggered "Round_Start"
L 12/31/2019 - 18:05:10: "W.T.F|NeaDekvaTen<137><STEAM_2:1:24722080><CT>" killed "NE MI SE PRAVI NA PRO<144><STEAM_2:1:1478724606><TERRORIST>" with "knife"
L 12/31/2019 - 18:05:10: Team "CT" triggered "CTs_Win" (CT "7") (T "3")
L 12/31/2019 - 18:05:10: World triggered "Round_End"
L 12/31/2019 - 18:05:16: World triggered "Round_Start"
L 12/31/2019 - 18:05:42: "W.T.F|NeaDekvaTen<137><STEAM_2:1:24722080><CT>" killed "NE MI SE PRAVI NA PRO<144><STEAM_2:1:1478724606><TERRORIST>" with "knife"
L 12/31/2019 - 18:05:42: Team "CT" triggered "CTs_Win" (CT "8") (T "3")
L 12/31/2019 - 18:05:42: World triggered "Round_End"
L 12/31/2019 - 18:05:48: World triggered "Round_Start"
L 12/31/2019 - 18:06:09: "W.T.F|NeaDekvaTen<137><STEAM_2:1:24722080><CT>" killed "NE MI SE PRAVI NA PRO<144><STEAM_2:1:1478724606><TERRORIST>" with "knife"
L 12/31/2019 - 18:06:09: Team "CT" triggered "CTs_Win" (CT "9") (T "3")
L 12/31/2019 - 18:06:09: World triggered "Round_End"
L 12/31/2019 - 18:06:15: World triggered "Round_Start"
L 12/31/2019 - 18:08:34: "NE MI SE PRAVI NA PRO<144><STEAM_2:1:1478724606><TERRORIST>" committed suicide with "world"
L 12/31/2019 - 18:08:34: Team "CT" triggered "CTs_Win" (CT "10") (T "3")
L 12/31/2019 - 18:08:34: World triggered "Round_End"
L 12/31/2019 - 18:08:34: "W.T.F|NeaDekvaTen<137><STEAM_2:1:24722080><CT>" committed suicide with "world"
L 12/31/2019 - 18:08:40: World triggered "Round_Start"
L 12/31/2019 - 18:09:05: "W.T.F|NeaDekvaTen<137><STEAM_2:1:24722080><CT>" killed "NE MI SE PRAVI NA PRO<144><STEAM_2:1:1478724606><TERRORIST>" with "knife"
L 12/31/2019 - 18:09:05: Team "CT" triggered "CTs_Win" (CT "11") (T "3")
L 12/31/2019 - 18:09:05: World triggered "Round_End"
L 12/31/2019 - 18:09:10: "W.T.F|NeaDekvaTen<137><STEAM_2:1:24722080><CT>" committed suicide with "grenade"
L 12/31/2019 - 18:09:11: World triggered "Round_Start"
L 12/31/2019 - 18:09:20: "NE MI SE PRAVI NA PRO<144><STEAM_2:1:1478724606><TERRORIST>" committed suicide with "worldspawn" (world)
L 12/31/2019 - 18:09:20: Team "CT" triggered "CTs_Win" (CT "12") (T "3")
L 12/31/2019 - 18:09:20: World triggered "Round_End"
L 12/31/2019 - 18:09:26: World triggered "Round_Start"
L 12/31/2019 - 18:09:57: "Warrior_SRB<146><STEAM_0:1:236842597><>" connected, address "93.87.197.95:27005"
L 12/31/2019 - 18:09:57: "Warrior_SRB<146><STEAM_0:1:236842597><>" STEAM USERID validated
L 12/31/2019 - 18:10:02: "W.T.F|NeaDekvaTen<137><STEAM_2:1:24722080><CT>" killed "NE MI SE PRAVI NA PRO<144><STEAM_2:1:1478724606><TERRORIST>" with "knife"
L 12/31/2019 - 18:10:02: Team "CT" triggered "CTs_Win" (CT "13") (T "3")
L 12/31/2019 - 18:10:02: World triggered "Round_End"
L 12/31/2019 - 18:10:08: World triggered "Round_Start"
L 12/31/2019 - 18:10:58: "W.T.F|NeaDekvaTen<137><STEAM_2:1:24722080><CT>" killed "NE MI SE PRAVI NA PRO<144><STEAM_2:1:1478724606><TERRORIST>" with "knife"
L 12/31/2019 - 18:10:58: Team "CT" triggered "CTs_Win" (CT "14") (T "3")
L 12/31/2019 - 18:10:58: World triggered "Round_End"
L 12/31/2019 - 18:11:04: World triggered "Round_Start"
L 12/31/2019 - 18:11:34: "W.T.F|NeaDekvaTen<137><STEAM_2:1:24722080><CT>" killed "NE MI SE PRAVI NA PRO<144><STEAM_2:1:1478724606><TERRORIST>" with "knife"
L 12/31/2019 - 18:11:34: Team "CT" triggered "CTs_Win" (CT "15") (T "3")
L 12/31/2019 - 18:11:34: World triggered "Round_End"
L 12/31/2019 - 18:11:40: World triggered "Round_Start"
L 12/31/2019 - 18:11:41: Server cvar "amx_nextmap" = "nojarq_neighborhood"
L 12/31/2019 - 18:12:21: "W.T.F|NeaDekvaTen<137><STEAM_2:1:24722080><CT>" killed "NE MI SE PRAVI NA PRO<144><STEAM_2:1:1478724606><TERRORIST>" with "knife"
L 12/31/2019 - 18:12:21: Team "CT" triggered "CTs_Win" (CT "16") (T "3")
L 12/31/2019 - 18:12:21: World triggered "Round_End"
L 12/31/2019 - 18:12:27: World triggered "Round_Start"
L 12/31/2019 - 18:12:27: Server cvar "sv_maxspeed" = "0.000000"
L 12/31/2019 - 18:12:27: Server cvar "mp_friendlyfire" = "1"
L 12/31/2019 - 18:12:33: Server cvar "sv_maxspeed" = "900.000000"
L 12/31/2019 - 18:12:33: Server cvar "mp_friendlyfire" = "0"
L 12/31/2019 - 18:12:33: [META] ini: Begin re-reading plugins list: /home/rented/public9/cstrike/addons/metamod/plugins.ini
L 12/31/2019 - 18:12:33: [META] ini: Read plugin config for: SafeNameAndChat
L 12/31/2019 - 18:12:33: [META] ini: Read plugin config for: AMX Mod X
L 12/31/2019 - 18:12:33: [META] ini: Read plugin config for: Reunion
L 12/31/2019 - 18:12:33: [META] ini: Read plugin config for: ReAuthCheck
L 12/31/2019 - 18:12:33: [META] ini: Read plugin config for: WHBlocker
L 12/31/2019 - 18:12:33: [META] ini: Read plugin config for: ReSemiclip
L 12/31/2019 - 18:12:33: [META] ini: Read plugin config for: Revoice
L 12/31/2019 - 18:12:33: [META] ini: Finished reading plugins list: /home/rented/public9/cstrike/addons/metamod/plugins.ini; Found 7 plugins
L 12/31/2019 - 18:12:33: [META] dll: Updating plugins...
L 12/31/2019 - 18:12:33: [META] WARNING: Cannot clear plugin 'SafeNameAndChat'; not marked as failed, empty, or open (status=valid)
L 12/31/2019 - 18:12:33: [META] dll: Unloaded plugin 'SafeNameAndChat' for reason 'file on disk is newer'
L 12/31/2019 - 18:12:33: [META] dll: Loaded plugin 'SafeNameAndChat': SafeNameAndChat v1.1 2017.02.01, WPMG.PRoSToC0der
L 12/31/2019 - 18:12:33: [META] WARNING: Cannot clear plugin 'WHBlocker'; not marked as failed, empty, or open (status=valid)
L 12/31/2019 - 18:12:33: [META] dll: Unloaded plugin 'WHBlocker' for reason 'file on disk is newer'
L 12/31/2019 - 18:12:33: [META] dll: Loaded plugin 'WHBlocker': WHBlocker v1.5.692 2017-04-13, s1lent
L 12/31/2019 - 18:12:33: [META] WARNING: Cannot clear plugin 'ReSemiclip'; not marked as failed, empty, or open (status=valid)
L 12/31/2019 - 18:12:33: [META] dll: Unloaded plugin 'ReSemiclip' for reason 'file on disk is newer'
L 12/31/2019 - 18:12:33: [META] dll: Loaded plugin 'ReSemiclip': ReSemiclip v2.3.9 13/02/17, s1lent & Adidasman
L 12/31/2019 - 18:12:33: [META] dll: Finished updating 14 plugins; kept 0, loaded 0, unloaded 0, reloaded 3, delayed 0
L 12/31/2019 - 18:12:33: "NE MI SE PRAVI NA PRO<144><STEAM_2:1:1478724606><TERRORIST>" disconnected
L 12/31/2019 - 18:12:33: "W.T.F|NeaDekvaTen<137><STEAM_2:1:24722080><CT>" disconnected
L 12/31/2019 - 18:12:33: World triggered "Round_Draw" (CT "16") (T "3")
L 12/31/2019 - 18:12:33: World triggered "Round_End"
L 12/31/2019 - 18:12:33: Log file closed
